{
    "Plan": {
        "Node Type": "Aggregate",
        "Strategy": "Plain",
        "Partial Mode": "Simple",
        "Parallel Aware": false,
        "Startup Cost": 50006930937.04,
        "Total Cost": 50006930937.05,
        "Plan Rows": 1,
        "Plan Width": 64,
        "Actual Startup Time": 43779.052,
        "Actual Total Time": 43779.069,
        "Actual Rows": 1,
        "Actual Loops": 1,
        "Output": [
            "min(n.name)",
            "min(t.title)"
        ],
        "Plans": [
            {
                "Node Type": "Nested Loop",
                "Parent Relationship": "Outer",
                "Parallel Aware": false,
                "Join Type": "Inner",
                "Startup Cost": 50006930919.01,
                "Total Cost": 50006930937.03,
                "Plan Rows": 1,
                "Plan Width": 32,
                "Actual Startup Time": 43762.681,
                "Actual Total Time": 43778.115,
                "Actual Rows": 3060,
                "Actual Loops": 1,
                "Output": [
                    "n.name",
                    "t.title"
                ],
                "Inner Unique": true,
                "Join Filter": "(mi.movie_id = t.id)",
                "Rows Removed by Join Filter": 0,
                "Plans": [
                    {
                        "Node Type": "Merge Join",
                        "Parent Relationship": "Outer",
                        "Parallel Aware": false,
                        "Join Type": "Inner",
                        "Startup Cost": 40006930918.56,
                        "Total Cost": 40006930932.56,
                        "Plan Rows": 1,
                        "Plan Width": 27,
                        "Actual Startup Time": 43762.642,
                        "Actual Total Time": 43763.587,
                        "Actual Rows": 3060,
                        "Actual Loops": 1,
                        "Output": [
                            "ci.movie_id",
                            "mc.movie_id",
                            "mi.movie_id",
                            "n.name"
                        ],
                        "Inner Unique": true,
                        "Merge Cond": "(mi.info_type_id = it.id)",
                        "Plans": [
                            {
                                "Node Type": "Sort",
                                "Parent Relationship": "Outer",
                                "Parallel Aware": false,
                                "Startup Cost": 40006930918.42,
                                "Total Cost": 40006930918.42,
                                "Plan Rows": 1,
                                "Plan Width": 31,
                                "Actual Startup Time": 43762.594,
                                "Actual Total Time": 43762.93,
                                "Actual Rows": 3060,
                                "Actual Loops": 1,
                                "Output": [
                                    "ci.movie_id",
                                    "mc.movie_id",
                                    "mi.movie_id",
                                    "mi.info_type_id",
                                    "n.name"
                                ],
                                "Sort Key": [
                                    "mi.info_type_id"
                                ],
                                "Sort Method": "quicksort",
                                "Sort Space Used": 336,
                                "Sort Space Type": "Memory",
                                "Plans": [
                                    {
                                        "Node Type": "Merge Join",
                                        "Parent Relationship": "Outer",
                                        "Parallel Aware": false,
                                        "Join Type": "Inner",
                                        "Startup Cost": 40006915217.25,
                                        "Total Cost": 40006930918.41,
                                        "Plan Rows": 1,
                                        "Plan Width": 31,
                                        "Actual Startup Time": 43247.613,
                                        "Actual Total Time": 43762.171,
                                        "Actual Rows": 3060,
                                        "Actual Loops": 1,
                                        "Output": [
                                            "ci.movie_id",
                                            "mc.movie_id",
                                            "mi.movie_id",
                                            "mi.info_type_id",
                                            "n.name"
                                        ],
                                        "Inner Unique": false,
                                        "Merge Cond": "(chn.id = ci.person_role_id)",
                                        "Plans": [
                                            {
                                                "Node Type": "Sort",
                                                "Parent Relationship": "Outer",
                                                "Parallel Aware": false,
                                                "Startup Cost": 406719.03,
                                                "Total Cost": 414569.6,
                                                "Plan Rows": 3140227,
                                                "Plan Width": 4,
                                                "Actual Startup Time": 1475.891,
                                                "Actual Total Time": 1816.148,
                                                "Actual Rows": 2997666,
                                                "Actual Loops": 1,
                                                "Output": [
                                                    "chn.id"
                                                ],
                                                "Sort Key": [
                                                    "chn.id"
                                                ],
                                                "Sort Method": "quicksort",
                                                "Sort Space Used": 245508,
                                                "Sort Space Type": "Memory",
                                                "Plans": [
                                                    {
                                                        "Node Type": "Seq Scan",
                                                        "Parent Relationship": "Outer",
                                                        "Parallel Aware": false,
                                                        "Relation Name": "char_name",
                                                        "Schema": "public",
                                                        "Alias": "chn",
                                                        "Startup Cost": 0.0,
                                                        "Total Cost": 67850.27,
                                                        "Plan Rows": 3140227,
                                                        "Plan Width": 4,
                                                        "Actual Startup Time": 0.015,
                                                        "Actual Total Time": 417.75,
                                                        "Actual Rows": 3140339,
                                                        "Actual Loops": 1,
                                                        "Output": [
                                                            "chn.id"
                                                        ]
                                                    }
                                                ]
                                            },
                                            {
                                                "Node Type": "Sort",
                                                "Parent Relationship": "Inner",
                                                "Parallel Aware": false,
                                                "Startup Cost": 40006508498.22,
                                                "Total Cost": 40006508498.22,
                                                "Plan Rows": 1,
                                                "Plan Width": 35,
                                                "Actual Startup Time": 41751.783,
                                                "Actual Total Time": 41751.931,
                                                "Actual Rows": 3060,
                                                "Actual Loops": 1,
                                                "Output": [
                                                    "ci.movie_id",
                                                    "ci.person_role_id",
                                                    "mc.movie_id",
                                                    "mi.movie_id",
                                                    "mi.info_type_id",
                                                    "n.name"
                                                ],
                                                "Sort Key": [
                                                    "ci.person_role_id"
                                                ],
                                                "Sort Method": "quicksort",
                                                "Sort Space Used": 336,
                                                "Sort Space Type": "Memory",
                                                "Plans": [
                                                    {
                                                        "Node Type": "Nested Loop",
                                                        "Parent Relationship": "Outer",
                                                        "Parallel Aware": false,
                                                        "Join Type": "Inner",
                                                        "Startup Cost": 40006508486.75,
                                                        "Total Cost": 40006508498.21,
                                                        "Plan Rows": 1,
                                                        "Plan Width": 35,
                                                        "Actual Startup Time": 41645.729,
                                                        "Actual Total Time": 41750.707,
                                                        "Actual Rows": 3060,
                                                        "Actual Loops": 1,
                                                        "Output": [
                                                            "ci.movie_id",
                                                            "ci.person_role_id",
                                                            "mc.movie_id",
                                                            "mi.movie_id",
                                                            "mi.info_type_id",
                                                            "n.name"
                                                        ],
                                                        "Inner Unique": false,
                                                        "Join Filter": "(mc.movie_id = mi.movie_id)",
                                                        "Rows Removed by Join Filter": 0,
                                                        "Plans": [
                                                            {
                                                                "Node Type": "Hash Join",
                                                                "Parent Relationship": "Outer",
                                                                "Parallel Aware": false,
                                                                "Join Type": "Inner",
                                                                "Startup Cost": 30006508485.95,
                                                                "Total Cost": 30006508487.22,
                                                                "Plan Rows": 2,
                                                                "Plan Width": 27,
                                                                "Actual Startup Time": 41645.49,
                                                                "Actual Total Time": 41649.22,
                                                                "Actual Rows": 7180,
                                                                "Actual Loops": 1,
                                                                "Output": [
                                                                    "ci.movie_id",
                                                                    "ci.person_role_id",
                                                                    "mc.movie_id",
                                                                    "n.name"
                                                                ],
                                                                "Inner Unique": true,
                                                                "Hash Cond": "(mc.company_id = cn.id)",
                                                                "Plans": [
                                                                    {
                                                                        "Node Type": "Hash Join",
                                                                        "Parent Relationship": "Outer",
                                                                        "Parallel Aware": false,
                                                                        "Join Type": "Inner",
                                                                        "Startup Cost": 30006494977.75,
                                                                        "Total Cost": 30006494979.01,
                                                                        "Plan Rows": 4,
                                                                        "Plan Width": 31,
                                                                        "Actual Startup Time": 41513.558,
                                                                        "Actual Total Time": 41514.823,
                                                                        "Actual Rows": 7180,
                                                                        "Actual Loops": 1,
                                                                        "Output": [
                                                                            "ci.movie_id",
                                                                            "ci.person_role_id",
                                                                            "mc.movie_id",
                                                                            "mc.company_id",
                                                                            "n.name"
                                                                        ],
                                                                        "Inner Unique": false,
                                                                        "Hash Cond": "(rt.id = ci.role_id)",
                                                                        "Plans": [
                                                                            {
                                                                                "Node Type": "Seq Scan",
                                                                                "Parent Relationship": "Outer",
                                                                                "Parallel Aware": false,
                                                                                "Relation Name": "role_type",
                                                                                "Schema": "public",
                                                                                "Alias": "rt",
                                                                                "Startup Cost": 0.0,
                                                                                "Total Cost": 1.15,
                                                                                "Plan Rows": 1,
                                                                                "Plan Width": 4,
                                                                                "Actual Startup Time": 0.019,
                                                                                "Actual Total Time": 0.024,
                                                                                "Actual Rows": 1,
                                                                                "Actual Loops": 1,
                                                                                "Output": [
                                                                                    "rt.id",
                                                                                    "rt.role"
                                                                                ],
                                                                                "Filter": "((rt.role)::text = 'actress'::text)",
                                                                                "Rows Removed by Filter": 11
                                                                            },
                                                                            {
                                                                                "Node Type": "Hash",
                                                                                "Parent Relationship": "Inner",
                                                                                "Parallel Aware": false,
                                                                                "Startup Cost": 30006494977.11,
                                                                                "Total Cost": 30006494977.11,
                                                                                "Plan Rows": 51,
                                                                                "Plan Width": 35,
                                                                                "Actual Startup Time": 41513.521,
                                                                                "Actual Total Time": 41513.527,
                                                                                "Actual Rows": 7200,
                                                                                "Actual Loops": 1,
                                                                                "Output": [
                                                                                    "ci.movie_id",
                                                                                    "ci.role_id",
                                                                                    "ci.person_role_id",
                                                                                    "mc.movie_id",
                                                                                    "mc.company_id",
                                                                                    "n.name"
                                                                                ],
                                                                                "Hash Buckets": 8192,
                                                                                "Original Hash Buckets": 1024,
                                                                                "Hash Batches": 1,
                                                                                "Original Hash Batches": 1,
                                                                                "Peak Memory Usage": 543,
                                                                                "Plans": [
                                                                                    {
                                                                                        "Node Type": "Nested Loop",
                                                                                        "Parent Relationship": "Outer",
                                                                                        "Parallel Aware": false,
                                                                                        "Join Type": "Inner",
                                                                                        "Startup Cost": 30000000003.96,
                                                                                        "Total Cost": 30006494977.11,
                                                                                        "Plan Rows": 51,
                                                                                        "Plan Width": 35,
                                                                                        "Actual Startup Time": 5996.451,
                                                                                        "Actual Total Time": 41512.176,
                                                                                        "Actual Rows": 7200,
                                                                                        "Actual Loops": 1,
                                                                                        "Output": [
                                                                                            "ci.movie_id",
                                                                                            "ci.role_id",
                                                                                            "ci.person_role_id",
                                                                                            "mc.movie_id",
                                                                                            "mc.company_id",
                                                                                            "n.name"
                                                                                        ],
                                                                                        "Inner Unique": false,
                                                                                        "Join Filter": "(n.id = an.person_id)",
                                                                                        "Rows Removed by Join Filter": 0,
                                                                                        "Plans": [
                                                                                            {
                                                                                                "Node Type": "Nested Loop",
                                                                                                "Parent Relationship": "Outer",
                                                                                                "Parallel Aware": false,
                                                                                                "Join Type": "Inner",
                                                                                                "Startup Cost": 20000000003.51,
                                                                                                "Total Cost": 20006494882.72,
                                                                                                "Plan Rows": 21,
                                                                                                "Plan Width": 43,
                                                                                                "Actual Startup Time": 5996.428,
                                                                                                "Actual Total Time": 41507.974,
                                                                                                "Actual Rows": 360,
                                                                                                "Actual Loops": 1,
                                                                                                "Output": [
                                                                                                    "ci.movie_id",
                                                                                                    "ci.person_id",
                                                                                                    "ci.role_id",
                                                                                                    "ci.person_role_id",
                                                                                                    "mc.movie_id",
                                                                                                    "mc.company_id",
                                                                                                    "n.name",
                                                                                                    "n.id"
                                                                                                ],
                                                                                                "Inner Unique": true,
                                                                                                "Plans": [
                                                                                                    {
                                                                                                        "Node Type": "Nested Loop",
                                                                                                        "Parent Relationship": "Outer",
                                                                                                        "Parallel Aware": false,
                                                                                                        "Join Type": "Inner",
                                                                                                        "Startup Cost": 10000000003.06,
                                                                                                        "Total Cost": 10002289192.86,
                                                                                                        "Plan Rows": 939801,
                                                                                                        "Plan Width": 24,
                                                                                                        "Actual Startup Time": 0.232,
                                                                                                        "Actual Total Time": 27557.472,
                                                                                                        "Actual Rows": 2116041,
                                                                                                        "Actual Loops": 1,
                                                                                                        "Output": [
                                                                                                            "ci.movie_id",
                                                                                                            "ci.person_id",
                                                                                                            "ci.role_id",
                                                                                                            "ci.person_role_id",
                                                                                                            "mc.movie_id",
                                                                                                            "mc.company_id"
                                                                                                        ],
                                                                                                        "Inner Unique": false,
                                                                                                        "Plans": [
                                                                                                            {
                                                                                                                "Node Type": "Index Scan",
                                                                                                                "Parent Relationship": "Outer",
                                                                                                                "Parallel Aware": false,
                                                                                                                "Scan Direction": "Forward",
                                                                                                                "Index Name": "company_id_movie_companies",
                                                                                                                "Relation Name": "movie_companies",
                                                                                                                "Schema": "public",
                                                                                                                "Alias": "mc",
                                                                                                                "Startup Cost": 0.43,
                                                                                                                "Total Cost": 144061.85,
                                                                                                                "Plan Rows": 292973,
                                                                                                                "Plan Width": 8,
                                                                                                                "Actual Startup Time": 0.017,
                                                                                                                "Actual Total Time": 2182.907,
                                                                                                                "Actual Rows": 590994,
                                                                                                                "Actual Loops": 1,
                                                                                                                "Output": [
                                                                                                                    "mc.id",
                                                                                                                    "mc.movie_id",
                                                                                                                    "mc.company_id",
                                                                                                                    "mc.company_type_id",
                                                                                                                    "mc.note"
                                                                                                                ],
                                                                                                                "Filter": "((mc.note IS NOT NULL) AND ((mc.note ~~ '%(USA)%'::text) OR (mc.note ~~ '%(worldwide)%'::text)))",
                                                                                                                "Rows Removed by Filter": 2018135
                                                                                                            },
                                                                                                            {
                                                                                                                "Node Type": "Bitmap Heap Scan",
                                                                                                                "Parent Relationship": "Inner",
                                                                                                                "Parallel Aware": false,
                                                                                                                "Relation Name": "cast_info",
                                                                                                                "Schema": "public",
                                                                                                                "Alias": "ci",
                                                                                                                "Startup Cost": 2.63,
                                                                                                                "Total Cost": 7.29,
                                                                                                                "Plan Rows": 3,
                                                                                                                "Plan Width": 16,
                                                                                                                "Actual Startup Time": 0.02,
                                                                                                                "Actual Total Time": 0.04,
                                                                                                                "Actual Rows": 4,
                                                                                                                "Actual Loops": 590994,
                                                                                                                "Output": [
                                                                                                                    "ci.id",
                                                                                                                    "ci.person_id",
                                                                                                                    "ci.movie_id",
                                                                                                                    "ci.person_role_id",
                                                                                                                    "ci.note",
                                                                                                                    "ci.nr_order",
                                                                                                                    "ci.role_id"
                                                                                                                ],
                                                                                                                "Recheck Cond": "(ci.movie_id = mc.movie_id)",
                                                                                                                "Rows Removed by Index Recheck": 0,
                                                                                                                "Filter": "(ci.note = ANY ('{\"(executive producer)\",(uncredited),(voice),(voice)}'::text[]))",
                                                                                                                "Rows Removed by Filter": 25,
                                                                                                                "Exact Heap Blocks": 16182822,
                                                                                                                "Lossy Heap Blocks": 0,
                                                                                                                "Plans": [
                                                                                                                    {
                                                                                                                        "Node Type": "Bitmap Index Scan",
                                                                                                                        "Parent Relationship": "Outer",
                                                                                                                        "Parallel Aware": false,
                                                                                                                        "Index Name": "movie_id_cast_info",
                                                                                                                        "Startup Cost": 0.0,
                                                                                                                        "Total Cost": 2.63,
                                                                                                                        "Plan Rows": 38,
                                                                                                                        "Plan Width": 0,
                                                                                                                        "Actual Startup Time": 0.005,
                                                                                                                        "Actual Total Time": 0.005,
                                                                                                                        "Actual Rows": 28,
                                                                                                                        "Actual Loops": 590994,
                                                                                                                        "Index Cond": "(ci.movie_id = mc.movie_id)"
                                                                                                                    }
                                                                                                                ]
                                                                                                            }
                                                                                                        ]
                                                                                                    },
                                                                                                    {
                                                                                                        "Node Type": "Bitmap Heap Scan",
                                                                                                        "Parent Relationship": "Inner",
                                                                                                        "Parallel Aware": false,
                                                                                                        "Relation Name": "name",
                                                                                                        "Schema": "public",
                                                                                                        "Alias": "n",
                                                                                                        "Startup Cost": 0.46,
                                                                                                        "Total Cost": 4.48,
                                                                                                        "Plan Rows": 1,
                                                                                                        "Plan Width": 19,
                                                                                                        "Actual Startup Time": 0.005,
                                                                                                        "Actual Total Time": 0.005,
                                                                                                        "Actual Rows": 0,
                                                                                                        "Actual Loops": 2116041,
                                                                                                        "Output": [
                                                                                                            "n.id",
                                                                                                            "n.name",
                                                                                                            "n.imdb_index",
                                                                                                            "n.imdb_id",
                                                                                                            "n.gender",
                                                                                                            "n.name_pcode_cf",
                                                                                                            "n.name_pcode_nf",
                                                                                                            "n.surname_pcode",
                                                                                                            "n.md5sum"
                                                                                                        ],
                                                                                                        "Recheck Cond": "(n.id = ci.person_id)",
                                                                                                        "Rows Removed by Index Recheck": 0,
                                                                                                        "Filter": "((n.name ~~ '%Yeardley%'::text) AND ((n.gender)::text = 'f'::text))",
                                                                                                        "Rows Removed by Filter": 1,
                                                                                                        "Exact Heap Blocks": 2116041,
                                                                                                        "Lossy Heap Blocks": 0,
                                                                                                        "Plans": [
                                                                                                            {
                                                                                                                "Node Type": "Bitmap Index Scan",
                                                                                                                "Parent Relationship": "Outer",
                                                                                                                "Parallel Aware": false,
                                                                                                                "Index Name": "name_pkey",
                                                                                                                "Startup Cost": 0.0,
                                                                                                                "Total Cost": 0.46,
                                                                                                                "Plan Rows": 1,
                                                                                                                "Plan Width": 0,
                                                                                                                "Actual Startup Time": 0.003,
                                                                                                                "Actual Total Time": 0.003,
                                                                                                                "Actual Rows": 1,
                                                                                                                "Actual Loops": 2116041,
                                                                                                                "Index Cond": "(n.id = ci.person_id)"
                                                                                                            }
                                                                                                        ]
                                                                                                    }
                                                                                                ]
                                                                                            },
                                                                                            {
                                                                                                "Node Type": "Bitmap Heap Scan",
                                                                                                "Parent Relationship": "Inner",
                                                                                                "Parallel Aware": false,
                                                                                                "Relation Name": "aka_name",
                                                                                                "Schema": "public",
                                                                                                "Alias": "an",
                                                                                                "Startup Cost": 0.44,
                                                                                                "Total Cost": 4.47,
                                                                                                "Plan Rows": 2,
                                                                                                "Plan Width": 4,
                                                                                                "Actual Startup Time": 0.005,
                                                                                                "Actual Total Time": 0.007,
                                                                                                "Actual Rows": 20,
                                                                                                "Actual Loops": 360,
                                                                                                "Output": [
                                                                                                    "an.id",
                                                                                                    "an.person_id",
                                                                                                    "an.name",
                                                                                                    "an.imdb_index",
                                                                                                    "an.name_pcode_cf",
                                                                                                    "an.name_pcode_nf",
                                                                                                    "an.surname_pcode",
                                                                                                    "an.md5sum"
                                                                                                ],
                                                                                                "Recheck Cond": "(an.person_id = ci.person_id)",
                                                                                                "Rows Removed by Index Recheck": 0,
                                                                                                "Exact Heap Blocks": 720,
                                                                                                "Lossy Heap Blocks": 0,
                                                                                                "Plans": [
                                                                                                    {
                                                                                                        "Node Type": "Bitmap Index Scan",
                                                                                                        "Parent Relationship": "Outer",
                                                                                                        "Parallel Aware": false,
                                                                                                        "Index Name": "person_id_aka_name",
                                                                                                        "Startup Cost": 0.0,
                                                                                                        "Total Cost": 0.44,
                                                                                                        "Plan Rows": 2,
                                                                                                        "Plan Width": 0,
                                                                                                        "Actual Startup Time": 0.003,
                                                                                                        "Actual Total Time": 0.003,
                                                                                                        "Actual Rows": 20,
                                                                                                        "Actual Loops": 360,
                                                                                                        "Index Cond": "(an.person_id = ci.person_id)"
                                                                                                    }
                                                                                                ]
                                                                                            }
                                                                                        ]
                                                                                    }
                                                                                ]
                                                                            }
                                                                        ]
                                                                    },
                                                                    {
                                                                        "Node Type": "Hash",
                                                                        "Parent Relationship": "Inner",
                                                                        "Parallel Aware": false,
                                                                        "Startup Cost": 12454.44,
                                                                        "Total Cost": 12454.44,
                                                                        "Plan Rows": 84301,
                                                                        "Plan Width": 4,
                                                                        "Actual Startup Time": 131.777,
                                                                        "Actual Total Time": 131.778,
                                                                        "Actual Rows": 84843,
                                                                        "Actual Loops": 1,
                                                                        "Output": [
                                                                            "cn.id"
                                                                        ],
                                                                        "Hash Buckets": 131072,
                                                                        "Original Hash Buckets": 131072,
                                                                        "Hash Batches": 1,
                                                                        "Original Hash Batches": 1,
                                                                        "Peak Memory Usage": 4007,
                                                                        "Plans": [
                                                                            {
                                                                                "Node Type": "Index Scan",
                                                                                "Parent Relationship": "Outer",
                                                                                "Parallel Aware": false,
                                                                                "Scan Direction": "Forward",
                                                                                "Index Name": "company_name_pkey",
                                                                                "Relation Name": "company_name",
                                                                                "Schema": "public",
                                                                                "Alias": "cn",
                                                                                "Startup Cost": 0.42,
                                                                                "Total Cost": 12454.44,
                                                                                "Plan Rows": 84301,
                                                                                "Plan Width": 4,
                                                                                "Actual Startup Time": 0.042,
                                                                                "Actual Total Time": 117.328,
                                                                                "Actual Rows": 84843,
                                                                                "Actual Loops": 1,
                                                                                "Output": [
                                                                                    "cn.id"
                                                                                ],
                                                                                "Filter": "((cn.country_code)::text = '[us]'::text)",
                                                                                "Rows Removed by Filter": 150154
                                                                            }
                                                                        ]
                                                                    }
                                                                ]
                                                            },
                                                            {
                                                                "Node Type": "Bitmap Heap Scan",
                                                                "Parent Relationship": "Inner",
                                                                "Parallel Aware": false,
                                                                "Relation Name": "movie_info",
                                                                "Schema": "public",
                                                                "Alias": "mi",
                                                                "Startup Cost": 0.8,
                                                                "Total Cost": 5.48,
                                                                "Plan Rows": 1,
                                                                "Plan Width": 8,
                                                                "Actual Startup Time": 0.01,
                                                                "Actual Total Time": 0.012,
                                                                "Actual Rows": 0,
                                                                "Actual Loops": 7180,
                                                                "Output": [
                                                                    "mi.id",
                                                                    "mi.movie_id",
                                                                    "mi.info_type_id",
                                                                    "mi.info",
                                                                    "mi.note"
                                                                ],
                                                                "Recheck Cond": "(mi.movie_id = ci.movie_id)",
                                                                "Rows Removed by Index Recheck": 0,
                                                                "Filter": "((mi.info IS NOT NULL) AND ((mi.info ~~ 'Japan:%200%'::text) OR (mi.info ~~ 'USA:%200%'::text)))",
                                                                "Rows Removed by Filter": 31,
                                                                "Exact Heap Blocks": 83040,
                                                                "Lossy Heap Blocks": 0,
                                                                "Plans": [
                                                                    {
                                                                        "Node Type": "Bitmap Index Scan",
                                                                        "Parent Relationship": "Outer",
                                                                        "Parallel Aware": false,
                                                                        "Index Name": "movie_id_movie_info",
                                                                        "Startup Cost": 0.0,
                                                                        "Total Cost": 0.8,
                                                                        "Plan Rows": 39,
                                                                        "Plan Width": 0,
                                                                        "Actual Startup Time": 0.003,
                                                                        "Actual Total Time": 0.003,
                                                                        "Actual Rows": 32,
                                                                        "Actual Loops": 7180,
                                                                        "Index Cond": "(mi.movie_id = ci.movie_id)"
                                                                    }
                                                                ]
                                                            }
                                                        ]
                                                    }
                                                ]
                                            }
                                        ]
                                    }
                                ]
                            },
                            {
                                "Node Type": "Index Scan",
                                "Parent Relationship": "Inner",
                                "Parallel Aware": false,
                                "Scan Direction": "Forward",
                                "Index Name": "info_type_pkey",
                                "Relation Name": "info_type",
                                "Schema": "public",
                                "Alias": "it",
                                "Startup Cost": 0.14,
                                "Total Cost": 14.12,
                                "Plan Rows": 1,
                                "Plan Width": 4,
                                "Actual Startup Time": 0.044,
                                "Actual Total Time": 0.044,
                                "Actual Rows": 1,
                                "Actual Loops": 1,
                                "Output": [
                                    "it.id",
                                    "it.info"
                                ],
                                "Filter": "((it.info)::text = 'release dates'::text)",
                                "Rows Removed by Filter": 15
                            }
                        ]
                    },
                    {
                        "Node Type": "Bitmap Heap Scan",
                        "Parent Relationship": "Inner",
                        "Parallel Aware": false,
                        "Relation Name": "title",
                        "Schema": "public",
                        "Alias": "t",
                        "Startup Cost": 0.45,
                        "Total Cost": 4.47,
                        "Plan Rows": 1,
                        "Plan Width": 21,
                        "Actual Startup Time": 0.003,
                        "Actual Total Time": 0.003,
                        "Actual Rows": 1,
                        "Actual Loops": 3060,
                        "Output": [
                            "t.id",
                            "t.title",
                            "t.imdb_index",
                            "t.kind_id",
                            "t.production_year",
                            "t.imdb_id",
                            "t.phonetic_code",
                            "t.episode_of_id",
                            "t.season_nr",
                            "t.episode_nr",
                            "t.series_years",
                            "t.md5sum"
                        ],
                        "Recheck Cond": "(t.id = ci.movie_id)",
                        "Rows Removed by Index Recheck": 0,
                        "Filter": "((t.production_year >= 1998) AND (t.production_year <= 2011))",
                        "Rows Removed by Filter": 0,
                        "Exact Heap Blocks": 3060,
                        "Lossy Heap Blocks": 0,
                        "Plans": [
                            {
                                "Node Type": "Bitmap Index Scan",
                                "Parent Relationship": "Outer",
                                "Parallel Aware": false,
                                "Index Name": "title_pkey",
                                "Startup Cost": 0.0,
                                "Total Cost": 0.45,
                                "Plan Rows": 1,
                                "Plan Width": 0,
                                "Actual Startup Time": 0.002,
                                "Actual Total Time": 0.002,
                                "Actual Rows": 1,
                                "Actual Loops": 3060,
                                "Index Cond": "(t.id = ci.movie_id)"
                            }
                        ]
                    }
                ]
            }
        ]
    },
    "Planning Time": 26.408,
    "Triggers": [],
    "Execution Time": 43779.312
}