[
    {
        "Bao": {
            "Bao prediction": "NaN",
            "Bao recommended hint": "(no hint)"
        }
    },
    {
        "Plan": {
            "Node Type": "Aggregate",
            "Strategy": "Plain",
            "Partial Mode": "Finalize",
            "Parallel Aware": false,
            "Startup Cost": 351325.88,
            "Total Cost": 351325.89,
            "Plan Rows": 1,
            "Plan Width": 8,
            "Actual Startup Time": 507.356,
            "Actual Total Time": 521.231,
            "Actual Rows": 1,
            "Actual Loops": 1,
            "Output": [
                "count(*)"
            ],
            "Plans": [
                {
                    "Node Type": "Gather",
                    "Parent Relationship": "Outer",
                    "Parallel Aware": false,
                    "Startup Cost": 351325.26,
                    "Total Cost": 351325.87,
                    "Plan Rows": 6,
                    "Plan Width": 8,
                    "Actual Startup Time": 491.223,
                    "Actual Total Time": 521.22,
                    "Actual Rows": 7,
                    "Actual Loops": 1,
                    "Output": [
                        "(PARTIAL count(*))"
                    ],
                    "Workers Planned": 6,
                    "Workers Launched": 6,
                    "Single Copy": false,
                    "Plans": [
                        {
                            "Node Type": "Aggregate",
                            "Strategy": "Plain",
                            "Partial Mode": "Partial",
                            "Parent Relationship": "Outer",
                            "Parallel Aware": false,
                            "Startup Cost": 350325.26,
                            "Total Cost": 350325.27,
                            "Plan Rows": 1,
                            "Plan Width": 8,
                            "Actual Startup Time": 480.546,
                            "Actual Total Time": 480.549,
                            "Actual Rows": 1,
                            "Actual Loops": 7,
                            "Output": [
                                "PARTIAL count(*)"
                            ],
                            "Workers": [
                                {
                                    "Worker Number": 0,
                                    "Actual Startup Time": 479.389,
                                    "Actual Total Time": 479.392,
                                    "Actual Rows": 1,
                                    "Actual Loops": 1
                                },
                                {
                                    "Worker Number": 1,
                                    "Actual Startup Time": 478.288,
                                    "Actual Total Time": 478.292,
                                    "Actual Rows": 1,
                                    "Actual Loops": 1
                                },
                                {
                                    "Worker Number": 2,
                                    "Actual Startup Time": 478.48,
                                    "Actual Total Time": 478.483,
                                    "Actual Rows": 1,
                                    "Actual Loops": 1
                                },
                                {
                                    "Worker Number": 3,
                                    "Actual Startup Time": 478.549,
                                    "Actual Total Time": 478.552,
                                    "Actual Rows": 1,
                                    "Actual Loops": 1
                                },
                                {
                                    "Worker Number": 4,
                                    "Actual Startup Time": 479.137,
                                    "Actual Total Time": 479.141,
                                    "Actual Rows": 1,
                                    "Actual Loops": 1
                                },
                                {
                                    "Worker Number": 5,
                                    "Actual Startup Time": 479.164,
                                    "Actual Total Time": 479.167,
                                    "Actual Rows": 1,
                                    "Actual Loops": 1
                                }
                            ],
                            "Plans": [
                                {
                                    "Node Type": "Hash Join",
                                    "Parent Relationship": "Outer",
                                    "Parallel Aware": true,
                                    "Join Type": "Inner",
                                    "Startup Cost": 91914.49,
                                    "Total Cost": 349944.63,
                                    "Plan Rows": 152251,
                                    "Plan Width": 0,
                                    "Actual Startup Time": 276.013,
                                    "Actual Total Time": 469.369,
                                    "Actual Rows": 219562,
                                    "Actual Loops": 7,
                                    "Inner Unique": true,
                                    "Hash Cond": "(ci.movie_id = t.id)",
                                    "Workers": [
                                        {
                                            "Worker Number": 0,
                                            "Actual Startup Time": 273.974,
                                            "Actual Total Time": 466.741,
                                            "Actual Rows": 166229,
                                            "Actual Loops": 1
                                        },
                                        {
                                            "Worker Number": 1,
                                            "Actual Startup Time": 273.899,
                                            "Actual Total Time": 467.33,
                                            "Actual Rows": 216558,
                                            "Actual Loops": 1
                                        },
                                        {
                                            "Worker Number": 2,
                                            "Actual Startup Time": 274.341,
                                            "Actual Total Time": 467.511,
                                            "Actual Rows": 217622,
                                            "Actual Loops": 1
                                        },
                                        {
                                            "Worker Number": 3,
                                            "Actual Startup Time": 274.207,
                                            "Actual Total Time": 467.716,
                                            "Actual Rows": 214916,
                                            "Actual Loops": 1
                                        },
                                        {
                                            "Worker Number": 4,
                                            "Actual Startup Time": 274.899,
                                            "Actual Total Time": 468.12,
                                            "Actual Rows": 222355,
                                            "Actual Loops": 1
                                        },
                                        {
                                            "Worker Number": 5,
                                            "Actual Startup Time": 274.371,
                                            "Actual Total Time": 468.325,
                                            "Actual Rows": 247799,
                                            "Actual Loops": 1
                                        }
                                    ],
                                    "Plans": [
                                        {
                                            "Node Type": "Bitmap Heap Scan",
                                            "Parent Relationship": "Outer",
                                            "Parallel Aware": true,
                                            "Relation Name": "cast_info",
                                            "Schema": "public",
                                            "Alias": "ci",
                                            "Startup Cost": 42212.46,
                                            "Total Cost": 299698.45,
                                            "Plan Rows": 207295,
                                            "Plan Width": 4,
                                            "Actual Startup Time": 90.885,
                                            "Actual Total Time": 166.043,
                                            "Actual Rows": 289181,
                                            "Actual Loops": 7,
                                            "Output": [
                                                "ci.id",
                                                "ci.person_id",
                                                "ci.movie_id",
                                                "ci.person_role_id",
                                                "ci.note",
                                                "ci.nr_order",
                                                "ci.role_id"
                                            ],
                                            "Recheck Cond": "(ci.person_id > 3664792)",
                                            "Rows Removed by Index Recheck": 0,
                                            "Filter": "(ci.role_id > 1)",
                                            "Rows Removed by Filter": 0,
                                            "Exact Heap Blocks": 4860,
                                            "Lossy Heap Blocks": 0,
                                            "Workers": [
                                                {
                                                    "Worker Number": 0,
                                                    "Actual Startup Time": 91.119,
                                                    "Actual Total Time": 170.946,
                                                    "Actual Rows": 219533,
                                                    "Actual Loops": 1
                                                },
                                                {
                                                    "Worker Number": 1,
                                                    "Actual Startup Time": 90.807,
                                                    "Actual Total Time": 165.805,
                                                    "Actual Rows": 285673,
                                                    "Actual Loops": 1
                                                },
                                                {
                                                    "Worker Number": 2,
                                                    "Actual Startup Time": 91.04,
                                                    "Actual Total Time": 166.049,
                                                    "Actual Rows": 284221,
                                                    "Actual Loops": 1
                                                },
                                                {
                                                    "Worker Number": 3,
                                                    "Actual Startup Time": 90.89,
                                                    "Actual Total Time": 165.786,
                                                    "Actual Rows": 284721,
                                                    "Actual Loops": 1
                                                },
                                                {
                                                    "Worker Number": 4,
                                                    "Actual Startup Time": 90.98,
                                                    "Actual Total Time": 167.861,
                                                    "Actual Rows": 292809,
                                                    "Actual Loops": 1
                                                },
                                                {
                                                    "Worker Number": 5,
                                                    "Actual Startup Time": 90.512,
                                                    "Actual Total Time": 166.863,
                                                    "Actual Rows": 324227,
                                                    "Actual Loops": 1
                                                }
                                            ],
                                            "Plans": [
                                                {
                                                    "Node Type": "Bitmap Index Scan",
                                                    "Parent Relationship": "Outer",
                                                    "Parallel Aware": false,
                                                    "Index Name": "person_id_cast_info",
                                                    "Startup Cost": 0.0,
                                                    "Total Cost": 41901.52,
                                                    "Plan Rows": 1919594,
                                                    "Plan Width": 0,
                                                    "Actual Startup Time": 85.859,
                                                    "Actual Total Time": 85.86,
                                                    "Actual Rows": 2024266,
                                                    "Actual Loops": 1,
                                                    "Index Cond": "(ci.person_id > 3664792)",
                                                    "Workers": [
                                                        {
                                                            "Worker Number": 5,
                                                            "Actual Startup Time": 85.859,
                                                            "Actual Total Time": 85.86,
                                                            "Actual Rows": 2024266,
                                                            "Actual Loops": 1
                                                        }
                                                    ]
                                                }
                                            ]
                                        },
                                        {
                                            "Node Type": "Hash",
                                            "Parent Relationship": "Inner",
                                            "Parallel Aware": true,
                                            "Startup Cost": 43899.01,
                                            "Total Cost": 43899.01,
                                            "Plan Rows": 464242,
                                            "Plan Width": 4,
                                            "Actual Startup Time": 182.107,
                                            "Actual Total Time": 182.108,
                                            "Actual Rows": 266498,
                                            "Actual Loops": 7,
                                            "Output": [
                                                "t.id"
                                            ],
                                            "Hash Buckets": 2097152,
                                            "Original Hash Buckets": 2097152,
                                            "Hash Batches": 1,
                                            "Original Hash Batches": 1,
                                            "Peak Memory Usage": 89504,
                                            "Workers": [
                                                {
                                                    "Worker Number": 0,
                                                    "Actual Startup Time": 182.115,
                                                    "Actual Total Time": 182.116,
                                                    "Actual Rows": 200476,
                                                    "Actual Loops": 1
                                                },
                                                {
                                                    "Worker Number": 1,
                                                    "Actual Startup Time": 182.419,
                                                    "Actual Total Time": 182.42,
                                                    "Actual Rows": 248704,
                                                    "Actual Loops": 1
                                                },
                                                {
                                                    "Worker Number": 2,
                                                    "Actual Startup Time": 182.517,
                                                    "Actual Total Time": 182.518,
                                                    "Actual Rows": 252027,
                                                    "Actual Loops": 1
                                                },
                                                {
                                                    "Worker Number": 3,
                                                    "Actual Startup Time": 182.583,
                                                    "Actual Total Time": 182.584,
                                                    "Actual Rows": 247652,
                                                    "Actual Loops": 1
                                                },
                                                {
                                                    "Worker Number": 4,
                                                    "Actual Startup Time": 183.117,
                                                    "Actual Total Time": 183.118,
                                                    "Actual Rows": 259550,
                                                    "Actual Loops": 1
                                                },
                                                {
                                                    "Worker Number": 5,
                                                    "Actual Startup Time": 183.316,
                                                    "Actual Total Time": 183.317,
                                                    "Actual Rows": 264065,
                                                    "Actual Loops": 1
                                                }
                                            ],
                                            "Plans": [
                                                {
                                                    "Node Type": "Seq Scan",
                                                    "Parent Relationship": "Outer",
                                                    "Parallel Aware": true,
                                                    "Relation Name": "title",
                                                    "Schema": "public",
                                                    "Alias": "t",
                                                    "Startup Cost": 0.0,
                                                    "Total Cost": 43899.01,
                                                    "Plan Rows": 464242,
                                                    "Plan Width": 4,
                                                    "Actual Startup Time": 0.047,
                                                    "Actual Total Time": 72.721,
                                                    "Actual Rows": 266498,
                                                    "Actual Loops": 7,
                                                    "Output": [
                                                        "t.id"
                                                    ],
                                                    "Filter": "(t.kind_id > 1)",
                                                    "Rows Removed by Filter": 94689,
                                                    "Workers": [
                                                        {
                                                            "Worker Number": 0,
                                                            "Actual Startup Time": 0.054,
                                                            "Actual Total Time": 77.952,
                                                            "Actual Rows": 200476,
                                                            "Actual Loops": 1
                                                        },
                                                        {
                                                            "Worker Number": 1,
                                                            "Actual Startup Time": 0.044,
                                                            "Actual Total Time": 73.519,
                                                            "Actual Rows": 248704,
                                                            "Actual Loops": 1
                                                        },
                                                        {
                                                            "Worker Number": 2,
                                                            "Actual Startup Time": 0.063,
                                                            "Actual Total Time": 73.507,
                                                            "Actual Rows": 252027,
                                                            "Actual Loops": 1
                                                        },
                                                        {
                                                            "Worker Number": 3,
                                                            "Actual Startup Time": 0.056,
                                                            "Actual Total Time": 73.443,
                                                            "Actual Rows": 247652,
                                                            "Actual Loops": 1
                                                        },
                                                        {
                                                            "Worker Number": 4,
                                                            "Actual Startup Time": 0.055,
                                                            "Actual Total Time": 74.415,
                                                            "Actual Rows": 259550,
                                                            "Actual Loops": 1
                                                        },
                                                        {
                                                            "Worker Number": 5,
                                                            "Actual Startup Time": 0.049,
                                                            "Actual Total Time": 74.653,
                                                            "Actual Rows": 264065,
                                                            "Actual Loops": 1
                                                        }
                                                    ]
                                                }
                                            ]
                                        }
                                    ]
                                }
                            ]
                        }
                    ]
                }
            ]
        },
        "Planning Time": 188.413,
        "Triggers": [],
        "Execution Time": 521.307
    }
]