[
  {
    "Plan": {
      "Node Type": "Aggregate",
      "Strategy": "Plain",
      "Partial Mode": "Finalize",
      "Parallel Aware": false,
      "Startup Cost": 60830.33,
      "Total Cost": 60830.34,
      "Plan Rows": 1,
      "Plan Width": 8,
      "Actual Startup Time": 74.454,
      "Actual Total Time": 83.27,
      "Actual Rows": 1,
      "Actual Loops": 1,
      "Plans": [
        {
          "Node Type": "Gather",
          "Parent Relationship": "Outer",
          "Parallel Aware": false,
          "Startup Cost": 60830.01,
          "Total Cost": 60830.32,
          "Plan Rows": 3,
          "Plan Width": 8,
          "Actual Startup Time": 74.178,
          "Actual Total Time": 83.262,
          "Actual Rows": 4,
          "Actual Loops": 1,
          "Workers Planned": 3,
          "Workers Launched": 3,
          "Single Copy": false,
          "Plans": [
            {
              "Node Type": "Aggregate",
              "Strategy": "Plain",
              "Partial Mode": "Partial",
              "Parent Relationship": "Outer",
              "Parallel Aware": false,
              "Startup Cost": 59830.01,
              "Total Cost": 59830.02,
              "Plan Rows": 1,
              "Plan Width": 8,
              "Actual Startup Time": 65.322,
              "Actual Total Time": 65.324,
              "Actual Rows": 1,
              "Actual Loops": 4,
              "Plans": [
                {
                  "Node Type": "Nested Loop",
                  "Parent Relationship": "Outer",
                  "Parallel Aware": false,
                  "Join Type": "Inner",
                  "Startup Cost": 429.47,
                  "Total Cost": 59829.01,
                  "Plan Rows": 402,
                  "Plan Width": 0,
                  "Actual Startup Time": 11.483,
                  "Actual Total Time": 65.138,
                  "Actual Rows": 1388,
                  "Actual Loops": 4,
                  "Inner Unique": true,
                  "Plans": [
                    {
                      "Node Type": "Bitmap Heap Scan",
                      "Parent Relationship": "Outer",
                      "Parallel Aware": true,
                      "Relation Name": "movie_keyword",
                      "Alias": "mk",
                      "Startup Cost": 429.04,
                      "Total Cost": 24904.74,
                      "Plan Rows": 6518,
                      "Plan Width": 4,
                      "Actual Startup Time": 7.582,
                      "Actual Total Time": 24.346,
                      "Actual Rows": 4882,
                      "Actual Loops": 4,
                      "Recheck Cond": "(keyword_id = 137)",
                      "Rows Removed by Index Recheck": 0,
                      "Exact Heap Blocks": 7682,
                      "Lossy Heap Blocks": 0,
                      "Plans": [
                        {
                          "Node Type": "Bitmap Index Scan",
                          "Parent Relationship": "Outer",
                          "Parallel Aware": false,
                          "Index Name": "keyword_id_movie_keyword",
                          "Startup Cost": 0.0,
                          "Total Cost": 423.99,
                          "Plan Rows": 20207,
                          "Plan Width": 0,
                          "Actual Startup Time": 10.307,
                          "Actual Total Time": 10.307,
                          "Actual Rows": 19528,
                          "Actual Loops": 1,
                          "Index Cond": "(keyword_id = 137)"
                        }
                      ]
                    },
                    {
                      "Node Type": "Index Scan",
                      "Parent Relationship": "Inner",
                      "Parallel Aware": false,
                      "Scan Direction": "Forward",
                      "Index Name": "title_pkey",
                      "Relation Name": "title",
                      "Alias": "t",
                      "Startup Cost": 0.43,
                      "Total Cost": 5.36,
                      "Plan Rows": 1,
                      "Plan Width": 4,
                      "Actual Startup Time": 0.008,
                      "Actual Total Time": 0.008,
                      "Actual Rows": 0,
                      "Actual Loops": 19528,
                      "Index Cond": "(id = mk.movie_id)",
                      "Rows Removed by Index Recheck": 0,
                      "Filter": "((kind_id < 7) AND (production_year < 1973))",
                      "Rows Removed by Filter": 1
                    }
                  ]
                }
              ]
            }
          ]
        }
      ]
    },
    "Planning Time": 0.625,
    "Triggers": [],
    "Execution Time": 83.358
  }
]