[
  {
    "Plan": {
      "Node Type": "Aggregate",
      "Strategy": "Plain",
      "Partial Mode": "Finalize",
      "Parallel Aware": false,
      "Startup Cost": 33124.67,
      "Total Cost": 33124.68,
      "Plan Rows": 1,
      "Plan Width": 8,
      "Actual Startup Time": 90.325,
      "Actual Total Time": 97.517,
      "Actual Rows": 1,
      "Actual Loops": 1,
      "Plans": [
        {
          "Node Type": "Gather",
          "Parent Relationship": "Outer",
          "Parallel Aware": false,
          "Startup Cost": 33124.35,
          "Total Cost": 33124.66,
          "Plan Rows": 3,
          "Plan Width": 8,
          "Actual Startup Time": 90.189,
          "Actual Total Time": 97.511,
          "Actual Rows": 4,
          "Actual Loops": 1,
          "Workers Planned": 3,
          "Workers Launched": 3,
          "Single Copy": false,
          "Plans": [
            {
              "Node Type": "Aggregate",
              "Strategy": "Plain",
              "Partial Mode": "Partial",
              "Parent Relationship": "Outer",
              "Parallel Aware": false,
              "Startup Cost": 32124.35,
              "Total Cost": 32124.36,
              "Plan Rows": 1,
              "Plan Width": 8,
              "Actual Startup Time": 85.444,
              "Actual Total Time": 85.445,
              "Actual Rows": 1,
              "Actual Loops": 4,
              "Plans": [
                {
                  "Node Type": "Seq Scan",
                  "Parent Relationship": "Outer",
                  "Parallel Aware": true,
                  "Relation Name": "movie_companies",
                  "Alias": "mc",
                  "Startup Cost": 0.0,
                  "Total Cost": 31414.82,
                  "Plan Rows": 283812,
                  "Plan Width": 0,
                  "Actual Startup Time": 37.652,
                  "Actual Total Time": 74.341,
                  "Actual Rows": 268975,
                  "Actual Loops": 4,
                  "Filter": "((company_id > 2731) AND (company_type_id > 1))",
                  "Rows Removed by Filter": 383308
                }
              ]
            }
          ]
        }
      ]
    },
    "Planning Time": 0.097,
    "Triggers": [],
    "Execution Time": 97.545
  }
]