[
  {
    "Plan": {
      "Node Type": "Aggregate",
      "Strategy": "Plain",
      "Partial Mode": "Finalize",
      "Parallel Aware": false,
      "Startup Cost": 136868.02,
      "Total Cost": 136868.03,
      "Plan Rows": 1,
      "Plan Width": 8,
      "Actual Startup Time": 384.596,
      "Actual Total Time": 411.901,
      "Actual Rows": 1,
      "Actual Loops": 1,
      "Plans": [
        {
          "Node Type": "Gather",
          "Parent Relationship": "Outer",
          "Parallel Aware": false,
          "Startup Cost": 136867.71,
          "Total Cost": 136868.02,
          "Plan Rows": 3,
          "Plan Width": 8,
          "Actual Startup Time": 384.345,
          "Actual Total Time": 411.892,
          "Actual Rows": 4,
          "Actual Loops": 1,
          "Workers Planned": 3,
          "Workers Launched": 3,
          "Single Copy": false,
          "Plans": [
            {
              "Node Type": "Aggregate",
              "Strategy": "Plain",
              "Partial Mode": "Partial",
              "Parent Relationship": "Outer",
              "Parallel Aware": false,
              "Startup Cost": 135867.71,
              "Total Cost": 135867.72,
              "Plan Rows": 1,
              "Plan Width": 8,
              "Actual Startup Time": 365.737,
              "Actual Total Time": 365.741,
              "Actual Rows": 1,
              "Actual Loops": 4,
              "Plans": [
                {
                  "Node Type": "Nested Loop",
                  "Parent Relationship": "Outer",
                  "Parallel Aware": false,
                  "Join Type": "Inner",
                  "Startup Cost": 45604.85,
                  "Total Cost": 135039.37,
                  "Plan Rows": 331334,
                  "Plan Width": 0,
                  "Actual Startup Time": 107.905,
                  "Actual Total Time": 361.074,
                  "Actual Rows": 90905,
                  "Actual Loops": 4,
                  "Inner Unique": false,
                  "Join Filter": "(t.id = ci.movie_id)",
                  "Rows Removed by Join Filter": 0,
                  "Plans": [
                    {
                      "Node Type": "Hash Join",
                      "Parent Relationship": "Outer",
                      "Parallel Aware": true,
                      "Join Type": "Inner",
                      "Startup Cost": 45604.29,
                      "Total Cost": 88482.37,
                      "Plan Rows": 23123,
                      "Plan Width": 8,
                      "Actual Startup Time": 107.766,
                      "Actual Total Time": 285.973,
                      "Actual Rows": 2201,
                      "Actual Loops": 4,
                      "Inner Unique": true,
                      "Hash Cond": "(mk.movie_id = t.id)",
                      "Plans": [
                        {
                          "Node Type": "Seq Scan",
                          "Parent Relationship": "Outer",
                          "Parallel Aware": true,
                          "Relation Name": "movie_keyword",
                          "Alias": "mk",
                          "Startup Cost": 0.0,
                          "Total Cost": 39047.32,
                          "Plan Rows": 1459332,
                          "Plan Width": 4,
                          "Actual Startup Time": 0.023,
                          "Actual Total Time": 91.855,
                          "Actual Rows": 1130982,
                          "Actual Loops": 4
                        },
                        {
                          "Node Type": "Hash",
                          "Parent Relationship": "Inner",
                          "Parallel Aware": true,
                          "Startup Cost": 45479.1,
                          "Total Cost": 45479.1,
                          "Plan Rows": 10015,
                          "Plan Width": 4,
                          "Actual Startup Time": 106.013,
                          "Actual Total Time": 106.014,
                          "Actual Rows": 10030,
                          "Actual Loops": 4,
                          "Hash Buckets": 65536,
                          "Original Hash Buckets": 65536,
                          "Hash Batches": 1,
                          "Original Hash Batches": 1,
                          "Peak Memory Usage": 2112,
                          "Plans": [
                            {
                              "Node Type": "Seq Scan",
                              "Parent Relationship": "Outer",
                              "Parallel Aware": true,
                              "Relation Name": "title",
                              "Alias": "t",
                              "Startup Cost": 0.0,
                              "Total Cost": 45479.1,
                              "Plan Rows": 10015,
                              "Plan Width": 4,
                              "Actual Startup Time": 0.066,
                              "Actual Total Time": 100.932,
                              "Actual Rows": 10030,
                              "Actual Loops": 4,
                              "Filter": "((kind_id = 7) AND (production_year = 2013))",
                              "Rows Removed by Filter": 622048
                            }
                          ]
                        }
                      ]
                    },
                    {
                      "Node Type": "Index Only Scan",
                      "Parent Relationship": "Inner",
                      "Parallel Aware": false,
                      "Scan Direction": "Forward",
                      "Index Name": "movie_id_cast_info",
                      "Relation Name": "cast_info",
                      "Alias": "ci",
                      "Startup Cost": 0.56,
                      "Total Cost": 1.55,
                      "Plan Rows": 37,
                      "Plan Width": 4,
                      "Actual Startup Time": 0.005,
                      "Actual Total Time": 0.03,
                      "Actual Rows": 41,
                      "Actual Loops": 8804,
                      "Index Cond": "(movie_id = mk.movie_id)",
                      "Rows Removed by Index Recheck": 0,
                      "Heap Fetches": 363621
                    }
                  ]
                }
              ]
            }
          ]
        }
      ]
    },
    "Planning Time": 1.344,
    "Triggers": [],
    "Execution Time": 411.997
  }
]