[
    {
        "Bao": {
            "Bao prediction": "NaN",
            "Bao recommended hint": "(no hint)"
        }
    },
    {
        "Plan": {
            "Node Type": "Aggregate",
            "Strategy": "Plain",
            "Partial Mode": "Finalize",
            "Parallel Aware": false,
            "Startup Cost": 249869.4,
            "Total Cost": 249869.41,
            "Plan Rows": 1,
            "Plan Width": 8,
            "Actual Startup Time": 665.039,
            "Actual Total Time": 691.283,
            "Actual Rows": 1,
            "Actual Loops": 1,
            "Output": [
                "count(*)"
            ],
            "Plans": [
                {
                    "Node Type": "Gather",
                    "Parent Relationship": "Outer",
                    "Parallel Aware": false,
                    "Startup Cost": 249868.87,
                    "Total Cost": 249869.38,
                    "Plan Rows": 5,
                    "Plan Width": 8,
                    "Actual Startup Time": 652.877,
                    "Actual Total Time": 691.273,
                    "Actual Rows": 6,
                    "Actual Loops": 1,
                    "Output": [
                        "(PARTIAL count(*))"
                    ],
                    "Workers Planned": 5,
                    "Workers Launched": 5,
                    "Single Copy": false,
                    "Plans": [
                        {
                            "Node Type": "Aggregate",
                            "Strategy": "Plain",
                            "Partial Mode": "Partial",
                            "Parent Relationship": "Outer",
                            "Parallel Aware": false,
                            "Startup Cost": 248868.87,
                            "Total Cost": 248868.88,
                            "Plan Rows": 1,
                            "Plan Width": 8,
                            "Actual Startup Time": 643.56,
                            "Actual Total Time": 643.564,
                            "Actual Rows": 1,
                            "Actual Loops": 6,
                            "Output": [
                                "PARTIAL count(*)"
                            ],
                            "Workers": [
                                {
                                    "Worker Number": 0,
                                    "Actual Startup Time": 641.017,
                                    "Actual Total Time": 641.02,
                                    "Actual Rows": 1,
                                    "Actual Loops": 1
                                },
                                {
                                    "Worker Number": 1,
                                    "Actual Startup Time": 641.096,
                                    "Actual Total Time": 641.1,
                                    "Actual Rows": 1,
                                    "Actual Loops": 1
                                },
                                {
                                    "Worker Number": 2,
                                    "Actual Startup Time": 642.683,
                                    "Actual Total Time": 642.686,
                                    "Actual Rows": 1,
                                    "Actual Loops": 1
                                },
                                {
                                    "Worker Number": 3,
                                    "Actual Startup Time": 641.898,
                                    "Actual Total Time": 641.908,
                                    "Actual Rows": 1,
                                    "Actual Loops": 1
                                },
                                {
                                    "Worker Number": 4,
                                    "Actual Startup Time": 642.241,
                                    "Actual Total Time": 642.245,
                                    "Actual Rows": 1,
                                    "Actual Loops": 1
                                }
                            ],
                            "Plans": [
                                {
                                    "Node Type": "Hash Join",
                                    "Parent Relationship": "Outer",
                                    "Parallel Aware": true,
                                    "Join Type": "Inner",
                                    "Startup Cost": 48210.23,
                                    "Total Cost": 248260.9,
                                    "Plan Rows": 243191,
                                    "Plan Width": 0,
                                    "Actual Startup Time": 215.168,
                                    "Actual Total Time": 632.442,
                                    "Actual Rows": 181452,
                                    "Actual Loops": 6,
                                    "Inner Unique": true,
                                    "Hash Cond": "(mi.movie_id = t.id)",
                                    "Workers": [
                                        {
                                            "Worker Number": 0,
                                            "Actual Startup Time": 212.853,
                                            "Actual Total Time": 629.541,
                                            "Actual Rows": 152913,
                                            "Actual Loops": 1
                                        },
                                        {
                                            "Worker Number": 1,
                                            "Actual Startup Time": 212.933,
                                            "Actual Total Time": 630.345,
                                            "Actual Rows": 142355,
                                            "Actual Loops": 1
                                        },
                                        {
                                            "Worker Number": 2,
                                            "Actual Startup Time": 213.17,
                                            "Actual Total Time": 631.826,
                                            "Actual Rows": 143584,
                                            "Actual Loops": 1
                                        },
                                        {
                                            "Worker Number": 3,
                                            "Actual Startup Time": 213.728,
                                            "Actual Total Time": 631.448,
                                            "Actual Rows": 227882,
                                            "Actual Loops": 1
                                        },
                                        {
                                            "Worker Number": 4,
                                            "Actual Startup Time": 214.082,
                                            "Actual Total Time": 630.642,
                                            "Actual Rows": 153935,
                                            "Actual Loops": 1
                                        }
                                    ],
                                    "Plans": [
                                        {
                                            "Node Type": "Seq Scan",
                                            "Parent Relationship": "Outer",
                                            "Parallel Aware": true,
                                            "Relation Name": "movie_info",
                                            "Schema": "public",
                                            "Alias": "mi",
                                            "Startup Cost": 0.0,
                                            "Total Cost": 198880.74,
                                            "Plan Rows": 445687,
                                            "Plan Width": 4,
                                            "Actual Startup Time": 17.598,
                                            "Actual Total Time": 331.481,
                                            "Actual Rows": 372308,
                                            "Actual Loops": 6,
                                            "Output": [
                                                "mi.id",
                                                "mi.movie_id",
                                                "mi.info_type_id",
                                                "mi.info",
                                                "mi.note"
                                            ],
                                            "Filter": "(mi.info_type_id > 16)",
                                            "Rows Removed by Filter": 2100312,
                                            "Workers": [
                                                {
                                                    "Worker Number": 0,
                                                    "Actual Startup Time": 17.528,
                                                    "Actual Total Time": 338.15,
                                                    "Actual Rows": 314334,
                                                    "Actual Loops": 1
                                                },
                                                {
                                                    "Worker Number": 1,
                                                    "Actual Startup Time": 17.692,
                                                    "Actual Total Time": 334.84,
                                                    "Actual Rows": 293312,
                                                    "Actual Loops": 1
                                                },
                                                {
                                                    "Worker Number": 2,
                                                    "Actual Startup Time": 17.584,
                                                    "Actual Total Time": 334.561,
                                                    "Actual Rows": 292311,
                                                    "Actual Loops": 1
                                                },
                                                {
                                                    "Worker Number": 3,
                                                    "Actual Startup Time": 17.554,
                                                    "Actual Total Time": 330.559,
                                                    "Actual Rows": 465077,
                                                    "Actual Loops": 1
                                                },
                                                {
                                                    "Worker Number": 4,
                                                    "Actual Startup Time": 17.526,
                                                    "Actual Total Time": 337.813,
                                                    "Actual Rows": 311432,
                                                    "Actual Loops": 1
                                                }
                                            ]
                                        },
                                        {
                                            "Node Type": "Hash",
                                            "Parent Relationship": "Inner",
                                            "Parallel Aware": true,
                                            "Startup Cost": 43899.01,
                                            "Total Cost": 43899.01,
                                            "Plan Rows": 344898,
                                            "Plan Width": 4,
                                            "Actual Startup Time": 194.088,
                                            "Actual Total Time": 194.089,
                                            "Actual Rows": 230242,
                                            "Actual Loops": 6,
                                            "Output": [
                                                "t.id"
                                            ],
                                            "Hash Buckets": 2097152,
                                            "Original Hash Buckets": 2097152,
                                            "Hash Batches": 1,
                                            "Original Hash Batches": 1,
                                            "Peak Memory Usage": 70496,
                                            "Workers": [
                                                {
                                                    "Worker Number": 0,
                                                    "Actual Startup Time": 194.364,
                                                    "Actual Total Time": 194.365,
                                                    "Actual Rows": 192996,
                                                    "Actual Loops": 1
                                                },
                                                {
                                                    "Worker Number": 1,
                                                    "Actual Startup Time": 194.508,
                                                    "Actual Total Time": 194.509,
                                                    "Actual Rows": 176422,
                                                    "Actual Loops": 1
                                                },
                                                {
                                                    "Worker Number": 2,
                                                    "Actual Startup Time": 194.682,
                                                    "Actual Total Time": 194.683,
                                                    "Actual Rows": 175033,
                                                    "Actual Loops": 1
                                                },
                                                {
                                                    "Worker Number": 3,
                                                    "Actual Startup Time": 195.239,
                                                    "Actual Total Time": 195.239,
                                                    "Actual Rows": 266841,
                                                    "Actual Loops": 1
                                                },
                                                {
                                                    "Worker Number": 4,
                                                    "Actual Startup Time": 195.628,
                                                    "Actual Total Time": 195.629,
                                                    "Actual Rows": 190990,
                                                    "Actual Loops": 1
                                                }
                                            ],
                                            "Plans": [
                                                {
                                                    "Node Type": "Seq Scan",
                                                    "Parent Relationship": "Outer",
                                                    "Parallel Aware": true,
                                                    "Relation Name": "title",
                                                    "Schema": "public",
                                                    "Alias": "t",
                                                    "Startup Cost": 0.0,
                                                    "Total Cost": 43899.01,
                                                    "Plan Rows": 344898,
                                                    "Plan Width": 4,
                                                    "Actual Startup Time": 0.058,
                                                    "Actual Total Time": 91.821,
                                                    "Actual Rows": 230242,
                                                    "Actual Loops": 6,
                                                    "Output": [
                                                        "t.id"
                                                    ],
                                                    "Filter": "(t.production_year > 2000)",
                                                    "Rows Removed by Filter": 191143,
                                                    "Workers": [
                                                        {
                                                            "Worker Number": 0,
                                                            "Actual Startup Time": 0.073,
                                                            "Actual Total Time": 96.509,
                                                            "Actual Rows": 192996,
                                                            "Actual Loops": 1
                                                        },
                                                        {
                                                            "Worker Number": 1,
                                                            "Actual Startup Time": 0.066,
                                                            "Actual Total Time": 93.236,
                                                            "Actual Rows": 176422,
                                                            "Actual Loops": 1
                                                        },
                                                        {
                                                            "Worker Number": 2,
                                                            "Actual Startup Time": 0.058,
                                                            "Actual Total Time": 92.881,
                                                            "Actual Rows": 175033,
                                                            "Actual Loops": 1
                                                        },
                                                        {
                                                            "Worker Number": 3,
                                                            "Actual Startup Time": 0.066,
                                                            "Actual Total Time": 91.604,
                                                            "Actual Rows": 266841,
                                                            "Actual Loops": 1
                                                        },
                                                        {
                                                            "Worker Number": 4,
                                                            "Actual Startup Time": 0.074,
                                                            "Actual Total Time": 96.438,
                                                            "Actual Rows": 190990,
                                                            "Actual Loops": 1
                                                        }
                                                    ]
                                                }
                                            ]
                                        }
                                    ]
                                }
                            ]
                        }
                    ]
                }
            ]
        },
        "Planning Time": 170.526,
        "Triggers": [],
        "Execution Time": 691.383
    }
]