{
  "Plan": {
    "Node Type": "Aggregate",
    "Strategy": "Plain",
    "Partial Mode": "Finalize",
    "Parallel Aware": false,
    "Startup Cost": 133061.64,
    "Total Cost": 133061.65,
    "Plan Rows": 1,
    "Plan Width": 8,
    "Actual Startup Time": 830.529,
    "Actual Total Time": 843.879,
    "Actual Rows": 1,
    "Actual Loops": 1,
    "Plans": [
      {
        "Node Type": "Gather",
        "Parent Relationship": "Outer",
        "Parallel Aware": false,
        "Startup Cost": 133061.53,
        "Total Cost": 133061.64,
        "Plan Rows": 1,
        "Plan Width": 8,
        "Actual Startup Time": 827.258,
        "Actual Total Time": 843.871,
        "Actual Rows": 2,
        "Actual Loops": 1,
        "Workers Planned": 1,
        "Workers Launched": 1,
        "Single Copy": false,
        "Plans": [
          {
            "Node Type": "Aggregate",
            "Strategy": "Plain",
            "Partial Mode": "Partial",
            "Parent Relationship": "Outer",
            "Parallel Aware": false,
            "Startup Cost": 132061.53,
            "Total Cost": 132061.54,
            "Plan Rows": 1,
            "Plan Width": 8,
            "Actual Startup Time": 820.232,
            "Actual Total Time": 820.236,
            "Actual Rows": 1,
            "Actual Loops": 2,
            "Plans": [
              {
                "Node Type": "Hash Join",
                "Parent Relationship": "Outer",
                "Parallel Aware": true,
                "Join Type": "Inner",
                "Startup Cost": 66181.46,
                "Total Cost": 129020.32,
                "Plan Rows": 1216483,
                "Plan Width": 0,
                "Actual Startup Time": 387.497,
                "Actual Total Time": 785.762,
                "Actual Rows": 855662,
                "Actual Loops": 2,
                "Inner Unique": true,
                "Hash Cond": "(mk.movie_id = t.id)",
                "Plans": [
                  {
                    "Node Type": "Seq Scan",
                    "Parent Relationship": "Outer",
                    "Parallel Aware": true,
                    "Relation Name": "movie_keyword",
                    "Alias": "mk",
                    "Startup Cost": 0.0,
                    "Total Cost": 57718.19,
                    "Plan Rows": 1950724,
                    "Plan Width": 4,
                    "Actual Startup Time": 0.014,
                    "Actual Total Time": 187.947,
                    "Actual Rows": 1655626,
                    "Actual Loops": 2,
                    "Filter": "(keyword_id < 15084)",
                    "Rows Removed by Filter": 606339
                  },
                  {
                    "Node Type": "Hash",
                    "Parent Relationship": "Inner",
                    "Parallel Aware": true,
                    "Startup Cost": 54588.39,
                    "Total Cost": 54588.39,
                    "Plan Rows": 927446,
                    "Plan Width": 4,
                    "Actual Startup Time": 373.334,
                    "Actual Total Time": 373.335,
                    "Actual Rows": 785284,
                    "Actual Loops": 2,
                    "Hash Buckets": 2097152,
                    "Original Hash Buckets": 2097152,
                    "Hash Batches": 1,
                    "Original Hash Batches": 1,
                    "Peak Memory Usage": 77856,
                    "Plans": [
                      {
                        "Node Type": "Seq Scan",
                        "Parent Relationship": "Outer",
                        "Parallel Aware": true,
                        "Relation Name": "title",
                        "Alias": "t",
                        "Startup Cost": 0.0,
                        "Total Cost": 54588.39,
                        "Plan Rows": 927446,
                        "Plan Width": 4,
                        "Actual Startup Time": 0.02,
                        "Actual Total Time": 164.988,
                        "Actual Rows": 785284,
                        "Actual Loops": 2,
                        "Filter": "(production_year > 1996)",
                        "Rows Removed by Filter": 478872
                      }
                    ]
                  }
                ]
              }
            ]
          }
        ]
      }
    ]
  },
  "Planning Time": 0.641,
  "Triggers": [],
  "Execution Time": 843.944
}