{
  "Plan": {
    "Node Type": "Aggregate",
    "Strategy": "Plain",
    "Partial Mode": "Simple",
    "Parallel Aware": false,
    "Startup Cost": 310735.88,
    "Total Cost": 310735.89,
    "Plan Rows": 1,
    "Plan Width": 32,
    "Actual Startup Time": 1715.283,
    "Actual Total Time": 1715.452,
    "Actual Rows": 1,
    "Actual Loops": 1,
    "Plans": [
      {
        "Node Type": "Hash Join",
        "Parent Relationship": "Outer",
        "Parallel Aware": false,
        "Join Type": "Inner",
        "Startup Cost": 308106.83,
        "Total Cost": 310735.87,
        "Plan Rows": 1,
        "Plan Width": 17,
        "Actual Startup Time": 1687.746,
        "Actual Total Time": 1715.436,
        "Actual Rows": 5,
        "Actual Loops": 1,
        "Inner Unique": false,
        "Hash Cond": "(k.id = mk.keyword_id)",
        "Plans": [
          {
            "Node Type": "Seq Scan",
            "Parent Relationship": "Outer",
            "Parallel Aware": false,
            "Relation Name": "keyword",
            "Alias": "k",
            "Startup Cost": 0.0,
            "Total Cost": 2626.12,
            "Plan Rows": 13,
            "Plan Width": 4,
            "Actual Startup Time": 3.155,
            "Actual Total Time": 30.654,
            "Actual Rows": 30,
            "Actual Loops": 1,
            "Filter": "(keyword ~~ '%sequel%'::text)",
            "Rows Removed by Filter": 134140
          },
          {
            "Node Type": "Hash",
            "Parent Relationship": "Inner",
            "Parallel Aware": false,
            "Startup Cost": 308097.58,
            "Total Cost": 308097.58,
            "Plan Rows": 740,
            "Plan Width": 21,
            "Actual Startup Time": 1684.525,
            "Actual Total Time": 1684.691,
            "Actual Rows": 920,
            "Actual Loops": 1,
            "Hash Buckets": 1024,
            "Original Hash Buckets": 1024,
            "Hash Batches": 1,
            "Original Hash Batches": 1,
            "Peak Memory Usage": 56,
            "Plans": [
              {
                "Node Type": "Merge Join",
                "Parent Relationship": "Outer",
                "Parallel Aware": false,
                "Join Type": "Inner",
                "Startup Cost": 306087.98,
                "Total Cost": 308097.58,
                "Plan Rows": 740,
                "Plan Width": 21,
                "Actual Startup Time": 1577.075,
                "Actual Total Time": 1684.448,
                "Actual Rows": 920,
                "Actual Loops": 1,
                "Inner Unique": false,
                "Merge Cond": "(t.id = mi.movie_id)",
                "Plans": [
                  {
                    "Node Type": "Sort",
                    "Parent Relationship": "Outer",
                    "Parallel Aware": false,
                    "Startup Cost": 104434.76,
                    "Total Cost": 105425.06,
                    "Plan Rows": 396120,
                    "Plan Width": 21,
                    "Actual Startup Time": 889.798,
                    "Actual Total Time": 950.84,
                    "Actual Rows": 391084,
                    "Actual Loops": 1,
                    "Sort Key": [
                      "t.id"
                    ],
                    "Sort Method": "quicksort",
                    "Sort Space Used": 39792,
                    "Sort Space Type": "Memory",
                    "Plans": [
                      {
                        "Node Type": "Seq Scan",
                        "Parent Relationship": "Outer",
                        "Parallel Aware": false,
                        "Relation Name": "title",
                        "Alias": "t",
                        "Startup Cost": 0.0,
                        "Total Cost": 67604.36,
                        "Plan Rows": 396120,
                        "Plan Width": 21,
                        "Actual Startup Time": 0.054,
                        "Actual Total Time": 680.646,
                        "Actual Rows": 391666,
                        "Actual Loops": 1,
                        "Filter": "(production_year > 2010)",
                        "Rows Removed by Filter": 2136646
                      }
                    ]
                  },
                  {
                    "Node Type": "Sort",
                    "Parent Relationship": "Inner",
                    "Parallel Aware": false,
                    "Startup Cost": 201653.17,
                    "Total Cost": 201664.98,
                    "Plan Rows": 4724,
                    "Plan Width": 12,
                    "Actual Startup Time": 679.614,
                    "Actual Total Time": 680.362,
                    "Actual Rows": 7574,
                    "Actual Loops": 1,
                    "Sort Key": [
                      "mi.movie_id"
                    ],
                    "Sort Method": "quicksort",
                    "Sort Space Used": 548,
                    "Sort Space Type": "Memory",
                    "Plans": [
                      {
                        "Node Type": "Gather",
                        "Parent Relationship": "Outer",
                        "Parallel Aware": false,
                        "Startup Cost": 1000.43,
                        "Total Cost": 201364.86,
                        "Plan Rows": 4724,
                        "Plan Width": 12,
                        "Actual Startup Time": 57.166,
                        "Actual Total Time": 677.827,
                        "Actual Rows": 7574,
                        "Actual Loops": 1,
                        "Workers Planned": 5,
                        "Workers Launched": 5,
                        "Single Copy": false,
                        "Plans": [
                          {
                            "Node Type": "Nested Loop",
                            "Parent Relationship": "Outer",
                            "Parallel Aware": false,
                            "Join Type": "Inner",
                            "Startup Cost": 0.43,
                            "Total Cost": 199892.46,
                            "Plan Rows": 945,
                            "Plan Width": 12,
                            "Actual Startup Time": 50.558,
                            "Actual Total Time": 665.574,
                            "Actual Rows": 1262,
                            "Actual Loops": 6,
                            "Inner Unique": false,
                            "Plans": [
                              {
                                "Node Type": "Seq Scan",
                                "Parent Relationship": "Outer",
                                "Parallel Aware": true,
                                "Relation Name": "movie_info",
                                "Alias": "mi",
                                "Startup Cost": 0.0,
                                "Total Cost": 199164.27,
                                "Plan Rows": 75,
                                "Plan Width": 4,
                                "Actual Startup Time": 46.875,
                                "Actual Total Time": 657.566,
                                "Actual Rows": 381,
                                "Actual Loops": 6,
                                "Filter": "(info = 'Bulgaria'::text)",
                                "Rows Removed by Filter": 2472239
                              },
                              {
                                "Node Type": "Index Scan",
                                "Parent Relationship": "Inner",
                                "Parallel Aware": false,
                                "Scan Direction": "Forward",
                                "Index Name": "movie_id_movie_keyword",
                                "Relation Name": "movie_keyword",
                                "Alias": "mk",
                                "Startup Cost": 0.43,
                                "Total Cost": 9.25,
                                "Plan Rows": 46,
                                "Plan Width": 8,
                                "Actual Startup Time": 0.019,
                                "Actual Total Time": 0.02,
                                "Actual Rows": 3,
                                "Actual Loops": 2287,
                                "Index Cond": "(movie_id = mi.movie_id)",
                                "Rows Removed by Index Recheck": 0
                              }
                            ]
                          }
                        ]
                      }
                    ]
                  }
                ]
              }
            ]
          }
        ]
      }
    ]
  },
  "Planning Time": 7.159,
  "Triggers": [],
  "Execution Time": 1720.23
}