{
  "Plan": {
    "Node Type": "Aggregate",
    "Strategy": "Plain",
    "Partial Mode": "Finalize",
    "Parallel Aware": false,
    "Startup Cost": 81797.84,
    "Total Cost": 81797.85,
    "Plan Rows": 1,
    "Plan Width": 8,
    "Actual Startup Time": 354.563,
    "Actual Total Time": 366.048,
    "Actual Rows": 1,
    "Actual Loops": 1,
    "Plans": [
      {
        "Node Type": "Gather",
        "Parent Relationship": "Outer",
        "Parallel Aware": false,
        "Startup Cost": 81797.72,
        "Total Cost": 81797.83,
        "Plan Rows": 1,
        "Plan Width": 8,
        "Actual Startup Time": 354.119,
        "Actual Total Time": 366.038,
        "Actual Rows": 2,
        "Actual Loops": 1,
        "Workers Planned": 1,
        "Workers Launched": 1,
        "Single Copy": false,
        "Plans": [
          {
            "Node Type": "Aggregate",
            "Strategy": "Plain",
            "Partial Mode": "Partial",
            "Parent Relationship": "Outer",
            "Parallel Aware": false,
            "Startup Cost": 80797.72,
            "Total Cost": 80797.73,
            "Plan Rows": 1,
            "Plan Width": 8,
            "Actual Startup Time": 348.093,
            "Actual Total Time": 348.097,
            "Actual Rows": 1,
            "Actual Loops": 2,
            "Plans": [
              {
                "Node Type": "Hash Join",
                "Parent Relationship": "Outer",
                "Parallel Aware": true,
                "Join Type": "Inner",
                "Startup Cost": 38743.46,
                "Total Cost": 80732.33,
                "Plan Rows": 26156,
                "Plan Width": 0,
                "Actual Startup Time": 72.433,
                "Actual Total Time": 345.679,
                "Actual Rows": 46076,
                "Actual Loops": 2,
                "Inner Unique": true,
                "Hash Cond": "(mc.movie_id = t.id)",
                "Plans": [
                  {
                    "Node Type": "Seq Scan",
                    "Parent Relationship": "Outer",
                    "Parallel Aware": true,
                    "Relation Name": "movie_companies",
                    "Alias": "mc",
                    "Startup Cost": 0.0,
                    "Total Cost": 37974.77,
                    "Plan Rows": 1529176,
                    "Plan Width": 4,
                    "Actual Startup Time": 0.015,
                    "Actual Total Time": 146.115,
                    "Actual Rows": 1300319,
                    "Actual Loops": 2,
                    "Filter": "(company_id < 226844)",
                    "Rows Removed by Filter": 4246
                  },
                  {
                    "Node Type": "Hash",
                    "Parent Relationship": "Inner",
                    "Parallel Aware": true,
                    "Startup Cost": 38425.48,
                    "Total Cost": 38425.48,
                    "Plan Rows": 25439,
                    "Plan Width": 4,
                    "Actual Startup Time": 71.133,
                    "Actual Total Time": 71.134,
                    "Actual Rows": 20406,
                    "Actual Loops": 2,
                    "Hash Buckets": 65536,
                    "Original Hash Buckets": 65536,
                    "Hash Batches": 1,
                    "Original Hash Batches": 1,
                    "Peak Memory Usage": 2144,
                    "Plans": [
                      {
                        "Node Type": "Bitmap Heap Scan",
                        "Parent Relationship": "Outer",
                        "Parallel Aware": true,
                        "Relation Name": "title",
                        "Alias": "t",
                        "Startup Cost": 1627.35,
                        "Total Cost": 38425.48,
                        "Plan Rows": 25439,
                        "Plan Width": 4,
                        "Actual Startup Time": 22.177,
                        "Actual Total Time": 66.237,
                        "Actual Rows": 20406,
                        "Actual Loops": 2,
                        "Recheck Cond": "(kind_id = 2)",
                        "Rows Removed by Index Recheck": 0,
                        "Filter": "(production_year > 2003)",
                        "Rows Removed by Filter": 25020,
                        "Exact Heap Blocks": 21139,
                        "Lossy Heap Blocks": 0,
                        "Plans": [
                          {
                            "Node Type": "Bitmap Index Scan",
                            "Parent Relationship": "Outer",
                            "Parallel Aware": false,
                            "Index Name": "kind_id_title",
                            "Startup Cost": 0.0,
                            "Total Cost": 1616.54,
                            "Plan Rows": 90681,
                            "Plan Width": 0,
                            "Actual Startup Time": 18.883,
                            "Actual Total Time": 18.883,
                            "Actual Rows": 90852,
                            "Actual Loops": 1,
                            "Index Cond": "(kind_id = 2)"
                          }
                        ]
                      }
                    ]
                  }
                ]
              }
            ]
          }
        ]
      }
    ]
  },
  "Planning Time": 0.543,
  "Triggers": [],
  "Execution Time": 366.133
}