[
  {
    "Plan": {
      "Node Type": "Aggregate",
      "Strategy": "Plain",
      "Partial Mode": "Finalize",
      "Parallel Aware": false,
      "Startup Cost": 46869.16,
      "Total Cost": 46869.17,
      "Plan Rows": 1,
      "Plan Width": 8,
      "Actual Startup Time": 114.078,
      "Actual Total Time": 128.238,
      "Actual Rows": 1,
      "Actual Loops": 1,
      "Plans": [
        {
          "Node Type": "Gather",
          "Parent Relationship": "Outer",
          "Parallel Aware": false,
          "Startup Cost": 46868.74,
          "Total Cost": 46869.15,
          "Plan Rows": 4,
          "Plan Width": 8,
          "Actual Startup Time": 113.877,
          "Actual Total Time": 128.228,
          "Actual Rows": 5,
          "Actual Loops": 1,
          "Workers Planned": 4,
          "Workers Launched": 4,
          "Single Copy": false,
          "Plans": [
            {
              "Node Type": "Aggregate",
              "Strategy": "Plain",
              "Partial Mode": "Partial",
              "Parent Relationship": "Outer",
              "Parallel Aware": false,
              "Startup Cost": 45868.74,
              "Total Cost": 45868.75,
              "Plan Rows": 1,
              "Plan Width": 8,
              "Actual Startup Time": 104.195,
              "Actual Total Time": 104.198,
              "Actual Rows": 1,
              "Actual Loops": 5,
              "Plans": [
                {
                  "Node Type": "Seq Scan",
                  "Parent Relationship": "Outer",
                  "Parallel Aware": true,
                  "Relation Name": "title",
                  "Alias": "t",
                  "Startup Cost": 0.0,
                  "Total Cost": 45479.59,
                  "Plan Rows": 155660,
                  "Plan Width": 0,
                  "Actual Startup Time": 49.423,
                  "Actual Total Time": 98.47,
                  "Actual Rows": 126858,
                  "Actual Loops": 5,
                  "Filter": "((production_year < 2013) AND (kind_id = 1))",
                  "Rows Removed by Filter": 378804
                }
              ]
            }
          ]
        }
      ]
    },
    "Planning Time": 0.199,
    "Triggers": [],
    "Execution Time": 128.303
  }
]