[
  {
    "Plan": {
      "Node Type": "Aggregate",
      "Strategy": "Plain",
      "Partial Mode": "Finalize",
      "Parallel Aware": false,
      "Startup Cost": 336275.31,
      "Total Cost": 336275.32,
      "Plan Rows": 1,
      "Plan Width": 8,
      "Actual Startup Time": 765.22,
      "Actual Total Time": 811.791,
      "Actual Rows": 1,
      "Actual Loops": 1,
      "Plans": [
        {
          "Node Type": "Gather",
          "Parent Relationship": "Outer",
          "Parallel Aware": false,
          "Startup Cost": 336274.68,
          "Total Cost": 336275.29,
          "Plan Rows": 6,
          "Plan Width": 8,
          "Actual Startup Time": 765.008,
          "Actual Total Time": 811.776,
          "Actual Rows": 7,
          "Actual Loops": 1,
          "Workers Planned": 6,
          "Workers Launched": 6,
          "Single Copy": false,
          "Plans": [
            {
              "Node Type": "Aggregate",
              "Strategy": "Plain",
              "Partial Mode": "Partial",
              "Parent Relationship": "Outer",
              "Parallel Aware": false,
              "Startup Cost": 335274.68,
              "Total Cost": 335274.69,
              "Plan Rows": 1,
              "Plan Width": 8,
              "Actual Startup Time": 756.904,
              "Actual Total Time": 756.906,
              "Actual Rows": 1,
              "Actual Loops": 7,
              "Plans": [
                {
                  "Node Type": "Seq Scan",
                  "Parent Relationship": "Outer",
                  "Parallel Aware": true,
                  "Relation Name": "cast_info",
                  "Alias": "ci",
                  "Startup Cost": 0.0,
                  "Total Cost": 328211.39,
                  "Plan Rows": 2825316,
                  "Plan Width": 0,
                  "Actual Startup Time": 0.047,
                  "Actual Total Time": 626.796,
                  "Actual Rows": 2446234,
                  "Actual Loops": 7,
                  "Filter": "(person_id < 1691921)",
                  "Rows Removed by Filter": 2731529
                }
              ]
            }
          ]
        }
      ]
    },
    "Planning Time": 0.182,
    "Triggers": [],
    "Execution Time": 811.857
  }
]