[
  {
    "Plan": {
      "Node Type": "Aggregate",
      "Strategy": "Plain",
      "Partial Mode": "Finalize",
      "Parallel Aware": false,
      "Startup Cost": 103116.26,
      "Total Cost": 103116.27,
      "Plan Rows": 1,
      "Plan Width": 8,
      "Actual Startup Time": 1142.085,
      "Actual Total Time": 1161.64,
      "Actual Rows": 1,
      "Actual Loops": 1,
      "Plans": [
        {
          "Node Type": "Gather",
          "Parent Relationship": "Outer",
          "Parallel Aware": false,
          "Startup Cost": 103115.94,
          "Total Cost": 103116.25,
          "Plan Rows": 3,
          "Plan Width": 8,
          "Actual Startup Time": 1128.576,
          "Actual Total Time": 1161.63,
          "Actual Rows": 4,
          "Actual Loops": 1,
          "Workers Planned": 3,
          "Workers Launched": 3,
          "Single Copy": false,
          "Plans": [
            {
              "Node Type": "Aggregate",
              "Strategy": "Plain",
              "Partial Mode": "Partial",
              "Parent Relationship": "Outer",
              "Parallel Aware": false,
              "Startup Cost": 102115.94,
              "Total Cost": 102115.95,
              "Plan Rows": 1,
              "Plan Width": 8,
              "Actual Startup Time": 1108.761,
              "Actual Total Time": 1108.769,
              "Actual Rows": 1,
              "Actual Loops": 4,
              "Plans": [
                {
                  "Node Type": "Hash Join",
                  "Parent Relationship": "Outer",
                  "Parallel Aware": true,
                  "Join Type": "Inner",
                  "Startup Cost": 69883.92,
                  "Total Cost": 101414.96,
                  "Plan Rows": 280390,
                  "Plan Width": 0,
                  "Actual Startup Time": 865.444,
                  "Actual Total Time": 1088.4,
                  "Actual Rows": 396706,
                  "Actual Loops": 4,
                  "Inner Unique": false,
                  "Hash Cond": "(mc.movie_id = t.id)",
                  "Plans": [
                    {
                      "Node Type": "Seq Scan",
                      "Parent Relationship": "Outer",
                      "Parallel Aware": true,
                      "Relation Name": "movie_companies",
                      "Alias": "mc",
                      "Startup Cost": 0.0,
                      "Total Cost": 27206.55,
                      "Plan Rows": 841655,
                      "Plan Width": 4,
                      "Actual Startup Time": 0.05,
                      "Actual Total Time": 69.909,
                      "Actual Rows": 652282,
                      "Actual Loops": 4
                    },
                    {
                      "Node Type": "Hash",
                      "Parent Relationship": "Inner",
                      "Parallel Aware": true,
                      "Startup Cost": 65496.82,
                      "Total Cost": 65496.82,
                      "Plan Rows": 350968,
                      "Plan Width": 8,
                      "Actual Startup Time": 857.981,
                      "Actual Total Time": 857.987,
                      "Actual Rows": 172136,
                      "Actual Loops": 4,
                      "Hash Buckets": 1048576,
                      "Original Hash Buckets": 1048576,
                      "Hash Batches": 1,
                      "Original Hash Batches": 1,
                      "Peak Memory Usage": 35168,
                      "Plans": [
                        {
                          "Node Type": "Hash Join",
                          "Parent Relationship": "Outer",
                          "Parallel Aware": true,
                          "Join Type": "Inner",
                          "Startup Cost": 50302.26,
                          "Total Cost": 65496.82,
                          "Plan Rows": 350968,
                          "Plan Width": 8,
                          "Actual Startup Time": 594.93,
                          "Actual Total Time": 732.901,
                          "Actual Rows": 172136,
                          "Actual Loops": 4,
                          "Inner Unique": true,
                          "Hash Cond": "(mi_idx.movie_id = t.id)",
                          "Plans": [
                            {
                              "Node Type": "Seq Scan",
                              "Parent Relationship": "Outer",
                              "Parallel Aware": true,
                              "Relation Name": "movie_info_idx",
                              "Alias": "mi_idx",
                              "Startup Cost": 0.0,
                              "Total Cost": 13685.15,
                              "Plan Rows": 575015,
                              "Plan Width": 4,
                              "Actual Startup Time": 0.061,
                              "Actual Total Time": 41.782,
                              "Actual Rows": 345009,
                              "Actual Loops": 4
                            },
                            {
                              "Node Type": "Hash",
                              "Parent Relationship": "Inner",
                              "Parallel Aware": true,
                              "Startup Cost": 45479.59,
                              "Total Cost": 45479.59,
                              "Plan Rows": 385814,
                              "Plan Width": 4,
                              "Actual Startup Time": 582.044,
                              "Actual Total Time": 582.045,
                              "Actual Rows": 412385,
                              "Actual Loops": 4,
                              "Hash Buckets": 2097152,
                              "Original Hash Buckets": 2097152,
                              "Hash Batches": 1,
                              "Original Hash Batches": 1,
                              "Peak Memory Usage": 80992,
                              "Plans": [
                                {
                                  "Node Type": "Seq Scan",
                                  "Parent Relationship": "Outer",
                                  "Parallel Aware": true,
                                  "Relation Name": "title",
                                  "Alias": "t",
                                  "Startup Cost": 0.0,
                                  "Total Cost": 45479.59,
                                  "Plan Rows": 385814,
                                  "Plan Width": 4,
                                  "Actual Startup Time": 0.066,
                                  "Actual Total Time": 168.322,
                                  "Actual Rows": 412385,
                                  "Actual Loops": 4,
                                  "Filter": "((kind_id > 1) AND (production_year > 1970))",
                                  "Rows Removed by Filter": 219693
                                }
                              ]
                            }
                          ]
                        }
                      ]
                    }
                  ]
                }
              ]
            }
          ]
        }
      ]
    },
    "Planning Time": 0.774,
    "Triggers": [],
    "Execution Time": 1161.706
  }
]