{
  "Plan": {
    "Node Type": "Aggregate",
    "Strategy": "Plain",
    "Partial Mode": "Finalize",
    "Parallel Aware": false,
    "Startup Cost": 71411.61,
    "Total Cost": 71411.62,
    "Plan Rows": 1,
    "Plan Width": 8,
    "Actual Startup Time": 128.787,
    "Actual Total Time": 138.911,
    "Actual Rows": 1,
    "Actual Loops": 1,
    "Plans": [
      {
        "Node Type": "Gather",
        "Parent Relationship": "Outer",
        "Parallel Aware": false,
        "Startup Cost": 71411.5,
        "Total Cost": 71411.61,
        "Plan Rows": 1,
        "Plan Width": 8,
        "Actual Startup Time": 128.576,
        "Actual Total Time": 138.903,
        "Actual Rows": 2,
        "Actual Loops": 1,
        "Workers Planned": 1,
        "Workers Launched": 1,
        "Single Copy": false,
        "Plans": [
          {
            "Node Type": "Aggregate",
            "Strategy": "Plain",
            "Partial Mode": "Partial",
            "Parent Relationship": "Outer",
            "Parallel Aware": false,
            "Startup Cost": 70411.5,
            "Total Cost": 70411.51,
            "Plan Rows": 1,
            "Plan Width": 8,
            "Actual Startup Time": 122.513,
            "Actual Total Time": 122.515,
            "Actual Rows": 1,
            "Actual Loops": 2,
            "Plans": [
              {
                "Node Type": "Nested Loop",
                "Parent Relationship": "Outer",
                "Parallel Aware": false,
                "Join Type": "Inner",
                "Startup Cost": 227.9,
                "Total Cost": 70403.68,
                "Plan Rows": 3126,
                "Plan Width": 0,
                "Actual Startup Time": 3.02,
                "Actual Total Time": 121.994,
                "Actual Rows": 4813,
                "Actual Loops": 2,
                "Inner Unique": false,
                "Plans": [
                  {
                    "Node Type": "Nested Loop",
                    "Parent Relationship": "Outer",
                    "Parallel Aware": false,
                    "Join Type": "Inner",
                    "Startup Cost": 227.47,
                    "Total Cost": 60014.09,
                    "Plan Rows": 6270,
                    "Plan Width": 8,
                    "Actual Startup Time": 2.708,
                    "Actual Total Time": 20.888,
                    "Actual Rows": 4521,
                    "Actual Loops": 2,
                    "Inner Unique": true,
                    "Plans": [
                      {
                        "Node Type": "Bitmap Heap Scan",
                        "Parent Relationship": "Outer",
                        "Parallel Aware": true,
                        "Relation Name": "movie_keyword",
                        "Alias": "mk",
                        "Startup Cost": 227.04,
                        "Total Cost": 19605.91,
                        "Plan Rows": 6270,
                        "Plan Width": 4,
                        "Actual Startup Time": 2.564,
                        "Actual Total Time": 7.451,
                        "Actual Rows": 4521,
                        "Actual Loops": 2,
                        "Recheck Cond": "(keyword_id > 125923)",
                        "Rows Removed by Index Recheck": 0,
                        "Exact Heap Blocks": 1767,
                        "Lossy Heap Blocks": 0,
                        "Plans": [
                          {
                            "Node Type": "Bitmap Index Scan",
                            "Parent Relationship": "Outer",
                            "Parallel Aware": false,
                            "Index Name": "keyword_id_movie_keyword",
                            "Startup Cost": 0.0,
                            "Total Cost": 224.38,
                            "Plan Rows": 10659,
                            "Plan Width": 0,
                            "Actual Startup Time": 3.565,
                            "Actual Total Time": 3.565,
                            "Actual Rows": 9042,
                            "Actual Loops": 1,
                            "Index Cond": "(keyword_id > 125923)"
                          }
                        ]
                      },
                      {
                        "Node Type": "Index Only Scan",
                        "Parent Relationship": "Inner",
                        "Parallel Aware": false,
                        "Scan Direction": "Forward",
                        "Index Name": "title_pkey",
                        "Relation Name": "title",
                        "Alias": "t",
                        "Startup Cost": 0.43,
                        "Total Cost": 6.44,
                        "Plan Rows": 1,
                        "Plan Width": 4,
                        "Actual Startup Time": 0.003,
                        "Actual Total Time": 0.003,
                        "Actual Rows": 1,
                        "Actual Loops": 9042,
                        "Index Cond": "(id = mk.movie_id)",
                        "Rows Removed by Index Recheck": 0,
                        "Heap Fetches": 9042
                      }
                    ]
                  },
                  {
                    "Node Type": "Index Scan",
                    "Parent Relationship": "Inner",
                    "Parallel Aware": false,
                    "Scan Direction": "Forward",
                    "Index Name": "movie_id_movie_info",
                    "Relation Name": "movie_info",
                    "Alias": "mi",
                    "Startup Cost": 0.43,
                    "Total Cost": 1.62,
                    "Plan Rows": 4,
                    "Plan Width": 4,
                    "Actual Startup Time": 0.02,
                    "Actual Total Time": 0.022,
                    "Actual Rows": 1,
                    "Actual Loops": 9042,
                    "Index Cond": "(movie_id = t.id)",
                    "Rows Removed by Index Recheck": 0,
                    "Filter": "(info_type_id = 2)",
                    "Rows Removed by Filter": 79
                  }
                ]
              }
            ]
          }
        ]
      }
    ]
  },
  "Planning Time": 0.916,
  "Triggers": [],
  "Execution Time": 139.015
}