[
  {
    "Plan": {
      "Node Type": "Aggregate",
      "Strategy": "Plain",
      "Partial Mode": "Finalize",
      "Parallel Aware": false,
      "Startup Cost": 59079.39,
      "Total Cost": 59079.4,
      "Plan Rows": 1,
      "Plan Width": 8,
      "Actual Startup Time": 304.016,
      "Actual Total Time": 315.114,
      "Actual Rows": 1,
      "Actual Loops": 1,
      "Plans": [
        {
          "Node Type": "Gather",
          "Parent Relationship": "Outer",
          "Parallel Aware": false,
          "Startup Cost": 59079.07,
          "Total Cost": 59079.38,
          "Plan Rows": 3,
          "Plan Width": 8,
          "Actual Startup Time": 300.391,
          "Actual Total Time": 315.108,
          "Actual Rows": 4,
          "Actual Loops": 1,
          "Workers Planned": 3,
          "Workers Launched": 3,
          "Single Copy": false,
          "Plans": [
            {
              "Node Type": "Aggregate",
              "Strategy": "Plain",
              "Partial Mode": "Partial",
              "Parent Relationship": "Outer",
              "Parallel Aware": false,
              "Startup Cost": 58079.07,
              "Total Cost": 58079.08,
              "Plan Rows": 1,
              "Plan Width": 8,
              "Actual Startup Time": 291.049,
              "Actual Total Time": 291.052,
              "Actual Rows": 1,
              "Actual Loops": 4,
              "Plans": [
                {
                  "Node Type": "Hash Join",
                  "Parent Relationship": "Outer",
                  "Parallel Aware": true,
                  "Join Type": "Inner",
                  "Startup Cost": 48718.37,
                  "Total Cost": 57980.04,
                  "Plan Rows": 39612,
                  "Plan Width": 0,
                  "Actual Startup Time": 242.438,
                  "Actual Total Time": 289.448,
                  "Actual Rows": 37270,
                  "Actual Loops": 4,
                  "Inner Unique": true,
                  "Hash Cond": "(ci.movie_id = t.id)",
                  "Plans": [
                    {
                      "Node Type": "Index Scan",
                      "Parent Relationship": "Outer",
                      "Parallel Aware": true,
                      "Scan Direction": "Forward",
                      "Index Name": "role_id_cast_info",
                      "Relation Name": "cast_info",
                      "Alias": "ci",
                      "Startup Cost": 0.56,
                      "Total Cost": 9091.72,
                      "Plan Rows": 64955,
                      "Plan Width": 4,
                      "Actual Startup Time": 0.182,
                      "Actual Total Time": 15.929,
                      "Actual Rows": 66302,
                      "Actual Loops": 4,
                      "Index Cond": "(role_id > 10)",
                      "Rows Removed by Index Recheck": 0,
                      "Filter": "(person_id > 1302112)",
                      "Rows Removed by Filter": 12727
                    },
                    {
                      "Node Type": "Hash",
                      "Parent Relationship": "Inner",
                      "Parallel Aware": true,
                      "Startup Cost": 43899.32,
                      "Total Cost": 43899.32,
                      "Plan Rows": 385479,
                      "Plan Width": 4,
                      "Actual Startup Time": 237.16,
                      "Actual Total Time": 237.162,
                      "Actual Rows": 385816,
                      "Actual Loops": 4,
                      "Hash Buckets": 2097152,
                      "Original Hash Buckets": 2097152,
                      "Hash Batches": 1,
                      "Original Hash Batches": 1,
                      "Peak Memory Usage": 76832,
                      "Plans": [
                        {
                          "Node Type": "Seq Scan",
                          "Parent Relationship": "Outer",
                          "Parallel Aware": true,
                          "Relation Name": "title",
                          "Alias": "t",
                          "Startup Cost": 0.0,
                          "Total Cost": 43899.32,
                          "Plan Rows": 385479,
                          "Plan Width": 4,
                          "Actual Startup Time": 0.043,
                          "Actual Total Time": 99.352,
                          "Actual Rows": 385816,
                          "Actual Loops": 4,
                          "Filter": "(kind_id = 7)",
                          "Rows Removed by Filter": 246262
                        }
                      ]
                    }
                  ]
                }
              ]
            }
          ]
        }
      ]
    },
    "Planning Time": 0.269,
    "Triggers": [],
    "Execution Time": 315.156
  }
]