{
  "Plan": {
    "Node Type": "Aggregate",
    "Strategy": "Plain",
    "Partial Mode": "Finalize",
    "Parallel Aware": false,
    "Startup Cost": 109186.59,
    "Total Cost": 109186.6,
    "Plan Rows": 1,
    "Plan Width": 8,
    "Actual Startup Time": 597.357,
    "Actual Total Time": 620.328,
    "Actual Rows": 1,
    "Actual Loops": 1,
    "Plans": [
      {
        "Node Type": "Gather",
        "Parent Relationship": "Outer",
        "Parallel Aware": false,
        "Startup Cost": 109186.47,
        "Total Cost": 109186.58,
        "Plan Rows": 1,
        "Plan Width": 8,
        "Actual Startup Time": 594.183,
        "Actual Total Time": 620.318,
        "Actual Rows": 2,
        "Actual Loops": 1,
        "Workers Planned": 1,
        "Workers Launched": 1,
        "Single Copy": false,
        "Plans": [
          {
            "Node Type": "Aggregate",
            "Strategy": "Plain",
            "Partial Mode": "Partial",
            "Parent Relationship": "Outer",
            "Parallel Aware": false,
            "Startup Cost": 108186.47,
            "Total Cost": 108186.48,
            "Plan Rows": 1,
            "Plan Width": 8,
            "Actual Startup Time": 588.09,
            "Actual Total Time": 588.095,
            "Actual Rows": 1,
            "Actual Loops": 2,
            "Plans": [
              {
                "Node Type": "Hash Join",
                "Parent Relationship": "Outer",
                "Parallel Aware": true,
                "Join Type": "Inner",
                "Startup Cost": 76985.84,
                "Total Cost": 107775.8,
                "Plan Rows": 164268,
                "Plan Width": 0,
                "Actual Startup Time": 382.364,
                "Actual Total Time": 573.516,
                "Actual Rows": 295023,
                "Actual Loops": 2,
                "Inner Unique": true,
                "Hash Cond": "(mk.movie_id = t.id)",
                "Plans": [
                  {
                    "Node Type": "Bitmap Heap Scan",
                    "Parent Relationship": "Outer",
                    "Parallel Aware": true,
                    "Relation Name": "movie_keyword",
                    "Alias": "mk",
                    "Startup Cost": 15107.53,
                    "Total Cost": 44797.87,
                    "Plan Rows": 418907,
                    "Plan Width": 4,
                    "Actual Startup Time": 69.04,
                    "Actual Total Time": 165.661,
                    "Actual Rows": 351464,
                    "Actual Loops": 2,
                    "Recheck Cond": "(keyword_id > 26823)",
                    "Rows Removed by Index Recheck": 0,
                    "Exact Heap Blocks": 14352,
                    "Lossy Heap Blocks": 0,
                    "Plans": [
                      {
                        "Node Type": "Bitmap Index Scan",
                        "Parent Relationship": "Outer",
                        "Parallel Aware": false,
                        "Index Name": "keyword_id_movie_keyword",
                        "Startup Cost": 0.0,
                        "Total Cost": 14929.5,
                        "Plan Rows": 712142,
                        "Plan Width": 0,
                        "Actual Startup Time": 63.348,
                        "Actual Total Time": 63.349,
                        "Actual Rows": 702927,
                        "Actual Loops": 1,
                        "Index Cond": "(keyword_id > 26823)"
                      }
                    ]
                  },
                  {
                    "Node Type": "Hash",
                    "Parent Relationship": "Inner",
                    "Parallel Aware": true,
                    "Startup Cost": 54588.39,
                    "Total Cost": 54588.39,
                    "Plan Rows": 583193,
                    "Plan Width": 4,
                    "Actual Startup Time": 303.799,
                    "Actual Total Time": 303.8,
                    "Actual Rows": 492524,
                    "Actual Loops": 2,
                    "Hash Buckets": 1048576,
                    "Original Hash Buckets": 1048576,
                    "Hash Batches": 1,
                    "Original Hash Batches": 1,
                    "Peak Memory Usage": 46752,
                    "Plans": [
                      {
                        "Node Type": "Seq Scan",
                        "Parent Relationship": "Outer",
                        "Parallel Aware": true,
                        "Relation Name": "title",
                        "Alias": "t",
                        "Startup Cost": 0.0,
                        "Total Cost": 54588.39,
                        "Plan Rows": 583193,
                        "Plan Width": 4,
                        "Actual Startup Time": 0.05,
                        "Actual Total Time": 177.699,
                        "Actual Rows": 492524,
                        "Actual Loops": 2,
                        "Filter": "(kind_id < 7)",
                        "Rows Removed by Filter": 771632
                      }
                    ]
                  }
                ]
              }
            ]
          }
        ]
      }
    ]
  },
  "Planning Time": 0.507,
  "Triggers": [],
  "Execution Time": 620.425
}