[
  {
    "Plan": {
      "Node Type": "Aggregate",
      "Strategy": "Plain",
      "Partial Mode": "Finalize",
      "Parallel Aware": false,
      "Startup Cost": 32957.55,
      "Total Cost": 32957.56,
      "Plan Rows": 1,
      "Plan Width": 8,
      "Actual Startup Time": 101.612,
      "Actual Total Time": 109.42,
      "Actual Rows": 1,
      "Actual Loops": 1,
      "Plans": [
        {
          "Node Type": "Gather",
          "Parent Relationship": "Outer",
          "Parallel Aware": false,
          "Startup Cost": 32957.23,
          "Total Cost": 32957.54,
          "Plan Rows": 3,
          "Plan Width": 8,
          "Actual Startup Time": 101.481,
          "Actual Total Time": 109.411,
          "Actual Rows": 4,
          "Actual Loops": 1,
          "Workers Planned": 3,
          "Workers Launched": 3,
          "Single Copy": false,
          "Plans": [
            {
              "Node Type": "Aggregate",
              "Strategy": "Plain",
              "Partial Mode": "Partial",
              "Parent Relationship": "Outer",
              "Parallel Aware": false,
              "Startup Cost": 31957.23,
              "Total Cost": 31957.24,
              "Plan Rows": 1,
              "Plan Width": 8,
              "Actual Startup Time": 93.295,
              "Actual Total Time": 93.296,
              "Actual Rows": 1,
              "Actual Loops": 4,
              "Plans": [
                {
                  "Node Type": "Seq Scan",
                  "Parent Relationship": "Outer",
                  "Parallel Aware": true,
                  "Relation Name": "movie_companies",
                  "Alias": "mc",
                  "Startup Cost": 0.0,
                  "Total Cost": 31414.82,
                  "Plan Rows": 216966,
                  "Plan Width": 0,
                  "Actual Startup Time": 0.055,
                  "Actual Total Time": 79.255,
                  "Actual Rows": 230162,
                  "Actual Loops": 4,
                  "Filter": "((company_id < 11705) AND (company_type_id < 2))",
                  "Rows Removed by Filter": 422121
                }
              ]
            }
          ]
        }
      ]
    },
    "Planning Time": 0.216,
    "Triggers": [],
    "Execution Time": 109.487
  }
]