[
    {
        "Bao": {
            "Bao prediction": "NaN",
            "Bao recommended hint": "(no hint)"
        }
    },
    {
        "Plan": {
            "Node Type": "Aggregate",
            "Strategy": "Plain",
            "Partial Mode": "Finalize",
            "Parallel Aware": false,
            "Startup Cost": 239683.67,
            "Total Cost": 239683.68,
            "Plan Rows": 1,
            "Plan Width": 8,
            "Actual Startup Time": 218.474,
            "Actual Total Time": 229.117,
            "Actual Rows": 1,
            "Actual Loops": 1,
            "Output": [
                "count(*)"
            ],
            "Plans": [
                {
                    "Node Type": "Gather",
                    "Parent Relationship": "Outer",
                    "Parallel Aware": false,
                    "Startup Cost": 239683.15,
                    "Total Cost": 239683.66,
                    "Plan Rows": 5,
                    "Plan Width": 8,
                    "Actual Startup Time": 217.41,
                    "Actual Total Time": 229.106,
                    "Actual Rows": 6,
                    "Actual Loops": 1,
                    "Output": [
                        "(PARTIAL count(*))"
                    ],
                    "Workers Planned": 5,
                    "Workers Launched": 5,
                    "Single Copy": false,
                    "Plans": [
                        {
                            "Node Type": "Aggregate",
                            "Strategy": "Plain",
                            "Partial Mode": "Partial",
                            "Parent Relationship": "Outer",
                            "Parallel Aware": false,
                            "Startup Cost": 238683.15,
                            "Total Cost": 238683.16,
                            "Plan Rows": 1,
                            "Plan Width": 8,
                            "Actual Startup Time": 207.163,
                            "Actual Total Time": 207.166,
                            "Actual Rows": 1,
                            "Actual Loops": 6,
                            "Output": [
                                "PARTIAL count(*)"
                            ],
                            "Workers": [
                                {
                                    "Worker Number": 0,
                                    "Actual Startup Time": 204.503,
                                    "Actual Total Time": 204.507,
                                    "Actual Rows": 1,
                                    "Actual Loops": 1
                                },
                                {
                                    "Worker Number": 1,
                                    "Actual Startup Time": 204.509,
                                    "Actual Total Time": 204.512,
                                    "Actual Rows": 1,
                                    "Actual Loops": 1
                                },
                                {
                                    "Worker Number": 2,
                                    "Actual Startup Time": 205.415,
                                    "Actual Total Time": 205.42,
                                    "Actual Rows": 1,
                                    "Actual Loops": 1
                                },
                                {
                                    "Worker Number": 3,
                                    "Actual Startup Time": 205.532,
                                    "Actual Total Time": 205.536,
                                    "Actual Rows": 1,
                                    "Actual Loops": 1
                                },
                                {
                                    "Worker Number": 4,
                                    "Actual Startup Time": 206.098,
                                    "Actual Total Time": 206.101,
                                    "Actual Rows": 1,
                                    "Actual Loops": 1
                                }
                            ],
                            "Plans": [
                                {
                                    "Node Type": "Hash Join",
                                    "Parent Relationship": "Outer",
                                    "Parallel Aware": true,
                                    "Join Type": "Inner",
                                    "Startup Cost": 72019.86,
                                    "Total Cost": 238654.81,
                                    "Plan Rows": 11335,
                                    "Plan Width": 0,
                                    "Actual Startup Time": 126.61,
                                    "Actual Total Time": 206.447,
                                    "Actual Rows": 8068,
                                    "Actual Loops": 6,
                                    "Inner Unique": true,
                                    "Hash Cond": "(mi.movie_id = t.id)",
                                    "Workers": [
                                        {
                                            "Worker Number": 0,
                                            "Actual Startup Time": 124.177,
                                            "Actual Total Time": 203.716,
                                            "Actual Rows": 6628,
                                            "Actual Loops": 1
                                        },
                                        {
                                            "Worker Number": 1,
                                            "Actual Startup Time": 124.464,
                                            "Actual Total Time": 203.751,
                                            "Actual Rows": 6102,
                                            "Actual Loops": 1
                                        },
                                        {
                                            "Worker Number": 2,
                                            "Actual Startup Time": 124.969,
                                            "Actual Total Time": 204.646,
                                            "Actual Rows": 6290,
                                            "Actual Loops": 1
                                        },
                                        {
                                            "Worker Number": 3,
                                            "Actual Startup Time": 124.918,
                                            "Actual Total Time": 204.812,
                                            "Actual Rows": 8506,
                                            "Actual Loops": 1
                                        },
                                        {
                                            "Worker Number": 4,
                                            "Actual Startup Time": 125.259,
                                            "Actual Total Time": 205.367,
                                            "Actual Rows": 8080,
                                            "Actual Loops": 1
                                        }
                                    ],
                                    "Plans": [
                                        {
                                            "Node Type": "Bitmap Heap Scan",
                                            "Parent Relationship": "Outer",
                                            "Parallel Aware": true,
                                            "Relation Name": "movie_info",
                                            "Schema": "public",
                                            "Alias": "mi",
                                            "Startup Cost": 27829.04,
                                            "Total Cost": 193658.37,
                                            "Plan Rows": 306906,
                                            "Plan Width": 4,
                                            "Actual Startup Time": 44.547,
                                            "Actual Total Time": 86.176,
                                            "Actual Rows": 255652,
                                            "Actual Loops": 6,
                                            "Output": [
                                                "mi.id",
                                                "mi.movie_id",
                                                "mi.info_type_id",
                                                "mi.info",
                                                "mi.note"
                                            ],
                                            "Recheck Cond": "(mi.info_type_id = 3)",
                                            "Rows Removed by Index Recheck": 0,
                                            "Exact Heap Blocks": 2524,
                                            "Lossy Heap Blocks": 0,
                                            "Workers": [
                                                {
                                                    "Worker Number": 0,
                                                    "Actual Startup Time": 44.645,
                                                    "Actual Total Time": 86.474,
                                                    "Actual Rows": 201457,
                                                    "Actual Loops": 1
                                                },
                                                {
                                                    "Worker Number": 1,
                                                    "Actual Startup Time": 44.841,
                                                    "Actual Total Time": 86.441,
                                                    "Actual Rows": 199420,
                                                    "Actual Loops": 1
                                                },
                                                {
                                                    "Worker Number": 2,
                                                    "Actual Startup Time": 44.478,
                                                    "Actual Total Time": 86.692,
                                                    "Actual Rows": 196749,
                                                    "Actual Loops": 1
                                                },
                                                {
                                                    "Worker Number": 3,
                                                    "Actual Startup Time": 44.575,
                                                    "Actual Total Time": 86.083,
                                                    "Actual Rows": 275889,
                                                    "Actual Loops": 1
                                                },
                                                {
                                                    "Worker Number": 4,
                                                    "Actual Startup Time": 44.469,
                                                    "Actual Total Time": 86.849,
                                                    "Actual Rows": 264276,
                                                    "Actual Loops": 1
                                                }
                                            ],
                                            "Plans": [
                                                {
                                                    "Node Type": "Bitmap Index Scan",
                                                    "Parent Relationship": "Outer",
                                                    "Parallel Aware": false,
                                                    "Index Name": "info_type_id_movie_info",
                                                    "Startup Cost": 0.0,
                                                    "Total Cost": 27445.41,
                                                    "Plan Rows": 1534530,
                                                    "Plan Width": 0,
                                                    "Actual Startup Time": 42.884,
                                                    "Actual Total Time": 42.884,
                                                    "Actual Rows": 1533909,
                                                    "Actual Loops": 1,
                                                    "Index Cond": "(mi.info_type_id = 3)"
                                                }
                                            ]
                                        },
                                        {
                                            "Node Type": "Hash",
                                            "Parent Relationship": "Inner",
                                            "Parallel Aware": true,
                                            "Startup Cost": 43899.01,
                                            "Total Cost": 43899.01,
                                            "Plan Rows": 23345,
                                            "Plan Width": 4,
                                            "Actual Startup Time": 81.148,
                                            "Actual Total Time": 81.149,
                                            "Actual Rows": 15834,
                                            "Actual Loops": 6,
                                            "Output": [
                                                "t.id"
                                            ],
                                            "Hash Buckets": 131072,
                                            "Original Hash Buckets": 131072,
                                            "Hash Batches": 1,
                                            "Original Hash Batches": 1,
                                            "Peak Memory Usage": 4832,
                                            "Workers": [
                                                {
                                                    "Worker Number": 0,
                                                    "Actual Startup Time": 78.617,
                                                    "Actual Total Time": 78.618,
                                                    "Actual Rows": 10139,
                                                    "Actual Loops": 1
                                                },
                                                {
                                                    "Worker Number": 1,
                                                    "Actual Startup Time": 78.609,
                                                    "Actual Total Time": 78.61,
                                                    "Actual Rows": 10591,
                                                    "Actual Loops": 1
                                                },
                                                {
                                                    "Worker Number": 2,
                                                    "Actual Startup Time": 79.66,
                                                    "Actual Total Time": 79.662,
                                                    "Actual Rows": 10349,
                                                    "Actual Loops": 1
                                                },
                                                {
                                                    "Worker Number": 3,
                                                    "Actual Startup Time": 79.746,
                                                    "Actual Total Time": 79.748,
                                                    "Actual Rows": 14240,
                                                    "Actual Loops": 1
                                                },
                                                {
                                                    "Worker Number": 4,
                                                    "Actual Startup Time": 80.232,
                                                    "Actual Total Time": 80.233,
                                                    "Actual Rows": 14728,
                                                    "Actual Loops": 1
                                                }
                                            ],
                                            "Plans": [
                                                {
                                                    "Node Type": "Seq Scan",
                                                    "Parent Relationship": "Outer",
                                                    "Parallel Aware": true,
                                                    "Relation Name": "title",
                                                    "Schema": "public",
                                                    "Alias": "t",
                                                    "Startup Cost": 0.0,
                                                    "Total Cost": 43899.01,
                                                    "Plan Rows": 23345,
                                                    "Plan Width": 4,
                                                    "Actual Startup Time": 0.058,
                                                    "Actual Total Time": 73.813,
                                                    "Actual Rows": 15834,
                                                    "Actual Loops": 6,
                                                    "Output": [
                                                        "t.id"
                                                    ],
                                                    "Filter": "(t.production_year = 2005)",
                                                    "Rows Removed by Filter": 405551,
                                                    "Workers": [
                                                        {
                                                            "Worker Number": 0,
                                                            "Actual Startup Time": 0.049,
                                                            "Actual Total Time": 71.673,
                                                            "Actual Rows": 10139,
                                                            "Actual Loops": 1
                                                        },
                                                        {
                                                            "Worker Number": 1,
                                                            "Actual Startup Time": 0.069,
                                                            "Actual Total Time": 72.233,
                                                            "Actual Rows": 10591,
                                                            "Actual Loops": 1
                                                        },
                                                        {
                                                            "Worker Number": 2,
                                                            "Actual Startup Time": 0.058,
                                                            "Actual Total Time": 72.594,
                                                            "Actual Rows": 10349,
                                                            "Actual Loops": 1
                                                        },
                                                        {
                                                            "Worker Number": 3,
                                                            "Actual Startup Time": 0.048,
                                                            "Actual Total Time": 72.189,
                                                            "Actual Rows": 14240,
                                                            "Actual Loops": 1
                                                        },
                                                        {
                                                            "Worker Number": 4,
                                                            "Actual Startup Time": 0.112,
                                                            "Actual Total Time": 73.712,
                                                            "Actual Rows": 14728,
                                                            "Actual Loops": 1
                                                        }
                                                    ]
                                                }
                                            ]
                                        }
                                    ]
                                }
                            ]
                        }
                    ]
                }
            ]
        },
        "Planning Time": 219.916,
        "Triggers": [],
        "Execution Time": 229.238
    }
]