{
  "Plan": {
    "Node Type": "Aggregate",
    "Strategy": "Plain",
    "Partial Mode": "Simple",
    "Parallel Aware": false,
    "Startup Cost": 64540.67,
    "Total Cost": 64540.68,
    "Plan Rows": 1,
    "Plan Width": 8,
    "Actual Startup Time": 175.063,
    "Actual Total Time": 187.367,
    "Actual Rows": 1,
    "Actual Loops": 1,
    "Plans": [
      {
        "Node Type": "Gather",
        "Parent Relationship": "Outer",
        "Parallel Aware": false,
        "Startup Cost": 1000.86,
        "Total Cost": 64540.67,
        "Plan Rows": 1,
        "Plan Width": 0,
        "Actual Startup Time": 148.856,
        "Actual Total Time": 187.357,
        "Actual Rows": 18,
        "Actual Loops": 1,
        "Workers Planned": 1,
        "Workers Launched": 1,
        "Single Copy": false,
        "Plans": [
          {
            "Node Type": "Nested Loop",
            "Parent Relationship": "Outer",
            "Parallel Aware": false,
            "Join Type": "Inner",
            "Startup Cost": 0.86,
            "Total Cost": 63540.57,
            "Plan Rows": 1,
            "Plan Width": 0,
            "Actual Startup Time": 125.276,
            "Actual Total Time": 168.739,
            "Actual Rows": 9,
            "Actual Loops": 2,
            "Inner Unique": false,
            "Join Filter": "(t.id = mk.movie_id)",
            "Rows Removed by Join Filter": 0,
            "Plans": [
              {
                "Node Type": "Nested Loop",
                "Parent Relationship": "Outer",
                "Parallel Aware": false,
                "Join Type": "Inner",
                "Startup Cost": 0.43,
                "Total Cost": 62682.24,
                "Plan Rows": 581,
                "Plan Width": 8,
                "Actual Startup Time": 76.895,
                "Actual Total Time": 158.731,
                "Actual Rows": 1244,
                "Actual Loops": 2,
                "Inner Unique": false,
                "Plans": [
                  {
                    "Node Type": "Seq Scan",
                    "Parent Relationship": "Outer",
                    "Parallel Aware": true,
                    "Relation Name": "title",
                    "Alias": "t",
                    "Startup Cost": 0.0,
                    "Total Cost": 54588.39,
                    "Plan Rows": 1065,
                    "Plan Width": 4,
                    "Actual Startup Time": 20.337,
                    "Actual Total Time": 147.709,
                    "Actual Rows": 982,
                    "Actual Loops": 2,
                    "Filter": "(production_year = 1946)",
                    "Rows Removed by Filter": 1263174
                  },
                  {
                    "Node Type": "Index Only Scan",
                    "Parent Relationship": "Inner",
                    "Parallel Aware": false,
                    "Scan Direction": "Forward",
                    "Index Name": "movie_id_movie_info_idx",
                    "Relation Name": "movie_info_idx",
                    "Alias": "mi_idx",
                    "Startup Cost": 0.43,
                    "Total Cost": 7.57,
                    "Plan Rows": 3,
                    "Plan Width": 4,
                    "Actual Startup Time": 0.01,
                    "Actual Total Time": 0.011,
                    "Actual Rows": 1,
                    "Actual Loops": 1965,
                    "Index Cond": "(movie_id = t.id)",
                    "Rows Removed by Index Recheck": 0,
                    "Heap Fetches": 2488
                  }
                ]
              },
              {
                "Node Type": "Index Scan",
                "Parent Relationship": "Inner",
                "Parallel Aware": false,
                "Scan Direction": "Forward",
                "Index Name": "movie_id_movie_keyword",
                "Relation Name": "movie_keyword",
                "Alias": "mk",
                "Startup Cost": 0.43,
                "Total Cost": 1.46,
                "Plan Rows": 1,
                "Plan Width": 4,
                "Actual Startup Time": 0.008,
                "Actual Total Time": 0.008,
                "Actual Rows": 0,
                "Actual Loops": 2488,
                "Index Cond": "(movie_id = mi_idx.movie_id)",
                "Rows Removed by Index Recheck": 0,
                "Filter": "(keyword_id = 925)",
                "Rows Removed by Filter": 19
              }
            ]
          }
        ]
      }
    ]
  },
  "Planning Time": 0.838,
  "Triggers": [],
  "Execution Time": 187.439
}