{
  "Plan": {
    "Node Type": "Aggregate",
    "Strategy": "Plain",
    "Partial Mode": "Finalize",
    "Parallel Aware": false,
    "Startup Cost": 34147.78,
    "Total Cost": 34147.79,
    "Plan Rows": 1,
    "Plan Width": 8,
    "Actual Startup Time": 22.203,
    "Actual Total Time": 25.482,
    "Actual Rows": 1,
    "Actual Loops": 1,
    "Plans": [
      {
        "Node Type": "Gather",
        "Parent Relationship": "Outer",
        "Parallel Aware": false,
        "Startup Cost": 34147.66,
        "Total Cost": 34147.77,
        "Plan Rows": 1,
        "Plan Width": 8,
        "Actual Startup Time": 22.106,
        "Actual Total Time": 25.475,
        "Actual Rows": 2,
        "Actual Loops": 1,
        "Workers Planned": 1,
        "Workers Launched": 1,
        "Single Copy": false,
        "Plans": [
          {
            "Node Type": "Aggregate",
            "Strategy": "Plain",
            "Partial Mode": "Partial",
            "Parent Relationship": "Outer",
            "Parallel Aware": false,
            "Startup Cost": 33147.66,
            "Total Cost": 33147.67,
            "Plan Rows": 1,
            "Plan Width": 8,
            "Actual Startup Time": 18.963,
            "Actual Total Time": 18.964,
            "Actual Rows": 1,
            "Actual Loops": 2,
            "Plans": [
              {
                "Node Type": "Nested Loop",
                "Parent Relationship": "Outer",
                "Parallel Aware": false,
                "Join Type": "Inner",
                "Startup Cost": 111.95,
                "Total Cost": 33140.25,
                "Plan Rows": 2967,
                "Plan Width": 0,
                "Actual Startup Time": 0.933,
                "Actual Total Time": 18.647,
                "Actual Rows": 2574,
                "Actual Loops": 2,
                "Inner Unique": true,
                "Plans": [
                  {
                    "Node Type": "Bitmap Heap Scan",
                    "Parent Relationship": "Outer",
                    "Parallel Aware": true,
                    "Relation Name": "movie_companies",
                    "Alias": "mc",
                    "Startup Cost": 111.52,
                    "Total Cost": 11448.21,
                    "Plan Rows": 2967,
                    "Plan Width": 4,
                    "Actual Startup Time": 0.849,
                    "Actual Total Time": 2.664,
                    "Actual Rows": 2574,
                    "Actual Loops": 2,
                    "Recheck Cond": "(company_id = 1427)",
                    "Rows Removed by Index Recheck": 0,
                    "Exact Heap Blocks": 849,
                    "Lossy Heap Blocks": 0,
                    "Plans": [
                      {
                        "Node Type": "Bitmap Index Scan",
                        "Parent Relationship": "Outer",
                        "Parallel Aware": false,
                        "Index Name": "company_id_movie_companies",
                        "Startup Cost": 0.0,
                        "Total Cost": 110.26,
                        "Plan Rows": 5044,
                        "Plan Width": 0,
                        "Actual Startup Time": 1.422,
                        "Actual Total Time": 1.422,
                        "Actual Rows": 5148,
                        "Actual Loops": 1,
                        "Index Cond": "(company_id = 1427)"
                      }
                    ]
                  },
                  {
                    "Node Type": "Index Only Scan",
                    "Parent Relationship": "Inner",
                    "Parallel Aware": false,
                    "Scan Direction": "Forward",
                    "Index Name": "title_pkey",
                    "Relation Name": "title",
                    "Alias": "t",
                    "Startup Cost": 0.43,
                    "Total Cost": 7.31,
                    "Plan Rows": 1,
                    "Plan Width": 4,
                    "Actual Startup Time": 0.006,
                    "Actual Total Time": 0.006,
                    "Actual Rows": 1,
                    "Actual Loops": 5148,
                    "Index Cond": "(id = mc.movie_id)",
                    "Rows Removed by Index Recheck": 0,
                    "Heap Fetches": 5148
                  }
                ]
              }
            ]
          }
        ]
      }
    ]
  },
  "Planning Time": 0.296,
  "Triggers": [],
  "Execution Time": 25.526
}