[
  {
    "Plan": {
      "Node Type": "Aggregate",
      "Strategy": "Plain",
      "Partial Mode": "Finalize",
      "Parallel Aware": false,
      "Startup Cost": 76729.02,
      "Total Cost": 76729.03,
      "Plan Rows": 1,
      "Plan Width": 8,
      "Actual Startup Time": 283.22,
      "Actual Total Time": 304.532,
      "Actual Rows": 1,
      "Actual Loops": 1,
      "Plans": [
        {
          "Node Type": "Gather",
          "Parent Relationship": "Outer",
          "Parallel Aware": false,
          "Startup Cost": 76728.7,
          "Total Cost": 76729.01,
          "Plan Rows": 3,
          "Plan Width": 8,
          "Actual Startup Time": 281.991,
          "Actual Total Time": 304.525,
          "Actual Rows": 4,
          "Actual Loops": 1,
          "Workers Planned": 3,
          "Workers Launched": 3,
          "Single Copy": false,
          "Plans": [
            {
              "Node Type": "Aggregate",
              "Strategy": "Plain",
              "Partial Mode": "Partial",
              "Parent Relationship": "Outer",
              "Parallel Aware": false,
              "Startup Cost": 75728.7,
              "Total Cost": 75728.71,
              "Plan Rows": 1,
              "Plan Width": 8,
              "Actual Startup Time": 277.295,
              "Actual Total Time": 277.298,
              "Actual Rows": 1,
              "Actual Loops": 4,
              "Plans": [
                {
                  "Node Type": "Hash Join",
                  "Parent Relationship": "Outer",
                  "Parallel Aware": true,
                  "Join Type": "Inner",
                  "Startup Cost": 44420.31,
                  "Total Cost": 75610.66,
                  "Plan Rows": 47215,
                  "Plan Width": 0,
                  "Actual Startup Time": 113.751,
                  "Actual Total Time": 273.247,
                  "Actual Rows": 80210,
                  "Actual Loops": 4,
                  "Inner Unique": true,
                  "Hash Cond": "(mc.movie_id = t.id)",
                  "Plans": [
                    {
                      "Node Type": "Seq Scan",
                      "Parent Relationship": "Outer",
                      "Parallel Aware": true,
                      "Relation Name": "movie_companies",
                      "Alias": "mc",
                      "Startup Cost": 0.0,
                      "Total Cost": 29310.68,
                      "Plan Rows": 716066,
                      "Plan Width": 4,
                      "Actual Startup Time": 0.012,
                      "Actual Total Time": 82.693,
                      "Actual Rows": 555214,
                      "Actual Loops": 4,
                      "Filter": "(company_id < 83432)",
                      "Rows Removed by Filter": 97068
                    },
                    {
                      "Node Type": "Hash",
                      "Parent Relationship": "Inner",
                      "Parallel Aware": true,
                      "Startup Cost": 43899.32,
                      "Total Cost": 43899.32,
                      "Plan Rows": 41679,
                      "Plan Width": 4,
                      "Actual Startup Time": 111.736,
                      "Actual Total Time": 111.737,
                      "Actual Rows": 45239,
                      "Actual Loops": 4,
                      "Hash Buckets": 262144,
                      "Original Hash Buckets": 262144,
                      "Hash Batches": 1,
                      "Original Hash Batches": 1,
                      "Peak Memory Usage": 9216,
                      "Plans": [
                        {
                          "Node Type": "Seq Scan",
                          "Parent Relationship": "Outer",
                          "Parallel Aware": true,
                          "Relation Name": "title",
                          "Alias": "t",
                          "Startup Cost": 0.0,
                          "Total Cost": 43899.32,
                          "Plan Rows": 41679,
                          "Plan Width": 4,
                          "Actual Startup Time": 0.057,
                          "Actual Total Time": 94.517,
                          "Actual Rows": 45239,
                          "Actual Loops": 4,
                          "Filter": "(production_year < 1953)",
                          "Rows Removed by Filter": 586839
                        }
                      ]
                    }
                  ]
                }
              ]
            }
          ]
        }
      ]
    },
    "Planning Time": 0.282,
    "Triggers": [],
    "Execution Time": 304.577
  }
]