[
  {
    "Plan": {
      "Node Type": "Aggregate",
      "Strategy": "Plain",
      "Partial Mode": "Finalize",
      "Parallel Aware": false,
      "Startup Cost": 46544.98,
      "Total Cost": 46544.99,
      "Plan Rows": 1,
      "Plan Width": 8,
      "Actual Startup Time": 186.396,
      "Actual Total Time": 197.121,
      "Actual Rows": 1,
      "Actual Loops": 1,
      "Plans": [
        {
          "Node Type": "Gather",
          "Parent Relationship": "Outer",
          "Parallel Aware": false,
          "Startup Cost": 46544.67,
          "Total Cost": 46544.98,
          "Plan Rows": 3,
          "Plan Width": 8,
          "Actual Startup Time": 186.246,
          "Actual Total Time": 197.11,
          "Actual Rows": 4,
          "Actual Loops": 1,
          "Workers Planned": 3,
          "Workers Launched": 3,
          "Single Copy": false,
          "Plans": [
            {
              "Node Type": "Aggregate",
              "Strategy": "Plain",
              "Partial Mode": "Partial",
              "Parent Relationship": "Outer",
              "Parallel Aware": false,
              "Startup Cost": 45544.67,
              "Total Cost": 45544.68,
              "Plan Rows": 1,
              "Plan Width": 8,
              "Actual Startup Time": 180.893,
              "Actual Total Time": 180.894,
              "Actual Rows": 1,
              "Actual Loops": 4,
              "Plans": [
                {
                  "Node Type": "Seq Scan",
                  "Parent Relationship": "Outer",
                  "Parallel Aware": true,
                  "Relation Name": "movie_keyword",
                  "Alias": "mk",
                  "Startup Cost": 0.0,
                  "Total Cost": 42695.65,
                  "Plan Rows": 1139605,
                  "Plan Width": 0,
                  "Actual Startup Time": 0.03,
                  "Actual Total Time": 135.554,
                  "Actual Rows": 883448,
                  "Actual Loops": 4,
                  "Filter": "(keyword_id < 18694)",
                  "Rows Removed by Filter": 247534
                }
              ]
            }
          ]
        }
      ]
    },
    "Planning Time": 0.235,
    "Triggers": [],
    "Execution Time": 197.202
  }
]