[
  {
    "Plan": {
      "Node Type": "Aggregate",
      "Strategy": "Plain",
      "Partial Mode": "Finalize",
      "Parallel Aware": false,
      "Startup Cost": 426000.06,
      "Total Cost": 426000.07,
      "Plan Rows": 1,
      "Plan Width": 8,
      "Actual Startup Time": 2341.497,
      "Actual Total Time": 2395.662,
      "Actual Rows": 1,
      "Actual Loops": 1,
      "Plans": [
        {
          "Node Type": "Gather",
          "Parent Relationship": "Outer",
          "Parallel Aware": false,
          "Startup Cost": 425999.44,
          "Total Cost": 426000.05,
          "Plan Rows": 6,
          "Plan Width": 8,
          "Actual Startup Time": 2332.073,
          "Actual Total Time": 2395.649,
          "Actual Rows": 7,
          "Actual Loops": 1,
          "Workers Planned": 6,
          "Workers Launched": 6,
          "Single Copy": false,
          "Plans": [
            {
              "Node Type": "Aggregate",
              "Strategy": "Plain",
              "Partial Mode": "Partial",
              "Parent Relationship": "Outer",
              "Parallel Aware": false,
              "Startup Cost": 424999.44,
              "Total Cost": 424999.45,
              "Plan Rows": 1,
              "Plan Width": 8,
              "Actual Startup Time": 2323.389,
              "Actual Total Time": 2323.775,
              "Actual Rows": 1,
              "Actual Loops": 7,
              "Plans": [
                {
                  "Node Type": "Hash Join",
                  "Parent Relationship": "Outer",
                  "Parallel Aware": true,
                  "Join Type": "Inner",
                  "Startup Cost": 66602.17,
                  "Total Cost": 421313.56,
                  "Plan Rows": 1474350,
                  "Plan Width": 0,
                  "Actual Startup Time": 302.172,
                  "Actual Total Time": 2172.323,
                  "Actual Rows": 2995713,
                  "Actual Loops": 7,
                  "Inner Unique": false,
                  "Hash Cond": "(ci.movie_id = t.id)",
                  "Plans": [
                    {
                      "Node Type": "Seq Scan",
                      "Parent Relationship": "Outer",
                      "Parallel Aware": true,
                      "Relation Name": "cast_info",
                      "Alias": "ci",
                      "Startup Cost": 0.0,
                      "Total Cost": 328211.39,
                      "Plan Rows": 5428502,
                      "Plan Width": 4,
                      "Actual Startup Time": 0.036,
                      "Actual Total Time": 690.616,
                      "Actual Rows": 4653945,
                      "Actual Loops": 7,
                      "Filter": "(person_id < 3395780)",
                      "Rows Removed by Filter": 523818
                    },
                    {
                      "Node Type": "Hash",
                      "Parent Relationship": "Inner",
                      "Parallel Aware": true,
                      "Startup Cost": 63025.58,
                      "Total Cost": 63025.58,
                      "Plan Rows": 286127,
                      "Plan Width": 8,
                      "Actual Startup Time": 299.79,
                      "Actual Total Time": 300.174,
                      "Actual Rows": 120019,
                      "Actual Loops": 7,
                      "Hash Buckets": 1048576,
                      "Original Hash Buckets": 1048576,
                      "Hash Batches": 1,
                      "Original Hash Batches": 1,
                      "Peak Memory Usage": 41184,
                      "Plans": [
                        {
                          "Node Type": "Hash Join",
                          "Parent Relationship": "Outer",
                          "Parallel Aware": true,
                          "Join Type": "Inner",
                          "Startup Cost": 47831.02,
                          "Total Cost": 63025.58,
                          "Plan Rows": 286127,
                          "Plan Width": 8,
                          "Actual Startup Time": 180.84,
                          "Actual Total Time": 256.877,
                          "Actual Rows": 120019,
                          "Actual Loops": 7,
                          "Inner Unique": true,
                          "Hash Cond": "(mi_idx.movie_id = t.id)",
                          "Plans": [
                            {
                              "Node Type": "Seq Scan",
                              "Parent Relationship": "Outer",
                              "Parallel Aware": true,
                              "Relation Name": "movie_info_idx",
                              "Alias": "mi_idx",
                              "Startup Cost": 0.0,
                              "Total Cost": 13685.15,
                              "Plan Rows": 575015,
                              "Plan Width": 4,
                              "Actual Startup Time": 0.019,
                              "Actual Total Time": 22.868,
                              "Actual Rows": 197148,
                              "Actual Loops": 7
                            },
                            {
                              "Node Type": "Hash",
                              "Parent Relationship": "Inner",
                              "Parallel Aware": true,
                              "Startup Cost": 43899.32,
                              "Total Cost": 43899.32,
                              "Plan Rows": 314536,
                              "Plan Width": 4,
                              "Actual Startup Time": 178.258,
                              "Actual Total Time": 178.259,
                              "Actual Rows": 180529,
                              "Actual Loops": 7,
                              "Hash Buckets": 2097152,
                              "Original Hash Buckets": 2097152,
                              "Hash Batches": 1,
                              "Original Hash Batches": 1,
                              "Peak Memory Usage": 65920,
                              "Plans": [
                                {
                                  "Node Type": "Seq Scan",
                                  "Parent Relationship": "Outer",
                                  "Parallel Aware": true,
                                  "Relation Name": "title",
                                  "Alias": "t",
                                  "Startup Cost": 0.0,
                                  "Total Cost": 43899.32,
                                  "Plan Rows": 314536,
                                  "Plan Width": 4,
                                  "Actual Startup Time": 0.046,
                                  "Actual Total Time": 83.278,
                                  "Actual Rows": 180529,
                                  "Actual Loops": 7,
                                  "Filter": "(production_year < 2004)",
                                  "Rows Removed by Filter": 180659
                                }
                              ]
                            }
                          ]
                        }
                      ]
                    }
                  ]
                }
              ]
            }
          ]
        }
      ]
    },
    "Planning Time": 0.571,
    "Triggers": [],
    "Execution Time": 2395.716
  }
]