{
  "Plan": {
    "Node Type": "Aggregate",
    "Strategy": "Plain",
    "Partial Mode": "Finalize",
    "Parallel Aware": false,
    "Startup Cost": 36018.18,
    "Total Cost": 36018.19,
    "Plan Rows": 1,
    "Plan Width": 8,
    "Actual Startup Time": 54.836,
    "Actual Total Time": 62.292,
    "Actual Rows": 1,
    "Actual Loops": 1,
    "Plans": [
      {
        "Node Type": "Gather",
        "Parent Relationship": "Outer",
        "Parallel Aware": false,
        "Startup Cost": 36018.07,
        "Total Cost": 36018.18,
        "Plan Rows": 1,
        "Plan Width": 8,
        "Actual Startup Time": 54.71,
        "Actual Total Time": 62.286,
        "Actual Rows": 2,
        "Actual Loops": 1,
        "Workers Planned": 1,
        "Workers Launched": 1,
        "Single Copy": false,
        "Plans": [
          {
            "Node Type": "Aggregate",
            "Strategy": "Plain",
            "Partial Mode": "Partial",
            "Parent Relationship": "Outer",
            "Parallel Aware": false,
            "Startup Cost": 35018.07,
            "Total Cost": 35018.08,
            "Plan Rows": 1,
            "Plan Width": 8,
            "Actual Startup Time": 48.214,
            "Actual Total Time": 48.215,
            "Actual Rows": 1,
            "Actual Loops": 2,
            "Plans": [
              {
                "Node Type": "Nested Loop",
                "Parent Relationship": "Outer",
                "Parallel Aware": false,
                "Join Type": "Inner",
                "Startup Cost": 113.03,
                "Total Cost": 35017.98,
                "Plan Rows": 34,
                "Plan Width": 0,
                "Actual Startup Time": 16.585,
                "Actual Total Time": 48.184,
                "Actual Rows": 190,
                "Actual Loops": 2,
                "Inner Unique": false,
                "Plans": [
                  {
                    "Node Type": "Nested Loop",
                    "Parent Relationship": "Outer",
                    "Parallel Aware": false,
                    "Join Type": "Inner",
                    "Startup Cost": 112.6,
                    "Total Cost": 34668.07,
                    "Plan Rows": 398,
                    "Plan Width": 8,
                    "Actual Startup Time": 14.933,
                    "Actual Total Time": 40.248,
                    "Actual Rows": 487,
                    "Actual Loops": 2,
                    "Inner Unique": true,
                    "Plans": [
                      {
                        "Node Type": "Bitmap Heap Scan",
                        "Parent Relationship": "Outer",
                        "Parallel Aware": true,
                        "Relation Name": "movie_keyword",
                        "Alias": "mk",
                        "Startup Cost": 112.17,
                        "Total Cost": 12648.41,
                        "Plan Rows": 3016,
                        "Plan Width": 4,
                        "Actual Startup Time": 3.615,
                        "Actual Total Time": 14.718,
                        "Actual Rows": 2808,
                        "Actual Loops": 2,
                        "Recheck Cond": "(keyword_id = 1603)",
                        "Rows Removed by Index Recheck": 0,
                        "Exact Heap Blocks": 3784,
                        "Lossy Heap Blocks": 0,
                        "Plans": [
                          {
                            "Node Type": "Bitmap Index Scan",
                            "Parent Relationship": "Outer",
                            "Parallel Aware": false,
                            "Index Name": "keyword_id_movie_keyword",
                            "Startup Cost": 0.0,
                            "Total Cost": 110.89,
                            "Plan Rows": 5127,
                            "Plan Width": 0,
                            "Actual Startup Time": 4.54,
                            "Actual Total Time": 4.54,
                            "Actual Rows": 5617,
                            "Actual Loops": 1,
                            "Index Cond": "(keyword_id = 1603)"
                          }
                        ]
                      },
                      {
                        "Node Type": "Index Scan",
                        "Parent Relationship": "Inner",
                        "Parallel Aware": false,
                        "Scan Direction": "Forward",
                        "Index Name": "title_pkey",
                        "Relation Name": "title",
                        "Alias": "t",
                        "Startup Cost": 0.43,
                        "Total Cost": 7.3,
                        "Plan Rows": 1,
                        "Plan Width": 4,
                        "Actual Startup Time": 0.009,
                        "Actual Total Time": 0.009,
                        "Actual Rows": 0,
                        "Actual Loops": 5617,
                        "Index Cond": "(id = mk.movie_id)",
                        "Rows Removed by Index Recheck": 0,
                        "Filter": "((production_year > 2002) AND (kind_id = 1))",
                        "Rows Removed by Filter": 1
                      }
                    ]
                  },
                  {
                    "Node Type": "Index Scan",
                    "Parent Relationship": "Inner",
                    "Parallel Aware": false,
                    "Scan Direction": "Forward",
                    "Index Name": "movie_id_movie_companies",
                    "Relation Name": "movie_companies",
                    "Alias": "mc",
                    "Startup Cost": 0.43,
                    "Total Cost": 0.87,
                    "Plan Rows": 1,
                    "Plan Width": 4,
                    "Actual Startup Time": 0.015,
                    "Actual Total Time": 0.016,
                    "Actual Rows": 0,
                    "Actual Loops": 974,
                    "Index Cond": "(movie_id = t.id)",
                    "Rows Removed by Index Recheck": 0,
                    "Filter": "(company_id < 73)",
                    "Rows Removed by Filter": 12
                  }
                ]
              }
            ]
          }
        ]
      }
    ]
  },
  "Planning Time": 1.134,
  "Triggers": [],
  "Execution Time": 62.392
}