[
  {
    "Plan": {
      "Node Type": "Aggregate",
      "Strategy": "Plain",
      "Partial Mode": "Finalize",
      "Parallel Aware": false,
      "Startup Cost": 159268.7,
      "Total Cost": 159268.71,
      "Plan Rows": 1,
      "Plan Width": 8,
      "Actual Startup Time": 241.894,
      "Actual Total Time": 254.161,
      "Actual Rows": 1,
      "Actual Loops": 1,
      "Plans": [
        {
          "Node Type": "Gather",
          "Parent Relationship": "Outer",
          "Parallel Aware": false,
          "Startup Cost": 159268.18,
          "Total Cost": 159268.69,
          "Plan Rows": 5,
          "Plan Width": 8,
          "Actual Startup Time": 241.765,
          "Actual Total Time": 254.149,
          "Actual Rows": 6,
          "Actual Loops": 1,
          "Workers Planned": 5,
          "Workers Launched": 5,
          "Single Copy": false,
          "Plans": [
            {
              "Node Type": "Aggregate",
              "Strategy": "Plain",
              "Partial Mode": "Partial",
              "Parent Relationship": "Outer",
              "Parallel Aware": false,
              "Startup Cost": 158268.18,
              "Total Cost": 158268.19,
              "Plan Rows": 1,
              "Plan Width": 8,
              "Actual Startup Time": 231.812,
              "Actual Total Time": 231.813,
              "Actual Rows": 1,
              "Actual Loops": 6,
              "Plans": [
                {
                  "Node Type": "Index Scan",
                  "Parent Relationship": "Outer",
                  "Parallel Aware": true,
                  "Scan Direction": "Forward",
                  "Index Name": "role_id_cast_info",
                  "Relation Name": "cast_info",
                  "Alias": "ci",
                  "Startup Cost": 0.56,
                  "Total Cost": 156659.89,
                  "Plan Rows": 643317,
                  "Plan Width": 0,
                  "Actual Startup Time": 0.202,
                  "Actual Total Time": 195.196,
                  "Actual Rows": 807542,
                  "Actual Loops": 6,
                  "Index Cond": "(role_id > 8)",
                  "Rows Removed by Index Recheck": 0,
                  "Filter": "(person_id > 1573742)",
                  "Rows Removed by Filter": 147907
                }
              ]
            }
          ]
        }
      ]
    },
    "Planning Time": 0.148,
    "Triggers": [],
    "Execution Time": 254.205
  }
]