[
  {
    "Plan": {
      "Node Type": "Aggregate",
      "Strategy": "Plain",
      "Partial Mode": "Finalize",
      "Parallel Aware": false,
      "Startup Cost": 333726.37,
      "Total Cost": 333726.38,
      "Plan Rows": 1,
      "Plan Width": 8,
      "Actual Startup Time": 765.274,
      "Actual Total Time": 814.915,
      "Actual Rows": 1,
      "Actual Loops": 1,
      "Plans": [
        {
          "Node Type": "Gather",
          "Parent Relationship": "Outer",
          "Parallel Aware": false,
          "Startup Cost": 333725.75,
          "Total Cost": 333726.36,
          "Plan Rows": 6,
          "Plan Width": 8,
          "Actual Startup Time": 765.014,
          "Actual Total Time": 814.902,
          "Actual Rows": 7,
          "Actual Loops": 1,
          "Workers Planned": 6,
          "Workers Launched": 6,
          "Single Copy": false,
          "Plans": [
            {
              "Node Type": "Aggregate",
              "Strategy": "Plain",
              "Partial Mode": "Partial",
              "Parent Relationship": "Outer",
              "Parallel Aware": false,
              "Startup Cost": 332725.75,
              "Total Cost": 332725.76,
              "Plan Rows": 1,
              "Plan Width": 8,
              "Actual Startup Time": 754.418,
              "Actual Total Time": 754.419,
              "Actual Rows": 1,
              "Actual Loops": 7,
              "Plans": [
                {
                  "Node Type": "Seq Scan",
                  "Parent Relationship": "Outer",
                  "Parallel Aware": true,
                  "Relation Name": "cast_info",
                  "Alias": "ci",
                  "Startup Cost": 0.0,
                  "Total Cost": 328211.39,
                  "Plan Rows": 1805742,
                  "Plan Width": 0,
                  "Actual Startup Time": 0.068,
                  "Actual Total Time": 657.538,
                  "Actual Rows": 1555830,
                  "Actual Loops": 7,
                  "Filter": "(person_id < 1070005)",
                  "Rows Removed by Filter": 3621934
                }
              ]
            }
          ]
        }
      ]
    },
    "Planning Time": 0.188,
    "Triggers": [],
    "Execution Time": 815.03
  }
]