[
  {
    "Plan": {
      "Node Type": "Aggregate",
      "Strategy": "Plain",
      "Partial Mode": "Finalize",
      "Parallel Aware": false,
      "Startup Cost": 418159.74,
      "Total Cost": 418159.75,
      "Plan Rows": 1,
      "Plan Width": 8,
      "Actual Startup Time": 1021.138,
      "Actual Total Time": 1066.662,
      "Actual Rows": 1,
      "Actual Loops": 1,
      "Plans": [
        {
          "Node Type": "Gather",
          "Parent Relationship": "Outer",
          "Parallel Aware": false,
          "Startup Cost": 418159.11,
          "Total Cost": 418159.72,
          "Plan Rows": 6,
          "Plan Width": 8,
          "Actual Startup Time": 1013.2,
          "Actual Total Time": 1066.654,
          "Actual Rows": 7,
          "Actual Loops": 1,
          "Workers Planned": 6,
          "Workers Launched": 6,
          "Single Copy": false,
          "Plans": [
            {
              "Node Type": "Aggregate",
              "Strategy": "Plain",
              "Partial Mode": "Partial",
              "Parent Relationship": "Outer",
              "Parallel Aware": false,
              "Startup Cost": 417159.11,
              "Total Cost": 417159.12,
              "Plan Rows": 1,
              "Plan Width": 8,
              "Actual Startup Time": 1007.295,
              "Actual Total Time": 1007.36,
              "Actual Rows": 1,
              "Actual Loops": 7,
              "Plans": [
                {
                  "Node Type": "Hash Join",
                  "Parent Relationship": "Outer",
                  "Parallel Aware": true,
                  "Join Type": "Inner",
                  "Startup Cost": 79726.45,
                  "Total Cost": 415982.1,
                  "Plan Rows": 470803,
                  "Plan Width": 0,
                  "Actual Startup Time": 243.287,
                  "Actual Total Time": 988.476,
                  "Actual Rows": 434767,
                  "Actual Loops": 7,
                  "Inner Unique": false,
                  "Hash Cond": "(ci.movie_id = t.id)",
                  "Plans": [
                    {
                      "Node Type": "Seq Scan",
                      "Parent Relationship": "Outer",
                      "Parallel Aware": true,
                      "Relation Name": "cast_info",
                      "Alias": "ci",
                      "Startup Cost": 0.0,
                      "Total Cost": 328213.62,
                      "Plan Rows": 1739552,
                      "Plan Width": 4,
                      "Actual Startup Time": 0.026,
                      "Actual Total Time": 499.542,
                      "Actual Rows": 1490385,
                      "Actual Loops": 7,
                      "Filter": "(person_id < 1024473)",
                      "Rows Removed by Filter": 3687379
                    },
                    {
                      "Node Type": "Hash",
                      "Parent Relationship": "Inner",
                      "Parallel Aware": true,
                      "Startup Cost": 76967.25,
                      "Total Cost": 76967.25,
                      "Plan Rows": 220736,
                      "Plan Width": 8,
                      "Actual Startup Time": 241.591,
                      "Actual Total Time": 241.655,
                      "Actual Rows": 59908,
                      "Actual Loops": 7,
                      "Hash Buckets": 1048576,
                      "Original Hash Buckets": 1048576,
                      "Hash Batches": 1,
                      "Original Hash Batches": 1,
                      "Peak Memory Usage": 24704,
                      "Plans": [
                        {
                          "Node Type": "Hash Join",
                          "Parent Relationship": "Outer",
                          "Parallel Aware": true,
                          "Join Type": "Inner",
                          "Startup Cost": 47551.36,
                          "Total Cost": 76967.25,
                          "Plan Rows": 220736,
                          "Plan Width": 8,
                          "Actual Startup Time": 113.037,
                          "Actual Total Time": 220.256,
                          "Actual Rows": 59908,
                          "Actual Loops": 7,
                          "Inner Unique": true,
                          "Hash Cond": "(mc.movie_id = t.id)",
                          "Plans": [
                            {
                              "Node Type": "Seq Scan",
                              "Parent Relationship": "Outer",
                              "Parallel Aware": true,
                              "Relation Name": "movie_companies",
                              "Alias": "mc",
                              "Startup Cost": 0.0,
                              "Total Cost": 27206.55,
                              "Plan Rows": 841655,
                              "Plan Width": 4,
                              "Actual Startup Time": 0.023,
                              "Actual Total Time": 36.075,
                              "Actual Rows": 372733,
                              "Actual Loops": 7
                            },
                            {
                              "Node Type": "Hash",
                              "Parent Relationship": "Inner",
                              "Parallel Aware": true,
                              "Startup Cost": 45479.21,
                              "Total Cost": 45479.21,
                              "Plan Rows": 165772,
                              "Plan Width": 4,
                              "Actual Startup Time": 111.848,
                              "Actual Total Time": 111.849,
                              "Actual Rows": 100618,
                              "Actual Loops": 7,
                              "Hash Buckets": 1048576,
                              "Original Hash Buckets": 1048576,
                              "Hash Batches": 1,
                              "Original Hash Batches": 1,
                              "Peak Memory Usage": 35872,
                              "Plans": [
                                {
                                  "Node Type": "Seq Scan",
                                  "Parent Relationship": "Outer",
                                  "Parallel Aware": true,
                                  "Relation Name": "title",
                                  "Alias": "t",
                                  "Startup Cost": 0.0,
                                  "Total Cost": 45479.21,
                                  "Plan Rows": 165772,
                                  "Plan Width": 4,
                                  "Actual Startup Time": 0.028,
                                  "Actual Total Time": 67.931,
                                  "Actual Rows": 100618,
                                  "Actual Loops": 7,
                                  "Filter": "((kind_id > 1) AND (production_year > 2006))",
                                  "Rows Removed by Filter": 260569
                                }
                              ]
                            }
                          ]
                        }
                      ]
                    }
                  ]
                }
              ]
            }
          ]
        }
      ]
    },
    "Planning Time": 0.405,
    "Triggers": [],
    "Execution Time": 1066.705
  }
]