[
  {
    "Plan": {
      "Node Type": "Aggregate",
      "Strategy": "Plain",
      "Partial Mode": "Finalize",
      "Parallel Aware": false,
      "Startup Cost": 418159.34,
      "Total Cost": 418159.35,
      "Plan Rows": 1,
      "Plan Width": 8,
      "Actual Startup Time": 1432.467,
      "Actual Total Time": 1507.884,
      "Actual Rows": 1,
      "Actual Loops": 1,
      "Plans": [
        {
          "Node Type": "Gather",
          "Parent Relationship": "Outer",
          "Parallel Aware": false,
          "Startup Cost": 418158.71,
          "Total Cost": 418159.32,
          "Plan Rows": 6,
          "Plan Width": 8,
          "Actual Startup Time": 1420.889,
          "Actual Total Time": 1507.87,
          "Actual Rows": 7,
          "Actual Loops": 1,
          "Workers Planned": 6,
          "Workers Launched": 6,
          "Single Copy": false,
          "Plans": [
            {
              "Node Type": "Aggregate",
              "Strategy": "Plain",
              "Partial Mode": "Partial",
              "Parent Relationship": "Outer",
              "Parallel Aware": false,
              "Startup Cost": 417158.71,
              "Total Cost": 417158.72,
              "Plan Rows": 1,
              "Plan Width": 8,
              "Actual Startup Time": 1408.898,
              "Actual Total Time": 1409.015,
              "Actual Rows": 1,
              "Actual Loops": 7,
              "Plans": [
                {
                  "Node Type": "Hash Join",
                  "Parent Relationship": "Outer",
                  "Parallel Aware": true,
                  "Join Type": "Inner",
                  "Startup Cost": 79791.98,
                  "Total Cost": 415972.27,
                  "Plan Rows": 474578,
                  "Plan Width": 0,
                  "Actual Startup Time": 336.728,
                  "Actual Total Time": 1382.235,
                  "Actual Rows": 434767,
                  "Actual Loops": 7,
                  "Inner Unique": false,
                  "Hash Cond": "(ci.movie_id = t.id)",
                  "Plans": [
                    {
                      "Node Type": "Seq Scan",
                      "Parent Relationship": "Outer",
                      "Parallel Aware": true,
                      "Relation Name": "cast_info",
                      "Alias": "ci",
                      "Startup Cost": 0.0,
                      "Total Cost": 328162.03,
                      "Plan Rows": 1729964,
                      "Plan Width": 4,
                      "Actual Startup Time": 0.03,
                      "Actual Total Time": 693.444,
                      "Actual Rows": 1490385,
                      "Actual Loops": 7,
                      "Filter": "(person_id < 1024473)",
                      "Rows Removed by Filter": 3687379
                    },
                    {
                      "Node Type": "Hash",
                      "Parent Relationship": "Inner",
                      "Parallel Aware": true,
                      "Startup Cost": 76995.28,
                      "Total Cost": 76995.28,
                      "Plan Rows": 223736,
                      "Plan Width": 8,
                      "Actual Startup Time": 333.586,
                      "Actual Total Time": 333.701,
                      "Actual Rows": 59908,
                      "Actual Loops": 7,
                      "Hash Buckets": 1048576,
                      "Original Hash Buckets": 1048576,
                      "Hash Batches": 1,
                      "Original Hash Batches": 1,
                      "Peak Memory Usage": 24736,
                      "Plans": [
                        {
                          "Node Type": "Hash Join",
                          "Parent Relationship": "Outer",
                          "Parallel Aware": true,
                          "Join Type": "Inner",
                          "Startup Cost": 47579.39,
                          "Total Cost": 76995.28,
                          "Plan Rows": 223736,
                          "Plan Width": 8,
                          "Actual Startup Time": 156.992,
                          "Actual Total Time": 302.718,
                          "Actual Rows": 59908,
                          "Actual Loops": 7,
                          "Inner Unique": true,
                          "Hash Cond": "(mc.movie_id = t.id)",
                          "Plans": [
                            {
                              "Node Type": "Seq Scan",
                              "Parent Relationship": "Outer",
                              "Parallel Aware": true,
                              "Relation Name": "movie_companies",
                              "Alias": "mc",
                              "Startup Cost": 0.0,
                              "Total Cost": 27206.55,
                              "Plan Rows": 841655,
                              "Plan Width": 4,
                              "Actual Startup Time": 0.027,
                              "Actual Total Time": 49.792,
                              "Actual Rows": 372733,
                              "Actual Loops": 7
                            },
                            {
                              "Node Type": "Hash",
                              "Parent Relationship": "Inner",
                              "Parallel Aware": true,
                              "Startup Cost": 45479.1,
                              "Total Cost": 45479.1,
                              "Plan Rows": 168023,
                              "Plan Width": 4,
                              "Actual Startup Time": 155.211,
                              "Actual Total Time": 155.212,
                              "Actual Rows": 100618,
                              "Actual Loops": 7,
                              "Hash Buckets": 1048576,
                              "Original Hash Buckets": 1048576,
                              "Hash Batches": 1,
                              "Original Hash Batches": 1,
                              "Peak Memory Usage": 35840,
                              "Plans": [
                                {
                                  "Node Type": "Seq Scan",
                                  "Parent Relationship": "Outer",
                                  "Parallel Aware": true,
                                  "Relation Name": "title",
                                  "Alias": "t",
                                  "Startup Cost": 0.0,
                                  "Total Cost": 45479.1,
                                  "Plan Rows": 168023,
                                  "Plan Width": 4,
                                  "Actual Startup Time": 0.047,
                                  "Actual Total Time": 92.602,
                                  "Actual Rows": 100618,
                                  "Actual Loops": 7,
                                  "Filter": "((kind_id > 1) AND (production_year > 2006))",
                                  "Rows Removed by Filter": 260569
                                }
                              ]
                            }
                          ]
                        }
                      ]
                    }
                  ]
                }
              ]
            }
          ]
        }
      ]
    },
    "Planning Time": 1.49,
    "Triggers": [],
    "Execution Time": 1507.992
  }
]