[
  {
    "Plan": {
      "Node Type": "Aggregate",
      "Strategy": "Plain",
      "Partial Mode": "Finalize",
      "Parallel Aware": false,
      "Startup Cost": 32670.08,
      "Total Cost": 32670.09,
      "Plan Rows": 1,
      "Plan Width": 8,
      "Actual Startup Time": 88.313,
      "Actual Total Time": 97.09,
      "Actual Rows": 1,
      "Actual Loops": 1,
      "Plans": [
        {
          "Node Type": "Gather",
          "Parent Relationship": "Outer",
          "Parallel Aware": false,
          "Startup Cost": 32669.76,
          "Total Cost": 32670.07,
          "Plan Rows": 3,
          "Plan Width": 8,
          "Actual Startup Time": 88.219,
          "Actual Total Time": 97.081,
          "Actual Rows": 4,
          "Actual Loops": 1,
          "Workers Planned": 3,
          "Workers Launched": 3,
          "Single Copy": false,
          "Plans": [
            {
              "Node Type": "Aggregate",
              "Strategy": "Plain",
              "Partial Mode": "Partial",
              "Parent Relationship": "Outer",
              "Parallel Aware": false,
              "Startup Cost": 31669.76,
              "Total Cost": 31669.77,
              "Plan Rows": 1,
              "Plan Width": 8,
              "Actual Startup Time": 80.863,
              "Actual Total Time": 80.865,
              "Actual Rows": 1,
              "Actual Loops": 4,
              "Plans": [
                {
                  "Node Type": "Seq Scan",
                  "Parent Relationship": "Outer",
                  "Parallel Aware": true,
                  "Relation Name": "movie_companies",
                  "Alias": "mc",
                  "Startup Cost": 0.0,
                  "Total Cost": 31414.82,
                  "Plan Rows": 101978,
                  "Plan Width": 0,
                  "Actual Startup Time": 37.857,
                  "Actual Total Time": 80.525,
                  "Actual Rows": 5282,
                  "Actual Loops": 4,
                  "Filter": "((company_id > 53654) AND (company_type_id = 1))",
                  "Rows Removed by Filter": 647000
                }
              ]
            }
          ]
        }
      ]
    },
    "Planning Time": 0.136,
    "Triggers": [],
    "Execution Time": 97.129
  }
]