{
    "Plan": {
        "Node Type": "Aggregate",
        "Strategy": "Plain",
        "Partial Mode": "Simple",
        "Parallel Aware": false,
        "Startup Cost": 60004007805.02,
        "Total Cost": 60004007805.03,
        "Plan Rows": 1,
        "Plan Width": 128,
        "Actual Startup Time": 33531.105,
        "Actual Total Time": 33531.142,
        "Actual Rows": 1,
        "Actual Loops": 1,
        "Output": [
            "min(chn.name)",
            "min(mi_idx.info)",
            "min(n.name)",
            "min(t.title)"
        ],
        "Plans": [
            {
                "Node Type": "Nested Loop",
                "Parent Relationship": "Outer",
                "Parallel Aware": false,
                "Join Type": "Inner",
                "Startup Cost": 60003923774.58,
                "Total Cost": 60004007805.01,
                "Plan Rows": 1,
                "Plan Width": 53,
                "Actual Startup Time": 32922.507,
                "Actual Total Time": 33529.233,
                "Actual Rows": 5422,
                "Actual Loops": 1,
                "Output": [
                    "chn.name",
                    "mi_idx.info",
                    "n.name",
                    "t.title"
                ],
                "Inner Unique": true,
                "Plans": [
                    {
                        "Node Type": "Hash Join",
                        "Parent Relationship": "Outer",
                        "Parallel Aware": false,
                        "Join Type": "Inner",
                        "Startup Cost": 50003923774.44,
                        "Total Cost": 50004007796.84,
                        "Plan Rows": 1,
                        "Plan Width": 57,
                        "Actual Startup Time": 32922.468,
                        "Actual Total Time": 33507.124,
                        "Actual Rows": 5422,
                        "Actual Loops": 1,
                        "Output": [
                            "cc.status_id",
                            "chn.name",
                            "mi_idx.info",
                            "n.name",
                            "t.title"
                        ],
                        "Inner Unique": false,
                        "Hash Cond": "(chn.id = ci.person_role_id)",
                        "Plans": [
                            {
                                "Node Type": "Seq Scan",
                                "Parent Relationship": "Outer",
                                "Parallel Aware": false,
                                "Relation Name": "char_name",
                                "Schema": "public",
                                "Alias": "chn",
                                "Startup Cost": 10000000000.0,
                                "Total Cost": 10000083551.41,
                                "Plan Rows": 125596,
                                "Plan Width": 20,
                                "Actual Startup Time": 0.018,
                                "Actual Total Time": 551.137,
                                "Actual Rows": 180152,
                                "Actual Loops": 1,
                                "Output": [
                                    "chn.id",
                                    "chn.name",
                                    "chn.imdb_index",
                                    "chn.imdb_id",
                                    "chn.name_pcode_nf",
                                    "chn.surname_pcode",
                                    "chn.md5sum"
                                ],
                                "Filter": "((chn.name IS NOT NULL) AND ((chn.name ~~ '%man%'::text) OR (chn.name ~~ '%Man%'::text)))",
                                "Rows Removed by Filter": 2960187
                            },
                            {
                                "Node Type": "Hash",
                                "Parent Relationship": "Inner",
                                "Parallel Aware": false,
                                "Startup Cost": 40003923774.43,
                                "Total Cost": 40003923774.43,
                                "Plan Rows": 1,
                                "Plan Width": 45,
                                "Actual Startup Time": 32922.354,
                                "Actual Total Time": 32922.388,
                                "Actual Rows": 70644,
                                "Actual Loops": 1,
                                "Output": [
                                    "cc.status_id",
                                    "ci.person_role_id",
                                    "mi_idx.info",
                                    "n.name",
                                    "t.title"
                                ],
                                "Hash Buckets": 131072,
                                "Original Hash Buckets": 1024,
                                "Hash Batches": 1,
                                "Original Hash Batches": 1,
                                "Peak Memory Usage": 6225,
                                "Plans": [
                                    {
                                        "Node Type": "Hash Join",
                                        "Parent Relationship": "Outer",
                                        "Parallel Aware": false,
                                        "Join Type": "Inner",
                                        "Startup Cost": 40003740552.01,
                                        "Total Cost": 40003923774.43,
                                        "Plan Rows": 1,
                                        "Plan Width": 45,
                                        "Actual Startup Time": 31263.223,
                                        "Actual Total Time": 32901.677,
                                        "Actual Rows": 172906,
                                        "Actual Loops": 1,
                                        "Output": [
                                            "cc.status_id",
                                            "ci.person_role_id",
                                            "mi_idx.info",
                                            "n.name",
                                            "t.title"
                                        ],
                                        "Inner Unique": true,
                                        "Hash Cond": "(cc.subject_id = cct1.id)",
                                        "Plans": [
                                            {
                                                "Node Type": "Merge Join",
                                                "Parent Relationship": "Outer",
                                                "Parallel Aware": false,
                                                "Join Type": "Inner",
                                                "Startup Cost": 40003740539.8,
                                                "Total Cost": 40003923762.21,
                                                "Plan Rows": 1,
                                                "Plan Width": 49,
                                                "Actual Startup Time": 31263.189,
                                                "Actual Total Time": 32872.807,
                                                "Actual Rows": 237942,
                                                "Actual Loops": 1,
                                                "Output": [
                                                    "cc.subject_id",
                                                    "cc.status_id",
                                                    "ci.person_role_id",
                                                    "mi_idx.info",
                                                    "n.name",
                                                    "t.title"
                                                ],
                                                "Inner Unique": false,
                                                "Merge Cond": "(n.id = ci.person_id)",
                                                "Plans": [
                                                    {
                                                        "Node Type": "Index Scan",
                                                        "Parent Relationship": "Outer",
                                                        "Parallel Aware": false,
                                                        "Scan Direction": "Forward",
                                                        "Index Name": "name_pkey",
                                                        "Relation Name": "name",
                                                        "Schema": "public",
                                                        "Alias": "n",
                                                        "Startup Cost": 0.43,
                                                        "Total Cost": 178173.8,
                                                        "Plan Rows": 4167549,
                                                        "Plan Width": 19,
                                                        "Actual Startup Time": 0.011,
                                                        "Actual Total Time": 1278.51,
                                                        "Actual Rows": 4061739,
                                                        "Actual Loops": 1,
                                                        "Output": [
                                                            "n.id",
                                                            "n.name",
                                                            "n.imdb_index",
                                                            "n.imdb_id",
                                                            "n.gender",
                                                            "n.name_pcode_cf",
                                                            "n.name_pcode_nf",
                                                            "n.surname_pcode",
                                                            "n.md5sum"
                                                        ]
                                                    },
                                                    {
                                                        "Node Type": "Sort",
                                                        "Parent Relationship": "Inner",
                                                        "Parallel Aware": false,
                                                        "Startup Cost": 40003740528.05,
                                                        "Total Cost": 40003740528.06,
                                                        "Plan Rows": 1,
                                                        "Plan Width": 38,
                                                        "Actual Startup Time": 31262.793,
                                                        "Actual Total Time": 31302.334,
                                                        "Actual Rows": 237942,
                                                        "Actual Loops": 1,
                                                        "Output": [
                                                            "cc.subject_id",
                                                            "cc.status_id",
                                                            "ci.person_role_id",
                                                            "ci.person_id",
                                                            "mi_idx.info",
                                                            "t.title"
                                                        ],
                                                        "Sort Key": [
                                                            "ci.person_id"
                                                        ],
                                                        "Sort Method": "quicksort",
                                                        "Sort Space Used": 25710,
                                                        "Sort Space Type": "Memory",
                                                        "Plans": [
                                                            {
                                                                "Node Type": "Merge Join",
                                                                "Parent Relationship": "Outer",
                                                                "Parallel Aware": false,
                                                                "Join Type": "Inner",
                                                                "Startup Cost": 40001574311.55,
                                                                "Total Cost": 40003740528.04,
                                                                "Plan Rows": 1,
                                                                "Plan Width": 38,
                                                                "Actual Startup Time": 15749.388,
                                                                "Actual Total Time": 31194.433,
                                                                "Actual Rows": 237942,
                                                                "Actual Loops": 1,
                                                                "Output": [
                                                                    "cc.subject_id",
                                                                    "cc.status_id",
                                                                    "ci.person_role_id",
                                                                    "ci.person_id",
                                                                    "mi_idx.info",
                                                                    "t.title"
                                                                ],
                                                                "Inner Unique": false,
                                                                "Merge Cond": "(t.id = ci.movie_id)",
                                                                "Plans": [
                                                                    {
                                                                        "Node Type": "Merge Join",
                                                                        "Parent Relationship": "Outer",
                                                                        "Parallel Aware": false,
                                                                        "Join Type": "Inner",
                                                                        "Startup Cost": 40001574310.98,
                                                                        "Total Cost": 40001574986.27,
                                                                        "Plan Rows": 1,
                                                                        "Plan Width": 46,
                                                                        "Actual Startup Time": 2952.903,
                                                                        "Actual Total Time": 2963.926,
                                                                        "Actual Rows": 1621,
                                                                        "Actual Loops": 1,
                                                                        "Output": [
                                                                            "cc.movie_id",
                                                                            "cc.subject_id",
                                                                            "cc.status_id",
                                                                            "mi_idx.info",
                                                                            "mi_idx.movie_id",
                                                                            "mk.movie_id",
                                                                            "t.title",
                                                                            "t.id"
                                                                        ],
                                                                        "Inner Unique": false,
                                                                        "Merge Cond": "(t.id = cc.movie_id)",
                                                                        "Plans": [
                                                                            {
                                                                                "Node Type": "Sort",
                                                                                "Parent Relationship": "Outer",
                                                                                "Parallel Aware": false,
                                                                                "Startup Cost": 40001560717.42,
                                                                                "Total Cost": 40001560717.42,
                                                                                "Plan Rows": 1,
                                                                                "Plan Width": 34,
                                                                                "Actual Startup Time": 2911.071,
                                                                                "Actual Total Time": 2912.229,
                                                                                "Actual Rows": 2882,
                                                                                "Actual Loops": 1,
                                                                                "Output": [
                                                                                    "mi_idx.info",
                                                                                    "mi_idx.movie_id",
                                                                                    "mk.movie_id",
                                                                                    "t.title",
                                                                                    "t.id"
                                                                                ],
                                                                                "Sort Key": [
                                                                                    "mi_idx.movie_id"
                                                                                ],
                                                                                "Sort Method": "quicksort",
                                                                                "Sort Space Used": 332,
                                                                                "Sort Space Type": "Memory",
                                                                                "Plans": [
                                                                                    {
                                                                                        "Node Type": "Merge Join",
                                                                                        "Parent Relationship": "Outer",
                                                                                        "Parallel Aware": false,
                                                                                        "Join Type": "Inner",
                                                                                        "Startup Cost": 40001560709.97,
                                                                                        "Total Cost": 40001560717.41,
                                                                                        "Plan Rows": 1,
                                                                                        "Plan Width": 34,
                                                                                        "Actual Startup Time": 2880.437,
                                                                                        "Actual Total Time": 2910.386,
                                                                                        "Actual Rows": 2882,
                                                                                        "Actual Loops": 1,
                                                                                        "Output": [
                                                                                            "mi_idx.info",
                                                                                            "mi_idx.movie_id",
                                                                                            "mk.movie_id",
                                                                                            "t.title",
                                                                                            "t.id"
                                                                                        ],
                                                                                        "Inner Unique": false,
                                                                                        "Merge Cond": "(k.id = mk.keyword_id)",
                                                                                        "Plans": [
                                                                                            {
                                                                                                "Node Type": "Sort",
                                                                                                "Parent Relationship": "Outer",
                                                                                                "Parallel Aware": false,
                                                                                                "Startup Cost": 3967.99,
                                                                                                "Total Cost": 3968.02,
                                                                                                "Plan Rows": 10,
                                                                                                "Plan Width": 4,
                                                                                                "Actual Startup Time": 39.192,
                                                                                                "Actual Total Time": 39.197,
                                                                                                "Actual Rows": 8,
                                                                                                "Actual Loops": 1,
                                                                                                "Output": [
                                                                                                    "k.id"
                                                                                                ],
                                                                                                "Sort Key": [
                                                                                                    "k.id"
                                                                                                ],
                                                                                                "Sort Method": "quicksort",
                                                                                                "Sort Space Used": 25,
                                                                                                "Sort Space Type": "Memory",
                                                                                                "Plans": [
                                                                                                    {
                                                                                                        "Node Type": "Seq Scan",
                                                                                                        "Parent Relationship": "Outer",
                                                                                                        "Parallel Aware": false,
                                                                                                        "Relation Name": "keyword",
                                                                                                        "Schema": "public",
                                                                                                        "Alias": "k",
                                                                                                        "Startup Cost": 0.0,
                                                                                                        "Total Cost": 3967.82,
                                                                                                        "Plan Rows": 10,
                                                                                                        "Plan Width": 4,
                                                                                                        "Actual Startup Time": 0.143,
                                                                                                        "Actual Total Time": 39.184,
                                                                                                        "Actual Rows": 8,
                                                                                                        "Actual Loops": 1,
                                                                                                        "Output": [
                                                                                                            "k.id"
                                                                                                        ],
                                                                                                        "Filter": "(k.keyword = ANY ('{death,superhero,revenge,marvel-comics,superhero,murder,marvel-comics,based-on-comic,blood,magnet}'::text[]))",
                                                                                                        "Rows Removed by Filter": 134162
                                                                                                    }
                                                                                                ]
                                                                                            },
                                                                                            {
                                                                                                "Node Type": "Sort",
                                                                                                "Parent Relationship": "Inner",
                                                                                                "Parallel Aware": false,
                                                                                                "Startup Cost": 40001556741.98,
                                                                                                "Total Cost": 40001556745.67,
                                                                                                "Plan Rows": 1476,
                                                                                                "Plan Width": 38,
                                                                                                "Actual Startup Time": 2839.269,
                                                                                                "Actual Total Time": 2857.841,
                                                                                                "Actual Rows": 154691,
                                                                                                "Actual Loops": 1,
                                                                                                "Output": [
                                                                                                    "mi_idx.info",
                                                                                                    "mi_idx.movie_id",
                                                                                                    "mk.movie_id",
                                                                                                    "mk.keyword_id",
                                                                                                    "t.title",
                                                                                                    "t.id"
                                                                                                ],
                                                                                                "Sort Key": [
                                                                                                    "mk.keyword_id"
                                                                                                ],
                                                                                                "Sort Method": "quicksort",
                                                                                                "Sort Space Used": 27448,
                                                                                                "Sort Space Type": "Memory",
                                                                                                "Plans": [
                                                                                                    {
                                                                                                        "Node Type": "Merge Join",
                                                                                                        "Parent Relationship": "Outer",
                                                                                                        "Parallel Aware": false,
                                                                                                        "Join Type": "Inner",
                                                                                                        "Startup Cost": 40001556500.54,
                                                                                                        "Total Cost": 40001556664.28,
                                                                                                        "Plan Rows": 1476,
                                                                                                        "Plan Width": 38,
                                                                                                        "Actual Startup Time": 2719.74,
                                                                                                        "Actual Total Time": 2779.55,
                                                                                                        "Actual Rows": 253175,
                                                                                                        "Actual Loops": 1,
                                                                                                        "Output": [
                                                                                                            "mi_idx.info",
                                                                                                            "mi_idx.movie_id",
                                                                                                            "mk.movie_id",
                                                                                                            "mk.keyword_id",
                                                                                                            "t.title",
                                                                                                            "t.id"
                                                                                                        ],
                                                                                                        "Inner Unique": false,
                                                                                                        "Merge Cond": "(mi_idx.info_type_id = it2.id)",
                                                                                                        "Plans": [
                                                                                                            {
                                                                                                                "Node Type": "Sort",
                                                                                                                "Parent Relationship": "Outer",
                                                                                                                "Parallel Aware": false,
                                                                                                                "Startup Cost": 40001556497.4,
                                                                                                                "Total Cost": 40001556577.85,
                                                                                                                "Plan Rows": 32179,
                                                                                                                "Plan Width": 42,
                                                                                                                "Actual Startup Time": 2703.156,
                                                                                                                "Actual Total Time": 2718.242,
                                                                                                                "Actual Rows": 425091,
                                                                                                                "Actual Loops": 1,
                                                                                                                "Output": [
                                                                                                                    "t.title",
                                                                                                                    "t.id",
                                                                                                                    "mi_idx.info",
                                                                                                                    "mi_idx.movie_id",
                                                                                                                    "mi_idx.info_type_id",
                                                                                                                    "mk.movie_id",
                                                                                                                    "mk.keyword_id"
                                                                                                                ],
                                                                                                                "Sort Key": [
                                                                                                                    "mi_idx.info_type_id"
                                                                                                                ],
                                                                                                                "Sort Method": "quicksort",
                                                                                                                "Sort Space Used": 49766,
                                                                                                                "Sort Space Type": "Memory",
                                                                                                                "Plans": [
                                                                                                                    {
                                                                                                                        "Node Type": "Nested Loop",
                                                                                                                        "Parent Relationship": "Outer",
                                                                                                                        "Parallel Aware": false,
                                                                                                                        "Join Type": "Inner",
                                                                                                                        "Startup Cost": 40000000001.6,
                                                                                                                        "Total Cost": 40001554088.18,
                                                                                                                        "Plan Rows": 32179,
                                                                                                                        "Plan Width": 42,
                                                                                                                        "Actual Startup Time": 1498.043,
                                                                                                                        "Actual Total Time": 2609.137,
                                                                                                                        "Actual Rows": 426384,
                                                                                                                        "Actual Loops": 1,
                                                                                                                        "Output": [
                                                                                                                            "t.title",
                                                                                                                            "t.id",
                                                                                                                            "mi_idx.info",
                                                                                                                            "mi_idx.movie_id",
                                                                                                                            "mi_idx.info_type_id",
                                                                                                                            "mk.movie_id",
                                                                                                                            "mk.keyword_id"
                                                                                                                        ],
                                                                                                                        "Inner Unique": false,
                                                                                                                        "Plans": [
                                                                                                                            {
                                                                                                                                "Node Type": "Nested Loop",
                                                                                                                                "Parent Relationship": "Outer",
                                                                                                                                "Parallel Aware": false,
                                                                                                                                "Join Type": "Inner",
                                                                                                                                "Startup Cost": 30000000000.76,
                                                                                                                                "Total Cost": 30001448419.71,
                                                                                                                                "Plan Rows": 17984,
                                                                                                                                "Plan Width": 34,
                                                                                                                                "Actual Startup Time": 1498.019,
                                                                                                                                "Actual Total Time": 2294.043,
                                                                                                                                "Actual Rows": 32466,
                                                                                                                                "Actual Loops": 1,
                                                                                                                                "Output": [
                                                                                                                                    "t.title",
                                                                                                                                    "t.id",
                                                                                                                                    "mi_idx.info",
                                                                                                                                    "mi_idx.movie_id",
                                                                                                                                    "mi_idx.info_type_id"
                                                                                                                                ],
                                                                                                                                "Inner Unique": true,
                                                                                                                                "Plans": [
                                                                                                                                    {
                                                                                                                                        "Node Type": "Nested Loop",
                                                                                                                                        "Parent Relationship": "Outer",
                                                                                                                                        "Parallel Aware": false,
                                                                                                                                        "Join Type": "Inner",
                                                                                                                                        "Startup Cost": 20000000000.62,
                                                                                                                                        "Total Cost": 20000925155.61,
                                                                                                                                        "Plan Rows": 125885,
                                                                                                                                        "Plan Width": 38,
                                                                                                                                        "Actual Startup Time": 0.064,
                                                                                                                                        "Actual Total Time": 1616.76,
                                                                                                                                        "Actual Rows": 123560,
                                                                                                                                        "Actual Loops": 1,
                                                                                                                                        "Output": [
                                                                                                                                            "mi_idx.info",
                                                                                                                                            "mi_idx.movie_id",
                                                                                                                                            "mi_idx.info_type_id",
                                                                                                                                            "t.title",
                                                                                                                                            "t.kind_id",
                                                                                                                                            "t.id"
                                                                                                                                        ],
                                                                                                                                        "Inner Unique": true,
                                                                                                                                        "Plans": [
                                                                                                                                            {
                                                                                                                                                "Node Type": "Seq Scan",
                                                                                                                                                "Parent Relationship": "Outer",
                                                                                                                                                "Parallel Aware": false,
                                                                                                                                                "Relation Name": "movie_info_idx",
                                                                                                                                                "Schema": "public",
                                                                                                                                                "Alias": "mi_idx",
                                                                                                                                                "Startup Cost": 10000000000.0,
                                                                                                                                                "Total Cost": 10000025185.44,
                                                                                                                                                "Plan Rows": 194028,
                                                                                                                                                "Plan Width": 13,
                                                                                                                                                "Actual Startup Time": 0.041,
                                                                                                                                                "Actual Total Time": 210.359,
                                                                                                                                                "Actual Rows": 192839,
                                                                                                                                                "Actual Loops": 1,
                                                                                                                                                "Output": [
                                                                                                                                                    "mi_idx.id",
                                                                                                                                                    "mi_idx.movie_id",
                                                                                                                                                    "mi_idx.info_type_id",
                                                                                                                                                    "mi_idx.info",
                                                                                                                                                    "mi_idx.note"
                                                                                                                                                ],
                                                                                                                                                "Filter": "(mi_idx.info > '7.0'::text)",
                                                                                                                                                "Rows Removed by Filter": 1187196
                                                                                                                                            },
                                                                                                                                            {
                                                                                                                                                "Node Type": "Bitmap Heap Scan",
                                                                                                                                                "Parent Relationship": "Inner",
                                                                                                                                                "Parallel Aware": false,
                                                                                                                                                "Relation Name": "title",
                                                                                                                                                "Schema": "public",
                                                                                                                                                "Alias": "t",
                                                                                                                                                "Startup Cost": 0.62,
                                                                                                                                                "Total Cost": 4.64,
                                                                                                                                                "Plan Rows": 1,
                                                                                                                                                "Plan Width": 25,
                                                                                                                                                "Actual Startup Time": 0.005,
                                                                                                                                                "Actual Total Time": 0.005,
                                                                                                                                                "Actual Rows": 1,
                                                                                                                                                "Actual Loops": 192839,
                                                                                                                                                "Output": [
                                                                                                                                                    "t.id",
                                                                                                                                                    "t.title",
                                                                                                                                                    "t.imdb_index",
                                                                                                                                                    "t.kind_id",
                                                                                                                                                    "t.production_year",
                                                                                                                                                    "t.imdb_id",
                                                                                                                                                    "t.phonetic_code",
                                                                                                                                                    "t.episode_of_id",
                                                                                                                                                    "t.season_nr",
                                                                                                                                                    "t.episode_nr",
                                                                                                                                                    "t.series_years",
                                                                                                                                                    "t.md5sum"
                                                                                                                                                ],
                                                                                                                                                "Recheck Cond": "(t.id = mi_idx.movie_id)",
                                                                                                                                                "Rows Removed by Index Recheck": 0,
                                                                                                                                                "Filter": "(t.production_year > 1994)",
                                                                                                                                                "Rows Removed by Filter": 0,
                                                                                                                                                "Exact Heap Blocks": 192839,
                                                                                                                                                "Lossy Heap Blocks": 0,
                                                                                                                                                "Plans": [
                                                                                                                                                    {
                                                                                                                                                        "Node Type": "Bitmap Index Scan",
                                                                                                                                                        "Parent Relationship": "Outer",
                                                                                                                                                        "Parallel Aware": false,
                                                                                                                                                        "Index Name": "title_pkey",
                                                                                                                                                        "Startup Cost": 0.0,
                                                                                                                                                        "Total Cost": 0.62,
                                                                                                                                                        "Plan Rows": 1,
                                                                                                                                                        "Plan Width": 0,
                                                                                                                                                        "Actual Startup Time": 0.003,
                                                                                                                                                        "Actual Total Time": 0.003,
                                                                                                                                                        "Actual Rows": 1,
                                                                                                                                                        "Actual Loops": 192839,
                                                                                                                                                        "Index Cond": "(t.id = mi_idx.movie_id)"
                                                                                                                                                    }
                                                                                                                                                ]
                                                                                                                                            }
                                                                                                                                        ]
                                                                                                                                    },
                                                                                                                                    {
                                                                                                                                        "Node Type": "Bitmap Heap Scan",
                                                                                                                                        "Parent Relationship": "Inner",
                                                                                                                                        "Parallel Aware": false,
                                                                                                                                        "Relation Name": "kind_type",
                                                                                                                                        "Schema": "public",
                                                                                                                                        "Alias": "kt",
                                                                                                                                        "Startup Cost": 0.14,
                                                                                                                                        "Total Cost": 4.16,
                                                                                                                                        "Plan Rows": 1,
                                                                                                                                        "Plan Width": 4,
                                                                                                                                        "Actual Startup Time": 0.003,
                                                                                                                                        "Actual Total Time": 0.003,
                                                                                                                                        "Actual Rows": 0,
                                                                                                                                        "Actual Loops": 123560,
                                                                                                                                        "Output": [
                                                                                                                                            "kt.id",
                                                                                                                                            "kt.kind"
                                                                                                                                        ],
                                                                                                                                        "Recheck Cond": "(kt.id = t.kind_id)",
                                                                                                                                        "Rows Removed by Index Recheck": 0,
                                                                                                                                        "Filter": "((kt.kind)::text = 'movie'::text)",
                                                                                                                                        "Rows Removed by Filter": 1,
                                                                                                                                        "Exact Heap Blocks": 123560,
                                                                                                                                        "Lossy Heap Blocks": 0,
                                                                                                                                        "Plans": [
                                                                                                                                            {
                                                                                                                                                "Node Type": "Bitmap Index Scan",
                                                                                                                                                "Parent Relationship": "Outer",
                                                                                                                                                "Parallel Aware": false,
                                                                                                                                                "Index Name": "kind_type_pkey",
                                                                                                                                                "Startup Cost": 0.0,
                                                                                                                                                "Total Cost": 0.14,
                                                                                                                                                "Plan Rows": 1,
                                                                                                                                                "Plan Width": 0,
                                                                                                                                                "Actual Startup Time": 0.001,
                                                                                                                                                "Actual Total Time": 0.001,
                                                                                                                                                "Actual Rows": 1,
                                                                                                                                                "Actual Loops": 123560,
                                                                                                                                                "Index Cond": "(kt.id = t.kind_id)"
                                                                                                                                            }
                                                                                                                                        ]
                                                                                                                                    }
                                                                                                                                ]
                                                                                                                            },
                                                                                                                            {
                                                                                                                                "Node Type": "Bitmap Heap Scan",
                                                                                                                                "Parent Relationship": "Inner",
                                                                                                                                "Parallel Aware": false,
                                                                                                                                "Relation Name": "movie_keyword",
                                                                                                                                "Schema": "public",
                                                                                                                                "Alias": "mk",
                                                                                                                                "Startup Cost": 0.84,
                                                                                                                                "Total Cost": 5.42,
                                                                                                                                "Plan Rows": 46,
                                                                                                                                "Plan Width": 8,
                                                                                                                                "Actual Startup Time": 0.005,
                                                                                                                                "Actual Total Time": 0.006,
                                                                                                                                "Actual Rows": 13,
                                                                                                                                "Actual Loops": 32466,
                                                                                                                                "Output": [
                                                                                                                                    "mk.id",
                                                                                                                                    "mk.movie_id",
                                                                                                                                    "mk.keyword_id"
                                                                                                                                ],
                                                                                                                                "Recheck Cond": "(mk.movie_id = t.id)",
                                                                                                                                "Rows Removed by Index Recheck": 0,
                                                                                                                                "Exact Heap Blocks": 18131,
                                                                                                                                "Lossy Heap Blocks": 0,
                                                                                                                                "Plans": [
                                                                                                                                    {
                                                                                                                                        "Node Type": "Bitmap Index Scan",
                                                                                                                                        "Parent Relationship": "Outer",
                                                                                                                                        "Parallel Aware": false,
                                                                                                                                        "Index Name": "movie_id_movie_keyword",
                                                                                                                                        "Startup Cost": 0.0,
                                                                                                                                        "Total Cost": 0.83,
                                                                                                                                        "Plan Rows": 46,
                                                                                                                                        "Plan Width": 0,
                                                                                                                                        "Actual Startup Time": 0.004,
                                                                                                                                        "Actual Total Time": 0.004,
                                                                                                                                        "Actual Rows": 13,
                                                                                                                                        "Actual Loops": 32466,
                                                                                                                                        "Index Cond": "(mk.movie_id = t.id)"
                                                                                                                                    }
                                                                                                                                ]
                                                                                                                            }
                                                                                                                        ]
                                                                                                                    }
                                                                                                                ]
                                                                                                            },
                                                                                                            {
                                                                                                                "Node Type": "Sort",
                                                                                                                "Parent Relationship": "Inner",
                                                                                                                "Parallel Aware": false,
                                                                                                                "Startup Cost": 2.42,
                                                                                                                "Total Cost": 2.43,
                                                                                                                "Plan Rows": 1,
                                                                                                                "Plan Width": 4,
                                                                                                                "Actual Startup Time": 0.029,
                                                                                                                "Actual Total Time": 8.339,
                                                                                                                "Actual Rows": 1,
                                                                                                                "Actual Loops": 1,
                                                                                                                "Output": [
                                                                                                                    "it2.id"
                                                                                                                ],
                                                                                                                "Sort Key": [
                                                                                                                    "it2.id"
                                                                                                                ],
                                                                                                                "Sort Method": "quicksort",
                                                                                                                "Sort Space Used": 25,
                                                                                                                "Sort Space Type": "Memory",
                                                                                                                "Plans": [
                                                                                                                    {
                                                                                                                        "Node Type": "Seq Scan",
                                                                                                                        "Parent Relationship": "Outer",
                                                                                                                        "Parallel Aware": false,
                                                                                                                        "Relation Name": "info_type",
                                                                                                                        "Schema": "public",
                                                                                                                        "Alias": "it2",
                                                                                                                        "Startup Cost": 0.0,
                                                                                                                        "Total Cost": 2.41,
                                                                                                                        "Plan Rows": 1,
                                                                                                                        "Plan Width": 4,
                                                                                                                        "Actual Startup Time": 0.018,
                                                                                                                        "Actual Total Time": 0.019,
                                                                                                                        "Actual Rows": 1,
                                                                                                                        "Actual Loops": 1,
                                                                                                                        "Output": [
                                                                                                                            "it2.id"
                                                                                                                        ],
                                                                                                                        "Filter": "((it2.info)::text = 'rating'::text)",
                                                                                                                        "Rows Removed by Filter": 112
                                                                                                                    }
                                                                                                                ]
                                                                                                            }
                                                                                                        ]
                                                                                                    }
                                                                                                ]
                                                                                            }
                                                                                        ]
                                                                                    }
                                                                                ]
                                                                            },
                                                                            {
                                                                                "Node Type": "Sort",
                                                                                "Parent Relationship": "Inner",
                                                                                "Parallel Aware": false,
                                                                                "Startup Cost": 13593.56,
                                                                                "Total Cost": 13931.28,
                                                                                "Plan Rows": 135086,
                                                                                "Plan Width": 12,
                                                                                "Actual Startup Time": 36.238,
                                                                                "Actual Total Time": 43.619,
                                                                                "Actual Rows": 133303,
                                                                                "Actual Loops": 1,
                                                                                "Output": [
                                                                                    "cc.movie_id",
                                                                                    "cc.subject_id",
                                                                                    "cc.status_id"
                                                                                ],
                                                                                "Sort Key": [
                                                                                    "cc.movie_id"
                                                                                ],
                                                                                "Sort Method": "quicksort",
                                                                                "Sort Space Used": 12477,
                                                                                "Sort Space Type": "Memory",
                                                                                "Plans": [
                                                                                    {
                                                                                        "Node Type": "Seq Scan",
                                                                                        "Parent Relationship": "Outer",
                                                                                        "Parallel Aware": false,
                                                                                        "Relation Name": "complete_cast",
                                                                                        "Schema": "public",
                                                                                        "Alias": "cc",
                                                                                        "Startup Cost": 0.0,
                                                                                        "Total Cost": 2081.86,
                                                                                        "Plan Rows": 135086,
                                                                                        "Plan Width": 12,
                                                                                        "Actual Startup Time": 0.022,
                                                                                        "Actual Total Time": 12.235,
                                                                                        "Actual Rows": 135086,
                                                                                        "Actual Loops": 1,
                                                                                        "Output": [
                                                                                            "cc.movie_id",
                                                                                            "cc.subject_id",
                                                                                            "cc.status_id"
                                                                                        ]
                                                                                    }
                                                                                ]
                                                                            }
                                                                        ]
                                                                    },
                                                                    {
                                                                        "Node Type": "Index Scan",
                                                                        "Parent Relationship": "Inner",
                                                                        "Parallel Aware": false,
                                                                        "Scan Direction": "Forward",
                                                                        "Index Name": "movie_id_cast_info",
                                                                        "Relation Name": "cast_info",
                                                                        "Schema": "public",
                                                                        "Alias": "ci",
                                                                        "Startup Cost": 0.56,
                                                                        "Total Cost": 2074909.69,
                                                                        "Plan Rows": 36252776,
                                                                        "Plan Width": 12,
                                                                        "Actual Startup Time": 0.025,
                                                                        "Actual Total Time": 25822.965,
                                                                        "Actual Rows": 36367784,
                                                                        "Actual Loops": 1,
                                                                        "Output": [
                                                                            "ci.id",
                                                                            "ci.person_id",
                                                                            "ci.movie_id",
                                                                            "ci.person_role_id",
                                                                            "ci.note",
                                                                            "ci.nr_order",
                                                                            "ci.role_id"
                                                                        ]
                                                                    }
                                                                ]
                                                            }
                                                        ]
                                                    }
                                                ]
                                            },
                                            {
                                                "Node Type": "Hash",
                                                "Parent Relationship": "Inner",
                                                "Parallel Aware": false,
                                                "Startup Cost": 12.2,
                                                "Total Cost": 12.2,
                                                "Plan Rows": 1,
                                                "Plan Width": 4,
                                                "Actual Startup Time": 0.025,
                                                "Actual Total Time": 0.025,
                                                "Actual Rows": 1,
                                                "Actual Loops": 1,
                                                "Output": [
                                                    "cct1.id"
                                                ],
                                                "Hash Buckets": 1024,
                                                "Original Hash Buckets": 1024,
                                                "Hash Batches": 1,
                                                "Original Hash Batches": 1,
                                                "Peak Memory Usage": 9,
                                                "Plans": [
                                                    {
                                                        "Node Type": "Index Scan",
                                                        "Parent Relationship": "Outer",
                                                        "Parallel Aware": false,
                                                        "Scan Direction": "Forward",
                                                        "Index Name": "comp_cast_type_pkey",
                                                        "Relation Name": "comp_cast_type",
                                                        "Schema": "public",
                                                        "Alias": "cct1",
                                                        "Startup Cost": 0.13,
                                                        "Total Cost": 12.2,
                                                        "Plan Rows": 1,
                                                        "Plan Width": 4,
                                                        "Actual Startup Time": 0.019,
                                                        "Actual Total Time": 0.021,
                                                        "Actual Rows": 1,
                                                        "Actual Loops": 1,
                                                        "Output": [
                                                            "cct1.id"
                                                        ],
                                                        "Filter": "((cct1.kind)::text = 'cast'::text)",
                                                        "Rows Removed by Filter": 3
                                                    }
                                                ]
                                            }
                                        ]
                                    }
                                ]
                            }
                        ]
                    },
                    {
                        "Node Type": "Bitmap Heap Scan",
                        "Parent Relationship": "Inner",
                        "Parallel Aware": false,
                        "Relation Name": "comp_cast_type",
                        "Schema": "public",
                        "Alias": "cct2",
                        "Startup Cost": 0.14,
                        "Total Cost": 4.15,
                        "Plan Rows": 1,
                        "Plan Width": 4,
                        "Actual Startup Time": 0.002,
                        "Actual Total Time": 0.002,
                        "Actual Rows": 1,
                        "Actual Loops": 5422,
                        "Output": [
                            "cct2.id",
                            "cct2.kind"
                        ],
                        "Recheck Cond": "(cct2.id = cc.status_id)",
                        "Rows Removed by Index Recheck": 0,
                        "Filter": "((cct2.kind)::text ~~ '%complete%'::text)",
                        "Rows Removed by Filter": 0,
                        "Exact Heap Blocks": 5422,
                        "Lossy Heap Blocks": 0,
                        "Plans": [
                            {
                                "Node Type": "Bitmap Index Scan",
                                "Parent Relationship": "Outer",
                                "Parallel Aware": false,
                                "Index Name": "comp_cast_type_pkey",
                                "Startup Cost": 0.0,
                                "Total Cost": 0.14,
                                "Plan Rows": 1,
                                "Plan Width": 0,
                                "Actual Startup Time": 0.001,
                                "Actual Total Time": 0.001,
                                "Actual Rows": 1,
                                "Actual Loops": 5422,
                                "Index Cond": "(cct2.id = cc.status_id)"
                            }
                        ]
                    }
                ]
            }
        ]
    },
    "Planning Time": 43.839,
    "Triggers": [],
    "Execution Time": 33531.412
}