{
  "Plan": {
    "Node Type": "Aggregate",
    "Strategy": "Plain",
    "Partial Mode": "Finalize",
    "Parallel Aware": false,
    "Startup Cost": 89557.73,
    "Total Cost": 89557.74,
    "Plan Rows": 1,
    "Plan Width": 8,
    "Actual Startup Time": 310.806,
    "Actual Total Time": 327.278,
    "Actual Rows": 1,
    "Actual Loops": 1,
    "Plans": [
      {
        "Node Type": "Gather",
        "Parent Relationship": "Outer",
        "Parallel Aware": false,
        "Startup Cost": 89557.62,
        "Total Cost": 89557.73,
        "Plan Rows": 1,
        "Plan Width": 8,
        "Actual Startup Time": 310.426,
        "Actual Total Time": 327.271,
        "Actual Rows": 2,
        "Actual Loops": 1,
        "Workers Planned": 1,
        "Workers Launched": 1,
        "Single Copy": false,
        "Plans": [
          {
            "Node Type": "Aggregate",
            "Strategy": "Plain",
            "Partial Mode": "Partial",
            "Parent Relationship": "Outer",
            "Parallel Aware": false,
            "Startup Cost": 88557.62,
            "Total Cost": 88557.63,
            "Plan Rows": 1,
            "Plan Width": 8,
            "Actual Startup Time": 303.838,
            "Actual Total Time": 303.843,
            "Actual Rows": 1,
            "Actual Loops": 2,
            "Plans": [
              {
                "Node Type": "Hash Join",
                "Parent Relationship": "Outer",
                "Parallel Aware": false,
                "Join Type": "Inner",
                "Startup Cost": 21127.55,
                "Total Cost": 88557.61,
                "Plan Rows": 2,
                "Plan Width": 0,
                "Actual Startup Time": 242.898,
                "Actual Total Time": 303.833,
                "Actual Rows": 5,
                "Actual Loops": 2,
                "Inner Unique": false,
                "Hash Cond": "(t.id = mk.movie_id)",
                "Plans": [
                  {
                    "Node Type": "Hash Join",
                    "Parent Relationship": "Outer",
                    "Parallel Aware": true,
                    "Join Type": "Inner",
                    "Startup Cost": 20201.47,
                    "Total Cost": 80501.2,
                    "Plan Rows": 22817,
                    "Plan Width": 8,
                    "Actual Startup Time": 21.576,
                    "Actual Total Time": 268.849,
                    "Actual Rows": 18068,
                    "Actual Loops": 2,
                    "Inner Unique": false,
                    "Hash Cond": "(t.id = mc.movie_id)",
                    "Plans": [
                      {
                        "Node Type": "Seq Scan",
                        "Parent Relationship": "Outer",
                        "Parallel Aware": true,
                        "Relation Name": "title",
                        "Alias": "t",
                        "Startup Cost": 0.0,
                        "Total Cost": 50870.31,
                        "Plan Rows": 1487231,
                        "Plan Width": 4,
                        "Actual Startup Time": 0.011,
                        "Actual Total Time": 117.704,
                        "Actual Rows": 1264156,
                        "Actual Loops": 2
                      },
                      {
                        "Node Type": "Hash",
                        "Parent Relationship": "Inner",
                        "Parallel Aware": true,
                        "Startup Cost": 19916.26,
                        "Total Cost": 19916.26,
                        "Plan Rows": 22817,
                        "Plan Width": 4,
                        "Actual Startup Time": 20.643,
                        "Actual Total Time": 20.645,
                        "Actual Rows": 18068,
                        "Actual Loops": 2,
                        "Hash Buckets": 65536,
                        "Original Hash Buckets": 65536,
                        "Hash Batches": 1,
                        "Original Hash Batches": 1,
                        "Peak Memory Usage": 1952,
                        "Plans": [
                          {
                            "Node Type": "Bitmap Heap Scan",
                            "Parent Relationship": "Outer",
                            "Parallel Aware": true,
                            "Relation Name": "movie_companies",
                            "Alias": "mc",
                            "Startup Cost": 841.04,
                            "Total Cost": 19916.26,
                            "Plan Rows": 22817,
                            "Plan Width": 4,
                            "Actual Startup Time": 3.371,
                            "Actual Total Time": 15.24,
                            "Actual Rows": 18068,
                            "Actual Loops": 2,
                            "Recheck Cond": "(company_id = 160)",
                            "Rows Removed by Index Recheck": 0,
                            "Exact Heap Blocks": 3426,
                            "Lossy Heap Blocks": 0,
                            "Plans": [
                              {
                                "Node Type": "Bitmap Index Scan",
                                "Parent Relationship": "Outer",
                                "Parallel Aware": false,
                                "Index Name": "company_id_movie_companies",
                                "Startup Cost": 0.0,
                                "Total Cost": 831.35,
                                "Plan Rows": 38789,
                                "Plan Width": 0,
                                "Actual Startup Time": 5.061,
                                "Actual Total Time": 5.061,
                                "Actual Rows": 36136,
                                "Actual Loops": 1,
                                "Index Cond": "(company_id = 160)"
                              }
                            ]
                          }
                        ]
                      }
                    ]
                  },
                  {
                    "Node Type": "Hash",
                    "Parent Relationship": "Inner",
                    "Parallel Aware": false,
                    "Startup Cost": 922.98,
                    "Total Cost": 922.98,
                    "Plan Rows": 248,
                    "Plan Width": 4,
                    "Actual Startup Time": 31.518,
                    "Actual Total Time": 31.52,
                    "Actual Rows": 4036,
                    "Actual Loops": 2,
                    "Hash Buckets": 4096,
                    "Original Hash Buckets": 1024,
                    "Hash Batches": 1,
                    "Original Hash Batches": 1,
                    "Peak Memory Usage": 174,
                    "Plans": [
                      {
                        "Node Type": "Bitmap Heap Scan",
                        "Parent Relationship": "Outer",
                        "Parallel Aware": false,
                        "Relation Name": "movie_keyword",
                        "Alias": "mk",
                        "Startup Cost": 6.35,
                        "Total Cost": 922.98,
                        "Plan Rows": 248,
                        "Plan Width": 4,
                        "Actual Startup Time": 10.113,
                        "Actual Total Time": 29.627,
                        "Actual Rows": 4036,
                        "Actual Loops": 2,
                        "Recheck Cond": "(keyword_id = 7763)",
                        "Rows Removed by Index Recheck": 0,
                        "Exact Heap Blocks": 3253,
                        "Lossy Heap Blocks": 0,
                        "Plans": [
                          {
                            "Node Type": "Bitmap Index Scan",
                            "Parent Relationship": "Outer",
                            "Parallel Aware": false,
                            "Index Name": "keyword_id_movie_keyword",
                            "Startup Cost": 0.0,
                            "Total Cost": 6.29,
                            "Plan Rows": 248,
                            "Plan Width": 0,
                            "Actual Startup Time": 8.694,
                            "Actual Total Time": 8.695,
                            "Actual Rows": 4036,
                            "Actual Loops": 2,
                            "Index Cond": "(keyword_id = 7763)"
                          }
                        ]
                      }
                    ]
                  }
                ]
              }
            ]
          }
        ]
      }
    ]
  },
  "Planning Time": 0.94,
  "Triggers": [],
  "Execution Time": 327.397
}