[
  {
    "Plan": {
      "Node Type": "Aggregate",
      "Strategy": "Plain",
      "Partial Mode": "Finalize",
      "Parallel Aware": false,
      "Startup Cost": 718536.8,
      "Total Cost": 718536.81,
      "Plan Rows": 1,
      "Plan Width": 8,
      "Actual Startup Time": 5363.63,
      "Actual Total Time": 5453.411,
      "Actual Rows": 1,
      "Actual Loops": 1,
      "Plans": [
        {
          "Node Type": "Gather",
          "Parent Relationship": "Outer",
          "Parallel Aware": false,
          "Startup Cost": 718536.17,
          "Total Cost": 718536.78,
          "Plan Rows": 6,
          "Plan Width": 8,
          "Actual Startup Time": 5312.384,
          "Actual Total Time": 5453.395,
          "Actual Rows": 7,
          "Actual Loops": 1,
          "Workers Planned": 6,
          "Workers Launched": 6,
          "Single Copy": false,
          "Plans": [
            {
              "Node Type": "Aggregate",
              "Strategy": "Plain",
              "Partial Mode": "Partial",
              "Parent Relationship": "Outer",
              "Parallel Aware": false,
              "Startup Cost": 717536.17,
              "Total Cost": 717536.18,
              "Plan Rows": 1,
              "Plan Width": 8,
              "Actual Startup Time": 5265.533,
              "Actual Total Time": 5266.808,
              "Actual Rows": 1,
              "Actual Loops": 7,
              "Plans": [
                {
                  "Node Type": "Hash Join",
                  "Parent Relationship": "Outer",
                  "Parallel Aware": true,
                  "Join Type": "Inner",
                  "Startup Cost": 270721.41,
                  "Total Cost": 667215.77,
                  "Plan Rows": 20128162,
                  "Plan Width": 0,
                  "Actual Startup Time": 1365.378,
                  "Actual Total Time": 4789.035,
                  "Actual Rows": 12252085,
                  "Actual Loops": 7,
                  "Inner Unique": false,
                  "Hash Cond": "(ci.movie_id = t.id)",
                  "Plans": [
                    {
                      "Node Type": "Seq Scan",
                      "Parent Relationship": "Outer",
                      "Parallel Aware": true,
                      "Relation Name": "cast_info",
                      "Alias": "ci",
                      "Startup Cost": 0.0,
                      "Total Cost": 328162.03,
                      "Plan Rows": 5615201,
                      "Plan Width": 4,
                      "Actual Startup Time": 0.022,
                      "Actual Total Time": 611.288,
                      "Actual Rows": 4829214,
                      "Actual Loops": 7,
                      "Filter": "(person_id < 3586603)",
                      "Rows Removed by Filter": 348549
                    },
                    {
                      "Node Type": "Hash",
                      "Parent Relationship": "Inner",
                      "Parallel Aware": true,
                      "Startup Cost": 248064.21,
                      "Total Cost": 248064.21,
                      "Plan Rows": 1812576,
                      "Plan Width": 8,
                      "Actual Startup Time": 1348.825,
                      "Actual Total Time": 1350.098,
                      "Actual Rows": 582639,
                      "Actual Loops": 7,
                      "Hash Buckets": 16777216,
                      "Original Hash Buckets": 16777216,
                      "Hash Batches": 1,
                      "Original Hash Batches": 1,
                      "Peak Memory Usage": 290720,
                      "Plans": [
                        {
                          "Node Type": "Hash Join",
                          "Parent Relationship": "Outer",
                          "Parallel Aware": true,
                          "Join Type": "Inner",
                          "Startup Cost": 48742.44,
                          "Total Cost": 248064.21,
                          "Plan Rows": 1812576,
                          "Plan Width": 8,
                          "Actual Startup Time": 182.897,
                          "Actual Total Time": 1041.599,
                          "Actual Rows": 582639,
                          "Actual Loops": 7,
                          "Inner Unique": true,
                          "Hash Cond": "(mi.movie_id = t.id)",
                          "Plans": [
                            {
                              "Node Type": "Seq Scan",
                              "Parent Relationship": "Outer",
                              "Parallel Aware": true,
                              "Relation Name": "movie_info",
                              "Alias": "mi",
                              "Startup Cost": 0.0,
                              "Total Cost": 191560.33,
                              "Plan Rows": 2956733,
                              "Plan Width": 4,
                              "Actual Startup Time": 0.034,
                              "Actual Total Time": 271.599,
                              "Actual Rows": 2119389,
                              "Actual Loops": 7
                            },
                            {
                              "Node Type": "Hash",
                              "Parent Relationship": "Inner",
                              "Parallel Aware": true,
                              "Startup Cost": 43898.92,
                              "Total Cost": 43898.92,
                              "Plan Rows": 387482,
                              "Plan Width": 4,
                              "Actual Startup Time": 181.124,
                              "Actual Total Time": 181.125,
                              "Actual Rows": 222266,
                              "Actual Loops": 7,
                              "Hash Buckets": 2097152,
                              "Original Hash Buckets": 2097152,
                              "Hash Batches": 1,
                              "Original Hash Batches": 1,
                              "Peak Memory Usage": 77344,
                              "Plans": [
                                {
                                  "Node Type": "Seq Scan",
                                  "Parent Relationship": "Outer",
                                  "Parallel Aware": true,
                                  "Relation Name": "title",
                                  "Alias": "t",
                                  "Startup Cost": 0.0,
                                  "Total Cost": 43898.92,
                                  "Plan Rows": 387482,
                                  "Plan Width": 4,
                                  "Actual Startup Time": 0.044,
                                  "Actual Total Time": 76.059,
                                  "Actual Rows": 222266,
                                  "Actual Loops": 7,
                                  "Filter": "(kind_id > 4)",
                                  "Rows Removed by Filter": 138921
                                }
                              ]
                            }
                          ]
                        }
                      ]
                    }
                  ]
                }
              ]
            }
          ]
        }
      ]
    },
    "Planning Time": 1.342,
    "Triggers": [],
    "Execution Time": 5453.503
  }
]