[
  {
    "Plan": {
      "Node Type": "Aggregate",
      "Strategy": "Plain",
      "Partial Mode": "Finalize",
      "Parallel Aware": false,
      "Startup Cost": 93205.03,
      "Total Cost": 93205.04,
      "Plan Rows": 1,
      "Plan Width": 8,
      "Actual Startup Time": 339.712,
      "Actual Total Time": 355.348,
      "Actual Rows": 1,
      "Actual Loops": 1,
      "Plans": [
        {
          "Node Type": "Gather",
          "Parent Relationship": "Outer",
          "Parallel Aware": false,
          "Startup Cost": 93204.71,
          "Total Cost": 93205.02,
          "Plan Rows": 3,
          "Plan Width": 8,
          "Actual Startup Time": 335.048,
          "Actual Total Time": 355.338,
          "Actual Rows": 4,
          "Actual Loops": 1,
          "Workers Planned": 3,
          "Workers Launched": 3,
          "Single Copy": false,
          "Plans": [
            {
              "Node Type": "Aggregate",
              "Strategy": "Plain",
              "Partial Mode": "Partial",
              "Parent Relationship": "Outer",
              "Parallel Aware": false,
              "Startup Cost": 92204.71,
              "Total Cost": 92204.72,
              "Plan Rows": 1,
              "Plan Width": 8,
              "Actual Startup Time": 326.349,
              "Actual Total Time": 326.352,
              "Actual Rows": 1,
              "Actual Loops": 4,
              "Plans": [
                {
                  "Node Type": "Hash Join",
                  "Parent Relationship": "Outer",
                  "Parallel Aware": true,
                  "Join Type": "Inner",
                  "Startup Cost": 48559.19,
                  "Total Cost": 91947.53,
                  "Plan Rows": 102872,
                  "Plan Width": 0,
                  "Actual Startup Time": 203.484,
                  "Actual Total Time": 324.563,
                  "Actual Rows": 38922,
                  "Actual Loops": 4,
                  "Inner Unique": true,
                  "Hash Cond": "(mk.movie_id = t.id)",
                  "Plans": [
                    {
                      "Node Type": "Seq Scan",
                      "Parent Relationship": "Outer",
                      "Parallel Aware": true,
                      "Relation Name": "movie_keyword",
                      "Alias": "mk",
                      "Startup Cost": 0.0,
                      "Total Cost": 42695.65,
                      "Plan Rows": 263882,
                      "Plan Width": 4,
                      "Actual Startup Time": 1.816,
                      "Actual Total Time": 88.996,
                      "Actual Rows": 201909,
                      "Actual Loops": 4,
                      "Filter": "(keyword_id > 22921)",
                      "Rows Removed by Filter": 929073
                    },
                    {
                      "Node Type": "Hash",
                      "Parent Relationship": "Inner",
                      "Parallel Aware": true,
                      "Startup Cost": 45479.1,
                      "Total Cost": 45479.1,
                      "Plan Rows": 246407,
                      "Plan Width": 4,
                      "Actual Startup Time": 196.232,
                      "Actual Total Time": 196.233,
                      "Actual Rows": 230930,
                      "Actual Loops": 4,
                      "Hash Buckets": 1048576,
                      "Original Hash Buckets": 1048576,
                      "Hash Batches": 1,
                      "Original Hash Batches": 1,
                      "Peak Memory Usage": 44384,
                      "Plans": [
                        {
                          "Node Type": "Seq Scan",
                          "Parent Relationship": "Outer",
                          "Parallel Aware": true,
                          "Relation Name": "title",
                          "Alias": "t",
                          "Startup Cost": 0.0,
                          "Total Cost": 45479.1,
                          "Plan Rows": 246407,
                          "Plan Width": 4,
                          "Actual Startup Time": 0.039,
                          "Actual Total Time": 109.915,
                          "Actual Rows": 230930,
                          "Actual Loops": 4,
                          "Filter": "((kind_id > 1) AND (production_year < 2005))",
                          "Rows Removed by Filter": 401148
                        }
                      ]
                    }
                  ]
                }
              ]
            }
          ]
        }
      ]
    },
    "Planning Time": 0.642,
    "Triggers": [],
    "Execution Time": 355.416
  }
]