[
  {
    "Plan": {
      "Node Type": "Aggregate",
      "Strategy": "Plain",
      "Partial Mode": "Simple",
      "Parallel Aware": false,
      "Startup Cost": 27294.81,
      "Total Cost": 27294.82,
      "Plan Rows": 1,
      "Plan Width": 8,
      "Actual Startup Time": 47.456,
      "Actual Total Time": 47.457,
      "Actual Rows": 1,
      "Actual Loops": 1,
      "Plans": [
        {
          "Node Type": "Bitmap Heap Scan",
          "Parent Relationship": "Outer",
          "Parallel Aware": false,
          "Relation Name": "movie_keyword",
          "Alias": "mk",
          "Startup Cost": 1664.3,
          "Total Cost": 27098.72,
          "Plan Rows": 78434,
          "Plan Width": 0,
          "Actual Startup Time": 13.124,
          "Actual Total Time": 44.097,
          "Actual Rows": 77540,
          "Actual Loops": 1,
          "Recheck Cond": "(keyword_id > 88573)",
          "Rows Removed by Index Recheck": 0,
          "Exact Heap Blocks": 15616,
          "Lossy Heap Blocks": 0,
          "Plans": [
            {
              "Node Type": "Bitmap Index Scan",
              "Parent Relationship": "Outer",
              "Parallel Aware": false,
              "Index Name": "keyword_id_movie_keyword",
              "Startup Cost": 0.0,
              "Total Cost": 1644.69,
              "Plan Rows": 78434,
              "Plan Width": 0,
              "Actual Startup Time": 9.915,
              "Actual Total Time": 9.915,
              "Actual Rows": 77540,
              "Actual Loops": 1,
              "Index Cond": "(keyword_id > 88573)"
            }
          ]
        }
      ]
    },
    "Planning Time": 0.082,
    "Triggers": [],
    "Execution Time": 47.483
  }
]