[
  {
    "Plan": {
      "Node Type": "Aggregate",
      "Strategy": "Plain",
      "Partial Mode": "Finalize",
      "Parallel Aware": false,
      "Startup Cost": 76768.54,
      "Total Cost": 76768.55,
      "Plan Rows": 1,
      "Plan Width": 8,
      "Actual Startup Time": 260.985,
      "Actual Total Time": 275.994,
      "Actual Rows": 1,
      "Actual Loops": 1,
      "Plans": [
        {
          "Node Type": "Gather",
          "Parent Relationship": "Outer",
          "Parallel Aware": false,
          "Startup Cost": 76768.22,
          "Total Cost": 76768.53,
          "Plan Rows": 3,
          "Plan Width": 8,
          "Actual Startup Time": 256.895,
          "Actual Total Time": 275.987,
          "Actual Rows": 4,
          "Actual Loops": 1,
          "Workers Planned": 3,
          "Workers Launched": 3,
          "Single Copy": false,
          "Plans": [
            {
              "Node Type": "Aggregate",
              "Strategy": "Plain",
              "Partial Mode": "Partial",
              "Parent Relationship": "Outer",
              "Parallel Aware": false,
              "Startup Cost": 75768.22,
              "Total Cost": 75768.23,
              "Plan Rows": 1,
              "Plan Width": 8,
              "Actual Startup Time": 246.79,
              "Actual Total Time": 246.794,
              "Actual Rows": 1,
              "Actual Loops": 4,
              "Plans": [
                {
                  "Node Type": "Hash Join",
                  "Parent Relationship": "Outer",
                  "Parallel Aware": true,
                  "Join Type": "Inner",
                  "Startup Cost": 50279.06,
                  "Total Cost": 75725.4,
                  "Plan Rows": 17131,
                  "Plan Width": 0,
                  "Actual Startup Time": 190.048,
                  "Actual Total Time": 244.633,
                  "Actual Rows": 41608,
                  "Actual Loops": 4,
                  "Inner Unique": true,
                  "Hash Cond": "(mk.movie_id = t.id)",
                  "Plans": [
                    {
                      "Node Type": "Bitmap Heap Scan",
                      "Parent Relationship": "Outer",
                      "Parallel Aware": true,
                      "Relation Name": "movie_keyword",
                      "Alias": "mk",
                      "Startup Cost": 4316.7,
                      "Total Cost": 29590.81,
                      "Plan Rows": 65609,
                      "Plan Width": 4,
                      "Actual Startup Time": 17.466,
                      "Actual Total Time": 57.237,
                      "Actual Rows": 51689,
                      "Actual Loops": 4,
                      "Recheck Cond": "(keyword_id > 67225)",
                      "Rows Removed by Index Recheck": 0,
                      "Exact Heap Blocks": 6289,
                      "Lossy Heap Blocks": 0,
                      "Plans": [
                        {
                          "Node Type": "Bitmap Index Scan",
                          "Parent Relationship": "Outer",
                          "Parallel Aware": false,
                          "Index Name": "keyword_id_movie_keyword",
                          "Startup Cost": 0.0,
                          "Total Cost": 4265.85,
                          "Plan Rows": 203389,
                          "Plan Width": 0,
                          "Actual Startup Time": 14.39,
                          "Actual Total Time": 14.391,
                          "Actual Rows": 206755,
                          "Actual Loops": 1,
                          "Index Cond": "(keyword_id > 67225)"
                        }
                      ]
                    },
                    {
                      "Node Type": "Hash",
                      "Parent Relationship": "Inner",
                      "Parallel Aware": true,
                      "Startup Cost": 43899.32,
                      "Total Cost": 43899.32,
                      "Plan Rows": 165043,
                      "Plan Width": 4,
                      "Actual Startup Time": 164.167,
                      "Actual Total Time": 164.168,
                      "Actual Rows": 165706,
                      "Actual Loops": 4,
                      "Hash Buckets": 1048576,
                      "Original Hash Buckets": 1048576,
                      "Hash Batches": 1,
                      "Original Hash Batches": 1,
                      "Peak Memory Usage": 34176,
                      "Plans": [
                        {
                          "Node Type": "Seq Scan",
                          "Parent Relationship": "Outer",
                          "Parallel Aware": true,
                          "Relation Name": "title",
                          "Alias": "t",
                          "Startup Cost": 0.0,
                          "Total Cost": 43899.32,
                          "Plan Rows": 165043,
                          "Plan Width": 4,
                          "Actual Startup Time": 48.287,
                          "Actual Total Time": 103.507,
                          "Actual Rows": 165706,
                          "Actual Loops": 4,
                          "Filter": "(kind_id = 1)",
                          "Rows Removed by Filter": 466372
                        }
                      ]
                    }
                  ]
                }
              ]
            }
          ]
        }
      ]
    },
    "Planning Time": 0.673,
    "Triggers": [],
    "Execution Time": 276.087
  }
]