{
    "Plan": {
        "Node Type": "Aggregate",
        "Strategy": "Plain",
        "Partial Mode": "Simple",
        "Parallel Aware": false,
        "Startup Cost": 90006798566.09,
        "Total Cost": 90006798566.1,
        "Plan Rows": 1,
        "Plan Width": 8,
        "Actual Startup Time": 30873.621,
        "Actual Total Time": 30873.975,
        "Actual Rows": 1,
        "Actual Loops": 1,
        "Output": [
            "count(*)"
        ],
        "Plans": [
            {
                "Node Type": "Nested Loop",
                "Parent Relationship": "Outer",
                "Parallel Aware": false,
                "Join Type": "Inner",
                "Startup Cost": 90006798558.0,
                "Total Cost": 90006798566.09,
                "Plan Rows": 1,
                "Plan Width": 0,
                "Actual Startup Time": 30873.616,
                "Actual Total Time": 30873.97,
                "Actual Rows": 0,
                "Actual Loops": 1,
                "Inner Unique": true,
                "Plans": [
                    {
                        "Node Type": "Hash Join",
                        "Parent Relationship": "Outer",
                        "Parallel Aware": false,
                        "Join Type": "Inner",
                        "Startup Cost": 80006798557.51,
                        "Total Cost": 80006798557.56,
                        "Plan Rows": 1,
                        "Plan Width": 4,
                        "Actual Startup Time": 30873.615,
                        "Actual Total Time": 30873.968,
                        "Actual Rows": 0,
                        "Actual Loops": 1,
                        "Output": [
                            "ci.person_role_id"
                        ],
                        "Inner Unique": false,
                        "Hash Cond": "(t.id = mc.movie_id)",
                        "Plans": [
                            {
                                "Node Type": "Merge Join",
                                "Parent Relationship": "Outer",
                                "Parallel Aware": false,
                                "Join Type": "Inner",
                                "Startup Cost": 60002551202.48,
                                "Total Cost": 60002551202.52,
                                "Plan Rows": 1,
                                "Plan Width": 20,
                                "Actual Startup Time": 5412.561,
                                "Actual Total Time": 5412.906,
                                "Actual Rows": 0,
                                "Actual Loops": 1,
                                "Output": [
                                    "ci.movie_id",
                                    "ci.person_role_id",
                                    "cc.movie_id",
                                    "mi.movie_id",
                                    "t.id"
                                ],
                                "Inner Unique": false,
                                "Merge Cond": "(mi.movie_id = t.id)",
                                "Plans": [
                                    {
                                        "Node Type": "Sort",
                                        "Parent Relationship": "Outer",
                                        "Parallel Aware": false,
                                        "Startup Cost": 50002470958.78,
                                        "Total Cost": 50002470958.79,
                                        "Plan Rows": 1,
                                        "Plan Width": 16,
                                        "Actual Startup Time": 5412.559,
                                        "Actual Total Time": 5412.904,
                                        "Actual Rows": 0,
                                        "Actual Loops": 1,
                                        "Output": [
                                            "ci.movie_id",
                                            "ci.person_role_id",
                                            "cc.movie_id",
                                            "mi.movie_id"
                                        ],
                                        "Sort Key": [
                                            "ci.movie_id"
                                        ],
                                        "Sort Method": "quicksort",
                                        "Sort Space Used": 25,
                                        "Sort Space Type": "Memory",
                                        "Plans": [
                                            {
                                                "Node Type": "Hash Join",
                                                "Parent Relationship": "Outer",
                                                "Parallel Aware": false,
                                                "Join Type": "Inner",
                                                "Startup Cost": 50002470957.71,
                                                "Total Cost": 50002470958.77,
                                                "Plan Rows": 1,
                                                "Plan Width": 16,
                                                "Actual Startup Time": 5412.55,
                                                "Actual Total Time": 5412.894,
                                                "Actual Rows": 0,
                                                "Actual Loops": 1,
                                                "Output": [
                                                    "ci.movie_id",
                                                    "ci.person_role_id",
                                                    "cc.movie_id",
                                                    "mi.movie_id"
                                                ],
                                                "Inner Unique": false,
                                                "Hash Cond": "(cct1.id = cc.subject_id)",
                                                "Plans": [
                                                    {
                                                        "Node Type": "Seq Scan",
                                                        "Parent Relationship": "Outer",
                                                        "Parallel Aware": false,
                                                        "Relation Name": "comp_cast_type",
                                                        "Schema": "public",
                                                        "Alias": "cct1",
                                                        "Startup Cost": 10000000000.0,
                                                        "Total Cost": 10000000001.05,
                                                        "Plan Rows": 1,
                                                        "Plan Width": 4,
                                                        "Actual Startup Time": 0.013,
                                                        "Actual Total Time": 0.013,
                                                        "Actual Rows": 1,
                                                        "Actual Loops": 1,
                                                        "Output": [
                                                            "cct1.id",
                                                            "cct1.kind"
                                                        ],
                                                        "Filter": "((cct1.kind)::text = 'cast'::text)",
                                                        "Rows Removed by Filter": 0
                                                    },
                                                    {
                                                        "Node Type": "Hash",
                                                        "Parent Relationship": "Inner",
                                                        "Parallel Aware": false,
                                                        "Startup Cost": 40002470957.7,
                                                        "Total Cost": 40002470957.7,
                                                        "Plan Rows": 1,
                                                        "Plan Width": 20,
                                                        "Actual Startup Time": 5412.521,
                                                        "Actual Total Time": 5412.864,
                                                        "Actual Rows": 0,
                                                        "Actual Loops": 1,
                                                        "Output": [
                                                            "ci.movie_id",
                                                            "ci.person_role_id",
                                                            "cc.movie_id",
                                                            "cc.subject_id",
                                                            "mi.movie_id"
                                                        ],
                                                        "Hash Buckets": 1024,
                                                        "Original Hash Buckets": 1024,
                                                        "Hash Batches": 1,
                                                        "Original Hash Batches": 1,
                                                        "Peak Memory Usage": 8,
                                                        "Plans": [
                                                            {
                                                                "Node Type": "Merge Join",
                                                                "Parent Relationship": "Outer",
                                                                "Parallel Aware": false,
                                                                "Join Type": "Inner",
                                                                "Startup Cost": 40002470957.67,
                                                                "Total Cost": 40002470957.7,
                                                                "Plan Rows": 1,
                                                                "Plan Width": 20,
                                                                "Actual Startup Time": 5412.52,
                                                                "Actual Total Time": 5412.863,
                                                                "Actual Rows": 0,
                                                                "Actual Loops": 1,
                                                                "Output": [
                                                                    "ci.movie_id",
                                                                    "ci.person_role_id",
                                                                    "cc.movie_id",
                                                                    "cc.subject_id",
                                                                    "mi.movie_id"
                                                                ],
                                                                "Inner Unique": false,
                                                                "Merge Cond": "(mi.info_type_id = it.id)",
                                                                "Plans": [
                                                                    {
                                                                        "Node Type": "Sort",
                                                                        "Parent Relationship": "Outer",
                                                                        "Parallel Aware": false,
                                                                        "Startup Cost": 40002470955.25,
                                                                        "Total Cost": 40002470955.25,
                                                                        "Plan Rows": 1,
                                                                        "Plan Width": 24,
                                                                        "Actual Startup Time": 5412.519,
                                                                        "Actual Total Time": 5412.861,
                                                                        "Actual Rows": 0,
                                                                        "Actual Loops": 1,
                                                                        "Output": [
                                                                            "ci.movie_id",
                                                                            "ci.person_role_id",
                                                                            "cc.movie_id",
                                                                            "cc.subject_id",
                                                                            "mi.movie_id",
                                                                            "mi.info_type_id"
                                                                        ],
                                                                        "Sort Key": [
                                                                            "mi.info_type_id"
                                                                        ],
                                                                        "Sort Method": "quicksort",
                                                                        "Sort Space Used": 25,
                                                                        "Sort Space Type": "Memory",
                                                                        "Plans": [
                                                                            {
                                                                                "Node Type": "Merge Join",
                                                                                "Parent Relationship": "Outer",
                                                                                "Parallel Aware": false,
                                                                                "Join Type": "Inner",
                                                                                "Startup Cost": 40002470823.87,
                                                                                "Total Cost": 40002470955.24,
                                                                                "Plan Rows": 1,
                                                                                "Plan Width": 24,
                                                                                "Actual Startup Time": 5412.515,
                                                                                "Actual Total Time": 5412.856,
                                                                                "Actual Rows": 0,
                                                                                "Actual Loops": 1,
                                                                                "Output": [
                                                                                    "ci.movie_id",
                                                                                    "ci.person_role_id",
                                                                                    "cc.movie_id",
                                                                                    "cc.subject_id",
                                                                                    "mi.movie_id",
                                                                                    "mi.info_type_id"
                                                                                ],
                                                                                "Inner Unique": false,
                                                                                "Merge Cond": "(pi.person_id = n.id)",
                                                                                "Plans": [
                                                                                    {
                                                                                        "Node Type": "Sort",
                                                                                        "Parent Relationship": "Outer",
                                                                                        "Parallel Aware": false,
                                                                                        "Startup Cost": 10000287192.35,
                                                                                        "Total Cost": 10000287257.91,
                                                                                        "Plan Rows": 26226,
                                                                                        "Plan Width": 4,
                                                                                        "Actual Startup Time": 657.42,
                                                                                        "Actual Total Time": 657.424,
                                                                                        "Actual Rows": 1,
                                                                                        "Actual Loops": 1,
                                                                                        "Output": [
                                                                                            "pi.person_id"
                                                                                        ],
                                                                                        "Sort Key": [
                                                                                            "pi.person_id"
                                                                                        ],
                                                                                        "Sort Method": "quicksort",
                                                                                        "Sort Space Used": 12817,
                                                                                        "Sort Space Type": "Memory",
                                                                                        "Plans": [
                                                                                            {
                                                                                                "Node Type": "Merge Join",
                                                                                                "Parent Relationship": "Outer",
                                                                                                "Parallel Aware": false,
                                                                                                "Join Type": "Inner",
                                                                                                "Startup Cost": 10000000002.85,
                                                                                                "Total Cost": 10000285267.53,
                                                                                                "Plan Rows": 26226,
                                                                                                "Plan Width": 4,
                                                                                                "Actual Startup Time": 549.285,
                                                                                                "Actual Total Time": 631.014,
                                                                                                "Actual Rows": 142345,
                                                                                                "Actual Loops": 1,
                                                                                                "Output": [
                                                                                                    "pi.person_id"
                                                                                                ],
                                                                                                "Inner Unique": false,
                                                                                                "Merge Cond": "(it3.id = pi.info_type_id)",
                                                                                                "Plans": [
                                                                                                    {
                                                                                                        "Node Type": "Sort",
                                                                                                        "Parent Relationship": "Outer",
                                                                                                        "Parallel Aware": false,
                                                                                                        "Startup Cost": 10000000002.42,
                                                                                                        "Total Cost": 10000000002.43,
                                                                                                        "Plan Rows": 1,
                                                                                                        "Plan Width": 4,
                                                                                                        "Actual Startup Time": 0.02,
                                                                                                        "Actual Total Time": 0.022,
                                                                                                        "Actual Rows": 1,
                                                                                                        "Actual Loops": 1,
                                                                                                        "Output": [
                                                                                                            "it3.id"
                                                                                                        ],
                                                                                                        "Sort Key": [
                                                                                                            "it3.id"
                                                                                                        ],
                                                                                                        "Sort Method": "quicksort",
                                                                                                        "Sort Space Used": 25,
                                                                                                        "Sort Space Type": "Memory",
                                                                                                        "Plans": [
                                                                                                            {
                                                                                                                "Node Type": "Seq Scan",
                                                                                                                "Parent Relationship": "Outer",
                                                                                                                "Parallel Aware": false,
                                                                                                                "Relation Name": "info_type",
                                                                                                                "Schema": "public",
                                                                                                                "Alias": "it3",
                                                                                                                "Startup Cost": 10000000000.0,
                                                                                                                "Total Cost": 10000000002.41,
                                                                                                                "Plan Rows": 1,
                                                                                                                "Plan Width": 4,
                                                                                                                "Actual Startup Time": 0.011,
                                                                                                                "Actual Total Time": 0.015,
                                                                                                                "Actual Rows": 1,
                                                                                                                "Actual Loops": 1,
                                                                                                                "Output": [
                                                                                                                    "it3.id"
                                                                                                                ],
                                                                                                                "Filter": "((it3.info)::text = 'height'::text)",
                                                                                                                "Rows Removed by Filter": 112
                                                                                                            }
                                                                                                        ]
                                                                                                    },
                                                                                                    {
                                                                                                        "Node Type": "Index Scan",
                                                                                                        "Parent Relationship": "Inner",
                                                                                                        "Parallel Aware": false,
                                                                                                        "Scan Direction": "Forward",
                                                                                                        "Index Name": "info_type_id_person_info",
                                                                                                        "Relation Name": "person_info",
                                                                                                        "Schema": "public",
                                                                                                        "Alias": "pi",
                                                                                                        "Startup Cost": 0.43,
                                                                                                        "Total Cost": 277594.04,
                                                                                                        "Plan Rows": 2963519,
                                                                                                        "Plan Width": 8,
                                                                                                        "Actual Startup Time": 0.028,
                                                                                                        "Actual Total Time": 528.762,
                                                                                                        "Actual Rows": 1605100,
                                                                                                        "Actual Loops": 1,
                                                                                                        "Output": [
                                                                                                            "pi.id",
                                                                                                            "pi.person_id",
                                                                                                            "pi.info_type_id",
                                                                                                            "pi.info",
                                                                                                            "pi.note"
                                                                                                        ]
                                                                                                    }
                                                                                                ]
                                                                                            }
                                                                                        ]
                                                                                    },
                                                                                    {
                                                                                        "Node Type": "Sort",
                                                                                        "Parent Relationship": "Inner",
                                                                                        "Parallel Aware": false,
                                                                                        "Startup Cost": 30002183631.53,
                                                                                        "Total Cost": 30002183631.64,
                                                                                        "Plan Rows": 47,
                                                                                        "Plan Width": 36,
                                                                                        "Actual Startup Time": 4755.091,
                                                                                        "Actual Total Time": 4755.428,
                                                                                        "Actual Rows": 0,
                                                                                        "Actual Loops": 1,
                                                                                        "Output": [
                                                                                            "an.person_id",
                                                                                            "ci.movie_id",
                                                                                            "ci.person_id",
                                                                                            "ci.person_role_id",
                                                                                            "cc.movie_id",
                                                                                            "cc.subject_id",
                                                                                            "mi.movie_id",
                                                                                            "mi.info_type_id",
                                                                                            "n.id"
                                                                                        ],
                                                                                        "Sort Key": [
                                                                                            "an.person_id"
                                                                                        ],
                                                                                        "Sort Method": "quicksort",
                                                                                        "Sort Space Used": 25,
                                                                                        "Sort Space Type": "Memory",
                                                                                        "Plans": [
                                                                                            {
                                                                                                "Node Type": "Nested Loop",
                                                                                                "Parent Relationship": "Outer",
                                                                                                "Parallel Aware": false,
                                                                                                "Join Type": "Inner",
                                                                                                "Startup Cost": 30002181305.58,
                                                                                                "Total Cost": 30002183630.22,
                                                                                                "Plan Rows": 47,
                                                                                                "Plan Width": 36,
                                                                                                "Actual Startup Time": 4755.08,
                                                                                                "Actual Total Time": 4755.417,
                                                                                                "Actual Rows": 0,
                                                                                                "Actual Loops": 1,
                                                                                                "Output": [
                                                                                                    "an.person_id",
                                                                                                    "ci.movie_id",
                                                                                                    "ci.person_id",
                                                                                                    "ci.person_role_id",
                                                                                                    "cc.movie_id",
                                                                                                    "cc.subject_id",
                                                                                                    "mi.movie_id",
                                                                                                    "mi.info_type_id",
                                                                                                    "n.id"
                                                                                                ],
                                                                                                "Inner Unique": true,
                                                                                                "Join Filter": "(ci.role_id = rt.id)",
                                                                                                "Rows Removed by Join Filter": 138,
                                                                                                "Plans": [
                                                                                                    {
                                                                                                        "Node Type": "Merge Join",
                                                                                                        "Parent Relationship": "Outer",
                                                                                                        "Parallel Aware": false,
                                                                                                        "Join Type": "Inner",
                                                                                                        "Startup Cost": 30002181305.44,
                                                                                                        "Total Cost": 30002183609.43,
                                                                                                        "Plan Rows": 563,
                                                                                                        "Plan Width": 40,
                                                                                                        "Actual Startup Time": 4725.128,
                                                                                                        "Actual Total Time": 4755.362,
                                                                                                        "Actual Rows": 138,
                                                                                                        "Actual Loops": 1,
                                                                                                        "Output": [
                                                                                                            "an.person_id",
                                                                                                            "ci.movie_id",
                                                                                                            "ci.person_id",
                                                                                                            "ci.role_id",
                                                                                                            "ci.person_role_id",
                                                                                                            "cc.movie_id",
                                                                                                            "cc.subject_id",
                                                                                                            "mi.movie_id",
                                                                                                            "mi.info_type_id",
                                                                                                            "n.id"
                                                                                                        ],
                                                                                                        "Inner Unique": false,
                                                                                                        "Merge Cond": "(ci.movie_id = mi.movie_id)",
                                                                                                        "Plans": [
                                                                                                            {
                                                                                                                "Node Type": "Sort",
                                                                                                                "Parent Relationship": "Outer",
                                                                                                                "Parallel Aware": false,
                                                                                                                "Startup Cost": 20001087849.86,
                                                                                                                "Total Cost": 20001087852.76,
                                                                                                                "Plan Rows": 1159,
                                                                                                                "Plan Width": 32,
                                                                                                                "Actual Startup Time": 2280.314,
                                                                                                                "Actual Total Time": 2280.672,
                                                                                                                "Actual Rows": 231,
                                                                                                                "Actual Loops": 1,
                                                                                                                "Output": [
                                                                                                                    "an.person_id",
                                                                                                                    "ci.movie_id",
                                                                                                                    "ci.person_id",
                                                                                                                    "ci.role_id",
                                                                                                                    "ci.person_role_id",
                                                                                                                    "cc.movie_id",
                                                                                                                    "cc.subject_id",
                                                                                                                    "n.id"
                                                                                                                ],
                                                                                                                "Sort Key": [
                                                                                                                    "ci.movie_id"
                                                                                                                ],
                                                                                                                "Sort Method": "quicksort",
                                                                                                                "Sort Space Used": 43,
                                                                                                                "Sort Space Type": "Memory",
                                                                                                                "Plans": [
                                                                                                                    {
                                                                                                                        "Node Type": "Merge Join",
                                                                                                                        "Parent Relationship": "Outer",
                                                                                                                        "Parallel Aware": false,
                                                                                                                        "Join Type": "Inner",
                                                                                                                        "Startup Cost": 20001087756.11,
                                                                                                                        "Total Cost": 20001087790.88,
                                                                                                                        "Plan Rows": 1159,
                                                                                                                        "Plan Width": 32,
                                                                                                                        "Actual Startup Time": 2280.226,
                                                                                                                        "Actual Total Time": 2280.597,
                                                                                                                        "Actual Rows": 231,
                                                                                                                        "Actual Loops": 1,
                                                                                                                        "Output": [
                                                                                                                            "an.person_id",
                                                                                                                            "ci.movie_id",
                                                                                                                            "ci.person_id",
                                                                                                                            "ci.role_id",
                                                                                                                            "ci.person_role_id",
                                                                                                                            "cc.movie_id",
                                                                                                                            "cc.subject_id",
                                                                                                                            "n.id"
                                                                                                                        ],
                                                                                                                        "Inner Unique": false,
                                                                                                                        "Merge Cond": "(cct2.id = cc.status_id)",
                                                                                                                        "Plans": [
                                                                                                                            {
                                                                                                                                "Node Type": "Sort",
                                                                                                                                "Parent Relationship": "Outer",
                                                                                                                                "Parallel Aware": false,
                                                                                                                                "Startup Cost": 10000000001.06,
                                                                                                                                "Total Cost": 10000000001.06,
                                                                                                                                "Plan Rows": 1,
                                                                                                                                "Plan Width": 4,
                                                                                                                                "Actual Startup Time": 0.025,
                                                                                                                                "Actual Total Time": 0.027,
                                                                                                                                "Actual Rows": 1,
                                                                                                                                "Actual Loops": 1,
                                                                                                                                "Output": [
                                                                                                                                    "cct2.id"
                                                                                                                                ],
                                                                                                                                "Sort Key": [
                                                                                                                                    "cct2.id"
                                                                                                                                ],
                                                                                                                                "Sort Method": "quicksort",
                                                                                                                                "Sort Space Used": 25,
                                                                                                                                "Sort Space Type": "Memory",
                                                                                                                                "Plans": [
                                                                                                                                    {
                                                                                                                                        "Node Type": "Seq Scan",
                                                                                                                                        "Parent Relationship": "Outer",
                                                                                                                                        "Parallel Aware": false,
                                                                                                                                        "Relation Name": "comp_cast_type",
                                                                                                                                        "Schema": "public",
                                                                                                                                        "Alias": "cct2",
                                                                                                                                        "Startup Cost": 10000000000.0,
                                                                                                                                        "Total Cost": 10000000001.05,
                                                                                                                                        "Plan Rows": 1,
                                                                                                                                        "Plan Width": 4,
                                                                                                                                        "Actual Startup Time": 0.016,
                                                                                                                                        "Actual Total Time": 0.017,
                                                                                                                                        "Actual Rows": 1,
                                                                                                                                        "Actual Loops": 1,
                                                                                                                                        "Output": [
                                                                                                                                            "cct2.id"
                                                                                                                                        ],
                                                                                                                                        "Filter": "((cct2.kind)::text = 'complete+verified'::text)",
                                                                                                                                        "Rows Removed by Filter": 3
                                                                                                                                    }
                                                                                                                                ]
                                                                                                                            },
                                                                                                                            {
                                                                                                                                "Node Type": "Sort",
                                                                                                                                "Parent Relationship": "Inner",
                                                                                                                                "Parallel Aware": false,
                                                                                                                                "Startup Cost": 10001087755.05,
                                                                                                                                "Total Cost": 10001087766.63,
                                                                                                                                "Plan Rows": 4635,
                                                                                                                                "Plan Width": 36,
                                                                                                                                "Actual Startup Time": 2280.112,
                                                                                                                                "Actual Total Time": 2280.483,
                                                                                                                                "Actual Rows": 1119,
                                                                                                                                "Actual Loops": 1,
                                                                                                                                "Output": [
                                                                                                                                    "an.person_id",
                                                                                                                                    "ci.movie_id",
                                                                                                                                    "ci.person_id",
                                                                                                                                    "ci.role_id",
                                                                                                                                    "ci.person_role_id",
                                                                                                                                    "cc.movie_id",
                                                                                                                                    "cc.subject_id",
                                                                                                                                    "cc.status_id",
                                                                                                                                    "n.id"
                                                                                                                                ],
                                                                                                                                "Sort Key": [
                                                                                                                                    "cc.status_id"
                                                                                                                                ],
                                                                                                                                "Sort Method": "quicksort",
                                                                                                                                "Sort Space Used": 136,
                                                                                                                                "Sort Space Type": "Memory",
                                                                                                                                "Plans": [
                                                                                                                                    {
                                                                                                                                        "Node Type": "Merge Join",
                                                                                                                                        "Parent Relationship": "Outer",
                                                                                                                                        "Parallel Aware": false,
                                                                                                                                        "Join Type": "Inner",
                                                                                                                                        "Startup Cost": 10001086598.93,
                                                                                                                                        "Total Cost": 10001087472.81,
                                                                                                                                        "Plan Rows": 4635,
                                                                                                                                        "Plan Width": 36,
                                                                                                                                        "Actual Startup Time": 2265.796,
                                                                                                                                        "Actual Total Time": 2280.245,
                                                                                                                                        "Actual Rows": 1119,
                                                                                                                                        "Actual Loops": 1,
                                                                                                                                        "Output": [
                                                                                                                                            "an.person_id",
                                                                                                                                            "ci.movie_id",
                                                                                                                                            "ci.person_id",
                                                                                                                                            "ci.role_id",
                                                                                                                                            "ci.person_role_id",
                                                                                                                                            "cc.movie_id",
                                                                                                                                            "cc.subject_id",
                                                                                                                                            "cc.status_id",
                                                                                                                                            "n.id"
                                                                                                                                        ],
                                                                                                                                        "Inner Unique": false,
                                                                                                                                        "Merge Cond": "(cc.movie_id = ci.movie_id)",
                                                                                                                                        "Plans": [
                                                                                                                                            {
                                                                                                                                                "Node Type": "Sort",
                                                                                                                                                "Parent Relationship": "Outer",
                                                                                                                                                "Parallel Aware": false,
                                                                                                                                                "Startup Cost": 10000013593.56,
                                                                                                                                                "Total Cost": 10000013931.28,
                                                                                                                                                "Plan Rows": 135086,
                                                                                                                                                "Plan Width": 12,
                                                                                                                                                "Actual Startup Time": 39.037,
                                                                                                                                                "Actual Total Time": 44.976,
                                                                                                                                                "Actual Rows": 132344,
                                                                                                                                                "Actual Loops": 1,
                                                                                                                                                "Output": [
                                                                                                                                                    "cc.movie_id",
                                                                                                                                                    "cc.subject_id",
                                                                                                                                                    "cc.status_id"
                                                                                                                                                ],
                                                                                                                                                "Sort Key": [
                                                                                                                                                    "cc.movie_id"
                                                                                                                                                ],
                                                                                                                                                "Sort Method": "quicksort",
                                                                                                                                                "Sort Space Used": 12477,
                                                                                                                                                "Sort Space Type": "Memory",
                                                                                                                                                "Plans": [
                                                                                                                                                    {
                                                                                                                                                        "Node Type": "Seq Scan",
                                                                                                                                                        "Parent Relationship": "Outer",
                                                                                                                                                        "Parallel Aware": false,
                                                                                                                                                        "Relation Name": "complete_cast",
                                                                                                                                                        "Schema": "public",
                                                                                                                                                        "Alias": "cc",
                                                                                                                                                        "Startup Cost": 10000000000.0,
                                                                                                                                                        "Total Cost": 10000002081.86,
                                                                                                                                                        "Plan Rows": 135086,
                                                                                                                                                        "Plan Width": 12,
                                                                                                                                                        "Actual Startup Time": 0.017,
                                                                                                                                                        "Actual Total Time": 15.577,
                                                                                                                                                        "Actual Rows": 135086,
                                                                                                                                                        "Actual Loops": 1,
                                                                                                                                                        "Output": [
                                                                                                                                                            "cc.movie_id",
                                                                                                                                                            "cc.subject_id",
                                                                                                                                                            "cc.status_id"
                                                                                                                                                        ]
                                                                                                                                                    }
                                                                                                                                                ]
                                                                                                                                            },
                                                                                                                                            {
                                                                                                                                                "Node Type": "Sort",
                                                                                                                                                "Parent Relationship": "Inner",
                                                                                                                                                "Parallel Aware": false,
                                                                                                                                                "Startup Cost": 1073005.34,
                                                                                                                                                "Total Cost": 1073086.3,
                                                                                                                                                "Plan Rows": 32381,
                                                                                                                                                "Plan Width": 24,
                                                                                                                                                "Actual Startup Time": 2226.368,
                                                                                                                                                "Actual Total Time": 2227.466,
                                                                                                                                                "Actual Rows": 12940,
                                                                                                                                                "Actual Loops": 1,
                                                                                                                                                "Output": [
                                                                                                                                                    "an.person_id",
                                                                                                                                                    "ci.movie_id",
                                                                                                                                                    "ci.person_id",
                                                                                                                                                    "ci.role_id",
                                                                                                                                                    "ci.person_role_id",
                                                                                                                                                    "n.id"
                                                                                                                                                ],
                                                                                                                                                "Sort Key": [
                                                                                                                                                    "ci.movie_id"
                                                                                                                                                ],
                                                                                                                                                "Sort Method": "quicksort",
                                                                                                                                                "Sort Space Used": 1368,
                                                                                                                                                "Sort Space Type": "Memory",
                                                                                                                                                "Plans": [
                                                                                                                                                    {
                                                                                                                                                        "Node Type": "Gather",
                                                                                                                                                        "Parent Relationship": "Outer",
                                                                                                                                                        "Parallel Aware": false,
                                                                                                                                                        "Startup Cost": 176215.09,
                                                                                                                                                        "Total Cost": 1070579.54,
                                                                                                                                                        "Plan Rows": 32381,
                                                                                                                                                        "Plan Width": 24,
                                                                                                                                                        "Actual Startup Time": 520.66,
                                                                                                                                                        "Actual Total Time": 2224.633,
                                                                                                                                                        "Actual Rows": 12591,
                                                                                                                                                        "Actual Loops": 1,
                                                                                                                                                        "Output": [
                                                                                                                                                            "an.person_id",
                                                                                                                                                            "ci.movie_id",
                                                                                                                                                            "ci.person_id",
                                                                                                                                                            "ci.role_id",
                                                                                                                                                            "ci.person_role_id",
                                                                                                                                                            "n.id"
                                                                                                                                                        ],
                                                                                                                                                        "Workers Planned": 6,
                                                                                                                                                        "Workers Launched": 6,
                                                                                                                                                        "Single Copy": false,
                                                                                                                                                        "Plans": [
                                                                                                                                                            {
                                                                                                                                                                "Node Type": "Hash Join",
                                                                                                                                                                "Parent Relationship": "Outer",
                                                                                                                                                                "Parallel Aware": true,
                                                                                                                                                                "Join Type": "Inner",
                                                                                                                                                                "Startup Cost": 175215.09,
                                                                                                                                                                "Total Cost": 1066341.44,
                                                                                                                                                                "Plan Rows": 5397,
                                                                                                                                                                "Plan Width": 24,
                                                                                                                                                                "Actual Startup Time": 511.776,
                                                                                                                                                                "Actual Total Time": 2212.75,
                                                                                                                                                                "Actual Rows": 1799,
                                                                                                                                                                "Actual Loops": 7,
                                                                                                                                                                "Output": [
                                                                                                                                                                    "an.person_id",
                                                                                                                                                                    "ci.movie_id",
                                                                                                                                                                    "ci.person_id",
                                                                                                                                                                    "ci.role_id",
                                                                                                                                                                    "ci.person_role_id",
                                                                                                                                                                    "n.id"
                                                                                                                                                                ],
                                                                                                                                                                "Inner Unique": false,
                                                                                                                                                                "Hash Cond": "(ci.person_id = n.id)",
                                                                                                                                                                "Workers": [
                                                                                                                                                                    {
                                                                                                                                                                        "Worker Number": 0,
                                                                                                                                                                        "Actual Startup Time": 516.24,
                                                                                                                                                                        "Actual Total Time": 2210.714,
                                                                                                                                                                        "Actual Rows": 1431,
                                                                                                                                                                        "Actual Loops": 1
                                                                                                                                                                    },
                                                                                                                                                                    {
                                                                                                                                                                        "Worker Number": 1,
                                                                                                                                                                        "Actual Startup Time": 512.559,
                                                                                                                                                                        "Actual Total Time": 2210.453,
                                                                                                                                                                        "Actual Rows": 1738,
                                                                                                                                                                        "Actual Loops": 1
                                                                                                                                                                    },
                                                                                                                                                                    {
                                                                                                                                                                        "Worker Number": 2,
                                                                                                                                                                        "Actual Startup Time": 505.202,
                                                                                                                                                                        "Actual Total Time": 2211.656,
                                                                                                                                                                        "Actual Rows": 1252,
                                                                                                                                                                        "Actual Loops": 1
                                                                                                                                                                    },
                                                                                                                                                                    {
                                                                                                                                                                        "Worker Number": 3,
                                                                                                                                                                        "Actual Startup Time": 510.447,
                                                                                                                                                                        "Actual Total Time": 2211.948,
                                                                                                                                                                        "Actual Rows": 1721,
                                                                                                                                                                        "Actual Loops": 1
                                                                                                                                                                    },
                                                                                                                                                                    {
                                                                                                                                                                        "Worker Number": 4,
                                                                                                                                                                        "Actual Startup Time": 508.023,
                                                                                                                                                                        "Actual Total Time": 2211.543,
                                                                                                                                                                        "Actual Rows": 2927,
                                                                                                                                                                        "Actual Loops": 1
                                                                                                                                                                    },
                                                                                                                                                                    {
                                                                                                                                                                        "Worker Number": 5,
                                                                                                                                                                        "Actual Startup Time": 509.815,
                                                                                                                                                                        "Actual Total Time": 2211.85,
                                                                                                                                                                        "Actual Rows": 1954,
                                                                                                                                                                        "Actual Loops": 1
                                                                                                                                                                    }
                                                                                                                                                                ],
                                                                                                                                                                "Plans": [
                                                                                                                                                                    {
                                                                                                                                                                        "Node Type": "Index Scan",
                                                                                                                                                                        "Parent Relationship": "Outer",
                                                                                                                                                                        "Parallel Aware": true,
                                                                                                                                                                        "Scan Direction": "Forward",
                                                                                                                                                                        "Index Name": "role_id_cast_info",
                                                                                                                                                                        "Relation Name": "cast_info",
                                                                                                                                                                        "Schema": "public",
                                                                                                                                                                        "Alias": "ci",
                                                                                                                                                                        "Startup Cost": 0.56,
                                                                                                                                                                        "Total Cost": 890625.72,
                                                                                                                                                                        "Plan Rows": 133330,
                                                                                                                                                                        "Plan Width": 16,
                                                                                                                                                                        "Actual Startup Time": 0.283,
                                                                                                                                                                        "Actual Total Time": 1690.562,
                                                                                                                                                                        "Actual Rows": 119529,
                                                                                                                                                                        "Actual Loops": 7,
                                                                                                                                                                        "Output": [
                                                                                                                                                                            "ci.id",
                                                                                                                                                                            "ci.person_id",
                                                                                                                                                                            "ci.movie_id",
                                                                                                                                                                            "ci.person_role_id",
                                                                                                                                                                            "ci.note",
                                                                                                                                                                            "ci.nr_order",
                                                                                                                                                                            "ci.role_id"
                                                                                                                                                                        ],
                                                                                                                                                                        "Filter": "(ci.note = ANY ('{(voice),\"(voice) (uncredited)\",\"(voice: English version)\"}'::text[]))",
                                                                                                                                                                        "Rows Removed by Filter": 5058235,
                                                                                                                                                                        "Workers": [
                                                                                                                                                                            {
                                                                                                                                                                                "Worker Number": 0,
                                                                                                                                                                                "Actual Startup Time": 0.572,
                                                                                                                                                                                "Actual Total Time": 1690.78,
                                                                                                                                                                                "Actual Rows": 112929,
                                                                                                                                                                                "Actual Loops": 1
                                                                                                                                                                            },
                                                                                                                                                                            {
                                                                                                                                                                                "Worker Number": 1,
                                                                                                                                                                                "Actual Startup Time": 0.077,
                                                                                                                                                                                "Actual Total Time": 1690.009,
                                                                                                                                                                                "Actual Rows": 110542,
                                                                                                                                                                                "Actual Loops": 1
                                                                                                                                                                            },
                                                                                                                                                                            {
                                                                                                                                                                                "Worker Number": 2,
                                                                                                                                                                                "Actual Startup Time": 0.661,
                                                                                                                                                                                "Actual Total Time": 1691.503,
                                                                                                                                                                                "Actual Rows": 110749,
                                                                                                                                                                                "Actual Loops": 1
                                                                                                                                                                            },
                                                                                                                                                                            {
                                                                                                                                                                                "Worker Number": 3,
                                                                                                                                                                                "Actual Startup Time": 0.117,
                                                                                                                                                                                "Actual Total Time": 1690.579,
                                                                                                                                                                                "Actual Rows": 115014,
                                                                                                                                                                                "Actual Loops": 1
                                                                                                                                                                            },
                                                                                                                                                                            {
                                                                                                                                                                                "Worker Number": 4,
                                                                                                                                                                                "Actual Startup Time": 0.184,
                                                                                                                                                                                "Actual Total Time": 1690.485,
                                                                                                                                                                                "Actual Rows": 112573,
                                                                                                                                                                                "Actual Loops": 1
                                                                                                                                                                            },
                                                                                                                                                                            {
                                                                                                                                                                                "Worker Number": 5,
                                                                                                                                                                                "Actual Startup Time": 0.331,
                                                                                                                                                                                "Actual Total Time": 1690.302,
                                                                                                                                                                                "Actual Rows": 121877,
                                                                                                                                                                                "Actual Loops": 1
                                                                                                                                                                            }
                                                                                                                                                                        ]
                                                                                                                                                                    },
                                                                                                                                                                    {
                                                                                                                                                                        "Node Type": "Hash",
                                                                                                                                                                        "Parent Relationship": "Inner",
                                                                                                                                                                        "Parallel Aware": true,
                                                                                                                                                                        "Startup Cost": 175167.17,
                                                                                                                                                                        "Total Cost": 175167.17,
                                                                                                                                                                        "Plan Rows": 3788,
                                                                                                                                                                        "Plan Width": 8,
                                                                                                                                                                        "Actual Startup Time": 504.965,
                                                                                                                                                                        "Actual Total Time": 504.967,
                                                                                                                                                                        "Actual Rows": 1730,
                                                                                                                                                                        "Actual Loops": 7,
                                                                                                                                                                        "Output": [
                                                                                                                                                                            "an.person_id",
                                                                                                                                                                            "n.id"
                                                                                                                                                                        ],
                                                                                                                                                                        "Hash Buckets": 16384,
                                                                                                                                                                        "Original Hash Buckets": 16384,
                                                                                                                                                                        "Hash Batches": 1,
                                                                                                                                                                        "Original Hash Batches": 1,
                                                                                                                                                                        "Peak Memory Usage": 672,
                                                                                                                                                                        "Workers": [
                                                                                                                                                                            {
                                                                                                                                                                                "Worker Number": 0,
                                                                                                                                                                                "Actual Startup Time": 502.388,
                                                                                                                                                                                "Actual Total Time": 502.39,
                                                                                                                                                                                "Actual Rows": 1630,
                                                                                                                                                                                "Actual Loops": 1
                                                                                                                                                                            },
                                                                                                                                                                            {
                                                                                                                                                                                "Worker Number": 1,
                                                                                                                                                                                "Actual Startup Time": 502.376,
                                                                                                                                                                                "Actual Total Time": 502.378,
                                                                                                                                                                                "Actual Rows": 1191,
                                                                                                                                                                                "Actual Loops": 1
                                                                                                                                                                            },
                                                                                                                                                                            {
                                                                                                                                                                                "Worker Number": 2,
                                                                                                                                                                                "Actual Startup Time": 503.266,
                                                                                                                                                                                "Actual Total Time": 503.273,
                                                                                                                                                                                "Actual Rows": 1486,
                                                                                                                                                                                "Actual Loops": 1
                                                                                                                                                                            },
                                                                                                                                                                            {
                                                                                                                                                                                "Worker Number": 3,
                                                                                                                                                                                "Actual Startup Time": 503.691,
                                                                                                                                                                                "Actual Total Time": 503.693,
                                                                                                                                                                                "Actual Rows": 1509,
                                                                                                                                                                                "Actual Loops": 1
                                                                                                                                                                            },
                                                                                                                                                                            {
                                                                                                                                                                                "Worker Number": 4,
                                                                                                                                                                                "Actual Startup Time": 503.838,
                                                                                                                                                                                "Actual Total Time": 503.84,
                                                                                                                                                                                "Actual Rows": 1530,
                                                                                                                                                                                "Actual Loops": 1
                                                                                                                                                                            },
                                                                                                                                                                            {
                                                                                                                                                                                "Worker Number": 5,
                                                                                                                                                                                "Actual Startup Time": 503.824,
                                                                                                                                                                                "Actual Total Time": 503.826,
                                                                                                                                                                                "Actual Rows": 1638,
                                                                                                                                                                                "Actual Loops": 1
                                                                                                                                                                            }
                                                                                                                                                                        ],
                                                                                                                                                                        "Plans": [
                                                                                                                                                                            {
                                                                                                                                                                                "Node Type": "Nested Loop",
                                                                                                                                                                                "Parent Relationship": "Outer",
                                                                                                                                                                                "Parallel Aware": false,
                                                                                                                                                                                "Join Type": "Inner",
                                                                                                                                                                                "Startup Cost": 0.85,
                                                                                                                                                                                "Total Cost": 175167.17,
                                                                                                                                                                                "Plan Rows": 3788,
                                                                                                                                                                                "Plan Width": 8,
                                                                                                                                                                                "Actual Startup Time": 1.962,
                                                                                                                                                                                "Actual Total Time": 503.785,
                                                                                                                                                                                "Actual Rows": 1730,
                                                                                                                                                                                "Actual Loops": 7,
                                                                                                                                                                                "Output": [
                                                                                                                                                                                    "an.person_id",
                                                                                                                                                                                    "n.id"
                                                                                                                                                                                ],
                                                                                                                                                                                "Inner Unique": false,
                                                                                                                                                                                "Workers": [
                                                                                                                                                                                    {
                                                                                                                                                                                        "Worker Number": 0,
                                                                                                                                                                                        "Actual Startup Time": 0.969,
                                                                                                                                                                                        "Actual Total Time": 501.173,
                                                                                                                                                                                        "Actual Rows": 1630,
                                                                                                                                                                                        "Actual Loops": 1
                                                                                                                                                                                    },
                                                                                                                                                                                    {
                                                                                                                                                                                        "Worker Number": 1,
                                                                                                                                                                                        "Actual Startup Time": 1.862,
                                                                                                                                                                                        "Actual Total Time": 501.266,
                                                                                                                                                                                        "Actual Rows": 1191,
                                                                                                                                                                                        "Actual Loops": 1
                                                                                                                                                                                    },
                                                                                                                                                                                    {
                                                                                                                                                                                        "Worker Number": 2,
                                                                                                                                                                                        "Actual Startup Time": 1.254,
                                                                                                                                                                                        "Actual Total Time": 502.078,
                                                                                                                                                                                        "Actual Rows": 1486,
                                                                                                                                                                                        "Actual Loops": 1
                                                                                                                                                                                    },
                                                                                                                                                                                    {
                                                                                                                                                                                        "Worker Number": 3,
                                                                                                                                                                                        "Actual Startup Time": 4.536,
                                                                                                                                                                                        "Actual Total Time": 502.481,
                                                                                                                                                                                        "Actual Rows": 1509,
                                                                                                                                                                                        "Actual Loops": 1
                                                                                                                                                                                    },
                                                                                                                                                                                    {
                                                                                                                                                                                        "Worker Number": 4,
                                                                                                                                                                                        "Actual Startup Time": 1.331,
                                                                                                                                                                                        "Actual Total Time": 502.646,
                                                                                                                                                                                        "Actual Rows": 1530,
                                                                                                                                                                                        "Actual Loops": 1
                                                                                                                                                                                    },
                                                                                                                                                                                    {
                                                                                                                                                                                        "Worker Number": 5,
                                                                                                                                                                                        "Actual Startup Time": 3.55,
                                                                                                                                                                                        "Actual Total Time": 502.565,
                                                                                                                                                                                        "Actual Rows": 1638,
                                                                                                                                                                                        "Actual Loops": 1
                                                                                                                                                                                    }
                                                                                                                                                                                ],
                                                                                                                                                                                "Plans": [
                                                                                                                                                                                    {
                                                                                                                                                                                        "Node Type": "Index Scan",
                                                                                                                                                                                        "Parent Relationship": "Outer",
                                                                                                                                                                                        "Parallel Aware": true,
                                                                                                                                                                                        "Scan Direction": "Forward",
                                                                                                                                                                                        "Index Name": "name_pkey",
                                                                                                                                                                                        "Relation Name": "name",
                                                                                                                                                                                        "Schema": "public",
                                                                                                                                                                                        "Alias": "n",
                                                                                                                                                                                        "Startup Cost": 0.43,
                                                                                                                                                                                        "Total Cost": 152126.62,
                                                                                                                                                                                        "Plan Rows": 17512,
                                                                                                                                                                                        "Plan Width": 4,
                                                                                                                                                                                        "Actual Startup Time": 0.812,
                                                                                                                                                                                        "Actual Total Time": 470.066,
                                                                                                                                                                                        "Actual Rows": 7999,
                                                                                                                                                                                        "Actual Loops": 7,
                                                                                                                                                                                        "Output": [
                                                                                                                                                                                            "n.id",
                                                                                                                                                                                            "n.name",
                                                                                                                                                                                            "n.imdb_index",
                                                                                                                                                                                            "n.imdb_id",
                                                                                                                                                                                            "n.gender",
                                                                                                                                                                                            "n.name_pcode_cf",
                                                                                                                                                                                            "n.name_pcode_nf",
                                                                                                                                                                                            "n.surname_pcode",
                                                                                                                                                                                            "n.md5sum"
                                                                                                                                                                                        ],
                                                                                                                                                                                        "Filter": "((n.name ~~ '%An%'::text) AND ((n.gender)::text = 'm'::text))",
                                                                                                                                                                                        "Rows Removed by Filter": 587357,
                                                                                                                                                                                        "Workers": [
                                                                                                                                                                                            {
                                                                                                                                                                                                "Worker Number": 0,
                                                                                                                                                                                                "Actual Startup Time": 0.852,
                                                                                                                                                                                                "Actual Total Time": 466.442,
                                                                                                                                                                                                "Actual Rows": 7261,
                                                                                                                                                                                                "Actual Loops": 1
                                                                                                                                                                                            },
                                                                                                                                                                                            {
                                                                                                                                                                                                "Worker Number": 1,
                                                                                                                                                                                                "Actual Startup Time": 1.558,
                                                                                                                                                                                                "Actual Total Time": 471.11,
                                                                                                                                                                                                "Actual Rows": 5531,
                                                                                                                                                                                                "Actual Loops": 1
                                                                                                                                                                                            },
                                                                                                                                                                                            {
                                                                                                                                                                                                "Worker Number": 2,
                                                                                                                                                                                                "Actual Startup Time": 0.735,
                                                                                                                                                                                                "Actual Total Time": 467.862,
                                                                                                                                                                                                "Actual Rows": 6950,
                                                                                                                                                                                                "Actual Loops": 1
                                                                                                                                                                                            },
                                                                                                                                                                                            {
                                                                                                                                                                                                "Worker Number": 3,
                                                                                                                                                                                                "Actual Startup Time": 0.856,
                                                                                                                                                                                                "Actual Total Time": 469.163,
                                                                                                                                                                                                "Actual Rows": 6923,
                                                                                                                                                                                                "Actual Loops": 1
                                                                                                                                                                                            },
                                                                                                                                                                                            {
                                                                                                                                                                                                "Worker Number": 4,
                                                                                                                                                                                                "Actual Startup Time": 1.068,
                                                                                                                                                                                                "Actual Total Time": 468.003,
                                                                                                                                                                                                "Actual Rows": 7154,
                                                                                                                                                                                                "Actual Loops": 1
                                                                                                                                                                                            },
                                                                                                                                                                                            {
                                                                                                                                                                                                "Worker Number": 5,
                                                                                                                                                                                                "Actual Startup Time": 0.581,
                                                                                                                                                                                                "Actual Total Time": 466.58,
                                                                                                                                                                                                "Actual Rows": 7546,
                                                                                                                                                                                                "Actual Loops": 1
                                                                                                                                                                                            }
                                                                                                                                                                                        ]
                                                                                                                                                                                    },
                                                                                                                                                                                    {
                                                                                                                                                                                        "Node Type": "Index Scan",
                                                                                                                                                                                        "Parent Relationship": "Inner",
                                                                                                                                                                                        "Parallel Aware": false,
                                                                                                                                                                                        "Scan Direction": "Forward",
                                                                                                                                                                                        "Index Name": "person_id_aka_name",
                                                                                                                                                                                        "Relation Name": "aka_name",
                                                                                                                                                                                        "Schema": "public",
                                                                                                                                                                                        "Alias": "an",
                                                                                                                                                                                        "Startup Cost": 0.42,
                                                                                                                                                                                        "Total Cost": 1.3,
                                                                                                                                                                                        "Plan Rows": 2,
                                                                                                                                                                                        "Plan Width": 4,
                                                                                                                                                                                        "Actual Startup Time": 0.004,
                                                                                                                                                                                        "Actual Total Time": 0.004,
                                                                                                                                                                                        "Actual Rows": 0,
                                                                                                                                                                                        "Actual Loops": 55990,
                                                                                                                                                                                        "Output": [
                                                                                                                                                                                            "an.id",
                                                                                                                                                                                            "an.person_id",
                                                                                                                                                                                            "an.name",
                                                                                                                                                                                            "an.imdb_index",
                                                                                                                                                                                            "an.name_pcode_cf",
                                                                                                                                                                                            "an.name_pcode_nf",
                                                                                                                                                                                            "an.surname_pcode",
                                                                                                                                                                                            "an.md5sum"
                                                                                                                                                                                        ],
                                                                                                                                                                                        "Index Cond": "(an.person_id = n.id)",
                                                                                                                                                                                        "Rows Removed by Index Recheck": 0,
                                                                                                                                                                                        "Workers": [
                                                                                                                                                                                            {
                                                                                                                                                                                                "Worker Number": 0,
                                                                                                                                                                                                "Actual Startup Time": 0.004,
                                                                                                                                                                                                "Actual Total Time": 0.004,
                                                                                                                                                                                                "Actual Rows": 0,
                                                                                                                                                                                                "Actual Loops": 7261
                                                                                                                                                                                            },
                                                                                                                                                                                            {
                                                                                                                                                                                                "Worker Number": 1,
                                                                                                                                                                                                "Actual Startup Time": 0.005,
                                                                                                                                                                                                "Actual Total Time": 0.005,
                                                                                                                                                                                                "Actual Rows": 0,
                                                                                                                                                                                                "Actual Loops": 5531
                                                                                                                                                                                            },
                                                                                                                                                                                            {
                                                                                                                                                                                                "Worker Number": 2,
                                                                                                                                                                                                "Actual Startup Time": 0.004,
                                                                                                                                                                                                "Actual Total Time": 0.004,
                                                                                                                                                                                                "Actual Rows": 0,
                                                                                                                                                                                                "Actual Loops": 6950
                                                                                                                                                                                            },
                                                                                                                                                                                            {
                                                                                                                                                                                                "Worker Number": 3,
                                                                                                                                                                                                "Actual Startup Time": 0.004,
                                                                                                                                                                                                "Actual Total Time": 0.004,
                                                                                                                                                                                                "Actual Rows": 0,
                                                                                                                                                                                                "Actual Loops": 6923
                                                                                                                                                                                            },
                                                                                                                                                                                            {
                                                                                                                                                                                                "Worker Number": 4,
                                                                                                                                                                                                "Actual Startup Time": 0.004,
                                                                                                                                                                                                "Actual Total Time": 0.004,
                                                                                                                                                                                                "Actual Rows": 0,
                                                                                                                                                                                                "Actual Loops": 7154
                                                                                                                                                                                            },
                                                                                                                                                                                            {
                                                                                                                                                                                                "Worker Number": 5,
                                                                                                                                                                                                "Actual Startup Time": 0.004,
                                                                                                                                                                                                "Actual Total Time": 0.004,
                                                                                                                                                                                                "Actual Rows": 0,
                                                                                                                                                                                                "Actual Loops": 7546
                                                                                                                                                                                            }
                                                                                                                                                                                        ]
                                                                                                                                                                                    }
                                                                                                                                                                                ]
                                                                                                                                                                            }
                                                                                                                                                                        ]
                                                                                                                                                                    }
                                                                                                                                                                ]
                                                                                                                                                            }
                                                                                                                                                        ]
                                                                                                                                                    }
                                                                                                                                                ]
                                                                                                                                            }
                                                                                                                                        ]
                                                                                                                                    }
                                                                                                                                ]
                                                                                                                            }
                                                                                                                        ]
                                                                                                                    }
                                                                                                                ]
                                                                                                            },
                                                                                                            {
                                                                                                                "Node Type": "Sort",
                                                                                                                "Parent Relationship": "Inner",
                                                                                                                "Parallel Aware": false,
                                                                                                                "Startup Cost": 10001093455.49,
                                                                                                                "Total Cost": 10001094602.29,
                                                                                                                "Plan Rows": 458720,
                                                                                                                "Plan Width": 8,
                                                                                                                "Actual Startup Time": 2443.698,
                                                                                                                "Actual Total Time": 2456.311,
                                                                                                                "Actual Rows": 387605,
                                                                                                                "Actual Loops": 1,
                                                                                                                "Output": [
                                                                                                                    "mi.movie_id",
                                                                                                                    "mi.info_type_id"
                                                                                                                ],
                                                                                                                "Sort Key": [
                                                                                                                    "mi.movie_id"
                                                                                                                ],
                                                                                                                "Sort Method": "quicksort",
                                                                                                                "Sort Space Used": 30461,
                                                                                                                "Sort Space Type": "Memory",
                                                                                                                "Plans": [
                                                                                                                    {
                                                                                                                        "Node Type": "Index Scan",
                                                                                                                        "Parent Relationship": "Outer",
                                                                                                                        "Parallel Aware": false,
                                                                                                                        "Scan Direction": "Forward",
                                                                                                                        "Index Name": "info_type_id_movie_info",
                                                                                                                        "Relation Name": "movie_info",
                                                                                                                        "Schema": "public",
                                                                                                                        "Alias": "mi",
                                                                                                                        "Startup Cost": 10000000000.43,
                                                                                                                        "Total Cost": 10001050319.17,
                                                                                                                        "Plan Rows": 458720,
                                                                                                                        "Plan Width": 8,
                                                                                                                        "Actual Startup Time": 4.259,
                                                                                                                        "Actual Total Time": 2378.125,
                                                                                                                        "Actual Rows": 387683,
                                                                                                                        "Actual Loops": 1,
                                                                                                                        "Output": [
                                                                                                                            "mi.movie_id",
                                                                                                                            "mi.info_type_id"
                                                                                                                        ],
                                                                                                                        "Filter": "(mi.info ~~ 'USA:%200%'::text)",
                                                                                                                        "Rows Removed by Filter": 14448037
                                                                                                                    }
                                                                                                                ]
                                                                                                            }
                                                                                                        ]
                                                                                                    },
                                                                                                    {
                                                                                                        "Node Type": "Materialize",
                                                                                                        "Parent Relationship": "Inner",
                                                                                                        "Parallel Aware": false,
                                                                                                        "Startup Cost": 0.14,
                                                                                                        "Total Cost": 12.35,
                                                                                                        "Plan Rows": 1,
                                                                                                        "Plan Width": 4,
                                                                                                        "Actual Startup Time": 0.0,
                                                                                                        "Actual Total Time": 0.0,
                                                                                                        "Actual Rows": 1,
                                                                                                        "Actual Loops": 138,
                                                                                                        "Output": [
                                                                                                            "rt.id"
                                                                                                        ],
                                                                                                        "Plans": [
                                                                                                            {
                                                                                                                "Node Type": "Index Scan",
                                                                                                                "Parent Relationship": "Outer",
                                                                                                                "Parallel Aware": false,
                                                                                                                "Scan Direction": "Forward",
                                                                                                                "Index Name": "role_type_pkey",
                                                                                                                "Relation Name": "role_type",
                                                                                                                "Schema": "public",
                                                                                                                "Alias": "rt",
                                                                                                                "Startup Cost": 0.14,
                                                                                                                "Total Cost": 12.35,
                                                                                                                "Plan Rows": 1,
                                                                                                                "Plan Width": 4,
                                                                                                                "Actual Startup Time": 0.013,
                                                                                                                "Actual Total Time": 0.015,
                                                                                                                "Actual Rows": 1,
                                                                                                                "Actual Loops": 1,
                                                                                                                "Output": [
                                                                                                                    "rt.id"
                                                                                                                ],
                                                                                                                "Filter": "((rt.role)::text = 'actress'::text)",
                                                                                                                "Rows Removed by Filter": 11
                                                                                                            }
                                                                                                        ]
                                                                                                    }
                                                                                                ]
                                                                                            }
                                                                                        ]
                                                                                    }
                                                                                ]
                                                                            }
                                                                        ]
                                                                    },
                                                                    {
                                                                        "Node Type": "Sort",
                                                                        "Parent Relationship": "Inner",
                                                                        "Parallel Aware": false,
                                                                        "Startup Cost": 2.42,
                                                                        "Total Cost": 2.43,
                                                                        "Plan Rows": 1,
                                                                        "Plan Width": 4,
                                                                        "Actual Startup Time": 0.0,
                                                                        "Actual Total Time": 0.0,
                                                                        "Actual Rows": 0,
                                                                        "Actual Loops": 0,
                                                                        "Output": [
                                                                            "it.id"
                                                                        ],
                                                                        "Sort Key": [
                                                                            "it.id"
                                                                        ],
                                                                        "Plans": [
                                                                            {
                                                                                "Node Type": "Seq Scan",
                                                                                "Parent Relationship": "Outer",
                                                                                "Parallel Aware": false,
                                                                                "Relation Name": "info_type",
                                                                                "Schema": "public",
                                                                                "Alias": "it",
                                                                                "Startup Cost": 0.0,
                                                                                "Total Cost": 2.41,
                                                                                "Plan Rows": 1,
                                                                                "Plan Width": 4,
                                                                                "Actual Startup Time": 0.0,
                                                                                "Actual Total Time": 0.0,
                                                                                "Actual Rows": 0,
                                                                                "Actual Loops": 0,
                                                                                "Output": [
                                                                                    "it.id"
                                                                                ],
                                                                                "Filter": "((it.info)::text = 'release dates'::text)",
                                                                                "Rows Removed by Filter": 0
                                                                            }
                                                                        ]
                                                                    }
                                                                ]
                                                            }
                                                        ]
                                                    }
                                                ]
                                            }
                                        ]
                                    },
                                    {
                                        "Node Type": "Sort",
                                        "Parent Relationship": "Inner",
                                        "Parallel Aware": false,
                                        "Startup Cost": 10000080243.69,
                                        "Total Cost": 10000080243.71,
                                        "Plan Rows": 5,
                                        "Plan Width": 4,
                                        "Actual Startup Time": 0.0,
                                        "Actual Total Time": 0.0,
                                        "Actual Rows": 0,
                                        "Actual Loops": 0,
                                        "Output": [
                                            "t.id"
                                        ],
                                        "Sort Key": [
                                            "t.id"
                                        ],
                                        "Plans": [
                                            {
                                                "Node Type": "Seq Scan",
                                                "Parent Relationship": "Outer",
                                                "Parallel Aware": false,
                                                "Relation Name": "title",
                                                "Schema": "public",
                                                "Alias": "t",
                                                "Startup Cost": 10000000000.0,
                                                "Total Cost": 10000080243.64,
                                                "Plan Rows": 5,
                                                "Plan Width": 4,
                                                "Actual Startup Time": 0.0,
                                                "Actual Total Time": 0.0,
                                                "Actual Rows": 0,
                                                "Actual Loops": 0,
                                                "Output": [
                                                    "t.id"
                                                ],
                                                "Filter": "((t.production_year >= 2008) AND (t.production_year <= 2013) AND (t.title = 'Shrek 2'::text))",
                                                "Rows Removed by Filter": 0
                                            }
                                        ]
                                    }
                                ]
                            },
                            {
                                "Node Type": "Hash",
                                "Parent Relationship": "Inner",
                                "Parallel Aware": false,
                                "Startup Cost": 20004247354.22,
                                "Total Cost": 20004247354.22,
                                "Plan Rows": 65,
                                "Plan Width": 8,
                                "Actual Startup Time": 25461.049,
                                "Actual Total Time": 25461.054,
                                "Actual Rows": 981,
                                "Actual Loops": 1,
                                "Output": [
                                    "mc.movie_id",
                                    "mk.movie_id"
                                ],
                                "Hash Buckets": 1024,
                                "Original Hash Buckets": 1024,
                                "Hash Batches": 1,
                                "Original Hash Batches": 1,
                                "Peak Memory Usage": 47,
                                "Plans": [
                                    {
                                        "Node Type": "Hash Join",
                                        "Parent Relationship": "Outer",
                                        "Parallel Aware": false,
                                        "Join Type": "Inner",
                                        "Startup Cost": 20004244541.18,
                                        "Total Cost": 20004247354.22,
                                        "Plan Rows": 65,
                                        "Plan Width": 8,
                                        "Actual Startup Time": 25451.81,
                                        "Actual Total Time": 25460.954,
                                        "Actual Rows": 981,
                                        "Actual Loops": 1,
                                        "Output": [
                                            "mc.movie_id",
                                            "mk.movie_id"
                                        ],
                                        "Inner Unique": false,
                                        "Hash Cond": "(k.id = mk.keyword_id)",
                                        "Plans": [
                                            {
                                                "Node Type": "Seq Scan",
                                                "Parent Relationship": "Outer",
                                                "Parallel Aware": false,
                                                "Relation Name": "keyword",
                                                "Schema": "public",
                                                "Alias": "k",
                                                "Startup Cost": 0.0,
                                                "Total Cost": 2626.12,
                                                "Plan Rows": 1,
                                                "Plan Width": 4,
                                                "Actual Startup Time": 0.04,
                                                "Actual Total Time": 8.779,
                                                "Actual Rows": 1,
                                                "Actual Loops": 1,
                                                "Output": [
                                                    "k.id",
                                                    "k.keyword",
                                                    "k.phonetic_code"
                                                ],
                                                "Filter": "(k.keyword = 'computer-animation'::text)",
                                                "Rows Removed by Filter": 134169
                                            },
                                            {
                                                "Node Type": "Hash",
                                                "Parent Relationship": "Inner",
                                                "Parallel Aware": false,
                                                "Startup Cost": 20004135192.98,
                                                "Total Cost": 20004135192.98,
                                                "Plan Rows": 8747856,
                                                "Plan Width": 12,
                                                "Actual Startup Time": 25435.141,
                                                "Actual Total Time": 25435.145,
                                                "Actual Rows": 12177631,
                                                "Actual Loops": 1,
                                                "Output": [
                                                    "mc.movie_id",
                                                    "mk.movie_id",
                                                    "mk.keyword_id"
                                                ],
                                                "Hash Buckets": 16777216,
                                                "Original Hash Buckets": 16777216,
                                                "Hash Batches": 1,
                                                "Original Hash Batches": 1,
                                                "Peak Memory Usage": 654330,
                                                "Plans": [
                                                    {
                                                        "Node Type": "Merge Join",
                                                        "Parent Relationship": "Outer",
                                                        "Parallel Aware": false,
                                                        "Join Type": "Inner",
                                                        "Startup Cost": 20003885033.19,
                                                        "Total Cost": 20004135192.98,
                                                        "Plan Rows": 8747856,
                                                        "Plan Width": 12,
                                                        "Actual Startup Time": 13873.699,
                                                        "Actual Total Time": 23415.672,
                                                        "Actual Rows": 12177631,
                                                        "Actual Loops": 1,
                                                        "Output": [
                                                            "mc.movie_id",
                                                            "mk.movie_id",
                                                            "mk.keyword_id"
                                                        ],
                                                        "Inner Unique": false,
                                                        "Merge Cond": "(mc.company_id = cn.id)",
                                                        "Plans": [
                                                            {
                                                                "Node Type": "Sort",
                                                                "Parent Relationship": "Outer",
                                                                "Parallel Aware": false,
                                                                "Startup Cost": 10003869218.53,
                                                                "Total Cost": 10003930182.2,
                                                                "Plan Rows": 24385467,
                                                                "Plan Width": 16,
                                                                "Actual Startup Time": 13796.08,
                                                                "Actual Total Time": 18941.848,
                                                                "Actual Rows": 34863638,
                                                                "Actual Loops": 1,
                                                                "Output": [
                                                                    "mc.movie_id",
                                                                    "mc.company_id",
                                                                    "mk.movie_id",
                                                                    "mk.keyword_id"
                                                                ],
                                                                "Sort Key": [
                                                                    "mc.company_id"
                                                                ],
                                                                "Sort Method": "quicksort",
                                                                "Sort Space Used": 3032335,
                                                                "Sort Space Type": "Memory",
                                                                "Plans": [
                                                                    {
                                                                        "Node Type": "Merge Join",
                                                                        "Parent Relationship": "Outer",
                                                                        "Parallel Aware": false,
                                                                        "Join Type": "Inner",
                                                                        "Startup Cost": 10000322959.06,
                                                                        "Total Cost": 10000877180.47,
                                                                        "Plan Rows": 24385467,
                                                                        "Plan Width": 16,
                                                                        "Actual Startup Time": 692.02,
                                                                        "Actual Total Time": 6685.919,
                                                                        "Actual Rows": 34863638,
                                                                        "Actual Loops": 1,
                                                                        "Output": [
                                                                            "mc.movie_id",
                                                                            "mc.company_id",
                                                                            "mk.movie_id",
                                                                            "mk.keyword_id"
                                                                        ],
                                                                        "Inner Unique": false,
                                                                        "Merge Cond": "(mk.movie_id = mc.movie_id)",
                                                                        "Plans": [
                                                                            {
                                                                                "Node Type": "Index Scan",
                                                                                "Parent Relationship": "Outer",
                                                                                "Parallel Aware": false,
                                                                                "Scan Direction": "Forward",
                                                                                "Index Name": "movie_id_movie_keyword",
                                                                                "Relation Name": "movie_keyword",
                                                                                "Schema": "public",
                                                                                "Alias": "mk",
                                                                                "Startup Cost": 10000000000.43,
                                                                                "Total Cost": 10000177177.46,
                                                                                "Plan Rows": 4523930,
                                                                                "Plan Width": 8,
                                                                                "Actual Startup Time": 0.026,
                                                                                "Actual Total Time": 649.391,
                                                                                "Actual Rows": 4523914,
                                                                                "Actual Loops": 1,
                                                                                "Output": [
                                                                                    "mk.id",
                                                                                    "mk.movie_id",
                                                                                    "mk.keyword_id"
                                                                                ]
                                                                            },
                                                                            {
                                                                                "Node Type": "Sort",
                                                                                "Parent Relationship": "Inner",
                                                                                "Parallel Aware": false,
                                                                                "Startup Cost": 322951.0,
                                                                                "Total Cost": 329473.82,
                                                                                "Plan Rows": 2609129,
                                                                                "Plan Width": 8,
                                                                                "Actual Startup Time": 691.981,
                                                                                "Actual Total Time": 2034.368,
                                                                                "Actual Rows": 36211384,
                                                                                "Actual Loops": 1,
                                                                                "Output": [
                                                                                    "mc.movie_id",
                                                                                    "mc.company_id"
                                                                                ],
                                                                                "Sort Key": [
                                                                                    "mc.movie_id"
                                                                                ],
                                                                                "Sort Method": "quicksort",
                                                                                "Sort Space Used": 220607,
                                                                                "Sort Space Type": "Memory",
                                                                                "Plans": [
                                                                                    {
                                                                                        "Node Type": "Seq Scan",
                                                                                        "Parent Relationship": "Outer",
                                                                                        "Parallel Aware": false,
                                                                                        "Relation Name": "movie_companies",
                                                                                        "Schema": "public",
                                                                                        "Alias": "mc",
                                                                                        "Startup Cost": 0.0,
                                                                                        "Total Cost": 44881.29,
                                                                                        "Plan Rows": 2609129,
                                                                                        "Plan Width": 8,
                                                                                        "Actual Startup Time": 0.015,
                                                                                        "Actual Total Time": 247.035,
                                                                                        "Actual Rows": 2609129,
                                                                                        "Actual Loops": 1,
                                                                                        "Output": [
                                                                                            "mc.movie_id",
                                                                                            "mc.company_id"
                                                                                        ]
                                                                                    }
                                                                                ]
                                                                            }
                                                                        ]
                                                                    }
                                                                ]
                                                            },
                                                            {
                                                                "Node Type": "Sort",
                                                                "Parent Relationship": "Inner",
                                                                "Parallel Aware": false,
                                                                "Startup Cost": 10000012829.66,
                                                                "Total Cost": 10000013040.41,
                                                                "Plan Rows": 84301,
                                                                "Plan Width": 4,
                                                                "Actual Startup Time": 77.605,
                                                                "Actual Total Time": 600.49,
                                                                "Actual Rows": 12210747,
                                                                "Actual Loops": 1,
                                                                "Output": [
                                                                    "cn.id"
                                                                ],
                                                                "Sort Key": [
                                                                    "cn.id"
                                                                ],
                                                                "Sort Method": "quicksort",
                                                                "Sort Space Used": 7050,
                                                                "Sort Space Type": "Memory",
                                                                "Plans": [
                                                                    {
                                                                        "Node Type": "Seq Scan",
                                                                        "Parent Relationship": "Outer",
                                                                        "Parallel Aware": false,
                                                                        "Relation Name": "company_name",
                                                                        "Schema": "public",
                                                                        "Alias": "cn",
                                                                        "Startup Cost": 10000000000.0,
                                                                        "Total Cost": 10000005932.46,
                                                                        "Plan Rows": 84301,
                                                                        "Plan Width": 4,
                                                                        "Actual Startup Time": 0.031,
                                                                        "Actual Total Time": 51.608,
                                                                        "Actual Rows": 84843,
                                                                        "Actual Loops": 1,
                                                                        "Output": [
                                                                            "cn.id"
                                                                        ],
                                                                        "Filter": "((cn.country_code)::text = '[us]'::text)",
                                                                        "Rows Removed by Filter": 150154
                                                                    }
                                                                ]
                                                            }
                                                        ]
                                                    }
                                                ]
                                            }
                                        ]
                                    }
                                ]
                            }
                        ]
                    },
                    {
                        "Node Type": "Bitmap Heap Scan",
                        "Parent Relationship": "Inner",
                        "Parallel Aware": false,
                        "Relation Name": "char_name",
                        "Schema": "public",
                        "Alias": "chn",
                        "Startup Cost": 0.49,
                        "Total Cost": 4.51,
                        "Plan Rows": 1,
                        "Plan Width": 4,
                        "Actual Startup Time": 0.0,
                        "Actual Total Time": 0.0,
                        "Actual Rows": 0,
                        "Actual Loops": 0,
                        "Output": [
                            "chn.id",
                            "chn.name",
                            "chn.imdb_index",
                            "chn.imdb_id",
                            "chn.name_pcode_nf",
                            "chn.surname_pcode",
                            "chn.md5sum"
                        ],
                        "Recheck Cond": "(chn.id = ci.person_role_id)",
                        "Rows Removed by Index Recheck": 0,
                        "Filter": "(chn.name = 'Queen'::text)",
                        "Rows Removed by Filter": 0,
                        "Exact Heap Blocks": 0,
                        "Lossy Heap Blocks": 0,
                        "Plans": [
                            {
                                "Node Type": "Bitmap Index Scan",
                                "Parent Relationship": "Outer",
                                "Parallel Aware": false,
                                "Index Name": "char_name_pkey",
                                "Startup Cost": 0.0,
                                "Total Cost": 0.49,
                                "Plan Rows": 1,
                                "Plan Width": 0,
                                "Actual Startup Time": 0.0,
                                "Actual Total Time": 0.0,
                                "Actual Rows": 0,
                                "Actual Loops": 0,
                                "Index Cond": "(chn.id = ci.person_role_id)"
                            }
                        ]
                    }
                ]
            }
        ]
    },
    "Planning Time": 2277.802,
    "Triggers": [],
    "Execution Time": 30879.908
}