[
  {
    "Plan": {
      "Node Type": "Aggregate",
      "Strategy": "Plain",
      "Partial Mode": "Finalize",
      "Parallel Aware": false,
      "Startup Cost": 400728.95,
      "Total Cost": 400728.96,
      "Plan Rows": 1,
      "Plan Width": 8,
      "Actual Startup Time": 2706.571,
      "Actual Total Time": 2769.431,
      "Actual Rows": 1,
      "Actual Loops": 1,
      "Plans": [
        {
          "Node Type": "Gather",
          "Parent Relationship": "Outer",
          "Parallel Aware": false,
          "Startup Cost": 400728.33,
          "Total Cost": 400728.94,
          "Plan Rows": 6,
          "Plan Width": 8,
          "Actual Startup Time": 2695.531,
          "Actual Total Time": 2769.423,
          "Actual Rows": 7,
          "Actual Loops": 1,
          "Workers Planned": 6,
          "Workers Launched": 6,
          "Single Copy": false,
          "Plans": [
            {
              "Node Type": "Aggregate",
              "Strategy": "Plain",
              "Partial Mode": "Partial",
              "Parent Relationship": "Outer",
              "Parallel Aware": false,
              "Startup Cost": 399728.33,
              "Total Cost": 399728.34,
              "Plan Rows": 1,
              "Plan Width": 8,
              "Actual Startup Time": 2672.413,
              "Actual Total Time": 2672.416,
              "Actual Rows": 1,
              "Actual Loops": 7,
              "Plans": [
                {
                  "Node Type": "Hash Join",
                  "Parent Relationship": "Outer",
                  "Parallel Aware": true,
                  "Join Type": "Inner",
                  "Startup Cost": 50219.64,
                  "Total Cost": 389315.33,
                  "Plan Rows": 4165197,
                  "Plan Width": 0,
                  "Actual Startup Time": 372.518,
                  "Actual Total Time": 2507.239,
                  "Actual Rows": 3570905,
                  "Actual Loops": 7,
                  "Inner Unique": true,
                  "Hash Cond": "(ci.movie_id = t.id)",
                  "Plans": [
                    {
                      "Node Type": "Seq Scan",
                      "Parent Relationship": "Outer",
                      "Parallel Aware": true,
                      "Relation Name": "cast_info",
                      "Alias": "ci",
                      "Startup Cost": 0.0,
                      "Total Cost": 328162.03,
                      "Plan Rows": 4165197,
                      "Plan Width": 4,
                      "Actual Startup Time": 112.907,
                      "Actual Total Time": 628.086,
                      "Actual Rows": 3570905,
                      "Actual Loops": 7,
                      "Filter": "(person_id > 1103956)",
                      "Rows Removed by Filter": 1606858
                    },
                    {
                      "Node Type": "Hash",
                      "Parent Relationship": "Inner",
                      "Parallel Aware": true,
                      "Startup Cost": 42318.73,
                      "Total Cost": 42318.73,
                      "Plan Rows": 632073,
                      "Plan Width": 4,
                      "Actual Startup Time": 252.666,
                      "Actual Total Time": 252.667,
                      "Actual Rows": 361187,
                      "Actual Loops": 7,
                      "Hash Buckets": 4194304,
                      "Original Hash Buckets": 4194304,
                      "Hash Batches": 1,
                      "Original Hash Batches": 1,
                      "Peak Memory Usage": 131776,
                      "Plans": [
                        {
                          "Node Type": "Seq Scan",
                          "Parent Relationship": "Outer",
                          "Parallel Aware": true,
                          "Relation Name": "title",
                          "Alias": "t",
                          "Startup Cost": 0.0,
                          "Total Cost": 42318.73,
                          "Plan Rows": 632073,
                          "Plan Width": 4,
                          "Actual Startup Time": 0.039,
                          "Actual Total Time": 73.962,
                          "Actual Rows": 361187,
                          "Actual Loops": 7
                        }
                      ]
                    }
                  ]
                }
              ]
            }
          ]
        }
      ]
    },
    "Planning Time": 0.584,
    "Triggers": [],
    "Execution Time": 2769.544
  }
]