[
  {
    "Plan": {
      "Node Type": "Aggregate",
      "Strategy": "Plain",
      "Partial Mode": "Finalize",
      "Parallel Aware": false,
      "Startup Cost": 305586.75,
      "Total Cost": 305586.76,
      "Plan Rows": 1,
      "Plan Width": 8,
      "Actual Startup Time": 3881.3,
      "Actual Total Time": 3910.091,
      "Actual Rows": 1,
      "Actual Loops": 1,
      "Plans": [
        {
          "Node Type": "Gather",
          "Parent Relationship": "Outer",
          "Parallel Aware": false,
          "Startup Cost": 305586.23,
          "Total Cost": 305586.74,
          "Plan Rows": 5,
          "Plan Width": 8,
          "Actual Startup Time": 3873.59,
          "Actual Total Time": 3910.084,
          "Actual Rows": 6,
          "Actual Loops": 1,
          "Workers Planned": 5,
          "Workers Launched": 5,
          "Single Copy": false,
          "Plans": [
            {
              "Node Type": "Aggregate",
              "Strategy": "Plain",
              "Partial Mode": "Partial",
              "Parent Relationship": "Outer",
              "Parallel Aware": false,
              "Startup Cost": 304586.23,
              "Total Cost": 304586.24,
              "Plan Rows": 1,
              "Plan Width": 8,
              "Actual Startup Time": 3864.909,
              "Actual Total Time": 3864.913,
              "Actual Rows": 1,
              "Actual Loops": 6,
              "Plans": [
                {
                  "Node Type": "Hash Join",
                  "Parent Relationship": "Outer",
                  "Parallel Aware": true,
                  "Join Type": "Inner",
                  "Startup Cost": 95572.37,
                  "Total Cost": 301772.5,
                  "Plan Rows": 1125491,
                  "Plan Width": 0,
                  "Actual Startup Time": 432.312,
                  "Actual Total Time": 2843.017,
                  "Actual Rows": 25600416,
                  "Actual Loops": 6,
                  "Inner Unique": false,
                  "Hash Cond": "(mi.movie_id = t.id)",
                  "Plans": [
                    {
                      "Node Type": "Seq Scan",
                      "Parent Relationship": "Outer",
                      "Parallel Aware": true,
                      "Relation Name": "movie_info",
                      "Alias": "mi",
                      "Startup Cost": 0.0,
                      "Total Cost": 191503.19,
                      "Plan Rows": 2951019,
                      "Plan Width": 4,
                      "Actual Startup Time": 0.022,
                      "Actual Total Time": 257.287,
                      "Actual Rows": 2472620,
                      "Actual Loops": 6
                    },
                    {
                      "Node Type": "Hash",
                      "Parent Relationship": "Inner",
                      "Parallel Aware": true,
                      "Startup Cost": 91684.14,
                      "Total Cost": 91684.14,
                      "Plan Rows": 311058,
                      "Plan Width": 8,
                      "Actual Startup Time": 429.952,
                      "Actual Total Time": 429.955,
                      "Actual Rows": 370702,
                      "Actual Loops": 6,
                      "Hash Buckets": 4194304,
                      "Original Hash Buckets": 1048576,
                      "Hash Batches": 1,
                      "Original Hash Batches": 1,
                      "Peak Memory Usage": 144448,
                      "Plans": [
                        {
                          "Node Type": "Hash Join",
                          "Parent Relationship": "Outer",
                          "Parallel Aware": true,
                          "Join Type": "Inner",
                          "Startup Cost": 46287.74,
                          "Total Cost": 91684.14,
                          "Plan Rows": 311058,
                          "Plan Width": 8,
                          "Actual Startup Time": 116.325,
                          "Actual Total Time": 279.509,
                          "Actual Rows": 370702,
                          "Actual Loops": 6,
                          "Inner Unique": true,
                          "Hash Cond": "(mk.movie_id = t.id)",
                          "Plans": [
                            {
                              "Node Type": "Seq Scan",
                              "Parent Relationship": "Outer",
                              "Parallel Aware": true,
                              "Relation Name": "movie_keyword",
                              "Alias": "mk",
                              "Startup Cost": 0.0,
                              "Total Cost": 42695.65,
                              "Plan Rows": 1028856,
                              "Plan Width": 4,
                              "Actual Startup Time": 0.013,
                              "Actual Total Time": 80.247,
                              "Actual Rows": 535548,
                              "Actual Loops": 6,
                              "Filter": "(keyword_id < 13411)",
                              "Rows Removed by Filter": 218440
                            },
                            {
                              "Node Type": "Hash",
                              "Parent Relationship": "Inner",
                              "Parallel Aware": true,
                              "Startup Cost": 43899.01,
                              "Total Cost": 43899.01,
                              "Plan Rows": 191099,
                              "Plan Width": 4,
                              "Actual Startup Time": 115.262,
                              "Actual Total Time": 115.263,
                              "Actual Rows": 125613,
                              "Actual Loops": 6,
                              "Hash Buckets": 1048576,
                              "Original Hash Buckets": 1048576,
                              "Hash Batches": 1,
                              "Original Hash Batches": 1,
                              "Peak Memory Usage": 37760,
                              "Plans": [
                                {
                                  "Node Type": "Seq Scan",
                                  "Parent Relationship": "Outer",
                                  "Parallel Aware": true,
                                  "Relation Name": "title",
                                  "Alias": "t",
                                  "Startup Cost": 0.0,
                                  "Total Cost": 43899.01,
                                  "Plan Rows": 191099,
                                  "Plan Width": 4,
                                  "Actual Startup Time": 0.029,
                                  "Actual Total Time": 69.571,
                                  "Actual Rows": 125613,
                                  "Actual Loops": 6,
                                  "Filter": "(kind_id < 3)",
                                  "Rows Removed by Filter": 295772
                                }
                              ]
                            }
                          ]
                        }
                      ]
                    }
                  ]
                }
              ]
            }
          ]
        }
      ]
    },
    "Planning Time": 0.408,
    "Triggers": [],
    "Execution Time": 3910.131
  }
]