{
  "Plan": {
    "Node Type": "Aggregate",
    "Strategy": "Plain",
    "Partial Mode": "Finalize",
    "Parallel Aware": false,
    "Startup Cost": 637953.0,
    "Total Cost": 637953.01,
    "Plan Rows": 1,
    "Plan Width": 8,
    "Actual Startup Time": 5644.471,
    "Actual Total Time": 5712.992,
    "Actual Rows": 1,
    "Actual Loops": 1,
    "Plans": [
      {
        "Node Type": "Gather",
        "Parent Relationship": "Outer",
        "Parallel Aware": false,
        "Startup Cost": 637952.89,
        "Total Cost": 637953.0,
        "Plan Rows": 1,
        "Plan Width": 8,
        "Actual Startup Time": 5641.964,
        "Actual Total Time": 5712.98,
        "Actual Rows": 2,
        "Actual Loops": 1,
        "Workers Planned": 1,
        "Workers Launched": 1,
        "Single Copy": false,
        "Plans": [
          {
            "Node Type": "Aggregate",
            "Strategy": "Plain",
            "Partial Mode": "Partial",
            "Parent Relationship": "Outer",
            "Parallel Aware": false,
            "Startup Cost": 636952.89,
            "Total Cost": 636952.9,
            "Plan Rows": 1,
            "Plan Width": 8,
            "Actual Startup Time": 5635.974,
            "Actual Total Time": 5635.979,
            "Actual Rows": 1,
            "Actual Loops": 2,
            "Plans": [
              {
                "Node Type": "Hash Join",
                "Parent Relationship": "Outer",
                "Parallel Aware": true,
                "Join Type": "Inner",
                "Startup Cost": 61057.65,
                "Total Cost": 622807.75,
                "Plan Rows": 5658054,
                "Plan Width": 0,
                "Actual Startup Time": 316.933,
                "Actual Total Time": 5434.155,
                "Actual Rows": 4748200,
                "Actual Loops": 2,
                "Inner Unique": true,
                "Hash Cond": "(ci.movie_id = t.id)",
                "Plans": [
                  {
                    "Node Type": "Seq Scan",
                    "Parent Relationship": "Outer",
                    "Parallel Aware": true,
                    "Relation Name": "cast_info",
                    "Alias": "ci",
                    "Startup Cost": 0.0,
                    "Total Cost": 519069.44,
                    "Plan Rows": 16259274,
                    "Plan Width": 4,
                    "Actual Startup Time": 0.017,
                    "Actual Total Time": 1910.889,
                    "Actual Rows": 13879015,
                    "Actual Loops": 2,
                    "Filter": "(role_id < 6)",
                    "Rows Removed by Filter": 4243157
                  },
                  {
                    "Node Type": "Hash",
                    "Parent Relationship": "Inner",
                    "Parallel Aware": true,
                    "Startup Cost": 54588.39,
                    "Total Cost": 54588.39,
                    "Plan Rows": 517541,
                    "Plan Width": 4,
                    "Actual Startup Time": 307.118,
                    "Actual Total Time": 307.119,
                    "Actual Rows": 442825,
                    "Actual Loops": 2,
                    "Hash Buckets": 1048576,
                    "Original Hash Buckets": 1048576,
                    "Hash Batches": 1,
                    "Original Hash Batches": 1,
                    "Peak Memory Usage": 42848,
                    "Plans": [
                      {
                        "Node Type": "Seq Scan",
                        "Parent Relationship": "Outer",
                        "Parallel Aware": true,
                        "Relation Name": "title",
                        "Alias": "t",
                        "Startup Cost": 0.0,
                        "Total Cost": 54588.39,
                        "Plan Rows": 517541,
                        "Plan Width": 4,
                        "Actual Startup Time": 0.036,
                        "Actual Total Time": 182.021,
                        "Actual Rows": 442825,
                        "Actual Loops": 2,
                        "Filter": "(production_year < 1997)",
                        "Rows Removed by Filter": 821331
                      }
                    ]
                  }
                ]
              }
            ]
          }
        ]
      }
    ]
  },
  "Planning Time": 0.581,
  "Triggers": [],
  "Execution Time": 5713.076
}