[
    {
        "Bao": {
            "Bao prediction": "NaN",
            "Bao recommended hint": "(no hint)"
        }
    },
    {
        "Plan": {
            "Node Type": "Aggregate",
            "Strategy": "Plain",
            "Partial Mode": "Finalize",
            "Parallel Aware": false,
            "Startup Cost": 437138.17,
            "Total Cost": 437138.18,
            "Plan Rows": 1,
            "Plan Width": 8,
            "Actual Startup Time": 2950.004,
            "Actual Total Time": 2978.84,
            "Actual Rows": 1,
            "Actual Loops": 1,
            "Output": [
                "count(*)"
            ],
            "Plans": [
                {
                    "Node Type": "Gather",
                    "Parent Relationship": "Outer",
                    "Parallel Aware": false,
                    "Startup Cost": 437137.54,
                    "Total Cost": 437138.15,
                    "Plan Rows": 6,
                    "Plan Width": 8,
                    "Actual Startup Time": 2939.23,
                    "Actual Total Time": 2978.83,
                    "Actual Rows": 7,
                    "Actual Loops": 1,
                    "Output": [
                        "(PARTIAL count(*))"
                    ],
                    "Workers Planned": 6,
                    "Workers Launched": 6,
                    "Single Copy": false,
                    "Plans": [
                        {
                            "Node Type": "Aggregate",
                            "Strategy": "Plain",
                            "Partial Mode": "Partial",
                            "Parent Relationship": "Outer",
                            "Parallel Aware": false,
                            "Startup Cost": 436137.54,
                            "Total Cost": 436137.55,
                            "Plan Rows": 1,
                            "Plan Width": 8,
                            "Actual Startup Time": 2928.422,
                            "Actual Total Time": 2928.676,
                            "Actual Rows": 1,
                            "Actual Loops": 7,
                            "Output": [
                                "PARTIAL count(*)"
                            ],
                            "Workers": [
                                {
                                    "Worker Number": 0,
                                    "Actual Startup Time": 2926.556,
                                    "Actual Total Time": 2926.562,
                                    "Actual Rows": 1,
                                    "Actual Loops": 1
                                },
                                {
                                    "Worker Number": 1,
                                    "Actual Startup Time": 2926.71,
                                    "Actual Total Time": 2926.716,
                                    "Actual Rows": 1,
                                    "Actual Loops": 1
                                },
                                {
                                    "Worker Number": 2,
                                    "Actual Startup Time": 2926.302,
                                    "Actual Total Time": 2926.307,
                                    "Actual Rows": 1,
                                    "Actual Loops": 1
                                },
                                {
                                    "Worker Number": 3,
                                    "Actual Startup Time": 2926.323,
                                    "Actual Total Time": 2926.326,
                                    "Actual Rows": 1,
                                    "Actual Loops": 1
                                },
                                {
                                    "Worker Number": 4,
                                    "Actual Startup Time": 2927.775,
                                    "Actual Total Time": 2927.779,
                                    "Actual Rows": 1,
                                    "Actual Loops": 1
                                },
                                {
                                    "Worker Number": 5,
                                    "Actual Startup Time": 2926.53,
                                    "Actual Total Time": 2926.536,
                                    "Actual Rows": 1,
                                    "Actual Loops": 1
                                }
                            ],
                            "Plans": [
                                {
                                    "Node Type": "Hash Join",
                                    "Parent Relationship": "Outer",
                                    "Parallel Aware": true,
                                    "Join Type": "Inner",
                                    "Startup Cost": 93735.61,
                                    "Total Cost": 433240.29,
                                    "Plan Rows": 1158901,
                                    "Plan Width": 0,
                                    "Actual Startup Time": 288.132,
                                    "Actual Total Time": 2523.256,
                                    "Actual Rows": 9316388,
                                    "Actual Loops": 7,
                                    "Inner Unique": false,
                                    "Hash Cond": "(ci.movie_id = t.id)",
                                    "Workers": [
                                        {
                                            "Worker Number": 0,
                                            "Actual Startup Time": 286.379,
                                            "Actual Total Time": 2512.039,
                                            "Actual Rows": 8020409,
                                            "Actual Loops": 1
                                        },
                                        {
                                            "Worker Number": 1,
                                            "Actual Startup Time": 286.735,
                                            "Actual Total Time": 2532.804,
                                            "Actual Rows": 10072693,
                                            "Actual Loops": 1
                                        },
                                        {
                                            "Worker Number": 2,
                                            "Actual Startup Time": 286.092,
                                            "Actual Total Time": 2534.156,
                                            "Actual Rows": 10064270,
                                            "Actual Loops": 1
                                        },
                                        {
                                            "Worker Number": 3,
                                            "Actual Startup Time": 286.108,
                                            "Actual Total Time": 2512.866,
                                            "Actual Rows": 8234042,
                                            "Actual Loops": 1
                                        },
                                        {
                                            "Worker Number": 4,
                                            "Actual Startup Time": 286.589,
                                            "Actual Total Time": 2508.352,
                                            "Actual Rows": 8206279,
                                            "Actual Loops": 1
                                        },
                                        {
                                            "Worker Number": 5,
                                            "Actual Startup Time": 286.574,
                                            "Actual Total Time": 2537.257,
                                            "Actual Rows": 9933361,
                                            "Actual Loops": 1
                                        }
                                    ],
                                    "Plans": [
                                        {
                                            "Node Type": "Seq Scan",
                                            "Parent Relationship": "Outer",
                                            "Parallel Aware": true,
                                            "Relation Name": "cast_info",
                                            "Schema": "public",
                                            "Alias": "ci",
                                            "Startup Cost": 0.0,
                                            "Total Cost": 313108.29,
                                            "Plan Rows": 6042129,
                                            "Plan Width": 4,
                                            "Actual Startup Time": 0.042,
                                            "Actual Total Time": 508.094,
                                            "Actual Rows": 5177763,
                                            "Actual Loops": 7,
                                            "Output": [
                                                "ci.id",
                                                "ci.person_id",
                                                "ci.movie_id",
                                                "ci.person_role_id",
                                                "ci.note",
                                                "ci.nr_order",
                                                "ci.role_id"
                                            ],
                                            "Workers": [
                                                {
                                                    "Worker Number": 0,
                                                    "Actual Startup Time": 0.029,
                                                    "Actual Total Time": 524.376,
                                                    "Actual Rows": 4335214,
                                                    "Actual Loops": 1
                                                },
                                                {
                                                    "Worker Number": 1,
                                                    "Actual Startup Time": 0.064,
                                                    "Actual Total Time": 530.021,
                                                    "Actual Rows": 5674319,
                                                    "Actual Loops": 1
                                                },
                                                {
                                                    "Worker Number": 2,
                                                    "Actual Startup Time": 0.028,
                                                    "Actual Total Time": 502.592,
                                                    "Actual Rows": 5650709,
                                                    "Actual Loops": 1
                                                },
                                                {
                                                    "Worker Number": 3,
                                                    "Actual Startup Time": 0.028,
                                                    "Actual Total Time": 520.585,
                                                    "Actual Rows": 4533263,
                                                    "Actual Loops": 1
                                                },
                                                {
                                                    "Worker Number": 4,
                                                    "Actual Startup Time": 0.061,
                                                    "Actual Total Time": 538.424,
                                                    "Actual Rows": 4385936,
                                                    "Actual Loops": 1
                                                },
                                                {
                                                    "Worker Number": 5,
                                                    "Actual Startup Time": 0.072,
                                                    "Actual Total Time": 530.563,
                                                    "Actual Rows": 5603586,
                                                    "Actual Loops": 1
                                                }
                                            ]
                                        },
                                        {
                                            "Node Type": "Hash",
                                            "Parent Relationship": "Inner",
                                            "Parallel Aware": true,
                                            "Startup Cost": 91780.2,
                                            "Total Cost": 91780.2,
                                            "Plan Rows": 156433,
                                            "Plan Width": 8,
                                            "Actual Startup Time": 286.154,
                                            "Actual Total Time": 286.407,
                                            "Actual Rows": 147536,
                                            "Actual Loops": 7,
                                            "Output": [
                                                "t.id",
                                                "mk.movie_id"
                                            ],
                                            "Hash Buckets": 1048576,
                                            "Original Hash Buckets": 524288,
                                            "Hash Batches": 1,
                                            "Original Hash Batches": 1,
                                            "Peak Memory Usage": 52768,
                                            "Workers": [
                                                {
                                                    "Worker Number": 0,
                                                    "Actual Startup Time": 285.482,
                                                    "Actual Total Time": 285.486,
                                                    "Actual Rows": 105092,
                                                    "Actual Loops": 1
                                                },
                                                {
                                                    "Worker Number": 1,
                                                    "Actual Startup Time": 285.657,
                                                    "Actual Total Time": 285.662,
                                                    "Actual Rows": 172211,
                                                    "Actual Loops": 1
                                                },
                                                {
                                                    "Worker Number": 2,
                                                    "Actual Startup Time": 284.923,
                                                    "Actual Total Time": 284.927,
                                                    "Actual Rows": 174073,
                                                    "Actual Loops": 1
                                                },
                                                {
                                                    "Worker Number": 3,
                                                    "Actual Startup Time": 284.83,
                                                    "Actual Total Time": 284.832,
                                                    "Actual Rows": 116611,
                                                    "Actual Loops": 1
                                                },
                                                {
                                                    "Worker Number": 4,
                                                    "Actual Startup Time": 285.533,
                                                    "Actual Total Time": 285.537,
                                                    "Actual Rows": 104680,
                                                    "Actual Loops": 1
                                                },
                                                {
                                                    "Worker Number": 5,
                                                    "Actual Startup Time": 285.477,
                                                    "Actual Total Time": 285.481,
                                                    "Actual Rows": 169633,
                                                    "Actual Loops": 1
                                                }
                                            ],
                                            "Plans": [
                                                {
                                                    "Node Type": "Hash Join",
                                                    "Parent Relationship": "Outer",
                                                    "Parallel Aware": true,
                                                    "Join Type": "Inner",
                                                    "Startup Cost": 47353.81,
                                                    "Total Cost": 91780.2,
                                                    "Plan Rows": 156433,
                                                    "Plan Width": 8,
                                                    "Actual Startup Time": 120.646,
                                                    "Actual Total Time": 227.035,
                                                    "Actual Rows": 147536,
                                                    "Actual Loops": 7,
                                                    "Output": [
                                                        "t.id",
                                                        "mk.movie_id"
                                                    ],
                                                    "Inner Unique": true,
                                                    "Hash Cond": "(mk.movie_id = t.id)",
                                                    "Workers": [
                                                        {
                                                            "Worker Number": 0,
                                                            "Actual Startup Time": 119.984,
                                                            "Actual Total Time": 226.891,
                                                            "Actual Rows": 105092,
                                                            "Actual Loops": 1
                                                        },
                                                        {
                                                            "Worker Number": 1,
                                                            "Actual Startup Time": 120.052,
                                                            "Actual Total Time": 225.515,
                                                            "Actual Rows": 172211,
                                                            "Actual Loops": 1
                                                        },
                                                        {
                                                            "Worker Number": 2,
                                                            "Actual Startup Time": 119.404,
                                                            "Actual Total Time": 225.518,
                                                            "Actual Rows": 174073,
                                                            "Actual Loops": 1
                                                        },
                                                        {
                                                            "Worker Number": 3,
                                                            "Actual Startup Time": 119.425,
                                                            "Actual Total Time": 226.489,
                                                            "Actual Rows": 116611,
                                                            "Actual Loops": 1
                                                        },
                                                        {
                                                            "Worker Number": 4,
                                                            "Actual Startup Time": 119.959,
                                                            "Actual Total Time": 227.09,
                                                            "Actual Rows": 104680,
                                                            "Actual Loops": 1
                                                        },
                                                        {
                                                            "Worker Number": 5,
                                                            "Actual Startup Time": 119.937,
                                                            "Actual Total Time": 225.345,
                                                            "Actual Rows": 169633,
                                                            "Actual Loops": 1
                                                        }
                                                    ],
                                                    "Plans": [
                                                        {
                                                            "Node Type": "Seq Scan",
                                                            "Parent Relationship": "Outer",
                                                            "Parallel Aware": true,
                                                            "Relation Name": "movie_keyword",
                                                            "Schema": "public",
                                                            "Alias": "mk",
                                                            "Startup Cost": 0.0,
                                                            "Total Cost": 42695.65,
                                                            "Plan Rows": 659329,
                                                            "Plan Width": 4,
                                                            "Actual Startup Time": 0.016,
                                                            "Actual Total Time": 73.625,
                                                            "Actual Rows": 291303,
                                                            "Actual Loops": 7,
                                                            "Output": [
                                                                "mk.id",
                                                                "mk.movie_id",
                                                                "mk.keyword_id"
                                                            ],
                                                            "Filter": "(mk.keyword_id < 3644)",
                                                            "Rows Removed by Filter": 354972,
                                                            "Workers": [
                                                                {
                                                                    "Worker Number": 0,
                                                                    "Actual Startup Time": 0.017,
                                                                    "Actual Total Time": 75.209,
                                                                    "Actual Rows": 225366,
                                                                    "Actual Loops": 1
                                                                },
                                                                {
                                                                    "Worker Number": 1,
                                                                    "Actual Startup Time": 0.015,
                                                                    "Actual Total Time": 73.146,
                                                                    "Actual Rows": 330401,
                                                                    "Actual Loops": 1
                                                                },
                                                                {
                                                                    "Worker Number": 2,
                                                                    "Actual Startup Time": 0.013,
                                                                    "Actual Total Time": 73.405,
                                                                    "Actual Rows": 334869,
                                                                    "Actual Loops": 1
                                                                },
                                                                {
                                                                    "Worker Number": 3,
                                                                    "Actual Startup Time": 0.016,
                                                                    "Actual Total Time": 76.202,
                                                                    "Actual Rows": 222415,
                                                                    "Actual Loops": 1
                                                                },
                                                                {
                                                                    "Worker Number": 4,
                                                                    "Actual Startup Time": 0.018,
                                                                    "Actual Total Time": 76.527,
                                                                    "Actual Rows": 224371,
                                                                    "Actual Loops": 1
                                                                },
                                                                {
                                                                    "Worker Number": 5,
                                                                    "Actual Startup Time": 0.022,
                                                                    "Actual Total Time": 72.818,
                                                                    "Actual Rows": 326771,
                                                                    "Actual Loops": 1
                                                                }
                                                            ]
                                                        },
                                                        {
                                                            "Node Type": "Hash",
                                                            "Parent Relationship": "Inner",
                                                            "Parallel Aware": true,
                                                            "Startup Cost": 45479.21,
                                                            "Total Cost": 45479.21,
                                                            "Plan Rows": 149968,
                                                            "Plan Width": 4,
                                                            "Actual Startup Time": 100.36,
                                                            "Actual Total Time": 100.361,
                                                            "Actual Rows": 68845,
                                                            "Actual Loops": 7,
                                                            "Output": [
                                                                "t.id"
                                                            ],
                                                            "Hash Buckets": 1048576,
                                                            "Original Hash Buckets": 1048576,
                                                            "Hash Batches": 1,
                                                            "Original Hash Batches": 1,
                                                            "Peak Memory Usage": 27104,
                                                            "Workers": [
                                                                {
                                                                    "Worker Number": 0,
                                                                    "Actual Startup Time": 100.62,
                                                                    "Actual Total Time": 100.621,
                                                                    "Actual Rows": 69164,
                                                                    "Actual Loops": 1
                                                                },
                                                                {
                                                                    "Worker Number": 1,
                                                                    "Actual Startup Time": 100.682,
                                                                    "Actual Total Time": 100.683,
                                                                    "Actual Rows": 68152,
                                                                    "Actual Loops": 1
                                                                },
                                                                {
                                                                    "Worker Number": 2,
                                                                    "Actual Startup Time": 100.006,
                                                                    "Actual Total Time": 100.007,
                                                                    "Actual Rows": 71097,
                                                                    "Actual Loops": 1
                                                                },
                                                                {
                                                                    "Worker Number": 3,
                                                                    "Actual Startup Time": 100.004,
                                                                    "Actual Total Time": 100.005,
                                                                    "Actual Rows": 48742,
                                                                    "Actual Loops": 1
                                                                },
                                                                {
                                                                    "Worker Number": 4,
                                                                    "Actual Startup Time": 100.592,
                                                                    "Actual Total Time": 100.593,
                                                                    "Actual Rows": 67855,
                                                                    "Actual Loops": 1
                                                                },
                                                                {
                                                                    "Worker Number": 5,
                                                                    "Actual Startup Time": 100.561,
                                                                    "Actual Total Time": 100.562,
                                                                    "Actual Rows": 67749,
                                                                    "Actual Loops": 1
                                                                }
                                                            ],
                                                            "Plans": [
                                                                {
                                                                    "Node Type": "Seq Scan",
                                                                    "Parent Relationship": "Outer",
                                                                    "Parallel Aware": true,
                                                                    "Relation Name": "title",
                                                                    "Schema": "public",
                                                                    "Alias": "t",
                                                                    "Startup Cost": 0.0,
                                                                    "Total Cost": 45479.21,
                                                                    "Plan Rows": 149968,
                                                                    "Plan Width": 4,
                                                                    "Actual Startup Time": 38.54,
                                                                    "Actual Total Time": 72.653,
                                                                    "Actual Rows": 68845,
                                                                    "Actual Loops": 7,
                                                                    "Output": [
                                                                        "t.id"
                                                                    ],
                                                                    "Filter": "((t.production_year > 1954) AND (t.kind_id = 1))",
                                                                    "Rows Removed by Filter": 292343,
                                                                    "Workers": [
                                                                        {
                                                                            "Worker Number": 0,
                                                                            "Actual Startup Time": 44.272,
                                                                            "Actual Total Time": 73.141,
                                                                            "Actual Rows": 69164,
                                                                            "Actual Loops": 1
                                                                        },
                                                                        {
                                                                            "Worker Number": 1,
                                                                            "Actual Startup Time": 44.118,
                                                                            "Actual Total Time": 73.088,
                                                                            "Actual Rows": 68152,
                                                                            "Actual Loops": 1
                                                                        },
                                                                        {
                                                                            "Worker Number": 2,
                                                                            "Actual Startup Time": 44.37,
                                                                            "Actual Total Time": 72.653,
                                                                            "Actual Rows": 71097,
                                                                            "Actual Loops": 1
                                                                        },
                                                                        {
                                                                            "Worker Number": 3,
                                                                            "Actual Startup Time": 44.361,
                                                                            "Actual Total Time": 74.352,
                                                                            "Actual Rows": 48742,
                                                                            "Actual Loops": 1
                                                                        },
                                                                        {
                                                                            "Worker Number": 4,
                                                                            "Actual Startup Time": 44.216,
                                                                            "Actual Total Time": 72.984,
                                                                            "Actual Rows": 67855,
                                                                            "Actual Loops": 1
                                                                        },
                                                                        {
                                                                            "Worker Number": 5,
                                                                            "Actual Startup Time": 44.233,
                                                                            "Actual Total Time": 73.24,
                                                                            "Actual Rows": 67749,
                                                                            "Actual Loops": 1
                                                                        }
                                                                    ]
                                                                }
                                                            ]
                                                        }
                                                    ]
                                                }
                                            ]
                                        }
                                    ]
                                }
                            ]
                        }
                    ]
                }
            ]
        },
        "Planning Time": 196.296,
        "Triggers": [],
        "Execution Time": 2978.911
    }
]