{
  "Plan": {
    "Node Type": "Aggregate",
    "Strategy": "Plain",
    "Partial Mode": "Finalize",
    "Parallel Aware": false,
    "Startup Cost": 251192.69,
    "Total Cost": 251192.7,
    "Plan Rows": 1,
    "Plan Width": 8,
    "Actual Startup Time": 252.656,
    "Actual Total Time": 275.584,
    "Actual Rows": 1,
    "Actual Loops": 1,
    "Plans": [
      {
        "Node Type": "Gather",
        "Parent Relationship": "Outer",
        "Parallel Aware": false,
        "Startup Cost": 251192.58,
        "Total Cost": 251192.69,
        "Plan Rows": 1,
        "Plan Width": 8,
        "Actual Startup Time": 252.484,
        "Actual Total Time": 275.577,
        "Actual Rows": 2,
        "Actual Loops": 1,
        "Workers Planned": 1,
        "Workers Launched": 1,
        "Single Copy": false,
        "Plans": [
          {
            "Node Type": "Aggregate",
            "Strategy": "Plain",
            "Partial Mode": "Partial",
            "Parent Relationship": "Outer",
            "Parallel Aware": false,
            "Startup Cost": 250192.58,
            "Total Cost": 250192.59,
            "Plan Rows": 1,
            "Plan Width": 8,
            "Actual Startup Time": 246.208,
            "Actual Total Time": 246.211,
            "Actual Rows": 1,
            "Actual Loops": 2,
            "Plans": [
              {
                "Node Type": "Nested Loop",
                "Parent Relationship": "Outer",
                "Parallel Aware": false,
                "Join Type": "Inner",
                "Startup Cost": 68742.38,
                "Total Cost": 250139.11,
                "Plan Rows": 21385,
                "Plan Width": 0,
                "Actual Startup Time": 171.08,
                "Actual Total Time": 245.697,
                "Actual Rows": 8972,
                "Actual Loops": 2,
                "Inner Unique": false,
                "Join Filter": "(t.id = ci.movie_id)",
                "Rows Removed by Join Filter": 0,
                "Plans": [
                  {
                    "Node Type": "Hash Join",
                    "Parent Relationship": "Outer",
                    "Parallel Aware": true,
                    "Join Type": "Inner",
                    "Startup Cost": 68741.81,
                    "Total Cost": 235768.07,
                    "Plan Rows": 3339,
                    "Plan Width": 8,
                    "Actual Startup Time": 170.63,
                    "Actual Total Time": 211.243,
                    "Actual Rows": 522,
                    "Actual Loops": 2,
                    "Inner Unique": true,
                    "Hash Cond": "(mi.movie_id = t.id)",
                    "Plans": [
                      {
                        "Node Type": "Bitmap Heap Scan",
                        "Parent Relationship": "Outer",
                        "Parallel Aware": true,
                        "Relation Name": "movie_info",
                        "Alias": "mi",
                        "Startup Cost": 10248.78,
                        "Total Cost": 176401.5,
                        "Plan Rows": 332778,
                        "Plan Width": 4,
                        "Actual Startup Time": 16.887,
                        "Actual Total Time": 42.331,
                        "Actual Rows": 271684,
                        "Actual Loops": 2,
                        "Recheck Cond": "(info_type_id > 98)",
                        "Rows Removed by Index Recheck": 0,
                        "Exact Heap Blocks": 3928,
                        "Lossy Heap Blocks": 0,
                        "Plans": [
                          {
                            "Node Type": "Bitmap Index Scan",
                            "Parent Relationship": "Outer",
                            "Parallel Aware": false,
                            "Index Name": "info_type_id_movie_info",
                            "Startup Cost": 0.0,
                            "Total Cost": 10107.35,
                            "Plan Rows": 565722,
                            "Plan Width": 0,
                            "Actual Startup Time": 16.044,
                            "Actual Total Time": 16.045,
                            "Actual Rows": 543367,
                            "Actual Loops": 1,
                            "Index Cond": "(info_type_id > 98)"
                          }
                        ]
                      },
                      {
                        "Node Type": "Hash",
                        "Parent Relationship": "Inner",
                        "Parallel Aware": true,
                        "Startup Cost": 58306.47,
                        "Total Cost": 58306.47,
                        "Plan Rows": 14925,
                        "Plan Width": 4,
                        "Actual Startup Time": 143.608,
                        "Actual Total Time": 143.608,
                        "Actual Rows": 14623,
                        "Actual Loops": 2,
                        "Hash Buckets": 32768,
                        "Original Hash Buckets": 32768,
                        "Hash Batches": 1,
                        "Original Hash Batches": 1,
                        "Peak Memory Usage": 1440,
                        "Plans": [
                          {
                            "Node Type": "Seq Scan",
                            "Parent Relationship": "Outer",
                            "Parallel Aware": true,
                            "Relation Name": "title",
                            "Alias": "t",
                            "Startup Cost": 0.0,
                            "Total Cost": 58306.47,
                            "Plan Rows": 14925,
                            "Plan Width": 4,
                            "Actual Startup Time": 0.074,
                            "Actual Total Time": 138.962,
                            "Actual Rows": 14623,
                            "Actual Loops": 2,
                            "Filter": "((kind_id > 2) AND (production_year = 1995))",
                            "Rows Removed by Filter": 1249533
                          }
                        ]
                      }
                    ]
                  },
                  {
                    "Node Type": "Index Scan",
                    "Parent Relationship": "Inner",
                    "Parallel Aware": false,
                    "Scan Direction": "Forward",
                    "Index Name": "movie_id_cast_info",
                    "Relation Name": "cast_info",
                    "Alias": "ci",
                    "Startup Cost": 0.56,
                    "Total Cost": 4.1,
                    "Plan Rows": 16,
                    "Plan Width": 4,
                    "Actual Startup Time": 0.039,
                    "Actual Total Time": 0.064,
                    "Actual Rows": 17,
                    "Actual Loops": 1043,
                    "Index Cond": "(movie_id = mi.movie_id)",
                    "Rows Removed by Index Recheck": 0,
                    "Filter": "((person_id < 3982943) AND (role_id > 2))",
                    "Rows Removed by Filter": 15
                  }
                ]
              }
            ]
          }
        ]
      }
    ]
  },
  "Planning Time": 1.106,
  "Triggers": [],
  "Execution Time": 275.697
}