[
    {
        "Bao": {
            "Bao prediction": "NaN",
            "Bao recommended hint": "(no hint)"
        }
    },
    {
        "Plan": {
            "Node Type": "Aggregate",
            "Strategy": "Plain",
            "Partial Mode": "Finalize",
            "Parallel Aware": false,
            "Startup Cost": 32451.02,
            "Total Cost": 32451.03,
            "Plan Rows": 1,
            "Plan Width": 8,
            "Actual Startup Time": 85.316,
            "Actual Total Time": 91.402,
            "Actual Rows": 1,
            "Actual Loops": 1,
            "Output": [
                "count(*)"
            ],
            "Plans": [
                {
                    "Node Type": "Gather",
                    "Parent Relationship": "Outer",
                    "Parallel Aware": false,
                    "Startup Cost": 32450.7,
                    "Total Cost": 32451.01,
                    "Plan Rows": 3,
                    "Plan Width": 8,
                    "Actual Startup Time": 85.046,
                    "Actual Total Time": 91.395,
                    "Actual Rows": 4,
                    "Actual Loops": 1,
                    "Output": [
                        "(PARTIAL count(*))"
                    ],
                    "Workers Planned": 3,
                    "Workers Launched": 3,
                    "Single Copy": false,
                    "Plans": [
                        {
                            "Node Type": "Aggregate",
                            "Strategy": "Plain",
                            "Partial Mode": "Partial",
                            "Parent Relationship": "Outer",
                            "Parallel Aware": false,
                            "Startup Cost": 31450.7,
                            "Total Cost": 31450.71,
                            "Plan Rows": 1,
                            "Plan Width": 8,
                            "Actual Startup Time": 77.035,
                            "Actual Total Time": 77.036,
                            "Actual Rows": 1,
                            "Actual Loops": 4,
                            "Output": [
                                "PARTIAL count(*)"
                            ],
                            "Workers": [
                                {
                                    "Worker Number": 0,
                                    "Actual Startup Time": 74.047,
                                    "Actual Total Time": 74.048,
                                    "Actual Rows": 1,
                                    "Actual Loops": 1
                                },
                                {
                                    "Worker Number": 1,
                                    "Actual Startup Time": 74.561,
                                    "Actual Total Time": 74.562,
                                    "Actual Rows": 1,
                                    "Actual Loops": 1
                                },
                                {
                                    "Worker Number": 2,
                                    "Actual Startup Time": 74.75,
                                    "Actual Total Time": 74.751,
                                    "Actual Rows": 1,
                                    "Actual Loops": 1
                                }
                            ],
                            "Plans": [
                                {
                                    "Node Type": "Bitmap Heap Scan",
                                    "Parent Relationship": "Outer",
                                    "Parallel Aware": true,
                                    "Relation Name": "movie_keyword",
                                    "Schema": "public",
                                    "Alias": "mk",
                                    "Startup Cost": 5697.43,
                                    "Total Cost": 31234.16,
                                    "Plan Rows": 86618,
                                    "Plan Width": 0,
                                    "Actual Startup Time": 14.456,
                                    "Actual Total Time": 72.774,
                                    "Actual Rows": 67045,
                                    "Actual Loops": 4,
                                    "Recheck Cond": "(mk.keyword_id > 58617)",
                                    "Rows Removed by Index Recheck": 0,
                                    "Exact Heap Blocks": 11342,
                                    "Lossy Heap Blocks": 0,
                                    "Workers": [
                                        {
                                            "Worker Number": 0,
                                            "Actual Startup Time": 11.505,
                                            "Actual Total Time": 70.315,
                                            "Actual Rows": 35942,
                                            "Actual Loops": 1
                                        },
                                        {
                                            "Worker Number": 1,
                                            "Actual Startup Time": 12.249,
                                            "Actual Total Time": 70.74,
                                            "Actual Rows": 45943,
                                            "Actual Loops": 1
                                        },
                                        {
                                            "Worker Number": 2,
                                            "Actual Startup Time": 12.142,
                                            "Actual Total Time": 70.988,
                                            "Actual Rows": 45410,
                                            "Actual Loops": 1
                                        }
                                    ],
                                    "Plans": [
                                        {
                                            "Node Type": "Bitmap Index Scan",
                                            "Parent Relationship": "Outer",
                                            "Parallel Aware": false,
                                            "Index Name": "keyword_id_movie_keyword",
                                            "Startup Cost": 0.0,
                                            "Total Cost": 5630.3,
                                            "Plan Rows": 268516,
                                            "Plan Width": 0,
                                            "Actual Startup Time": 18.766,
                                            "Actual Total Time": 18.766,
                                            "Actual Rows": 268181,
                                            "Actual Loops": 1,
                                            "Index Cond": "(mk.keyword_id > 58617)"
                                        }
                                    ]
                                }
                            ]
                        }
                    ]
                }
            ]
        },
        "Planning Time": 199.898,
        "Triggers": [],
        "Execution Time": 91.463
    }
]