[
  {
    "Plan": {
      "Node Type": "Aggregate",
      "Strategy": "Plain",
      "Partial Mode": "Finalize",
      "Parallel Aware": false,
      "Startup Cost": 45791.41,
      "Total Cost": 45791.42,
      "Plan Rows": 1,
      "Plan Width": 8,
      "Actual Startup Time": 178.335,
      "Actual Total Time": 189.045,
      "Actual Rows": 1,
      "Actual Loops": 1,
      "Plans": [
        {
          "Node Type": "Gather",
          "Parent Relationship": "Outer",
          "Parallel Aware": false,
          "Startup Cost": 45791.09,
          "Total Cost": 45791.4,
          "Plan Rows": 3,
          "Plan Width": 8,
          "Actual Startup Time": 178.201,
          "Actual Total Time": 189.036,
          "Actual Rows": 4,
          "Actual Loops": 1,
          "Workers Planned": 3,
          "Workers Launched": 3,
          "Single Copy": false,
          "Plans": [
            {
              "Node Type": "Aggregate",
              "Strategy": "Plain",
              "Partial Mode": "Partial",
              "Parent Relationship": "Outer",
              "Parallel Aware": false,
              "Startup Cost": 44791.09,
              "Total Cost": 44791.1,
              "Plan Rows": 1,
              "Plan Width": 8,
              "Actual Startup Time": 169.794,
              "Actual Total Time": 169.795,
              "Actual Rows": 1,
              "Actual Loops": 4,
              "Plans": [
                {
                  "Node Type": "Seq Scan",
                  "Parent Relationship": "Outer",
                  "Parallel Aware": true,
                  "Relation Name": "movie_keyword",
                  "Alias": "mk",
                  "Startup Cost": 0.0,
                  "Total Cost": 42695.65,
                  "Plan Rows": 838175,
                  "Plan Width": 0,
                  "Actual Startup Time": 0.438,
                  "Actual Total Time": 133.089,
                  "Actual Rows": 647790,
                  "Actual Loops": 4,
                  "Filter": "(keyword_id > 3319)",
                  "Rows Removed by Filter": 483192
                }
              ]
            }
          ]
        }
      ]
    },
    "Planning Time": 0.154,
    "Triggers": [],
    "Execution Time": 189.096
  }
]