{
  "Plan": {
    "Node Type": "Aggregate",
    "Strategy": "Plain",
    "Partial Mode": "Finalize",
    "Parallel Aware": false,
    "Startup Cost": 273304.94,
    "Total Cost": 273304.95,
    "Plan Rows": 1,
    "Plan Width": 8,
    "Actual Startup Time": 1795.371,
    "Actual Total Time": 1813.889,
    "Actual Rows": 1,
    "Actual Loops": 1,
    "Plans": [
      {
        "Node Type": "Gather",
        "Parent Relationship": "Outer",
        "Parallel Aware": false,
        "Startup Cost": 273304.83,
        "Total Cost": 273304.94,
        "Plan Rows": 1,
        "Plan Width": 8,
        "Actual Startup Time": 1793.001,
        "Actual Total Time": 1813.879,
        "Actual Rows": 2,
        "Actual Loops": 1,
        "Workers Planned": 1,
        "Workers Launched": 1,
        "Single Copy": false,
        "Plans": [
          {
            "Node Type": "Aggregate",
            "Strategy": "Plain",
            "Partial Mode": "Partial",
            "Parent Relationship": "Outer",
            "Parallel Aware": false,
            "Startup Cost": 272304.83,
            "Total Cost": 272304.84,
            "Plan Rows": 1,
            "Plan Width": 8,
            "Actual Startup Time": 1787.106,
            "Actual Total Time": 1787.113,
            "Actual Rows": 1,
            "Actual Loops": 2,
            "Plans": [
              {
                "Node Type": "Nested Loop",
                "Parent Relationship": "Outer",
                "Parallel Aware": false,
                "Join Type": "Inner",
                "Startup Cost": 80755.09,
                "Total Cost": 271646.27,
                "Plan Rows": 263423,
                "Plan Width": 0,
                "Actual Startup Time": 494.145,
                "Actual Total Time": 1705.705,
                "Actual Rows": 1992253,
                "Actual Loops": 2,
                "Inner Unique": false,
                "Plans": [
                  {
                    "Node Type": "Hash Join",
                    "Parent Relationship": "Outer",
                    "Parallel Aware": true,
                    "Join Type": "Inner",
                    "Startup Cost": 80754.66,
                    "Total Cost": 110655.51,
                    "Plan Rows": 255262,
                    "Plan Width": 8,
                    "Actual Startup Time": 494.005,
                    "Actual Total Time": 660.642,
                    "Actual Rows": 245895,
                    "Actual Loops": 2,
                    "Inner Unique": true,
                    "Hash Cond": "(mk.movie_id = t.id)",
                    "Plans": [
                      {
                        "Node Type": "Bitmap Heap Scan",
                        "Parent Relationship": "Outer",
                        "Parallel Aware": true,
                        "Relation Name": "movie_keyword",
                        "Alias": "mk",
                        "Startup Cost": 12989.04,
                        "Total Cost": 41944.57,
                        "Plan Rows": 360122,
                        "Plan Width": 4,
                        "Actual Startup Time": 42.556,
                        "Actual Total Time": 121.706,
                        "Actual Rows": 300332,
                        "Actual Loops": 2,
                        "Recheck Cond": "(keyword_id > 30621)",
                        "Rows Removed by Index Recheck": 0,
                        "Exact Heap Blocks": 12036,
                        "Lossy Heap Blocks": 0,
                        "Plans": [
                          {
                            "Node Type": "Bitmap Index Scan",
                            "Parent Relationship": "Outer",
                            "Parallel Aware": false,
                            "Index Name": "keyword_id_movie_keyword",
                            "Startup Cost": 0.0,
                            "Total Cost": 12835.99,
                            "Plan Rows": 612208,
                            "Plan Width": 0,
                            "Actual Startup Time": 39.043,
                            "Actual Total Time": 39.044,
                            "Actual Rows": 600663,
                            "Actual Loops": 1,
                            "Index Cond": "(keyword_id > 30621)"
                          }
                        ]
                      },
                      {
                        "Node Type": "Hash",
                        "Parent Relationship": "Inner",
                        "Parallel Aware": true,
                        "Startup Cost": 54588.39,
                        "Total Cost": 54588.39,
                        "Plan Rows": 1054178,
                        "Plan Width": 4,
                        "Actual Startup Time": 442.136,
                        "Actual Total Time": 442.137,
                        "Actual Rows": 897076,
                        "Actual Loops": 2,
                        "Hash Buckets": 2097152,
                        "Original Hash Buckets": 2097152,
                        "Hash Batches": 1,
                        "Original Hash Batches": 1,
                        "Peak Memory Usage": 86592,
                        "Plans": [
                          {
                            "Node Type": "Seq Scan",
                            "Parent Relationship": "Outer",
                            "Parallel Aware": true,
                            "Relation Name": "title",
                            "Alias": "t",
                            "Startup Cost": 0.0,
                            "Total Cost": 54588.39,
                            "Plan Rows": 1054178,
                            "Plan Width": 4,
                            "Actual Startup Time": 0.026,
                            "Actual Total Time": 179.559,
                            "Actual Rows": 897076,
                            "Actual Loops": 2,
                            "Filter": "(production_year < 2009)",
                            "Rows Removed by Filter": 367080
                          }
                        ]
                      }
                    ]
                  },
                  {
                    "Node Type": "Index Only Scan",
                    "Parent Relationship": "Inner",
                    "Parallel Aware": false,
                    "Scan Direction": "Forward",
                    "Index Name": "movie_id_movie_companies",
                    "Relation Name": "movie_companies",
                    "Alias": "mc",
                    "Startup Cost": 0.43,
                    "Total Cost": 0.58,
                    "Plan Rows": 5,
                    "Plan Width": 4,
                    "Actual Startup Time": 0.002,
                    "Actual Total Time": 0.004,
                    "Actual Rows": 8,
                    "Actual Loops": 491790,
                    "Index Cond": "(movie_id = t.id)",
                    "Rows Removed by Index Recheck": 0,
                    "Heap Fetches": 3984506
                  }
                ]
              }
            ]
          }
        ]
      }
    ]
  },
  "Planning Time": 0.547,
  "Triggers": [],
  "Execution Time": 1813.961
}