{
  "Plan": {
    "Node Type": "Aggregate",
    "Strategy": "Plain",
    "Partial Mode": "Finalize",
    "Parallel Aware": false,
    "Startup Cost": 944123.92,
    "Total Cost": 944123.93,
    "Plan Rows": 1,
    "Plan Width": 8,
    "Actual Startup Time": 9244.725,
    "Actual Total Time": 9314.719,
    "Actual Rows": 1,
    "Actual Loops": 1,
    "Plans": [
      {
        "Node Type": "Gather",
        "Parent Relationship": "Outer",
        "Parallel Aware": false,
        "Startup Cost": 944123.81,
        "Total Cost": 944123.92,
        "Plan Rows": 1,
        "Plan Width": 8,
        "Actual Startup Time": 9233.795,
        "Actual Total Time": 9314.709,
        "Actual Rows": 2,
        "Actual Loops": 1,
        "Workers Planned": 1,
        "Workers Launched": 1,
        "Single Copy": false,
        "Plans": [
          {
            "Node Type": "Aggregate",
            "Strategy": "Plain",
            "Partial Mode": "Partial",
            "Parent Relationship": "Outer",
            "Parallel Aware": false,
            "Startup Cost": 943123.81,
            "Total Cost": 943123.82,
            "Plan Rows": 1,
            "Plan Width": 8,
            "Actual Startup Time": 9216.725,
            "Actual Total Time": 9218.243,
            "Actual Rows": 1,
            "Actual Loops": 2,
            "Plans": [
              {
                "Node Type": "Hash Join",
                "Parent Relationship": "Outer",
                "Parallel Aware": true,
                "Join Type": "Inner",
                "Startup Cost": 512277.96,
                "Total Cost": 905086.05,
                "Plan Rows": 15215105,
                "Plan Width": 0,
                "Actual Startup Time": 4530.734,
                "Actual Total Time": 8660.155,
                "Actual Rows": 14095414,
                "Actual Loops": 2,
                "Inner Unique": false,
                "Hash Cond": "(mi.movie_id = t.id)",
                "Plans": [
                  {
                    "Node Type": "Seq Scan",
                    "Parent Relationship": "Outer",
                    "Parallel Aware": true,
                    "Relation Name": "movie_info",
                    "Alias": "mi",
                    "Startup Cost": 0.0,
                    "Total Cost": 248955.74,
                    "Plan Rows": 8696274,
                    "Plan Width": 4,
                    "Actual Startup Time": 0.015,
                    "Actual Total Time": 630.327,
                    "Actual Rows": 7417860,
                    "Actual Loops": 2
                  },
                  {
                    "Node Type": "Hash",
                    "Parent Relationship": "Inner",
                    "Parallel Aware": true,
                    "Startup Cost": 479751.99,
                    "Total Cost": 479751.99,
                    "Plan Rows": 2602078,
                    "Plan Width": 8,
                    "Actual Startup Time": 4490.572,
                    "Actual Total Time": 4492.088,
                    "Actual Rows": 2524644,
                    "Actual Loops": 2,
                    "Hash Buckets": 8388608,
                    "Original Hash Buckets": 8388608,
                    "Hash Batches": 1,
                    "Original Hash Batches": 1,
                    "Peak Memory Usage": 263104,
                    "Plans": [
                      {
                        "Node Type": "Hash Join",
                        "Parent Relationship": "Outer",
                        "Parallel Aware": true,
                        "Join Type": "Inner",
                        "Startup Cost": 65548.47,
                        "Total Cost": 479751.99,
                        "Plan Rows": 2602078,
                        "Plan Width": 8,
                        "Actual Startup Time": 442.897,
                        "Actual Total Time": 3586.021,
                        "Actual Rows": 2524644,
                        "Actual Loops": 2,
                        "Inner Unique": true,
                        "Hash Cond": "(ci.movie_id = t.id)",
                        "Plans": [
                          {
                            "Node Type": "Index Scan",
                            "Parent Relationship": "Outer",
                            "Parallel Aware": true,
                            "Scan Direction": "Forward",
                            "Index Name": "role_id_cast_info",
                            "Relation Name": "cast_info",
                            "Alias": "ci",
                            "Startup Cost": 0.56,
                            "Total Cost": 396668.75,
                            "Plan Rows": 6680112,
                            "Plan Width": 4,
                            "Actual Startup Time": 0.199,
                            "Actual Total Time": 1178.163,
                            "Actual Rows": 5757447,
                            "Actual Loops": 2,
                            "Index Cond": "(role_id > 3)",
                            "Rows Removed by Index Recheck": 0,
                            "Filter": "(person_id > 285444)",
                            "Rows Removed by Filter": 299376
                          },
                          {
                            "Node Type": "Hash",
                            "Parent Relationship": "Inner",
                            "Parallel Aware": true,
                            "Startup Cost": 58306.47,
                            "Total Cost": 58306.47,
                            "Plan Rows": 579315,
                            "Plan Width": 4,
                            "Actual Startup Time": 438.85,
                            "Actual Total Time": 438.851,
                            "Actual Rows": 528794,
                            "Actual Loops": 2,
                            "Hash Buckets": 2097152,
                            "Original Hash Buckets": 1048576,
                            "Hash Batches": 1,
                            "Original Hash Batches": 1,
                            "Peak Memory Usage": 65984,
                            "Plans": [
                              {
                                "Node Type": "Seq Scan",
                                "Parent Relationship": "Outer",
                                "Parallel Aware": true,
                                "Relation Name": "title",
                                "Alias": "t",
                                "Startup Cost": 0.0,
                                "Total Cost": 58306.47,
                                "Plan Rows": 579315,
                                "Plan Width": 4,
                                "Actual Startup Time": 0.055,
                                "Actual Total Time": 234.564,
                                "Actual Rows": 528794,
                                "Actual Loops": 2,
                                "Filter": "((kind_id > 1) AND (production_year > 2001))",
                                "Rows Removed by Filter": 735362
                              }
                            ]
                          }
                        ]
                      }
                    ]
                  }
                ]
              }
            ]
          }
        ]
      }
    ]
  },
  "Planning Time": 0.971,
  "Triggers": [],
  "Execution Time": 9314.837
}