{
  "Plan": {
    "Node Type": "Aggregate",
    "Strategy": "Plain",
    "Partial Mode": "Finalize",
    "Parallel Aware": false,
    "Startup Cost": 121350.62,
    "Total Cost": 121350.63,
    "Plan Rows": 1,
    "Plan Width": 8,
    "Actual Startup Time": 367.865,
    "Actual Total Time": 378.727,
    "Actual Rows": 1,
    "Actual Loops": 1,
    "Plans": [
      {
        "Node Type": "Gather",
        "Parent Relationship": "Outer",
        "Parallel Aware": false,
        "Startup Cost": 121350.51,
        "Total Cost": 121350.62,
        "Plan Rows": 1,
        "Plan Width": 8,
        "Actual Startup Time": 367.476,
        "Actual Total Time": 378.72,
        "Actual Rows": 2,
        "Actual Loops": 1,
        "Workers Planned": 1,
        "Workers Launched": 1,
        "Single Copy": false,
        "Plans": [
          {
            "Node Type": "Aggregate",
            "Strategy": "Plain",
            "Partial Mode": "Partial",
            "Parent Relationship": "Outer",
            "Parallel Aware": false,
            "Startup Cost": 120350.51,
            "Total Cost": 120350.52,
            "Plan Rows": 1,
            "Plan Width": 8,
            "Actual Startup Time": 362.388,
            "Actual Total Time": 362.394,
            "Actual Rows": 1,
            "Actual Loops": 2,
            "Plans": [
              {
                "Node Type": "Hash Join",
                "Parent Relationship": "Outer",
                "Parallel Aware": true,
                "Join Type": "Inner",
                "Startup Cost": 59216.14,
                "Total Cost": 120323.73,
                "Plan Rows": 10709,
                "Plan Width": 0,
                "Actual Startup Time": 308.054,
                "Actual Total Time": 359.137,
                "Actual Rows": 82146,
                "Actual Loops": 2,
                "Inner Unique": false,
                "Hash Cond": "(mk.movie_id = t.id)",
                "Plans": [
                  {
                    "Node Type": "Seq Scan",
                    "Parent Relationship": "Outer",
                    "Parallel Aware": true,
                    "Relation Name": "movie_keyword",
                    "Alias": "mk",
                    "Startup Cost": 0.0,
                    "Total Cost": 51065.35,
                    "Plan Rows": 2661135,
                    "Plan Width": 4,
                    "Actual Startup Time": 0.015,
                    "Actual Total Time": 158.091,
                    "Actual Rows": 2261965,
                    "Actual Loops": 2
                  },
                  {
                    "Node Type": "Hash",
                    "Parent Relationship": "Inner",
                    "Parallel Aware": true,
                    "Startup Cost": 59141.32,
                    "Total Cost": 59141.32,
                    "Plan Rows": 5985,
                    "Plan Width": 8,
                    "Actual Startup Time": 46.402,
                    "Actual Total Time": 46.405,
                    "Actual Rows": 9239,
                    "Actual Loops": 2,
                    "Hash Buckets": 32768,
                    "Original Hash Buckets": 16384,
                    "Hash Batches": 1,
                    "Original Hash Batches": 1,
                    "Peak Memory Usage": 1152,
                    "Plans": [
                      {
                        "Node Type": "Nested Loop",
                        "Parent Relationship": "Outer",
                        "Parallel Aware": false,
                        "Join Type": "Inner",
                        "Startup Cost": 433.7,
                        "Total Cost": 59141.32,
                        "Plan Rows": 5985,
                        "Plan Width": 8,
                        "Actual Startup Time": 1.768,
                        "Actual Total Time": 41.993,
                        "Actual Rows": 9239,
                        "Actual Loops": 2,
                        "Inner Unique": true,
                        "Plans": [
                          {
                            "Node Type": "Bitmap Heap Scan",
                            "Parent Relationship": "Outer",
                            "Parallel Aware": true,
                            "Relation Name": "movie_companies",
                            "Alias": "mc",
                            "Startup Cost": 433.27,
                            "Total Cost": 20188.31,
                            "Plan Rows": 5985,
                            "Plan Width": 4,
                            "Actual Startup Time": 1.655,
                            "Actual Total Time": 5.969,
                            "Actual Rows": 9239,
                            "Actual Loops": 2,
                            "Recheck Cond": "(company_id > 217670)",
                            "Rows Removed by Index Recheck": 0,
                            "Filter": "(company_type_id = 2)",
                            "Rows Removed by Filter": 0,
                            "Exact Heap Blocks": 479,
                            "Lossy Heap Blocks": 0,
                            "Plans": [
                              {
                                "Node Type": "Bitmap Index Scan",
                                "Parent Relationship": "Outer",
                                "Parallel Aware": false,
                                "Index Name": "company_id_movie_companies",
                                "Startup Cost": 0.0,
                                "Total Cost": 430.72,
                                "Plan Rows": 20039,
                                "Plan Width": 0,
                                "Actual Startup Time": 2.864,
                                "Actual Total Time": 2.864,
                                "Actual Rows": 18478,
                                "Actual Loops": 1,
                                "Index Cond": "(company_id > 217670)"
                              }
                            ]
                          },
                          {
                            "Node Type": "Index Only Scan",
                            "Parent Relationship": "Inner",
                            "Parallel Aware": false,
                            "Scan Direction": "Forward",
                            "Index Name": "title_pkey",
                            "Relation Name": "title",
                            "Alias": "t",
                            "Startup Cost": 0.43,
                            "Total Cost": 6.51,
                            "Plan Rows": 1,
                            "Plan Width": 4,
                            "Actual Startup Time": 0.003,
                            "Actual Total Time": 0.003,
                            "Actual Rows": 1,
                            "Actual Loops": 18478,
                            "Index Cond": "(id = mc.movie_id)",
                            "Rows Removed by Index Recheck": 0,
                            "Heap Fetches": 18478
                          }
                        ]
                      }
                    ]
                  }
                ]
              }
            ]
          }
        ]
      }
    ]
  },
  "Planning Time": 1.101,
  "Triggers": [],
  "Execution Time": 378.837
}