{
  "Plan": {
    "Node Type": "Aggregate",
    "Strategy": "Plain",
    "Partial Mode": "Finalize",
    "Parallel Aware": false,
    "Startup Cost": 51620.35,
    "Total Cost": 51620.36,
    "Plan Rows": 1,
    "Plan Width": 8,
    "Actual Startup Time": 57.187,
    "Actual Total Time": 65.359,
    "Actual Rows": 1,
    "Actual Loops": 1,
    "Plans": [
      {
        "Node Type": "Gather",
        "Parent Relationship": "Outer",
        "Parallel Aware": false,
        "Startup Cost": 51620.24,
        "Total Cost": 51620.35,
        "Plan Rows": 1,
        "Plan Width": 8,
        "Actual Startup Time": 56.972,
        "Actual Total Time": 65.353,
        "Actual Rows": 2,
        "Actual Loops": 1,
        "Workers Planned": 1,
        "Workers Launched": 1,
        "Single Copy": false,
        "Plans": [
          {
            "Node Type": "Aggregate",
            "Strategy": "Plain",
            "Partial Mode": "Partial",
            "Parent Relationship": "Outer",
            "Parallel Aware": false,
            "Startup Cost": 50620.24,
            "Total Cost": 50620.25,
            "Plan Rows": 1,
            "Plan Width": 8,
            "Actual Startup Time": 50.722,
            "Actual Total Time": 50.724,
            "Actual Rows": 1,
            "Actual Loops": 2,
            "Plans": [
              {
                "Node Type": "Nested Loop",
                "Parent Relationship": "Outer",
                "Parallel Aware": false,
                "Join Type": "Inner",
                "Startup Cost": 177.57,
                "Total Cost": 50619.41,
                "Plan Rows": 329,
                "Plan Width": 0,
                "Actual Startup Time": 6.063,
                "Actual Total Time": 50.665,
                "Actual Rows": 232,
                "Actual Loops": 2,
                "Inner Unique": false,
                "Plans": [
                  {
                    "Node Type": "Nested Loop",
                    "Parent Relationship": "Outer",
                    "Parallel Aware": false,
                    "Join Type": "Inner",
                    "Startup Cost": 177.14,
                    "Total Cost": 50220.34,
                    "Plan Rows": 319,
                    "Plan Width": 8,
                    "Actual Startup Time": 5.785,
                    "Actual Total Time": 49.213,
                    "Actual Rows": 97,
                    "Actual Loops": 2,
                    "Inner Unique": true,
                    "Plans": [
                      {
                        "Node Type": "Bitmap Heap Scan",
                        "Parent Relationship": "Outer",
                        "Parallel Aware": true,
                        "Relation Name": "movie_keyword",
                        "Alias": "mk",
                        "Startup Cost": 176.71,
                        "Total Cost": 17147.94,
                        "Plan Rows": 4879,
                        "Plan Width": 4,
                        "Actual Startup Time": 5.543,
                        "Actual Total Time": 18.892,
                        "Actual Rows": 4819,
                        "Actual Loops": 2,
                        "Recheck Cond": "(keyword_id = 236)",
                        "Rows Removed by Index Recheck": 0,
                        "Exact Heap Blocks": 6701,
                        "Lossy Heap Blocks": 0,
                        "Plans": [
                          {
                            "Node Type": "Bitmap Index Scan",
                            "Parent Relationship": "Outer",
                            "Parallel Aware": false,
                            "Index Name": "keyword_id_movie_keyword",
                            "Startup Cost": 0.0,
                            "Total Cost": 174.64,
                            "Plan Rows": 8294,
                            "Plan Width": 0,
                            "Actual Startup Time": 7.16,
                            "Actual Total Time": 7.161,
                            "Actual Rows": 9638,
                            "Actual Loops": 1,
                            "Index Cond": "(keyword_id = 236)"
                          }
                        ]
                      },
                      {
                        "Node Type": "Index Scan",
                        "Parent Relationship": "Inner",
                        "Parallel Aware": false,
                        "Scan Direction": "Forward",
                        "Index Name": "title_pkey",
                        "Relation Name": "title",
                        "Alias": "t",
                        "Startup Cost": 0.43,
                        "Total Cost": 6.78,
                        "Plan Rows": 1,
                        "Plan Width": 4,
                        "Actual Startup Time": 0.006,
                        "Actual Total Time": 0.006,
                        "Actual Rows": 0,
                        "Actual Loops": 9638,
                        "Index Cond": "(id = mk.movie_id)",
                        "Rows Removed by Index Recheck": 0,
                        "Filter": "((production_year < 1964) AND (kind_id = 7))",
                        "Rows Removed by Filter": 1
                      }
                    ]
                  },
                  {
                    "Node Type": "Index Only Scan",
                    "Parent Relationship": "Inner",
                    "Parallel Aware": false,
                    "Scan Direction": "Forward",
                    "Index Name": "movie_id_movie_companies",
                    "Relation Name": "movie_companies",
                    "Alias": "mc",
                    "Startup Cost": 0.43,
                    "Total Cost": 1.2,
                    "Plan Rows": 5,
                    "Plan Width": 4,
                    "Actual Startup Time": 0.011,
                    "Actual Total Time": 0.014,
                    "Actual Rows": 2,
                    "Actual Loops": 194,
                    "Index Cond": "(movie_id = t.id)",
                    "Rows Removed by Index Recheck": 0,
                    "Heap Fetches": 464
                  }
                ]
              }
            ]
          }
        ]
      }
    ]
  },
  "Planning Time": 0.951,
  "Triggers": [],
  "Execution Time": 65.449
}