[
  {
    "Plan": {
      "Node Type": "Aggregate",
      "Strategy": "Plain",
      "Partial Mode": "Finalize",
      "Parallel Aware": false,
      "Startup Cost": 251329.55,
      "Total Cost": 251329.56,
      "Plan Rows": 1,
      "Plan Width": 8,
      "Actual Startup Time": 703.665,
      "Actual Total Time": 750.021,
      "Actual Rows": 1,
      "Actual Loops": 1,
      "Plans": [
        {
          "Node Type": "Gather",
          "Parent Relationship": "Outer",
          "Parallel Aware": false,
          "Startup Cost": 251329.03,
          "Total Cost": 251329.54,
          "Plan Rows": 5,
          "Plan Width": 8,
          "Actual Startup Time": 702.301,
          "Actual Total Time": 749.995,
          "Actual Rows": 6,
          "Actual Loops": 1,
          "Workers Planned": 5,
          "Workers Launched": 5,
          "Single Copy": false,
          "Plans": [
            {
              "Node Type": "Aggregate",
              "Strategy": "Plain",
              "Partial Mode": "Partial",
              "Parent Relationship": "Outer",
              "Parallel Aware": false,
              "Startup Cost": 250329.03,
              "Total Cost": 250329.04,
              "Plan Rows": 1,
              "Plan Width": 8,
              "Actual Startup Time": 692.202,
              "Actual Total Time": 692.204,
              "Actual Rows": 1,
              "Actual Loops": 6,
              "Plans": [
                {
                  "Node Type": "Hash Join",
                  "Parent Relationship": "Outer",
                  "Parallel Aware": true,
                  "Join Type": "Inner",
                  "Startup Cost": 44340.03,
                  "Total Cost": 249973.75,
                  "Plan Rows": 142109,
                  "Plan Width": 0,
                  "Actual Startup Time": 94.606,
                  "Actual Total Time": 680.801,
                  "Actual Rows": 242193,
                  "Actual Loops": 6,
                  "Inner Unique": true,
                  "Hash Cond": "(mi.movie_id = t.id)",
                  "Plans": [
                    {
                      "Node Type": "Seq Scan",
                      "Parent Relationship": "Outer",
                      "Parallel Aware": true,
                      "Relation Name": "movie_info",
                      "Alias": "mi",
                      "Startup Cost": 0.0,
                      "Total Cost": 198952.16,
                      "Plan Rows": 2545353,
                      "Plan Width": 4,
                      "Actual Startup Time": 0.027,
                      "Actual Total Time": 352.083,
                      "Actual Rows": 2124109,
                      "Actual Loops": 6,
                      "Filter": "(info_type_id > 2)",
                      "Rows Removed by Filter": 348511
                    },
                    {
                      "Node Type": "Hash",
                      "Parent Relationship": "Inner",
                      "Parallel Aware": true,
                      "Startup Cost": 43898.92,
                      "Total Cost": 43898.92,
                      "Plan Rows": 35289,
                      "Plan Width": 4,
                      "Actual Startup Time": 86.929,
                      "Actual Total Time": 86.93,
                      "Actual Rows": 23889,
                      "Actual Loops": 6,
                      "Hash Buckets": 262144,
                      "Original Hash Buckets": 262144,
                      "Hash Batches": 1,
                      "Original Hash Batches": 1,
                      "Peak Memory Usage": 7744,
                      "Plans": [
                        {
                          "Node Type": "Seq Scan",
                          "Parent Relationship": "Outer",
                          "Parallel Aware": true,
                          "Relation Name": "title",
                          "Alias": "t",
                          "Startup Cost": 0.0,
                          "Total Cost": 43898.92,
                          "Plan Rows": 35289,
                          "Plan Width": 4,
                          "Actual Startup Time": 15.244,
                          "Actual Total Time": 77.563,
                          "Actual Rows": 23889,
                          "Actual Loops": 6,
                          "Filter": "(production_year < 1941)",
                          "Rows Removed by Filter": 397496
                        }
                      ]
                    }
                  ]
                }
              ]
            }
          ]
        }
      ]
    },
    "Planning Time": 0.559,
    "Triggers": [],
    "Execution Time": 750.097
  }
]