{
    "Plan": {
        "Node Type": "Aggregate",
        "Strategy": "Plain",
        "Partial Mode": "Finalize",
        "Parallel Aware": false,
        "Startup Cost": 78276.78,
        "Total Cost": 78276.79,
        "Plan Rows": 1,
        "Plan Width": 8,
        "Actual Startup Time": 322.415,
        "Actual Total Time": 358.515,
        "Actual Rows": 1,
        "Actual Loops": 1,
        "Output": [
            "count(*)"
        ],
        "Plans": [
            {
                "Node Type": "Gather",
                "Parent Relationship": "Outer",
                "Parallel Aware": false,
                "Startup Cost": 78276.57,
                "Total Cost": 78276.78,
                "Plan Rows": 2,
                "Plan Width": 8,
                "Actual Startup Time": 322.005,
                "Actual Total Time": 358.506,
                "Actual Rows": 3,
                "Actual Loops": 1,
                "Output": [
                    "(PARTIAL count(*))"
                ],
                "Workers Planned": 2,
                "Workers Launched": 2,
                "Single Copy": false,
                "Plans": [
                    {
                        "Node Type": "Aggregate",
                        "Strategy": "Plain",
                        "Partial Mode": "Partial",
                        "Parent Relationship": "Outer",
                        "Parallel Aware": false,
                        "Startup Cost": 77276.57,
                        "Total Cost": 77276.58,
                        "Plan Rows": 1,
                        "Plan Width": 8,
                        "Actual Startup Time": 314.013,
                        "Actual Total Time": 314.016,
                        "Actual Rows": 1,
                        "Actual Loops": 3,
                        "Output": [
                            "PARTIAL count(*)"
                        ],
                        "Workers": [
                            {
                                "Worker Number": 0,
                                "Actual Startup Time": 310.324,
                                "Actual Total Time": 310.327,
                                "Actual Rows": 1,
                                "Actual Loops": 1
                            },
                            {
                                "Worker Number": 1,
                                "Actual Startup Time": 310.386,
                                "Actual Total Time": 310.389,
                                "Actual Rows": 1,
                                "Actual Loops": 1
                            }
                        ],
                        "Plans": [
                            {
                                "Node Type": "Nested Loop",
                                "Parent Relationship": "Outer",
                                "Parallel Aware": false,
                                "Join Type": "Inner",
                                "Startup Cost": 45687.33,
                                "Total Cost": 77265.5,
                                "Plan Rows": 4429,
                                "Plan Width": 0,
                                "Actual Startup Time": 145.438,
                                "Actual Total Time": 312.695,
                                "Actual Rows": 17716,
                                "Actual Loops": 3,
                                "Inner Unique": false,
                                "Join Filter": "(t.id = mi.movie_id)",
                                "Rows Removed by Join Filter": 0,
                                "Workers": [
                                    {
                                        "Worker Number": 0,
                                        "Actual Startup Time": 141.756,
                                        "Actual Total Time": 309.061,
                                        "Actual Rows": 14438,
                                        "Actual Loops": 1
                                    },
                                    {
                                        "Worker Number": 1,
                                        "Actual Startup Time": 141.846,
                                        "Actual Total Time": 309.139,
                                        "Actual Rows": 14480,
                                        "Actual Loops": 1
                                    }
                                ],
                                "Plans": [
                                    {
                                        "Node Type": "Hash Join",
                                        "Parent Relationship": "Outer",
                                        "Parallel Aware": true,
                                        "Join Type": "Inner",
                                        "Startup Cost": 45686.9,
                                        "Total Cost": 61311.36,
                                        "Plan Rows": 5025,
                                        "Plan Width": 8,
                                        "Actual Startup Time": 145.316,
                                        "Actual Total Time": 184.152,
                                        "Actual Rows": 10195,
                                        "Actual Loops": 3,
                                        "Output": [
                                            "t.id",
                                            "mi_idx.movie_id"
                                        ],
                                        "Inner Unique": true,
                                        "Hash Cond": "(mi_idx.movie_id = t.id)",
                                        "Workers": [
                                            {
                                                "Worker Number": 0,
                                                "Actual Startup Time": 141.578,
                                                "Actual Total Time": 175.322,
                                                "Actual Rows": 8031,
                                                "Actual Loops": 1
                                            },
                                            {
                                                "Worker Number": 1,
                                                "Actual Startup Time": 141.714,
                                                "Actual Total Time": 175.599,
                                                "Actual Rows": 8345,
                                                "Actual Loops": 1
                                            }
                                        ],
                                        "Plans": [
                                            {
                                                "Node Type": "Seq Scan",
                                                "Parent Relationship": "Outer",
                                                "Parallel Aware": true,
                                                "Relation Name": "movie_info_idx",
                                                "Schema": "public",
                                                "Alias": "mi_idx",
                                                "Startup Cost": 0.0,
                                                "Total Cost": 15122.68,
                                                "Plan Rows": 191154,
                                                "Plan Width": 4,
                                                "Actual Startup Time": 0.01,
                                                "Actual Total Time": 35.484,
                                                "Actual Rows": 153308,
                                                "Actual Loops": 3,
                                                "Output": [
                                                    "mi_idx.id",
                                                    "mi_idx.movie_id",
                                                    "mi_idx.info_type_id",
                                                    "mi_idx.info",
                                                    "mi_idx.note"
                                                ],
                                                "Filter": "(mi_idx.info_type_id = 99)",
                                                "Rows Removed by Filter": 306703,
                                                "Workers": [
                                                    {
                                                        "Worker Number": 0,
                                                        "Actual Startup Time": 0.01,
                                                        "Actual Total Time": 32.344,
                                                        "Actual Rows": 128822,
                                                        "Actual Loops": 1
                                                    },
                                                    {
                                                        "Worker Number": 1,
                                                        "Actual Startup Time": 0.01,
                                                        "Actual Total Time": 32.537,
                                                        "Actual Rows": 131496,
                                                        "Actual Loops": 1
                                                    }
                                                ]
                                            },
                                            {
                                                "Node Type": "Hash",
                                                "Parent Relationship": "Inner",
                                                "Parallel Aware": true,
                                                "Startup Cost": 45479.21,
                                                "Total Cost": 45479.21,
                                                "Plan Rows": 16615,
                                                "Plan Width": 4,
                                                "Actual Startup Time": 121.726,
                                                "Actual Total Time": 121.727,
                                                "Actual Rows": 27212,
                                                "Actual Loops": 3,
                                                "Output": [
                                                    "t.id"
                                                ],
                                                "Hash Buckets": 131072,
                                                "Original Hash Buckets": 131072,
                                                "Hash Batches": 1,
                                                "Original Hash Batches": 1,
                                                "Peak Memory Usage": 4256,
                                                "Workers": [
                                                    {
                                                        "Worker Number": 0,
                                                        "Actual Startup Time": 119.391,
                                                        "Actual Total Time": 119.392,
                                                        "Actual Rows": 25471,
                                                        "Actual Loops": 1
                                                    },
                                                    {
                                                        "Worker Number": 1,
                                                        "Actual Startup Time": 119.534,
                                                        "Actual Total Time": 119.534,
                                                        "Actual Rows": 25350,
                                                        "Actual Loops": 1
                                                    }
                                                ],
                                                "Plans": [
                                                    {
                                                        "Node Type": "Seq Scan",
                                                        "Parent Relationship": "Outer",
                                                        "Parallel Aware": true,
                                                        "Relation Name": "title",
                                                        "Schema": "public",
                                                        "Alias": "t",
                                                        "Startup Cost": 0.0,
                                                        "Total Cost": 45479.21,
                                                        "Plan Rows": 16615,
                                                        "Plan Width": 4,
                                                        "Actual Startup Time": 75.659,
                                                        "Actual Total Time": 115.287,
                                                        "Actual Rows": 27212,
                                                        "Actual Loops": 3,
                                                        "Output": [
                                                            "t.id"
                                                        ],
                                                        "Filter": "((t.production_year < 2008) AND (t.kind_id = 3))",
                                                        "Rows Removed by Filter": 815559,
                                                        "Workers": [
                                                            {
                                                                "Worker Number": 0,
                                                                "Actual Startup Time": 73.019,
                                                                "Actual Total Time": 113.422,
                                                                "Actual Rows": 25471,
                                                                "Actual Loops": 1
                                                            },
                                                            {
                                                                "Worker Number": 1,
                                                                "Actual Startup Time": 77.047,
                                                                "Actual Total Time": 113.11,
                                                                "Actual Rows": 25350,
                                                                "Actual Loops": 1
                                                            }
                                                        ]
                                                    }
                                                ]
                                            }
                                        ]
                                    },
                                    {
                                        "Node Type": "Index Scan",
                                        "Parent Relationship": "Inner",
                                        "Parallel Aware": false,
                                        "Scan Direction": "Forward",
                                        "Index Name": "movie_id_movie_info",
                                        "Relation Name": "movie_info",
                                        "Schema": "public",
                                        "Alias": "mi",
                                        "Startup Cost": 0.43,
                                        "Total Cost": 3.1,
                                        "Plan Rows": 6,
                                        "Plan Width": 4,
                                        "Actual Startup Time": 0.008,
                                        "Actual Total Time": 0.012,
                                        "Actual Rows": 2,
                                        "Actual Loops": 30586,
                                        "Output": [
                                            "mi.id",
                                            "mi.movie_id",
                                            "mi.info_type_id",
                                            "mi.info",
                                            "mi.note"
                                        ],
                                        "Index Cond": "(mi.movie_id = mi_idx.movie_id)",
                                        "Rows Removed by Index Recheck": 0,
                                        "Filter": "(mi.info_type_id > 16)",
                                        "Rows Removed by Filter": 10,
                                        "Workers": [
                                            {
                                                "Worker Number": 0,
                                                "Actual Startup Time": 0.01,
                                                "Actual Total Time": 0.016,
                                                "Actual Rows": 2,
                                                "Actual Loops": 8031
                                            },
                                            {
                                                "Worker Number": 1,
                                                "Actual Startup Time": 0.01,
                                                "Actual Total Time": 0.015,
                                                "Actual Rows": 2,
                                                "Actual Loops": 8345
                                            }
                                        ]
                                    }
                                ]
                            }
                        ]
                    }
                ]
            }
        ]
    },
    "Planning Time": 1.654,
    "Triggers": [],
    "Execution Time": 358.613
}