[
  {
    "Plan": {
      "Node Type": "Aggregate",
      "Strategy": "Plain",
      "Partial Mode": "Finalize",
      "Parallel Aware": false,
      "Startup Cost": 71126.41,
      "Total Cost": 71126.42,
      "Plan Rows": 1,
      "Plan Width": 8,
      "Actual Startup Time": 163.445,
      "Actual Total Time": 175.9,
      "Actual Rows": 1,
      "Actual Loops": 1,
      "Plans": [
        {
          "Node Type": "Gather",
          "Parent Relationship": "Outer",
          "Parallel Aware": false,
          "Startup Cost": 71126.1,
          "Total Cost": 71126.41,
          "Plan Rows": 3,
          "Plan Width": 8,
          "Actual Startup Time": 161.551,
          "Actual Total Time": 175.891,
          "Actual Rows": 4,
          "Actual Loops": 1,
          "Workers Planned": 3,
          "Workers Launched": 3,
          "Single Copy": false,
          "Plans": [
            {
              "Node Type": "Aggregate",
              "Strategy": "Plain",
              "Partial Mode": "Partial",
              "Parent Relationship": "Outer",
              "Parallel Aware": false,
              "Startup Cost": 70126.1,
              "Total Cost": 70126.11,
              "Plan Rows": 1,
              "Plan Width": 8,
              "Actual Startup Time": 157.486,
              "Actual Total Time": 157.489,
              "Actual Rows": 1,
              "Actual Loops": 4,
              "Plans": [
                {
                  "Node Type": "Hash Join",
                  "Parent Relationship": "Outer",
                  "Parallel Aware": true,
                  "Join Type": "Inner",
                  "Startup Cost": 50396.69,
                  "Total Cost": 70115.83,
                  "Plan Rows": 4105,
                  "Plan Width": 0,
                  "Actual Startup Time": 130.741,
                  "Actual Total Time": 156.566,
                  "Actual Rows": 18178,
                  "Actual Loops": 4,
                  "Inner Unique": true,
                  "Hash Cond": "(mc.movie_id = t.id)",
                  "Plans": [
                    {
                      "Node Type": "Bitmap Heap Scan",
                      "Parent Relationship": "Outer",
                      "Parallel Aware": true,
                      "Relation Name": "movie_companies",
                      "Alias": "mc",
                      "Startup Cost": 3800.9,
                      "Total Cost": 23443.77,
                      "Plan Rows": 29058,
                      "Plan Width": 4,
                      "Actual Startup Time": 7.635,
                      "Actual Total Time": 21.097,
                      "Actual Rows": 43130,
                      "Actual Loops": 4,
                      "Recheck Cond": "(company_id > 122928)",
                      "Rows Removed by Index Recheck": 0,
                      "Filter": "(company_type_id = 2)",
                      "Rows Removed by Filter": 0,
                      "Exact Heap Blocks": 939,
                      "Lossy Heap Blocks": 0,
                      "Plans": [
                        {
                          "Node Type": "Bitmap Index Scan",
                          "Parent Relationship": "Outer",
                          "Parallel Aware": false,
                          "Index Name": "company_id_movie_companies",
                          "Startup Cost": 0.0,
                          "Total Cost": 3778.38,
                          "Plan Rows": 176260,
                          "Plan Width": 0,
                          "Actual Startup Time": 7.056,
                          "Actual Total Time": 7.056,
                          "Actual Rows": 172520,
                          "Actual Loops": 1,
                          "Index Cond": "(company_id > 122928)"
                        }
                      ]
                    },
                    {
                      "Node Type": "Hash",
                      "Parent Relationship": "Inner",
                      "Parallel Aware": true,
                      "Startup Cost": 45479.59,
                      "Total Cost": 45479.59,
                      "Plan Rows": 89296,
                      "Plan Width": 4,
                      "Actual Startup Time": 121.229,
                      "Actual Total Time": 121.23,
                      "Actual Rows": 71400,
                      "Actual Loops": 4,
                      "Hash Buckets": 524288,
                      "Original Hash Buckets": 524288,
                      "Hash Batches": 1,
                      "Original Hash Batches": 1,
                      "Peak Memory Usage": 15328,
                      "Plans": [
                        {
                          "Node Type": "Seq Scan",
                          "Parent Relationship": "Outer",
                          "Parallel Aware": true,
                          "Relation Name": "title",
                          "Alias": "t",
                          "Startup Cost": 0.0,
                          "Total Cost": 45479.59,
                          "Plan Rows": 89296,
                          "Plan Width": 4,
                          "Actual Startup Time": 0.058,
                          "Actual Total Time": 94.021,
                          "Actual Rows": 71400,
                          "Actual Loops": 4,
                          "Filter": "((kind_id < 3) AND (production_year > 2003))",
                          "Rows Removed by Filter": 560678
                        }
                      ]
                    }
                  ]
                }
              ]
            }
          ]
        }
      ]
    },
    "Planning Time": 0.326,
    "Triggers": [],
    "Execution Time": 175.951
  }
]