[
    {
        "Bao": {
            "Bao prediction": 645.159,
            "Bao recommended hint": "(no hint)"
        }
    },
    {
        "Plan": {
            "Node Type": "Aggregate",
            "Strategy": "Plain",
            "Partial Mode": "Finalize",
            "Parallel Aware": false,
            "Startup Cost": 62248.18,
            "Total Cost": 62248.19,
            "Plan Rows": 1,
            "Plan Width": 64,
            "Actual Startup Time": 790.557,
            "Actual Total Time": 864.626,
            "Actual Rows": 1,
            "Actual Loops": 1,
            "Output": [
                "min(a1.name)",
                "min(t.title)"
            ],
            "Plans": [
                {
                    "Node Type": "Gather",
                    "Parent Relationship": "Outer",
                    "Parallel Aware": false,
                    "Startup Cost": 62247.86,
                    "Total Cost": 62248.17,
                    "Plan Rows": 3,
                    "Plan Width": 64,
                    "Actual Startup Time": 790.509,
                    "Actual Total Time": 864.593,
                    "Actual Rows": 4,
                    "Actual Loops": 1,
                    "Output": [
                        "(PARTIAL min(a1.name))",
                        "(PARTIAL min(t.title))"
                    ],
                    "Workers Planned": 3,
                    "Workers Launched": 3,
                    "Single Copy": false,
                    "Plans": [
                        {
                            "Node Type": "Aggregate",
                            "Strategy": "Plain",
                            "Partial Mode": "Partial",
                            "Parent Relationship": "Outer",
                            "Parallel Aware": false,
                            "Startup Cost": 61247.86,
                            "Total Cost": 61247.87,
                            "Plan Rows": 1,
                            "Plan Width": 64,
                            "Actual Startup Time": 771.957,
                            "Actual Total Time": 771.967,
                            "Actual Rows": 1,
                            "Actual Loops": 4,
                            "Output": [
                                "PARTIAL min(a1.name)",
                                "PARTIAL min(t.title)"
                            ],
                            "Workers": [
                                {
                                    "Worker Number": 0,
                                    "Actual Startup Time": 766.19,
                                    "Actual Total Time": 766.195,
                                    "Actual Rows": 1,
                                    "Actual Loops": 1
                                },
                                {
                                    "Worker Number": 1,
                                    "Actual Startup Time": 766.207,
                                    "Actual Total Time": 766.213,
                                    "Actual Rows": 1,
                                    "Actual Loops": 1
                                },
                                {
                                    "Worker Number": 2,
                                    "Actual Startup Time": 766.529,
                                    "Actual Total Time": 766.534,
                                    "Actual Rows": 1,
                                    "Actual Loops": 1
                                }
                            ],
                            "Plans": [
                                {
                                    "Node Type": "Nested Loop",
                                    "Parent Relationship": "Outer",
                                    "Parallel Aware": false,
                                    "Join Type": "Inner",
                                    "Startup Cost": 4735.96,
                                    "Total Cost": 61077.35,
                                    "Plan Rows": 34102,
                                    "Plan Width": 33,
                                    "Actual Startup Time": 28.524,
                                    "Actual Total Time": 767.731,
                                    "Actual Rows": 15305,
                                    "Actual Loops": 4,
                                    "Output": [
                                        "a1.name",
                                        "t.title"
                                    ],
                                    "Inner Unique": false,
                                    "Join Filter": "(n1.id = a1.person_id)",
                                    "Rows Removed by Join Filter": 0,
                                    "Workers": [
                                        {
                                            "Worker Number": 0,
                                            "Actual Startup Time": 26.016,
                                            "Actual Total Time": 761.514,
                                            "Actual Rows": 17169,
                                            "Actual Loops": 1
                                        },
                                        {
                                            "Worker Number": 1,
                                            "Actual Startup Time": 24.762,
                                            "Actual Total Time": 762.063,
                                            "Actual Rows": 14682,
                                            "Actual Loops": 1
                                        },
                                        {
                                            "Worker Number": 2,
                                            "Actual Startup Time": 25.017,
                                            "Actual Total Time": 762.546,
                                            "Actual Rows": 14254,
                                            "Actual Loops": 1
                                        }
                                    ],
                                    "Plans": [
                                        {
                                            "Node Type": "Nested Loop",
                                            "Parent Relationship": "Outer",
                                            "Parallel Aware": false,
                                            "Join Type": "Inner",
                                            "Startup Cost": 4735.53,
                                            "Total Cost": 54161.58,
                                            "Plan Rows": 14212,
                                            "Plan Width": 25,
                                            "Actual Startup Time": 27.932,
                                            "Actual Total Time": 688.203,
                                            "Actual Rows": 15912,
                                            "Actual Loops": 4,
                                            "Output": [
                                                "ci.person_id",
                                                "n1.id",
                                                "t.title"
                                            ],
                                            "Inner Unique": true,
                                            "Workers": [
                                                {
                                                    "Worker Number": 0,
                                                    "Actual Startup Time": 25.861,
                                                    "Actual Total Time": 679.514,
                                                    "Actual Rows": 17335,
                                                    "Actual Loops": 1
                                                },
                                                {
                                                    "Worker Number": 1,
                                                    "Actual Startup Time": 24.651,
                                                    "Actual Total Time": 683.944,
                                                    "Actual Rows": 15157,
                                                    "Actual Loops": 1
                                                },
                                                {
                                                    "Worker Number": 2,
                                                    "Actual Startup Time": 24.198,
                                                    "Actual Total Time": 684.784,
                                                    "Actual Rows": 15967,
                                                    "Actual Loops": 1
                                                }
                                            ],
                                            "Plans": [
                                                {
                                                    "Node Type": "Hash Join",
                                                    "Parent Relationship": "Outer",
                                                    "Parallel Aware": false,
                                                    "Join Type": "Inner",
                                                    "Startup Cost": 4735.1,
                                                    "Total Cost": 47690.96,
                                                    "Plan Rows": 14212,
                                                    "Plan Width": 21,
                                                    "Actual Startup Time": 27.801,
                                                    "Actual Total Time": 579.756,
                                                    "Actual Rows": 15912,
                                                    "Actual Loops": 4,
                                                    "Output": [
                                                        "ci.person_id",
                                                        "t.title"
                                                    ],
                                                    "Inner Unique": true,
                                                    "Hash Cond": "(ci.role_id = rt.id)",
                                                    "Workers": [
                                                        {
                                                            "Worker Number": 0,
                                                            "Actual Startup Time": 25.72,
                                                            "Actual Total Time": 571.032,
                                                            "Actual Rows": 17335,
                                                            "Actual Loops": 1
                                                        },
                                                        {
                                                            "Worker Number": 1,
                                                            "Actual Startup Time": 24.505,
                                                            "Actual Total Time": 578.901,
                                                            "Actual Rows": 15157,
                                                            "Actual Loops": 1
                                                        },
                                                        {
                                                            "Worker Number": 2,
                                                            "Actual Startup Time": 24.041,
                                                            "Actual Total Time": 579.971,
                                                            "Actual Rows": 15967,
                                                            "Actual Loops": 1
                                                        }
                                                    ],
                                                    "Plans": [
                                                        {
                                                            "Node Type": "Nested Loop",
                                                            "Parent Relationship": "Outer",
                                                            "Parallel Aware": false,
                                                            "Join Type": "Inner",
                                                            "Startup Cost": 4733.94,
                                                            "Total Cost": 47084.01,
                                                            "Plan Rows": 170546,
                                                            "Plan Width": 25,
                                                            "Actual Startup Time": 27.17,
                                                            "Actual Total Time": 558.56,
                                                            "Actual Rows": 102136,
                                                            "Actual Loops": 4,
                                                            "Output": [
                                                                "ci.person_id",
                                                                "ci.role_id",
                                                                "t.title"
                                                            ],
                                                            "Inner Unique": false,
                                                            "Workers": [
                                                                {
                                                                    "Worker Number": 0,
                                                                    "Actual Startup Time": 24.756,
                                                                    "Actual Total Time": 549.306,
                                                                    "Actual Rows": 107067,
                                                                    "Actual Loops": 1
                                                                },
                                                                {
                                                                    "Worker Number": 1,
                                                                    "Actual Startup Time": 23.709,
                                                                    "Actual Total Time": 558.247,
                                                                    "Actual Rows": 99772,
                                                                    "Actual Loops": 1
                                                                },
                                                                {
                                                                    "Worker Number": 2,
                                                                    "Actual Startup Time": 23.603,
                                                                    "Actual Total Time": 558.522,
                                                                    "Actual Rows": 104164,
                                                                    "Actual Loops": 1
                                                                }
                                                            ],
                                                            "Plans": [
                                                                {
                                                                    "Node Type": "Nested Loop",
                                                                    "Parent Relationship": "Outer",
                                                                    "Parallel Aware": false,
                                                                    "Join Type": "Inner",
                                                                    "Startup Cost": 4733.37,
                                                                    "Total Cost": 36670.38,
                                                                    "Plan Rows": 4882,
                                                                    "Plan Width": 25,
                                                                    "Actual Startup Time": 27.04,
                                                                    "Actual Total Time": 209.797,
                                                                    "Actual Rows": 2198,
                                                                    "Actual Loops": 4,
                                                                    "Output": [
                                                                        "mc.movie_id",
                                                                        "t.title",
                                                                        "t.id"
                                                                    ],
                                                                    "Inner Unique": true,
                                                                    "Workers": [
                                                                        {
                                                                            "Worker Number": 0,
                                                                            "Actual Startup Time": 24.583,
                                                                            "Actual Total Time": 196.258,
                                                                            "Actual Rows": 2282,
                                                                            "Actual Loops": 1
                                                                        },
                                                                        {
                                                                            "Worker Number": 1,
                                                                            "Actual Startup Time": 23.578,
                                                                            "Actual Total Time": 212.446,
                                                                            "Actual Rows": 2186,
                                                                            "Actual Loops": 1
                                                                        },
                                                                        {
                                                                            "Worker Number": 2,
                                                                            "Actual Startup Time": 23.458,
                                                                            "Actual Total Time": 208.593,
                                                                            "Actual Rows": 2226,
                                                                            "Actual Loops": 1
                                                                        }
                                                                    ],
                                                                    "Plans": [
                                                                        {
                                                                            "Node Type": "Hash Join",
                                                                            "Parent Relationship": "Outer",
                                                                            "Parallel Aware": true,
                                                                            "Join Type": "Inner",
                                                                            "Startup Cost": 4732.94,
                                                                            "Total Cost": 34148.88,
                                                                            "Plan Rows": 4882,
                                                                            "Plan Width": 4,
                                                                            "Actual Startup Time": 26.923,
                                                                            "Actual Total Time": 184.283,
                                                                            "Actual Rows": 2198,
                                                                            "Actual Loops": 4,
                                                                            "Output": [
                                                                                "mc.movie_id"
                                                                            ],
                                                                            "Inner Unique": true,
                                                                            "Hash Cond": "(mc.company_id = cn.id)",
                                                                            "Workers": [
                                                                                {
                                                                                    "Worker Number": 0,
                                                                                    "Actual Startup Time": 24.433,
                                                                                    "Actual Total Time": 170.178,
                                                                                    "Actual Rows": 2282,
                                                                                    "Actual Loops": 1
                                                                                },
                                                                                {
                                                                                    "Worker Number": 1,
                                                                                    "Actual Startup Time": 23.441,
                                                                                    "Actual Total Time": 186.675,
                                                                                    "Actual Rows": 2186,
                                                                                    "Actual Loops": 1
                                                                                },
                                                                                {
                                                                                    "Worker Number": 2,
                                                                                    "Actual Startup Time": 23.342,
                                                                                    "Actual Total Time": 183.071,
                                                                                    "Actual Rows": 2226,
                                                                                    "Actual Loops": 1
                                                                                }
                                                                            ],
                                                                            "Plans": [
                                                                                {
                                                                                    "Node Type": "Seq Scan",
                                                                                    "Parent Relationship": "Outer",
                                                                                    "Parallel Aware": true,
                                                                                    "Relation Name": "movie_companies",
                                                                                    "Schema": "public",
                                                                                    "Alias": "mc",
                                                                                    "Startup Cost": 0.0,
                                                                                    "Total Cost": 27206.55,
                                                                                    "Plan Rows": 841655,
                                                                                    "Plan Width": 8,
                                                                                    "Actual Startup Time": 0.036,
                                                                                    "Actual Total Time": 77.805,
                                                                                    "Actual Rows": 652282,
                                                                                    "Actual Loops": 4,
                                                                                    "Output": [
                                                                                        "mc.id",
                                                                                        "mc.movie_id",
                                                                                        "mc.company_id",
                                                                                        "mc.company_type_id",
                                                                                        "mc.note"
                                                                                    ],
                                                                                    "Workers": [
                                                                                        {
                                                                                            "Worker Number": 0,
                                                                                            "Actual Startup Time": 0.03,
                                                                                            "Actual Total Time": 71.988,
                                                                                            "Actual Rows": 606953,
                                                                                            "Actual Loops": 1
                                                                                        },
                                                                                        {
                                                                                            "Worker Number": 1,
                                                                                            "Actual Startup Time": 0.04,
                                                                                            "Actual Total Time": 80.692,
                                                                                            "Actual Rows": 675950,
                                                                                            "Actual Loops": 1
                                                                                        },
                                                                                        {
                                                                                            "Worker Number": 2,
                                                                                            "Actual Startup Time": 0.05,
                                                                                            "Actual Total Time": 78.2,
                                                                                            "Actual Rows": 661445,
                                                                                            "Actual Loops": 1
                                                                                        }
                                                                                    ]
                                                                                },
                                                                                {
                                                                                    "Node Type": "Hash",
                                                                                    "Parent Relationship": "Inner",
                                                                                    "Parallel Aware": true,
                                                                                    "Startup Cost": 4722.92,
                                                                                    "Total Cost": 4722.92,
                                                                                    "Plan Rows": 802,
                                                                                    "Plan Width": 4,
                                                                                    "Actual Startup Time": 25.333,
                                                                                    "Actual Total Time": 25.336,
                                                                                    "Actual Rows": 340,
                                                                                    "Actual Loops": 4,
                                                                                    "Output": [
                                                                                        "cn.id"
                                                                                    ],
                                                                                    "Hash Buckets": 2048,
                                                                                    "Original Hash Buckets": 2048,
                                                                                    "Hash Batches": 1,
                                                                                    "Original Hash Batches": 1,
                                                                                    "Peak Memory Usage": 144,
                                                                                    "Workers": [
                                                                                        {
                                                                                            "Worker Number": 0,
                                                                                            "Actual Startup Time": 22.719,
                                                                                            "Actual Total Time": 22.72,
                                                                                            "Actual Rows": 179,
                                                                                            "Actual Loops": 1
                                                                                        },
                                                                                        {
                                                                                            "Worker Number": 1,
                                                                                            "Actual Startup Time": 22.727,
                                                                                            "Actual Total Time": 22.728,
                                                                                            "Actual Rows": 339,
                                                                                            "Actual Loops": 1
                                                                                        },
                                                                                        {
                                                                                            "Worker Number": 2,
                                                                                            "Actual Startup Time": 23.084,
                                                                                            "Actual Total Time": 23.084,
                                                                                            "Actual Rows": 273,
                                                                                            "Actual Loops": 1
                                                                                        }
                                                                                    ],
                                                                                    "Plans": [
                                                                                        {
                                                                                            "Node Type": "Seq Scan",
                                                                                            "Parent Relationship": "Outer",
                                                                                            "Parallel Aware": true,
                                                                                            "Relation Name": "company_name",
                                                                                            "Schema": "public",
                                                                                            "Alias": "cn",
                                                                                            "Startup Cost": 0.0,
                                                                                            "Total Cost": 4722.92,
                                                                                            "Plan Rows": 802,
                                                                                            "Plan Width": 4,
                                                                                            "Actual Startup Time": 0.142,
                                                                                            "Actual Total Time": 22.96,
                                                                                            "Actual Rows": 340,
                                                                                            "Actual Loops": 4,
                                                                                            "Output": [
                                                                                                "cn.id"
                                                                                            ],
                                                                                            "Filter": "((cn.country_code)::text = '[ru]'::text)",
                                                                                            "Rows Removed by Filter": 58409,
                                                                                            "Workers": [
                                                                                                {
                                                                                                    "Worker Number": 0,
                                                                                                    "Actual Startup Time": 0.1,
                                                                                                    "Actual Total Time": 22.368,
                                                                                                    "Actual Rows": 179,
                                                                                                    "Actual Loops": 1
                                                                                                },
                                                                                                {
                                                                                                    "Worker Number": 1,
                                                                                                    "Actual Startup Time": 0.259,
                                                                                                    "Actual Total Time": 19.689,
                                                                                                    "Actual Rows": 339,
                                                                                                    "Actual Loops": 1
                                                                                                },
                                                                                                {
                                                                                                    "Worker Number": 2,
                                                                                                    "Actual Startup Time": 0.161,
                                                                                                    "Actual Total Time": 20.179,
                                                                                                    "Actual Rows": 273,
                                                                                                    "Actual Loops": 1
                                                                                                }
                                                                                            ]
                                                                                        }
                                                                                    ]
                                                                                }
                                                                            ]
                                                                        },
                                                                        {
                                                                            "Node Type": "Index Scan",
                                                                            "Parent Relationship": "Inner",
                                                                            "Parallel Aware": false,
                                                                            "Scan Direction": "Forward",
                                                                            "Index Name": "title_pkey",
                                                                            "Relation Name": "title",
                                                                            "Schema": "public",
                                                                            "Alias": "t",
                                                                            "Startup Cost": 0.43,
                                                                            "Total Cost": 0.52,
                                                                            "Plan Rows": 1,
                                                                            "Plan Width": 21,
                                                                            "Actual Startup Time": 0.011,
                                                                            "Actual Total Time": 0.011,
                                                                            "Actual Rows": 1,
                                                                            "Actual Loops": 8790,
                                                                            "Output": [
                                                                                "t.id",
                                                                                "t.title",
                                                                                "t.imdb_index",
                                                                                "t.kind_id",
                                                                                "t.production_year",
                                                                                "t.imdb_id",
                                                                                "t.phonetic_code",
                                                                                "t.episode_of_id",
                                                                                "t.season_nr",
                                                                                "t.episode_nr",
                                                                                "t.series_years",
                                                                                "t.md5sum"
                                                                            ],
                                                                            "Index Cond": "(t.id = mc.movie_id)",
                                                                            "Rows Removed by Index Recheck": 0,
                                                                            "Workers": [
                                                                                {
                                                                                    "Worker Number": 0,
                                                                                    "Actual Startup Time": 0.01,
                                                                                    "Actual Total Time": 0.01,
                                                                                    "Actual Rows": 1,
                                                                                    "Actual Loops": 2282
                                                                                },
                                                                                {
                                                                                    "Worker Number": 1,
                                                                                    "Actual Startup Time": 0.011,
                                                                                    "Actual Total Time": 0.011,
                                                                                    "Actual Rows": 1,
                                                                                    "Actual Loops": 2186
                                                                                },
                                                                                {
                                                                                    "Worker Number": 2,
                                                                                    "Actual Startup Time": 0.01,
                                                                                    "Actual Total Time": 0.01,
                                                                                    "Actual Rows": 1,
                                                                                    "Actual Loops": 2226
                                                                                }
                                                                            ]
                                                                        }
                                                                    ]
                                                                },
                                                                {
                                                                    "Node Type": "Index Scan",
                                                                    "Parent Relationship": "Inner",
                                                                    "Parallel Aware": false,
                                                                    "Scan Direction": "Forward",
                                                                    "Index Name": "movie_id_cast_info",
                                                                    "Relation Name": "cast_info",
                                                                    "Schema": "public",
                                                                    "Alias": "ci",
                                                                    "Startup Cost": 0.56,
                                                                    "Total Cost": 1.78,
                                                                    "Plan Rows": 35,
                                                                    "Plan Width": 12,
                                                                    "Actual Startup Time": 0.019,
                                                                    "Actual Total Time": 0.147,
                                                                    "Actual Rows": 46,
                                                                    "Actual Loops": 8790,
                                                                    "Output": [
                                                                        "ci.id",
                                                                        "ci.person_id",
                                                                        "ci.movie_id",
                                                                        "ci.person_role_id",
                                                                        "ci.note",
                                                                        "ci.nr_order",
                                                                        "ci.role_id"
                                                                    ],
                                                                    "Index Cond": "(ci.movie_id = t.id)",
                                                                    "Rows Removed by Index Recheck": 0,
                                                                    "Workers": [
                                                                        {
                                                                            "Worker Number": 0,
                                                                            "Actual Startup Time": 0.019,
                                                                            "Actual Total Time": 0.143,
                                                                            "Actual Rows": 47,
                                                                            "Actual Loops": 2282
                                                                        },
                                                                        {
                                                                            "Worker Number": 1,
                                                                            "Actual Startup Time": 0.019,
                                                                            "Actual Total Time": 0.147,
                                                                            "Actual Rows": 46,
                                                                            "Actual Loops": 2186
                                                                        },
                                                                        {
                                                                            "Worker Number": 2,
                                                                            "Actual Startup Time": 0.02,
                                                                            "Actual Total Time": 0.146,
                                                                            "Actual Rows": 47,
                                                                            "Actual Loops": 2226
                                                                        }
                                                                    ]
                                                                }
                                                            ]
                                                        },
                                                        {
                                                            "Node Type": "Hash",
                                                            "Parent Relationship": "Inner",
                                                            "Parallel Aware": false,
                                                            "Startup Cost": 1.15,
                                                            "Total Cost": 1.15,
                                                            "Plan Rows": 1,
                                                            "Plan Width": 4,
                                                            "Actual Startup Time": 0.085,
                                                            "Actual Total Time": 0.086,
                                                            "Actual Rows": 1,
                                                            "Actual Loops": 4,
                                                            "Output": [
                                                                "rt.id"
                                                            ],
                                                            "Hash Buckets": 1024,
                                                            "Original Hash Buckets": 1024,
                                                            "Hash Batches": 1,
                                                            "Original Hash Batches": 1,
                                                            "Peak Memory Usage": 9,
                                                            "Workers": [
                                                                {
                                                                    "Worker Number": 0,
                                                                    "Actual Startup Time": 0.093,
                                                                    "Actual Total Time": 0.093,
                                                                    "Actual Rows": 1,
                                                                    "Actual Loops": 1
                                                                },
                                                                {
                                                                    "Worker Number": 1,
                                                                    "Actual Startup Time": 0.104,
                                                                    "Actual Total Time": 0.105,
                                                                    "Actual Rows": 1,
                                                                    "Actual Loops": 1
                                                                },
                                                                {
                                                                    "Worker Number": 2,
                                                                    "Actual Startup Time": 0.091,
                                                                    "Actual Total Time": 0.091,
                                                                    "Actual Rows": 1,
                                                                    "Actual Loops": 1
                                                                }
                                                            ],
                                                            "Plans": [
                                                                {
                                                                    "Node Type": "Seq Scan",
                                                                    "Parent Relationship": "Outer",
                                                                    "Parallel Aware": false,
                                                                    "Relation Name": "role_type",
                                                                    "Schema": "public",
                                                                    "Alias": "rt",
                                                                    "Startup Cost": 0.0,
                                                                    "Total Cost": 1.15,
                                                                    "Plan Rows": 1,
                                                                    "Plan Width": 4,
                                                                    "Actual Startup Time": 0.061,
                                                                    "Actual Total Time": 0.066,
                                                                    "Actual Rows": 1,
                                                                    "Actual Loops": 4,
                                                                    "Output": [
                                                                        "rt.id"
                                                                    ],
                                                                    "Filter": "((rt.role)::text = 'actress'::text)",
                                                                    "Rows Removed by Filter": 11,
                                                                    "Workers": [
                                                                        {
                                                                            "Worker Number": 0,
                                                                            "Actual Startup Time": 0.07,
                                                                            "Actual Total Time": 0.074,
                                                                            "Actual Rows": 1,
                                                                            "Actual Loops": 1
                                                                        },
                                                                        {
                                                                            "Worker Number": 1,
                                                                            "Actual Startup Time": 0.079,
                                                                            "Actual Total Time": 0.084,
                                                                            "Actual Rows": 1,
                                                                            "Actual Loops": 1
                                                                        },
                                                                        {
                                                                            "Worker Number": 2,
                                                                            "Actual Startup Time": 0.07,
                                                                            "Actual Total Time": 0.074,
                                                                            "Actual Rows": 1,
                                                                            "Actual Loops": 1
                                                                        }
                                                                    ]
                                                                }
                                                            ]
                                                        }
                                                    ]
                                                },
                                                {
                                                    "Node Type": "Index Only Scan",
                                                    "Parent Relationship": "Inner",
                                                    "Parallel Aware": false,
                                                    "Scan Direction": "Forward",
                                                    "Index Name": "name_pkey",
                                                    "Relation Name": "name",
                                                    "Schema": "public",
                                                    "Alias": "n1",
                                                    "Startup Cost": 0.43,
                                                    "Total Cost": 0.46,
                                                    "Plan Rows": 1,
                                                    "Plan Width": 4,
                                                    "Actual Startup Time": 0.006,
                                                    "Actual Total Time": 0.006,
                                                    "Actual Rows": 1,
                                                    "Actual Loops": 63648,
                                                    "Output": [
                                                        "n1.id"
                                                    ],
                                                    "Index Cond": "(n1.id = ci.person_id)",
                                                    "Rows Removed by Index Recheck": 0,
                                                    "Heap Fetches": 63648,
                                                    "Workers": [
                                                        {
                                                            "Worker Number": 0,
                                                            "Actual Startup Time": 0.006,
                                                            "Actual Total Time": 0.006,
                                                            "Actual Rows": 1,
                                                            "Actual Loops": 17335
                                                        },
                                                        {
                                                            "Worker Number": 1,
                                                            "Actual Startup Time": 0.006,
                                                            "Actual Total Time": 0.006,
                                                            "Actual Rows": 1,
                                                            "Actual Loops": 15157
                                                        },
                                                        {
                                                            "Worker Number": 2,
                                                            "Actual Startup Time": 0.006,
                                                            "Actual Total Time": 0.006,
                                                            "Actual Rows": 1,
                                                            "Actual Loops": 15967
                                                        }
                                                    ]
                                                }
                                            ]
                                        },
                                        {
                                            "Node Type": "Index Scan",
                                            "Parent Relationship": "Inner",
                                            "Parallel Aware": false,
                                            "Scan Direction": "Forward",
                                            "Index Name": "person_id_aka_name",
                                            "Relation Name": "aka_name",
                                            "Schema": "public",
                                            "Alias": "a1",
                                            "Startup Cost": 0.42,
                                            "Total Cost": 0.46,
                                            "Plan Rows": 2,
                                            "Plan Width": 20,
                                            "Actual Startup Time": 0.004,
                                            "Actual Total Time": 0.004,
                                            "Actual Rows": 1,
                                            "Actual Loops": 63648,
                                            "Output": [
                                                "a1.id",
                                                "a1.person_id",
                                                "a1.name",
                                                "a1.imdb_index",
                                                "a1.name_pcode_cf",
                                                "a1.name_pcode_nf",
                                                "a1.surname_pcode",
                                                "a1.md5sum"
                                            ],
                                            "Index Cond": "(a1.person_id = ci.person_id)",
                                            "Rows Removed by Index Recheck": 0,
                                            "Workers": [
                                                {
                                                    "Worker Number": 0,
                                                    "Actual Startup Time": 0.004,
                                                    "Actual Total Time": 0.004,
                                                    "Actual Rows": 1,
                                                    "Actual Loops": 17335
                                                },
                                                {
                                                    "Worker Number": 1,
                                                    "Actual Startup Time": 0.004,
                                                    "Actual Total Time": 0.005,
                                                    "Actual Rows": 1,
                                                    "Actual Loops": 15157
                                                },
                                                {
                                                    "Worker Number": 2,
                                                    "Actual Startup Time": 0.004,
                                                    "Actual Total Time": 0.004,
                                                    "Actual Rows": 1,
                                                    "Actual Loops": 15967
                                                }
                                            ]
                                        }
                                    ]
                                }
                            ]
                        }
                    ]
                }
            ]
        },
        "Planning Time": 1288.162,
        "Triggers": [],
        "Execution Time": 865.519
    }
]