[
  {
    "Plan": {
      "Node Type": "Aggregate",
      "Strategy": "Plain",
      "Partial Mode": "Finalize",
      "Parallel Aware": false,
      "Startup Cost": 44554.88,
      "Total Cost": 44554.89,
      "Plan Rows": 1,
      "Plan Width": 8,
      "Actual Startup Time": 124.966,
      "Actual Total Time": 134.162,
      "Actual Rows": 1,
      "Actual Loops": 1,
      "Plans": [
        {
          "Node Type": "Gather",
          "Parent Relationship": "Outer",
          "Parallel Aware": false,
          "Startup Cost": 44554.57,
          "Total Cost": 44554.88,
          "Plan Rows": 3,
          "Plan Width": 8,
          "Actual Startup Time": 124.873,
          "Actual Total Time": 134.15,
          "Actual Rows": 4,
          "Actual Loops": 1,
          "Workers Planned": 3,
          "Workers Launched": 3,
          "Single Copy": false,
          "Plans": [
            {
              "Node Type": "Aggregate",
              "Strategy": "Plain",
              "Partial Mode": "Partial",
              "Parent Relationship": "Outer",
              "Parallel Aware": false,
              "Startup Cost": 43554.57,
              "Total Cost": 43554.58,
              "Plan Rows": 1,
              "Plan Width": 8,
              "Actual Startup Time": 119.56,
              "Actual Total Time": 119.561,
              "Actual Rows": 1,
              "Actual Loops": 4,
              "Plans": [
                {
                  "Node Type": "Seq Scan",
                  "Parent Relationship": "Outer",
                  "Parallel Aware": true,
                  "Relation Name": "movie_keyword",
                  "Alias": "mk",
                  "Startup Cost": 0.0,
                  "Total Cost": 42695.65,
                  "Plan Rows": 343565,
                  "Plan Width": 0,
                  "Actual Startup Time": 0.044,
                  "Actual Total Time": 105.503,
                  "Actual Rows": 268037,
                  "Actual Loops": 4,
                  "Filter": "(keyword_id < 1075)",
                  "Rows Removed by Filter": 862946
                }
              ]
            }
          ]
        }
      ]
    },
    "Planning Time": 0.112,
    "Triggers": [],
    "Execution Time": 134.199
  }
]