[
  {
    "Plan": {
      "Node Type": "Aggregate",
      "Strategy": "Plain",
      "Partial Mode": "Simple",
      "Parallel Aware": false,
      "Startup Cost": 788.01,
      "Total Cost": 788.02,
      "Plan Rows": 1,
      "Plan Width": 8,
      "Actual Startup Time": 14.908,
      "Actual Total Time": 14.909,
      "Actual Rows": 1,
      "Actual Loops": 1,
      "Plans": [
        {
          "Node Type": "Nested Loop",
          "Parent Relationship": "Outer",
          "Parallel Aware": false,
          "Join Type": "Inner",
          "Startup Cost": 1.42,
          "Total Cost": 787.99,
          "Plan Rows": 7,
          "Plan Width": 0,
          "Actual Startup Time": 0.166,
          "Actual Total Time": 14.847,
          "Actual Rows": 502,
          "Actual Loops": 1,
          "Inner Unique": false,
          "Plans": [
            {
              "Node Type": "Nested Loop",
              "Parent Relationship": "Outer",
              "Parallel Aware": false,
              "Join Type": "Inner",
              "Startup Cost": 0.86,
              "Total Cost": 712.81,
              "Plan Rows": 32,
              "Plan Width": 8,
              "Actual Startup Time": 0.091,
              "Actual Total Time": 2.764,
              "Actual Rows": 929,
              "Actual Loops": 1,
              "Inner Unique": true,
              "Plans": [
                {
                  "Node Type": "Index Scan",
                  "Parent Relationship": "Outer",
                  "Parallel Aware": false,
                  "Scan Direction": "Forward",
                  "Index Name": "company_id_movie_companies",
                  "Relation Name": "movie_companies",
                  "Alias": "mc",
                  "Startup Cost": 0.43,
                  "Total Cost": 273.41,
                  "Plan Rows": 52,
                  "Plan Width": 4,
                  "Actual Startup Time": 0.08,
                  "Actual Total Time": 0.402,
                  "Actual Rows": 929,
                  "Actual Loops": 1,
                  "Index Cond": "(company_id = 71767)",
                  "Rows Removed by Index Recheck": 0,
                  "Filter": "(company_type_id = 2)",
                  "Rows Removed by Filter": 0
                },
                {
                  "Node Type": "Index Scan",
                  "Parent Relationship": "Inner",
                  "Parallel Aware": false,
                  "Scan Direction": "Forward",
                  "Index Name": "title_pkey",
                  "Relation Name": "title",
                  "Alias": "t",
                  "Startup Cost": 0.43,
                  "Total Cost": 8.45,
                  "Plan Rows": 1,
                  "Plan Width": 4,
                  "Actual Startup Time": 0.002,
                  "Actual Total Time": 0.002,
                  "Actual Rows": 1,
                  "Actual Loops": 929,
                  "Index Cond": "(id = mc.movie_id)",
                  "Rows Removed by Index Recheck": 0,
                  "Filter": "(production_year < 2007)",
                  "Rows Removed by Filter": 0
                }
              ]
            },
            {
              "Node Type": "Index Scan",
              "Parent Relationship": "Inner",
              "Parallel Aware": false,
              "Scan Direction": "Forward",
              "Index Name": "movie_id_cast_info",
              "Relation Name": "cast_info",
              "Alias": "ci",
              "Startup Cost": 0.56,
              "Total Cost": 2.34,
              "Plan Rows": 1,
              "Plan Width": 4,
              "Actual Startup Time": 0.012,
              "Actual Total Time": 0.013,
              "Actual Rows": 1,
              "Actual Loops": 929,
              "Index Cond": "(movie_id = t.id)",
              "Rows Removed by Index Recheck": 0,
              "Filter": "((person_id > 1784403) AND (role_id = 9))",
              "Rows Removed by Filter": 17
            }
          ]
        }
      ]
    },
    "Planning Time": 0.401,
    "Triggers": [],
    "Execution Time": 14.933
  }
]