{
  "Plan": {
    "Node Type": "Aggregate",
    "Strategy": "Plain",
    "Partial Mode": "Finalize",
    "Parallel Aware": false,
    "Startup Cost": 80570.1,
    "Total Cost": 80570.11,
    "Plan Rows": 1,
    "Plan Width": 8,
    "Actual Startup Time": 168.992,
    "Actual Total Time": 177.425,
    "Actual Rows": 1,
    "Actual Loops": 1,
    "Plans": [
      {
        "Node Type": "Gather",
        "Parent Relationship": "Outer",
        "Parallel Aware": false,
        "Startup Cost": 80569.99,
        "Total Cost": 80570.1,
        "Plan Rows": 1,
        "Plan Width": 8,
        "Actual Startup Time": 168.668,
        "Actual Total Time": 177.417,
        "Actual Rows": 2,
        "Actual Loops": 1,
        "Workers Planned": 1,
        "Workers Launched": 1,
        "Single Copy": false,
        "Plans": [
          {
            "Node Type": "Aggregate",
            "Strategy": "Plain",
            "Partial Mode": "Partial",
            "Parent Relationship": "Outer",
            "Parallel Aware": false,
            "Startup Cost": 79569.99,
            "Total Cost": 79569.99,
            "Plan Rows": 1,
            "Plan Width": 8,
            "Actual Startup Time": 164.769,
            "Actual Total Time": 164.774,
            "Actual Rows": 1,
            "Actual Loops": 2,
            "Plans": [
              {
                "Node Type": "Hash Join",
                "Parent Relationship": "Outer",
                "Parallel Aware": true,
                "Join Type": "Inner",
                "Startup Cost": 37054.04,
                "Total Cost": 79560.44,
                "Plan Rows": 3819,
                "Plan Width": 0,
                "Actual Startup Time": 90.096,
                "Actual Total Time": 164.75,
                "Actual Rows": 56,
                "Actual Loops": 2,
                "Inner Unique": false,
                "Hash Cond": "(t.id = mc.movie_id)",
                "Plans": [
                  {
                    "Node Type": "Bitmap Heap Scan",
                    "Parent Relationship": "Outer",
                    "Parallel Aware": true,
                    "Relation Name": "title",
                    "Alias": "t",
                    "Startup Cost": 11865.94,
                    "Total Cost": 53716.2,
                    "Plan Rows": 101388,
                    "Plan Width": 4,
                    "Actual Startup Time": 21.215,
                    "Actual Total Time": 78.806,
                    "Actual Rows": 155313,
                    "Actual Loops": 2,
                    "Recheck Cond": "(kind_id = 1)",
                    "Rows Removed by Index Recheck": 0,
                    "Filter": "(production_year < 1989)",
                    "Rows Removed by Filter": 176100,
                    "Exact Heap Blocks": 8060,
                    "Lossy Heap Blocks": 0,
                    "Plans": [
                      {
                        "Node Type": "Bitmap Index Scan",
                        "Parent Relationship": "Outer",
                        "Parallel Aware": false,
                        "Index Name": "kind_id_title",
                        "Startup Cost": 0.0,
                        "Total Cost": 11822.85,
                        "Plan Rows": 663256,
                        "Plan Width": 0,
                        "Actual Startup Time": 19.315,
                        "Actual Total Time": 19.316,
                        "Actual Rows": 662825,
                        "Actual Loops": 1,
                        "Index Cond": "(kind_id = 1)"
                      }
                    ]
                  },
                  {
                    "Node Type": "Hash",
                    "Parent Relationship": "Inner",
                    "Parallel Aware": true,
                    "Startup Cost": 24487.88,
                    "Total Cost": 24487.88,
                    "Plan Rows": 56018,
                    "Plan Width": 4,
                    "Actual Startup Time": 65.799,
                    "Actual Total Time": 65.801,
                    "Actual Rows": 19556,
                    "Actual Loops": 2,
                    "Hash Buckets": 131072,
                    "Original Hash Buckets": 131072,
                    "Hash Batches": 1,
                    "Original Hash Batches": 1,
                    "Peak Memory Usage": 2592,
                    "Plans": [
                      {
                        "Node Type": "Bitmap Heap Scan",
                        "Parent Relationship": "Outer",
                        "Parallel Aware": true,
                        "Relation Name": "movie_companies",
                        "Alias": "mc",
                        "Startup Cost": 4042.94,
                        "Total Cost": 24487.88,
                        "Plan Rows": 56018,
                        "Plan Width": 4,
                        "Actual Startup Time": 52.036,
                        "Actual Total Time": 61.822,
                        "Actual Rows": 19556,
                        "Actual Loops": 2,
                        "Recheck Cond": "(company_id < 49)",
                        "Rows Removed by Index Recheck": 0,
                        "Filter": "(company_type_id = 2)",
                        "Rows Removed by Filter": 73466,
                        "Exact Heap Blocks": 12480,
                        "Lossy Heap Blocks": 0,
                        "Plans": [
                          {
                            "Node Type": "Bitmap Index Scan",
                            "Parent Relationship": "Outer",
                            "Parallel Aware": false,
                            "Index Name": "company_id_movie_companies",
                            "Startup Cost": 0.0,
                            "Total Cost": 4019.13,
                            "Plan Rows": 187560,
                            "Plan Width": 0,
                            "Actual Startup Time": 22.821,
                            "Actual Total Time": 22.822,
                            "Actual Rows": 186044,
                            "Actual Loops": 1,
                            "Index Cond": "(company_id < 49)"
                          }
                        ]
                      }
                    ]
                  }
                ]
              }
            ]
          }
        ]
      }
    ]
  },
  "Planning Time": 0.543,
  "Triggers": [],
  "Execution Time": 177.518
}