[
  {
    "Plan": {
      "Node Type": "Aggregate",
      "Strategy": "Plain",
      "Partial Mode": "Finalize",
      "Parallel Aware": false,
      "Startup Cost": 86237.1,
      "Total Cost": 86237.11,
      "Plan Rows": 1,
      "Plan Width": 8,
      "Actual Startup Time": 294.2,
      "Actual Total Time": 328.298,
      "Actual Rows": 1,
      "Actual Loops": 1,
      "Plans": [
        {
          "Node Type": "Gather",
          "Parent Relationship": "Outer",
          "Parallel Aware": false,
          "Startup Cost": 86236.78,
          "Total Cost": 86237.09,
          "Plan Rows": 3,
          "Plan Width": 8,
          "Actual Startup Time": 293.745,
          "Actual Total Time": 328.289,
          "Actual Rows": 4,
          "Actual Loops": 1,
          "Workers Planned": 3,
          "Workers Launched": 3,
          "Single Copy": false,
          "Plans": [
            {
              "Node Type": "Aggregate",
              "Strategy": "Plain",
              "Partial Mode": "Partial",
              "Parent Relationship": "Outer",
              "Parallel Aware": false,
              "Startup Cost": 85236.78,
              "Total Cost": 85236.79,
              "Plan Rows": 1,
              "Plan Width": 8,
              "Actual Startup Time": 284.241,
              "Actual Total Time": 284.245,
              "Actual Rows": 1,
              "Actual Loops": 4,
              "Plans": [
                {
                  "Node Type": "Nested Loop",
                  "Parent Relationship": "Outer",
                  "Parallel Aware": false,
                  "Join Type": "Inner",
                  "Startup Cost": 55841.88,
                  "Total Cost": 85201.05,
                  "Plan Rows": 14292,
                  "Plan Width": 0,
                  "Actual Startup Time": 141.113,
                  "Actual Total Time": 281.515,
                  "Actual Rows": 29720,
                  "Actual Loops": 4,
                  "Inner Unique": false,
                  "Join Filter": "(t.id = ci.movie_id)",
                  "Rows Removed by Join Filter": 0,
                  "Plans": [
                    {
                      "Node Type": "Hash Join",
                      "Parent Relationship": "Outer",
                      "Parallel Aware": true,
                      "Join Type": "Inner",
                      "Startup Cost": 55841.31,
                      "Total Cost": 77133.64,
                      "Plan Rows": 997,
                      "Plan Width": 8,
                      "Actual Startup Time": 140.996,
                      "Actual Total Time": 190.483,
                      "Actual Rows": 902,
                      "Actual Loops": 4,
                      "Inner Unique": true,
                      "Hash Cond": "(mc.movie_id = t.id)",
                      "Plans": [
                        {
                          "Node Type": "Bitmap Heap Scan",
                          "Parent Relationship": "Outer",
                          "Parallel Aware": true,
                          "Relation Name": "movie_companies",
                          "Alias": "mc",
                          "Startup Cost": 10258.0,
                          "Total Cost": 31351.86,
                          "Plan Rows": 75607,
                          "Plan Width": 4,
                          "Actual Startup Time": 38.572,
                          "Actual Total Time": 76.334,
                          "Actual Rows": 87272,
                          "Actual Loops": 4,
                          "Recheck Cond": "(company_id < 419)",
                          "Rows Removed by Index Recheck": 0,
                          "Filter": "(company_type_id < 2)",
                          "Rows Removed by Filter": 30611,
                          "Exact Heap Blocks": 6724,
                          "Lossy Heap Blocks": 0,
                          "Plans": [
                            {
                              "Node Type": "Bitmap Index Scan",
                              "Parent Relationship": "Outer",
                              "Parallel Aware": false,
                              "Index Name": "company_id_movie_companies",
                              "Startup Cost": 0.0,
                              "Total Cost": 10199.41,
                              "Plan Rows": 476130,
                              "Plan Width": 0,
                              "Actual Startup Time": 34.05,
                              "Actual Total Time": 34.051,
                              "Actual Rows": 471529,
                              "Actual Loops": 1,
                              "Index Cond": "(company_id < 419)"
                            }
                          ]
                        },
                        {
                          "Node Type": "Hash",
                          "Parent Relationship": "Inner",
                          "Parallel Aware": true,
                          "Startup Cost": 45479.1,
                          "Total Cost": 45479.1,
                          "Plan Rows": 8337,
                          "Plan Width": 4,
                          "Actual Startup Time": 101.022,
                          "Actual Total Time": 101.024,
                          "Actual Rows": 5052,
                          "Actual Loops": 4,
                          "Hash Buckets": 65536,
                          "Original Hash Buckets": 65536,
                          "Hash Batches": 1,
                          "Original Hash Batches": 1,
                          "Peak Memory Usage": 1344,
                          "Plans": [
                            {
                              "Node Type": "Seq Scan",
                              "Parent Relationship": "Outer",
                              "Parallel Aware": true,
                              "Relation Name": "title",
                              "Alias": "t",
                              "Startup Cost": 0.0,
                              "Total Cost": 45479.1,
                              "Plan Rows": 8337,
                              "Plan Width": 4,
                              "Actual Startup Time": 0.097,
                              "Actual Total Time": 98.291,
                              "Actual Rows": 5052,
                              "Actual Loops": 4,
                              "Filter": "((kind_id < 3) AND (production_year = 2006))",
                              "Rows Removed by Filter": 627026
                            }
                          ]
                        }
                      ]
                    },
                    {
                      "Node Type": "Index Only Scan",
                      "Parent Relationship": "Inner",
                      "Parallel Aware": false,
                      "Scan Direction": "Forward",
                      "Index Name": "movie_id_cast_info",
                      "Relation Name": "cast_info",
                      "Alias": "ci",
                      "Startup Cost": 0.56,
                      "Total Cost": 7.63,
                      "Plan Rows": 37,
                      "Plan Width": 4,
                      "Actual Startup Time": 0.014,
                      "Actual Total Time": 0.095,
                      "Actual Rows": 33,
                      "Actual Loops": 3609,
                      "Index Cond": "(movie_id = mc.movie_id)",
                      "Rows Removed by Index Recheck": 0,
                      "Heap Fetches": 118878
                    }
                  ]
                }
              ]
            }
          ]
        }
      ]
    },
    "Planning Time": 1.44,
    "Triggers": [],
    "Execution Time": 328.422
  }
]