[
  {
    "Plan": {
      "Node Type": "Aggregate",
      "Strategy": "Plain",
      "Partial Mode": "Finalize",
      "Parallel Aware": false,
      "Startup Cost": 338035.98,
      "Total Cost": 338035.99,
      "Plan Rows": 1,
      "Plan Width": 8,
      "Actual Startup Time": 834.386,
      "Actual Total Time": 893.448,
      "Actual Rows": 1,
      "Actual Loops": 1,
      "Plans": [
        {
          "Node Type": "Gather",
          "Parent Relationship": "Outer",
          "Parallel Aware": false,
          "Startup Cost": 338035.35,
          "Total Cost": 338035.96,
          "Plan Rows": 6,
          "Plan Width": 8,
          "Actual Startup Time": 834.296,
          "Actual Total Time": 893.436,
          "Actual Rows": 7,
          "Actual Loops": 1,
          "Workers Planned": 6,
          "Workers Launched": 6,
          "Single Copy": false,
          "Plans": [
            {
              "Node Type": "Aggregate",
              "Strategy": "Plain",
              "Partial Mode": "Partial",
              "Parent Relationship": "Outer",
              "Parallel Aware": false,
              "Startup Cost": 337035.35,
              "Total Cost": 337035.36,
              "Plan Rows": 1,
              "Plan Width": 8,
              "Actual Startup Time": 824.25,
              "Actual Total Time": 824.252,
              "Actual Rows": 1,
              "Actual Loops": 7,
              "Plans": [
                {
                  "Node Type": "Seq Scan",
                  "Parent Relationship": "Outer",
                  "Parallel Aware": true,
                  "Relation Name": "cast_info",
                  "Alias": "ci",
                  "Startup Cost": 0.0,
                  "Total Cost": 328162.03,
                  "Plan Rows": 3549331,
                  "Plan Width": 0,
                  "Actual Startup Time": 179.794,
                  "Actual Total Time": 671.4,
                  "Actual Rows": 3048184,
                  "Actual Loops": 7,
                  "Filter": "(person_id > 1471629)",
                  "Rows Removed by Filter": 2129580
                }
              ]
            }
          ]
        }
      ]
    },
    "Planning Time": 0.186,
    "Triggers": [],
    "Execution Time": 893.522
  }
]