[
  {
    "Plan": {
      "Node Type": "Aggregate",
      "Strategy": "Plain",
      "Partial Mode": "Finalize",
      "Parallel Aware": false,
      "Startup Cost": 192910.55,
      "Total Cost": 192910.56,
      "Plan Rows": 1,
      "Plan Width": 8,
      "Actual Startup Time": 2981.93,
      "Actual Total Time": 3083.008,
      "Actual Rows": 1,
      "Actual Loops": 1,
      "Plans": [
        {
          "Node Type": "Gather",
          "Parent Relationship": "Outer",
          "Parallel Aware": false,
          "Startup Cost": 192910.23,
          "Total Cost": 192910.54,
          "Plan Rows": 3,
          "Plan Width": 8,
          "Actual Startup Time": 2979.718,
          "Actual Total Time": 3083.0,
          "Actual Rows": 4,
          "Actual Loops": 1,
          "Workers Planned": 3,
          "Workers Launched": 3,
          "Single Copy": false,
          "Plans": [
            {
              "Node Type": "Aggregate",
              "Strategy": "Plain",
              "Partial Mode": "Partial",
              "Parent Relationship": "Outer",
              "Parallel Aware": false,
              "Startup Cost": 191910.23,
              "Total Cost": 191910.24,
              "Plan Rows": 1,
              "Plan Width": 8,
              "Actual Startup Time": 2969.281,
              "Actual Total Time": 2969.286,
              "Actual Rows": 1,
              "Actual Loops": 4,
              "Plans": [
                {
                  "Node Type": "Nested Loop",
                  "Parent Relationship": "Outer",
                  "Parallel Aware": false,
                  "Join Type": "Inner",
                  "Startup Cost": 53095.75,
                  "Total Cost": 190610.61,
                  "Plan Rows": 519849,
                  "Plan Width": 0,
                  "Actual Startup Time": 232.428,
                  "Actual Total Time": 2834.756,
                  "Actual Rows": 2573547,
                  "Actual Loops": 4,
                  "Inner Unique": false,
                  "Plans": [
                    {
                      "Node Type": "Hash Join",
                      "Parent Relationship": "Outer",
                      "Parallel Aware": true,
                      "Join Type": "Inner",
                      "Startup Cost": 53095.18,
                      "Total Cost": 78954.72,
                      "Plan Rows": 36257,
                      "Plan Width": 8,
                      "Actual Startup Time": 232.317,
                      "Actual Total Time": 321.733,
                      "Actual Rows": 60380,
                      "Actual Loops": 4,
                      "Inner Unique": true,
                      "Hash Cond": "(mk.movie_id = t.id)",
                      "Plans": [
                        {
                          "Node Type": "Bitmap Heap Scan",
                          "Parent Relationship": "Outer",
                          "Parallel Aware": true,
                          "Relation Name": "movie_keyword",
                          "Alias": "mk",
                          "Startup Cost": 6113.04,
                          "Total Cost": 31728.64,
                          "Plan Rows": 92928,
                          "Plan Width": 4,
                          "Actual Startup Time": 21.767,
                          "Actual Total Time": 61.241,
                          "Actual Rows": 70729,
                          "Actual Loops": 4,
                          "Recheck Cond": "(keyword_id < 235)",
                          "Rows Removed by Index Recheck": 0,
                          "Exact Heap Blocks": 7385,
                          "Lossy Heap Blocks": 0,
                          "Plans": [
                            {
                              "Node Type": "Bitmap Index Scan",
                              "Parent Relationship": "Outer",
                              "Parallel Aware": false,
                              "Index Name": "keyword_id_movie_keyword",
                              "Startup Cost": 0.0,
                              "Total Cost": 6041.02,
                              "Plan Rows": 288078,
                              "Plan Width": 0,
                              "Actual Startup Time": 18.065,
                              "Actual Total Time": 18.066,
                              "Actual Rows": 282915,
                              "Actual Loops": 1,
                              "Index Cond": "(keyword_id < 235)"
                            }
                          ]
                        },
                        {
                          "Node Type": "Hash",
                          "Parent Relationship": "Inner",
                          "Parallel Aware": true,
                          "Startup Cost": 43899.32,
                          "Total Cost": 43899.32,
                          "Plan Rows": 246626,
                          "Plan Width": 4,
                          "Actual Startup Time": 205.377,
                          "Actual Total Time": 205.377,
                          "Actual Rows": 246262,
                          "Actual Loops": 4,
                          "Hash Buckets": 1048576,
                          "Original Hash Buckets": 1048576,
                          "Hash Batches": 1,
                          "Original Hash Batches": 1,
                          "Peak Memory Usage": 46816,
                          "Plans": [
                            {
                              "Node Type": "Seq Scan",
                              "Parent Relationship": "Outer",
                              "Parallel Aware": true,
                              "Relation Name": "title",
                              "Alias": "t",
                              "Startup Cost": 0.0,
                              "Total Cost": 43899.32,
                              "Plan Rows": 246626,
                              "Plan Width": 4,
                              "Actual Startup Time": 0.049,
                              "Actual Total Time": 118.135,
                              "Actual Rows": 246262,
                              "Actual Loops": 4,
                              "Filter": "(kind_id < 7)",
                              "Rows Removed by Filter": 385816
                            }
                          ]
                        }
                      ]
                    },
                    {
                      "Node Type": "Index Only Scan",
                      "Parent Relationship": "Inner",
                      "Parallel Aware": false,
                      "Scan Direction": "Forward",
                      "Index Name": "movie_id_cast_info",
                      "Relation Name": "cast_info",
                      "Alias": "ci",
                      "Startup Cost": 0.56,
                      "Total Cost": 2.73,
                      "Plan Rows": 35,
                      "Plan Width": 4,
                      "Actual Startup Time": 0.005,
                      "Actual Total Time": 0.038,
                      "Actual Rows": 43,
                      "Actual Loops": 241522,
                      "Index Cond": "(movie_id = t.id)",
                      "Rows Removed by Index Recheck": 0,
                      "Heap Fetches": 10294187
                    }
                  ]
                }
              ]
            }
          ]
        }
      ]
    },
    "Planning Time": 1.387,
    "Triggers": [],
    "Execution Time": 3083.147
  }
]