[
  {
    "Plan": {
      "Node Type": "Aggregate",
      "Strategy": "Plain",
      "Partial Mode": "Finalize",
      "Parallel Aware": false,
      "Startup Cost": 187269.96,
      "Total Cost": 187269.97,
      "Plan Rows": 1,
      "Plan Width": 8,
      "Actual Startup Time": 2598.433,
      "Actual Total Time": 2690.937,
      "Actual Rows": 1,
      "Actual Loops": 1,
      "Plans": [
        {
          "Node Type": "Gather",
          "Parent Relationship": "Outer",
          "Parallel Aware": false,
          "Startup Cost": 187269.65,
          "Total Cost": 187269.96,
          "Plan Rows": 3,
          "Plan Width": 8,
          "Actual Startup Time": 2593.843,
          "Actual Total Time": 2690.928,
          "Actual Rows": 4,
          "Actual Loops": 1,
          "Workers Planned": 3,
          "Workers Launched": 3,
          "Single Copy": false,
          "Plans": [
            {
              "Node Type": "Aggregate",
              "Strategy": "Plain",
              "Partial Mode": "Partial",
              "Parent Relationship": "Outer",
              "Parallel Aware": false,
              "Startup Cost": 186269.65,
              "Total Cost": 186269.66,
              "Plan Rows": 1,
              "Plan Width": 8,
              "Actual Startup Time": 2584.214,
              "Actual Total Time": 2584.218,
              "Actual Rows": 1,
              "Actual Loops": 4,
              "Plans": [
                {
                  "Node Type": "Nested Loop",
                  "Parent Relationship": "Outer",
                  "Parallel Aware": false,
                  "Join Type": "Inner",
                  "Startup Cost": 52714.19,
                  "Total Cost": 185048.77,
                  "Plan Rows": 488351,
                  "Plan Width": 0,
                  "Actual Startup Time": 204.97,
                  "Actual Total Time": 2473.771,
                  "Actual Rows": 2573547,
                  "Actual Loops": 4,
                  "Inner Unique": false,
                  "Plans": [
                    {
                      "Node Type": "Hash Join",
                      "Parent Relationship": "Outer",
                      "Parallel Aware": true,
                      "Join Type": "Inner",
                      "Startup Cost": 52713.63,
                      "Total Cost": 78482.17,
                      "Plan Rows": 34081,
                      "Plan Width": 8,
                      "Actual Startup Time": 204.846,
                      "Actual Total Time": 284.265,
                      "Actual Rows": 60380,
                      "Actual Loops": 4,
                      "Inner Unique": true,
                      "Hash Cond": "(mk.movie_id = t.id)",
                      "Plans": [
                        {
                          "Node Type": "Bitmap Heap Scan",
                          "Parent Relationship": "Outer",
                          "Parallel Aware": true,
                          "Relation Name": "movie_keyword",
                          "Alias": "mk",
                          "Startup Cost": 5716.5,
                          "Total Cost": 31256.9,
                          "Plan Rows": 86912,
                          "Plan Width": 4,
                          "Actual Startup Time": 19.108,
                          "Actual Total Time": 57.473,
                          "Actual Rows": 70729,
                          "Actual Loops": 4,
                          "Recheck Cond": "(keyword_id < 235)",
                          "Rows Removed by Index Recheck": 0,
                          "Exact Heap Blocks": 7242,
                          "Lossy Heap Blocks": 0,
                          "Plans": [
                            {
                              "Node Type": "Bitmap Index Scan",
                              "Parent Relationship": "Outer",
                              "Parallel Aware": false,
                              "Index Name": "keyword_id_movie_keyword",
                              "Startup Cost": 0.0,
                              "Total Cost": 5649.14,
                              "Plan Rows": 269428,
                              "Plan Width": 0,
                              "Actual Startup Time": 15.434,
                              "Actual Total Time": 15.434,
                              "Actual Rows": 282915,
                              "Actual Loops": 1,
                              "Index Cond": "(keyword_id < 235)"
                            }
                          ]
                        },
                        {
                          "Node Type": "Hash",
                          "Parent Relationship": "Inner",
                          "Parallel Aware": true,
                          "Startup Cost": 43898.92,
                          "Total Cost": 43898.92,
                          "Plan Rows": 247857,
                          "Plan Width": 4,
                          "Actual Startup Time": 180.631,
                          "Actual Total Time": 180.632,
                          "Actual Rows": 246262,
                          "Actual Loops": 4,
                          "Hash Buckets": 1048576,
                          "Original Hash Buckets": 1048576,
                          "Hash Batches": 1,
                          "Original Hash Batches": 1,
                          "Peak Memory Usage": 46784,
                          "Plans": [
                            {
                              "Node Type": "Seq Scan",
                              "Parent Relationship": "Outer",
                              "Parallel Aware": true,
                              "Relation Name": "title",
                              "Alias": "t",
                              "Startup Cost": 0.0,
                              "Total Cost": 43898.92,
                              "Plan Rows": 247857,
                              "Plan Width": 4,
                              "Actual Startup Time": 0.037,
                              "Actual Total Time": 101.118,
                              "Actual Rows": 246262,
                              "Actual Loops": 4,
                              "Filter": "(kind_id < 7)",
                              "Rows Removed by Filter": 385816
                            }
                          ]
                        }
                      ]
                    },
                    {
                      "Node Type": "Index Only Scan",
                      "Parent Relationship": "Inner",
                      "Parallel Aware": false,
                      "Scan Direction": "Forward",
                      "Index Name": "movie_id_cast_info",
                      "Relation Name": "cast_info",
                      "Alias": "ci",
                      "Startup Cost": 0.56,
                      "Total Cost": 2.76,
                      "Plan Rows": 37,
                      "Plan Width": 4,
                      "Actual Startup Time": 0.005,
                      "Actual Total Time": 0.033,
                      "Actual Rows": 43,
                      "Actual Loops": 241522,
                      "Index Cond": "(movie_id = t.id)",
                      "Rows Removed by Index Recheck": 0,
                      "Heap Fetches": 10294187
                    }
                  ]
                }
              ]
            }
          ]
        }
      ]
    },
    "Planning Time": 1.306,
    "Triggers": [],
    "Execution Time": 2691.069
  }
]