[
  {
    "Plan": {
      "Node Type": "Aggregate",
      "Strategy": "Plain",
      "Partial Mode": "Finalize",
      "Parallel Aware": false,
      "Startup Cost": 46839.05,
      "Total Cost": 46839.06,
      "Plan Rows": 1,
      "Plan Width": 8,
      "Actual Startup Time": 105.307,
      "Actual Total Time": 114.819,
      "Actual Rows": 1,
      "Actual Loops": 1,
      "Plans": [
        {
          "Node Type": "Gather",
          "Parent Relationship": "Outer",
          "Parallel Aware": false,
          "Startup Cost": 46838.63,
          "Total Cost": 46839.04,
          "Plan Rows": 4,
          "Plan Width": 8,
          "Actual Startup Time": 105.182,
          "Actual Total Time": 114.811,
          "Actual Rows": 5,
          "Actual Loops": 1,
          "Workers Planned": 4,
          "Workers Launched": 4,
          "Single Copy": false,
          "Plans": [
            {
              "Node Type": "Aggregate",
              "Strategy": "Plain",
              "Partial Mode": "Partial",
              "Parent Relationship": "Outer",
              "Parallel Aware": false,
              "Startup Cost": 45838.63,
              "Total Cost": 45838.64,
              "Plan Rows": 1,
              "Plan Width": 8,
              "Actual Startup Time": 97.628,
              "Actual Total Time": 97.629,
              "Actual Rows": 1,
              "Actual Loops": 5,
              "Plans": [
                {
                  "Node Type": "Seq Scan",
                  "Parent Relationship": "Outer",
                  "Parallel Aware": true,
                  "Relation Name": "title",
                  "Alias": "t",
                  "Startup Cost": 0.0,
                  "Total Cost": 45479.59,
                  "Plan Rows": 143619,
                  "Plan Width": 0,
                  "Actual Startup Time": 0.045,
                  "Actual Total Time": 90.587,
                  "Actual Rows": 119432,
                  "Actual Loops": 5,
                  "Filter": "((kind_id < 3) AND (production_year < 2010))",
                  "Rows Removed by Filter": 386230
                }
              ]
            }
          ]
        }
      ]
    },
    "Planning Time": 0.074,
    "Triggers": [],
    "Execution Time": 114.845
  }
]