[
  {
    "Plan": {
      "Node Type": "Aggregate",
      "Strategy": "Plain",
      "Partial Mode": "Finalize",
      "Parallel Aware": false,
      "Startup Cost": 46837.51,
      "Total Cost": 46837.52,
      "Plan Rows": 1,
      "Plan Width": 8,
      "Actual Startup Time": 102.279,
      "Actual Total Time": 114.67,
      "Actual Rows": 1,
      "Actual Loops": 1,
      "Plans": [
        {
          "Node Type": "Gather",
          "Parent Relationship": "Outer",
          "Parallel Aware": false,
          "Startup Cost": 46837.09,
          "Total Cost": 46837.5,
          "Plan Rows": 4,
          "Plan Width": 8,
          "Actual Startup Time": 101.971,
          "Actual Total Time": 114.661,
          "Actual Rows": 5,
          "Actual Loops": 1,
          "Workers Planned": 4,
          "Workers Launched": 4,
          "Single Copy": false,
          "Plans": [
            {
              "Node Type": "Aggregate",
              "Strategy": "Plain",
              "Partial Mode": "Partial",
              "Parent Relationship": "Outer",
              "Parallel Aware": false,
              "Startup Cost": 45837.09,
              "Total Cost": 45837.1,
              "Plan Rows": 1,
              "Plan Width": 8,
              "Actual Startup Time": 94.631,
              "Actual Total Time": 94.633,
              "Actual Rows": 1,
              "Actual Loops": 5,
              "Plans": [
                {
                  "Node Type": "Seq Scan",
                  "Parent Relationship": "Outer",
                  "Parallel Aware": true,
                  "Relation Name": "title",
                  "Alias": "t",
                  "Startup Cost": 0.0,
                  "Total Cost": 45479.1,
                  "Plan Rows": 143197,
                  "Plan Width": 0,
                  "Actual Startup Time": 0.037,
                  "Actual Total Time": 88.978,
                  "Actual Rows": 119432,
                  "Actual Loops": 5,
                  "Filter": "((kind_id < 3) AND (production_year < 2010))",
                  "Rows Removed by Filter": 386230
                }
              ]
            }
          ]
        }
      ]
    },
    "Planning Time": 0.186,
    "Triggers": [],
    "Execution Time": 114.73
  }
]