[
  {
    "Plan": {
      "Node Type": "Aggregate",
      "Strategy": "Plain",
      "Partial Mode": "Finalize",
      "Parallel Aware": false,
      "Startup Cost": 93099.75,
      "Total Cost": 93099.76,
      "Plan Rows": 1,
      "Plan Width": 8,
      "Actual Startup Time": 310.053,
      "Actual Total Time": 328.423,
      "Actual Rows": 1,
      "Actual Loops": 1,
      "Plans": [
        {
          "Node Type": "Gather",
          "Parent Relationship": "Outer",
          "Parallel Aware": false,
          "Startup Cost": 93099.43,
          "Total Cost": 93099.74,
          "Plan Rows": 3,
          "Plan Width": 8,
          "Actual Startup Time": 309.713,
          "Actual Total Time": 328.414,
          "Actual Rows": 4,
          "Actual Loops": 1,
          "Workers Planned": 3,
          "Workers Launched": 3,
          "Single Copy": false,
          "Plans": [
            {
              "Node Type": "Aggregate",
              "Strategy": "Plain",
              "Partial Mode": "Partial",
              "Parent Relationship": "Outer",
              "Parallel Aware": false,
              "Startup Cost": 92099.43,
              "Total Cost": 92099.44,
              "Plan Rows": 1,
              "Plan Width": 8,
              "Actual Startup Time": 302.531,
              "Actual Total Time": 302.536,
              "Actual Rows": 1,
              "Actual Loops": 4,
              "Plans": [
                {
                  "Node Type": "Hash Join",
                  "Parent Relationship": "Outer",
                  "Parallel Aware": true,
                  "Join Type": "Inner",
                  "Startup Cost": 45593.44,
                  "Total Cost": 92047.85,
                  "Plan Rows": 20633,
                  "Plan Width": 0,
                  "Actual Startup Time": 105.657,
                  "Actual Total Time": 302.09,
                  "Actual Rows": 8534,
                  "Actual Loops": 4,
                  "Inner Unique": true,
                  "Hash Cond": "(mk.movie_id = t.id)",
                  "Plans": [
                    {
                      "Node Type": "Seq Scan",
                      "Parent Relationship": "Outer",
                      "Parallel Aware": true,
                      "Relation Name": "movie_keyword",
                      "Alias": "mk",
                      "Startup Cost": 0.0,
                      "Total Cost": 42695.65,
                      "Plan Rows": 1431905,
                      "Plan Width": 4,
                      "Actual Startup Time": 0.017,
                      "Actual Total Time": 122.541,
                      "Actual Rows": 1108029,
                      "Actual Loops": 4,
                      "Filter": "(keyword_id > 77)",
                      "Rows Removed by Filter": 22954
                    },
                    {
                      "Node Type": "Hash",
                      "Parent Relationship": "Inner",
                      "Parallel Aware": true,
                      "Startup Cost": 45479.59,
                      "Total Cost": 45479.59,
                      "Plan Rows": 9108,
                      "Plan Width": 4,
                      "Actual Startup Time": 104.58,
                      "Actual Total Time": 104.581,
                      "Actual Rows": 9974,
                      "Actual Loops": 4,
                      "Hash Buckets": 65536,
                      "Original Hash Buckets": 65536,
                      "Hash Batches": 1,
                      "Original Hash Batches": 1,
                      "Peak Memory Usage": 2144,
                      "Plans": [
                        {
                          "Node Type": "Seq Scan",
                          "Parent Relationship": "Outer",
                          "Parallel Aware": true,
                          "Relation Name": "title",
                          "Alias": "t",
                          "Startup Cost": 0.0,
                          "Total Cost": 45479.59,
                          "Plan Rows": 9108,
                          "Plan Width": 4,
                          "Actual Startup Time": 0.069,
                          "Actual Total Time": 99.733,
                          "Actual Rows": 9974,
                          "Actual Loops": 4,
                          "Filter": "((kind_id > 3) AND (production_year = 2000))",
                          "Rows Removed by Filter": 622104
                        }
                      ]
                    }
                  ]
                }
              ]
            }
          ]
        }
      ]
    },
    "Planning Time": 0.485,
    "Triggers": [],
    "Execution Time": 328.464
  }
]