[
  {
    "Plan": {
      "Node Type": "Aggregate",
      "Strategy": "Plain",
      "Partial Mode": "Finalize",
      "Parallel Aware": false,
      "Startup Cost": 243547.69,
      "Total Cost": 243547.7,
      "Plan Rows": 1,
      "Plan Width": 8,
      "Actual Startup Time": 535.588,
      "Actual Total Time": 555.291,
      "Actual Rows": 1,
      "Actual Loops": 1,
      "Plans": [
        {
          "Node Type": "Gather",
          "Parent Relationship": "Outer",
          "Parallel Aware": false,
          "Startup Cost": 243547.16,
          "Total Cost": 243547.67,
          "Plan Rows": 5,
          "Plan Width": 8,
          "Actual Startup Time": 534.3,
          "Actual Total Time": 555.284,
          "Actual Rows": 6,
          "Actual Loops": 1,
          "Workers Planned": 5,
          "Workers Launched": 5,
          "Single Copy": false,
          "Plans": [
            {
              "Node Type": "Aggregate",
              "Strategy": "Plain",
              "Partial Mode": "Partial",
              "Parent Relationship": "Outer",
              "Parallel Aware": false,
              "Startup Cost": 242547.16,
              "Total Cost": 242547.17,
              "Plan Rows": 1,
              "Plan Width": 8,
              "Actual Startup Time": 527.613,
              "Actual Total Time": 527.616,
              "Actual Rows": 1,
              "Actual Loops": 6,
              "Plans": [
                {
                  "Node Type": "Hash Join",
                  "Parent Relationship": "Outer",
                  "Parallel Aware": true,
                  "Join Type": "Inner",
                  "Startup Cost": 38872.62,
                  "Total Cost": 242342.89,
                  "Plan Rows": 81708,
                  "Plan Width": 0,
                  "Actual Startup Time": 50.0,
                  "Actual Total Time": 521.94,
                  "Actual Rows": 114858,
                  "Actual Loops": 6,
                  "Inner Unique": true,
                  "Hash Cond": "(mi.movie_id = t.id)",
                  "Plans": [
                    {
                      "Node Type": "Seq Scan",
                      "Parent Relationship": "Outer",
                      "Parallel Aware": true,
                      "Relation Name": "movie_info",
                      "Alias": "mi",
                      "Startup Cost": 0.0,
                      "Total Cost": 198880.74,
                      "Plan Rows": 1748389,
                      "Plan Width": 4,
                      "Actual Startup Time": 0.02,
                      "Actual Total Time": 310.428,
                      "Actual Rows": 1464430,
                      "Actual Loops": 6,
                      "Filter": "(info_type_id < 13)",
                      "Rows Removed by Filter": 1008190
                    },
                    {
                      "Node Type": "Hash",
                      "Parent Relationship": "Inner",
                      "Parallel Aware": true,
                      "Startup Cost": 38503.39,
                      "Total Cost": 38503.39,
                      "Plan Rows": 29539,
                      "Plan Width": 4,
                      "Actual Startup Time": 39.168,
                      "Actual Total Time": 39.169,
                      "Actual Rows": 19706,
                      "Actual Loops": 6,
                      "Hash Buckets": 131072,
                      "Original Hash Buckets": 131072,
                      "Hash Batches": 1,
                      "Original Hash Batches": 1,
                      "Peak Memory Usage": 5760,
                      "Plans": [
                        {
                          "Node Type": "Bitmap Heap Scan",
                          "Parent Relationship": "Outer",
                          "Parallel Aware": true,
                          "Relation Name": "title",
                          "Alias": "t",
                          "Startup Cost": 2136.15,
                          "Total Cost": 38503.39,
                          "Plan Rows": 29539,
                          "Plan Width": 4,
                          "Actual Startup Time": 4.541,
                          "Actual Total Time": 31.509,
                          "Actual Rows": 19706,
                          "Actual Loops": 6,
                          "Recheck Cond": "(kind_id = 4)",
                          "Rows Removed by Index Recheck": 0,
                          "Exact Heap Blocks": 4642,
                          "Lossy Heap Blocks": 0,
                          "Plans": [
                            {
                              "Node Type": "Bitmap Index Scan",
                              "Parent Relationship": "Outer",
                              "Parallel Aware": false,
                              "Index Name": "kind_id_title",
                              "Startup Cost": 0.0,
                              "Total Cost": 2106.61,
                              "Plan Rows": 118157,
                              "Plan Width": 0,
                              "Actual Startup Time": 6.965,
                              "Actual Total Time": 6.965,
                              "Actual Rows": 118234,
                              "Actual Loops": 1,
                              "Index Cond": "(kind_id = 4)"
                            }
                          ]
                        }
                      ]
                    }
                  ]
                }
              ]
            }
          ]
        }
      ]
    },
    "Planning Time": 0.246,
    "Triggers": [],
    "Execution Time": 555.334
  }
]