{
  "Plan": {
    "Node Type": "Aggregate",
    "Strategy": "Plain",
    "Partial Mode": "Finalize",
    "Parallel Aware": false,
    "Startup Cost": 277995.34,
    "Total Cost": 277995.35,
    "Plan Rows": 1,
    "Plan Width": 8,
    "Actual Startup Time": 978.61,
    "Actual Total Time": 1003.991,
    "Actual Rows": 1,
    "Actual Loops": 1,
    "Plans": [
      {
        "Node Type": "Gather",
        "Parent Relationship": "Outer",
        "Parallel Aware": false,
        "Startup Cost": 277995.23,
        "Total Cost": 277995.34,
        "Plan Rows": 1,
        "Plan Width": 8,
        "Actual Startup Time": 972.134,
        "Actual Total Time": 1003.984,
        "Actual Rows": 2,
        "Actual Loops": 1,
        "Workers Planned": 1,
        "Workers Launched": 1,
        "Single Copy": false,
        "Plans": [
          {
            "Node Type": "Aggregate",
            "Strategy": "Plain",
            "Partial Mode": "Partial",
            "Parent Relationship": "Outer",
            "Parallel Aware": false,
            "Startup Cost": 276995.23,
            "Total Cost": 276995.24,
            "Plan Rows": 1,
            "Plan Width": 8,
            "Actual Startup Time": 965.602,
            "Actual Total Time": 965.609,
            "Actual Rows": 1,
            "Actual Loops": 2,
            "Plans": [
              {
                "Node Type": "Hash Join",
                "Parent Relationship": "Outer",
                "Parallel Aware": true,
                "Join Type": "Inner",
                "Startup Cost": 255603.34,
                "Total Cost": 276616.98,
                "Plan Rows": 151299,
                "Plan Width": 0,
                "Actual Startup Time": 802.645,
                "Actual Total Time": 951.201,
                "Actual Rows": 376664,
                "Actual Loops": 2,
                "Inner Unique": false,
                "Hash Cond": "(mi_idx.movie_id = t.id)",
                "Plans": [
                  {
                    "Node Type": "Seq Scan",
                    "Parent Relationship": "Outer",
                    "Parallel Aware": true,
                    "Relation Name": "movie_info_idx",
                    "Alias": "mi_idx",
                    "Startup Cost": 0.0,
                    "Total Cost": 18082.32,
                    "Plan Rows": 544356,
                    "Plan Width": 4,
                    "Actual Startup Time": 0.031,
                    "Actual Total Time": 58.835,
                    "Actual Rows": 460055,
                    "Actual Loops": 2,
                    "Filter": "(info_type_id > 99)",
                    "Rows Removed by Filter": 229962
                  },
                  {
                    "Node Type": "Hash",
                    "Parent Relationship": "Inner",
                    "Parallel Aware": true,
                    "Startup Cost": 250436.31,
                    "Total Cost": 250436.31,
                    "Plan Rows": 413363,
                    "Plan Width": 8,
                    "Actual Startup Time": 793.177,
                    "Actual Total Time": 793.181,
                    "Actual Rows": 330462,
                    "Actual Loops": 2,
                    "Hash Buckets": 1048576,
                    "Original Hash Buckets": 1048576,
                    "Hash Batches": 1,
                    "Original Hash Batches": 1,
                    "Peak Memory Usage": 34080,
                    "Plans": [
                      {
                        "Node Type": "Hash Join",
                        "Parent Relationship": "Outer",
                        "Parallel Aware": true,
                        "Join Type": "Inner",
                        "Startup Cost": 82191.19,
                        "Total Cost": 250436.31,
                        "Plan Rows": 413363,
                        "Plan Width": 8,
                        "Actual Startup Time": 561.796,
                        "Actual Total Time": 711.954,
                        "Actual Rows": 330462,
                        "Actual Loops": 2,
                        "Inner Unique": true,
                        "Hash Cond": "(mi.movie_id = t.id)",
                        "Plans": [
                          {
                            "Node Type": "Bitmap Heap Scan",
                            "Parent Relationship": "Outer",
                            "Parallel Aware": true,
                            "Relation Name": "movie_info",
                            "Alias": "mi",
                            "Startup Cost": 12730.49,
                            "Total Cost": 179890.53,
                            "Plan Rows": 413363,
                            "Plan Width": 4,
                            "Actual Startup Time": 19.347,
                            "Actual Total Time": 55.588,
                            "Actual Rows": 330462,
                            "Actual Loops": 2,
                            "Recheck Cond": "(info_type_id = 18)",
                            "Rows Removed by Index Recheck": 0,
                            "Exact Heap Blocks": 3621,
                            "Lossy Heap Blocks": 0,
                            "Plans": [
                              {
                                "Node Type": "Bitmap Index Scan",
                                "Parent Relationship": "Outer",
                                "Parallel Aware": false,
                                "Index Name": "info_type_id_movie_info",
                                "Startup Cost": 0.0,
                                "Total Cost": 12554.81,
                                "Plan Rows": 702717,
                                "Plan Width": 0,
                                "Actual Startup Time": 18.46,
                                "Actual Total Time": 18.46,
                                "Actual Rows": 660923,
                                "Actual Loops": 1,
                                "Index Cond": "(info_type_id = 18)"
                              }
                            ]
                          },
                          {
                            "Node Type": "Hash",
                            "Parent Relationship": "Inner",
                            "Parallel Aware": true,
                            "Startup Cost": 50870.31,
                            "Total Cost": 50870.31,
                            "Plan Rows": 1487231,
                            "Plan Width": 4,
                            "Actual Startup Time": 526.099,
                            "Actual Total Time": 526.1,
                            "Actual Rows": 1264156,
                            "Actual Loops": 2,
                            "Hash Buckets": 4194304,
                            "Original Hash Buckets": 4194304,
                            "Hash Batches": 1,
                            "Original Hash Batches": 1,
                            "Peak Memory Usage": 131712,
                            "Plans": [
                              {
                                "Node Type": "Seq Scan",
                                "Parent Relationship": "Outer",
                                "Parallel Aware": true,
                                "Relation Name": "title",
                                "Alias": "t",
                                "Startup Cost": 0.0,
                                "Total Cost": 50870.31,
                                "Plan Rows": 1487231,
                                "Plan Width": 4,
                                "Actual Startup Time": 0.033,
                                "Actual Total Time": 151.883,
                                "Actual Rows": 1264156,
                                "Actual Loops": 2
                              }
                            ]
                          }
                        ]
                      }
                    ]
                  }
                ]
              }
            ]
          }
        ]
      }
    ]
  },
  "Planning Time": 0.845,
  "Triggers": [],
  "Execution Time": 1004.089
}