[
    {
        "Bao": {
            "Bao prediction": "NaN",
            "Bao recommended hint": "(no hint)"
        }
    },
    {
        "Plan": {
            "Node Type": "Aggregate",
            "Strategy": "Plain",
            "Partial Mode": "Finalize",
            "Parallel Aware": false,
            "Startup Cost": 352672.14,
            "Total Cost": 352672.15,
            "Plan Rows": 1,
            "Plan Width": 8,
            "Actual Startup Time": 994.48,
            "Actual Total Time": 1026.039,
            "Actual Rows": 1,
            "Actual Loops": 1,
            "Output": [
                "count(*)"
            ],
            "Plans": [
                {
                    "Node Type": "Gather",
                    "Parent Relationship": "Outer",
                    "Parallel Aware": false,
                    "Startup Cost": 352671.52,
                    "Total Cost": 352672.12,
                    "Plan Rows": 6,
                    "Plan Width": 8,
                    "Actual Startup Time": 994.33,
                    "Actual Total Time": 1026.029,
                    "Actual Rows": 7,
                    "Actual Loops": 1,
                    "Output": [
                        "(PARTIAL count(*))"
                    ],
                    "Workers Planned": 6,
                    "Workers Launched": 6,
                    "Single Copy": false,
                    "Plans": [
                        {
                            "Node Type": "Aggregate",
                            "Strategy": "Plain",
                            "Partial Mode": "Partial",
                            "Parent Relationship": "Outer",
                            "Parallel Aware": false,
                            "Startup Cost": 351671.52,
                            "Total Cost": 351671.53,
                            "Plan Rows": 1,
                            "Plan Width": 8,
                            "Actual Startup Time": 984.802,
                            "Actual Total Time": 984.803,
                            "Actual Rows": 1,
                            "Actual Loops": 7,
                            "Output": [
                                "PARTIAL count(*)"
                            ],
                            "Workers": [
                                {
                                    "Worker Number": 0,
                                    "Actual Startup Time": 982.174,
                                    "Actual Total Time": 982.176,
                                    "Actual Rows": 1,
                                    "Actual Loops": 1
                                },
                                {
                                    "Worker Number": 1,
                                    "Actual Startup Time": 983.018,
                                    "Actual Total Time": 983.019,
                                    "Actual Rows": 1,
                                    "Actual Loops": 1
                                },
                                {
                                    "Worker Number": 2,
                                    "Actual Startup Time": 983.313,
                                    "Actual Total Time": 983.314,
                                    "Actual Rows": 1,
                                    "Actual Loops": 1
                                },
                                {
                                    "Worker Number": 3,
                                    "Actual Startup Time": 983.389,
                                    "Actual Total Time": 983.39,
                                    "Actual Rows": 1,
                                    "Actual Loops": 1
                                },
                                {
                                    "Worker Number": 4,
                                    "Actual Startup Time": 983.323,
                                    "Actual Total Time": 983.324,
                                    "Actual Rows": 1,
                                    "Actual Loops": 1
                                },
                                {
                                    "Worker Number": 5,
                                    "Actual Startup Time": 984.388,
                                    "Actual Total Time": 984.389,
                                    "Actual Rows": 1,
                                    "Actual Loops": 1
                                }
                            ],
                            "Plans": [
                                {
                                    "Node Type": "Seq Scan",
                                    "Parent Relationship": "Outer",
                                    "Parallel Aware": true,
                                    "Relation Name": "cast_info",
                                    "Schema": "public",
                                    "Alias": "ci",
                                    "Startup Cost": 0.0,
                                    "Total Cost": 343318.94,
                                    "Plan Rows": 3341030,
                                    "Plan Width": 0,
                                    "Actual Startup Time": 262.766,
                                    "Actual Total Time": 827.279,
                                    "Actual Rows": 2614562,
                                    "Actual Loops": 7,
                                    "Output": [
                                        "id",
                                        "person_id",
                                        "movie_id",
                                        "person_role_id",
                                        "note",
                                        "nr_order",
                                        "role_id"
                                    ],
                                    "Filter": "((ci.person_id < 3134262) AND (ci.role_id > 1))",
                                    "Rows Removed by Filter": 2563201,
                                    "Workers": [
                                        {
                                            "Worker Number": 0,
                                            "Actual Startup Time": 260.136,
                                            "Actual Total Time": 827.978,
                                            "Actual Rows": 2321460,
                                            "Actual Loops": 1
                                        },
                                        {
                                            "Worker Number": 1,
                                            "Actual Startup Time": 260.99,
                                            "Actual Total Time": 829.205,
                                            "Actual Rows": 2318963,
                                            "Actual Loops": 1
                                        },
                                        {
                                            "Worker Number": 2,
                                            "Actual Startup Time": 261.272,
                                            "Actual Total Time": 829.053,
                                            "Actual Rows": 2323931,
                                            "Actual Loops": 1
                                        },
                                        {
                                            "Worker Number": 3,
                                            "Actual Startup Time": 261.359,
                                            "Actual Total Time": 829.067,
                                            "Actual Rows": 2325301,
                                            "Actual Loops": 1
                                        },
                                        {
                                            "Worker Number": 4,
                                            "Actual Startup Time": 261.282,
                                            "Actual Total Time": 829.439,
                                            "Actual Rows": 2316639,
                                            "Actual Loops": 1
                                        },
                                        {
                                            "Worker Number": 5,
                                            "Actual Startup Time": 262.353,
                                            "Actual Total Time": 830.469,
                                            "Actual Rows": 2323539,
                                            "Actual Loops": 1
                                        }
                                    ]
                                }
                            ]
                        }
                    ]
                }
            ]
        },
        "Planning Time": 188.794,
        "Triggers": [],
        "Execution Time": 1026.093
    }
]