{
  "Plan": {
    "Node Type": "Aggregate",
    "Strategy": "Plain",
    "Partial Mode": "Finalize",
    "Parallel Aware": false,
    "Startup Cost": 80491.77,
    "Total Cost": 80491.78,
    "Plan Rows": 1,
    "Plan Width": 8,
    "Actual Startup Time": 62.909,
    "Actual Total Time": 68.1,
    "Actual Rows": 1,
    "Actual Loops": 1,
    "Plans": [
      {
        "Node Type": "Gather",
        "Parent Relationship": "Outer",
        "Parallel Aware": false,
        "Startup Cost": 80491.66,
        "Total Cost": 80491.77,
        "Plan Rows": 1,
        "Plan Width": 8,
        "Actual Startup Time": 62.723,
        "Actual Total Time": 68.094,
        "Actual Rows": 2,
        "Actual Loops": 1,
        "Workers Planned": 1,
        "Workers Launched": 1,
        "Single Copy": false,
        "Plans": [
          {
            "Node Type": "Aggregate",
            "Strategy": "Plain",
            "Partial Mode": "Partial",
            "Parent Relationship": "Outer",
            "Parallel Aware": false,
            "Startup Cost": 79491.66,
            "Total Cost": 79491.67,
            "Plan Rows": 1,
            "Plan Width": 8,
            "Actual Startup Time": 59.054,
            "Actual Total Time": 59.055,
            "Actual Rows": 1,
            "Actual Loops": 2,
            "Plans": [
              {
                "Node Type": "Nested Loop",
                "Parent Relationship": "Outer",
                "Parallel Aware": false,
                "Join Type": "Inner",
                "Startup Cost": 756.1,
                "Total Cost": 79465.49,
                "Plan Rows": 10465,
                "Plan Width": 0,
                "Actual Startup Time": 2.638,
                "Actual Total Time": 57.797,
                "Actual Rows": 16334,
                "Actual Loops": 2,
                "Inner Unique": true,
                "Plans": [
                  {
                    "Node Type": "Bitmap Heap Scan",
                    "Parent Relationship": "Outer",
                    "Parallel Aware": true,
                    "Relation Name": "movie_companies",
                    "Alias": "mc",
                    "Startup Cost": 755.67,
                    "Total Cost": 20157.34,
                    "Plan Rows": 10465,
                    "Plan Width": 4,
                    "Actual Startup Time": 2.54,
                    "Actual Total Time": 8.786,
                    "Actual Rows": 16334,
                    "Actual Loops": 2,
                    "Recheck Cond": "(company_id > 205478)",
                    "Rows Removed by Index Recheck": 0,
                    "Filter": "(company_type_id > 1)",
                    "Rows Removed by Filter": 0,
                    "Exact Heap Blocks": 858,
                    "Lossy Heap Blocks": 0,
                    "Plans": [
                      {
                        "Node Type": "Bitmap Index Scan",
                        "Parent Relationship": "Outer",
                        "Parallel Aware": false,
                        "Index Name": "company_id_movie_companies",
                        "Startup Cost": 0.0,
                        "Total Cost": 751.22,
                        "Plan Rows": 35039,
                        "Plan Width": 0,
                        "Actual Startup Time": 4.467,
                        "Actual Total Time": 4.468,
                        "Actual Rows": 32667,
                        "Actual Loops": 1,
                        "Index Cond": "(company_id > 205478)"
                      }
                    ]
                  },
                  {
                    "Node Type": "Index Only Scan",
                    "Parent Relationship": "Inner",
                    "Parallel Aware": false,
                    "Scan Direction": "Forward",
                    "Index Name": "title_pkey",
                    "Relation Name": "title",
                    "Alias": "t",
                    "Startup Cost": 0.43,
                    "Total Cost": 5.67,
                    "Plan Rows": 1,
                    "Plan Width": 4,
                    "Actual Startup Time": 0.003,
                    "Actual Total Time": 0.003,
                    "Actual Rows": 1,
                    "Actual Loops": 32667,
                    "Index Cond": "(id = mc.movie_id)",
                    "Rows Removed by Index Recheck": 0,
                    "Heap Fetches": 32667
                  }
                ]
              }
            ]
          }
        ]
      }
    ]
  },
  "Planning Time": 0.448,
  "Triggers": [],
  "Execution Time": 68.173
}