[
  {
    "Plan": {
      "Node Type": "Aggregate",
      "Strategy": "Plain",
      "Partial Mode": "Finalize",
      "Parallel Aware": false,
      "Startup Cost": 369963.49,
      "Total Cost": 369963.5,
      "Plan Rows": 1,
      "Plan Width": 8,
      "Actual Startup Time": 695.101,
      "Actual Total Time": 762.265,
      "Actual Rows": 1,
      "Actual Loops": 1,
      "Plans": [
        {
          "Node Type": "Gather",
          "Parent Relationship": "Outer",
          "Parallel Aware": false,
          "Startup Cost": 369963.07,
          "Total Cost": 369963.48,
          "Plan Rows": 4,
          "Plan Width": 8,
          "Actual Startup Time": 694.766,
          "Actual Total Time": 762.254,
          "Actual Rows": 5,
          "Actual Loops": 1,
          "Workers Planned": 4,
          "Workers Launched": 4,
          "Single Copy": false,
          "Plans": [
            {
              "Node Type": "Aggregate",
              "Strategy": "Plain",
              "Partial Mode": "Partial",
              "Parent Relationship": "Outer",
              "Parallel Aware": false,
              "Startup Cost": 368963.07,
              "Total Cost": 368963.08,
              "Plan Rows": 1,
              "Plan Width": 8,
              "Actual Startup Time": 687.811,
              "Actual Total Time": 687.813,
              "Actual Rows": 1,
              "Actual Loops": 5,
              "Plans": [
                {
                  "Node Type": "Nested Loop",
                  "Parent Relationship": "Outer",
                  "Parallel Aware": false,
                  "Join Type": "Inner",
                  "Startup Cost": 1743.3,
                  "Total Cost": 368487.1,
                  "Plan Rows": 190390,
                  "Plan Width": 0,
                  "Actual Startup Time": 5.087,
                  "Actual Total Time": 670.393,
                  "Actual Rows": 272586,
                  "Actual Loops": 5,
                  "Inner Unique": false,
                  "Plans": [
                    {
                      "Node Type": "Bitmap Heap Scan",
                      "Parent Relationship": "Outer",
                      "Parallel Aware": true,
                      "Relation Name": "title",
                      "Alias": "t",
                      "Startup Cost": 1742.74,
                      "Total Cost": 38103.88,
                      "Plan Rows": 16013,
                      "Plan Width": 4,
                      "Actual Startup Time": 4.92,
                      "Actual Total Time": 21.307,
                      "Actual Rows": 16327,
                      "Actual Loops": 5,
                      "Recheck Cond": "(kind_id = 3)",
                      "Rows Removed by Index Recheck": 0,
                      "Filter": "(production_year < 2008)",
                      "Rows Removed by Filter": 3780,
                      "Exact Heap Blocks": 3087,
                      "Lossy Heap Blocks": 0,
                      "Plans": [
                        {
                          "Node Type": "Bitmap Index Scan",
                          "Parent Relationship": "Outer",
                          "Parallel Aware": false,
                          "Index Name": "kind_id_title",
                          "Startup Cost": 0.0,
                          "Total Cost": 1726.72,
                          "Plan Rows": 96839,
                          "Plan Width": 0,
                          "Actual Startup Time": 7.937,
                          "Actual Total Time": 7.938,
                          "Actual Rows": 100537,
                          "Actual Loops": 1,
                          "Index Cond": "(kind_id = 3)"
                        }
                      ]
                    },
                    {
                      "Node Type": "Index Scan",
                      "Parent Relationship": "Inner",
                      "Parallel Aware": false,
                      "Scan Direction": "Forward",
                      "Index Name": "movie_id_cast_info",
                      "Relation Name": "cast_info",
                      "Alias": "ci",
                      "Startup Cost": 0.56,
                      "Total Cost": 20.34,
                      "Plan Rows": 29,
                      "Plan Width": 4,
                      "Actual Startup Time": 0.007,
                      "Actual Total Time": 0.038,
                      "Actual Rows": 17,
                      "Actual Loops": 81635,
                      "Index Cond": "(movie_id = t.id)",
                      "Rows Removed by Index Recheck": 0,
                      "Filter": "((person_id < 3726289) AND (role_id < 10))",
                      "Rows Removed by Filter": 2
                    }
                  ]
                }
              ]
            }
          ]
        }
      ]
    },
    "Planning Time": 0.398,
    "Triggers": [],
    "Execution Time": 762.34
  }
]