[
  {
    "Plan": {
      "Node Type": "Aggregate",
      "Strategy": "Plain",
      "Partial Mode": "Finalize",
      "Parallel Aware": false,
      "Startup Cost": 295464.54,
      "Total Cost": 295464.55,
      "Plan Rows": 1,
      "Plan Width": 8,
      "Actual Startup Time": 228.017,
      "Actual Total Time": 237.443,
      "Actual Rows": 1,
      "Actual Loops": 1,
      "Plans": [
        {
          "Node Type": "Gather",
          "Parent Relationship": "Outer",
          "Parallel Aware": false,
          "Startup Cost": 295463.91,
          "Total Cost": 295464.52,
          "Plan Rows": 6,
          "Plan Width": 8,
          "Actual Startup Time": 227.553,
          "Actual Total Time": 237.433,
          "Actual Rows": 7,
          "Actual Loops": 1,
          "Workers Planned": 6,
          "Workers Launched": 6,
          "Single Copy": false,
          "Plans": [
            {
              "Node Type": "Aggregate",
              "Strategy": "Plain",
              "Partial Mode": "Partial",
              "Parent Relationship": "Outer",
              "Parallel Aware": false,
              "Startup Cost": 294463.91,
              "Total Cost": 294463.92,
              "Plan Rows": 1,
              "Plan Width": 8,
              "Actual Startup Time": 216.74,
              "Actual Total Time": 216.742,
              "Actual Rows": 1,
              "Actual Loops": 7,
              "Plans": [
                {
                  "Node Type": "Bitmap Heap Scan",
                  "Parent Relationship": "Outer",
                  "Parallel Aware": true,
                  "Relation Name": "cast_info",
                  "Alias": "ci",
                  "Startup Cost": 37529.02,
                  "Total Cost": 293755.93,
                  "Plan Rows": 283193,
                  "Plan Width": 0,
                  "Actual Startup Time": 123.391,
                  "Actual Total Time": 201.979,
                  "Actual Rows": 235653,
                  "Actual Loops": 7,
                  "Recheck Cond": "(person_id > 3735269)",
                  "Rows Removed by Index Recheck": 0,
                  "Exact Heap Blocks": 4510,
                  "Lossy Heap Blocks": 0,
                  "Plans": [
                    {
                      "Node Type": "Bitmap Index Scan",
                      "Parent Relationship": "Outer",
                      "Parallel Aware": false,
                      "Index Name": "person_id_cast_info",
                      "Startup Cost": 0.0,
                      "Total Cost": 37104.24,
                      "Plan Rows": 1699156,
                      "Plan Width": 0,
                      "Actual Startup Time": 127.297,
                      "Actual Total Time": 127.298,
                      "Actual Rows": 1649569,
                      "Actual Loops": 1,
                      "Index Cond": "(person_id > 3735269)"
                    }
                  ]
                }
              ]
            }
          ]
        }
      ]
    },
    "Planning Time": 0.169,
    "Triggers": [],
    "Execution Time": 237.523
  }
]