[
  {
    "Plan": {
      "Node Type": "Aggregate",
      "Strategy": "Plain",
      "Partial Mode": "Finalize",
      "Parallel Aware": false,
      "Startup Cost": 89912.24,
      "Total Cost": 89912.25,
      "Plan Rows": 1,
      "Plan Width": 8,
      "Actual Startup Time": 222.564,
      "Actual Total Time": 240.18,
      "Actual Rows": 1,
      "Actual Loops": 1,
      "Plans": [
        {
          "Node Type": "Gather",
          "Parent Relationship": "Outer",
          "Parallel Aware": false,
          "Startup Cost": 89911.92,
          "Total Cost": 89912.23,
          "Plan Rows": 3,
          "Plan Width": 8,
          "Actual Startup Time": 222.275,
          "Actual Total Time": 240.172,
          "Actual Rows": 4,
          "Actual Loops": 1,
          "Workers Planned": 3,
          "Workers Launched": 3,
          "Single Copy": false,
          "Plans": [
            {
              "Node Type": "Aggregate",
              "Strategy": "Plain",
              "Partial Mode": "Partial",
              "Parent Relationship": "Outer",
              "Parallel Aware": false,
              "Startup Cost": 88911.92,
              "Total Cost": 88911.93,
              "Plan Rows": 1,
              "Plan Width": 8,
              "Actual Startup Time": 213.966,
              "Actual Total Time": 213.969,
              "Actual Rows": 1,
              "Actual Loops": 4,
              "Plans": [
                {
                  "Node Type": "Hash Join",
                  "Parent Relationship": "Outer",
                  "Parallel Aware": true,
                  "Join Type": "Inner",
                  "Startup Cost": 45583.31,
                  "Total Cost": 88904.07,
                  "Plan Rows": 3141,
                  "Plan Width": 0,
                  "Actual Startup Time": 102.289,
                  "Actual Total Time": 213.692,
                  "Actual Rows": 4031,
                  "Actual Loops": 4,
                  "Inner Unique": true,
                  "Hash Cond": "(mk.movie_id = t.id)",
                  "Plans": [
                    {
                      "Node Type": "Seq Scan",
                      "Parent Relationship": "Outer",
                      "Parallel Aware": true,
                      "Relation Name": "movie_keyword",
                      "Alias": "mk",
                      "Startup Cost": 0.0,
                      "Total Cost": 42695.65,
                      "Plan Rows": 238135,
                      "Plan Width": 4,
                      "Actual Startup Time": 0.029,
                      "Actual Total Time": 93.984,
                      "Actual Rows": 187639,
                      "Actual Loops": 4,
                      "Filter": "(keyword_id < 683)",
                      "Rows Removed by Filter": 943344
                    },
                    {
                      "Node Type": "Hash",
                      "Parent Relationship": "Inner",
                      "Parallel Aware": true,
                      "Startup Cost": 45479.1,
                      "Total Cost": 45479.1,
                      "Plan Rows": 8337,
                      "Plan Width": 4,
                      "Actual Startup Time": 100.652,
                      "Actual Total Time": 100.653,
                      "Actual Rows": 5052,
                      "Actual Loops": 4,
                      "Hash Buckets": 65536,
                      "Original Hash Buckets": 65536,
                      "Hash Batches": 1,
                      "Original Hash Batches": 1,
                      "Peak Memory Usage": 1344,
                      "Plans": [
                        {
                          "Node Type": "Seq Scan",
                          "Parent Relationship": "Outer",
                          "Parallel Aware": true,
                          "Relation Name": "title",
                          "Alias": "t",
                          "Startup Cost": 0.0,
                          "Total Cost": 45479.1,
                          "Plan Rows": 8337,
                          "Plan Width": 4,
                          "Actual Startup Time": 0.154,
                          "Actual Total Time": 97.932,
                          "Actual Rows": 5052,
                          "Actual Loops": 4,
                          "Filter": "((kind_id < 3) AND (production_year = 2006))",
                          "Rows Removed by Filter": 627026
                        }
                      ]
                    }
                  ]
                }
              ]
            }
          ]
        }
      ]
    },
    "Planning Time": 0.663,
    "Triggers": [],
    "Execution Time": 240.249
  }
]