[
  {
    "Plan": {
      "Node Type": "Aggregate",
      "Strategy": "Plain",
      "Partial Mode": "Finalize",
      "Parallel Aware": false,
      "Startup Cost": 47877.49,
      "Total Cost": 47877.5,
      "Plan Rows": 1,
      "Plan Width": 8,
      "Actual Startup Time": 137.572,
      "Actual Total Time": 144.851,
      "Actual Rows": 1,
      "Actual Loops": 1,
      "Plans": [
        {
          "Node Type": "Gather",
          "Parent Relationship": "Outer",
          "Parallel Aware": false,
          "Startup Cost": 47877.18,
          "Total Cost": 47877.49,
          "Plan Rows": 3,
          "Plan Width": 8,
          "Actual Startup Time": 136.25,
          "Actual Total Time": 144.846,
          "Actual Rows": 4,
          "Actual Loops": 1,
          "Workers Planned": 3,
          "Workers Launched": 3,
          "Single Copy": false,
          "Plans": [
            {
              "Node Type": "Aggregate",
              "Strategy": "Plain",
              "Partial Mode": "Partial",
              "Parent Relationship": "Outer",
              "Parallel Aware": false,
              "Startup Cost": 46877.18,
              "Total Cost": 46877.19,
              "Plan Rows": 1,
              "Plan Width": 8,
              "Actual Startup Time": 128.588,
              "Actual Total Time": 128.591,
              "Actual Rows": 1,
              "Actual Loops": 4,
              "Plans": [
                {
                  "Node Type": "Nested Loop",
                  "Parent Relationship": "Outer",
                  "Parallel Aware": false,
                  "Join Type": "Inner",
                  "Startup Cost": 20653.78,
                  "Total Cost": 46874.55,
                  "Plan Rows": 1050,
                  "Plan Width": 0,
                  "Actual Startup Time": 125.929,
                  "Actual Total Time": 128.58,
                  "Actual Rows": 34,
                  "Actual Loops": 4,
                  "Inner Unique": true,
                  "Join Filter": "(mc.movie_id = t.id)",
                  "Rows Removed by Join Filter": 0,
                  "Plans": [
                    {
                      "Node Type": "Hash Join",
                      "Parent Relationship": "Outer",
                      "Parallel Aware": true,
                      "Join Type": "Inner",
                      "Startup Cost": 20653.35,
                      "Total Cost": 39970.1,
                      "Plan Rows": 10437,
                      "Plan Width": 8,
                      "Actual Startup Time": 125.447,
                      "Actual Total Time": 126.799,
                      "Actual Rows": 173,
                      "Actual Loops": 4,
                      "Inner Unique": false,
                      "Hash Cond": "(mc.movie_id = mi_idx.movie_id)",
                      "Plans": [
                        {
                          "Node Type": "Bitmap Heap Scan",
                          "Parent Relationship": "Outer",
                          "Parallel Aware": true,
                          "Relation Name": "movie_companies",
                          "Alias": "mc",
                          "Startup Cost": 760.44,
                          "Total Cost": 20011.98,
                          "Plan Rows": 5793,
                          "Plan Width": 4,
                          "Actual Startup Time": 9.538,
                          "Actual Total Time": 10.174,
                          "Actual Rows": 155,
                          "Actual Loops": 4,
                          "Recheck Cond": "(company_id = 160)",
                          "Rows Removed by Index Recheck": 0,
                          "Filter": "(company_type_id = 2)",
                          "Rows Removed by Filter": 8879,
                          "Exact Heap Blocks": 2317,
                          "Lossy Heap Blocks": 0,
                          "Plans": [
                            {
                              "Node Type": "Bitmap Index Scan",
                              "Parent Relationship": "Outer",
                              "Parallel Aware": false,
                              "Index Name": "company_id_movie_companies",
                              "Startup Cost": 0.0,
                              "Total Cost": 755.95,
                              "Plan Rows": 35136,
                              "Plan Width": 0,
                              "Actual Startup Time": 1.972,
                              "Actual Total Time": 1.972,
                              "Actual Rows": 36136,
                              "Actual Loops": 1,
                              "Index Cond": "(company_id = 160)"
                            }
                          ]
                        },
                        {
                          "Node Type": "Hash",
                          "Parent Relationship": "Inner",
                          "Parallel Aware": true,
                          "Startup Cost": 15122.68,
                          "Total Cost": 15122.68,
                          "Plan Rows": 381618,
                          "Plan Width": 4,
                          "Actual Startup Time": 112.832,
                          "Actual Total Time": 112.833,
                          "Actual Rows": 229962,
                          "Actual Loops": 4,
                          "Hash Buckets": 1048576,
                          "Original Hash Buckets": 1048576,
                          "Hash Batches": 1,
                          "Original Hash Batches": 1,
                          "Peak Memory Usage": 44256,
                          "Plans": [
                            {
                              "Node Type": "Seq Scan",
                              "Parent Relationship": "Outer",
                              "Parallel Aware": true,
                              "Relation Name": "movie_info_idx",
                              "Alias": "mi_idx",
                              "Startup Cost": 0.0,
                              "Total Cost": 15122.68,
                              "Plan Rows": 381618,
                              "Plan Width": 4,
                              "Actual Startup Time": 0.039,
                              "Actual Total Time": 47.692,
                              "Actual Rows": 229962,
                              "Actual Loops": 4,
                              "Filter": "(info_type_id < 101)",
                              "Rows Removed by Filter": 115046
                            }
                          ]
                        }
                      ]
                    },
                    {
                      "Node Type": "Index Scan",
                      "Parent Relationship": "Inner",
                      "Parallel Aware": false,
                      "Scan Direction": "Forward",
                      "Index Name": "title_pkey",
                      "Relation Name": "title",
                      "Alias": "t",
                      "Startup Cost": 0.43,
                      "Total Cost": 0.65,
                      "Plan Rows": 1,
                      "Plan Width": 4,
                      "Actual Startup Time": 0.01,
                      "Actual Total Time": 0.01,
                      "Actual Rows": 0,
                      "Actual Loops": 692,
                      "Index Cond": "(id = mi_idx.movie_id)",
                      "Rows Removed by Index Recheck": 0,
                      "Filter": "((kind_id > 2) AND (production_year > 1988))",
                      "Rows Removed by Filter": 1
                    }
                  ]
                }
              ]
            }
          ]
        }
      ]
    },
    "Planning Time": 0.677,
    "Triggers": [],
    "Execution Time": 144.903
  }
]