[
  {
    "Plan": {
      "Node Type": "Aggregate",
      "Strategy": "Plain",
      "Partial Mode": "Finalize",
      "Parallel Aware": false,
      "Startup Cost": 48246.58,
      "Total Cost": 48246.59,
      "Plan Rows": 1,
      "Plan Width": 8,
      "Actual Startup Time": 98.472,
      "Actual Total Time": 103.969,
      "Actual Rows": 1,
      "Actual Loops": 1,
      "Plans": [
        {
          "Node Type": "Gather",
          "Parent Relationship": "Outer",
          "Parallel Aware": false,
          "Startup Cost": 48246.36,
          "Total Cost": 48246.57,
          "Plan Rows": 2,
          "Plan Width": 8,
          "Actual Startup Time": 98.239,
          "Actual Total Time": 103.961,
          "Actual Rows": 3,
          "Actual Loops": 1,
          "Workers Planned": 2,
          "Workers Launched": 2,
          "Single Copy": false,
          "Plans": [
            {
              "Node Type": "Aggregate",
              "Strategy": "Plain",
              "Partial Mode": "Partial",
              "Parent Relationship": "Outer",
              "Parallel Aware": false,
              "Startup Cost": 47246.36,
              "Total Cost": 47246.37,
              "Plan Rows": 1,
              "Plan Width": 8,
              "Actual Startup Time": 89.558,
              "Actual Total Time": 89.562,
              "Actual Rows": 1,
              "Actual Loops": 3,
              "Plans": [
                {
                  "Node Type": "Nested Loop",
                  "Parent Relationship": "Outer",
                  "Parallel Aware": false,
                  "Join Type": "Inner",
                  "Startup Cost": 19893.8,
                  "Total Cost": 47242.64,
                  "Plan Rows": 1490,
                  "Plan Width": 0,
                  "Actual Startup Time": 20.192,
                  "Actual Total Time": 89.546,
                  "Actual Rows": 45,
                  "Actual Loops": 3,
                  "Inner Unique": true,
                  "Join Filter": "(mc.movie_id = t.id)",
                  "Rows Removed by Join Filter": 0,
                  "Plans": [
                    {
                      "Node Type": "Hash Join",
                      "Parent Relationship": "Outer",
                      "Parallel Aware": true,
                      "Join Type": "Inner",
                      "Startup Cost": 19893.37,
                      "Total Cost": 36980.84,
                      "Plan Rows": 15528,
                      "Plan Width": 8,
                      "Actual Startup Time": 19.644,
                      "Actual Total Time": 86.914,
                      "Actual Rows": 231,
                      "Actual Loops": 3,
                      "Inner Unique": false,
                      "Hash Cond": "(mi_idx.movie_id = mc.movie_id)",
                      "Plans": [
                        {
                          "Node Type": "Seq Scan",
                          "Parent Relationship": "Outer",
                          "Parallel Aware": true,
                          "Relation Name": "movie_info_idx",
                          "Alias": "mi_idx",
                          "Startup Cost": 0.0,
                          "Total Cost": 15122.68,
                          "Plan Rows": 382940,
                          "Plan Width": 4,
                          "Actual Startup Time": 0.041,
                          "Actual Total Time": 47.617,
                          "Actual Rows": 306617,
                          "Actual Loops": 3,
                          "Filter": "(info_type_id < 101)",
                          "Rows Removed by Filter": 153395
                        },
                        {
                          "Node Type": "Hash",
                          "Parent Relationship": "Inner",
                          "Parallel Aware": true,
                          "Startup Cost": 19813.96,
                          "Total Cost": 19813.96,
                          "Plan Rows": 6353,
                          "Plan Width": 4,
                          "Actual Startup Time": 17.574,
                          "Actual Total Time": 17.575,
                          "Actual Rows": 206,
                          "Actual Loops": 3,
                          "Hash Buckets": 32768,
                          "Original Hash Buckets": 32768,
                          "Hash Batches": 1,
                          "Original Hash Batches": 1,
                          "Peak Memory Usage": 352,
                          "Plans": [
                            {
                              "Node Type": "Bitmap Heap Scan",
                              "Parent Relationship": "Outer",
                              "Parallel Aware": true,
                              "Relation Name": "movie_companies",
                              "Alias": "mc",
                              "Startup Cost": 836.27,
                              "Total Cost": 19813.96,
                              "Plan Rows": 6353,
                              "Plan Width": 4,
                              "Actual Startup Time": 16.342,
                              "Actual Total Time": 17.352,
                              "Actual Rows": 206,
                              "Actual Loops": 3,
                              "Recheck Cond": "(company_id = 160)",
                              "Rows Removed by Index Recheck": 0,
                              "Filter": "(company_type_id = 2)",
                              "Rows Removed by Filter": 11839,
                              "Exact Heap Blocks": 3587,
                              "Lossy Heap Blocks": 0,
                              "Plans": [
                                {
                                  "Node Type": "Bitmap Index Scan",
                                  "Parent Relationship": "Outer",
                                  "Parallel Aware": false,
                                  "Index Name": "company_id_movie_companies",
                                  "Startup Cost": 0.0,
                                  "Total Cost": 831.35,
                                  "Plan Rows": 38789,
                                  "Plan Width": 0,
                                  "Actual Startup Time": 7.861,
                                  "Actual Total Time": 7.861,
                                  "Actual Rows": 36136,
                                  "Actual Loops": 1,
                                  "Index Cond": "(company_id = 160)"
                                }
                              ]
                            }
                          ]
                        }
                      ]
                    },
                    {
                      "Node Type": "Index Scan",
                      "Parent Relationship": "Inner",
                      "Parallel Aware": false,
                      "Scan Direction": "Forward",
                      "Index Name": "title_pkey",
                      "Relation Name": "title",
                      "Alias": "t",
                      "Startup Cost": 0.43,
                      "Total Cost": 0.65,
                      "Plan Rows": 1,
                      "Plan Width": 4,
                      "Actual Startup Time": 0.011,
                      "Actual Total Time": 0.011,
                      "Actual Rows": 0,
                      "Actual Loops": 692,
                      "Index Cond": "(id = mi_idx.movie_id)",
                      "Rows Removed by Index Recheck": 0,
                      "Filter": "((kind_id > 2) AND (production_year > 1988))",
                      "Rows Removed by Filter": 1
                    }
                  ]
                }
              ]
            }
          ]
        }
      ]
    },
    "Planning Time": 1.45,
    "Triggers": [],
    "Execution Time": 104.09
  }
]