[
  {
    "Plan": {
      "Node Type": "Aggregate",
      "Strategy": "Plain",
      "Partial Mode": "Finalize",
      "Parallel Aware": false,
      "Startup Cost": 173132.86,
      "Total Cost": 173132.87,
      "Plan Rows": 1,
      "Plan Width": 8,
      "Actual Startup Time": 43.023,
      "Actual Total Time": 46.144,
      "Actual Rows": 1,
      "Actual Loops": 1,
      "Plans": [
        {
          "Node Type": "Gather",
          "Parent Relationship": "Outer",
          "Parallel Aware": false,
          "Startup Cost": 173132.34,
          "Total Cost": 173132.85,
          "Plan Rows": 5,
          "Plan Width": 8,
          "Actual Startup Time": 42.855,
          "Actual Total Time": 46.137,
          "Actual Rows": 6,
          "Actual Loops": 1,
          "Workers Planned": 5,
          "Workers Launched": 5,
          "Single Copy": false,
          "Plans": [
            {
              "Node Type": "Aggregate",
              "Strategy": "Plain",
              "Partial Mode": "Partial",
              "Parent Relationship": "Outer",
              "Parallel Aware": false,
              "Startup Cost": 172132.34,
              "Total Cost": 172132.35,
              "Plan Rows": 1,
              "Plan Width": 8,
              "Actual Startup Time": 35.503,
              "Actual Total Time": 35.504,
              "Actual Rows": 1,
              "Actual Loops": 6,
              "Plans": [
                {
                  "Node Type": "Bitmap Heap Scan",
                  "Parent Relationship": "Outer",
                  "Parallel Aware": true,
                  "Relation Name": "movie_info",
                  "Alias": "mi",
                  "Startup Cost": 8696.29,
                  "Total Cost": 171891.83,
                  "Plan Rows": 96203,
                  "Plan Width": 0,
                  "Actual Startup Time": 9.819,
                  "Actual Total Time": 29.68,
                  "Actual Rows": 79074,
                  "Actual Loops": 6,
                  "Recheck Cond": "(info_type_id = 6)",
                  "Rows Removed by Index Recheck": 0,
                  "Exact Heap Blocks": 1238,
                  "Lossy Heap Blocks": 0,
                  "Plans": [
                    {
                      "Node Type": "Bitmap Index Scan",
                      "Parent Relationship": "Outer",
                      "Parallel Aware": false,
                      "Index Name": "info_type_id_movie_info",
                      "Startup Cost": 0.0,
                      "Total Cost": 8576.04,
                      "Plan Rows": 481014,
                      "Plan Width": 0,
                      "Actual Startup Time": 16.162,
                      "Actual Total Time": 16.162,
                      "Actual Rows": 474443,
                      "Actual Loops": 1,
                      "Index Cond": "(info_type_id = 6)"
                    }
                  ]
                }
              ]
            }
          ]
        }
      ]
    },
    "Planning Time": 0.187,
    "Triggers": [],
    "Execution Time": 46.216
  }
]