[
  {
    "Plan": {
      "Node Type": "Aggregate",
      "Strategy": "Plain",
      "Partial Mode": "Finalize",
      "Parallel Aware": false,
      "Startup Cost": 392383.87,
      "Total Cost": 392383.88,
      "Plan Rows": 1,
      "Plan Width": 8,
      "Actual Startup Time": 1984.305,
      "Actual Total Time": 2046.025,
      "Actual Rows": 1,
      "Actual Loops": 1,
      "Plans": [
        {
          "Node Type": "Gather",
          "Parent Relationship": "Outer",
          "Parallel Aware": false,
          "Startup Cost": 392383.25,
          "Total Cost": 392383.86,
          "Plan Rows": 6,
          "Plan Width": 8,
          "Actual Startup Time": 1979.952,
          "Actual Total Time": 2046.013,
          "Actual Rows": 7,
          "Actual Loops": 1,
          "Workers Planned": 6,
          "Workers Launched": 6,
          "Single Copy": false,
          "Plans": [
            {
              "Node Type": "Aggregate",
              "Strategy": "Plain",
              "Partial Mode": "Partial",
              "Parent Relationship": "Outer",
              "Parallel Aware": false,
              "Startup Cost": 391383.25,
              "Total Cost": 391383.26,
              "Plan Rows": 1,
              "Plan Width": 8,
              "Actual Startup Time": 1970.474,
              "Actual Total Time": 1970.478,
              "Actual Rows": 1,
              "Actual Loops": 7,
              "Plans": [
                {
                  "Node Type": "Hash Join",
                  "Parent Relationship": "Outer",
                  "Parallel Aware": true,
                  "Join Type": "Inner",
                  "Startup Cost": 45971.59,
                  "Total Cost": 387935.08,
                  "Plan Rows": 1379268,
                  "Plan Width": 0,
                  "Actual Startup Time": 119.991,
                  "Actual Total Time": 1908.117,
                  "Actual Rows": 1328816,
                  "Actual Loops": 7,
                  "Inner Unique": true,
                  "Hash Cond": "(ci.movie_id = t.id)",
                  "Plans": [
                    {
                      "Node Type": "Seq Scan",
                      "Parent Relationship": "Outer",
                      "Parallel Aware": true,
                      "Relation Name": "cast_info",
                      "Alias": "ci",
                      "Startup Cost": 0.0,
                      "Total Cost": 328162.03,
                      "Plan Rows": 5257691,
                      "Plan Width": 4,
                      "Actual Startup Time": 0.023,
                      "Actual Total Time": 752.396,
                      "Actual Rows": 4515030,
                      "Actual Loops": 7,
                      "Filter": "(role_id < 10)",
                      "Rows Removed by Filter": 662734
                    },
                    {
                      "Node Type": "Hash",
                      "Parent Relationship": "Inner",
                      "Parallel Aware": true,
                      "Startup Cost": 43898.92,
                      "Total Cost": 43898.92,
                      "Plan Rows": 165814,
                      "Plan Width": 4,
                      "Actual Startup Time": 117.413,
                      "Actual Total Time": 117.414,
                      "Actual Rows": 94689,
                      "Actual Loops": 7,
                      "Hash Buckets": 1048576,
                      "Original Hash Buckets": 1048576,
                      "Hash Batches": 1,
                      "Original Hash Batches": 1,
                      "Peak Memory Usage": 34240,
                      "Plans": [
                        {
                          "Node Type": "Seq Scan",
                          "Parent Relationship": "Outer",
                          "Parallel Aware": true,
                          "Relation Name": "title",
                          "Alias": "t",
                          "Startup Cost": 0.0,
                          "Total Cost": 43898.92,
                          "Plan Rows": 165814,
                          "Plan Width": 4,
                          "Actual Startup Time": 40.613,
                          "Actual Total Time": 76.583,
                          "Actual Rows": 94689,
                          "Actual Loops": 7,
                          "Filter": "(kind_id = 1)",
                          "Rows Removed by Filter": 266498
                        }
                      ]
                    }
                  ]
                }
              ]
            }
          ]
        }
      ]
    },
    "Planning Time": 0.398,
    "Triggers": [],
    "Execution Time": 2046.092
  }
]