[
  {
    "Plan": {
      "Node Type": "Aggregate",
      "Strategy": "Plain",
      "Partial Mode": "Finalize",
      "Parallel Aware": false,
      "Startup Cost": 31774.18,
      "Total Cost": 31774.19,
      "Plan Rows": 1,
      "Plan Width": 8,
      "Actual Startup Time": 102.006,
      "Actual Total Time": 108.965,
      "Actual Rows": 1,
      "Actual Loops": 1,
      "Plans": [
        {
          "Node Type": "Gather",
          "Parent Relationship": "Outer",
          "Parallel Aware": false,
          "Startup Cost": 31773.87,
          "Total Cost": 31774.18,
          "Plan Rows": 3,
          "Plan Width": 8,
          "Actual Startup Time": 101.853,
          "Actual Total Time": 108.955,
          "Actual Rows": 4,
          "Actual Loops": 1,
          "Workers Planned": 3,
          "Workers Launched": 3,
          "Single Copy": false,
          "Plans": [
            {
              "Node Type": "Aggregate",
              "Strategy": "Plain",
              "Partial Mode": "Partial",
              "Parent Relationship": "Outer",
              "Parallel Aware": false,
              "Startup Cost": 30773.87,
              "Total Cost": 30773.88,
              "Plan Rows": 1,
              "Plan Width": 8,
              "Actual Startup Time": 96.46,
              "Actual Total Time": 96.462,
              "Actual Rows": 1,
              "Actual Loops": 4,
              "Plans": [
                {
                  "Node Type": "Seq Scan",
                  "Parent Relationship": "Outer",
                  "Parallel Aware": true,
                  "Relation Name": "movie_companies",
                  "Alias": "mc",
                  "Startup Cost": 0.0,
                  "Total Cost": 29310.68,
                  "Plan Rows": 585274,
                  "Plan Width": 0,
                  "Actual Startup Time": 0.651,
                  "Actual Total Time": 76.573,
                  "Actual Rows": 454573,
                  "Actual Loops": 4,
                  "Filter": "(company_id > 1709)",
                  "Rows Removed by Filter": 197709
                }
              ]
            }
          ]
        }
      ]
    },
    "Planning Time": 0.237,
    "Triggers": [],
    "Execution Time": 109.022
  }
]