[
  {
    "Plan": {
      "Node Type": "Aggregate",
      "Strategy": "Plain",
      "Partial Mode": "Finalize",
      "Parallel Aware": false,
      "Startup Cost": 46740.02,
      "Total Cost": 46740.03,
      "Plan Rows": 1,
      "Plan Width": 8,
      "Actual Startup Time": 130.455,
      "Actual Total Time": 143.203,
      "Actual Rows": 1,
      "Actual Loops": 1,
      "Plans": [
        {
          "Node Type": "Gather",
          "Parent Relationship": "Outer",
          "Parallel Aware": false,
          "Startup Cost": 46739.6,
          "Total Cost": 46740.01,
          "Plan Rows": 4,
          "Plan Width": 8,
          "Actual Startup Time": 130.159,
          "Actual Total Time": 143.191,
          "Actual Rows": 5,
          "Actual Loops": 1,
          "Workers Planned": 4,
          "Workers Launched": 4,
          "Single Copy": false,
          "Plans": [
            {
              "Node Type": "Aggregate",
              "Strategy": "Plain",
              "Partial Mode": "Partial",
              "Parent Relationship": "Outer",
              "Parallel Aware": false,
              "Startup Cost": 45739.6,
              "Total Cost": 45739.61,
              "Plan Rows": 1,
              "Plan Width": 8,
              "Actual Startup Time": 121.042,
              "Actual Total Time": 121.043,
              "Actual Rows": 1,
              "Actual Loops": 5,
              "Plans": [
                {
                  "Node Type": "Seq Scan",
                  "Parent Relationship": "Outer",
                  "Parallel Aware": true,
                  "Relation Name": "title",
                  "Alias": "t",
                  "Startup Cost": 0.0,
                  "Total Cost": 45479.59,
                  "Plan Rows": 104004,
                  "Plan Width": 0,
                  "Actual Startup Time": 0.071,
                  "Actual Total Time": 114.018,
                  "Actual Rows": 103594,
                  "Actual Loops": 5,
                  "Filter": "((kind_id < 7) AND (production_year < 2001))",
                  "Rows Removed by Filter": 402069
                }
              ]
            }
          ]
        }
      ]
    },
    "Planning Time": 0.127,
    "Triggers": [],
    "Execution Time": 143.244
  }
]