[
  {
    "Plan": {
      "Node Type": "Aggregate",
      "Strategy": "Plain",
      "Partial Mode": "Finalize",
      "Parallel Aware": false,
      "Startup Cost": 46741.54,
      "Total Cost": 46741.55,
      "Plan Rows": 1,
      "Plan Width": 8,
      "Actual Startup Time": 105.405,
      "Actual Total Time": 117.735,
      "Actual Rows": 1,
      "Actual Loops": 1,
      "Plans": [
        {
          "Node Type": "Gather",
          "Parent Relationship": "Outer",
          "Parallel Aware": false,
          "Startup Cost": 46741.12,
          "Total Cost": 46741.53,
          "Plan Rows": 4,
          "Plan Width": 8,
          "Actual Startup Time": 105.248,
          "Actual Total Time": 117.726,
          "Actual Rows": 5,
          "Actual Loops": 1,
          "Workers Planned": 4,
          "Workers Launched": 4,
          "Single Copy": false,
          "Plans": [
            {
              "Node Type": "Aggregate",
              "Strategy": "Plain",
              "Partial Mode": "Partial",
              "Parent Relationship": "Outer",
              "Parallel Aware": false,
              "Startup Cost": 45741.12,
              "Total Cost": 45741.13,
              "Plan Rows": 1,
              "Plan Width": 8,
              "Actual Startup Time": 96.717,
              "Actual Total Time": 96.719,
              "Actual Rows": 1,
              "Actual Loops": 5,
              "Plans": [
                {
                  "Node Type": "Seq Scan",
                  "Parent Relationship": "Outer",
                  "Parallel Aware": true,
                  "Relation Name": "title",
                  "Alias": "t",
                  "Startup Cost": 0.0,
                  "Total Cost": 45479.1,
                  "Plan Rows": 104810,
                  "Plan Width": 0,
                  "Actual Startup Time": 0.046,
                  "Actual Total Time": 91.491,
                  "Actual Rows": 103594,
                  "Actual Loops": 5,
                  "Filter": "((kind_id < 7) AND (production_year < 2001))",
                  "Rows Removed by Filter": 402069
                }
              ]
            }
          ]
        }
      ]
    },
    "Planning Time": 0.193,
    "Triggers": [],
    "Execution Time": 117.797
  }
]