[
  {
    "Plan": {
      "Node Type": "Aggregate",
      "Strategy": "Plain",
      "Partial Mode": "Finalize",
      "Parallel Aware": false,
      "Startup Cost": 46302.01,
      "Total Cost": 46302.02,
      "Plan Rows": 1,
      "Plan Width": 8,
      "Actual Startup Time": 145.427,
      "Actual Total Time": 156.659,
      "Actual Rows": 1,
      "Actual Loops": 1,
      "Plans": [
        {
          "Node Type": "Gather",
          "Parent Relationship": "Outer",
          "Parallel Aware": false,
          "Startup Cost": 46301.69,
          "Total Cost": 46302.0,
          "Plan Rows": 3,
          "Plan Width": 8,
          "Actual Startup Time": 145.309,
          "Actual Total Time": 156.65,
          "Actual Rows": 4,
          "Actual Loops": 1,
          "Workers Planned": 3,
          "Workers Launched": 3,
          "Single Copy": false,
          "Plans": [
            {
              "Node Type": "Aggregate",
              "Strategy": "Plain",
              "Partial Mode": "Partial",
              "Parent Relationship": "Outer",
              "Parallel Aware": false,
              "Startup Cost": 45301.69,
              "Total Cost": 45301.7,
              "Plan Rows": 1,
              "Plan Width": 8,
              "Actual Startup Time": 141.549,
              "Actual Total Time": 141.55,
              "Actual Rows": 1,
              "Actual Loops": 4,
              "Plans": [
                {
                  "Node Type": "Seq Scan",
                  "Parent Relationship": "Outer",
                  "Parallel Aware": true,
                  "Relation Name": "movie_keyword",
                  "Alias": "mk",
                  "Startup Cost": 0.0,
                  "Total Cost": 42695.65,
                  "Plan Rows": 1042415,
                  "Plan Width": 0,
                  "Actual Startup Time": 0.031,
                  "Actual Total Time": 108.361,
                  "Actual Rows": 808163,
                  "Actual Loops": 4,
                  "Filter": "(keyword_id < 13688)",
                  "Rows Removed by Filter": 322820
                }
              ]
            }
          ]
        }
      ]
    },
    "Planning Time": 0.198,
    "Triggers": [],
    "Execution Time": 156.721
  }
]