[
  {
    "Plan": {
      "Node Type": "Aggregate",
      "Strategy": "Plain",
      "Partial Mode": "Finalize",
      "Parallel Aware": false,
      "Startup Cost": 46309.32,
      "Total Cost": 46309.33,
      "Plan Rows": 1,
      "Plan Width": 8,
      "Actual Startup Time": 162.313,
      "Actual Total Time": 171.778,
      "Actual Rows": 1,
      "Actual Loops": 1,
      "Plans": [
        {
          "Node Type": "Gather",
          "Parent Relationship": "Outer",
          "Parallel Aware": false,
          "Startup Cost": 46309.0,
          "Total Cost": 46309.31,
          "Plan Rows": 3,
          "Plan Width": 8,
          "Actual Startup Time": 162.19,
          "Actual Total Time": 171.771,
          "Actual Rows": 4,
          "Actual Loops": 1,
          "Workers Planned": 3,
          "Workers Launched": 3,
          "Single Copy": false,
          "Plans": [
            {
              "Node Type": "Aggregate",
              "Strategy": "Plain",
              "Partial Mode": "Partial",
              "Parent Relationship": "Outer",
              "Parallel Aware": false,
              "Startup Cost": 45309.0,
              "Total Cost": 45309.01,
              "Plan Rows": 1,
              "Plan Width": 8,
              "Actual Startup Time": 154.088,
              "Actual Total Time": 154.089,
              "Actual Rows": 1,
              "Actual Loops": 4,
              "Plans": [
                {
                  "Node Type": "Seq Scan",
                  "Parent Relationship": "Outer",
                  "Parallel Aware": true,
                  "Relation Name": "movie_keyword",
                  "Alias": "mk",
                  "Startup Cost": 0.0,
                  "Total Cost": 42695.65,
                  "Plan Rows": 1045338,
                  "Plan Width": 0,
                  "Actual Startup Time": 0.058,
                  "Actual Total Time": 118.499,
                  "Actual Rows": 808163,
                  "Actual Loops": 4,
                  "Filter": "(keyword_id < 13688)",
                  "Rows Removed by Filter": 322820
                }
              ]
            }
          ]
        }
      ]
    },
    "Planning Time": 0.082,
    "Triggers": [],
    "Execution Time": 171.809
  }
]