[
  {
    "Plan": {
      "Node Type": "Aggregate",
      "Strategy": "Plain",
      "Partial Mode": "Simple",
      "Parallel Aware": false,
      "Startup Cost": 1060.1,
      "Total Cost": 1060.11,
      "Plan Rows": 1,
      "Plan Width": 8,
      "Actual Startup Time": 0.88,
      "Actual Total Time": 0.882,
      "Actual Rows": 1,
      "Actual Loops": 1,
      "Plans": [
        {
          "Node Type": "Index Scan",
          "Parent Relationship": "Outer",
          "Parallel Aware": false,
          "Scan Direction": "Forward",
          "Index Name": "person_id_cast_info",
          "Relation Name": "cast_info",
          "Alias": "ci",
          "Startup Cost": 0.56,
          "Total Cost": 1059.67,
          "Plan Rows": 171,
          "Plan Width": 0,
          "Actual Startup Time": 0.789,
          "Actual Total Time": 0.853,
          "Actual Rows": 106,
          "Actual Loops": 1,
          "Index Cond": "(person_id = 1502329)",
          "Rows Removed by Index Recheck": 0,
          "Filter": "(role_id = 1)",
          "Rows Removed by Filter": 0
        }
      ]
    },
    "Planning Time": 0.221,
    "Triggers": [],
    "Execution Time": 0.933
  }
]