[
    {
        "Bao": {
            "Bao prediction": "NaN",
            "Bao recommended hint": "(no hint)"
        }
    },
    {
        "Plan": {
            "Node Type": "Aggregate",
            "Strategy": "Plain",
            "Partial Mode": "Finalize",
            "Parallel Aware": false,
            "Startup Cost": 32666.25,
            "Total Cost": 32666.26,
            "Plan Rows": 1,
            "Plan Width": 8,
            "Actual Startup Time": 86.102,
            "Actual Total Time": 93.067,
            "Actual Rows": 1,
            "Actual Loops": 1,
            "Output": [
                "count(*)"
            ],
            "Plans": [
                {
                    "Node Type": "Gather",
                    "Parent Relationship": "Outer",
                    "Parallel Aware": false,
                    "Startup Cost": 32665.93,
                    "Total Cost": 32666.24,
                    "Plan Rows": 3,
                    "Plan Width": 8,
                    "Actual Startup Time": 85.967,
                    "Actual Total Time": 93.053,
                    "Actual Rows": 4,
                    "Actual Loops": 1,
                    "Output": [
                        "(PARTIAL count(*))"
                    ],
                    "Workers Planned": 3,
                    "Workers Launched": 3,
                    "Single Copy": false,
                    "Plans": [
                        {
                            "Node Type": "Aggregate",
                            "Strategy": "Plain",
                            "Partial Mode": "Partial",
                            "Parent Relationship": "Outer",
                            "Parallel Aware": false,
                            "Startup Cost": 31665.93,
                            "Total Cost": 31665.94,
                            "Plan Rows": 1,
                            "Plan Width": 8,
                            "Actual Startup Time": 77.801,
                            "Actual Total Time": 77.802,
                            "Actual Rows": 1,
                            "Actual Loops": 4,
                            "Output": [
                                "PARTIAL count(*)"
                            ],
                            "Workers": [
                                {
                                    "Worker Number": 0,
                                    "Actual Startup Time": 75.027,
                                    "Actual Total Time": 75.028,
                                    "Actual Rows": 1,
                                    "Actual Loops": 1
                                },
                                {
                                    "Worker Number": 1,
                                    "Actual Startup Time": 75.185,
                                    "Actual Total Time": 75.186,
                                    "Actual Rows": 1,
                                    "Actual Loops": 1
                                },
                                {
                                    "Worker Number": 2,
                                    "Actual Startup Time": 75.417,
                                    "Actual Total Time": 75.418,
                                    "Actual Rows": 1,
                                    "Actual Loops": 1
                                }
                            ],
                            "Plans": [
                                {
                                    "Node Type": "Seq Scan",
                                    "Parent Relationship": "Outer",
                                    "Parallel Aware": true,
                                    "Relation Name": "movie_companies",
                                    "Schema": "public",
                                    "Alias": "mc",
                                    "Startup Cost": 0.0,
                                    "Total Cost": 31414.82,
                                    "Plan Rows": 100444,
                                    "Plan Width": 0,
                                    "Actual Startup Time": 38.465,
                                    "Actual Total Time": 77.58,
                                    "Actual Rows": 3588,
                                    "Actual Loops": 4,
                                    "Output": [
                                        "id",
                                        "movie_id",
                                        "company_id",
                                        "company_type_id",
                                        "note"
                                    ],
                                    "Filter": "((mc.company_id > 58561) AND (mc.company_type_id < 2))",
                                    "Rows Removed by Filter": 648694,
                                    "Workers": [
                                        {
                                            "Worker Number": 0,
                                            "Actual Startup Time": 35.673,
                                            "Actual Total Time": 74.806,
                                            "Actual Rows": 2535,
                                            "Actual Loops": 1
                                        },
                                        {
                                            "Worker Number": 1,
                                            "Actual Startup Time": 35.852,
                                            "Actual Total Time": 74.958,
                                            "Actual Rows": 2613,
                                            "Actual Loops": 1
                                        },
                                        {
                                            "Worker Number": 2,
                                            "Actual Startup Time": 36.095,
                                            "Actual Total Time": 75.207,
                                            "Actual Rows": 3733,
                                            "Actual Loops": 1
                                        }
                                    ]
                                }
                            ]
                        }
                    ]
                }
            ]
        },
        "Planning Time": 186.292,
        "Triggers": [],
        "Execution Time": 93.124
    }
]