{
  "Plan": {
    "Node Type": "Aggregate",
    "Strategy": "Plain",
    "Partial Mode": "Finalize",
    "Parallel Aware": false,
    "Startup Cost": 406199.62,
    "Total Cost": 406199.63,
    "Plan Rows": 1,
    "Plan Width": 8,
    "Actual Startup Time": 3713.634,
    "Actual Total Time": 3768.121,
    "Actual Rows": 1,
    "Actual Loops": 1,
    "Plans": [
      {
        "Node Type": "Gather",
        "Parent Relationship": "Outer",
        "Parallel Aware": false,
        "Startup Cost": 406199.51,
        "Total Cost": 406199.62,
        "Plan Rows": 1,
        "Plan Width": 8,
        "Actual Startup Time": 3707.189,
        "Actual Total Time": 3768.112,
        "Actual Rows": 2,
        "Actual Loops": 1,
        "Workers Planned": 1,
        "Workers Launched": 1,
        "Single Copy": false,
        "Plans": [
          {
            "Node Type": "Aggregate",
            "Strategy": "Plain",
            "Partial Mode": "Partial",
            "Parent Relationship": "Outer",
            "Parallel Aware": false,
            "Startup Cost": 405199.51,
            "Total Cost": 405199.52,
            "Plan Rows": 1,
            "Plan Width": 8,
            "Actual Startup Time": 3700.756,
            "Actual Total Time": 3700.762,
            "Actual Rows": 1,
            "Actual Loops": 2,
            "Plans": [
              {
                "Node Type": "Hash Join",
                "Parent Relationship": "Outer",
                "Parallel Aware": true,
                "Join Type": "Inner",
                "Startup Cost": 110709.02,
                "Total Cost": 401345.07,
                "Plan Rows": 1541776,
                "Plan Width": 0,
                "Actual Startup Time": 839.802,
                "Actual Total Time": 3294.312,
                "Actual Rows": 9023352,
                "Actual Loops": 2,
                "Inner Unique": false,
                "Hash Cond": "(mi.movie_id = t.id)",
                "Plans": [
                  {
                    "Node Type": "Seq Scan",
                    "Parent Relationship": "Outer",
                    "Parallel Aware": true,
                    "Relation Name": "movie_info",
                    "Alias": "mi",
                    "Startup Cost": 0.0,
                    "Total Cost": 248955.74,
                    "Plan Rows": 8696274,
                    "Plan Width": 4,
                    "Actual Startup Time": 0.019,
                    "Actual Total Time": 676.33,
                    "Actual Rows": 7417860,
                    "Actual Loops": 2
                  },
                  {
                    "Node Type": "Hash",
                    "Parent Relationship": "Inner",
                    "Parallel Aware": true,
                    "Startup Cost": 107413.09,
                    "Total Cost": 107413.09,
                    "Plan Rows": 263674,
                    "Plan Width": 8,
                    "Actual Startup Time": 832.811,
                    "Actual Total Time": 832.815,
                    "Actual Rows": 232700,
                    "Actual Loops": 2,
                    "Hash Buckets": 524288,
                    "Original Hash Buckets": 524288,
                    "Hash Batches": 1,
                    "Original Hash Batches": 1,
                    "Peak Memory Usage": 22336,
                    "Plans": [
                      {
                        "Node Type": "Hash Join",
                        "Parent Relationship": "Outer",
                        "Parallel Aware": true,
                        "Join Type": "Inner",
                        "Startup Cost": 78971.03,
                        "Total Cost": 107413.09,
                        "Plan Rows": 263674,
                        "Plan Width": 8,
                        "Actual Startup Time": 615.593,
                        "Actual Total Time": 777.952,
                        "Actual Rows": 232700,
                        "Actual Loops": 2,
                        "Inner Unique": true,
                        "Hash Cond": "(mk.movie_id = t.id)",
                        "Plans": [
                          {
                            "Node Type": "Bitmap Heap Scan",
                            "Parent Relationship": "Outer",
                            "Parallel Aware": true,
                            "Relation Name": "movie_keyword",
                            "Alias": "mk",
                            "Startup Cost": 9510.33,
                            "Total Cost": 37260.25,
                            "Plan Rows": 263674,
                            "Plan Width": 4,
                            "Actual Startup Time": 24.922,
                            "Actual Total Time": 99.0,
                            "Actual Rows": 232700,
                            "Actual Loops": 2,
                            "Recheck Cond": "(keyword_id < 355)",
                            "Rows Removed by Index Recheck": 0,
                            "Exact Heap Blocks": 15497,
                            "Lossy Heap Blocks": 0,
                            "Plans": [
                              {
                                "Node Type": "Bitmap Index Scan",
                                "Parent Relationship": "Outer",
                                "Parallel Aware": false,
                                "Index Name": "keyword_id_movie_keyword",
                                "Startup Cost": 0.0,
                                "Total Cost": 9398.27,
                                "Plan Rows": 448245,
                                "Plan Width": 0,
                                "Actual Startup Time": 21.38,
                                "Actual Total Time": 21.38,
                                "Actual Rows": 465401,
                                "Actual Loops": 1,
                                "Index Cond": "(keyword_id < 355)"
                              }
                            ]
                          },
                          {
                            "Node Type": "Hash",
                            "Parent Relationship": "Inner",
                            "Parallel Aware": true,
                            "Startup Cost": 50870.31,
                            "Total Cost": 50870.31,
                            "Plan Rows": 1487231,
                            "Plan Width": 4,
                            "Actual Startup Time": 572.868,
                            "Actual Total Time": 572.869,
                            "Actual Rows": 1264156,
                            "Actual Loops": 2,
                            "Hash Buckets": 4194304,
                            "Original Hash Buckets": 4194304,
                            "Hash Batches": 1,
                            "Original Hash Batches": 1,
                            "Peak Memory Usage": 131712,
                            "Plans": [
                              {
                                "Node Type": "Seq Scan",
                                "Parent Relationship": "Outer",
                                "Parallel Aware": true,
                                "Relation Name": "title",
                                "Alias": "t",
                                "Startup Cost": 0.0,
                                "Total Cost": 50870.31,
                                "Plan Rows": 1487231,
                                "Plan Width": 4,
                                "Actual Startup Time": 0.039,
                                "Actual Total Time": 178.735,
                                "Actual Rows": 1264156,
                                "Actual Loops": 2
                              }
                            ]
                          }
                        ]
                      }
                    ]
                  }
                ]
              }
            ]
          }
        ]
      }
    ]
  },
  "Planning Time": 0.841,
  "Triggers": [],
  "Execution Time": 3768.235
}