[
  {
    "Plan": {
      "Node Type": "Aggregate",
      "Strategy": "Plain",
      "Partial Mode": "Finalize",
      "Parallel Aware": false,
      "Startup Cost": 352359.61,
      "Total Cost": 352359.62,
      "Plan Rows": 1,
      "Plan Width": 8,
      "Actual Startup Time": 865.046,
      "Actual Total Time": 925.481,
      "Actual Rows": 1,
      "Actual Loops": 1,
      "Plans": [
        {
          "Node Type": "Gather",
          "Parent Relationship": "Outer",
          "Parallel Aware": false,
          "Startup Cost": 352358.99,
          "Total Cost": 352359.6,
          "Plan Rows": 6,
          "Plan Width": 8,
          "Actual Startup Time": 864.902,
          "Actual Total Time": 925.469,
          "Actual Rows": 7,
          "Actual Loops": 1,
          "Workers Planned": 6,
          "Workers Launched": 6,
          "Single Copy": false,
          "Plans": [
            {
              "Node Type": "Aggregate",
              "Strategy": "Plain",
              "Partial Mode": "Partial",
              "Parent Relationship": "Outer",
              "Parallel Aware": false,
              "Startup Cost": 351358.99,
              "Total Cost": 351359.0,
              "Plan Rows": 1,
              "Plan Width": 8,
              "Actual Startup Time": 855.102,
              "Actual Total Time": 855.103,
              "Actual Rows": 1,
              "Actual Loops": 7,
              "Plans": [
                {
                  "Node Type": "Seq Scan",
                  "Parent Relationship": "Outer",
                  "Parallel Aware": true,
                  "Relation Name": "cast_info",
                  "Alias": "ci",
                  "Startup Cost": 0.0,
                  "Total Cost": 343257.03,
                  "Plan Rows": 3240783,
                  "Plan Width": 0,
                  "Actual Startup Time": 243.497,
                  "Actual Total Time": 739.546,
                  "Actual Rows": 2454005,
                  "Actual Loops": 7,
                  "Filter": "((person_id < 3014589) AND (role_id > 1))",
                  "Rows Removed by Filter": 2723759
                }
              ]
            }
          ]
        }
      ]
    },
    "Planning Time": 0.224,
    "Triggers": [],
    "Execution Time": 925.558
  }
]