[
  {
    "Plan": {
      "Node Type": "Aggregate",
      "Strategy": "Plain",
      "Partial Mode": "Finalize",
      "Parallel Aware": false,
      "Startup Cost": 47926.9,
      "Total Cost": 47926.91,
      "Plan Rows": 1,
      "Plan Width": 8,
      "Actual Startup Time": 101.16,
      "Actual Total Time": 114.028,
      "Actual Rows": 1,
      "Actual Loops": 1,
      "Plans": [
        {
          "Node Type": "Gather",
          "Parent Relationship": "Outer",
          "Parallel Aware": false,
          "Startup Cost": 47926.48,
          "Total Cost": 47926.89,
          "Plan Rows": 4,
          "Plan Width": 8,
          "Actual Startup Time": 101.036,
          "Actual Total Time": 114.02,
          "Actual Rows": 5,
          "Actual Loops": 1,
          "Workers Planned": 4,
          "Workers Launched": 4,
          "Single Copy": false,
          "Plans": [
            {
              "Node Type": "Aggregate",
              "Strategy": "Plain",
              "Partial Mode": "Partial",
              "Parent Relationship": "Outer",
              "Parallel Aware": false,
              "Startup Cost": 46926.48,
              "Total Cost": 46926.49,
              "Plan Rows": 1,
              "Plan Width": 8,
              "Actual Startup Time": 91.15,
              "Actual Total Time": 91.152,
              "Actual Rows": 1,
              "Actual Loops": 5,
              "Plans": [
                {
                  "Node Type": "Nested Loop",
                  "Parent Relationship": "Outer",
                  "Parallel Aware": false,
                  "Join Type": "Inner",
                  "Startup Cost": 0.43,
                  "Total Cost": 46926.32,
                  "Plan Rows": 64,
                  "Plan Width": 0,
                  "Actual Startup Time": 61.981,
                  "Actual Total Time": 91.105,
                  "Actual Rows": 415,
                  "Actual Loops": 5,
                  "Inner Unique": false,
                  "Plans": [
                    {
                      "Node Type": "Seq Scan",
                      "Parent Relationship": "Outer",
                      "Parallel Aware": true,
                      "Relation Name": "title",
                      "Alias": "t",
                      "Startup Cost": 0.0,
                      "Total Cost": 45479.1,
                      "Plan Rows": 178,
                      "Plan Width": 4,
                      "Actual Startup Time": 61.705,
                      "Actual Total Time": 86.568,
                      "Actual Rows": 435,
                      "Actual Loops": 5,
                      "Filter": "((kind_id < 7) AND (production_year = 1942))",
                      "Rows Removed by Filter": 505227
                    },
                    {
                      "Node Type": "Index Scan",
                      "Parent Relationship": "Inner",
                      "Parallel Aware": false,
                      "Scan Direction": "Forward",
                      "Index Name": "movie_id_movie_info_idx",
                      "Relation Name": "movie_info_idx",
                      "Alias": "mi_idx",
                      "Startup Cost": 0.43,
                      "Total Cost": 8.11,
                      "Plan Rows": 2,
                      "Plan Width": 4,
                      "Actual Startup Time": 0.01,
                      "Actual Total Time": 0.01,
                      "Actual Rows": 1,
                      "Actual Loops": 2177,
                      "Index Cond": "(movie_id = t.id)",
                      "Rows Removed by Index Recheck": 0,
                      "Filter": "(info_type_id < 101)",
                      "Rows Removed by Filter": 0
                    }
                  ]
                }
              ]
            }
          ]
        }
      ]
    },
    "Planning Time": 0.639,
    "Triggers": [],
    "Execution Time": 114.109
  }
]