{
  "Plan": {
    "Node Type": "Aggregate",
    "Strategy": "Plain",
    "Partial Mode": "Finalize",
    "Parallel Aware": false,
    "Startup Cost": 1000398.84,
    "Total Cost": 1000398.85,
    "Plan Rows": 1,
    "Plan Width": 8,
    "Actual Startup Time": 6295.186,
    "Actual Total Time": 6405.148,
    "Actual Rows": 1,
    "Actual Loops": 1,
    "Plans": [
      {
        "Node Type": "Gather",
        "Parent Relationship": "Outer",
        "Parallel Aware": false,
        "Startup Cost": 1000398.72,
        "Total Cost": 1000398.83,
        "Plan Rows": 1,
        "Plan Width": 8,
        "Actual Startup Time": 6292.729,
        "Actual Total Time": 6405.128,
        "Actual Rows": 2,
        "Actual Loops": 1,
        "Workers Planned": 1,
        "Workers Launched": 1,
        "Single Copy": false,
        "Plans": [
          {
            "Node Type": "Aggregate",
            "Strategy": "Plain",
            "Partial Mode": "Partial",
            "Parent Relationship": "Outer",
            "Parallel Aware": false,
            "Startup Cost": 999398.72,
            "Total Cost": 999398.73,
            "Plan Rows": 1,
            "Plan Width": 8,
            "Actual Startup Time": 6284.818,
            "Actual Total Time": 6284.83,
            "Actual Rows": 1,
            "Actual Loops": 2,
            "Plans": [
              {
                "Node Type": "Hash Join",
                "Parent Relationship": "Outer",
                "Parallel Aware": true,
                "Join Type": "Inner",
                "Startup Cost": 590343.87,
                "Total Cost": 984070.19,
                "Plan Rows": 6131414,
                "Plan Width": 0,
                "Actual Startup Time": 3898.404,
                "Actual Total Time": 6084.23,
                "Actual Rows": 4906456,
                "Actual Loops": 2,
                "Inner Unique": false,
                "Hash Cond": "(mi.movie_id = t.id)",
                "Plans": [
                  {
                    "Node Type": "Seq Scan",
                    "Parent Relationship": "Outer",
                    "Parallel Aware": true,
                    "Relation Name": "movie_info",
                    "Alias": "mi",
                    "Startup Cost": 0.0,
                    "Total Cost": 248955.74,
                    "Plan Rows": 8696274,
                    "Plan Width": 4,
                    "Actual Startup Time": 0.012,
                    "Actual Total Time": 624.116,
                    "Actual Rows": 7417860,
                    "Actual Loops": 2
                  },
                  {
                    "Node Type": "Hash",
                    "Parent Relationship": "Inner",
                    "Parallel Aware": true,
                    "Startup Cost": 577236.48,
                    "Total Cost": 577236.48,
                    "Plan Rows": 1048591,
                    "Plan Width": 8,
                    "Actual Startup Time": 3855.636,
                    "Actual Total Time": 3855.646,
                    "Actual Rows": 360602,
                    "Actual Loops": 2,
                    "Hash Buckets": 2097152,
                    "Original Hash Buckets": 2097152,
                    "Hash Batches": 1,
                    "Original Hash Batches": 1,
                    "Peak Memory Usage": 44608,
                    "Plans": [
                      {
                        "Node Type": "Hash Join",
                        "Parent Relationship": "Outer",
                        "Parallel Aware": true,
                        "Join Type": "Inner",
                        "Startup Cost": 55503.13,
                        "Total Cost": 577236.48,
                        "Plan Rows": 1048591,
                        "Plan Width": 8,
                        "Actual Startup Time": 145.382,
                        "Actual Total Time": 3730.823,
                        "Actual Rows": 360602,
                        "Actual Loops": 2,
                        "Inner Unique": true,
                        "Hash Cond": "(ci.movie_id = t.id)",
                        "Plans": [
                          {
                            "Node Type": "Seq Scan",
                            "Parent Relationship": "Outer",
                            "Parallel Aware": true,
                            "Relation Name": "cast_info",
                            "Alias": "ci",
                            "Startup Cost": 0.0,
                            "Total Cost": 465792.95,
                            "Plan Rows": 21310595,
                            "Plan Width": 4,
                            "Actual Startup Time": 0.014,
                            "Actual Total Time": 1318.933,
                            "Actual Rows": 18122172,
                            "Actual Loops": 2
                          },
                          {
                            "Node Type": "Hash",
                            "Parent Relationship": "Inner",
                            "Parallel Aware": true,
                            "Startup Cost": 54588.39,
                            "Total Cost": 54588.39,
                            "Plan Rows": 73179,
                            "Plan Width": 4,
                            "Actual Startup Time": 144.376,
                            "Actual Total Time": 144.382,
                            "Actual Rows": 62682,
                            "Actual Loops": 2,
                            "Hash Buckets": 131072,
                            "Original Hash Buckets": 131072,
                            "Hash Batches": 1,
                            "Original Hash Batches": 1,
                            "Peak Memory Usage": 5952,
                            "Plans": [
                              {
                                "Node Type": "Seq Scan",
                                "Parent Relationship": "Outer",
                                "Parallel Aware": true,
                                "Relation Name": "title",
                                "Alias": "t",
                                "Startup Cost": 0.0,
                                "Total Cost": 54588.39,
                                "Plan Rows": 73179,
                                "Plan Width": 4,
                                "Actual Startup Time": 65.309,
                                "Actual Total Time": 131.283,
                                "Actual Rows": 62682,
                                "Actual Loops": 2,
                                "Filter": "(production_year < 1934)",
                                "Rows Removed by Filter": 1201474
                              }
                            ]
                          }
                        ]
                      }
                    ]
                  }
                ]
              }
            ]
          }
        ]
      }
    ]
  },
  "Planning Time": 0.876,
  "Triggers": [],
  "Execution Time": 6405.304
}