{
  "Plan": {
    "Node Type": "Aggregate",
    "Strategy": "Plain",
    "Partial Mode": "Finalize",
    "Parallel Aware": false,
    "Startup Cost": 277924.79,
    "Total Cost": 277924.8,
    "Plan Rows": 1,
    "Plan Width": 8,
    "Actual Startup Time": 962.904,
    "Actual Total Time": 988.189,
    "Actual Rows": 1,
    "Actual Loops": 1,
    "Plans": [
      {
        "Node Type": "Gather",
        "Parent Relationship": "Outer",
        "Parallel Aware": false,
        "Startup Cost": 277924.68,
        "Total Cost": 277924.79,
        "Plan Rows": 1,
        "Plan Width": 8,
        "Actual Startup Time": 961.052,
        "Actual Total Time": 988.181,
        "Actual Rows": 2,
        "Actual Loops": 1,
        "Workers Planned": 1,
        "Workers Launched": 1,
        "Single Copy": false,
        "Plans": [
          {
            "Node Type": "Aggregate",
            "Strategy": "Plain",
            "Partial Mode": "Partial",
            "Parent Relationship": "Outer",
            "Parallel Aware": false,
            "Startup Cost": 276924.68,
            "Total Cost": 276924.69,
            "Plan Rows": 1,
            "Plan Width": 8,
            "Actual Startup Time": 954.767,
            "Actual Total Time": 954.773,
            "Actual Rows": 1,
            "Actual Loops": 2,
            "Plans": [
              {
                "Node Type": "Hash Join",
                "Parent Relationship": "Outer",
                "Parallel Aware": true,
                "Join Type": "Inner",
                "Startup Cost": 84614.43,
                "Total Cost": 276606.49,
                "Plan Rows": 127276,
                "Plan Width": 0,
                "Actual Startup Time": 454.082,
                "Actual Total Time": 949.948,
                "Actual Rows": 99983,
                "Actual Loops": 2,
                "Inner Unique": false,
                "Hash Cond": "(ci.movie_id = t.id)",
                "Plans": [
                  {
                    "Node Type": "Index Scan",
                    "Parent Relationship": "Outer",
                    "Parallel Aware": true,
                    "Scan Direction": "Forward",
                    "Index Name": "role_id_cast_info",
                    "Relation Name": "cast_info",
                    "Alias": "ci",
                    "Startup Cost": 0.56,
                    "Total Cost": 184520.29,
                    "Plan Rows": 1792974,
                    "Plan Width": 4,
                    "Actual Startup Time": 0.065,
                    "Actual Total Time": 392.022,
                    "Actual Rows": 527135,
                    "Actual Loops": 2,
                    "Index Cond": "(role_id > 8)",
                    "Rows Removed by Index Recheck": 0,
                    "Filter": "(person_id < 1933156)",
                    "Rows Removed by Filter": 2339212
                  },
                  {
                    "Node Type": "Hash",
                    "Parent Relationship": "Inner",
                    "Parallel Aware": true,
                    "Startup Cost": 83294.22,
                    "Total Cost": 83294.22,
                    "Plan Rows": 105572,
                    "Plan Width": 8,
                    "Actual Startup Time": 450.553,
                    "Actual Total Time": 450.557,
                    "Actual Rows": 63356,
                    "Actual Loops": 2,
                    "Hash Buckets": 262144,
                    "Original Hash Buckets": 262144,
                    "Hash Batches": 1,
                    "Original Hash Batches": 1,
                    "Peak Memory Usage": 7040,
                    "Plans": [
                      {
                        "Node Type": "Hash Join",
                        "Parent Relationship": "Outer",
                        "Parallel Aware": true,
                        "Join Type": "Inner",
                        "Startup Cost": 21470.17,
                        "Total Cost": 83294.22,
                        "Plan Rows": 105572,
                        "Plan Width": 8,
                        "Actual Startup Time": 136.898,
                        "Actual Total Time": 430.352,
                        "Actual Rows": 63356,
                        "Actual Loops": 2,
                        "Inner Unique": false,
                        "Hash Cond": "(t.id = mi_idx.movie_id)",
                        "Plans": [
                          {
                            "Node Type": "Seq Scan",
                            "Parent Relationship": "Outer",
                            "Parallel Aware": true,
                            "Relation Name": "title",
                            "Alias": "t",
                            "Startup Cost": 0.0,
                            "Total Cost": 58306.47,
                            "Plan Rows": 579315,
                            "Plan Width": 4,
                            "Actual Startup Time": 0.012,
                            "Actual Total Time": 155.553,
                            "Actual Rows": 528794,
                            "Actual Loops": 2,
                            "Filter": "((kind_id > 1) AND (production_year > 2001))",
                            "Rows Removed by Filter": 735362
                          },
                          {
                            "Node Type": "Hash",
                            "Parent Relationship": "Inner",
                            "Parallel Aware": true,
                            "Startup Cost": 18082.32,
                            "Total Cost": 18082.32,
                            "Plan Rows": 271028,
                            "Plan Width": 4,
                            "Actual Startup Time": 132.945,
                            "Actual Total Time": 132.946,
                            "Actual Rows": 229962,
                            "Actual Loops": 2,
                            "Hash Buckets": 524288,
                            "Original Hash Buckets": 524288,
                            "Hash Batches": 1,
                            "Original Hash Batches": 1,
                            "Peak Memory Usage": 22144,
                            "Plans": [
                              {
                                "Node Type": "Seq Scan",
                                "Parent Relationship": "Outer",
                                "Parallel Aware": true,
                                "Relation Name": "movie_info_idx",
                                "Alias": "mi_idx",
                                "Startup Cost": 0.0,
                                "Total Cost": 18082.32,
                                "Plan Rows": 271028,
                                "Plan Width": 4,
                                "Actual Startup Time": 0.057,
                                "Actual Total Time": 67.032,
                                "Actual Rows": 229962,
                                "Actual Loops": 2,
                                "Filter": "(info_type_id = 101)",
                                "Rows Removed by Filter": 460055
                              }
                            ]
                          }
                        ]
                      }
                    ]
                  }
                ]
              }
            ]
          }
        ]
      }
    ]
  },
  "Planning Time": 1.169,
  "Triggers": [],
  "Execution Time": 988.289
}