[
  {
    "Plan": {
      "Node Type": "Aggregate",
      "Strategy": "Plain",
      "Partial Mode": "Finalize",
      "Parallel Aware": false,
      "Startup Cost": 239378.13,
      "Total Cost": 239378.14,
      "Plan Rows": 1,
      "Plan Width": 8,
      "Actual Startup Time": 734.249,
      "Actual Total Time": 760.353,
      "Actual Rows": 1,
      "Actual Loops": 1,
      "Plans": [
        {
          "Node Type": "Gather",
          "Parent Relationship": "Outer",
          "Parallel Aware": false,
          "Startup Cost": 239377.92,
          "Total Cost": 239378.13,
          "Plan Rows": 2,
          "Plan Width": 8,
          "Actual Startup Time": 721.981,
          "Actual Total Time": 760.343,
          "Actual Rows": 3,
          "Actual Loops": 1,
          "Workers Planned": 2,
          "Workers Launched": 2,
          "Single Copy": false,
          "Plans": [
            {
              "Node Type": "Aggregate",
              "Strategy": "Plain",
              "Partial Mode": "Partial",
              "Parent Relationship": "Outer",
              "Parallel Aware": false,
              "Startup Cost": 238377.92,
              "Total Cost": 238377.93,
              "Plan Rows": 1,
              "Plan Width": 8,
              "Actual Startup Time": 718.672,
              "Actual Total Time": 718.679,
              "Actual Rows": 1,
              "Actual Loops": 3,
              "Plans": [
                {
                  "Node Type": "Hash Join",
                  "Parent Relationship": "Outer",
                  "Parallel Aware": true,
                  "Join Type": "Inner",
                  "Startup Cost": 222107.41,
                  "Total Cost": 238139.55,
                  "Plan Rows": 95347,
                  "Plan Width": 0,
                  "Actual Startup Time": 572.12,
                  "Actual Total Time": 702.007,
                  "Actual Rows": 354543,
                  "Actual Loops": 3,
                  "Inner Unique": false,
                  "Hash Cond": "(mi_idx.movie_id = t.id)",
                  "Plans": [
                    {
                      "Node Type": "Seq Scan",
                      "Parent Relationship": "Outer",
                      "Parallel Aware": true,
                      "Relation Name": "movie_info_idx",
                      "Alias": "mi_idx",
                      "Startup Cost": 0.0,
                      "Total Cost": 13685.15,
                      "Plan Rows": 575015,
                      "Plan Width": 4,
                      "Actual Startup Time": 0.017,
                      "Actual Total Time": 41.638,
                      "Actual Rows": 460012,
                      "Actual Loops": 3
                    },
                    {
                      "Node Type": "Hash",
                      "Parent Relationship": "Inner",
                      "Parallel Aware": true,
                      "Startup Cost": 221059.27,
                      "Total Cost": 221059.27,
                      "Plan Rows": 83851,
                      "Plan Width": 8,
                      "Actual Startup Time": 570.286,
                      "Actual Total Time": 570.291,
                      "Actual Rows": 142884,
                      "Actual Loops": 3,
                      "Hash Buckets": 524288,
                      "Original Hash Buckets": 524288,
                      "Hash Batches": 1,
                      "Original Hash Batches": 1,
                      "Peak Memory Usage": 20928,
                      "Plans": [
                        {
                          "Node Type": "Hash Join",
                          "Parent Relationship": "Outer",
                          "Parallel Aware": true,
                          "Join Type": "Inner",
                          "Startup Cost": 57798.03,
                          "Total Cost": 221059.27,
                          "Plan Rows": 83851,
                          "Plan Width": 8,
                          "Actual Startup Time": 458.695,
                          "Actual Total Time": 531.64,
                          "Actual Rows": 142884,
                          "Actual Loops": 3,
                          "Inner Unique": true,
                          "Hash Cond": "(mi.movie_id = t.id)",
                          "Plans": [
                            {
                              "Node Type": "Bitmap Heap Scan",
                              "Parent Relationship": "Outer",
                              "Parallel Aware": true,
                              "Relation Name": "movie_info",
                              "Alias": "mi",
                              "Startup Cost": 7577.65,
                              "Total Cost": 170618.78,
                              "Plan Rows": 83851,
                              "Plan Width": 4,
                              "Actual Startup Time": 16.369,
                              "Actual Total Time": 38.595,
                              "Actual Rows": 142884,
                              "Actual Loops": 3,
                              "Recheck Cond": "(info_type_id > 104)",
                              "Rows Removed by Index Recheck": 0,
                              "Exact Heap Blocks": 2005,
                              "Lossy Heap Blocks": 0,
                              "Plans": [
                                {
                                  "Node Type": "Bitmap Index Scan",
                                  "Parent Relationship": "Outer",
                                  "Parallel Aware": false,
                                  "Index Name": "info_type_id_movie_info",
                                  "Startup Cost": 0.0,
                                  "Total Cost": 7472.83,
                                  "Plan Rows": 419253,
                                  "Plan Width": 0,
                                  "Actual Startup Time": 15.552,
                                  "Actual Total Time": 15.553,
                                  "Actual Rows": 428651,
                                  "Actual Loops": 1,
                                  "Index Cond": "(info_type_id > 104)"
                                }
                              ]
                            },
                            {
                              "Node Type": "Hash",
                              "Parent Relationship": "Inner",
                              "Parallel Aware": true,
                              "Startup Cost": 42319.06,
                              "Total Cost": 42319.06,
                              "Plan Rows": 632106,
                              "Plan Width": 4,
                              "Actual Startup Time": 433.307,
                              "Actual Total Time": 433.308,
                              "Actual Rows": 842771,
                              "Actual Loops": 3,
                              "Hash Buckets": 4194304,
                              "Original Hash Buckets": 4194304,
                              "Hash Batches": 1,
                              "Original Hash Batches": 1,
                              "Peak Memory Usage": 131744,
                              "Plans": [
                                {
                                  "Node Type": "Seq Scan",
                                  "Parent Relationship": "Outer",
                                  "Parallel Aware": true,
                                  "Relation Name": "title",
                                  "Alias": "t",
                                  "Startup Cost": 0.0,
                                  "Total Cost": 42319.06,
                                  "Plan Rows": 632106,
                                  "Plan Width": 4,
                                  "Actual Startup Time": 0.03,
                                  "Actual Total Time": 121.49,
                                  "Actual Rows": 842771,
                                  "Actual Loops": 3
                                }
                              ]
                            }
                          ]
                        }
                      ]
                    }
                  ]
                }
              ]
            }
          ]
        }
      ]
    },
    "Planning Time": 0.481,
    "Triggers": [],
    "Execution Time": 760.406
  }
]