[
  {
    "Plan": {
      "Node Type": "Aggregate",
      "Strategy": "Plain",
      "Partial Mode": "Finalize",
      "Parallel Aware": false,
      "Startup Cost": 32769.47,
      "Total Cost": 32769.48,
      "Plan Rows": 1,
      "Plan Width": 8,
      "Actual Startup Time": 97.375,
      "Actual Total Time": 105.239,
      "Actual Rows": 1,
      "Actual Loops": 1,
      "Plans": [
        {
          "Node Type": "Gather",
          "Parent Relationship": "Outer",
          "Parallel Aware": false,
          "Startup Cost": 32769.15,
          "Total Cost": 32769.46,
          "Plan Rows": 3,
          "Plan Width": 8,
          "Actual Startup Time": 97.234,
          "Actual Total Time": 105.229,
          "Actual Rows": 4,
          "Actual Loops": 1,
          "Workers Planned": 3,
          "Workers Launched": 3,
          "Single Copy": false,
          "Plans": [
            {
              "Node Type": "Aggregate",
              "Strategy": "Plain",
              "Partial Mode": "Partial",
              "Parent Relationship": "Outer",
              "Parallel Aware": false,
              "Startup Cost": 31769.15,
              "Total Cost": 31769.16,
              "Plan Rows": 1,
              "Plan Width": 8,
              "Actual Startup Time": 88.706,
              "Actual Total Time": 88.707,
              "Actual Rows": 1,
              "Actual Loops": 4,
              "Plans": [
                {
                  "Node Type": "Seq Scan",
                  "Parent Relationship": "Outer",
                  "Parallel Aware": true,
                  "Relation Name": "movie_companies",
                  "Alias": "mc",
                  "Startup Cost": 0.0,
                  "Total Cost": 31414.82,
                  "Plan Rows": 141733,
                  "Plan Width": 0,
                  "Actual Startup Time": 0.047,
                  "Actual Total Time": 77.857,
                  "Actual Rows": 157553,
                  "Actual Loops": 4,
                  "Filter": "((company_id < 2722) AND (company_type_id = 1))",
                  "Rows Removed by Filter": 494729
                }
              ]
            }
          ]
        }
      ]
    },
    "Planning Time": 0.197,
    "Triggers": [],
    "Execution Time": 105.283
  }
]