{
  "Plan": {
    "Node Type": "Aggregate",
    "Strategy": "Plain",
    "Partial Mode": "Finalize",
    "Parallel Aware": false,
    "Startup Cost": 562691.45,
    "Total Cost": 562691.46,
    "Plan Rows": 1,
    "Plan Width": 8,
    "Actual Startup Time": 789.78,
    "Actual Total Time": 818.485,
    "Actual Rows": 1,
    "Actual Loops": 1,
    "Plans": [
      {
        "Node Type": "Gather",
        "Parent Relationship": "Outer",
        "Parallel Aware": false,
        "Startup Cost": 562691.34,
        "Total Cost": 562691.45,
        "Plan Rows": 1,
        "Plan Width": 8,
        "Actual Startup Time": 786.831,
        "Actual Total Time": 818.477,
        "Actual Rows": 2,
        "Actual Loops": 1,
        "Workers Planned": 1,
        "Workers Launched": 1,
        "Single Copy": false,
        "Plans": [
          {
            "Node Type": "Aggregate",
            "Strategy": "Plain",
            "Partial Mode": "Partial",
            "Parent Relationship": "Outer",
            "Parallel Aware": false,
            "Startup Cost": 561691.34,
            "Total Cost": 561691.35,
            "Plan Rows": 1,
            "Plan Width": 8,
            "Actual Startup Time": 778.071,
            "Actual Total Time": 778.076,
            "Actual Rows": 1,
            "Actual Loops": 2,
            "Plans": [
              {
                "Node Type": "Nested Loop",
                "Parent Relationship": "Outer",
                "Parallel Aware": false,
                "Join Type": "Inner",
                "Startup Cost": 81760.59,
                "Total Cost": 558792.22,
                "Plan Rows": 1159648,
                "Plan Width": 0,
                "Actual Startup Time": 394.384,
                "Actual Total Time": 759.477,
                "Actual Rows": 432807,
                "Actual Loops": 2,
                "Inner Unique": false,
                "Plans": [
                  {
                    "Node Type": "Hash Join",
                    "Parent Relationship": "Outer",
                    "Parallel Aware": true,
                    "Join Type": "Inner",
                    "Startup Cost": 81760.15,
                    "Total Cost": 112026.29,
                    "Plan Rows": 198322,
                    "Plan Width": 8,
                    "Actual Startup Time": 394.273,
                    "Actual Total Time": 524.665,
                    "Actual Rows": 42807,
                    "Actual Loops": 2,
                    "Inner Unique": true,
                    "Hash Cond": "(mk.movie_id = t.id)",
                    "Plans": [
                      {
                        "Node Type": "Bitmap Heap Scan",
                        "Parent Relationship": "Outer",
                        "Parallel Aware": true,
                        "Relation Name": "movie_keyword",
                        "Alias": "mk",
                        "Startup Cost": 13859.24,
                        "Total Cost": 43116.66,
                        "Plan Rows": 384274,
                        "Plan Width": 4,
                        "Actual Startup Time": 35.918,
                        "Actual Total Time": 106.599,
                        "Actual Rows": 320184,
                        "Actual Loops": 2,
                        "Recheck Cond": "(keyword_id > 29029)",
                        "Rows Removed by Index Recheck": 0,
                        "Exact Heap Blocks": 13045,
                        "Lossy Heap Blocks": 0,
                        "Plans": [
                          {
                            "Node Type": "Bitmap Index Scan",
                            "Parent Relationship": "Outer",
                            "Parallel Aware": false,
                            "Index Name": "keyword_id_movie_keyword",
                            "Startup Cost": 0.0,
                            "Total Cost": 13695.92,
                            "Plan Rows": 653265,
                            "Plan Width": 0,
                            "Actual Startup Time": 32.406,
                            "Actual Total Time": 32.406,
                            "Actual Rows": 640368,
                            "Actual Loops": 1,
                            "Index Cond": "(keyword_id > 29029)"
                          }
                        ]
                      },
                      {
                        "Node Type": "Hash",
                        "Parent Relationship": "Inner",
                        "Parallel Aware": true,
                        "Startup Cost": 58306.47,
                        "Total Cost": 58306.47,
                        "Plan Rows": 767556,
                        "Plan Width": 4,
                        "Actual Startup Time": 343.414,
                        "Actual Total Time": 343.415,
                        "Actual Rows": 691552,
                        "Actual Loops": 2,
                        "Hash Buckets": 2097152,
                        "Original Hash Buckets": 2097152,
                        "Hash Batches": 1,
                        "Original Hash Batches": 1,
                        "Peak Memory Usage": 70528,
                        "Plans": [
                          {
                            "Node Type": "Seq Scan",
                            "Parent Relationship": "Outer",
                            "Parallel Aware": true,
                            "Relation Name": "title",
                            "Alias": "t",
                            "Startup Cost": 0.0,
                            "Total Cost": 58306.47,
                            "Plan Rows": 767556,
                            "Plan Width": 4,
                            "Actual Startup Time": 0.031,
                            "Actual Total Time": 166.939,
                            "Actual Rows": 691552,
                            "Actual Loops": 2,
                            "Filter": "((production_year > 1966) AND (kind_id = 7))",
                            "Rows Removed by Filter": 572604
                          }
                        ]
                      }
                    ]
                  },
                  {
                    "Node Type": "Index Only Scan",
                    "Parent Relationship": "Inner",
                    "Parallel Aware": false,
                    "Scan Direction": "Forward",
                    "Index Name": "movie_id_movie_info",
                    "Relation Name": "movie_info",
                    "Alias": "mi",
                    "Startup Cost": 0.43,
                    "Total Cost": 1.83,
                    "Plan Rows": 42,
                    "Plan Width": 4,
                    "Actual Startup Time": 0.002,
                    "Actual Total Time": 0.005,
                    "Actual Rows": 10,
                    "Actual Loops": 85614,
                    "Index Cond": "(movie_id = t.id)",
                    "Rows Removed by Index Recheck": 0,
                    "Heap Fetches": 865614
                  }
                ]
              }
            ]
          }
        ]
      }
    ]
  },
  "Planning Time": 1.044,
  "Triggers": [],
  "Execution Time": 818.592
}