[
  {
    "Plan": {
      "Node Type": "Aggregate",
      "Strategy": "Plain",
      "Partial Mode": "Finalize",
      "Parallel Aware": false,
      "Startup Cost": 93406.18,
      "Total Cost": 93406.19,
      "Plan Rows": 1,
      "Plan Width": 8,
      "Actual Startup Time": 358.287,
      "Actual Total Time": 376.408,
      "Actual Rows": 1,
      "Actual Loops": 1,
      "Plans": [
        {
          "Node Type": "Gather",
          "Parent Relationship": "Outer",
          "Parallel Aware": false,
          "Startup Cost": 93405.86,
          "Total Cost": 93406.17,
          "Plan Rows": 3,
          "Plan Width": 8,
          "Actual Startup Time": 355.112,
          "Actual Total Time": 376.395,
          "Actual Rows": 4,
          "Actual Loops": 1,
          "Workers Planned": 3,
          "Workers Launched": 3,
          "Single Copy": false,
          "Plans": [
            {
              "Node Type": "Aggregate",
              "Strategy": "Plain",
              "Partial Mode": "Partial",
              "Parent Relationship": "Outer",
              "Parallel Aware": false,
              "Startup Cost": 92405.86,
              "Total Cost": 92405.87,
              "Plan Rows": 1,
              "Plan Width": 8,
              "Actual Startup Time": 349.008,
              "Actual Total Time": 349.012,
              "Actual Rows": 1,
              "Actual Loops": 4,
              "Plans": [
                {
                  "Node Type": "Hash Join",
                  "Parent Relationship": "Outer",
                  "Parallel Aware": true,
                  "Join Type": "Inner",
                  "Startup Cost": 46986.21,
                  "Total Cost": 91987.21,
                  "Plan Rows": 167461,
                  "Plan Width": 0,
                  "Actual Startup Time": 176.314,
                  "Actual Total Time": 337.999,
                  "Actual Rows": 244698,
                  "Actual Loops": 4,
                  "Inner Unique": true,
                  "Hash Cond": "(mk.movie_id = t.id)",
                  "Plans": [
                    {
                      "Node Type": "Seq Scan",
                      "Parent Relationship": "Outer",
                      "Parallel Aware": true,
                      "Relation Name": "movie_keyword",
                      "Alias": "mk",
                      "Startup Cost": 0.0,
                      "Total Cost": 42695.65,
                      "Plan Rows": 878226,
                      "Plan Width": 4,
                      "Actual Startup Time": 0.035,
                      "Actual Total Time": 113.081,
                      "Actual Rows": 681780,
                      "Actual Loops": 4,
                      "Filter": "(keyword_id < 7763)",
                      "Rows Removed by Filter": 449203
                    },
                    {
                      "Node Type": "Hash",
                      "Parent Relationship": "Inner",
                      "Parallel Aware": true,
                      "Startup Cost": 45479.59,
                      "Total Cost": 45479.59,
                      "Plan Rows": 120530,
                      "Plan Width": 4,
                      "Actual Startup Time": 138.99,
                      "Actual Total Time": 138.991,
                      "Actual Rows": 88807,
                      "Actual Loops": 4,
                      "Hash Buckets": 524288,
                      "Original Hash Buckets": 524288,
                      "Hash Batches": 1,
                      "Original Hash Batches": 1,
                      "Peak Memory Usage": 18080,
                      "Plans": [
                        {
                          "Node Type": "Seq Scan",
                          "Parent Relationship": "Outer",
                          "Parallel Aware": true,
                          "Relation Name": "title",
                          "Alias": "t",
                          "Startup Cost": 0.0,
                          "Total Cost": 45479.59,
                          "Plan Rows": 120530,
                          "Plan Width": 4,
                          "Actual Startup Time": 48.187,
                          "Actual Total Time": 107.982,
                          "Actual Rows": 88807,
                          "Actual Loops": 4,
                          "Filter": "((production_year > 1986) AND (kind_id = 1))",
                          "Rows Removed by Filter": 543271
                        }
                      ]
                    }
                  ]
                }
              ]
            }
          ]
        }
      ]
    },
    "Planning Time": 0.431,
    "Triggers": [],
    "Execution Time": 376.46
  }
]