[
  {
    "Plan": {
      "Node Type": "Aggregate",
      "Strategy": "Plain",
      "Partial Mode": "Finalize",
      "Parallel Aware": false,
      "Startup Cost": 46481.32,
      "Total Cost": 46481.33,
      "Plan Rows": 1,
      "Plan Width": 8,
      "Actual Startup Time": 99.37,
      "Actual Total Time": 112.596,
      "Actual Rows": 1,
      "Actual Loops": 1,
      "Plans": [
        {
          "Node Type": "Gather",
          "Parent Relationship": "Outer",
          "Parallel Aware": false,
          "Startup Cost": 46480.9,
          "Total Cost": 46481.31,
          "Plan Rows": 4,
          "Plan Width": 8,
          "Actual Startup Time": 99.075,
          "Actual Total Time": 112.586,
          "Actual Rows": 5,
          "Actual Loops": 1,
          "Workers Planned": 4,
          "Workers Launched": 4,
          "Single Copy": false,
          "Plans": [
            {
              "Node Type": "Aggregate",
              "Strategy": "Plain",
              "Partial Mode": "Partial",
              "Parent Relationship": "Outer",
              "Parallel Aware": false,
              "Startup Cost": 45480.9,
              "Total Cost": 45480.91,
              "Plan Rows": 1,
              "Plan Width": 8,
              "Actual Startup Time": 89.576,
              "Actual Total Time": 89.578,
              "Actual Rows": 1,
              "Actual Loops": 5,
              "Plans": [
                {
                  "Node Type": "Seq Scan",
                  "Parent Relationship": "Outer",
                  "Parallel Aware": true,
                  "Relation Name": "title",
                  "Alias": "t",
                  "Startup Cost": 0.0,
                  "Total Cost": 45479.59,
                  "Plan Rows": 526,
                  "Plan Width": 0,
                  "Actual Startup Time": 62.962,
                  "Actual Total Time": 89.424,
                  "Actual Rows": 1625,
                  "Actual Loops": 5,
                  "Filter": "((kind_id < 4) AND (production_year = 1914))",
                  "Rows Removed by Filter": 504037
                }
              ]
            }
          ]
        }
      ]
    },
    "Planning Time": 0.102,
    "Triggers": [],
    "Execution Time": 112.633
  }
]