[
  {
    "Plan": {
      "Node Type": "Aggregate",
      "Strategy": "Plain",
      "Partial Mode": "Finalize",
      "Parallel Aware": false,
      "Startup Cost": 46481.02,
      "Total Cost": 46481.03,
      "Plan Rows": 1,
      "Plan Width": 8,
      "Actual Startup Time": 94.847,
      "Actual Total Time": 108.076,
      "Actual Rows": 1,
      "Actual Loops": 1,
      "Plans": [
        {
          "Node Type": "Gather",
          "Parent Relationship": "Outer",
          "Parallel Aware": false,
          "Startup Cost": 46480.6,
          "Total Cost": 46481.01,
          "Plan Rows": 4,
          "Plan Width": 8,
          "Actual Startup Time": 94.582,
          "Actual Total Time": 108.067,
          "Actual Rows": 5,
          "Actual Loops": 1,
          "Workers Planned": 4,
          "Workers Launched": 4,
          "Single Copy": false,
          "Plans": [
            {
              "Node Type": "Aggregate",
              "Strategy": "Plain",
              "Partial Mode": "Partial",
              "Parent Relationship": "Outer",
              "Parallel Aware": false,
              "Startup Cost": 45480.6,
              "Total Cost": 45480.61,
              "Plan Rows": 1,
              "Plan Width": 8,
              "Actual Startup Time": 85.061,
              "Actual Total Time": 85.063,
              "Actual Rows": 1,
              "Actual Loops": 5,
              "Plans": [
                {
                  "Node Type": "Seq Scan",
                  "Parent Relationship": "Outer",
                  "Parallel Aware": true,
                  "Relation Name": "title",
                  "Alias": "t",
                  "Startup Cost": 0.0,
                  "Total Cost": 45479.1,
                  "Plan Rows": 599,
                  "Plan Width": 0,
                  "Actual Startup Time": 59.823,
                  "Actual Total Time": 84.904,
                  "Actual Rows": 1625,
                  "Actual Loops": 5,
                  "Filter": "((kind_id < 4) AND (production_year = 1914))",
                  "Rows Removed by Filter": 504037
                }
              ]
            }
          ]
        }
      ]
    },
    "Planning Time": 0.161,
    "Triggers": [],
    "Execution Time": 108.131
  }
]