[
    {
        "Bao": {
            "Bao prediction": "NaN",
            "Bao recommended hint": "(no hint)"
        }
    },
    {
        "Plan": {
            "Node Type": "Aggregate",
            "Strategy": "Plain",
            "Partial Mode": "Finalize",
            "Parallel Aware": false,
            "Startup Cost": 400738.53,
            "Total Cost": 400738.54,
            "Plan Rows": 1,
            "Plan Width": 8,
            "Actual Startup Time": 3076.955,
            "Actual Total Time": 3133.646,
            "Actual Rows": 1,
            "Actual Loops": 1,
            "Output": [
                "count(*)"
            ],
            "Plans": [
                {
                    "Node Type": "Gather",
                    "Parent Relationship": "Outer",
                    "Parallel Aware": false,
                    "Startup Cost": 400738.01,
                    "Total Cost": 400738.52,
                    "Plan Rows": 5,
                    "Plan Width": 8,
                    "Actual Startup Time": 3075.438,
                    "Actual Total Time": 3133.637,
                    "Actual Rows": 6,
                    "Actual Loops": 1,
                    "Output": [
                        "(PARTIAL count(*))"
                    ],
                    "Workers Planned": 5,
                    "Workers Launched": 5,
                    "Single Copy": false,
                    "Plans": [
                        {
                            "Node Type": "Aggregate",
                            "Strategy": "Plain",
                            "Partial Mode": "Partial",
                            "Parent Relationship": "Outer",
                            "Parallel Aware": false,
                            "Startup Cost": 399738.01,
                            "Total Cost": 399738.02,
                            "Plan Rows": 1,
                            "Plan Width": 8,
                            "Actual Startup Time": 3064.302,
                            "Actual Total Time": 3064.306,
                            "Actual Rows": 1,
                            "Actual Loops": 6,
                            "Output": [
                                "PARTIAL count(*)"
                            ],
                            "Workers": [
                                {
                                    "Worker Number": 0,
                                    "Actual Startup Time": 3061.715,
                                    "Actual Total Time": 3061.718,
                                    "Actual Rows": 1,
                                    "Actual Loops": 1
                                },
                                {
                                    "Worker Number": 1,
                                    "Actual Startup Time": 3061.614,
                                    "Actual Total Time": 3061.618,
                                    "Actual Rows": 1,
                                    "Actual Loops": 1
                                },
                                {
                                    "Worker Number": 2,
                                    "Actual Startup Time": 3062.379,
                                    "Actual Total Time": 3062.382,
                                    "Actual Rows": 1,
                                    "Actual Loops": 1
                                },
                                {
                                    "Worker Number": 3,
                                    "Actual Startup Time": 3062.425,
                                    "Actual Total Time": 3062.429,
                                    "Actual Rows": 1,
                                    "Actual Loops": 1
                                },
                                {
                                    "Worker Number": 4,
                                    "Actual Startup Time": 3063.008,
                                    "Actual Total Time": 3063.011,
                                    "Actual Rows": 1,
                                    "Actual Loops": 1
                                }
                            ],
                            "Plans": [
                                {
                                    "Node Type": "Nested Loop",
                                    "Parent Relationship": "Outer",
                                    "Parallel Aware": false,
                                    "Join Type": "Inner",
                                    "Startup Cost": 44312.53,
                                    "Total Cost": 396925.24,
                                    "Plan Rows": 1125106,
                                    "Plan Width": 0,
                                    "Actual Startup Time": 131.297,
                                    "Actual Total Time": 2918.98,
                                    "Actual Rows": 2682670,
                                    "Actual Loops": 6,
                                    "Inner Unique": false,
                                    "Join Filter": "(t.id = ci.movie_id)",
                                    "Rows Removed by Join Filter": 0,
                                    "Workers": [
                                        {
                                            "Worker Number": 0,
                                            "Actual Startup Time": 128.654,
                                            "Actual Total Time": 2920.959,
                                            "Actual Rows": 2697233,
                                            "Actual Loops": 1
                                        },
                                        {
                                            "Worker Number": 1,
                                            "Actual Startup Time": 128.689,
                                            "Actual Total Time": 2915.704,
                                            "Actual Rows": 2762466,
                                            "Actual Loops": 1
                                        },
                                        {
                                            "Worker Number": 2,
                                            "Actual Startup Time": 129.38,
                                            "Actual Total Time": 2920.801,
                                            "Actual Rows": 2432961,
                                            "Actual Loops": 1
                                        },
                                        {
                                            "Worker Number": 3,
                                            "Actual Startup Time": 129.418,
                                            "Actual Total Time": 2933.356,
                                            "Actual Rows": 3093135,
                                            "Actual Loops": 1
                                        },
                                        {
                                            "Worker Number": 4,
                                            "Actual Startup Time": 130.047,
                                            "Actual Total Time": 2913.274,
                                            "Actual Rows": 2542679,
                                            "Actual Loops": 1
                                        }
                                    ],
                                    "Plans": [
                                        {
                                            "Node Type": "Hash Join",
                                            "Parent Relationship": "Outer",
                                            "Parallel Aware": true,
                                            "Join Type": "Inner",
                                            "Startup Cost": 44311.97,
                                            "Total Cost": 247133.56,
                                            "Plan Rows": 78467,
                                            "Plan Width": 8,
                                            "Actual Startup Time": 131.192,
                                            "Actual Total Time": 630.335,
                                            "Actual Rows": 63680,
                                            "Actual Loops": 6,
                                            "Output": [
                                                "t.id",
                                                "mi.movie_id"
                                            ],
                                            "Inner Unique": true,
                                            "Hash Cond": "(mi.movie_id = t.id)",
                                            "Workers": [
                                                {
                                                    "Worker Number": 0,
                                                    "Actual Startup Time": 128.526,
                                                    "Actual Total Time": 640.624,
                                                    "Actual Rows": 63933,
                                                    "Actual Loops": 1
                                                },
                                                {
                                                    "Worker Number": 1,
                                                    "Actual Startup Time": 128.583,
                                                    "Actual Total Time": 616.453,
                                                    "Actual Rows": 61266,
                                                    "Actual Loops": 1
                                                },
                                                {
                                                    "Worker Number": 2,
                                                    "Actual Startup Time": 129.261,
                                                    "Actual Total Time": 621.491,
                                                    "Actual Rows": 57917,
                                                    "Actual Loops": 1
                                                },
                                                {
                                                    "Worker Number": 3,
                                                    "Actual Startup Time": 129.305,
                                                    "Actual Total Time": 627.821,
                                                    "Actual Rows": 74610,
                                                    "Actual Loops": 1
                                                },
                                                {
                                                    "Worker Number": 4,
                                                    "Actual Startup Time": 129.919,
                                                    "Actual Total Time": 618.525,
                                                    "Actual Rows": 59026,
                                                    "Actual Loops": 1
                                                }
                                            ],
                                            "Plans": [
                                                {
                                                    "Node Type": "Seq Scan",
                                                    "Parent Relationship": "Outer",
                                                    "Parallel Aware": true,
                                                    "Relation Name": "movie_info",
                                                    "Schema": "public",
                                                    "Alias": "mi",
                                                    "Startup Cost": 0.0,
                                                    "Total Cost": 198880.74,
                                                    "Plan Rows": 1501273,
                                                    "Plan Width": 4,
                                                    "Actual Startup Time": 19.411,
                                                    "Actual Total Time": 318.155,
                                                    "Actual Rows": 1258142,
                                                    "Actual Loops": 6,
                                                    "Output": [
                                                        "mi.id",
                                                        "mi.movie_id",
                                                        "mi.info_type_id",
                                                        "mi.info",
                                                        "mi.note"
                                                    ],
                                                    "Filter": "(mi.info_type_id > 7)",
                                                    "Rows Removed by Filter": 1214478,
                                                    "Workers": [
                                                        {
                                                            "Worker Number": 0,
                                                            "Actual Startup Time": 19.316,
                                                            "Actual Total Time": 325.063,
                                                            "Actual Rows": 1303945,
                                                            "Actual Loops": 1
                                                        },
                                                        {
                                                            "Worker Number": 1,
                                                            "Actual Startup Time": 19.418,
                                                            "Actual Total Time": 313.964,
                                                            "Actual Rows": 1215480,
                                                            "Actual Loops": 1
                                                        },
                                                        {
                                                            "Worker Number": 2,
                                                            "Actual Startup Time": 19.43,
                                                            "Actual Total Time": 322.257,
                                                            "Actual Rows": 1140955,
                                                            "Actual Loops": 1
                                                        },
                                                        {
                                                            "Worker Number": 3,
                                                            "Actual Startup Time": 19.431,
                                                            "Actual Total Time": 322.873,
                                                            "Actual Rows": 1482145,
                                                            "Actual Loops": 1
                                                        },
                                                        {
                                                            "Worker Number": 4,
                                                            "Actual Startup Time": 19.422,
                                                            "Actual Total Time": 314.402,
                                                            "Actual Rows": 1132916,
                                                            "Actual Loops": 1
                                                        }
                                                    ]
                                                },
                                                {
                                                    "Node Type": "Hash",
                                                    "Parent Relationship": "Inner",
                                                    "Parallel Aware": true,
                                                    "Startup Cost": 43899.01,
                                                    "Total Cost": 43899.01,
                                                    "Plan Rows": 33037,
                                                    "Plan Width": 4,
                                                    "Actual Startup Time": 110.026,
                                                    "Actual Total Time": 110.027,
                                                    "Actual Rows": 21449,
                                                    "Actual Loops": 6,
                                                    "Output": [
                                                        "t.id"
                                                    ],
                                                    "Hash Buckets": 262144,
                                                    "Original Hash Buckets": 262144,
                                                    "Hash Batches": 1,
                                                    "Original Hash Batches": 1,
                                                    "Peak Memory Usage": 7168,
                                                    "Workers": [
                                                        {
                                                            "Worker Number": 0,
                                                            "Actual Startup Time": 108.55,
                                                            "Actual Total Time": 108.551,
                                                            "Actual Rows": 17243,
                                                            "Actual Loops": 1
                                                        },
                                                        {
                                                            "Worker Number": 1,
                                                            "Actual Startup Time": 108.545,
                                                            "Actual Total Time": 108.547,
                                                            "Actual Rows": 17662,
                                                            "Actual Loops": 1
                                                        },
                                                        {
                                                            "Worker Number": 2,
                                                            "Actual Startup Time": 109.415,
                                                            "Actual Total Time": 109.416,
                                                            "Actual Rows": 17431,
                                                            "Actual Loops": 1
                                                        },
                                                        {
                                                            "Worker Number": 3,
                                                            "Actual Startup Time": 109.437,
                                                            "Actual Total Time": 109.438,
                                                            "Actual Rows": 23523,
                                                            "Actual Loops": 1
                                                        },
                                                        {
                                                            "Worker Number": 4,
                                                            "Actual Startup Time": 109.954,
                                                            "Actual Total Time": 109.955,
                                                            "Actual Rows": 17930,
                                                            "Actual Loops": 1
                                                        }
                                                    ],
                                                    "Plans": [
                                                        {
                                                            "Node Type": "Seq Scan",
                                                            "Parent Relationship": "Outer",
                                                            "Parallel Aware": true,
                                                            "Relation Name": "title",
                                                            "Schema": "public",
                                                            "Alias": "t",
                                                            "Startup Cost": 0.0,
                                                            "Total Cost": 43899.01,
                                                            "Plan Rows": 33037,
                                                            "Plan Width": 4,
                                                            "Actual Startup Time": 0.044,
                                                            "Actual Total Time": 97.458,
                                                            "Actual Rows": 21449,
                                                            "Actual Loops": 6,
                                                            "Output": [
                                                                "t.id"
                                                            ],
                                                            "Filter": "(t.production_year = 2009)",
                                                            "Rows Removed by Filter": 399936,
                                                            "Workers": [
                                                                {
                                                                    "Worker Number": 0,
                                                                    "Actual Startup Time": 0.049,
                                                                    "Actual Total Time": 96.406,
                                                                    "Actual Rows": 17243,
                                                                    "Actual Loops": 1
                                                                },
                                                                {
                                                                    "Worker Number": 1,
                                                                    "Actual Startup Time": 0.037,
                                                                    "Actual Total Time": 97.086,
                                                                    "Actual Rows": 17662,
                                                                    "Actual Loops": 1
                                                                },
                                                                {
                                                                    "Worker Number": 2,
                                                                    "Actual Startup Time": 0.038,
                                                                    "Actual Total Time": 97.892,
                                                                    "Actual Rows": 17431,
                                                                    "Actual Loops": 1
                                                                },
                                                                {
                                                                    "Worker Number": 3,
                                                                    "Actual Startup Time": 0.058,
                                                                    "Actual Total Time": 96.527,
                                                                    "Actual Rows": 23523,
                                                                    "Actual Loops": 1
                                                                },
                                                                {
                                                                    "Worker Number": 4,
                                                                    "Actual Startup Time": 0.051,
                                                                    "Actual Total Time": 98.309,
                                                                    "Actual Rows": 17930,
                                                                    "Actual Loops": 1
                                                                }
                                                            ]
                                                        }
                                                    ]
                                                }
                                            ]
                                        },
                                        {
                                            "Node Type": "Index Only Scan",
                                            "Parent Relationship": "Inner",
                                            "Parallel Aware": false,
                                            "Scan Direction": "Forward",
                                            "Index Name": "movie_id_cast_info",
                                            "Relation Name": "cast_info",
                                            "Schema": "public",
                                            "Alias": "ci",
                                            "Startup Cost": 0.56,
                                            "Total Cost": 1.43,
                                            "Plan Rows": 38,
                                            "Plan Width": 4,
                                            "Actual Startup Time": 0.007,
                                            "Actual Total Time": 0.031,
                                            "Actual Rows": 42,
                                            "Actual Loops": 382081,
                                            "Output": [
                                                "ci.movie_id"
                                            ],
                                            "Index Cond": "(ci.movie_id = mi.movie_id)",
                                            "Rows Removed by Index Recheck": 0,
                                            "Heap Fetches": 16096019,
                                            "Workers": [
                                                {
                                                    "Worker Number": 0,
                                                    "Actual Startup Time": 0.007,
                                                    "Actual Total Time": 0.031,
                                                    "Actual Rows": 42,
                                                    "Actual Loops": 63933
                                                },
                                                {
                                                    "Worker Number": 1,
                                                    "Actual Startup Time": 0.007,
                                                    "Actual Total Time": 0.033,
                                                    "Actual Rows": 45,
                                                    "Actual Loops": 61266
                                                },
                                                {
                                                    "Worker Number": 2,
                                                    "Actual Startup Time": 0.007,
                                                    "Actual Total Time": 0.035,
                                                    "Actual Rows": 42,
                                                    "Actual Loops": 57917
                                                },
                                                {
                                                    "Worker Number": 3,
                                                    "Actual Startup Time": 0.006,
                                                    "Actual Total Time": 0.027,
                                                    "Actual Rows": 41,
                                                    "Actual Loops": 74610
                                                },
                                                {
                                                    "Worker Number": 4,
                                                    "Actual Startup Time": 0.007,
                                                    "Actual Total Time": 0.034,
                                                    "Actual Rows": 43,
                                                    "Actual Loops": 59026
                                                }
                                            ]
                                        }
                                    ]
                                }
                            ]
                        }
                    ]
                }
            ]
        },
        "Planning Time": 287.176,
        "Triggers": [],
        "Execution Time": 3133.786
    }
]