[
  {
    "Plan": {
      "Node Type": "Aggregate",
      "Strategy": "Plain",
      "Partial Mode": "Finalize",
      "Parallel Aware": false,
      "Startup Cost": 65210.65,
      "Total Cost": 65210.66,
      "Plan Rows": 1,
      "Plan Width": 8,
      "Actual Startup Time": 217.311,
      "Actual Total Time": 237.59,
      "Actual Rows": 1,
      "Actual Loops": 1,
      "Plans": [
        {
          "Node Type": "Gather",
          "Parent Relationship": "Outer",
          "Parallel Aware": false,
          "Startup Cost": 65210.44,
          "Total Cost": 65210.65,
          "Plan Rows": 2,
          "Plan Width": 8,
          "Actual Startup Time": 216.82,
          "Actual Total Time": 237.583,
          "Actual Rows": 3,
          "Actual Loops": 1,
          "Workers Planned": 2,
          "Workers Launched": 2,
          "Single Copy": false,
          "Plans": [
            {
              "Node Type": "Aggregate",
              "Strategy": "Plain",
              "Partial Mode": "Partial",
              "Parent Relationship": "Outer",
              "Parallel Aware": false,
              "Startup Cost": 64210.44,
              "Total Cost": 64210.45,
              "Plan Rows": 1,
              "Plan Width": 8,
              "Actual Startup Time": 210.029,
              "Actual Total Time": 210.032,
              "Actual Rows": 1,
              "Actual Loops": 3,
              "Plans": [
                {
                  "Node Type": "Nested Loop",
                  "Parent Relationship": "Outer",
                  "Parallel Aware": false,
                  "Join Type": "Inner",
                  "Startup Cost": 45628.39,
                  "Total Cost": 64201.24,
                  "Plan Rows": 3677,
                  "Plan Width": 0,
                  "Actual Startup Time": 116.76,
                  "Actual Total Time": 209.267,
                  "Actual Rows": 12206,
                  "Actual Loops": 3,
                  "Inner Unique": false,
                  "Join Filter": "(t.id = mc.movie_id)",
                  "Rows Removed by Join Filter": 0,
                  "Plans": [
                    {
                      "Node Type": "Hash Join",
                      "Parent Relationship": "Outer",
                      "Parallel Aware": true,
                      "Join Type": "Inner",
                      "Startup Cost": 45627.96,
                      "Total Cost": 61248.75,
                      "Plan Rows": 3563,
                      "Plan Width": 8,
                      "Actual Startup Time": 116.695,
                      "Actual Total Time": 180.264,
                      "Actual Rows": 3531,
                      "Actual Loops": 3,
                      "Inner Unique": true,
                      "Hash Cond": "(mi_idx.movie_id = t.id)",
                      "Plans": [
                        {
                          "Node Type": "Seq Scan",
                          "Parent Relationship": "Outer",
                          "Parallel Aware": true,
                          "Relation Name": "movie_info_idx",
                          "Alias": "mi_idx",
                          "Startup Cost": 0.0,
                          "Total Cost": 15122.68,
                          "Plan Rows": 189755,
                          "Plan Width": 4,
                          "Actual Startup Time": 0.012,
                          "Actual Total Time": 42.689,
                          "Actual Rows": 153308,
                          "Actual Loops": 3,
                          "Filter": "(info_type_id < 100)",
                          "Rows Removed by Filter": 306703
                        },
                        {
                          "Node Type": "Hash",
                          "Parent Relationship": "Inner",
                          "Parallel Aware": true,
                          "Startup Cost": 45479.59,
                          "Total Cost": 45479.59,
                          "Plan Rows": 11870,
                          "Plan Width": 4,
                          "Actual Startup Time": 116.049,
                          "Actual Total Time": 116.05,
                          "Actual Rows": 14255,
                          "Actual Loops": 3,
                          "Hash Buckets": 65536,
                          "Original Hash Buckets": 65536,
                          "Hash Batches": 1,
                          "Original Hash Batches": 1,
                          "Peak Memory Usage": 2208,
                          "Plans": [
                            {
                              "Node Type": "Seq Scan",
                              "Parent Relationship": "Outer",
                              "Parallel Aware": true,
                              "Relation Name": "title",
                              "Alias": "t",
                              "Startup Cost": 0.0,
                              "Total Cost": 45479.59,
                              "Plan Rows": 11870,
                              "Plan Width": 4,
                              "Actual Startup Time": 0.128,
                              "Actual Total Time": 110.581,
                              "Actual Rows": 14255,
                              "Actual Loops": 3,
                              "Filter": "((kind_id < 3) AND (production_year = 2011))",
                              "Rows Removed by Filter": 828516
                            }
                          ]
                        }
                      ]
                    },
                    {
                      "Node Type": "Index Only Scan",
                      "Parent Relationship": "Inner",
                      "Parallel Aware": false,
                      "Scan Direction": "Forward",
                      "Index Name": "movie_id_movie_companies",
                      "Relation Name": "movie_companies",
                      "Alias": "mc",
                      "Startup Cost": 0.43,
                      "Total Cost": 0.77,
                      "Plan Rows": 5,
                      "Plan Width": 4,
                      "Actual Startup Time": 0.006,
                      "Actual Total Time": 0.008,
                      "Actual Rows": 3,
                      "Actual Loops": 10594,
                      "Index Cond": "(movie_id = mi_idx.movie_id)",
                      "Rows Removed by Index Recheck": 0,
                      "Heap Fetches": 36617
                    }
                  ]
                }
              ]
            }
          ]
        }
      ]
    },
    "Planning Time": 0.595,
    "Triggers": [],
    "Execution Time": 237.624
  }
]