{
  "Plan": {
    "Node Type": "Aggregate",
    "Strategy": "Plain",
    "Partial Mode": "Finalize",
    "Parallel Aware": false,
    "Startup Cost": 148677.7,
    "Total Cost": 148677.71,
    "Plan Rows": 1,
    "Plan Width": 8,
    "Actual Startup Time": 1024.055,
    "Actual Total Time": 1044.208,
    "Actual Rows": 1,
    "Actual Loops": 1,
    "Plans": [
      {
        "Node Type": "Gather",
        "Parent Relationship": "Outer",
        "Parallel Aware": false,
        "Startup Cost": 148677.59,
        "Total Cost": 148677.7,
        "Plan Rows": 1,
        "Plan Width": 8,
        "Actual Startup Time": 1018.259,
        "Actual Total Time": 1044.199,
        "Actual Rows": 2,
        "Actual Loops": 1,
        "Workers Planned": 1,
        "Workers Launched": 1,
        "Single Copy": false,
        "Plans": [
          {
            "Node Type": "Aggregate",
            "Strategy": "Plain",
            "Partial Mode": "Partial",
            "Parent Relationship": "Outer",
            "Parallel Aware": false,
            "Startup Cost": 147677.59,
            "Total Cost": 147677.6,
            "Plan Rows": 1,
            "Plan Width": 8,
            "Actual Startup Time": 1012.415,
            "Actual Total Time": 1013.678,
            "Actual Rows": 1,
            "Actual Loops": 2,
            "Plans": [
              {
                "Node Type": "Hash Join",
                "Parent Relationship": "Outer",
                "Parallel Aware": true,
                "Join Type": "Inner",
                "Startup Cost": 111856.72,
                "Total Cost": 147179.81,
                "Plan Rows": 199109,
                "Plan Width": 0,
                "Actual Startup Time": 738.87,
                "Actual Total Time": 976.993,
                "Actual Rows": 889445,
                "Actual Loops": 2,
                "Inner Unique": false,
                "Hash Cond": "(mk.movie_id = t.id)",
                "Plans": [
                  {
                    "Node Type": "Bitmap Heap Scan",
                    "Parent Relationship": "Outer",
                    "Parallel Aware": true,
                    "Relation Name": "movie_keyword",
                    "Alias": "mk",
                    "Startup Cost": 21519.16,
                    "Total Cost": 53433.06,
                    "Plan Rows": 596792,
                    "Plan Width": 4,
                    "Actual Startup Time": 53.157,
                    "Actual Total Time": 146.975,
                    "Actual Rows": 508492,
                    "Actual Loops": 2,
                    "Recheck Cond": "(keyword_id < 992)",
                    "Rows Removed by Index Recheck": 0,
                    "Exact Heap Blocks": 13295,
                    "Lossy Heap Blocks": 0,
                    "Plans": [
                      {
                        "Node Type": "Bitmap Index Scan",
                        "Parent Relationship": "Outer",
                        "Parallel Aware": false,
                        "Index Name": "keyword_id_movie_keyword",
                        "Startup Cost": 0.0,
                        "Total Cost": 21265.53,
                        "Plan Rows": 1014546,
                        "Plan Width": 0,
                        "Actual Startup Time": 49.545,
                        "Actual Total Time": 49.546,
                        "Actual Rows": 1016985,
                        "Actual Loops": 1,
                        "Index Cond": "(keyword_id < 992)"
                      }
                    ]
                  },
                  {
                    "Node Type": "Hash",
                    "Parent Relationship": "Inner",
                    "Parallel Aware": true,
                    "Startup Cost": 84135.2,
                    "Total Cost": 84135.2,
                    "Plan Rows": 496188,
                    "Plan Width": 8,
                    "Actual Startup Time": 676.599,
                    "Actual Total Time": 677.86,
                    "Actual Rows": 505341,
                    "Actual Loops": 2,
                    "Hash Buckets": 1048576,
                    "Original Hash Buckets": 1048576,
                    "Hash Batches": 1,
                    "Original Hash Batches": 1,
                    "Peak Memory Usage": 47776,
                    "Plans": [
                      {
                        "Node Type": "Hash Join",
                        "Parent Relationship": "Outer",
                        "Parallel Aware": true,
                        "Join Type": "Inner",
                        "Startup Cost": 65951.41,
                        "Total Cost": 84135.2,
                        "Plan Rows": 496188,
                        "Plan Width": 8,
                        "Actual Startup Time": 383.078,
                        "Actual Total Time": 585.482,
                        "Actual Rows": 505341,
                        "Actual Loops": 2,
                        "Inner Unique": true,
                        "Hash Cond": "(mi_idx.movie_id = t.id)",
                        "Plans": [
                          {
                            "Node Type": "Seq Scan",
                            "Parent Relationship": "Outer",
                            "Parallel Aware": true,
                            "Relation Name": "movie_info_idx",
                            "Alias": "mi_idx",
                            "Startup Cost": 0.0,
                            "Total Cost": 16052.85,
                            "Plan Rows": 811785,
                            "Plan Width": 4,
                            "Actual Startup Time": 0.018,
                            "Actual Total Time": 50.245,
                            "Actual Rows": 690018,
                            "Actual Loops": 2
                          },
                          {
                            "Node Type": "Hash",
                            "Parent Relationship": "Inner",
                            "Parallel Aware": true,
                            "Startup Cost": 54588.39,
                            "Total Cost": 54588.39,
                            "Plan Rows": 909042,
                            "Plan Width": 4,
                            "Actual Startup Time": 373.399,
                            "Actual Total Time": 373.4,
                            "Actual Rows": 775864,
                            "Actual Loops": 2,
                            "Hash Buckets": 2097152,
                            "Original Hash Buckets": 2097152,
                            "Hash Batches": 1,
                            "Original Hash Batches": 1,
                            "Peak Memory Usage": 77120,
                            "Plans": [
                              {
                                "Node Type": "Seq Scan",
                                "Parent Relationship": "Outer",
                                "Parallel Aware": true,
                                "Relation Name": "title",
                                "Alias": "t",
                                "Startup Cost": 0.0,
                                "Total Cost": 54588.39,
                                "Plan Rows": 909042,
                                "Plan Width": 4,
                                "Actual Startup Time": 0.037,
                                "Actual Total Time": 171.708,
                                "Actual Rows": 775864,
                                "Actual Loops": 2,
                                "Filter": "(production_year < 2007)",
                                "Rows Removed by Filter": 488292
                              }
                            ]
                          }
                        ]
                      }
                    ]
                  }
                ]
              }
            ]
          }
        ]
      }
    ]
  },
  "Planning Time": 1.055,
  "Triggers": [],
  "Execution Time": 1044.31
}