[
  {
    "Plan": {
      "Node Type": "Aggregate",
      "Strategy": "Plain",
      "Partial Mode": "Finalize",
      "Parallel Aware": false,
      "Startup Cost": 86829.25,
      "Total Cost": 86829.26,
      "Plan Rows": 1,
      "Plan Width": 8,
      "Actual Startup Time": 574.608,
      "Actual Total Time": 592.783,
      "Actual Rows": 1,
      "Actual Loops": 1,
      "Plans": [
        {
          "Node Type": "Gather",
          "Parent Relationship": "Outer",
          "Parallel Aware": false,
          "Startup Cost": 86828.94,
          "Total Cost": 86829.25,
          "Plan Rows": 3,
          "Plan Width": 8,
          "Actual Startup Time": 564.971,
          "Actual Total Time": 592.764,
          "Actual Rows": 4,
          "Actual Loops": 1,
          "Workers Planned": 3,
          "Workers Launched": 3,
          "Single Copy": false,
          "Plans": [
            {
              "Node Type": "Aggregate",
              "Strategy": "Plain",
              "Partial Mode": "Partial",
              "Parent Relationship": "Outer",
              "Parallel Aware": false,
              "Startup Cost": 85828.94,
              "Total Cost": 85828.95,
              "Plan Rows": 1,
              "Plan Width": 8,
              "Actual Startup Time": 544.17,
              "Actual Total Time": 544.174,
              "Actual Rows": 1,
              "Actual Loops": 4,
              "Plans": [
                {
                  "Node Type": "Hash Join",
                  "Parent Relationship": "Outer",
                  "Parallel Aware": true,
                  "Join Type": "Inner",
                  "Startup Cost": 59017.83,
                  "Total Cost": 85494.6,
                  "Plan Rows": 133736,
                  "Plan Width": 0,
                  "Actual Startup Time": 443.085,
                  "Actual Total Time": 538.198,
                  "Actual Rows": 102524,
                  "Actual Loops": 4,
                  "Inner Unique": true,
                  "Hash Cond": "(mk.movie_id = t.id)",
                  "Plans": [
                    {
                      "Node Type": "Bitmap Heap Scan",
                      "Parent Relationship": "Outer",
                      "Parallel Aware": true,
                      "Relation Name": "movie_keyword",
                      "Alias": "mk",
                      "Startup Cost": 8797.45,
                      "Total Cost": 34923.16,
                      "Plan Rows": 133736,
                      "Plan Width": 4,
                      "Actual Startup Time": 33.081,
                      "Actual Total Time": 88.617,
                      "Actual Rows": 102524,
                      "Actual Loops": 4,
                      "Recheck Cond": "(keyword_id > 42236)",
                      "Rows Removed by Index Recheck": 0,
                      "Exact Heap Blocks": 6381,
                      "Lossy Heap Blocks": 0,
                      "Plans": [
                        {
                          "Node Type": "Bitmap Index Scan",
                          "Parent Relationship": "Outer",
                          "Parallel Aware": false,
                          "Index Name": "keyword_id_movie_keyword",
                          "Startup Cost": 0.0,
                          "Total Cost": 8693.81,
                          "Plan Rows": 414583,
                          "Plan Width": 0,
                          "Actual Startup Time": 28.946,
                          "Actual Total Time": 28.946,
                          "Actual Rows": 410098,
                          "Actual Loops": 1,
                          "Index Cond": "(keyword_id > 42236)"
                        }
                      ]
                    },
                    {
                      "Node Type": "Hash",
                      "Parent Relationship": "Inner",
                      "Parallel Aware": true,
                      "Startup Cost": 42319.06,
                      "Total Cost": 42319.06,
                      "Plan Rows": 632106,
                      "Plan Width": 4,
                      "Actual Startup Time": 397.862,
                      "Actual Total Time": 397.862,
                      "Actual Rows": 632078,
                      "Actual Loops": 4,
                      "Hash Buckets": 4194304,
                      "Original Hash Buckets": 4194304,
                      "Hash Batches": 1,
                      "Original Hash Batches": 1,
                      "Peak Memory Usage": 131776,
                      "Plans": [
                        {
                          "Node Type": "Seq Scan",
                          "Parent Relationship": "Outer",
                          "Parallel Aware": true,
                          "Relation Name": "title",
                          "Alias": "t",
                          "Startup Cost": 0.0,
                          "Total Cost": 42319.06,
                          "Plan Rows": 632106,
                          "Plan Width": 4,
                          "Actual Startup Time": 0.044,
                          "Actual Total Time": 117.838,
                          "Actual Rows": 632078,
                          "Actual Loops": 4
                        }
                      ]
                    }
                  ]
                }
              ]
            }
          ]
        }
      ]
    },
    "Planning Time": 0.613,
    "Triggers": [],
    "Execution Time": 592.881
  }
]