[
  {
    "Plan": {
      "Node Type": "Aggregate",
      "Strategy": "Plain",
      "Partial Mode": "Finalize",
      "Parallel Aware": false,
      "Startup Cost": 87047.0,
      "Total Cost": 87047.01,
      "Plan Rows": 1,
      "Plan Width": 8,
      "Actual Startup Time": 531.383,
      "Actual Total Time": 552.43,
      "Actual Rows": 1,
      "Actual Loops": 1,
      "Plans": [
        {
          "Node Type": "Gather",
          "Parent Relationship": "Outer",
          "Parallel Aware": false,
          "Startup Cost": 87046.68,
          "Total Cost": 87046.99,
          "Plan Rows": 3,
          "Plan Width": 8,
          "Actual Startup Time": 523.906,
          "Actual Total Time": 552.418,
          "Actual Rows": 4,
          "Actual Loops": 1,
          "Workers Planned": 3,
          "Workers Launched": 3,
          "Single Copy": false,
          "Plans": [
            {
              "Node Type": "Aggregate",
              "Strategy": "Plain",
              "Partial Mode": "Partial",
              "Parent Relationship": "Outer",
              "Parallel Aware": false,
              "Startup Cost": 86046.68,
              "Total Cost": 86046.69,
              "Plan Rows": 1,
              "Plan Width": 8,
              "Actual Startup Time": 505.807,
              "Actual Total Time": 505.811,
              "Actual Rows": 1,
              "Actual Loops": 4,
              "Plans": [
                {
                  "Node Type": "Hash Join",
                  "Parent Relationship": "Outer",
                  "Parallel Aware": true,
                  "Join Type": "Inner",
                  "Startup Cost": 59188.82,
                  "Total Cost": 85705.71,
                  "Plan Rows": 136389,
                  "Plan Width": 0,
                  "Actual Startup Time": 402.727,
                  "Actual Total Time": 499.46,
                  "Actual Rows": 102524,
                  "Actual Loops": 4,
                  "Inner Unique": true,
                  "Hash Cond": "(mk.movie_id = t.id)",
                  "Plans": [
                    {
                      "Node Type": "Bitmap Heap Scan",
                      "Parent Relationship": "Outer",
                      "Parallel Aware": true,
                      "Relation Name": "movie_keyword",
                      "Alias": "mk",
                      "Startup Cost": 8969.18,
                      "Total Cost": 35128.04,
                      "Plan Rows": 136389,
                      "Plan Width": 4,
                      "Actual Startup Time": 36.694,
                      "Actual Total Time": 92.498,
                      "Actual Rows": 102524,
                      "Actual Loops": 4,
                      "Recheck Cond": "(keyword_id > 42236)",
                      "Rows Removed by Index Recheck": 0,
                      "Exact Heap Blocks": 6214,
                      "Lossy Heap Blocks": 0,
                      "Plans": [
                        {
                          "Node Type": "Bitmap Index Scan",
                          "Parent Relationship": "Outer",
                          "Parallel Aware": false,
                          "Index Name": "keyword_id_movie_keyword",
                          "Startup Cost": 0.0,
                          "Total Cost": 8863.48,
                          "Plan Rows": 422806,
                          "Plan Width": 0,
                          "Actual Startup Time": 31.266,
                          "Actual Total Time": 31.267,
                          "Actual Rows": 410098,
                          "Actual Loops": 1,
                          "Index Cond": "(keyword_id > 42236)"
                        }
                      ]
                    },
                    {
                      "Node Type": "Hash",
                      "Parent Relationship": "Inner",
                      "Parallel Aware": true,
                      "Startup Cost": 42318.73,
                      "Total Cost": 42318.73,
                      "Plan Rows": 632073,
                      "Plan Width": 4,
                      "Actual Startup Time": 354.568,
                      "Actual Total Time": 354.569,
                      "Actual Rows": 632078,
                      "Actual Loops": 4,
                      "Hash Buckets": 4194304,
                      "Original Hash Buckets": 4194304,
                      "Hash Batches": 1,
                      "Original Hash Batches": 1,
                      "Peak Memory Usage": 131744,
                      "Plans": [
                        {
                          "Node Type": "Seq Scan",
                          "Parent Relationship": "Outer",
                          "Parallel Aware": true,
                          "Relation Name": "title",
                          "Alias": "t",
                          "Startup Cost": 0.0,
                          "Total Cost": 42318.73,
                          "Plan Rows": 632073,
                          "Plan Width": 4,
                          "Actual Startup Time": 0.037,
                          "Actual Total Time": 104.196,
                          "Actual Rows": 632078,
                          "Actual Loops": 4
                        }
                      ]
                    }
                  ]
                }
              ]
            }
          ]
        }
      ]
    },
    "Planning Time": 0.564,
    "Triggers": [],
    "Execution Time": 552.518
  }
]