{
    "Plan": {
        "Node Type": "Aggregate",
        "Strategy": "Plain",
        "Partial Mode": "Simple",
        "Parallel Aware": false,
        "Startup Cost": 50001381260.45,
        "Total Cost": 50001381260.46,
        "Plan Rows": 1,
        "Plan Width": 64,
        "Actual Startup Time": 4076.738,
        "Actual Total Time": 4121.715,
        "Actual Rows": 1,
        "Actual Loops": 1,
        "Output": [
            "min((kt.kind)::text)",
            "min(t.title)"
        ],
        "Plans": [
            {
                "Node Type": "Nested Loop",
                "Parent Relationship": "Outer",
                "Parallel Aware": false,
                "Join Type": "Inner",
                "Startup Cost": 50001368599.95,
                "Total Cost": 50001381260.45,
                "Plan Rows": 1,
                "Plan Width": 27,
                "Actual Startup Time": 4011.575,
                "Actual Total Time": 4121.416,
                "Actual Rows": 612,
                "Actual Loops": 1,
                "Output": [
                    "kt.kind",
                    "t.title"
                ],
                "Inner Unique": true,
                "Plans": [
                    {
                        "Node Type": "Hash Join",
                        "Parent Relationship": "Outer",
                        "Parallel Aware": false,
                        "Join Type": "Inner",
                        "Startup Cost": 40001368599.82,
                        "Total Cost": 40001381254.69,
                        "Plan Rows": 1,
                        "Plan Width": 31,
                        "Actual Startup Time": 4011.149,
                        "Actual Total Time": 4117.318,
                        "Actual Rows": 612,
                        "Actual Loops": 1,
                        "Output": [
                            "mc.company_type_id",
                            "t.title",
                            "kt.kind"
                        ],
                        "Inner Unique": false,
                        "Hash Cond": "(cc.status_id = cct1.id)",
                        "Plans": [
                            {
                                "Node Type": "Hash Join",
                                "Parent Relationship": "Outer",
                                "Parallel Aware": false,
                                "Join Type": "Inner",
                                "Startup Cost": 40001368598.75,
                                "Total Cost": 40001381253.61,
                                "Plan Rows": 2,
                                "Plan Width": 35,
                                "Actual Startup Time": 3940.481,
                                "Actual Total Time": 4116.819,
                                "Actual Rows": 684,
                                "Actual Loops": 1,
                                "Output": [
                                    "cc.status_id",
                                    "mc.company_type_id",
                                    "t.title",
                                    "kt.kind"
                                ],
                                "Inner Unique": false,
                                "Hash Cond": "(t.id = cc.movie_id)",
                                "Plans": [
                                    {
                                        "Node Type": "Merge Join",
                                        "Parent Relationship": "Outer",
                                        "Parallel Aware": false,
                                        "Join Type": "Inner",
                                        "Startup Cost": 40001361551.7,
                                        "Total Cost": 40001374206.52,
                                        "Plan Rows": 5,
                                        "Plan Width": 47,
                                        "Actual Startup Time": 3795.881,
                                        "Actual Total Time": 3991.257,
                                        "Actual Rows": 3626,
                                        "Actual Loops": 1,
                                        "Output": [
                                            "mc.movie_id",
                                            "mc.company_type_id",
                                            "mi.movie_id",
                                            "mk.movie_id",
                                            "t.title",
                                            "t.id",
                                            "kt.kind"
                                        ],
                                        "Inner Unique": true,
                                        "Merge Cond": "(mc.company_id = cn.id)",
                                        "Plans": [
                                            {
                                                "Node Type": "Sort",
                                                "Parent Relationship": "Outer",
                                                "Parallel Aware": false,
                                                "Startup Cost": 40001361551.28,
                                                "Total Cost": 40001361551.31,
                                                "Plan Rows": 13,
                                                "Plan Width": 51,
                                                "Actual Startup Time": 3795.825,
                                                "Actual Total Time": 3841.417,
                                                "Actual Rows": 4231,
                                                "Actual Loops": 1,
                                                "Output": [
                                                    "mi.movie_id",
                                                    "mc.movie_id",
                                                    "mc.company_id",
                                                    "mc.company_type_id",
                                                    "mk.movie_id",
                                                    "t.title",
                                                    "t.id",
                                                    "kt.kind"
                                                ],
                                                "Sort Key": [
                                                    "mc.company_id"
                                                ],
                                                "Sort Method": "quicksort",
                                                "Sort Space Used": 638,
                                                "Sort Space Type": "Memory",
                                                "Plans": [
                                                    {
                                                        "Node Type": "Hash Join",
                                                        "Parent Relationship": "Outer",
                                                        "Parallel Aware": false,
                                                        "Join Type": "Inner",
                                                        "Startup Cost": 40001361548.24,
                                                        "Total Cost": 40001361551.04,
                                                        "Plan Rows": 13,
                                                        "Plan Width": 51,
                                                        "Actual Startup Time": 3792.765,
                                                        "Actual Total Time": 3839.406,
                                                        "Actual Rows": 4231,
                                                        "Actual Loops": 1,
                                                        "Output": [
                                                            "mi.movie_id",
                                                            "mc.movie_id",
                                                            "mc.company_id",
                                                            "mc.company_type_id",
                                                            "mk.movie_id",
                                                            "t.title",
                                                            "t.id",
                                                            "kt.kind"
                                                        ],
                                                        "Inner Unique": false,
                                                        "Hash Cond": "(t.id = mc.movie_id)",
                                                        "Plans": [
                                                            {
                                                                "Node Type": "Hash Join",
                                                                "Parent Relationship": "Outer",
                                                                "Parallel Aware": false,
                                                                "Join Type": "Inner",
                                                                "Startup Cost": 30001284052.84,
                                                                "Total Cost": 30001284055.6,
                                                                "Plan Rows": 2,
                                                                "Plan Width": 39,
                                                                "Actual Startup Time": 2625.702,
                                                                "Actual Total Time": 2671.086,
                                                                "Actual Rows": 2397,
                                                                "Actual Loops": 1,
                                                                "Output": [
                                                                    "mi.movie_id",
                                                                    "mk.movie_id",
                                                                    "t.title",
                                                                    "t.id",
                                                                    "kt.kind"
                                                                ],
                                                                "Inner Unique": false,
                                                                "Hash Cond": "(it1.id = mi.info_type_id)",
                                                                "Plans": [
                                                                    {
                                                                        "Node Type": "Seq Scan",
                                                                        "Parent Relationship": "Outer",
                                                                        "Parallel Aware": false,
                                                                        "Relation Name": "info_type",
                                                                        "Schema": "public",
                                                                        "Alias": "it1",
                                                                        "Startup Cost": 0.0,
                                                                        "Total Cost": 2.41,
                                                                        "Plan Rows": 1,
                                                                        "Plan Width": 4,
                                                                        "Actual Startup Time": 0.025,
                                                                        "Actual Total Time": 0.045,
                                                                        "Actual Rows": 1,
                                                                        "Actual Loops": 1,
                                                                        "Output": [
                                                                            "it1.id",
                                                                            "it1.info"
                                                                        ],
                                                                        "Filter": "((it1.info)::text = 'release dates'::text)",
                                                                        "Rows Removed by Filter": 112
                                                                    },
                                                                    {
                                                                        "Node Type": "Hash",
                                                                        "Parent Relationship": "Inner",
                                                                        "Parallel Aware": false,
                                                                        "Startup Cost": 30001284049.57,
                                                                        "Total Cost": 30001284049.57,
                                                                        "Plan Rows": 261,
                                                                        "Plan Width": 43,
                                                                        "Actual Startup Time": 2625.646,
                                                                        "Actual Total Time": 2670.607,
                                                                        "Actual Rows": 2397,
                                                                        "Actual Loops": 1,
                                                                        "Output": [
                                                                            "mk.movie_id",
                                                                            "mi.movie_id",
                                                                            "mi.info_type_id",
                                                                            "t.title",
                                                                            "t.id",
                                                                            "kt.kind"
                                                                        ],
                                                                        "Hash Buckets": 4096,
                                                                        "Original Hash Buckets": 1024,
                                                                        "Hash Batches": 1,
                                                                        "Original Hash Batches": 1,
                                                                        "Peak Memory Usage": 200,
                                                                        "Plans": [
                                                                            {
                                                                                "Node Type": "Merge Join",
                                                                                "Parent Relationship": "Outer",
                                                                                "Parallel Aware": false,
                                                                                "Join Type": "Inner",
                                                                                "Startup Cost": 30001284037.83,
                                                                                "Total Cost": 30001284049.57,
                                                                                "Plan Rows": 261,
                                                                                "Plan Width": 43,
                                                                                "Actual Startup Time": 2624.33,
                                                                                "Actual Total Time": 2669.959,
                                                                                "Actual Rows": 2397,
                                                                                "Actual Loops": 1,
                                                                                "Output": [
                                                                                    "mk.movie_id",
                                                                                    "mi.movie_id",
                                                                                    "mi.info_type_id",
                                                                                    "t.title",
                                                                                    "t.id",
                                                                                    "kt.kind"
                                                                                ],
                                                                                "Inner Unique": false,
                                                                                "Merge Cond": "(kt.id = t.kind_id)",
                                                                                "Plans": [
                                                                                    {
                                                                                        "Node Type": "Sort",
                                                                                        "Parent Relationship": "Outer",
                                                                                        "Parallel Aware": false,
                                                                                        "Startup Cost": 10000000001.1,
                                                                                        "Total Cost": 10000000001.1,
                                                                                        "Plan Rows": 1,
                                                                                        "Plan Width": 14,
                                                                                        "Actual Startup Time": 0.405,
                                                                                        "Actual Total Time": 0.407,
                                                                                        "Actual Rows": 1,
                                                                                        "Actual Loops": 1,
                                                                                        "Output": [
                                                                                            "kt.kind",
                                                                                            "kt.id"
                                                                                        ],
                                                                                        "Sort Key": [
                                                                                            "kt.id"
                                                                                        ],
                                                                                        "Sort Method": "quicksort",
                                                                                        "Sort Space Used": 25,
                                                                                        "Sort Space Type": "Memory",
                                                                                        "Plans": [
                                                                                            {
                                                                                                "Node Type": "Seq Scan",
                                                                                                "Parent Relationship": "Outer",
                                                                                                "Parallel Aware": false,
                                                                                                "Relation Name": "kind_type",
                                                                                                "Schema": "public",
                                                                                                "Alias": "kt",
                                                                                                "Startup Cost": 10000000000.0,
                                                                                                "Total Cost": 10000000001.09,
                                                                                                "Plan Rows": 1,
                                                                                                "Plan Width": 14,
                                                                                                "Actual Startup Time": 0.392,
                                                                                                "Actual Total Time": 0.394,
                                                                                                "Actual Rows": 1,
                                                                                                "Actual Loops": 1,
                                                                                                "Output": [
                                                                                                    "kt.kind",
                                                                                                    "kt.id"
                                                                                                ],
                                                                                                "Filter": "((kt.kind)::text = 'movie'::text)",
                                                                                                "Rows Removed by Filter": 6
                                                                                            }
                                                                                        ]
                                                                                    },
                                                                                    {
                                                                                        "Node Type": "Sort",
                                                                                        "Parent Relationship": "Inner",
                                                                                        "Parallel Aware": false,
                                                                                        "Startup Cost": 20001284036.73,
                                                                                        "Total Cost": 20001284041.29,
                                                                                        "Plan Rows": 1826,
                                                                                        "Plan Width": 37,
                                                                                        "Actual Startup Time": 2623.888,
                                                                                        "Actual Total Time": 2669.004,
                                                                                        "Actual Rows": 2398,
                                                                                        "Actual Loops": 1,
                                                                                        "Output": [
                                                                                            "mk.movie_id",
                                                                                            "mi.movie_id",
                                                                                            "mi.info_type_id",
                                                                                            "t.title",
                                                                                            "t.kind_id",
                                                                                            "t.id"
                                                                                        ],
                                                                                        "Sort Key": [
                                                                                            "t.kind_id"
                                                                                        ],
                                                                                        "Sort Method": "quicksort",
                                                                                        "Sort Space Used": 448,
                                                                                        "Sort Space Type": "Memory",
                                                                                        "Plans": [
                                                                                            {
                                                                                                "Node Type": "Gather",
                                                                                                "Parent Relationship": "Outer",
                                                                                                "Parallel Aware": false,
                                                                                                "Startup Cost": 20000999847.16,
                                                                                                "Total Cost": 20001283937.81,
                                                                                                "Plan Rows": 1826,
                                                                                                "Plan Width": 37,
                                                                                                "Actual Startup Time": 1986.621,
                                                                                                "Actual Total Time": 2667.981,
                                                                                                "Actual Rows": 4088,
                                                                                                "Actual Loops": 1,
                                                                                                "Output": [
                                                                                                    "mk.movie_id",
                                                                                                    "mi.movie_id",
                                                                                                    "mi.info_type_id",
                                                                                                    "t.title",
                                                                                                    "t.kind_id",
                                                                                                    "t.id"
                                                                                                ],
                                                                                                "Workers Planned": 4,
                                                                                                "Workers Launched": 4,
                                                                                                "Single Copy": false,
                                                                                                "Plans": [
                                                                                                    {
                                                                                                        "Node Type": "Hash Join",
                                                                                                        "Parent Relationship": "Outer",
                                                                                                        "Parallel Aware": true,
                                                                                                        "Join Type": "Inner",
                                                                                                        "Startup Cost": 20000998847.16,
                                                                                                        "Total Cost": 20001282755.21,
                                                                                                        "Plan Rows": 456,
                                                                                                        "Plan Width": 37,
                                                                                                        "Actual Startup Time": 1980.729,
                                                                                                        "Actual Total Time": 2584.655,
                                                                                                        "Actual Rows": 818,
                                                                                                        "Actual Loops": 5,
                                                                                                        "Output": [
                                                                                                            "mk.movie_id",
                                                                                                            "mi.movie_id",
                                                                                                            "mi.info_type_id",
                                                                                                            "t.title",
                                                                                                            "t.kind_id",
                                                                                                            "t.id"
                                                                                                        ],
                                                                                                        "Inner Unique": false,
                                                                                                        "Hash Cond": "(t.id = mi.movie_id)",
                                                                                                        "Workers": [
                                                                                                            {
                                                                                                                "Worker Number": 0,
                                                                                                                "Actual Startup Time": 1980.607,
                                                                                                                "Actual Total Time": 2585.818,
                                                                                                                "Actual Rows": 798,
                                                                                                                "Actual Loops": 1
                                                                                                            },
                                                                                                            {
                                                                                                                "Worker Number": 1,
                                                                                                                "Actual Startup Time": 1978.74,
                                                                                                                "Actual Total Time": 2581.909,
                                                                                                                "Actual Rows": 820,
                                                                                                                "Actual Loops": 1
                                                                                                            },
                                                                                                            {
                                                                                                                "Worker Number": 2,
                                                                                                                "Actual Startup Time": 1977.293,
                                                                                                                "Actual Total Time": 2581.793,
                                                                                                                "Actual Rows": 1168,
                                                                                                                "Actual Loops": 1
                                                                                                            },
                                                                                                            {
                                                                                                                "Worker Number": 3,
                                                                                                                "Actual Startup Time": 1980.977,
                                                                                                                "Actual Total Time": 2581.727,
                                                                                                                "Actual Rows": 800,
                                                                                                                "Actual Loops": 1
                                                                                                            }
                                                                                                        ],
                                                                                                        "Plans": [
                                                                                                            {
                                                                                                                "Node Type": "Hash Join",
                                                                                                                "Parent Relationship": "Outer",
                                                                                                                "Parallel Aware": true,
                                                                                                                "Join Type": "Inner",
                                                                                                                "Startup Cost": 20000081323.04,
                                                                                                                "Total Cost": 20000321335.02,
                                                                                                                "Plan Rows": 532072,
                                                                                                                "Plan Width": 29,
                                                                                                                "Actual Startup Time": 784.399,
                                                                                                                "Actual Total Time": 1359.775,
                                                                                                                "Actual Rows": 316495,
                                                                                                                "Actual Loops": 5,
                                                                                                                "Output": [
                                                                                                                    "mk.movie_id",
                                                                                                                    "t.title",
                                                                                                                    "t.kind_id",
                                                                                                                    "t.id"
                                                                                                                ],
                                                                                                                "Inner Unique": false,
                                                                                                                "Hash Cond": "(t.id = mk.movie_id)",
                                                                                                                "Workers": [
                                                                                                                    {
                                                                                                                        "Worker Number": 0,
                                                                                                                        "Actual Startup Time": 784.449,
                                                                                                                        "Actual Total Time": 1361.432,
                                                                                                                        "Actual Rows": 335274,
                                                                                                                        "Actual Loops": 1
                                                                                                                    },
                                                                                                                    {
                                                                                                                        "Worker Number": 1,
                                                                                                                        "Actual Startup Time": 784.55,
                                                                                                                        "Actual Total Time": 1360.349,
                                                                                                                        "Actual Rows": 307792,
                                                                                                                        "Actual Loops": 1
                                                                                                                    },
                                                                                                                    {
                                                                                                                        "Worker Number": 2,
                                                                                                                        "Actual Startup Time": 784.395,
                                                                                                                        "Actual Total Time": 1357.954,
                                                                                                                        "Actual Rows": 328115,
                                                                                                                        "Actual Loops": 1
                                                                                                                    },
                                                                                                                    {
                                                                                                                        "Worker Number": 3,
                                                                                                                        "Actual Startup Time": 784.292,
                                                                                                                        "Actual Total Time": 1359.706,
                                                                                                                        "Actual Rows": 312517,
                                                                                                                        "Actual Loops": 1
                                                                                                                    }
                                                                                                                ],
                                                                                                                "Plans": [
                                                                                                                    {
                                                                                                                        "Node Type": "Index Scan",
                                                                                                                        "Parent Relationship": "Outer",
                                                                                                                        "Parallel Aware": true,
                                                                                                                        "Scan Direction": "Forward",
                                                                                                                        "Index Name": "title_pkey",
                                                                                                                        "Relation Name": "title",
                                                                                                                        "Schema": "public",
                                                                                                                        "Alias": "t",
                                                                                                                        "Startup Cost": 10000000000.43,
                                                                                                                        "Total Cost": 10000092959.88,
                                                                                                                        "Plan Rows": 297363,
                                                                                                                        "Plan Width": 25,
                                                                                                                        "Actual Startup Time": 0.163,
                                                                                                                        "Actual Total Time": 424.163,
                                                                                                                        "Actual Rows": 238504,
                                                                                                                        "Actual Loops": 5,
                                                                                                                        "Output": [
                                                                                                                            "t.id",
                                                                                                                            "t.title",
                                                                                                                            "t.imdb_index",
                                                                                                                            "t.kind_id",
                                                                                                                            "t.production_year",
                                                                                                                            "t.imdb_id",
                                                                                                                            "t.phonetic_code",
                                                                                                                            "t.episode_of_id",
                                                                                                                            "t.season_nr",
                                                                                                                            "t.episode_nr",
                                                                                                                            "t.series_years",
                                                                                                                            "t.md5sum"
                                                                                                                        ],
                                                                                                                        "Filter": "(t.production_year > 2003)",
                                                                                                                        "Rows Removed by Filter": 267159,
                                                                                                                        "Workers": [
                                                                                                                            {
                                                                                                                                "Worker Number": 0,
                                                                                                                                "Actual Startup Time": 0.081,
                                                                                                                                "Actual Total Time": 420.628,
                                                                                                                                "Actual Rows": 242730,
                                                                                                                                "Actual Loops": 1
                                                                                                                            },
                                                                                                                            {
                                                                                                                                "Worker Number": 1,
                                                                                                                                "Actual Startup Time": 0.261,
                                                                                                                                "Actual Total Time": 426.274,
                                                                                                                                "Actual Rows": 243704,
                                                                                                                                "Actual Loops": 1
                                                                                                                            },
                                                                                                                            {
                                                                                                                                "Worker Number": 2,
                                                                                                                                "Actual Startup Time": 0.21,
                                                                                                                                "Actual Total Time": 421.722,
                                                                                                                                "Actual Rows": 243331,
                                                                                                                                "Actual Loops": 1
                                                                                                                            },
                                                                                                                            {
                                                                                                                                "Worker Number": 3,
                                                                                                                                "Actual Startup Time": 0.129,
                                                                                                                                "Actual Total Time": 423.953,
                                                                                                                                "Actual Rows": 238716,
                                                                                                                                "Actual Loops": 1
                                                                                                                            }
                                                                                                                        ]
                                                                                                                    },
                                                                                                                    {
                                                                                                                        "Node Type": "Hash",
                                                                                                                        "Parent Relationship": "Inner",
                                                                                                                        "Parallel Aware": true,
                                                                                                                        "Startup Cost": 10000063080.96,
                                                                                                                        "Total Cost": 10000063080.96,
                                                                                                                        "Plan Rows": 1459332,
                                                                                                                        "Plan Width": 4,
                                                                                                                        "Actual Startup Time": 773.3,
                                                                                                                        "Actual Total Time": 773.304,
                                                                                                                        "Actual Rows": 904786,
                                                                                                                        "Actual Loops": 5,
                                                                                                                        "Output": [
                                                                                                                            "mk.movie_id"
                                                                                                                        ],
                                                                                                                        "Hash Buckets": 8388608,
                                                                                                                        "Original Hash Buckets": 8388608,
                                                                                                                        "Hash Batches": 1,
                                                                                                                        "Original Hash Batches": 1,
                                                                                                                        "Peak Memory Usage": 242592,
                                                                                                                        "Workers": [
                                                                                                                            {
                                                                                                                                "Worker Number": 0,
                                                                                                                                "Actual Startup Time": 783.887,
                                                                                                                                "Actual Total Time": 783.89,
                                                                                                                                "Actual Rows": 807525,
                                                                                                                                "Actual Loops": 1
                                                                                                                            },
                                                                                                                            {
                                                                                                                                "Worker Number": 1,
                                                                                                                                "Actual Startup Time": 784.025,
                                                                                                                                "Actual Total Time": 784.029,
                                                                                                                                "Actual Rows": 816960,
                                                                                                                                "Actual Loops": 1
                                                                                                                            },
                                                                                                                            {
                                                                                                                                "Worker Number": 2,
                                                                                                                                "Actual Startup Time": 784.065,
                                                                                                                                "Actual Total Time": 784.068,
                                                                                                                                "Actual Rows": 811780,
                                                                                                                                "Actual Loops": 1
                                                                                                                            },
                                                                                                                            {
                                                                                                                                "Worker Number": 3,
                                                                                                                                "Actual Startup Time": 784.096,
                                                                                                                                "Actual Total Time": 784.099,
                                                                                                                                "Actual Rows": 802345,
                                                                                                                                "Actual Loops": 1
                                                                                                                            }
                                                                                                                        ],
                                                                                                                        "Plans": [
                                                                                                                            {
                                                                                                                                "Node Type": "Hash Join",
                                                                                                                                "Parent Relationship": "Outer",
                                                                                                                                "Parallel Aware": false,
                                                                                                                                "Join Type": "Inner",
                                                                                                                                "Startup Cost": 10000003967.83,
                                                                                                                                "Total Cost": 10000063080.96,
                                                                                                                                "Plan Rows": 1459332,
                                                                                                                                "Plan Width": 4,
                                                                                                                                "Actual Startup Time": 58.181,
                                                                                                                                "Actual Total Time": 457.912,
                                                                                                                                "Actual Rows": 904786,
                                                                                                                                "Actual Loops": 5,
                                                                                                                                "Output": [
                                                                                                                                    "mk.movie_id"
                                                                                                                                ],
                                                                                                                                "Inner Unique": false,
                                                                                                                                "Hash Cond": "(mk.keyword_id = k.id)",
                                                                                                                                "Workers": [
                                                                                                                                    {
                                                                                                                                        "Worker Number": 0,
                                                                                                                                        "Actual Startup Time": 65.774,
                                                                                                                                        "Actual Total Time": 463.226,
                                                                                                                                        "Actual Rows": 807525,
                                                                                                                                        "Actual Loops": 1
                                                                                                                                    },
                                                                                                                                    {
                                                                                                                                        "Worker Number": 1,
                                                                                                                                        "Actual Startup Time": 65.691,
                                                                                                                                        "Actual Total Time": 461.798,
                                                                                                                                        "Actual Rows": 816960,
                                                                                                                                        "Actual Loops": 1
                                                                                                                                    },
                                                                                                                                    {
                                                                                                                                        "Worker Number": 2,
                                                                                                                                        "Actual Startup Time": 65.681,
                                                                                                                                        "Actual Total Time": 462.983,
                                                                                                                                        "Actual Rows": 811780,
                                                                                                                                        "Actual Loops": 1
                                                                                                                                    },
                                                                                                                                    {
                                                                                                                                        "Worker Number": 3,
                                                                                                                                        "Actual Startup Time": 65.704,
                                                                                                                                        "Actual Total Time": 463.129,
                                                                                                                                        "Actual Rows": 802345,
                                                                                                                                        "Actual Loops": 1
                                                                                                                                    }
                                                                                                                                ],
                                                                                                                                "Plans": [
                                                                                                                                    {
                                                                                                                                        "Node Type": "Seq Scan",
                                                                                                                                        "Parent Relationship": "Outer",
                                                                                                                                        "Parallel Aware": true,
                                                                                                                                        "Relation Name": "movie_keyword",
                                                                                                                                        "Schema": "public",
                                                                                                                                        "Alias": "mk",
                                                                                                                                        "Startup Cost": 0.0,
                                                                                                                                        "Total Cost": 39047.32,
                                                                                                                                        "Plan Rows": 1459332,
                                                                                                                                        "Plan Width": 8,
                                                                                                                                        "Actual Startup Time": 0.031,
                                                                                                                                        "Actual Total Time": 103.833,
                                                                                                                                        "Actual Rows": 904786,
                                                                                                                                        "Actual Loops": 5,
                                                                                                                                        "Output": [
                                                                                                                                            "mk.id",
                                                                                                                                            "mk.movie_id",
                                                                                                                                            "mk.keyword_id"
                                                                                                                                        ],
                                                                                                                                        "Workers": [
                                                                                                                                            {
                                                                                                                                                "Worker Number": 0,
                                                                                                                                                "Actual Startup Time": 0.044,
                                                                                                                                                "Actual Total Time": 105.073,
                                                                                                                                                "Actual Rows": 807525,
                                                                                                                                                "Actual Loops": 1
                                                                                                                                            },
                                                                                                                                            {
                                                                                                                                                "Worker Number": 1,
                                                                                                                                                "Actual Startup Time": 0.022,
                                                                                                                                                "Actual Total Time": 105.617,
                                                                                                                                                "Actual Rows": 816960,
                                                                                                                                                "Actual Loops": 1
                                                                                                                                            },
                                                                                                                                            {
                                                                                                                                                "Worker Number": 2,
                                                                                                                                                "Actual Startup Time": 0.047,
                                                                                                                                                "Actual Total Time": 105.509,
                                                                                                                                                "Actual Rows": 811780,
                                                                                                                                                "Actual Loops": 1
                                                                                                                                            },
                                                                                                                                            {
                                                                                                                                                "Worker Number": 3,
                                                                                                                                                "Actual Startup Time": 0.024,
                                                                                                                                                "Actual Total Time": 104.683,
                                                                                                                                                "Actual Rows": 802345,
                                                                                                                                                "Actual Loops": 1
                                                                                                                                            }
                                                                                                                                        ]
                                                                                                                                    },
                                                                                                                                    {
                                                                                                                                        "Node Type": "Hash",
                                                                                                                                        "Parent Relationship": "Inner",
                                                                                                                                        "Parallel Aware": false,
                                                                                                                                        "Startup Cost": 10000002290.7,
                                                                                                                                        "Total Cost": 10000002290.7,
                                                                                                                                        "Plan Rows": 134170,
                                                                                                                                        "Plan Width": 4,
                                                                                                                                        "Actual Startup Time": 55.291,
                                                                                                                                        "Actual Total Time": 55.292,
                                                                                                                                        "Actual Rows": 134170,
                                                                                                                                        "Actual Loops": 5,
                                                                                                                                        "Output": [
                                                                                                                                            "k.id"
                                                                                                                                        ],
                                                                                                                                        "Hash Buckets": 262144,
                                                                                                                                        "Original Hash Buckets": 262144,
                                                                                                                                        "Hash Batches": 1,
                                                                                                                                        "Original Hash Batches": 1,
                                                                                                                                        "Peak Memory Usage": 6765,
                                                                                                                                        "Workers": [
                                                                                                                                            {
                                                                                                                                                "Worker Number": 0,
                                                                                                                                                "Actual Startup Time": 62.118,
                                                                                                                                                "Actual Total Time": 62.119,
                                                                                                                                                "Actual Rows": 134170,
                                                                                                                                                "Actual Loops": 1
                                                                                                                                            },
                                                                                                                                            {
                                                                                                                                                "Worker Number": 1,
                                                                                                                                                "Actual Startup Time": 62.271,
                                                                                                                                                "Actual Total Time": 62.273,
                                                                                                                                                "Actual Rows": 134170,
                                                                                                                                                "Actual Loops": 1
                                                                                                                                            },
                                                                                                                                            {
                                                                                                                                                "Worker Number": 2,
                                                                                                                                                "Actual Startup Time": 62.256,
                                                                                                                                                "Actual Total Time": 62.257,
                                                                                                                                                "Actual Rows": 134170,
                                                                                                                                                "Actual Loops": 1
                                                                                                                                            },
                                                                                                                                            {
                                                                                                                                                "Worker Number": 3,
                                                                                                                                                "Actual Startup Time": 62.102,
                                                                                                                                                "Actual Total Time": 62.103,
                                                                                                                                                "Actual Rows": 134170,
                                                                                                                                                "Actual Loops": 1
                                                                                                                                            }
                                                                                                                                        ],
                                                                                                                                        "Plans": [
                                                                                                                                            {
                                                                                                                                                "Node Type": "Seq Scan",
                                                                                                                                                "Parent Relationship": "Outer",
                                                                                                                                                "Parallel Aware": false,
                                                                                                                                                "Relation Name": "keyword",
                                                                                                                                                "Schema": "public",
                                                                                                                                                "Alias": "k",
                                                                                                                                                "Startup Cost": 10000000000.0,
                                                                                                                                                "Total Cost": 10000002290.7,
                                                                                                                                                "Plan Rows": 134170,
                                                                                                                                                "Plan Width": 4,
                                                                                                                                                "Actual Startup Time": 0.103,
                                                                                                                                                "Actual Total Time": 20.927,
                                                                                                                                                "Actual Rows": 134170,
                                                                                                                                                "Actual Loops": 5,
                                                                                                                                                "Output": [
                                                                                                                                                    "k.id"
                                                                                                                                                ],
                                                                                                                                                "Workers": [
                                                                                                                                                    {
                                                                                                                                                        "Worker Number": 0,
                                                                                                                                                        "Actual Startup Time": 0.093,
                                                                                                                                                        "Actual Total Time": 22.823,
                                                                                                                                                        "Actual Rows": 134170,
                                                                                                                                                        "Actual Loops": 1
                                                                                                                                                    },
                                                                                                                                                    {
                                                                                                                                                        "Worker Number": 1,
                                                                                                                                                        "Actual Startup Time": 0.156,
                                                                                                                                                        "Actual Total Time": 23.229,
                                                                                                                                                        "Actual Rows": 134170,
                                                                                                                                                        "Actual Loops": 1
                                                                                                                                                    },
                                                                                                                                                    {
                                                                                                                                                        "Worker Number": 2,
                                                                                                                                                        "Actual Startup Time": 0.151,
                                                                                                                                                        "Actual Total Time": 23.23,
                                                                                                                                                        "Actual Rows": 134170,
                                                                                                                                                        "Actual Loops": 1
                                                                                                                                                    },
                                                                                                                                                    {
                                                                                                                                                        "Worker Number": 3,
                                                                                                                                                        "Actual Startup Time": 0.094,
                                                                                                                                                        "Actual Total Time": 22.731,
                                                                                                                                                        "Actual Rows": 134170,
                                                                                                                                                        "Actual Loops": 1
                                                                                                                                                    }
                                                                                                                                                ]
                                                                                                                                            }
                                                                                                                                        ]
                                                                                                                                    }
                                                                                                                                ]
                                                                                                                            }
                                                                                                                        ]
                                                                                                                    }
                                                                                                                ]
                                                                                                            },
                                                                                                            {
                                                                                                                "Node Type": "Hash",
                                                                                                                "Parent Relationship": "Inner",
                                                                                                                "Parallel Aware": true,
                                                                                                                "Startup Cost": 917523.32,
                                                                                                                "Total Cost": 917523.32,
                                                                                                                "Plan Rows": 64,
                                                                                                                "Plan Width": 8,
                                                                                                                "Actual Startup Time": 1191.259,
                                                                                                                "Actual Total Time": 1191.26,
                                                                                                                "Actual Rows": 357,
                                                                                                                "Actual Loops": 5,
                                                                                                                "Output": [
                                                                                                                    "mi.movie_id",
                                                                                                                    "mi.info_type_id"
                                                                                                                ],
                                                                                                                "Hash Buckets": 1024,
                                                                                                                "Original Hash Buckets": 1024,
                                                                                                                "Hash Batches": 1,
                                                                                                                "Original Hash Batches": 1,
                                                                                                                "Peak Memory Usage": 168,
                                                                                                                "Workers": [
                                                                                                                    {
                                                                                                                        "Worker Number": 0,
                                                                                                                        "Actual Startup Time": 1188.817,
                                                                                                                        "Actual Total Time": 1188.818,
                                                                                                                        "Actual Rows": 348,
                                                                                                                        "Actual Loops": 1
                                                                                                                    },
                                                                                                                    {
                                                                                                                        "Worker Number": 1,
                                                                                                                        "Actual Startup Time": 1188.812,
                                                                                                                        "Actual Total Time": 1188.813,
                                                                                                                        "Actual Rows": 349,
                                                                                                                        "Actual Loops": 1
                                                                                                                    },
                                                                                                                    {
                                                                                                                        "Worker Number": 2,
                                                                                                                        "Actual Startup Time": 1188.809,
                                                                                                                        "Actual Total Time": 1188.81,
                                                                                                                        "Actual Rows": 299,
                                                                                                                        "Actual Loops": 1
                                                                                                                    },
                                                                                                                    {
                                                                                                                        "Worker Number": 3,
                                                                                                                        "Actual Startup Time": 1188.804,
                                                                                                                        "Actual Total Time": 1188.805,
                                                                                                                        "Actual Rows": 370,
                                                                                                                        "Actual Loops": 1
                                                                                                                    }
                                                                                                                ],
                                                                                                                "Plans": [
                                                                                                                    {
                                                                                                                        "Node Type": "Index Scan",
                                                                                                                        "Parent Relationship": "Outer",
                                                                                                                        "Parallel Aware": true,
                                                                                                                        "Scan Direction": "Forward",
                                                                                                                        "Index Name": "info_type_id_movie_info",
                                                                                                                        "Relation Name": "movie_info",
                                                                                                                        "Schema": "public",
                                                                                                                        "Alias": "mi",
                                                                                                                        "Startup Cost": 0.43,
                                                                                                                        "Total Cost": 917523.32,
                                                                                                                        "Plan Rows": 64,
                                                                                                                        "Plan Width": 8,
                                                                                                                        "Actual Startup Time": 755.119,
                                                                                                                        "Actual Total Time": 1190.714,
                                                                                                                        "Actual Rows": 357,
                                                                                                                        "Actual Loops": 5,
                                                                                                                        "Output": [
                                                                                                                            "mi.movie_id",
                                                                                                                            "mi.info_type_id"
                                                                                                                        ],
                                                                                                                        "Filter": "((mi.info IS NOT NULL) AND (mi.note ~~ '%internet%'::text) AND ((mi.info ~~ 'USA:% 199%'::text) OR (mi.info ~~ 'USA:% 200%'::text)))",
                                                                                                                        "Rows Removed by Filter": 2966787,
                                                                                                                        "Workers": [
                                                                                                                            {
                                                                                                                                "Worker Number": 0,
                                                                                                                                "Actual Startup Time": 752.082,
                                                                                                                                "Actual Total Time": 1188.256,
                                                                                                                                "Actual Rows": 348,
                                                                                                                                "Actual Loops": 1
                                                                                                                            },
                                                                                                                            {
                                                                                                                                "Worker Number": 1,
                                                                                                                                "Actual Startup Time": 751.846,
                                                                                                                                "Actual Total Time": 1188.23,
                                                                                                                                "Actual Rows": 349,
                                                                                                                                "Actual Loops": 1
                                                                                                                            },
                                                                                                                            {
                                                                                                                                "Worker Number": 2,
                                                                                                                                "Actual Startup Time": 752.274,
                                                                                                                                "Actual Total Time": 1188.34,
                                                                                                                                "Actual Rows": 299,
                                                                                                                                "Actual Loops": 1
                                                                                                                            },
                                                                                                                            {
                                                                                                                                "Worker Number": 3,
                                                                                                                                "Actual Startup Time": 752.777,
                                                                                                                                "Actual Total Time": 1188.227,
                                                                                                                                "Actual Rows": 370,
                                                                                                                                "Actual Loops": 1
                                                                                                                            }
                                                                                                                        ]
                                                                                                                    }
                                                                                                                ]
                                                                                                            }
                                                                                                        ]
                                                                                                    }
                                                                                                ]
                                                                                            }
                                                                                        ]
                                                                                    }
                                                                                ]
                                                                            }
                                                                        ]
                                                                    }
                                                                ]
                                                            },
                                                            {
                                                                "Node Type": "Hash",
                                                                "Parent Relationship": "Inner",
                                                                "Parallel Aware": false,
                                                                "Startup Cost": 10000044881.29,
                                                                "Total Cost": 10000044881.29,
                                                                "Plan Rows": 2609129,
                                                                "Plan Width": 12,
                                                                "Actual Startup Time": 1161.199,
                                                                "Actual Total Time": 1161.2,
                                                                "Actual Rows": 2609129,
                                                                "Actual Loops": 1,
                                                                "Output": [
                                                                    "mc.movie_id",
                                                                    "mc.company_id",
                                                                    "mc.company_type_id"
                                                                ],
                                                                "Hash Buckets": 4194304,
                                                                "Original Hash Buckets": 4194304,
                                                                "Hash Batches": 1,
                                                                "Original Hash Batches": 1,
                                                                "Peak Memory Usage": 144880,
                                                                "Plans": [
                                                                    {
                                                                        "Node Type": "Seq Scan",
                                                                        "Parent Relationship": "Outer",
                                                                        "Parallel Aware": false,
                                                                        "Relation Name": "movie_companies",
                                                                        "Schema": "public",
                                                                        "Alias": "mc",
                                                                        "Startup Cost": 10000000000.0,
                                                                        "Total Cost": 10000044881.29,
                                                                        "Plan Rows": 2609129,
                                                                        "Plan Width": 12,
                                                                        "Actual Startup Time": 0.025,
                                                                        "Actual Total Time": 438.401,
                                                                        "Actual Rows": 2609129,
                                                                        "Actual Loops": 1,
                                                                        "Output": [
                                                                            "mc.movie_id",
                                                                            "mc.company_id",
                                                                            "mc.company_type_id"
                                                                        ]
                                                                    }
                                                                ]
                                                            }
                                                        ]
                                                    }
                                                ]
                                            },
                                            {
                                                "Node Type": "Index Scan",
                                                "Parent Relationship": "Inner",
                                                "Parallel Aware": false,
                                                "Scan Direction": "Forward",
                                                "Index Name": "company_name_pkey",
                                                "Relation Name": "company_name",
                                                "Schema": "public",
                                                "Alias": "cn",
                                                "Startup Cost": 0.42,
                                                "Total Cost": 12454.44,
                                                "Plan Rows": 84301,
                                                "Plan Width": 4,
                                                "Actual Startup Time": 0.036,
                                                "Actual Total Time": 142.034,
                                                "Actual Rows": 83951,
                                                "Actual Loops": 1,
                                                "Output": [
                                                    "cn.id",
                                                    "cn.name",
                                                    "cn.country_code",
                                                    "cn.imdb_id",
                                                    "cn.name_pcode_nf",
                                                    "cn.name_pcode_sf",
                                                    "cn.md5sum"
                                                ],
                                                "Filter": "((cn.country_code)::text = '[us]'::text)",
                                                "Rows Removed by Filter": 148008
                                            }
                                        ]
                                    },
                                    {
                                        "Node Type": "Hash",
                                        "Parent Relationship": "Inner",
                                        "Parallel Aware": false,
                                        "Startup Cost": 5358.48,
                                        "Total Cost": 5358.48,
                                        "Plan Rows": 135086,
                                        "Plan Width": 8,
                                        "Actual Startup Time": 124.253,
                                        "Actual Total Time": 124.254,
                                        "Actual Rows": 135086,
                                        "Actual Loops": 1,
                                        "Output": [
                                            "cc.movie_id",
                                            "cc.status_id"
                                        ],
                                        "Hash Buckets": 262144,
                                        "Original Hash Buckets": 262144,
                                        "Hash Batches": 1,
                                        "Original Hash Batches": 1,
                                        "Peak Memory Usage": 7325,
                                        "Plans": [
                                            {
                                                "Node Type": "Index Scan",
                                                "Parent Relationship": "Outer",
                                                "Parallel Aware": false,
                                                "Scan Direction": "Forward",
                                                "Index Name": "status_id_complete_cast",
                                                "Relation Name": "complete_cast",
                                                "Schema": "public",
                                                "Alias": "cc",
                                                "Startup Cost": 0.42,
                                                "Total Cost": 5358.48,
                                                "Plan Rows": 135086,
                                                "Plan Width": 8,
                                                "Actual Startup Time": 15.94,
                                                "Actual Total Time": 87.701,
                                                "Actual Rows": 135086,
                                                "Actual Loops": 1,
                                                "Output": [
                                                    "cc.movie_id",
                                                    "cc.status_id"
                                                ]
                                            }
                                        ]
                                    }
                                ]
                            },
                            {
                                "Node Type": "Hash",
                                "Parent Relationship": "Inner",
                                "Parallel Aware": false,
                                "Startup Cost": 1.05,
                                "Total Cost": 1.05,
                                "Plan Rows": 1,
                                "Plan Width": 4,
                                "Actual Startup Time": 0.243,
                                "Actual Total Time": 0.244,
                                "Actual Rows": 1,
                                "Actual Loops": 1,
                                "Output": [
                                    "cct1.id"
                                ],
                                "Hash Buckets": 1024,
                                "Original Hash Buckets": 1024,
                                "Hash Batches": 1,
                                "Original Hash Batches": 1,
                                "Peak Memory Usage": 9,
                                "Plans": [
                                    {
                                        "Node Type": "Seq Scan",
                                        "Parent Relationship": "Outer",
                                        "Parallel Aware": false,
                                        "Relation Name": "comp_cast_type",
                                        "Schema": "public",
                                        "Alias": "cct1",
                                        "Startup Cost": 0.0,
                                        "Total Cost": 1.05,
                                        "Plan Rows": 1,
                                        "Plan Width": 4,
                                        "Actual Startup Time": 0.238,
                                        "Actual Total Time": 0.239,
                                        "Actual Rows": 1,
                                        "Actual Loops": 1,
                                        "Output": [
                                            "cct1.id"
                                        ],
                                        "Filter": "((cct1.kind)::text = 'complete+verified'::text)",
                                        "Rows Removed by Filter": 3
                                    }
                                ]
                            }
                        ]
                    },
                    {
                        "Node Type": "Bitmap Heap Scan",
                        "Parent Relationship": "Inner",
                        "Parallel Aware": false,
                        "Relation Name": "company_type",
                        "Schema": "public",
                        "Alias": "ct",
                        "Startup Cost": 0.14,
                        "Total Cost": 4.15,
                        "Plan Rows": 1,
                        "Plan Width": 4,
                        "Actual Startup Time": 0.004,
                        "Actual Total Time": 0.004,
                        "Actual Rows": 1,
                        "Actual Loops": 612,
                        "Output": [
                            "ct.id",
                            "ct.kind"
                        ],
                        "Recheck Cond": "(ct.id = mc.company_type_id)",
                        "Rows Removed by Index Recheck": 0,
                        "Exact Heap Blocks": 612,
                        "Lossy Heap Blocks": 0,
                        "Plans": [
                            {
                                "Node Type": "Bitmap Index Scan",
                                "Parent Relationship": "Outer",
                                "Parallel Aware": false,
                                "Index Name": "company_type_pkey",
                                "Startup Cost": 0.0,
                                "Total Cost": 0.14,
                                "Plan Rows": 1,
                                "Plan Width": 0,
                                "Actual Startup Time": 0.002,
                                "Actual Total Time": 0.002,
                                "Actual Rows": 1,
                                "Actual Loops": 612,
                                "Index Cond": "(ct.id = mc.company_type_id)"
                            }
                        ]
                    }
                ]
            }
        ]
    },
    "Planning Time": 29.271,
    "Triggers": [],
    "Execution Time": 4123.469
}