[
  {
    "Plan": {
      "Node Type": "Aggregate",
      "Strategy": "Plain",
      "Partial Mode": "Finalize",
      "Parallel Aware": false,
      "Startup Cost": 46688.18,
      "Total Cost": 46688.19,
      "Plan Rows": 1,
      "Plan Width": 8,
      "Actual Startup Time": 111.266,
      "Actual Total Time": 123.262,
      "Actual Rows": 1,
      "Actual Loops": 1,
      "Plans": [
        {
          "Node Type": "Gather",
          "Parent Relationship": "Outer",
          "Parallel Aware": false,
          "Startup Cost": 46687.76,
          "Total Cost": 46688.17,
          "Plan Rows": 4,
          "Plan Width": 8,
          "Actual Startup Time": 110.944,
          "Actual Total Time": 123.254,
          "Actual Rows": 5,
          "Actual Loops": 1,
          "Workers Planned": 4,
          "Workers Launched": 4,
          "Single Copy": false,
          "Plans": [
            {
              "Node Type": "Aggregate",
              "Strategy": "Plain",
              "Partial Mode": "Partial",
              "Parent Relationship": "Outer",
              "Parallel Aware": false,
              "Startup Cost": 45687.76,
              "Total Cost": 45687.77,
              "Plan Rows": 1,
              "Plan Width": 8,
              "Actual Startup Time": 102.421,
              "Actual Total Time": 102.422,
              "Actual Rows": 1,
              "Actual Loops": 5,
              "Plans": [
                {
                  "Node Type": "Seq Scan",
                  "Parent Relationship": "Outer",
                  "Parallel Aware": true,
                  "Relation Name": "title",
                  "Alias": "t",
                  "Startup Cost": 0.0,
                  "Total Cost": 45479.1,
                  "Plan Rows": 83466,
                  "Plan Width": 0,
                  "Actual Startup Time": 50.558,
                  "Actual Total Time": 99.513,
                  "Actual Rows": 51114,
                  "Actual Loops": 5,
                  "Filter": "((production_year > 2002) AND (kind_id = 1))",
                  "Rows Removed by Filter": 454548
                }
              ]
            }
          ]
        }
      ]
    },
    "Planning Time": 0.187,
    "Triggers": [],
    "Execution Time": 123.348
  }
]