{
  "Plan": {
    "Node Type": "Aggregate",
    "Strategy": "Plain",
    "Partial Mode": "Finalize",
    "Parallel Aware": false,
    "Startup Cost": 365132.58,
    "Total Cost": 365132.59,
    "Plan Rows": 1,
    "Plan Width": 8,
    "Actual Startup Time": 1874.625,
    "Actual Total Time": 1905.87,
    "Actual Rows": 1,
    "Actual Loops": 1,
    "Plans": [
      {
        "Node Type": "Gather",
        "Parent Relationship": "Outer",
        "Parallel Aware": false,
        "Startup Cost": 365132.47,
        "Total Cost": 365132.58,
        "Plan Rows": 1,
        "Plan Width": 8,
        "Actual Startup Time": 1867.032,
        "Actual Total Time": 1905.863,
        "Actual Rows": 2,
        "Actual Loops": 1,
        "Workers Planned": 1,
        "Workers Launched": 1,
        "Single Copy": false,
        "Plans": [
          {
            "Node Type": "Aggregate",
            "Strategy": "Plain",
            "Partial Mode": "Partial",
            "Parent Relationship": "Outer",
            "Parallel Aware": false,
            "Startup Cost": 364132.47,
            "Total Cost": 364132.48,
            "Plan Rows": 1,
            "Plan Width": 8,
            "Actual Startup Time": 1858.161,
            "Actual Total Time": 1858.167,
            "Actual Rows": 1,
            "Actual Loops": 2,
            "Plans": [
              {
                "Node Type": "Hash Join",
                "Parent Relationship": "Outer",
                "Parallel Aware": true,
                "Join Type": "Inner",
                "Startup Cost": 284207.02,
                "Total Cost": 360319.1,
                "Plan Rows": 1525348,
                "Plan Width": 0,
                "Actual Startup Time": 1039.602,
                "Actual Total Time": 1696.178,
                "Actual Rows": 4198822,
                "Actual Loops": 2,
                "Inner Unique": false,
                "Hash Cond": "(mk.movie_id = t.id)",
                "Plans": [
                  {
                    "Node Type": "Seq Scan",
                    "Parent Relationship": "Outer",
                    "Parallel Aware": true,
                    "Relation Name": "movie_keyword",
                    "Alias": "mk",
                    "Startup Cost": 0.0,
                    "Total Cost": 57718.19,
                    "Plan Rows": 2512334,
                    "Plan Width": 4,
                    "Actual Startup Time": 0.028,
                    "Actual Total Time": 198.356,
                    "Actual Rows": 2131498,
                    "Actual Loops": 2,
                    "Filter": "(keyword_id > 228)",
                    "Rows Removed by Filter": 130466
                  },
                  {
                    "Node Type": "Hash",
                    "Parent Relationship": "Inner",
                    "Parallel Aware": true,
                    "Startup Cost": 272919.99,
                    "Total Cost": 272919.99,
                    "Plan Rows": 902963,
                    "Plan Width": 8,
                    "Actual Startup Time": 1024.959,
                    "Actual Total Time": 1024.964,
                    "Actual Rows": 766954,
                    "Actual Loops": 2,
                    "Hash Buckets": 2097152,
                    "Original Hash Buckets": 2097152,
                    "Hash Batches": 1,
                    "Original Hash Batches": 1,
                    "Peak Memory Usage": 76416,
                    "Plans": [
                      {
                        "Node Type": "Hash Join",
                        "Parent Relationship": "Outer",
                        "Parallel Aware": true,
                        "Join Type": "Inner",
                        "Startup Cost": 97269.67,
                        "Total Cost": 272919.99,
                        "Plan Rows": 902963,
                        "Plan Width": 8,
                        "Actual Startup Time": 557.715,
                        "Actual Total Time": 849.478,
                        "Actual Rows": 766954,
                        "Actual Loops": 2,
                        "Inner Unique": true,
                        "Hash Cond": "(mi.movie_id = t.id)",
                        "Plans": [
                          {
                            "Node Type": "Bitmap Heap Scan",
                            "Parent Relationship": "Outer",
                            "Parallel Aware": true,
                            "Relation Name": "movie_info",
                            "Alias": "mi",
                            "Startup Cost": 27808.97,
                            "Total Cost": 201089.01,
                            "Plan Rows": 902963,
                            "Plan Width": 4,
                            "Actual Startup Time": 50.77,
                            "Actual Total Time": 118.567,
                            "Actual Rows": 766954,
                            "Actual Loops": 2,
                            "Recheck Cond": "(info_type_id = 3)",
                            "Rows Removed by Index Recheck": 0,
                            "Exact Heap Blocks": 4914,
                            "Lossy Heap Blocks": 0,
                            "Plans": [
                              {
                                "Node Type": "Bitmap Index Scan",
                                "Parent Relationship": "Outer",
                                "Parallel Aware": false,
                                "Index Name": "info_type_id_movie_info",
                                "Startup Cost": 0.0,
                                "Total Cost": 27425.21,
                                "Plan Rows": 1535037,
                                "Plan Width": 0,
                                "Actual Startup Time": 49.314,
                                "Actual Total Time": 49.314,
                                "Actual Rows": 1533909,
                                "Actual Loops": 1,
                                "Index Cond": "(info_type_id = 3)"
                              }
                            ]
                          },
                          {
                            "Node Type": "Hash",
                            "Parent Relationship": "Inner",
                            "Parallel Aware": true,
                            "Startup Cost": 50870.31,
                            "Total Cost": 50870.31,
                            "Plan Rows": 1487231,
                            "Plan Width": 4,
                            "Actual Startup Time": 493.196,
                            "Actual Total Time": 493.197,
                            "Actual Rows": 1264156,
                            "Actual Loops": 2,
                            "Hash Buckets": 4194304,
                            "Original Hash Buckets": 4194304,
                            "Hash Batches": 1,
                            "Original Hash Batches": 1,
                            "Peak Memory Usage": 131712,
                            "Plans": [
                              {
                                "Node Type": "Seq Scan",
                                "Parent Relationship": "Outer",
                                "Parallel Aware": true,
                                "Relation Name": "title",
                                "Alias": "t",
                                "Startup Cost": 0.0,
                                "Total Cost": 50870.31,
                                "Plan Rows": 1487231,
                                "Plan Width": 4,
                                "Actual Startup Time": 0.037,
                                "Actual Total Time": 150.086,
                                "Actual Rows": 1264156,
                                "Actual Loops": 2
                              }
                            ]
                          }
                        ]
                      }
                    ]
                  }
                ]
              }
            ]
          }
        ]
      }
    ]
  },
  "Planning Time": 0.86,
  "Triggers": [],
  "Execution Time": 1905.969
}