[
  {
    "Plan": {
      "Node Type": "Aggregate",
      "Strategy": "Plain",
      "Partial Mode": "Finalize",
      "Parallel Aware": false,
      "Startup Cost": 74765.62,
      "Total Cost": 74765.63,
      "Plan Rows": 1,
      "Plan Width": 8,
      "Actual Startup Time": 245.494,
      "Actual Total Time": 283.688,
      "Actual Rows": 1,
      "Actual Loops": 1,
      "Plans": [
        {
          "Node Type": "Gather",
          "Parent Relationship": "Outer",
          "Parallel Aware": false,
          "Startup Cost": 74765.2,
          "Total Cost": 74765.61,
          "Plan Rows": 4,
          "Plan Width": 8,
          "Actual Startup Time": 245.204,
          "Actual Total Time": 283.678,
          "Actual Rows": 5,
          "Actual Loops": 1,
          "Workers Planned": 4,
          "Workers Launched": 4,
          "Single Copy": false,
          "Plans": [
            {
              "Node Type": "Aggregate",
              "Strategy": "Plain",
              "Partial Mode": "Partial",
              "Parent Relationship": "Outer",
              "Parallel Aware": false,
              "Startup Cost": 73765.2,
              "Total Cost": 73765.21,
              "Plan Rows": 1,
              "Plan Width": 8,
              "Actual Startup Time": 234.94,
              "Actual Total Time": 234.941,
              "Actual Rows": 1,
              "Actual Loops": 5,
              "Plans": [
                {
                  "Node Type": "Nested Loop",
                  "Parent Relationship": "Outer",
                  "Parallel Aware": false,
                  "Join Type": "Inner",
                  "Startup Cost": 0.99,
                  "Total Cost": 73750.28,
                  "Plan Rows": 5968,
                  "Plan Width": 0,
                  "Actual Startup Time": 2.268,
                  "Actual Total Time": 233.422,
                  "Actual Rows": 24881,
                  "Actual Loops": 5,
                  "Inner Unique": false,
                  "Join Filter": "(t.id = ci.movie_id)",
                  "Rows Removed by Join Filter": 0,
                  "Plans": [
                    {
                      "Node Type": "Nested Loop",
                      "Parent Relationship": "Outer",
                      "Parallel Aware": false,
                      "Join Type": "Inner",
                      "Startup Cost": 0.43,
                      "Total Cost": 69689.3,
                      "Plan Rows": 1840,
                      "Plan Width": 8,
                      "Actual Startup Time": 0.789,
                      "Actual Total Time": 92.027,
                      "Actual Rows": 2746,
                      "Actual Loops": 5,
                      "Inner Unique": false,
                      "Plans": [
                        {
                          "Node Type": "Seq Scan",
                          "Parent Relationship": "Outer",
                          "Parallel Aware": true,
                          "Relation Name": "title",
                          "Alias": "t",
                          "Startup Cost": 0.0,
                          "Total Cost": 45479.1,
                          "Plan Rows": 2437,
                          "Plan Width": 4,
                          "Actual Startup Time": 0.608,
                          "Actual Total Time": 71.557,
                          "Actual Rows": 1895,
                          "Actual Loops": 5,
                          "Filter": "((kind_id < 7) AND (production_year = 1991))",
                          "Rows Removed by Filter": 503768
                        },
                        {
                          "Node Type": "Index Scan",
                          "Parent Relationship": "Inner",
                          "Parallel Aware": false,
                          "Scan Direction": "Forward",
                          "Index Name": "movie_id_movie_companies",
                          "Relation Name": "movie_companies",
                          "Alias": "mc",
                          "Startup Cost": 0.43,
                          "Total Cost": 9.89,
                          "Plan Rows": 4,
                          "Plan Width": 4,
                          "Actual Startup Time": 0.009,
                          "Actual Total Time": 0.01,
                          "Actual Rows": 1,
                          "Actual Loops": 9474,
                          "Index Cond": "(movie_id = t.id)",
                          "Rows Removed by Index Recheck": 0,
                          "Filter": "(company_id < 43324)",
                          "Rows Removed by Filter": 1
                        }
                      ]
                    },
                    {
                      "Node Type": "Index Scan",
                      "Parent Relationship": "Inner",
                      "Parallel Aware": false,
                      "Scan Direction": "Forward",
                      "Index Name": "movie_id_cast_info",
                      "Relation Name": "cast_info",
                      "Alias": "ci",
                      "Startup Cost": 0.56,
                      "Total Cost": 2.11,
                      "Plan Rows": 8,
                      "Plan Width": 4,
                      "Actual Startup Time": 0.036,
                      "Actual Total Time": 0.05,
                      "Actual Rows": 9,
                      "Actual Loops": 13729,
                      "Index Cond": "(movie_id = mc.movie_id)",
                      "Rows Removed by Index Recheck": 0,
                      "Filter": "(person_id > 2869734)",
                      "Rows Removed by Filter": 29
                    }
                  ]
                }
              ]
            }
          ]
        }
      ]
    },
    "Planning Time": 1.385,
    "Triggers": [],
    "Execution Time": 283.782
  }
]