[
  {
    "Plan": {
      "Node Type": "Aggregate",
      "Strategy": "Plain",
      "Partial Mode": "Finalize",
      "Parallel Aware": false,
      "Startup Cost": 62088.9,
      "Total Cost": 62088.91,
      "Plan Rows": 1,
      "Plan Width": 8,
      "Actual Startup Time": 174.431,
      "Actual Total Time": 188.561,
      "Actual Rows": 1,
      "Actual Loops": 1,
      "Plans": [
        {
          "Node Type": "Gather",
          "Parent Relationship": "Outer",
          "Parallel Aware": false,
          "Startup Cost": 62088.68,
          "Total Cost": 62088.89,
          "Plan Rows": 2,
          "Plan Width": 8,
          "Actual Startup Time": 174.255,
          "Actual Total Time": 188.544,
          "Actual Rows": 3,
          "Actual Loops": 1,
          "Workers Planned": 2,
          "Workers Launched": 2,
          "Single Copy": false,
          "Plans": [
            {
              "Node Type": "Aggregate",
              "Strategy": "Plain",
              "Partial Mode": "Partial",
              "Parent Relationship": "Outer",
              "Parallel Aware": false,
              "Startup Cost": 61088.68,
              "Total Cost": 61088.69,
              "Plan Rows": 1,
              "Plan Width": 8,
              "Actual Startup Time": 169.528,
              "Actual Total Time": 169.53,
              "Actual Rows": 1,
              "Actual Loops": 3,
              "Plans": [
                {
                  "Node Type": "Hash Join",
                  "Parent Relationship": "Outer",
                  "Parallel Aware": true,
                  "Join Type": "Inner",
                  "Startup Cost": 45830.24,
                  "Total Cost": 61024.8,
                  "Plan Rows": 25555,
                  "Plan Width": 0,
                  "Actual Startup Time": 113.972,
                  "Actual Total Time": 169.519,
                  "Actual Rows": 48,
                  "Actual Loops": 3,
                  "Inner Unique": true,
                  "Hash Cond": "(mi_idx.movie_id = t.id)",
                  "Plans": [
                    {
                      "Node Type": "Seq Scan",
                      "Parent Relationship": "Outer",
                      "Parallel Aware": true,
                      "Relation Name": "movie_info_idx",
                      "Alias": "mi_idx",
                      "Startup Cost": 0.0,
                      "Total Cost": 13685.15,
                      "Plan Rows": 575015,
                      "Plan Width": 4,
                      "Actual Startup Time": 0.021,
                      "Actual Total Time": 33.896,
                      "Actual Rows": 460012,
                      "Actual Loops": 3
                    },
                    {
                      "Node Type": "Hash",
                      "Parent Relationship": "Inner",
                      "Parallel Aware": true,
                      "Startup Cost": 45479.1,
                      "Total Cost": 45479.1,
                      "Plan Rows": 28091,
                      "Plan Width": 4,
                      "Actual Startup Time": 103.442,
                      "Actual Total Time": 103.443,
                      "Actual Rows": 163,
                      "Actual Loops": 3,
                      "Hash Buckets": 131072,
                      "Original Hash Buckets": 131072,
                      "Hash Batches": 1,
                      "Original Hash Batches": 1,
                      "Peak Memory Usage": 1120,
                      "Plans": [
                        {
                          "Node Type": "Seq Scan",
                          "Parent Relationship": "Outer",
                          "Parallel Aware": true,
                          "Relation Name": "title",
                          "Alias": "t",
                          "Startup Cost": 0.0,
                          "Total Cost": 45479.1,
                          "Plan Rows": 28091,
                          "Plan Width": 4,
                          "Actual Startup Time": 9.313,
                          "Actual Total Time": 103.178,
                          "Actual Rows": 163,
                          "Actual Loops": 3,
                          "Filter": "((kind_id > 1) AND (production_year < 1947))",
                          "Rows Removed by Filter": 842608
                        }
                      ]
                    }
                  ]
                }
              ]
            }
          ]
        }
      ]
    },
    "Planning Time": 0.307,
    "Triggers": [],
    "Execution Time": 188.604
  }
]