[
    {
        "Bao": {
            "Bao prediction": "NaN",
            "Bao recommended hint": "(no hint)"
        }
    },
    {
        "Plan": {
            "Node Type": "Aggregate",
            "Strategy": "Plain",
            "Partial Mode": "Finalize",
            "Parallel Aware": false,
            "Startup Cost": 44470.35,
            "Total Cost": 44470.36,
            "Plan Rows": 1,
            "Plan Width": 8,
            "Actual Startup Time": 120.131,
            "Actual Total Time": 127.256,
            "Actual Rows": 1,
            "Actual Loops": 1,
            "Output": [
                "count(*)"
            ],
            "Plans": [
                {
                    "Node Type": "Gather",
                    "Parent Relationship": "Outer",
                    "Parallel Aware": false,
                    "Startup Cost": 44470.03,
                    "Total Cost": 44470.34,
                    "Plan Rows": 3,
                    "Plan Width": 8,
                    "Actual Startup Time": 120.015,
                    "Actual Total Time": 127.247,
                    "Actual Rows": 4,
                    "Actual Loops": 1,
                    "Output": [
                        "(PARTIAL count(*))"
                    ],
                    "Workers Planned": 3,
                    "Workers Launched": 3,
                    "Single Copy": false,
                    "Plans": [
                        {
                            "Node Type": "Aggregate",
                            "Strategy": "Plain",
                            "Partial Mode": "Partial",
                            "Parent Relationship": "Outer",
                            "Parallel Aware": false,
                            "Startup Cost": 43470.03,
                            "Total Cost": 43470.04,
                            "Plan Rows": 1,
                            "Plan Width": 8,
                            "Actual Startup Time": 111.433,
                            "Actual Total Time": 111.434,
                            "Actual Rows": 1,
                            "Actual Loops": 4,
                            "Output": [
                                "PARTIAL count(*)"
                            ],
                            "Workers": [
                                {
                                    "Worker Number": 0,
                                    "Actual Startup Time": 108.482,
                                    "Actual Total Time": 108.483,
                                    "Actual Rows": 1,
                                    "Actual Loops": 1
                                },
                                {
                                    "Worker Number": 1,
                                    "Actual Startup Time": 108.757,
                                    "Actual Total Time": 108.758,
                                    "Actual Rows": 1,
                                    "Actual Loops": 1
                                },
                                {
                                    "Worker Number": 2,
                                    "Actual Startup Time": 109.137,
                                    "Actual Total Time": 109.138,
                                    "Actual Rows": 1,
                                    "Actual Loops": 1
                                }
                            ],
                            "Plans": [
                                {
                                    "Node Type": "Seq Scan",
                                    "Parent Relationship": "Outer",
                                    "Parallel Aware": true,
                                    "Relation Name": "movie_keyword",
                                    "Schema": "public",
                                    "Alias": "mk",
                                    "Startup Cost": 0.0,
                                    "Total Cost": 42695.65,
                                    "Plan Rows": 309750,
                                    "Plan Width": 0,
                                    "Actual Startup Time": 2.249,
                                    "Actual Total Time": 98.956,
                                    "Actual Rows": 236474,
                                    "Actual Loops": 4,
                                    "Output": [
                                        "id",
                                        "movie_id",
                                        "keyword_id"
                                    ],
                                    "Filter": "(mk.keyword_id > 20071)",
                                    "Rows Removed by Filter": 894509,
                                    "Workers": [
                                        {
                                            "Worker Number": 0,
                                            "Actual Startup Time": 0.063,
                                            "Actual Total Time": 96.724,
                                            "Actual Rows": 209485,
                                            "Actual Loops": 1
                                        },
                                        {
                                            "Worker Number": 1,
                                            "Actual Startup Time": 0.063,
                                            "Actual Total Time": 96.732,
                                            "Actual Rows": 214629,
                                            "Actual Loops": 1
                                        },
                                        {
                                            "Worker Number": 2,
                                            "Actual Startup Time": 0.064,
                                            "Actual Total Time": 97.18,
                                            "Actual Rows": 211988,
                                            "Actual Loops": 1
                                        }
                                    ]
                                }
                            ]
                        }
                    ]
                }
            ]
        },
        "Planning Time": 179.765,
        "Triggers": [],
        "Execution Time": 127.345
    }
]