{
    "Plan": {
        "Node Type": "Aggregate",
        "Strategy": "Plain",
        "Partial Mode": "Simple",
        "Parallel Aware": false,
        "Startup Cost": 10400.53,
        "Total Cost": 10400.54,
        "Plan Rows": 1,
        "Plan Width": 128,
        "Actual Startup Time": 282.899,
        "Actual Total Time": 282.973,
        "Actual Rows": 1,
        "Actual Loops": 1,
        "Plans": [
            {
                "Node Type": "Nested Loop",
                "Parent Relationship": "Outer",
                "Parallel Aware": false,
                "Join Type": "Inner",
                "Startup Cost": 1006.14,
                "Total Cost": 10400.52,
                "Plan Rows": 1,
                "Plan Width": 81,
                "Actual Startup Time": 1.254,
                "Actual Total Time": 282.396,
                "Actual Rows": 2825,
                "Actual Loops": 1,
                "Inner Unique": true,
                "Plans": [
                    {
                        "Node Type": "Nested Loop",
                        "Parent Relationship": "Outer",
                        "Parallel Aware": false,
                        "Join Type": "Inner",
                        "Startup Cost": 1005.71,
                        "Total Cost": 10399.86,
                        "Plan Rows": 1,
                        "Plan Width": 70,
                        "Actual Startup Time": 1.243,
                        "Actual Total Time": 277.357,
                        "Actual Rows": 2825,
                        "Actual Loops": 1,
                        "Inner Unique": false,
                        "Join Filter": "(t.id = ci.movie_id)",
                        "Rows Removed by Join Filter": 0,
                        "Plans": [
                            {
                                "Node Type": "Gather",
                                "Parent Relationship": "Outer",
                                "Parallel Aware": false,
                                "Startup Cost": 1005.14,
                                "Total Cost": 10398.09,
                                "Plan Rows": 1,
                                "Plan Width": 86,
                                "Actual Startup Time": 1.18,
                                "Actual Total Time": 131.021,
                                "Actual Rows": 2840,
                                "Actual Loops": 1,
                                "Workers Planned": 1,
                                "Workers Launched": 1,
                                "Single Copy": false,
                                "Plans": [
                                    {
                                        "Node Type": "Nested Loop",
                                        "Parent Relationship": "Outer",
                                        "Parallel Aware": false,
                                        "Join Type": "Inner",
                                        "Startup Cost": 5.14,
                                        "Total Cost": 9397.99,
                                        "Plan Rows": 1,
                                        "Plan Width": 86,
                                        "Actual Startup Time": 3.044,
                                        "Actual Total Time": 193.677,
                                        "Actual Rows": 1420,
                                        "Actual Loops": 2,
                                        "Inner Unique": true,
                                        "Plans": [
                                            {
                                                "Node Type": "Nested Loop",
                                                "Parent Relationship": "Outer",
                                                "Parallel Aware": false,
                                                "Join Type": "Inner",
                                                "Startup Cost": 4.72,
                                                "Total Cost": 9394.41,
                                                "Plan Rows": 8,
                                                "Plan Width": 90,
                                                "Actual Startup Time": 2.745,
                                                "Actual Total Time": 76.726,
                                                "Actual Rows": 55218,
                                                "Actual Loops": 2,
                                                "Inner Unique": false,
                                                "Plans": [
                                                    {
                                                        "Node Type": "Nested Loop",
                                                        "Parent Relationship": "Outer",
                                                        "Parallel Aware": false,
                                                        "Join Type": "Inner",
                                                        "Startup Cost": 4.29,
                                                        "Total Cost": 9392.68,
                                                        "Plan Rows": 1,
                                                        "Plan Width": 82,
                                                        "Actual Startup Time": 2.696,
                                                        "Actual Total Time": 56.959,
                                                        "Actual Rows": 618,
                                                        "Actual Loops": 2,
                                                        "Inner Unique": true,
                                                        "Join Filter": "(mi.movie_id = t.id)",
                                                        "Rows Removed by Join Filter": 0,
                                                        "Plans": [
                                                            {
                                                                "Node Type": "Nested Loop",
                                                                "Parent Relationship": "Outer",
                                                                "Parallel Aware": false,
                                                                "Join Type": "Inner",
                                                                "Startup Cost": 3.86,
                                                                "Total Cost": 9392.15,
                                                                "Plan Rows": 1,
                                                                "Plan Width": 61,
                                                                "Actual Startup Time": 2.658,
                                                                "Actual Total Time": 54.511,
                                                                "Actual Rows": 618,
                                                                "Actual Loops": 2,
                                                                "Inner Unique": true,
                                                                "Plans": [
                                                                    {
                                                                        "Node Type": "Nested Loop",
                                                                        "Parent Relationship": "Outer",
                                                                        "Parallel Aware": false,
                                                                        "Join Type": "Inner",
                                                                        "Startup Cost": 3.72,
                                                                        "Total Cost": 9391.81,
                                                                        "Plan Rows": 2,
                                                                        "Plan Width": 65,
                                                                        "Actual Startup Time": 2.64,
                                                                        "Actual Total Time": 53.433,
                                                                        "Actual Rows": 648,
                                                                        "Actual Loops": 2,
                                                                        "Inner Unique": false,
                                                                        "Join Filter": "(mi_idx.movie_id = mi.movie_id)",
                                                                        "Rows Removed by Join Filter": 0,
                                                                        "Plans": [
                                                                            {
                                                                                "Node Type": "Hash Join",
                                                                                "Parent Relationship": "Outer",
                                                                                "Parallel Aware": false,
                                                                                "Join Type": "Inner",
                                                                                "Startup Cost": 3.28,
                                                                                "Total Cost": 9384.58,
                                                                                "Plan Rows": 4,
                                                                                "Plan Width": 13,
                                                                                "Actual Startup Time": 1.18,
                                                                                "Actual Total Time": 21.945,
                                                                                "Actual Rows": 724,
                                                                                "Actual Loops": 2,
                                                                                "Inner Unique": true,
                                                                                "Hash Cond": "(mi_idx.info_type_id = it2.id)",
                                                                                "Plans": [
                                                                                    {
                                                                                        "Node Type": "Nested Loop",
                                                                                        "Parent Relationship": "Outer",
                                                                                        "Parallel Aware": false,
                                                                                        "Join Type": "Inner",
                                                                                        "Startup Cost": 0.86,
                                                                                        "Total Cost": 9380.99,
                                                                                        "Plan Rows": 426,
                                                                                        "Plan Width": 17,
                                                                                        "Actual Startup Time": 0.809,
                                                                                        "Actual Total Time": 21.112,
                                                                                        "Actual Rows": 2185,
                                                                                        "Actual Loops": 2,
                                                                                        "Inner Unique": false,
                                                                                        "Plans": [
                                                                                            {
                                                                                                "Node Type": "Nested Loop",
                                                                                                "Parent Relationship": "Outer",
                                                                                                "Parallel Aware": false,
                                                                                                "Join Type": "Inner",
                                                                                                "Startup Cost": 0.43,
                                                                                                "Total Cost": 9301.79,
                                                                                                "Plan Rows": 150,
                                                                                                "Plan Width": 4,
                                                                                                "Actual Startup Time": 0.661,
                                                                                                "Actual Total Time": 16.244,
                                                                                                "Actual Rows": 907,
                                                                                                "Actual Loops": 2,
                                                                                                "Inner Unique": false,
                                                                                                "Plans": [
                                                                                                    {
                                                                                                        "Node Type": "Seq Scan",
                                                                                                        "Parent Relationship": "Outer",
                                                                                                        "Parallel Aware": true,
                                                                                                        "Relation Name": "company_name",
                                                                                                        "Alias": "cn",
                                                                                                        "Startup Cost": 0.0,
                                                                                                        "Total Cost": 4722.92,
                                                                                                        "Plan Rows": 14,
                                                                                                        "Plan Width": 4,
                                                                                                        "Actual Startup Time": 0.59,
                                                                                                        "Actual Total Time": 14.565,
                                                                                                        "Actual Rows": 5,
                                                                                                        "Actual Loops": 2,
                                                                                                        "Filter": "(name ~~ 'Lionsgate%'::text)",
                                                                                                        "Rows Removed by Filter": 117494
                                                                                                    },
                                                                                                    {
                                                                                                        "Node Type": "Index Scan",
                                                                                                        "Parent Relationship": "Inner",
                                                                                                        "Parallel Aware": false,
                                                                                                        "Scan Direction": "Forward",
                                                                                                        "Index Name": "company_id_movie_companies",
                                                                                                        "Relation Name": "movie_companies",
                                                                                                        "Alias": "mc",
                                                                                                        "Startup Cost": 0.43,
                                                                                                        "Total Cost": 325.73,
                                                                                                        "Plan Rows": 133,
                                                                                                        "Plan Width": 8,
                                                                                                        "Actual Startup Time": 0.022,
                                                                                                        "Actual Total Time": 0.303,
                                                                                                        "Actual Rows": 181,
                                                                                                        "Actual Loops": 10,
                                                                                                        "Index Cond": "(company_id = cn.id)",
                                                                                                        "Rows Removed by Index Recheck": 0
                                                                                                    }
                                                                                                ]
                                                                                            },
                                                                                            {
                                                                                                "Node Type": "Index Scan",
                                                                                                "Parent Relationship": "Inner",
                                                                                                "Parallel Aware": false,
                                                                                                "Scan Direction": "Forward",
                                                                                                "Index Name": "movie_id_movie_info_idx",
                                                                                                "Relation Name": "movie_info_idx",
                                                                                                "Alias": "mi_idx",
                                                                                                "Startup Cost": 0.43,
                                                                                                "Total Cost": 0.5,
                                                                                                "Plan Rows": 3,
                                                                                                "Plan Width": 13,
                                                                                                "Actual Startup Time": 0.004,
                                                                                                "Actual Total Time": 0.005,
                                                                                                "Actual Rows": 2,
                                                                                                "Actual Loops": 1814,
                                                                                                "Index Cond": "(movie_id = mc.movie_id)",
                                                                                                "Rows Removed by Index Recheck": 0
                                                                                            }
                                                                                        ]
                                                                                    },
                                                                                    {
                                                                                        "Node Type": "Hash",
                                                                                        "Parent Relationship": "Inner",
                                                                                        "Parallel Aware": false,
                                                                                        "Startup Cost": 2.41,
                                                                                        "Total Cost": 2.41,
                                                                                        "Plan Rows": 1,
                                                                                        "Plan Width": 4,
                                                                                        "Actual Startup Time": 0.083,
                                                                                        "Actual Total Time": 0.084,
                                                                                        "Actual Rows": 1,
                                                                                        "Actual Loops": 2,
                                                                                        "Hash Buckets": 1024,
                                                                                        "Original Hash Buckets": 1024,
                                                                                        "Hash Batches": 1,
                                                                                        "Original Hash Batches": 1,
                                                                                        "Peak Memory Usage": 9,
                                                                                        "Plans": [
                                                                                            {
                                                                                                "Node Type": "Seq Scan",
                                                                                                "Parent Relationship": "Outer",
                                                                                                "Parallel Aware": false,
                                                                                                "Relation Name": "info_type",
                                                                                                "Alias": "it2",
                                                                                                "Startup Cost": 0.0,
                                                                                                "Total Cost": 2.41,
                                                                                                "Plan Rows": 1,
                                                                                                "Plan Width": 4,
                                                                                                "Actual Startup Time": 0.069,
                                                                                                "Actual Total Time": 0.073,
                                                                                                "Actual Rows": 1,
                                                                                                "Actual Loops": 2,
                                                                                                "Filter": "((info)::text = 'votes'::text)",
                                                                                                "Rows Removed by Filter": 112
                                                                                            }
                                                                                        ]
                                                                                    }
                                                                                ]
                                                                            },
                                                                            {
                                                                                "Node Type": "Index Scan",
                                                                                "Parent Relationship": "Inner",
                                                                                "Parallel Aware": false,
                                                                                "Scan Direction": "Forward",
                                                                                "Index Name": "movie_id_movie_info",
                                                                                "Relation Name": "movie_info",
                                                                                "Alias": "mi",
                                                                                "Startup Cost": 0.43,
                                                                                "Total Cost": 1.8,
                                                                                "Plan Rows": 1,
                                                                                "Plan Width": 52,
                                                                                "Actual Startup Time": 0.042,
                                                                                "Actual Total Time": 0.043,
                                                                                "Actual Rows": 1,
                                                                                "Actual Loops": 1449,
                                                                                "Index Cond": "(movie_id = mc.movie_id)",
                                                                                "Rows Removed by Index Recheck": 0,
                                                                                "Filter": "(info = ANY ('{Horror,Action,Sci-Fi,Thriller,Crime,War}'::text[]))",
                                                                                "Rows Removed by Filter": 75
                                                                            }
                                                                        ]
                                                                    },
                                                                    {
                                                                        "Node Type": "Index Scan",
                                                                        "Parent Relationship": "Inner",
                                                                        "Parallel Aware": false,
                                                                        "Scan Direction": "Forward",
                                                                        "Index Name": "info_type_pkey",
                                                                        "Relation Name": "info_type",
                                                                        "Alias": "it1",
                                                                        "Startup Cost": 0.14,
                                                                        "Total Cost": 0.16,
                                                                        "Plan Rows": 1,
                                                                        "Plan Width": 4,
                                                                        "Actual Startup Time": 0.001,
                                                                        "Actual Total Time": 0.001,
                                                                        "Actual Rows": 1,
                                                                        "Actual Loops": 1295,
                                                                        "Index Cond": "(id = mi.info_type_id)",
                                                                        "Rows Removed by Index Recheck": 0,
                                                                        "Filter": "((info)::text = 'genres'::text)",
                                                                        "Rows Removed by Filter": 0
                                                                    }
                                                                ]
                                                            },
                                                            {
                                                                "Node Type": "Index Scan",
                                                                "Parent Relationship": "Inner",
                                                                "Parallel Aware": false,
                                                                "Scan Direction": "Forward",
                                                                "Index Name": "title_pkey",
                                                                "Relation Name": "title",
                                                                "Alias": "t",
                                                                "Startup Cost": 0.43,
                                                                "Total Cost": 0.51,
                                                                "Plan Rows": 1,
                                                                "Plan Width": 21,
                                                                "Actual Startup Time": 0.003,
                                                                "Actual Total Time": 0.003,
                                                                "Actual Rows": 1,
                                                                "Actual Loops": 1235,
                                                                "Index Cond": "(id = mc.movie_id)",
                                                                "Rows Removed by Index Recheck": 0
                                                            }
                                                        ]
                                                    },
                                                    {
                                                        "Node Type": "Index Scan",
                                                        "Parent Relationship": "Inner",
                                                        "Parallel Aware": false,
                                                        "Scan Direction": "Forward",
                                                        "Index Name": "movie_id_movie_keyword",
                                                        "Relation Name": "movie_keyword",
                                                        "Alias": "mk",
                                                        "Startup Cost": 0.43,
                                                        "Total Cost": 1.28,
                                                        "Plan Rows": 45,
                                                        "Plan Width": 8,
                                                        "Actual Startup Time": 0.005,
                                                        "Actual Total Time": 0.02,
                                                        "Actual Rows": 89,
                                                        "Actual Loops": 1235,
                                                        "Index Cond": "(movie_id = t.id)",
                                                        "Rows Removed by Index Recheck": 0
                                                    }
                                                ]
                                            },
                                            {
                                                "Node Type": "Index Scan",
                                                "Parent Relationship": "Inner",
                                                "Parallel Aware": false,
                                                "Scan Direction": "Forward",
                                                "Index Name": "keyword_pkey",
                                                "Relation Name": "keyword",
                                                "Alias": "k",
                                                "Startup Cost": 0.42,
                                                "Total Cost": 0.45,
                                                "Plan Rows": 1,
                                                "Plan Width": 4,
                                                "Actual Startup Time": 0.002,
                                                "Actual Total Time": 0.002,
                                                "Actual Rows": 0,
                                                "Actual Loops": 110436,
                                                "Index Cond": "(id = mk.keyword_id)",
                                                "Rows Removed by Index Recheck": 0,
                                                "Filter": "(keyword = ANY ('{murder,violence,blood,gore,death,female-nudity,hospital}'::text[]))",
                                                "Rows Removed by Filter": 1
                                            }
                                        ]
                                    }
                                ]
                            },
                            {
                                "Node Type": "Index Scan",
                                "Parent Relationship": "Inner",
                                "Parallel Aware": false,
                                "Scan Direction": "Forward",
                                "Index Name": "movie_id_cast_info",
                                "Relation Name": "cast_info",
                                "Alias": "ci",
                                "Startup Cost": 0.56,
                                "Total Cost": 1.76,
                                "Plan Rows": 1,
                                "Plan Width": 8,
                                "Actual Startup Time": 0.036,
                                "Actual Total Time": 0.051,
                                "Actual Rows": 1,
                                "Actual Loops": 2840,
                                "Index Cond": "(movie_id = mk.movie_id)",
                                "Rows Removed by Index Recheck": 0,
                                "Filter": "(note = ANY ('{(writer),\"(head writer)\",\"(written by)\",(story),\"(story editor)\"}'::text[]))",
                                "Rows Removed by Filter": 126
                            }
                        ]
                    },
                    {
                        "Node Type": "Index Scan",
                        "Parent Relationship": "Inner",
                        "Parallel Aware": false,
                        "Scan Direction": "Forward",
                        "Index Name": "name_pkey",
                        "Relation Name": "name",
                        "Alias": "n",
                        "Startup Cost": 0.43,
                        "Total Cost": 0.65,
                        "Plan Rows": 1,
                        "Plan Width": 19,
                        "Actual Startup Time": 0.002,
                        "Actual Total Time": 0.002,
                        "Actual Rows": 1,
                        "Actual Loops": 2825,
                        "Index Cond": "(id = ci.person_id)",
                        "Rows Removed by Index Recheck": 0
                    }
                ]
            }
        ]
    },
    "Planning Time": 54.416,
    "Triggers": [],
    "Execution Time": 283.067
}