[
  {
    "Plan": {
      "Node Type": "Aggregate",
      "Strategy": "Plain",
      "Partial Mode": "Finalize",
      "Parallel Aware": false,
      "Startup Cost": 206764.75,
      "Total Cost": 206764.76,
      "Plan Rows": 1,
      "Plan Width": 8,
      "Actual Startup Time": 491.976,
      "Actual Total Time": 528.295,
      "Actual Rows": 1,
      "Actual Loops": 1,
      "Plans": [
        {
          "Node Type": "Gather",
          "Parent Relationship": "Outer",
          "Parallel Aware": false,
          "Startup Cost": 206764.23,
          "Total Cost": 206764.74,
          "Plan Rows": 5,
          "Plan Width": 8,
          "Actual Startup Time": 491.868,
          "Actual Total Time": 528.286,
          "Actual Rows": 6,
          "Actual Loops": 1,
          "Workers Planned": 5,
          "Workers Launched": 5,
          "Single Copy": false,
          "Plans": [
            {
              "Node Type": "Aggregate",
              "Strategy": "Plain",
              "Partial Mode": "Partial",
              "Parent Relationship": "Outer",
              "Parallel Aware": false,
              "Startup Cost": 205764.23,
              "Total Cost": 205764.24,
              "Plan Rows": 1,
              "Plan Width": 8,
              "Actual Startup Time": 484.001,
              "Actual Total Time": 484.002,
              "Actual Rows": 1,
              "Actual Loops": 6,
              "Plans": [
                {
                  "Node Type": "Seq Scan",
                  "Parent Relationship": "Outer",
                  "Parallel Aware": true,
                  "Relation Name": "movie_info",
                  "Alias": "mi",
                  "Startup Cost": 0.0,
                  "Total Cost": 198952.16,
                  "Plan Rows": 2724827,
                  "Plan Width": 0,
                  "Actual Startup Time": 0.054,
                  "Actual Total Time": 377.926,
                  "Actual Rows": 2287797,
                  "Actual Loops": 6,
                  "Filter": "(info_type_id < 65)",
                  "Rows Removed by Filter": 184823
                }
              ]
            }
          ]
        }
      ]
    },
    "Planning Time": 0.175,
    "Triggers": [],
    "Execution Time": 528.353
  }
]