[
  {
    "Plan": {
      "Node Type": "Aggregate",
      "Strategy": "Plain",
      "Partial Mode": "Finalize",
      "Parallel Aware": false,
      "Startup Cost": 356287.73,
      "Total Cost": 356287.74,
      "Plan Rows": 1,
      "Plan Width": 8,
      "Actual Startup Time": 591.414,
      "Actual Total Time": 608.636,
      "Actual Rows": 1,
      "Actual Loops": 1,
      "Plans": [
        {
          "Node Type": "Gather",
          "Parent Relationship": "Outer",
          "Parallel Aware": false,
          "Startup Cost": 356287.1,
          "Total Cost": 356287.71,
          "Plan Rows": 6,
          "Plan Width": 8,
          "Actual Startup Time": 573.497,
          "Actual Total Time": 608.627,
          "Actual Rows": 7,
          "Actual Loops": 1,
          "Workers Planned": 6,
          "Workers Launched": 6,
          "Single Copy": false,
          "Plans": [
            {
              "Node Type": "Aggregate",
              "Strategy": "Plain",
              "Partial Mode": "Partial",
              "Parent Relationship": "Outer",
              "Parallel Aware": false,
              "Startup Cost": 355287.1,
              "Total Cost": 355287.11,
              "Plan Rows": 1,
              "Plan Width": 8,
              "Actual Startup Time": 559.861,
              "Actual Total Time": 559.867,
              "Actual Rows": 1,
              "Actual Loops": 7,
              "Plans": [
                {
                  "Node Type": "Hash Join",
                  "Parent Relationship": "Outer",
                  "Parallel Aware": true,
                  "Join Type": "Inner",
                  "Startup Cost": 96449.11,
                  "Total Cost": 354414.62,
                  "Plan Rows": 348993,
                  "Plan Width": 0,
                  "Actual Startup Time": 337.852,
                  "Actual Total Time": 545.415,
                  "Actual Rows": 306278,
                  "Actual Loops": 7,
                  "Inner Unique": true,
                  "Hash Cond": "(ci.movie_id = t.id)",
                  "Plans": [
                    {
                      "Node Type": "Bitmap Heap Scan",
                      "Parent Relationship": "Outer",
                      "Parallel Aware": true,
                      "Relation Name": "cast_info",
                      "Alias": "ci",
                      "Startup Cost": 46228.72,
                      "Total Cost": 303278.13,
                      "Plan Rows": 348993,
                      "Plan Width": 4,
                      "Actual Startup Time": 94.365,
                      "Actual Total Time": 149.243,
                      "Actual Rows": 306278,
                      "Actual Loops": 7,
                      "Recheck Cond": "(person_id < 210565)",
                      "Rows Removed by Index Recheck": 0,
                      "Exact Heap Blocks": 3509,
                      "Lossy Heap Blocks": 0,
                      "Plans": [
                        {
                          "Node Type": "Bitmap Index Scan",
                          "Parent Relationship": "Outer",
                          "Parallel Aware": false,
                          "Index Name": "person_id_cast_info",
                          "Startup Cost": 0.0,
                          "Total Cost": 45705.24,
                          "Plan Rows": 2093956,
                          "Plan Width": 0,
                          "Actual Startup Time": 90.647,
                          "Actual Total Time": 90.648,
                          "Actual Rows": 2143945,
                          "Actual Loops": 1,
                          "Index Cond": "(person_id < 210565)"
                        }
                      ]
                    },
                    {
                      "Node Type": "Hash",
                      "Parent Relationship": "Inner",
                      "Parallel Aware": true,
                      "Startup Cost": 42319.06,
                      "Total Cost": 42319.06,
                      "Plan Rows": 632106,
                      "Plan Width": 4,
                      "Actual Startup Time": 238.917,
                      "Actual Total Time": 238.919,
                      "Actual Rows": 361187,
                      "Actual Loops": 7,
                      "Hash Buckets": 4194304,
                      "Original Hash Buckets": 4194304,
                      "Hash Batches": 1,
                      "Original Hash Batches": 1,
                      "Peak Memory Usage": 131744,
                      "Plans": [
                        {
                          "Node Type": "Seq Scan",
                          "Parent Relationship": "Outer",
                          "Parallel Aware": true,
                          "Relation Name": "title",
                          "Alias": "t",
                          "Startup Cost": 0.0,
                          "Total Cost": 42319.06,
                          "Plan Rows": 632106,
                          "Plan Width": 4,
                          "Actual Startup Time": 0.022,
                          "Actual Total Time": 73.96,
                          "Actual Rows": 361187,
                          "Actual Loops": 7
                        }
                      ]
                    }
                  ]
                }
              ]
            }
          ]
        }
      ]
    },
    "Planning Time": 0.233,
    "Triggers": [],
    "Execution Time": 608.687
  }
]