[
  {
    "Plan": {
      "Node Type": "Aggregate",
      "Strategy": "Plain",
      "Partial Mode": "Simple",
      "Parallel Aware": false,
      "Startup Cost": 745.59,
      "Total Cost": 745.6,
      "Plan Rows": 1,
      "Plan Width": 8,
      "Actual Startup Time": 0.721,
      "Actual Total Time": 0.724,
      "Actual Rows": 1,
      "Actual Loops": 1,
      "Plans": [
        {
          "Node Type": "Nested Loop",
          "Parent Relationship": "Outer",
          "Parallel Aware": false,
          "Join Type": "Inner",
          "Startup Cost": 1.29,
          "Total Cost": 745.29,
          "Plan Rows": 117,
          "Plan Width": 0,
          "Actual Startup Time": 0.22,
          "Actual Total Time": 0.711,
          "Actual Rows": 25,
          "Actual Loops": 1,
          "Inner Unique": false,
          "Plans": [
            {
              "Node Type": "Nested Loop",
              "Parent Relationship": "Outer",
              "Parallel Aware": false,
              "Join Type": "Inner",
              "Startup Cost": 0.86,
              "Total Cost": 696.45,
              "Plan Rows": 20,
              "Plan Width": 8,
              "Actual Startup Time": 0.167,
              "Actual Total Time": 0.534,
              "Actual Rows": 2,
              "Actual Loops": 1,
              "Inner Unique": true,
              "Plans": [
                {
                  "Node Type": "Index Scan",
                  "Parent Relationship": "Outer",
                  "Parallel Aware": false,
                  "Scan Direction": "Forward",
                  "Index Name": "company_id_movie_companies",
                  "Relation Name": "movie_companies",
                  "Alias": "mc",
                  "Startup Cost": 0.43,
                  "Total Cost": 273.83,
                  "Plan Rows": 50,
                  "Plan Width": 4,
                  "Actual Startup Time": 0.139,
                  "Actual Total Time": 0.451,
                  "Actual Rows": 4,
                  "Actual Loops": 1,
                  "Index Cond": "(company_id = 3391)",
                  "Rows Removed by Index Recheck": 0,
                  "Filter": "(company_type_id < 2)",
                  "Rows Removed by Filter": 496
                },
                {
                  "Node Type": "Index Scan",
                  "Parent Relationship": "Inner",
                  "Parallel Aware": false,
                  "Scan Direction": "Forward",
                  "Index Name": "title_pkey",
                  "Relation Name": "title",
                  "Alias": "t",
                  "Startup Cost": 0.43,
                  "Total Cost": 8.45,
                  "Plan Rows": 1,
                  "Plan Width": 4,
                  "Actual Startup Time": 0.018,
                  "Actual Total Time": 0.018,
                  "Actual Rows": 0,
                  "Actual Loops": 4,
                  "Index Cond": "(id = mc.movie_id)",
                  "Rows Removed by Index Recheck": 0,
                  "Filter": "((production_year < 2008) AND (kind_id = 7))",
                  "Rows Removed by Filter": 0
                }
              ]
            },
            {
              "Node Type": "Index Only Scan",
              "Parent Relationship": "Inner",
              "Parallel Aware": false,
              "Scan Direction": "Forward",
              "Index Name": "movie_id_movie_info",
              "Relation Name": "movie_info",
              "Alias": "mi",
              "Startup Cost": 0.43,
              "Total Cost": 2.02,
              "Plan Rows": 42,
              "Plan Width": 4,
              "Actual Startup Time": 0.033,
              "Actual Total Time": 0.062,
              "Actual Rows": 12,
              "Actual Loops": 2,
              "Index Cond": "(movie_id = t.id)",
              "Rows Removed by Index Recheck": 0,
              "Heap Fetches": 25
            }
          ]
        }
      ]
    },
    "Planning Time": 1.469,
    "Triggers": [],
    "Execution Time": 0.798
  }
]