[
  {
    "Plan": {
      "Node Type": "Aggregate",
      "Strategy": "Plain",
      "Partial Mode": "Finalize",
      "Parallel Aware": false,
      "Startup Cost": 79426.67,
      "Total Cost": 79426.68,
      "Plan Rows": 1,
      "Plan Width": 8,
      "Actual Startup Time": 222.634,
      "Actual Total Time": 238.299,
      "Actual Rows": 1,
      "Actual Loops": 1,
      "Plans": [
        {
          "Node Type": "Gather",
          "Parent Relationship": "Outer",
          "Parallel Aware": false,
          "Startup Cost": 79426.25,
          "Total Cost": 79426.66,
          "Plan Rows": 4,
          "Plan Width": 8,
          "Actual Startup Time": 221.229,
          "Actual Total Time": 238.289,
          "Actual Rows": 5,
          "Actual Loops": 1,
          "Workers Planned": 4,
          "Workers Launched": 4,
          "Single Copy": false,
          "Plans": [
            {
              "Node Type": "Aggregate",
              "Strategy": "Plain",
              "Partial Mode": "Partial",
              "Parent Relationship": "Outer",
              "Parallel Aware": false,
              "Startup Cost": 78426.25,
              "Total Cost": 78426.26,
              "Plan Rows": 1,
              "Plan Width": 8,
              "Actual Startup Time": 211.746,
              "Actual Total Time": 211.749,
              "Actual Rows": 1,
              "Actual Loops": 5,
              "Plans": [
                {
                  "Node Type": "Hash Join",
                  "Parent Relationship": "Outer",
                  "Parallel Aware": true,
                  "Join Type": "Inner",
                  "Startup Cost": 32545.69,
                  "Total Cost": 78250.96,
                  "Plan Rows": 70114,
                  "Plan Width": 0,
                  "Actual Startup Time": 77.009,
                  "Actual Total Time": 210.177,
                  "Actual Rows": 28465,
                  "Actual Loops": 5,
                  "Inner Unique": false,
                  "Hash Cond": "(t.id = mc.movie_id)",
                  "Plans": [
                    {
                      "Node Type": "Seq Scan",
                      "Parent Relationship": "Outer",
                      "Parallel Aware": true,
                      "Relation Name": "title",
                      "Alias": "t",
                      "Startup Cost": 0.0,
                      "Total Cost": 42318.73,
                      "Plan Rows": 632073,
                      "Plan Width": 4,
                      "Actual Startup Time": 0.015,
                      "Actual Total Time": 63.302,
                      "Actual Rows": 505662,
                      "Actual Loops": 5
                    },
                    {
                      "Node Type": "Hash",
                      "Parent Relationship": "Inner",
                      "Parallel Aware": true,
                      "Startup Cost": 31414.82,
                      "Total Cost": 31414.82,
                      "Plan Rows": 90470,
                      "Plan Width": 4,
                      "Actual Startup Time": 73.96,
                      "Actual Total Time": 73.961,
                      "Actual Rows": 28465,
                      "Actual Loops": 5,
                      "Hash Buckets": 524288,
                      "Original Hash Buckets": 524288,
                      "Hash Batches": 1,
                      "Original Hash Batches": 1,
                      "Peak Memory Usage": 9760,
                      "Plans": [
                        {
                          "Node Type": "Seq Scan",
                          "Parent Relationship": "Outer",
                          "Parallel Aware": true,
                          "Relation Name": "movie_companies",
                          "Alias": "mc",
                          "Startup Cost": 0.0,
                          "Total Cost": 31414.82,
                          "Plan Rows": 90470,
                          "Plan Width": 4,
                          "Actual Startup Time": 41.51,
                          "Actual Total Time": 64.871,
                          "Actual Rows": 28465,
                          "Actual Loops": 5,
                          "Filter": "((company_id < 554) AND (company_type_id > 1))",
                          "Rows Removed by Filter": 493361
                        }
                      ]
                    }
                  ]
                }
              ]
            }
          ]
        }
      ]
    },
    "Planning Time": 0.575,
    "Triggers": [],
    "Execution Time": 238.373
  }
]