[
  {
    "Plan": {
      "Node Type": "Aggregate",
      "Strategy": "Plain",
      "Partial Mode": "Finalize",
      "Parallel Aware": false,
      "Startup Cost": 45199.34,
      "Total Cost": 45199.35,
      "Plan Rows": 1,
      "Plan Width": 8,
      "Actual Startup Time": 145.421,
      "Actual Total Time": 154.655,
      "Actual Rows": 1,
      "Actual Loops": 1,
      "Plans": [
        {
          "Node Type": "Gather",
          "Parent Relationship": "Outer",
          "Parallel Aware": false,
          "Startup Cost": 45199.03,
          "Total Cost": 45199.34,
          "Plan Rows": 3,
          "Plan Width": 8,
          "Actual Startup Time": 145.261,
          "Actual Total Time": 154.646,
          "Actual Rows": 4,
          "Actual Loops": 1,
          "Workers Planned": 3,
          "Workers Launched": 3,
          "Single Copy": false,
          "Plans": [
            {
              "Node Type": "Aggregate",
              "Strategy": "Plain",
              "Partial Mode": "Partial",
              "Parent Relationship": "Outer",
              "Parallel Aware": false,
              "Startup Cost": 44199.03,
              "Total Cost": 44199.04,
              "Plan Rows": 1,
              "Plan Width": 8,
              "Actual Startup Time": 140.965,
              "Actual Total Time": 140.966,
              "Actual Rows": 1,
              "Actual Loops": 4,
              "Plans": [
                {
                  "Node Type": "Seq Scan",
                  "Parent Relationship": "Outer",
                  "Parallel Aware": true,
                  "Relation Name": "movie_keyword",
                  "Alias": "mk",
                  "Startup Cost": 0.0,
                  "Total Cost": 42695.65,
                  "Plan Rows": 601349,
                  "Plan Width": 0,
                  "Actual Startup Time": 0.037,
                  "Actual Total Time": 116.979,
                  "Actual Rows": 466443,
                  "Actual Loops": 4,
                  "Filter": "(keyword_id < 3154)",
                  "Rows Removed by Filter": 664540
                }
              ]
            }
          ]
        }
      ]
    },
    "Planning Time": 0.089,
    "Triggers": [],
    "Execution Time": 154.683
  }
]