[
    {
        "Bao": {
            "Bao prediction": "NaN",
            "Bao recommended hint": "(no hint)"
        }
    },
    {
        "Plan": {
            "Node Type": "Aggregate",
            "Strategy": "Plain",
            "Partial Mode": "Finalize",
            "Parallel Aware": false,
            "Startup Cost": 32902.55,
            "Total Cost": 32902.56,
            "Plan Rows": 1,
            "Plan Width": 8,
            "Actual Startup Time": 94.401,
            "Actual Total Time": 100.746,
            "Actual Rows": 1,
            "Actual Loops": 1,
            "Output": [
                "count(*)"
            ],
            "Plans": [
                {
                    "Node Type": "Gather",
                    "Parent Relationship": "Outer",
                    "Parallel Aware": false,
                    "Startup Cost": 32902.24,
                    "Total Cost": 32902.55,
                    "Plan Rows": 3,
                    "Plan Width": 8,
                    "Actual Startup Time": 94.298,
                    "Actual Total Time": 100.74,
                    "Actual Rows": 4,
                    "Actual Loops": 1,
                    "Output": [
                        "(PARTIAL count(*))"
                    ],
                    "Workers Planned": 3,
                    "Workers Launched": 3,
                    "Single Copy": false,
                    "Plans": [
                        {
                            "Node Type": "Aggregate",
                            "Strategy": "Plain",
                            "Partial Mode": "Partial",
                            "Parent Relationship": "Outer",
                            "Parallel Aware": false,
                            "Startup Cost": 31902.24,
                            "Total Cost": 31902.25,
                            "Plan Rows": 1,
                            "Plan Width": 8,
                            "Actual Startup Time": 86.486,
                            "Actual Total Time": 86.487,
                            "Actual Rows": 1,
                            "Actual Loops": 4,
                            "Output": [
                                "PARTIAL count(*)"
                            ],
                            "Workers": [
                                {
                                    "Worker Number": 0,
                                    "Actual Startup Time": 83.732,
                                    "Actual Total Time": 83.733,
                                    "Actual Rows": 1,
                                    "Actual Loops": 1
                                },
                                {
                                    "Worker Number": 1,
                                    "Actual Startup Time": 83.932,
                                    "Actual Total Time": 83.933,
                                    "Actual Rows": 1,
                                    "Actual Loops": 1
                                },
                                {
                                    "Worker Number": 2,
                                    "Actual Startup Time": 84.236,
                                    "Actual Total Time": 84.237,
                                    "Actual Rows": 1,
                                    "Actual Loops": 1
                                }
                            ],
                            "Plans": [
                                {
                                    "Node Type": "Seq Scan",
                                    "Parent Relationship": "Outer",
                                    "Parallel Aware": true,
                                    "Relation Name": "movie_companies",
                                    "Schema": "public",
                                    "Alias": "mc",
                                    "Startup Cost": 0.0,
                                    "Total Cost": 31414.82,
                                    "Plan Rows": 194967,
                                    "Plan Width": 0,
                                    "Actual Startup Time": 41.287,
                                    "Actual Total Time": 76.78,
                                    "Actual Rows": 220309,
                                    "Actual Loops": 4,
                                    "Output": [
                                        "id",
                                        "movie_id",
                                        "company_id",
                                        "company_type_id",
                                        "note"
                                    ],
                                    "Filter": "((mc.company_id > 12437) AND (mc.company_type_id > 1))",
                                    "Rows Removed by Filter": 431973,
                                    "Workers": [
                                        {
                                            "Worker Number": 0,
                                            "Actual Startup Time": 38.535,
                                            "Actual Total Time": 74.265,
                                            "Actual Rows": 232383,
                                            "Actual Loops": 1
                                        },
                                        {
                                            "Worker Number": 1,
                                            "Actual Startup Time": 38.744,
                                            "Actual Total Time": 74.552,
                                            "Actual Rows": 231367,
                                            "Actual Loops": 1
                                        },
                                        {
                                            "Worker Number": 2,
                                            "Actual Startup Time": 39.028,
                                            "Actual Total Time": 74.761,
                                            "Actual Rows": 143685,
                                            "Actual Loops": 1
                                        }
                                    ]
                                }
                            ]
                        }
                    ]
                }
            ]
        },
        "Planning Time": 192.005,
        "Triggers": [],
        "Execution Time": 100.791
    }
]