[
  {
    "Plan": {
      "Node Type": "Aggregate",
      "Strategy": "Plain",
      "Partial Mode": "Finalize",
      "Parallel Aware": false,
      "Startup Cost": 32809.11,
      "Total Cost": 32809.12,
      "Plan Rows": 1,
      "Plan Width": 8,
      "Actual Startup Time": 96.125,
      "Actual Total Time": 104.347,
      "Actual Rows": 1,
      "Actual Loops": 1,
      "Plans": [
        {
          "Node Type": "Gather",
          "Parent Relationship": "Outer",
          "Parallel Aware": false,
          "Startup Cost": 32808.8,
          "Total Cost": 32809.11,
          "Plan Rows": 3,
          "Plan Width": 8,
          "Actual Startup Time": 96.042,
          "Actual Total Time": 104.339,
          "Actual Rows": 4,
          "Actual Loops": 1,
          "Workers Planned": 3,
          "Workers Launched": 3,
          "Single Copy": false,
          "Plans": [
            {
              "Node Type": "Aggregate",
              "Strategy": "Plain",
              "Partial Mode": "Partial",
              "Parent Relationship": "Outer",
              "Parallel Aware": false,
              "Startup Cost": 31808.8,
              "Total Cost": 31808.81,
              "Plan Rows": 1,
              "Plan Width": 8,
              "Actual Startup Time": 87.351,
              "Actual Total Time": 87.352,
              "Actual Rows": 1,
              "Actual Loops": 4,
              "Plans": [
                {
                  "Node Type": "Seq Scan",
                  "Parent Relationship": "Outer",
                  "Parallel Aware": true,
                  "Relation Name": "movie_companies",
                  "Alias": "mc",
                  "Startup Cost": 0.0,
                  "Total Cost": 31414.82,
                  "Plan Rows": 157591,
                  "Plan Width": 0,
                  "Actual Startup Time": 0.034,
                  "Actual Total Time": 75.391,
                  "Actual Rows": 175199,
                  "Actual Loops": 4,
                  "Filter": "((company_id < 4787) AND (company_type_id < 2))",
                  "Rows Removed by Filter": 477083
                }
              ]
            }
          ]
        }
      ]
    },
    "Planning Time": 0.179,
    "Triggers": [],
    "Execution Time": 104.395
  }
]