[
  {
    "Plan": {
      "Node Type": "Aggregate",
      "Strategy": "Plain",
      "Partial Mode": "Finalize",
      "Parallel Aware": false,
      "Startup Cost": 85237.71,
      "Total Cost": 85237.72,
      "Plan Rows": 1,
      "Plan Width": 8,
      "Actual Startup Time": 401.999,
      "Actual Total Time": 432.991,
      "Actual Rows": 1,
      "Actual Loops": 1,
      "Plans": [
        {
          "Node Type": "Gather",
          "Parent Relationship": "Outer",
          "Parallel Aware": false,
          "Startup Cost": 85237.29,
          "Total Cost": 85237.7,
          "Plan Rows": 4,
          "Plan Width": 8,
          "Actual Startup Time": 401.243,
          "Actual Total Time": 432.982,
          "Actual Rows": 5,
          "Actual Loops": 1,
          "Workers Planned": 4,
          "Workers Launched": 4,
          "Single Copy": false,
          "Plans": [
            {
              "Node Type": "Aggregate",
              "Strategy": "Plain",
              "Partial Mode": "Partial",
              "Parent Relationship": "Outer",
              "Parallel Aware": false,
              "Startup Cost": 84237.29,
              "Total Cost": 84237.3,
              "Plan Rows": 1,
              "Plan Width": 8,
              "Actual Startup Time": 390.725,
              "Actual Total Time": 390.729,
              "Actual Rows": 1,
              "Actual Loops": 5,
              "Plans": [
                {
                  "Node Type": "Nested Loop",
                  "Parent Relationship": "Outer",
                  "Parallel Aware": false,
                  "Join Type": "Inner",
                  "Startup Cost": 20849.0,
                  "Total Cost": 84103.02,
                  "Plan Rows": 53706,
                  "Plan Width": 0,
                  "Actual Startup Time": 120.418,
                  "Actual Total Time": 379.55,
                  "Actual Rows": 243931,
                  "Actual Loops": 5,
                  "Inner Unique": false,
                  "Plans": [
                    {
                      "Node Type": "Hash Join",
                      "Parent Relationship": "Outer",
                      "Parallel Aware": true,
                      "Join Type": "Inner",
                      "Startup Cost": 20848.57,
                      "Total Cost": 66357.3,
                      "Plan Rows": 9185,
                      "Plan Width": 8,
                      "Actual Startup Time": 120.321,
                      "Actual Total Time": 165.442,
                      "Actual Rows": 13892,
                      "Actual Loops": 5,
                      "Inner Unique": false,
                      "Hash Cond": "(t.id = mc.movie_id)",
                      "Plans": [
                        {
                          "Node Type": "Seq Scan",
                          "Parent Relationship": "Outer",
                          "Parallel Aware": true,
                          "Relation Name": "title",
                          "Alias": "t",
                          "Startup Cost": 0.0,
                          "Total Cost": 42318.73,
                          "Plan Rows": 632073,
                          "Plan Width": 4,
                          "Actual Startup Time": 0.015,
                          "Actual Total Time": 66.84,
                          "Actual Rows": 505662,
                          "Actual Loops": 5
                        },
                        {
                          "Node Type": "Hash",
                          "Parent Relationship": "Inner",
                          "Parallel Aware": true,
                          "Startup Cost": 20700.43,
                          "Total Cost": 20700.43,
                          "Plan Rows": 11851,
                          "Plan Width": 4,
                          "Actual Startup Time": 28.279,
                          "Actual Total Time": 28.281,
                          "Actual Rows": 13892,
                          "Actual Loops": 5,
                          "Hash Buckets": 131072,
                          "Original Hash Buckets": 65536,
                          "Hash Batches": 1,
                          "Original Hash Batches": 1,
                          "Peak Memory Usage": 4352,
                          "Plans": [
                            {
                              "Node Type": "Bitmap Heap Scan",
                              "Parent Relationship": "Outer",
                              "Parallel Aware": true,
                              "Relation Name": "movie_companies",
                              "Alias": "mc",
                              "Startup Cost": 1560.31,
                              "Total Cost": 20700.43,
                              "Plan Rows": 11851,
                              "Plan Width": 4,
                              "Actual Startup Time": 2.267,
                              "Actual Total Time": 17.682,
                              "Actual Rows": 13892,
                              "Actual Loops": 5,
                              "Recheck Cond": "(company_id > 177173)",
                              "Rows Removed by Index Recheck": 0,
                              "Filter": "(company_type_id = 2)",
                              "Rows Removed by Filter": 0,
                              "Exact Heap Blocks": 825,
                              "Lossy Heap Blocks": 0,
                              "Plans": [
                                {
                                  "Node Type": "Bitmap Index Scan",
                                  "Parent Relationship": "Outer",
                                  "Parallel Aware": false,
                                  "Index Name": "company_id_movie_companies",
                                  "Startup Cost": 0.0,
                                  "Total Cost": 1551.12,
                                  "Plan Rows": 72359,
                                  "Plan Width": 0,
                                  "Actual Startup Time": 7.536,
                                  "Actual Total Time": 7.536,
                                  "Actual Rows": 69459,
                                  "Actual Loops": 1,
                                  "Index Cond": "(company_id > 177173)"
                                }
                              ]
                            }
                          ]
                        }
                      ]
                    },
                    {
                      "Node Type": "Index Only Scan",
                      "Parent Relationship": "Inner",
                      "Parallel Aware": false,
                      "Scan Direction": "Forward",
                      "Index Name": "movie_id_movie_info",
                      "Relation Name": "movie_info",
                      "Alias": "mi",
                      "Startup Cost": 0.43,
                      "Total Cost": 1.51,
                      "Plan Rows": 42,
                      "Plan Width": 4,
                      "Actual Startup Time": 0.005,
                      "Actual Total Time": 0.014,
                      "Actual Rows": 18,
                      "Actual Loops": 69459,
                      "Index Cond": "(movie_id = t.id)",
                      "Rows Removed by Index Recheck": 0,
                      "Heap Fetches": 1219657
                    }
                  ]
                }
              ]
            }
          ]
        }
      ]
    },
    "Planning Time": 1.469,
    "Triggers": [],
    "Execution Time": 433.104
  }
]