{
  "Plan": {
    "Node Type": "Aggregate",
    "Strategy": "Plain",
    "Partial Mode": "Finalize",
    "Parallel Aware": false,
    "Startup Cost": 282180.42,
    "Total Cost": 282180.43,
    "Plan Rows": 1,
    "Plan Width": 8,
    "Actual Startup Time": 1183.293,
    "Actual Total Time": 1244.513,
    "Actual Rows": 1,
    "Actual Loops": 1,
    "Plans": [
      {
        "Node Type": "Gather",
        "Parent Relationship": "Outer",
        "Parallel Aware": false,
        "Startup Cost": 282180.31,
        "Total Cost": 282180.42,
        "Plan Rows": 1,
        "Plan Width": 8,
        "Actual Startup Time": 1180.548,
        "Actual Total Time": 1244.504,
        "Actual Rows": 2,
        "Actual Loops": 1,
        "Workers Planned": 1,
        "Workers Launched": 1,
        "Single Copy": false,
        "Plans": [
          {
            "Node Type": "Aggregate",
            "Strategy": "Plain",
            "Partial Mode": "Partial",
            "Parent Relationship": "Outer",
            "Parallel Aware": false,
            "Startup Cost": 281180.31,
            "Total Cost": 281180.32,
            "Plan Rows": 1,
            "Plan Width": 8,
            "Actual Startup Time": 1174.651,
            "Actual Total Time": 1174.655,
            "Actual Rows": 1,
            "Actual Loops": 2,
            "Plans": [
              {
                "Node Type": "Nested Loop",
                "Parent Relationship": "Outer",
                "Parallel Aware": false,
                "Join Type": "Inner",
                "Startup Cost": 68842.72,
                "Total Cost": 280076.11,
                "Plan Rows": 441680,
                "Plan Width": 0,
                "Actual Startup Time": 313.187,
                "Actual Total Time": 1104.688,
                "Actual Rows": 1697276,
                "Actual Loops": 2,
                "Inner Unique": false,
                "Plans": [
                  {
                    "Node Type": "Hash Join",
                    "Parent Relationship": "Outer",
                    "Parallel Aware": true,
                    "Join Type": "Inner",
                    "Startup Cost": 68842.28,
                    "Total Cost": 96119.96,
                    "Plan Rows": 75536,
                    "Plan Width": 8,
                    "Actual Startup Time": 313.103,
                    "Actual Total Time": 420.192,
                    "Actual Rows": 39966,
                    "Actual Loops": 2,
                    "Inner Unique": true,
                    "Hash Cond": "(mk.movie_id = t.id)",
                    "Plans": [
                      {
                        "Node Type": "Bitmap Heap Scan",
                        "Parent Relationship": "Outer",
                        "Parallel Aware": true,
                        "Relation Name": "movie_keyword",
                        "Alias": "mk",
                        "Startup Cost": 6732.07,
                        "Total Cost": 33519.68,
                        "Plan Rows": 186689,
                        "Plan Width": 4,
                        "Actual Startup Time": 23.008,
                        "Actual Total Time": 75.662,
                        "Actual Rows": 167071,
                        "Actual Loops": 2,
                        "Recheck Cond": "(keyword_id < 275)",
                        "Rows Removed by Index Recheck": 0,
                        "Exact Heap Blocks": 14163,
                        "Lossy Heap Blocks": 0,
                        "Plans": [
                          {
                            "Node Type": "Bitmap Index Scan",
                            "Parent Relationship": "Outer",
                            "Parallel Aware": false,
                            "Index Name": "keyword_id_movie_keyword",
                            "Startup Cost": 0.0,
                            "Total Cost": 6652.72,
                            "Plan Rows": 317372,
                            "Plan Width": 0,
                            "Actual Startup Time": 19.372,
                            "Actual Total Time": 19.372,
                            "Actual Rows": 334142,
                            "Actual Loops": 1,
                            "Index Cond": "(keyword_id < 275)"
                          }
                        ]
                      },
                      {
                        "Node Type": "Hash",
                        "Parent Relationship": "Inner",
                        "Parallel Aware": true,
                        "Startup Cost": 54588.39,
                        "Total Cost": 54588.39,
                        "Plan Rows": 601746,
                        "Plan Width": 4,
                        "Actual Startup Time": 280.884,
                        "Actual Total Time": 280.885,
                        "Actual Rows": 506460,
                        "Actual Loops": 2,
                        "Hash Buckets": 1048576,
                        "Original Hash Buckets": 1048576,
                        "Hash Batches": 1,
                        "Original Hash Batches": 1,
                        "Peak Memory Usage": 47840,
                        "Plans": [
                          {
                            "Node Type": "Seq Scan",
                            "Parent Relationship": "Outer",
                            "Parallel Aware": true,
                            "Relation Name": "title",
                            "Alias": "t",
                            "Startup Cost": 0.0,
                            "Total Cost": 54588.39,
                            "Plan Rows": 601746,
                            "Plan Width": 4,
                            "Actual Startup Time": 0.045,
                            "Actual Total Time": 162.114,
                            "Actual Rows": 506460,
                            "Actual Loops": 2,
                            "Filter": "(production_year > 2005)",
                            "Rows Removed by Filter": 757696
                          }
                        ]
                      }
                    ]
                  },
                  {
                    "Node Type": "Index Only Scan",
                    "Parent Relationship": "Inner",
                    "Parallel Aware": false,
                    "Scan Direction": "Forward",
                    "Index Name": "movie_id_movie_info",
                    "Relation Name": "movie_info",
                    "Alias": "mi",
                    "Startup Cost": 0.43,
                    "Total Cost": 2.02,
                    "Plan Rows": 42,
                    "Plan Width": 4,
                    "Actual Startup Time": 0.004,
                    "Actual Total Time": 0.014,
                    "Actual Rows": 42,
                    "Actual Loops": 79931,
                    "Index Cond": "(movie_id = t.id)",
                    "Rows Removed by Index Recheck": 0,
                    "Heap Fetches": 3394551
                  }
                ]
              }
            ]
          }
        ]
      }
    ]
  },
  "Planning Time": 0.939,
  "Triggers": [],
  "Execution Time": 1244.634
}