[
  {
    "Plan": {
      "Node Type": "Aggregate",
      "Strategy": "Plain",
      "Partial Mode": "Finalize",
      "Parallel Aware": false,
      "Startup Cost": 47198.34,
      "Total Cost": 47198.35,
      "Plan Rows": 1,
      "Plan Width": 8,
      "Actual Startup Time": 63.404,
      "Actual Total Time": 72.589,
      "Actual Rows": 1,
      "Actual Loops": 1,
      "Plans": [
        {
          "Node Type": "Gather",
          "Parent Relationship": "Outer",
          "Parallel Aware": false,
          "Startup Cost": 47198.02,
          "Total Cost": 47198.33,
          "Plan Rows": 3,
          "Plan Width": 8,
          "Actual Startup Time": 63.129,
          "Actual Total Time": 72.581,
          "Actual Rows": 4,
          "Actual Loops": 1,
          "Workers Planned": 3,
          "Workers Launched": 3,
          "Single Copy": false,
          "Plans": [
            {
              "Node Type": "Aggregate",
              "Strategy": "Plain",
              "Partial Mode": "Partial",
              "Parent Relationship": "Outer",
              "Parallel Aware": false,
              "Startup Cost": 46198.02,
              "Total Cost": 46198.03,
              "Plan Rows": 1,
              "Plan Width": 8,
              "Actual Startup Time": 54.137,
              "Actual Total Time": 54.139,
              "Actual Rows": 1,
              "Actual Loops": 4,
              "Plans": [
                {
                  "Node Type": "Nested Loop",
                  "Parent Relationship": "Outer",
                  "Parallel Aware": false,
                  "Join Type": "Inner",
                  "Startup Cost": 269.86,
                  "Total Cost": 46187.93,
                  "Plan Rows": 4037,
                  "Plan Width": 0,
                  "Actual Startup Time": 3.948,
                  "Actual Total Time": 53.625,
                  "Actual Rows": 3530,
                  "Actual Loops": 4,
                  "Inner Unique": true,
                  "Plans": [
                    {
                      "Node Type": "Bitmap Heap Scan",
                      "Parent Relationship": "Outer",
                      "Parallel Aware": true,
                      "Relation Name": "movie_keyword",
                      "Alias": "mk",
                      "Startup Cost": 269.43,
                      "Total Cost": 21097.34,
                      "Plan Rows": 4037,
                      "Plan Width": 4,
                      "Actual Startup Time": 3.746,
                      "Actual Total Time": 19.542,
                      "Actual Rows": 3530,
                      "Actual Loops": 4,
                      "Recheck Cond": "(keyword_id = 1382)",
                      "Rows Removed by Index Recheck": 0,
                      "Exact Heap Blocks": 5241,
                      "Lossy Heap Blocks": 0,
                      "Plans": [
                        {
                          "Node Type": "Bitmap Index Scan",
                          "Parent Relationship": "Outer",
                          "Parallel Aware": false,
                          "Index Name": "keyword_id_movie_keyword",
                          "Startup Cost": 0.0,
                          "Total Cost": 266.3,
                          "Plan Rows": 12516,
                          "Plan Width": 0,
                          "Actual Startup Time": 7.452,
                          "Actual Total Time": 7.453,
                          "Actual Rows": 14120,
                          "Actual Loops": 1,
                          "Index Cond": "(keyword_id = 1382)"
                        }
                      ]
                    },
                    {
                      "Node Type": "Index Only Scan",
                      "Parent Relationship": "Inner",
                      "Parallel Aware": false,
                      "Scan Direction": "Forward",
                      "Index Name": "title_pkey",
                      "Relation Name": "title",
                      "Alias": "t",
                      "Startup Cost": 0.43,
                      "Total Cost": 6.22,
                      "Plan Rows": 1,
                      "Plan Width": 4,
                      "Actual Startup Time": 0.009,
                      "Actual Total Time": 0.009,
                      "Actual Rows": 1,
                      "Actual Loops": 14120,
                      "Index Cond": "(id = mk.movie_id)",
                      "Rows Removed by Index Recheck": 0,
                      "Heap Fetches": 14120
                    }
                  ]
                }
              ]
            }
          ]
        }
      ]
    },
    "Planning Time": 0.429,
    "Triggers": [],
    "Execution Time": 72.656
  }
]