[
  {
    "Plan": {
      "Node Type": "Aggregate",
      "Strategy": "Plain",
      "Partial Mode": "Finalize",
      "Parallel Aware": false,
      "Startup Cost": 44541.37,
      "Total Cost": 44541.38,
      "Plan Rows": 1,
      "Plan Width": 8,
      "Actual Startup Time": 109.327,
      "Actual Total Time": 117.622,
      "Actual Rows": 1,
      "Actual Loops": 1,
      "Plans": [
        {
          "Node Type": "Gather",
          "Parent Relationship": "Outer",
          "Parallel Aware": false,
          "Startup Cost": 44541.06,
          "Total Cost": 44541.37,
          "Plan Rows": 3,
          "Plan Width": 8,
          "Actual Startup Time": 109.182,
          "Actual Total Time": 117.613,
          "Actual Rows": 4,
          "Actual Loops": 1,
          "Workers Planned": 3,
          "Workers Launched": 3,
          "Single Copy": false,
          "Plans": [
            {
              "Node Type": "Aggregate",
              "Strategy": "Plain",
              "Partial Mode": "Partial",
              "Parent Relationship": "Outer",
              "Parallel Aware": false,
              "Startup Cost": 43541.06,
              "Total Cost": 43541.07,
              "Plan Rows": 1,
              "Plan Width": 8,
              "Actual Startup Time": 104.642,
              "Actual Total Time": 104.643,
              "Actual Rows": 1,
              "Actual Loops": 4,
              "Plans": [
                {
                  "Node Type": "Seq Scan",
                  "Parent Relationship": "Outer",
                  "Parallel Aware": true,
                  "Relation Name": "movie_keyword",
                  "Alias": "mk",
                  "Startup Cost": 0.0,
                  "Total Cost": 42695.65,
                  "Plan Rows": 338161,
                  "Plan Width": 0,
                  "Actual Startup Time": 0.033,
                  "Actual Total Time": 93.174,
                  "Actual Rows": 263348,
                  "Actual Loops": 4,
                  "Filter": "(keyword_id < 1049)",
                  "Rows Removed by Filter": 867634
                }
              ]
            }
          ]
        }
      ]
    },
    "Planning Time": 0.056,
    "Triggers": [],
    "Execution Time": 117.646
  }
]