{
  "Plan": {
    "Node Type": "Aggregate",
    "Strategy": "Plain",
    "Partial Mode": "Finalize",
    "Parallel Aware": false,
    "Startup Cost": 680987.65,
    "Total Cost": 680987.66,
    "Plan Rows": 1,
    "Plan Width": 8,
    "Actual Startup Time": 4707.306,
    "Actual Total Time": 4774.448,
    "Actual Rows": 1,
    "Actual Loops": 1,
    "Plans": [
      {
        "Node Type": "Gather",
        "Parent Relationship": "Outer",
        "Parallel Aware": false,
        "Startup Cost": 680987.53,
        "Total Cost": 680987.64,
        "Plan Rows": 1,
        "Plan Width": 8,
        "Actual Startup Time": 4705.117,
        "Actual Total Time": 4774.437,
        "Actual Rows": 2,
        "Actual Loops": 1,
        "Workers Planned": 1,
        "Workers Launched": 1,
        "Single Copy": false,
        "Plans": [
          {
            "Node Type": "Aggregate",
            "Strategy": "Plain",
            "Partial Mode": "Partial",
            "Parent Relationship": "Outer",
            "Parallel Aware": false,
            "Startup Cost": 679987.53,
            "Total Cost": 679987.54,
            "Plan Rows": 1,
            "Plan Width": 8,
            "Actual Startup Time": 4700.915,
            "Actual Total Time": 4700.919,
            "Actual Rows": 1,
            "Actual Loops": 2,
            "Plans": [
              {
                "Node Type": "Hash Join",
                "Parent Relationship": "Outer",
                "Parallel Aware": true,
                "Join Type": "Inner",
                "Startup Cost": 63313.92,
                "Total Cost": 670937.7,
                "Plan Rows": 3619935,
                "Plan Width": 0,
                "Actual Startup Time": 532.514,
                "Actual Total Time": 4559.851,
                "Actual Rows": 3451710,
                "Actual Loops": 2,
                "Inner Unique": true,
                "Hash Cond": "(ci.movie_id = t.id)",
                "Plans": [
                  {
                    "Node Type": "Seq Scan",
                    "Parent Relationship": "Outer",
                    "Parallel Aware": true,
                    "Relation Name": "cast_info",
                    "Alias": "ci",
                    "Startup Cost": 0.0,
                    "Total Cost": 572345.93,
                    "Plan Rows": 13439159,
                    "Plan Width": 4,
                    "Actual Startup Time": 274.569,
                    "Actual Total Time": 1812.892,
                    "Actual Rows": 10992138,
                    "Actual Loops": 2,
                    "Filter": "((person_id > 988688) AND (role_id < 10))",
                    "Rows Removed by Filter": 7130034
                  },
                  {
                    "Node Type": "Hash",
                    "Parent Relationship": "Inner",
                    "Parallel Aware": true,
                    "Startup Cost": 58306.47,
                    "Total Cost": 58306.47,
                    "Plan Rows": 400596,
                    "Plan Width": 4,
                    "Actual Startup Time": 248.851,
                    "Actual Total Time": 248.852,
                    "Actual Rows": 369840,
                    "Actual Loops": 2,
                    "Hash Buckets": 1048576,
                    "Original Hash Buckets": 1048576,
                    "Hash Batches": 1,
                    "Original Hash Batches": 1,
                    "Peak Memory Usage": 37152,
                    "Plans": [
                      {
                        "Node Type": "Seq Scan",
                        "Parent Relationship": "Outer",
                        "Parallel Aware": true,
                        "Relation Name": "title",
                        "Alias": "t",
                        "Startup Cost": 0.0,
                        "Total Cost": 58306.47,
                        "Plan Rows": 400596,
                        "Plan Width": 4,
                        "Actual Startup Time": 0.023,
                        "Actual Total Time": 154.827,
                        "Actual Rows": 369840,
                        "Actual Loops": 2,
                        "Filter": "((production_year > 2004) AND (kind_id = 7))",
                        "Rows Removed by Filter": 894316
                      }
                    ]
                  }
                ]
              }
            ]
          }
        ]
      }
    ]
  },
  "Planning Time": 0.508,
  "Triggers": [],
  "Execution Time": 4774.524
}