{
  "Plan": {
    "Node Type": "Aggregate",
    "Strategy": "Plain",
    "Partial Mode": "Finalize",
    "Parallel Aware": false,
    "Startup Cost": 111256.59,
    "Total Cost": 111256.6,
    "Plan Rows": 1,
    "Plan Width": 8,
    "Actual Startup Time": 774.254,
    "Actual Total Time": 786.588,
    "Actual Rows": 1,
    "Actual Loops": 1,
    "Plans": [
      {
        "Node Type": "Gather",
        "Parent Relationship": "Outer",
        "Parallel Aware": false,
        "Startup Cost": 111256.48,
        "Total Cost": 111256.59,
        "Plan Rows": 1,
        "Plan Width": 8,
        "Actual Startup Time": 772.215,
        "Actual Total Time": 786.578,
        "Actual Rows": 2,
        "Actual Loops": 1,
        "Workers Planned": 1,
        "Workers Launched": 1,
        "Single Copy": false,
        "Plans": [
          {
            "Node Type": "Aggregate",
            "Strategy": "Plain",
            "Partial Mode": "Partial",
            "Parent Relationship": "Outer",
            "Parallel Aware": false,
            "Startup Cost": 110256.48,
            "Total Cost": 110256.49,
            "Plan Rows": 1,
            "Plan Width": 8,
            "Actual Startup Time": 767.23,
            "Actual Total Time": 767.234,
            "Actual Rows": 1,
            "Actual Loops": 2,
            "Plans": [
              {
                "Node Type": "Hash Join",
                "Parent Relationship": "Outer",
                "Parallel Aware": true,
                "Join Type": "Inner",
                "Startup Cost": 46767.61,
                "Total Cost": 109265.3,
                "Plan Rows": 396471,
                "Plan Width": 0,
                "Actual Startup Time": 255.386,
                "Actual Total Time": 747.125,
                "Actual Rows": 459476,
                "Actual Loops": 2,
                "Inner Unique": false,
                "Hash Cond": "(t.id = mc.movie_id)",
                "Plans": [
                  {
                    "Node Type": "Seq Scan",
                    "Parent Relationship": "Outer",
                    "Parallel Aware": true,
                    "Relation Name": "title",
                    "Alias": "t",
                    "Startup Cost": 0.0,
                    "Total Cost": 50870.31,
                    "Plan Rows": 1487231,
                    "Plan Width": 4,
                    "Actual Startup Time": 0.009,
                    "Actual Total Time": 118.069,
                    "Actual Rows": 1264156,
                    "Actual Loops": 2
                  },
                  {
                    "Node Type": "Hash",
                    "Parent Relationship": "Inner",
                    "Parallel Aware": true,
                    "Startup Cost": 41811.73,
                    "Total Cost": 41811.73,
                    "Plan Rows": 396471,
                    "Plan Width": 4,
                    "Actual Startup Time": 249.715,
                    "Actual Total Time": 249.716,
                    "Actual Rows": 459476,
                    "Actual Loops": 2,
                    "Hash Buckets": 1048576,
                    "Original Hash Buckets": 1048576,
                    "Hash Batches": 1,
                    "Original Hash Batches": 1,
                    "Peak Memory Usage": 44192,
                    "Plans": [
                      {
                        "Node Type": "Seq Scan",
                        "Parent Relationship": "Outer",
                        "Parallel Aware": true,
                        "Relation Name": "movie_companies",
                        "Alias": "mc",
                        "Startup Cost": 0.0,
                        "Total Cost": 41811.73,
                        "Plan Rows": 396471,
                        "Plan Width": 4,
                        "Actual Startup Time": 61.041,
                        "Actual Total Time": 135.308,
                        "Actual Rows": 459476,
                        "Actual Loops": 2,
                        "Filter": "((company_id > 11203) AND (company_type_id = 2))",
                        "Rows Removed by Filter": 845088
                      }
                    ]
                  }
                ]
              }
            ]
          }
        ]
      }
    ]
  },
  "Planning Time": 0.314,
  "Triggers": [],
  "Execution Time": 786.628
}