[
  {
    "Plan": {
      "Node Type": "Aggregate",
      "Strategy": "Plain",
      "Partial Mode": "Finalize",
      "Parallel Aware": false,
      "Startup Cost": 112523.72,
      "Total Cost": 112523.73,
      "Plan Rows": 1,
      "Plan Width": 8,
      "Actual Startup Time": 657.131,
      "Actual Total Time": 676.172,
      "Actual Rows": 1,
      "Actual Loops": 1,
      "Plans": [
        {
          "Node Type": "Gather",
          "Parent Relationship": "Outer",
          "Parallel Aware": false,
          "Startup Cost": 112523.4,
          "Total Cost": 112523.71,
          "Plan Rows": 3,
          "Plan Width": 8,
          "Actual Startup Time": 646.608,
          "Actual Total Time": 676.15,
          "Actual Rows": 4,
          "Actual Loops": 1,
          "Workers Planned": 3,
          "Workers Launched": 3,
          "Single Copy": false,
          "Plans": [
            {
              "Node Type": "Aggregate",
              "Strategy": "Plain",
              "Partial Mode": "Partial",
              "Parent Relationship": "Outer",
              "Parallel Aware": false,
              "Startup Cost": 111523.4,
              "Total Cost": 111523.41,
              "Plan Rows": 1,
              "Plan Width": 8,
              "Actual Startup Time": 629.172,
              "Actual Total Time": 629.178,
              "Actual Rows": 1,
              "Actual Loops": 4,
              "Plans": [
                {
                  "Node Type": "Hash Join",
                  "Parent Relationship": "Outer",
                  "Parallel Aware": true,
                  "Join Type": "Inner",
                  "Startup Cost": 80774.89,
                  "Total Cost": 111354.97,
                  "Plan Rows": 67371,
                  "Plan Width": 0,
                  "Actual Startup Time": 470.758,
                  "Actual Total Time": 610.611,
                  "Actual Rows": 456939,
                  "Actual Loops": 4,
                  "Inner Unique": false,
                  "Hash Cond": "(mc.movie_id = t.id)",
                  "Plans": [
                    {
                      "Node Type": "Seq Scan",
                      "Parent Relationship": "Outer",
                      "Parallel Aware": true,
                      "Relation Name": "movie_companies",
                      "Alias": "mc",
                      "Startup Cost": 0.0,
                      "Total Cost": 27206.55,
                      "Plan Rows": 841655,
                      "Plan Width": 4,
                      "Actual Startup Time": 0.014,
                      "Actual Total Time": 56.081,
                      "Actual Rows": 652282,
                      "Actual Loops": 4
                    },
                    {
                      "Node Type": "Hash",
                      "Parent Relationship": "Inner",
                      "Parallel Aware": true,
                      "Startup Cost": 79958.8,
                      "Total Cost": 79958.8,
                      "Plan Rows": 65287,
                      "Plan Width": 8,
                      "Actual Startup Time": 446.732,
                      "Actual Total Time": 446.736,
                      "Actual Rows": 51362,
                      "Actual Loops": 4,
                      "Hash Buckets": 262144,
                      "Original Hash Buckets": 262144,
                      "Hash Batches": 1,
                      "Original Hash Batches": 1,
                      "Peak Memory Usage": 10144,
                      "Plans": [
                        {
                          "Node Type": "Hash Join",
                          "Parent Relationship": "Outer",
                          "Parallel Aware": true,
                          "Join Type": "Inner",
                          "Startup Cost": 54517.34,
                          "Total Cost": 79958.8,
                          "Plan Rows": 65287,
                          "Plan Width": 8,
                          "Actual Startup Time": 370.677,
                          "Actual Total Time": 426.797,
                          "Actual Rows": 51362,
                          "Actual Loops": 4,
                          "Inner Unique": true,
                          "Hash Cond": "(mk.movie_id = t.id)",
                          "Plans": [
                            {
                              "Node Type": "Bitmap Heap Scan",
                              "Parent Relationship": "Outer",
                              "Parallel Aware": true,
                              "Relation Name": "movie_keyword",
                              "Alias": "mk",
                              "Startup Cost": 4296.95,
                              "Total Cost": 29567.04,
                              "Plan Rows": 65287,
                              "Plan Width": 4,
                              "Actual Startup Time": 15.894,
                              "Actual Total Time": 52.178,
                              "Actual Rows": 51362,
                              "Actual Loops": 4,
                              "Recheck Cond": "(keyword_id > 67425)",
                              "Rows Removed by Index Recheck": 0,
                              "Exact Heap Blocks": 6470,
                              "Lossy Heap Blocks": 0,
                              "Plans": [
                                {
                                  "Node Type": "Bitmap Index Scan",
                                  "Parent Relationship": "Outer",
                                  "Parallel Aware": false,
                                  "Index Name": "keyword_id_movie_keyword",
                                  "Startup Cost": 0.0,
                                  "Total Cost": 4246.36,
                                  "Plan Rows": 202390,
                                  "Plan Width": 0,
                                  "Actual Startup Time": 12.995,
                                  "Actual Total Time": 12.996,
                                  "Actual Rows": 205450,
                                  "Actual Loops": 1,
                                  "Index Cond": "(keyword_id > 67425)"
                                }
                              ]
                            },
                            {
                              "Node Type": "Hash",
                              "Parent Relationship": "Inner",
                              "Parallel Aware": true,
                              "Startup Cost": 42319.06,
                              "Total Cost": 42319.06,
                              "Plan Rows": 632106,
                              "Plan Width": 4,
                              "Actual Startup Time": 344.792,
                              "Actual Total Time": 344.793,
                              "Actual Rows": 632078,
                              "Actual Loops": 4,
                              "Hash Buckets": 4194304,
                              "Original Hash Buckets": 4194304,
                              "Hash Batches": 1,
                              "Original Hash Batches": 1,
                              "Peak Memory Usage": 131744,
                              "Plans": [
                                {
                                  "Node Type": "Seq Scan",
                                  "Parent Relationship": "Outer",
                                  "Parallel Aware": true,
                                  "Relation Name": "title",
                                  "Alias": "t",
                                  "Startup Cost": 0.0,
                                  "Total Cost": 42319.06,
                                  "Plan Rows": 632106,
                                  "Plan Width": 4,
                                  "Actual Startup Time": 0.048,
                                  "Actual Total Time": 98.276,
                                  "Actual Rows": 632078,
                                  "Actual Loops": 4
                                }
                              ]
                            }
                          ]
                        }
                      ]
                    }
                  ]
                }
              ]
            }
          ]
        }
      ]
    },
    "Planning Time": 1.42,
    "Triggers": [],
    "Execution Time": 676.274
  }
]