[
  {
    "Plan": {
      "Node Type": "Aggregate",
      "Strategy": "Plain",
      "Partial Mode": "Finalize",
      "Parallel Aware": false,
      "Startup Cost": 84360.41,
      "Total Cost": 84360.42,
      "Plan Rows": 1,
      "Plan Width": 8,
      "Actual Startup Time": 383.862,
      "Actual Total Time": 400.65,
      "Actual Rows": 1,
      "Actual Loops": 1,
      "Plans": [
        {
          "Node Type": "Gather",
          "Parent Relationship": "Outer",
          "Parallel Aware": false,
          "Startup Cost": 84360.09,
          "Total Cost": 84360.4,
          "Plan Rows": 3,
          "Plan Width": 8,
          "Actual Startup Time": 380.659,
          "Actual Total Time": 400.639,
          "Actual Rows": 4,
          "Actual Loops": 1,
          "Workers Planned": 3,
          "Workers Launched": 3,
          "Single Copy": false,
          "Plans": [
            {
              "Node Type": "Aggregate",
              "Strategy": "Plain",
              "Partial Mode": "Partial",
              "Parent Relationship": "Outer",
              "Parallel Aware": false,
              "Startup Cost": 83360.09,
              "Total Cost": 83360.1,
              "Plan Rows": 1,
              "Plan Width": 8,
              "Actual Startup Time": 371.193,
              "Actual Total Time": 371.197,
              "Actual Rows": 1,
              "Actual Loops": 4,
              "Plans": [
                {
                  "Node Type": "Hash Join",
                  "Parent Relationship": "Outer",
                  "Parallel Aware": true,
                  "Join Type": "Inner",
                  "Startup Cost": 56563.74,
                  "Total Cost": 83217.51,
                  "Plan Rows": 57032,
                  "Plan Width": 0,
                  "Actual Startup Time": 258.188,
                  "Actual Total Time": 365.274,
                  "Actual Rows": 97676,
                  "Actual Loops": 4,
                  "Inner Unique": true,
                  "Hash Cond": "(mk.movie_id = t.id)",
                  "Plans": [
                    {
                      "Node Type": "Bitmap Heap Scan",
                      "Parent Relationship": "Outer",
                      "Parallel Aware": true,
                      "Relation Name": "movie_keyword",
                      "Alias": "mk",
                      "Startup Cost": 9566.61,
                      "Total Cost": 35838.6,
                      "Plan Rows": 145439,
                      "Plan Width": 4,
                      "Actual Startup Time": 40.862,
                      "Actual Total Time": 106.558,
                      "Actual Rows": 110300,
                      "Actual Loops": 4,
                      "Recheck Cond": "(keyword_id > 40008)",
                      "Rows Removed by Index Recheck": 0,
                      "Exact Heap Blocks": 6628,
                      "Lossy Heap Blocks": 0,
                      "Plans": [
                        {
                          "Node Type": "Bitmap Index Scan",
                          "Parent Relationship": "Outer",
                          "Parallel Aware": false,
                          "Index Name": "keyword_id_movie_keyword",
                          "Startup Cost": 0.0,
                          "Total Cost": 9453.9,
                          "Plan Rows": 450862,
                          "Plan Width": 0,
                          "Actual Startup Time": 35.305,
                          "Actual Total Time": 35.306,
                          "Actual Rows": 441201,
                          "Actual Loops": 1,
                          "Index Cond": "(keyword_id > 40008)"
                        }
                      ]
                    },
                    {
                      "Node Type": "Hash",
                      "Parent Relationship": "Inner",
                      "Parallel Aware": true,
                      "Startup Cost": 43898.92,
                      "Total Cost": 43898.92,
                      "Plan Rows": 247857,
                      "Plan Width": 4,
                      "Actual Startup Time": 211.904,
                      "Actual Total Time": 211.905,
                      "Actual Rows": 246262,
                      "Actual Loops": 4,
                      "Hash Buckets": 1048576,
                      "Original Hash Buckets": 1048576,
                      "Hash Batches": 1,
                      "Original Hash Batches": 1,
                      "Peak Memory Usage": 46816,
                      "Plans": [
                        {
                          "Node Type": "Seq Scan",
                          "Parent Relationship": "Outer",
                          "Parallel Aware": true,
                          "Relation Name": "title",
                          "Alias": "t",
                          "Startup Cost": 0.0,
                          "Total Cost": 43898.92,
                          "Plan Rows": 247857,
                          "Plan Width": 4,
                          "Actual Startup Time": 0.038,
                          "Actual Total Time": 115.827,
                          "Actual Rows": 246262,
                          "Actual Loops": 4,
                          "Filter": "(kind_id < 7)",
                          "Rows Removed by Filter": 385816
                        }
                      ]
                    }
                  ]
                }
              ]
            }
          ]
        }
      ]
    },
    "Planning Time": 0.636,
    "Triggers": [],
    "Execution Time": 400.74
  }
]