[
  {
    "Plan": {
      "Node Type": "Aggregate",
      "Strategy": "Plain",
      "Partial Mode": "Finalize",
      "Parallel Aware": false,
      "Startup Cost": 79131.52,
      "Total Cost": 79131.53,
      "Plan Rows": 1,
      "Plan Width": 8,
      "Actual Startup Time": 204.098,
      "Actual Total Time": 221.469,
      "Actual Rows": 1,
      "Actual Loops": 1,
      "Plans": [
        {
          "Node Type": "Gather",
          "Parent Relationship": "Outer",
          "Parallel Aware": false,
          "Startup Cost": 79131.21,
          "Total Cost": 79131.52,
          "Plan Rows": 3,
          "Plan Width": 8,
          "Actual Startup Time": 203.691,
          "Actual Total Time": 221.462,
          "Actual Rows": 4,
          "Actual Loops": 1,
          "Workers Planned": 3,
          "Workers Launched": 3,
          "Single Copy": false,
          "Plans": [
            {
              "Node Type": "Aggregate",
              "Strategy": "Plain",
              "Partial Mode": "Partial",
              "Parent Relationship": "Outer",
              "Parallel Aware": false,
              "Startup Cost": 78131.21,
              "Total Cost": 78131.22,
              "Plan Rows": 1,
              "Plan Width": 8,
              "Actual Startup Time": 194.984,
              "Actual Total Time": 194.987,
              "Actual Rows": 1,
              "Actual Loops": 4,
              "Plans": [
                {
                  "Node Type": "Hash Join",
                  "Parent Relationship": "Outer",
                  "Parallel Aware": true,
                  "Join Type": "Inner",
                  "Startup Cost": 45649.44,
                  "Total Cost": 78109.74,
                  "Plan Rows": 8587,
                  "Plan Width": 0,
                  "Actual Startup Time": 99.687,
                  "Actual Total Time": 194.65,
                  "Actual Rows": 6390,
                  "Actual Loops": 4,
                  "Inner Unique": true,
                  "Hash Cond": "(mc.movie_id = t.id)",
                  "Plans": [
                    {
                      "Node Type": "Seq Scan",
                      "Parent Relationship": "Outer",
                      "Parallel Aware": true,
                      "Relation Name": "movie_companies",
                      "Alias": "mc",
                      "Startup Cost": 0.0,
                      "Total Cost": 31414.82,
                      "Plan Rows": 398280,
                      "Plan Width": 4,
                      "Actual Startup Time": 0.017,
                      "Actual Total Time": 65.356,
                      "Actual Rows": 318562,
                      "Actual Loops": 4,
                      "Filter": "((company_id < 160293) AND (company_type_id = 1))",
                      "Rows Removed by Filter": 333721
                    },
                    {
                      "Node Type": "Hash",
                      "Parent Relationship": "Inner",
                      "Parallel Aware": true,
                      "Startup Cost": 45479.1,
                      "Total Cost": 45479.1,
                      "Plan Rows": 13627,
                      "Plan Width": 4,
                      "Actual Startup Time": 98.049,
                      "Actual Total Time": 98.05,
                      "Actual Rows": 12086,
                      "Actual Loops": 4,
                      "Hash Buckets": 65536,
                      "Original Hash Buckets": 65536,
                      "Hash Batches": 1,
                      "Original Hash Batches": 1,
                      "Peak Memory Usage": 2464,
                      "Plans": [
                        {
                          "Node Type": "Seq Scan",
                          "Parent Relationship": "Outer",
                          "Parallel Aware": true,
                          "Relation Name": "title",
                          "Alias": "t",
                          "Startup Cost": 0.0,
                          "Total Cost": 45479.1,
                          "Plan Rows": 13627,
                          "Plan Width": 4,
                          "Actual Startup Time": 0.126,
                          "Actual Total Time": 93.452,
                          "Actual Rows": 12086,
                          "Actual Loops": 4,
                          "Filter": "((kind_id < 4) AND (production_year = 2012))",
                          "Rows Removed by Filter": 619992
                        }
                      ]
                    }
                  ]
                }
              ]
            }
          ]
        }
      ]
    },
    "Planning Time": 0.652,
    "Triggers": [],
    "Execution Time": 221.538
  }
]