[
    {
        "Bao": {
            "Bao prediction": "NaN",
            "Bao recommended hint": "(no hint)"
        }
    },
    {
        "Plan": {
            "Node Type": "Aggregate",
            "Strategy": "Plain",
            "Partial Mode": "Finalize",
            "Parallel Aware": false,
            "Startup Cost": 29240.39,
            "Total Cost": 29240.4,
            "Plan Rows": 1,
            "Plan Width": 8,
            "Actual Startup Time": 65.485,
            "Actual Total Time": 68.694,
            "Actual Rows": 1,
            "Actual Loops": 1,
            "Output": [
                "count(*)"
            ],
            "Plans": [
                {
                    "Node Type": "Gather",
                    "Parent Relationship": "Outer",
                    "Parallel Aware": false,
                    "Startup Cost": 29240.07,
                    "Total Cost": 29240.38,
                    "Plan Rows": 3,
                    "Plan Width": 8,
                    "Actual Startup Time": 65.232,
                    "Actual Total Time": 68.686,
                    "Actual Rows": 4,
                    "Actual Loops": 1,
                    "Output": [
                        "(PARTIAL count(*))"
                    ],
                    "Workers Planned": 3,
                    "Workers Launched": 3,
                    "Single Copy": false,
                    "Plans": [
                        {
                            "Node Type": "Aggregate",
                            "Strategy": "Plain",
                            "Partial Mode": "Partial",
                            "Parent Relationship": "Outer",
                            "Parallel Aware": false,
                            "Startup Cost": 28240.07,
                            "Total Cost": 28240.08,
                            "Plan Rows": 1,
                            "Plan Width": 8,
                            "Actual Startup Time": 56.706,
                            "Actual Total Time": 56.708,
                            "Actual Rows": 1,
                            "Actual Loops": 4,
                            "Output": [
                                "PARTIAL count(*)"
                            ],
                            "Workers": [
                                {
                                    "Worker Number": 0,
                                    "Actual Startup Time": 53.691,
                                    "Actual Total Time": 53.692,
                                    "Actual Rows": 1,
                                    "Actual Loops": 1
                                },
                                {
                                    "Worker Number": 1,
                                    "Actual Startup Time": 53.885,
                                    "Actual Total Time": 53.887,
                                    "Actual Rows": 1,
                                    "Actual Loops": 1
                                },
                                {
                                    "Worker Number": 2,
                                    "Actual Startup Time": 54.272,
                                    "Actual Total Time": 54.274,
                                    "Actual Rows": 1,
                                    "Actual Loops": 1
                                }
                            ],
                            "Plans": [
                                {
                                    "Node Type": "Bitmap Heap Scan",
                                    "Parent Relationship": "Outer",
                                    "Parallel Aware": true,
                                    "Relation Name": "movie_companies",
                                    "Schema": "public",
                                    "Alias": "mc",
                                    "Startup Cost": 7598.52,
                                    "Total Cost": 28095.06,
                                    "Plan Rows": 58003,
                                    "Plan Width": 0,
                                    "Actual Startup Time": 13.597,
                                    "Actual Total Time": 50.6,
                                    "Actual Rows": 89920,
                                    "Actual Loops": 4,
                                    "Recheck Cond": "(mc.company_id > 86998)",
                                    "Rows Removed by Index Recheck": 0,
                                    "Filter": "(mc.company_type_id > 1)",
                                    "Rows Removed by Filter": 0,
                                    "Exact Heap Blocks": 3089,
                                    "Lossy Heap Blocks": 0,
                                    "Workers": [
                                        {
                                            "Worker Number": 0,
                                            "Actual Startup Time": 10.705,
                                            "Actual Total Time": 48.13,
                                            "Actual Rows": 56021,
                                            "Actual Loops": 1
                                        },
                                        {
                                            "Worker Number": 1,
                                            "Actual Startup Time": 10.788,
                                            "Actual Total Time": 48.322,
                                            "Actual Rows": 55764,
                                            "Actual Loops": 1
                                        },
                                        {
                                            "Worker Number": 2,
                                            "Actual Startup Time": 11.227,
                                            "Actual Total Time": 48.696,
                                            "Actual Rows": 53997,
                                            "Actual Loops": 1
                                        }
                                    ],
                                    "Plans": [
                                        {
                                            "Node Type": "Bitmap Index Scan",
                                            "Parent Relationship": "Outer",
                                            "Parallel Aware": false,
                                            "Index Name": "company_id_movie_companies",
                                            "Startup Cost": 0.0,
                                            "Total Cost": 7553.57,
                                            "Plan Rows": 352685,
                                            "Plan Width": 0,
                                            "Actual Startup Time": 20.938,
                                            "Actual Total Time": 20.939,
                                            "Actual Rows": 359681,
                                            "Actual Loops": 1,
                                            "Index Cond": "(mc.company_id > 86998)"
                                        }
                                    ]
                                }
                            ]
                        }
                    ]
                }
            ]
        },
        "Planning Time": 176.956,
        "Triggers": [],
        "Execution Time": 68.748
    }
]