{
  "Plan": {
    "Node Type": "Aggregate",
    "Strategy": "Plain",
    "Partial Mode": "Finalize",
    "Parallel Aware": false,
    "Startup Cost": 272436.55,
    "Total Cost": 272436.56,
    "Plan Rows": 1,
    "Plan Width": 8,
    "Actual Startup Time": 169.041,
    "Actual Total Time": 189.651,
    "Actual Rows": 1,
    "Actual Loops": 1,
    "Plans": [
      {
        "Node Type": "Gather",
        "Parent Relationship": "Outer",
        "Parallel Aware": false,
        "Startup Cost": 272436.44,
        "Total Cost": 272436.55,
        "Plan Rows": 1,
        "Plan Width": 8,
        "Actual Startup Time": 168.931,
        "Actual Total Time": 189.644,
        "Actual Rows": 2,
        "Actual Loops": 1,
        "Workers Planned": 1,
        "Workers Launched": 1,
        "Single Copy": false,
        "Plans": [
          {
            "Node Type": "Aggregate",
            "Strategy": "Plain",
            "Partial Mode": "Partial",
            "Parent Relationship": "Outer",
            "Parallel Aware": false,
            "Startup Cost": 271436.44,
            "Total Cost": 271436.45,
            "Plan Rows": 1,
            "Plan Width": 8,
            "Actual Startup Time": 163.073,
            "Actual Total Time": 163.075,
            "Actual Rows": 1,
            "Actual Loops": 2,
            "Plans": [
              {
                "Node Type": "Nested Loop",
                "Parent Relationship": "Outer",
                "Parallel Aware": false,
                "Join Type": "Inner",
                "Startup Cost": 0.43,
                "Total Cost": 271431.32,
                "Plan Rows": 2047,
                "Plan Width": 0,
                "Actual Startup Time": 87.609,
                "Actual Total Time": 162.93,
                "Actual Rows": 1600,
                "Actual Loops": 2,
                "Inner Unique": false,
                "Plans": [
                  {
                    "Node Type": "Seq Scan",
                    "Parent Relationship": "Outer",
                    "Parallel Aware": true,
                    "Relation Name": "title",
                    "Alias": "t",
                    "Startup Cost": 0.0,
                    "Total Cost": 54588.39,
                    "Plan Rows": 1735,
                    "Plan Width": 4,
                    "Actual Startup Time": 71.38,
                    "Actual Total Time": 130.896,
                    "Actual Rows": 1533,
                    "Actual Loops": 2,
                    "Filter": "(production_year = 1922)",
                    "Rows Removed by Filter": 1262623
                  },
                  {
                    "Node Type": "Index Scan",
                    "Parent Relationship": "Inner",
                    "Parallel Aware": false,
                    "Scan Direction": "Forward",
                    "Index Name": "movie_id_movie_info",
                    "Relation Name": "movie_info",
                    "Alias": "mi",
                    "Startup Cost": 0.43,
                    "Total Cost": 124.9,
                    "Plan Rows": 8,
                    "Plan Width": 4,
                    "Actual Startup Time": 0.014,
                    "Actual Total Time": 0.02,
                    "Actual Rows": 1,
                    "Actual Loops": 3066,
                    "Index Cond": "(movie_id = t.id)",
                    "Rows Removed by Index Recheck": 0,
                    "Filter": "(info_type_id = 16)",
                    "Rows Removed by Filter": 9
                  }
                ]
              }
            ]
          }
        ]
      }
    ]
  },
  "Planning Time": 0.45,
  "Triggers": [],
  "Execution Time": 189.725
}