[
    {
        "Bao": {
            "Bao prediction": 1842.948,
            "Bao recommended hint": "(no hint)"
        }
    },
    {
        "Plan": {
            "Node Type": "Aggregate",
            "Strategy": "Plain",
            "Partial Mode": "Simple",
            "Parallel Aware": false,
            "Startup Cost": 3906.36,
            "Total Cost": 3906.37,
            "Plan Rows": 1,
            "Plan Width": 64,
            "Actual Startup Time": 2366.636,
            "Actual Total Time": 2366.642,
            "Actual Rows": 1,
            "Actual Loops": 1,
            "Output": [
                "min(n.name)",
                "min(n.name)"
            ],
            "Plans": [
                {
                    "Node Type": "Nested Loop",
                    "Parent Relationship": "Outer",
                    "Parallel Aware": false,
                    "Join Type": "Inner",
                    "Startup Cost": 13.07,
                    "Total Cost": 3906.34,
                    "Plan Rows": 3,
                    "Plan Width": 15,
                    "Actual Startup Time": 24.127,
                    "Actual Total Time": 2364.36,
                    "Actual Rows": 8110,
                    "Actual Loops": 1,
                    "Output": [
                        "n.name"
                    ],
                    "Inner Unique": true,
                    "Plans": [
                        {
                            "Node Type": "Nested Loop",
                            "Parent Relationship": "Outer",
                            "Parallel Aware": false,
                            "Join Type": "Inner",
                            "Startup Cost": 12.64,
                            "Total Cost": 3904.99,
                            "Plan Rows": 3,
                            "Plan Width": 27,
                            "Actual Startup Time": 24.04,
                            "Actual Total Time": 2327.437,
                            "Actual Rows": 8110,
                            "Actual Loops": 1,
                            "Output": [
                                "ci.movie_id",
                                "mc.movie_id",
                                "mk.movie_id",
                                "n.name"
                            ],
                            "Inner Unique": true,
                            "Plans": [
                                {
                                    "Node Type": "Nested Loop",
                                    "Parent Relationship": "Outer",
                                    "Parallel Aware": false,
                                    "Join Type": "Inner",
                                    "Startup Cost": 12.21,
                                    "Total Cost": 3865.62,
                                    "Plan Rows": 86,
                                    "Plan Width": 16,
                                    "Actual Startup Time": 20.518,
                                    "Actual Total Time": 1268.676,
                                    "Actual Rows": 229732,
                                    "Actual Loops": 1,
                                    "Output": [
                                        "ci.person_id",
                                        "ci.movie_id",
                                        "mc.movie_id",
                                        "mk.movie_id"
                                    ],
                                    "Inner Unique": false,
                                    "Plans": [
                                        {
                                            "Node Type": "Nested Loop",
                                            "Parent Relationship": "Outer",
                                            "Parallel Aware": false,
                                            "Join Type": "Inner",
                                            "Startup Cost": 11.65,
                                            "Total Cost": 3856.29,
                                            "Plan Rows": 5,
                                            "Plan Width": 8,
                                            "Actual Startup Time": 20.23,
                                            "Actual Total Time": 742.424,
                                            "Actual Rows": 4485,
                                            "Actual Loops": 1,
                                            "Output": [
                                                "mc.movie_id",
                                                "mk.movie_id"
                                            ],
                                            "Inner Unique": true,
                                            "Plans": [
                                                {
                                                    "Node Type": "Nested Loop",
                                                    "Parent Relationship": "Outer",
                                                    "Parallel Aware": false,
                                                    "Join Type": "Inner",
                                                    "Startup Cost": 11.23,
                                                    "Total Cost": 3778.24,
                                                    "Plan Rows": 175,
                                                    "Plan Width": 12,
                                                    "Actual Startup Time": 20.023,
                                                    "Actual Total Time": 319.62,
                                                    "Actual Rows": 148552,
                                                    "Actual Loops": 1,
                                                    "Output": [
                                                        "mk.movie_id",
                                                        "mc.movie_id",
                                                        "mc.company_id"
                                                    ],
                                                    "Inner Unique": false,
                                                    "Plans": [
                                                        {
                                                            "Node Type": "Nested Loop",
                                                            "Parent Relationship": "Outer",
                                                            "Parallel Aware": false,
                                                            "Join Type": "Inner",
                                                            "Startup Cost": 10.8,
                                                            "Total Cost": 3758.1,
                                                            "Plan Rows": 34,
                                                            "Plan Width": 4,
                                                            "Actual Startup Time": 19.95,
                                                            "Actual Total Time": 88.58,
                                                            "Actual Rows": 41840,
                                                            "Actual Loops": 1,
                                                            "Output": [
                                                                "mk.movie_id"
                                                            ],
                                                            "Inner Unique": false,
                                                            "Plans": [
                                                                {
                                                                    "Node Type": "Seq Scan",
                                                                    "Parent Relationship": "Outer",
                                                                    "Parallel Aware": false,
                                                                    "Relation Name": "keyword",
                                                                    "Schema": "public",
                                                                    "Alias": "k",
                                                                    "Startup Cost": 0.0,
                                                                    "Total Cost": 2626.12,
                                                                    "Plan Rows": 1,
                                                                    "Plan Width": 4,
                                                                    "Actual Startup Time": 2.103,
                                                                    "Actual Total Time": 14.881,
                                                                    "Actual Rows": 1,
                                                                    "Actual Loops": 1,
                                                                    "Output": [
                                                                        "k.id",
                                                                        "k.keyword",
                                                                        "k.phonetic_code"
                                                                    ],
                                                                    "Filter": "(k.keyword = 'character-name-in-title'::text)",
                                                                    "Rows Removed by Filter": 134169
                                                                },
                                                                {
                                                                    "Node Type": "Bitmap Heap Scan",
                                                                    "Parent Relationship": "Inner",
                                                                    "Parallel Aware": false,
                                                                    "Relation Name": "movie_keyword",
                                                                    "Schema": "public",
                                                                    "Alias": "mk",
                                                                    "Startup Cost": 10.8,
                                                                    "Total Cost": 1128.92,
                                                                    "Plan Rows": 305,
                                                                    "Plan Width": 8,
                                                                    "Actual Startup Time": 17.833,
                                                                    "Actual Total Time": 66.439,
                                                                    "Actual Rows": 41840,
                                                                    "Actual Loops": 1,
                                                                    "Output": [
                                                                        "mk.id",
                                                                        "mk.movie_id",
                                                                        "mk.keyword_id"
                                                                    ],
                                                                    "Recheck Cond": "(mk.keyword_id = k.id)",
                                                                    "Rows Removed by Index Recheck": 0,
                                                                    "Exact Heap Blocks": 11541,
                                                                    "Lossy Heap Blocks": 0,
                                                                    "Plans": [
                                                                        {
                                                                            "Node Type": "Bitmap Index Scan",
                                                                            "Parent Relationship": "Outer",
                                                                            "Parallel Aware": false,
                                                                            "Index Name": "keyword_id_movie_keyword",
                                                                            "Startup Cost": 0.0,
                                                                            "Total Cost": 10.72,
                                                                            "Plan Rows": 305,
                                                                            "Plan Width": 0,
                                                                            "Actual Startup Time": 13.027,
                                                                            "Actual Total Time": 13.028,
                                                                            "Actual Rows": 41840,
                                                                            "Actual Loops": 1,
                                                                            "Index Cond": "(mk.keyword_id = k.id)"
                                                                        }
                                                                    ]
                                                                }
                                                            ]
                                                        },
                                                        {
                                                            "Node Type": "Index Scan",
                                                            "Parent Relationship": "Inner",
                                                            "Parallel Aware": false,
                                                            "Scan Direction": "Forward",
                                                            "Index Name": "movie_id_movie_companies",
                                                            "Relation Name": "movie_companies",
                                                            "Schema": "public",
                                                            "Alias": "mc",
                                                            "Startup Cost": 0.43,
                                                            "Total Cost": 0.54,
                                                            "Plan Rows": 5,
                                                            "Plan Width": 8,
                                                            "Actual Startup Time": 0.003,
                                                            "Actual Total Time": 0.005,
                                                            "Actual Rows": 4,
                                                            "Actual Loops": 41840,
                                                            "Output": [
                                                                "mc.id",
                                                                "mc.movie_id",
                                                                "mc.company_id",
                                                                "mc.company_type_id",
                                                                "mc.note"
                                                            ],
                                                            "Index Cond": "(mc.movie_id = mk.movie_id)",
                                                            "Rows Removed by Index Recheck": 0
                                                        }
                                                    ]
                                                },
                                                {
                                                    "Node Type": "Index Scan",
                                                    "Parent Relationship": "Inner",
                                                    "Parallel Aware": false,
                                                    "Scan Direction": "Forward",
                                                    "Index Name": "company_name_pkey",
                                                    "Relation Name": "company_name",
                                                    "Schema": "public",
                                                    "Alias": "cn",
                                                    "Startup Cost": 0.42,
                                                    "Total Cost": 0.45,
                                                    "Plan Rows": 1,
                                                    "Plan Width": 4,
                                                    "Actual Startup Time": 0.003,
                                                    "Actual Total Time": 0.003,
                                                    "Actual Rows": 0,
                                                    "Actual Loops": 148552,
                                                    "Output": [
                                                        "cn.id",
                                                        "cn.name",
                                                        "cn.country_code",
                                                        "cn.imdb_id",
                                                        "cn.name_pcode_nf",
                                                        "cn.name_pcode_sf",
                                                        "cn.md5sum"
                                                    ],
                                                    "Index Cond": "(cn.id = mc.company_id)",
                                                    "Rows Removed by Index Recheck": 0,
                                                    "Filter": "((cn.country_code)::text = '[jp]'::text)",
                                                    "Rows Removed by Filter": 1
                                                }
                                            ]
                                        },
                                        {
                                            "Node Type": "Index Scan",
                                            "Parent Relationship": "Inner",
                                            "Parallel Aware": false,
                                            "Scan Direction": "Forward",
                                            "Index Name": "movie_id_cast_info",
                                            "Relation Name": "cast_info",
                                            "Schema": "public",
                                            "Alias": "ci",
                                            "Startup Cost": 0.56,
                                            "Total Cost": 1.52,
                                            "Plan Rows": 35,
                                            "Plan Width": 8,
                                            "Actual Startup Time": 0.008,
                                            "Actual Total Time": 0.107,
                                            "Actual Rows": 51,
                                            "Actual Loops": 4485,
                                            "Output": [
                                                "ci.id",
                                                "ci.person_id",
                                                "ci.movie_id",
                                                "ci.person_role_id",
                                                "ci.note",
                                                "ci.nr_order",
                                                "ci.role_id"
                                            ],
                                            "Index Cond": "(ci.movie_id = mk.movie_id)",
                                            "Rows Removed by Index Recheck": 0
                                        }
                                    ]
                                },
                                {
                                    "Node Type": "Index Scan",
                                    "Parent Relationship": "Inner",
                                    "Parallel Aware": false,
                                    "Scan Direction": "Forward",
                                    "Index Name": "name_pkey",
                                    "Relation Name": "name",
                                    "Schema": "public",
                                    "Alias": "n",
                                    "Startup Cost": 0.43,
                                    "Total Cost": 0.46,
                                    "Plan Rows": 1,
                                    "Plan Width": 19,
                                    "Actual Startup Time": 0.004,
                                    "Actual Total Time": 0.004,
                                    "Actual Rows": 0,
                                    "Actual Loops": 229732,
                                    "Output": [
                                        "n.id",
                                        "n.name",
                                        "n.imdb_index",
                                        "n.imdb_id",
                                        "n.gender",
                                        "n.name_pcode_cf",
                                        "n.name_pcode_nf",
                                        "n.surname_pcode",
                                        "n.md5sum"
                                    ],
                                    "Index Cond": "(n.id = ci.person_id)",
                                    "Rows Removed by Index Recheck": 0,
                                    "Filter": "(n.name ~~ 'A%'::text)",
                                    "Rows Removed by Filter": 1
                                }
                            ]
                        },
                        {
                            "Node Type": "Index Only Scan",
                            "Parent Relationship": "Inner",
                            "Parallel Aware": false,
                            "Scan Direction": "Forward",
                            "Index Name": "title_pkey",
                            "Relation Name": "title",
                            "Schema": "public",
                            "Alias": "t",
                            "Startup Cost": 0.43,
                            "Total Cost": 0.45,
                            "Plan Rows": 1,
                            "Plan Width": 4,
                            "Actual Startup Time": 0.004,
                            "Actual Total Time": 0.004,
                            "Actual Rows": 1,
                            "Actual Loops": 8110,
                            "Output": [
                                "t.id"
                            ],
                            "Index Cond": "(t.id = ci.movie_id)",
                            "Rows Removed by Index Recheck": 0,
                            "Heap Fetches": 8110
                        }
                    ]
                }
            ]
        },
        "Planning Time": 2072.467,
        "Triggers": [],
        "Execution Time": 2367.479
    }
]