[
  {
    "Plan": {
      "Node Type": "Aggregate",
      "Strategy": "Plain",
      "Partial Mode": "Finalize",
      "Parallel Aware": false,
      "Startup Cost": 95292.74,
      "Total Cost": 95292.75,
      "Plan Rows": 1,
      "Plan Width": 8,
      "Actual Startup Time": 323.383,
      "Actual Total Time": 362.764,
      "Actual Rows": 1,
      "Actual Loops": 1,
      "Plans": [
        {
          "Node Type": "Gather",
          "Parent Relationship": "Outer",
          "Parallel Aware": false,
          "Startup Cost": 95292.42,
          "Total Cost": 95292.73,
          "Plan Rows": 3,
          "Plan Width": 8,
          "Actual Startup Time": 322.977,
          "Actual Total Time": 362.756,
          "Actual Rows": 4,
          "Actual Loops": 1,
          "Workers Planned": 3,
          "Workers Launched": 3,
          "Single Copy": false,
          "Plans": [
            {
              "Node Type": "Aggregate",
              "Strategy": "Plain",
              "Partial Mode": "Partial",
              "Parent Relationship": "Outer",
              "Parallel Aware": false,
              "Startup Cost": 94292.42,
              "Total Cost": 94292.43,
              "Plan Rows": 1,
              "Plan Width": 8,
              "Actual Startup Time": 314.49,
              "Actual Total Time": 314.494,
              "Actual Rows": 1,
              "Actual Loops": 4,
              "Plans": [
                {
                  "Node Type": "Nested Loop",
                  "Parent Relationship": "Outer",
                  "Parallel Aware": false,
                  "Join Type": "Inner",
                  "Startup Cost": 58214.28,
                  "Total Cost": 94228.17,
                  "Plan Rows": 25701,
                  "Plan Width": 0,
                  "Actual Startup Time": 135.371,
                  "Actual Total Time": 312.045,
                  "Actual Rows": 33955,
                  "Actual Loops": 4,
                  "Inner Unique": false,
                  "Join Filter": "(t.id = ci.movie_id)",
                  "Rows Removed by Join Filter": 0,
                  "Plans": [
                    {
                      "Node Type": "Hash Join",
                      "Parent Relationship": "Outer",
                      "Parallel Aware": true,
                      "Join Type": "Inner",
                      "Startup Cost": 58213.72,
                      "Total Cost": 85577.04,
                      "Plan Rows": 2056,
                      "Plan Width": 8,
                      "Actual Startup Time": 134.905,
                      "Actual Total Time": 201.94,
                      "Actual Rows": 1287,
                      "Actual Loops": 4,
                      "Inner Unique": true,
                      "Hash Cond": "(mk.movie_id = t.id)",
                      "Plans": [
                        {
                          "Node Type": "Bitmap Heap Scan",
                          "Parent Relationship": "Outer",
                          "Parallel Aware": true,
                          "Relation Name": "movie_keyword",
                          "Alias": "mk",
                          "Startup Cost": 12649.68,
                          "Total Cost": 39508.08,
                          "Plan Rows": 192352,
                          "Plan Width": 4,
                          "Actual Startup Time": 36.606,
                          "Actual Total Time": 84.119,
                          "Actual Rows": 151686,
                          "Actual Loops": 4,
                          "Recheck Cond": "(keyword_id < 460)",
                          "Rows Removed by Index Recheck": 0,
                          "Exact Heap Blocks": 11639,
                          "Lossy Heap Blocks": 0,
                          "Plans": [
                            {
                              "Node Type": "Bitmap Index Scan",
                              "Parent Relationship": "Outer",
                              "Parallel Aware": false,
                              "Index Name": "keyword_id_movie_keyword",
                              "Startup Cost": 0.0,
                              "Total Cost": 12500.61,
                              "Plan Rows": 596290,
                              "Plan Width": 0,
                              "Actual Startup Time": 33.02,
                              "Actual Total Time": 33.02,
                              "Actual Rows": 606746,
                              "Actual Loops": 1,
                              "Index Cond": "(keyword_id < 460)"
                            }
                          ]
                        },
                        {
                          "Node Type": "Hash",
                          "Parent Relationship": "Inner",
                          "Parallel Aware": true,
                          "Startup Cost": 45479.59,
                          "Total Cost": 45479.59,
                          "Plan Rows": 6756,
                          "Plan Width": 4,
                          "Actual Startup Time": 96.921,
                          "Actual Total Time": 96.921,
                          "Actual Rows": 6771,
                          "Actual Loops": 4,
                          "Hash Buckets": 32768,
                          "Original Hash Buckets": 32768,
                          "Hash Batches": 1,
                          "Original Hash Batches": 1,
                          "Peak Memory Usage": 1376,
                          "Plans": [
                            {
                              "Node Type": "Seq Scan",
                              "Parent Relationship": "Outer",
                              "Parallel Aware": true,
                              "Relation Name": "title",
                              "Alias": "t",
                              "Startup Cost": 0.0,
                              "Total Cost": 45479.59,
                              "Plan Rows": 6756,
                              "Plan Width": 4,
                              "Actual Startup Time": 0.265,
                              "Actual Total Time": 94.166,
                              "Actual Rows": 6771,
                              "Actual Loops": 4,
                              "Filter": "((kind_id < 7) AND (production_year > 2012))",
                              "Rows Removed by Filter": 625307
                            }
                          ]
                        }
                      ]
                    },
                    {
                      "Node Type": "Index Scan",
                      "Parent Relationship": "Inner",
                      "Parallel Aware": false,
                      "Scan Direction": "Forward",
                      "Index Name": "movie_id_cast_info",
                      "Relation Name": "cast_info",
                      "Alias": "ci",
                      "Startup Cost": 0.56,
                      "Total Cost": 3.83,
                      "Plan Rows": 30,
                      "Plan Width": 4,
                      "Actual Startup Time": 0.011,
                      "Actual Total Time": 0.082,
                      "Actual Rows": 26,
                      "Actual Loops": 5149,
                      "Index Cond": "(movie_id = mk.movie_id)",
                      "Rows Removed by Index Recheck": 0,
                      "Filter": "(role_id < 10)",
                      "Rows Removed by Filter": 8
                    }
                  ]
                }
              ]
            }
          ]
        }
      ]
    },
    "Planning Time": 1.424,
    "Triggers": [],
    "Execution Time": 362.894
  }
]