[
  {
    "Plan": {
      "Node Type": "Aggregate",
      "Strategy": "Plain",
      "Partial Mode": "Finalize",
      "Parallel Aware": false,
      "Startup Cost": 95355.72,
      "Total Cost": 95355.73,
      "Plan Rows": 1,
      "Plan Width": 8,
      "Actual Startup Time": 354.88,
      "Actual Total Time": 395.399,
      "Actual Rows": 1,
      "Actual Loops": 1,
      "Plans": [
        {
          "Node Type": "Gather",
          "Parent Relationship": "Outer",
          "Parallel Aware": false,
          "Startup Cost": 95355.4,
          "Total Cost": 95355.71,
          "Plan Rows": 3,
          "Plan Width": 8,
          "Actual Startup Time": 354.428,
          "Actual Total Time": 395.389,
          "Actual Rows": 4,
          "Actual Loops": 1,
          "Workers Planned": 3,
          "Workers Launched": 3,
          "Single Copy": false,
          "Plans": [
            {
              "Node Type": "Aggregate",
              "Strategy": "Plain",
              "Partial Mode": "Partial",
              "Parent Relationship": "Outer",
              "Parallel Aware": false,
              "Startup Cost": 94355.4,
              "Total Cost": 94355.41,
              "Plan Rows": 1,
              "Plan Width": 8,
              "Actual Startup Time": 345.3,
              "Actual Total Time": 345.323,
              "Actual Rows": 1,
              "Actual Loops": 4,
              "Plans": [
                {
                  "Node Type": "Nested Loop",
                  "Parent Relationship": "Outer",
                  "Parallel Aware": false,
                  "Join Type": "Inner",
                  "Startup Cost": 58174.85,
                  "Total Cost": 94291.53,
                  "Plan Rows": 25547,
                  "Plan Width": 0,
                  "Actual Startup Time": 155.947,
                  "Actual Total Time": 342.579,
                  "Actual Rows": 33955,
                  "Actual Loops": 4,
                  "Inner Unique": false,
                  "Join Filter": "(t.id = ci.movie_id)",
                  "Rows Removed by Join Filter": 0,
                  "Plans": [
                    {
                      "Node Type": "Hash Join",
                      "Parent Relationship": "Outer",
                      "Parallel Aware": true,
                      "Join Type": "Inner",
                      "Startup Cost": 58174.29,
                      "Total Cost": 85528.25,
                      "Plan Rows": 2047,
                      "Plan Width": 8,
                      "Actual Startup Time": 155.802,
                      "Actual Total Time": 228.79,
                      "Actual Rows": 1287,
                      "Actual Loops": 4,
                      "Inner Unique": true,
                      "Hash Cond": "(mk.movie_id = t.id)",
                      "Plans": [
                        {
                          "Node Type": "Bitmap Heap Scan",
                          "Parent Relationship": "Outer",
                          "Parallel Aware": true,
                          "Relation Name": "movie_keyword",
                          "Alias": "mk",
                          "Startup Cost": 12610.82,
                          "Total Cost": 39461.48,
                          "Plan Rows": 191733,
                          "Plan Width": 4,
                          "Actual Startup Time": 51.384,
                          "Actual Total Time": 103.415,
                          "Actual Rows": 151686,
                          "Actual Loops": 4,
                          "Recheck Cond": "(keyword_id < 460)",
                          "Rows Removed by Index Recheck": 0,
                          "Exact Heap Blocks": 9623,
                          "Lossy Heap Blocks": 0,
                          "Plans": [
                            {
                              "Node Type": "Bitmap Index Scan",
                              "Parent Relationship": "Outer",
                              "Parallel Aware": false,
                              "Index Name": "keyword_id_movie_keyword",
                              "Startup Cost": 0.0,
                              "Total Cost": 12462.22,
                              "Plan Rows": 594372,
                              "Plan Width": 0,
                              "Actual Startup Time": 45.44,
                              "Actual Total Time": 45.441,
                              "Actual Rows": 606746,
                              "Actual Loops": 1,
                              "Index Cond": "(keyword_id < 460)"
                            }
                          ]
                        },
                        {
                          "Node Type": "Hash",
                          "Parent Relationship": "Inner",
                          "Parallel Aware": true,
                          "Startup Cost": 45479.1,
                          "Total Cost": 45479.1,
                          "Plan Rows": 6750,
                          "Plan Width": 4,
                          "Actual Startup Time": 101.785,
                          "Actual Total Time": 101.788,
                          "Actual Rows": 6771,
                          "Actual Loops": 4,
                          "Hash Buckets": 32768,
                          "Original Hash Buckets": 32768,
                          "Hash Batches": 1,
                          "Original Hash Batches": 1,
                          "Peak Memory Usage": 1376,
                          "Plans": [
                            {
                              "Node Type": "Seq Scan",
                              "Parent Relationship": "Outer",
                              "Parallel Aware": true,
                              "Relation Name": "title",
                              "Alias": "t",
                              "Startup Cost": 0.0,
                              "Total Cost": 45479.1,
                              "Plan Rows": 6750,
                              "Plan Width": 4,
                              "Actual Startup Time": 0.595,
                              "Actual Total Time": 98.783,
                              "Actual Rows": 6771,
                              "Actual Loops": 4,
                              "Filter": "((kind_id < 7) AND (production_year > 2012))",
                              "Rows Removed by Filter": 625307
                            }
                          ]
                        }
                      ]
                    },
                    {
                      "Node Type": "Index Scan",
                      "Parent Relationship": "Inner",
                      "Parallel Aware": false,
                      "Scan Direction": "Forward",
                      "Index Name": "movie_id_cast_info",
                      "Relation Name": "cast_info",
                      "Alias": "ci",
                      "Startup Cost": 0.56,
                      "Total Cost": 3.88,
                      "Plan Rows": 32,
                      "Plan Width": 4,
                      "Actual Startup Time": 0.012,
                      "Actual Total Time": 0.084,
                      "Actual Rows": 26,
                      "Actual Loops": 5149,
                      "Index Cond": "(movie_id = mk.movie_id)",
                      "Rows Removed by Index Recheck": 0,
                      "Filter": "(role_id < 10)",
                      "Rows Removed by Filter": 8
                    }
                  ]
                }
              ]
            }
          ]
        }
      ]
    },
    "Planning Time": 1.352,
    "Triggers": [],
    "Execution Time": 395.519
  }
]