[
    {
        "Bao": {
            "Bao prediction": "NaN",
            "Bao recommended hint": "(no hint)"
        }
    },
    {
        "Plan": {
            "Node Type": "Aggregate",
            "Strategy": "Plain",
            "Partial Mode": "Finalize",
            "Parallel Aware": false,
            "Startup Cost": 242965.23,
            "Total Cost": 242965.24,
            "Plan Rows": 1,
            "Plan Width": 8,
            "Actual Startup Time": 454.775,
            "Actual Total Time": 468.139,
            "Actual Rows": 1,
            "Actual Loops": 1,
            "Output": [
                "count(*)"
            ],
            "Plans": [
                {
                    "Node Type": "Gather",
                    "Parent Relationship": "Outer",
                    "Parallel Aware": false,
                    "Startup Cost": 242964.71,
                    "Total Cost": 242965.22,
                    "Plan Rows": 5,
                    "Plan Width": 8,
                    "Actual Startup Time": 446.941,
                    "Actual Total Time": 468.13,
                    "Actual Rows": 6,
                    "Actual Loops": 1,
                    "Output": [
                        "(PARTIAL count(*))"
                    ],
                    "Workers Planned": 5,
                    "Workers Launched": 5,
                    "Single Copy": false,
                    "Plans": [
                        {
                            "Node Type": "Aggregate",
                            "Strategy": "Plain",
                            "Partial Mode": "Partial",
                            "Parent Relationship": "Outer",
                            "Parallel Aware": false,
                            "Startup Cost": 241964.71,
                            "Total Cost": 241964.72,
                            "Plan Rows": 1,
                            "Plan Width": 8,
                            "Actual Startup Time": 436.157,
                            "Actual Total Time": 436.161,
                            "Actual Rows": 1,
                            "Actual Loops": 6,
                            "Output": [
                                "PARTIAL count(*)"
                            ],
                            "Workers": [
                                {
                                    "Worker Number": 0,
                                    "Actual Startup Time": 433.611,
                                    "Actual Total Time": 433.615,
                                    "Actual Rows": 1,
                                    "Actual Loops": 1
                                },
                                {
                                    "Worker Number": 1,
                                    "Actual Startup Time": 433.809,
                                    "Actual Total Time": 433.812,
                                    "Actual Rows": 1,
                                    "Actual Loops": 1
                                },
                                {
                                    "Worker Number": 2,
                                    "Actual Startup Time": 434.198,
                                    "Actual Total Time": 434.201,
                                    "Actual Rows": 1,
                                    "Actual Loops": 1
                                },
                                {
                                    "Worker Number": 3,
                                    "Actual Startup Time": 434.192,
                                    "Actual Total Time": 434.196,
                                    "Actual Rows": 1,
                                    "Actual Loops": 1
                                },
                                {
                                    "Worker Number": 4,
                                    "Actual Startup Time": 434.744,
                                    "Actual Total Time": 434.748,
                                    "Actual Rows": 1,
                                    "Actual Loops": 1
                                }
                            ],
                            "Plans": [
                                {
                                    "Node Type": "Hash Join",
                                    "Parent Relationship": "Outer",
                                    "Parallel Aware": true,
                                    "Join Type": "Inner",
                                    "Startup Cost": 75150.82,
                                    "Total Cost": 241785.78,
                                    "Plan Rows": 71573,
                                    "Plan Width": 0,
                                    "Actual Startup Time": 308.924,
                                    "Actual Total Time": 424.624,
                                    "Actual Rows": 160638,
                                    "Actual Loops": 6,
                                    "Inner Unique": true,
                                    "Hash Cond": "(mi.movie_id = t.id)",
                                    "Workers": [
                                        {
                                            "Worker Number": 0,
                                            "Actual Startup Time": 306.47,
                                            "Actual Total Time": 422.012,
                                            "Actual Rows": 159957,
                                            "Actual Loops": 1
                                        },
                                        {
                                            "Worker Number": 1,
                                            "Actual Startup Time": 306.656,
                                            "Actual Total Time": 422.225,
                                            "Actual Rows": 158335,
                                            "Actual Loops": 1
                                        },
                                        {
                                            "Worker Number": 2,
                                            "Actual Startup Time": 306.994,
                                            "Actual Total Time": 423.13,
                                            "Actual Rows": 153738,
                                            "Actual Loops": 1
                                        },
                                        {
                                            "Worker Number": 3,
                                            "Actual Startup Time": 307.024,
                                            "Actual Total Time": 423.219,
                                            "Actual Rows": 157465,
                                            "Actual Loops": 1
                                        },
                                        {
                                            "Worker Number": 4,
                                            "Actual Startup Time": 307.607,
                                            "Actual Total Time": 423.079,
                                            "Actual Rows": 159418,
                                            "Actual Loops": 1
                                        }
                                    ],
                                    "Plans": [
                                        {
                                            "Node Type": "Bitmap Heap Scan",
                                            "Parent Relationship": "Outer",
                                            "Parallel Aware": true,
                                            "Relation Name": "movie_info",
                                            "Schema": "public",
                                            "Alias": "mi",
                                            "Startup Cost": 27829.04,
                                            "Total Cost": 193658.37,
                                            "Plan Rows": 306906,
                                            "Plan Width": 4,
                                            "Actual Startup Time": 138.406,
                                            "Actual Total Time": 185.211,
                                            "Actual Rows": 255652,
                                            "Actual Loops": 6,
                                            "Output": [
                                                "mi.id",
                                                "mi.movie_id",
                                                "mi.info_type_id",
                                                "mi.info",
                                                "mi.note"
                                            ],
                                            "Recheck Cond": "(mi.info_type_id = 3)",
                                            "Rows Removed by Index Recheck": 0,
                                            "Exact Heap Blocks": 1750,
                                            "Lossy Heap Blocks": 0,
                                            "Workers": [
                                                {
                                                    "Worker Number": 0,
                                                    "Actual Startup Time": 138.396,
                                                    "Actual Total Time": 186.671,
                                                    "Actual Rows": 250182,
                                                    "Actual Loops": 1
                                                },
                                                {
                                                    "Worker Number": 1,
                                                    "Actual Startup Time": 138.534,
                                                    "Actual Total Time": 185.874,
                                                    "Actual Rows": 245266,
                                                    "Actual Loops": 1
                                                },
                                                {
                                                    "Worker Number": 2,
                                                    "Actual Startup Time": 138.361,
                                                    "Actual Total Time": 185.923,
                                                    "Actual Rows": 243069,
                                                    "Actual Loops": 1
                                                },
                                                {
                                                    "Worker Number": 3,
                                                    "Actual Startup Time": 138.129,
                                                    "Actual Total Time": 184.681,
                                                    "Actual Rows": 270456,
                                                    "Actual Loops": 1
                                                },
                                                {
                                                    "Worker Number": 4,
                                                    "Actual Startup Time": 138.607,
                                                    "Actual Total Time": 186.882,
                                                    "Actual Rows": 250149,
                                                    "Actual Loops": 1
                                                }
                                            ],
                                            "Plans": [
                                                {
                                                    "Node Type": "Bitmap Index Scan",
                                                    "Parent Relationship": "Outer",
                                                    "Parallel Aware": false,
                                                    "Index Name": "info_type_id_movie_info",
                                                    "Startup Cost": 0.0,
                                                    "Total Cost": 27445.41,
                                                    "Plan Rows": 1534530,
                                                    "Plan Width": 0,
                                                    "Actual Startup Time": 135.884,
                                                    "Actual Total Time": 135.885,
                                                    "Actual Rows": 1533909,
                                                    "Actual Loops": 1,
                                                    "Index Cond": "(mi.info_type_id = 3)",
                                                    "Workers": [
                                                        {
                                                            "Worker Number": 3,
                                                            "Actual Startup Time": 135.884,
                                                            "Actual Total Time": 135.885,
                                                            "Actual Rows": 1533909,
                                                            "Actual Loops": 1
                                                        }
                                                    ]
                                                }
                                            ]
                                        },
                                        {
                                            "Node Type": "Hash",
                                            "Parent Relationship": "Inner",
                                            "Parallel Aware": true,
                                            "Startup Cost": 45479.21,
                                            "Total Cost": 45479.21,
                                            "Plan Rows": 147406,
                                            "Plan Width": 4,
                                            "Actual Startup Time": 148.272,
                                            "Actual Total Time": 148.273,
                                            "Actual Rows": 99122,
                                            "Actual Loops": 6,
                                            "Output": [
                                                "t.id"
                                            ],
                                            "Hash Buckets": 1048576,
                                            "Original Hash Buckets": 1048576,
                                            "Hash Batches": 1,
                                            "Original Hash Batches": 1,
                                            "Peak Memory Usage": 31520,
                                            "Workers": [
                                                {
                                                    "Worker Number": 0,
                                                    "Actual Startup Time": 148.199,
                                                    "Actual Total Time": 148.2,
                                                    "Actual Rows": 97263,
                                                    "Actual Loops": 1
                                                },
                                                {
                                                    "Worker Number": 1,
                                                    "Actual Startup Time": 148.444,
                                                    "Actual Total Time": 148.445,
                                                    "Actual Rows": 98751,
                                                    "Actual Loops": 1
                                                },
                                                {
                                                    "Worker Number": 2,
                                                    "Actual Startup Time": 148.831,
                                                    "Actual Total Time": 148.832,
                                                    "Actual Rows": 90961,
                                                    "Actual Loops": 1
                                                },
                                                {
                                                    "Worker Number": 3,
                                                    "Actual Startup Time": 148.805,
                                                    "Actual Total Time": 148.806,
                                                    "Actual Rows": 91502,
                                                    "Actual Loops": 1
                                                },
                                                {
                                                    "Worker Number": 4,
                                                    "Actual Startup Time": 149.364,
                                                    "Actual Total Time": 149.364,
                                                    "Actual Rows": 97977,
                                                    "Actual Loops": 1
                                                }
                                            ],
                                            "Plans": [
                                                {
                                                    "Node Type": "Seq Scan",
                                                    "Parent Relationship": "Outer",
                                                    "Parallel Aware": true,
                                                    "Relation Name": "title",
                                                    "Schema": "public",
                                                    "Alias": "t",
                                                    "Startup Cost": 0.0,
                                                    "Total Cost": 45479.21,
                                                    "Plan Rows": 147406,
                                                    "Plan Width": 4,
                                                    "Actual Startup Time": 57.612,
                                                    "Actual Total Time": 102.148,
                                                    "Actual Rows": 99122,
                                                    "Actual Loops": 6,
                                                    "Output": [
                                                        "t.id"
                                                    ],
                                                    "Filter": "((t.production_year < 2012) AND (t.kind_id = 1))",
                                                    "Rows Removed by Filter": 322264,
                                                    "Workers": [
                                                        {
                                                            "Worker Number": 0,
                                                            "Actual Startup Time": 57.526,
                                                            "Actual Total Time": 103.107,
                                                            "Actual Rows": 97263,
                                                            "Actual Loops": 1
                                                        },
                                                        {
                                                            "Worker Number": 1,
                                                            "Actual Startup Time": 57.651,
                                                            "Actual Total Time": 103.618,
                                                            "Actual Rows": 98751,
                                                            "Actual Loops": 1
                                                        },
                                                        {
                                                            "Worker Number": 2,
                                                            "Actual Startup Time": 57.517,
                                                            "Actual Total Time": 102.014,
                                                            "Actual Rows": 90961,
                                                            "Actual Loops": 1
                                                        },
                                                        {
                                                            "Worker Number": 3,
                                                            "Actual Startup Time": 57.765,
                                                            "Actual Total Time": 101.764,
                                                            "Actual Rows": 91502,
                                                            "Actual Loops": 1
                                                        },
                                                        {
                                                            "Worker Number": 4,
                                                            "Actual Startup Time": 57.449,
                                                            "Actual Total Time": 103.131,
                                                            "Actual Rows": 97977,
                                                            "Actual Loops": 1
                                                        }
                                                    ]
                                                }
                                            ]
                                        }
                                    ]
                                }
                            ]
                        }
                    ]
                }
            ]
        },
        "Planning Time": 275.581,
        "Triggers": [],
        "Execution Time": 468.235
    }
]