{
  "Plan": {
    "Node Type": "Aggregate",
    "Strategy": "Plain",
    "Partial Mode": "Simple",
    "Parallel Aware": false,
    "Startup Cost": 4100.12,
    "Total Cost": 4100.13,
    "Plan Rows": 1,
    "Plan Width": 64,
    "Actual Startup Time": 6707.84,
    "Actual Total Time": 6707.845,
    "Actual Rows": 1,
    "Actual Loops": 1,
    "Plans": [
      {
        "Node Type": "Nested Loop",
        "Parent Relationship": "Outer",
        "Parallel Aware": false,
        "Join Type": "Inner",
        "Startup Cost": 13.06,
        "Total Cost": 4100.05,
        "Plan Rows": 15,
        "Plan Width": 15,
        "Actual Startup Time": 17.899,
        "Actual Total Time": 6681.508,
        "Actual Rows": 258289,
        "Actual Loops": 1,
        "Inner Unique": true,
        "Plans": [
          {
            "Node Type": "Nested Loop",
            "Parent Relationship": "Outer",
            "Parallel Aware": false,
            "Join Type": "Inner",
            "Startup Cost": 12.64,
            "Total Cost": 4082.21,
            "Plan Rows": 40,
            "Plan Width": 19,
            "Actual Startup Time": 16.867,
            "Actual Total Time": 5640.493,
            "Actual Rows": 702849,
            "Actual Loops": 1,
            "Inner Unique": false,
            "Join Filter": "(t.id = mc.movie_id)",
            "Rows Removed by Join Filter": 0,
            "Plans": [
              {
                "Node Type": "Nested Loop",
                "Parent Relationship": "Outer",
                "Parallel Aware": false,
                "Join Type": "Inner",
                "Startup Cost": 12.21,
                "Total Cost": 4059.47,
                "Plan Rows": 39,
                "Plan Width": 27,
                "Actual Startup Time": 14.489,
                "Actual Total Time": 5301.922,
                "Actual Rows": 93315,
                "Actual Loops": 1,
                "Inner Unique": true,
                "Plans": [
                  {
                    "Node Type": "Nested Loop",
                    "Parent Relationship": "Outer",
                    "Parallel Aware": false,
                    "Join Type": "Inner",
                    "Startup Cost": 11.78,
                    "Total Cost": 3836.07,
                    "Plan Rows": 488,
                    "Plan Width": 16,
                    "Actual Startup Time": 14.461,
                    "Actual Total Time": 1672.821,
                    "Actual Rows": 1038393,
                    "Actual Loops": 1,
                    "Inner Unique": false,
                    "Join Filter": "(t.id = ci.movie_id)",
                    "Rows Removed by Join Filter": 0,
                    "Plans": [
                      {
                        "Node Type": "Nested Loop",
                        "Parent Relationship": "Outer",
                        "Parallel Aware": false,
                        "Join Type": "Inner",
                        "Startup Cost": 11.21,
                        "Total Cost": 3767.61,
                        "Plan Rows": 34,
                        "Plan Width": 8,
                        "Actual Startup Time": 14.427,
                        "Actual Total Time": 171.524,
                        "Actual Rows": 41840,
                        "Actual Loops": 1,
                        "Inner Unique": true,
                        "Plans": [
                          {
                            "Node Type": "Nested Loop",
                            "Parent Relationship": "Outer",
                            "Parallel Aware": false,
                            "Join Type": "Inner",
                            "Startup Cost": 10.78,
                            "Total Cost": 3751.04,
                            "Plan Rows": 34,
                            "Plan Width": 4,
                            "Actual Startup Time": 14.387,
                            "Actual Total Time": 53.799,
                            "Actual Rows": 41840,
                            "Actual Loops": 1,
                            "Inner Unique": false,
                            "Plans": [
                              {
                                "Node Type": "Seq Scan",
                                "Parent Relationship": "Outer",
                                "Parallel Aware": false,
                                "Relation Name": "keyword",
                                "Alias": "k",
                                "Startup Cost": 0.0,
                                "Total Cost": 2626.12,
                                "Plan Rows": 1,
                                "Plan Width": 4,
                                "Actual Startup Time": 1.425,
                                "Actual Total Time": 9.729,
                                "Actual Rows": 1,
                                "Actual Loops": 1,
                                "Filter": "(keyword = 'character-name-in-title'::text)",
                                "Rows Removed by Filter": 134169
                              },
                              {
                                "Node Type": "Bitmap Heap Scan",
                                "Parent Relationship": "Inner",
                                "Parallel Aware": false,
                                "Relation Name": "movie_keyword",
                                "Alias": "mk",
                                "Startup Cost": 10.78,
                                "Total Cost": 1121.89,
                                "Plan Rows": 303,
                                "Plan Width": 8,
                                "Actual Startup Time": 12.947,
                                "Actual Total Time": 39.852,
                                "Actual Rows": 41840,
                                "Actual Loops": 1,
                                "Recheck Cond": "(keyword_id = k.id)",
                                "Rows Removed by Index Recheck": 0,
                                "Exact Heap Blocks": 11541,
                                "Lossy Heap Blocks": 0,
                                "Plans": [
                                  {
                                    "Node Type": "Bitmap Index Scan",
                                    "Parent Relationship": "Outer",
                                    "Parallel Aware": false,
                                    "Index Name": "keyword_id_movie_keyword",
                                    "Startup Cost": 0.0,
                                    "Total Cost": 10.71,
                                    "Plan Rows": 303,
                                    "Plan Width": 0,
                                    "Actual Startup Time": 7.366,
                                    "Actual Total Time": 7.366,
                                    "Actual Rows": 41840,
                                    "Actual Loops": 1,
                                    "Index Cond": "(keyword_id = k.id)"
                                  }
                                ]
                              }
                            ]
                          },
                          {
                            "Node Type": "Index Only Scan",
                            "Parent Relationship": "Inner",
                            "Parallel Aware": false,
                            "Scan Direction": "Forward",
                            "Index Name": "title_pkey",
                            "Relation Name": "title",
                            "Alias": "t",
                            "Startup Cost": 0.43,
                            "Total Cost": 0.49,
                            "Plan Rows": 1,
                            "Plan Width": 4,
                            "Actual Startup Time": 0.003,
                            "Actual Total Time": 0.003,
                            "Actual Rows": 1,
                            "Actual Loops": 41840,
                            "Index Cond": "(id = mk.movie_id)",
                            "Rows Removed by Index Recheck": 0,
                            "Heap Fetches": 41840
                          }
                        ]
                      },
                      {
                        "Node Type": "Index Scan",
                        "Parent Relationship": "Inner",
                        "Parallel Aware": false,
                        "Scan Direction": "Forward",
                        "Index Name": "movie_id_cast_info",
                        "Relation Name": "cast_info",
                        "Alias": "ci",
                        "Startup Cost": 0.56,
                        "Total Cost": 1.55,
                        "Plan Rows": 37,
                        "Plan Width": 8,
                        "Actual Startup Time": 0.004,
                        "Actual Total Time": 0.033,
                        "Actual Rows": 25,
                        "Actual Loops": 41840,
                        "Index Cond": "(movie_id = mk.movie_id)",
                        "Rows Removed by Index Recheck": 0
                      }
                    ]
                  },
                  {
                    "Node Type": "Index Scan",
                    "Parent Relationship": "Inner",
                    "Parallel Aware": false,
                    "Scan Direction": "Forward",
                    "Index Name": "name_pkey",
                    "Relation Name": "name",
                    "Alias": "n",
                    "Startup Cost": 0.43,
                    "Total Cost": 0.46,
                    "Plan Rows": 1,
                    "Plan Width": 19,
                    "Actual Startup Time": 0.003,
                    "Actual Total Time": 0.003,
                    "Actual Rows": 0,
                    "Actual Loops": 1038393,
                    "Index Cond": "(id = ci.person_id)",
                    "Rows Removed by Index Recheck": 0,
                    "Filter": "(name ~~ 'B%'::text)",
                    "Rows Removed by Filter": 1
                  }
                ]
              },
              {
                "Node Type": "Index Scan",
                "Parent Relationship": "Inner",
                "Parallel Aware": false,
                "Scan Direction": "Forward",
                "Index Name": "movie_id_movie_companies",
                "Relation Name": "movie_companies",
                "Alias": "mc",
                "Startup Cost": 0.43,
                "Total Cost": 0.52,
                "Plan Rows": 5,
                "Plan Width": 8,
                "Actual Startup Time": 0.001,
                "Actual Total Time": 0.003,
                "Actual Rows": 8,
                "Actual Loops": 93315,
                "Index Cond": "(movie_id = ci.movie_id)",
                "Rows Removed by Index Recheck": 0
              }
            ]
          },
          {
            "Node Type": "Index Scan",
            "Parent Relationship": "Inner",
            "Parallel Aware": false,
            "Scan Direction": "Forward",
            "Index Name": "company_name_pkey",
            "Relation Name": "company_name",
            "Alias": "cn",
            "Startup Cost": 0.42,
            "Total Cost": 0.45,
            "Plan Rows": 1,
            "Plan Width": 4,
            "Actual Startup Time": 0.001,
            "Actual Total Time": 0.001,
            "Actual Rows": 0,
            "Actual Loops": 702849,
            "Index Cond": "(id = mc.company_id)",
            "Rows Removed by Index Recheck": 0,
            "Filter": "((country_code)::text = '[us]'::text)",
            "Rows Removed by Filter": 1
          }
        ]
      }
    ]
  },
  "Planning Time": 1.284,
  "Triggers": [],
  "Execution Time": 6707.984
}