[
  {
    "Plan": {
      "Node Type": "Aggregate",
      "Strategy": "Plain",
      "Partial Mode": "Finalize",
      "Parallel Aware": false,
      "Startup Cost": 214360.99,
      "Total Cost": 214361.0,
      "Plan Rows": 1,
      "Plan Width": 8,
      "Actual Startup Time": 151.887,
      "Actual Total Time": 158.975,
      "Actual Rows": 1,
      "Actual Loops": 1,
      "Plans": [
        {
          "Node Type": "Gather",
          "Parent Relationship": "Outer",
          "Parallel Aware": false,
          "Startup Cost": 214360.47,
          "Total Cost": 214360.98,
          "Plan Rows": 5,
          "Plan Width": 8,
          "Actual Startup Time": 150.88,
          "Actual Total Time": 158.968,
          "Actual Rows": 6,
          "Actual Loops": 1,
          "Workers Planned": 5,
          "Workers Launched": 5,
          "Single Copy": false,
          "Plans": [
            {
              "Node Type": "Aggregate",
              "Strategy": "Plain",
              "Partial Mode": "Partial",
              "Parent Relationship": "Outer",
              "Parallel Aware": false,
              "Startup Cost": 213360.47,
              "Total Cost": 213360.48,
              "Plan Rows": 1,
              "Plan Width": 8,
              "Actual Startup Time": 141.648,
              "Actual Total Time": 141.653,
              "Actual Rows": 1,
              "Actual Loops": 6,
              "Plans": [
                {
                  "Node Type": "Hash Join",
                  "Parent Relationship": "Outer",
                  "Parallel Aware": true,
                  "Join Type": "Inner",
                  "Startup Cost": 49485.99,
                  "Total Cost": 213353.21,
                  "Plan Rows": 2904,
                  "Plan Width": 0,
                  "Actual Startup Time": 115.391,
                  "Actual Total Time": 141.229,
                  "Actual Rows": 5518,
                  "Actual Loops": 6,
                  "Inner Unique": true,
                  "Hash Cond": "(mi.movie_id = t.id)",
                  "Plans": [
                    {
                      "Node Type": "Bitmap Heap Scan",
                      "Parent Relationship": "Outer",
                      "Parallel Aware": true,
                      "Relation Name": "movie_info",
                      "Alias": "mi",
                      "Startup Cost": 11198.16,
                      "Total Cost": 174740.1,
                      "Plan Rows": 123915,
                      "Plan Width": 4,
                      "Actual Startup Time": 43.251,
                      "Actual Total Time": 72.024,
                      "Actual Rows": 110154,
                      "Actual Loops": 6,
                      "Recheck Cond": "(info_type_id = 18)",
                      "Rows Removed by Index Recheck": 0,
                      "Exact Heap Blocks": 1450,
                      "Lossy Heap Blocks": 0,
                      "Plans": [
                        {
                          "Node Type": "Bitmap Index Scan",
                          "Parent Relationship": "Outer",
                          "Parallel Aware": false,
                          "Index Name": "info_type_id_movie_info",
                          "Startup Cost": 0.0,
                          "Total Cost": 11043.26,
                          "Plan Rows": 619577,
                          "Plan Width": 0,
                          "Actual Startup Time": 41.594,
                          "Actual Total Time": 41.595,
                          "Actual Rows": 660923,
                          "Actual Loops": 1,
                          "Index Cond": "(info_type_id = 18)"
                        }
                      ]
                    },
                    {
                      "Node Type": "Hash",
                      "Parent Relationship": "Inner",
                      "Parallel Aware": true,
                      "Startup Cost": 38102.68,
                      "Total Cost": 38102.68,
                      "Plan Rows": 14812,
                      "Plan Width": 4,
                      "Actual Startup Time": 45.868,
                      "Actual Total Time": 45.869,
                      "Actual Rows": 8548,
                      "Actual Loops": 6,
                      "Hash Buckets": 65536,
                      "Original Hash Buckets": 65536,
                      "Hash Batches": 1,
                      "Original Hash Batches": 1,
                      "Peak Memory Usage": 2624,
                      "Plans": [
                        {
                          "Node Type": "Bitmap Heap Scan",
                          "Parent Relationship": "Outer",
                          "Parallel Aware": true,
                          "Relation Name": "title",
                          "Alias": "t",
                          "Startup Cost": 1741.53,
                          "Total Cost": 38102.68,
                          "Plan Rows": 14812,
                          "Plan Width": 4,
                          "Actual Startup Time": 9.797,
                          "Actual Total Time": 41.521,
                          "Actual Rows": 8548,
                          "Actual Loops": 6,
                          "Recheck Cond": "(kind_id = 3)",
                          "Rows Removed by Index Recheck": 0,
                          "Filter": "(production_year > 1997)",
                          "Rows Removed by Filter": 8208,
                          "Exact Heap Blocks": 6155,
                          "Lossy Heap Blocks": 0,
                          "Plans": [
                            {
                              "Node Type": "Bitmap Index Scan",
                              "Parent Relationship": "Outer",
                              "Parallel Aware": false,
                              "Index Name": "kind_id_title",
                              "Startup Cost": 0.0,
                              "Total Cost": 1726.72,
                              "Plan Rows": 96839,
                              "Plan Width": 0,
                              "Actual Startup Time": 13.657,
                              "Actual Total Time": 13.657,
                              "Actual Rows": 100537,
                              "Actual Loops": 1,
                              "Index Cond": "(kind_id = 3)"
                            }
                          ]
                        }
                      ]
                    }
                  ]
                }
              ]
            }
          ]
        }
      ]
    },
    "Planning Time": 0.448,
    "Triggers": [],
    "Execution Time": 159.047
  }
]