[
  {
    "Plan": {
      "Node Type": "Aggregate",
      "Strategy": "Plain",
      "Partial Mode": "Finalize",
      "Parallel Aware": false,
      "Startup Cost": 32823.98,
      "Total Cost": 32823.99,
      "Plan Rows": 1,
      "Plan Width": 8,
      "Actual Startup Time": 73.688,
      "Actual Total Time": 83.497,
      "Actual Rows": 1,
      "Actual Loops": 1,
      "Plans": [
        {
          "Node Type": "Gather",
          "Parent Relationship": "Outer",
          "Parallel Aware": false,
          "Startup Cost": 32823.67,
          "Total Cost": 32823.98,
          "Plan Rows": 3,
          "Plan Width": 8,
          "Actual Startup Time": 73.556,
          "Actual Total Time": 83.488,
          "Actual Rows": 4,
          "Actual Loops": 1,
          "Workers Planned": 3,
          "Workers Launched": 3,
          "Single Copy": false,
          "Plans": [
            {
              "Node Type": "Aggregate",
              "Strategy": "Plain",
              "Partial Mode": "Partial",
              "Parent Relationship": "Outer",
              "Parallel Aware": false,
              "Startup Cost": 31823.67,
              "Total Cost": 31823.68,
              "Plan Rows": 1,
              "Plan Width": 8,
              "Actual Startup Time": 70.065,
              "Actual Total Time": 70.067,
              "Actual Rows": 1,
              "Actual Loops": 4,
              "Plans": [
                {
                  "Node Type": "Seq Scan",
                  "Parent Relationship": "Outer",
                  "Parallel Aware": true,
                  "Relation Name": "movie_companies",
                  "Alias": "mc",
                  "Startup Cost": 0.0,
                  "Total Cost": 31414.82,
                  "Plan Rows": 163539,
                  "Plan Width": 0,
                  "Actual Startup Time": 12.911,
                  "Actual Total Time": 67.678,
                  "Actual Rows": 50204,
                  "Actual Loops": 4,
                  "Filter": "((company_id > 15555) AND (company_type_id < 2))",
                  "Rows Removed by Filter": 602078
                }
              ]
            }
          ]
        }
      ]
    },
    "Planning Time": 0.096,
    "Triggers": [],
    "Execution Time": 83.527
  }
]