{
  "Plan": {
    "Node Type": "Aggregate",
    "Strategy": "Plain",
    "Partial Mode": "Finalize",
    "Parallel Aware": false,
    "Startup Cost": 196136.15,
    "Total Cost": 196136.16,
    "Plan Rows": 1,
    "Plan Width": 8,
    "Actual Startup Time": 1757.641,
    "Actual Total Time": 1785.661,
    "Actual Rows": 1,
    "Actual Loops": 1,
    "Plans": [
      {
        "Node Type": "Gather",
        "Parent Relationship": "Outer",
        "Parallel Aware": false,
        "Startup Cost": 196136.04,
        "Total Cost": 196136.15,
        "Plan Rows": 1,
        "Plan Width": 8,
        "Actual Startup Time": 1749.635,
        "Actual Total Time": 1785.654,
        "Actual Rows": 2,
        "Actual Loops": 1,
        "Workers Planned": 1,
        "Workers Launched": 1,
        "Single Copy": false,
        "Plans": [
          {
            "Node Type": "Aggregate",
            "Strategy": "Plain",
            "Partial Mode": "Partial",
            "Parent Relationship": "Outer",
            "Parallel Aware": false,
            "Startup Cost": 195136.04,
            "Total Cost": 195136.05,
            "Plan Rows": 1,
            "Plan Width": 8,
            "Actual Startup Time": 1741.087,
            "Actual Total Time": 1741.093,
            "Actual Rows": 1,
            "Actual Loops": 2,
            "Plans": [
              {
                "Node Type": "Hash Join",
                "Parent Relationship": "Outer",
                "Parallel Aware": true,
                "Join Type": "Inner",
                "Startup Cost": 120987.74,
                "Total Cost": 192729.04,
                "Plan Rows": 962799,
                "Plan Width": 0,
                "Actual Startup Time": 1018.469,
                "Actual Total Time": 1610.265,
                "Actual Rows": 3349214,
                "Actual Loops": 2,
                "Inner Unique": false,
                "Hash Cond": "(mk.movie_id = t.id)",
                "Plans": [
                  {
                    "Node Type": "Seq Scan",
                    "Parent Relationship": "Outer",
                    "Parallel Aware": true,
                    "Relation Name": "movie_keyword",
                    "Alias": "mk",
                    "Startup Cost": 0.0,
                    "Total Cost": 57718.19,
                    "Plan Rows": 2229220,
                    "Plan Width": 4,
                    "Actual Startup Time": 0.012,
                    "Actual Total Time": 195.762,
                    "Actual Rows": 1900576,
                    "Actual Loops": 2,
                    "Filter": "(keyword_id < 25936)",
                    "Rows Removed by Filter": 361390
                  },
                  {
                    "Node Type": "Hash",
                    "Parent Relationship": "Inner",
                    "Parallel Aware": true,
                    "Startup Cost": 112958.56,
                    "Total Cost": 112958.56,
                    "Plan Rows": 642335,
                    "Plan Width": 8,
                    "Actual Startup Time": 1003.509,
                    "Actual Total Time": 1003.513,
                    "Actual Rows": 611844,
                    "Actual Loops": 2,
                    "Hash Buckets": 2097152,
                    "Original Hash Buckets": 2097152,
                    "Hash Batches": 1,
                    "Original Hash Batches": 1,
                    "Peak Memory Usage": 64288,
                    "Plans": [
                      {
                        "Node Type": "Hash Join",
                        "Parent Relationship": "Outer",
                        "Parallel Aware": true,
                        "Join Type": "Inner",
                        "Startup Cost": 69460.7,
                        "Total Cost": 112958.56,
                        "Plan Rows": 642335,
                        "Plan Width": 8,
                        "Actual Startup Time": 571.954,
                        "Actual Total Time": 848.33,
                        "Actual Rows": 611844,
                        "Actual Loops": 2,
                        "Inner Unique": true,
                        "Hash Cond": "(mc.movie_id = t.id)",
                        "Plans": [
                          {
                            "Node Type": "Seq Scan",
                            "Parent Relationship": "Outer",
                            "Parallel Aware": true,
                            "Relation Name": "movie_companies",
                            "Alias": "mc",
                            "Startup Cost": 0.0,
                            "Total Cost": 41811.73,
                            "Plan Rows": 642335,
                            "Plan Width": 4,
                            "Actual Startup Time": 48.688,
                            "Actual Total Time": 122.201,
                            "Actual Rows": 611844,
                            "Actual Loops": 2,
                            "Filter": "((company_id > 376) AND (company_type_id = 2))",
                            "Rows Removed by Filter": 692721
                          },
                          {
                            "Node Type": "Hash",
                            "Parent Relationship": "Inner",
                            "Parallel Aware": true,
                            "Startup Cost": 50870.31,
                            "Total Cost": 50870.31,
                            "Plan Rows": 1487231,
                            "Plan Width": 4,
                            "Actual Startup Time": 509.512,
                            "Actual Total Time": 509.513,
                            "Actual Rows": 1264156,
                            "Actual Loops": 2,
                            "Hash Buckets": 4194304,
                            "Original Hash Buckets": 4194304,
                            "Hash Batches": 1,
                            "Original Hash Batches": 1,
                            "Peak Memory Usage": 131712,
                            "Plans": [
                              {
                                "Node Type": "Seq Scan",
                                "Parent Relationship": "Outer",
                                "Parallel Aware": true,
                                "Relation Name": "title",
                                "Alias": "t",
                                "Startup Cost": 0.0,
                                "Total Cost": 50870.31,
                                "Plan Rows": 1487231,
                                "Plan Width": 4,
                                "Actual Startup Time": 0.036,
                                "Actual Total Time": 148.796,
                                "Actual Rows": 1264156,
                                "Actual Loops": 2
                              }
                            ]
                          }
                        ]
                      }
                    ]
                  }
                ]
              }
            ]
          }
        ]
      }
    ]
  },
  "Planning Time": 0.943,
  "Triggers": [],
  "Execution Time": 1785.742
}