[
  {
    "Plan": {
      "Node Type": "Aggregate",
      "Strategy": "Plain",
      "Partial Mode": "Finalize",
      "Parallel Aware": false,
      "Startup Cost": 45767.74,
      "Total Cost": 45767.75,
      "Plan Rows": 1,
      "Plan Width": 8,
      "Actual Startup Time": 158.815,
      "Actual Total Time": 166.202,
      "Actual Rows": 1,
      "Actual Loops": 1,
      "Plans": [
        {
          "Node Type": "Gather",
          "Parent Relationship": "Outer",
          "Parallel Aware": false,
          "Startup Cost": 45767.42,
          "Total Cost": 45767.73,
          "Plan Rows": 3,
          "Plan Width": 8,
          "Actual Startup Time": 158.683,
          "Actual Total Time": 166.192,
          "Actual Rows": 4,
          "Actual Loops": 1,
          "Workers Planned": 3,
          "Workers Launched": 3,
          "Single Copy": false,
          "Plans": [
            {
              "Node Type": "Aggregate",
              "Strategy": "Plain",
              "Partial Mode": "Partial",
              "Parent Relationship": "Outer",
              "Parallel Aware": false,
              "Startup Cost": 44767.42,
              "Total Cost": 44767.43,
              "Plan Rows": 1,
              "Plan Width": 8,
              "Actual Startup Time": 152.564,
              "Actual Total Time": 152.565,
              "Actual Rows": 1,
              "Actual Loops": 4,
              "Plans": [
                {
                  "Node Type": "Seq Scan",
                  "Parent Relationship": "Outer",
                  "Parallel Aware": true,
                  "Relation Name": "movie_keyword",
                  "Alias": "mk",
                  "Startup Cost": 0.0,
                  "Total Cost": 42695.65,
                  "Plan Rows": 828708,
                  "Plan Width": 0,
                  "Actual Startup Time": 0.047,
                  "Actual Total Time": 121.925,
                  "Actual Rows": 642880,
                  "Actual Loops": 4,
                  "Filter": "(keyword_id < 6604)",
                  "Rows Removed by Filter": 488103
                }
              ]
            }
          ]
        }
      ]
    },
    "Planning Time": 0.17,
    "Triggers": [],
    "Execution Time": 166.256
  }
]