[
  {
    "Plan": {
      "Node Type": "Aggregate",
      "Strategy": "Plain",
      "Partial Mode": "Finalize",
      "Parallel Aware": false,
      "Startup Cost": 41492.71,
      "Total Cost": 41492.72,
      "Plan Rows": 1,
      "Plan Width": 8,
      "Actual Startup Time": 142.054,
      "Actual Total Time": 150.597,
      "Actual Rows": 1,
      "Actual Loops": 1,
      "Plans": [
        {
          "Node Type": "Gather",
          "Parent Relationship": "Outer",
          "Parallel Aware": false,
          "Startup Cost": 41492.4,
          "Total Cost": 41492.71,
          "Plan Rows": 3,
          "Plan Width": 8,
          "Actual Startup Time": 141.763,
          "Actual Total Time": 150.589,
          "Actual Rows": 4,
          "Actual Loops": 1,
          "Workers Planned": 3,
          "Workers Launched": 3,
          "Single Copy": false,
          "Plans": [
            {
              "Node Type": "Aggregate",
              "Strategy": "Plain",
              "Partial Mode": "Partial",
              "Parent Relationship": "Outer",
              "Parallel Aware": false,
              "Startup Cost": 40492.4,
              "Total Cost": 40492.41,
              "Plan Rows": 1,
              "Plan Width": 8,
              "Actual Startup Time": 135.262,
              "Actual Total Time": 135.264,
              "Actual Rows": 1,
              "Actual Loops": 4,
              "Plans": [
                {
                  "Node Type": "Bitmap Heap Scan",
                  "Parent Relationship": "Outer",
                  "Parallel Aware": true,
                  "Relation Name": "movie_keyword",
                  "Alias": "mk",
                  "Startup Cost": 13059.55,
                  "Total Cost": 39995.92,
                  "Plan Rows": 198590,
                  "Plan Width": 0,
                  "Actual Startup Time": 51.174,
                  "Actual Total Time": 126.951,
                  "Actual Rows": 156020,
                  "Actual Loops": 4,
                  "Recheck Cond": "(keyword_id < 482)",
                  "Rows Removed by Index Recheck": 0,
                  "Exact Heap Blocks": 10459,
                  "Lossy Heap Blocks": 0,
                  "Plans": [
                    {
                      "Node Type": "Bitmap Index Scan",
                      "Parent Relationship": "Outer",
                      "Parallel Aware": false,
                      "Index Name": "keyword_id_movie_keyword",
                      "Startup Cost": 0.0,
                      "Total Cost": 12905.64,
                      "Plan Rows": 615628,
                      "Plan Width": 0,
                      "Actual Startup Time": 53.296,
                      "Actual Total Time": 53.297,
                      "Actual Rows": 624081,
                      "Actual Loops": 1,
                      "Index Cond": "(keyword_id < 482)"
                    }
                  ]
                }
              ]
            }
          ]
        }
      ]
    },
    "Planning Time": 0.151,
    "Triggers": [],
    "Execution Time": 150.66
  }
]