[
  {
    "Plan": {
      "Node Type": "Aggregate",
      "Strategy": "Plain",
      "Partial Mode": "Finalize",
      "Parallel Aware": false,
      "Startup Cost": 341115.98,
      "Total Cost": 341115.99,
      "Plan Rows": 1,
      "Plan Width": 8,
      "Actual Startup Time": 841.515,
      "Actual Total Time": 900.791,
      "Actual Rows": 1,
      "Actual Loops": 1,
      "Plans": [
        {
          "Node Type": "Gather",
          "Parent Relationship": "Outer",
          "Parallel Aware": false,
          "Startup Cost": 341115.36,
          "Total Cost": 341115.97,
          "Plan Rows": 6,
          "Plan Width": 8,
          "Actual Startup Time": 841.365,
          "Actual Total Time": 900.768,
          "Actual Rows": 7,
          "Actual Loops": 1,
          "Workers Planned": 6,
          "Workers Launched": 6,
          "Single Copy": false,
          "Plans": [
            {
              "Node Type": "Aggregate",
              "Strategy": "Plain",
              "Partial Mode": "Partial",
              "Parent Relationship": "Outer",
              "Parallel Aware": false,
              "Startup Cost": 340115.36,
              "Total Cost": 340115.37,
              "Plan Rows": 1,
              "Plan Width": 8,
              "Actual Startup Time": 832.881,
              "Actual Total Time": 832.882,
              "Actual Rows": 1,
              "Actual Loops": 7,
              "Plans": [
                {
                  "Node Type": "Seq Scan",
                  "Parent Relationship": "Outer",
                  "Parallel Aware": true,
                  "Relation Name": "cast_info",
                  "Alias": "ci",
                  "Startup Cost": 0.0,
                  "Total Cost": 328162.03,
                  "Plan Rows": 4781332,
                  "Plan Width": 0,
                  "Actual Startup Time": 0.048,
                  "Actual Total Time": 649.632,
                  "Actual Rows": 4113729,
                  "Actual Loops": 7,
                  "Filter": "(person_id < 2926492)",
                  "Rows Removed by Filter": 1064035
                }
              ]
            }
          ]
        }
      ]
    },
    "Planning Time": 0.199,
    "Triggers": [],
    "Execution Time": 900.866
  }
]