[
  {
    "Plan": {
      "Node Type": "Aggregate",
      "Strategy": "Plain",
      "Partial Mode": "Finalize",
      "Parallel Aware": false,
      "Startup Cost": 33043.66,
      "Total Cost": 33043.67,
      "Plan Rows": 1,
      "Plan Width": 8,
      "Actual Startup Time": 93.201,
      "Actual Total Time": 101.369,
      "Actual Rows": 1,
      "Actual Loops": 1,
      "Plans": [
        {
          "Node Type": "Gather",
          "Parent Relationship": "Outer",
          "Parallel Aware": false,
          "Startup Cost": 33043.34,
          "Total Cost": 33043.65,
          "Plan Rows": 3,
          "Plan Width": 8,
          "Actual Startup Time": 93.086,
          "Actual Total Time": 101.357,
          "Actual Rows": 4,
          "Actual Loops": 1,
          "Workers Planned": 3,
          "Workers Launched": 3,
          "Single Copy": false,
          "Plans": [
            {
              "Node Type": "Aggregate",
              "Strategy": "Plain",
              "Partial Mode": "Partial",
              "Parent Relationship": "Outer",
              "Parallel Aware": false,
              "Startup Cost": 32043.34,
              "Total Cost": 32043.35,
              "Plan Rows": 1,
              "Plan Width": 8,
              "Actual Startup Time": 87.473,
              "Actual Total Time": 87.474,
              "Actual Rows": 1,
              "Actual Loops": 4,
              "Plans": [
                {
                  "Node Type": "Seq Scan",
                  "Parent Relationship": "Outer",
                  "Parallel Aware": true,
                  "Relation Name": "movie_companies",
                  "Alias": "mc",
                  "Startup Cost": 0.0,
                  "Total Cost": 31414.82,
                  "Plan Rows": 251409,
                  "Plan Width": 0,
                  "Actual Startup Time": 5.008,
                  "Actual Total Time": 79.711,
                  "Actual Rows": 141440,
                  "Actual Loops": 4,
                  "Filter": "((company_id > 5284) AND (company_type_id < 2))",
                  "Rows Removed by Filter": 510842
                }
              ]
            }
          ]
        }
      ]
    },
    "Planning Time": 0.19,
    "Triggers": [],
    "Execution Time": 101.419
  }
]