{
  "Plan": {
    "Node Type": "Aggregate",
    "Strategy": "Plain",
    "Partial Mode": "Finalize",
    "Parallel Aware": false,
    "Startup Cost": 332437.08,
    "Total Cost": 332437.09,
    "Plan Rows": 1,
    "Plan Width": 128,
    "Actual Startup Time": 9074.986,
    "Actual Total Time": 9080.081,
    "Actual Rows": 1,
    "Actual Loops": 1,
    "Plans": [
      {
        "Node Type": "Gather",
        "Parent Relationship": "Outer",
        "Parallel Aware": false,
        "Startup Cost": 332436.96,
        "Total Cost": 332437.07,
        "Plan Rows": 1,
        "Plan Width": 128,
        "Actual Startup Time": 9074.978,
        "Actual Total Time": 9080.073,
        "Actual Rows": 1,
        "Actual Loops": 1,
        "Workers Planned": 1,
        "Workers Launched": 0,
        "Single Copy": false,
        "Plans": [
          {
            "Node Type": "Aggregate",
            "Strategy": "Plain",
            "Partial Mode": "Partial",
            "Parent Relationship": "Outer",
            "Parallel Aware": false,
            "Startup Cost": 331436.96,
            "Total Cost": 331436.97,
            "Plan Rows": 1,
            "Plan Width": 128,
            "Actual Startup Time": 9073.719,
            "Actual Total Time": 9073.733,
            "Actual Rows": 1,
            "Actual Loops": 1,
            "Plans": [
              {
                "Node Type": "Nested Loop",
                "Parent Relationship": "Outer",
                "Parallel Aware": false,
                "Join Type": "Inner",
                "Startup Cost": 277006.68,
                "Total Cost": 331402.59,
                "Plan Rows": 3437,
                "Plan Width": 64,
                "Actual Startup Time": 4057.82,
                "Actual Total Time": 8942.694,
                "Actual Rows": 897631,
                "Actual Loops": 1,
                "Inner Unique": false,
                "Join Filter": "(n.id = an.person_id)",
                "Rows Removed by Join Filter": 0,
                "Plans": [
                  {
                    "Node Type": "Nested Loop",
                    "Parent Relationship": "Outer",
                    "Parallel Aware": false,
                    "Join Type": "Inner",
                    "Startup Cost": 277006.26,
                    "Total Cost": 323449.32,
                    "Plan Rows": 15892,
                    "Plan Width": 56,
                    "Actual Startup Time": 4057.802,
                    "Actual Total Time": 7628.909,
                    "Actual Rows": 616422,
                    "Actual Loops": 1,
                    "Inner Unique": true,
                    "Plans": [
                      {
                        "Node Type": "Nested Loop",
                        "Parent Relationship": "Outer",
                        "Parallel Aware": false,
                        "Join Type": "Inner",
                        "Startup Cost": 277005.83,
                        "Total Cost": 315536.89,
                        "Plan Rows": 15892,
                        "Plan Width": 44,
                        "Actual Startup Time": 4057.785,
                        "Actual Total Time": 6122.629,
                        "Actual Rows": 650135,
                        "Actual Loops": 1,
                        "Inner Unique": true,
                        "Plans": [
                          {
                            "Node Type": "Merge Join",
                            "Parent Relationship": "Outer",
                            "Parallel Aware": false,
                            "Join Type": "Inner",
                            "Startup Cost": 277005.4,
                            "Total Cost": 279083.93,
                            "Plan Rows": 69488,
                            "Plan Width": 25,
                            "Actual Startup Time": 4057.751,
                            "Actual Total Time": 4491.27,
                            "Actual Rows": 650303,
                            "Actual Loops": 1,
                            "Inner Unique": true,
                            "Merge Cond": "(mc.company_id = cn.id)",
                            "Plans": [
                              {
                                "Node Type": "Sort",
                                "Parent Relationship": "Outer",
                                "Parallel Aware": false,
                                "Startup Cost": 264092.72,
                                "Total Cost": 264571.69,
                                "Plan Rows": 191586,
                                "Plan Width": 29,
                                "Actual Startup Time": 4017.646,
                                "Actual Total Time": 4246.888,
                                "Actual Rows": 1461149,
                                "Actual Loops": 1,
                                "Sort Key": [
                                  "mc.company_id"
                                ],
                                "Sort Method": "quicksort",
                                "Sort Space Used": 167713,
                                "Sort Space Type": "Memory",
                                "Plans": [
                                  {
                                    "Node Type": "Hash Join",
                                    "Parent Relationship": "Outer",
                                    "Parallel Aware": true,
                                    "Join Type": "Inner",
                                    "Startup Cost": 202774.74,
                                    "Total Cost": 247283.32,
                                    "Plan Rows": 191586,
                                    "Plan Width": 29,
                                    "Actual Startup Time": 2882.778,
                                    "Actual Total Time": 3696.582,
                                    "Actual Rows": 1461149,
                                    "Actual Loops": 1,
                                    "Inner Unique": false,
                                    "Hash Cond": "(mc.movie_id = ci.movie_id)",
                                    "Plans": [
                                      {
                                        "Node Type": "Seq Scan",
                                        "Parent Relationship": "Outer",
                                        "Parallel Aware": true,
                                        "Relation Name": "movie_companies",
                                        "Alias": "mc",
                                        "Startup Cost": 0.0,
                                        "Total Cost": 34137.82,
                                        "Plan Rows": 1534782,
                                        "Plan Width": 8,
                                        "Actual Startup Time": 0.006,
                                        "Actual Total Time": 191.437,
                                        "Actual Rows": 2609129,
                                        "Actual Loops": 1
                                      },
                                      {
                                        "Node Type": "Hash",
                                        "Parent Relationship": "Inner",
                                        "Parallel Aware": true,
                                        "Startup Cost": 200454.19,
                                        "Total Cost": 200454.19,
                                        "Plan Rows": 185644,
                                        "Plan Width": 33,
                                        "Actual Startup Time": 2872.168,
                                        "Actual Total Time": 2872.174,
                                        "Actual Rows": 390494,
                                        "Actual Loops": 1,
                                        "Hash Buckets": 524288,
                                        "Original Hash Buckets": 524288,
                                        "Hash Batches": 1,
                                        "Original Hash Batches": 1,
                                        "Peak Memory Usage": 31776,
                                        "Plans": [
                                          {
                                            "Node Type": "Hash Join",
                                            "Parent Relationship": "Outer",
                                            "Parallel Aware": false,
                                            "Join Type": "Inner",
                                            "Startup Cost": 138433.16,
                                            "Total Cost": 200454.19,
                                            "Plan Rows": 185644,
                                            "Plan Width": 33,
                                            "Actual Startup Time": 1719.15,
                                            "Actual Total Time": 2725.041,
                                            "Actual Rows": 390494,
                                            "Actual Loops": 1,
                                            "Inner Unique": false,
                                            "Hash Cond": "(t.id = ci.movie_id)",
                                            "Plans": [
                                              {
                                                "Node Type": "Seq Scan",
                                                "Parent Relationship": "Outer",
                                                "Parallel Aware": true,
                                                "Relation Name": "title",
                                                "Alias": "t",
                                                "Startup Cost": 0.0,
                                                "Total Cost": 50869.75,
                                                "Plan Rows": 1487175,
                                                "Plan Width": 21,
                                                "Actual Startup Time": 0.017,
                                                "Actual Total Time": 283.809,
                                                "Actual Rows": 2528312,
                                                "Actual Loops": 1
                                              },
                                              {
                                                "Node Type": "Hash",
                                                "Parent Relationship": "Inner",
                                                "Parallel Aware": false,
                                                "Startup Cost": 134488.24,
                                                "Total Cost": 134488.24,
                                                "Plan Rows": 315594,
                                                "Plan Width": 12,
                                                "Actual Startup Time": 1717.741,
                                                "Actual Total Time": 1717.744,
                                                "Actual Rows": 390494,
                                                "Actual Loops": 1,
                                                "Hash Buckets": 524288,
                                                "Original Hash Buckets": 524288,
                                                "Hash Batches": 1,
                                                "Original Hash Batches": 1,
                                                "Peak Memory Usage": 20763,
                                                "Plans": [
                                                  {
                                                    "Node Type": "Nested Loop",
                                                    "Parent Relationship": "Outer",
                                                    "Parallel Aware": false,
                                                    "Join Type": "Inner",
                                                    "Startup Cost": 0.56,
                                                    "Total Cost": 134488.24,
                                                    "Plan Rows": 315594,
                                                    "Plan Width": 12,
                                                    "Actual Startup Time": 0.094,
                                                    "Actual Total Time": 1570.316,
                                                    "Actual Rows": 390494,
                                                    "Actual Loops": 1,
                                                    "Inner Unique": false,
                                                    "Plans": [
                                                      {
                                                        "Node Type": "Seq Scan",
                                                        "Parent Relationship": "Outer",
                                                        "Parallel Aware": false,
                                                        "Relation Name": "role_type",
                                                        "Alias": "rt",
                                                        "Startup Cost": 0.0,
                                                        "Total Cost": 1.15,
                                                        "Plan Rows": 1,
                                                        "Plan Width": 4,
                                                        "Actual Startup Time": 0.028,
                                                        "Actual Total Time": 0.036,
                                                        "Actual Rows": 1,
                                                        "Actual Loops": 1,
                                                        "Filter": "((role)::text = 'actress'::text)",
                                                        "Rows Removed by Filter": 11
                                                      },
                                                      {
                                                        "Node Type": "Index Scan",
                                                        "Parent Relationship": "Inner",
                                                        "Parallel Aware": false,
                                                        "Scan Direction": "Forward",
                                                        "Index Name": "role_id_cast_info",
                                                        "Relation Name": "cast_info",
                                                        "Alias": "ci",
                                                        "Startup Cost": 0.56,
                                                        "Total Cost": 131044.24,
                                                        "Plan Rows": 344285,
                                                        "Plan Width": 16,
                                                        "Actual Startup Time": 0.058,
                                                        "Actual Total Time": 1500.191,
                                                        "Actual Rows": 390494,
                                                        "Actual Loops": 1,
                                                        "Index Cond": "(role_id = rt.id)",
                                                        "Rows Removed by Index Recheck": 0,
                                                        "Filter": "(note = ANY ('{(voice),(producer),(uncredited),\"(executive producer)\"}'::text[]))",
                                                        "Rows Removed by Filter": 7061479
                                                      }
                                                    ]
                                                  }
                                                ]
                                              }
                                            ]
                                          }
                                        ]
                                      }
                                    ]
                                  }
                                ]
                              },
                              {
                                "Node Type": "Sort",
                                "Parent Relationship": "Inner",
                                "Parallel Aware": false,
                                "Startup Cost": 12912.67,
                                "Total Cost": 13125.75,
                                "Plan Rows": 85233,
                                "Plan Width": 4,
                                "Actual Startup Time": 40.093,
                                "Actual Total Time": 57.81,
                                "Actual Rows": 84843,
                                "Actual Loops": 1,
                                "Sort Key": [
                                  "cn.id"
                                ],
                                "Sort Method": "quicksort",
                                "Sort Space Used": 7050,
                                "Sort Space Type": "Memory",
                                "Plans": [
                                  {
                                    "Node Type": "Seq Scan",
                                    "Parent Relationship": "Outer",
                                    "Parallel Aware": false,
                                    "Relation Name": "company_name",
                                    "Alias": "cn",
                                    "Startup Cost": 0.0,
                                    "Total Cost": 5932.46,
                                    "Plan Rows": 85233,
                                    "Plan Width": 4,
                                    "Actual Startup Time": 0.026,
                                    "Actual Total Time": 23.678,
                                    "Actual Rows": 84843,
                                    "Actual Loops": 1,
                                    "Filter": "((country_code)::text = '[us]'::text)",
                                    "Rows Removed by Filter": 150154
                                  }
                                ]
                              }
                            ]
                          },
                          {
                            "Node Type": "Index Scan",
                            "Parent Relationship": "Inner",
                            "Parallel Aware": false,
                            "Scan Direction": "Forward",
                            "Index Name": "name_pkey",
                            "Relation Name": "name",
                            "Alias": "n",
                            "Startup Cost": 0.43,
                            "Total Cost": 0.52,
                            "Plan Rows": 1,
                            "Plan Width": 19,
                            "Actual Startup Time": 0.002,
                            "Actual Total Time": 0.002,
                            "Actual Rows": 1,
                            "Actual Loops": 650303,
                            "Index Cond": "(id = ci.person_id)",
                            "Rows Removed by Index Recheck": 0,
                            "Filter": "((gender)::text = 'f'::text)",
                            "Rows Removed by Filter": 0
                          }
                        ]
                      },
                      {
                        "Node Type": "Index Scan",
                        "Parent Relationship": "Inner",
                        "Parallel Aware": false,
                        "Scan Direction": "Forward",
                        "Index Name": "char_name_pkey",
                        "Relation Name": "char_name",
                        "Alias": "chn",
                        "Startup Cost": 0.43,
                        "Total Cost": 0.5,
                        "Plan Rows": 1,
                        "Plan Width": 20,
                        "Actual Startup Time": 0.002,
                        "Actual Total Time": 0.002,
                        "Actual Rows": 1,
                        "Actual Loops": 650135,
                        "Index Cond": "(id = ci.person_role_id)",
                        "Rows Removed by Index Recheck": 0
                      }
                    ]
                  },
                  {
                    "Node Type": "Index Scan",
                    "Parent Relationship": "Inner",
                    "Parallel Aware": false,
                    "Scan Direction": "Forward",
                    "Index Name": "person_id_aka_name",
                    "Relation Name": "aka_name",
                    "Alias": "an",
                    "Startup Cost": 0.42,
                    "Total Cost": 0.48,
                    "Plan Rows": 2,
                    "Plan Width": 20,
                    "Actual Startup Time": 0.002,
                    "Actual Total Time": 0.002,
                    "Actual Rows": 1,
                    "Actual Loops": 616422,
                    "Index Cond": "(person_id = ci.person_id)",
                    "Rows Removed by Index Recheck": 0
                  }
                ]
              }
            ]
          }
        ]
      }
    ]
  },
  "Planning Time": 2.389,
  "Triggers": [],
  "Execution Time": 9080.501
}