[
  {
    "Plan": {
      "Node Type": "Aggregate",
      "Strategy": "Plain",
      "Partial Mode": "Finalize",
      "Parallel Aware": false,
      "Startup Cost": 123392.97,
      "Total Cost": 123392.98,
      "Plan Rows": 1,
      "Plan Width": 8,
      "Actual Startup Time": 386.094,
      "Actual Total Time": 418.457,
      "Actual Rows": 1,
      "Actual Loops": 1,
      "Plans": [
        {
          "Node Type": "Gather",
          "Parent Relationship": "Outer",
          "Parallel Aware": false,
          "Startup Cost": 123392.65,
          "Total Cost": 123392.96,
          "Plan Rows": 3,
          "Plan Width": 8,
          "Actual Startup Time": 385.701,
          "Actual Total Time": 418.432,
          "Actual Rows": 4,
          "Actual Loops": 1,
          "Workers Planned": 3,
          "Workers Launched": 3,
          "Single Copy": false,
          "Plans": [
            {
              "Node Type": "Aggregate",
              "Strategy": "Plain",
              "Partial Mode": "Partial",
              "Parent Relationship": "Outer",
              "Parallel Aware": false,
              "Startup Cost": 122392.65,
              "Total Cost": 122392.66,
              "Plan Rows": 1,
              "Plan Width": 8,
              "Actual Startup Time": 376.195,
              "Actual Total Time": 376.2,
              "Actual Rows": 1,
              "Actual Loops": 4,
              "Plans": [
                {
                  "Node Type": "Nested Loop",
                  "Parent Relationship": "Outer",
                  "Parallel Aware": false,
                  "Join Type": "Inner",
                  "Startup Cost": 45578.91,
                  "Total Cost": 122257.05,
                  "Plan Rows": 54238,
                  "Plan Width": 0,
                  "Actual Startup Time": 107.645,
                  "Actual Total Time": 375.141,
                  "Actual Rows": 17174,
                  "Actual Loops": 4,
                  "Inner Unique": false,
                  "Join Filter": "(t.id = ci.movie_id)",
                  "Rows Removed by Join Filter": 0,
                  "Plans": [
                    {
                      "Node Type": "Hash Join",
                      "Parent Relationship": "Outer",
                      "Parallel Aware": true,
                      "Join Type": "Inner",
                      "Startup Cost": 45578.35,
                      "Total Cost": 91650.77,
                      "Plan Rows": 16160,
                      "Plan Width": 8,
                      "Actual Startup Time": 107.23,
                      "Actual Total Time": 293.081,
                      "Actual Rows": 2889,
                      "Actual Loops": 4,
                      "Inner Unique": true,
                      "Hash Cond": "(mk.movie_id = t.id)",
                      "Plans": [
                        {
                          "Node Type": "Seq Scan",
                          "Parent Relationship": "Outer",
                          "Parallel Aware": true,
                          "Relation Name": "movie_keyword",
                          "Alias": "mk",
                          "Startup Cost": 0.0,
                          "Total Cost": 42695.65,
                          "Plan Rows": 1286384,
                          "Plan Width": 4,
                          "Actual Startup Time": 0.041,
                          "Actual Total Time": 119.16,
                          "Actual Rows": 994106,
                          "Actual Loops": 4,
                          "Filter": "(keyword_id > 393)",
                          "Rows Removed by Filter": 136876
                        },
                        {
                          "Node Type": "Hash",
                          "Parent Relationship": "Inner",
                          "Parallel Aware": true,
                          "Startup Cost": 45479.1,
                          "Total Cost": 45479.1,
                          "Plan Rows": 7940,
                          "Plan Width": 4,
                          "Actual Startup Time": 105.812,
                          "Actual Total Time": 105.813,
                          "Actual Rows": 9924,
                          "Actual Loops": 4,
                          "Hash Buckets": 65536,
                          "Original Hash Buckets": 32768,
                          "Hash Batches": 1,
                          "Original Hash Batches": 1,
                          "Peak Memory Usage": 2432,
                          "Plans": [
                            {
                              "Node Type": "Seq Scan",
                              "Parent Relationship": "Outer",
                              "Parallel Aware": true,
                              "Relation Name": "title",
                              "Alias": "t",
                              "Startup Cost": 0.0,
                              "Total Cost": 45479.1,
                              "Plan Rows": 7940,
                              "Plan Width": 4,
                              "Actual Startup Time": 0.057,
                              "Actual Total Time": 98.103,
                              "Actual Rows": 9924,
                              "Actual Loops": 4,
                              "Filter": "((kind_id = 7) AND (production_year = 2001))",
                              "Rows Removed by Filter": 622154
                            }
                          ]
                        }
                      ]
                    },
                    {
                      "Node Type": "Index Scan",
                      "Parent Relationship": "Inner",
                      "Parallel Aware": false,
                      "Scan Direction": "Forward",
                      "Index Name": "movie_id_cast_info",
                      "Relation Name": "cast_info",
                      "Alias": "ci",
                      "Startup Cost": 0.56,
                      "Total Cost": 1.78,
                      "Plan Rows": 9,
                      "Plan Width": 4,
                      "Actual Startup Time": 0.017,
                      "Actual Total Time": 0.028,
                      "Actual Rows": 6,
                      "Actual Loops": 11556,
                      "Index Cond": "(movie_id = mk.movie_id)",
                      "Rows Removed by Index Recheck": 0,
                      "Filter": "((person_id < 1874941) AND (role_id > 2))",
                      "Rows Removed by Filter": 26
                    }
                  ]
                }
              ]
            }
          ]
        }
      ]
    },
    "Planning Time": 1.367,
    "Triggers": [],
    "Execution Time": 418.551
  }
]