{
    "Plan": {
        "Node Type": "Aggregate",
        "Strategy": "Plain",
        "Partial Mode": "Simple",
        "Parallel Aware": false,
        "Startup Cost": 10001187952.99,
        "Total Cost": 10001187953.0,
        "Plan Rows": 1,
        "Plan Width": 8,
        "Actual Startup Time": 12914.966,
        "Actual Total Time": 12914.981,
        "Actual Rows": 1,
        "Actual Loops": 1,
        "Output": [
            "count(*)"
        ],
        "Plans": [
            {
                "Node Type": "Hash Join",
                "Parent Relationship": "Outer",
                "Parallel Aware": false,
                "Join Type": "Inner",
                "Startup Cost": 10000520502.75,
                "Total Cost": 10001187822.68,
                "Plan Rows": 52121,
                "Plan Width": 0,
                "Actual Startup Time": 12355.952,
                "Actual Total Time": 12910.636,
                "Actual Rows": 54667,
                "Actual Loops": 1,
                "Inner Unique": false,
                "Hash Cond": "(t.id = ci.movie_id)",
                "Plans": [
                    {
                        "Node Type": "Nested Loop",
                        "Parent Relationship": "Outer",
                        "Parallel Aware": false,
                        "Join Type": "Inner",
                        "Startup Cost": 10000027541.87,
                        "Total Cost": 10000692432.23,
                        "Plan Rows": 38167,
                        "Plan Width": 8,
                        "Actual Startup Time": 94.22,
                        "Actual Total Time": 630.033,
                        "Actual Rows": 40427,
                        "Actual Loops": 1,
                        "Output": [
                            "t.id",
                            "mi.movie_id"
                        ],
                        "Inner Unique": false,
                        "Plans": [
                            {
                                "Node Type": "Bitmap Heap Scan",
                                "Parent Relationship": "Outer",
                                "Parallel Aware": false,
                                "Relation Name": "title",
                                "Schema": "public",
                                "Alias": "t",
                                "Startup Cost": 27537.36,
                                "Total Cost": 86709.96,
                                "Plan Rows": 6540,
                                "Plan Width": 4,
                                "Actual Startup Time": 94.111,
                                "Actual Total Time": 475.348,
                                "Actual Rows": 6682,
                                "Actual Loops": 1,
                                "Output": [
                                    "t.id",
                                    "t.title",
                                    "t.imdb_index",
                                    "t.kind_id",
                                    "t.production_year",
                                    "t.imdb_id",
                                    "t.phonetic_code",
                                    "t.episode_of_id",
                                    "t.season_nr",
                                    "t.episode_nr",
                                    "t.series_years",
                                    "t.md5sum"
                                ],
                                "Recheck Cond": "(t.kind_id > 4)",
                                "Rows Removed by Index Recheck": 0,
                                "Filter": "(t.production_year = 1959)",
                                "Rows Removed by Filter": 1549182,
                                "Exact Heap Blocks": 32041,
                                "Lossy Heap Blocks": 0,
                                "Plans": [
                                    {
                                        "Node Type": "Bitmap Index Scan",
                                        "Parent Relationship": "Outer",
                                        "Parallel Aware": false,
                                        "Index Name": "kind_id_title",
                                        "Startup Cost": 0.0,
                                        "Total Cost": 27535.73,
                                        "Plan Rows": 1544973,
                                        "Plan Width": 0,
                                        "Actual Startup Time": 87.078,
                                        "Actual Total Time": 87.083,
                                        "Actual Rows": 1555864,
                                        "Actual Loops": 1,
                                        "Index Cond": "(t.kind_id > 4)"
                                    }
                                ]
                            },
                            {
                                "Node Type": "Bitmap Heap Scan",
                                "Parent Relationship": "Inner",
                                "Parallel Aware": false,
                                "Relation Name": "movie_info",
                                "Schema": "public",
                                "Alias": "mi",
                                "Startup Cost": 4.51,
                                "Total Cost": 92.23,
                                "Plan Rows": 39,
                                "Plan Width": 4,
                                "Actual Startup Time": 0.011,
                                "Actual Total Time": 0.019,
                                "Actual Rows": 6,
                                "Actual Loops": 6682,
                                "Output": [
                                    "mi.id",
                                    "mi.movie_id",
                                    "mi.info_type_id",
                                    "mi.info",
                                    "mi.note"
                                ],
                                "Recheck Cond": "(mi.movie_id = t.id)",
                                "Rows Removed by Index Recheck": 0,
                                "Exact Heap Blocks": 30934,
                                "Lossy Heap Blocks": 0,
                                "Plans": [
                                    {
                                        "Node Type": "Bitmap Index Scan",
                                        "Parent Relationship": "Outer",
                                        "Parallel Aware": false,
                                        "Index Name": "movie_id_movie_info",
                                        "Startup Cost": 0.0,
                                        "Total Cost": 4.5,
                                        "Plan Rows": 39,
                                        "Plan Width": 0,
                                        "Actual Startup Time": 0.007,
                                        "Actual Total Time": 0.007,
                                        "Actual Rows": 6,
                                        "Actual Loops": 6682,
                                        "Index Cond": "(mi.movie_id = t.id)"
                                    }
                                ]
                            }
                        ]
                    },
                    {
                        "Node Type": "Hash",
                        "Parent Relationship": "Inner",
                        "Parallel Aware": false,
                        "Startup Cost": 449800.64,
                        "Total Cost": 449800.64,
                        "Plan Rows": 3452819,
                        "Plan Width": 4,
                        "Actual Startup Time": 12231.842,
                        "Actual Total Time": 12231.844,
                        "Actual Rows": 5283770,
                        "Actual Loops": 1,
                        "Output": [
                            "ci.movie_id"
                        ],
                        "Hash Buckets": 8388608,
                        "Original Hash Buckets": 4194304,
                        "Hash Batches": 1,
                        "Original Hash Batches": 1,
                        "Peak Memory Usage": 251294,
                        "Plans": [
                            {
                                "Node Type": "Bitmap Heap Scan",
                                "Parent Relationship": "Outer",
                                "Parallel Aware": false,
                                "Relation Name": "cast_info",
                                "Schema": "public",
                                "Alias": "ci",
                                "Startup Cost": 117179.06,
                                "Total Cost": 449800.64,
                                "Plan Rows": 3452819,
                                "Plan Width": 4,
                                "Actual Startup Time": 8588.317,
                                "Actual Total Time": 10297.186,
                                "Actual Rows": 5283770,
                                "Actual Loops": 1,
                                "Output": [
                                    "ci.movie_id"
                                ],
                                "Recheck Cond": "(ci.person_id > 3132323)",
                                "Rows Removed by Index Recheck": 0,
                                "Filter": "(ci.role_id > 1)",
                                "Rows Removed by Filter": 0,
                                "Exact Heap Blocks": 72002,
                                "Lossy Heap Blocks": 0,
                                "Plans": [
                                    {
                                        "Node Type": "Bitmap Index Scan",
                                        "Parent Relationship": "Outer",
                                        "Parallel Aware": false,
                                        "Index Name": "person_id_cast_info",
                                        "Startup Cost": 0.0,
                                        "Total Cost": 116315.86,
                                        "Plan Rows": 5328972,
                                        "Plan Width": 0,
                                        "Actual Startup Time": 8562.237,
                                        "Actual Total Time": 8562.237,
                                        "Actual Rows": 5283770,
                                        "Actual Loops": 1,
                                        "Index Cond": "(ci.person_id > 3132323)"
                                    }
                                ]
                            }
                        ]
                    }
                ]
            }
        ]
    },
    "Planning Time": 3.603,
    "Triggers": [],
    "Execution Time": 12922.137
}