[
  {
    "Plan": {
      "Node Type": "Aggregate",
      "Strategy": "Plain",
      "Partial Mode": "Finalize",
      "Parallel Aware": false,
      "Startup Cost": 223856.77,
      "Total Cost": 223856.78,
      "Plan Rows": 1,
      "Plan Width": 8,
      "Actual Startup Time": 156.315,
      "Actual Total Time": 168.778,
      "Actual Rows": 1,
      "Actual Loops": 1,
      "Plans": [
        {
          "Node Type": "Gather",
          "Parent Relationship": "Outer",
          "Parallel Aware": false,
          "Startup Cost": 223856.24,
          "Total Cost": 223856.75,
          "Plan Rows": 5,
          "Plan Width": 8,
          "Actual Startup Time": 155.917,
          "Actual Total Time": 168.77,
          "Actual Rows": 6,
          "Actual Loops": 1,
          "Workers Planned": 5,
          "Workers Launched": 5,
          "Single Copy": false,
          "Plans": [
            {
              "Node Type": "Aggregate",
              "Strategy": "Plain",
              "Partial Mode": "Partial",
              "Parent Relationship": "Outer",
              "Parallel Aware": false,
              "Startup Cost": 222856.24,
              "Total Cost": 222856.25,
              "Plan Rows": 1,
              "Plan Width": 8,
              "Actual Startup Time": 146.564,
              "Actual Total Time": 146.568,
              "Actual Rows": 1,
              "Actual Loops": 6,
              "Plans": [
                {
                  "Node Type": "Hash Join",
                  "Parent Relationship": "Outer",
                  "Parallel Aware": true,
                  "Join Type": "Inner",
                  "Startup Cost": 58448.19,
                  "Total Cost": 222850.14,
                  "Plan Rows": 2442,
                  "Plan Width": 0,
                  "Actual Startup Time": 105.191,
                  "Actual Total Time": 146.377,
                  "Actual Rows": 2008,
                  "Actual Loops": 6,
                  "Inner Unique": true,
                  "Hash Cond": "(mi.movie_id = t.id)",
                  "Plans": [
                    {
                      "Node Type": "Bitmap Heap Scan",
                      "Parent Relationship": "Outer",
                      "Parallel Aware": true,
                      "Relation Name": "movie_info",
                      "Alias": "mi",
                      "Startup Cost": 14428.12,
                      "Total Cost": 178411.99,
                      "Plan Rows": 159269,
                      "Plan Width": 4,
                      "Actual Startup Time": 23.369,
                      "Actual Total Time": 45.26,
                      "Actual Rows": 133690,
                      "Actual Loops": 6,
                      "Recheck Cond": "(info_type_id < 2)",
                      "Rows Removed by Index Recheck": 0,
                      "Exact Heap Blocks": 1189,
                      "Lossy Heap Blocks": 0,
                      "Plans": [
                        {
                          "Node Type": "Bitmap Index Scan",
                          "Parent Relationship": "Outer",
                          "Parallel Aware": false,
                          "Index Name": "info_type_id_movie_info",
                          "Startup Cost": 0.0,
                          "Total Cost": 14229.04,
                          "Plan Rows": 796347,
                          "Plan Width": 0,
                          "Actual Startup Time": 22.559,
                          "Actual Total Time": 22.559,
                          "Actual Rows": 802140,
                          "Actual Loops": 1,
                          "Index Cond": "(info_type_id < 2)"
                        }
                      ]
                    },
                    {
                      "Node Type": "Hash",
                      "Parent Relationship": "Inner",
                      "Parallel Aware": true,
                      "Startup Cost": 43898.92,
                      "Total Cost": 43898.92,
                      "Plan Rows": 9692,
                      "Plan Width": 4,
                      "Actual Startup Time": 80.527,
                      "Actual Total Time": 80.528,
                      "Actual Rows": 6492,
                      "Actual Loops": 6,
                      "Hash Buckets": 65536,
                      "Original Hash Buckets": 65536,
                      "Hash Batches": 1,
                      "Original Hash Batches": 1,
                      "Peak Memory Usage": 2080,
                      "Plans": [
                        {
                          "Node Type": "Seq Scan",
                          "Parent Relationship": "Outer",
                          "Parallel Aware": true,
                          "Relation Name": "title",
                          "Alias": "t",
                          "Startup Cost": 0.0,
                          "Total Cost": 43898.92,
                          "Plan Rows": 9692,
                          "Plan Width": 4,
                          "Actual Startup Time": 0.044,
                          "Actual Total Time": 76.351,
                          "Actual Rows": 6492,
                          "Actual Loops": 6,
                          "Filter": "(production_year = 1997)",
                          "Rows Removed by Filter": 414893
                        }
                      ]
                    }
                  ]
                }
              ]
            }
          ]
        }
      ]
    },
    "Planning Time": 0.62,
    "Triggers": [],
    "Execution Time": 168.867
  }
]