[
  {
    "Plan": {
      "Node Type": "Aggregate",
      "Strategy": "Plain",
      "Partial Mode": "Finalize",
      "Parallel Aware": false,
      "Startup Cost": 46347.89,
      "Total Cost": 46347.9,
      "Plan Rows": 1,
      "Plan Width": 8,
      "Actual Startup Time": 102.145,
      "Actual Total Time": 107.319,
      "Actual Rows": 1,
      "Actual Loops": 1,
      "Plans": [
        {
          "Node Type": "Gather",
          "Parent Relationship": "Outer",
          "Parallel Aware": false,
          "Startup Cost": 46347.47,
          "Total Cost": 46347.88,
          "Plan Rows": 4,
          "Plan Width": 8,
          "Actual Startup Time": 102.019,
          "Actual Total Time": 107.312,
          "Actual Rows": 5,
          "Actual Loops": 1,
          "Workers Planned": 4,
          "Workers Launched": 4,
          "Single Copy": false,
          "Plans": [
            {
              "Node Type": "Aggregate",
              "Strategy": "Plain",
              "Partial Mode": "Partial",
              "Parent Relationship": "Outer",
              "Parallel Aware": false,
              "Startup Cost": 45347.47,
              "Total Cost": 45347.48,
              "Plan Rows": 1,
              "Plan Width": 8,
              "Actual Startup Time": 98.5,
              "Actual Total Time": 98.501,
              "Actual Rows": 1,
              "Actual Loops": 5,
              "Plans": [
                {
                  "Node Type": "Seq Scan",
                  "Parent Relationship": "Outer",
                  "Parallel Aware": true,
                  "Relation Name": "title",
                  "Alias": "t",
                  "Startup Cost": 0.0,
                  "Total Cost": 43899.01,
                  "Plan Rows": 579386,
                  "Plan Width": 0,
                  "Actual Startup Time": 0.019,
                  "Actual Total Time": 77.259,
                  "Actual Rows": 463514,
                  "Actual Loops": 5,
                  "Filter": "(production_year > 1938)",
                  "Rows Removed by Filter": 42148
                }
              ]
            }
          ]
        }
      ]
    },
    "Planning Time": 0.128,
    "Triggers": [],
    "Execution Time": 107.369
  }
]