[
  {
    "Plan": {
      "Node Type": "Aggregate",
      "Strategy": "Plain",
      "Partial Mode": "Finalize",
      "Parallel Aware": false,
      "Startup Cost": 45046.02,
      "Total Cost": 45046.03,
      "Plan Rows": 1,
      "Plan Width": 8,
      "Actual Startup Time": 121.695,
      "Actual Total Time": 131.678,
      "Actual Rows": 1,
      "Actual Loops": 1,
      "Plans": [
        {
          "Node Type": "Gather",
          "Parent Relationship": "Outer",
          "Parallel Aware": false,
          "Startup Cost": 45045.7,
          "Total Cost": 45046.01,
          "Plan Rows": 3,
          "Plan Width": 8,
          "Actual Startup Time": 121.535,
          "Actual Total Time": 131.666,
          "Actual Rows": 4,
          "Actual Loops": 1,
          "Workers Planned": 3,
          "Workers Launched": 3,
          "Single Copy": false,
          "Plans": [
            {
              "Node Type": "Aggregate",
              "Strategy": "Plain",
              "Partial Mode": "Partial",
              "Parent Relationship": "Outer",
              "Parallel Aware": false,
              "Startup Cost": 44045.7,
              "Total Cost": 44045.71,
              "Plan Rows": 1,
              "Plan Width": 8,
              "Actual Startup Time": 116.317,
              "Actual Total Time": 116.319,
              "Actual Rows": 1,
              "Actual Loops": 4,
              "Plans": [
                {
                  "Node Type": "Seq Scan",
                  "Parent Relationship": "Outer",
                  "Parallel Aware": true,
                  "Relation Name": "movie_keyword",
                  "Alias": "mk",
                  "Startup Cost": 0.0,
                  "Total Cost": 42695.65,
                  "Plan Rows": 540019,
                  "Plan Width": 0,
                  "Actual Startup Time": 0.505,
                  "Actual Total Time": 98.446,
                  "Actual Rows": 415346,
                  "Actual Loops": 4,
                  "Filter": "(keyword_id > 8793)",
                  "Rows Removed by Filter": 715636
                }
              ]
            }
          ]
        }
      ]
    },
    "Planning Time": 0.211,
    "Triggers": [],
    "Execution Time": 131.731
  }
]