[
  {
    "Plan": {
      "Node Type": "Aggregate",
      "Strategy": "Plain",
      "Partial Mode": "Finalize",
      "Parallel Aware": false,
      "Startup Cost": 46143.98,
      "Total Cost": 46143.99,
      "Plan Rows": 1,
      "Plan Width": 8,
      "Actual Startup Time": 155.972,
      "Actual Total Time": 167.278,
      "Actual Rows": 1,
      "Actual Loops": 1,
      "Plans": [
        {
          "Node Type": "Gather",
          "Parent Relationship": "Outer",
          "Parallel Aware": false,
          "Startup Cost": 46143.66,
          "Total Cost": 46143.97,
          "Plan Rows": 3,
          "Plan Width": 8,
          "Actual Startup Time": 155.719,
          "Actual Total Time": 167.256,
          "Actual Rows": 4,
          "Actual Loops": 1,
          "Workers Planned": 3,
          "Workers Launched": 3,
          "Single Copy": false,
          "Plans": [
            {
              "Node Type": "Aggregate",
              "Strategy": "Plain",
              "Partial Mode": "Partial",
              "Parent Relationship": "Outer",
              "Parallel Aware": false,
              "Startup Cost": 45143.66,
              "Total Cost": 45143.67,
              "Plan Rows": 1,
              "Plan Width": 8,
              "Actual Startup Time": 151.964,
              "Actual Total Time": 151.966,
              "Actual Rows": 1,
              "Actual Loops": 4,
              "Plans": [
                {
                  "Node Type": "Seq Scan",
                  "Parent Relationship": "Outer",
                  "Parallel Aware": true,
                  "Relation Name": "movie_keyword",
                  "Alias": "mk",
                  "Startup Cost": 0.0,
                  "Total Cost": 42695.65,
                  "Plan Rows": 979202,
                  "Plan Width": 0,
                  "Actual Startup Time": 0.347,
                  "Actual Total Time": 117.905,
                  "Actual Rows": 759026,
                  "Actual Loops": 4,
                  "Filter": "(keyword_id > 2128)",
                  "Rows Removed by Filter": 371956
                }
              ]
            }
          ]
        }
      ]
    },
    "Planning Time": 0.194,
    "Triggers": [],
    "Execution Time": 167.34
  }
]