[
    {
        "Bao": {
            "Bao prediction": 1286.625,
            "Bao recommended hint": "(no hint)"
        }
    },
    {
        "Plan": {
            "Node Type": "Aggregate",
            "Strategy": "Plain",
            "Partial Mode": "Finalize",
            "Parallel Aware": false,
            "Startup Cost": 475846.24,
            "Total Cost": 475846.25,
            "Plan Rows": 1,
            "Plan Width": 8,
            "Actual Startup Time": 2297.358,
            "Actual Total Time": 2334.003,
            "Actual Rows": 1,
            "Actual Loops": 1,
            "Output": [
                "count(*)"
            ],
            "Plans": [
                {
                    "Node Type": "Gather",
                    "Parent Relationship": "Outer",
                    "Parallel Aware": false,
                    "Startup Cost": 475845.61,
                    "Total Cost": 475846.22,
                    "Plan Rows": 6,
                    "Plan Width": 8,
                    "Actual Startup Time": 2276.302,
                    "Actual Total Time": 2333.991,
                    "Actual Rows": 7,
                    "Actual Loops": 1,
                    "Output": [
                        "(PARTIAL count(*))"
                    ],
                    "Workers Planned": 6,
                    "Workers Launched": 6,
                    "Single Copy": false,
                    "Plans": [
                        {
                            "Node Type": "Aggregate",
                            "Strategy": "Plain",
                            "Partial Mode": "Partial",
                            "Parent Relationship": "Outer",
                            "Parallel Aware": false,
                            "Startup Cost": 474845.61,
                            "Total Cost": 474845.62,
                            "Plan Rows": 1,
                            "Plan Width": 8,
                            "Actual Startup Time": 2255.469,
                            "Actual Total Time": 2255.852,
                            "Actual Rows": 1,
                            "Actual Loops": 7,
                            "Output": [
                                "PARTIAL count(*)"
                            ],
                            "Workers": [
                                {
                                    "Worker Number": 0,
                                    "Actual Startup Time": 2251.876,
                                    "Actual Total Time": 2251.881,
                                    "Actual Rows": 1,
                                    "Actual Loops": 1
                                },
                                {
                                    "Worker Number": 1,
                                    "Actual Startup Time": 2251.877,
                                    "Actual Total Time": 2251.88,
                                    "Actual Rows": 1,
                                    "Actual Loops": 1
                                },
                                {
                                    "Worker Number": 2,
                                    "Actual Startup Time": 2253.055,
                                    "Actual Total Time": 2253.06,
                                    "Actual Rows": 1,
                                    "Actual Loops": 1
                                },
                                {
                                    "Worker Number": 3,
                                    "Actual Startup Time": 2252.017,
                                    "Actual Total Time": 2252.022,
                                    "Actual Rows": 1,
                                    "Actual Loops": 1
                                },
                                {
                                    "Worker Number": 4,
                                    "Actual Startup Time": 2252.046,
                                    "Actual Total Time": 2252.05,
                                    "Actual Rows": 1,
                                    "Actual Loops": 1
                                },
                                {
                                    "Worker Number": 5,
                                    "Actual Startup Time": 2252.106,
                                    "Actual Total Time": 2252.111,
                                    "Actual Rows": 1,
                                    "Actual Loops": 1
                                }
                            ],
                            "Plans": [
                                {
                                    "Node Type": "Hash Join",
                                    "Parent Relationship": "Outer",
                                    "Parallel Aware": true,
                                    "Join Type": "Inner",
                                    "Startup Cost": 102626.5,
                                    "Total Cost": 462865.05,
                                    "Plan Rows": 4792225,
                                    "Plan Width": 0,
                                    "Actual Startup Time": 543.717,
                                    "Actual Total Time": 2127.238,
                                    "Actual Rows": 2303196,
                                    "Actual Loops": 7,
                                    "Inner Unique": false,
                                    "Hash Cond": "(ci.movie_id = t.id)",
                                    "Workers": [
                                        {
                                            "Worker Number": 0,
                                            "Actual Startup Time": 540.251,
                                            "Actual Total Time": 2127.58,
                                            "Actual Rows": 2305854,
                                            "Actual Loops": 1
                                        },
                                        {
                                            "Worker Number": 1,
                                            "Actual Startup Time": 540.202,
                                            "Actual Total Time": 2125.118,
                                            "Actual Rows": 2224883,
                                            "Actual Loops": 1
                                        },
                                        {
                                            "Worker Number": 2,
                                            "Actual Startup Time": 540.289,
                                            "Actual Total Time": 2120.15,
                                            "Actual Rows": 2060716,
                                            "Actual Loops": 1
                                        },
                                        {
                                            "Worker Number": 3,
                                            "Actual Startup Time": 540.53,
                                            "Actual Total Time": 2121.202,
                                            "Actual Rows": 2257897,
                                            "Actual Loops": 1
                                        },
                                        {
                                            "Worker Number": 4,
                                            "Actual Startup Time": 540.375,
                                            "Actual Total Time": 2117.604,
                                            "Actual Rows": 2108631,
                                            "Actual Loops": 1
                                        },
                                        {
                                            "Worker Number": 5,
                                            "Actual Startup Time": 540.722,
                                            "Actual Total Time": 2117.73,
                                            "Actual Rows": 2104725,
                                            "Actual Loops": 1
                                        }
                                    ],
                                    "Plans": [
                                        {
                                            "Node Type": "Seq Scan",
                                            "Parent Relationship": "Outer",
                                            "Parallel Aware": true,
                                            "Relation Name": "cast_info",
                                            "Schema": "public",
                                            "Alias": "ci",
                                            "Startup Cost": 0.0,
                                            "Total Cost": 328213.62,
                                            "Plan Rows": 4417638,
                                            "Plan Width": 4,
                                            "Actual Startup Time": 118.851,
                                            "Actual Total Time": 713.42,
                                            "Actual Rows": 3781427,
                                            "Actual Loops": 7,
                                            "Output": [
                                                "ci.id",
                                                "ci.person_id",
                                                "ci.movie_id",
                                                "ci.person_role_id",
                                                "ci.note",
                                                "ci.nr_order",
                                                "ci.role_id"
                                            ],
                                            "Filter": "(ci.person_id > 961308)",
                                            "Rows Removed by Filter": 1396336,
                                            "Workers": [
                                                {
                                                    "Worker Number": 0,
                                                    "Actual Startup Time": 118.808,
                                                    "Actual Total Time": 724.0,
                                                    "Actual Rows": 3702278,
                                                    "Actual Loops": 1
                                                },
                                                {
                                                    "Worker Number": 1,
                                                    "Actual Startup Time": 118.874,
                                                    "Actual Total Time": 731.082,
                                                    "Actual Rows": 3561345,
                                                    "Actual Loops": 1
                                                },
                                                {
                                                    "Worker Number": 2,
                                                    "Actual Startup Time": 118.86,
                                                    "Actual Total Time": 728.295,
                                                    "Actual Rows": 3440132,
                                                    "Actual Loops": 1
                                                },
                                                {
                                                    "Worker Number": 3,
                                                    "Actual Startup Time": 118.83,
                                                    "Actual Total Time": 725.63,
                                                    "Actual Rows": 3651201,
                                                    "Actual Loops": 1
                                                },
                                                {
                                                    "Worker Number": 4,
                                                    "Actual Startup Time": 118.864,
                                                    "Actual Total Time": 727.504,
                                                    "Actual Rows": 3456855,
                                                    "Actual Loops": 1
                                                },
                                                {
                                                    "Worker Number": 5,
                                                    "Actual Startup Time": 118.875,
                                                    "Actual Total Time": 727.168,
                                                    "Actual Rows": 3487709,
                                                    "Actual Loops": 1
                                                }
                                            ]
                                        },
                                        {
                                            "Node Type": "Hash",
                                            "Parent Relationship": "Inner",
                                            "Parallel Aware": true,
                                            "Startup Cost": 91567.2,
                                            "Total Cost": 91567.2,
                                            "Plan Rows": 884744,
                                            "Plan Width": 8,
                                            "Actual Startup Time": 417.886,
                                            "Actual Total Time": 418.266,
                                            "Actual Rows": 92209,
                                            "Actual Loops": 7,
                                            "Output": [
                                                "t.id",
                                                "mk.movie_id"
                                            ],
                                            "Hash Buckets": 4194304,
                                            "Original Hash Buckets": 4194304,
                                            "Hash Batches": 1,
                                            "Original Hash Batches": 1,
                                            "Peak Memory Usage": 58112,
                                            "Workers": [
                                                {
                                                    "Worker Number": 0,
                                                    "Actual Startup Time": 420.431,
                                                    "Actual Total Time": 420.434,
                                                    "Actual Rows": 83600,
                                                    "Actual Loops": 1
                                                },
                                                {
                                                    "Worker Number": 1,
                                                    "Actual Startup Time": 420.545,
                                                    "Actual Total Time": 420.547,
                                                    "Actual Rows": 83370,
                                                    "Actual Loops": 1
                                                },
                                                {
                                                    "Worker Number": 2,
                                                    "Actual Startup Time": 420.594,
                                                    "Actual Total Time": 420.596,
                                                    "Actual Rows": 84570,
                                                    "Actual Loops": 1
                                                },
                                                {
                                                    "Worker Number": 3,
                                                    "Actual Startup Time": 420.646,
                                                    "Actual Total Time": 420.65,
                                                    "Actual Rows": 85381,
                                                    "Actual Loops": 1
                                                },
                                                {
                                                    "Worker Number": 4,
                                                    "Actual Startup Time": 420.551,
                                                    "Actual Total Time": 420.554,
                                                    "Actual Rows": 80964,
                                                    "Actual Loops": 1
                                                },
                                                {
                                                    "Worker Number": 5,
                                                    "Actual Startup Time": 420.806,
                                                    "Actual Total Time": 420.809,
                                                    "Actual Rows": 85487,
                                                    "Actual Loops": 1
                                                }
                                            ],
                                            "Plans": [
                                                {
                                                    "Node Type": "Hash Join",
                                                    "Parent Relationship": "Outer",
                                                    "Parallel Aware": true,
                                                    "Join Type": "Inner",
                                                    "Startup Cost": 48689.12,
                                                    "Total Cost": 91567.2,
                                                    "Plan Rows": 884744,
                                                    "Plan Width": 8,
                                                    "Actual Startup Time": 203.841,
                                                    "Actual Total Time": 372.178,
                                                    "Actual Rows": 92209,
                                                    "Actual Loops": 7,
                                                    "Output": [
                                                        "t.id",
                                                        "mk.movie_id"
                                                    ],
                                                    "Inner Unique": true,
                                                    "Hash Cond": "(mk.movie_id = t.id)",
                                                    "Workers": [
                                                        {
                                                            "Worker Number": 0,
                                                            "Actual Startup Time": 203.783,
                                                            "Actual Total Time": 372.42,
                                                            "Actual Rows": 83600,
                                                            "Actual Loops": 1
                                                        },
                                                        {
                                                            "Worker Number": 1,
                                                            "Actual Startup Time": 203.866,
                                                            "Actual Total Time": 371.585,
                                                            "Actual Rows": 83370,
                                                            "Actual Loops": 1
                                                        },
                                                        {
                                                            "Worker Number": 2,
                                                            "Actual Startup Time": 203.857,
                                                            "Actual Total Time": 371.351,
                                                            "Actual Rows": 84570,
                                                            "Actual Loops": 1
                                                        },
                                                        {
                                                            "Worker Number": 3,
                                                            "Actual Startup Time": 203.87,
                                                            "Actual Total Time": 371.572,
                                                            "Actual Rows": 85381,
                                                            "Actual Loops": 1
                                                        },
                                                        {
                                                            "Worker Number": 4,
                                                            "Actual Startup Time": 203.782,
                                                            "Actual Total Time": 371.431,
                                                            "Actual Rows": 80964,
                                                            "Actual Loops": 1
                                                        },
                                                        {
                                                            "Worker Number": 5,
                                                            "Actual Startup Time": 203.798,
                                                            "Actual Total Time": 371.11,
                                                            "Actual Rows": 85487,
                                                            "Actual Loops": 1
                                                        }
                                                    ],
                                                    "Plans": [
                                                        {
                                                            "Node Type": "Seq Scan",
                                                            "Parent Relationship": "Outer",
                                                            "Parallel Aware": true,
                                                            "Relation Name": "movie_keyword",
                                                            "Schema": "public",
                                                            "Alias": "mk",
                                                            "Startup Cost": 0.0,
                                                            "Total Cost": 39047.32,
                                                            "Plan Rows": 1459332,
                                                            "Plan Width": 4,
                                                            "Actual Startup Time": 0.024,
                                                            "Actual Total Time": 71.837,
                                                            "Actual Rows": 646276,
                                                            "Actual Loops": 7,
                                                            "Output": [
                                                                "mk.id",
                                                                "mk.movie_id",
                                                                "mk.keyword_id"
                                                            ],
                                                            "Workers": [
                                                                {
                                                                    "Worker Number": 0,
                                                                    "Actual Startup Time": 0.021,
                                                                    "Actual Total Time": 73.207,
                                                                    "Actual Rows": 582380,
                                                                    "Actual Loops": 1
                                                                },
                                                                {
                                                                    "Worker Number": 1,
                                                                    "Actual Startup Time": 0.032,
                                                                    "Actual Total Time": 73.57,
                                                                    "Actual Rows": 585525,
                                                                    "Actual Loops": 1
                                                                },
                                                                {
                                                                    "Worker Number": 2,
                                                                    "Actual Startup Time": 0.031,
                                                                    "Actual Total Time": 73.198,
                                                                    "Actual Rows": 593790,
                                                                    "Actual Loops": 1
                                                                },
                                                                {
                                                                    "Worker Number": 3,
                                                                    "Actual Startup Time": 0.023,
                                                                    "Actual Total Time": 73.03,
                                                                    "Actual Rows": 596995,
                                                                    "Actual Loops": 1
                                                                },
                                                                {
                                                                    "Worker Number": 4,
                                                                    "Actual Startup Time": 0.031,
                                                                    "Actual Total Time": 73.024,
                                                                    "Actual Rows": 577755,
                                                                    "Actual Loops": 1
                                                                },
                                                                {
                                                                    "Worker Number": 5,
                                                                    "Actual Startup Time": 0.02,
                                                                    "Actual Total Time": 72.975,
                                                                    "Actual Rows": 597365,
                                                                    "Actual Loops": 1
                                                                }
                                                            ]
                                                        },
                                                        {
                                                            "Node Type": "Hash",
                                                            "Parent Relationship": "Inner",
                                                            "Parallel Aware": true,
                                                            "Startup Cost": 43899.01,
                                                            "Total Cost": 43899.01,
                                                            "Plan Rows": 383209,
                                                            "Plan Width": 4,
                                                            "Actual Startup Time": 201.985,
                                                            "Actual Total Time": 201.986,
                                                            "Actual Rows": 220466,
                                                            "Actual Loops": 7,
                                                            "Output": [
                                                                "t.id"
                                                            ],
                                                            "Hash Buckets": 2097152,
                                                            "Original Hash Buckets": 2097152,
                                                            "Hash Batches": 1,
                                                            "Original Hash Batches": 1,
                                                            "Peak Memory Usage": 76864,
                                                            "Workers": [
                                                                {
                                                                    "Worker Number": 0,
                                                                    "Actual Startup Time": 203.656,
                                                                    "Actual Total Time": 203.658,
                                                                    "Actual Rows": 198338,
                                                                    "Actual Loops": 1
                                                                },
                                                                {
                                                                    "Worker Number": 1,
                                                                    "Actual Startup Time": 203.539,
                                                                    "Actual Total Time": 203.541,
                                                                    "Actual Rows": 198185,
                                                                    "Actual Loops": 1
                                                                },
                                                                {
                                                                    "Worker Number": 2,
                                                                    "Actual Startup Time": 203.528,
                                                                    "Actual Total Time": 203.529,
                                                                    "Actual Rows": 191511,
                                                                    "Actual Loops": 1
                                                                },
                                                                {
                                                                    "Worker Number": 3,
                                                                    "Actual Startup Time": 203.503,
                                                                    "Actual Total Time": 203.505,
                                                                    "Actual Rows": 203898,
                                                                    "Actual Loops": 1
                                                                },
                                                                {
                                                                    "Worker Number": 4,
                                                                    "Actual Startup Time": 203.617,
                                                                    "Actual Total Time": 203.618,
                                                                    "Actual Rows": 177494,
                                                                    "Actual Loops": 1
                                                                },
                                                                {
                                                                    "Worker Number": 5,
                                                                    "Actual Startup Time": 203.479,
                                                                    "Actual Total Time": 203.48,
                                                                    "Actual Rows": 202670,
                                                                    "Actual Loops": 1
                                                                }
                                                            ],
                                                            "Plans": [
                                                                {
                                                                    "Node Type": "Seq Scan",
                                                                    "Parent Relationship": "Outer",
                                                                    "Parallel Aware": true,
                                                                    "Relation Name": "title",
                                                                    "Schema": "public",
                                                                    "Alias": "t",
                                                                    "Startup Cost": 0.0,
                                                                    "Total Cost": 43899.01,
                                                                    "Plan Rows": 383209,
                                                                    "Plan Width": 4,
                                                                    "Actual Startup Time": 0.045,
                                                                    "Actual Total Time": 86.044,
                                                                    "Actual Rows": 220466,
                                                                    "Actual Loops": 7,
                                                                    "Output": [
                                                                        "t.id"
                                                                    ],
                                                                    "Filter": "(t.kind_id = 7)",
                                                                    "Rows Removed by Filter": 140721,
                                                                    "Workers": [
                                                                        {
                                                                            "Worker Number": 0,
                                                                            "Actual Startup Time": 0.052,
                                                                            "Actual Total Time": 90.191,
                                                                            "Actual Rows": 198338,
                                                                            "Actual Loops": 1
                                                                        },
                                                                        {
                                                                            "Worker Number": 1,
                                                                            "Actual Startup Time": 0.049,
                                                                            "Actual Total Time": 88.948,
                                                                            "Actual Rows": 198185,
                                                                            "Actual Loops": 1
                                                                        },
                                                                        {
                                                                            "Worker Number": 2,
                                                                            "Actual Startup Time": 0.049,
                                                                            "Actual Total Time": 82.256,
                                                                            "Actual Rows": 191511,
                                                                            "Actual Loops": 1
                                                                        },
                                                                        {
                                                                            "Worker Number": 3,
                                                                            "Actual Startup Time": 0.063,
                                                                            "Actual Total Time": 88.482,
                                                                            "Actual Rows": 203898,
                                                                            "Actual Loops": 1
                                                                        },
                                                                        {
                                                                            "Worker Number": 4,
                                                                            "Actual Startup Time": 0.058,
                                                                            "Actual Total Time": 89.821,
                                                                            "Actual Rows": 177494,
                                                                            "Actual Loops": 1
                                                                        },
                                                                        {
                                                                            "Worker Number": 5,
                                                                            "Actual Startup Time": 0.027,
                                                                            "Actual Total Time": 89.453,
                                                                            "Actual Rows": 202670,
                                                                            "Actual Loops": 1
                                                                        }
                                                                    ]
                                                                }
                                                            ]
                                                        }
                                                    ]
                                                }
                                            ]
                                        }
                                    ]
                                }
                            ]
                        }
                    ]
                }
            ]
        },
        "Planning Time": 629.051,
        "Triggers": [],
        "Execution Time": 2334.18
    }
]