{
  "Plan": {
    "Node Type": "Aggregate",
    "Strategy": "Plain",
    "Partial Mode": "Finalize",
    "Parallel Aware": false,
    "Startup Cost": 1049703.94,
    "Total Cost": 1049703.95,
    "Plan Rows": 1,
    "Plan Width": 8,
    "Actual Startup Time": 8758.208,
    "Actual Total Time": 8862.583,
    "Actual Rows": 1,
    "Actual Loops": 1,
    "Plans": [
      {
        "Node Type": "Gather",
        "Parent Relationship": "Outer",
        "Parallel Aware": false,
        "Startup Cost": 1049703.83,
        "Total Cost": 1049703.94,
        "Plan Rows": 1,
        "Plan Width": 8,
        "Actual Startup Time": 8751.192,
        "Actual Total Time": 8862.574,
        "Actual Rows": 2,
        "Actual Loops": 1,
        "Workers Planned": 1,
        "Workers Launched": 1,
        "Single Copy": false,
        "Plans": [
          {
            "Node Type": "Aggregate",
            "Strategy": "Plain",
            "Partial Mode": "Partial",
            "Parent Relationship": "Outer",
            "Parallel Aware": false,
            "Startup Cost": 1048703.83,
            "Total Cost": 1048703.84,
            "Plan Rows": 1,
            "Plan Width": 8,
            "Actual Startup Time": 8738.198,
            "Actual Total Time": 8738.204,
            "Actual Rows": 1,
            "Actual Loops": 2,
            "Plans": [
              {
                "Node Type": "Hash Join",
                "Parent Relationship": "Outer",
                "Parallel Aware": true,
                "Join Type": "Inner",
                "Startup Cost": 633430.1,
                "Total Cost": 1015310.38,
                "Plan Rows": 13357379,
                "Plan Width": 0,
                "Actual Startup Time": 4507.794,
                "Actual Total Time": 8414.843,
                "Actual Rows": 8529586,
                "Actual Loops": 2,
                "Inner Unique": false,
                "Hash Cond": "(mi.movie_id = t.id)",
                "Plans": [
                  {
                    "Node Type": "Seq Scan",
                    "Parent Relationship": "Outer",
                    "Parallel Aware": true,
                    "Relation Name": "movie_info",
                    "Alias": "mi",
                    "Startup Cost": 0.0,
                    "Total Cost": 248955.74,
                    "Plan Rows": 8696274,
                    "Plan Width": 4,
                    "Actual Startup Time": 0.017,
                    "Actual Total Time": 654.284,
                    "Actual Rows": 7417860,
                    "Actual Loops": 2
                  },
                  {
                    "Node Type": "Hash",
                    "Parent Relationship": "Inner",
                    "Parallel Aware": true,
                    "Startup Cost": 604875.46,
                    "Total Cost": 604875.46,
                    "Plan Rows": 2284371,
                    "Plan Width": 8,
                    "Actual Startup Time": 4483.495,
                    "Actual Total Time": 4483.499,
                    "Actual Rows": 1921826,
                    "Actual Loops": 2,
                    "Hash Buckets": 4194304,
                    "Original Hash Buckets": 4194304,
                    "Hash Batches": 1,
                    "Original Hash Batches": 1,
                    "Peak Memory Usage": 183168,
                    "Plans": [
                      {
                        "Node Type": "Hash Join",
                        "Parent Relationship": "Outer",
                        "Parallel Aware": true,
                        "Join Type": "Inner",
                        "Startup Cost": 63248.33,
                        "Total Cost": 604875.46,
                        "Plan Rows": 2284371,
                        "Plan Width": 8,
                        "Actual Startup Time": 290.471,
                        "Actual Total Time": 3818.256,
                        "Actual Rows": 1921826,
                        "Actual Loops": 2,
                        "Inner Unique": true,
                        "Hash Cond": "(ci.movie_id = t.id)",
                        "Plans": [
                          {
                            "Node Type": "Seq Scan",
                            "Parent Relationship": "Outer",
                            "Parallel Aware": true,
                            "Relation Name": "cast_info",
                            "Alias": "ci",
                            "Startup Cost": 0.0,
                            "Total Cost": 519069.44,
                            "Plan Rows": 8593392,
                            "Plan Width": 4,
                            "Actual Startup Time": 0.025,
                            "Actual Total Time": 1538.835,
                            "Actual Rows": 7304504,
                            "Actual Loops": 2,
                            "Filter": "(person_id < 1439947)",
                            "Rows Removed by Filter": 10817668
                          },
                          {
                            "Node Type": "Hash",
                            "Parent Relationship": "Inner",
                            "Parallel Aware": true,
                            "Startup Cost": 58306.47,
                            "Total Cost": 58306.47,
                            "Plan Rows": 395349,
                            "Plan Width": 4,
                            "Actual Startup Time": 287.258,
                            "Actual Total Time": 287.259,
                            "Actual Rows": 352163,
                            "Actual Loops": 2,
                            "Hash Buckets": 1048576,
                            "Original Hash Buckets": 1048576,
                            "Hash Batches": 1,
                            "Original Hash Batches": 1,
                            "Peak Memory Usage": 35776,
                            "Plans": [
                              {
                                "Node Type": "Seq Scan",
                                "Parent Relationship": "Outer",
                                "Parallel Aware": true,
                                "Relation Name": "title",
                                "Alias": "t",
                                "Startup Cost": 0.0,
                                "Total Cost": 58306.47,
                                "Plan Rows": 395349,
                                "Plan Width": 4,
                                "Actual Startup Time": 0.045,
                                "Actual Total Time": 184.977,
                                "Actual Rows": 352163,
                                "Actual Loops": 2,
                                "Filter": "((kind_id > 1) AND (production_year > 2006))",
                                "Rows Removed by Filter": 911993
                              }
                            ]
                          }
                        ]
                      }
                    ]
                  }
                ]
              }
            ]
          }
        ]
      }
    ]
  },
  "Planning Time": 0.967,
  "Triggers": [],
  "Execution Time": 8862.685
}