{
  "Plan": {
    "Node Type": "Aggregate",
    "Strategy": "Plain",
    "Partial Mode": "Finalize",
    "Parallel Aware": false,
    "Startup Cost": 51208.25,
    "Total Cost": 51208.26,
    "Plan Rows": 1,
    "Plan Width": 8,
    "Actual Startup Time": 57.272,
    "Actual Total Time": 65.89,
    "Actual Rows": 1,
    "Actual Loops": 1,
    "Plans": [
      {
        "Node Type": "Gather",
        "Parent Relationship": "Outer",
        "Parallel Aware": false,
        "Startup Cost": 51208.14,
        "Total Cost": 51208.25,
        "Plan Rows": 1,
        "Plan Width": 8,
        "Actual Startup Time": 57.046,
        "Actual Total Time": 65.884,
        "Actual Rows": 2,
        "Actual Loops": 1,
        "Workers Planned": 1,
        "Workers Launched": 1,
        "Single Copy": false,
        "Plans": [
          {
            "Node Type": "Aggregate",
            "Strategy": "Plain",
            "Partial Mode": "Partial",
            "Parent Relationship": "Outer",
            "Parallel Aware": false,
            "Startup Cost": 50208.14,
            "Total Cost": 50208.15,
            "Plan Rows": 1,
            "Plan Width": 8,
            "Actual Startup Time": 50.876,
            "Actual Total Time": 50.878,
            "Actual Rows": 1,
            "Actual Loops": 2,
            "Plans": [
              {
                "Node Type": "Nested Loop",
                "Parent Relationship": "Outer",
                "Parallel Aware": false,
                "Join Type": "Inner",
                "Startup Cost": 177.14,
                "Total Cost": 50195.94,
                "Plan Rows": 4879,
                "Plan Width": 0,
                "Actual Startup Time": 5.304,
                "Actual Total Time": 50.344,
                "Actual Rows": 4617,
                "Actual Loops": 2,
                "Inner Unique": true,
                "Plans": [
                  {
                    "Node Type": "Bitmap Heap Scan",
                    "Parent Relationship": "Outer",
                    "Parallel Aware": true,
                    "Relation Name": "movie_keyword",
                    "Alias": "mk",
                    "Startup Cost": 176.71,
                    "Total Cost": 17147.94,
                    "Plan Rows": 4879,
                    "Plan Width": 4,
                    "Actual Startup Time": 5.15,
                    "Actual Total Time": 17.696,
                    "Actual Rows": 4617,
                    "Actual Loops": 2,
                    "Recheck Cond": "(keyword_id = 784)",
                    "Rows Removed by Index Recheck": 0,
                    "Exact Heap Blocks": 5742,
                    "Lossy Heap Blocks": 0,
                    "Plans": [
                      {
                        "Node Type": "Bitmap Index Scan",
                        "Parent Relationship": "Outer",
                        "Parallel Aware": false,
                        "Index Name": "keyword_id_movie_keyword",
                        "Startup Cost": 0.0,
                        "Total Cost": 174.64,
                        "Plan Rows": 8294,
                        "Plan Width": 0,
                        "Actual Startup Time": 6.879,
                        "Actual Total Time": 6.879,
                        "Actual Rows": 9234,
                        "Actual Loops": 1,
                        "Index Cond": "(keyword_id = 784)"
                      }
                    ]
                  },
                  {
                    "Node Type": "Index Only Scan",
                    "Parent Relationship": "Inner",
                    "Parallel Aware": false,
                    "Scan Direction": "Forward",
                    "Index Name": "title_pkey",
                    "Relation Name": "title",
                    "Alias": "t",
                    "Startup Cost": 0.43,
                    "Total Cost": 6.77,
                    "Plan Rows": 1,
                    "Plan Width": 4,
                    "Actual Startup Time": 0.007,
                    "Actual Total Time": 0.007,
                    "Actual Rows": 1,
                    "Actual Loops": 9234,
                    "Index Cond": "(id = mk.movie_id)",
                    "Rows Removed by Index Recheck": 0,
                    "Heap Fetches": 9234
                  }
                ]
              }
            ]
          }
        ]
      }
    ]
  },
  "Planning Time": 0.638,
  "Triggers": [],
  "Execution Time": 65.973
}