[
  {
    "Plan": {
      "Node Type": "Aggregate",
      "Strategy": "Plain",
      "Partial Mode": "Finalize",
      "Parallel Aware": false,
      "Startup Cost": 450319.83,
      "Total Cost": 450319.84,
      "Plan Rows": 1,
      "Plan Width": 8,
      "Actual Startup Time": 12861.88,
      "Actual Total Time": 12953.367,
      "Actual Rows": 1,
      "Actual Loops": 1,
      "Plans": [
        {
          "Node Type": "Gather",
          "Parent Relationship": "Outer",
          "Parallel Aware": false,
          "Startup Cost": 450319.51,
          "Total Cost": 450319.82,
          "Plan Rows": 3,
          "Plan Width": 8,
          "Actual Startup Time": 12859.991,
          "Actual Total Time": 12953.351,
          "Actual Rows": 4,
          "Actual Loops": 1,
          "Workers Planned": 3,
          "Workers Launched": 3,
          "Single Copy": false,
          "Plans": [
            {
              "Node Type": "Aggregate",
              "Strategy": "Plain",
              "Partial Mode": "Partial",
              "Parent Relationship": "Outer",
              "Parallel Aware": false,
              "Startup Cost": 449319.51,
              "Total Cost": 449319.52,
              "Plan Rows": 1,
              "Plan Width": 8,
              "Actual Startup Time": 12855.695,
              "Actual Total Time": 12855.699,
              "Actual Rows": 1,
              "Actual Loops": 4,
              "Plans": [
                {
                  "Node Type": "Nested Loop",
                  "Parent Relationship": "Outer",
                  "Parallel Aware": false,
                  "Join Type": "Inner",
                  "Startup Cost": 46746.01,
                  "Total Cost": 445918.93,
                  "Plan Rows": 1360233,
                  "Plan Width": 0,
                  "Actual Startup Time": 165.643,
                  "Actual Total Time": 12210.797,
                  "Actual Rows": 14426211,
                  "Actual Loops": 4,
                  "Inner Unique": false,
                  "Join Filter": "(t.id = ci.movie_id)",
                  "Rows Removed by Join Filter": 0,
                  "Plans": [
                    {
                      "Node Type": "Hash Join",
                      "Parent Relationship": "Outer",
                      "Parallel Aware": true,
                      "Join Type": "Inner",
                      "Startup Cost": 46745.45,
                      "Total Cost": 92270.01,
                      "Plan Rows": 172654,
                      "Plan Width": 8,
                      "Actual Startup Time": 165.547,
                      "Actual Total Time": 404.027,
                      "Actual Rows": 425147,
                      "Actual Loops": 4,
                      "Inner Unique": true,
                      "Hash Cond": "(mk.movie_id = t.id)",
                      "Plans": [
                        {
                          "Node Type": "Seq Scan",
                          "Parent Relationship": "Outer",
                          "Parallel Aware": true,
                          "Relation Name": "movie_keyword",
                          "Alias": "mk",
                          "Startup Cost": 0.0,
                          "Total Cost": 42695.65,
                          "Plan Rows": 1077679,
                          "Plan Width": 4,
                          "Actual Startup Time": 0.096,
                          "Actual Total Time": 125.187,
                          "Actual Rows": 833713,
                          "Actual Loops": 4,
                          "Filter": "(keyword_id > 1417)",
                          "Rows Removed by Filter": 297270
                        },
                        {
                          "Node Type": "Hash",
                          "Parent Relationship": "Inner",
                          "Parallel Aware": true,
                          "Startup Cost": 45479.59,
                          "Total Cost": 45479.59,
                          "Plan Rows": 101269,
                          "Plan Width": 4,
                          "Actual Startup Time": 128.167,
                          "Actual Total Time": 128.168,
                          "Actual Rows": 114036,
                          "Actual Loops": 4,
                          "Hash Buckets": 524288,
                          "Original Hash Buckets": 524288,
                          "Hash Batches": 1,
                          "Original Hash Batches": 1,
                          "Peak Memory Usage": 21984,
                          "Plans": [
                            {
                              "Node Type": "Seq Scan",
                              "Parent Relationship": "Outer",
                              "Parallel Aware": true,
                              "Relation Name": "title",
                              "Alias": "t",
                              "Startup Cost": 0.0,
                              "Total Cost": 45479.59,
                              "Plan Rows": 101269,
                              "Plan Width": 4,
                              "Actual Startup Time": 51.893,
                              "Actual Total Time": 93.954,
                              "Actual Rows": 114036,
                              "Actual Loops": 4,
                              "Filter": "((production_year < 2007) AND (kind_id = 1))",
                              "Rows Removed by Filter": 518042
                            }
                          ]
                        }
                      ]
                    },
                    {
                      "Node Type": "Index Scan",
                      "Parent Relationship": "Inner",
                      "Parallel Aware": false,
                      "Scan Direction": "Forward",
                      "Index Name": "movie_id_cast_info",
                      "Relation Name": "cast_info",
                      "Alias": "ci",
                      "Startup Cost": 0.56,
                      "Total Cost": 1.81,
                      "Plan Rows": 19,
                      "Plan Width": 4,
                      "Actual Startup Time": 0.003,
                      "Actual Total Time": 0.025,
                      "Actual Rows": 34,
                      "Actual Loops": 1700587,
                      "Index Cond": "(movie_id = mk.movie_id)",
                      "Rows Removed by Index Recheck": 0,
                      "Filter": "((person_id < 3024647) AND (role_id < 4))",
                      "Rows Removed by Filter": 21
                    }
                  ]
                }
              ]
            }
          ]
        }
      ]
    },
    "Planning Time": 0.532,
    "Triggers": [],
    "Execution Time": 12953.44
  }
]