{
  "Plan": {
    "Node Type": "Aggregate",
    "Strategy": "Plain",
    "Partial Mode": "Finalize",
    "Parallel Aware": false,
    "Startup Cost": 55842.92,
    "Total Cost": 55842.93,
    "Plan Rows": 1,
    "Plan Width": 8,
    "Actual Startup Time": 38.169,
    "Actual Total Time": 42.613,
    "Actual Rows": 1,
    "Actual Loops": 1,
    "Plans": [
      {
        "Node Type": "Gather",
        "Parent Relationship": "Outer",
        "Parallel Aware": false,
        "Startup Cost": 55842.81,
        "Total Cost": 55842.92,
        "Plan Rows": 1,
        "Plan Width": 8,
        "Actual Startup Time": 38.053,
        "Actual Total Time": 42.607,
        "Actual Rows": 2,
        "Actual Loops": 1,
        "Workers Planned": 1,
        "Workers Launched": 1,
        "Single Copy": false,
        "Plans": [
          {
            "Node Type": "Aggregate",
            "Strategy": "Plain",
            "Partial Mode": "Partial",
            "Parent Relationship": "Outer",
            "Parallel Aware": false,
            "Startup Cost": 54842.81,
            "Total Cost": 54842.82,
            "Plan Rows": 1,
            "Plan Width": 8,
            "Actual Startup Time": 32.091,
            "Actual Total Time": 32.092,
            "Actual Rows": 1,
            "Actual Loops": 2,
            "Plans": [
              {
                "Node Type": "Nested Loop",
                "Parent Relationship": "Outer",
                "Parallel Aware": false,
                "Join Type": "Inner",
                "Startup Cost": 382.85,
                "Total Cost": 54841.23,
                "Plan Rows": 634,
                "Plan Width": 0,
                "Actual Startup Time": 15.774,
                "Actual Total Time": 32.082,
                "Actual Rows": 6,
                "Actual Loops": 2,
                "Inner Unique": true,
                "Plans": [
                  {
                    "Node Type": "Bitmap Heap Scan",
                    "Parent Relationship": "Outer",
                    "Parallel Aware": true,
                    "Relation Name": "movie_companies",
                    "Alias": "mc",
                    "Startup Cost": 382.42,
                    "Total Cost": 19756.74,
                    "Plan Rows": 5247,
                    "Plan Width": 4,
                    "Actual Startup Time": 3.333,
                    "Actual Total Time": 5.197,
                    "Actual Rows": 4070,
                    "Actual Loops": 2,
                    "Recheck Cond": "(company_id = 166)",
                    "Rows Removed by Index Recheck": 0,
                    "Filter": "(company_type_id > 1)",
                    "Rows Removed by Filter": 4040,
                    "Exact Heap Blocks": 502,
                    "Lossy Heap Blocks": 0,
                    "Plans": [
                      {
                        "Node Type": "Bitmap Index Scan",
                        "Parent Relationship": "Outer",
                        "Parallel Aware": false,
                        "Index Name": "company_id_movie_companies",
                        "Startup Cost": 0.0,
                        "Total Cost": 380.19,
                        "Plan Rows": 17568,
                        "Plan Width": 0,
                        "Actual Startup Time": 3.512,
                        "Actual Total Time": 3.513,
                        "Actual Rows": 16220,
                        "Actual Loops": 1,
                        "Index Cond": "(company_id = 166)"
                      }
                    ]
                  },
                  {
                    "Node Type": "Index Scan",
                    "Parent Relationship": "Inner",
                    "Parallel Aware": false,
                    "Scan Direction": "Forward",
                    "Index Name": "title_pkey",
                    "Relation Name": "title",
                    "Alias": "t",
                    "Startup Cost": 0.43,
                    "Total Cost": 6.69,
                    "Plan Rows": 1,
                    "Plan Width": 4,
                    "Actual Startup Time": 0.006,
                    "Actual Total Time": 0.006,
                    "Actual Rows": 0,
                    "Actual Loops": 8139,
                    "Index Cond": "(id = mc.movie_id)",
                    "Rows Removed by Index Recheck": 0,
                    "Filter": "((kind_id < 7) AND (production_year < 1994))",
                    "Rows Removed by Filter": 1
                  }
                ]
              }
            ]
          }
        ]
      }
    ]
  },
  "Planning Time": 0.543,
  "Triggers": [],
  "Execution Time": 42.706
}