[
  {
    "Plan": {
      "Node Type": "Aggregate",
      "Strategy": "Plain",
      "Partial Mode": "Simple",
      "Parallel Aware": false,
      "Startup Cost": 192718.17,
      "Total Cost": 192718.18,
      "Plan Rows": 1,
      "Plan Width": 8,
      "Actual Startup Time": 43.121,
      "Actual Total Time": 43.121,
      "Actual Rows": 1,
      "Actual Loops": 1,
      "Plans": [
        {
          "Node Type": "Index Only Scan",
          "Parent Relationship": "Outer",
          "Parallel Aware": false,
          "Scan Direction": "Forward",
          "Index Name": "person_id_cast_info",
          "Relation Name": "cast_info",
          "Alias": "ci",
          "Startup Cost": 0.56,
          "Total Cost": 192427.88,
          "Plan Rows": 116119,
          "Plan Width": 0,
          "Actual Startup Time": 0.013,
          "Actual Total Time": 37.182,
          "Actual Rows": 120967,
          "Actual Loops": 1,
          "Index Cond": "(person_id < 14175)",
          "Rows Removed by Index Recheck": 0,
          "Heap Fetches": 120967
        }
      ]
    },
    "Planning Time": 0.167,
    "Triggers": [],
    "Execution Time": 43.142
  }
]