{
  "Plan": {
    "Node Type": "Aggregate",
    "Strategy": "Plain",
    "Partial Mode": "Finalize",
    "Parallel Aware": false,
    "Startup Cost": 731786.04,
    "Total Cost": 731786.05,
    "Plan Rows": 1,
    "Plan Width": 8,
    "Actual Startup Time": 7347.19,
    "Actual Total Time": 7418.703,
    "Actual Rows": 1,
    "Actual Loops": 1,
    "Plans": [
      {
        "Node Type": "Gather",
        "Parent Relationship": "Outer",
        "Parallel Aware": false,
        "Startup Cost": 731785.93,
        "Total Cost": 731786.04,
        "Plan Rows": 1,
        "Plan Width": 8,
        "Actual Startup Time": 7344.02,
        "Actual Total Time": 7418.694,
        "Actual Rows": 2,
        "Actual Loops": 1,
        "Workers Planned": 1,
        "Workers Launched": 1,
        "Single Copy": false,
        "Plans": [
          {
            "Node Type": "Aggregate",
            "Strategy": "Plain",
            "Partial Mode": "Partial",
            "Parent Relationship": "Outer",
            "Parallel Aware": false,
            "Startup Cost": 730785.93,
            "Total Cost": 730785.94,
            "Plan Rows": 1,
            "Plan Width": 8,
            "Actual Startup Time": 7337.68,
            "Actual Total Time": 7337.685,
            "Actual Rows": 1,
            "Actual Loops": 2,
            "Plans": [
              {
                "Node Type": "Hash Join",
                "Parent Relationship": "Outer",
                "Parallel Aware": true,
                "Join Type": "Inner",
                "Startup Cost": 118784.88,
                "Total Cost": 711014.23,
                "Plan Rows": 7908678,
                "Plan Width": 0,
                "Actual Startup Time": 744.468,
                "Actual Total Time": 6728.233,
                "Actual Rows": 15288065,
                "Actual Loops": 2,
                "Inner Unique": false,
                "Hash Cond": "(ci.movie_id = t.id)",
                "Plans": [
                  {
                    "Node Type": "Seq Scan",
                    "Parent Relationship": "Outer",
                    "Parallel Aware": true,
                    "Relation Name": "cast_info",
                    "Alias": "ci",
                    "Startup Cost": 0.0,
                    "Total Cost": 465792.95,
                    "Plan Rows": 21310595,
                    "Plan Width": 4,
                    "Actual Startup Time": 0.015,
                    "Actual Total Time": 1347.381,
                    "Actual Rows": 18122172,
                    "Actual Loops": 2
                  },
                  {
                    "Node Type": "Hash",
                    "Parent Relationship": "Inner",
                    "Parallel Aware": true,
                    "Startup Cost": 111885.71,
                    "Total Cost": 111885.71,
                    "Plan Rows": 551934,
                    "Plan Width": 8,
                    "Actual Startup Time": 735.185,
                    "Actual Total Time": 735.188,
                    "Actual Rows": 389968,
                    "Actual Loops": 2,
                    "Hash Buckets": 1048576,
                    "Original Hash Buckets": 1048576,
                    "Hash Batches": 1,
                    "Original Hash Batches": 1,
                    "Peak Memory Usage": 38720,
                    "Plans": [
                      {
                        "Node Type": "Hash Join",
                        "Parent Relationship": "Outer",
                        "Parallel Aware": true,
                        "Join Type": "Inner",
                        "Startup Cost": 48473.53,
                        "Total Cost": 111885.71,
                        "Plan Rows": 551934,
                        "Plan Width": 8,
                        "Actual Startup Time": 210.511,
                        "Actual Total Time": 642.447,
                        "Actual Rows": 389968,
                        "Actual Loops": 2,
                        "Inner Unique": false,
                        "Hash Cond": "(t.id = mc.movie_id)",
                        "Plans": [
                          {
                            "Node Type": "Seq Scan",
                            "Parent Relationship": "Outer",
                            "Parallel Aware": true,
                            "Relation Name": "title",
                            "Alias": "t",
                            "Startup Cost": 0.0,
                            "Total Cost": 50870.31,
                            "Plan Rows": 1487231,
                            "Plan Width": 4,
                            "Actual Startup Time": 0.013,
                            "Actual Total Time": 119.78,
                            "Actual Rows": 1264156,
                            "Actual Loops": 2
                          },
                          {
                            "Node Type": "Hash",
                            "Parent Relationship": "Inner",
                            "Parallel Aware": true,
                            "Startup Cost": 41574.35,
                            "Total Cost": 41574.35,
                            "Plan Rows": 551934,
                            "Plan Width": 4,
                            "Actual Startup Time": 204.834,
                            "Actual Total Time": 204.835,
                            "Actual Rows": 389968,
                            "Actual Loops": 2,
                            "Hash Buckets": 1048576,
                            "Original Hash Buckets": 1048576,
                            "Hash Batches": 1,
                            "Original Hash Batches": 1,
                            "Peak Memory Usage": 38720,
                            "Plans": [
                              {
                                "Node Type": "Index Scan",
                                "Parent Relationship": "Outer",
                                "Parallel Aware": true,
                                "Scan Direction": "Forward",
                                "Index Name": "company_type_id_movie_companies",
                                "Relation Name": "movie_companies",
                                "Alias": "mc",
                                "Startup Cost": 0.43,
                                "Total Cost": 41574.35,
                                "Plan Rows": 551934,
                                "Plan Width": 4,
                                "Actual Startup Time": 2.522,
                                "Actual Total Time": 120.99,
                                "Actual Rows": 389968,
                                "Actual Loops": 2,
                                "Index Cond": "(company_type_id = 1)",
                                "Rows Removed by Index Recheck": 0,
                                "Filter": "(company_id > 1284)",
                                "Rows Removed by Filter": 247154
                              }
                            ]
                          }
                        ]
                      }
                    ]
                  }
                ]
              }
            ]
          }
        ]
      }
    ]
  },
  "Planning Time": 1.192,
  "Triggers": [],
  "Execution Time": 7418.813
}