[
  {
    "Plan": {
      "Node Type": "Aggregate",
      "Strategy": "Plain",
      "Partial Mode": "Finalize",
      "Parallel Aware": false,
      "Startup Cost": 210114.51,
      "Total Cost": 210114.52,
      "Plan Rows": 1,
      "Plan Width": 8,
      "Actual Startup Time": 263.042,
      "Actual Total Time": 279.682,
      "Actual Rows": 1,
      "Actual Loops": 1,
      "Plans": [
        {
          "Node Type": "Gather",
          "Parent Relationship": "Outer",
          "Parallel Aware": false,
          "Startup Cost": 210113.89,
          "Total Cost": 210114.5,
          "Plan Rows": 6,
          "Plan Width": 8,
          "Actual Startup Time": 262.947,
          "Actual Total Time": 279.675,
          "Actual Rows": 7,
          "Actual Loops": 1,
          "Workers Planned": 6,
          "Workers Launched": 6,
          "Single Copy": false,
          "Plans": [
            {
              "Node Type": "Aggregate",
              "Strategy": "Plain",
              "Partial Mode": "Partial",
              "Parent Relationship": "Outer",
              "Parallel Aware": false,
              "Startup Cost": 209113.89,
              "Total Cost": 209113.9,
              "Plan Rows": 1,
              "Plan Width": 8,
              "Actual Startup Time": 252.223,
              "Actual Total Time": 252.224,
              "Actual Rows": 1,
              "Actual Loops": 7,
              "Plans": [
                {
                  "Node Type": "Index Scan",
                  "Parent Relationship": "Outer",
                  "Parallel Aware": true,
                  "Scan Direction": "Forward",
                  "Index Name": "role_id_cast_info",
                  "Relation Name": "cast_info",
                  "Alias": "ci",
                  "Startup Cost": 0.56,
                  "Total Cost": 209040.78,
                  "Plan Rows": 29242,
                  "Plan Width": 0,
                  "Actual Startup Time": 203.565,
                  "Actual Total Time": 246.736,
                  "Actual Rows": 112148,
                  "Actual Loops": 7,
                  "Index Cond": "(role_id > 6)",
                  "Rows Removed by Index Recheck": 0,
                  "Filter": "(person_id > 3911188)",
                  "Rows Removed by Filter": 989658
                }
              ]
            }
          ]
        }
      ]
    },
    "Planning Time": 0.209,
    "Triggers": [],
    "Execution Time": 279.742
  }
]