[
  {
    "Plan": {
      "Node Type": "Aggregate",
      "Strategy": "Plain",
      "Partial Mode": "Finalize",
      "Parallel Aware": false,
      "Startup Cost": 46478.9,
      "Total Cost": 46478.91,
      "Plan Rows": 1,
      "Plan Width": 8,
      "Actual Startup Time": 173.483,
      "Actual Total Time": 182.583,
      "Actual Rows": 1,
      "Actual Loops": 1,
      "Plans": [
        {
          "Node Type": "Gather",
          "Parent Relationship": "Outer",
          "Parallel Aware": false,
          "Startup Cost": 46478.58,
          "Total Cost": 46478.89,
          "Plan Rows": 3,
          "Plan Width": 8,
          "Actual Startup Time": 173.366,
          "Actual Total Time": 182.575,
          "Actual Rows": 4,
          "Actual Loops": 1,
          "Workers Planned": 3,
          "Workers Launched": 3,
          "Single Copy": false,
          "Plans": [
            {
              "Node Type": "Aggregate",
              "Strategy": "Plain",
              "Partial Mode": "Partial",
              "Parent Relationship": "Outer",
              "Parallel Aware": false,
              "Startup Cost": 45478.58,
              "Total Cost": 45478.59,
              "Plan Rows": 1,
              "Plan Width": 8,
              "Actual Startup Time": 166.799,
              "Actual Total Time": 166.8,
              "Actual Rows": 1,
              "Actual Loops": 4,
              "Plans": [
                {
                  "Node Type": "Seq Scan",
                  "Parent Relationship": "Outer",
                  "Parallel Aware": true,
                  "Relation Name": "movie_keyword",
                  "Alias": "mk",
                  "Startup Cost": 0.0,
                  "Total Cost": 42695.65,
                  "Plan Rows": 1113170,
                  "Plan Width": 0,
                  "Actual Startup Time": 0.056,
                  "Actual Total Time": 126.626,
                  "Actual Rows": 863547,
                  "Actual Loops": 4,
                  "Filter": "(keyword_id < 16494)",
                  "Rows Removed by Filter": 267435
                }
              ]
            }
          ]
        }
      ]
    },
    "Planning Time": 0.201,
    "Triggers": [],
    "Execution Time": 182.64
  }
]