[
  {
    "Plan": {
      "Node Type": "Aggregate",
      "Strategy": "Plain",
      "Partial Mode": "Finalize",
      "Parallel Aware": false,
      "Startup Cost": 123330.84,
      "Total Cost": 123330.85,
      "Plan Rows": 1,
      "Plan Width": 8,
      "Actual Startup Time": 712.723,
      "Actual Total Time": 736.513,
      "Actual Rows": 1,
      "Actual Loops": 1,
      "Plans": [
        {
          "Node Type": "Gather",
          "Parent Relationship": "Outer",
          "Parallel Aware": false,
          "Startup Cost": 123330.52,
          "Total Cost": 123330.83,
          "Plan Rows": 3,
          "Plan Width": 8,
          "Actual Startup Time": 704.854,
          "Actual Total Time": 736.501,
          "Actual Rows": 4,
          "Actual Loops": 1,
          "Workers Planned": 3,
          "Workers Launched": 3,
          "Single Copy": false,
          "Plans": [
            {
              "Node Type": "Aggregate",
              "Strategy": "Plain",
              "Partial Mode": "Partial",
              "Parent Relationship": "Outer",
              "Parallel Aware": false,
              "Startup Cost": 122330.52,
              "Total Cost": 122330.53,
              "Plan Rows": 1,
              "Plan Width": 8,
              "Actual Startup Time": 698.259,
              "Actual Total Time": 698.267,
              "Actual Rows": 1,
              "Actual Loops": 4,
              "Plans": [
                {
                  "Node Type": "Hash Join",
                  "Parent Relationship": "Outer",
                  "Parallel Aware": true,
                  "Join Type": "Inner",
                  "Startup Cost": 76065.04,
                  "Total Cost": 122140.0,
                  "Plan Rows": 76211,
                  "Plan Width": 0,
                  "Actual Startup Time": 517.379,
                  "Actual Total Time": 684.275,
                  "Actual Rows": 278614,
                  "Actual Loops": 4,
                  "Inner Unique": false,
                  "Hash Cond": "(mk.movie_id = t.id)",
                  "Plans": [
                    {
                      "Node Type": "Seq Scan",
                      "Parent Relationship": "Outer",
                      "Parallel Aware": true,
                      "Relation Name": "movie_keyword",
                      "Alias": "mk",
                      "Startup Cost": 0.0,
                      "Total Cost": 42695.65,
                      "Plan Rows": 835589,
                      "Plan Width": 4,
                      "Actual Startup Time": 0.047,
                      "Actual Total Time": 121.674,
                      "Actual Rows": 650607,
                      "Actual Loops": 4,
                      "Filter": "(keyword_id < 7008)",
                      "Rows Removed by Filter": 480376
                    },
                    {
                      "Node Type": "Hash",
                      "Parent Relationship": "Inner",
                      "Parallel Aware": true,
                      "Startup Cost": 75135.17,
                      "Total Cost": 75135.17,
                      "Plan Rows": 74390,
                      "Plan Width": 8,
                      "Actual Startup Time": 468.336,
                      "Actual Total Time": 468.342,
                      "Actual Rows": 56987,
                      "Actual Loops": 4,
                      "Hash Buckets": 262144,
                      "Original Hash Buckets": 262144,
                      "Hash Batches": 1,
                      "Original Hash Batches": 1,
                      "Peak Memory Usage": 11040,
                      "Plans": [
                        {
                          "Node Type": "Hash Join",
                          "Parent Relationship": "Outer",
                          "Parallel Aware": true,
                          "Join Type": "Inner",
                          "Startup Cost": 55220.02,
                          "Total Cost": 75135.17,
                          "Plan Rows": 74390,
                          "Plan Width": 8,
                          "Actual Startup Time": 396.625,
                          "Actual Total Time": 441.536,
                          "Actual Rows": 56987,
                          "Actual Loops": 4,
                          "Inner Unique": true,
                          "Hash Cond": "(mc.movie_id = t.id)",
                          "Plans": [
                            {
                              "Node Type": "Bitmap Heap Scan",
                              "Parent Relationship": "Outer",
                              "Parallel Aware": true,
                              "Relation Name": "movie_companies",
                              "Alias": "mc",
                              "Startup Cost": 4999.64,
                              "Total Cost": 24719.51,
                              "Plan Rows": 74390,
                              "Plan Width": 4,
                              "Actual Startup Time": 10.969,
                              "Actual Total Time": 25.949,
                              "Actual Rows": 56987,
                              "Actual Loops": 4,
                              "Recheck Cond": "(company_id > 105952)",
                              "Rows Removed by Index Recheck": 0,
                              "Exact Heap Blocks": 894,
                              "Lossy Heap Blocks": 0,
                              "Plans": [
                                {
                                  "Node Type": "Bitmap Index Scan",
                                  "Parent Relationship": "Outer",
                                  "Parallel Aware": false,
                                  "Index Name": "company_id_movie_companies",
                                  "Startup Cost": 0.0,
                                  "Total Cost": 4941.99,
                                  "Plan Rows": 230608,
                                  "Plan Width": 0,
                                  "Actual Startup Time": 10.25,
                                  "Actual Total Time": 10.25,
                                  "Actual Rows": 227949,
                                  "Actual Loops": 1,
                                  "Index Cond": "(company_id > 105952)"
                                }
                              ]
                            },
                            {
                              "Node Type": "Hash",
                              "Parent Relationship": "Inner",
                              "Parallel Aware": true,
                              "Startup Cost": 42319.06,
                              "Total Cost": 42319.06,
                              "Plan Rows": 632106,
                              "Plan Width": 4,
                              "Actual Startup Time": 375.37,
                              "Actual Total Time": 375.371,
                              "Actual Rows": 632078,
                              "Actual Loops": 4,
                              "Hash Buckets": 4194304,
                              "Original Hash Buckets": 4194304,
                              "Hash Batches": 1,
                              "Original Hash Batches": 1,
                              "Peak Memory Usage": 131744,
                              "Plans": [
                                {
                                  "Node Type": "Seq Scan",
                                  "Parent Relationship": "Outer",
                                  "Parallel Aware": true,
                                  "Relation Name": "title",
                                  "Alias": "t",
                                  "Startup Cost": 0.0,
                                  "Total Cost": 42319.06,
                                  "Plan Rows": 632106,
                                  "Plan Width": 4,
                                  "Actual Startup Time": 0.058,
                                  "Actual Total Time": 104.748,
                                  "Actual Rows": 632078,
                                  "Actual Loops": 4
                                }
                              ]
                            }
                          ]
                        }
                      ]
                    }
                  ]
                }
              ]
            }
          ]
        }
      ]
    },
    "Planning Time": 1.409,
    "Triggers": [],
    "Execution Time": 736.617
  }
]