[
  {
    "Plan": {
      "Node Type": "Aggregate",
      "Strategy": "Plain",
      "Partial Mode": "Finalize",
      "Parallel Aware": false,
      "Startup Cost": 119256.98,
      "Total Cost": 119256.99,
      "Plan Rows": 1,
      "Plan Width": 8,
      "Actual Startup Time": 517.753,
      "Actual Total Time": 539.886,
      "Actual Rows": 1,
      "Actual Loops": 1,
      "Plans": [
        {
          "Node Type": "Gather",
          "Parent Relationship": "Outer",
          "Parallel Aware": false,
          "Startup Cost": 119256.67,
          "Total Cost": 119256.98,
          "Plan Rows": 3,
          "Plan Width": 8,
          "Actual Startup Time": 515.803,
          "Actual Total Time": 539.876,
          "Actual Rows": 4,
          "Actual Loops": 1,
          "Workers Planned": 3,
          "Workers Launched": 3,
          "Single Copy": false,
          "Plans": [
            {
              "Node Type": "Aggregate",
              "Strategy": "Plain",
              "Partial Mode": "Partial",
              "Parent Relationship": "Outer",
              "Parallel Aware": false,
              "Startup Cost": 118256.67,
              "Total Cost": 118256.68,
              "Plan Rows": 1,
              "Plan Width": 8,
              "Actual Startup Time": 505.918,
              "Actual Total Time": 505.924,
              "Actual Rows": 1,
              "Actual Loops": 4,
              "Plans": [
                {
                  "Node Type": "Hash Join",
                  "Parent Relationship": "Outer",
                  "Parallel Aware": true,
                  "Join Type": "Inner",
                  "Startup Cost": 72024.91,
                  "Total Cost": 118065.19,
                  "Plan Rows": 76589,
                  "Plan Width": 0,
                  "Actual Startup Time": 335.373,
                  "Actual Total Time": 493.076,
                  "Actual Rows": 278614,
                  "Actual Loops": 4,
                  "Inner Unique": false,
                  "Hash Cond": "(mk.movie_id = t.id)",
                  "Plans": [
                    {
                      "Node Type": "Seq Scan",
                      "Parent Relationship": "Outer",
                      "Parallel Aware": true,
                      "Relation Name": "movie_keyword",
                      "Alias": "mk",
                      "Startup Cost": 0.0,
                      "Total Cost": 42695.65,
                      "Plan Rows": 840841,
                      "Plan Width": 4,
                      "Actual Startup Time": 0.035,
                      "Actual Total Time": 114.492,
                      "Actual Rows": 650607,
                      "Actual Loops": 4,
                      "Filter": "(keyword_id < 7008)",
                      "Rows Removed by Filter": 480376
                    },
                    {
                      "Node Type": "Hash",
                      "Parent Relationship": "Inner",
                      "Parallel Aware": true,
                      "Startup Cost": 71305.23,
                      "Total Cost": 71305.23,
                      "Plan Rows": 57574,
                      "Plan Width": 8,
                      "Actual Startup Time": 290.528,
                      "Actual Total Time": 290.532,
                      "Actual Rows": 56987,
                      "Actual Loops": 4,
                      "Hash Buckets": 262144,
                      "Original Hash Buckets": 262144,
                      "Hash Batches": 1,
                      "Original Hash Batches": 1,
                      "Peak Memory Usage": 11040,
                      "Plans": [
                        {
                          "Node Type": "Hash Join",
                          "Parent Relationship": "Outer",
                          "Parallel Aware": true,
                          "Join Type": "Inner",
                          "Startup Cost": 25640.41,
                          "Total Cost": 71305.23,
                          "Plan Rows": 57574,
                          "Plan Width": 8,
                          "Actual Startup Time": 185.2,
                          "Actual Total Time": 271.838,
                          "Actual Rows": 56987,
                          "Actual Loops": 4,
                          "Inner Unique": false,
                          "Hash Cond": "(t.id = mc.movie_id)",
                          "Plans": [
                            {
                              "Node Type": "Seq Scan",
                              "Parent Relationship": "Outer",
                              "Parallel Aware": true,
                              "Relation Name": "title",
                              "Alias": "t",
                              "Startup Cost": 0.0,
                              "Total Cost": 42318.73,
                              "Plan Rows": 632073,
                              "Plan Width": 4,
                              "Actual Startup Time": 0.013,
                              "Actual Total Time": 79.392,
                              "Actual Rows": 632078,
                              "Actual Loops": 4
                            },
                            {
                              "Node Type": "Hash",
                              "Parent Relationship": "Inner",
                              "Parallel Aware": true,
                              "Startup Cost": 24711.81,
                              "Total Cost": 24711.81,
                              "Plan Rows": 74288,
                              "Plan Width": 4,
                              "Actual Startup Time": 74.849,
                              "Actual Total Time": 74.85,
                              "Actual Rows": 56987,
                              "Actual Loops": 4,
                              "Hash Buckets": 262144,
                              "Original Hash Buckets": 262144,
                              "Hash Batches": 1,
                              "Original Hash Batches": 1,
                              "Peak Memory Usage": 11040,
                              "Plans": [
                                {
                                  "Node Type": "Bitmap Heap Scan",
                                  "Parent Relationship": "Outer",
                                  "Parallel Aware": true,
                                  "Relation Name": "movie_companies",
                                  "Alias": "mc",
                                  "Startup Cost": 4993.21,
                                  "Total Cost": 24711.81,
                                  "Plan Rows": 74288,
                                  "Plan Width": 4,
                                  "Actual Startup Time": 21.273,
                                  "Actual Total Time": 49.083,
                                  "Actual Rows": 56987,
                                  "Actual Loops": 4,
                                  "Recheck Cond": "(company_id > 105952)",
                                  "Rows Removed by Index Recheck": 0,
                                  "Exact Heap Blocks": 1602,
                                  "Lossy Heap Blocks": 0,
                                  "Plans": [
                                    {
                                      "Node Type": "Bitmap Index Scan",
                                      "Parent Relationship": "Outer",
                                      "Parallel Aware": false,
                                      "Index Name": "company_id_movie_companies",
                                      "Startup Cost": 0.0,
                                      "Total Cost": 4935.64,
                                      "Plan Rows": 230294,
                                      "Plan Width": 0,
                                      "Actual Startup Time": 20.479,
                                      "Actual Total Time": 20.479,
                                      "Actual Rows": 227949,
                                      "Actual Loops": 1,
                                      "Index Cond": "(company_id > 105952)"
                                    }
                                  ]
                                }
                              ]
                            }
                          ]
                        }
                      ]
                    }
                  ]
                }
              ]
            }
          ]
        }
      ]
    },
    "Planning Time": 1.482,
    "Triggers": [],
    "Execution Time": 539.999
  }
]