[
  {
    "Plan": {
      "Node Type": "Aggregate",
      "Strategy": "Plain",
      "Partial Mode": "Finalize",
      "Parallel Aware": false,
      "Startup Cost": 32703.59,
      "Total Cost": 32703.6,
      "Plan Rows": 1,
      "Plan Width": 8,
      "Actual Startup Time": 83.405,
      "Actual Total Time": 91.901,
      "Actual Rows": 1,
      "Actual Loops": 1,
      "Plans": [
        {
          "Node Type": "Gather",
          "Parent Relationship": "Outer",
          "Parallel Aware": false,
          "Startup Cost": 32703.28,
          "Total Cost": 32703.59,
          "Plan Rows": 3,
          "Plan Width": 8,
          "Actual Startup Time": 83.266,
          "Actual Total Time": 91.893,
          "Actual Rows": 4,
          "Actual Loops": 1,
          "Workers Planned": 3,
          "Workers Launched": 3,
          "Single Copy": false,
          "Plans": [
            {
              "Node Type": "Aggregate",
              "Strategy": "Plain",
              "Partial Mode": "Partial",
              "Parent Relationship": "Outer",
              "Parallel Aware": false,
              "Startup Cost": 31703.28,
              "Total Cost": 31703.29,
              "Plan Rows": 1,
              "Plan Width": 8,
              "Actual Startup Time": 79.66,
              "Actual Total Time": 79.661,
              "Actual Rows": 1,
              "Actual Loops": 4,
              "Plans": [
                {
                  "Node Type": "Seq Scan",
                  "Parent Relationship": "Outer",
                  "Parallel Aware": true,
                  "Relation Name": "movie_companies",
                  "Alias": "mc",
                  "Startup Cost": 0.0,
                  "Total Cost": 31414.82,
                  "Plan Rows": 115383,
                  "Plan Width": 0,
                  "Actual Startup Time": 35.446,
                  "Actual Total Time": 71.925,
                  "Actual Rows": 165562,
                  "Actual Loops": 4,
                  "Filter": "((company_id > 46452) AND (company_type_id > 1))",
                  "Rows Removed by Filter": 486721
                }
              ]
            }
          ]
        }
      ]
    },
    "Planning Time": 0.096,
    "Triggers": [],
    "Execution Time": 91.931
  }
]