[
  {
    "Plan": {
      "Node Type": "Aggregate",
      "Strategy": "Plain",
      "Partial Mode": "Finalize",
      "Parallel Aware": false,
      "Startup Cost": 32693.51,
      "Total Cost": 32693.52,
      "Plan Rows": 1,
      "Plan Width": 8,
      "Actual Startup Time": 95.982,
      "Actual Total Time": 104.541,
      "Actual Rows": 1,
      "Actual Loops": 1,
      "Plans": [
        {
          "Node Type": "Gather",
          "Parent Relationship": "Outer",
          "Parallel Aware": false,
          "Startup Cost": 32693.19,
          "Total Cost": 32693.5,
          "Plan Rows": 3,
          "Plan Width": 8,
          "Actual Startup Time": 95.873,
          "Actual Total Time": 104.533,
          "Actual Rows": 4,
          "Actual Loops": 1,
          "Workers Planned": 3,
          "Workers Launched": 3,
          "Single Copy": false,
          "Plans": [
            {
              "Node Type": "Aggregate",
              "Strategy": "Plain",
              "Partial Mode": "Partial",
              "Parent Relationship": "Outer",
              "Parallel Aware": false,
              "Startup Cost": 31693.19,
              "Total Cost": 31693.2,
              "Plan Rows": 1,
              "Plan Width": 8,
              "Actual Startup Time": 88.165,
              "Actual Total Time": 88.166,
              "Actual Rows": 1,
              "Actual Loops": 4,
              "Plans": [
                {
                  "Node Type": "Seq Scan",
                  "Parent Relationship": "Outer",
                  "Parallel Aware": true,
                  "Relation Name": "movie_companies",
                  "Alias": "mc",
                  "Startup Cost": 0.0,
                  "Total Cost": 31414.82,
                  "Plan Rows": 111349,
                  "Plan Width": 0,
                  "Actual Startup Time": 46.208,
                  "Actual Total Time": 80.985,
                  "Actual Rows": 165562,
                  "Actual Loops": 4,
                  "Filter": "((company_id > 46452) AND (company_type_id > 1))",
                  "Rows Removed by Filter": 486721
                }
              ]
            }
          ]
        }
      ]
    },
    "Planning Time": 0.212,
    "Triggers": [],
    "Execution Time": 104.595
  }
]