[
    {
        "Bao": {
            "Bao prediction": "NaN",
            "Bao recommended hint": "(no hint)"
        }
    },
    {
        "Plan": {
            "Node Type": "Aggregate",
            "Strategy": "Plain",
            "Partial Mode": "Finalize",
            "Parallel Aware": false,
            "Startup Cost": 251641.24,
            "Total Cost": 251641.25,
            "Plan Rows": 1,
            "Plan Width": 8,
            "Actual Startup Time": 2168.976,
            "Actual Total Time": 2229.593,
            "Actual Rows": 1,
            "Actual Loops": 1,
            "Output": [
                "count(*)"
            ],
            "Plans": [
                {
                    "Node Type": "Gather",
                    "Parent Relationship": "Outer",
                    "Parallel Aware": false,
                    "Startup Cost": 251640.82,
                    "Total Cost": 251641.23,
                    "Plan Rows": 4,
                    "Plan Width": 8,
                    "Actual Startup Time": 1957.782,
                    "Actual Total Time": 2229.565,
                    "Actual Rows": 5,
                    "Actual Loops": 1,
                    "Output": [
                        "(PARTIAL count(*))"
                    ],
                    "Workers Planned": 4,
                    "Workers Launched": 4,
                    "Single Copy": false,
                    "Plans": [
                        {
                            "Node Type": "Aggregate",
                            "Strategy": "Plain",
                            "Partial Mode": "Partial",
                            "Parent Relationship": "Outer",
                            "Parallel Aware": false,
                            "Startup Cost": 250640.82,
                            "Total Cost": 250640.83,
                            "Plan Rows": 1,
                            "Plan Width": 8,
                            "Actual Startup Time": 2026.332,
                            "Actual Total Time": 2026.337,
                            "Actual Rows": 1,
                            "Actual Loops": 5,
                            "Output": [
                                "PARTIAL count(*)"
                            ],
                            "Workers": [
                                {
                                    "Worker Number": 0,
                                    "Actual Startup Time": 2007.623,
                                    "Actual Total Time": 2007.626,
                                    "Actual Rows": 1,
                                    "Actual Loops": 1
                                },
                                {
                                    "Worker Number": 1,
                                    "Actual Startup Time": 2008.333,
                                    "Actual Total Time": 2008.335,
                                    "Actual Rows": 1,
                                    "Actual Loops": 1
                                },
                                {
                                    "Worker Number": 2,
                                    "Actual Startup Time": 2004.43,
                                    "Actual Total Time": 2004.433,
                                    "Actual Rows": 1,
                                    "Actual Loops": 1
                                },
                                {
                                    "Worker Number": 3,
                                    "Actual Startup Time": 2153.862,
                                    "Actual Total Time": 2153.866,
                                    "Actual Rows": 1,
                                    "Actual Loops": 1
                                }
                            ],
                            "Plans": [
                                {
                                    "Node Type": "Nested Loop",
                                    "Parent Relationship": "Outer",
                                    "Parallel Aware": false,
                                    "Join Type": "Inner",
                                    "Startup Cost": 124064.9,
                                    "Total Cost": 249582.56,
                                    "Plan Rows": 423305,
                                    "Plan Width": 0,
                                    "Actual Startup Time": 296.648,
                                    "Actual Total Time": 1969.341,
                                    "Actual Rows": 1181817,
                                    "Actual Loops": 5,
                                    "Inner Unique": false,
                                    "Workers": [
                                        {
                                            "Worker Number": 0,
                                            "Actual Startup Time": 295.452,
                                            "Actual Total Time": 1950.032,
                                            "Actual Rows": 1161971,
                                            "Actual Loops": 1
                                        },
                                        {
                                            "Worker Number": 1,
                                            "Actual Startup Time": 295.554,
                                            "Actual Total Time": 1951.329,
                                            "Actual Rows": 1160613,
                                            "Actual Loops": 1
                                        },
                                        {
                                            "Worker Number": 2,
                                            "Actual Startup Time": 296.221,
                                            "Actual Total Time": 1947.345,
                                            "Actual Rows": 1156963,
                                            "Actual Loops": 1
                                        },
                                        {
                                            "Worker Number": 3,
                                            "Actual Startup Time": 295.984,
                                            "Actual Total Time": 2100.198,
                                            "Actual Rows": 1074344,
                                            "Actual Loops": 1
                                        }
                                    ],
                                    "Plans": [
                                        {
                                            "Node Type": "Merge Join",
                                            "Parent Relationship": "Outer",
                                            "Parallel Aware": false,
                                            "Join Type": "Inner",
                                            "Startup Cost": 124064.33,
                                            "Total Cost": 127522.13,
                                            "Plan Rows": 30702,
                                            "Plan Width": 8,
                                            "Actual Startup Time": 296.571,
                                            "Actual Total Time": 380.912,
                                            "Actual Rows": 41976,
                                            "Actual Loops": 5,
                                            "Output": [
                                                "t.id",
                                                "mi_idx.movie_id"
                                            ],
                                            "Inner Unique": false,
                                            "Merge Cond": "(t.id = mi_idx.movie_id)",
                                            "Workers": [
                                                {
                                                    "Worker Number": 0,
                                                    "Actual Startup Time": 295.376,
                                                    "Actual Total Time": 379.834,
                                                    "Actual Rows": 41422,
                                                    "Actual Loops": 1
                                                },
                                                {
                                                    "Worker Number": 1,
                                                    "Actual Startup Time": 295.46,
                                                    "Actual Total Time": 378.812,
                                                    "Actual Rows": 41063,
                                                    "Actual Loops": 1
                                                },
                                                {
                                                    "Worker Number": 2,
                                                    "Actual Startup Time": 296.14,
                                                    "Actual Total Time": 379.974,
                                                    "Actual Rows": 41373,
                                                    "Actual Loops": 1
                                                },
                                                {
                                                    "Worker Number": 3,
                                                    "Actual Startup Time": 295.886,
                                                    "Actual Total Time": 381.258,
                                                    "Actual Rows": 37755,
                                                    "Actual Loops": 1
                                                }
                                            ],
                                            "Plans": [
                                                {
                                                    "Node Type": "Sort",
                                                    "Parent Relationship": "Outer",
                                                    "Parallel Aware": false,
                                                    "Startup Cost": 58464.58,
                                                    "Total Cost": 58884.18,
                                                    "Plan Rows": 167838,
                                                    "Plan Width": 4,
                                                    "Actual Startup Time": 106.158,
                                                    "Actual Total Time": 133.899,
                                                    "Actual Rows": 132332,
                                                    "Actual Loops": 5,
                                                    "Output": [
                                                        "t.id"
                                                    ],
                                                    "Sort Key": [
                                                        "t.id"
                                                    ],
                                                    "Sort Method": "quicksort",
                                                    "Sort Space Used": 13329,
                                                    "Sort Space Type": "Memory",
                                                    "Workers": [
                                                        {
                                                            "Worker Number": 0,
                                                            "Actual Startup Time": 103.27,
                                                            "Actual Total Time": 130.477,
                                                            "Actual Rows": 129768,
                                                            "Actual Loops": 1
                                                        },
                                                        {
                                                            "Worker Number": 1,
                                                            "Actual Startup Time": 103.476,
                                                            "Actual Total Time": 130.006,
                                                            "Actual Rows": 129860,
                                                            "Actual Loops": 1
                                                        },
                                                        {
                                                            "Worker Number": 2,
                                                            "Actual Startup Time": 103.587,
                                                            "Actual Total Time": 130.54,
                                                            "Actual Rows": 130209,
                                                            "Actual Loops": 1
                                                        },
                                                        {
                                                            "Worker Number": 3,
                                                            "Actual Startup Time": 102.279,
                                                            "Actual Total Time": 130.306,
                                                            "Actual Rows": 118878,
                                                            "Actual Loops": 1
                                                        }
                                                    ],
                                                    "Plans": [
                                                        {
                                                            "Node Type": "Seq Scan",
                                                            "Parent Relationship": "Outer",
                                                            "Parallel Aware": true,
                                                            "Relation Name": "title",
                                                            "Schema": "public",
                                                            "Alias": "t",
                                                            "Startup Cost": 0.0,
                                                            "Total Cost": 43899.01,
                                                            "Plan Rows": 167838,
                                                            "Plan Width": 4,
                                                            "Actual Startup Time": 34.626,
                                                            "Actual Total Time": 75.464,
                                                            "Actual Rows": 132565,
                                                            "Actual Loops": 5,
                                                            "Output": [
                                                                "t.id"
                                                            ],
                                                            "Filter": "(t.kind_id = 1)",
                                                            "Rows Removed by Filter": 373097,
                                                            "Workers": [
                                                                {
                                                                    "Worker Number": 0,
                                                                    "Actual Startup Time": 41.26,
                                                                    "Actual Total Time": 73.536,
                                                                    "Actual Rows": 129964,
                                                                    "Actual Loops": 1
                                                                },
                                                                {
                                                                    "Worker Number": 1,
                                                                    "Actual Startup Time": 41.422,
                                                                    "Actual Total Time": 73.767,
                                                                    "Actual Rows": 130097,
                                                                    "Actual Loops": 1
                                                                },
                                                                {
                                                                    "Worker Number": 2,
                                                                    "Actual Startup Time": 41.406,
                                                                    "Actual Total Time": 73.714,
                                                                    "Actual Rows": 130432,
                                                                    "Actual Loops": 1
                                                                },
                                                                {
                                                                    "Worker Number": 3,
                                                                    "Actual Startup Time": 41.625,
                                                                    "Actual Total Time": 74.704,
                                                                    "Actual Rows": 119062,
                                                                    "Actual Loops": 1
                                                                }
                                                            ]
                                                        }
                                                    ]
                                                },
                                                {
                                                    "Node Type": "Sort",
                                                    "Parent Relationship": "Inner",
                                                    "Parallel Aware": false,
                                                    "Startup Cost": 65599.72,
                                                    "Total Cost": 66755.96,
                                                    "Plan Rows": 462496,
                                                    "Plan Width": 4,
                                                    "Actual Startup Time": 176.021,
                                                    "Actual Total Time": 200.164,
                                                    "Actual Rows": 459925,
                                                    "Actual Loops": 5,
                                                    "Output": [
                                                        "mi_idx.movie_id"
                                                    ],
                                                    "Sort Key": [
                                                        "mi_idx.movie_id"
                                                    ],
                                                    "Sort Method": "quicksort",
                                                    "Sort Space Used": 33847,
                                                    "Sort Space Type": "Memory",
                                                    "Workers": [
                                                        {
                                                            "Worker Number": 0,
                                                            "Actual Startup Time": 177.7,
                                                            "Actual Total Time": 201.81,
                                                            "Actual Rows": 459925,
                                                            "Actual Loops": 1
                                                        },
                                                        {
                                                            "Worker Number": 1,
                                                            "Actual Startup Time": 177.628,
                                                            "Actual Total Time": 201.44,
                                                            "Actual Rows": 459925,
                                                            "Actual Loops": 1
                                                        },
                                                        {
                                                            "Worker Number": 2,
                                                            "Actual Startup Time": 178.144,
                                                            "Actual Total Time": 202.111,
                                                            "Actual Rows": 459925,
                                                            "Actual Loops": 1
                                                        },
                                                        {
                                                            "Worker Number": 3,
                                                            "Actual Startup Time": 179.223,
                                                            "Actual Total Time": 203.945,
                                                            "Actual Rows": 459925,
                                                            "Actual Loops": 1
                                                        }
                                                    ],
                                                    "Plans": [
                                                        {
                                                            "Node Type": "Bitmap Heap Scan",
                                                            "Parent Relationship": "Outer",
                                                            "Parallel Aware": false,
                                                            "Relation Name": "movie_info_idx",
                                                            "Schema": "public",
                                                            "Alias": "mi_idx",
                                                            "Startup Cost": 8364.77,
                                                            "Total Cost": 22080.97,
                                                            "Plan Rows": 462496,
                                                            "Plan Width": 4,
                                                            "Actual Startup Time": 21.991,
                                                            "Actual Total Time": 83.38,
                                                            "Actual Rows": 459925,
                                                            "Actual Loops": 5,
                                                            "Output": [
                                                                "mi_idx.movie_id"
                                                            ],
                                                            "Recheck Cond": "(mi_idx.info_type_id = 100)",
                                                            "Rows Removed by Index Recheck": 0,
                                                            "Exact Heap Blocks": 7934,
                                                            "Lossy Heap Blocks": 0,
                                                            "Workers": [
                                                                {
                                                                    "Worker Number": 0,
                                                                    "Actual Startup Time": 23.538,
                                                                    "Actual Total Time": 85.731,
                                                                    "Actual Rows": 459925,
                                                                    "Actual Loops": 1
                                                                },
                                                                {
                                                                    "Worker Number": 1,
                                                                    "Actual Startup Time": 23.561,
                                                                    "Actual Total Time": 85.634,
                                                                    "Actual Rows": 459925,
                                                                    "Actual Loops": 1
                                                                },
                                                                {
                                                                    "Worker Number": 2,
                                                                    "Actual Startup Time": 23.448,
                                                                    "Actual Total Time": 85.554,
                                                                    "Actual Rows": 459925,
                                                                    "Actual Loops": 1
                                                                },
                                                                {
                                                                    "Worker Number": 3,
                                                                    "Actual Startup Time": 24.813,
                                                                    "Actual Total Time": 87.401,
                                                                    "Actual Rows": 459925,
                                                                    "Actual Loops": 1
                                                                }
                                                            ],
                                                            "Plans": [
                                                                {
                                                                    "Node Type": "Bitmap Index Scan",
                                                                    "Parent Relationship": "Outer",
                                                                    "Parallel Aware": false,
                                                                    "Index Name": "info_type_id_movie_info_idx",
                                                                    "Startup Cost": 0.0,
                                                                    "Total Cost": 8249.15,
                                                                    "Plan Rows": 462496,
                                                                    "Plan Width": 0,
                                                                    "Actual Startup Time": 21.052,
                                                                    "Actual Total Time": 21.052,
                                                                    "Actual Rows": 459925,
                                                                    "Actual Loops": 5,
                                                                    "Index Cond": "(mi_idx.info_type_id = 100)",
                                                                    "Workers": [
                                                                        {
                                                                            "Worker Number": 0,
                                                                            "Actual Startup Time": 22.595,
                                                                            "Actual Total Time": 22.595,
                                                                            "Actual Rows": 459925,
                                                                            "Actual Loops": 1
                                                                        },
                                                                        {
                                                                            "Worker Number": 1,
                                                                            "Actual Startup Time": 22.612,
                                                                            "Actual Total Time": 22.612,
                                                                            "Actual Rows": 459925,
                                                                            "Actual Loops": 1
                                                                        },
                                                                        {
                                                                            "Worker Number": 2,
                                                                            "Actual Startup Time": 22.506,
                                                                            "Actual Total Time": 22.507,
                                                                            "Actual Rows": 459925,
                                                                            "Actual Loops": 1
                                                                        },
                                                                        {
                                                                            "Worker Number": 3,
                                                                            "Actual Startup Time": 23.867,
                                                                            "Actual Total Time": 23.868,
                                                                            "Actual Rows": 459925,
                                                                            "Actual Loops": 1
                                                                        }
                                                                    ]
                                                                }
                                                            ]
                                                        }
                                                    ]
                                                }
                                            ]
                                        },
                                        {
                                            "Node Type": "Index Scan",
                                            "Parent Relationship": "Inner",
                                            "Parallel Aware": false,
                                            "Scan Direction": "Forward",
                                            "Index Name": "movie_id_cast_info",
                                            "Relation Name": "cast_info",
                                            "Schema": "public",
                                            "Alias": "ci",
                                            "Startup Cost": 0.56,
                                            "Total Cost": 3.61,
                                            "Plan Rows": 37,
                                            "Plan Width": 4,
                                            "Actual Startup Time": 0.007,
                                            "Actual Total Time": 0.036,
                                            "Actual Rows": 28,
                                            "Actual Loops": 209880,
                                            "Output": [
                                                "ci.id",
                                                "ci.person_id",
                                                "ci.movie_id",
                                                "ci.person_role_id",
                                                "ci.note",
                                                "ci.nr_order",
                                                "ci.role_id"
                                            ],
                                            "Index Cond": "(ci.movie_id = t.id)",
                                            "Rows Removed by Index Recheck": 0,
                                            "Filter": "(ci.person_id < 3772625)",
                                            "Rows Removed by Filter": 1,
                                            "Workers": [
                                                {
                                                    "Worker Number": 0,
                                                    "Actual Startup Time": 0.007,
                                                    "Actual Total Time": 0.036,
                                                    "Actual Rows": 28,
                                                    "Actual Loops": 41422
                                                },
                                                {
                                                    "Worker Number": 1,
                                                    "Actual Startup Time": 0.007,
                                                    "Actual Total Time": 0.036,
                                                    "Actual Rows": 28,
                                                    "Actual Loops": 41063
                                                },
                                                {
                                                    "Worker Number": 2,
                                                    "Actual Startup Time": 0.007,
                                                    "Actual Total Time": 0.036,
                                                    "Actual Rows": 28,
                                                    "Actual Loops": 41373
                                                },
                                                {
                                                    "Worker Number": 3,
                                                    "Actual Startup Time": 0.008,
                                                    "Actual Total Time": 0.043,
                                                    "Actual Rows": 28,
                                                    "Actual Loops": 37755
                                                }
                                            ]
                                        }
                                    ]
                                }
                            ]
                        }
                    ]
                }
            ]
        },
        "Planning Time": 173.935,
        "Triggers": [],
        "Execution Time": 2235.567
    }
]