[
  {
    "Plan": {
      "Node Type": "Aggregate",
      "Strategy": "Plain",
      "Partial Mode": "Finalize",
      "Parallel Aware": false,
      "Startup Cost": 151020.0,
      "Total Cost": 151020.01,
      "Plan Rows": 1,
      "Plan Width": 8,
      "Actual Startup Time": 1927.173,
      "Actual Total Time": 2007.948,
      "Actual Rows": 1,
      "Actual Loops": 1,
      "Plans": [
        {
          "Node Type": "Gather",
          "Parent Relationship": "Outer",
          "Parallel Aware": false,
          "Startup Cost": 151019.69,
          "Total Cost": 151020.0,
          "Plan Rows": 3,
          "Plan Width": 8,
          "Actual Startup Time": 1925.674,
          "Actual Total Time": 2007.937,
          "Actual Rows": 4,
          "Actual Loops": 1,
          "Workers Planned": 3,
          "Workers Launched": 3,
          "Single Copy": false,
          "Plans": [
            {
              "Node Type": "Aggregate",
              "Strategy": "Plain",
              "Partial Mode": "Partial",
              "Parent Relationship": "Outer",
              "Parallel Aware": false,
              "Startup Cost": 150019.69,
              "Total Cost": 150019.7,
              "Plan Rows": 1,
              "Plan Width": 8,
              "Actual Startup Time": 1916.386,
              "Actual Total Time": 1916.39,
              "Actual Rows": 1,
              "Actual Loops": 4,
              "Plans": [
                {
                  "Node Type": "Nested Loop",
                  "Parent Relationship": "Outer",
                  "Parallel Aware": false,
                  "Join Type": "Inner",
                  "Startup Cost": 45911.04,
                  "Total Cost": 149666.8,
                  "Plan Rows": 141156,
                  "Plan Width": 0,
                  "Actual Startup Time": 155.428,
                  "Actual Total Time": 1874.867,
                  "Actual Rows": 819453,
                  "Actual Loops": 4,
                  "Inner Unique": false,
                  "Join Filter": "(t.id = ci.movie_id)",
                  "Rows Removed by Join Filter": 0,
                  "Plans": [
                    {
                      "Node Type": "Hash Join",
                      "Parent Relationship": "Outer",
                      "Parallel Aware": true,
                      "Join Type": "Inner",
                      "Startup Cost": 45910.47,
                      "Total Cost": 89653.12,
                      "Plan Rows": 21777,
                      "Plan Width": 8,
                      "Actual Startup Time": 155.23,
                      "Actual Total Time": 282.74,
                      "Actual Rows": 78106,
                      "Actual Loops": 4,
                      "Inner Unique": true,
                      "Hash Cond": "(mk.movie_id = t.id)",
                      "Plans": [
                        {
                          "Node Type": "Seq Scan",
                          "Parent Relationship": "Outer",
                          "Parallel Aware": true,
                          "Relation Name": "movie_keyword",
                          "Alias": "mk",
                          "Startup Cost": 0.0,
                          "Total Cost": 42695.65,
                          "Plan Rows": 398853,
                          "Plan Width": 4,
                          "Actual Startup Time": 1.066,
                          "Actual Total Time": 99.522,
                          "Actual Rows": 311106,
                          "Actual Loops": 4,
                          "Filter": "(keyword_id > 14526)",
                          "Rows Removed by Filter": 819876
                        },
                        {
                          "Node Type": "Hash",
                          "Parent Relationship": "Inner",
                          "Parallel Aware": true,
                          "Startup Cost": 45479.1,
                          "Total Cost": 45479.1,
                          "Plan Rows": 34510,
                          "Plan Width": 4,
                          "Actual Startup Time": 128.135,
                          "Actual Total Time": 128.136,
                          "Actual Rows": 69598,
                          "Actual Loops": 4,
                          "Hash Buckets": 524288,
                          "Original Hash Buckets": 262144,
                          "Hash Batches": 1,
                          "Original Hash Batches": 1,
                          "Peak Memory Usage": 17088,
                          "Plans": [
                            {
                              "Node Type": "Seq Scan",
                              "Parent Relationship": "Outer",
                              "Parallel Aware": true,
                              "Relation Name": "title",
                              "Alias": "t",
                              "Startup Cost": 0.0,
                              "Total Cost": 45479.1,
                              "Plan Rows": 34510,
                              "Plan Width": 4,
                              "Actual Startup Time": 59.888,
                              "Actual Total Time": 100.315,
                              "Actual Rows": 69598,
                              "Actual Loops": 4,
                              "Filter": "((production_year < 1982) AND (kind_id = 1))",
                              "Rows Removed by Filter": 562480
                            }
                          ]
                        }
                      ]
                    },
                    {
                      "Node Type": "Index Scan",
                      "Parent Relationship": "Inner",
                      "Parallel Aware": false,
                      "Scan Direction": "Forward",
                      "Index Name": "movie_id_cast_info",
                      "Relation Name": "cast_info",
                      "Alias": "ci",
                      "Startup Cost": 0.56,
                      "Total Cost": 2.54,
                      "Plan Rows": 17,
                      "Plan Width": 4,
                      "Actual Startup Time": 0.014,
                      "Actual Total Time": 0.019,
                      "Actual Rows": 10,
                      "Actual Loops": 312423,
                      "Index Cond": "(movie_id = mk.movie_id)",
                      "Rows Removed by Index Recheck": 0,
                      "Filter": "(role_id > 2)",
                      "Rows Removed by Filter": 25
                    }
                  ]
                }
              ]
            }
          ]
        }
      ]
    },
    "Planning Time": 1.352,
    "Triggers": [],
    "Execution Time": 2008.058
  }
]