[
  {
    "Plan": {
      "Node Type": "Aggregate",
      "Strategy": "Plain",
      "Partial Mode": "Finalize",
      "Parallel Aware": false,
      "Startup Cost": 32963.7,
      "Total Cost": 32963.71,
      "Plan Rows": 1,
      "Plan Width": 8,
      "Actual Startup Time": 71.057,
      "Actual Total Time": 79.644,
      "Actual Rows": 1,
      "Actual Loops": 1,
      "Plans": [
        {
          "Node Type": "Gather",
          "Parent Relationship": "Outer",
          "Parallel Aware": false,
          "Startup Cost": 32963.38,
          "Total Cost": 32963.69,
          "Plan Rows": 3,
          "Plan Width": 8,
          "Actual Startup Time": 70.955,
          "Actual Total Time": 79.635,
          "Actual Rows": 4,
          "Actual Loops": 1,
          "Workers Planned": 3,
          "Workers Launched": 3,
          "Single Copy": false,
          "Plans": [
            {
              "Node Type": "Aggregate",
              "Strategy": "Plain",
              "Partial Mode": "Partial",
              "Parent Relationship": "Outer",
              "Parallel Aware": false,
              "Startup Cost": 31963.38,
              "Total Cost": 31963.39,
              "Plan Rows": 1,
              "Plan Width": 8,
              "Actual Startup Time": 67.924,
              "Actual Total Time": 67.925,
              "Actual Rows": 1,
              "Actual Loops": 4,
              "Plans": [
                {
                  "Node Type": "Seq Scan",
                  "Parent Relationship": "Outer",
                  "Parallel Aware": true,
                  "Relation Name": "movie_companies",
                  "Alias": "mc",
                  "Startup Cost": 0.0,
                  "Total Cost": 31414.82,
                  "Plan Rows": 219425,
                  "Plan Width": 0,
                  "Actual Startup Time": 33.599,
                  "Actual Total Time": 63.337,
                  "Actual Rows": 109471,
                  "Actual Loops": 4,
                  "Filter": "((company_id < 11453) AND (company_type_id = 2))",
                  "Rows Removed by Filter": 542811
                }
              ]
            }
          ]
        }
      ]
    },
    "Planning Time": 0.086,
    "Triggers": [],
    "Execution Time": 79.669
  }
]