{
  "Plan": {
    "Node Type": "Aggregate",
    "Strategy": "Plain",
    "Partial Mode": "Finalize",
    "Parallel Aware": false,
    "Startup Cost": 24473.42,
    "Total Cost": 24473.43,
    "Plan Rows": 1,
    "Plan Width": 8,
    "Actual Startup Time": 33.123,
    "Actual Total Time": 37.836,
    "Actual Rows": 1,
    "Actual Loops": 1,
    "Plans": [
      {
        "Node Type": "Gather",
        "Parent Relationship": "Outer",
        "Parallel Aware": false,
        "Startup Cost": 24473.31,
        "Total Cost": 24473.42,
        "Plan Rows": 1,
        "Plan Width": 8,
        "Actual Startup Time": 33.018,
        "Actual Total Time": 37.829,
        "Actual Rows": 2,
        "Actual Loops": 1,
        "Workers Planned": 1,
        "Workers Launched": 1,
        "Single Copy": false,
        "Plans": [
          {
            "Node Type": "Aggregate",
            "Strategy": "Plain",
            "Partial Mode": "Partial",
            "Parent Relationship": "Outer",
            "Parallel Aware": false,
            "Startup Cost": 23473.31,
            "Total Cost": 23473.32,
            "Plan Rows": 1,
            "Plan Width": 8,
            "Actual Startup Time": 26.967,
            "Actual Total Time": 26.968,
            "Actual Rows": 1,
            "Actual Loops": 2,
            "Plans": [
              {
                "Node Type": "Nested Loop",
                "Parent Relationship": "Outer",
                "Parallel Aware": false,
                "Join Type": "Inner",
                "Startup Cost": 74.47,
                "Total Cost": 23471.51,
                "Plan Rows": 722,
                "Plan Width": 0,
                "Actual Startup Time": 9.967,
                "Actual Total Time": 26.933,
                "Actual Rows": 104,
                "Actual Loops": 2,
                "Inner Unique": true,
                "Plans": [
                  {
                    "Node Type": "Bitmap Heap Scan",
                    "Parent Relationship": "Outer",
                    "Parallel Aware": true,
                    "Relation Name": "movie_companies",
                    "Alias": "mc",
                    "Startup Cost": 74.04,
                    "Total Cost": 8585.64,
                    "Plan Rows": 1944,
                    "Plan Width": 4,
                    "Actual Startup Time": 2.174,
                    "Actual Total Time": 8.238,
                    "Actual Rows": 1764,
                    "Actual Loops": 2,
                    "Recheck Cond": "(company_id = 419)",
                    "Rows Removed by Index Recheck": 0,
                    "Exact Heap Blocks": 2059,
                    "Lossy Heap Blocks": 0,
                    "Plans": [
                      {
                        "Node Type": "Bitmap Index Scan",
                        "Parent Relationship": "Outer",
                        "Parallel Aware": false,
                        "Index Name": "company_id_movie_companies",
                        "Startup Cost": 0.0,
                        "Total Cost": 73.22,
                        "Plan Rows": 3305,
                        "Plan Width": 0,
                        "Actual Startup Time": 3.078,
                        "Actual Total Time": 3.079,
                        "Actual Rows": 3529,
                        "Actual Loops": 1,
                        "Index Cond": "(company_id = 419)"
                      }
                    ]
                  },
                  {
                    "Node Type": "Index Scan",
                    "Parent Relationship": "Inner",
                    "Parallel Aware": false,
                    "Scan Direction": "Forward",
                    "Index Name": "title_pkey",
                    "Relation Name": "title",
                    "Alias": "t",
                    "Startup Cost": 0.43,
                    "Total Cost": 7.66,
                    "Plan Rows": 1,
                    "Plan Width": 4,
                    "Actual Startup Time": 0.01,
                    "Actual Total Time": 0.01,
                    "Actual Rows": 0,
                    "Actual Loops": 3529,
                    "Index Cond": "(id = mc.movie_id)",
                    "Rows Removed by Index Recheck": 0,
                    "Filter": "((production_year < 2007) AND (kind_id = 7))",
                    "Rows Removed by Filter": 1
                  }
                ]
              }
            ]
          }
        ]
      }
    ]
  },
  "Planning Time": 0.663,
  "Triggers": [],
  "Execution Time": 37.924
}