{
    "Plan": {
        "Node Type": "Aggregate",
        "Strategy": "Plain",
        "Partial Mode": "Simple",
        "Parallel Aware": false,
        "Startup Cost": 30003176721.85,
        "Total Cost": 30003176721.86,
        "Plan Rows": 1,
        "Plan Width": 64,
        "Actual Startup Time": 15335.787,
        "Actual Total Time": 15335.919,
        "Actual Rows": 1,
        "Actual Loops": 1,
        "Output": [
            "min((kt.kind)::text)",
            "min(t.title)"
        ],
        "Plans": [
            {
                "Node Type": "Nested Loop",
                "Parent Relationship": "Outer",
                "Parallel Aware": false,
                "Join Type": "Inner",
                "Startup Cost": 30003176705.74,
                "Total Cost": 30003176721.84,
                "Plan Rows": 1,
                "Plan Width": 27,
                "Actual Startup Time": 15335.782,
                "Actual Total Time": 15335.914,
                "Actual Rows": 0,
                "Actual Loops": 1,
                "Output": [
                    "kt.kind",
                    "t.title"
                ],
                "Inner Unique": true,
                "Plans": [
                    {
                        "Node Type": "Merge Join",
                        "Parent Relationship": "Outer",
                        "Parallel Aware": false,
                        "Join Type": "Inner",
                        "Startup Cost": 20003176705.31,
                        "Total Cost": 20003176717.4,
                        "Plan Rows": 1,
                        "Plan Width": 31,
                        "Actual Startup Time": 15335.771,
                        "Actual Total Time": 15335.901,
                        "Actual Rows": 0,
                        "Actual Loops": 1,
                        "Output": [
                            "mc.company_id",
                            "t.title",
                            "kt.kind"
                        ],
                        "Inner Unique": false,
                        "Merge Cond": "(ct.id = mc.company_type_id)",
                        "Plans": [
                            {
                                "Node Type": "Index Scan",
                                "Parent Relationship": "Outer",
                                "Parallel Aware": false,
                                "Scan Direction": "Forward",
                                "Index Name": "company_type_pkey",
                                "Relation Name": "company_type",
                                "Schema": "public",
                                "Alias": "ct",
                                "Startup Cost": 0.13,
                                "Total Cost": 12.19,
                                "Plan Rows": 4,
                                "Plan Width": 4,
                                "Actual Startup Time": 0.008,
                                "Actual Total Time": 0.009,
                                "Actual Rows": 1,
                                "Actual Loops": 1,
                                "Output": [
                                    "ct.id",
                                    "ct.kind"
                                ]
                            },
                            {
                                "Node Type": "Sort",
                                "Parent Relationship": "Inner",
                                "Parallel Aware": false,
                                "Startup Cost": 20003176705.18,
                                "Total Cost": 20003176705.18,
                                "Plan Rows": 1,
                                "Plan Width": 35,
                                "Actual Startup Time": 15335.76,
                                "Actual Total Time": 15335.89,
                                "Actual Rows": 0,
                                "Actual Loops": 1,
                                "Output": [
                                    "mc.company_id",
                                    "mc.company_type_id",
                                    "t.title",
                                    "kt.kind"
                                ],
                                "Sort Key": [
                                    "mc.company_type_id"
                                ],
                                "Sort Method": "quicksort",
                                "Sort Space Used": 25,
                                "Sort Space Type": "Memory",
                                "Plans": [
                                    {
                                        "Node Type": "Merge Join",
                                        "Parent Relationship": "Outer",
                                        "Parallel Aware": false,
                                        "Join Type": "Inner",
                                        "Startup Cost": 20003176691.15,
                                        "Total Cost": 20003176705.17,
                                        "Plan Rows": 1,
                                        "Plan Width": 35,
                                        "Actual Startup Time": 15335.757,
                                        "Actual Total Time": 15335.886,
                                        "Actual Rows": 0,
                                        "Actual Loops": 1,
                                        "Output": [
                                            "mc.company_id",
                                            "mc.company_type_id",
                                            "t.title",
                                            "kt.kind"
                                        ],
                                        "Inner Unique": true,
                                        "Merge Cond": "(mi.info_type_id = it1.id)",
                                        "Plans": [
                                            {
                                                "Node Type": "Sort",
                                                "Parent Relationship": "Outer",
                                                "Parallel Aware": false,
                                                "Startup Cost": 20003176691.01,
                                                "Total Cost": 20003176691.02,
                                                "Plan Rows": 6,
                                                "Plan Width": 39,
                                                "Actual Startup Time": 15335.755,
                                                "Actual Total Time": 15335.884,
                                                "Actual Rows": 0,
                                                "Actual Loops": 1,
                                                "Output": [
                                                    "mc.company_id",
                                                    "mc.company_type_id",
                                                    "mi.info_type_id",
                                                    "t.title",
                                                    "kt.kind"
                                                ],
                                                "Sort Key": [
                                                    "mi.info_type_id"
                                                ],
                                                "Sort Method": "quicksort",
                                                "Sort Space Used": 25,
                                                "Sort Space Type": "Memory",
                                                "Plans": [
                                                    {
                                                        "Node Type": "Nested Loop",
                                                        "Parent Relationship": "Outer",
                                                        "Parallel Aware": false,
                                                        "Join Type": "Inner",
                                                        "Startup Cost": 20002501870.58,
                                                        "Total Cost": 20003176690.93,
                                                        "Plan Rows": 6,
                                                        "Plan Width": 39,
                                                        "Actual Startup Time": 15335.751,
                                                        "Actual Total Time": 15335.879,
                                                        "Actual Rows": 0,
                                                        "Actual Loops": 1,
                                                        "Output": [
                                                            "mc.company_id",
                                                            "mc.company_type_id",
                                                            "mi.info_type_id",
                                                            "t.title",
                                                            "kt.kind"
                                                        ],
                                                        "Inner Unique": true,
                                                        "Plans": [
                                                            {
                                                                "Node Type": "Nested Loop",
                                                                "Parent Relationship": "Outer",
                                                                "Parallel Aware": false,
                                                                "Join Type": "Inner",
                                                                "Startup Cost": 20002501870.45,
                                                                "Total Cost": 20003176687.57,
                                                                "Plan Rows": 22,
                                                                "Plan Width": 43,
                                                                "Actual Startup Time": 15335.75,
                                                                "Actual Total Time": 15335.878,
                                                                "Actual Rows": 0,
                                                                "Actual Loops": 1,
                                                                "Output": [
                                                                    "cc.status_id",
                                                                    "mc.company_id",
                                                                    "mc.company_type_id",
                                                                    "mi.info_type_id",
                                                                    "t.title",
                                                                    "kt.kind"
                                                                ],
                                                                "Inner Unique": true,
                                                                "Plans": [
                                                                    {
                                                                        "Node Type": "Hash Join",
                                                                        "Parent Relationship": "Outer",
                                                                        "Parallel Aware": false,
                                                                        "Join Type": "Inner",
                                                                        "Startup Cost": 10002501870.02,
                                                                        "Total Cost": 10003176589.87,
                                                                        "Plan Rows": 22,
                                                                        "Plan Width": 47,
                                                                        "Actual Startup Time": 15335.749,
                                                                        "Actual Total Time": 15335.876,
                                                                        "Actual Rows": 0,
                                                                        "Actual Loops": 1,
                                                                        "Output": [
                                                                            "cc.status_id",
                                                                            "mc.company_id",
                                                                            "mc.company_type_id",
                                                                            "mi.info_type_id",
                                                                            "mk.keyword_id",
                                                                            "t.title",
                                                                            "kt.kind"
                                                                        ],
                                                                        "Inner Unique": false,
                                                                        "Hash Cond": "(t.id = mi.movie_id)",
                                                                        "Plans": [
                                                                            {
                                                                                "Node Type": "Hash Join",
                                                                                "Parent Relationship": "Outer",
                                                                                "Parallel Aware": false,
                                                                                "Join Type": "Inner",
                                                                                "Startup Cost": 10001576391.64,
                                                                                "Total Cost": 10002248500.72,
                                                                                "Plan Rows": 17700,
                                                                                "Plan Width": 51,
                                                                                "Actual Startup Time": 14168.315,
                                                                                "Actual Total Time": 14574.734,
                                                                                "Actual Rows": 123868,
                                                                                "Actual Loops": 1,
                                                                                "Output": [
                                                                                    "kt.kind",
                                                                                    "t.title",
                                                                                    "t.id",
                                                                                    "mc.movie_id",
                                                                                    "mc.company_id",
                                                                                    "mc.company_type_id",
                                                                                    "mk.movie_id",
                                                                                    "mk.keyword_id"
                                                                                ],
                                                                                "Inner Unique": false,
                                                                                "Hash Cond": "(t.kind_id = kt.id)",
                                                                                "Plans": [
                                                                                    {
                                                                                        "Node Type": "Hash Join",
                                                                                        "Parent Relationship": "Outer",
                                                                                        "Parallel Aware": false,
                                                                                        "Join Type": "Inner",
                                                                                        "Startup Cost": 10001576390.54,
                                                                                        "Total Cost": 10002245148.09,
                                                                                        "Plan Rows": 647194,
                                                                                        "Plan Width": 45,
                                                                                        "Actual Startup Time": 13479.637,
                                                                                        "Actual Total Time": 14556.741,
                                                                                        "Actual Rows": 155657,
                                                                                        "Actual Loops": 1,
                                                                                        "Output": [
                                                                                            "mc.movie_id",
                                                                                            "mc.company_id",
                                                                                            "mc.company_type_id",
                                                                                            "mk.movie_id",
                                                                                            "mk.keyword_id",
                                                                                            "t.title",
                                                                                            "t.kind_id",
                                                                                            "t.id"
                                                                                        ],
                                                                                        "Inner Unique": false,
                                                                                        "Hash Cond": "(t.id = mk.movie_id)",
                                                                                        "Plans": [
                                                                                            {
                                                                                                "Node Type": "Index Scan",
                                                                                                "Parent Relationship": "Outer",
                                                                                                "Parallel Aware": false,
                                                                                                "Scan Direction": "Forward",
                                                                                                "Index Name": "title_pkey",
                                                                                                "Relation Name": "title",
                                                                                                "Schema": "public",
                                                                                                "Alias": "t",
                                                                                                "Startup Cost": 10000000000.43,
                                                                                                "Total Cost": 10000116662.9,
                                                                                                "Plan Rows": 67102,
                                                                                                "Plan Width": 25,
                                                                                                "Actual Startup Time": 0.116,
                                                                                                "Actual Total Time": 1022.698,
                                                                                                "Actual Rows": 67342,
                                                                                                "Actual Loops": 1,
                                                                                                "Output": [
                                                                                                    "t.id",
                                                                                                    "t.title",
                                                                                                    "t.imdb_index",
                                                                                                    "t.kind_id",
                                                                                                    "t.production_year",
                                                                                                    "t.imdb_id",
                                                                                                    "t.phonetic_code",
                                                                                                    "t.episode_of_id",
                                                                                                    "t.season_nr",
                                                                                                    "t.episode_nr",
                                                                                                    "t.series_years",
                                                                                                    "t.md5sum"
                                                                                                ],
                                                                                                "Filter": "(t.production_year > 2012)",
                                                                                                "Rows Removed by Filter": 2460970
                                                                                            },
                                                                                            {
                                                                                                "Node Type": "Hash",
                                                                                                "Parent Relationship": "Inner",
                                                                                                "Parallel Aware": false,
                                                                                                "Startup Cost": 1271571.77,
                                                                                                "Total Cost": 1271571.77,
                                                                                                "Plan Rows": 24385467,
                                                                                                "Plan Width": 20,
                                                                                                "Actual Startup Time": 13349.478,
                                                                                                "Actual Total Time": 13349.482,
                                                                                                "Actual Rows": 34863638,
                                                                                                "Actual Loops": 1,
                                                                                                "Output": [
                                                                                                    "mc.movie_id",
                                                                                                    "mc.company_id",
                                                                                                    "mc.company_type_id",
                                                                                                    "mk.movie_id",
                                                                                                    "mk.keyword_id"
                                                                                                ],
                                                                                                "Hash Buckets": 67108864,
                                                                                                "Original Hash Buckets": 33554432,
                                                                                                "Hash Batches": 1,
                                                                                                "Original Hash Batches": 1,
                                                                                                "Peak Memory Usage": 2294708,
                                                                                                "Plans": [
                                                                                                    {
                                                                                                        "Node Type": "Merge Join",
                                                                                                        "Parent Relationship": "Outer",
                                                                                                        "Parallel Aware": false,
                                                                                                        "Join Type": "Inner",
                                                                                                        "Startup Cost": 892746.9,
                                                                                                        "Total Cost": 1271571.77,
                                                                                                        "Plan Rows": 24385467,
                                                                                                        "Plan Width": 20,
                                                                                                        "Actual Startup Time": 1928.462,
                                                                                                        "Actual Total Time": 7279.397,
                                                                                                        "Actual Rows": 34863638,
                                                                                                        "Actual Loops": 1,
                                                                                                        "Output": [
                                                                                                            "mc.movie_id",
                                                                                                            "mc.company_id",
                                                                                                            "mc.company_type_id",
                                                                                                            "mk.movie_id",
                                                                                                            "mk.keyword_id"
                                                                                                        ],
                                                                                                        "Inner Unique": false,
                                                                                                        "Merge Cond": "(mc.movie_id = mk.movie_id)",
                                                                                                        "Plans": [
                                                                                                            {
                                                                                                                "Node Type": "Sort",
                                                                                                                "Parent Relationship": "Outer",
                                                                                                                "Parallel Aware": false,
                                                                                                                "Startup Cost": 322951.0,
                                                                                                                "Total Cost": 329473.82,
                                                                                                                "Plan Rows": 2609129,
                                                                                                                "Plan Width": 12,
                                                                                                                "Actual Startup Time": 752.153,
                                                                                                                "Actual Total Time": 900.905,
                                                                                                                "Actual Rows": 2609129,
                                                                                                                "Actual Loops": 1,
                                                                                                                "Output": [
                                                                                                                    "mc.movie_id",
                                                                                                                    "mc.company_id",
                                                                                                                    "mc.company_type_id"
                                                                                                                ],
                                                                                                                "Sort Key": [
                                                                                                                    "mc.movie_id"
                                                                                                                ],
                                                                                                                "Sort Method": "quicksort",
                                                                                                                "Sort Space Used": 220607,
                                                                                                                "Sort Space Type": "Memory",
                                                                                                                "Plans": [
                                                                                                                    {
                                                                                                                        "Node Type": "Seq Scan",
                                                                                                                        "Parent Relationship": "Outer",
                                                                                                                        "Parallel Aware": false,
                                                                                                                        "Relation Name": "movie_companies",
                                                                                                                        "Schema": "public",
                                                                                                                        "Alias": "mc",
                                                                                                                        "Startup Cost": 0.0,
                                                                                                                        "Total Cost": 44881.29,
                                                                                                                        "Plan Rows": 2609129,
                                                                                                                        "Plan Width": 12,
                                                                                                                        "Actual Startup Time": 0.021,
                                                                                                                        "Actual Total Time": 258.555,
                                                                                                                        "Actual Rows": 2609129,
                                                                                                                        "Actual Loops": 1,
                                                                                                                        "Output": [
                                                                                                                            "mc.movie_id",
                                                                                                                            "mc.company_id",
                                                                                                                            "mc.company_type_id"
                                                                                                                        ]
                                                                                                                    }
                                                                                                                ]
                                                                                                            },
                                                                                                            {
                                                                                                                "Node Type": "Sort",
                                                                                                                "Parent Relationship": "Inner",
                                                                                                                "Parallel Aware": false,
                                                                                                                "Startup Cost": 569794.43,
                                                                                                                "Total Cost": 581104.25,
                                                                                                                "Plan Rows": 4523930,
                                                                                                                "Plan Width": 8,
                                                                                                                "Actual Startup Time": 1176.293,
                                                                                                                "Actual Total Time": 2491.721,
                                                                                                                "Actual Rows": 35338247,
                                                                                                                "Actual Loops": 1,
                                                                                                                "Output": [
                                                                                                                    "mk.movie_id",
                                                                                                                    "mk.keyword_id"
                                                                                                                ],
                                                                                                                "Sort Key": [
                                                                                                                    "mk.movie_id"
                                                                                                                ],
                                                                                                                "Sort Method": "quicksort",
                                                                                                                "Sort Space Used": 408668,
                                                                                                                "Sort Space Type": "Memory",
                                                                                                                "Plans": [
                                                                                                                    {
                                                                                                                        "Node Type": "Seq Scan",
                                                                                                                        "Parent Relationship": "Outer",
                                                                                                                        "Parallel Aware": false,
                                                                                                                        "Relation Name": "movie_keyword",
                                                                                                                        "Schema": "public",
                                                                                                                        "Alias": "mk",
                                                                                                                        "Startup Cost": 0.0,
                                                                                                                        "Total Cost": 69693.3,
                                                                                                                        "Plan Rows": 4523930,
                                                                                                                        "Plan Width": 8,
                                                                                                                        "Actual Startup Time": 0.023,
                                                                                                                        "Actual Total Time": 393.347,
                                                                                                                        "Actual Rows": 4523930,
                                                                                                                        "Actual Loops": 1,
                                                                                                                        "Output": [
                                                                                                                            "mk.movie_id",
                                                                                                                            "mk.keyword_id"
                                                                                                                        ]
                                                                                                                    }
                                                                                                                ]
                                                                                                            }
                                                                                                        ]
                                                                                                    }
                                                                                                ]
                                                                                            }
                                                                                        ]
                                                                                    },
                                                                                    {
                                                                                        "Node Type": "Hash",
                                                                                        "Parent Relationship": "Inner",
                                                                                        "Parallel Aware": false,
                                                                                        "Startup Cost": 1.09,
                                                                                        "Total Cost": 1.09,
                                                                                        "Plan Rows": 1,
                                                                                        "Plan Width": 14,
                                                                                        "Actual Startup Time": 0.021,
                                                                                        "Actual Total Time": 0.022,
                                                                                        "Actual Rows": 1,
                                                                                        "Actual Loops": 1,
                                                                                        "Output": [
                                                                                            "kt.kind",
                                                                                            "kt.id"
                                                                                        ],
                                                                                        "Hash Buckets": 1024,
                                                                                        "Original Hash Buckets": 1024,
                                                                                        "Hash Batches": 1,
                                                                                        "Original Hash Batches": 1,
                                                                                        "Peak Memory Usage": 9,
                                                                                        "Plans": [
                                                                                            {
                                                                                                "Node Type": "Seq Scan",
                                                                                                "Parent Relationship": "Outer",
                                                                                                "Parallel Aware": false,
                                                                                                "Relation Name": "kind_type",
                                                                                                "Schema": "public",
                                                                                                "Alias": "kt",
                                                                                                "Startup Cost": 0.0,
                                                                                                "Total Cost": 1.09,
                                                                                                "Plan Rows": 1,
                                                                                                "Plan Width": 14,
                                                                                                "Actual Startup Time": 0.018,
                                                                                                "Actual Total Time": 0.019,
                                                                                                "Actual Rows": 1,
                                                                                                "Actual Loops": 1,
                                                                                                "Output": [
                                                                                                    "kt.kind",
                                                                                                    "kt.id"
                                                                                                ],
                                                                                                "Filter": "((kt.kind)::text = 'movie'::text)",
                                                                                                "Rows Removed by Filter": 6
                                                                                            }
                                                                                        ]
                                                                                    }
                                                                                ]
                                                                            },
                                                                            {
                                                                                "Node Type": "Hash",
                                                                                "Parent Relationship": "Inner",
                                                                                "Parallel Aware": false,
                                                                                "Startup Cost": 925476.94,
                                                                                "Total Cost": 925476.94,
                                                                                "Plan Rows": 116,
                                                                                "Plan Width": 16,
                                                                                "Actual Startup Time": 755.086,
                                                                                "Actual Total Time": 755.206,
                                                                                "Actual Rows": 40,
                                                                                "Actual Loops": 1,
                                                                                "Output": [
                                                                                    "cc.movie_id",
                                                                                    "cc.status_id",
                                                                                    "mi.movie_id",
                                                                                    "mi.info_type_id"
                                                                                ],
                                                                                "Hash Buckets": 1024,
                                                                                "Original Hash Buckets": 1024,
                                                                                "Hash Batches": 1,
                                                                                "Original Hash Batches": 1,
                                                                                "Peak Memory Usage": 10,
                                                                                "Plans": [
                                                                                    {
                                                                                        "Node Type": "Merge Join",
                                                                                        "Parent Relationship": "Outer",
                                                                                        "Parallel Aware": false,
                                                                                        "Join Type": "Inner",
                                                                                        "Startup Cost": 918576.0,
                                                                                        "Total Cost": 925476.94,
                                                                                        "Plan Rows": 116,
                                                                                        "Plan Width": 16,
                                                                                        "Actual Startup Time": 718.985,
                                                                                        "Actual Total Time": 755.186,
                                                                                        "Actual Rows": 40,
                                                                                        "Actual Loops": 1,
                                                                                        "Output": [
                                                                                            "cc.movie_id",
                                                                                            "cc.status_id",
                                                                                            "mi.movie_id",
                                                                                            "mi.info_type_id"
                                                                                        ],
                                                                                        "Inner Unique": false,
                                                                                        "Merge Cond": "(cc.movie_id = mi.movie_id)",
                                                                                        "Plans": [
                                                                                            {
                                                                                                "Node Type": "Index Scan",
                                                                                                "Parent Relationship": "Outer",
                                                                                                "Parallel Aware": false,
                                                                                                "Scan Direction": "Forward",
                                                                                                "Index Name": "movie_id_complete_cast",
                                                                                                "Relation Name": "complete_cast",
                                                                                                "Schema": "public",
                                                                                                "Alias": "cc",
                                                                                                "Startup Cost": 0.42,
                                                                                                "Total Cost": 6651.09,
                                                                                                "Plan Rows": 135086,
                                                                                                "Plan Width": 8,
                                                                                                "Actual Startup Time": 0.015,
                                                                                                "Actual Total Time": 29.402,
                                                                                                "Actual Rows": 132158,
                                                                                                "Actual Loops": 1,
                                                                                                "Output": [
                                                                                                    "cc.id",
                                                                                                    "cc.movie_id",
                                                                                                    "cc.subject_id",
                                                                                                    "cc.status_id"
                                                                                                ]
                                                                                            },
                                                                                            {
                                                                                                "Node Type": "Sort",
                                                                                                "Parent Relationship": "Inner",
                                                                                                "Parallel Aware": false,
                                                                                                "Startup Cost": 918575.58,
                                                                                                "Total Cost": 918576.39,
                                                                                                "Plan Rows": 322,
                                                                                                "Plan Width": 8,
                                                                                                "Actual Startup Time": 717.394,
                                                                                                "Actual Total Time": 717.64,
                                                                                                "Actual Rows": 1801,
                                                                                                "Actual Loops": 1,
                                                                                                "Output": [
                                                                                                    "mi.movie_id",
                                                                                                    "mi.info_type_id"
                                                                                                ],
                                                                                                "Sort Key": [
                                                                                                    "mi.movie_id"
                                                                                                ],
                                                                                                "Sort Method": "quicksort",
                                                                                                "Sort Space Used": 132,
                                                                                                "Sort Space Type": "Memory",
                                                                                                "Plans": [
                                                                                                    {
                                                                                                        "Node Type": "Gather Merge",
                                                                                                        "Parent Relationship": "Outer",
                                                                                                        "Parallel Aware": false,
                                                                                                        "Startup Cost": 1000.51,
                                                                                                        "Total Cost": 918562.17,
                                                                                                        "Plan Rows": 322,
                                                                                                        "Plan Width": 8,
                                                                                                        "Actual Startup Time": 432.518,
                                                                                                        "Actual Total Time": 717.058,
                                                                                                        "Actual Rows": 1783,
                                                                                                        "Actual Loops": 1,
                                                                                                        "Output": [
                                                                                                            "mi.movie_id",
                                                                                                            "mi.info_type_id"
                                                                                                        ],
                                                                                                        "Workers Planned": 5,
                                                                                                        "Workers Launched": 5,
                                                                                                        "Plans": [
                                                                                                            {
                                                                                                                "Node Type": "Index Scan",
                                                                                                                "Parent Relationship": "Outer",
                                                                                                                "Parallel Aware": true,
                                                                                                                "Scan Direction": "Forward",
                                                                                                                "Index Name": "info_type_id_movie_info",
                                                                                                                "Relation Name": "movie_info",
                                                                                                                "Schema": "public",
                                                                                                                "Alias": "mi",
                                                                                                                "Startup Cost": 0.43,
                                                                                                                "Total Cost": 917523.32,
                                                                                                                "Plan Rows": 64,
                                                                                                                "Plan Width": 8,
                                                                                                                "Actual Startup Time": 421.822,
                                                                                                                "Actual Total Time": 706.105,
                                                                                                                "Actual Rows": 297,
                                                                                                                "Actual Loops": 6,
                                                                                                                "Output": [
                                                                                                                    "mi.movie_id",
                                                                                                                    "mi.info_type_id"
                                                                                                                ],
                                                                                                                "Filter": "((mi.info IS NOT NULL) AND (mi.note ~~ '%internet%'::text) AND ((mi.info ~~ 'USA:% 199%'::text) OR (mi.info ~~ 'USA:% 200%'::text)))",
                                                                                                                "Rows Removed by Filter": 2472323,
                                                                                                                "Workers": [
                                                                                                                    {
                                                                                                                        "Worker Number": 0,
                                                                                                                        "Actual Startup Time": 419.379,
                                                                                                                        "Actual Total Time": 703.653,
                                                                                                                        "Actual Rows": 259,
                                                                                                                        "Actual Loops": 1
                                                                                                                    },
                                                                                                                    {
                                                                                                                        "Worker Number": 1,
                                                                                                                        "Actual Startup Time": 419.386,
                                                                                                                        "Actual Total Time": 704.167,
                                                                                                                        "Actual Rows": 240,
                                                                                                                        "Actual Loops": 1
                                                                                                                    },
                                                                                                                    {
                                                                                                                        "Worker Number": 2,
                                                                                                                        "Actual Startup Time": 420.041,
                                                                                                                        "Actual Total Time": 703.463,
                                                                                                                        "Actual Rows": 288,
                                                                                                                        "Actual Loops": 1
                                                                                                                    },
                                                                                                                    {
                                                                                                                        "Worker Number": 3,
                                                                                                                        "Actual Startup Time": 420.299,
                                                                                                                        "Actual Total Time": 704.734,
                                                                                                                        "Actual Rows": 265,
                                                                                                                        "Actual Loops": 1
                                                                                                                    },
                                                                                                                    {
                                                                                                                        "Worker Number": 4,
                                                                                                                        "Actual Startup Time": 420.117,
                                                                                                                        "Actual Total Time": 704.851,
                                                                                                                        "Actual Rows": 237,
                                                                                                                        "Actual Loops": 1
                                                                                                                    }
                                                                                                                ]
                                                                                                            }
                                                                                                        ]
                                                                                                    }
                                                                                                ]
                                                                                            }
                                                                                        ]
                                                                                    }
                                                                                ]
                                                                            }
                                                                        ]
                                                                    },
                                                                    {
                                                                        "Node Type": "Bitmap Heap Scan",
                                                                        "Parent Relationship": "Inner",
                                                                        "Parallel Aware": false,
                                                                        "Relation Name": "keyword",
                                                                        "Schema": "public",
                                                                        "Alias": "k",
                                                                        "Startup Cost": 0.43,
                                                                        "Total Cost": 4.44,
                                                                        "Plan Rows": 1,
                                                                        "Plan Width": 4,
                                                                        "Actual Startup Time": 0.0,
                                                                        "Actual Total Time": 0.0,
                                                                        "Actual Rows": 0,
                                                                        "Actual Loops": 0,
                                                                        "Output": [
                                                                            "k.id",
                                                                            "k.keyword",
                                                                            "k.phonetic_code"
                                                                        ],
                                                                        "Recheck Cond": "(k.id = mk.keyword_id)",
                                                                        "Rows Removed by Index Recheck": 0,
                                                                        "Exact Heap Blocks": 0,
                                                                        "Lossy Heap Blocks": 0,
                                                                        "Plans": [
                                                                            {
                                                                                "Node Type": "Bitmap Index Scan",
                                                                                "Parent Relationship": "Outer",
                                                                                "Parallel Aware": false,
                                                                                "Index Name": "keyword_pkey",
                                                                                "Startup Cost": 0.0,
                                                                                "Total Cost": 0.43,
                                                                                "Plan Rows": 1,
                                                                                "Plan Width": 0,
                                                                                "Actual Startup Time": 0.0,
                                                                                "Actual Total Time": 0.0,
                                                                                "Actual Rows": 0,
                                                                                "Actual Loops": 0,
                                                                                "Index Cond": "(k.id = mk.keyword_id)"
                                                                            }
                                                                        ]
                                                                    }
                                                                ]
                                                            },
                                                            {
                                                                "Node Type": "Index Scan",
                                                                "Parent Relationship": "Inner",
                                                                "Parallel Aware": false,
                                                                "Scan Direction": "Forward",
                                                                "Index Name": "comp_cast_type_pkey",
                                                                "Relation Name": "comp_cast_type",
                                                                "Schema": "public",
                                                                "Alias": "cct1",
                                                                "Startup Cost": 0.13,
                                                                "Total Cost": 0.15,
                                                                "Plan Rows": 1,
                                                                "Plan Width": 4,
                                                                "Actual Startup Time": 0.0,
                                                                "Actual Total Time": 0.0,
                                                                "Actual Rows": 0,
                                                                "Actual Loops": 0,
                                                                "Output": [
                                                                    "cct1.id",
                                                                    "cct1.kind"
                                                                ],
                                                                "Index Cond": "(cct1.id = cc.status_id)",
                                                                "Rows Removed by Index Recheck": 0,
                                                                "Filter": "((cct1.kind)::text = 'complete+verified'::text)",
                                                                "Rows Removed by Filter": 0
                                                            }
                                                        ]
                                                    }
                                                ]
                                            },
                                            {
                                                "Node Type": "Index Scan",
                                                "Parent Relationship": "Inner",
                                                "Parallel Aware": false,
                                                "Scan Direction": "Forward",
                                                "Index Name": "info_type_pkey",
                                                "Relation Name": "info_type",
                                                "Schema": "public",
                                                "Alias": "it1",
                                                "Startup Cost": 0.14,
                                                "Total Cost": 14.12,
                                                "Plan Rows": 1,
                                                "Plan Width": 4,
                                                "Actual Startup Time": 0.0,
                                                "Actual Total Time": 0.0,
                                                "Actual Rows": 0,
                                                "Actual Loops": 0,
                                                "Output": [
                                                    "it1.id",
                                                    "it1.info"
                                                ],
                                                "Filter": "((it1.info)::text = 'release dates'::text)",
                                                "Rows Removed by Filter": 0
                                            }
                                        ]
                                    }
                                ]
                            }
                        ]
                    },
                    {
                        "Node Type": "Bitmap Heap Scan",
                        "Parent Relationship": "Inner",
                        "Parallel Aware": false,
                        "Relation Name": "company_name",
                        "Schema": "public",
                        "Alias": "cn",
                        "Startup Cost": 0.43,
                        "Total Cost": 4.44,
                        "Plan Rows": 1,
                        "Plan Width": 4,
                        "Actual Startup Time": 0.0,
                        "Actual Total Time": 0.0,
                        "Actual Rows": 0,
                        "Actual Loops": 0,
                        "Output": [
                            "cn.id",
                            "cn.name",
                            "cn.country_code",
                            "cn.imdb_id",
                            "cn.name_pcode_nf",
                            "cn.name_pcode_sf",
                            "cn.md5sum"
                        ],
                        "Recheck Cond": "(cn.id = mc.company_id)",
                        "Rows Removed by Index Recheck": 0,
                        "Filter": "((cn.country_code)::text = '[us]'::text)",
                        "Rows Removed by Filter": 0,
                        "Exact Heap Blocks": 0,
                        "Lossy Heap Blocks": 0,
                        "Plans": [
                            {
                                "Node Type": "Bitmap Index Scan",
                                "Parent Relationship": "Outer",
                                "Parallel Aware": false,
                                "Index Name": "company_name_pkey",
                                "Startup Cost": 0.0,
                                "Total Cost": 0.43,
                                "Plan Rows": 1,
                                "Plan Width": 0,
                                "Actual Startup Time": 0.0,
                                "Actual Total Time": 0.0,
                                "Actual Rows": 0,
                                "Actual Loops": 0,
                                "Index Cond": "(cn.id = mc.company_id)"
                            }
                        ]
                    }
                ]
            }
        ]
    },
    "Planning Time": 30.262,
    "Triggers": [],
    "Execution Time": 15398.205
}