[
  {
    "Plan": {
      "Node Type": "Aggregate",
      "Strategy": "Plain",
      "Partial Mode": "Finalize",
      "Parallel Aware": false,
      "Startup Cost": 356300.15,
      "Total Cost": 356300.16,
      "Plan Rows": 1,
      "Plan Width": 8,
      "Actual Startup Time": 892.843,
      "Actual Total Time": 952.086,
      "Actual Rows": 1,
      "Actual Loops": 1,
      "Plans": [
        {
          "Node Type": "Gather",
          "Parent Relationship": "Outer",
          "Parallel Aware": false,
          "Startup Cost": 356299.52,
          "Total Cost": 356300.13,
          "Plan Rows": 6,
          "Plan Width": 8,
          "Actual Startup Time": 892.724,
          "Actual Total Time": 952.077,
          "Actual Rows": 7,
          "Actual Loops": 1,
          "Workers Planned": 6,
          "Workers Launched": 6,
          "Single Copy": false,
          "Plans": [
            {
              "Node Type": "Aggregate",
              "Strategy": "Plain",
              "Partial Mode": "Partial",
              "Parent Relationship": "Outer",
              "Parallel Aware": false,
              "Startup Cost": 355299.52,
              "Total Cost": 355299.53,
              "Plan Rows": 1,
              "Plan Width": 8,
              "Actual Startup Time": 883.987,
              "Actual Total Time": 883.988,
              "Actual Rows": 1,
              "Actual Loops": 7,
              "Plans": [
                {
                  "Node Type": "Seq Scan",
                  "Parent Relationship": "Outer",
                  "Parallel Aware": true,
                  "Relation Name": "cast_info",
                  "Alias": "ci",
                  "Startup Cost": 0.0,
                  "Total Cost": 343257.03,
                  "Plan Rows": 4816998,
                  "Plan Width": 0,
                  "Actual Startup Time": 0.045,
                  "Actual Total Time": 705.959,
                  "Actual Rows": 4464346,
                  "Actual Loops": 7,
                  "Filter": "((person_id < 3514110) AND (role_id < 10))",
                  "Rows Removed by Filter": 713417
                }
              ]
            }
          ]
        }
      ]
    },
    "Planning Time": 0.147,
    "Triggers": [],
    "Execution Time": 952.143
  }
]