[
  {
    "Plan": {
      "Node Type": "Aggregate",
      "Strategy": "Plain",
      "Partial Mode": "Simple",
      "Parallel Aware": false,
      "Startup Cost": 28725.41,
      "Total Cost": 28725.42,
      "Plan Rows": 1,
      "Plan Width": 64,
      "Actual Startup Time": 2110.56,
      "Actual Total Time": 2110.566,
      "Actual Rows": 1,
      "Actual Loops": 1,
      "Plans": [
        {
          "Node Type": "Nested Loop",
          "Parent Relationship": "Outer",
          "Parallel Aware": false,
          "Join Type": "Inner",
          "Startup Cost": 41.24,
          "Total Cost": 28725.4,
          "Plan Rows": 1,
          "Plan Width": 32,
          "Actual Startup Time": 119.412,
          "Actual Total Time": 2110.512,
          "Actual Rows": 47,
          "Actual Loops": 1,
          "Inner Unique": true,
          "Plans": [
            {
              "Node Type": "Nested Loop",
              "Parent Relationship": "Outer",
              "Parallel Aware": false,
              "Join Type": "Inner",
              "Startup Cost": 41.1,
              "Total Cost": 28724.42,
              "Plan Rows": 1,
              "Plan Width": 36,
              "Actual Startup Time": 119.392,
              "Actual Total Time": 2110.366,
              "Actual Rows": 47,
              "Actual Loops": 1,
              "Inner Unique": false,
              "Join Filter": "(n.id = an.person_id)",
              "Rows Removed by Join Filter": 0,
              "Plans": [
                {
                  "Node Type": "Nested Loop",
                  "Parent Relationship": "Outer",
                  "Parallel Aware": false,
                  "Join Type": "Inner",
                  "Startup Cost": 40.67,
                  "Total Cost": 28723.93,
                  "Plan Rows": 1,
                  "Plan Width": 48,
                  "Actual Startup Time": 119.358,
                  "Actual Total Time": 2109.881,
                  "Actual Rows": 32,
                  "Actual Loops": 1,
                  "Inner Unique": false,
                  "Join Filter": "(n.id = pi.person_id)",
                  "Rows Removed by Join Filter": 0,
                  "Plans": [
                    {
                      "Node Type": "Nested Loop",
                      "Parent Relationship": "Outer",
                      "Parallel Aware": false,
                      "Join Type": "Inner",
                      "Startup Cost": 40.24,
                      "Total Cost": 21010.25,
                      "Plan Rows": 8122,
                      "Plan Width": 40,
                      "Actual Startup Time": 1.404,
                      "Actual Total Time": 1445.645,
                      "Actual Rows": 84845,
                      "Actual Loops": 1,
                      "Inner Unique": true,
                      "Plans": [
                        {
                          "Node Type": "Nested Loop",
                          "Parent Relationship": "Outer",
                          "Parallel Aware": false,
                          "Join Type": "Inner",
                          "Startup Cost": 39.81,
                          "Total Cost": 9763.11,
                          "Plan Rows": 24043,
                          "Plan Width": 21,
                          "Actual Startup Time": 0.739,
                          "Actual Total Time": 522.223,
                          "Actual Rows": 218026,
                          "Actual Loops": 1,
                          "Inner Unique": false,
                          "Plans": [
                            {
                              "Node Type": "Nested Loop",
                              "Parent Relationship": "Outer",
                              "Parallel Aware": false,
                              "Join Type": "Inner",
                              "Startup Cost": 39.25,
                              "Total Cost": 7703.31,
                              "Plan Rows": 688,
                              "Plan Width": 25,
                              "Actual Startup Time": 0.636,
                              "Actual Total Time": 46.265,
                              "Actual Rows": 2562,
                              "Actual Loops": 1,
                              "Inner Unique": true,
                              "Plans": [
                                {
                                  "Node Type": "Nested Loop",
                                  "Parent Relationship": "Outer",
                                  "Parallel Aware": false,
                                  "Join Type": "Inner",
                                  "Startup Cost": 38.82,
                                  "Total Cost": 245.23,
                                  "Plan Rows": 1666,
                                  "Plan Width": 4,
                                  "Actual Startup Time": 0.547,
                                  "Actual Total Time": 2.789,
                                  "Actual Rows": 5186,
                                  "Actual Loops": 1,
                                  "Inner Unique": false,
                                  "Plans": [
                                    {
                                      "Node Type": "Seq Scan",
                                      "Parent Relationship": "Outer",
                                      "Parallel Aware": false,
                                      "Relation Name": "link_type",
                                      "Alias": "lt",
                                      "Startup Cost": 0.0,
                                      "Total Cost": 1.23,
                                      "Plan Rows": 1,
                                      "Plan Width": 4,
                                      "Actual Startup Time": 0.012,
                                      "Actual Total Time": 0.017,
                                      "Actual Rows": 1,
                                      "Actual Loops": 1,
                                      "Filter": "((link)::text = 'features'::text)",
                                      "Rows Removed by Filter": 17
                                    },
                                    {
                                      "Node Type": "Bitmap Heap Scan",
                                      "Parent Relationship": "Inner",
                                      "Parallel Aware": false,
                                      "Relation Name": "movie_link",
                                      "Alias": "ml",
                                      "Startup Cost": 38.82,
                                      "Total Cost": 225.26,
                                      "Plan Rows": 1875,
                                      "Plan Width": 8,
                                      "Actual Startup Time": 0.529,
                                      "Actual Total Time": 1.981,
                                      "Actual Rows": 5186,
                                      "Actual Loops": 1,
                                      "Recheck Cond": "(link_type_id = lt.id)",
                                      "Rows Removed by Index Recheck": 0,
                                      "Exact Heap Blocks": 132,
                                      "Lossy Heap Blocks": 0,
                                      "Plans": [
                                        {
                                          "Node Type": "Bitmap Index Scan",
                                          "Parent Relationship": "Outer",
                                          "Parallel Aware": false,
                                          "Index Name": "link_type_id_movie_link",
                                          "Startup Cost": 0.0,
                                          "Total Cost": 38.35,
                                          "Plan Rows": 1875,
                                          "Plan Width": 0,
                                          "Actual Startup Time": 0.49,
                                          "Actual Total Time": 0.491,
                                          "Actual Rows": 5186,
                                          "Actual Loops": 1,
                                          "Index Cond": "(link_type_id = lt.id)"
                                        }
                                      ]
                                    }
                                  ]
                                },
                                {
                                  "Node Type": "Index Scan",
                                  "Parent Relationship": "Inner",
                                  "Parallel Aware": false,
                                  "Scan Direction": "Forward",
                                  "Index Name": "title_pkey",
                                  "Relation Name": "title",
                                  "Alias": "t",
                                  "Startup Cost": 0.43,
                                  "Total Cost": 4.48,
                                  "Plan Rows": 1,
                                  "Plan Width": 21,
                                  "Actual Startup Time": 0.008,
                                  "Actual Total Time": 0.008,
                                  "Actual Rows": 0,
                                  "Actual Loops": 5186,
                                  "Index Cond": "(id = ml.linked_movie_id)",
                                  "Rows Removed by Index Recheck": 0,
                                  "Filter": "((production_year >= 1981) AND (production_year <= 2006))",
                                  "Rows Removed by Filter": 1
                                }
                              ]
                            },
                            {
                              "Node Type": "Index Scan",
                              "Parent Relationship": "Inner",
                              "Parallel Aware": false,
                              "Scan Direction": "Forward",
                              "Index Name": "movie_id_cast_info",
                              "Relation Name": "cast_info",
                              "Alias": "ci",
                              "Startup Cost": 0.56,
                              "Total Cost": 2.64,
                              "Plan Rows": 35,
                              "Plan Width": 8,
                              "Actual Startup Time": 0.013,
                              "Actual Total Time": 0.176,
                              "Actual Rows": 85,
                              "Actual Loops": 2562,
                              "Index Cond": "(movie_id = t.id)",
                              "Rows Removed by Index Recheck": 0
                            }
                          ]
                        },
                        {
                          "Node Type": "Index Scan",
                          "Parent Relationship": "Inner",
                          "Parallel Aware": false,
                          "Scan Direction": "Forward",
                          "Index Name": "name_pkey",
                          "Relation Name": "name",
                          "Alias": "n",
                          "Startup Cost": 0.43,
                          "Total Cost": 0.47,
                          "Plan Rows": 1,
                          "Plan Width": 19,
                          "Actual Startup Time": 0.004,
                          "Actual Total Time": 0.004,
                          "Actual Rows": 0,
                          "Actual Loops": 218026,
                          "Index Cond": "(id = ci.person_id)",
                          "Rows Removed by Index Recheck": 0,
                          "Filter": "(((name_pcode_cf)::text >= 'D'::text) AND ((name_pcode_cf)::text <= 'X'::text) AND (((gender)::text = 'm'::text) OR (((gender)::text = 'f'::text) AND (name ~~ 'B%'::text))))",
                          "Rows Removed by Filter": 1
                        }
                      ]
                    },
                    {
                      "Node Type": "Index Scan",
                      "Parent Relationship": "Inner",
                      "Parallel Aware": false,
                      "Scan Direction": "Forward",
                      "Index Name": "person_id_person_info",
                      "Relation Name": "person_info",
                      "Alias": "pi",
                      "Startup Cost": 0.43,
                      "Total Cost": 0.94,
                      "Plan Rows": 1,
                      "Plan Width": 8,
                      "Actual Startup Time": 0.008,
                      "Actual Total Time": 0.008,
                      "Actual Rows": 0,
                      "Actual Loops": 84845,
                      "Index Cond": "(person_id = ci.person_id)",
                      "Rows Removed by Index Recheck": 0,
                      "Filter": "(note = 'Volker Boehm'::text)",
                      "Rows Removed by Filter": 18
                    }
                  ]
                },
                {
                  "Node Type": "Index Scan",
                  "Parent Relationship": "Inner",
                  "Parallel Aware": false,
                  "Scan Direction": "Forward",
                  "Index Name": "person_id_aka_name",
                  "Relation Name": "aka_name",
                  "Alias": "an",
                  "Startup Cost": 0.42,
                  "Total Cost": 0.47,
                  "Plan Rows": 2,
                  "Plan Width": 4,
                  "Actual Startup Time": 0.011,
                  "Actual Total Time": 0.014,
                  "Actual Rows": 1,
                  "Actual Loops": 32,
                  "Index Cond": "(person_id = ci.person_id)",
                  "Rows Removed by Index Recheck": 0,
                  "Filter": "(name ~~ '%a%'::text)",
                  "Rows Removed by Filter": 1
                }
              ]
            },
            {
              "Node Type": "Index Scan",
              "Parent Relationship": "Inner",
              "Parallel Aware": false,
              "Scan Direction": "Forward",
              "Index Name": "info_type_pkey",
              "Relation Name": "info_type",
              "Alias": "it",
              "Startup Cost": 0.14,
              "Total Cost": 0.56,
              "Plan Rows": 1,
              "Plan Width": 4,
              "Actual Startup Time": 0.002,
              "Actual Total Time": 0.002,
              "Actual Rows": 1,
              "Actual Loops": 47,
              "Index Cond": "(id = pi.info_type_id)",
              "Rows Removed by Index Recheck": 0,
              "Filter": "((info)::text = 'mini biography'::text)",
              "Rows Removed by Filter": 0
            }
          ]
        }
      ]
    },
    "Planning Time": 17.323,
    "Triggers": [],
    "Execution Time": 2110.981
  }
]