[
  {
    "Plan": {
      "Node Type": "Aggregate",
      "Strategy": "Plain",
      "Partial Mode": "Simple",
      "Parallel Aware": false,
      "Startup Cost": 10307.28,
      "Total Cost": 10307.29,
      "Plan Rows": 1,
      "Plan Width": 128,
      "Actual Startup Time": 34.133,
      "Actual Total Time": 37.11,
      "Actual Rows": 1,
      "Actual Loops": 1,
      "Plans": [
        {
          "Node Type": "Nested Loop",
          "Parent Relationship": "Outer",
          "Parallel Aware": false,
          "Join Type": "Inner",
          "Startup Cost": 1003.85,
          "Total Cost": 10307.27,
          "Plan Rows": 1,
          "Plan Width": 80,
          "Actual Startup Time": 7.519,
          "Actual Total Time": 37.098,
          "Actual Rows": 3,
          "Actual Loops": 1,
          "Inner Unique": true,
          "Plans": [
            {
              "Node Type": "Nested Loop",
              "Parent Relationship": "Outer",
              "Parallel Aware": false,
              "Join Type": "Inner",
              "Startup Cost": 1003.42,
              "Total Cost": 10306.58,
              "Plan Rows": 1,
              "Plan Width": 69,
              "Actual Startup Time": 7.465,
              "Actual Total Time": 37.036,
              "Actual Rows": 3,
              "Actual Loops": 1,
              "Inner Unique": true,
              "Plans": [
                {
                  "Node Type": "Nested Loop",
                  "Parent Relationship": "Outer",
                  "Parallel Aware": false,
                  "Join Type": "Inner",
                  "Startup Cost": 1003.0,
                  "Total Cost": 10306.13,
                  "Plan Rows": 1,
                  "Plan Width": 73,
                  "Actual Startup Time": 5.67,
                  "Actual Total Time": 35.628,
                  "Actual Rows": 142,
                  "Actual Loops": 1,
                  "Inner Unique": true,
                  "Plans": [
                    {
                      "Node Type": "Nested Loop",
                      "Parent Relationship": "Outer",
                      "Parallel Aware": false,
                      "Join Type": "Inner",
                      "Startup Cost": 1002.86,
                      "Total Cost": 10305.95,
                      "Plan Rows": 1,
                      "Plan Width": 77,
                      "Actual Startup Time": 5.525,
                      "Actual Total Time": 35.331,
                      "Actual Rows": 284,
                      "Actual Loops": 1,
                      "Inner Unique": false,
                      "Join Filter": "(t.id = mi.movie_id)",
                      "Rows Removed by Join Filter": 0,
                      "Plans": [
                        {
                          "Node Type": "Nested Loop",
                          "Parent Relationship": "Outer",
                          "Parallel Aware": false,
                          "Join Type": "Inner",
                          "Startup Cost": 1002.43,
                          "Total Cost": 10304.49,
                          "Plan Rows": 1,
                          "Plan Width": 50,
                          "Actual Startup Time": 5.168,
                          "Actual Total Time": 28.535,
                          "Actual Rows": 142,
                          "Actual Loops": 1,
                          "Inner Unique": false,
                          "Join Filter": "(t.id = ci.movie_id)",
                          "Rows Removed by Join Filter": 0,
                          "Plans": [
                            {
                              "Node Type": "Nested Loop",
                              "Parent Relationship": "Outer",
                              "Parallel Aware": false,
                              "Join Type": "Inner",
                              "Startup Cost": 1001.86,
                              "Total Cost": 10302.74,
                              "Plan Rows": 1,
                              "Plan Width": 42,
                              "Actual Startup Time": 4.479,
                              "Actual Total Time": 22.08,
                              "Actual Rows": 142,
                              "Actual Loops": 1,
                              "Inner Unique": false,
                              "Join Filter": "(t.id = mk.movie_id)",
                              "Rows Removed by Join Filter": 0,
                              "Plans": [
                                {
                                  "Node Type": "Nested Loop",
                                  "Parent Relationship": "Outer",
                                  "Parallel Aware": false,
                                  "Join Type": "Inner",
                                  "Startup Cost": 1001.43,
                                  "Total Cost": 10300.8,
                                  "Plan Rows": 1,
                                  "Plan Width": 34,
                                  "Actual Startup Time": 4.393,
                                  "Actual Total Time": 21.932,
                                  "Actual Rows": 1,
                                  "Actual Loops": 1,
                                  "Inner Unique": true,
                                  "Plans": [
                                    {
                                      "Node Type": "Gather",
                                      "Parent Relationship": "Outer",
                                      "Parallel Aware": false,
                                      "Startup Cost": 1001.0,
                                      "Total Cost": 10300.21,
                                      "Plan Rows": 1,
                                      "Plan Width": 13,
                                      "Actual Startup Time": 4.27,
                                      "Actual Total Time": 21.79,
                                      "Actual Rows": 4,
                                      "Actual Loops": 1,
                                      "Workers Planned": 1,
                                      "Workers Launched": 1,
                                      "Single Copy": false,
                                      "Plans": [
                                        {
                                          "Node Type": "Nested Loop",
                                          "Parent Relationship": "Outer",
                                          "Parallel Aware": false,
                                          "Join Type": "Inner",
                                          "Startup Cost": 1.0,
                                          "Total Cost": 9300.11,
                                          "Plan Rows": 1,
                                          "Plan Width": 13,
                                          "Actual Startup Time": 7.16,
                                          "Actual Total Time": 20.516,
                                          "Actual Rows": 2,
                                          "Actual Loops": 2,
                                          "Inner Unique": true,
                                          "Plans": [
                                            {
                                              "Node Type": "Nested Loop",
                                              "Parent Relationship": "Outer",
                                              "Parallel Aware": false,
                                              "Join Type": "Inner",
                                              "Startup Cost": 0.86,
                                              "Total Cost": 9299.76,
                                              "Plan Rows": 2,
                                              "Plan Width": 17,
                                              "Actual Startup Time": 7.116,
                                              "Actual Total Time": 20.461,
                                              "Actual Rows": 6,
                                              "Actual Loops": 2,
                                              "Inner Unique": false,
                                              "Plans": [
                                                {
                                                  "Node Type": "Nested Loop",
                                                  "Parent Relationship": "Outer",
                                                  "Parallel Aware": false,
                                                  "Join Type": "Inner",
                                                  "Startup Cost": 0.43,
                                                  "Total Cost": 9294.44,
                                                  "Plan Rows": 1,
                                                  "Plan Width": 4,
                                                  "Actual Startup Time": 6.985,
                                                  "Actual Total Time": 20.255,
                                                  "Actual Rows": 2,
                                                  "Actual Loops": 2,
                                                  "Inner Unique": false,
                                                  "Plans": [
                                                    {
                                                      "Node Type": "Seq Scan",
                                                      "Parent Relationship": "Outer",
                                                      "Parallel Aware": true,
                                                      "Relation Name": "company_name",
                                                      "Alias": "cn",
                                                      "Startup Cost": 0.0,
                                                      "Total Cost": 4722.92,
                                                      "Plan Rows": 14,
                                                      "Plan Width": 4,
                                                      "Actual Startup Time": 4.184,
                                                      "Actual Total Time": 17.278,
                                                      "Actual Rows": 5,
                                                      "Actual Loops": 2,
                                                      "Filter": "(name ~~ 'VPS%'::text)",
                                                      "Rows Removed by Filter": 117494
                                                    },
                                                    {
                                                      "Node Type": "Index Scan",
                                                      "Parent Relationship": "Inner",
                                                      "Parallel Aware": false,
                                                      "Scan Direction": "Forward",
                                                      "Index Name": "company_id_movie_companies",
                                                      "Relation Name": "movie_companies",
                                                      "Alias": "mc",
                                                      "Startup Cost": 0.43,
                                                      "Total Cost": 326.53,
                                                      "Plan Rows": 1,
                                                      "Plan Width": 8,
                                                      "Actual Startup Time": 0.399,
                                                      "Actual Total Time": 0.592,
                                                      "Actual Rows": 0,
                                                      "Actual Loops": 10,
                                                      "Index Cond": "(company_id = cn.id)",
                                                      "Rows Removed by Index Recheck": 0,
                                                      "Filter": "(note ~~ '%(1991)%'::text)",
                                                      "Rows Removed by Filter": 32
                                                    }
                                                  ]
                                                },
                                                {
                                                  "Node Type": "Index Scan",
                                                  "Parent Relationship": "Inner",
                                                  "Parallel Aware": false,
                                                  "Scan Direction": "Forward",
                                                  "Index Name": "movie_id_movie_info_idx",
                                                  "Relation Name": "movie_info_idx",
                                                  "Alias": "mi_idx",
                                                  "Startup Cost": 0.43,
                                                  "Total Cost": 5.29,
                                                  "Plan Rows": 3,
                                                  "Plan Width": 13,
                                                  "Actual Startup Time": 0.098,
                                                  "Actual Total Time": 0.1,
                                                  "Actual Rows": 3,
                                                  "Actual Loops": 4,
                                                  "Index Cond": "(movie_id = mc.movie_id)",
                                                  "Rows Removed by Index Recheck": 0
                                                }
                                              ]
                                            },
                                            {
                                              "Node Type": "Index Scan",
                                              "Parent Relationship": "Inner",
                                              "Parallel Aware": false,
                                              "Scan Direction": "Forward",
                                              "Index Name": "info_type_pkey",
                                              "Relation Name": "info_type",
                                              "Alias": "it2",
                                              "Startup Cost": 0.14,
                                              "Total Cost": 0.16,
                                              "Plan Rows": 1,
                                              "Plan Width": 4,
                                              "Actual Startup Time": 0.008,
                                              "Actual Total Time": 0.008,
                                              "Actual Rows": 0,
                                              "Actual Loops": 12,
                                              "Index Cond": "(id = mi_idx.info_type_id)",
                                              "Rows Removed by Index Recheck": 0,
                                              "Filter": "((info)::text = 'votes'::text)",
                                              "Rows Removed by Filter": 1
                                            }
                                          ]
                                        }
                                      ]
                                    },
                                    {
                                      "Node Type": "Index Scan",
                                      "Parent Relationship": "Inner",
                                      "Parallel Aware": false,
                                      "Scan Direction": "Forward",
                                      "Index Name": "title_pkey",
                                      "Relation Name": "title",
                                      "Alias": "t",
                                      "Startup Cost": 0.43,
                                      "Total Cost": 0.59,
                                      "Plan Rows": 1,
                                      "Plan Width": 21,
                                      "Actual Startup Time": 0.034,
                                      "Actual Total Time": 0.034,
                                      "Actual Rows": 0,
                                      "Actual Loops": 4,
                                      "Index Cond": "(id = mi_idx.movie_id)",
                                      "Rows Removed by Index Recheck": 0,
                                      "Filter": "((production_year > 1989) AND ((title ~~ '%Freddy%'::text) OR (title ~~ '%Jason%'::text) OR (title ~~ 'Saw%'::text)))",
                                      "Rows Removed by Filter": 1
                                    }
                                  ]
                                },
                                {
                                  "Node Type": "Index Scan",
                                  "Parent Relationship": "Inner",
                                  "Parallel Aware": false,
                                  "Scan Direction": "Forward",
                                  "Index Name": "movie_id_movie_keyword",
                                  "Relation Name": "movie_keyword",
                                  "Alias": "mk",
                                  "Startup Cost": 0.43,
                                  "Total Cost": 1.37,
                                  "Plan Rows": 46,
                                  "Plan Width": 8,
                                  "Actual Startup Time": 0.084,
                                  "Actual Total Time": 0.12,
                                  "Actual Rows": 142,
                                  "Actual Loops": 1,
                                  "Index Cond": "(movie_id = mi_idx.movie_id)",
                                  "Rows Removed by Index Recheck": 0
                                }
                              ]
                            },
                            {
                              "Node Type": "Index Scan",
                              "Parent Relationship": "Inner",
                              "Parallel Aware": false,
                              "Scan Direction": "Forward",
                              "Index Name": "movie_id_cast_info",
                              "Relation Name": "cast_info",
                              "Alias": "ci",
                              "Startup Cost": 0.56,
                              "Total Cost": 1.73,
                              "Plan Rows": 1,
                              "Plan Width": 8,
                              "Actual Startup Time": 0.021,
                              "Actual Total Time": 0.045,
                              "Actual Rows": 1,
                              "Actual Loops": 142,
                              "Index Cond": "(movie_id = mk.movie_id)",
                              "Rows Removed by Index Recheck": 0,
                              "Filter": "(note = ANY ('{(writer),\"(head writer)\",\"(written by)\",(story),\"(story editor)\"}'::text[]))",
                              "Rows Removed by Filter": 90
                            }
                          ]
                        },
                        {
                          "Node Type": "Index Scan",
                          "Parent Relationship": "Inner",
                          "Parallel Aware": false,
                          "Scan Direction": "Forward",
                          "Index Name": "movie_id_movie_info",
                          "Relation Name": "movie_info",
                          "Alias": "mi",
                          "Startup Cost": 0.43,
                          "Total Cost": 1.45,
                          "Plan Rows": 1,
                          "Plan Width": 51,
                          "Actual Startup Time": 0.038,
                          "Actual Total Time": 0.047,
                          "Actual Rows": 2,
                          "Actual Loops": 142,
                          "Index Cond": "(movie_id = mk.movie_id)",
                          "Rows Removed by Index Recheck": 0,
                          "Filter": "(info = ANY ('{Sci-Fi,Horror}'::text[]))",
                          "Rows Removed by Filter": 279
                        }
                      ]
                    },
                    {
                      "Node Type": "Index Scan",
                      "Parent Relationship": "Inner",
                      "Parallel Aware": false,
                      "Scan Direction": "Forward",
                      "Index Name": "info_type_pkey",
                      "Relation Name": "info_type",
                      "Alias": "it1",
                      "Startup Cost": 0.14,
                      "Total Cost": 0.16,
                      "Plan Rows": 1,
                      "Plan Width": 4,
                      "Actual Startup Time": 0.001,
                      "Actual Total Time": 0.001,
                      "Actual Rows": 0,
                      "Actual Loops": 284,
                      "Index Cond": "(id = mi.info_type_id)",
                      "Rows Removed by Index Recheck": 0,
                      "Filter": "((info)::text = 'genres'::text)",
                      "Rows Removed by Filter": 0
                    }
                  ]
                },
                {
                  "Node Type": "Index Scan",
                  "Parent Relationship": "Inner",
                  "Parallel Aware": false,
                  "Scan Direction": "Forward",
                  "Index Name": "keyword_pkey",
                  "Relation Name": "keyword",
                  "Alias": "k",
                  "Startup Cost": 0.42,
                  "Total Cost": 0.45,
                  "Plan Rows": 1,
                  "Plan Width": 4,
                  "Actual Startup Time": 0.01,
                  "Actual Total Time": 0.01,
                  "Actual Rows": 0,
                  "Actual Loops": 142,
                  "Index Cond": "(id = mk.keyword_id)",
                  "Rows Removed by Index Recheck": 0,
                  "Filter": "(keyword = ANY ('{murder,violence,blood,gore,death,female-nudity,hospital}'::text[]))",
                  "Rows Removed by Filter": 1
                }
              ]
            },
            {
              "Node Type": "Index Scan",
              "Parent Relationship": "Inner",
              "Parallel Aware": false,
              "Scan Direction": "Forward",
              "Index Name": "name_pkey",
              "Relation Name": "name",
              "Alias": "n",
              "Startup Cost": 0.43,
              "Total Cost": 0.69,
              "Plan Rows": 1,
              "Plan Width": 19,
              "Actual Startup Time": 0.019,
              "Actual Total Time": 0.019,
              "Actual Rows": 1,
              "Actual Loops": 3,
              "Index Cond": "(id = ci.person_id)",
              "Rows Removed by Index Recheck": 0,
              "Filter": "((gender)::text = 'f'::text)",
              "Rows Removed by Filter": 0
            }
          ]
        }
      ]
    },
    "Planning Time": 56.695,
    "Triggers": [],
    "Execution Time": 37.417
  }
]