[
  {
    "Plan": {
      "Node Type": "Aggregate",
      "Strategy": "Plain",
      "Partial Mode": "Simple",
      "Parallel Aware": false,
      "Startup Cost": 4379.37,
      "Total Cost": 4379.38,
      "Plan Rows": 1,
      "Plan Width": 8,
      "Actual Startup Time": 5.769,
      "Actual Total Time": 5.772,
      "Actual Rows": 1,
      "Actual Loops": 1,
      "Plans": [
        {
          "Node Type": "Nested Loop",
          "Parent Relationship": "Outer",
          "Parallel Aware": false,
          "Join Type": "Inner",
          "Startup Cost": 1.43,
          "Total Cost": 4377.9,
          "Plan Rows": 587,
          "Plan Width": 0,
          "Actual Startup Time": 0.641,
          "Actual Total Time": 5.58,
          "Actual Rows": 1098,
          "Actual Loops": 1,
          "Inner Unique": false,
          "Plans": [
            {
              "Node Type": "Nested Loop",
              "Parent Relationship": "Outer",
              "Parallel Aware": false,
              "Join Type": "Inner",
              "Startup Cost": 0.99,
              "Total Cost": 3806.45,
              "Plan Rows": 328,
              "Plan Width": 8,
              "Actual Startup Time": 0.619,
              "Actual Total Time": 2.851,
              "Actual Rows": 257,
              "Actual Loops": 1,
              "Inner Unique": true,
              "Plans": [
                {
                  "Node Type": "Index Scan",
                  "Parent Relationship": "Outer",
                  "Parallel Aware": false,
                  "Scan Direction": "Forward",
                  "Index Name": "person_id_cast_info",
                  "Relation Name": "cast_info",
                  "Alias": "ci",
                  "Startup Cost": 0.56,
                  "Total Cost": 1059.67,
                  "Plan Rows": 328,
                  "Plan Width": 4,
                  "Actual Startup Time": 0.593,
                  "Actual Total Time": 0.778,
                  "Actual Rows": 257,
                  "Actual Loops": 1,
                  "Index Cond": "(person_id = 971650)",
                  "Rows Removed by Index Recheck": 0,
                  "Filter": "(role_id < 4)",
                  "Rows Removed by Filter": 1
                },
                {
                  "Node Type": "Index Only Scan",
                  "Parent Relationship": "Inner",
                  "Parallel Aware": false,
                  "Scan Direction": "Forward",
                  "Index Name": "title_pkey",
                  "Relation Name": "title",
                  "Alias": "t",
                  "Startup Cost": 0.43,
                  "Total Cost": 8.37,
                  "Plan Rows": 1,
                  "Plan Width": 4,
                  "Actual Startup Time": 0.007,
                  "Actual Total Time": 0.007,
                  "Actual Rows": 1,
                  "Actual Loops": 257,
                  "Index Cond": "(id = ci.movie_id)",
                  "Rows Removed by Index Recheck": 0,
                  "Heap Fetches": 257
                }
              ]
            },
            {
              "Node Type": "Index Only Scan",
              "Parent Relationship": "Inner",
              "Parallel Aware": false,
              "Scan Direction": "Forward",
              "Index Name": "movie_id_movie_keyword",
              "Relation Name": "movie_keyword",
              "Alias": "mk",
              "Startup Cost": 0.43,
              "Total Cost": 1.29,
              "Plan Rows": 45,
              "Plan Width": 4,
              "Actual Startup Time": 0.006,
              "Actual Total Time": 0.009,
              "Actual Rows": 4,
              "Actual Loops": 257,
              "Index Cond": "(movie_id = t.id)",
              "Rows Removed by Index Recheck": 0,
              "Heap Fetches": 1098
            }
          ]
        }
      ]
    },
    "Planning Time": 1.238,
    "Triggers": [],
    "Execution Time": 5.87
  }
]