{
  "Plan": {
    "Node Type": "Aggregate",
    "Strategy": "Plain",
    "Partial Mode": "Finalize",
    "Parallel Aware": false,
    "Startup Cost": 14504.71,
    "Total Cost": 14504.72,
    "Plan Rows": 1,
    "Plan Width": 8,
    "Actual Startup Time": 44.091,
    "Actual Total Time": 50.646,
    "Actual Rows": 1,
    "Actual Loops": 1,
    "Plans": [
      {
        "Node Type": "Gather",
        "Parent Relationship": "Outer",
        "Parallel Aware": false,
        "Startup Cost": 14504.59,
        "Total Cost": 14504.7,
        "Plan Rows": 1,
        "Plan Width": 8,
        "Actual Startup Time": 43.889,
        "Actual Total Time": 50.639,
        "Actual Rows": 2,
        "Actual Loops": 1,
        "Workers Planned": 1,
        "Workers Launched": 1,
        "Single Copy": false,
        "Plans": [
          {
            "Node Type": "Aggregate",
            "Strategy": "Plain",
            "Partial Mode": "Partial",
            "Parent Relationship": "Outer",
            "Parallel Aware": false,
            "Startup Cost": 13504.59,
            "Total Cost": 13504.6,
            "Plan Rows": 1,
            "Plan Width": 8,
            "Actual Startup Time": 37.682,
            "Actual Total Time": 37.684,
            "Actual Rows": 1,
            "Actual Loops": 2,
            "Plans": [
              {
                "Node Type": "Nested Loop",
                "Parent Relationship": "Outer",
                "Parallel Aware": false,
                "Join Type": "Inner",
                "Startup Cost": 55.19,
                "Total Cost": 13494.65,
                "Plan Rows": 3976,
                "Plan Width": 0,
                "Actual Startup Time": 2.061,
                "Actual Total Time": 36.78,
                "Actual Rows": 7343,
                "Actual Loops": 2,
                "Inner Unique": false,
                "Plans": [
                  {
                    "Node Type": "Nested Loop",
                    "Parent Relationship": "Outer",
                    "Parallel Aware": false,
                    "Join Type": "Inner",
                    "Startup Cost": 54.76,
                    "Total Cost": 12180.87,
                    "Plan Rows": 680,
                    "Plan Width": 8,
                    "Actual Startup Time": 1.916,
                    "Actual Total Time": 13.052,
                    "Actual Rows": 683,
                    "Actual Loops": 2,
                    "Inner Unique": true,
                    "Plans": [
                      {
                        "Node Type": "Bitmap Heap Scan",
                        "Parent Relationship": "Outer",
                        "Parallel Aware": true,
                        "Relation Name": "movie_companies",
                        "Alias": "mc",
                        "Startup Cost": 54.33,
                        "Total Cost": 6641.28,
                        "Plan Rows": 680,
                        "Plan Width": 4,
                        "Actual Startup Time": 1.75,
                        "Actual Total Time": 5.178,
                        "Actual Rows": 683,
                        "Actual Loops": 2,
                        "Recheck Cond": "(company_id = 11961)",
                        "Rows Removed by Index Recheck": 0,
                        "Filter": "(company_type_id < 2)",
                        "Rows Removed by Filter": 550,
                        "Exact Heap Blocks": 1418,
                        "Lossy Heap Blocks": 0,
                        "Plans": [
                          {
                            "Node Type": "Bitmap Index Scan",
                            "Parent Relationship": "Outer",
                            "Parallel Aware": false,
                            "Index Name": "company_id_movie_companies",
                            "Startup Cost": 0.0,
                            "Total Cost": 54.04,
                            "Plan Rows": 2348,
                            "Plan Width": 0,
                            "Actual Startup Time": 2.598,
                            "Actual Total Time": 2.598,
                            "Actual Rows": 2467,
                            "Actual Loops": 1,
                            "Index Cond": "(company_id = 11961)"
                          }
                        ]
                      },
                      {
                        "Node Type": "Index Only Scan",
                        "Parent Relationship": "Inner",
                        "Parallel Aware": false,
                        "Scan Direction": "Forward",
                        "Index Name": "title_pkey",
                        "Relation Name": "title",
                        "Alias": "t",
                        "Startup Cost": 0.43,
                        "Total Cost": 8.15,
                        "Plan Rows": 1,
                        "Plan Width": 4,
                        "Actual Startup Time": 0.011,
                        "Actual Total Time": 0.011,
                        "Actual Rows": 1,
                        "Actual Loops": 1366,
                        "Index Cond": "(id = mc.movie_id)",
                        "Rows Removed by Index Recheck": 0,
                        "Heap Fetches": 1366
                      }
                    ]
                  },
                  {
                    "Node Type": "Index Only Scan",
                    "Parent Relationship": "Inner",
                    "Parallel Aware": false,
                    "Scan Direction": "Forward",
                    "Index Name": "movie_id_movie_info",
                    "Relation Name": "movie_info",
                    "Alias": "mi",
                    "Startup Cost": 0.43,
                    "Total Cost": 1.51,
                    "Plan Rows": 42,
                    "Plan Width": 4,
                    "Actual Startup Time": 0.014,
                    "Actual Total Time": 0.033,
                    "Actual Rows": 11,
                    "Actual Loops": 1366,
                    "Index Cond": "(movie_id = t.id)",
                    "Rows Removed by Index Recheck": 0,
                    "Heap Fetches": 14686
                  }
                ]
              }
            ]
          }
        ]
      }
    ]
  },
  "Planning Time": 0.971,
  "Triggers": [],
  "Execution Time": 50.742
}