[
  {
    "Plan": {
      "Node Type": "Aggregate",
      "Strategy": "Plain",
      "Partial Mode": "Finalize",
      "Parallel Aware": false,
      "Startup Cost": 29227.39,
      "Total Cost": 29227.4,
      "Plan Rows": 1,
      "Plan Width": 8,
      "Actual Startup Time": 37.241,
      "Actual Total Time": 41.793,
      "Actual Rows": 1,
      "Actual Loops": 1,
      "Plans": [
        {
          "Node Type": "Gather",
          "Parent Relationship": "Outer",
          "Parallel Aware": false,
          "Startup Cost": 29227.17,
          "Total Cost": 29227.38,
          "Plan Rows": 2,
          "Plan Width": 8,
          "Actual Startup Time": 37.085,
          "Actual Total Time": 41.786,
          "Actual Rows": 3,
          "Actual Loops": 1,
          "Workers Planned": 2,
          "Workers Launched": 2,
          "Single Copy": false,
          "Plans": [
            {
              "Node Type": "Aggregate",
              "Strategy": "Plain",
              "Partial Mode": "Partial",
              "Parent Relationship": "Outer",
              "Parallel Aware": false,
              "Startup Cost": 28227.17,
              "Total Cost": 28227.18,
              "Plan Rows": 1,
              "Plan Width": 8,
              "Actual Startup Time": 29.064,
              "Actual Total Time": 29.066,
              "Actual Rows": 1,
              "Actual Loops": 3,
              "Plans": [
                {
                  "Node Type": "Nested Loop",
                  "Parent Relationship": "Outer",
                  "Parallel Aware": false,
                  "Join Type": "Inner",
                  "Startup Cost": 112.6,
                  "Total Cost": 28226.9,
                  "Plan Rows": 109,
                  "Plan Width": 0,
                  "Actual Startup Time": 2.625,
                  "Actual Total Time": 29.039,
                  "Actual Rows": 84,
                  "Actual Loops": 3,
                  "Inner Unique": true,
                  "Plans": [
                    {
                      "Node Type": "Bitmap Heap Scan",
                      "Parent Relationship": "Outer",
                      "Parallel Aware": true,
                      "Relation Name": "movie_keyword",
                      "Alias": "mk",
                      "Startup Cost": 112.17,
                      "Total Cost": 12637.41,
                      "Plan Rows": 2136,
                      "Plan Width": 4,
                      "Actual Startup Time": 2.232,
                      "Actual Total Time": 9.924,
                      "Actual Rows": 1872,
                      "Actual Loops": 3,
                      "Recheck Cond": "(keyword_id = 1603)",
                      "Rows Removed by Index Recheck": 0,
                      "Exact Heap Blocks": 3825,
                      "Lossy Heap Blocks": 0,
                      "Plans": [
                        {
                          "Node Type": "Bitmap Index Scan",
                          "Parent Relationship": "Outer",
                          "Parallel Aware": false,
                          "Index Name": "keyword_id_movie_keyword",
                          "Startup Cost": 0.0,
                          "Total Cost": 110.89,
                          "Plan Rows": 5127,
                          "Plan Width": 0,
                          "Actual Startup Time": 4.231,
                          "Actual Total Time": 4.231,
                          "Actual Rows": 5617,
                          "Actual Loops": 1,
                          "Index Cond": "(keyword_id = 1603)"
                        }
                      ]
                    },
                    {
                      "Node Type": "Index Scan",
                      "Parent Relationship": "Inner",
                      "Parallel Aware": false,
                      "Scan Direction": "Forward",
                      "Index Name": "title_pkey",
                      "Relation Name": "title",
                      "Alias": "t",
                      "Startup Cost": 0.43,
                      "Total Cost": 7.3,
                      "Plan Rows": 1,
                      "Plan Width": 4,
                      "Actual Startup Time": 0.01,
                      "Actual Total Time": 0.01,
                      "Actual Rows": 0,
                      "Actual Loops": 5617,
                      "Index Cond": "(id = mk.movie_id)",
                      "Rows Removed by Index Recheck": 0,
                      "Filter": "(production_year = 2009)",
                      "Rows Removed by Filter": 1
                    }
                  ]
                }
              ]
            }
          ]
        }
      ]
    },
    "Planning Time": 0.595,
    "Triggers": [],
    "Execution Time": 41.861
  }
]