[
    {
        "Bao": {
            "Bao prediction": "NaN",
            "Bao recommended hint": "(no hint)"
        }
    },
    {
        "Plan": {
            "Node Type": "Aggregate",
            "Strategy": "Plain",
            "Partial Mode": "Simple",
            "Parallel Aware": false,
            "Startup Cost": 6126.06,
            "Total Cost": 6126.07,
            "Plan Rows": 1,
            "Plan Width": 8,
            "Actual Startup Time": 1.149,
            "Actual Total Time": 1.15,
            "Actual Rows": 1,
            "Actual Loops": 1,
            "Output": [
                "count(*)"
            ],
            "Plans": [
                {
                    "Node Type": "Nested Loop",
                    "Parent Relationship": "Outer",
                    "Parallel Aware": false,
                    "Join Type": "Inner",
                    "Startup Cost": 1.43,
                    "Total Cost": 6123.81,
                    "Plan Rows": 902,
                    "Plan Width": 0,
                    "Actual Startup Time": 0.076,
                    "Actual Total Time": 1.131,
                    "Actual Rows": 304,
                    "Actual Loops": 1,
                    "Inner Unique": false,
                    "Plans": [
                        {
                            "Node Type": "Nested Loop",
                            "Parent Relationship": "Outer",
                            "Parallel Aware": false,
                            "Join Type": "Inner",
                            "Startup Cost": 0.99,
                            "Total Cost": 5231.87,
                            "Plan Rows": 504,
                            "Plan Width": 8,
                            "Actual Startup Time": 0.063,
                            "Actual Total Time": 0.7,
                            "Actual Rows": 191,
                            "Actual Loops": 1,
                            "Output": [
                                "t.id",
                                "ci.movie_id"
                            ],
                            "Inner Unique": true,
                            "Plans": [
                                {
                                    "Node Type": "Index Scan",
                                    "Parent Relationship": "Outer",
                                    "Parallel Aware": false,
                                    "Scan Direction": "Forward",
                                    "Index Name": "person_id_cast_info",
                                    "Relation Name": "cast_info",
                                    "Schema": "public",
                                    "Alias": "ci",
                                    "Startup Cost": 0.56,
                                    "Total Cost": 1038.33,
                                    "Plan Rows": 504,
                                    "Plan Width": 4,
                                    "Actual Startup Time": 0.047,
                                    "Actual Total Time": 0.081,
                                    "Actual Rows": 191,
                                    "Actual Loops": 1,
                                    "Output": [
                                        "ci.id",
                                        "ci.person_id",
                                        "ci.movie_id",
                                        "ci.person_role_id",
                                        "ci.note",
                                        "ci.nr_order",
                                        "ci.role_id"
                                    ],
                                    "Index Cond": "(ci.person_id = 3551012)",
                                    "Rows Removed by Index Recheck": 0
                                },
                                {
                                    "Node Type": "Index Only Scan",
                                    "Parent Relationship": "Inner",
                                    "Parallel Aware": false,
                                    "Scan Direction": "Forward",
                                    "Index Name": "title_pkey",
                                    "Relation Name": "title",
                                    "Schema": "public",
                                    "Alias": "t",
                                    "Startup Cost": 0.43,
                                    "Total Cost": 8.32,
                                    "Plan Rows": 1,
                                    "Plan Width": 4,
                                    "Actual Startup Time": 0.003,
                                    "Actual Total Time": 0.003,
                                    "Actual Rows": 1,
                                    "Actual Loops": 191,
                                    "Output": [
                                        "t.id"
                                    ],
                                    "Index Cond": "(t.id = ci.movie_id)",
                                    "Rows Removed by Index Recheck": 0,
                                    "Heap Fetches": 191
                                }
                            ]
                        },
                        {
                            "Node Type": "Index Only Scan",
                            "Parent Relationship": "Inner",
                            "Parallel Aware": false,
                            "Scan Direction": "Forward",
                            "Index Name": "movie_id_movie_keyword",
                            "Relation Name": "movie_keyword",
                            "Schema": "public",
                            "Alias": "mk",
                            "Startup Cost": 0.43,
                            "Total Cost": 1.31,
                            "Plan Rows": 46,
                            "Plan Width": 4,
                            "Actual Startup Time": 0.002,
                            "Actual Total Time": 0.002,
                            "Actual Rows": 2,
                            "Actual Loops": 191,
                            "Output": [
                                "mk.movie_id"
                            ],
                            "Index Cond": "(mk.movie_id = t.id)",
                            "Rows Removed by Index Recheck": 0,
                            "Heap Fetches": 304
                        }
                    ]
                }
            ]
        },
        "Planning Time": 176.078,
        "Triggers": [],
        "Execution Time": 1.193
    }
]