{
  "Plan": {
    "Node Type": "Aggregate",
    "Strategy": "Plain",
    "Partial Mode": "Finalize",
    "Parallel Aware": false,
    "Startup Cost": 122213.93,
    "Total Cost": 122213.94,
    "Plan Rows": 1,
    "Plan Width": 8,
    "Actual Startup Time": 682.309,
    "Actual Total Time": 701.832,
    "Actual Rows": 1,
    "Actual Loops": 1,
    "Plans": [
      {
        "Node Type": "Gather",
        "Parent Relationship": "Outer",
        "Parallel Aware": false,
        "Startup Cost": 122213.82,
        "Total Cost": 122213.93,
        "Plan Rows": 1,
        "Plan Width": 8,
        "Actual Startup Time": 680.098,
        "Actual Total Time": 701.82,
        "Actual Rows": 2,
        "Actual Loops": 1,
        "Workers Planned": 1,
        "Workers Launched": 1,
        "Single Copy": false,
        "Plans": [
          {
            "Node Type": "Aggregate",
            "Strategy": "Plain",
            "Partial Mode": "Partial",
            "Parent Relationship": "Outer",
            "Parallel Aware": false,
            "Startup Cost": 121213.82,
            "Total Cost": 121213.83,
            "Plan Rows": 1,
            "Plan Width": 8,
            "Actual Startup Time": 671.976,
            "Actual Total Time": 671.983,
            "Actual Rows": 1,
            "Actual Loops": 2,
            "Plans": [
              {
                "Node Type": "Hash Join",
                "Parent Relationship": "Outer",
                "Parallel Aware": true,
                "Join Type": "Inner",
                "Startup Cost": 87010.4,
                "Total Cost": 120323.69,
                "Plan Rows": 356051,
                "Plan Width": 0,
                "Actual Startup Time": 474.816,
                "Actual Total Time": 667.755,
                "Actual Rows": 79842,
                "Actual Loops": 2,
                "Inner Unique": true,
                "Hash Cond": "(mk.movie_id = t.id)",
                "Plans": [
                  {
                    "Node Type": "Bitmap Heap Scan",
                    "Parent Relationship": "Outer",
                    "Parallel Aware": true,
                    "Relation Name": "movie_keyword",
                    "Alias": "mk",
                    "Startup Cost": 21121.53,
                    "Total Cost": 52897.26,
                    "Plan Rows": 585738,
                    "Plan Width": 4,
                    "Actual Startup Time": 68.971,
                    "Actual Total Time": 176.73,
                    "Actual Rows": 493090,
                    "Actual Loops": 2,
                    "Recheck Cond": "(keyword_id > 18749)",
                    "Rows Removed by Index Recheck": 0,
                    "Exact Heap Blocks": 13175,
                    "Lossy Heap Blocks": 0,
                    "Plans": [
                      {
                        "Node Type": "Bitmap Index Scan",
                        "Parent Relationship": "Outer",
                        "Parallel Aware": false,
                        "Index Name": "keyword_id_movie_keyword",
                        "Startup Cost": 0.0,
                        "Total Cost": 20872.59,
                        "Plan Rows": 995755,
                        "Plan Width": 0,
                        "Actual Startup Time": 65.229,
                        "Actual Total Time": 65.23,
                        "Actual Rows": 986181,
                        "Actual Loops": 1,
                        "Index Cond": "(keyword_id > 18749)"
                      }
                    ]
                  },
                  {
                    "Node Type": "Hash",
                    "Parent Relationship": "Inner",
                    "Parallel Aware": true,
                    "Startup Cost": 54588.39,
                    "Total Cost": 54588.39,
                    "Plan Rows": 904038,
                    "Plan Width": 4,
                    "Actual Startup Time": 391.208,
                    "Actual Total Time": 391.209,
                    "Actual Rows": 771632,
                    "Actual Loops": 2,
                    "Hash Buckets": 2097152,
                    "Original Hash Buckets": 2097152,
                    "Hash Batches": 1,
                    "Original Hash Batches": 1,
                    "Peak Memory Usage": 76800,
                    "Plans": [
                      {
                        "Node Type": "Seq Scan",
                        "Parent Relationship": "Outer",
                        "Parallel Aware": true,
                        "Relation Name": "title",
                        "Alias": "t",
                        "Startup Cost": 0.0,
                        "Total Cost": 54588.39,
                        "Plan Rows": 904038,
                        "Plan Width": 4,
                        "Actual Startup Time": 0.048,
                        "Actual Total Time": 166.268,
                        "Actual Rows": 771632,
                        "Actual Loops": 2,
                        "Filter": "(kind_id = 7)",
                        "Rows Removed by Filter": 492524
                      }
                    ]
                  }
                ]
              }
            ]
          }
        ]
      }
    ]
  },
  "Planning Time": 0.63,
  "Triggers": [],
  "Execution Time": 701.941
}