[
    {
        "Bao": {
            "Bao prediction": "NaN",
            "Bao recommended hint": "(no hint)"
        }
    },
    {
        "Plan": {
            "Node Type": "Aggregate",
            "Strategy": "Plain",
            "Partial Mode": "Finalize",
            "Parallel Aware": false,
            "Startup Cost": 34991.85,
            "Total Cost": 34991.86,
            "Plan Rows": 1,
            "Plan Width": 8,
            "Actual Startup Time": 28.965,
            "Actual Total Time": 33.107,
            "Actual Rows": 1,
            "Actual Loops": 1,
            "Output": [
                "count(*)"
            ],
            "Plans": [
                {
                    "Node Type": "Gather",
                    "Parent Relationship": "Outer",
                    "Parallel Aware": false,
                    "Startup Cost": 34991.63,
                    "Total Cost": 34991.84,
                    "Plan Rows": 2,
                    "Plan Width": 8,
                    "Actual Startup Time": 28.773,
                    "Actual Total Time": 33.1,
                    "Actual Rows": 3,
                    "Actual Loops": 1,
                    "Output": [
                        "(PARTIAL count(*))"
                    ],
                    "Workers Planned": 2,
                    "Workers Launched": 2,
                    "Single Copy": false,
                    "Plans": [
                        {
                            "Node Type": "Aggregate",
                            "Strategy": "Plain",
                            "Partial Mode": "Partial",
                            "Parent Relationship": "Outer",
                            "Parallel Aware": false,
                            "Startup Cost": 33991.63,
                            "Total Cost": 33991.64,
                            "Plan Rows": 1,
                            "Plan Width": 8,
                            "Actual Startup Time": 20.807,
                            "Actual Total Time": 20.809,
                            "Actual Rows": 1,
                            "Actual Loops": 3,
                            "Output": [
                                "PARTIAL count(*)"
                            ],
                            "Workers": [
                                {
                                    "Worker Number": 0,
                                    "Actual Startup Time": 16.695,
                                    "Actual Total Time": 16.697,
                                    "Actual Rows": 1,
                                    "Actual Loops": 1
                                },
                                {
                                    "Worker Number": 1,
                                    "Actual Startup Time": 17.227,
                                    "Actual Total Time": 17.229,
                                    "Actual Rows": 1,
                                    "Actual Loops": 1
                                }
                            ],
                            "Plans": [
                                {
                                    "Node Type": "Nested Loop",
                                    "Parent Relationship": "Outer",
                                    "Parallel Aware": false,
                                    "Join Type": "Inner",
                                    "Startup Cost": 138.39,
                                    "Total Cost": 33991.4,
                                    "Plan Rows": 92,
                                    "Plan Width": 0,
                                    "Actual Startup Time": 2.827,
                                    "Actual Total Time": 20.79,
                                    "Actual Rows": 106,
                                    "Actual Loops": 3,
                                    "Inner Unique": false,
                                    "Workers": [
                                        {
                                            "Worker Number": 0,
                                            "Actual Startup Time": 1.507,
                                            "Actual Total Time": 16.687,
                                            "Actual Rows": 5,
                                            "Actual Loops": 1
                                        },
                                        {
                                            "Worker Number": 1,
                                            "Actual Startup Time": 4.935,
                                            "Actual Total Time": 17.208,
                                            "Actual Rows": 43,
                                            "Actual Loops": 1
                                        }
                                    ],
                                    "Plans": [
                                        {
                                            "Node Type": "Nested Loop",
                                            "Parent Relationship": "Outer",
                                            "Parallel Aware": false,
                                            "Join Type": "Inner",
                                            "Startup Cost": 137.95,
                                            "Total Cost": 33252.17,
                                            "Plan Rows": 18,
                                            "Plan Width": 8,
                                            "Actual Startup Time": 2.703,
                                            "Actual Total Time": 20.046,
                                            "Actual Rows": 19,
                                            "Actual Loops": 3,
                                            "Output": [
                                                "t.id",
                                                "mk.movie_id"
                                            ],
                                            "Inner Unique": true,
                                            "Workers": [
                                                {
                                                    "Worker Number": 0,
                                                    "Actual Startup Time": 1.334,
                                                    "Actual Total Time": 16.343,
                                                    "Actual Rows": 1,
                                                    "Actual Loops": 1
                                                },
                                                {
                                                    "Worker Number": 1,
                                                    "Actual Startup Time": 4.757,
                                                    "Actual Total Time": 15.977,
                                                    "Actual Rows": 8,
                                                    "Actual Loops": 1
                                                }
                                            ],
                                            "Plans": [
                                                {
                                                    "Node Type": "Bitmap Heap Scan",
                                                    "Parent Relationship": "Outer",
                                                    "Parallel Aware": true,
                                                    "Relation Name": "movie_keyword",
                                                    "Schema": "public",
                                                    "Alias": "mk",
                                                    "Startup Cost": 137.52,
                                                    "Total Cost": 14545.79,
                                                    "Plan Rows": 2639,
                                                    "Plan Width": 4,
                                                    "Actual Startup Time": 0.692,
                                                    "Actual Total Time": 6.428,
                                                    "Actual Rows": 2263,
                                                    "Actual Loops": 3,
                                                    "Output": [
                                                        "mk.id",
                                                        "mk.movie_id",
                                                        "mk.keyword_id"
                                                    ],
                                                    "Recheck Cond": "(mk.keyword_id = 495)",
                                                    "Rows Removed by Index Recheck": 0,
                                                    "Exact Heap Blocks": 4365,
                                                    "Lossy Heap Blocks": 0,
                                                    "Workers": [
                                                        {
                                                            "Worker Number": 0,
                                                            "Actual Startup Time": 0.177,
                                                            "Actual Total Time": 4.91,
                                                            "Actual Rows": 323,
                                                            "Actual Loops": 1
                                                        },
                                                        {
                                                            "Worker Number": 1,
                                                            "Actual Startup Time": 0.211,
                                                            "Actual Total Time": 4.968,
                                                            "Actual Rows": 277,
                                                            "Actual Loops": 1
                                                        }
                                                    ],
                                                    "Plans": [
                                                        {
                                                            "Node Type": "Bitmap Index Scan",
                                                            "Parent Relationship": "Outer",
                                                            "Parallel Aware": false,
                                                            "Index Name": "keyword_id_movie_keyword",
                                                            "Startup Cost": 0.0,
                                                            "Total Cost": 135.94,
                                                            "Plan Rows": 6334,
                                                            "Plan Width": 0,
                                                            "Actual Startup Time": 1.075,
                                                            "Actual Total Time": 1.076,
                                                            "Actual Rows": 6790,
                                                            "Actual Loops": 1,
                                                            "Index Cond": "(mk.keyword_id = 495)"
                                                        }
                                                    ]
                                                },
                                                {
                                                    "Node Type": "Index Scan",
                                                    "Parent Relationship": "Inner",
                                                    "Parallel Aware": false,
                                                    "Scan Direction": "Forward",
                                                    "Index Name": "title_pkey",
                                                    "Relation Name": "title",
                                                    "Schema": "public",
                                                    "Alias": "t",
                                                    "Startup Cost": 0.43,
                                                    "Total Cost": 7.09,
                                                    "Plan Rows": 1,
                                                    "Plan Width": 4,
                                                    "Actual Startup Time": 0.006,
                                                    "Actual Total Time": 0.006,
                                                    "Actual Rows": 0,
                                                    "Actual Loops": 6790,
                                                    "Output": [
                                                        "t.id",
                                                        "t.title",
                                                        "t.imdb_index",
                                                        "t.kind_id",
                                                        "t.production_year",
                                                        "t.imdb_id",
                                                        "t.phonetic_code",
                                                        "t.episode_of_id",
                                                        "t.season_nr",
                                                        "t.episode_nr",
                                                        "t.series_years",
                                                        "t.md5sum"
                                                    ],
                                                    "Index Cond": "(t.id = mk.movie_id)",
                                                    "Rows Removed by Index Recheck": 0,
                                                    "Filter": "((t.kind_id > 1) AND (t.production_year = 1992))",
                                                    "Rows Removed by Filter": 1,
                                                    "Workers": [
                                                        {
                                                            "Worker Number": 0,
                                                            "Actual Startup Time": 0.034,
                                                            "Actual Total Time": 0.034,
                                                            "Actual Rows": 0,
                                                            "Actual Loops": 323
                                                        },
                                                        {
                                                            "Worker Number": 1,
                                                            "Actual Startup Time": 0.038,
                                                            "Actual Total Time": 0.038,
                                                            "Actual Rows": 0,
                                                            "Actual Loops": 277
                                                        }
                                                    ]
                                                }
                                            ]
                                        },
                                        {
                                            "Node Type": "Index Scan",
                                            "Parent Relationship": "Inner",
                                            "Parallel Aware": false,
                                            "Scan Direction": "Forward",
                                            "Index Name": "movie_id_movie_info",
                                            "Relation Name": "movie_info",
                                            "Schema": "public",
                                            "Alias": "mi",
                                            "Startup Cost": 0.43,
                                            "Total Cost": 40.74,
                                            "Plan Rows": 33,
                                            "Plan Width": 4,
                                            "Actual Startup Time": 0.018,
                                            "Actual Total Time": 0.038,
                                            "Actual Rows": 6,
                                            "Actual Loops": 57,
                                            "Output": [
                                                "mi.id",
                                                "mi.movie_id",
                                                "mi.info_type_id",
                                                "mi.info",
                                                "mi.note"
                                            ],
                                            "Index Cond": "(mi.movie_id = t.id)",
                                            "Rows Removed by Index Recheck": 0,
                                            "Filter": "(mi.info_type_id < 17)",
                                            "Rows Removed by Filter": 0,
                                            "Workers": [
                                                {
                                                    "Worker Number": 0,
                                                    "Actual Startup Time": 0.17,
                                                    "Actual Total Time": 0.338,
                                                    "Actual Rows": 5,
                                                    "Actual Loops": 1
                                                },
                                                {
                                                    "Worker Number": 1,
                                                    "Actual Startup Time": 0.076,
                                                    "Actual Total Time": 0.15,
                                                    "Actual Rows": 5,
                                                    "Actual Loops": 8
                                                }
                                            ]
                                        }
                                    ]
                                }
                            ]
                        }
                    ]
                }
            ]
        },
        "Planning Time": 187.263,
        "Triggers": [],
        "Execution Time": 33.296
    }
]