{
    "Plan": {
        "Node Type": "Aggregate",
        "Strategy": "Plain",
        "Partial Mode": "Simple",
        "Parallel Aware": false,
        "Startup Cost": 80000285608.47,
        "Total Cost": 80000285608.48,
        "Plan Rows": 1,
        "Plan Width": 64,
        "Actual Startup Time": 1195.037,
        "Actual Total Time": 1195.05,
        "Actual Rows": 1,
        "Actual Loops": 1,
        "Output": [
            "min(n.name)",
            "min(t.title)"
        ],
        "Plans": [
            {
                "Node Type": "Nested Loop",
                "Parent Relationship": "Outer",
                "Parallel Aware": false,
                "Join Type": "Inner",
                "Startup Cost": 80000000011.54,
                "Total Cost": 80000285608.46,
                "Plan Rows": 1,
                "Plan Width": 32,
                "Actual Startup Time": 269.889,
                "Actual Total Time": 1195.011,
                "Actual Rows": 57,
                "Actual Loops": 1,
                "Output": [
                    "n.name",
                    "t.title"
                ],
                "Inner Unique": true,
                "Plans": [
                    {
                        "Node Type": "Nested Loop",
                        "Parent Relationship": "Outer",
                        "Parallel Aware": false,
                        "Join Type": "Inner",
                        "Startup Cost": 70000000011.11,
                        "Total Cost": 70000285599.99,
                        "Plan Rows": 1,
                        "Plan Width": 36,
                        "Actual Startup Time": 269.879,
                        "Actual Total Time": 1194.655,
                        "Actual Rows": 57,
                        "Actual Loops": 1,
                        "Output": [
                            "n.name",
                            "pi.info_type_id",
                            "t.title"
                        ],
                        "Inner Unique": true,
                        "Plans": [
                            {
                                "Node Type": "Nested Loop",
                                "Parent Relationship": "Outer",
                                "Parallel Aware": false,
                                "Join Type": "Inner",
                                "Startup Cost": 60000000010.67,
                                "Total Cost": 60000285595.54,
                                "Plan Rows": 1,
                                "Plan Width": 27,
                                "Actual Startup Time": 263.125,
                                "Actual Total Time": 1193.61,
                                "Actual Rows": 76,
                                "Actual Loops": 1,
                                "Output": [
                                    "ci.movie_id",
                                    "ml.linked_movie_id",
                                    "n.name",
                                    "pi.info_type_id"
                                ],
                                "Inner Unique": true,
                                "Plans": [
                                    {
                                        "Node Type": "Nested Loop",
                                        "Parent Relationship": "Outer",
                                        "Parallel Aware": false,
                                        "Join Type": "Inner",
                                        "Startup Cost": 50000000010.52,
                                        "Total Cost": 50000285583.2,
                                        "Plan Rows": 2,
                                        "Plan Width": 31,
                                        "Actual Startup Time": 262.876,
                                        "Actual Total Time": 1192.241,
                                        "Actual Rows": 241,
                                        "Actual Loops": 1,
                                        "Output": [
                                            "ci.movie_id",
                                            "ml.linked_movie_id",
                                            "ml.link_type_id",
                                            "n.name",
                                            "pi.info_type_id"
                                        ],
                                        "Inner Unique": false,
                                        "Plans": [
                                            {
                                                "Node Type": "Nested Loop",
                                                "Parent Relationship": "Outer",
                                                "Parallel Aware": false,
                                                "Join Type": "Inner",
                                                "Startup Cost": 40000000010.22,
                                                "Total Cost": 40000285300.58,
                                                "Plan Rows": 65,
                                                "Plan Width": 23,
                                                "Actual Startup Time": 262.043,
                                                "Actual Total Time": 1179.939,
                                                "Actual Rows": 2207,
                                                "Actual Loops": 1,
                                                "Output": [
                                                    "ci.movie_id",
                                                    "n.name",
                                                    "pi.info_type_id"
                                                ],
                                                "Inner Unique": false,
                                                "Plans": [
                                                    {
                                                        "Node Type": "Nested Loop",
                                                        "Parent Relationship": "Outer",
                                                        "Parallel Aware": false,
                                                        "Join Type": "Inner",
                                                        "Startup Cost": 30000000005.32,
                                                        "Total Cost": 30000285280.2,
                                                        "Plan Rows": 1,
                                                        "Plan Width": 31,
                                                        "Actual Startup Time": 261.946,
                                                        "Actual Total Time": 1177.485,
                                                        "Actual Rows": 18,
                                                        "Actual Loops": 1,
                                                        "Output": [
                                                            "an.person_id",
                                                            "n.name",
                                                            "n.id",
                                                            "pi.person_id",
                                                            "pi.info_type_id"
                                                        ],
                                                        "Inner Unique": false,
                                                        "Plans": [
                                                            {
                                                                "Node Type": "Nested Loop",
                                                                "Parent Relationship": "Outer",
                                                                "Parallel Aware": false,
                                                                "Join Type": "Inner",
                                                                "Startup Cost": 20000000004.87,
                                                                "Total Cost": 20000285239.79,
                                                                "Plan Rows": 9,
                                                                "Plan Width": 27,
                                                                "Actual Startup Time": 261.066,
                                                                "Actual Total Time": 1176.603,
                                                                "Actual Rows": 27,
                                                                "Actual Loops": 1,
                                                                "Output": [
                                                                    "n.name",
                                                                    "n.id",
                                                                    "pi.person_id",
                                                                    "pi.info_type_id"
                                                                ],
                                                                "Inner Unique": true,
                                                                "Plans": [
                                                                    {
                                                                        "Node Type": "Index Scan",
                                                                        "Parent Relationship": "Outer",
                                                                        "Parallel Aware": false,
                                                                        "Scan Direction": "Forward",
                                                                        "Index Name": "info_type_id_person_info",
                                                                        "Relation Name": "person_info",
                                                                        "Schema": "public",
                                                                        "Alias": "pi",
                                                                        "Startup Cost": 10000000000.43,
                                                                        "Total Cost": 10000285002.84,
                                                                        "Plan Rows": 28,
                                                                        "Plan Width": 8,
                                                                        "Actual Startup Time": 253.207,
                                                                        "Actual Total Time": 1174.543,
                                                                        "Actual Rows": 64,
                                                                        "Actual Loops": 1,
                                                                        "Output": [
                                                                            "pi.id",
                                                                            "pi.person_id",
                                                                            "pi.info_type_id",
                                                                            "pi.info",
                                                                            "pi.note"
                                                                        ],
                                                                        "Filter": "(pi.note = 'Volker Boehm'::text)",
                                                                        "Rows Removed by Filter": 2963600
                                                                    },
                                                                    {
                                                                        "Node Type": "Bitmap Heap Scan",
                                                                        "Parent Relationship": "Inner",
                                                                        "Parallel Aware": false,
                                                                        "Relation Name": "name",
                                                                        "Schema": "public",
                                                                        "Alias": "n",
                                                                        "Startup Cost": 4.44,
                                                                        "Total Cost": 8.46,
                                                                        "Plan Rows": 1,
                                                                        "Plan Width": 19,
                                                                        "Actual Startup Time": 0.028,
                                                                        "Actual Total Time": 0.028,
                                                                        "Actual Rows": 0,
                                                                        "Actual Loops": 64,
                                                                        "Output": [
                                                                            "n.id",
                                                                            "n.name",
                                                                            "n.imdb_index",
                                                                            "n.imdb_id",
                                                                            "n.gender",
                                                                            "n.name_pcode_cf",
                                                                            "n.name_pcode_nf",
                                                                            "n.surname_pcode",
                                                                            "n.md5sum"
                                                                        ],
                                                                        "Recheck Cond": "(n.id = pi.person_id)",
                                                                        "Rows Removed by Index Recheck": 0,
                                                                        "Filter": "(((n.name_pcode_cf)::text >= 'C'::text) AND ((n.name_pcode_cf)::text <= 'T'::text) AND (((n.gender)::text = 'm'::text) OR (((n.gender)::text = 'f'::text) AND (n.name ~~ 'B%'::text))))",
                                                                        "Rows Removed by Filter": 1,
                                                                        "Exact Heap Blocks": 64,
                                                                        "Lossy Heap Blocks": 0,
                                                                        "Plans": [
                                                                            {
                                                                                "Node Type": "Bitmap Index Scan",
                                                                                "Parent Relationship": "Outer",
                                                                                "Parallel Aware": false,
                                                                                "Index Name": "name_pkey",
                                                                                "Startup Cost": 0.0,
                                                                                "Total Cost": 4.44,
                                                                                "Plan Rows": 1,
                                                                                "Plan Width": 0,
                                                                                "Actual Startup Time": 0.016,
                                                                                "Actual Total Time": 0.016,
                                                                                "Actual Rows": 1,
                                                                                "Actual Loops": 64,
                                                                                "Index Cond": "(n.id = pi.person_id)"
                                                                            }
                                                                        ]
                                                                    }
                                                                ]
                                                            },
                                                            {
                                                                "Node Type": "Bitmap Heap Scan",
                                                                "Parent Relationship": "Inner",
                                                                "Parallel Aware": false,
                                                                "Relation Name": "aka_name",
                                                                "Schema": "public",
                                                                "Alias": "an",
                                                                "Startup Cost": 0.45,
                                                                "Total Cost": 4.48,
                                                                "Plan Rows": 1,
                                                                "Plan Width": 4,
                                                                "Actual Startup Time": 0.028,
                                                                "Actual Total Time": 0.029,
                                                                "Actual Rows": 1,
                                                                "Actual Loops": 27,
                                                                "Output": [
                                                                    "an.id",
                                                                    "an.person_id",
                                                                    "an.name",
                                                                    "an.imdb_index",
                                                                    "an.name_pcode_cf",
                                                                    "an.name_pcode_nf",
                                                                    "an.surname_pcode",
                                                                    "an.md5sum"
                                                                ],
                                                                "Recheck Cond": "(an.person_id = n.id)",
                                                                "Rows Removed by Index Recheck": 0,
                                                                "Filter": "(an.name ~~ '%h%'::text)",
                                                                "Rows Removed by Filter": 1,
                                                                "Exact Heap Blocks": 37,
                                                                "Lossy Heap Blocks": 0,
                                                                "Plans": [
                                                                    {
                                                                        "Node Type": "Bitmap Index Scan",
                                                                        "Parent Relationship": "Outer",
                                                                        "Parallel Aware": false,
                                                                        "Index Name": "person_id_aka_name",
                                                                        "Startup Cost": 0.0,
                                                                        "Total Cost": 0.45,
                                                                        "Plan Rows": 2,
                                                                        "Plan Width": 0,
                                                                        "Actual Startup Time": 0.015,
                                                                        "Actual Total Time": 0.015,
                                                                        "Actual Rows": 2,
                                                                        "Actual Loops": 27,
                                                                        "Index Cond": "(an.person_id = n.id)"
                                                                    }
                                                                ]
                                                            }
                                                        ]
                                                    },
                                                    {
                                                        "Node Type": "Bitmap Heap Scan",
                                                        "Parent Relationship": "Inner",
                                                        "Parallel Aware": false,
                                                        "Relation Name": "cast_info",
                                                        "Schema": "public",
                                                        "Alias": "ci",
                                                        "Startup Cost": 4.9,
                                                        "Total Cost": 15.28,
                                                        "Plan Rows": 510,
                                                        "Plan Width": 8,
                                                        "Actual Startup Time": 0.048,
                                                        "Actual Total Time": 0.104,
                                                        "Actual Rows": 123,
                                                        "Actual Loops": 18,
                                                        "Output": [
                                                            "ci.id",
                                                            "ci.person_id",
                                                            "ci.movie_id",
                                                            "ci.person_role_id",
                                                            "ci.note",
                                                            "ci.nr_order",
                                                            "ci.role_id"
                                                        ],
                                                        "Recheck Cond": "(ci.person_id = n.id)",
                                                        "Rows Removed by Index Recheck": 0,
                                                        "Exact Heap Blocks": 93,
                                                        "Lossy Heap Blocks": 0,
                                                        "Plans": [
                                                            {
                                                                "Node Type": "Bitmap Index Scan",
                                                                "Parent Relationship": "Outer",
                                                                "Parallel Aware": false,
                                                                "Index Name": "person_id_cast_info",
                                                                "Startup Cost": 0.0,
                                                                "Total Cost": 4.78,
                                                                "Plan Rows": 510,
                                                                "Plan Width": 0,
                                                                "Actual Startup Time": 0.035,
                                                                "Actual Total Time": 0.035,
                                                                "Actual Rows": 123,
                                                                "Actual Loops": 18,
                                                                "Index Cond": "(ci.person_id = n.id)"
                                                            }
                                                        ]
                                                    }
                                                ]
                                            },
                                            {
                                                "Node Type": "Bitmap Heap Scan",
                                                "Parent Relationship": "Inner",
                                                "Parallel Aware": false,
                                                "Relation Name": "movie_link",
                                                "Schema": "public",
                                                "Alias": "ml",
                                                "Startup Cost": 0.3,
                                                "Total Cost": 4.33,
                                                "Plan Rows": 2,
                                                "Plan Width": 8,
                                                "Actual Startup Time": 0.003,
                                                "Actual Total Time": 0.003,
                                                "Actual Rows": 0,
                                                "Actual Loops": 2207,
                                                "Output": [
                                                    "ml.id",
                                                    "ml.movie_id",
                                                    "ml.linked_movie_id",
                                                    "ml.link_type_id"
                                                ],
                                                "Recheck Cond": "(ml.linked_movie_id = ci.movie_id)",
                                                "Rows Removed by Index Recheck": 0,
                                                "Exact Heap Blocks": 218,
                                                "Lossy Heap Blocks": 0,
                                                "Plans": [
                                                    {
                                                        "Node Type": "Bitmap Index Scan",
                                                        "Parent Relationship": "Outer",
                                                        "Parallel Aware": false,
                                                        "Index Name": "linked_movie_id_movie_link",
                                                        "Startup Cost": 0.0,
                                                        "Total Cost": 0.3,
                                                        "Plan Rows": 2,
                                                        "Plan Width": 0,
                                                        "Actual Startup Time": 0.003,
                                                        "Actual Total Time": 0.003,
                                                        "Actual Rows": 0,
                                                        "Actual Loops": 2207,
                                                        "Index Cond": "(ml.linked_movie_id = ci.movie_id)"
                                                    }
                                                ]
                                            }
                                        ]
                                    },
                                    {
                                        "Node Type": "Bitmap Heap Scan",
                                        "Parent Relationship": "Inner",
                                        "Parallel Aware": false,
                                        "Relation Name": "link_type",
                                        "Schema": "public",
                                        "Alias": "lt",
                                        "Startup Cost": 0.15,
                                        "Total Cost": 4.16,
                                        "Plan Rows": 1,
                                        "Plan Width": 4,
                                        "Actual Startup Time": 0.003,
                                        "Actual Total Time": 0.003,
                                        "Actual Rows": 0,
                                        "Actual Loops": 241,
                                        "Output": [
                                            "lt.id",
                                            "lt.link"
                                        ],
                                        "Recheck Cond": "(lt.id = ml.link_type_id)",
                                        "Rows Removed by Index Recheck": 0,
                                        "Filter": "((lt.link)::text = 'features'::text)",
                                        "Rows Removed by Filter": 1,
                                        "Exact Heap Blocks": 241,
                                        "Lossy Heap Blocks": 0,
                                        "Plans": [
                                            {
                                                "Node Type": "Bitmap Index Scan",
                                                "Parent Relationship": "Outer",
                                                "Parallel Aware": false,
                                                "Index Name": "link_type_pkey",
                                                "Startup Cost": 0.0,
                                                "Total Cost": 0.15,
                                                "Plan Rows": 1,
                                                "Plan Width": 0,
                                                "Actual Startup Time": 0.002,
                                                "Actual Total Time": 0.002,
                                                "Actual Rows": 1,
                                                "Actual Loops": 241,
                                                "Index Cond": "(lt.id = ml.link_type_id)"
                                            }
                                        ]
                                    }
                                ]
                            },
                            {
                                "Node Type": "Bitmap Heap Scan",
                                "Parent Relationship": "Inner",
                                "Parallel Aware": false,
                                "Relation Name": "title",
                                "Schema": "public",
                                "Alias": "t",
                                "Startup Cost": 0.44,
                                "Total Cost": 4.46,
                                "Plan Rows": 1,
                                "Plan Width": 21,
                                "Actual Startup Time": 0.011,
                                "Actual Total Time": 0.011,
                                "Actual Rows": 1,
                                "Actual Loops": 76,
                                "Output": [
                                    "t.id",
                                    "t.title",
                                    "t.imdb_index",
                                    "t.kind_id",
                                    "t.production_year",
                                    "t.imdb_id",
                                    "t.phonetic_code",
                                    "t.episode_of_id",
                                    "t.season_nr",
                                    "t.episode_nr",
                                    "t.series_years",
                                    "t.md5sum"
                                ],
                                "Recheck Cond": "(t.id = ci.movie_id)",
                                "Rows Removed by Index Recheck": 0,
                                "Filter": "((t.production_year >= 1940) AND (t.production_year <= 2004))",
                                "Rows Removed by Filter": 0,
                                "Exact Heap Blocks": 76,
                                "Lossy Heap Blocks": 0,
                                "Plans": [
                                    {
                                        "Node Type": "Bitmap Index Scan",
                                        "Parent Relationship": "Outer",
                                        "Parallel Aware": false,
                                        "Index Name": "title_pkey",
                                        "Startup Cost": 0.0,
                                        "Total Cost": 0.44,
                                        "Plan Rows": 1,
                                        "Plan Width": 0,
                                        "Actual Startup Time": 0.007,
                                        "Actual Total Time": 0.007,
                                        "Actual Rows": 1,
                                        "Actual Loops": 76,
                                        "Index Cond": "(t.id = ci.movie_id)"
                                    }
                                ]
                            }
                        ]
                    },
                    {
                        "Node Type": "Bitmap Heap Scan",
                        "Parent Relationship": "Inner",
                        "Parallel Aware": false,
                        "Relation Name": "info_type",
                        "Schema": "public",
                        "Alias": "it",
                        "Startup Cost": 0.44,
                        "Total Cost": 4.45,
                        "Plan Rows": 1,
                        "Plan Width": 4,
                        "Actual Startup Time": 0.003,
                        "Actual Total Time": 0.003,
                        "Actual Rows": 1,
                        "Actual Loops": 57,
                        "Output": [
                            "it.id",
                            "it.info"
                        ],
                        "Recheck Cond": "(it.id = pi.info_type_id)",
                        "Rows Removed by Index Recheck": 0,
                        "Filter": "((it.info)::text = 'mini biography'::text)",
                        "Rows Removed by Filter": 0,
                        "Exact Heap Blocks": 57,
                        "Lossy Heap Blocks": 0,
                        "Plans": [
                            {
                                "Node Type": "Bitmap Index Scan",
                                "Parent Relationship": "Outer",
                                "Parallel Aware": false,
                                "Index Name": "info_type_pkey",
                                "Startup Cost": 0.0,
                                "Total Cost": 0.44,
                                "Plan Rows": 1,
                                "Plan Width": 0,
                                "Actual Startup Time": 0.002,
                                "Actual Total Time": 0.002,
                                "Actual Rows": 1,
                                "Actual Loops": 57,
                                "Index Cond": "(it.id = pi.info_type_id)"
                            }
                        ]
                    }
                ]
            }
        ]
    },
    "Planning Time": 11.16,
    "Triggers": [],
    "Execution Time": 1195.641
}