[
  {
    "Plan": {
      "Node Type": "Aggregate",
      "Strategy": "Plain",
      "Partial Mode": "Finalize",
      "Parallel Aware": false,
      "Startup Cost": 747806.32,
      "Total Cost": 747806.33,
      "Plan Rows": 1,
      "Plan Width": 128,
      "Actual Startup Time": 2897.775,
      "Actual Total Time": 3059.396,
      "Actual Rows": 1,
      "Actual Loops": 1,
      "Plans": [
        {
          "Node Type": "Gather",
          "Parent Relationship": "Outer",
          "Parallel Aware": false,
          "Startup Cost": 747805.87,
          "Total Cost": 747806.28,
          "Plan Rows": 4,
          "Plan Width": 128,
          "Actual Startup Time": 2893.786,
          "Actual Total Time": 3059.374,
          "Actual Rows": 5,
          "Actual Loops": 1,
          "Workers Planned": 4,
          "Workers Launched": 4,
          "Single Copy": false,
          "Plans": [
            {
              "Node Type": "Aggregate",
              "Strategy": "Plain",
              "Partial Mode": "Partial",
              "Parent Relationship": "Outer",
              "Parallel Aware": false,
              "Startup Cost": 746805.87,
              "Total Cost": 746805.88,
              "Plan Rows": 1,
              "Plan Width": 128,
              "Actual Startup Time": 2881.579,
              "Actual Total Time": 2881.743,
              "Actual Rows": 1,
              "Actual Loops": 5,
              "Plans": [
                {
                  "Node Type": "Hash Join",
                  "Parent Relationship": "Outer",
                  "Parallel Aware": true,
                  "Join Type": "Inner",
                  "Startup Cost": 676515.36,
                  "Total Cost": 746805.86,
                  "Plan Rows": 1,
                  "Plan Width": 81,
                  "Actual Startup Time": 2689.822,
                  "Actual Total Time": 2879.285,
                  "Actual Rows": 14873,
                  "Actual Loops": 5,
                  "Inner Unique": false,
                  "Hash Cond": "(n.id = ci.person_id)",
                  "Plans": [
                    {
                      "Node Type": "Seq Scan",
                      "Parent Relationship": "Outer",
                      "Parallel Aware": true,
                      "Relation Name": "name",
                      "Alias": "n",
                      "Startup Cost": 0.0,
                      "Total Cost": 68635.58,
                      "Plan Rows": 441309,
                      "Plan Width": 19,
                      "Actual Startup Time": 0.044,
                      "Actual Total Time": 139.285,
                      "Actual Rows": 347916,
                      "Actual Loops": 5,
                      "Filter": "((gender)::text = 'm'::text)",
                      "Rows Removed by Filter": 485582
                    },
                    {
                      "Node Type": "Hash",
                      "Parent Relationship": "Inner",
                      "Parallel Aware": true,
                      "Startup Cost": 676515.35,
                      "Total Cost": 676515.35,
                      "Plan Rows": 1,
                      "Plan Width": 70,
                      "Actual Startup Time": 2687.959,
                      "Actual Total Time": 2688.121,
                      "Actual Rows": 19077,
                      "Actual Loops": 5,
                      "Hash Buckets": 131072,
                      "Original Hash Buckets": 1024,
                      "Hash Batches": 1,
                      "Original Hash Batches": 1,
                      "Peak Memory Usage": 8536,
                      "Plans": [
                        {
                          "Node Type": "Hash Join",
                          "Parent Relationship": "Outer",
                          "Parallel Aware": false,
                          "Join Type": "Inner",
                          "Startup Cost": 631826.65,
                          "Total Cost": 676515.35,
                          "Plan Rows": 1,
                          "Plan Width": 70,
                          "Actual Startup Time": 2497.093,
                          "Actual Total Time": 2668.333,
                          "Actual Rows": 19077,
                          "Actual Loops": 5,
                          "Inner Unique": false,
                          "Hash Cond": "(t.id = cc.movie_id)",
                          "Plans": [
                            {
                              "Node Type": "Hash Join",
                              "Parent Relationship": "Outer",
                              "Parallel Aware": true,
                              "Join Type": "Inner",
                              "Startup Cost": 628724.23,
                              "Total Cost": 673412.92,
                              "Plan Rows": 1,
                              "Plan Width": 90,
                              "Actual Startup Time": 2427.513,
                              "Actual Total Time": 2605.796,
                              "Actual Rows": 49031,
                              "Actual Loops": 5,
                              "Inner Unique": false,
                              "Hash Cond": "(t.id = mi.movie_id)",
                              "Plans": [
                                {
                                  "Node Type": "Seq Scan",
                                  "Parent Relationship": "Outer",
                                  "Parallel Aware": true,
                                  "Relation Name": "title",
                                  "Alias": "t",
                                  "Startup Cost": 0.0,
                                  "Total Cost": 42318.49,
                                  "Plan Rows": 632049,
                                  "Plan Width": 21,
                                  "Actual Startup Time": 0.027,
                                  "Actual Total Time": 80.141,
                                  "Actual Rows": 505662,
                                  "Actual Loops": 5
                                },
                                {
                                  "Node Type": "Hash",
                                  "Parent Relationship": "Inner",
                                  "Parallel Aware": true,
                                  "Startup Cost": 628724.22,
                                  "Total Cost": 628724.22,
                                  "Plan Rows": 1,
                                  "Plan Width": 69,
                                  "Actual Startup Time": 2424.836,
                                  "Actual Total Time": 2424.989,
                                  "Actual Rows": 49031,
                                  "Actual Loops": 5,
                                  "Hash Buckets": 262144,
                                  "Original Hash Buckets": 1024,
                                  "Hash Batches": 1,
                                  "Original Hash Batches": 1,
                                  "Peak Memory Usage": 20696,
                                  "Plans": [
                                    {
                                      "Node Type": "Hash Join",
                                      "Parent Relationship": "Outer",
                                      "Parallel Aware": true,
                                      "Join Type": "Inner",
                                      "Startup Cost": 275787.18,
                                      "Total Cost": 628724.22,
                                      "Plan Rows": 1,
                                      "Plan Width": 69,
                                      "Actual Startup Time": 1163.78,
                                      "Actual Total Time": 2372.404,
                                      "Actual Rows": 49031,
                                      "Actual Loops": 5,
                                      "Inner Unique": false,
                                      "Hash Cond": "(ci.movie_id = mi.movie_id)",
                                      "Plans": [
                                        {
                                          "Node Type": "Seq Scan",
                                          "Parent Relationship": "Outer",
                                          "Parallel Aware": true,
                                          "Relation Name": "cast_info",
                                          "Alias": "ci",
                                          "Startup Cost": 0.0,
                                          "Total Cost": 350807.07,
                                          "Plan Rows": 567989,
                                          "Plan Width": 8,
                                          "Actual Startup Time": 0.03,
                                          "Actual Total Time": 1093.731,
                                          "Actual Rows": 674481,
                                          "Actual Loops": 5,
                                          "Filter": "(note = ANY ('{(uncredited),(voice),\"(executive producer)\",(writer),\"(written by)\"}'::text[]))",
                                          "Rows Removed by Filter": 6574388
                                        },
                                        {
                                          "Node Type": "Hash",
                                          "Parent Relationship": "Inner",
                                          "Parallel Aware": true,
                                          "Startup Cost": 275787.17,
                                          "Total Cost": 275787.17,
                                          "Plan Rows": 1,
                                          "Plan Width": 61,
                                          "Actual Startup Time": 1163.522,
                                          "Actual Total Time": 1163.673,
                                          "Actual Rows": 6608,
                                          "Actual Loops": 5,
                                          "Hash Buckets": 32768,
                                          "Original Hash Buckets": 1024,
                                          "Hash Batches": 1,
                                          "Original Hash Batches": 1,
                                          "Peak Memory Usage": 2520,
                                          "Plans": [
                                            {
                                              "Node Type": "Hash Join",
                                              "Parent Relationship": "Outer",
                                              "Parallel Aware": true,
                                              "Join Type": "Inner",
                                              "Startup Cost": 260516.9,
                                              "Total Cost": 275787.17,
                                              "Plan Rows": 1,
                                              "Plan Width": 61,
                                              "Actual Startup Time": 1073.068,
                                              "Actual Total Time": 1147.474,
                                              "Actual Rows": 6608,
                                              "Actual Loops": 5,
                                              "Inner Unique": false,
                                              "Hash Cond": "(mi_idx.movie_id = mi.movie_id)",
                                              "Plans": [
                                                {
                                                  "Node Type": "Hash Join",
                                                  "Parent Relationship": "Outer",
                                                  "Parallel Aware": false,
                                                  "Join Type": "Inner",
                                                  "Startup Cost": 2.43,
                                                  "Total Cost": 15253.6,
                                                  "Plan Rows": 5089,
                                                  "Plan Width": 10,
                                                  "Actual Startup Time": 0.084,
                                                  "Actual Total Time": 61.14,
                                                  "Actual Rows": 91985,
                                                  "Actual Loops": 5,
                                                  "Inner Unique": true,
                                                  "Hash Cond": "(mi_idx.info_type_id = it2.id)",
                                                  "Plans": [
                                                    {
                                                      "Node Type": "Seq Scan",
                                                      "Parent Relationship": "Outer",
                                                      "Parallel Aware": true,
                                                      "Relation Name": "movie_info_idx",
                                                      "Alias": "mi_idx",
                                                      "Startup Cost": 0.0,
                                                      "Total Cost": 13685.15,
                                                      "Plan Rows": 575015,
                                                      "Plan Width": 14,
                                                      "Actual Startup Time": 0.016,
                                                      "Actual Total Time": 29.437,
                                                      "Actual Rows": 276007,
                                                      "Actual Loops": 5
                                                    },
                                                    {
                                                      "Node Type": "Hash",
                                                      "Parent Relationship": "Inner",
                                                      "Parallel Aware": false,
                                                      "Startup Cost": 2.41,
                                                      "Total Cost": 2.41,
                                                      "Plan Rows": 1,
                                                      "Plan Width": 4,
                                                      "Actual Startup Time": 0.027,
                                                      "Actual Total Time": 0.029,
                                                      "Actual Rows": 1,
                                                      "Actual Loops": 5,
                                                      "Hash Buckets": 1024,
                                                      "Original Hash Buckets": 1024,
                                                      "Hash Batches": 1,
                                                      "Original Hash Batches": 1,
                                                      "Peak Memory Usage": 9,
                                                      "Plans": [
                                                        {
                                                          "Node Type": "Seq Scan",
                                                          "Parent Relationship": "Outer",
                                                          "Parallel Aware": false,
                                                          "Relation Name": "info_type",
                                                          "Alias": "it2",
                                                          "Startup Cost": 0.0,
                                                          "Total Cost": 2.41,
                                                          "Plan Rows": 1,
                                                          "Plan Width": 4,
                                                          "Actual Startup Time": 0.019,
                                                          "Actual Total Time": 0.022,
                                                          "Actual Rows": 1,
                                                          "Actual Loops": 5,
                                                          "Filter": "((info)::text = 'votes'::text)",
                                                          "Rows Removed by Filter": 112
                                                        }
                                                      ]
                                                    }
                                                  ]
                                                },
                                                {
                                                  "Node Type": "Hash",
                                                  "Parent Relationship": "Inner",
                                                  "Parallel Aware": true,
                                                  "Startup Cost": 260514.46,
                                                  "Total Cost": 260514.46,
                                                  "Plan Rows": 1,
                                                  "Plan Width": 51,
                                                  "Actual Startup Time": 1072.647,
                                                  "Actual Total Time": 1072.792,
                                                  "Actual Rows": 7412,
                                                  "Actual Loops": 5,
                                                  "Hash Buckets": 65536,
                                                  "Original Hash Buckets": 1024,
                                                  "Hash Batches": 1,
                                                  "Original Hash Batches": 1,
                                                  "Peak Memory Usage": 2904,
                                                  "Plans": [
                                                    {
                                                      "Node Type": "Hash Join",
                                                      "Parent Relationship": "Outer",
                                                      "Parallel Aware": true,
                                                      "Join Type": "Inner",
                                                      "Startup Cost": 46346.34,
                                                      "Total Cost": 260514.46,
                                                      "Plan Rows": 1,
                                                      "Plan Width": 51,
                                                      "Actual Startup Time": 940.602,
                                                      "Actual Total Time": 1040.812,
                                                      "Actual Rows": 7412,
                                                      "Actual Loops": 5,
                                                      "Inner Unique": false,
                                                      "Hash Cond": "(mi.movie_id = mk.movie_id)",
                                                      "Plans": [
                                                        {
                                                          "Node Type": "Hash Join",
                                                          "Parent Relationship": "Outer",
                                                          "Parallel Aware": false,
                                                          "Join Type": "Inner",
                                                          "Startup Cost": 2.43,
                                                          "Total Cost": 214167.66,
                                                          "Plan Rows": 767,
                                                          "Plan Width": 47,
                                                          "Actual Startup Time": 641.382,
                                                          "Actual Total Time": 729.047,
                                                          "Actual Rows": 81634,
                                                          "Actual Loops": 5,
                                                          "Inner Unique": true,
                                                          "Hash Cond": "(mi.info_type_id = it1.id)",
                                                          "Plans": [
                                                            {
                                                              "Node Type": "Seq Scan",
                                                              "Parent Relationship": "Outer",
                                                              "Parallel Aware": true,
                                                              "Relation Name": "movie_info",
                                                              "Alias": "mi",
                                                              "Startup Cost": 0.0,
                                                              "Total Cost": 213929.22,
                                                              "Plan Rows": 86659,
                                                              "Plan Width": 51,
                                                              "Actual Startup Time": 442.291,
                                                              "Actual Total Time": 715.716,
                                                              "Actual Rows": 82270,
                                                              "Actual Loops": 5,
                                                              "Filter": "(info = ANY ('{Drama,War,Crime,Thriller,Action,Horror}'::text[]))",
                                                              "Rows Removed by Filter": 2884874
                                                            },
                                                            {
                                                              "Node Type": "Hash",
                                                              "Parent Relationship": "Inner",
                                                              "Parallel Aware": false,
                                                              "Startup Cost": 2.41,
                                                              "Total Cost": 2.41,
                                                              "Plan Rows": 1,
                                                              "Plan Width": 4,
                                                              "Actual Startup Time": 0.049,
                                                              "Actual Total Time": 0.05,
                                                              "Actual Rows": 1,
                                                              "Actual Loops": 5,
                                                              "Hash Buckets": 1024,
                                                              "Original Hash Buckets": 1024,
                                                              "Hash Batches": 1,
                                                              "Original Hash Batches": 1,
                                                              "Peak Memory Usage": 9,
                                                              "Plans": [
                                                                {
                                                                  "Node Type": "Seq Scan",
                                                                  "Parent Relationship": "Outer",
                                                                  "Parallel Aware": false,
                                                                  "Relation Name": "info_type",
                                                                  "Alias": "it1",
                                                                  "Startup Cost": 0.0,
                                                                  "Total Cost": 2.41,
                                                                  "Plan Rows": 1,
                                                                  "Plan Width": 4,
                                                                  "Actual Startup Time": 0.034,
                                                                  "Actual Total Time": 0.041,
                                                                  "Actual Rows": 1,
                                                                  "Actual Loops": 5,
                                                                  "Filter": "((info)::text = 'genres'::text)",
                                                                  "Rows Removed by Filter": 112
                                                                }
                                                              ]
                                                            }
                                                          ]
                                                        },
                                                        {
                                                          "Node Type": "Hash",
                                                          "Parent Relationship": "Inner",
                                                          "Parallel Aware": true,
                                                          "Startup Cost": 46342.97,
                                                          "Total Cost": 46342.97,
                                                          "Plan Rows": 76,
                                                          "Plan Width": 4,
                                                          "Actual Startup Time": 299.117,
                                                          "Actual Total Time": 299.12,
                                                          "Actual Rows": 7396,
                                                          "Actual Loops": 5,
                                                          "Hash Buckets": 65536,
                                                          "Original Hash Buckets": 1024,
                                                          "Hash Batches": 1,
                                                          "Original Hash Batches": 1,
                                                          "Peak Memory Usage": 2616,
                                                          "Plans": [
                                                            {
                                                              "Node Type": "Hash Join",
                                                              "Parent Relationship": "Outer",
                                                              "Parallel Aware": false,
                                                              "Join Type": "Inner",
                                                              "Startup Cost": 3464.78,
                                                              "Total Cost": 46342.97,
                                                              "Plan Rows": 76,
                                                              "Plan Width": 4,
                                                              "Actual Startup Time": 31.779,
                                                              "Actual Total Time": 240.665,
                                                              "Actual Rows": 7396,
                                                              "Actual Loops": 5,
                                                              "Inner Unique": true,
                                                              "Hash Cond": "(mk.keyword_id = k.id)",
                                                              "Plans": [
                                                                {
                                                                  "Node Type": "Seq Scan",
                                                                  "Parent Relationship": "Outer",
                                                                  "Parallel Aware": true,
                                                                  "Relation Name": "movie_keyword",
                                                                  "Alias": "mk",
                                                                  "Startup Cost": 0.0,
                                                                  "Total Cost": 39047.32,
                                                                  "Plan Rows": 1459332,
                                                                  "Plan Width": 8,
                                                                  "Actual Startup Time": 0.033,
                                                                  "Actual Total Time": 132.673,
                                                                  "Actual Rows": 904786,
                                                                  "Actual Loops": 5
                                                                },
                                                                {
                                                                  "Node Type": "Hash",
                                                                  "Parent Relationship": "Inner",
                                                                  "Parallel Aware": false,
                                                                  "Startup Cost": 3464.69,
                                                                  "Total Cost": 3464.69,
                                                                  "Plan Rows": 7,
                                                                  "Plan Width": 4,
                                                                  "Actual Startup Time": 31.231,
                                                                  "Actual Total Time": 31.232,
                                                                  "Actual Rows": 6,
                                                                  "Actual Loops": 5,
                                                                  "Hash Buckets": 1024,
                                                                  "Original Hash Buckets": 1024,
                                                                  "Hash Batches": 1,
                                                                  "Original Hash Batches": 1,
                                                                  "Peak Memory Usage": 9,
                                                                  "Plans": [
                                                                    {
                                                                      "Node Type": "Seq Scan",
                                                                      "Parent Relationship": "Outer",
                                                                      "Parallel Aware": false,
                                                                      "Relation Name": "keyword",
                                                                      "Alias": "k",
                                                                      "Startup Cost": 0.0,
                                                                      "Total Cost": 3464.69,
                                                                      "Plan Rows": 7,
                                                                      "Plan Width": 4,
                                                                      "Actual Startup Time": 0.137,
                                                                      "Actual Total Time": 31.219,
                                                                      "Actual Rows": 6,
                                                                      "Actual Loops": 5,
                                                                      "Filter": "(keyword = ANY ('{murder,based-on-comic,sequel,tv-special,murder-in-title,magnet,sadomasochism}'::text[]))",
                                                                      "Rows Removed by Filter": 134164
                                                                    }
                                                                  ]
                                                                }
                                                              ]
                                                            }
                                                          ]
                                                        }
                                                      ]
                                                    }
                                                  ]
                                                }
                                              ]
                                            }
                                          ]
                                        }
                                      ]
                                    }
                                  ]
                                }
                              ]
                            },
                            {
                              "Node Type": "Hash",
                              "Parent Relationship": "Inner",
                              "Parallel Aware": false,
                              "Startup Cost": 2996.88,
                              "Total Cost": 2996.88,
                              "Plan Rows": 8443,
                              "Plan Width": 4,
                              "Actual Startup Time": 56.996,
                              "Actual Total Time": 57.001,
                              "Actual Rows": 17879,
                              "Actual Loops": 5,
                              "Hash Buckets": 32768,
                              "Original Hash Buckets": 16384,
                              "Hash Batches": 1,
                              "Original Hash Batches": 1,
                              "Peak Memory Usage": 885,
                              "Plans": [
                                {
                                  "Node Type": "Hash Join",
                                  "Parent Relationship": "Outer",
                                  "Parallel Aware": false,
                                  "Join Type": "Inner",
                                  "Startup Cost": 2.12,
                                  "Total Cost": 2996.88,
                                  "Plan Rows": 8443,
                                  "Plan Width": 4,
                                  "Actual Startup Time": 0.252,
                                  "Actual Total Time": 52.891,
                                  "Actual Rows": 17879,
                                  "Actual Loops": 5,
                                  "Inner Unique": true,
                                  "Hash Cond": "(cc.status_id = cct2.id)",
                                  "Plans": [
                                    {
                                      "Node Type": "Hash Join",
                                      "Parent Relationship": "Outer",
                                      "Parallel Aware": false,
                                      "Join Type": "Inner",
                                      "Startup Cost": 1.06,
                                      "Total Cost": 2813.24,
                                      "Plan Rows": 33772,
                                      "Plan Width": 8,
                                      "Actual Startup Time": 0.114,
                                      "Actual Total Time": 43.983,
                                      "Actual Rows": 85941,
                                      "Actual Loops": 5,
                                      "Inner Unique": true,
                                      "Hash Cond": "(cc.subject_id = cct1.id)",
                                      "Plans": [
                                        {
                                          "Node Type": "Seq Scan",
                                          "Parent Relationship": "Outer",
                                          "Parallel Aware": false,
                                          "Relation Name": "complete_cast",
                                          "Alias": "cc",
                                          "Startup Cost": 0.0,
                                          "Total Cost": 2081.86,
                                          "Plan Rows": 135086,
                                          "Plan Width": 12,
                                          "Actual Startup Time": 0.05,
                                          "Actual Total Time": 21.466,
                                          "Actual Rows": 135086,
                                          "Actual Loops": 5
                                        },
                                        {
                                          "Node Type": "Hash",
                                          "Parent Relationship": "Inner",
                                          "Parallel Aware": false,
                                          "Startup Cost": 1.05,
                                          "Total Cost": 1.05,
                                          "Plan Rows": 1,
                                          "Plan Width": 4,
                                          "Actual Startup Time": 0.018,
                                          "Actual Total Time": 0.019,
                                          "Actual Rows": 1,
                                          "Actual Loops": 5,
                                          "Hash Buckets": 1024,
                                          "Original Hash Buckets": 1024,
                                          "Hash Batches": 1,
                                          "Original Hash Batches": 1,
                                          "Peak Memory Usage": 9,
                                          "Plans": [
                                            {
                                              "Node Type": "Seq Scan",
                                              "Parent Relationship": "Outer",
                                              "Parallel Aware": false,
                                              "Relation Name": "comp_cast_type",
                                              "Alias": "cct1",
                                              "Startup Cost": 0.0,
                                              "Total Cost": 1.05,
                                              "Plan Rows": 1,
                                              "Plan Width": 4,
                                              "Actual Startup Time": 0.008,
                                              "Actual Total Time": 0.011,
                                              "Actual Rows": 1,
                                              "Actual Loops": 5,
                                              "Filter": "((kind)::text = 'cast'::text)",
                                              "Rows Removed by Filter": 3
                                            }
                                          ]
                                        }
                                      ]
                                    },
                                    {
                                      "Node Type": "Hash",
                                      "Parent Relationship": "Inner",
                                      "Parallel Aware": false,
                                      "Startup Cost": 1.05,
                                      "Total Cost": 1.05,
                                      "Plan Rows": 1,
                                      "Plan Width": 4,
                                      "Actual Startup Time": 0.091,
                                      "Actual Total Time": 0.092,
                                      "Actual Rows": 1,
                                      "Actual Loops": 5,
                                      "Hash Buckets": 1024,
                                      "Original Hash Buckets": 1024,
                                      "Hash Batches": 1,
                                      "Original Hash Batches": 1,
                                      "Peak Memory Usage": 9,
                                      "Plans": [
                                        {
                                          "Node Type": "Seq Scan",
                                          "Parent Relationship": "Outer",
                                          "Parallel Aware": false,
                                          "Relation Name": "comp_cast_type",
                                          "Alias": "cct2",
                                          "Startup Cost": 0.0,
                                          "Total Cost": 1.05,
                                          "Plan Rows": 1,
                                          "Plan Width": 4,
                                          "Actual Startup Time": 0.071,
                                          "Actual Total Time": 0.073,
                                          "Actual Rows": 1,
                                          "Actual Loops": 5,
                                          "Filter": "((kind)::text = 'complete+verified'::text)",
                                          "Rows Removed by Filter": 3
                                        }
                                      ]
                                    }
                                  ]
                                }
                              ]
                            }
                          ]
                        }
                      ]
                    }
                  ]
                }
              ]
            }
          ]
        }
      ]
    },
    "Planning Time": 106.054,
    "Triggers": [],
    "Execution Time": 3060.009
  }
]