[
  {
    "Plan": {
      "Node Type": "Aggregate",
      "Strategy": "Plain",
      "Partial Mode": "Finalize",
      "Parallel Aware": false,
      "Startup Cost": 58259.56,
      "Total Cost": 58259.57,
      "Plan Rows": 1,
      "Plan Width": 8,
      "Actual Startup Time": 105.959,
      "Actual Total Time": 119.439,
      "Actual Rows": 1,
      "Actual Loops": 1,
      "Plans": [
        {
          "Node Type": "Gather",
          "Parent Relationship": "Outer",
          "Parallel Aware": false,
          "Startup Cost": 58259.14,
          "Total Cost": 58259.55,
          "Plan Rows": 4,
          "Plan Width": 8,
          "Actual Startup Time": 105.708,
          "Actual Total Time": 119.429,
          "Actual Rows": 5,
          "Actual Loops": 1,
          "Workers Planned": 4,
          "Workers Launched": 4,
          "Single Copy": false,
          "Plans": [
            {
              "Node Type": "Aggregate",
              "Strategy": "Plain",
              "Partial Mode": "Partial",
              "Parent Relationship": "Outer",
              "Parallel Aware": false,
              "Startup Cost": 57259.14,
              "Total Cost": 57259.15,
              "Plan Rows": 1,
              "Plan Width": 8,
              "Actual Startup Time": 95.926,
              "Actual Total Time": 95.928,
              "Actual Rows": 1,
              "Actual Loops": 5,
              "Plans": [
                {
                  "Node Type": "Nested Loop",
                  "Parent Relationship": "Outer",
                  "Parallel Aware": false,
                  "Join Type": "Inner",
                  "Startup Cost": 0.43,
                  "Total Cost": 57256.2,
                  "Plan Rows": 1174,
                  "Plan Width": 0,
                  "Actual Startup Time": 1.035,
                  "Actual Total Time": 95.839,
                  "Actual Rows": 707,
                  "Actual Loops": 5,
                  "Inner Unique": false,
                  "Plans": [
                    {
                      "Node Type": "Seq Scan",
                      "Parent Relationship": "Outer",
                      "Parallel Aware": true,
                      "Relation Name": "title",
                      "Alias": "t",
                      "Startup Cost": 0.0,
                      "Total Cost": 45479.1,
                      "Plan Rows": 2152,
                      "Plan Width": 4,
                      "Actual Startup Time": 0.116,
                      "Actual Total Time": 85.892,
                      "Actual Rows": 1676,
                      "Actual Loops": 5,
                      "Filter": "((kind_id = 7) AND (production_year = 1979))",
                      "Rows Removed by Filter": 503987
                    },
                    {
                      "Node Type": "Index Only Scan",
                      "Parent Relationship": "Inner",
                      "Parallel Aware": false,
                      "Scan Direction": "Forward",
                      "Index Name": "movie_id_movie_info_idx",
                      "Relation Name": "movie_info_idx",
                      "Alias": "mi_idx",
                      "Startup Cost": 0.43,
                      "Total Cost": 5.44,
                      "Plan Rows": 3,
                      "Plan Width": 4,
                      "Actual Startup Time": 0.005,
                      "Actual Total Time": 0.005,
                      "Actual Rows": 0,
                      "Actual Loops": 8378,
                      "Index Cond": "(movie_id = t.id)",
                      "Rows Removed by Index Recheck": 0,
                      "Heap Fetches": 3534
                    }
                  ]
                }
              ]
            }
          ]
        }
      ]
    },
    "Planning Time": 0.592,
    "Triggers": [],
    "Execution Time": 119.511
  }
]