[
  {
    "Plan": {
      "Node Type": "Aggregate",
      "Strategy": "Plain",
      "Partial Mode": "Finalize",
      "Parallel Aware": false,
      "Startup Cost": 135967.46,
      "Total Cost": 135967.47,
      "Plan Rows": 1,
      "Plan Width": 8,
      "Actual Startup Time": 117.746,
      "Actual Total Time": 127.801,
      "Actual Rows": 1,
      "Actual Loops": 1,
      "Plans": [
        {
          "Node Type": "Gather",
          "Parent Relationship": "Outer",
          "Parallel Aware": false,
          "Startup Cost": 135967.04,
          "Total Cost": 135967.45,
          "Plan Rows": 4,
          "Plan Width": 8,
          "Actual Startup Time": 117.588,
          "Actual Total Time": 127.796,
          "Actual Rows": 5,
          "Actual Loops": 1,
          "Workers Planned": 4,
          "Workers Launched": 4,
          "Single Copy": false,
          "Plans": [
            {
              "Node Type": "Aggregate",
              "Strategy": "Plain",
              "Partial Mode": "Partial",
              "Parent Relationship": "Outer",
              "Parallel Aware": false,
              "Startup Cost": 134967.04,
              "Total Cost": 134967.05,
              "Plan Rows": 1,
              "Plan Width": 8,
              "Actual Startup Time": 111.692,
              "Actual Total Time": 111.694,
              "Actual Rows": 1,
              "Actual Loops": 5,
              "Plans": [
                {
                  "Node Type": "Nested Loop",
                  "Parent Relationship": "Outer",
                  "Parallel Aware": false,
                  "Join Type": "Inner",
                  "Startup Cost": 727.68,
                  "Total Cost": 134964.38,
                  "Plan Rows": 1064,
                  "Plan Width": 0,
                  "Actual Startup Time": 28.033,
                  "Actual Total Time": 105.688,
                  "Actual Rows": 127255,
                  "Actual Loops": 5,
                  "Inner Unique": false,
                  "Plans": [
                    {
                      "Node Type": "Nested Loop",
                      "Parent Relationship": "Outer",
                      "Parallel Aware": false,
                      "Join Type": "Inner",
                      "Startup Cost": 727.24,
                      "Total Cost": 132536.08,
                      "Plan Rows": 1064,
                      "Plan Width": 8,
                      "Actual Startup Time": 27.98,
                      "Actual Total Time": 48.811,
                      "Actual Rows": 2599,
                      "Actual Loops": 5,
                      "Inner Unique": true,
                      "Plans": [
                        {
                          "Node Type": "Bitmap Heap Scan",
                          "Parent Relationship": "Outer",
                          "Parallel Aware": true,
                          "Relation Name": "movie_info",
                          "Alias": "mi",
                          "Startup Cost": 726.81,
                          "Total Cost": 93268.52,
                          "Plan Rows": 10012,
                          "Plan Width": 4,
                          "Actual Startup Time": 0.806,
                          "Actual Total Time": 6.483,
                          "Actual Rows": 10053,
                          "Actual Loops": 5,
                          "Recheck Cond": "(info_type_id > 107)",
                          "Rows Removed by Index Recheck": 0,
                          "Exact Heap Blocks": 1625,
                          "Lossy Heap Blocks": 0,
                          "Plans": [
                            {
                              "Node Type": "Bitmap Index Scan",
                              "Parent Relationship": "Outer",
                              "Parallel Aware": false,
                              "Index Name": "info_type_id_movie_info",
                              "Startup Cost": 0.0,
                              "Total Cost": 716.8,
                              "Plan Rows": 40049,
                              "Plan Width": 0,
                              "Actual Startup Time": 2.697,
                              "Actual Total Time": 2.697,
                              "Actual Rows": 50267,
                              "Actual Loops": 1,
                              "Index Cond": "(info_type_id > 107)"
                            }
                          ]
                        },
                        {
                          "Node Type": "Index Scan",
                          "Parent Relationship": "Inner",
                          "Parallel Aware": false,
                          "Scan Direction": "Forward",
                          "Index Name": "title_pkey",
                          "Relation Name": "title",
                          "Alias": "t",
                          "Startup Cost": 0.43,
                          "Total Cost": 3.92,
                          "Plan Rows": 1,
                          "Plan Width": 4,
                          "Actual Startup Time": 0.004,
                          "Actual Total Time": 0.004,
                          "Actual Rows": 0,
                          "Actual Loops": 50267,
                          "Index Cond": "(id = mi.movie_id)",
                          "Rows Removed by Index Recheck": 0,
                          "Filter": "((production_year > 2005) AND (kind_id = 1))",
                          "Rows Removed by Filter": 1
                        }
                      ]
                    },
                    {
                      "Node Type": "Index Scan",
                      "Parent Relationship": "Inner",
                      "Parallel Aware": false,
                      "Scan Direction": "Forward",
                      "Index Name": "movie_id_movie_keyword",
                      "Relation Name": "movie_keyword",
                      "Alias": "mk",
                      "Startup Cost": 0.43,
                      "Total Cost": 2.03,
                      "Plan Rows": 25,
                      "Plan Width": 4,
                      "Actual Startup Time": 0.006,
                      "Actual Total Time": 0.018,
                      "Actual Rows": 49,
                      "Actual Loops": 12996,
                      "Index Cond": "(movie_id = t.id)",
                      "Rows Removed by Index Recheck": 0,
                      "Filter": "(keyword_id < 6391)",
                      "Rows Removed by Filter": 45
                    }
                  ]
                }
              ]
            }
          ]
        }
      ]
    },
    "Planning Time": 0.452,
    "Triggers": [],
    "Execution Time": 127.85
  }
]