{
  "Plan": {
    "Node Type": "Aggregate",
    "Strategy": "Plain",
    "Partial Mode": "Finalize",
    "Parallel Aware": false,
    "Startup Cost": 103328.72,
    "Total Cost": 103328.73,
    "Plan Rows": 1,
    "Plan Width": 8,
    "Actual Startup Time": 333.998,
    "Actual Total Time": 347.221,
    "Actual Rows": 1,
    "Actual Loops": 1,
    "Plans": [
      {
        "Node Type": "Gather",
        "Parent Relationship": "Outer",
        "Parallel Aware": false,
        "Startup Cost": 103328.61,
        "Total Cost": 103328.72,
        "Plan Rows": 1,
        "Plan Width": 8,
        "Actual Startup Time": 333.466,
        "Actual Total Time": 347.211,
        "Actual Rows": 2,
        "Actual Loops": 1,
        "Workers Planned": 1,
        "Workers Launched": 1,
        "Single Copy": false,
        "Plans": [
          {
            "Node Type": "Aggregate",
            "Strategy": "Plain",
            "Partial Mode": "Partial",
            "Parent Relationship": "Outer",
            "Parallel Aware": false,
            "Startup Cost": 102328.61,
            "Total Cost": 102328.62,
            "Plan Rows": 1,
            "Plan Width": 8,
            "Actual Startup Time": 328.513,
            "Actual Total Time": 328.516,
            "Actual Rows": 1,
            "Actual Loops": 2,
            "Plans": [
              {
                "Node Type": "Hash Join",
                "Parent Relationship": "Outer",
                "Parallel Aware": true,
                "Join Type": "Inner",
                "Startup Cost": 59553.16,
                "Total Cost": 102270.76,
                "Plan Rows": 23142,
                "Plan Width": 0,
                "Actual Startup Time": 240.119,
                "Actual Total Time": 328.018,
                "Actual Rows": 10935,
                "Actual Loops": 2,
                "Inner Unique": true,
                "Hash Cond": "(mc.movie_id = t.id)",
                "Plans": [
                  {
                    "Node Type": "Seq Scan",
                    "Parent Relationship": "Outer",
                    "Parallel Aware": true,
                    "Relation Name": "movie_companies",
                    "Alias": "mc",
                    "Startup Cost": 0.0,
                    "Total Cost": 41811.73,
                    "Plan Rows": 345095,
                    "Plan Width": 4,
                    "Actual Startup Time": 56.016,
                    "Actual Total Time": 111.769,
                    "Actual Rows": 187853,
                    "Actual Loops": 2,
                    "Filter": "((company_id < 9129) AND (company_type_id = 2))",
                    "Rows Removed by Filter": 1116712
                  },
                  {
                    "Node Type": "Hash",
                    "Parent Relationship": "Inner",
                    "Parallel Aware": true,
                    "Startup Cost": 58306.47,
                    "Total Cost": 58306.47,
                    "Plan Rows": 99735,
                    "Plan Width": 4,
                    "Actual Startup Time": 180.397,
                    "Actual Total Time": 180.398,
                    "Actual Rows": 85034,
                    "Actual Loops": 2,
                    "Hash Buckets": 262144,
                    "Original Hash Buckets": 262144,
                    "Hash Batches": 1,
                    "Original Hash Batches": 1,
                    "Peak Memory Usage": 8736,
                    "Plans": [
                      {
                        "Node Type": "Seq Scan",
                        "Parent Relationship": "Outer",
                        "Parallel Aware": true,
                        "Relation Name": "title",
                        "Alias": "t",
                        "Startup Cost": 0.0,
                        "Total Cost": 58306.47,
                        "Plan Rows": 99735,
                        "Plan Width": 4,
                        "Actual Startup Time": 0.062,
                        "Actual Total Time": 152.146,
                        "Actual Rows": 85034,
                        "Actual Loops": 2,
                        "Filter": "((kind_id > 1) AND (production_year > 2011))",
                        "Rows Removed by Filter": 1179122
                      }
                    ]
                  }
                ]
              }
            ]
          }
        ]
      }
    ]
  },
  "Planning Time": 0.589,
  "Triggers": [],
  "Execution Time": 347.298
}