{
    "Plan": {
        "Node Type": "Aggregate",
        "Strategy": "Plain",
        "Partial Mode": "Finalize",
        "Parallel Aware": false,
        "Startup Cost": 207083.62,
        "Total Cost": 207083.63,
        "Plan Rows": 1,
        "Plan Width": 8,
        "Actual Startup Time": 1583.348,
        "Actual Total Time": 1646.995,
        "Actual Rows": 1,
        "Actual Loops": 1,
        "Output": [
            "count(*)"
        ],
        "Plans": [
            {
                "Node Type": "Gather",
                "Parent Relationship": "Outer",
                "Parallel Aware": false,
                "Startup Cost": 207083.3,
                "Total Cost": 207083.61,
                "Plan Rows": 3,
                "Plan Width": 8,
                "Actual Startup Time": 1571.035,
                "Actual Total Time": 1646.984,
                "Actual Rows": 4,
                "Actual Loops": 1,
                "Output": [
                    "(PARTIAL count(*))"
                ],
                "Workers Planned": 3,
                "Workers Launched": 3,
                "Single Copy": false,
                "Plans": [
                    {
                        "Node Type": "Aggregate",
                        "Strategy": "Plain",
                        "Partial Mode": "Partial",
                        "Parent Relationship": "Outer",
                        "Parallel Aware": false,
                        "Startup Cost": 206083.3,
                        "Total Cost": 206083.31,
                        "Plan Rows": 1,
                        "Plan Width": 8,
                        "Actual Startup Time": 1566.68,
                        "Actual Total Time": 1566.684,
                        "Actual Rows": 1,
                        "Actual Loops": 4,
                        "Output": [
                            "PARTIAL count(*)"
                        ],
                        "Workers": [
                            {
                                "Worker Number": 0,
                                "Actual Startup Time": 1569.766,
                                "Actual Total Time": 1569.769,
                                "Actual Rows": 1,
                                "Actual Loops": 1
                            },
                            {
                                "Worker Number": 1,
                                "Actual Startup Time": 1570.26,
                                "Actual Total Time": 1570.264,
                                "Actual Rows": 1,
                                "Actual Loops": 1
                            },
                            {
                                "Worker Number": 2,
                                "Actual Startup Time": 1557.965,
                                "Actual Total Time": 1557.968,
                                "Actual Rows": 1,
                                "Actual Loops": 1
                            }
                        ],
                        "Plans": [
                            {
                                "Node Type": "Nested Loop",
                                "Parent Relationship": "Outer",
                                "Parallel Aware": false,
                                "Join Type": "Inner",
                                "Startup Cost": 44239.85,
                                "Total Cost": 205488.43,
                                "Plan Rows": 237951,
                                "Plan Width": 0,
                                "Actual Startup Time": 110.33,
                                "Actual Total Time": 1549.49,
                                "Actual Rows": 380112,
                                "Actual Loops": 4,
                                "Inner Unique": false,
                                "Join Filter": "(t.id = ci.movie_id)",
                                "Rows Removed by Join Filter": 0,
                                "Workers": [
                                    {
                                        "Worker Number": 0,
                                        "Actual Startup Time": 109.057,
                                        "Actual Total Time": 1552.536,
                                        "Actual Rows": 378994,
                                        "Actual Loops": 1
                                    },
                                    {
                                        "Worker Number": 1,
                                        "Actual Startup Time": 107.38,
                                        "Actual Total Time": 1554.382,
                                        "Actual Rows": 351284,
                                        "Actual Loops": 1
                                    },
                                    {
                                        "Worker Number": 2,
                                        "Actual Startup Time": 107.208,
                                        "Actual Total Time": 1541.121,
                                        "Actual Rows": 372549,
                                        "Actual Loops": 1
                                    }
                                ],
                                "Plans": [
                                    {
                                        "Node Type": "Hash Join",
                                        "Parent Relationship": "Outer",
                                        "Parallel Aware": true,
                                        "Join Type": "Inner",
                                        "Startup Cost": 44239.28,
                                        "Total Cost": 87117.36,
                                        "Plan Rows": 62848,
                                        "Plan Width": 8,
                                        "Actual Startup Time": 109.899,
                                        "Actual Total Time": 305.388,
                                        "Actual Rows": 45910,
                                        "Actual Loops": 4,
                                        "Output": [
                                            "t.id",
                                            "mk.movie_id"
                                        ],
                                        "Inner Unique": true,
                                        "Hash Cond": "(mk.movie_id = t.id)",
                                        "Workers": [
                                            {
                                                "Worker Number": 0,
                                                "Actual Startup Time": 107.988,
                                                "Actual Total Time": 307.74,
                                                "Actual Rows": 46837,
                                                "Actual Loops": 1
                                            },
                                            {
                                                "Worker Number": 1,
                                                "Actual Startup Time": 107.151,
                                                "Actual Total Time": 283.221,
                                                "Actual Rows": 42333,
                                                "Actual Loops": 1
                                            },
                                            {
                                                "Worker Number": 2,
                                                "Actual Startup Time": 106.957,
                                                "Actual Total Time": 297.007,
                                                "Actual Rows": 43323,
                                                "Actual Loops": 1
                                            }
                                        ],
                                        "Plans": [
                                            {
                                                "Node Type": "Seq Scan",
                                                "Parent Relationship": "Outer",
                                                "Parallel Aware": true,
                                                "Relation Name": "movie_keyword",
                                                "Schema": "public",
                                                "Alias": "mk",
                                                "Startup Cost": 0.0,
                                                "Total Cost": 39047.32,
                                                "Plan Rows": 1459332,
                                                "Plan Width": 4,
                                                "Actual Startup Time": 0.015,
                                                "Actual Total Time": 88.867,
                                                "Actual Rows": 1130982,
                                                "Actual Loops": 4,
                                                "Output": [
                                                    "mk.id",
                                                    "mk.movie_id",
                                                    "mk.keyword_id"
                                                ],
                                                "Workers": [
                                                    {
                                                        "Worker Number": 0,
                                                        "Actual Startup Time": 0.018,
                                                        "Actual Total Time": 95.251,
                                                        "Actual Rows": 1100380,
                                                        "Actual Loops": 1
                                                    },
                                                    {
                                                        "Worker Number": 1,
                                                        "Actual Startup Time": 0.016,
                                                        "Actual Total Time": 80.387,
                                                        "Actual Rows": 1003255,
                                                        "Actual Loops": 1
                                                    },
                                                    {
                                                        "Worker Number": 2,
                                                        "Actual Startup Time": 0.017,
                                                        "Actual Total Time": 88.136,
                                                        "Actual Rows": 1075405,
                                                        "Actual Loops": 1
                                                    }
                                                ]
                                            },
                                            {
                                                "Node Type": "Hash",
                                                "Parent Relationship": "Inner",
                                                "Parallel Aware": true,
                                                "Startup Cost": 43899.01,
                                                "Total Cost": 43899.01,
                                                "Plan Rows": 27222,
                                                "Plan Width": 4,
                                                "Actual Startup Time": 108.456,
                                                "Actual Total Time": 108.457,
                                                "Actual Rows": 27107,
                                                "Actual Loops": 4,
                                                "Output": [
                                                    "t.id"
                                                ],
                                                "Hash Buckets": 131072,
                                                "Original Hash Buckets": 131072,
                                                "Hash Batches": 1,
                                                "Original Hash Batches": 1,
                                                "Peak Memory Usage": 5344,
                                                "Workers": [
                                                    {
                                                        "Worker Number": 0,
                                                        "Actual Startup Time": 107.494,
                                                        "Actual Total Time": 107.495,
                                                        "Actual Rows": 23203,
                                                        "Actual Loops": 1
                                                    },
                                                    {
                                                        "Worker Number": 1,
                                                        "Actual Startup Time": 106.611,
                                                        "Actual Total Time": 106.613,
                                                        "Actual Rows": 25043,
                                                        "Actual Loops": 1
                                                    },
                                                    {
                                                        "Worker Number": 2,
                                                        "Actual Startup Time": 106.488,
                                                        "Actual Total Time": 106.489,
                                                        "Actual Rows": 23204,
                                                        "Actual Loops": 1
                                                    }
                                                ],
                                                "Plans": [
                                                    {
                                                        "Node Type": "Seq Scan",
                                                        "Parent Relationship": "Outer",
                                                        "Parallel Aware": true,
                                                        "Relation Name": "title",
                                                        "Schema": "public",
                                                        "Alias": "t",
                                                        "Startup Cost": 0.0,
                                                        "Total Cost": 43899.01,
                                                        "Plan Rows": 27222,
                                                        "Plan Width": 4,
                                                        "Actual Startup Time": 0.065,
                                                        "Actual Total Time": 97.642,
                                                        "Actual Rows": 27107,
                                                        "Actual Loops": 4,
                                                        "Output": [
                                                            "t.id"
                                                        ],
                                                        "Filter": "(t.production_year = 2006)",
                                                        "Rows Removed by Filter": 604971,
                                                        "Workers": [
                                                            {
                                                                "Worker Number": 0,
                                                                "Actual Startup Time": 0.071,
                                                                "Actual Total Time": 97.408,
                                                                "Actual Rows": 23203,
                                                                "Actual Loops": 1
                                                            },
                                                            {
                                                                "Worker Number": 1,
                                                                "Actual Startup Time": 0.063,
                                                                "Actual Total Time": 95.162,
                                                                "Actual Rows": 25043,
                                                                "Actual Loops": 1
                                                            },
                                                            {
                                                                "Worker Number": 2,
                                                                "Actual Startup Time": 0.095,
                                                                "Actual Total Time": 96.561,
                                                                "Actual Rows": 23204,
                                                                "Actual Loops": 1
                                                            }
                                                        ]
                                                    }
                                                ]
                                            }
                                        ]
                                    },
                                    {
                                        "Node Type": "Index Scan",
                                        "Parent Relationship": "Inner",
                                        "Parallel Aware": false,
                                        "Scan Direction": "Forward",
                                        "Index Name": "movie_id_cast_info",
                                        "Relation Name": "cast_info",
                                        "Schema": "public",
                                        "Alias": "ci",
                                        "Startup Cost": 0.56,
                                        "Total Cost": 1.76,
                                        "Plan Rows": 10,
                                        "Plan Width": 4,
                                        "Actual Startup Time": 0.008,
                                        "Actual Total Time": 0.026,
                                        "Actual Rows": 8,
                                        "Actual Loops": 183641,
                                        "Output": [
                                            "ci.id",
                                            "ci.person_id",
                                            "ci.movie_id",
                                            "ci.person_role_id",
                                            "ci.note",
                                            "ci.nr_order",
                                            "ci.role_id"
                                        ],
                                        "Index Cond": "(ci.movie_id = mk.movie_id)",
                                        "Rows Removed by Index Recheck": 0,
                                        "Filter": "((ci.person_id > 899046) AND (ci.role_id = 1))",
                                        "Rows Removed by Filter": 49,
                                        "Workers": [
                                            {
                                                "Worker Number": 0,
                                                "Actual Startup Time": 0.008,
                                                "Actual Total Time": 0.026,
                                                "Actual Rows": 8,
                                                "Actual Loops": 46837
                                            },
                                            {
                                                "Worker Number": 1,
                                                "Actual Startup Time": 0.008,
                                                "Actual Total Time": 0.029,
                                                "Actual Rows": 8,
                                                "Actual Loops": 42333
                                            },
                                            {
                                                "Worker Number": 2,
                                                "Actual Startup Time": 0.008,
                                                "Actual Total Time": 0.028,
                                                "Actual Rows": 9,
                                                "Actual Loops": 43323
                                            }
                                        ]
                                    }
                                ]
                            }
                        ]
                    }
                ]
            }
        ]
    },
    "Planning Time": 1.535,
    "Triggers": [],
    "Execution Time": 1647.117
}