[
  {
    "Plan": {
      "Node Type": "Aggregate",
      "Strategy": "Plain",
      "Partial Mode": "Finalize",
      "Parallel Aware": false,
      "Startup Cost": 31381.51,
      "Total Cost": 31381.52,
      "Plan Rows": 1,
      "Plan Width": 8,
      "Actual Startup Time": 105.775,
      "Actual Total Time": 113.886,
      "Actual Rows": 1,
      "Actual Loops": 1,
      "Plans": [
        {
          "Node Type": "Gather",
          "Parent Relationship": "Outer",
          "Parallel Aware": false,
          "Startup Cost": 31381.2,
          "Total Cost": 31381.51,
          "Plan Rows": 3,
          "Plan Width": 8,
          "Actual Startup Time": 105.638,
          "Actual Total Time": 113.877,
          "Actual Rows": 4,
          "Actual Loops": 1,
          "Workers Planned": 3,
          "Workers Launched": 3,
          "Single Copy": false,
          "Plans": [
            {
              "Node Type": "Aggregate",
              "Strategy": "Plain",
              "Partial Mode": "Partial",
              "Parent Relationship": "Outer",
              "Parallel Aware": false,
              "Startup Cost": 30381.2,
              "Total Cost": 30381.21,
              "Plan Rows": 1,
              "Plan Width": 8,
              "Actual Startup Time": 97.06,
              "Actual Total Time": 97.081,
              "Actual Rows": 1,
              "Actual Loops": 4,
              "Plans": [
                {
                  "Node Type": "Seq Scan",
                  "Parent Relationship": "Outer",
                  "Parallel Aware": true,
                  "Relation Name": "movie_companies",
                  "Alias": "mc",
                  "Startup Cost": 0.0,
                  "Total Cost": 29310.68,
                  "Plan Rows": 428206,
                  "Plan Width": 0,
                  "Actual Startup Time": 0.049,
                  "Actual Total Time": 78.497,
                  "Actual Rows": 331474,
                  "Actual Loops": 4,
                  "Filter": "(company_id < 11387)",
                  "Rows Removed by Filter": 320808
                }
              ]
            }
          ]
        }
      ]
    },
    "Planning Time": 0.168,
    "Triggers": [],
    "Execution Time": 113.986
  }
]