{
  "Plan": {
    "Node Type": "Aggregate",
    "Strategy": "Plain",
    "Partial Mode": "Finalize",
    "Parallel Aware": false,
    "Startup Cost": 174270.85,
    "Total Cost": 174270.86,
    "Plan Rows": 1,
    "Plan Width": 8,
    "Actual Startup Time": 1211.11,
    "Actual Total Time": 1232.465,
    "Actual Rows": 1,
    "Actual Loops": 1,
    "Plans": [
      {
        "Node Type": "Gather",
        "Parent Relationship": "Outer",
        "Parallel Aware": false,
        "Startup Cost": 174270.74,
        "Total Cost": 174270.85,
        "Plan Rows": 1,
        "Plan Width": 8,
        "Actual Startup Time": 1208.624,
        "Actual Total Time": 1232.446,
        "Actual Rows": 2,
        "Actual Loops": 1,
        "Workers Planned": 1,
        "Workers Launched": 1,
        "Single Copy": false,
        "Plans": [
          {
            "Node Type": "Aggregate",
            "Strategy": "Plain",
            "Partial Mode": "Partial",
            "Parent Relationship": "Outer",
            "Parallel Aware": false,
            "Startup Cost": 173270.74,
            "Total Cost": 173270.75,
            "Plan Rows": 1,
            "Plan Width": 8,
            "Actual Startup Time": 1202.319,
            "Actual Total Time": 1202.326,
            "Actual Rows": 1,
            "Actual Loops": 2,
            "Plans": [
              {
                "Node Type": "Hash Join",
                "Parent Relationship": "Outer",
                "Parallel Aware": true,
                "Join Type": "Inner",
                "Startup Cost": 107164.74,
                "Total Cost": 172675.34,
                "Plan Rows": 238158,
                "Plan Width": 0,
                "Actual Startup Time": 652.472,
                "Actual Total Time": 1119.933,
                "Actual Rows": 2017810,
                "Actual Loops": 2,
                "Inner Unique": false,
                "Hash Cond": "(mk.movie_id = t.id)",
                "Plans": [
                  {
                    "Node Type": "Seq Scan",
                    "Parent Relationship": "Outer",
                    "Parallel Aware": true,
                    "Relation Name": "movie_keyword",
                    "Alias": "mk",
                    "Startup Cost": 0.0,
                    "Total Cost": 57718.19,
                    "Plan Rows": 1704399,
                    "Plan Width": 4,
                    "Actual Startup Time": 0.012,
                    "Actual Total Time": 189.331,
                    "Actual Rows": 1446418,
                    "Actual Loops": 2,
                    "Filter": "(keyword_id < 9117)",
                    "Rows Removed by Filter": 815546
                  },
                  {
                    "Node Type": "Hash",
                    "Parent Relationship": "Inner",
                    "Parallel Aware": true,
                    "Startup Cost": 104567.09,
                    "Total Cost": 104567.09,
                    "Plan Rows": 207812,
                    "Plan Width": 8,
                    "Actual Startup Time": 647.482,
                    "Actual Total Time": 647.487,
                    "Actual Rows": 253662,
                    "Actual Loops": 2,
                    "Hash Buckets": 524288,
                    "Original Hash Buckets": 524288,
                    "Hash Batches": 1,
                    "Original Hash Batches": 1,
                    "Peak Memory Usage": 23968,
                    "Plans": [
                      {
                        "Node Type": "Hash Join",
                        "Parent Relationship": "Outer",
                        "Parallel Aware": true,
                        "Join Type": "Inner",
                        "Startup Cost": 43179.16,
                        "Total Cost": 104567.09,
                        "Plan Rows": 207812,
                        "Plan Width": 8,
                        "Actual Startup Time": 174.329,
                        "Actual Total Time": 585.745,
                        "Actual Rows": 253662,
                        "Actual Loops": 2,
                        "Inner Unique": false,
                        "Hash Cond": "(t.id = mc.movie_id)",
                        "Plans": [
                          {
                            "Node Type": "Seq Scan",
                            "Parent Relationship": "Outer",
                            "Parallel Aware": true,
                            "Relation Name": "title",
                            "Alias": "t",
                            "Startup Cost": 0.0,
                            "Total Cost": 50870.31,
                            "Plan Rows": 1487231,
                            "Plan Width": 4,
                            "Actual Startup Time": 0.01,
                            "Actual Total Time": 119.06,
                            "Actual Rows": 1264156,
                            "Actual Loops": 2
                          },
                          {
                            "Node Type": "Hash",
                            "Parent Relationship": "Inner",
                            "Parallel Aware": true,
                            "Startup Cost": 40581.51,
                            "Total Cost": 40581.51,
                            "Plan Rows": 207812,
                            "Plan Width": 4,
                            "Actual Startup Time": 171.328,
                            "Actual Total Time": 171.33,
                            "Actual Rows": 253662,
                            "Actual Loops": 2,
                            "Hash Buckets": 524288,
                            "Original Hash Buckets": 524288,
                            "Hash Batches": 1,
                            "Original Hash Batches": 1,
                            "Peak Memory Usage": 23968,
                            "Plans": [
                              {
                                "Node Type": "Bitmap Heap Scan",
                                "Parent Relationship": "Outer",
                                "Parallel Aware": true,
                                "Relation Name": "movie_companies",
                                "Alias": "mc",
                                "Startup Cost": 15459.21,
                                "Total Cost": 40581.51,
                                "Plan Rows": 207812,
                                "Plan Width": 4,
                                "Actual Startup Time": 40.869,
                                "Actual Total Time": 118.742,
                                "Actual Rows": 253662,
                                "Actual Loops": 2,
                                "Recheck Cond": "(company_id < 1380)",
                                "Rows Removed by Index Recheck": 0,
                                "Filter": "(company_type_id < 2)",
                                "Rows Removed by Filter": 104818,
                                "Exact Heap Blocks": 10999,
                                "Lossy Heap Blocks": 0,
                                "Plans": [
                                  {
                                    "Node Type": "Bitmap Index Scan",
                                    "Parent Relationship": "Outer",
                                    "Parallel Aware": false,
                                    "Index Name": "company_id_movie_companies",
                                    "Startup Cost": 0.0,
                                    "Total Cost": 15370.89,
                                    "Plan Rows": 717661,
                                    "Plan Width": 0,
                                    "Actual Startup Time": 38.043,
                                    "Actual Total Time": 38.044,
                                    "Actual Rows": 716960,
                                    "Actual Loops": 1,
                                    "Index Cond": "(company_id < 1380)"
                                  }
                                ]
                              }
                            ]
                          }
                        ]
                      }
                    ]
                  }
                ]
              }
            ]
          }
        ]
      }
    ]
  },
  "Planning Time": 0.667,
  "Triggers": [],
  "Execution Time": 1232.555
}