[
    {
        "Bao": {
            "Bao prediction": "NaN",
            "Bao recommended hint": "(no hint)"
        }
    },
    {
        "Plan": {
            "Node Type": "Aggregate",
            "Strategy": "Plain",
            "Partial Mode": "Finalize",
            "Parallel Aware": false,
            "Startup Cost": 343599.36,
            "Total Cost": 343599.37,
            "Plan Rows": 1,
            "Plan Width": 8,
            "Actual Startup Time": 332.013,
            "Actual Total Time": 344.514,
            "Actual Rows": 1,
            "Actual Loops": 1,
            "Output": [
                "count(*)"
            ],
            "Plans": [
                {
                    "Node Type": "Gather",
                    "Parent Relationship": "Outer",
                    "Parallel Aware": false,
                    "Startup Cost": 343598.73,
                    "Total Cost": 343599.34,
                    "Plan Rows": 6,
                    "Plan Width": 8,
                    "Actual Startup Time": 328.551,
                    "Actual Total Time": 344.507,
                    "Actual Rows": 7,
                    "Actual Loops": 1,
                    "Output": [
                        "(PARTIAL count(*))"
                    ],
                    "Workers Planned": 6,
                    "Workers Launched": 6,
                    "Single Copy": false,
                    "Plans": [
                        {
                            "Node Type": "Aggregate",
                            "Strategy": "Plain",
                            "Partial Mode": "Partial",
                            "Parent Relationship": "Outer",
                            "Parallel Aware": false,
                            "Startup Cost": 342598.73,
                            "Total Cost": 342598.74,
                            "Plan Rows": 1,
                            "Plan Width": 8,
                            "Actual Startup Time": 317.717,
                            "Actual Total Time": 317.721,
                            "Actual Rows": 1,
                            "Actual Loops": 7,
                            "Output": [
                                "PARTIAL count(*)"
                            ],
                            "Workers": [
                                {
                                    "Worker Number": 0,
                                    "Actual Startup Time": 315.3,
                                    "Actual Total Time": 315.304,
                                    "Actual Rows": 1,
                                    "Actual Loops": 1
                                },
                                {
                                    "Worker Number": 1,
                                    "Actual Startup Time": 315.45,
                                    "Actual Total Time": 315.453,
                                    "Actual Rows": 1,
                                    "Actual Loops": 1
                                },
                                {
                                    "Worker Number": 2,
                                    "Actual Startup Time": 315.915,
                                    "Actual Total Time": 315.918,
                                    "Actual Rows": 1,
                                    "Actual Loops": 1
                                },
                                {
                                    "Worker Number": 3,
                                    "Actual Startup Time": 315.789,
                                    "Actual Total Time": 315.792,
                                    "Actual Rows": 1,
                                    "Actual Loops": 1
                                },
                                {
                                    "Worker Number": 4,
                                    "Actual Startup Time": 316.586,
                                    "Actual Total Time": 316.59,
                                    "Actual Rows": 1,
                                    "Actual Loops": 1
                                },
                                {
                                    "Worker Number": 5,
                                    "Actual Startup Time": 316.783,
                                    "Actual Total Time": 316.786,
                                    "Actual Rows": 1,
                                    "Actual Loops": 1
                                }
                            ],
                            "Plans": [
                                {
                                    "Node Type": "Hash Join",
                                    "Parent Relationship": "Outer",
                                    "Parallel Aware": true,
                                    "Join Type": "Inner",
                                    "Startup Cost": 85374.98,
                                    "Total Cost": 342515.75,
                                    "Plan Rows": 33194,
                                    "Plan Width": 0,
                                    "Actual Startup Time": 185.763,
                                    "Actual Total Time": 315.938,
                                    "Actual Rows": 25597,
                                    "Actual Loops": 7,
                                    "Inner Unique": true,
                                    "Hash Cond": "(ci.movie_id = t.id)",
                                    "Workers": [
                                        {
                                            "Worker Number": 0,
                                            "Actual Startup Time": 183.336,
                                            "Actual Total Time": 313.328,
                                            "Actual Rows": 19471,
                                            "Actual Loops": 1
                                        },
                                        {
                                            "Worker Number": 1,
                                            "Actual Startup Time": 184.252,
                                            "Actual Total Time": 313.649,
                                            "Actual Rows": 17951,
                                            "Actual Loops": 1
                                        },
                                        {
                                            "Worker Number": 2,
                                            "Actual Startup Time": 183.676,
                                            "Actual Total Time": 314.105,
                                            "Actual Rows": 27389,
                                            "Actual Loops": 1
                                        },
                                        {
                                            "Worker Number": 3,
                                            "Actual Startup Time": 183.926,
                                            "Actual Total Time": 314.097,
                                            "Actual Rows": 24832,
                                            "Actual Loops": 1
                                        },
                                        {
                                            "Worker Number": 4,
                                            "Actual Startup Time": 183.943,
                                            "Actual Total Time": 314.895,
                                            "Actual Rows": 31458,
                                            "Actual Loops": 1
                                        },
                                        {
                                            "Worker Number": 5,
                                            "Actual Startup Time": 185.25,
                                            "Actual Total Time": 315.023,
                                            "Actual Rows": 26422,
                                            "Actual Loops": 1
                                        }
                                    ],
                                    "Plans": [
                                        {
                                            "Node Type": "Bitmap Heap Scan",
                                            "Parent Relationship": "Outer",
                                            "Parallel Aware": true,
                                            "Relation Name": "cast_info",
                                            "Schema": "public",
                                            "Alias": "ci",
                                            "Startup Cost": 39005.13,
                                            "Total Cost": 295372.92,
                                            "Plan Rows": 294464,
                                            "Plan Width": 4,
                                            "Actual Startup Time": 93.071,
                                            "Actual Total Time": 159.551,
                                            "Actual Rows": 266848,
                                            "Actual Loops": 7,
                                            "Output": [
                                                "ci.id",
                                                "ci.person_id",
                                                "ci.movie_id",
                                                "ci.person_role_id",
                                                "ci.note",
                                                "ci.nr_order",
                                                "ci.role_id"
                                            ],
                                            "Recheck Cond": "(ci.person_id > 3693280)",
                                            "Rows Removed by Index Recheck": 0,
                                            "Exact Heap Blocks": 4717,
                                            "Lossy Heap Blocks": 0,
                                            "Workers": [
                                                {
                                                    "Worker Number": 0,
                                                    "Actual Startup Time": 93.283,
                                                    "Actual Total Time": 161.725,
                                                    "Actual Rows": 204996,
                                                    "Actual Loops": 1
                                                },
                                                {
                                                    "Worker Number": 1,
                                                    "Actual Startup Time": 93.021,
                                                    "Actual Total Time": 160.76,
                                                    "Actual Rows": 193776,
                                                    "Actual Loops": 1
                                                },
                                                {
                                                    "Worker Number": 2,
                                                    "Actual Startup Time": 92.979,
                                                    "Actual Total Time": 161.148,
                                                    "Actual Rows": 284464,
                                                    "Actual Loops": 1
                                                },
                                                {
                                                    "Worker Number": 3,
                                                    "Actual Startup Time": 93.276,
                                                    "Actual Total Time": 159.104,
                                                    "Actual Rows": 253245,
                                                    "Actual Loops": 1
                                                },
                                                {
                                                    "Worker Number": 4,
                                                    "Actual Startup Time": 92.63,
                                                    "Actual Total Time": 159.165,
                                                    "Actual Rows": 328236,
                                                    "Actual Loops": 1
                                                },
                                                {
                                                    "Worker Number": 5,
                                                    "Actual Startup Time": 93.215,
                                                    "Actual Total Time": 160.775,
                                                    "Actual Rows": 278094,
                                                    "Actual Loops": 1
                                                }
                                            ],
                                            "Plans": [
                                                {
                                                    "Node Type": "Bitmap Index Scan",
                                                    "Parent Relationship": "Outer",
                                                    "Parallel Aware": false,
                                                    "Index Name": "person_id_cast_info",
                                                    "Startup Cost": 0.0,
                                                    "Total Cost": 38563.43,
                                                    "Plan Rows": 1766782,
                                                    "Plan Width": 0,
                                                    "Actual Startup Time": 88.649,
                                                    "Actual Total Time": 88.649,
                                                    "Actual Rows": 1867933,
                                                    "Actual Loops": 1,
                                                    "Index Cond": "(ci.person_id > 3693280)",
                                                    "Workers": [
                                                        {
                                                            "Worker Number": 4,
                                                            "Actual Startup Time": 88.649,
                                                            "Actual Total Time": 88.649,
                                                            "Actual Rows": 1867933,
                                                            "Actual Loops": 1
                                                        }
                                                    ]
                                                }
                                            ]
                                        },
                                        {
                                            "Node Type": "Hash",
                                            "Parent Relationship": "Inner",
                                            "Parallel Aware": true,
                                            "Startup Cost": 45479.21,
                                            "Total Cost": 45479.21,
                                            "Plan Rows": 71252,
                                            "Plan Width": 4,
                                            "Actual Startup Time": 91.014,
                                            "Actual Total Time": 91.015,
                                            "Actual Rows": 54614,
                                            "Actual Loops": 7,
                                            "Output": [
                                                "t.id"
                                            ],
                                            "Hash Buckets": 524288,
                                            "Original Hash Buckets": 524288,
                                            "Hash Batches": 1,
                                            "Original Hash Batches": 1,
                                            "Peak Memory Usage": 19168,
                                            "Workers": [
                                                {
                                                    "Worker Number": 0,
                                                    "Actual Startup Time": 89.601,
                                                    "Actual Total Time": 89.602,
                                                    "Actual Rows": 40106,
                                                    "Actual Loops": 1
                                                },
                                                {
                                                    "Worker Number": 1,
                                                    "Actual Startup Time": 89.733,
                                                    "Actual Total Time": 89.734,
                                                    "Actual Rows": 36991,
                                                    "Actual Loops": 1
                                                },
                                                {
                                                    "Worker Number": 2,
                                                    "Actual Startup Time": 90.218,
                                                    "Actual Total Time": 90.218,
                                                    "Actual Rows": 59255,
                                                    "Actual Loops": 1
                                                },
                                                {
                                                    "Worker Number": 3,
                                                    "Actual Startup Time": 90.071,
                                                    "Actual Total Time": 90.072,
                                                    "Actual Rows": 53668,
                                                    "Actual Loops": 1
                                                },
                                                {
                                                    "Worker Number": 4,
                                                    "Actual Startup Time": 90.954,
                                                    "Actual Total Time": 90.955,
                                                    "Actual Rows": 58662,
                                                    "Actual Loops": 1
                                                },
                                                {
                                                    "Worker Number": 5,
                                                    "Actual Startup Time": 91.109,
                                                    "Actual Total Time": 91.11,
                                                    "Actual Rows": 58661,
                                                    "Actual Loops": 1
                                                }
                                            ],
                                            "Plans": [
                                                {
                                                    "Node Type": "Seq Scan",
                                                    "Parent Relationship": "Outer",
                                                    "Parallel Aware": true,
                                                    "Relation Name": "title",
                                                    "Schema": "public",
                                                    "Alias": "t",
                                                    "Startup Cost": 0.0,
                                                    "Total Cost": 45479.21,
                                                    "Plan Rows": 71252,
                                                    "Plan Width": 4,
                                                    "Actual Startup Time": 42.833,
                                                    "Actual Total Time": 70.987,
                                                    "Actual Rows": 54614,
                                                    "Actual Loops": 7,
                                                    "Output": [
                                                        "t.id"
                                                    ],
                                                    "Filter": "((t.production_year < 2001) AND (t.kind_id = 1))",
                                                    "Rows Removed by Filter": 306574,
                                                    "Workers": [
                                                        {
                                                            "Worker Number": 0,
                                                            "Actual Startup Time": 41.541,
                                                            "Actual Total Time": 71.03,
                                                            "Actual Rows": 40106,
                                                            "Actual Loops": 1
                                                        },
                                                        {
                                                            "Worker Number": 1,
                                                            "Actual Startup Time": 41.44,
                                                            "Actual Total Time": 69.996,
                                                            "Actual Rows": 36991,
                                                            "Actual Loops": 1
                                                        },
                                                        {
                                                            "Worker Number": 2,
                                                            "Actual Startup Time": 42.439,
                                                            "Actual Total Time": 70.599,
                                                            "Actual Rows": 59255,
                                                            "Actual Loops": 1
                                                        },
                                                        {
                                                            "Worker Number": 3,
                                                            "Actual Startup Time": 41.753,
                                                            "Actual Total Time": 69.659,
                                                            "Actual Rows": 53668,
                                                            "Actual Loops": 1
                                                        },
                                                        {
                                                            "Worker Number": 4,
                                                            "Actual Startup Time": 42.645,
                                                            "Actual Total Time": 71.242,
                                                            "Actual Rows": 58662,
                                                            "Actual Loops": 1
                                                        },
                                                        {
                                                            "Worker Number": 5,
                                                            "Actual Startup Time": 42.914,
                                                            "Actual Total Time": 71.728,
                                                            "Actual Rows": 58661,
                                                            "Actual Loops": 1
                                                        }
                                                    ]
                                                }
                                            ]
                                        }
                                    ]
                                }
                            ]
                        }
                    ]
                }
            ]
        },
        "Planning Time": 190.428,
        "Triggers": [],
        "Execution Time": 344.572
    }
]