[
  {
    "Plan": {
      "Node Type": "Aggregate",
      "Strategy": "Plain",
      "Partial Mode": "Finalize",
      "Parallel Aware": false,
      "Startup Cost": 152822.31,
      "Total Cost": 152822.32,
      "Plan Rows": 1,
      "Plan Width": 8,
      "Actual Startup Time": 376.957,
      "Actual Total Time": 404.782,
      "Actual Rows": 1,
      "Actual Loops": 1,
      "Plans": [
        {
          "Node Type": "Gather",
          "Parent Relationship": "Outer",
          "Parallel Aware": false,
          "Startup Cost": 152821.99,
          "Total Cost": 152822.3,
          "Plan Rows": 3,
          "Plan Width": 8,
          "Actual Startup Time": 375.328,
          "Actual Total Time": 404.771,
          "Actual Rows": 4,
          "Actual Loops": 1,
          "Workers Planned": 3,
          "Workers Launched": 3,
          "Single Copy": false,
          "Plans": [
            {
              "Node Type": "Aggregate",
              "Strategy": "Plain",
              "Partial Mode": "Partial",
              "Parent Relationship": "Outer",
              "Parallel Aware": false,
              "Startup Cost": 151821.99,
              "Total Cost": 151822.0,
              "Plan Rows": 1,
              "Plan Width": 8,
              "Actual Startup Time": 366.255,
              "Actual Total Time": 366.259,
              "Actual Rows": 1,
              "Actual Loops": 4,
              "Plans": [
                {
                  "Node Type": "Nested Loop",
                  "Parent Relationship": "Outer",
                  "Parallel Aware": false,
                  "Join Type": "Inner",
                  "Startup Cost": 46222.46,
                  "Total Cost": 151640.39,
                  "Plan Rows": 72640,
                  "Plan Width": 0,
                  "Actual Startup Time": 141.913,
                  "Actual Total Time": 364.517,
                  "Actual Rows": 24170,
                  "Actual Loops": 4,
                  "Inner Unique": false,
                  "Join Filter": "(t.id = mi.movie_id)",
                  "Rows Removed by Join Filter": 0,
                  "Plans": [
                    {
                      "Node Type": "Hash Join",
                      "Parent Relationship": "Outer",
                      "Parallel Aware": true,
                      "Join Type": "Inner",
                      "Startup Cost": 46222.02,
                      "Total Cost": 78516.91,
                      "Plan Rows": 31525,
                      "Plan Width": 8,
                      "Actual Startup Time": 141.531,
                      "Actual Total Time": 287.524,
                      "Actual Rows": 10420,
                      "Actual Loops": 4,
                      "Inner Unique": true,
                      "Hash Cond": "(mc.movie_id = t.id)",
                      "Plans": [
                        {
                          "Node Type": "Seq Scan",
                          "Parent Relationship": "Outer",
                          "Parallel Aware": true,
                          "Relation Name": "movie_companies",
                          "Alias": "mc",
                          "Startup Cost": 0.0,
                          "Total Cost": 31414.82,
                          "Plan Rows": 335266,
                          "Plan Width": 4,
                          "Actual Startup Time": 0.022,
                          "Actual Total Time": 89.232,
                          "Actual Rows": 318562,
                          "Actual Loops": 4,
                          "Filter": "((company_id < 73942) AND (company_type_id < 2))",
                          "Rows Removed by Filter": 333721
                        },
                        {
                          "Node Type": "Hash",
                          "Parent Relationship": "Inner",
                          "Parallel Aware": true,
                          "Startup Cost": 45479.1,
                          "Total Cost": 45479.1,
                          "Plan Rows": 59434,
                          "Plan Width": 4,
                          "Actual Startup Time": 138.985,
                          "Actual Total Time": 138.986,
                          "Actual Rows": 64226,
                          "Actual Loops": 4,
                          "Hash Buckets": 262144,
                          "Original Hash Buckets": 262144,
                          "Hash Batches": 1,
                          "Original Hash Batches": 1,
                          "Peak Memory Usage": 12192,
                          "Plans": [
                            {
                              "Node Type": "Seq Scan",
                              "Parent Relationship": "Outer",
                              "Parallel Aware": true,
                              "Relation Name": "title",
                              "Alias": "t",
                              "Startup Cost": 0.0,
                              "Total Cost": 45479.1,
                              "Plan Rows": 59434,
                              "Plan Width": 4,
                              "Actual Startup Time": 0.037,
                              "Actual Total Time": 113.48,
                              "Actual Rows": 64226,
                              "Actual Loops": 4,
                              "Filter": "((production_year > 2010) AND (kind_id = 7))",
                              "Rows Removed by Filter": 567852
                            }
                          ]
                        }
                      ]
                    },
                    {
                      "Node Type": "Index Scan",
                      "Parent Relationship": "Inner",
                      "Parallel Aware": false,
                      "Scan Direction": "Forward",
                      "Index Name": "movie_id_movie_info",
                      "Relation Name": "movie_info",
                      "Alias": "mi",
                      "Startup Cost": 0.43,
                      "Total Cost": 2.11,
                      "Plan Rows": 17,
                      "Plan Width": 4,
                      "Actual Startup Time": 0.003,
                      "Actual Total Time": 0.007,
                      "Actual Rows": 2,
                      "Actual Loops": 41682,
                      "Index Cond": "(movie_id = mc.movie_id)",
                      "Rows Removed by Index Recheck": 0,
                      "Filter": "(info_type_id < 7)",
                      "Rows Removed by Filter": 6
                    }
                  ]
                }
              ]
            }
          ]
        }
      ]
    },
    "Planning Time": 1.466,
    "Triggers": [],
    "Execution Time": 404.874
  }
]