{
  "Plan": {
    "Node Type": "Aggregate",
    "Strategy": "Plain",
    "Partial Mode": "Finalize",
    "Parallel Aware": false,
    "Startup Cost": 105134.72,
    "Total Cost": 105134.73,
    "Plan Rows": 1,
    "Plan Width": 8,
    "Actual Startup Time": 367.5,
    "Actual Total Time": 378.647,
    "Actual Rows": 1,
    "Actual Loops": 1,
    "Plans": [
      {
        "Node Type": "Gather",
        "Parent Relationship": "Outer",
        "Parallel Aware": false,
        "Startup Cost": 105134.61,
        "Total Cost": 105134.72,
        "Plan Rows": 1,
        "Plan Width": 8,
        "Actual Startup Time": 367.025,
        "Actual Total Time": 378.639,
        "Actual Rows": 2,
        "Actual Loops": 1,
        "Workers Planned": 1,
        "Workers Launched": 1,
        "Single Copy": false,
        "Plans": [
          {
            "Node Type": "Aggregate",
            "Strategy": "Plain",
            "Partial Mode": "Partial",
            "Parent Relationship": "Outer",
            "Parallel Aware": false,
            "Startup Cost": 104134.61,
            "Total Cost": 104134.62,
            "Plan Rows": 1,
            "Plan Width": 8,
            "Actual Startup Time": 361.615,
            "Actual Total Time": 361.62,
            "Actual Rows": 1,
            "Actual Loops": 2,
            "Plans": [
              {
                "Node Type": "Hash Join",
                "Parent Relationship": "Outer",
                "Parallel Aware": true,
                "Join Type": "Inner",
                "Startup Cost": 42290.61,
                "Total Cost": 103634.0,
                "Plan Rows": 200242,
                "Plan Width": 0,
                "Actual Startup Time": 286.203,
                "Actual Total Time": 360.798,
                "Actual Rows": 18012,
                "Actual Loops": 2,
                "Inner Unique": false,
                "Hash Cond": "(t.id = mc.movie_id)",
                "Plans": [
                  {
                    "Node Type": "Seq Scan",
                    "Parent Relationship": "Outer",
                    "Parallel Aware": true,
                    "Relation Name": "title",
                    "Alias": "t",
                    "Startup Cost": 0.0,
                    "Total Cost": 50870.31,
                    "Plan Rows": 1487231,
                    "Plan Width": 4,
                    "Actual Startup Time": 0.012,
                    "Actual Total Time": 119.027,
                    "Actual Rows": 1264156,
                    "Actual Loops": 2
                  },
                  {
                    "Node Type": "Hash",
                    "Parent Relationship": "Inner",
                    "Parallel Aware": true,
                    "Startup Cost": 39787.58,
                    "Total Cost": 39787.58,
                    "Plan Rows": 200242,
                    "Plan Width": 4,
                    "Actual Startup Time": 113.251,
                    "Actual Total Time": 113.253,
                    "Actual Rows": 18012,
                    "Actual Loops": 2,
                    "Hash Buckets": 524288,
                    "Original Hash Buckets": 524288,
                    "Hash Batches": 1,
                    "Original Hash Batches": 1,
                    "Peak Memory Usage": 5536,
                    "Plans": [
                      {
                        "Node Type": "Bitmap Heap Scan",
                        "Parent Relationship": "Outer",
                        "Parallel Aware": true,
                        "Relation Name": "movie_companies",
                        "Alias": "mc",
                        "Startup Cost": 14895.93,
                        "Total Cost": 39787.58,
                        "Plan Rows": 200242,
                        "Plan Width": 4,
                        "Actual Startup Time": 48.635,
                        "Actual Total Time": 107.902,
                        "Actual Rows": 18012,
                        "Actual Loops": 2,
                        "Recheck Cond": "(company_id > 44393)",
                        "Rows Removed by Index Recheck": 0,
                        "Filter": "(company_type_id = 1)",
                        "Rows Removed by Filter": 334974,
                        "Exact Heap Blocks": 9302,
                        "Lossy Heap Blocks": 0,
                        "Plans": [
                          {
                            "Node Type": "Bitmap Index Scan",
                            "Parent Relationship": "Outer",
                            "Parallel Aware": false,
                            "Index Name": "company_id_movie_companies",
                            "Startup Cost": 0.0,
                            "Total Cost": 14810.83,
                            "Plan Rows": 691520,
                            "Plan Width": 0,
                            "Actual Startup Time": 46.851,
                            "Actual Total Time": 46.851,
                            "Actual Rows": 705974,
                            "Actual Loops": 1,
                            "Index Cond": "(company_id > 44393)"
                          }
                        ]
                      }
                    ]
                  }
                ]
              }
            ]
          }
        ]
      }
    ]
  },
  "Planning Time": 0.704,
  "Triggers": [],
  "Execution Time": 378.739
}