[
  {
    "Plan": {
      "Node Type": "Aggregate",
      "Strategy": "Plain",
      "Partial Mode": "Finalize",
      "Parallel Aware": false,
      "Startup Cost": 30118.97,
      "Total Cost": 30118.98,
      "Plan Rows": 1,
      "Plan Width": 8,
      "Actual Startup Time": 69.095,
      "Actual Total Time": 76.23,
      "Actual Rows": 1,
      "Actual Loops": 1,
      "Plans": [
        {
          "Node Type": "Gather",
          "Parent Relationship": "Outer",
          "Parallel Aware": false,
          "Startup Cost": 30118.65,
          "Total Cost": 30118.96,
          "Plan Rows": 3,
          "Plan Width": 8,
          "Actual Startup Time": 68.823,
          "Actual Total Time": 76.223,
          "Actual Rows": 4,
          "Actual Loops": 1,
          "Workers Planned": 3,
          "Workers Launched": 3,
          "Single Copy": false,
          "Plans": [
            {
              "Node Type": "Aggregate",
              "Strategy": "Plain",
              "Partial Mode": "Partial",
              "Parent Relationship": "Outer",
              "Parallel Aware": false,
              "Startup Cost": 29118.65,
              "Total Cost": 29118.66,
              "Plan Rows": 1,
              "Plan Width": 8,
              "Actual Startup Time": 61.033,
              "Actual Total Time": 61.035,
              "Actual Rows": 1,
              "Actual Loops": 4,
              "Plans": [
                {
                  "Node Type": "Bitmap Heap Scan",
                  "Parent Relationship": "Outer",
                  "Parallel Aware": true,
                  "Relation Name": "movie_keyword",
                  "Alias": "mk",
                  "Startup Cost": 3798.97,
                  "Total Cost": 28974.37,
                  "Plan Rows": 57712,
                  "Plan Width": 0,
                  "Actual Startup Time": 9.682,
                  "Actual Total Time": 58.025,
                  "Actual Rows": 45811,
                  "Actual Loops": 4,
                  "Recheck Cond": "(keyword_id > 71568)",
                  "Rows Removed by Index Recheck": 0,
                  "Exact Heap Blocks": 11793,
                  "Lossy Heap Blocks": 0,
                  "Plans": [
                    {
                      "Node Type": "Bitmap Index Scan",
                      "Parent Relationship": "Outer",
                      "Parallel Aware": false,
                      "Index Name": "keyword_id_movie_keyword",
                      "Startup Cost": 0.0,
                      "Total Cost": 3754.24,
                      "Plan Rows": 178908,
                      "Plan Width": 0,
                      "Actual Startup Time": 14.077,
                      "Actual Total Time": 14.078,
                      "Actual Rows": 183245,
                      "Actual Loops": 1,
                      "Index Cond": "(keyword_id > 71568)"
                    }
                  ]
                }
              ]
            }
          ]
        }
      ]
    },
    "Planning Time": 0.141,
    "Triggers": [],
    "Execution Time": 76.295
  }
]