[
  {
    "Plan": {
      "Node Type": "Aggregate",
      "Strategy": "Plain",
      "Partial Mode": "Finalize",
      "Parallel Aware": false,
      "Startup Cost": 30252.76,
      "Total Cost": 30252.77,
      "Plan Rows": 1,
      "Plan Width": 8,
      "Actual Startup Time": 93.519,
      "Actual Total Time": 100.981,
      "Actual Rows": 1,
      "Actual Loops": 1,
      "Plans": [
        {
          "Node Type": "Gather",
          "Parent Relationship": "Outer",
          "Parallel Aware": false,
          "Startup Cost": 30252.44,
          "Total Cost": 30252.75,
          "Plan Rows": 3,
          "Plan Width": 8,
          "Actual Startup Time": 93.181,
          "Actual Total Time": 100.971,
          "Actual Rows": 4,
          "Actual Loops": 1,
          "Workers Planned": 3,
          "Workers Launched": 3,
          "Single Copy": false,
          "Plans": [
            {
              "Node Type": "Aggregate",
              "Strategy": "Plain",
              "Partial Mode": "Partial",
              "Parent Relationship": "Outer",
              "Parallel Aware": false,
              "Startup Cost": 29252.44,
              "Total Cost": 29252.45,
              "Plan Rows": 1,
              "Plan Width": 8,
              "Actual Startup Time": 86.65,
              "Actual Total Time": 86.651,
              "Actual Rows": 1,
              "Actual Loops": 4,
              "Plans": [
                {
                  "Node Type": "Bitmap Heap Scan",
                  "Parent Relationship": "Outer",
                  "Parallel Aware": true,
                  "Relation Name": "movie_keyword",
                  "Alias": "mk",
                  "Startup Cost": 3907.47,
                  "Total Cost": 29103.95,
                  "Plan Rows": 59398,
                  "Plan Width": 0,
                  "Actual Startup Time": 26.691,
                  "Actual Total Time": 82.713,
                  "Actual Rows": 45811,
                  "Actual Loops": 4,
                  "Recheck Cond": "(keyword_id > 71568)",
                  "Rows Removed by Index Recheck": 0,
                  "Exact Heap Blocks": 9083,
                  "Lossy Heap Blocks": 0,
                  "Plans": [
                    {
                      "Node Type": "Bitmap Index Scan",
                      "Parent Relationship": "Outer",
                      "Parallel Aware": false,
                      "Index Name": "keyword_id_movie_keyword",
                      "Startup Cost": 0.0,
                      "Total Cost": 3861.44,
                      "Plan Rows": 184134,
                      "Plan Width": 0,
                      "Actual Startup Time": 27.672,
                      "Actual Total Time": 27.672,
                      "Actual Rows": 183245,
                      "Actual Loops": 1,
                      "Index Cond": "(keyword_id > 71568)"
                    }
                  ]
                }
              ]
            }
          ]
        }
      ]
    },
    "Planning Time": 0.13,
    "Triggers": [],
    "Execution Time": 101.035
  }
]