[
  {
    "Plan": {
      "Node Type": "Aggregate",
      "Strategy": "Plain",
      "Partial Mode": "Finalize",
      "Parallel Aware": false,
      "Startup Cost": 30944.24,
      "Total Cost": 30944.25,
      "Plan Rows": 1,
      "Plan Width": 8,
      "Actual Startup Time": 94.462,
      "Actual Total Time": 102.118,
      "Actual Rows": 1,
      "Actual Loops": 1,
      "Plans": [
        {
          "Node Type": "Gather",
          "Parent Relationship": "Outer",
          "Parallel Aware": false,
          "Startup Cost": 30943.92,
          "Total Cost": 30944.23,
          "Plan Rows": 3,
          "Plan Width": 8,
          "Actual Startup Time": 94.299,
          "Actual Total Time": 102.108,
          "Actual Rows": 4,
          "Actual Loops": 1,
          "Workers Planned": 3,
          "Workers Launched": 3,
          "Single Copy": false,
          "Plans": [
            {
              "Node Type": "Aggregate",
              "Strategy": "Plain",
              "Partial Mode": "Partial",
              "Parent Relationship": "Outer",
              "Parallel Aware": false,
              "Startup Cost": 29943.92,
              "Total Cost": 29943.93,
              "Plan Rows": 1,
              "Plan Width": 8,
              "Actual Startup Time": 87.174,
              "Actual Total Time": 87.176,
              "Actual Rows": 1,
              "Actual Loops": 4,
              "Plans": [
                {
                  "Node Type": "Seq Scan",
                  "Parent Relationship": "Outer",
                  "Parallel Aware": true,
                  "Relation Name": "movie_companies",
                  "Alias": "mc",
                  "Startup Cost": 0.0,
                  "Total Cost": 29310.68,
                  "Plan Rows": 253296,
                  "Plan Width": 0,
                  "Actual Startup Time": 0.034,
                  "Actual Total Time": 74.718,
                  "Actual Rows": 194885,
                  "Actual Loops": 4,
                  "Filter": "(company_id < 1685)",
                  "Rows Removed by Filter": 457397
                }
              ]
            }
          ]
        }
      ]
    },
    "Planning Time": 0.195,
    "Triggers": [],
    "Execution Time": 102.181
  }
]