[
  {
    "Plan": {
      "Node Type": "Aggregate",
      "Strategy": "Plain",
      "Partial Mode": "Finalize",
      "Parallel Aware": false,
      "Startup Cost": 44306.56,
      "Total Cost": 44306.57,
      "Plan Rows": 1,
      "Plan Width": 8,
      "Actual Startup Time": 122.312,
      "Actual Total Time": 131.704,
      "Actual Rows": 1,
      "Actual Loops": 1,
      "Plans": [
        {
          "Node Type": "Gather",
          "Parent Relationship": "Outer",
          "Parallel Aware": false,
          "Startup Cost": 44306.24,
          "Total Cost": 44306.55,
          "Plan Rows": 3,
          "Plan Width": 8,
          "Actual Startup Time": 122.167,
          "Actual Total Time": 131.696,
          "Actual Rows": 4,
          "Actual Loops": 1,
          "Workers Planned": 3,
          "Workers Launched": 3,
          "Single Copy": false,
          "Plans": [
            {
              "Node Type": "Aggregate",
              "Strategy": "Plain",
              "Partial Mode": "Partial",
              "Parent Relationship": "Outer",
              "Parallel Aware": false,
              "Startup Cost": 43306.24,
              "Total Cost": 43306.25,
              "Plan Rows": 1,
              "Plan Width": 8,
              "Actual Startup Time": 113.746,
              "Actual Total Time": 113.747,
              "Actual Rows": 1,
              "Actual Loops": 4,
              "Plans": [
                {
                  "Node Type": "Seq Scan",
                  "Parent Relationship": "Outer",
                  "Parallel Aware": true,
                  "Relation Name": "movie_keyword",
                  "Alias": "mk",
                  "Startup Cost": 0.0,
                  "Total Cost": 42695.65,
                  "Plan Rows": 244235,
                  "Plan Width": 0,
                  "Actual Startup Time": 5.993,
                  "Actual Total Time": 104.123,
                  "Actual Rows": 186592,
                  "Actual Loops": 4,
                  "Filter": "(keyword_id > 25086)",
                  "Rows Removed by Filter": 944390
                }
              ]
            }
          ]
        }
      ]
    },
    "Planning Time": 0.166,
    "Triggers": [],
    "Execution Time": 131.757
  }
]