[
    {
        "Bao": {
            "Bao prediction": 660.785,
            "Bao recommended hint": "(no hint)"
        }
    },
    {
        "Plan": {
            "Node Type": "Aggregate",
            "Strategy": "Plain",
            "Partial Mode": "Finalize",
            "Parallel Aware": false,
            "Startup Cost": 249487.62,
            "Total Cost": 249487.63,
            "Plan Rows": 1,
            "Plan Width": 8,
            "Actual Startup Time": 632.418,
            "Actual Total Time": 657.651,
            "Actual Rows": 1,
            "Actual Loops": 1,
            "Output": [
                "count(*)"
            ],
            "Plans": [
                {
                    "Node Type": "Gather",
                    "Parent Relationship": "Outer",
                    "Parallel Aware": false,
                    "Startup Cost": 249487.09,
                    "Total Cost": 249487.6,
                    "Plan Rows": 5,
                    "Plan Width": 8,
                    "Actual Startup Time": 631.99,
                    "Actual Total Time": 657.643,
                    "Actual Rows": 6,
                    "Actual Loops": 1,
                    "Output": [
                        "(PARTIAL count(*))"
                    ],
                    "Workers Planned": 5,
                    "Workers Launched": 5,
                    "Single Copy": false,
                    "Plans": [
                        {
                            "Node Type": "Aggregate",
                            "Strategy": "Plain",
                            "Partial Mode": "Partial",
                            "Parent Relationship": "Outer",
                            "Parallel Aware": false,
                            "Startup Cost": 248487.09,
                            "Total Cost": 248487.1,
                            "Plan Rows": 1,
                            "Plan Width": 8,
                            "Actual Startup Time": 622.802,
                            "Actual Total Time": 622.805,
                            "Actual Rows": 1,
                            "Actual Loops": 6,
                            "Output": [
                                "PARTIAL count(*)"
                            ],
                            "Workers": [
                                {
                                    "Worker Number": 0,
                                    "Actual Startup Time": 620.755,
                                    "Actual Total Time": 620.758,
                                    "Actual Rows": 1,
                                    "Actual Loops": 1
                                },
                                {
                                    "Worker Number": 1,
                                    "Actual Startup Time": 621.053,
                                    "Actual Total Time": 621.056,
                                    "Actual Rows": 1,
                                    "Actual Loops": 1
                                },
                                {
                                    "Worker Number": 2,
                                    "Actual Startup Time": 620.815,
                                    "Actual Total Time": 620.818,
                                    "Actual Rows": 1,
                                    "Actual Loops": 1
                                },
                                {
                                    "Worker Number": 3,
                                    "Actual Startup Time": 621.441,
                                    "Actual Total Time": 621.444,
                                    "Actual Rows": 1,
                                    "Actual Loops": 1
                                },
                                {
                                    "Worker Number": 4,
                                    "Actual Startup Time": 621.605,
                                    "Actual Total Time": 621.609,
                                    "Actual Rows": 1,
                                    "Actual Loops": 1
                                }
                            ],
                            "Plans": [
                                {
                                    "Node Type": "Hash Join",
                                    "Parent Relationship": "Outer",
                                    "Parallel Aware": true,
                                    "Join Type": "Inner",
                                    "Startup Cost": 45605.51,
                                    "Total Cost": 248427.1,
                                    "Plan Rows": 23998,
                                    "Plan Width": 0,
                                    "Actual Startup Time": 108.969,
                                    "Actual Total Time": 621.898,
                                    "Actual Rows": 11831,
                                    "Actual Loops": 6,
                                    "Inner Unique": true,
                                    "Hash Cond": "(mi.movie_id = t.id)",
                                    "Workers": [
                                        {
                                            "Worker Number": 0,
                                            "Actual Startup Time": 106.757,
                                            "Actual Total Time": 619.826,
                                            "Actual Rows": 10850,
                                            "Actual Loops": 1
                                        },
                                        {
                                            "Worker Number": 1,
                                            "Actual Startup Time": 107.069,
                                            "Actual Total Time": 620.103,
                                            "Actual Rows": 11165,
                                            "Actual Loops": 1
                                        },
                                        {
                                            "Worker Number": 2,
                                            "Actual Startup Time": 107.032,
                                            "Actual Total Time": 619.963,
                                            "Actual Rows": 9809,
                                            "Actual Loops": 1
                                        },
                                        {
                                            "Worker Number": 3,
                                            "Actual Startup Time": 107.654,
                                            "Actual Total Time": 620.503,
                                            "Actual Rows": 10835,
                                            "Actual Loops": 1
                                        },
                                        {
                                            "Worker Number": 4,
                                            "Actual Startup Time": 108.017,
                                            "Actual Total Time": 620.73,
                                            "Actual Rows": 9862,
                                            "Actual Loops": 1
                                        }
                                    ],
                                    "Plans": [
                                        {
                                            "Node Type": "Seq Scan",
                                            "Parent Relationship": "Outer",
                                            "Parallel Aware": true,
                                            "Relation Name": "movie_info",
                                            "Schema": "public",
                                            "Alias": "mi",
                                            "Startup Cost": 0.0,
                                            "Total Cost": 198880.74,
                                            "Plan Rows": 1501273,
                                            "Plan Width": 4,
                                            "Actual Startup Time": 18.811,
                                            "Actual Total Time": 380.445,
                                            "Actual Rows": 1258142,
                                            "Actual Loops": 6,
                                            "Output": [
                                                "mi.id",
                                                "mi.movie_id",
                                                "mi.info_type_id",
                                                "mi.info",
                                                "mi.note"
                                            ],
                                            "Filter": "(mi.info_type_id > 7)",
                                            "Rows Removed by Filter": 1214478,
                                            "Workers": [
                                                {
                                                    "Worker Number": 0,
                                                    "Actual Startup Time": 18.818,
                                                    "Actual Total Time": 384.819,
                                                    "Actual Rows": 1058609,
                                                    "Actual Loops": 1
                                                },
                                                {
                                                    "Worker Number": 1,
                                                    "Actual Startup Time": 18.721,
                                                    "Actual Total Time": 383.024,
                                                    "Actual Rows": 1111814,
                                                    "Actual Loops": 1
                                                },
                                                {
                                                    "Worker Number": 2,
                                                    "Actual Startup Time": 18.811,
                                                    "Actual Total Time": 386.665,
                                                    "Actual Rows": 1049831,
                                                    "Actual Loops": 1
                                                },
                                                {
                                                    "Worker Number": 3,
                                                    "Actual Startup Time": 18.846,
                                                    "Actual Total Time": 383.516,
                                                    "Actual Rows": 1107626,
                                                    "Actual Loops": 1
                                                },
                                                {
                                                    "Worker Number": 4,
                                                    "Actual Startup Time": 18.82,
                                                    "Actual Total Time": 383.214,
                                                    "Actual Rows": 1112371,
                                                    "Actual Loops": 1
                                                }
                                            ]
                                        },
                                        {
                                            "Node Type": "Hash",
                                            "Parent Relationship": "Inner",
                                            "Parallel Aware": true,
                                            "Startup Cost": 45479.21,
                                            "Total Cost": 45479.21,
                                            "Plan Rows": 10104,
                                            "Plan Width": 4,
                                            "Actual Startup Time": 88.661,
                                            "Actual Total Time": 88.662,
                                            "Actual Rows": 6989,
                                            "Actual Loops": 6,
                                            "Output": [
                                                "t.id"
                                            ],
                                            "Hash Buckets": 65536,
                                            "Original Hash Buckets": 65536,
                                            "Hash Batches": 1,
                                            "Original Hash Batches": 1,
                                            "Peak Memory Usage": 2240,
                                            "Workers": [
                                                {
                                                    "Worker Number": 0,
                                                    "Actual Startup Time": 87.16,
                                                    "Actual Total Time": 87.161,
                                                    "Actual Rows": 5462,
                                                    "Actual Loops": 1
                                                },
                                                {
                                                    "Worker Number": 1,
                                                    "Actual Startup Time": 87.413,
                                                    "Actual Total Time": 87.414,
                                                    "Actual Rows": 5616,
                                                    "Actual Loops": 1
                                                },
                                                {
                                                    "Worker Number": 2,
                                                    "Actual Startup Time": 87.22,
                                                    "Actual Total Time": 87.221,
                                                    "Actual Rows": 5563,
                                                    "Actual Loops": 1
                                                },
                                                {
                                                    "Worker Number": 3,
                                                    "Actual Startup Time": 87.863,
                                                    "Actual Total Time": 87.864,
                                                    "Actual Rows": 5429,
                                                    "Actual Loops": 1
                                                },
                                                {
                                                    "Worker Number": 4,
                                                    "Actual Startup Time": 88.09,
                                                    "Actual Total Time": 88.091,
                                                    "Actual Rows": 5727,
                                                    "Actual Loops": 1
                                                }
                                            ],
                                            "Plans": [
                                                {
                                                    "Node Type": "Seq Scan",
                                                    "Parent Relationship": "Outer",
                                                    "Parallel Aware": true,
                                                    "Relation Name": "title",
                                                    "Schema": "public",
                                                    "Alias": "t",
                                                    "Startup Cost": 0.0,
                                                    "Total Cost": 45479.21,
                                                    "Plan Rows": 10104,
                                                    "Plan Width": 4,
                                                    "Actual Startup Time": 0.047,
                                                    "Actual Total Time": 84.715,
                                                    "Actual Rows": 6989,
                                                    "Actual Loops": 6,
                                                    "Output": [
                                                        "t.id"
                                                    ],
                                                    "Filter": "((t.kind_id = 7) AND (t.production_year = 2002))",
                                                    "Rows Removed by Filter": 414396,
                                                    "Workers": [
                                                        {
                                                            "Worker Number": 0,
                                                            "Actual Startup Time": 0.054,
                                                            "Actual Total Time": 83.073,
                                                            "Actual Rows": 5462,
                                                            "Actual Loops": 1
                                                        },
                                                        {
                                                            "Worker Number": 1,
                                                            "Actual Startup Time": 0.043,
                                                            "Actual Total Time": 83.773,
                                                            "Actual Rows": 5616,
                                                            "Actual Loops": 1
                                                        },
                                                        {
                                                            "Worker Number": 2,
                                                            "Actual Startup Time": 0.051,
                                                            "Actual Total Time": 83.291,
                                                            "Actual Rows": 5563,
                                                            "Actual Loops": 1
                                                        },
                                                        {
                                                            "Worker Number": 3,
                                                            "Actual Startup Time": 0.051,
                                                            "Actual Total Time": 84.194,
                                                            "Actual Rows": 5429,
                                                            "Actual Loops": 1
                                                        },
                                                        {
                                                            "Worker Number": 4,
                                                            "Actual Startup Time": 0.051,
                                                            "Actual Total Time": 84.451,
                                                            "Actual Rows": 5727,
                                                            "Actual Loops": 1
                                                        }
                                                    ]
                                                }
                                            ]
                                        }
                                    ]
                                }
                            ]
                        }
                    ]
                }
            ]
        },
        "Planning Time": 1101.374,
        "Triggers": [],
        "Execution Time": 657.759
    }
]