[
  {
    "Plan": {
      "Node Type": "Aggregate",
      "Strategy": "Plain",
      "Partial Mode": "Finalize",
      "Parallel Aware": false,
      "Startup Cost": 305223.06,
      "Total Cost": 305223.07,
      "Plan Rows": 1,
      "Plan Width": 8,
      "Actual Startup Time": 211.288,
      "Actual Total Time": 222.418,
      "Actual Rows": 1,
      "Actual Loops": 1,
      "Plans": [
        {
          "Node Type": "Gather",
          "Parent Relationship": "Outer",
          "Parallel Aware": false,
          "Startup Cost": 305222.43,
          "Total Cost": 305223.04,
          "Plan Rows": 6,
          "Plan Width": 8,
          "Actual Startup Time": 210.075,
          "Actual Total Time": 222.408,
          "Actual Rows": 7,
          "Actual Loops": 1,
          "Workers Planned": 6,
          "Workers Launched": 6,
          "Single Copy": false,
          "Plans": [
            {
              "Node Type": "Aggregate",
              "Strategy": "Plain",
              "Partial Mode": "Partial",
              "Parent Relationship": "Outer",
              "Parallel Aware": false,
              "Startup Cost": 304222.43,
              "Total Cost": 304222.44,
              "Plan Rows": 1,
              "Plan Width": 8,
              "Actual Startup Time": 202.666,
              "Actual Total Time": 202.669,
              "Actual Rows": 1,
              "Actual Loops": 7,
              "Plans": [
                {
                  "Node Type": "Bitmap Heap Scan",
                  "Parent Relationship": "Outer",
                  "Parallel Aware": true,
                  "Relation Name": "cast_info",
                  "Alias": "ci",
                  "Startup Cost": 45768.69,
                  "Total Cost": 303659.05,
                  "Plan Rows": 225352,
                  "Plan Width": 0,
                  "Actual Startup Time": 87.671,
                  "Actual Total Time": 188.521,
                  "Actual Rows": 286736,
                  "Actual Loops": 7,
                  "Recheck Cond": "(person_id > 3667548)",
                  "Rows Removed by Index Recheck": 0,
                  "Filter": "(role_id > 1)",
                  "Rows Removed by Filter": 0,
                  "Exact Heap Blocks": 6382,
                  "Lossy Heap Blocks": 0,
                  "Plans": [
                    {
                      "Node Type": "Bitmap Index Scan",
                      "Parent Relationship": "Outer",
                      "Parallel Aware": false,
                      "Index Name": "person_id_cast_info",
                      "Startup Cost": 0.0,
                      "Total Cost": 45430.66,
                      "Plan Rows": 2081346,
                      "Plan Width": 0,
                      "Actual Startup Time": 89.05,
                      "Actual Total Time": 89.051,
                      "Actual Rows": 2007149,
                      "Actual Loops": 1,
                      "Index Cond": "(person_id > 3667548)"
                    }
                  ]
                }
              ]
            }
          ]
        }
      ]
    },
    "Planning Time": 0.242,
    "Triggers": [],
    "Execution Time": 222.499
  }
]