[
  {
    "Plan": {
      "Node Type": "Aggregate",
      "Strategy": "Plain",
      "Partial Mode": "Finalize",
      "Parallel Aware": false,
      "Startup Cost": 341778.99,
      "Total Cost": 341779.0,
      "Plan Rows": 1,
      "Plan Width": 8,
      "Actual Startup Time": 777.376,
      "Actual Total Time": 828.944,
      "Actual Rows": 1,
      "Actual Loops": 1,
      "Plans": [
        {
          "Node Type": "Gather",
          "Parent Relationship": "Outer",
          "Parallel Aware": false,
          "Startup Cost": 341778.36,
          "Total Cost": 341778.97,
          "Plan Rows": 6,
          "Plan Width": 8,
          "Actual Startup Time": 777.218,
          "Actual Total Time": 828.934,
          "Actual Rows": 7,
          "Actual Loops": 1,
          "Workers Planned": 6,
          "Workers Launched": 6,
          "Single Copy": false,
          "Plans": [
            {
              "Node Type": "Aggregate",
              "Strategy": "Plain",
              "Partial Mode": "Partial",
              "Parent Relationship": "Outer",
              "Parallel Aware": false,
              "Startup Cost": 340778.36,
              "Total Cost": 340778.37,
              "Plan Rows": 1,
              "Plan Width": 8,
              "Actual Startup Time": 768.721,
              "Actual Total Time": 768.722,
              "Actual Rows": 1,
              "Actual Loops": 7,
              "Plans": [
                {
                  "Node Type": "Seq Scan",
                  "Parent Relationship": "Outer",
                  "Parallel Aware": true,
                  "Relation Name": "cast_info",
                  "Alias": "ci",
                  "Startup Cost": 0.0,
                  "Total Cost": 328211.39,
                  "Plan Rows": 5026789,
                  "Plan Width": 0,
                  "Actual Startup Time": 75.503,
                  "Actual Total Time": 585.968,
                  "Actual Rows": 4281591,
                  "Actual Loops": 7,
                  "Filter": "(person_id > 604216)",
                  "Rows Removed by Filter": 896173
                }
              ]
            }
          ]
        }
      ]
    },
    "Planning Time": 0.207,
    "Triggers": [],
    "Execution Time": 829.014
  }
]