[
  {
    "Plan": {
      "Node Type": "Aggregate",
      "Strategy": "Plain",
      "Partial Mode": "Simple",
      "Parallel Aware": false,
      "Startup Cost": 72615.19,
      "Total Cost": 72615.2,
      "Plan Rows": 1,
      "Plan Width": 64,
      "Actual Startup Time": 257.017,
      "Actual Total Time": 283.056,
      "Actual Rows": 1,
      "Actual Loops": 1,
      "Plans": [
        {
          "Node Type": "Nested Loop",
          "Parent Relationship": "Outer",
          "Parallel Aware": false,
          "Join Type": "Inner",
          "Startup Cost": 1004.44,
          "Total Cost": 72615.18,
          "Plan Rows": 1,
          "Plan Width": 32,
          "Actual Startup Time": 119.72,
          "Actual Total Time": 282.769,
          "Actual Rows": 1083,
          "Actual Loops": 1,
          "Inner Unique": true,
          "Join Filter": "(mi.movie_id = t.id)",
          "Rows Removed by Join Filter": 0,
          "Plans": [
            {
              "Node Type": "Nested Loop",
              "Parent Relationship": "Outer",
              "Parallel Aware": false,
              "Join Type": "Inner",
              "Startup Cost": 1004.01,
              "Total Cost": 72614.67,
              "Plan Rows": 1,
              "Plan Width": 27,
              "Actual Startup Time": 119.653,
              "Actual Total Time": 277.735,
              "Actual Rows": 1090,
              "Actual Loops": 1,
              "Inner Unique": true,
              "Plans": [
                {
                  "Node Type": "Nested Loop",
                  "Parent Relationship": "Outer",
                  "Parallel Aware": false,
                  "Join Type": "Inner",
                  "Startup Cost": 1003.87,
                  "Total Cost": 72614.48,
                  "Plan Rows": 1,
                  "Plan Width": 31,
                  "Actual Startup Time": 119.635,
                  "Actual Total Time": 275.945,
                  "Actual Rows": 1090,
                  "Actual Loops": 1,
                  "Inner Unique": true,
                  "Plans": [
                    {
                      "Node Type": "Gather",
                      "Parent Relationship": "Outer",
                      "Parallel Aware": false,
                      "Startup Cost": 1003.44,
                      "Total Cost": 72613.98,
                      "Plan Rows": 1,
                      "Plan Width": 35,
                      "Actual Startup Time": 119.576,
                      "Actual Total Time": 270.472,
                      "Actual Rows": 1092,
                      "Actual Loops": 1,
                      "Workers Planned": 4,
                      "Workers Launched": 4,
                      "Single Copy": false,
                      "Plans": [
                        {
                          "Node Type": "Nested Loop",
                          "Parent Relationship": "Outer",
                          "Parallel Aware": false,
                          "Join Type": "Inner",
                          "Startup Cost": 3.44,
                          "Total Cost": 71613.88,
                          "Plan Rows": 1,
                          "Plan Width": 35,
                          "Actual Startup Time": 105.972,
                          "Actual Total Time": 243.215,
                          "Actual Rows": 218,
                          "Actual Loops": 5,
                          "Inner Unique": false,
                          "Join Filter": "(mc.movie_id = mi.movie_id)",
                          "Rows Removed by Join Filter": 0,
                          "Plans": [
                            {
                              "Node Type": "Nested Loop",
                              "Parent Relationship": "Outer",
                              "Parallel Aware": false,
                              "Join Type": "Inner",
                              "Startup Cost": 3.0,
                              "Total Cost": 71612.25,
                              "Plan Rows": 1,
                              "Plan Width": 27,
                              "Actual Startup Time": 102.103,
                              "Actual Total Time": 225.395,
                              "Actual Rows": 352,
                              "Actual Loops": 5,
                              "Inner Unique": true,
                              "Plans": [
                                {
                                  "Node Type": "Nested Loop",
                                  "Parent Relationship": "Outer",
                                  "Parallel Aware": false,
                                  "Join Type": "Inner",
                                  "Startup Cost": 2.58,
                                  "Total Cost": 71611.76,
                                  "Plan Rows": 1,
                                  "Plan Width": 31,
                                  "Actual Startup Time": 101.705,
                                  "Actual Total Time": 223.618,
                                  "Actual Rows": 357,
                                  "Actual Loops": 5,
                                  "Inner Unique": false,
                                  "Plans": [
                                    {
                                      "Node Type": "Hash Join",
                                      "Parent Relationship": "Outer",
                                      "Parallel Aware": false,
                                      "Join Type": "Inner",
                                      "Startup Cost": 2.15,
                                      "Total Cost": 71609.42,
                                      "Plan Rows": 4,
                                      "Plan Width": 23,
                                      "Actual Startup Time": 100.077,
                                      "Actual Total Time": 219.591,
                                      "Actual Rows": 376,
                                      "Actual Loops": 5,
                                      "Inner Unique": true,
                                      "Hash Cond": "(ci.role_id = rt.id)",
                                      "Plans": [
                                        {
                                          "Node Type": "Nested Loop",
                                          "Parent Relationship": "Outer",
                                          "Parallel Aware": false,
                                          "Join Type": "Inner",
                                          "Startup Cost": 0.99,
                                          "Total Cost": 71608.09,
                                          "Plan Rows": 48,
                                          "Plan Width": 27,
                                          "Actual Startup Time": 98.649,
                                          "Actual Total Time": 219.221,
                                          "Actual Rows": 466,
                                          "Actual Loops": 5,
                                          "Inner Unique": false,
                                          "Join Filter": "(n.id = ci.person_id)",
                                          "Rows Removed by Join Filter": 0,
                                          "Plans": [
                                            {
                                              "Node Type": "Nested Loop",
                                              "Parent Relationship": "Outer",
                                              "Parallel Aware": false,
                                              "Join Type": "Inner",
                                              "Startup Cost": 0.42,
                                              "Total Cost": 71538.77,
                                              "Plan Rows": 5,
                                              "Plan Width": 23,
                                              "Actual Startup Time": 96.464,
                                              "Actual Total Time": 211.606,
                                              "Actual Rows": 147,
                                              "Actual Loops": 5,
                                              "Inner Unique": false,
                                              "Plans": [
                                                {
                                                  "Node Type": "Seq Scan",
                                                  "Parent Relationship": "Outer",
                                                  "Parallel Aware": true,
                                                  "Relation Name": "name",
                                                  "Alias": "n",
                                                  "Startup Cost": 0.0,
                                                  "Total Cost": 71241.41,
                                                  "Plan Rows": 24,
                                                  "Plan Width": 19,
                                                  "Actual Startup Time": 95.098,
                                                  "Actual Total Time": 205.741,
                                                  "Actual Rows": 678,
                                                  "Actual Loops": 5,
                                                  "Filter": "((name ~~ '%Kelly%'::text) AND ((gender)::text = 'f'::text))",
                                                  "Rows Removed by Filter": 832820
                                                },
                                                {
                                                  "Node Type": "Index Only Scan",
                                                  "Parent Relationship": "Inner",
                                                  "Parallel Aware": false,
                                                  "Scan Direction": "Forward",
                                                  "Index Name": "person_id_aka_name",
                                                  "Relation Name": "aka_name",
                                                  "Alias": "an",
                                                  "Startup Cost": 0.42,
                                                  "Total Cost": 12.37,
                                                  "Plan Rows": 2,
                                                  "Plan Width": 4,
                                                  "Actual Startup Time": 0.008,
                                                  "Actual Total Time": 0.008,
                                                  "Actual Rows": 0,
                                                  "Actual Loops": 3392,
                                                  "Index Cond": "(person_id = n.id)",
                                                  "Rows Removed by Index Recheck": 0,
                                                  "Heap Fetches": 735
                                                }
                                              ]
                                            },
                                            {
                                              "Node Type": "Index Scan",
                                              "Parent Relationship": "Inner",
                                              "Parallel Aware": false,
                                              "Scan Direction": "Forward",
                                              "Index Name": "person_id_cast_info",
                                              "Relation Name": "cast_info",
                                              "Alias": "ci",
                                              "Startup Cost": 0.56,
                                              "Total Cost": 13.29,
                                              "Plan Rows": 46,
                                              "Plan Width": 16,
                                              "Actual Startup Time": 0.041,
                                              "Actual Total Time": 0.05,
                                              "Actual Rows": 3,
                                              "Actual Loops": 735,
                                              "Index Cond": "(person_id = an.person_id)",
                                              "Rows Removed by Index Recheck": 0,
                                              "Filter": "(note = ANY ('{(producer),(writer),(voice),(uncredited)}'::text[]))",
                                              "Rows Removed by Filter": 56
                                            }
                                          ]
                                        },
                                        {
                                          "Node Type": "Hash",
                                          "Parent Relationship": "Inner",
                                          "Parallel Aware": false,
                                          "Startup Cost": 1.15,
                                          "Total Cost": 1.15,
                                          "Plan Rows": 1,
                                          "Plan Width": 4,
                                          "Actual Startup Time": 0.048,
                                          "Actual Total Time": 0.049,
                                          "Actual Rows": 1,
                                          "Actual Loops": 5,
                                          "Hash Buckets": 1024,
                                          "Original Hash Buckets": 1024,
                                          "Hash Batches": 1,
                                          "Original Hash Batches": 1,
                                          "Peak Memory Usage": 9,
                                          "Plans": [
                                            {
                                              "Node Type": "Seq Scan",
                                              "Parent Relationship": "Outer",
                                              "Parallel Aware": false,
                                              "Relation Name": "role_type",
                                              "Alias": "rt",
                                              "Startup Cost": 0.0,
                                              "Total Cost": 1.15,
                                              "Plan Rows": 1,
                                              "Plan Width": 4,
                                              "Actual Startup Time": 0.03,
                                              "Actual Total Time": 0.032,
                                              "Actual Rows": 1,
                                              "Actual Loops": 5,
                                              "Filter": "((role)::text = 'actress'::text)",
                                              "Rows Removed by Filter": 11
                                            }
                                          ]
                                        }
                                      ]
                                    },
                                    {
                                      "Node Type": "Index Scan",
                                      "Parent Relationship": "Inner",
                                      "Parallel Aware": false,
                                      "Scan Direction": "Forward",
                                      "Index Name": "movie_id_movie_companies",
                                      "Relation Name": "movie_companies",
                                      "Alias": "mc",
                                      "Startup Cost": 0.43,
                                      "Total Cost": 0.58,
                                      "Plan Rows": 1,
                                      "Plan Width": 8,
                                      "Actual Startup Time": 0.008,
                                      "Actual Total Time": 0.01,
                                      "Actual Rows": 1,
                                      "Actual Loops": 1880,
                                      "Index Cond": "(movie_id = ci.movie_id)",
                                      "Rows Removed by Index Recheck": 0,
                                      "Filter": "((note IS NOT NULL) AND ((note ~~ '%(USA)%'::text) OR (note ~~ '%(worldwide)%'::text)))",
                                      "Rows Removed by Filter": 3
                                    }
                                  ]
                                },
                                {
                                  "Node Type": "Index Scan",
                                  "Parent Relationship": "Inner",
                                  "Parallel Aware": false,
                                  "Scan Direction": "Forward",
                                  "Index Name": "company_name_pkey",
                                  "Relation Name": "company_name",
                                  "Alias": "cn",
                                  "Startup Cost": 0.42,
                                  "Total Cost": 0.49,
                                  "Plan Rows": 1,
                                  "Plan Width": 4,
                                  "Actual Startup Time": 0.004,
                                  "Actual Total Time": 0.004,
                                  "Actual Rows": 1,
                                  "Actual Loops": 1787,
                                  "Index Cond": "(id = mc.company_id)",
                                  "Rows Removed by Index Recheck": 0,
                                  "Filter": "((country_code)::text = '[us]'::text)",
                                  "Rows Removed by Filter": 0
                                }
                              ]
                            },
                            {
                              "Node Type": "Index Scan",
                              "Parent Relationship": "Inner",
                              "Parallel Aware": false,
                              "Scan Direction": "Forward",
                              "Index Name": "movie_id_movie_info",
                              "Relation Name": "movie_info",
                              "Alias": "mi",
                              "Startup Cost": 0.43,
                              "Total Cost": 1.61,
                              "Plan Rows": 1,
                              "Plan Width": 8,
                              "Actual Startup Time": 0.035,
                              "Actual Total Time": 0.05,
                              "Actual Rows": 1,
                              "Actual Loops": 1762,
                              "Index Cond": "(movie_id = ci.movie_id)",
                              "Rows Removed by Index Recheck": 0,
                              "Filter": "((info IS NOT NULL) AND ((info ~~ 'Japan:%200%'::text) OR (info ~~ 'USA:%200%'::text)))",
                              "Rows Removed by Filter": 86
                            }
                          ]
                        }
                      ]
                    },
                    {
                      "Node Type": "Index Only Scan",
                      "Parent Relationship": "Inner",
                      "Parallel Aware": false,
                      "Scan Direction": "Forward",
                      "Index Name": "char_name_pkey",
                      "Relation Name": "char_name",
                      "Alias": "chn",
                      "Startup Cost": 0.43,
                      "Total Cost": 0.5,
                      "Plan Rows": 1,
                      "Plan Width": 4,
                      "Actual Startup Time": 0.004,
                      "Actual Total Time": 0.004,
                      "Actual Rows": 1,
                      "Actual Loops": 1092,
                      "Index Cond": "(id = ci.person_role_id)",
                      "Rows Removed by Index Recheck": 0,
                      "Heap Fetches": 1090
                    }
                  ]
                },
                {
                  "Node Type": "Index Scan",
                  "Parent Relationship": "Inner",
                  "Parallel Aware": false,
                  "Scan Direction": "Forward",
                  "Index Name": "info_type_pkey",
                  "Relation Name": "info_type",
                  "Alias": "it",
                  "Startup Cost": 0.14,
                  "Total Cost": 0.16,
                  "Plan Rows": 1,
                  "Plan Width": 4,
                  "Actual Startup Time": 0.001,
                  "Actual Total Time": 0.001,
                  "Actual Rows": 1,
                  "Actual Loops": 1090,
                  "Index Cond": "(id = mi.info_type_id)",
                  "Rows Removed by Index Recheck": 0,
                  "Filter": "((info)::text = 'release dates'::text)",
                  "Rows Removed by Filter": 0
                }
              ]
            },
            {
              "Node Type": "Index Scan",
              "Parent Relationship": "Inner",
              "Parallel Aware": false,
              "Scan Direction": "Forward",
              "Index Name": "title_pkey",
              "Relation Name": "title",
              "Alias": "t",
              "Startup Cost": 0.43,
              "Total Cost": 0.51,
              "Plan Rows": 1,
              "Plan Width": 21,
              "Actual Startup Time": 0.004,
              "Actual Total Time": 0.004,
              "Actual Rows": 1,
              "Actual Loops": 1090,
              "Index Cond": "(id = ci.movie_id)",
              "Rows Removed by Index Recheck": 0,
              "Filter": "((production_year >= 1995) AND (production_year <= 2010))",
              "Rows Removed by Filter": 0
            }
          ]
        }
      ]
    },
    "Planning Time": 40.953,
    "Triggers": [],
    "Execution Time": 283.519
  }
]