[
    {
        "Bao": {
            "Bao prediction": 502.856,
            "Bao recommended hint": "(no hint)"
        }
    },
    {
        "Plan": {
            "Node Type": "Aggregate",
            "Strategy": "Plain",
            "Partial Mode": "Finalize",
            "Parallel Aware": false,
            "Startup Cost": 9941.57,
            "Total Cost": 9941.58,
            "Plan Rows": 1,
            "Plan Width": 8,
            "Actual Startup Time": 47.428,
            "Actual Total Time": 50.289,
            "Actual Rows": 1,
            "Actual Loops": 1,
            "Output": [
                "count(*)"
            ],
            "Plans": [
                {
                    "Node Type": "Gather",
                    "Parent Relationship": "Outer",
                    "Parallel Aware": false,
                    "Startup Cost": 9941.25,
                    "Total Cost": 9941.56,
                    "Plan Rows": 3,
                    "Plan Width": 8,
                    "Actual Startup Time": 47.361,
                    "Actual Total Time": 50.283,
                    "Actual Rows": 4,
                    "Actual Loops": 1,
                    "Output": [
                        "(PARTIAL count(*))"
                    ],
                    "Workers Planned": 3,
                    "Workers Launched": 3,
                    "Single Copy": false,
                    "Plans": [
                        {
                            "Node Type": "Aggregate",
                            "Strategy": "Plain",
                            "Partial Mode": "Partial",
                            "Parent Relationship": "Outer",
                            "Parallel Aware": false,
                            "Startup Cost": 8941.25,
                            "Total Cost": 8941.26,
                            "Plan Rows": 1,
                            "Plan Width": 8,
                            "Actual Startup Time": 39.308,
                            "Actual Total Time": 39.308,
                            "Actual Rows": 1,
                            "Actual Loops": 4,
                            "Output": [
                                "PARTIAL count(*)"
                            ],
                            "Workers": [
                                {
                                    "Worker Number": 0,
                                    "Actual Startup Time": 36.893,
                                    "Actual Total Time": 36.894,
                                    "Actual Rows": 1,
                                    "Actual Loops": 1
                                },
                                {
                                    "Worker Number": 1,
                                    "Actual Startup Time": 36.768,
                                    "Actual Total Time": 36.769,
                                    "Actual Rows": 1,
                                    "Actual Loops": 1
                                },
                                {
                                    "Worker Number": 2,
                                    "Actual Startup Time": 36.875,
                                    "Actual Total Time": 36.876,
                                    "Actual Rows": 1,
                                    "Actual Loops": 1
                                }
                            ],
                            "Plans": [
                                {
                                    "Node Type": "Index Scan",
                                    "Parent Relationship": "Outer",
                                    "Parallel Aware": true,
                                    "Scan Direction": "Forward",
                                    "Index Name": "role_id_cast_info",
                                    "Relation Name": "cast_info",
                                    "Schema": "public",
                                    "Alias": "ci",
                                    "Startup Cost": 0.56,
                                    "Total Cost": 8709.54,
                                    "Plan Rows": 92683,
                                    "Plan Width": 0,
                                    "Actual Startup Time": 0.299,
                                    "Actual Total Time": 31.897,
                                    "Actual Rows": 77371,
                                    "Actual Loops": 4,
                                    "Output": [
                                        "id",
                                        "person_id",
                                        "movie_id",
                                        "person_role_id",
                                        "note",
                                        "nr_order",
                                        "role_id"
                                    ],
                                    "Index Cond": "(ci.role_id > 10)",
                                    "Rows Removed by Index Recheck": 0,
                                    "Filter": "(ci.person_id > 177728)",
                                    "Rows Removed by Filter": 1658,
                                    "Workers": [
                                        {
                                            "Worker Number": 0,
                                            "Actual Startup Time": 0.716,
                                            "Actual Total Time": 30.317,
                                            "Actual Rows": 66795,
                                            "Actual Loops": 1
                                        },
                                        {
                                            "Worker Number": 1,
                                            "Actual Startup Time": 0.154,
                                            "Actual Total Time": 30.354,
                                            "Actual Rows": 69104,
                                            "Actual Loops": 1
                                        },
                                        {
                                            "Worker Number": 2,
                                            "Actual Startup Time": 0.261,
                                            "Actual Total Time": 30.266,
                                            "Actual Rows": 72238,
                                            "Actual Loops": 1
                                        }
                                    ]
                                }
                            ]
                        }
                    ]
                }
            ]
        },
        "Planning Time": 454.321,
        "Triggers": [],
        "Execution Time": 50.409
    }
]