[
  {
    "Plan": {
      "Node Type": "Aggregate",
      "Strategy": "Plain",
      "Partial Mode": "Finalize",
      "Parallel Aware": false,
      "Startup Cost": 49747.02,
      "Total Cost": 49747.03,
      "Plan Rows": 1,
      "Plan Width": 8,
      "Actual Startup Time": 36.586,
      "Actual Total Time": 40.665,
      "Actual Rows": 1,
      "Actual Loops": 1,
      "Plans": [
        {
          "Node Type": "Gather",
          "Parent Relationship": "Outer",
          "Parallel Aware": false,
          "Startup Cost": 49746.8,
          "Total Cost": 49747.01,
          "Plan Rows": 2,
          "Plan Width": 8,
          "Actual Startup Time": 36.43,
          "Actual Total Time": 40.658,
          "Actual Rows": 3,
          "Actual Loops": 1,
          "Workers Planned": 2,
          "Workers Launched": 2,
          "Single Copy": false,
          "Plans": [
            {
              "Node Type": "Aggregate",
              "Strategy": "Plain",
              "Partial Mode": "Partial",
              "Parent Relationship": "Outer",
              "Parallel Aware": false,
              "Startup Cost": 48746.8,
              "Total Cost": 48746.81,
              "Plan Rows": 1,
              "Plan Width": 8,
              "Actual Startup Time": 27.945,
              "Actual Total Time": 27.946,
              "Actual Rows": 1,
              "Actual Loops": 3,
              "Plans": [
                {
                  "Node Type": "Nested Loop",
                  "Parent Relationship": "Outer",
                  "Parallel Aware": false,
                  "Join Type": "Inner",
                  "Startup Cost": 260.68,
                  "Total Cost": 48746.31,
                  "Plan Rows": 198,
                  "Plan Width": 0,
                  "Actual Startup Time": 1.861,
                  "Actual Total Time": 27.799,
                  "Actual Rows": 619,
                  "Actual Loops": 3,
                  "Inner Unique": true,
                  "Plans": [
                    {
                      "Node Type": "Bitmap Heap Scan",
                      "Parent Relationship": "Outer",
                      "Parallel Aware": true,
                      "Relation Name": "movie_companies",
                      "Alias": "mc",
                      "Startup Cost": 260.25,
                      "Total Cost": 17643.7,
                      "Plan Rows": 4937,
                      "Plan Width": 4,
                      "Actual Startup Time": 1.255,
                      "Actual Total Time": 3.683,
                      "Actual Rows": 3688,
                      "Actual Loops": 3,
                      "Recheck Cond": "(company_id > 224457)",
                      "Rows Removed by Index Recheck": 0,
                      "Exact Heap Blocks": 330,
                      "Lossy Heap Blocks": 0,
                      "Plans": [
                        {
                          "Node Type": "Bitmap Index Scan",
                          "Parent Relationship": "Outer",
                          "Parallel Aware": false,
                          "Index Name": "company_id_movie_companies",
                          "Startup Cost": 0.0,
                          "Total Cost": 257.29,
                          "Plan Rows": 11848,
                          "Plan Width": 0,
                          "Actual Startup Time": 3.24,
                          "Actual Total Time": 3.241,
                          "Actual Rows": 11064,
                          "Actual Loops": 1,
                          "Index Cond": "(company_id > 224457)"
                        }
                      ]
                    },
                    {
                      "Node Type": "Index Scan",
                      "Parent Relationship": "Inner",
                      "Parallel Aware": false,
                      "Scan Direction": "Forward",
                      "Index Name": "title_pkey",
                      "Relation Name": "title",
                      "Alias": "t",
                      "Startup Cost": 0.43,
                      "Total Cost": 6.3,
                      "Plan Rows": 1,
                      "Plan Width": 4,
                      "Actual Startup Time": 0.006,
                      "Actual Total Time": 0.006,
                      "Actual Rows": 0,
                      "Actual Loops": 11064,
                      "Index Cond": "(id = mc.movie_id)",
                      "Rows Removed by Index Recheck": 0,
                      "Filter": "((production_year > 2010) AND (kind_id = 1))",
                      "Rows Removed by Filter": 1
                    }
                  ]
                }
              ]
            }
          ]
        }
      ]
    },
    "Planning Time": 0.741,
    "Triggers": [],
    "Execution Time": 40.756
  }
]