{
  "Plan": {
    "Node Type": "Aggregate",
    "Strategy": "Plain",
    "Partial Mode": "Finalize",
    "Parallel Aware": false,
    "Startup Cost": 182960.48,
    "Total Cost": 182960.49,
    "Plan Rows": 1,
    "Plan Width": 8,
    "Actual Startup Time": 1517.344,
    "Actual Total Time": 1600.737,
    "Actual Rows": 1,
    "Actual Loops": 1,
    "Plans": [
      {
        "Node Type": "Gather",
        "Parent Relationship": "Outer",
        "Parallel Aware": false,
        "Startup Cost": 182960.37,
        "Total Cost": 182960.48,
        "Plan Rows": 1,
        "Plan Width": 8,
        "Actual Startup Time": 1517.16,
        "Actual Total Time": 1600.729,
        "Actual Rows": 2,
        "Actual Loops": 1,
        "Workers Planned": 1,
        "Workers Launched": 1,
        "Single Copy": false,
        "Plans": [
          {
            "Node Type": "Aggregate",
            "Strategy": "Plain",
            "Partial Mode": "Partial",
            "Parent Relationship": "Outer",
            "Parallel Aware": false,
            "Startup Cost": 181960.37,
            "Total Cost": 181960.38,
            "Plan Rows": 1,
            "Plan Width": 8,
            "Actual Startup Time": 1511.145,
            "Actual Total Time": 1511.148,
            "Actual Rows": 1,
            "Actual Loops": 2,
            "Plans": [
              {
                "Node Type": "Nested Loop",
                "Parent Relationship": "Outer",
                "Parallel Aware": false,
                "Join Type": "Inner",
                "Startup Cost": 58771.88,
                "Total Cost": 181053.94,
                "Plan Rows": 362572,
                "Plan Width": 0,
                "Actual Startup Time": 147.259,
                "Actual Total Time": 1475.464,
                "Actual Rows": 795156,
                "Actual Loops": 2,
                "Inner Unique": false,
                "Join Filter": "(t.id = ci.movie_id)",
                "Rows Removed by Join Filter": 0,
                "Plans": [
                  {
                    "Node Type": "Hash Join",
                    "Parent Relationship": "Outer",
                    "Parallel Aware": true,
                    "Join Type": "Inner",
                    "Startup Cost": 58771.32,
                    "Total Cost": 96937.95,
                    "Plan Rows": 38377,
                    "Plan Width": 8,
                    "Actual Startup Time": 147.196,
                    "Actual Total Time": 389.689,
                    "Actual Rows": 39679,
                    "Actual Loops": 2,
                    "Inner Unique": true,
                    "Hash Cond": "(mc.movie_id = t.id)",
                    "Plans": [
                      {
                        "Node Type": "Seq Scan",
                        "Parent Relationship": "Outer",
                        "Parallel Aware": true,
                        "Relation Name": "movie_companies",
                        "Alias": "mc",
                        "Startup Cost": 0.0,
                        "Total Cost": 34137.82,
                        "Plan Rows": 1534782,
                        "Plan Width": 4,
                        "Actual Startup Time": 0.013,
                        "Actual Total Time": 92.812,
                        "Actual Rows": 1304564,
                        "Actual Loops": 2
                      },
                      {
                        "Node Type": "Hash",
                        "Parent Relationship": "Inner",
                        "Parallel Aware": true,
                        "Startup Cost": 58306.47,
                        "Total Cost": 58306.47,
                        "Plan Rows": 37188,
                        "Plan Width": 4,
                        "Actual Startup Time": 145.866,
                        "Actual Total Time": 145.866,
                        "Actual Rows": 26885,
                        "Actual Loops": 2,
                        "Hash Buckets": 65536,
                        "Original Hash Buckets": 65536,
                        "Hash Batches": 1,
                        "Original Hash Batches": 1,
                        "Peak Memory Usage": 2656,
                        "Plans": [
                          {
                            "Node Type": "Seq Scan",
                            "Parent Relationship": "Outer",
                            "Parallel Aware": true,
                            "Relation Name": "title",
                            "Alias": "t",
                            "Startup Cost": 0.0,
                            "Total Cost": 58306.47,
                            "Plan Rows": 37188,
                            "Plan Width": 4,
                            "Actual Startup Time": 0.127,
                            "Actual Total Time": 139.392,
                            "Actual Rows": 26885,
                            "Actual Loops": 2,
                            "Filter": "((kind_id < 7) AND (production_year = 2011))",
                            "Rows Removed by Filter": 1237271
                          }
                        ]
                      }
                    ]
                  },
                  {
                    "Node Type": "Index Scan",
                    "Parent Relationship": "Inner",
                    "Parallel Aware": false,
                    "Scan Direction": "Forward",
                    "Index Name": "movie_id_cast_info",
                    "Relation Name": "cast_info",
                    "Alias": "ci",
                    "Startup Cost": 0.56,
                    "Total Cost": 1.89,
                    "Plan Rows": 24,
                    "Plan Width": 4,
                    "Actual Startup Time": 0.004,
                    "Actual Total Time": 0.026,
                    "Actual Rows": 20,
                    "Actual Loops": 79358,
                    "Index Cond": "(movie_id = mc.movie_id)",
                    "Rows Removed by Index Recheck": 0,
                    "Filter": "(role_id < 4)",
                    "Rows Removed by Filter": 16
                  }
                ]
              }
            ]
          }
        ]
      }
    ]
  },
  "Planning Time": 1.017,
  "Triggers": [],
  "Execution Time": 1600.845
}