{
  "Plan": {
    "Node Type": "Aggregate",
    "Strategy": "Plain",
    "Partial Mode": "Finalize",
    "Parallel Aware": false,
    "Startup Cost": 217498.78,
    "Total Cost": 217498.79,
    "Plan Rows": 1,
    "Plan Width": 8,
    "Actual Startup Time": 796.82,
    "Actual Total Time": 820.484,
    "Actual Rows": 1,
    "Actual Loops": 1,
    "Plans": [
      {
        "Node Type": "Gather",
        "Parent Relationship": "Outer",
        "Parallel Aware": false,
        "Startup Cost": 217498.67,
        "Total Cost": 217498.78,
        "Plan Rows": 1,
        "Plan Width": 8,
        "Actual Startup Time": 794.243,
        "Actual Total Time": 820.475,
        "Actual Rows": 2,
        "Actual Loops": 1,
        "Workers Planned": 1,
        "Workers Launched": 1,
        "Single Copy": false,
        "Plans": [
          {
            "Node Type": "Aggregate",
            "Strategy": "Plain",
            "Partial Mode": "Partial",
            "Parent Relationship": "Outer",
            "Parallel Aware": false,
            "Startup Cost": 216498.67,
            "Total Cost": 216498.68,
            "Plan Rows": 1,
            "Plan Width": 8,
            "Actual Startup Time": 787.828,
            "Actual Total Time": 787.833,
            "Actual Rows": 1,
            "Actual Loops": 2,
            "Plans": [
              {
                "Node Type": "Nested Loop",
                "Parent Relationship": "Outer",
                "Parallel Aware": false,
                "Join Type": "Inner",
                "Startup Cost": 59473.92,
                "Total Cost": 216219.24,
                "Plan Rows": 111771,
                "Plan Width": 0,
                "Actual Startup Time": 274.232,
                "Actual Total Time": 776.414,
                "Actual Rows": 177466,
                "Actual Loops": 2,
                "Inner Unique": false,
                "Join Filter": "(t.id = mc.movie_id)",
                "Rows Removed by Join Filter": 0,
                "Plans": [
                  {
                    "Node Type": "Hash Join",
                    "Parent Relationship": "Outer",
                    "Parallel Aware": true,
                    "Join Type": "Inner",
                    "Startup Cost": 59473.49,
                    "Total Cost": 77657.28,
                    "Plan Rows": 213318,
                    "Plan Width": 8,
                    "Actual Startup Time": 274.164,
                    "Actual Total Time": 454.002,
                    "Actual Rows": 126274,
                    "Actual Loops": 2,
                    "Inner Unique": true,
                    "Hash Cond": "(mi_idx.movie_id = t.id)",
                    "Plans": [
                      {
                        "Node Type": "Seq Scan",
                        "Parent Relationship": "Outer",
                        "Parallel Aware": true,
                        "Relation Name": "movie_info_idx",
                        "Alias": "mi_idx",
                        "Startup Cost": 0.0,
                        "Total Cost": 16052.85,
                        "Plan Rows": 811785,
                        "Plan Width": 4,
                        "Actual Startup Time": 0.021,
                        "Actual Total Time": 56.711,
                        "Actual Rows": 690018,
                        "Actual Loops": 2
                      },
                      {
                        "Node Type": "Hash",
                        "Parent Relationship": "Inner",
                        "Parallel Aware": true,
                        "Startup Cost": 54588.39,
                        "Total Cost": 54588.39,
                        "Plan Rows": 390808,
                        "Plan Width": 4,
                        "Actual Startup Time": 264.204,
                        "Actual Total Time": 264.205,
                        "Actual Rows": 331032,
                        "Actual Loops": 2,
                        "Hash Buckets": 1048576,
                        "Original Hash Buckets": 1048576,
                        "Hash Batches": 1,
                        "Original Hash Batches": 1,
                        "Peak Memory Usage": 34144,
                        "Plans": [
                          {
                            "Node Type": "Seq Scan",
                            "Parent Relationship": "Outer",
                            "Parallel Aware": true,
                            "Relation Name": "title",
                            "Alias": "t",
                            "Startup Cost": 0.0,
                            "Total Cost": 54588.39,
                            "Plan Rows": 390808,
                            "Plan Width": 4,
                            "Actual Startup Time": 0.032,
                            "Actual Total Time": 169.396,
                            "Actual Rows": 331032,
                            "Actual Loops": 2,
                            "Filter": "(production_year > 2008)",
                            "Rows Removed by Filter": 933124
                          }
                        ]
                      }
                    ]
                  },
                  {
                    "Node Type": "Index Scan",
                    "Parent Relationship": "Inner",
                    "Parallel Aware": false,
                    "Scan Direction": "Forward",
                    "Index Name": "movie_id_movie_companies",
                    "Relation Name": "movie_companies",
                    "Alias": "mc",
                    "Startup Cost": 0.43,
                    "Total Cost": 0.61,
                    "Plan Rows": 3,
                    "Plan Width": 4,
                    "Actual Startup Time": 0.002,
                    "Actual Total Time": 0.002,
                    "Actual Rows": 1,
                    "Actual Loops": 252549,
                    "Index Cond": "(movie_id = mi_idx.movie_id)",
                    "Rows Removed by Index Recheck": 0,
                    "Filter": "(company_type_id = 2)",
                    "Rows Removed by Filter": 2
                  }
                ]
              }
            ]
          }
        ]
      }
    ]
  },
  "Planning Time": 1.097,
  "Triggers": [],
  "Execution Time": 820.57
}