[
  {
    "Plan": {
      "Node Type": "Aggregate",
      "Strategy": "Plain",
      "Partial Mode": "Finalize",
      "Parallel Aware": false,
      "Startup Cost": 32802.87,
      "Total Cost": 32802.88,
      "Plan Rows": 1,
      "Plan Width": 8,
      "Actual Startup Time": 70.505,
      "Actual Total Time": 76.182,
      "Actual Rows": 1,
      "Actual Loops": 1,
      "Plans": [
        {
          "Node Type": "Gather",
          "Parent Relationship": "Outer",
          "Parallel Aware": false,
          "Startup Cost": 32802.55,
          "Total Cost": 32802.86,
          "Plan Rows": 3,
          "Plan Width": 8,
          "Actual Startup Time": 70.453,
          "Actual Total Time": 76.177,
          "Actual Rows": 4,
          "Actual Loops": 1,
          "Workers Planned": 3,
          "Workers Launched": 3,
          "Single Copy": false,
          "Plans": [
            {
              "Node Type": "Aggregate",
              "Strategy": "Plain",
              "Partial Mode": "Partial",
              "Parent Relationship": "Outer",
              "Parallel Aware": false,
              "Startup Cost": 31802.55,
              "Total Cost": 31802.56,
              "Plan Rows": 1,
              "Plan Width": 8,
              "Actual Startup Time": 67.968,
              "Actual Total Time": 67.969,
              "Actual Rows": 1,
              "Actual Loops": 4,
              "Plans": [
                {
                  "Node Type": "Seq Scan",
                  "Parent Relationship": "Outer",
                  "Parallel Aware": true,
                  "Relation Name": "movie_companies",
                  "Alias": "mc",
                  "Startup Cost": 0.0,
                  "Total Cost": 31414.82,
                  "Plan Rows": 155092,
                  "Plan Width": 0,
                  "Actual Startup Time": 28.253,
                  "Actual Total Time": 59.861,
                  "Actual Rows": 199538,
                  "Actual Loops": 4,
                  "Filter": "((company_id > 18722) AND (company_type_id > 1))",
                  "Rows Removed by Filter": 452744
                }
              ]
            }
          ]
        }
      ]
    },
    "Planning Time": 0.085,
    "Triggers": [],
    "Execution Time": 76.207
  }
]