[
  {
    "Plan": {
      "Node Type": "Aggregate",
      "Strategy": "Plain",
      "Partial Mode": "Finalize",
      "Parallel Aware": false,
      "Startup Cost": 432947.25,
      "Total Cost": 432947.26,
      "Plan Rows": 1,
      "Plan Width": 8,
      "Actual Startup Time": 1151.165,
      "Actual Total Time": 1211.897,
      "Actual Rows": 1,
      "Actual Loops": 1,
      "Plans": [
        {
          "Node Type": "Gather",
          "Parent Relationship": "Outer",
          "Parallel Aware": false,
          "Startup Cost": 432946.63,
          "Total Cost": 432947.24,
          "Plan Rows": 6,
          "Plan Width": 8,
          "Actual Startup Time": 1135.019,
          "Actual Total Time": 1211.879,
          "Actual Rows": 7,
          "Actual Loops": 1,
          "Workers Planned": 6,
          "Workers Launched": 6,
          "Single Copy": false,
          "Plans": [
            {
              "Node Type": "Aggregate",
              "Strategy": "Plain",
              "Partial Mode": "Partial",
              "Parent Relationship": "Outer",
              "Parallel Aware": false,
              "Startup Cost": 431946.63,
              "Total Cost": 431946.64,
              "Plan Rows": 1,
              "Plan Width": 8,
              "Actual Startup Time": 1124.209,
              "Actual Total Time": 1124.43,
              "Actual Rows": 1,
              "Actual Loops": 7,
              "Plans": [
                {
                  "Node Type": "Hash Join",
                  "Parent Relationship": "Outer",
                  "Parallel Aware": true,
                  "Join Type": "Inner",
                  "Startup Cost": 84438.45,
                  "Total Cost": 431353.3,
                  "Plan Rows": 237332,
                  "Plan Width": 0,
                  "Actual Startup Time": 711.522,
                  "Actual Total Time": 1116.082,
                  "Actual Rows": 153493,
                  "Actual Loops": 7,
                  "Inner Unique": false,
                  "Hash Cond": "(ci.movie_id = t.id)",
                  "Plans": [
                    {
                      "Node Type": "Seq Scan",
                      "Parent Relationship": "Outer",
                      "Parallel Aware": true,
                      "Relation Name": "cast_info",
                      "Alias": "ci",
                      "Startup Cost": 0.0,
                      "Total Cost": 343316.27,
                      "Plan Rows": 755464,
                      "Plan Width": 4,
                      "Actual Startup Time": 364.341,
                      "Actual Total Time": 664.365,
                      "Actual Rows": 410250,
                      "Actual Loops": 7,
                      "Filter": "((person_id < 1009919) AND (role_id > 2))",
                      "Rows Removed by Filter": 4767513
                    },
                    {
                      "Node Type": "Hash",
                      "Parent Relationship": "Inner",
                      "Parallel Aware": true,
                      "Startup Cost": 81235.56,
                      "Total Cost": 81235.56,
                      "Plan Rows": 256231,
                      "Plan Width": 8,
                      "Actual Startup Time": 344.617,
                      "Actual Total Time": 344.833,
                      "Actual Rows": 57210,
                      "Actual Loops": 7,
                      "Hash Buckets": 1048576,
                      "Original Hash Buckets": 1048576,
                      "Hash Batches": 1,
                      "Original Hash Batches": 1,
                      "Peak Memory Usage": 24000,
                      "Plans": [
                        {
                          "Node Type": "Hash Join",
                          "Parent Relationship": "Outer",
                          "Parallel Aware": true,
                          "Join Type": "Inner",
                          "Startup Cost": 48717.81,
                          "Total Cost": 81235.56,
                          "Plan Rows": 256231,
                          "Plan Width": 8,
                          "Actual Startup Time": 230.76,
                          "Actual Total Time": 321.367,
                          "Actual Rows": 57210,
                          "Actual Loops": 7,
                          "Inner Unique": true,
                          "Hash Cond": "(mc.movie_id = t.id)",
                          "Plans": [
                            {
                              "Node Type": "Seq Scan",
                              "Parent Relationship": "Outer",
                              "Parallel Aware": true,
                              "Relation Name": "movie_companies",
                              "Alias": "mc",
                              "Startup Cost": 0.0,
                              "Total Cost": 31414.82,
                              "Plan Rows": 420165,
                              "Plan Width": 4,
                              "Actual Startup Time": 24.951,
                              "Actual Total Time": 54.895,
                              "Actual Rows": 182175,
                              "Actual Loops": 7,
                              "Filter": "((company_id < 184074) AND (company_type_id = 2))",
                              "Rows Removed by Filter": 190558
                            },
                            {
                              "Node Type": "Hash",
                              "Parent Relationship": "Inner",
                              "Parallel Aware": true,
                              "Startup Cost": 43899.32,
                              "Total Cost": 43899.32,
                              "Plan Rows": 385479,
                              "Plan Width": 4,
                              "Actual Startup Time": 203.746,
                              "Actual Total Time": 203.748,
                              "Actual Rows": 220466,
                              "Actual Loops": 7,
                              "Hash Buckets": 2097152,
                              "Original Hash Buckets": 2097152,
                              "Hash Batches": 1,
                              "Original Hash Batches": 1,
                              "Peak Memory Usage": 76832,
                              "Plans": [
                                {
                                  "Node Type": "Seq Scan",
                                  "Parent Relationship": "Outer",
                                  "Parallel Aware": true,
                                  "Relation Name": "title",
                                  "Alias": "t",
                                  "Startup Cost": 0.0,
                                  "Total Cost": 43899.32,
                                  "Plan Rows": 385479,
                                  "Plan Width": 4,
                                  "Actual Startup Time": 0.053,
                                  "Actual Total Time": 88.443,
                                  "Actual Rows": 220466,
                                  "Actual Loops": 7,
                                  "Filter": "(kind_id = 7)",
                                  "Rows Removed by Filter": 140721
                                }
                              ]
                            }
                          ]
                        }
                      ]
                    }
                  ]
                }
              ]
            }
          ]
        }
      ]
    },
    "Planning Time": 0.708,
    "Triggers": [],
    "Execution Time": 1211.963
  }
]