[
    {
        "Bao": {
            "Bao prediction": "NaN",
            "Bao recommended hint": "(no hint)"
        }
    },
    {
        "Plan": {
            "Node Type": "Aggregate",
            "Strategy": "Plain",
            "Partial Mode": "Finalize",
            "Parallel Aware": false,
            "Startup Cost": 347694.07,
            "Total Cost": 347694.08,
            "Plan Rows": 1,
            "Plan Width": 8,
            "Actual Startup Time": 747.094,
            "Actual Total Time": 783.703,
            "Actual Rows": 1,
            "Actual Loops": 1,
            "Output": [
                "count(*)"
            ],
            "Plans": [
                {
                    "Node Type": "Gather",
                    "Parent Relationship": "Outer",
                    "Parallel Aware": false,
                    "Startup Cost": 347693.45,
                    "Total Cost": 347694.05,
                    "Plan Rows": 6,
                    "Plan Width": 8,
                    "Actual Startup Time": 747.013,
                    "Actual Total Time": 783.693,
                    "Actual Rows": 7,
                    "Actual Loops": 1,
                    "Output": [
                        "(PARTIAL count(*))"
                    ],
                    "Workers Planned": 6,
                    "Workers Launched": 6,
                    "Single Copy": false,
                    "Plans": [
                        {
                            "Node Type": "Aggregate",
                            "Strategy": "Plain",
                            "Partial Mode": "Partial",
                            "Parent Relationship": "Outer",
                            "Parallel Aware": false,
                            "Startup Cost": 346693.45,
                            "Total Cost": 346693.46,
                            "Plan Rows": 1,
                            "Plan Width": 8,
                            "Actual Startup Time": 737.816,
                            "Actual Total Time": 737.817,
                            "Actual Rows": 1,
                            "Actual Loops": 7,
                            "Output": [
                                "PARTIAL count(*)"
                            ],
                            "Workers": [
                                {
                                    "Worker Number": 0,
                                    "Actual Startup Time": 736.5,
                                    "Actual Total Time": 736.501,
                                    "Actual Rows": 1,
                                    "Actual Loops": 1
                                },
                                {
                                    "Worker Number": 1,
                                    "Actual Startup Time": 737.03,
                                    "Actual Total Time": 737.031,
                                    "Actual Rows": 1,
                                    "Actual Loops": 1
                                },
                                {
                                    "Worker Number": 2,
                                    "Actual Startup Time": 736.305,
                                    "Actual Total Time": 736.306,
                                    "Actual Rows": 1,
                                    "Actual Loops": 1
                                },
                                {
                                    "Worker Number": 3,
                                    "Actual Startup Time": 736.443,
                                    "Actual Total Time": 736.444,
                                    "Actual Rows": 1,
                                    "Actual Loops": 1
                                },
                                {
                                    "Worker Number": 4,
                                    "Actual Startup Time": 736.282,
                                    "Actual Total Time": 736.283,
                                    "Actual Rows": 1,
                                    "Actual Loops": 1
                                },
                                {
                                    "Worker Number": 5,
                                    "Actual Startup Time": 736.442,
                                    "Actual Total Time": 736.444,
                                    "Actual Rows": 1,
                                    "Actual Loops": 1
                                }
                            ],
                            "Plans": [
                                {
                                    "Node Type": "Seq Scan",
                                    "Parent Relationship": "Outer",
                                    "Parallel Aware": true,
                                    "Relation Name": "cast_info",
                                    "Schema": "public",
                                    "Alias": "ci",
                                    "Startup Cost": 0.0,
                                    "Total Cost": 343318.94,
                                    "Plan Rows": 1349802,
                                    "Plan Width": 0,
                                    "Actual Startup Time": 296.692,
                                    "Actual Total Time": 649.22,
                                    "Actual Rows": 1810562,
                                    "Actual Loops": 7,
                                    "Output": [
                                        "id",
                                        "person_id",
                                        "movie_id",
                                        "person_role_id",
                                        "note",
                                        "nr_order",
                                        "role_id"
                                    ],
                                    "Filter": "((ci.person_id > 2413357) AND (ci.role_id > 1))",
                                    "Rows Removed by Filter": 3367202,
                                    "Workers": [
                                        {
                                            "Worker Number": 0,
                                            "Actual Startup Time": 295.376,
                                            "Actual Total Time": 650.939,
                                            "Actual Rows": 2062116,
                                            "Actual Loops": 1
                                        },
                                        {
                                            "Worker Number": 1,
                                            "Actual Startup Time": 295.891,
                                            "Actual Total Time": 648.501,
                                            "Actual Rows": 1329682,
                                            "Actual Loops": 1
                                        },
                                        {
                                            "Worker Number": 2,
                                            "Actual Startup Time": 295.163,
                                            "Actual Total Time": 648.906,
                                            "Actual Rows": 1313311,
                                            "Actual Loops": 1
                                        },
                                        {
                                            "Worker Number": 3,
                                            "Actual Startup Time": 295.33,
                                            "Actual Total Time": 650.863,
                                            "Actual Rows": 2077741,
                                            "Actual Loops": 1
                                        },
                                        {
                                            "Worker Number": 4,
                                            "Actual Startup Time": 295.181,
                                            "Actual Total Time": 648.955,
                                            "Actual Rows": 1308332,
                                            "Actual Loops": 1
                                        },
                                        {
                                            "Worker Number": 5,
                                            "Actual Startup Time": 295.328,
                                            "Actual Total Time": 650.821,
                                            "Actual Rows": 2080112,
                                            "Actual Loops": 1
                                        }
                                    ]
                                }
                            ]
                        }
                    ]
                }
            ]
        },
        "Planning Time": 195.832,
        "Triggers": [],
        "Execution Time": 783.752
    }
]