[
  {
    "Plan": {
      "Node Type": "Aggregate",
      "Strategy": "Plain",
      "Partial Mode": "Finalize",
      "Parallel Aware": false,
      "Startup Cost": 46144.24,
      "Total Cost": 46144.25,
      "Plan Rows": 1,
      "Plan Width": 8,
      "Actual Startup Time": 152.666,
      "Actual Total Time": 161.833,
      "Actual Rows": 1,
      "Actual Loops": 1,
      "Plans": [
        {
          "Node Type": "Gather",
          "Parent Relationship": "Outer",
          "Parallel Aware": false,
          "Startup Cost": 46143.92,
          "Total Cost": 46144.23,
          "Plan Rows": 3,
          "Plan Width": 8,
          "Actual Startup Time": 152.494,
          "Actual Total Time": 161.825,
          "Actual Rows": 4,
          "Actual Loops": 1,
          "Workers Planned": 3,
          "Workers Launched": 3,
          "Single Copy": false,
          "Plans": [
            {
              "Node Type": "Aggregate",
              "Strategy": "Plain",
              "Partial Mode": "Partial",
              "Parent Relationship": "Outer",
              "Parallel Aware": false,
              "Startup Cost": 45143.92,
              "Total Cost": 45143.93,
              "Plan Rows": 1,
              "Plan Width": 8,
              "Actual Startup Time": 147.349,
              "Actual Total Time": 147.35,
              "Actual Rows": 1,
              "Actual Loops": 4,
              "Plans": [
                {
                  "Node Type": "Seq Scan",
                  "Parent Relationship": "Outer",
                  "Parallel Aware": true,
                  "Relation Name": "movie_keyword",
                  "Alias": "mk",
                  "Startup Cost": 0.0,
                  "Total Cost": 42695.65,
                  "Plan Rows": 979308,
                  "Plan Width": 0,
                  "Actual Startup Time": 0.041,
                  "Actual Total Time": 111.905,
                  "Actual Rows": 761632,
                  "Actual Loops": 4,
                  "Filter": "(keyword_id < 11118)",
                  "Rows Removed by Filter": 369351
                }
              ]
            }
          ]
        }
      ]
    },
    "Planning Time": 0.08,
    "Triggers": [],
    "Execution Time": 161.86
  }
]