{
  "Plan": {
    "Node Type": "Aggregate",
    "Strategy": "Plain",
    "Partial Mode": "Finalize",
    "Parallel Aware": false,
    "Startup Cost": 350992.96,
    "Total Cost": 350992.97,
    "Plan Rows": 1,
    "Plan Width": 8,
    "Actual Startup Time": 1332.289,
    "Actual Total Time": 1351.874,
    "Actual Rows": 1,
    "Actual Loops": 1,
    "Plans": [
      {
        "Node Type": "Gather",
        "Parent Relationship": "Outer",
        "Parallel Aware": false,
        "Startup Cost": 350992.85,
        "Total Cost": 350992.96,
        "Plan Rows": 1,
        "Plan Width": 8,
        "Actual Startup Time": 1327.849,
        "Actual Total Time": 1351.869,
        "Actual Rows": 2,
        "Actual Loops": 1,
        "Workers Planned": 1,
        "Workers Launched": 1,
        "Single Copy": false,
        "Plans": [
          {
            "Node Type": "Aggregate",
            "Strategy": "Plain",
            "Partial Mode": "Partial",
            "Parent Relationship": "Outer",
            "Parallel Aware": false,
            "Startup Cost": 349992.85,
            "Total Cost": 349992.86,
            "Plan Rows": 1,
            "Plan Width": 8,
            "Actual Startup Time": 1322.678,
            "Actual Total Time": 1322.682,
            "Actual Rows": 1,
            "Actual Loops": 2,
            "Plans": [
              {
                "Node Type": "Merge Join",
                "Parent Relationship": "Outer",
                "Parallel Aware": false,
                "Join Type": "Inner",
                "Startup Cost": 340220.21,
                "Total Cost": 349479.83,
                "Plan Rows": 205205,
                "Plan Width": 0,
                "Actual Startup Time": 1273.669,
                "Actual Total Time": 1317.455,
                "Actual Rows": 120554,
                "Actual Loops": 2,
                "Inner Unique": false,
                "Merge Cond": "(mc.movie_id = t.id)",
                "Plans": [
                  {
                    "Node Type": "Sort",
                    "Parent Relationship": "Outer",
                    "Parallel Aware": false,
                    "Startup Cost": 111740.59,
                    "Total Cost": 113629.4,
                    "Plan Rows": 755522,
                    "Plan Width": 4,
                    "Actual Startup Time": 240.385,
                    "Actual Total Time": 247.682,
                    "Actual Rows": 206386,
                    "Actual Loops": 2,
                    "Sort Key": [
                      "mc.movie_id"
                    ],
                    "Sort Method": "quicksort",
                    "Sort Space Used": 58628,
                    "Sort Space Type": "Memory",
                    "Workers": [
                      {
                        "Worker Number": 0,
                        "Sort Method": "quicksort",
                        "Sort Space Used": 50255,
                        "Sort Space Type": "Memory"
                      }
                    ],
                    "Plans": [
                      {
                        "Node Type": "Seq Scan",
                        "Parent Relationship": "Outer",
                        "Parallel Aware": true,
                        "Relation Name": "movie_companies",
                        "Alias": "mc",
                        "Startup Cost": 0.0,
                        "Total Cost": 37974.77,
                        "Plan Rows": 755522,
                        "Plan Width": 4,
                        "Actual Startup Time": 0.022,
                        "Actual Total Time": 124.68,
                        "Actual Rows": 637123,
                        "Actual Loops": 2,
                        "Filter": "(company_type_id = 1)",
                        "Rows Removed by Filter": 667442
                      }
                    ]
                  },
                  {
                    "Node Type": "Sort",
                    "Parent Relationship": "Inner",
                    "Parallel Aware": false,
                    "Startup Cost": 228479.55,
                    "Total Cost": 230196.3,
                    "Plan Rows": 686701,
                    "Plan Width": 8,
                    "Actual Startup Time": 1032.359,
                    "Actual Total Time": 1041.59,
                    "Actual Rows": 261638,
                    "Actual Loops": 2,
                    "Sort Key": [
                      "mk.movie_id"
                    ],
                    "Sort Method": "quicksort",
                    "Sort Space Used": 14937,
                    "Sort Space Type": "Memory",
                    "Workers": [
                      {
                        "Worker Number": 0,
                        "Sort Method": "quicksort",
                        "Sort Space Used": 14937,
                        "Sort Space Type": "Memory"
                      }
                    ],
                    "Plans": [
                      {
                        "Node Type": "Hash Join",
                        "Parent Relationship": "Outer",
                        "Parallel Aware": false,
                        "Join Type": "Inner",
                        "Startup Cost": 118050.75,
                        "Total Cost": 161906.21,
                        "Plan Rows": 686701,
                        "Plan Width": 8,
                        "Actual Startup Time": 665.026,
                        "Actual Total Time": 994.814,
                        "Actual Rows": 187571,
                        "Actual Loops": 2,
                        "Inner Unique": true,
                        "Hash Cond": "(mk.movie_id = t.id)",
                        "Plans": [
                          {
                            "Node Type": "Bitmap Heap Scan",
                            "Parent Relationship": "Outer",
                            "Parallel Aware": false,
                            "Relation Name": "movie_keyword",
                            "Alias": "mk",
                            "Startup Cost": 27209.68,
                            "Total Cost": 67697.94,
                            "Plan Rows": 1282741,
                            "Plan Width": 4,
                            "Actual Startup Time": 75.205,
                            "Actual Total Time": 229.263,
                            "Actual Rows": 1290773,
                            "Actual Loops": 2,
                            "Recheck Cond": "(keyword_id > 13695)",
                            "Rows Removed by Index Recheck": 0,
                            "Exact Heap Blocks": 24179,
                            "Lossy Heap Blocks": 0,
                            "Plans": [
                              {
                                "Node Type": "Bitmap Index Scan",
                                "Parent Relationship": "Outer",
                                "Parallel Aware": false,
                                "Index Name": "keyword_id_movie_keyword",
                                "Startup Cost": 0.0,
                                "Total Cost": 26888.99,
                                "Plan Rows": 1282741,
                                "Plan Width": 0,
                                "Actual Startup Time": 72.201,
                                "Actual Total Time": 72.201,
                                "Actual Rows": 1290773,
                                "Actual Loops": 2,
                                "Index Cond": "(keyword_id > 13695)"
                              }
                            ]
                          },
                          {
                            "Node Type": "Hash",
                            "Parent Relationship": "Inner",
                            "Parallel Aware": false,
                            "Startup Cost": 73922.39,
                            "Total Cost": 73922.39,
                            "Plan Rows": 1353494,
                            "Plan Width": 4,
                            "Actual Startup Time": 581.946,
                            "Actual Total Time": 581.947,
                            "Actual Rows": 1327781,
                            "Actual Loops": 2,
                            "Hash Buckets": 2097152,
                            "Original Hash Buckets": 2097152,
                            "Hash Batches": 1,
                            "Original Hash Batches": 1,
                            "Peak Memory Usage": 63064,
                            "Plans": [
                              {
                                "Node Type": "Seq Scan",
                                "Parent Relationship": "Outer",
                                "Parallel Aware": false,
                                "Relation Name": "title",
                                "Alias": "t",
                                "Startup Cost": 0.0,
                                "Total Cost": 73922.39,
                                "Plan Rows": 1353494,
                                "Plan Width": 4,
                                "Actual Startup Time": 0.028,
                                "Actual Total Time": 283.837,
                                "Actual Rows": 1327781,
                                "Actual Loops": 2,
                                "Filter": "((production_year < 2012) AND (kind_id = 7))",
                                "Rows Removed by Filter": 1200531
                              }
                            ]
                          }
                        ]
                      }
                    ]
                  }
                ]
              }
            ]
          }
        ]
      }
    ]
  },
  "Planning Time": 0.801,
  "Triggers": [],
  "Execution Time": 1358.712
}