[
    {
        "Bao": {
            "Bao prediction": "NaN",
            "Bao recommended hint": "(no hint)"
        }
    },
    {
        "Plan": {
            "Node Type": "Aggregate",
            "Strategy": "Plain",
            "Partial Mode": "Finalize",
            "Parallel Aware": false,
            "Startup Cost": 82669.45,
            "Total Cost": 82669.46,
            "Plan Rows": 1,
            "Plan Width": 8,
            "Actual Startup Time": 284.506,
            "Actual Total Time": 309.841,
            "Actual Rows": 1,
            "Actual Loops": 1,
            "Output": [
                "count(*)"
            ],
            "Plans": [
                {
                    "Node Type": "Gather",
                    "Parent Relationship": "Outer",
                    "Parallel Aware": false,
                    "Startup Cost": 82669.14,
                    "Total Cost": 82669.45,
                    "Plan Rows": 3,
                    "Plan Width": 8,
                    "Actual Startup Time": 282.128,
                    "Actual Total Time": 309.83,
                    "Actual Rows": 4,
                    "Actual Loops": 1,
                    "Output": [
                        "(PARTIAL count(*))"
                    ],
                    "Workers Planned": 3,
                    "Workers Launched": 3,
                    "Single Copy": false,
                    "Plans": [
                        {
                            "Node Type": "Aggregate",
                            "Strategy": "Plain",
                            "Partial Mode": "Partial",
                            "Parent Relationship": "Outer",
                            "Parallel Aware": false,
                            "Startup Cost": 81669.14,
                            "Total Cost": 81669.15,
                            "Plan Rows": 1,
                            "Plan Width": 8,
                            "Actual Startup Time": 272.647,
                            "Actual Total Time": 272.726,
                            "Actual Rows": 1,
                            "Actual Loops": 4,
                            "Output": [
                                "PARTIAL count(*)"
                            ],
                            "Workers": [
                                {
                                    "Worker Number": 0,
                                    "Actual Startup Time": 269.873,
                                    "Actual Total Time": 269.877,
                                    "Actual Rows": 1,
                                    "Actual Loops": 1
                                },
                                {
                                    "Worker Number": 1,
                                    "Actual Startup Time": 269.503,
                                    "Actual Total Time": 269.506,
                                    "Actual Rows": 1,
                                    "Actual Loops": 1
                                },
                                {
                                    "Worker Number": 2,
                                    "Actual Startup Time": 269.892,
                                    "Actual Total Time": 269.895,
                                    "Actual Rows": 1,
                                    "Actual Loops": 1
                                }
                            ],
                            "Plans": [
                                {
                                    "Node Type": "Nested Loop",
                                    "Parent Relationship": "Outer",
                                    "Parallel Aware": false,
                                    "Join Type": "Inner",
                                    "Startup Cost": 47513.11,
                                    "Total Cost": 81641.89,
                                    "Plan Rows": 10898,
                                    "Plan Width": 0,
                                    "Actual Startup Time": 138.69,
                                    "Actual Total Time": 265.472,
                                    "Actual Rows": 139541,
                                    "Actual Loops": 4,
                                    "Inner Unique": false,
                                    "Workers": [
                                        {
                                            "Worker Number": 0,
                                            "Actual Startup Time": 135.656,
                                            "Actual Total Time": 263.148,
                                            "Actual Rows": 98929,
                                            "Actual Loops": 1
                                        },
                                        {
                                            "Worker Number": 1,
                                            "Actual Startup Time": 135.665,
                                            "Actual Total Time": 262.819,
                                            "Actual Rows": 121659,
                                            "Actual Loops": 1
                                        },
                                        {
                                            "Worker Number": 2,
                                            "Actual Startup Time": 136.038,
                                            "Actual Total Time": 263.787,
                                            "Actual Rows": 112315,
                                            "Actual Loops": 1
                                        }
                                    ],
                                    "Plans": [
                                        {
                                            "Node Type": "Hash Join",
                                            "Parent Relationship": "Outer",
                                            "Parallel Aware": true,
                                            "Join Type": "Inner",
                                            "Startup Cost": 47512.68,
                                            "Total Cost": 72257.72,
                                            "Plan Rows": 1867,
                                            "Plan Width": 8,
                                            "Actual Startup Time": 138.615,
                                            "Actual Total Time": 154.847,
                                            "Actual Rows": 3295,
                                            "Actual Loops": 4,
                                            "Output": [
                                                "t.id",
                                                "mk.movie_id"
                                            ],
                                            "Inner Unique": true,
                                            "Hash Cond": "(mk.movie_id = t.id)",
                                            "Workers": [
                                                {
                                                    "Worker Number": 0,
                                                    "Actual Startup Time": 135.571,
                                                    "Actual Total Time": 151.551,
                                                    "Actual Rows": 2326,
                                                    "Actual Loops": 1
                                                },
                                                {
                                                    "Worker Number": 1,
                                                    "Actual Startup Time": 135.565,
                                                    "Actual Total Time": 151.423,
                                                    "Actual Rows": 2845,
                                                    "Actual Loops": 1
                                                },
                                                {
                                                    "Worker Number": 2,
                                                    "Actual Startup Time": 135.953,
                                                    "Actual Total Time": 152.033,
                                                    "Actual Rows": 2725,
                                                    "Actual Loops": 1
                                                }
                                            ],
                                            "Plans": [
                                                {
                                                    "Node Type": "Bitmap Heap Scan",
                                                    "Parent Relationship": "Outer",
                                                    "Parallel Aware": true,
                                                    "Relation Name": "movie_keyword",
                                                    "Schema": "public",
                                                    "Alias": "mk",
                                                    "Startup Cost": 1266.74,
                                                    "Total Cost": 25961.28,
                                                    "Plan Rows": 19243,
                                                    "Plan Width": 4,
                                                    "Actual Startup Time": 8.535,
                                                    "Actual Total Time": 27.013,
                                                    "Actual Rows": 14401,
                                                    "Actual Loops": 4,
                                                    "Output": [
                                                        "mk.id",
                                                        "mk.movie_id",
                                                        "mk.keyword_id"
                                                    ],
                                                    "Recheck Cond": "(mk.keyword_id < 56)",
                                                    "Rows Removed by Index Recheck": 0,
                                                    "Exact Heap Blocks": 6704,
                                                    "Lossy Heap Blocks": 0,
                                                    "Workers": [
                                                        {
                                                            "Worker Number": 0,
                                                            "Actual Startup Time": 8.397,
                                                            "Actual Total Time": 27.247,
                                                            "Actual Rows": 11700,
                                                            "Actual Loops": 1
                                                        },
                                                        {
                                                            "Worker Number": 1,
                                                            "Actual Startup Time": 8.627,
                                                            "Actual Total Time": 27.486,
                                                            "Actual Rows": 11788,
                                                            "Actual Loops": 1
                                                        },
                                                        {
                                                            "Worker Number": 2,
                                                            "Actual Startup Time": 8.392,
                                                            "Actual Total Time": 27.59,
                                                            "Actual Rows": 13104,
                                                            "Actual Loops": 1
                                                        }
                                                    ],
                                                    "Plans": [
                                                        {
                                                            "Node Type": "Bitmap Index Scan",
                                                            "Parent Relationship": "Outer",
                                                            "Parallel Aware": false,
                                                            "Index Name": "keyword_id_movie_keyword",
                                                            "Startup Cost": 0.0,
                                                            "Total Cost": 1251.83,
                                                            "Plan Rows": 59653,
                                                            "Plan Width": 0,
                                                            "Actual Startup Time": 5.894,
                                                            "Actual Total Time": 5.894,
                                                            "Actual Rows": 57603,
                                                            "Actual Loops": 1,
                                                            "Index Cond": "(mk.keyword_id < 56)",
                                                            "Workers": [
                                                                {
                                                                    "Worker Number": 2,
                                                                    "Actual Startup Time": 5.894,
                                                                    "Actual Total Time": 5.894,
                                                                    "Actual Rows": 57603,
                                                                    "Actual Loops": 1
                                                                }
                                                            ]
                                                        }
                                                    ]
                                                },
                                                {
                                                    "Node Type": "Hash",
                                                    "Parent Relationship": "Inner",
                                                    "Parallel Aware": true,
                                                    "Startup Cost": 45479.21,
                                                    "Total Cost": 45479.21,
                                                    "Plan Rows": 61338,
                                                    "Plan Width": 4,
                                                    "Actual Startup Time": 120.357,
                                                    "Actual Total Time": 120.358,
                                                    "Actual Rows": 89886,
                                                    "Actual Loops": 4,
                                                    "Output": [
                                                        "t.id"
                                                    ],
                                                    "Hash Buckets": 524288,
                                                    "Original Hash Buckets": 262144,
                                                    "Hash Batches": 1,
                                                    "Original Hash Batches": 1,
                                                    "Peak Memory Usage": 20320,
                                                    "Workers": [
                                                        {
                                                            "Worker Number": 0,
                                                            "Actual Startup Time": 117.841,
                                                            "Actual Total Time": 117.842,
                                                            "Actual Rows": 85899,
                                                            "Actual Loops": 1
                                                        },
                                                        {
                                                            "Worker Number": 1,
                                                            "Actual Startup Time": 117.878,
                                                            "Actual Total Time": 117.879,
                                                            "Actual Rows": 85902,
                                                            "Actual Loops": 1
                                                        },
                                                        {
                                                            "Worker Number": 2,
                                                            "Actual Startup Time": 118.399,
                                                            "Actual Total Time": 118.4,
                                                            "Actual Rows": 85491,
                                                            "Actual Loops": 1
                                                        }
                                                    ],
                                                    "Plans": [
                                                        {
                                                            "Node Type": "Seq Scan",
                                                            "Parent Relationship": "Outer",
                                                            "Parallel Aware": true,
                                                            "Relation Name": "title",
                                                            "Schema": "public",
                                                            "Alias": "t",
                                                            "Startup Cost": 0.0,
                                                            "Total Cost": 45479.21,
                                                            "Plan Rows": 61338,
                                                            "Plan Width": 4,
                                                            "Actual Startup Time": 50.884,
                                                            "Actual Total Time": 88.05,
                                                            "Actual Rows": 89886,
                                                            "Actual Loops": 4,
                                                            "Output": [
                                                                "t.id"
                                                            ],
                                                            "Filter": "((t.production_year < 1998) AND (t.kind_id = 1))",
                                                            "Rows Removed by Filter": 542192,
                                                            "Workers": [
                                                                {
                                                                    "Worker Number": 0,
                                                                    "Actual Startup Time": 48.286,
                                                                    "Actual Total Time": 86.548,
                                                                    "Actual Rows": 85899,
                                                                    "Actual Loops": 1
                                                                },
                                                                {
                                                                    "Worker Number": 1,
                                                                    "Actual Startup Time": 48.397,
                                                                    "Actual Total Time": 86.024,
                                                                    "Actual Rows": 85902,
                                                                    "Actual Loops": 1
                                                                },
                                                                {
                                                                    "Worker Number": 2,
                                                                    "Actual Startup Time": 49.034,
                                                                    "Actual Total Time": 87.033,
                                                                    "Actual Rows": 85491,
                                                                    "Actual Loops": 1
                                                                }
                                                            ]
                                                        }
                                                    ]
                                                }
                                            ]
                                        },
                                        {
                                            "Node Type": "Index Only Scan",
                                            "Parent Relationship": "Inner",
                                            "Parallel Aware": false,
                                            "Scan Direction": "Forward",
                                            "Index Name": "movie_id_movie_info",
                                            "Relation Name": "movie_info",
                                            "Schema": "public",
                                            "Alias": "mi",
                                            "Startup Cost": 0.43,
                                            "Total Cost": 4.64,
                                            "Plan Rows": 39,
                                            "Plan Width": 4,
                                            "Actual Startup Time": 0.008,
                                            "Actual Total Time": 0.03,
                                            "Actual Rows": 42,
                                            "Actual Loops": 13180,
                                            "Output": [
                                                "mi.movie_id"
                                            ],
                                            "Index Cond": "(mi.movie_id = t.id)",
                                            "Rows Removed by Index Recheck": 0,
                                            "Heap Fetches": 558164,
                                            "Workers": [
                                                {
                                                    "Worker Number": 0,
                                                    "Actual Startup Time": 0.012,
                                                    "Actual Total Time": 0.044,
                                                    "Actual Rows": 43,
                                                    "Actual Loops": 2326
                                                },
                                                {
                                                    "Worker Number": 1,
                                                    "Actual Startup Time": 0.01,
                                                    "Actual Total Time": 0.036,
                                                    "Actual Rows": 43,
                                                    "Actual Loops": 2845
                                                },
                                                {
                                                    "Worker Number": 2,
                                                    "Actual Startup Time": 0.01,
                                                    "Actual Total Time": 0.038,
                                                    "Actual Rows": 41,
                                                    "Actual Loops": 2725
                                                }
                                            ]
                                        }
                                    ]
                                }
                            ]
                        }
                    ]
                }
            ]
        },
        "Planning Time": 178.997,
        "Triggers": [],
        "Execution Time": 309.987
    }
]