[
  {
    "Plan": {
      "Node Type": "Aggregate",
      "Strategy": "Plain",
      "Partial Mode": "Finalize",
      "Parallel Aware": false,
      "Startup Cost": 26203.45,
      "Total Cost": 26203.46,
      "Plan Rows": 1,
      "Plan Width": 8,
      "Actual Startup Time": 66.101,
      "Actual Total Time": 70.294,
      "Actual Rows": 1,
      "Actual Loops": 1,
      "Plans": [
        {
          "Node Type": "Gather",
          "Parent Relationship": "Outer",
          "Parallel Aware": false,
          "Startup Cost": 26203.13,
          "Total Cost": 26203.44,
          "Plan Rows": 3,
          "Plan Width": 8,
          "Actual Startup Time": 65.94,
          "Actual Total Time": 70.286,
          "Actual Rows": 4,
          "Actual Loops": 1,
          "Workers Planned": 3,
          "Workers Launched": 3,
          "Single Copy": false,
          "Plans": [
            {
              "Node Type": "Aggregate",
              "Strategy": "Plain",
              "Partial Mode": "Partial",
              "Parent Relationship": "Outer",
              "Parallel Aware": false,
              "Startup Cost": 25203.13,
              "Total Cost": 25203.14,
              "Plan Rows": 1,
              "Plan Width": 8,
              "Actual Startup Time": 58.073,
              "Actual Total Time": 58.074,
              "Actual Rows": 1,
              "Actual Loops": 4,
              "Plans": [
                {
                  "Node Type": "Bitmap Heap Scan",
                  "Parent Relationship": "Outer",
                  "Parallel Aware": true,
                  "Relation Name": "movie_companies",
                  "Alias": "mc",
                  "Startup Cost": 5157.37,
                  "Total Cost": 25105.16,
                  "Plan Rows": 39190,
                  "Plan Width": 0,
                  "Actual Startup Time": 23.127,
                  "Actual Total Time": 53.691,
                  "Actual Rows": 59486,
                  "Actual Loops": 4,
                  "Recheck Cond": "(company_id > 103564)",
                  "Rows Removed by Index Recheck": 0,
                  "Filter": "(company_type_id > 1)",
                  "Rows Removed by Filter": 0,
                  "Exact Heap Blocks": 2563,
                  "Lossy Heap Blocks": 0,
                  "Plans": [
                    {
                      "Node Type": "Bitmap Index Scan",
                      "Parent Relationship": "Outer",
                      "Parallel Aware": false,
                      "Index Name": "company_id_movie_companies",
                      "Startup Cost": 0.0,
                      "Total Cost": 5127.0,
                      "Plan Rows": 239276,
                      "Plan Width": 0,
                      "Actual Startup Time": 28.846,
                      "Actual Total Time": 28.846,
                      "Actual Rows": 237942,
                      "Actual Loops": 1,
                      "Index Cond": "(company_id > 103564)"
                    }
                  ]
                }
              ]
            }
          ]
        }
      ]
    },
    "Planning Time": 0.196,
    "Triggers": [],
    "Execution Time": 70.374
  }
]