[
  {
    "Plan": {
      "Node Type": "Aggregate",
      "Strategy": "Plain",
      "Partial Mode": "Finalize",
      "Parallel Aware": false,
      "Startup Cost": 595556.71,
      "Total Cost": 595556.72,
      "Plan Rows": 1,
      "Plan Width": 8,
      "Actual Startup Time": 2180.361,
      "Actual Total Time": 2236.443,
      "Actual Rows": 1,
      "Actual Loops": 1,
      "Plans": [
        {
          "Node Type": "Gather",
          "Parent Relationship": "Outer",
          "Parallel Aware": false,
          "Startup Cost": 595556.19,
          "Total Cost": 595556.7,
          "Plan Rows": 5,
          "Plan Width": 8,
          "Actual Startup Time": 2171.546,
          "Actual Total Time": 2236.373,
          "Actual Rows": 6,
          "Actual Loops": 1,
          "Workers Planned": 5,
          "Workers Launched": 5,
          "Single Copy": false,
          "Plans": [
            {
              "Node Type": "Aggregate",
              "Strategy": "Plain",
              "Partial Mode": "Partial",
              "Parent Relationship": "Outer",
              "Parallel Aware": false,
              "Startup Cost": 594556.19,
              "Total Cost": 594556.2,
              "Plan Rows": 1,
              "Plan Width": 8,
              "Actual Startup Time": 2165.999,
              "Actual Total Time": 2166.136,
              "Actual Rows": 1,
              "Actual Loops": 6,
              "Plans": [
                {
                  "Node Type": "Hash Join",
                  "Parent Relationship": "Outer",
                  "Parallel Aware": true,
                  "Join Type": "Inner",
                  "Startup Cost": 387825.83,
                  "Total Cost": 592209.84,
                  "Plan Rows": 938541,
                  "Plan Width": 0,
                  "Actual Startup Time": 663.039,
                  "Actual Total Time": 1966.774,
                  "Actual Rows": 4962549,
                  "Actual Loops": 6,
                  "Inner Unique": false,
                  "Hash Cond": "(mi.movie_id = t.id)",
                  "Plans": [
                    {
                      "Node Type": "Seq Scan",
                      "Parent Relationship": "Outer",
                      "Parallel Aware": true,
                      "Relation Name": "movie_info",
                      "Alias": "mi",
                      "Startup Cost": 0.0,
                      "Total Cost": 191685.19,
                      "Plan Rows": 2969219,
                      "Plan Width": 4,
                      "Actual Startup Time": 0.027,
                      "Actual Total Time": 285.383,
                      "Actual Rows": 2472620,
                      "Actual Loops": 6
                    },
                    {
                      "Node Type": "Hash",
                      "Parent Relationship": "Inner",
                      "Parallel Aware": true,
                      "Startup Cost": 386160.81,
                      "Total Cost": 386160.81,
                      "Plan Rows": 133202,
                      "Plan Width": 8,
                      "Actual Startup Time": 643.365,
                      "Actual Total Time": 643.501,
                      "Actual Rows": 174025,
                      "Actual Loops": 6,
                      "Hash Buckets": 1048576,
                      "Original Hash Buckets": 1048576,
                      "Hash Batches": 1,
                      "Original Hash Batches": 1,
                      "Peak Memory Usage": 49120,
                      "Plans": [
                        {
                          "Node Type": "Hash Join",
                          "Parent Relationship": "Outer",
                          "Parallel Aware": true,
                          "Join Type": "Inner",
                          "Startup Cost": 123358.03,
                          "Total Cost": 386160.81,
                          "Plan Rows": 133202,
                          "Plan Width": 8,
                          "Actual Startup Time": 268.084,
                          "Actual Total Time": 569.85,
                          "Actual Rows": 174025,
                          "Actual Loops": 6,
                          "Inner Unique": true,
                          "Hash Cond": "(ci.movie_id = t.id)",
                          "Plans": [
                            {
                              "Node Type": "Bitmap Heap Scan",
                              "Parent Relationship": "Outer",
                              "Parallel Aware": true,
                              "Relation Name": "cast_info",
                              "Alias": "ci",
                              "Startup Cost": 77395.67,
                              "Total Cost": 338859.29,
                              "Plan Rows": 510156,
                              "Plan Width": 4,
                              "Actual Startup Time": 142.9,
                              "Actual Total Time": 281.606,
                              "Actual Rows": 581351,
                              "Actual Loops": 6,
                              "Recheck Cond": "(person_id < 348830)",
                              "Rows Removed by Index Recheck": 0,
                              "Filter": "(role_id < 10)",
                              "Rows Removed by Filter": 25923,
                              "Exact Heap Blocks": 7908,
                              "Lossy Heap Blocks": 0,
                              "Plans": [
                                {
                                  "Node Type": "Bitmap Index Scan",
                                  "Parent Relationship": "Outer",
                                  "Parallel Aware": false,
                                  "Index Name": "person_id_cast_info",
                                  "Startup Cost": 0.0,
                                  "Total Cost": 76630.43,
                                  "Plan Rows": 3510649,
                                  "Plan Width": 0,
                                  "Actual Startup Time": 136.532,
                                  "Actual Total Time": 136.533,
                                  "Actual Rows": 3643643,
                                  "Actual Loops": 1,
                                  "Index Cond": "(person_id < 348830)"
                                }
                              ]
                            },
                            {
                              "Node Type": "Hash",
                              "Parent Relationship": "Inner",
                              "Parallel Aware": true,
                              "Startup Cost": 43899.32,
                              "Total Cost": 43899.32,
                              "Plan Rows": 165043,
                              "Plan Width": 4,
                              "Actual Startup Time": 123.858,
                              "Actual Total Time": 123.859,
                              "Actual Rows": 110471,
                              "Actual Loops": 6,
                              "Hash Buckets": 1048576,
                              "Original Hash Buckets": 1048576,
                              "Hash Batches": 1,
                              "Original Hash Batches": 1,
                              "Peak Memory Usage": 34240,
                              "Plans": [
                                {
                                  "Node Type": "Seq Scan",
                                  "Parent Relationship": "Outer",
                                  "Parallel Aware": true,
                                  "Relation Name": "title",
                                  "Alias": "t",
                                  "Startup Cost": 0.0,
                                  "Total Cost": 43899.32,
                                  "Plan Rows": 165043,
                                  "Plan Width": 4,
                                  "Actual Startup Time": 36.494,
                                  "Actual Total Time": 75.104,
                                  "Actual Rows": 110471,
                                  "Actual Loops": 6,
                                  "Filter": "(kind_id = 1)",
                                  "Rows Removed by Filter": 310914
                                }
                              ]
                            }
                          ]
                        }
                      ]
                    }
                  ]
                }
              ]
            }
          ]
        }
      ]
    },
    "Planning Time": 0.451,
    "Triggers": [],
    "Execution Time": 2236.523
  }
]