[
  {
    "Plan": {
      "Node Type": "Aggregate",
      "Strategy": "Plain",
      "Partial Mode": "Finalize",
      "Parallel Aware": false,
      "Startup Cost": 595743.79,
      "Total Cost": 595743.8,
      "Plan Rows": 1,
      "Plan Width": 8,
      "Actual Startup Time": 2218.02,
      "Actual Total Time": 2268.88,
      "Actual Rows": 1,
      "Actual Loops": 1,
      "Plans": [
        {
          "Node Type": "Gather",
          "Parent Relationship": "Outer",
          "Parallel Aware": false,
          "Startup Cost": 595743.27,
          "Total Cost": 595743.78,
          "Plan Rows": 5,
          "Plan Width": 8,
          "Actual Startup Time": 2204.172,
          "Actual Total Time": 2268.87,
          "Actual Rows": 6,
          "Actual Loops": 1,
          "Workers Planned": 5,
          "Workers Launched": 5,
          "Single Copy": false,
          "Plans": [
            {
              "Node Type": "Aggregate",
              "Strategy": "Plain",
              "Partial Mode": "Partial",
              "Parent Relationship": "Outer",
              "Parallel Aware": false,
              "Startup Cost": 594743.27,
              "Total Cost": 594743.28,
              "Plan Rows": 1,
              "Plan Width": 8,
              "Actual Startup Time": 2192.429,
              "Actual Total Time": 2192.434,
              "Actual Rows": 1,
              "Actual Loops": 6,
              "Plans": [
                {
                  "Node Type": "Hash Join",
                  "Parent Relationship": "Outer",
                  "Parallel Aware": true,
                  "Join Type": "Inner",
                  "Startup Cost": 388174.24,
                  "Total Cost": 592390.7,
                  "Plan Rows": 941027,
                  "Plan Width": 0,
                  "Actual Startup Time": 672.396,
                  "Actual Total Time": 1986.319,
                  "Actual Rows": 4962549,
                  "Actual Loops": 6,
                  "Inner Unique": false,
                  "Hash Cond": "(mi.movie_id = t.id)",
                  "Plans": [
                    {
                      "Node Type": "Seq Scan",
                      "Parent Relationship": "Outer",
                      "Parallel Aware": true,
                      "Relation Name": "movie_info",
                      "Alias": "mi",
                      "Startup Cost": 0.0,
                      "Total Cost": 191560.33,
                      "Plan Rows": 2956733,
                      "Plan Width": 4,
                      "Actual Startup Time": 0.026,
                      "Actual Total Time": 299.836,
                      "Actual Rows": 2472620,
                      "Actual Loops": 6
                    },
                    {
                      "Node Type": "Hash",
                      "Parent Relationship": "Inner",
                      "Parallel Aware": true,
                      "Startup Cost": 386497.84,
                      "Total Cost": 386497.84,
                      "Plan Rows": 134112,
                      "Plan Width": 8,
                      "Actual Startup Time": 652.013,
                      "Actual Total Time": 652.018,
                      "Actual Rows": 174025,
                      "Actual Loops": 6,
                      "Hash Buckets": 1048576,
                      "Original Hash Buckets": 1048576,
                      "Hash Batches": 1,
                      "Original Hash Batches": 1,
                      "Peak Memory Usage": 49120,
                      "Plans": [
                        {
                          "Node Type": "Hash Join",
                          "Parent Relationship": "Outer",
                          "Parallel Aware": true,
                          "Join Type": "Inner",
                          "Startup Cost": 123662.4,
                          "Total Cost": 386497.84,
                          "Plan Rows": 134112,
                          "Plan Width": 8,
                          "Actual Startup Time": 304.897,
                          "Actual Total Time": 582.903,
                          "Actual Rows": 174025,
                          "Actual Loops": 6,
                          "Inner Unique": true,
                          "Hash Cond": "(ci.movie_id = t.id)",
                          "Plans": [
                            {
                              "Node Type": "Bitmap Heap Scan",
                              "Parent Relationship": "Outer",
                              "Parallel Aware": true,
                              "Relation Name": "cast_info",
                              "Alias": "ci",
                              "Startup Cost": 77690.81,
                              "Total Cost": 339184.28,
                              "Plan Rows": 511225,
                              "Plan Width": 4,
                              "Actual Startup Time": 174.322,
                              "Actual Total Time": 302.9,
                              "Actual Rows": 581351,
                              "Actual Loops": 6,
                              "Recheck Cond": "(person_id < 348830)",
                              "Rows Removed by Index Recheck": 0,
                              "Filter": "(role_id < 10)",
                              "Rows Removed by Filter": 25923,
                              "Exact Heap Blocks": 8079,
                              "Lossy Heap Blocks": 0,
                              "Plans": [
                                {
                                  "Node Type": "Bitmap Index Scan",
                                  "Parent Relationship": "Outer",
                                  "Parallel Aware": false,
                                  "Index Name": "person_id_cast_info",
                                  "Startup Cost": 0.0,
                                  "Total Cost": 76923.98,
                                  "Plan Rows": 3522588,
                                  "Plan Width": 0,
                                  "Actual Startup Time": 167.937,
                                  "Actual Total Time": 167.937,
                                  "Actual Rows": 3643643,
                                  "Actual Loops": 1,
                                  "Index Cond": "(person_id < 348830)"
                                }
                              ]
                            },
                            {
                              "Node Type": "Hash",
                              "Parent Relationship": "Inner",
                              "Parallel Aware": true,
                              "Startup Cost": 43898.92,
                              "Total Cost": 43898.92,
                              "Plan Rows": 165814,
                              "Plan Width": 4,
                              "Actual Startup Time": 128.687,
                              "Actual Total Time": 128.689,
                              "Actual Rows": 110471,
                              "Actual Loops": 6,
                              "Hash Buckets": 1048576,
                              "Original Hash Buckets": 1048576,
                              "Hash Batches": 1,
                              "Original Hash Batches": 1,
                              "Peak Memory Usage": 34208,
                              "Plans": [
                                {
                                  "Node Type": "Seq Scan",
                                  "Parent Relationship": "Outer",
                                  "Parallel Aware": true,
                                  "Relation Name": "title",
                                  "Alias": "t",
                                  "Startup Cost": 0.0,
                                  "Total Cost": 43898.92,
                                  "Plan Rows": 165814,
                                  "Plan Width": 4,
                                  "Actual Startup Time": 43.232,
                                  "Actual Total Time": 82.652,
                                  "Actual Rows": 110471,
                                  "Actual Loops": 6,
                                  "Filter": "(kind_id = 1)",
                                  "Rows Removed by Filter": 310914
                                }
                              ]
                            }
                          ]
                        }
                      ]
                    }
                  ]
                }
              ]
            }
          ]
        }
      ]
    },
    "Planning Time": 1.342,
    "Triggers": [],
    "Execution Time": 2269.006
  }
]