[
  {
    "Plan": {
      "Node Type": "Aggregate",
      "Strategy": "Plain",
      "Partial Mode": "Finalize",
      "Parallel Aware": false,
      "Startup Cost": 93453.28,
      "Total Cost": 93453.29,
      "Plan Rows": 1,
      "Plan Width": 8,
      "Actual Startup Time": 300.433,
      "Actual Total Time": 315.291,
      "Actual Rows": 1,
      "Actual Loops": 1,
      "Plans": [
        {
          "Node Type": "Gather",
          "Parent Relationship": "Outer",
          "Parallel Aware": false,
          "Startup Cost": 93452.96,
          "Total Cost": 93453.27,
          "Plan Rows": 3,
          "Plan Width": 8,
          "Actual Startup Time": 298.98,
          "Actual Total Time": 315.27,
          "Actual Rows": 4,
          "Actual Loops": 1,
          "Workers Planned": 3,
          "Workers Launched": 3,
          "Single Copy": false,
          "Plans": [
            {
              "Node Type": "Aggregate",
              "Strategy": "Plain",
              "Partial Mode": "Partial",
              "Parent Relationship": "Outer",
              "Parallel Aware": false,
              "Startup Cost": 92452.96,
              "Total Cost": 92452.97,
              "Plan Rows": 1,
              "Plan Width": 8,
              "Actual Startup Time": 292.724,
              "Actual Total Time": 292.726,
              "Actual Rows": 1,
              "Actual Loops": 4,
              "Plans": [
                {
                  "Node Type": "Hash Join",
                  "Parent Relationship": "Outer",
                  "Parallel Aware": true,
                  "Join Type": "Inner",
                  "Startup Cost": 46215.99,
                  "Total Cost": 92164.26,
                  "Plan Rows": 115482,
                  "Plan Width": 0,
                  "Actual Startup Time": 142.618,
                  "Actual Total Time": 287.781,
                  "Actual Rows": 121702,
                  "Actual Loops": 4,
                  "Inner Unique": true,
                  "Hash Cond": "(mk.movie_id = t.id)",
                  "Plans": [
                    {
                      "Node Type": "Seq Scan",
                      "Parent Relationship": "Outer",
                      "Parallel Aware": true,
                      "Relation Name": "movie_keyword",
                      "Alias": "mk",
                      "Startup Cost": 0.0,
                      "Total Cost": 42695.65,
                      "Plan Rows": 1239092,
                      "Plan Width": 4,
                      "Actual Startup Time": 0.026,
                      "Actual Total Time": 104.462,
                      "Actual Rows": 960557,
                      "Actual Loops": 4,
                      "Filter": "(keyword_id < 27550)",
                      "Rows Removed by Filter": 170426
                    },
                    {
                      "Node Type": "Hash",
                      "Parent Relationship": "Inner",
                      "Parallel Aware": true,
                      "Startup Cost": 45479.59,
                      "Total Cost": 45479.59,
                      "Plan Rows": 58912,
                      "Plan Width": 4,
                      "Actual Startup Time": 107.083,
                      "Actual Total Time": 107.084,
                      "Actual Rows": 50041,
                      "Actual Loops": 4,
                      "Hash Buckets": 262144,
                      "Original Hash Buckets": 262144,
                      "Hash Batches": 1,
                      "Original Hash Batches": 1,
                      "Peak Memory Usage": 9952,
                      "Plans": [
                        {
                          "Node Type": "Seq Scan",
                          "Parent Relationship": "Outer",
                          "Parallel Aware": true,
                          "Relation Name": "title",
                          "Alias": "t",
                          "Startup Cost": 0.0,
                          "Total Cost": 45479.59,
                          "Plan Rows": 58912,
                          "Plan Width": 4,
                          "Actual Startup Time": 42.577,
                          "Actual Total Time": 92.67,
                          "Actual Rows": 50041,
                          "Actual Loops": 4,
                          "Filter": "((production_year > 2006) AND (kind_id = 1))",
                          "Rows Removed by Filter": 582037
                        }
                      ]
                    }
                  ]
                }
              ]
            }
          ]
        }
      ]
    },
    "Planning Time": 0.421,
    "Triggers": [],
    "Execution Time": 315.339
  }
]