{
  "Plan": {
    "Node Type": "Aggregate",
    "Strategy": "Plain",
    "Partial Mode": "Finalize",
    "Parallel Aware": false,
    "Startup Cost": 103537.4,
    "Total Cost": 103537.41,
    "Plan Rows": 1,
    "Plan Width": 8,
    "Actual Startup Time": 704.316,
    "Actual Total Time": 724.656,
    "Actual Rows": 1,
    "Actual Loops": 1,
    "Plans": [
      {
        "Node Type": "Gather",
        "Parent Relationship": "Outer",
        "Parallel Aware": false,
        "Startup Cost": 103537.28,
        "Total Cost": 103537.39,
        "Plan Rows": 1,
        "Plan Width": 8,
        "Actual Startup Time": 700.064,
        "Actual Total Time": 724.647,
        "Actual Rows": 2,
        "Actual Loops": 1,
        "Workers Planned": 1,
        "Workers Launched": 1,
        "Single Copy": false,
        "Plans": [
          {
            "Node Type": "Aggregate",
            "Strategy": "Plain",
            "Partial Mode": "Partial",
            "Parent Relationship": "Outer",
            "Parallel Aware": false,
            "Startup Cost": 102537.28,
            "Total Cost": 102537.29,
            "Plan Rows": 1,
            "Plan Width": 8,
            "Actual Startup Time": 686.975,
            "Actual Total Time": 686.98,
            "Actual Rows": 1,
            "Actual Loops": 2,
            "Plans": [
              {
                "Node Type": "Hash Join",
                "Parent Relationship": "Outer",
                "Parallel Aware": true,
                "Join Type": "Inner",
                "Startup Cost": 75252.9,
                "Total Cost": 102135.81,
                "Plan Rows": 160589,
                "Plan Width": 0,
                "Actual Startup Time": 587.357,
                "Actual Total Time": 680.704,
                "Actual Rows": 134298,
                "Actual Loops": 2,
                "Inner Unique": true,
                "Hash Cond": "(mk.movie_id = t.id)",
                "Plans": [
                  {
                    "Node Type": "Bitmap Heap Scan",
                    "Parent Relationship": "Outer",
                    "Parallel Aware": true,
                    "Relation Name": "movie_keyword",
                    "Alias": "mk",
                    "Startup Cost": 5792.2,
                    "Total Cost": 32253.57,
                    "Plan Rows": 160589,
                    "Plan Width": 4,
                    "Actual Startup Time": 20.293,
                    "Actual Total Time": 72.236,
                    "Actual Rows": 134298,
                    "Actual Loops": 2,
                    "Recheck Cond": "(keyword_id > 58476)",
                    "Rows Removed by Index Recheck": 0,
                    "Exact Heap Blocks": 12504,
                    "Lossy Heap Blocks": 0,
                    "Plans": [
                      {
                        "Node Type": "Bitmap Index Scan",
                        "Parent Relationship": "Outer",
                        "Parallel Aware": false,
                        "Index Name": "keyword_id_movie_keyword",
                        "Startup Cost": 0.0,
                        "Total Cost": 5723.95,
                        "Plan Rows": 273002,
                        "Plan Width": 0,
                        "Actual Startup Time": 17.091,
                        "Actual Total Time": 17.092,
                        "Actual Rows": 268595,
                        "Actual Loops": 1,
                        "Index Cond": "(keyword_id > 58476)"
                      }
                    ]
                  },
                  {
                    "Node Type": "Hash",
                    "Parent Relationship": "Inner",
                    "Parallel Aware": true,
                    "Startup Cost": 50870.31,
                    "Total Cost": 50870.31,
                    "Plan Rows": 1487231,
                    "Plan Width": 4,
                    "Actual Startup Time": 545.366,
                    "Actual Total Time": 545.367,
                    "Actual Rows": 1264156,
                    "Actual Loops": 2,
                    "Hash Buckets": 4194304,
                    "Original Hash Buckets": 4194304,
                    "Hash Batches": 1,
                    "Original Hash Batches": 1,
                    "Peak Memory Usage": 131712,
                    "Plans": [
                      {
                        "Node Type": "Seq Scan",
                        "Parent Relationship": "Outer",
                        "Parallel Aware": true,
                        "Relation Name": "title",
                        "Alias": "t",
                        "Startup Cost": 0.0,
                        "Total Cost": 50870.31,
                        "Plan Rows": 1487231,
                        "Plan Width": 4,
                        "Actual Startup Time": 0.026,
                        "Actual Total Time": 158.49,
                        "Actual Rows": 1264156,
                        "Actual Loops": 2
                      }
                    ]
                  }
                ]
              }
            ]
          }
        ]
      }
    ]
  },
  "Planning Time": 0.683,
  "Triggers": [],
  "Execution Time": 724.758
}