[
  {
    "Plan": {
      "Node Type": "Aggregate",
      "Strategy": "Plain",
      "Partial Mode": "Finalize",
      "Parallel Aware": false,
      "Startup Cost": 617957.89,
      "Total Cost": 617957.9,
      "Plan Rows": 1,
      "Plan Width": 8,
      "Actual Startup Time": 2757.932,
      "Actual Total Time": 2832.762,
      "Actual Rows": 1,
      "Actual Loops": 1,
      "Plans": [
        {
          "Node Type": "Gather",
          "Parent Relationship": "Outer",
          "Parallel Aware": false,
          "Startup Cost": 617957.36,
          "Total Cost": 617957.87,
          "Plan Rows": 5,
          "Plan Width": 8,
          "Actual Startup Time": 2740.985,
          "Actual Total Time": 2832.748,
          "Actual Rows": 6,
          "Actual Loops": 1,
          "Workers Planned": 5,
          "Workers Launched": 5,
          "Single Copy": false,
          "Plans": [
            {
              "Node Type": "Aggregate",
              "Strategy": "Plain",
              "Partial Mode": "Partial",
              "Parent Relationship": "Outer",
              "Parallel Aware": false,
              "Startup Cost": 616957.36,
              "Total Cost": 616957.37,
              "Plan Rows": 1,
              "Plan Width": 8,
              "Actual Startup Time": 2724.52,
              "Actual Total Time": 2724.527,
              "Actual Rows": 1,
              "Actual Loops": 6,
              "Plans": [
                {
                  "Node Type": "Hash Join",
                  "Parent Relationship": "Outer",
                  "Parallel Aware": true,
                  "Join Type": "Inner",
                  "Startup Cost": 402093.31,
                  "Total Cost": 609730.79,
                  "Plan Rows": 2890630,
                  "Plan Width": 0,
                  "Actual Startup Time": 1617.684,
                  "Actual Total Time": 2667.375,
                  "Actual Rows": 1249223,
                  "Actual Loops": 6,
                  "Inner Unique": false,
                  "Hash Cond": "(mi.movie_id = t.id)",
                  "Plans": [
                    {
                      "Node Type": "Seq Scan",
                      "Parent Relationship": "Outer",
                      "Parallel Aware": true,
                      "Relation Name": "movie_info",
                      "Alias": "mi",
                      "Startup Cost": 0.0,
                      "Total Cost": 191685.19,
                      "Plan Rows": 2969219,
                      "Plan Width": 4,
                      "Actual Startup Time": 0.032,
                      "Actual Total Time": 299.953,
                      "Actual Rows": 2472620,
                      "Actual Loops": 6
                    },
                    {
                      "Node Type": "Hash",
                      "Parent Relationship": "Inner",
                      "Parallel Aware": true,
                      "Startup Cost": 396965.19,
                      "Total Cost": 396965.19,
                      "Plan Rows": 410250,
                      "Plan Width": 8,
                      "Actual Startup Time": 1609.882,
                      "Actual Total Time": 1609.887,
                      "Actual Rows": 368100,
                      "Actual Loops": 6,
                      "Hash Buckets": 4194304,
                      "Original Hash Buckets": 4194304,
                      "Hash Batches": 1,
                      "Original Hash Batches": 1,
                      "Peak Memory Usage": 119232,
                      "Plans": [
                        {
                          "Node Type": "Hash Join",
                          "Parent Relationship": "Outer",
                          "Parallel Aware": true,
                          "Join Type": "Inner",
                          "Startup Cost": 46704.97,
                          "Total Cost": 396965.19,
                          "Plan Rows": 410250,
                          "Plan Width": 8,
                          "Actual Startup Time": 243.13,
                          "Actual Total Time": 1433.827,
                          "Actual Rows": 368100,
                          "Actual Loops": 6,
                          "Inner Unique": true,
                          "Hash Cond": "(ci.movie_id = t.id)",
                          "Plans": [
                            {
                              "Node Type": "Seq Scan",
                              "Parent Relationship": "Outer",
                              "Parallel Aware": true,
                              "Relation Name": "cast_info",
                              "Alias": "ci",
                              "Startup Cost": 0.0,
                              "Total Cost": 343316.27,
                              "Plan Rows": 2645308,
                              "Plan Width": 4,
                              "Actual Startup Time": 115.691,
                              "Actual Total Time": 826.879,
                              "Actual Rows": 2400564,
                              "Actual Loops": 6,
                              "Filter": "((person_id > 771771) AND (role_id < 3))",
                              "Rows Removed by Filter": 3640160
                            },
                            {
                              "Node Type": "Hash",
                              "Parent Relationship": "Inner",
                              "Parallel Aware": true,
                              "Startup Cost": 45479.59,
                              "Total Cost": 45479.59,
                              "Plan Rows": 98031,
                              "Plan Width": 4,
                              "Actual Startup Time": 126.386,
                              "Actual Total Time": 126.388,
                              "Actual Rows": 66864,
                              "Actual Loops": 6,
                              "Hash Buckets": 524288,
                              "Original Hash Buckets": 524288,
                              "Hash Batches": 1,
                              "Original Hash Batches": 1,
                              "Peak Memory Usage": 19872,
                              "Plans": [
                                {
                                  "Node Type": "Seq Scan",
                                  "Parent Relationship": "Outer",
                                  "Parallel Aware": true,
                                  "Relation Name": "title",
                                  "Alias": "t",
                                  "Startup Cost": 0.0,
                                  "Total Cost": 45479.59,
                                  "Plan Rows": 98031,
                                  "Plan Width": 4,
                                  "Actual Startup Time": 0.056,
                                  "Actual Total Time": 92.021,
                                  "Actual Rows": 66864,
                                  "Actual Loops": 6,
                                  "Filter": "((kind_id > 1) AND (production_year > 2009))",
                                  "Rows Removed by Filter": 354521
                                }
                              ]
                            }
                          ]
                        }
                      ]
                    }
                  ]
                }
              ]
            }
          ]
        }
      ]
    },
    "Planning Time": 0.596,
    "Triggers": [],
    "Execution Time": 2832.828
  }
]