[
  {
    "Plan": {
      "Node Type": "Aggregate",
      "Strategy": "Plain",
      "Partial Mode": "Finalize",
      "Parallel Aware": false,
      "Startup Cost": 33112.99,
      "Total Cost": 33113.0,
      "Plan Rows": 1,
      "Plan Width": 8,
      "Actual Startup Time": 84.214,
      "Actual Total Time": 88.503,
      "Actual Rows": 1,
      "Actual Loops": 1,
      "Plans": [
        {
          "Node Type": "Gather",
          "Parent Relationship": "Outer",
          "Parallel Aware": false,
          "Startup Cost": 33112.67,
          "Total Cost": 33112.98,
          "Plan Rows": 3,
          "Plan Width": 8,
          "Actual Startup Time": 84.163,
          "Actual Total Time": 88.498,
          "Actual Rows": 4,
          "Actual Loops": 1,
          "Workers Planned": 3,
          "Workers Launched": 3,
          "Single Copy": false,
          "Plans": [
            {
              "Node Type": "Aggregate",
              "Strategy": "Plain",
              "Partial Mode": "Partial",
              "Parent Relationship": "Outer",
              "Parallel Aware": false,
              "Startup Cost": 32112.67,
              "Total Cost": 32112.68,
              "Plan Rows": 1,
              "Plan Width": 8,
              "Actual Startup Time": 79.91,
              "Actual Total Time": 79.912,
              "Actual Rows": 1,
              "Actual Loops": 4,
              "Plans": [
                {
                  "Node Type": "Seq Scan",
                  "Parent Relationship": "Outer",
                  "Parallel Aware": true,
                  "Relation Name": "movie_companies",
                  "Alias": "mc",
                  "Startup Cost": 0.0,
                  "Total Cost": 31414.82,
                  "Plan Rows": 279140,
                  "Plan Width": 0,
                  "Actual Startup Time": 35.169,
                  "Actual Total Time": 68.999,
                  "Actual Rows": 267664,
                  "Actual Loops": 4,
                  "Filter": "((company_id > 2999) AND (company_type_id = 2))",
                  "Rows Removed by Filter": 384618
                }
              ]
            }
          ]
        }
      ]
    },
    "Planning Time": 0.098,
    "Triggers": [],
    "Execution Time": 88.531
  }
]