{
  "Plan": {
    "Node Type": "Aggregate",
    "Strategy": "Plain",
    "Partial Mode": "Finalize",
    "Parallel Aware": false,
    "Startup Cost": 331199.58,
    "Total Cost": 331199.59,
    "Plan Rows": 1,
    "Plan Width": 8,
    "Actual Startup Time": 1303.911,
    "Actual Total Time": 1344.057,
    "Actual Rows": 1,
    "Actual Loops": 1,
    "Plans": [
      {
        "Node Type": "Gather",
        "Parent Relationship": "Outer",
        "Parallel Aware": false,
        "Startup Cost": 331199.46,
        "Total Cost": 331199.57,
        "Plan Rows": 1,
        "Plan Width": 8,
        "Actual Startup Time": 1303.799,
        "Actual Total Time": 1344.038,
        "Actual Rows": 2,
        "Actual Loops": 1,
        "Workers Planned": 1,
        "Workers Launched": 1,
        "Single Copy": false,
        "Plans": [
          {
            "Node Type": "Aggregate",
            "Strategy": "Plain",
            "Partial Mode": "Partial",
            "Parent Relationship": "Outer",
            "Parallel Aware": false,
            "Startup Cost": 330199.46,
            "Total Cost": 330199.47,
            "Plan Rows": 1,
            "Plan Width": 8,
            "Actual Startup Time": 1298.265,
            "Actual Total Time": 1298.268,
            "Actual Rows": 1,
            "Actual Loops": 2,
            "Plans": [
              {
                "Node Type": "Hash Join",
                "Parent Relationship": "Outer",
                "Parallel Aware": true,
                "Join Type": "Inner",
                "Startup Cost": 58356.94,
                "Total Cost": 330140.43,
                "Plan Rows": 23613,
                "Plan Width": 0,
                "Actual Startup Time": 136.8,
                "Actual Total Time": 1297.31,
                "Actual Rows": 20496,
                "Actual Loops": 2,
                "Inner Unique": true,
                "Hash Cond": "(mi.movie_id = t.id)",
                "Plans": [
                  {
                    "Node Type": "Seq Scan",
                    "Parent Relationship": "Outer",
                    "Parallel Aware": true,
                    "Relation Name": "movie_info",
                    "Alias": "mi",
                    "Startup Cost": 0.0,
                    "Total Cost": 248955.74,
                    "Plan Rows": 8696274,
                    "Plan Width": 4,
                    "Actual Startup Time": 0.01,
                    "Actual Total Time": 591.07,
                    "Actual Rows": 7417860,
                    "Actual Loops": 2
                  },
                  {
                    "Node Type": "Hash",
                    "Parent Relationship": "Inner",
                    "Parallel Aware": true,
                    "Startup Cost": 58306.47,
                    "Total Cost": 58306.47,
                    "Plan Rows": 4038,
                    "Plan Width": 4,
                    "Actual Startup Time": 134.828,
                    "Actual Total Time": 134.828,
                    "Actual Rows": 3500,
                    "Actual Loops": 2,
                    "Hash Buckets": 8192,
                    "Original Hash Buckets": 8192,
                    "Hash Batches": 1,
                    "Original Hash Batches": 1,
                    "Peak Memory Usage": 352,
                    "Plans": [
                      {
                        "Node Type": "Seq Scan",
                        "Parent Relationship": "Outer",
                        "Parallel Aware": true,
                        "Relation Name": "title",
                        "Alias": "t",
                        "Startup Cost": 0.0,
                        "Total Cost": 58306.47,
                        "Plan Rows": 4038,
                        "Plan Width": 4,
                        "Actual Startup Time": 0.292,
                        "Actual Total Time": 133.387,
                        "Actual Rows": 3500,
                        "Actual Loops": 2,
                        "Filter": "((kind_id = 7) AND (production_year = 1960))",
                        "Rows Removed by Filter": 1260656
                      }
                    ]
                  }
                ]
              }
            ]
          }
        ]
      }
    ]
  },
  "Planning Time": 0.443,
  "Triggers": [],
  "Execution Time": 1344.135
}