[
  {
    "Plan": {
      "Node Type": "Aggregate",
      "Strategy": "Plain",
      "Partial Mode": "Finalize",
      "Parallel Aware": false,
      "Startup Cost": 335640.4,
      "Total Cost": 335640.41,
      "Plan Rows": 1,
      "Plan Width": 8,
      "Actual Startup Time": 655.444,
      "Actual Total Time": 726.93,
      "Actual Rows": 1,
      "Actual Loops": 1,
      "Plans": [
        {
          "Node Type": "Gather",
          "Parent Relationship": "Outer",
          "Parallel Aware": false,
          "Startup Cost": 335639.77,
          "Total Cost": 335640.38,
          "Plan Rows": 6,
          "Plan Width": 8,
          "Actual Startup Time": 655.285,
          "Actual Total Time": 726.921,
          "Actual Rows": 7,
          "Actual Loops": 1,
          "Workers Planned": 6,
          "Workers Launched": 6,
          "Single Copy": false,
          "Plans": [
            {
              "Node Type": "Aggregate",
              "Strategy": "Plain",
              "Partial Mode": "Partial",
              "Parent Relationship": "Outer",
              "Parallel Aware": false,
              "Startup Cost": 334639.77,
              "Total Cost": 334639.78,
              "Plan Rows": 1,
              "Plan Width": 8,
              "Actual Startup Time": 644.878,
              "Actual Total Time": 644.879,
              "Actual Rows": 1,
              "Actual Loops": 7,
              "Plans": [
                {
                  "Node Type": "Seq Scan",
                  "Parent Relationship": "Outer",
                  "Parallel Aware": true,
                  "Relation Name": "cast_info",
                  "Alias": "ci",
                  "Startup Cost": 0.0,
                  "Total Cost": 328162.03,
                  "Plan Rows": 2591099,
                  "Plan Width": 0,
                  "Actual Startup Time": 225.307,
                  "Actual Total Time": 558.704,
                  "Actual Rows": 2218146,
                  "Actual Loops": 7,
                  "Filter": "(person_id > 2085783)",
                  "Rows Removed by Filter": 2959617
                }
              ]
            }
          ]
        }
      ]
    },
    "Planning Time": 0.17,
    "Triggers": [],
    "Execution Time": 727.0
  }
]