[
  {
    "Plan": {
      "Node Type": "Aggregate",
      "Strategy": "Plain",
      "Partial Mode": "Finalize",
      "Parallel Aware": false,
      "Startup Cost": 287504.65,
      "Total Cost": 287504.66,
      "Plan Rows": 1,
      "Plan Width": 8,
      "Actual Startup Time": 1260.708,
      "Actual Total Time": 1308.622,
      "Actual Rows": 1,
      "Actual Loops": 1,
      "Plans": [
        {
          "Node Type": "Gather",
          "Parent Relationship": "Outer",
          "Parallel Aware": false,
          "Startup Cost": 287504.13,
          "Total Cost": 287504.64,
          "Plan Rows": 5,
          "Plan Width": 8,
          "Actual Startup Time": 1250.593,
          "Actual Total Time": 1308.611,
          "Actual Rows": 6,
          "Actual Loops": 1,
          "Workers Planned": 5,
          "Workers Launched": 5,
          "Single Copy": false,
          "Plans": [
            {
              "Node Type": "Aggregate",
              "Strategy": "Plain",
              "Partial Mode": "Partial",
              "Parent Relationship": "Outer",
              "Parallel Aware": false,
              "Startup Cost": 286504.13,
              "Total Cost": 286504.14,
              "Plan Rows": 1,
              "Plan Width": 8,
              "Actual Startup Time": 1240.016,
              "Actual Total Time": 1240.116,
              "Actual Rows": 1,
              "Actual Loops": 6,
              "Plans": [
                {
                  "Node Type": "Hash Join",
                  "Parent Relationship": "Outer",
                  "Parallel Aware": true,
                  "Join Type": "Inner",
                  "Startup Cost": 80666.72,
                  "Total Cost": 284909.46,
                  "Plan Rows": 637865,
                  "Plan Width": 0,
                  "Actual Startup Time": 349.71,
                  "Actual Total Time": 1187.96,
                  "Actual Rows": 1131612,
                  "Actual Loops": 6,
                  "Inner Unique": false,
                  "Hash Cond": "(mi.movie_id = t.id)",
                  "Plans": [
                    {
                      "Node Type": "Seq Scan",
                      "Parent Relationship": "Outer",
                      "Parallel Aware": true,
                      "Relation Name": "movie_info",
                      "Alias": "mi",
                      "Startup Cost": 0.0,
                      "Total Cost": 191560.33,
                      "Plan Rows": 2956733,
                      "Plan Width": 4,
                      "Actual Startup Time": 0.016,
                      "Actual Total Time": 324.606,
                      "Actual Rows": 2472620,
                      "Actual Loops": 6
                    },
                    {
                      "Node Type": "Hash",
                      "Parent Relationship": "Inner",
                      "Parallel Aware": true,
                      "Startup Cost": 78962.24,
                      "Total Cost": 78962.24,
                      "Plan Rows": 136359,
                      "Plan Width": 8,
                      "Actual Startup Time": 345.259,
                      "Actual Total Time": 345.357,
                      "Actual Rows": 100127,
                      "Actual Loops": 6,
                      "Hash Buckets": 1048576,
                      "Original Hash Buckets": 1048576,
                      "Hash Batches": 1,
                      "Original Hash Batches": 1,
                      "Peak Memory Usage": 31808,
                      "Plans": [
                        {
                          "Node Type": "Hash Join",
                          "Parent Relationship": "Outer",
                          "Parallel Aware": true,
                          "Join Type": "Inner",
                          "Startup Cost": 32292.16,
                          "Total Cost": 78962.24,
                          "Plan Rows": 136359,
                          "Plan Width": 8,
                          "Actual Startup Time": 125.439,
                          "Actual Total Time": 302.405,
                          "Actual Rows": 100127,
                          "Actual Loops": 6,
                          "Inner Unique": false,
                          "Hash Cond": "(t.id = mc.movie_id)",
                          "Plans": [
                            {
                              "Node Type": "Seq Scan",
                              "Parent Relationship": "Outer",
                              "Parallel Aware": true,
                              "Relation Name": "title",
                              "Alias": "t",
                              "Startup Cost": 0.0,
                              "Total Cost": 43898.92,
                              "Plan Rows": 466259,
                              "Plan Width": 4,
                              "Actual Startup Time": 0.02,
                              "Actual Total Time": 76.26,
                              "Actual Rows": 310914,
                              "Actual Loops": 6,
                              "Filter": "(kind_id > 1)",
                              "Rows Removed by Filter": 110471
                            },
                            {
                              "Node Type": "Hash",
                              "Parent Relationship": "Inner",
                              "Parallel Aware": true,
                              "Startup Cost": 29310.68,
                              "Total Cost": 29310.68,
                              "Plan Rows": 238518,
                              "Plan Width": 4,
                              "Actual Startup Time": 123.544,
                              "Actual Total Time": 123.545,
                              "Actual Rows": 122514,
                              "Actual Loops": 6,
                              "Hash Buckets": 1048576,
                              "Original Hash Buckets": 1048576,
                              "Hash Batches": 1,
                              "Original Hash Batches": 1,
                              "Peak Memory Usage": 37024,
                              "Plans": [
                                {
                                  "Node Type": "Seq Scan",
                                  "Parent Relationship": "Outer",
                                  "Parallel Aware": true,
                                  "Relation Name": "movie_companies",
                                  "Alias": "mc",
                                  "Startup Cost": 0.0,
                                  "Total Cost": 29310.68,
                                  "Plan Rows": 238518,
                                  "Plan Width": 4,
                                  "Actual Startup Time": 0.06,
                                  "Actual Total Time": 62.489,
                                  "Actual Rows": 122514,
                                  "Actual Loops": 6,
                                  "Filter": "(company_id < 1435)",
                                  "Rows Removed by Filter": 312341
                                }
                              ]
                            }
                          ]
                        }
                      ]
                    }
                  ]
                }
              ]
            }
          ]
        }
      ]
    },
    "Planning Time": 1.495,
    "Triggers": [],
    "Execution Time": 1308.715
  }
]