[
  {
    "Plan": {
      "Node Type": "Aggregate",
      "Strategy": "Plain",
      "Partial Mode": "Finalize",
      "Parallel Aware": false,
      "Startup Cost": 44444.97,
      "Total Cost": 44444.98,
      "Plan Rows": 1,
      "Plan Width": 8,
      "Actual Startup Time": 118.496,
      "Actual Total Time": 128.156,
      "Actual Rows": 1,
      "Actual Loops": 1,
      "Plans": [
        {
          "Node Type": "Gather",
          "Parent Relationship": "Outer",
          "Parallel Aware": false,
          "Startup Cost": 44444.66,
          "Total Cost": 44444.97,
          "Plan Rows": 3,
          "Plan Width": 8,
          "Actual Startup Time": 118.399,
          "Actual Total Time": 128.148,
          "Actual Rows": 4,
          "Actual Loops": 1,
          "Workers Planned": 3,
          "Workers Launched": 3,
          "Single Copy": false,
          "Plans": [
            {
              "Node Type": "Aggregate",
              "Strategy": "Plain",
              "Partial Mode": "Partial",
              "Parent Relationship": "Outer",
              "Parallel Aware": false,
              "Startup Cost": 43444.66,
              "Total Cost": 43444.67,
              "Plan Rows": 1,
              "Plan Width": 8,
              "Actual Startup Time": 112.182,
              "Actual Total Time": 112.183,
              "Actual Rows": 1,
              "Actual Loops": 4,
              "Plans": [
                {
                  "Node Type": "Seq Scan",
                  "Parent Relationship": "Outer",
                  "Parallel Aware": true,
                  "Relation Name": "movie_keyword",
                  "Alias": "mk",
                  "Startup Cost": 0.0,
                  "Total Cost": 42695.65,
                  "Plan Rows": 299601,
                  "Plan Width": 0,
                  "Actual Startup Time": 3.392,
                  "Actual Total Time": 100.611,
                  "Actual Rows": 233622,
                  "Actual Loops": 4,
                  "Filter": "(keyword_id > 20318)",
                  "Rows Removed by Filter": 897361
                }
              ]
            }
          ]
        }
      ]
    },
    "Planning Time": 0.114,
    "Triggers": [],
    "Execution Time": 128.193
  }
]