{
    "Plan": {
        "Node Type": "Aggregate",
        "Strategy": "Plain",
        "Partial Mode": "Simple",
        "Parallel Aware": false,
        "Startup Cost": 30001673366.94,
        "Total Cost": 30001673366.95,
        "Plan Rows": 1,
        "Plan Width": 128,
        "Actual Startup Time": 10318.229,
        "Actual Total Time": 10461.076,
        "Actual Rows": 1,
        "Actual Loops": 1,
        "Output": [
            "min(mi.info)",
            "min(mi_idx.info)",
            "min(n.name)",
            "min(t.title)"
        ],
        "Plans": [
            {
                "Node Type": "Nested Loop",
                "Parent Relationship": "Outer",
                "Parallel Aware": false,
                "Join Type": "Inner",
                "Startup Cost": 30001673049.01,
                "Total Cost": 30001673366.93,
                "Plan Rows": 1,
                "Plan Width": 80,
                "Actual Startup Time": 10220.622,
                "Actual Total Time": 10461.039,
                "Actual Rows": 1,
                "Actual Loops": 1,
                "Output": [
                    "mi.info",
                    "mi_idx.info",
                    "n.name",
                    "t.title"
                ],
                "Inner Unique": true,
                "Plans": [
                    {
                        "Node Type": "Nested Loop",
                        "Parent Relationship": "Outer",
                        "Parallel Aware": false,
                        "Join Type": "Inner",
                        "Startup Cost": 20001673048.58,
                        "Total Cost": 20001673361.14,
                        "Plan Rows": 1,
                        "Plan Width": 84,
                        "Actual Startup Time": 10220.445,
                        "Actual Total Time": 10460.808,
                        "Actual Rows": 9,
                        "Actual Loops": 1,
                        "Output": [
                            "mi.info",
                            "mi_idx.info",
                            "mk.keyword_id",
                            "n.name",
                            "t.title"
                        ],
                        "Inner Unique": true,
                        "Plans": [
                            {
                                "Node Type": "Gather",
                                "Parent Relationship": "Outer",
                                "Parallel Aware": false,
                                "Startup Cost": 10001673048.43,
                                "Total Cost": 10001673352.96,
                                "Plan Rows": 1,
                                "Plan Width": 88,
                                "Actual Startup Time": 10220.371,
                                "Actual Total Time": 10460.59,
                                "Actual Rows": 9,
                                "Actual Loops": 1,
                                "Output": [
                                    "mi.info",
                                    "mi.info_type_id",
                                    "mi_idx.info",
                                    "mk.keyword_id",
                                    "n.name",
                                    "t.title"
                                ],
                                "Workers Planned": 4,
                                "Workers Launched": 4,
                                "Single Copy": false,
                                "Plans": [
                                    {
                                        "Node Type": "Hash Join",
                                        "Parent Relationship": "Outer",
                                        "Parallel Aware": true,
                                        "Join Type": "Inner",
                                        "Startup Cost": 10001672048.43,
                                        "Total Cost": 10001672352.86,
                                        "Plan Rows": 1,
                                        "Plan Width": 88,
                                        "Actual Startup Time": 10116.289,
                                        "Actual Total Time": 10123.139,
                                        "Actual Rows": 2,
                                        "Actual Loops": 5,
                                        "Output": [
                                            "mi.info",
                                            "mi.info_type_id",
                                            "mi_idx.info",
                                            "mk.keyword_id",
                                            "n.name",
                                            "t.title"
                                        ],
                                        "Inner Unique": false,
                                        "Hash Cond": "(t.id = mi.movie_id)",
                                        "Workers": [
                                            {
                                                "Worker Number": 0,
                                                "Actual Startup Time": 10235.061,
                                                "Actual Total Time": 10235.072,
                                                "Actual Rows": 0,
                                                "Actual Loops": 1
                                            },
                                            {
                                                "Worker Number": 1,
                                                "Actual Startup Time": 10236.91,
                                                "Actual Total Time": 10236.921,
                                                "Actual Rows": 0,
                                                "Actual Loops": 1
                                            },
                                            {
                                                "Worker Number": 2,
                                                "Actual Startup Time": 10232.365,
                                                "Actual Total Time": 10232.377,
                                                "Actual Rows": 0,
                                                "Actual Loops": 1
                                            },
                                            {
                                                "Worker Number": 3,
                                                "Actual Startup Time": 10206.907,
                                                "Actual Total Time": 10241.095,
                                                "Actual Rows": 9,
                                                "Actual Loops": 1
                                            }
                                        ],
                                        "Plans": [
                                            {
                                                "Node Type": "Merge Join",
                                                "Parent Relationship": "Outer",
                                                "Parallel Aware": false,
                                                "Join Type": "Inner",
                                                "Startup Cost": 10001473069.33,
                                                "Total Cost": 10001473372.39,
                                                "Plan Rows": 1,
                                                "Plan Width": 57,
                                                "Actual Startup Time": 9647.836,
                                                "Actual Total Time": 9668.726,
                                                "Actual Rows": 28,
                                                "Actual Loops": 5,
                                                "Output": [
                                                    "ci.movie_id",
                                                    "mi_idx.info",
                                                    "mi_idx.movie_id",
                                                    "mk.movie_id",
                                                    "mk.keyword_id",
                                                    "n.name",
                                                    "t.title",
                                                    "t.id"
                                                ],
                                                "Inner Unique": false,
                                                "Merge Cond": "(t.id = mi_idx.movie_id)",
                                                "Workers": [
                                                    {
                                                        "Worker Number": 0,
                                                        "Actual Startup Time": 9749.82,
                                                        "Actual Total Time": 9783.666,
                                                        "Actual Rows": 31,
                                                        "Actual Loops": 1
                                                    },
                                                    {
                                                        "Worker Number": 1,
                                                        "Actual Startup Time": 9784.925,
                                                        "Actual Total Time": 9784.958,
                                                        "Actual Rows": 7,
                                                        "Actual Loops": 1
                                                    },
                                                    {
                                                        "Worker Number": 2,
                                                        "Actual Startup Time": 9780.194,
                                                        "Actual Total Time": 9780.203,
                                                        "Actual Rows": 0,
                                                        "Actual Loops": 1
                                                    },
                                                    {
                                                        "Worker Number": 3,
                                                        "Actual Startup Time": 9754.661,
                                                        "Actual Total Time": 9788.696,
                                                        "Actual Rows": 63,
                                                        "Actual Loops": 1
                                                    }
                                                ],
                                                "Plans": [
                                                    {
                                                        "Node Type": "Sort",
                                                        "Parent Relationship": "Outer",
                                                        "Parallel Aware": false,
                                                        "Startup Cost": 45480.14,
                                                        "Total Cost": 45480.23,
                                                        "Plan Rows": 36,
                                                        "Plan Width": 21,
                                                        "Actual Startup Time": 81.332,
                                                        "Actual Total Time": 81.348,
                                                        "Actual Rows": 93,
                                                        "Actual Loops": 5,
                                                        "Output": [
                                                            "t.title",
                                                            "t.id"
                                                        ],
                                                        "Sort Key": [
                                                            "t.id"
                                                        ],
                                                        "Sort Method": "quicksort",
                                                        "Sort Space Used": 34,
                                                        "Sort Space Type": "Memory",
                                                        "Workers": [
                                                            {
                                                                "Worker Number": 0,
                                                                "Actual Startup Time": 81.292,
                                                                "Actual Total Time": 81.312,
                                                                "Actual Rows": 95,
                                                                "Actual Loops": 1
                                                            },
                                                            {
                                                                "Worker Number": 1,
                                                                "Actual Startup Time": 81.315,
                                                                "Actual Total Time": 81.33,
                                                                "Actual Rows": 83,
                                                                "Actual Loops": 1
                                                            },
                                                            {
                                                                "Worker Number": 2,
                                                                "Actual Startup Time": 81.292,
                                                                "Actual Total Time": 81.302,
                                                                "Actual Rows": 69,
                                                                "Actual Loops": 1
                                                            },
                                                            {
                                                                "Worker Number": 3,
                                                                "Actual Startup Time": 81.295,
                                                                "Actual Total Time": 81.309,
                                                                "Actual Rows": 88,
                                                                "Actual Loops": 1
                                                            }
                                                        ],
                                                        "Plans": [
                                                            {
                                                                "Node Type": "Seq Scan",
                                                                "Parent Relationship": "Outer",
                                                                "Parallel Aware": true,
                                                                "Relation Name": "title",
                                                                "Schema": "public",
                                                                "Alias": "t",
                                                                "Startup Cost": 0.0,
                                                                "Total Cost": 45479.21,
                                                                "Plan Rows": 36,
                                                                "Plan Width": 21,
                                                                "Actual Startup Time": 0.522,
                                                                "Actual Total Time": 81.213,
                                                                "Actual Rows": 93,
                                                                "Actual Loops": 5,
                                                                "Output": [
                                                                    "t.title",
                                                                    "t.id"
                                                                ],
                                                                "Filter": "((t.title ~~ '100%'::text) AND (t.production_year > 1997))",
                                                                "Rows Removed by Filter": 505569,
                                                                "Workers": [
                                                                    {
                                                                        "Worker Number": 0,
                                                                        "Actual Startup Time": 0.357,
                                                                        "Actual Total Time": 81.149,
                                                                        "Actual Rows": 95,
                                                                        "Actual Loops": 1
                                                                    },
                                                                    {
                                                                        "Worker Number": 1,
                                                                        "Actual Startup Time": 1.338,
                                                                        "Actual Total Time": 81.174,
                                                                        "Actual Rows": 83,
                                                                        "Actual Loops": 1
                                                                    },
                                                                    {
                                                                        "Worker Number": 2,
                                                                        "Actual Startup Time": 0.302,
                                                                        "Actual Total Time": 81.178,
                                                                        "Actual Rows": 69,
                                                                        "Actual Loops": 1
                                                                    },
                                                                    {
                                                                        "Worker Number": 3,
                                                                        "Actual Startup Time": 0.579,
                                                                        "Actual Total Time": 81.166,
                                                                        "Actual Rows": 88,
                                                                        "Actual Loops": 1
                                                                    }
                                                                ]
                                                            }
                                                        ]
                                                    },
                                                    {
                                                        "Node Type": "Sort",
                                                        "Parent Relationship": "Inner",
                                                        "Parallel Aware": false,
                                                        "Startup Cost": 10001427589.2,
                                                        "Total Cost": 10001427740.63,
                                                        "Plan Rows": 60574,
                                                        "Plan Width": 36,
                                                        "Actual Startup Time": 9552.786,
                                                        "Actual Total Time": 9570.977,
                                                        "Actual Rows": 269800,
                                                        "Actual Loops": 5,
                                                        "Output": [
                                                            "ci.movie_id",
                                                            "mi_idx.info",
                                                            "mi_idx.movie_id",
                                                            "mk.movie_id",
                                                            "mk.keyword_id",
                                                            "n.name"
                                                        ],
                                                        "Sort Key": [
                                                            "ci.movie_id"
                                                        ],
                                                        "Sort Method": "quicksort",
                                                        "Sort Space Used": 149835,
                                                        "Sort Space Type": "Memory",
                                                        "Workers": [
                                                            {
                                                                "Worker Number": 0,
                                                                "Actual Startup Time": 9668.488,
                                                                "Actual Total Time": 9686.115,
                                                                "Actual Rows": 269803,
                                                                "Actual Loops": 1
                                                            },
                                                            {
                                                                "Worker Number": 1,
                                                                "Actual Startup Time": 9669.882,
                                                                "Actual Total Time": 9687.377,
                                                                "Actual Rows": 269786,
                                                                "Actual Loops": 1
                                                            },
                                                            {
                                                                "Worker Number": 2,
                                                                "Actual Startup Time": 9665.24,
                                                                "Actual Total Time": 9682.701,
                                                                "Actual Rows": 269803,
                                                                "Actual Loops": 1
                                                            },
                                                            {
                                                                "Worker Number": 3,
                                                                "Actual Startup Time": 9673.33,
                                                                "Actual Total Time": 9691.098,
                                                                "Actual Rows": 269803,
                                                                "Actual Loops": 1
                                                            }
                                                        ],
                                                        "Plans": [
                                                            {
                                                                "Node Type": "Merge Join",
                                                                "Parent Relationship": "Outer",
                                                                "Parallel Aware": false,
                                                                "Join Type": "Inner",
                                                                "Startup Cost": 10001413022.55,
                                                                "Total Cost": 10001422777.68,
                                                                "Plan Rows": 60574,
                                                                "Plan Width": 36,
                                                                "Actual Startup Time": 8597.515,
                                                                "Actual Total Time": 9211.584,
                                                                "Actual Rows": 1286350,
                                                                "Actual Loops": 5,
                                                                "Output": [
                                                                    "ci.movie_id",
                                                                    "mi_idx.info",
                                                                    "mi_idx.movie_id",
                                                                    "mk.movie_id",
                                                                    "mk.keyword_id",
                                                                    "n.name"
                                                                ],
                                                                "Inner Unique": false,
                                                                "Merge Cond": "(ci.person_id = n.id)",
                                                                "Workers": [
                                                                    {
                                                                        "Worker Number": 0,
                                                                        "Actual Startup Time": 8700.465,
                                                                        "Actual Total Time": 9310.753,
                                                                        "Actual Rows": 1286350,
                                                                        "Actual Loops": 1
                                                                    },
                                                                    {
                                                                        "Worker Number": 1,
                                                                        "Actual Startup Time": 8700.293,
                                                                        "Actual Total Time": 9309.288,
                                                                        "Actual Rows": 1286350,
                                                                        "Actual Loops": 1
                                                                    },
                                                                    {
                                                                        "Worker Number": 2,
                                                                        "Actual Startup Time": 8700.417,
                                                                        "Actual Total Time": 9308.281,
                                                                        "Actual Rows": 1286350,
                                                                        "Actual Loops": 1
                                                                    },
                                                                    {
                                                                        "Worker Number": 3,
                                                                        "Actual Startup Time": 8700.527,
                                                                        "Actual Total Time": 9313.442,
                                                                        "Actual Rows": 1286350,
                                                                        "Actual Loops": 1
                                                                    }
                                                                ],
                                                                "Plans": [
                                                                    {
                                                                        "Node Type": "Sort",
                                                                        "Parent Relationship": "Outer",
                                                                        "Parallel Aware": false,
                                                                        "Startup Cost": 10001125655.99,
                                                                        "Total Cost": 10001126020.02,
                                                                        "Plan Rows": 145611,
                                                                        "Plan Width": 25,
                                                                        "Actual Startup Time": 7563.641,
                                                                        "Actual Total Time": 7633.886,
                                                                        "Actual Rows": 1286351,
                                                                        "Actual Loops": 5,
                                                                        "Output": [
                                                                            "ci.movie_id",
                                                                            "ci.person_id",
                                                                            "mi_idx.info",
                                                                            "mi_idx.movie_id",
                                                                            "mk.movie_id",
                                                                            "mk.keyword_id"
                                                                        ],
                                                                        "Sort Key": [
                                                                            "ci.person_id"
                                                                        ],
                                                                        "Sort Method": "quicksort",
                                                                        "Sort Space Used": 274777,
                                                                        "Sort Space Type": "Memory",
                                                                        "Workers": [
                                                                            {
                                                                                "Worker Number": 0,
                                                                                "Actual Startup Time": 7636.078,
                                                                                "Actual Total Time": 7705.078,
                                                                                "Actual Rows": 1286351,
                                                                                "Actual Loops": 1
                                                                            },
                                                                            {
                                                                                "Worker Number": 1,
                                                                                "Actual Startup Time": 7635.248,
                                                                                "Actual Total Time": 7703.938,
                                                                                "Actual Rows": 1286351,
                                                                                "Actual Loops": 1
                                                                            },
                                                                            {
                                                                                "Worker Number": 2,
                                                                                "Actual Startup Time": 7635.594,
                                                                                "Actual Total Time": 7704.103,
                                                                                "Actual Rows": 1286351,
                                                                                "Actual Loops": 1
                                                                            },
                                                                            {
                                                                                "Worker Number": 3,
                                                                                "Actual Startup Time": 7636.684,
                                                                                "Actual Total Time": 7706.147,
                                                                                "Actual Rows": 1286351,
                                                                                "Actual Loops": 1
                                                                            }
                                                                        ],
                                                                        "Plans": [
                                                                            {
                                                                                "Node Type": "Hash Join",
                                                                                "Parent Relationship": "Outer",
                                                                                "Parallel Aware": false,
                                                                                "Join Type": "Inner",
                                                                                "Startup Cost": 10000265368.12,
                                                                                "Total Cost": 10001113168.57,
                                                                                "Plan Rows": 145611,
                                                                                "Plan Width": 25,
                                                                                "Actual Startup Time": 2978.743,
                                                                                "Actual Total Time": 7013.628,
                                                                                "Actual Rows": 2258844,
                                                                                "Actual Loops": 5,
                                                                                "Output": [
                                                                                    "ci.movie_id",
                                                                                    "ci.person_id",
                                                                                    "mi_idx.info",
                                                                                    "mi_idx.movie_id",
                                                                                    "mk.movie_id",
                                                                                    "mk.keyword_id"
                                                                                ],
                                                                                "Inner Unique": false,
                                                                                "Hash Cond": "(ci.movie_id = mi_idx.movie_id)",
                                                                                "Workers": [
                                                                                    {
                                                                                        "Worker Number": 0,
                                                                                        "Actual Startup Time": 3133.105,
                                                                                        "Actual Total Time": 7053.369,
                                                                                        "Actual Rows": 2258844,
                                                                                        "Actual Loops": 1
                                                                                    },
                                                                                    {
                                                                                        "Worker Number": 1,
                                                                                        "Actual Startup Time": 3133.114,
                                                                                        "Actual Total Time": 7039.214,
                                                                                        "Actual Rows": 2258844,
                                                                                        "Actual Loops": 1
                                                                                    },
                                                                                    {
                                                                                        "Worker Number": 2,
                                                                                        "Actual Startup Time": 3133.114,
                                                                                        "Actual Total Time": 7052.456,
                                                                                        "Actual Rows": 2258844,
                                                                                        "Actual Loops": 1
                                                                                    },
                                                                                    {
                                                                                        "Worker Number": 3,
                                                                                        "Actual Startup Time": 3133.113,
                                                                                        "Actual Total Time": 7048.256,
                                                                                        "Actual Rows": 2258844,
                                                                                        "Actual Loops": 1
                                                                                    }
                                                                                ],
                                                                                "Plans": [
                                                                                    {
                                                                                        "Node Type": "Seq Scan",
                                                                                        "Parent Relationship": "Outer",
                                                                                        "Parallel Aware": false,
                                                                                        "Relation Name": "cast_info",
                                                                                        "Schema": "public",
                                                                                        "Alias": "ci",
                                                                                        "Startup Cost": 10000000000.0,
                                                                                        "Total Cost": 10000841794.61,
                                                                                        "Plan Rows": 1213260,
                                                                                        "Plan Width": 8,
                                                                                        "Actual Startup Time": 99.887,
                                                                                        "Actual Total Time": 3707.662,
                                                                                        "Actual Rows": 1244716,
                                                                                        "Actual Loops": 5,
                                                                                        "Output": [
                                                                                            "ci.id",
                                                                                            "ci.person_id",
                                                                                            "ci.movie_id",
                                                                                            "ci.person_role_id",
                                                                                            "ci.note",
                                                                                            "ci.nr_order",
                                                                                            "ci.role_id"
                                                                                        ],
                                                                                        "Filter": "(ci.note = ANY ('{(writer),\"(head writer)\",\"(written by)\",(story),\"(story editor)\"}'::text[]))",
                                                                                        "Rows Removed by Filter": 34999628,
                                                                                        "Workers": [
                                                                                            {
                                                                                                "Worker Number": 0,
                                                                                                "Actual Startup Time": 95.789,
                                                                                                "Actual Total Time": 3585.851,
                                                                                                "Actual Rows": 1244716,
                                                                                                "Actual Loops": 1
                                                                                            },
                                                                                            {
                                                                                                "Worker Number": 1,
                                                                                                "Actual Startup Time": 96.065,
                                                                                                "Actual Total Time": 3574.972,
                                                                                                "Actual Rows": 1244716,
                                                                                                "Actual Loops": 1
                                                                                            },
                                                                                            {
                                                                                                "Worker Number": 2,
                                                                                                "Actual Startup Time": 95.613,
                                                                                                "Actual Total Time": 3589.055,
                                                                                                "Actual Rows": 1244716,
                                                                                                "Actual Loops": 1
                                                                                            },
                                                                                            {
                                                                                                "Worker Number": 3,
                                                                                                "Actual Startup Time": 94.017,
                                                                                                "Actual Total Time": 3569.251,
                                                                                                "Actual Rows": 1244716,
                                                                                                "Actual Loops": 1
                                                                                            }
                                                                                        ]
                                                                                    },
                                                                                    {
                                                                                        "Node Type": "Hash",
                                                                                        "Parent Relationship": "Inner",
                                                                                        "Parallel Aware": false,
                                                                                        "Startup Cost": 263952.42,
                                                                                        "Total Cost": 263952.42,
                                                                                        "Plan Rows": 113256,
                                                                                        "Plan Width": 17,
                                                                                        "Actual Startup Time": 2693.519,
                                                                                        "Actual Total Time": 2693.525,
                                                                                        "Actual Rows": 3461792,
                                                                                        "Actual Loops": 5,
                                                                                        "Output": [
                                                                                            "mi_idx.info",
                                                                                            "mi_idx.movie_id",
                                                                                            "mk.movie_id",
                                                                                            "mk.keyword_id"
                                                                                        ],
                                                                                        "Hash Buckets": 4194304,
                                                                                        "Original Hash Buckets": 131072,
                                                                                        "Hash Batches": 1,
                                                                                        "Original Hash Batches": 1,
                                                                                        "Peak Memory Usage": 199922,
                                                                                        "Workers": [
                                                                                            {
                                                                                                "Worker Number": 0,
                                                                                                "Actual Startup Time": 2858.862,
                                                                                                "Actual Total Time": 2858.867,
                                                                                                "Actual Rows": 3461792,
                                                                                                "Actual Loops": 1
                                                                                            },
                                                                                            {
                                                                                                "Worker Number": 1,
                                                                                                "Actual Startup Time": 2858.57,
                                                                                                "Actual Total Time": 2858.574,
                                                                                                "Actual Rows": 3461792,
                                                                                                "Actual Loops": 1
                                                                                            },
                                                                                            {
                                                                                                "Worker Number": 2,
                                                                                                "Actual Startup Time": 2859.055,
                                                                                                "Actual Total Time": 2859.059,
                                                                                                "Actual Rows": 3461792,
                                                                                                "Actual Loops": 1
                                                                                            },
                                                                                            {
                                                                                                "Worker Number": 3,
                                                                                                "Actual Startup Time": 2860.652,
                                                                                                "Actual Total Time": 2860.657,
                                                                                                "Actual Rows": 3461792,
                                                                                                "Actual Loops": 1
                                                                                            }
                                                                                        ],
                                                                                        "Plans": [
                                                                                            {
                                                                                                "Node Type": "Merge Join",
                                                                                                "Parent Relationship": "Outer",
                                                                                                "Parallel Aware": false,
                                                                                                "Join Type": "Inner",
                                                                                                "Startup Cost": 13.18,
                                                                                                "Total Cost": 263952.42,
                                                                                                "Plan Rows": 113256,
                                                                                                "Plan Width": 17,
                                                                                                "Actual Startup Time": 0.249,
                                                                                                "Actual Total Time": 1990.825,
                                                                                                "Actual Rows": 3461792,
                                                                                                "Actual Loops": 5,
                                                                                                "Output": [
                                                                                                    "mi_idx.info",
                                                                                                    "mi_idx.movie_id",
                                                                                                    "mk.movie_id",
                                                                                                    "mk.keyword_id"
                                                                                                ],
                                                                                                "Inner Unique": false,
                                                                                                "Merge Cond": "(mi_idx.movie_id = mk.movie_id)",
                                                                                                "Workers": [
                                                                                                    {
                                                                                                        "Worker Number": 0,
                                                                                                        "Actual Startup Time": 0.289,
                                                                                                        "Actual Total Time": 2119.779,
                                                                                                        "Actual Rows": 3461792,
                                                                                                        "Actual Loops": 1
                                                                                                    },
                                                                                                    {
                                                                                                        "Worker Number": 1,
                                                                                                        "Actual Startup Time": 0.27,
                                                                                                        "Actual Total Time": 2112.778,
                                                                                                        "Actual Rows": 3461792,
                                                                                                        "Actual Loops": 1
                                                                                                    },
                                                                                                    {
                                                                                                        "Worker Number": 2,
                                                                                                        "Actual Startup Time": 0.306,
                                                                                                        "Actual Total Time": 2111.947,
                                                                                                        "Actual Rows": 3461792,
                                                                                                        "Actual Loops": 1
                                                                                                    },
                                                                                                    {
                                                                                                        "Worker Number": 3,
                                                                                                        "Actual Startup Time": 0.304,
                                                                                                        "Actual Total Time": 2081.247,
                                                                                                        "Actual Rows": 3461792,
                                                                                                        "Actual Loops": 1
                                                                                                    }
                                                                                                ],
                                                                                                "Plans": [
                                                                                                    {
                                                                                                        "Node Type": "Nested Loop",
                                                                                                        "Parent Relationship": "Outer",
                                                                                                        "Parallel Aware": false,
                                                                                                        "Join Type": "Inner",
                                                                                                        "Startup Cost": 0.57,
                                                                                                        "Total Cost": 74345.46,
                                                                                                        "Plan Rows": 12213,
                                                                                                        "Plan Width": 9,
                                                                                                        "Actual Startup Time": 0.179,
                                                                                                        "Actual Total Time": 615.518,
                                                                                                        "Actual Rows": 459925,
                                                                                                        "Actual Loops": 5,
                                                                                                        "Output": [
                                                                                                            "mi_idx.info",
                                                                                                            "mi_idx.movie_id"
                                                                                                        ],
                                                                                                        "Inner Unique": true,
                                                                                                        "Join Filter": "(it2.id = mi_idx.info_type_id)",
                                                                                                        "Rows Removed by Join Filter": 920110,
                                                                                                        "Workers": [
                                                                                                            {
                                                                                                                "Worker Number": 0,
                                                                                                                "Actual Startup Time": 0.208,
                                                                                                                "Actual Total Time": 654.947,
                                                                                                                "Actual Rows": 459925,
                                                                                                                "Actual Loops": 1
                                                                                                            },
                                                                                                            {
                                                                                                                "Worker Number": 1,
                                                                                                                "Actual Startup Time": 0.189,
                                                                                                                "Actual Total Time": 650.061,
                                                                                                                "Actual Rows": 459925,
                                                                                                                "Actual Loops": 1
                                                                                                            },
                                                                                                            {
                                                                                                                "Worker Number": 2,
                                                                                                                "Actual Startup Time": 0.221,
                                                                                                                "Actual Total Time": 648.748,
                                                                                                                "Actual Rows": 459925,
                                                                                                                "Actual Loops": 1
                                                                                                            },
                                                                                                            {
                                                                                                                "Worker Number": 3,
                                                                                                                "Actual Startup Time": 0.223,
                                                                                                                "Actual Total Time": 658.002,
                                                                                                                "Actual Rows": 459925,
                                                                                                                "Actual Loops": 1
                                                                                                            }
                                                                                                        ],
                                                                                                        "Plans": [
                                                                                                            {
                                                                                                                "Node Type": "Index Scan",
                                                                                                                "Parent Relationship": "Outer",
                                                                                                                "Parallel Aware": false,
                                                                                                                "Scan Direction": "Forward",
                                                                                                                "Index Name": "movie_id_movie_info_idx",
                                                                                                                "Relation Name": "movie_info_idx",
                                                                                                                "Schema": "public",
                                                                                                                "Alias": "mi_idx",
                                                                                                                "Startup Cost": 0.43,
                                                                                                                "Total Cost": 53630.81,
                                                                                                                "Plan Rows": 1380035,
                                                                                                                "Plan Width": 13,
                                                                                                                "Actual Startup Time": 0.083,
                                                                                                                "Actual Total Time": 251.142,
                                                                                                                "Actual Rows": 1380035,
                                                                                                                "Actual Loops": 5,
                                                                                                                "Output": [
                                                                                                                    "mi_idx.id",
                                                                                                                    "mi_idx.movie_id",
                                                                                                                    "mi_idx.info_type_id",
                                                                                                                    "mi_idx.info",
                                                                                                                    "mi_idx.note"
                                                                                                                ],
                                                                                                                "Workers": [
                                                                                                                    {
                                                                                                                        "Worker Number": 0,
                                                                                                                        "Actual Startup Time": 0.093,
                                                                                                                        "Actual Total Time": 269.726,
                                                                                                                        "Actual Rows": 1380035,
                                                                                                                        "Actual Loops": 1
                                                                                                                    },
                                                                                                                    {
                                                                                                                        "Worker Number": 1,
                                                                                                                        "Actual Startup Time": 0.079,
                                                                                                                        "Actual Total Time": 271.397,
                                                                                                                        "Actual Rows": 1380035,
                                                                                                                        "Actual Loops": 1
                                                                                                                    },
                                                                                                                    {
                                                                                                                        "Worker Number": 2,
                                                                                                                        "Actual Startup Time": 0.112,
                                                                                                                        "Actual Total Time": 267.737,
                                                                                                                        "Actual Rows": 1380035,
                                                                                                                        "Actual Loops": 1
                                                                                                                    },
                                                                                                                    {
                                                                                                                        "Worker Number": 3,
                                                                                                                        "Actual Startup Time": 0.109,
                                                                                                                        "Actual Total Time": 265.43,
                                                                                                                        "Actual Rows": 1380035,
                                                                                                                        "Actual Loops": 1
                                                                                                                    }
                                                                                                                ]
                                                                                                            },
                                                                                                            {
                                                                                                                "Node Type": "Materialize",
                                                                                                                "Parent Relationship": "Inner",
                                                                                                                "Parallel Aware": false,
                                                                                                                "Startup Cost": 0.14,
                                                                                                                "Total Cost": 14.12,
                                                                                                                "Plan Rows": 1,
                                                                                                                "Plan Width": 4,
                                                                                                                "Actual Startup Time": 0.0,
                                                                                                                "Actual Total Time": 0.0,
                                                                                                                "Actual Rows": 1,
                                                                                                                "Actual Loops": 6900175,
                                                                                                                "Output": [
                                                                                                                    "it2.id"
                                                                                                                ],
                                                                                                                "Workers": [
                                                                                                                    {
                                                                                                                        "Worker Number": 0,
                                                                                                                        "Actual Startup Time": 0.0,
                                                                                                                        "Actual Total Time": 0.0,
                                                                                                                        "Actual Rows": 1,
                                                                                                                        "Actual Loops": 1380035
                                                                                                                    },
                                                                                                                    {
                                                                                                                        "Worker Number": 1,
                                                                                                                        "Actual Startup Time": 0.0,
                                                                                                                        "Actual Total Time": 0.0,
                                                                                                                        "Actual Rows": 1,
                                                                                                                        "Actual Loops": 1380035
                                                                                                                    },
                                                                                                                    {
                                                                                                                        "Worker Number": 2,
                                                                                                                        "Actual Startup Time": 0.0,
                                                                                                                        "Actual Total Time": 0.0,
                                                                                                                        "Actual Rows": 1,
                                                                                                                        "Actual Loops": 1380035
                                                                                                                    },
                                                                                                                    {
                                                                                                                        "Worker Number": 3,
                                                                                                                        "Actual Startup Time": 0.0,
                                                                                                                        "Actual Total Time": 0.0,
                                                                                                                        "Actual Rows": 1,
                                                                                                                        "Actual Loops": 1380035
                                                                                                                    }
                                                                                                                ],
                                                                                                                "Plans": [
                                                                                                                    {
                                                                                                                        "Node Type": "Index Scan",
                                                                                                                        "Parent Relationship": "Outer",
                                                                                                                        "Parallel Aware": false,
                                                                                                                        "Scan Direction": "Forward",
                                                                                                                        "Index Name": "info_type_pkey",
                                                                                                                        "Relation Name": "info_type",
                                                                                                                        "Schema": "public",
                                                                                                                        "Alias": "it2",
                                                                                                                        "Startup Cost": 0.14,
                                                                                                                        "Total Cost": 14.12,
                                                                                                                        "Plan Rows": 1,
                                                                                                                        "Plan Width": 4,
                                                                                                                        "Actual Startup Time": 0.08,
                                                                                                                        "Actual Total Time": 0.084,
                                                                                                                        "Actual Rows": 1,
                                                                                                                        "Actual Loops": 5,
                                                                                                                        "Output": [
                                                                                                                            "it2.id"
                                                                                                                        ],
                                                                                                                        "Filter": "((it2.info)::text = 'votes'::text)",
                                                                                                                        "Rows Removed by Filter": 112,
                                                                                                                        "Workers": [
                                                                                                                            {
                                                                                                                                "Worker Number": 0,
                                                                                                                                "Actual Startup Time": 0.097,
                                                                                                                                "Actual Total Time": 0.102,
                                                                                                                                "Actual Rows": 1,
                                                                                                                                "Actual Loops": 1
                                                                                                                            },
                                                                                                                            {
                                                                                                                                "Worker Number": 1,
                                                                                                                                "Actual Startup Time": 0.093,
                                                                                                                                "Actual Total Time": 0.097,
                                                                                                                                "Actual Rows": 1,
                                                                                                                                "Actual Loops": 1
                                                                                                                            },
                                                                                                                            {
                                                                                                                                "Worker Number": 2,
                                                                                                                                "Actual Startup Time": 0.093,
                                                                                                                                "Actual Total Time": 0.097,
                                                                                                                                "Actual Rows": 1,
                                                                                                                                "Actual Loops": 1
                                                                                                                            },
                                                                                                                            {
                                                                                                                                "Worker Number": 3,
                                                                                                                                "Actual Startup Time": 0.097,
                                                                                                                                "Actual Total Time": 0.102,
                                                                                                                                "Actual Rows": 1,
                                                                                                                                "Actual Loops": 1
                                                                                                                            }
                                                                                                                        ]
                                                                                                                    }
                                                                                                                ]
                                                                                                            }
                                                                                                        ]
                                                                                                    },
                                                                                                    {
                                                                                                        "Node Type": "Index Scan",
                                                                                                        "Parent Relationship": "Inner",
                                                                                                        "Parallel Aware": false,
                                                                                                        "Scan Direction": "Forward",
                                                                                                        "Index Name": "movie_id_movie_keyword",
                                                                                                        "Relation Name": "movie_keyword",
                                                                                                        "Schema": "public",
                                                                                                        "Alias": "mk",
                                                                                                        "Startup Cost": 0.43,
                                                                                                        "Total Cost": 177177.46,
                                                                                                        "Plan Rows": 4523930,
                                                                                                        "Plan Width": 8,
                                                                                                        "Actual Startup Time": 0.065,
                                                                                                        "Actual Total Time": 798.369,
                                                                                                        "Actual Rows": 4523925,
                                                                                                        "Actual Loops": 5,
                                                                                                        "Output": [
                                                                                                            "mk.id",
                                                                                                            "mk.movie_id",
                                                                                                            "mk.keyword_id"
                                                                                                        ],
                                                                                                        "Workers": [
                                                                                                            {
                                                                                                                "Worker Number": 0,
                                                                                                                "Actual Startup Time": 0.077,
                                                                                                                "Actual Total Time": 875.667,
                                                                                                                "Actual Rows": 4523925,
                                                                                                                "Actual Loops": 1
                                                                                                            },
                                                                                                            {
                                                                                                                "Worker Number": 1,
                                                                                                                "Actual Startup Time": 0.076,
                                                                                                                "Actual Total Time": 875.471,
                                                                                                                "Actual Rows": 4523925,
                                                                                                                "Actual Loops": 1
                                                                                                            },
                                                                                                            {
                                                                                                                "Worker Number": 2,
                                                                                                                "Actual Startup Time": 0.08,
                                                                                                                "Actual Total Time": 871.209,
                                                                                                                "Actual Rows": 4523925,
                                                                                                                "Actual Loops": 1
                                                                                                            },
                                                                                                            {
                                                                                                                "Worker Number": 3,
                                                                                                                "Actual Startup Time": 0.076,
                                                                                                                "Actual Total Time": 801.677,
                                                                                                                "Actual Rows": 4523925,
                                                                                                                "Actual Loops": 1
                                                                                                            }
                                                                                                        ]
                                                                                                    }
                                                                                                ]
                                                                                            }
                                                                                        ]
                                                                                    }
                                                                                ]
                                                                            }
                                                                        ]
                                                                    },
                                                                    {
                                                                        "Node Type": "Sort",
                                                                        "Parent Relationship": "Inner",
                                                                        "Parallel Aware": false,
                                                                        "Startup Cost": 287365.69,
                                                                        "Total Cost": 291699.94,
                                                                        "Plan Rows": 1733700,
                                                                        "Plan Width": 19,
                                                                        "Actual Startup Time": 1033.722,
                                                                        "Actual Total Time": 1221.329,
                                                                        "Actual Rows": 3004108,
                                                                        "Actual Loops": 5,
                                                                        "Output": [
                                                                            "n.name",
                                                                            "n.id"
                                                                        ],
                                                                        "Sort Key": [
                                                                            "n.id"
                                                                        ],
                                                                        "Sort Method": "quicksort",
                                                                        "Sort Space Used": 176730,
                                                                        "Sort Space Type": "Memory",
                                                                        "Workers": [
                                                                            {
                                                                                "Worker Number": 0,
                                                                                "Actual Startup Time": 1064.24,
                                                                                "Actual Total Time": 1248.325,
                                                                                "Actual Rows": 3004108,
                                                                                "Actual Loops": 1
                                                                            },
                                                                            {
                                                                                "Worker Number": 1,
                                                                                "Actual Startup Time": 1064.895,
                                                                                "Actual Total Time": 1248.19,
                                                                                "Actual Rows": 3004108,
                                                                                "Actual Loops": 1
                                                                            },
                                                                            {
                                                                                "Worker Number": 2,
                                                                                "Actual Startup Time": 1064.683,
                                                                                "Actual Total Time": 1247.828,
                                                                                "Actual Rows": 3004108,
                                                                                "Actual Loops": 1
                                                                            },
                                                                            {
                                                                                "Worker Number": 3,
                                                                                "Actual Startup Time": 1063.701,
                                                                                "Actual Total Time": 1249.33,
                                                                                "Actual Rows": 3004108,
                                                                                "Actual Loops": 1
                                                                            }
                                                                        ],
                                                                        "Plans": [
                                                                            {
                                                                                "Node Type": "Seq Scan",
                                                                                "Parent Relationship": "Outer",
                                                                                "Parallel Aware": false,
                                                                                "Relation Name": "name",
                                                                                "Schema": "public",
                                                                                "Alias": "n",
                                                                                "Startup Cost": 0.0,
                                                                                "Total Cost": 107707.36,
                                                                                "Plan Rows": 1733700,
                                                                                "Plan Width": 19,
                                                                                "Actual Startup Time": 0.056,
                                                                                "Actual Total Time": 493.261,
                                                                                "Actual Rows": 1739579,
                                                                                "Actual Loops": 5,
                                                                                "Output": [
                                                                                    "n.name",
                                                                                    "n.id"
                                                                                ],
                                                                                "Filter": "((n.gender)::text = 'm'::text)",
                                                                                "Rows Removed by Filter": 2427912,
                                                                                "Workers": [
                                                                                    {
                                                                                        "Worker Number": 0,
                                                                                        "Actual Startup Time": 0.044,
                                                                                        "Actual Total Time": 496.03,
                                                                                        "Actual Rows": 1739579,
                                                                                        "Actual Loops": 1
                                                                                    },
                                                                                    {
                                                                                        "Worker Number": 1,
                                                                                        "Actual Startup Time": 0.096,
                                                                                        "Actual Total Time": 494.231,
                                                                                        "Actual Rows": 1739579,
                                                                                        "Actual Loops": 1
                                                                                    },
                                                                                    {
                                                                                        "Worker Number": 2,
                                                                                        "Actual Startup Time": 0.055,
                                                                                        "Actual Total Time": 495.321,
                                                                                        "Actual Rows": 1739579,
                                                                                        "Actual Loops": 1
                                                                                    },
                                                                                    {
                                                                                        "Worker Number": 3,
                                                                                        "Actual Startup Time": 0.061,
                                                                                        "Actual Total Time": 492.479,
                                                                                        "Actual Rows": 1739579,
                                                                                        "Actual Loops": 1
                                                                                    }
                                                                                ]
                                                                            }
                                                                        ]
                                                                    }
                                                                ]
                                                            }
                                                        ]
                                                    }
                                                ]
                                            },
                                            {
                                                "Node Type": "Hash",
                                                "Parent Relationship": "Inner",
                                                "Parallel Aware": true,
                                                "Startup Cost": 198880.74,
                                                "Total Cost": 198880.74,
                                                "Plan Rows": 7869,
                                                "Plan Width": 51,
                                                "Actual Startup Time": 452.842,
                                                "Actual Total Time": 452.843,
                                                "Actual Rows": 7812,
                                                "Actual Loops": 5,
                                                "Output": [
                                                    "mi.info",
                                                    "mi.movie_id",
                                                    "mi.info_type_id"
                                                ],
                                                "Hash Buckets": 65536,
                                                "Original Hash Buckets": 65536,
                                                "Hash Batches": 1,
                                                "Original Hash Batches": 1,
                                                "Peak Memory Usage": 2432,
                                                "Workers": [
                                                    {
                                                        "Worker Number": 0,
                                                        "Actual Startup Time": 450.709,
                                                        "Actual Total Time": 450.71,
                                                        "Actual Rows": 6992,
                                                        "Actual Loops": 1
                                                    },
                                                    {
                                                        "Worker Number": 1,
                                                        "Actual Startup Time": 451.258,
                                                        "Actual Total Time": 451.258,
                                                        "Actual Rows": 6808,
                                                        "Actual Loops": 1
                                                    },
                                                    {
                                                        "Worker Number": 2,
                                                        "Actual Startup Time": 451.444,
                                                        "Actual Total Time": 451.445,
                                                        "Actual Rows": 6950,
                                                        "Actual Loops": 1
                                                    },
                                                    {
                                                        "Worker Number": 3,
                                                        "Actual Startup Time": 451.496,
                                                        "Actual Total Time": 451.497,
                                                        "Actual Rows": 6884,
                                                        "Actual Loops": 1
                                                    }
                                                ],
                                                "Plans": [
                                                    {
                                                        "Node Type": "Seq Scan",
                                                        "Parent Relationship": "Outer",
                                                        "Parallel Aware": true,
                                                        "Relation Name": "movie_info",
                                                        "Schema": "public",
                                                        "Alias": "mi",
                                                        "Startup Cost": 0.0,
                                                        "Total Cost": 198880.74,
                                                        "Plan Rows": 7869,
                                                        "Plan Width": 51,
                                                        "Actual Startup Time": 385.581,
                                                        "Actual Total Time": 449.062,
                                                        "Actual Rows": 7812,
                                                        "Actual Loops": 5,
                                                        "Output": [
                                                            "mi.info",
                                                            "mi.movie_id",
                                                            "mi.info_type_id"
                                                        ],
                                                        "Filter": "(mi.info = 'Family'::text)",
                                                        "Rows Removed by Filter": 2959332,
                                                        "Workers": [
                                                            {
                                                                "Worker Number": 0,
                                                                "Actual Startup Time": 404.946,
                                                                "Actual Total Time": 446.798,
                                                                "Actual Rows": 6992,
                                                                "Actual Loops": 1
                                                            },
                                                            {
                                                                "Worker Number": 1,
                                                                "Actual Startup Time": 297.964,
                                                                "Actual Total Time": 447.984,
                                                                "Actual Rows": 6808,
                                                                "Actual Loops": 1
                                                            },
                                                            {
                                                                "Worker Number": 2,
                                                                "Actual Startup Time": 405.701,
                                                                "Actual Total Time": 447.704,
                                                                "Actual Rows": 6950,
                                                                "Actual Loops": 1
                                                            },
                                                            {
                                                                "Worker Number": 3,
                                                                "Actual Startup Time": 405.752,
                                                                "Actual Total Time": 447.545,
                                                                "Actual Rows": 6884,
                                                                "Actual Loops": 1
                                                            }
                                                        ]
                                                    }
                                                ]
                                            }
                                        ]
                                    }
                                ]
                            },
                            {
                                "Node Type": "Bitmap Heap Scan",
                                "Parent Relationship": "Inner",
                                "Parallel Aware": false,
                                "Relation Name": "info_type",
                                "Schema": "public",
                                "Alias": "it1",
                                "Startup Cost": 0.15,
                                "Total Cost": 4.17,
                                "Plan Rows": 1,
                                "Plan Width": 4,
                                "Actual Startup Time": 0.013,
                                "Actual Total Time": 0.013,
                                "Actual Rows": 1,
                                "Actual Loops": 9,
                                "Output": [
                                    "it1.id",
                                    "it1.info"
                                ],
                                "Recheck Cond": "(it1.id = mi.info_type_id)",
                                "Rows Removed by Index Recheck": 0,
                                "Filter": "((it1.info)::text = 'genres'::text)",
                                "Rows Removed by Filter": 0,
                                "Exact Heap Blocks": 9,
                                "Lossy Heap Blocks": 0,
                                "Plans": [
                                    {
                                        "Node Type": "Bitmap Index Scan",
                                        "Parent Relationship": "Outer",
                                        "Parallel Aware": false,
                                        "Index Name": "info_type_pkey",
                                        "Startup Cost": 0.0,
                                        "Total Cost": 0.15,
                                        "Plan Rows": 1,
                                        "Plan Width": 0,
                                        "Actual Startup Time": 0.006,
                                        "Actual Total Time": 0.006,
                                        "Actual Rows": 1,
                                        "Actual Loops": 9,
                                        "Index Cond": "(it1.id = mi.info_type_id)"
                                    }
                                ]
                            }
                        ]
                    },
                    {
                        "Node Type": "Bitmap Heap Scan",
                        "Parent Relationship": "Inner",
                        "Parallel Aware": false,
                        "Relation Name": "keyword",
                        "Schema": "public",
                        "Alias": "k",
                        "Startup Cost": 0.43,
                        "Total Cost": 4.45,
                        "Plan Rows": 1,
                        "Plan Width": 4,
                        "Actual Startup Time": 0.018,
                        "Actual Total Time": 0.018,
                        "Actual Rows": 0,
                        "Actual Loops": 9,
                        "Output": [
                            "k.id",
                            "k.keyword",
                            "k.phonetic_code"
                        ],
                        "Recheck Cond": "(k.id = mk.keyword_id)",
                        "Rows Removed by Index Recheck": 0,
                        "Filter": "(k.keyword = ANY ('{female-nudity,\"10,000-mile-club\",blood,superhero,dog}'::text[]))",
                        "Rows Removed by Filter": 1,
                        "Exact Heap Blocks": 9,
                        "Lossy Heap Blocks": 0,
                        "Plans": [
                            {
                                "Node Type": "Bitmap Index Scan",
                                "Parent Relationship": "Outer",
                                "Parallel Aware": false,
                                "Index Name": "keyword_pkey",
                                "Startup Cost": 0.0,
                                "Total Cost": 0.43,
                                "Plan Rows": 1,
                                "Plan Width": 0,
                                "Actual Startup Time": 0.009,
                                "Actual Total Time": 0.009,
                                "Actual Rows": 1,
                                "Actual Loops": 9,
                                "Index Cond": "(k.id = mk.keyword_id)"
                            }
                        ]
                    }
                ]
            }
        ]
    },
    "Planning Time": 11.67,
    "Triggers": [],
    "Execution Time": 10463.972
}