{
  "Plan": {
    "Node Type": "Aggregate",
    "Strategy": "Plain",
    "Partial Mode": "Finalize",
    "Parallel Aware": false,
    "Startup Cost": 88082.17,
    "Total Cost": 88082.18,
    "Plan Rows": 1,
    "Plan Width": 8,
    "Actual Startup Time": 150.423,
    "Actual Total Time": 162.755,
    "Actual Rows": 1,
    "Actual Loops": 1,
    "Plans": [
      {
        "Node Type": "Gather",
        "Parent Relationship": "Outer",
        "Parallel Aware": false,
        "Startup Cost": 88082.06,
        "Total Cost": 88082.17,
        "Plan Rows": 1,
        "Plan Width": 8,
        "Actual Startup Time": 150.298,
        "Actual Total Time": 162.748,
        "Actual Rows": 2,
        "Actual Loops": 1,
        "Workers Planned": 1,
        "Workers Launched": 1,
        "Single Copy": false,
        "Plans": [
          {
            "Node Type": "Aggregate",
            "Strategy": "Plain",
            "Partial Mode": "Partial",
            "Parent Relationship": "Outer",
            "Parallel Aware": false,
            "Startup Cost": 87082.06,
            "Total Cost": 87082.07,
            "Plan Rows": 1,
            "Plan Width": 8,
            "Actual Startup Time": 145.208,
            "Actual Total Time": 145.21,
            "Actual Rows": 1,
            "Actual Loops": 2,
            "Plans": [
              {
                "Node Type": "Nested Loop",
                "Parent Relationship": "Outer",
                "Parallel Aware": false,
                "Join Type": "Inner",
                "Startup Cost": 0.43,
                "Total Cost": 87077.4,
                "Plan Rows": 1866,
                "Plan Width": 0,
                "Actual Startup Time": 0.724,
                "Actual Total Time": 145.073,
                "Actual Rows": 1376,
                "Actual Loops": 2,
                "Inner Unique": false,
                "Plans": [
                  {
                    "Node Type": "Seq Scan",
                    "Parent Relationship": "Outer",
                    "Parallel Aware": true,
                    "Relation Name": "title",
                    "Alias": "t",
                    "Startup Cost": 0.0,
                    "Total Cost": 58306.47,
                    "Plan Rows": 1808,
                    "Plan Width": 4,
                    "Actual Startup Time": 0.146,
                    "Actual Total Time": 138.845,
                    "Actual Rows": 1458,
                    "Actual Loops": 2,
                    "Filter": "((kind_id = 7) AND (production_year = 1951))",
                    "Rows Removed by Filter": 1262698
                  },
                  {
                    "Node Type": "Index Only Scan",
                    "Parent Relationship": "Inner",
                    "Parallel Aware": false,
                    "Scan Direction": "Forward",
                    "Index Name": "movie_id_movie_companies",
                    "Relation Name": "movie_companies",
                    "Alias": "mc",
                    "Startup Cost": 0.43,
                    "Total Cost": 15.86,
                    "Plan Rows": 5,
                    "Plan Width": 4,
                    "Actual Startup Time": 0.003,
                    "Actual Total Time": 0.004,
                    "Actual Rows": 1,
                    "Actual Loops": 2915,
                    "Index Cond": "(movie_id = t.id)",
                    "Rows Removed by Index Recheck": 0,
                    "Heap Fetches": 2751
                  }
                ]
              }
            ]
          }
        ]
      }
    ]
  },
  "Planning Time": 0.451,
  "Triggers": [],
  "Execution Time": 162.827
}