[
  {
    "Plan": {
      "Node Type": "Aggregate",
      "Strategy": "Plain",
      "Partial Mode": "Finalize",
      "Parallel Aware": false,
      "Startup Cost": 33106.72,
      "Total Cost": 33106.73,
      "Plan Rows": 1,
      "Plan Width": 8,
      "Actual Startup Time": 102.328,
      "Actual Total Time": 107.655,
      "Actual Rows": 1,
      "Actual Loops": 1,
      "Plans": [
        {
          "Node Type": "Gather",
          "Parent Relationship": "Outer",
          "Parallel Aware": false,
          "Startup Cost": 33106.4,
          "Total Cost": 33106.71,
          "Plan Rows": 3,
          "Plan Width": 8,
          "Actual Startup Time": 102.207,
          "Actual Total Time": 107.645,
          "Actual Rows": 4,
          "Actual Loops": 1,
          "Workers Planned": 3,
          "Workers Launched": 3,
          "Single Copy": false,
          "Plans": [
            {
              "Node Type": "Aggregate",
              "Strategy": "Plain",
              "Partial Mode": "Partial",
              "Parent Relationship": "Outer",
              "Parallel Aware": false,
              "Startup Cost": 32106.4,
              "Total Cost": 32106.41,
              "Plan Rows": 1,
              "Plan Width": 8,
              "Actual Startup Time": 95.242,
              "Actual Total Time": 95.243,
              "Actual Rows": 1,
              "Actual Loops": 4,
              "Plans": [
                {
                  "Node Type": "Seq Scan",
                  "Parent Relationship": "Outer",
                  "Parallel Aware": true,
                  "Relation Name": "movie_companies",
                  "Alias": "mc",
                  "Startup Cost": 0.0,
                  "Total Cost": 31414.82,
                  "Plan Rows": 276632,
                  "Plan Width": 0,
                  "Actual Startup Time": 0.035,
                  "Actual Total Time": 79.318,
                  "Actual Rows": 295551,
                  "Actual Loops": 4,
                  "Filter": "((company_id < 25746) AND (company_type_id < 2))",
                  "Rows Removed by Filter": 356732
                }
              ]
            }
          ]
        }
      ]
    },
    "Planning Time": 0.134,
    "Triggers": [],
    "Execution Time": 107.692
  }
]