[
  {
    "Plan": {
      "Node Type": "Aggregate",
      "Strategy": "Plain",
      "Partial Mode": "Finalize",
      "Parallel Aware": false,
      "Startup Cost": 348264.26,
      "Total Cost": 348264.27,
      "Plan Rows": 1,
      "Plan Width": 8,
      "Actual Startup Time": 672.976,
      "Actual Total Time": 697.531,
      "Actual Rows": 1,
      "Actual Loops": 1,
      "Plans": [
        {
          "Node Type": "Gather",
          "Parent Relationship": "Outer",
          "Parallel Aware": false,
          "Startup Cost": 348263.64,
          "Total Cost": 348264.25,
          "Plan Rows": 6,
          "Plan Width": 8,
          "Actual Startup Time": 672.891,
          "Actual Total Time": 697.526,
          "Actual Rows": 7,
          "Actual Loops": 1,
          "Workers Planned": 6,
          "Workers Launched": 6,
          "Single Copy": false,
          "Plans": [
            {
              "Node Type": "Aggregate",
              "Strategy": "Plain",
              "Partial Mode": "Partial",
              "Parent Relationship": "Outer",
              "Parallel Aware": false,
              "Startup Cost": 347263.64,
              "Total Cost": 347263.65,
              "Plan Rows": 1,
              "Plan Width": 8,
              "Actual Startup Time": 665.759,
              "Actual Total Time": 665.76,
              "Actual Rows": 1,
              "Actual Loops": 7,
              "Plans": [
                {
                  "Node Type": "Seq Scan",
                  "Parent Relationship": "Outer",
                  "Parallel Aware": true,
                  "Relation Name": "cast_info",
                  "Alias": "ci",
                  "Startup Cost": 0.0,
                  "Total Cost": 343318.94,
                  "Plan Rows": 1577879,
                  "Plan Width": 0,
                  "Actual Startup Time": 308.939,
                  "Actual Total Time": 591.737,
                  "Actual Rows": 1713611,
                  "Actual Loops": 7,
                  "Filter": "((person_id > 1458178) AND (role_id > 2))",
                  "Rows Removed by Filter": 3464153
                }
              ]
            }
          ]
        }
      ]
    },
    "Planning Time": 0.056,
    "Triggers": [],
    "Execution Time": 697.552
  }
]