[
  {
    "Plan": {
      "Node Type": "Aggregate",
      "Strategy": "Plain",
      "Partial Mode": "Finalize",
      "Parallel Aware": false,
      "Startup Cost": 46533.77,
      "Total Cost": 46533.78,
      "Plan Rows": 1,
      "Plan Width": 8,
      "Actual Startup Time": 167.873,
      "Actual Total Time": 177.147,
      "Actual Rows": 1,
      "Actual Loops": 1,
      "Plans": [
        {
          "Node Type": "Gather",
          "Parent Relationship": "Outer",
          "Parallel Aware": false,
          "Startup Cost": 46533.45,
          "Total Cost": 46533.76,
          "Plan Rows": 3,
          "Plan Width": 8,
          "Actual Startup Time": 167.773,
          "Actual Total Time": 177.139,
          "Actual Rows": 4,
          "Actual Loops": 1,
          "Workers Planned": 3,
          "Workers Launched": 3,
          "Single Copy": false,
          "Plans": [
            {
              "Node Type": "Aggregate",
              "Strategy": "Plain",
              "Partial Mode": "Partial",
              "Parent Relationship": "Outer",
              "Parallel Aware": false,
              "Startup Cost": 45533.45,
              "Total Cost": 45533.46,
              "Plan Rows": 1,
              "Plan Width": 8,
              "Actual Startup Time": 159.389,
              "Actual Total Time": 159.39,
              "Actual Rows": 1,
              "Actual Loops": 4,
              "Plans": [
                {
                  "Node Type": "Seq Scan",
                  "Parent Relationship": "Outer",
                  "Parallel Aware": true,
                  "Relation Name": "movie_keyword",
                  "Alias": "mk",
                  "Startup Cost": 0.0,
                  "Total Cost": 42695.65,
                  "Plan Rows": 1135120,
                  "Plan Width": 0,
                  "Actual Startup Time": 0.061,
                  "Actual Total Time": 119.829,
                  "Actual Rows": 880084,
                  "Actual Loops": 4,
                  "Filter": "(keyword_id < 18406)",
                  "Rows Removed by Filter": 250899
                }
              ]
            }
          ]
        }
      ]
    },
    "Planning Time": 0.16,
    "Triggers": [],
    "Execution Time": 177.197
  }
]