[
  {
    "Plan": {
      "Node Type": "Aggregate",
      "Strategy": "Plain",
      "Partial Mode": "Finalize",
      "Parallel Aware": false,
      "Startup Cost": 425329.72,
      "Total Cost": 425329.73,
      "Plan Rows": 1,
      "Plan Width": 8,
      "Actual Startup Time": 527.217,
      "Actual Total Time": 563.911,
      "Actual Rows": 1,
      "Actual Loops": 1,
      "Plans": [
        {
          "Node Type": "Gather",
          "Parent Relationship": "Outer",
          "Parallel Aware": false,
          "Startup Cost": 425329.1,
          "Total Cost": 425329.71,
          "Plan Rows": 6,
          "Plan Width": 8,
          "Actual Startup Time": 524.507,
          "Actual Total Time": 563.903,
          "Actual Rows": 7,
          "Actual Loops": 1,
          "Workers Planned": 6,
          "Workers Launched": 6,
          "Single Copy": false,
          "Plans": [
            {
              "Node Type": "Aggregate",
              "Strategy": "Plain",
              "Partial Mode": "Partial",
              "Parent Relationship": "Outer",
              "Parallel Aware": false,
              "Startup Cost": 424329.1,
              "Total Cost": 424329.11,
              "Plan Rows": 1,
              "Plan Width": 8,
              "Actual Startup Time": 512.407,
              "Actual Total Time": 512.411,
              "Actual Rows": 1,
              "Actual Loops": 7,
              "Plans": [
                {
                  "Node Type": "Nested Loop",
                  "Parent Relationship": "Outer",
                  "Parallel Aware": false,
                  "Join Type": "Inner",
                  "Startup Cost": 86473.48,
                  "Total Cost": 424109.8,
                  "Plan Rows": 87717,
                  "Plan Width": 0,
                  "Actual Startup Time": 161.617,
                  "Actual Total Time": 508.568,
                  "Actual Rows": 48257,
                  "Actual Loops": 7,
                  "Inner Unique": false,
                  "Join Filter": "(t.id = mi.movie_id)",
                  "Rows Removed by Join Filter": 0,
                  "Plans": [
                    {
                      "Node Type": "Hash Join",
                      "Parent Relationship": "Outer",
                      "Parallel Aware": true,
                      "Join Type": "Inner",
                      "Startup Cost": 86473.05,
                      "Total Cost": 343714.69,
                      "Plan Rows": 41417,
                      "Plan Width": 8,
                      "Actual Startup Time": 161.21,
                      "Actual Total Time": 266.386,
                      "Actual Rows": 22961,
                      "Actual Loops": 7,
                      "Inner Unique": true,
                      "Hash Cond": "(ci.movie_id = t.id)",
                      "Plans": [
                        {
                          "Node Type": "Bitmap Heap Scan",
                          "Parent Relationship": "Outer",
                          "Parallel Aware": true,
                          "Relation Name": "cast_info",
                          "Alias": "ci",
                          "Startup Cost": 39907.27,
                          "Total Cost": 296358.44,
                          "Plan Rows": 301134,
                          "Plan Width": 4,
                          "Actual Startup Time": 67.738,
                          "Actual Total Time": 109.255,
                          "Actual Rows": 261217,
                          "Actual Loops": 7,
                          "Recheck Cond": "(person_id < 180761)",
                          "Rows Removed by Index Recheck": 0,
                          "Exact Heap Blocks": 3799,
                          "Lossy Heap Blocks": 0,
                          "Plans": [
                            {
                              "Node Type": "Bitmap Index Scan",
                              "Parent Relationship": "Outer",
                              "Parallel Aware": false,
                              "Index Name": "person_id_cast_info",
                              "Startup Cost": 0.0,
                              "Total Cost": 39455.57,
                              "Plan Rows": 1806801,
                              "Plan Width": 0,
                              "Actual Startup Time": 64.625,
                              "Actual Total Time": 64.625,
                              "Actual Rows": 1828522,
                              "Actual Loops": 1,
                              "Index Cond": "(person_id < 180761)"
                            }
                          ]
                        },
                        {
                          "Node Type": "Hash",
                          "Parent Relationship": "Inner",
                          "Parallel Aware": true,
                          "Startup Cost": 45479.1,
                          "Total Cost": 45479.1,
                          "Plan Rows": 86934,
                          "Plan Width": 4,
                          "Actual Startup Time": 91.002,
                          "Actual Total Time": 91.003,
                          "Actual Rows": 31218,
                          "Actual Loops": 7,
                          "Hash Buckets": 524288,
                          "Original Hash Buckets": 524288,
                          "Hash Batches": 1,
                          "Original Hash Batches": 1,
                          "Peak Memory Usage": 12800,
                          "Plans": [
                            {
                              "Node Type": "Seq Scan",
                              "Parent Relationship": "Outer",
                              "Parallel Aware": true,
                              "Relation Name": "title",
                              "Alias": "t",
                              "Startup Cost": 0.0,
                              "Total Cost": 45479.1,
                              "Plan Rows": 86934,
                              "Plan Width": 4,
                              "Actual Startup Time": 0.05,
                              "Actual Total Time": 75.448,
                              "Actual Rows": 31218,
                              "Actual Loops": 7,
                              "Filter": "((kind_id > 1) AND (production_year < 1978))",
                              "Rows Removed by Filter": 329969
                            }
                          ]
                        }
                      ]
                    },
                    {
                      "Node Type": "Index Scan",
                      "Parent Relationship": "Inner",
                      "Parallel Aware": false,
                      "Scan Direction": "Forward",
                      "Index Name": "movie_id_movie_info",
                      "Relation Name": "movie_info",
                      "Alias": "mi",
                      "Startup Cost": 0.43,
                      "Total Cost": 1.75,
                      "Plan Rows": 15,
                      "Plan Width": 4,
                      "Actual Startup Time": 0.005,
                      "Actual Total Time": 0.01,
                      "Actual Rows": 2,
                      "Actual Loops": 160727,
                      "Index Cond": "(movie_id = ci.movie_id)",
                      "Rows Removed by Index Recheck": 0,
                      "Filter": "(info_type_id < 6)",
                      "Rows Removed by Filter": 5
                    }
                  ]
                }
              ]
            }
          ]
        }
      ]
    },
    "Planning Time": 1.313,
    "Triggers": [],
    "Execution Time": 564.026
  }
]