{
  "Plan": {
    "Node Type": "Aggregate",
    "Strategy": "Plain",
    "Partial Mode": "Finalize",
    "Parallel Aware": false,
    "Startup Cost": 511466.98,
    "Total Cost": 511466.99,
    "Plan Rows": 1,
    "Plan Width": 8,
    "Actual Startup Time": 2032.539,
    "Actual Total Time": 2065.227,
    "Actual Rows": 1,
    "Actual Loops": 1,
    "Plans": [
      {
        "Node Type": "Gather",
        "Parent Relationship": "Outer",
        "Parallel Aware": false,
        "Startup Cost": 511466.86,
        "Total Cost": 511466.97,
        "Plan Rows": 1,
        "Plan Width": 8,
        "Actual Startup Time": 2028.618,
        "Actual Total Time": 2065.218,
        "Actual Rows": 2,
        "Actual Loops": 1,
        "Workers Planned": 1,
        "Workers Launched": 1,
        "Single Copy": false,
        "Plans": [
          {
            "Node Type": "Aggregate",
            "Strategy": "Plain",
            "Partial Mode": "Partial",
            "Parent Relationship": "Outer",
            "Parallel Aware": false,
            "Startup Cost": 510466.86,
            "Total Cost": 510466.87,
            "Plan Rows": 1,
            "Plan Width": 8,
            "Actual Startup Time": 2021.382,
            "Actual Total Time": 2021.385,
            "Actual Rows": 1,
            "Actual Loops": 2,
            "Plans": [
              {
                "Node Type": "Hash Join",
                "Parent Relationship": "Outer",
                "Parallel Aware": true,
                "Join Type": "Inner",
                "Startup Cost": 198841.66,
                "Total Cost": 505085.78,
                "Plan Rows": 2152435,
                "Plan Width": 0,
                "Actual Startup Time": 677.254,
                "Actual Total Time": 1953.427,
                "Actual Rows": 1688727,
                "Actual Loops": 2,
                "Inner Unique": true,
                "Hash Cond": "(ci.movie_id = t.id)",
                "Plans": [
                  {
                    "Node Type": "Bitmap Heap Scan",
                    "Parent Relationship": "Outer",
                    "Parallel Aware": true,
                    "Relation Name": "cast_info",
                    "Alias": "ci",
                    "Startup Cost": 132952.79,
                    "Total Cost": 429901.86,
                    "Plan Rows": 3540966,
                    "Plan Width": 4,
                    "Actual Startup Time": 289.117,
                    "Actual Total Time": 619.36,
                    "Actual Rows": 2908440,
                    "Actual Loops": 2,
                    "Recheck Cond": "(person_id > 3062569)",
                    "Rows Removed by Index Recheck": 0,
                    "Exact Heap Blocks": 40490,
                    "Lossy Heap Blocks": 0,
                    "Plans": [
                      {
                        "Node Type": "Bitmap Index Scan",
                        "Parent Relationship": "Outer",
                        "Parallel Aware": false,
                        "Index Name": "person_id_cast_info",
                        "Startup Cost": 0.0,
                        "Total Cost": 131447.88,
                        "Plan Rows": 6019642,
                        "Plan Width": 0,
                        "Actual Startup Time": 275.237,
                        "Actual Total Time": 275.238,
                        "Actual Rows": 5816880,
                        "Actual Loops": 1,
                        "Index Cond": "(person_id > 3062569)"
                      }
                    ]
                  },
                  {
                    "Node Type": "Hash",
                    "Parent Relationship": "Inner",
                    "Parallel Aware": true,
                    "Startup Cost": 54588.39,
                    "Total Cost": 54588.39,
                    "Plan Rows": 904038,
                    "Plan Width": 4,
                    "Actual Startup Time": 373.737,
                    "Actual Total Time": 373.738,
                    "Actual Rows": 771632,
                    "Actual Loops": 2,
                    "Hash Buckets": 2097152,
                    "Original Hash Buckets": 2097152,
                    "Hash Batches": 1,
                    "Original Hash Batches": 1,
                    "Peak Memory Usage": 76800,
                    "Plans": [
                      {
                        "Node Type": "Seq Scan",
                        "Parent Relationship": "Outer",
                        "Parallel Aware": true,
                        "Relation Name": "title",
                        "Alias": "t",
                        "Startup Cost": 0.0,
                        "Total Cost": 54588.39,
                        "Plan Rows": 904038,
                        "Plan Width": 4,
                        "Actual Startup Time": 0.028,
                        "Actual Total Time": 163.079,
                        "Actual Rows": 771632,
                        "Actual Loops": 2,
                        "Filter": "(kind_id = 7)",
                        "Rows Removed by Filter": 492524
                      }
                    ]
                  }
                ]
              }
            ]
          }
        ]
      }
    ]
  },
  "Planning Time": 0.737,
  "Triggers": [],
  "Execution Time": 2065.323
}