[
  {
    "Plan": {
      "Node Type": "Aggregate",
      "Strategy": "Plain",
      "Partial Mode": "Finalize",
      "Parallel Aware": false,
      "Startup Cost": 59314.7,
      "Total Cost": 59314.71,
      "Plan Rows": 1,
      "Plan Width": 8,
      "Actual Startup Time": 104.548,
      "Actual Total Time": 118.117,
      "Actual Rows": 1,
      "Actual Loops": 1,
      "Plans": [
        {
          "Node Type": "Gather",
          "Parent Relationship": "Outer",
          "Parallel Aware": false,
          "Startup Cost": 59314.28,
          "Total Cost": 59314.69,
          "Plan Rows": 4,
          "Plan Width": 8,
          "Actual Startup Time": 104.429,
          "Actual Total Time": 118.109,
          "Actual Rows": 5,
          "Actual Loops": 1,
          "Workers Planned": 4,
          "Workers Launched": 4,
          "Single Copy": false,
          "Plans": [
            {
              "Node Type": "Aggregate",
              "Strategy": "Plain",
              "Partial Mode": "Partial",
              "Parent Relationship": "Outer",
              "Parallel Aware": false,
              "Startup Cost": 58314.28,
              "Total Cost": 58314.29,
              "Plan Rows": 1,
              "Plan Width": 8,
              "Actual Startup Time": 94.546,
              "Actual Total Time": 94.548,
              "Actual Rows": 1,
              "Actual Loops": 5,
              "Plans": [
                {
                  "Node Type": "Nested Loop",
                  "Parent Relationship": "Outer",
                  "Parallel Aware": false,
                  "Join Type": "Inner",
                  "Startup Cost": 0.43,
                  "Total Cost": 58312.28,
                  "Plan Rows": 800,
                  "Plan Width": 0,
                  "Actual Startup Time": 58.749,
                  "Actual Total Time": 94.413,
                  "Actual Rows": 1380,
                  "Actual Loops": 5,
                  "Inner Unique": false,
                  "Plans": [
                    {
                      "Node Type": "Seq Scan",
                      "Parent Relationship": "Outer",
                      "Parallel Aware": true,
                      "Relation Name": "title",
                      "Alias": "t",
                      "Startup Cost": 0.0,
                      "Total Cost": 45479.1,
                      "Plan Rows": 818,
                      "Plan Width": 4,
                      "Actual Startup Time": 57.722,
                      "Actual Total Time": 85.058,
                      "Actual Rows": 758,
                      "Actual Loops": 5,
                      "Filter": "((kind_id = 1) AND (production_year = 1966))",
                      "Rows Removed by Filter": 504904
                    },
                    {
                      "Node Type": "Index Scan",
                      "Parent Relationship": "Inner",
                      "Parallel Aware": false,
                      "Scan Direction": "Forward",
                      "Index Name": "movie_id_movie_companies",
                      "Relation Name": "movie_companies",
                      "Alias": "mc",
                      "Startup Cost": 0.43,
                      "Total Cost": 15.64,
                      "Plan Rows": 5,
                      "Plan Width": 4,
                      "Actual Startup Time": 0.01,
                      "Actual Total Time": 0.012,
                      "Actual Rows": 2,
                      "Actual Loops": 3792,
                      "Index Cond": "(movie_id = t.id)",
                      "Rows Removed by Index Recheck": 0,
                      "Filter": "(company_id < 139992)",
                      "Rows Removed by Filter": 0
                    }
                  ]
                }
              ]
            }
          ]
        }
      ]
    },
    "Planning Time": 0.669,
    "Triggers": [],
    "Execution Time": 118.191
  }
]