[
  {
    "Plan": {
      "Node Type": "Aggregate",
      "Strategy": "Plain",
      "Partial Mode": "Finalize",
      "Parallel Aware": false,
      "Startup Cost": 327032.62,
      "Total Cost": 327032.63,
      "Plan Rows": 1,
      "Plan Width": 8,
      "Actual Startup Time": 496.25,
      "Actual Total Time": 529.776,
      "Actual Rows": 1,
      "Actual Loops": 1,
      "Plans": [
        {
          "Node Type": "Gather",
          "Parent Relationship": "Outer",
          "Parallel Aware": false,
          "Startup Cost": 327031.99,
          "Total Cost": 327032.6,
          "Plan Rows": 6,
          "Plan Width": 8,
          "Actual Startup Time": 496.103,
          "Actual Total Time": 529.758,
          "Actual Rows": 7,
          "Actual Loops": 1,
          "Workers Planned": 6,
          "Workers Launched": 6,
          "Single Copy": false,
          "Plans": [
            {
              "Node Type": "Aggregate",
              "Strategy": "Plain",
              "Partial Mode": "Partial",
              "Parent Relationship": "Outer",
              "Parallel Aware": false,
              "Startup Cost": 326031.99,
              "Total Cost": 326032.01,
              "Plan Rows": 1,
              "Plan Width": 8,
              "Actual Startup Time": 487.983,
              "Actual Total Time": 487.984,
              "Actual Rows": 1,
              "Actual Loops": 7,
              "Plans": [
                {
                  "Node Type": "Index Scan",
                  "Parent Relationship": "Outer",
                  "Parallel Aware": true,
                  "Scan Direction": "Forward",
                  "Index Name": "role_id_cast_info",
                  "Relation Name": "cast_info",
                  "Alias": "ci",
                  "Startup Cost": 0.56,
                  "Total Cost": 325153.08,
                  "Plan Rows": 351565,
                  "Plan Width": 0,
                  "Actual Startup Time": 0.145,
                  "Actual Total Time": 437.756,
                  "Actual Rows": 858568,
                  "Actual Loops": 7,
                  "Index Cond": "(role_id > 3)",
                  "Rows Removed by Index Recheck": 0,
                  "Filter": "(person_id > 3026759)",
                  "Rows Removed by Filter": 871952
                }
              ]
            }
          ]
        }
      ]
    },
    "Planning Time": 0.234,
    "Triggers": [],
    "Execution Time": 529.841
  }
]