[
    {
        "Bao": {
            "Bao prediction": 471.73,
            "Bao recommended hint": "SET enable_mergejoin TO off; SET enable_indexscan TO off; "
        }
    },
    {
        "Plan": {
            "Node Type": "Aggregate",
            "Strategy": "Plain",
            "Partial Mode": "Finalize",
            "Parallel Aware": false,
            "Startup Cost": 347545.11,
            "Total Cost": 347545.12,
            "Plan Rows": 1,
            "Plan Width": 8,
            "Actual Startup Time": 706.996,
            "Actual Total Time": 740.481,
            "Actual Rows": 1,
            "Actual Loops": 1,
            "Output": [
                "count(*)"
            ],
            "Plans": [
                {
                    "Node Type": "Gather",
                    "Parent Relationship": "Outer",
                    "Parallel Aware": false,
                    "Startup Cost": 347544.49,
                    "Total Cost": 347545.1,
                    "Plan Rows": 6,
                    "Plan Width": 8,
                    "Actual Startup Time": 706.869,
                    "Actual Total Time": 740.472,
                    "Actual Rows": 7,
                    "Actual Loops": 1,
                    "Output": [
                        "(PARTIAL count(*))"
                    ],
                    "Workers Planned": 6,
                    "Workers Launched": 6,
                    "Single Copy": false,
                    "Plans": [
                        {
                            "Node Type": "Aggregate",
                            "Strategy": "Plain",
                            "Partial Mode": "Partial",
                            "Parent Relationship": "Outer",
                            "Parallel Aware": false,
                            "Startup Cost": 346544.49,
                            "Total Cost": 346544.5,
                            "Plan Rows": 1,
                            "Plan Width": 8,
                            "Actual Startup Time": 697.53,
                            "Actual Total Time": 697.531,
                            "Actual Rows": 1,
                            "Actual Loops": 7,
                            "Output": [
                                "PARTIAL count(*)"
                            ],
                            "Workers": [
                                {
                                    "Worker Number": 0,
                                    "Actual Startup Time": 695.393,
                                    "Actual Total Time": 695.394,
                                    "Actual Rows": 1,
                                    "Actual Loops": 1
                                },
                                {
                                    "Worker Number": 1,
                                    "Actual Startup Time": 695.672,
                                    "Actual Total Time": 695.673,
                                    "Actual Rows": 1,
                                    "Actual Loops": 1
                                },
                                {
                                    "Worker Number": 2,
                                    "Actual Startup Time": 696.025,
                                    "Actual Total Time": 696.026,
                                    "Actual Rows": 1,
                                    "Actual Loops": 1
                                },
                                {
                                    "Worker Number": 3,
                                    "Actual Startup Time": 696.26,
                                    "Actual Total Time": 696.262,
                                    "Actual Rows": 1,
                                    "Actual Loops": 1
                                },
                                {
                                    "Worker Number": 4,
                                    "Actual Startup Time": 696.649,
                                    "Actual Total Time": 696.65,
                                    "Actual Rows": 1,
                                    "Actual Loops": 1
                                },
                                {
                                    "Worker Number": 5,
                                    "Actual Startup Time": 696.66,
                                    "Actual Total Time": 696.66,
                                    "Actual Rows": 1,
                                    "Actual Loops": 1
                                }
                            ],
                            "Plans": [
                                {
                                    "Node Type": "Seq Scan",
                                    "Parent Relationship": "Outer",
                                    "Parallel Aware": true,
                                    "Relation Name": "cast_info",
                                    "Schema": "public",
                                    "Alias": "ci",
                                    "Startup Cost": 0.0,
                                    "Total Cost": 343318.94,
                                    "Plan Rows": 1290220,
                                    "Plan Width": 0,
                                    "Actual Startup Time": 194.774,
                                    "Actual Total Time": 678.851,
                                    "Actual Rows": 339902,
                                    "Actual Loops": 7,
                                    "Output": [
                                        "id",
                                        "person_id",
                                        "movie_id",
                                        "person_role_id",
                                        "note",
                                        "nr_order",
                                        "role_id"
                                    ],
                                    "Filter": "((ci.person_id > 1403543) AND (ci.role_id = 1))",
                                    "Rows Removed by Filter": 4837862,
                                    "Workers": [
                                        {
                                            "Worker Number": 0,
                                            "Actual Startup Time": 192.634,
                                            "Actual Total Time": 676.905,
                                            "Actual Rows": 280503,
                                            "Actual Loops": 1
                                        },
                                        {
                                            "Worker Number": 1,
                                            "Actual Startup Time": 192.915,
                                            "Actual Total Time": 677.174,
                                            "Actual Rows": 280647,
                                            "Actual Loops": 1
                                        },
                                        {
                                            "Worker Number": 2,
                                            "Actual Startup Time": 193.282,
                                            "Actual Total Time": 677.541,
                                            "Actual Rows": 280202,
                                            "Actual Loops": 1
                                        },
                                        {
                                            "Worker Number": 3,
                                            "Actual Startup Time": 193.499,
                                            "Actual Total Time": 677.796,
                                            "Actual Rows": 454959,
                                            "Actual Loops": 1
                                        },
                                        {
                                            "Worker Number": 4,
                                            "Actual Startup Time": 193.903,
                                            "Actual Total Time": 678.095,
                                            "Actual Rows": 281152,
                                            "Actual Loops": 1
                                        },
                                        {
                                            "Worker Number": 5,
                                            "Actual Startup Time": 193.9,
                                            "Actual Total Time": 678.238,
                                            "Actual Rows": 279554,
                                            "Actual Loops": 1
                                        }
                                    ]
                                }
                            ]
                        }
                    ]
                }
            ]
        },
        "Planning Time": 282.862,
        "Triggers": [],
        "Execution Time": 740.564
    }
]