[
  {
    "Plan": {
      "Node Type": "Aggregate",
      "Strategy": "Plain",
      "Partial Mode": "Simple",
      "Parallel Aware": false,
      "Startup Cost": 10310.47,
      "Total Cost": 10310.48,
      "Plan Rows": 1,
      "Plan Width": 128,
      "Actual Startup Time": 117.525,
      "Actual Total Time": 117.615,
      "Actual Rows": 1,
      "Actual Loops": 1,
      "Plans": [
        {
          "Node Type": "Nested Loop",
          "Parent Relationship": "Outer",
          "Parallel Aware": false,
          "Join Type": "Inner",
          "Startup Cost": 1003.85,
          "Total Cost": 10310.46,
          "Plan Rows": 1,
          "Plan Width": 80,
          "Actual Startup Time": 25.988,
          "Actual Total Time": 117.59,
          "Actual Rows": 11,
          "Actual Loops": 1,
          "Inner Unique": true,
          "Plans": [
            {
              "Node Type": "Nested Loop",
              "Parent Relationship": "Outer",
              "Parallel Aware": false,
              "Join Type": "Inner",
              "Startup Cost": 1003.42,
              "Total Cost": 10309.78,
              "Plan Rows": 1,
              "Plan Width": 69,
              "Actual Startup Time": 25.921,
              "Actual Total Time": 117.323,
              "Actual Rows": 14,
              "Actual Loops": 1,
              "Inner Unique": true,
              "Plans": [
                {
                  "Node Type": "Nested Loop",
                  "Parent Relationship": "Outer",
                  "Parallel Aware": false,
                  "Join Type": "Inner",
                  "Startup Cost": 1003.0,
                  "Total Cost": 10309.32,
                  "Plan Rows": 1,
                  "Plan Width": 73,
                  "Actual Startup Time": 24.016,
                  "Actual Total Time": 113.821,
                  "Actual Rows": 481,
                  "Actual Loops": 1,
                  "Inner Unique": true,
                  "Plans": [
                    {
                      "Node Type": "Nested Loop",
                      "Parent Relationship": "Outer",
                      "Parallel Aware": false,
                      "Join Type": "Inner",
                      "Startup Cost": 1002.86,
                      "Total Cost": 10309.14,
                      "Plan Rows": 1,
                      "Plan Width": 77,
                      "Actual Startup Time": 23.836,
                      "Actual Total Time": 111.879,
                      "Actual Rows": 1173,
                      "Actual Loops": 1,
                      "Inner Unique": false,
                      "Join Filter": "(t.id = mi.movie_id)",
                      "Rows Removed by Join Filter": 0,
                      "Plans": [
                        {
                          "Node Type": "Nested Loop",
                          "Parent Relationship": "Outer",
                          "Parallel Aware": false,
                          "Join Type": "Inner",
                          "Startup Cost": 1002.43,
                          "Total Cost": 10307.68,
                          "Plan Rows": 1,
                          "Plan Width": 50,
                          "Actual Startup Time": 23.4,
                          "Actual Total Time": 80.782,
                          "Actual Rows": 481,
                          "Actual Loops": 1,
                          "Inner Unique": false,
                          "Join Filter": "(t.id = ci.movie_id)",
                          "Rows Removed by Join Filter": 0,
                          "Plans": [
                            {
                              "Node Type": "Nested Loop",
                              "Parent Relationship": "Outer",
                              "Parallel Aware": false,
                              "Join Type": "Inner",
                              "Startup Cost": 1001.86,
                              "Total Cost": 10305.93,
                              "Plan Rows": 1,
                              "Plan Width": 42,
                              "Actual Startup Time": 22.573,
                              "Actual Total Time": 61.11,
                              "Actual Rows": 417,
                              "Actual Loops": 1,
                              "Inner Unique": false,
                              "Join Filter": "(t.id = mk.movie_id)",
                              "Rows Removed by Join Filter": 0,
                              "Plans": [
                                {
                                  "Node Type": "Nested Loop",
                                  "Parent Relationship": "Outer",
                                  "Parallel Aware": false,
                                  "Join Type": "Inner",
                                  "Startup Cost": 1001.43,
                                  "Total Cost": 10303.99,
                                  "Plan Rows": 1,
                                  "Plan Width": 34,
                                  "Actual Startup Time": 22.449,
                                  "Actual Total Time": 60.625,
                                  "Actual Rows": 3,
                                  "Actual Loops": 1,
                                  "Inner Unique": true,
                                  "Plans": [
                                    {
                                      "Node Type": "Gather",
                                      "Parent Relationship": "Outer",
                                      "Parallel Aware": false,
                                      "Startup Cost": 1001.0,
                                      "Total Cost": 10303.4,
                                      "Plan Rows": 1,
                                      "Plan Width": 13,
                                      "Actual Startup Time": 13.246,
                                      "Actual Total Time": 48.131,
                                      "Actual Rows": 796,
                                      "Actual Loops": 1,
                                      "Workers Planned": 1,
                                      "Workers Launched": 1,
                                      "Single Copy": false,
                                      "Plans": [
                                        {
                                          "Node Type": "Nested Loop",
                                          "Parent Relationship": "Outer",
                                          "Parallel Aware": false,
                                          "Join Type": "Inner",
                                          "Startup Cost": 1.0,
                                          "Total Cost": 9303.3,
                                          "Plan Rows": 1,
                                          "Plan Width": 13,
                                          "Actual Startup Time": 31.039,
                                          "Actual Total Time": 48.319,
                                          "Actual Rows": 398,
                                          "Actual Loops": 2,
                                          "Inner Unique": true,
                                          "Plans": [
                                            {
                                              "Node Type": "Nested Loop",
                                              "Parent Relationship": "Outer",
                                              "Parallel Aware": false,
                                              "Join Type": "Inner",
                                              "Startup Cost": 0.86,
                                              "Total Cost": 9302.96,
                                              "Plan Rows": 2,
                                              "Plan Width": 17,
                                              "Actual Startup Time": 31.028,
                                              "Actual Total Time": 45.736,
                                              "Actual Rows": 1200,
                                              "Actual Loops": 2,
                                              "Inner Unique": false,
                                              "Plans": [
                                                {
                                                  "Node Type": "Nested Loop",
                                                  "Parent Relationship": "Outer",
                                                  "Parallel Aware": false,
                                                  "Join Type": "Inner",
                                                  "Startup Cost": 0.43,
                                                  "Total Cost": 9294.44,
                                                  "Plan Rows": 1,
                                                  "Plan Width": 4,
                                                  "Actual Startup Time": 30.966,
                                                  "Actual Total Time": 38.958,
                                                  "Actual Rows": 399,
                                                  "Actual Loops": 2,
                                                  "Inner Unique": false,
                                                  "Plans": [
                                                    {
                                                      "Node Type": "Seq Scan",
                                                      "Parent Relationship": "Outer",
                                                      "Parallel Aware": true,
                                                      "Relation Name": "company_name",
                                                      "Alias": "cn",
                                                      "Startup Cost": 0.0,
                                                      "Total Cost": 4722.92,
                                                      "Plan Rows": 14,
                                                      "Plan Width": 4,
                                                      "Actual Startup Time": 0.303,
                                                      "Actual Total Time": 20.822,
                                                      "Actual Rows": 90,
                                                      "Actual Loops": 2,
                                                      "Filter": "(name ~~ 'Image%'::text)",
                                                      "Rows Removed by Filter": 117409
                                                    },
                                                    {
                                                      "Node Type": "Index Scan",
                                                      "Parent Relationship": "Inner",
                                                      "Parallel Aware": false,
                                                      "Scan Direction": "Forward",
                                                      "Index Name": "company_id_movie_companies",
                                                      "Relation Name": "movie_companies",
                                                      "Alias": "mc",
                                                      "Startup Cost": 0.43,
                                                      "Total Cost": 326.53,
                                                      "Plan Rows": 1,
                                                      "Plan Width": 8,
                                                      "Actual Startup Time": 0.14,
                                                      "Actual Total Time": 0.2,
                                                      "Actual Rows": 4,
                                                      "Actual Loops": 179,
                                                      "Index Cond": "(company_id = cn.id)",
                                                      "Rows Removed by Index Recheck": 0,
                                                      "Filter": "(note ~~ '%(laserdisc)%'::text)",
                                                      "Rows Removed by Filter": 24
                                                    }
                                                  ]
                                                },
                                                {
                                                  "Node Type": "Index Scan",
                                                  "Parent Relationship": "Inner",
                                                  "Parallel Aware": false,
                                                  "Scan Direction": "Forward",
                                                  "Index Name": "movie_id_movie_info_idx",
                                                  "Relation Name": "movie_info_idx",
                                                  "Alias": "mi_idx",
                                                  "Startup Cost": 0.43,
                                                  "Total Cost": 8.49,
                                                  "Plan Rows": 3,
                                                  "Plan Width": 13,
                                                  "Actual Startup Time": 0.015,
                                                  "Actual Total Time": 0.016,
                                                  "Actual Rows": 3,
                                                  "Actual Loops": 798,
                                                  "Index Cond": "(movie_id = mc.movie_id)",
                                                  "Rows Removed by Index Recheck": 0
                                                }
                                              ]
                                            },
                                            {
                                              "Node Type": "Index Scan",
                                              "Parent Relationship": "Inner",
                                              "Parallel Aware": false,
                                              "Scan Direction": "Forward",
                                              "Index Name": "info_type_pkey",
                                              "Relation Name": "info_type",
                                              "Alias": "it2",
                                              "Startup Cost": 0.14,
                                              "Total Cost": 0.16,
                                              "Plan Rows": 1,
                                              "Plan Width": 4,
                                              "Actual Startup Time": 0.002,
                                              "Actual Total Time": 0.002,
                                              "Actual Rows": 0,
                                              "Actual Loops": 2399,
                                              "Index Cond": "(id = mi_idx.info_type_id)",
                                              "Rows Removed by Index Recheck": 0,
                                              "Filter": "((info)::text = 'votes'::text)",
                                              "Rows Removed by Filter": 1
                                            }
                                          ]
                                        }
                                      ]
                                    },
                                    {
                                      "Node Type": "Index Scan",
                                      "Parent Relationship": "Inner",
                                      "Parallel Aware": false,
                                      "Scan Direction": "Forward",
                                      "Index Name": "title_pkey",
                                      "Relation Name": "title",
                                      "Alias": "t",
                                      "Startup Cost": 0.43,
                                      "Total Cost": 0.59,
                                      "Plan Rows": 1,
                                      "Plan Width": 21,
                                      "Actual Startup Time": 0.015,
                                      "Actual Total Time": 0.015,
                                      "Actual Rows": 0,
                                      "Actual Loops": 796,
                                      "Index Cond": "(id = mi_idx.movie_id)",
                                      "Rows Removed by Index Recheck": 0,
                                      "Filter": "((production_year > 1983) AND ((title ~~ '%Freddy%'::text) OR (title ~~ '%Jason%'::text) OR (title ~~ 'Saw%'::text)))",
                                      "Rows Removed by Filter": 1
                                    }
                                  ]
                                },
                                {
                                  "Node Type": "Index Scan",
                                  "Parent Relationship": "Inner",
                                  "Parallel Aware": false,
                                  "Scan Direction": "Forward",
                                  "Index Name": "movie_id_movie_keyword",
                                  "Relation Name": "movie_keyword",
                                  "Alias": "mk",
                                  "Startup Cost": 0.43,
                                  "Total Cost": 1.37,
                                  "Plan Rows": 46,
                                  "Plan Width": 8,
                                  "Actual Startup Time": 0.081,
                                  "Actual Total Time": 0.123,
                                  "Actual Rows": 139,
                                  "Actual Loops": 3,
                                  "Index Cond": "(movie_id = mi_idx.movie_id)",
                                  "Rows Removed by Index Recheck": 0
                                }
                              ]
                            },
                            {
                              "Node Type": "Index Scan",
                              "Parent Relationship": "Inner",
                              "Parallel Aware": false,
                              "Scan Direction": "Forward",
                              "Index Name": "movie_id_cast_info",
                              "Relation Name": "cast_info",
                              "Alias": "ci",
                              "Startup Cost": 0.56,
                              "Total Cost": 1.73,
                              "Plan Rows": 1,
                              "Plan Width": 8,
                              "Actual Startup Time": 0.026,
                              "Actual Total Time": 0.046,
                              "Actual Rows": 1,
                              "Actual Loops": 417,
                              "Index Cond": "(movie_id = mk.movie_id)",
                              "Rows Removed by Index Recheck": 0,
                              "Filter": "(note = ANY ('{(writer),\"(head writer)\",\"(written by)\",(story),\"(story editor)\"}'::text[]))",
                              "Rows Removed by Filter": 64
                            }
                          ]
                        },
                        {
                          "Node Type": "Index Scan",
                          "Parent Relationship": "Inner",
                          "Parallel Aware": false,
                          "Scan Direction": "Forward",
                          "Index Name": "movie_id_movie_info",
                          "Relation Name": "movie_info",
                          "Alias": "mi",
                          "Startup Cost": 0.43,
                          "Total Cost": 1.45,
                          "Plan Rows": 1,
                          "Plan Width": 51,
                          "Actual Startup Time": 0.049,
                          "Actual Total Time": 0.064,
                          "Actual Rows": 2,
                          "Actual Loops": 481,
                          "Index Cond": "(movie_id = mk.movie_id)",
                          "Rows Removed by Index Recheck": 0,
                          "Filter": "(info = ANY ('{Sci-Fi,Horror}'::text[]))",
                          "Rows Removed by Filter": 226
                        }
                      ]
                    },
                    {
                      "Node Type": "Index Scan",
                      "Parent Relationship": "Inner",
                      "Parallel Aware": false,
                      "Scan Direction": "Forward",
                      "Index Name": "info_type_pkey",
                      "Relation Name": "info_type",
                      "Alias": "it1",
                      "Startup Cost": 0.14,
                      "Total Cost": 0.16,
                      "Plan Rows": 1,
                      "Plan Width": 4,
                      "Actual Startup Time": 0.001,
                      "Actual Total Time": 0.001,
                      "Actual Rows": 0,
                      "Actual Loops": 1173,
                      "Index Cond": "(id = mi.info_type_id)",
                      "Rows Removed by Index Recheck": 0,
                      "Filter": "((info)::text = 'genres'::text)",
                      "Rows Removed by Filter": 1
                    }
                  ]
                },
                {
                  "Node Type": "Index Scan",
                  "Parent Relationship": "Inner",
                  "Parallel Aware": false,
                  "Scan Direction": "Forward",
                  "Index Name": "keyword_pkey",
                  "Relation Name": "keyword",
                  "Alias": "k",
                  "Startup Cost": 0.42,
                  "Total Cost": 0.45,
                  "Plan Rows": 1,
                  "Plan Width": 4,
                  "Actual Startup Time": 0.007,
                  "Actual Total Time": 0.007,
                  "Actual Rows": 0,
                  "Actual Loops": 481,
                  "Index Cond": "(id = mk.keyword_id)",
                  "Rows Removed by Index Recheck": 0,
                  "Filter": "(keyword = ANY ('{murder,violence,blood,gore,death,female-nudity,hospital}'::text[]))",
                  "Rows Removed by Filter": 1
                }
              ]
            },
            {
              "Node Type": "Index Scan",
              "Parent Relationship": "Inner",
              "Parallel Aware": false,
              "Scan Direction": "Forward",
              "Index Name": "name_pkey",
              "Relation Name": "name",
              "Alias": "n",
              "Startup Cost": 0.43,
              "Total Cost": 0.69,
              "Plan Rows": 1,
              "Plan Width": 19,
              "Actual Startup Time": 0.018,
              "Actual Total Time": 0.018,
              "Actual Rows": 1,
              "Actual Loops": 14,
              "Index Cond": "(id = ci.person_id)",
              "Rows Removed by Index Recheck": 0,
              "Filter": "((gender)::text = 'm'::text)",
              "Rows Removed by Filter": 0
            }
          ]
        }
      ]
    },
    "Planning Time": 86.443,
    "Triggers": [],
    "Execution Time": 118.043
  }
]