[
  {
    "Plan": {
      "Node Type": "Aggregate",
      "Strategy": "Plain",
      "Partial Mode": "Finalize",
      "Parallel Aware": false,
      "Startup Cost": 83627.09,
      "Total Cost": 83627.1,
      "Plan Rows": 1,
      "Plan Width": 8,
      "Actual Startup Time": 174.891,
      "Actual Total Time": 187.631,
      "Actual Rows": 1,
      "Actual Loops": 1,
      "Plans": [
        {
          "Node Type": "Gather",
          "Parent Relationship": "Outer",
          "Parallel Aware": false,
          "Startup Cost": 83626.78,
          "Total Cost": 83627.09,
          "Plan Rows": 3,
          "Plan Width": 8,
          "Actual Startup Time": 173.939,
          "Actual Total Time": 187.62,
          "Actual Rows": 4,
          "Actual Loops": 1,
          "Workers Planned": 3,
          "Workers Launched": 3,
          "Single Copy": false,
          "Plans": [
            {
              "Node Type": "Aggregate",
              "Strategy": "Plain",
              "Partial Mode": "Partial",
              "Parent Relationship": "Outer",
              "Parallel Aware": false,
              "Startup Cost": 82626.78,
              "Total Cost": 82626.79,
              "Plan Rows": 1,
              "Plan Width": 8,
              "Actual Startup Time": 166.799,
              "Actual Total Time": 166.802,
              "Actual Rows": 1,
              "Actual Loops": 4,
              "Plans": [
                {
                  "Node Type": "Hash Join",
                  "Parent Relationship": "Outer",
                  "Parallel Aware": true,
                  "Join Type": "Inner",
                  "Startup Cost": 38923.29,
                  "Total Cost": 82593.86,
                  "Plan Rows": 13168,
                  "Plan Width": 0,
                  "Actual Startup Time": 69.065,
                  "Actual Total Time": 165.146,
                  "Actual Rows": 37034,
                  "Actual Loops": 4,
                  "Inner Unique": true,
                  "Hash Cond": "(mk.movie_id = t.id)",
                  "Plans": [
                    {
                      "Node Type": "Seq Scan",
                      "Parent Relationship": "Outer",
                      "Parallel Aware": true,
                      "Relation Name": "movie_keyword",
                      "Alias": "mk",
                      "Startup Cost": 0.0,
                      "Total Cost": 42695.65,
                      "Plan Rows": 371394,
                      "Plan Width": 4,
                      "Actual Startup Time": 1.105,
                      "Actual Total Time": 87.736,
                      "Actual Rows": 289476,
                      "Actual Loops": 4,
                      "Filter": "(keyword_id > 16131)",
                      "Rows Removed by Filter": 841507
                    },
                    {
                      "Node Type": "Hash",
                      "Parent Relationship": "Inner",
                      "Parallel Aware": true,
                      "Startup Cost": 38643.14,
                      "Total Cost": 38643.14,
                      "Plan Rows": 22412,
                      "Plan Width": 4,
                      "Actual Startup Time": 46.311,
                      "Actual Total Time": 46.312,
                      "Actual Rows": 29126,
                      "Actual Loops": 4,
                      "Hash Buckets": 131072,
                      "Original Hash Buckets": 131072,
                      "Hash Batches": 1,
                      "Original Hash Batches": 1,
                      "Peak Memory Usage": 5664,
                      "Plans": [
                        {
                          "Node Type": "Bitmap Heap Scan",
                          "Parent Relationship": "Outer",
                          "Parallel Aware": true,
                          "Relation Name": "title",
                          "Alias": "t",
                          "Startup Cost": 2189.71,
                          "Total Cost": 38643.14,
                          "Plan Rows": 22412,
                          "Plan Width": 4,
                          "Actual Startup Time": 5.743,
                          "Actual Total Time": 36.751,
                          "Actual Rows": 29126,
                          "Actual Loops": 4,
                          "Recheck Cond": "(kind_id = 4)",
                          "Rows Removed by Index Recheck": 0,
                          "Filter": "(production_year > 1985)",
                          "Rows Removed by Filter": 432,
                          "Exact Heap Blocks": 6538,
                          "Lossy Heap Blocks": 0,
                          "Plans": [
                            {
                              "Node Type": "Bitmap Index Scan",
                              "Parent Relationship": "Outer",
                              "Parallel Aware": false,
                              "Index Name": "kind_id_title",
                              "Startup Cost": 0.0,
                              "Total Cost": 2167.3,
                              "Plan Rows": 121449,
                              "Plan Width": 0,
                              "Actual Startup Time": 8.738,
                              "Actual Total Time": 8.739,
                              "Actual Rows": 118234,
                              "Actual Loops": 1,
                              "Index Cond": "(kind_id = 4)"
                            }
                          ]
                        }
                      ]
                    }
                  ]
                }
              ]
            }
          ]
        }
      ]
    },
    "Planning Time": 0.308,
    "Triggers": [],
    "Execution Time": 187.682
  }
]