[
  {
    "Plan": {
      "Node Type": "Aggregate",
      "Strategy": "Plain",
      "Partial Mode": "Finalize",
      "Parallel Aware": false,
      "Startup Cost": 44813.0,
      "Total Cost": 44813.01,
      "Plan Rows": 1,
      "Plan Width": 8,
      "Actual Startup Time": 135.811,
      "Actual Total Time": 146.056,
      "Actual Rows": 1,
      "Actual Loops": 1,
      "Plans": [
        {
          "Node Type": "Gather",
          "Parent Relationship": "Outer",
          "Parallel Aware": false,
          "Startup Cost": 44812.68,
          "Total Cost": 44812.99,
          "Plan Rows": 3,
          "Plan Width": 8,
          "Actual Startup Time": 135.704,
          "Actual Total Time": 146.047,
          "Actual Rows": 4,
          "Actual Loops": 1,
          "Workers Planned": 3,
          "Workers Launched": 3,
          "Single Copy": false,
          "Plans": [
            {
              "Node Type": "Aggregate",
              "Strategy": "Plain",
              "Partial Mode": "Partial",
              "Parent Relationship": "Outer",
              "Parallel Aware": false,
              "Startup Cost": 43812.68,
              "Total Cost": 43812.69,
              "Plan Rows": 1,
              "Plan Width": 8,
              "Actual Startup Time": 129.012,
              "Actual Total Time": 129.013,
              "Actual Rows": 1,
              "Actual Loops": 4,
              "Plans": [
                {
                  "Node Type": "Seq Scan",
                  "Parent Relationship": "Outer",
                  "Parallel Aware": true,
                  "Relation Name": "movie_keyword",
                  "Alias": "mk",
                  "Startup Cost": 0.0,
                  "Total Cost": 42695.65,
                  "Plan Rows": 446811,
                  "Plan Width": 0,
                  "Actual Startup Time": 0.051,
                  "Actual Total Time": 111.471,
                  "Actual Rows": 348243,
                  "Actual Loops": 4,
                  "Filter": "(keyword_id < 1880)",
                  "Rows Removed by Filter": 782740
                }
              ]
            }
          ]
        }
      ]
    },
    "Planning Time": 0.183,
    "Triggers": [],
    "Execution Time": 146.112
  }
]