{
  "Plan": {
    "Node Type": "Aggregate",
    "Strategy": "Plain",
    "Partial Mode": "Simple",
    "Parallel Aware": false,
    "Startup Cost": 1338.99,
    "Total Cost": 1339.0,
    "Plan Rows": 1,
    "Plan Width": 8,
    "Actual Startup Time": 30.28,
    "Actual Total Time": 30.282,
    "Actual Rows": 1,
    "Actual Loops": 1,
    "Plans": [
      {
        "Node Type": "Nested Loop",
        "Parent Relationship": "Outer",
        "Parallel Aware": false,
        "Join Type": "Inner",
        "Startup Cost": 1.29,
        "Total Cost": 1338.03,
        "Plan Rows": 386,
        "Plan Width": 0,
        "Actual Startup Time": 0.134,
        "Actual Total Time": 29.835,
        "Actual Rows": 3117,
        "Actual Loops": 1,
        "Inner Unique": false,
        "Plans": [
          {
            "Node Type": "Nested Loop",
            "Parent Relationship": "Outer",
            "Parallel Aware": false,
            "Join Type": "Inner",
            "Startup Cost": 0.86,
            "Total Cost": 1143.66,
            "Plan Rows": 103,
            "Plan Width": 8,
            "Actual Startup Time": 0.1,
            "Actual Total Time": 13.56,
            "Actual Rows": 1876,
            "Actual Loops": 1,
            "Inner Unique": true,
            "Plans": [
              {
                "Node Type": "Index Scan",
                "Parent Relationship": "Outer",
                "Parallel Aware": false,
                "Scan Direction": "Forward",
                "Index Name": "company_id_movie_companies",
                "Relation Name": "movie_companies",
                "Alias": "mc",
                "Startup Cost": 0.43,
                "Total Cost": 273.57,
                "Plan Rows": 103,
                "Plan Width": 4,
                "Actual Startup Time": 0.072,
                "Actual Total Time": 1.795,
                "Actual Rows": 1876,
                "Actual Loops": 1,
                "Index Cond": "(company_id = 448)",
                "Rows Removed by Index Recheck": 0
              },
              {
                "Node Type": "Index Only Scan",
                "Parent Relationship": "Inner",
                "Parallel Aware": false,
                "Scan Direction": "Forward",
                "Index Name": "title_pkey",
                "Relation Name": "title",
                "Alias": "t",
                "Startup Cost": 0.43,
                "Total Cost": 8.45,
                "Plan Rows": 1,
                "Plan Width": 4,
                "Actual Startup Time": 0.005,
                "Actual Total Time": 0.005,
                "Actual Rows": 1,
                "Actual Loops": 1876,
                "Index Cond": "(id = mc.movie_id)",
                "Rows Removed by Index Recheck": 0,
                "Heap Fetches": 1876
              }
            ]
          },
          {
            "Node Type": "Index Scan",
            "Parent Relationship": "Inner",
            "Parallel Aware": false,
            "Scan Direction": "Forward",
            "Index Name": "movie_id_movie_info",
            "Relation Name": "movie_info",
            "Alias": "mi",
            "Startup Cost": 0.43,
            "Total Cost": 1.62,
            "Plan Rows": 27,
            "Plan Width": 4,
            "Actual Startup Time": 0.005,
            "Actual Total Time": 0.008,
            "Actual Rows": 2,
            "Actual Loops": 1876,
            "Index Cond": "(movie_id = t.id)",
            "Rows Removed by Index Recheck": 0,
            "Filter": "(info_type_id < 16)",
            "Rows Removed by Filter": 1
          }
        ]
      }
    ]
  },
  "Planning Time": 0.958,
  "Triggers": [],
  "Execution Time": 30.347
}