[
  {
    "Plan": {
      "Node Type": "Aggregate",
      "Strategy": "Plain",
      "Partial Mode": "Simple",
      "Parallel Aware": false,
      "Startup Cost": 3518.99,
      "Total Cost": 3519.0,
      "Plan Rows": 1,
      "Plan Width": 8,
      "Actual Startup Time": 51.283,
      "Actual Total Time": 51.284,
      "Actual Rows": 1,
      "Actual Loops": 1,
      "Plans": [
        {
          "Node Type": "Nested Loop",
          "Parent Relationship": "Outer",
          "Parallel Aware": false,
          "Join Type": "Inner",
          "Startup Cost": 7.35,
          "Total Cost": 3517.61,
          "Plan Rows": 550,
          "Plan Width": 0,
          "Actual Startup Time": 0.515,
          "Actual Total Time": 50.643,
          "Actual Rows": 6949,
          "Actual Loops": 1,
          "Inner Unique": false,
          "Plans": [
            {
              "Node Type": "Nested Loop",
              "Parent Relationship": "Outer",
              "Parallel Aware": false,
              "Join Type": "Inner",
              "Startup Cost": 6.78,
              "Total Cost": 3005.96,
              "Plan Rows": 248,
              "Plan Width": 8,
              "Actual Startup Time": 0.418,
              "Actual Total Time": 4.696,
              "Actual Rows": 364,
              "Actual Loops": 1,
              "Inner Unique": true,
              "Plans": [
                {
                  "Node Type": "Bitmap Heap Scan",
                  "Parent Relationship": "Outer",
                  "Parallel Aware": false,
                  "Relation Name": "movie_keyword",
                  "Alias": "mk",
                  "Startup Cost": 6.35,
                  "Total Cost": 922.98,
                  "Plan Rows": 248,
                  "Plan Width": 4,
                  "Actual Startup Time": 0.391,
                  "Actual Total Time": 1.22,
                  "Actual Rows": 364,
                  "Actual Loops": 1,
                  "Recheck Cond": "(keyword_id = 6493)",
                  "Rows Removed by Index Recheck": 0,
                  "Exact Heap Blocks": 360,
                  "Lossy Heap Blocks": 0,
                  "Plans": [
                    {
                      "Node Type": "Bitmap Index Scan",
                      "Parent Relationship": "Outer",
                      "Parallel Aware": false,
                      "Index Name": "keyword_id_movie_keyword",
                      "Startup Cost": 0.0,
                      "Total Cost": 6.29,
                      "Plan Rows": 248,
                      "Plan Width": 0,
                      "Actual Startup Time": 0.262,
                      "Actual Total Time": 0.262,
                      "Actual Rows": 364,
                      "Actual Loops": 1,
                      "Index Cond": "(keyword_id = 6493)"
                    }
                  ]
                },
                {
                  "Node Type": "Index Only Scan",
                  "Parent Relationship": "Inner",
                  "Parallel Aware": false,
                  "Scan Direction": "Forward",
                  "Index Name": "title_pkey",
                  "Relation Name": "title",
                  "Alias": "t",
                  "Startup Cost": 0.43,
                  "Total Cost": 8.4,
                  "Plan Rows": 1,
                  "Plan Width": 4,
                  "Actual Startup Time": 0.009,
                  "Actual Total Time": 0.009,
                  "Actual Rows": 1,
                  "Actual Loops": 364,
                  "Index Cond": "(id = mk.movie_id)",
                  "Rows Removed by Index Recheck": 0,
                  "Heap Fetches": 364
                }
              ]
            },
            {
              "Node Type": "Index Scan",
              "Parent Relationship": "Inner",
              "Parallel Aware": false,
              "Scan Direction": "Forward",
              "Index Name": "movie_id_cast_info",
              "Relation Name": "cast_info",
              "Alias": "ci",
              "Startup Cost": 0.56,
              "Total Cost": 2.0,
              "Plan Rows": 6,
              "Plan Width": 4,
              "Actual Startup Time": 0.085,
              "Actual Total Time": 0.123,
              "Actual Rows": 19,
              "Actual Loops": 364,
              "Index Cond": "(movie_id = t.id)",
              "Rows Removed by Index Recheck": 0,
              "Filter": "((person_id > 1460493) AND (role_id > 4))",
              "Rows Removed by Filter": 43
            }
          ]
        }
      ]
    },
    "Planning Time": 1.32,
    "Triggers": [],
    "Execution Time": 51.368
  }
]