{
  "Plan": {
    "Node Type": "Aggregate",
    "Strategy": "Plain",
    "Partial Mode": "Finalize",
    "Parallel Aware": false,
    "Startup Cost": 219282.59,
    "Total Cost": 219282.6,
    "Plan Rows": 1,
    "Plan Width": 8,
    "Actual Startup Time": 223.888,
    "Actual Total Time": 249.772,
    "Actual Rows": 1,
    "Actual Loops": 1,
    "Plans": [
      {
        "Node Type": "Gather",
        "Parent Relationship": "Outer",
        "Parallel Aware": false,
        "Startup Cost": 219282.47,
        "Total Cost": 219282.58,
        "Plan Rows": 1,
        "Plan Width": 8,
        "Actual Startup Time": 223.774,
        "Actual Total Time": 249.764,
        "Actual Rows": 2,
        "Actual Loops": 1,
        "Workers Planned": 1,
        "Workers Launched": 1,
        "Single Copy": false,
        "Plans": [
          {
            "Node Type": "Aggregate",
            "Strategy": "Plain",
            "Partial Mode": "Partial",
            "Parent Relationship": "Outer",
            "Parallel Aware": false,
            "Startup Cost": 218282.47,
            "Total Cost": 218282.48,
            "Plan Rows": 1,
            "Plan Width": 8,
            "Actual Startup Time": 213.005,
            "Actual Total Time": 213.007,
            "Actual Rows": 1,
            "Actual Loops": 2,
            "Plans": [
              {
                "Node Type": "Nested Loop",
                "Parent Relationship": "Outer",
                "Parallel Aware": false,
                "Join Type": "Inner",
                "Startup Cost": 0.43,
                "Total Cost": 218265.42,
                "Plan Rows": 6821,
                "Plan Width": 0,
                "Actual Startup Time": 2.491,
                "Actual Total Time": 211.389,
                "Actual Rows": 20863,
                "Actual Loops": 2,
                "Inner Unique": false,
                "Plans": [
                  {
                    "Node Type": "Seq Scan",
                    "Parent Relationship": "Outer",
                    "Parallel Aware": true,
                    "Relation Name": "title",
                    "Alias": "t",
                    "Startup Cost": 0.0,
                    "Total Cost": 58306.47,
                    "Plan Rows": 1166,
                    "Plan Width": 4,
                    "Actual Startup Time": 2.308,
                    "Actual Total Time": 156.595,
                    "Actual Rows": 1586,
                    "Actual Loops": 2,
                    "Filter": "((kind_id < 7) AND (production_year = 1953))",
                    "Rows Removed by Filter": 1262570
                  },
                  {
                    "Node Type": "Index Only Scan",
                    "Parent Relationship": "Inner",
                    "Parallel Aware": false,
                    "Scan Direction": "Forward",
                    "Index Name": "movie_id_movie_info",
                    "Relation Name": "movie_info",
                    "Alias": "mi",
                    "Startup Cost": 0.43,
                    "Total Cost": 136.77,
                    "Plan Rows": 42,
                    "Plan Width": 4,
                    "Actual Startup Time": 0.011,
                    "Actual Total Time": 0.033,
                    "Actual Rows": 13,
                    "Actual Loops": 3172,
                    "Index Cond": "(movie_id = t.id)",
                    "Rows Removed by Index Recheck": 0,
                    "Heap Fetches": 41726
                  }
                ]
              }
            ]
          }
        ]
      }
    ]
  },
  "Planning Time": 0.443,
  "Triggers": [],
  "Execution Time": 249.851
}