{
  "Plan": {
    "Node Type": "Aggregate",
    "Strategy": "Plain",
    "Partial Mode": "Finalize",
    "Parallel Aware": false,
    "Startup Cost": 98594.47,
    "Total Cost": 98594.48,
    "Plan Rows": 1,
    "Plan Width": 8,
    "Actual Startup Time": 455.981,
    "Actual Total Time": 471.829,
    "Actual Rows": 1,
    "Actual Loops": 1,
    "Plans": [
      {
        "Node Type": "Gather",
        "Parent Relationship": "Outer",
        "Parallel Aware": false,
        "Startup Cost": 98594.36,
        "Total Cost": 98594.47,
        "Plan Rows": 1,
        "Plan Width": 8,
        "Actual Startup Time": 454.622,
        "Actual Total Time": 471.819,
        "Actual Rows": 2,
        "Actual Loops": 1,
        "Workers Planned": 1,
        "Workers Launched": 1,
        "Single Copy": false,
        "Plans": [
          {
            "Node Type": "Aggregate",
            "Strategy": "Plain",
            "Partial Mode": "Partial",
            "Parent Relationship": "Outer",
            "Parallel Aware": false,
            "Startup Cost": 97594.36,
            "Total Cost": 97594.37,
            "Plan Rows": 1,
            "Plan Width": 8,
            "Actual Startup Time": 448.689,
            "Actual Total Time": 448.693,
            "Actual Rows": 1,
            "Actual Loops": 2,
            "Plans": [
              {
                "Node Type": "Hash Join",
                "Parent Relationship": "Outer",
                "Parallel Aware": true,
                "Join Type": "Inner",
                "Startup Cost": 36582.03,
                "Total Cost": 97199.66,
                "Plan Rows": 157879,
                "Plan Width": 0,
                "Actual Startup Time": 153.362,
                "Actual Total Time": 444.054,
                "Actual Rows": 104595,
                "Actual Loops": 2,
                "Inner Unique": false,
                "Hash Cond": "(t.id = mc.movie_id)",
                "Plans": [
                  {
                    "Node Type": "Seq Scan",
                    "Parent Relationship": "Outer",
                    "Parallel Aware": true,
                    "Relation Name": "title",
                    "Alias": "t",
                    "Startup Cost": 0.0,
                    "Total Cost": 54588.39,
                    "Plan Rows": 816087,
                    "Plan Width": 4,
                    "Actual Startup Time": 0.013,
                    "Actual Total Time": 145.353,
                    "Actual Rows": 690726,
                    "Actual Loops": 2,
                    "Filter": "(production_year > 2000)",
                    "Rows Removed by Filter": 573430
                  },
                  {
                    "Node Type": "Hash",
                    "Parent Relationship": "Inner",
                    "Parallel Aware": true,
                    "Startup Cost": 32985.57,
                    "Total Cost": 32985.57,
                    "Plan Rows": 287717,
                    "Plan Width": 4,
                    "Actual Startup Time": 147.785,
                    "Actual Total Time": 147.787,
                    "Actual Rows": 244266,
                    "Actual Loops": 2,
                    "Hash Buckets": 524288,
                    "Original Hash Buckets": 524288,
                    "Hash Batches": 1,
                    "Original Hash Batches": 1,
                    "Peak Memory Usage": 23232,
                    "Plans": [
                      {
                        "Node Type": "Bitmap Heap Scan",
                        "Parent Relationship": "Outer",
                        "Parallel Aware": true,
                        "Relation Name": "movie_companies",
                        "Alias": "mc",
                        "Startup Cost": 10599.1,
                        "Total Cost": 32985.57,
                        "Plan Rows": 287717,
                        "Plan Width": 4,
                        "Actual Startup Time": 38.705,
                        "Actual Total Time": 100.381,
                        "Actual Rows": 244266,
                        "Actual Loops": 2,
                        "Recheck Cond": "(company_id < 428)",
                        "Rows Removed by Index Recheck": 0,
                        "Exact Heap Blocks": 11289,
                        "Lossy Heap Blocks": 0,
                        "Plans": [
                          {
                            "Node Type": "Bitmap Index Scan",
                            "Parent Relationship": "Outer",
                            "Parallel Aware": false,
                            "Index Name": "company_id_movie_companies",
                            "Startup Cost": 0.0,
                            "Total Cost": 10476.82,
                            "Plan Rows": 489119,
                            "Plan Width": 0,
                            "Actual Startup Time": 36.092,
                            "Actual Total Time": 36.093,
                            "Actual Rows": 488533,
                            "Actual Loops": 1,
                            "Index Cond": "(company_id < 428)"
                          }
                        ]
                      }
                    ]
                  }
                ]
              }
            ]
          }
        ]
      }
    ]
  },
  "Planning Time": 0.73,
  "Triggers": [],
  "Execution Time": 471.922
}