{
  "Plan": {
    "Node Type": "Aggregate",
    "Strategy": "Plain",
    "Partial Mode": "Finalize",
    "Parallel Aware": false,
    "Startup Cost": 304550.65,
    "Total Cost": 304550.66,
    "Plan Rows": 1,
    "Plan Width": 8,
    "Actual Startup Time": 663.728,
    "Actual Total Time": 690.612,
    "Actual Rows": 1,
    "Actual Loops": 1,
    "Plans": [
      {
        "Node Type": "Gather",
        "Parent Relationship": "Outer",
        "Parallel Aware": false,
        "Startup Cost": 304550.54,
        "Total Cost": 304550.65,
        "Plan Rows": 1,
        "Plan Width": 8,
        "Actual Startup Time": 662.383,
        "Actual Total Time": 690.603,
        "Actual Rows": 2,
        "Actual Loops": 1,
        "Workers Planned": 1,
        "Workers Launched": 1,
        "Single Copy": false,
        "Plans": [
          {
            "Node Type": "Aggregate",
            "Strategy": "Plain",
            "Partial Mode": "Partial",
            "Parent Relationship": "Outer",
            "Parallel Aware": false,
            "Startup Cost": 303550.54,
            "Total Cost": 303550.55,
            "Plan Rows": 1,
            "Plan Width": 8,
            "Actual Startup Time": 656.655,
            "Actual Total Time": 656.659,
            "Actual Rows": 1,
            "Actual Loops": 2,
            "Plans": [
              {
                "Node Type": "Hash Join",
                "Parent Relationship": "Outer",
                "Parallel Aware": true,
                "Join Type": "Inner",
                "Startup Cost": 62793.17,
                "Total Cost": 302789.0,
                "Plan Rows": 304614,
                "Plan Width": 0,
                "Actual Startup Time": 224.47,
                "Actual Total Time": 656.618,
                "Actual Rows": 277,
                "Actual Loops": 2,
                "Inner Unique": true,
                "Hash Cond": "(ci.movie_id = t.id)",
                "Plans": [
                  {
                    "Node Type": "Index Scan",
                    "Parent Relationship": "Outer",
                    "Parallel Aware": true,
                    "Scan Direction": "Forward",
                    "Index Name": "role_id_cast_info",
                    "Relation Name": "cast_info",
                    "Alias": "ci",
                    "Startup Cost": 0.56,
                    "Total Cost": 236682.84,
                    "Plan Rows": 1262308,
                    "Plan Width": 4,
                    "Actual Startup Time": 1.027,
                    "Actual Total Time": 434.335,
                    "Actual Rows": 894,
                    "Actual Loops": 2,
                    "Index Cond": "(role_id = 2)",
                    "Rows Removed by Index Recheck": 0,
                    "Filter": "(person_id < 1040076)",
                    "Rows Removed by Filter": 3725093
                  },
                  {
                    "Node Type": "Hash",
                    "Parent Relationship": "Inner",
                    "Parallel Aware": true,
                    "Startup Cost": 58306.47,
                    "Total Cost": 58306.47,
                    "Plan Rows": 358891,
                    "Plan Width": 4,
                    "Actual Startup Time": 212.721,
                    "Actual Total Time": 212.722,
                    "Actual Rows": 256812,
                    "Actual Loops": 2,
                    "Hash Buckets": 1048576,
                    "Original Hash Buckets": 1048576,
                    "Hash Batches": 1,
                    "Original Hash Batches": 1,
                    "Peak Memory Usage": 28320,
                    "Plans": [
                      {
                        "Node Type": "Seq Scan",
                        "Parent Relationship": "Outer",
                        "Parallel Aware": true,
                        "Relation Name": "title",
                        "Alias": "t",
                        "Startup Cost": 0.0,
                        "Total Cost": 58306.47,
                        "Plan Rows": 358891,
                        "Plan Width": 4,
                        "Actual Startup Time": 0.037,
                        "Actual Total Time": 147.264,
                        "Actual Rows": 256812,
                        "Actual Loops": 2,
                        "Filter": "((kind_id < 6) AND (production_year > 1996))",
                        "Rows Removed by Filter": 1007344
                      }
                    ]
                  }
                ]
              }
            ]
          }
        ]
      }
    ]
  },
  "Planning Time": 0.714,
  "Triggers": [],
  "Execution Time": 690.701
}