[
  {
    "Plan": {
      "Node Type": "Aggregate",
      "Strategy": "Plain",
      "Partial Mode": "Finalize",
      "Parallel Aware": false,
      "Startup Cost": 108348.0,
      "Total Cost": 108348.01,
      "Plan Rows": 1,
      "Plan Width": 8,
      "Actual Startup Time": 559.518,
      "Actual Total Time": 578.189,
      "Actual Rows": 1,
      "Actual Loops": 1,
      "Plans": [
        {
          "Node Type": "Gather",
          "Parent Relationship": "Outer",
          "Parallel Aware": false,
          "Startup Cost": 108347.69,
          "Total Cost": 108348.0,
          "Plan Rows": 3,
          "Plan Width": 8,
          "Actual Startup Time": 556.225,
          "Actual Total Time": 578.181,
          "Actual Rows": 4,
          "Actual Loops": 1,
          "Workers Planned": 3,
          "Workers Launched": 3,
          "Single Copy": false,
          "Plans": [
            {
              "Node Type": "Aggregate",
              "Strategy": "Plain",
              "Partial Mode": "Partial",
              "Parent Relationship": "Outer",
              "Parallel Aware": false,
              "Startup Cost": 107347.69,
              "Total Cost": 107347.7,
              "Plan Rows": 1,
              "Plan Width": 8,
              "Actual Startup Time": 544.912,
              "Actual Total Time": 544.917,
              "Actual Rows": 1,
              "Actual Loops": 4,
              "Plans": [
                {
                  "Node Type": "Hash Join",
                  "Parent Relationship": "Outer",
                  "Parallel Aware": true,
                  "Join Type": "Inner",
                  "Startup Cost": 62267.07,
                  "Total Cost": 107137.39,
                  "Plan Rows": 84119,
                  "Plan Width": 0,
                  "Actual Startup Time": 272.149,
                  "Actual Total Time": 497.045,
                  "Actual Rows": 1169060,
                  "Actual Loops": 4,
                  "Inner Unique": false,
                  "Hash Cond": "(mk.movie_id = t.id)",
                  "Plans": [
                    {
                      "Node Type": "Seq Scan",
                      "Parent Relationship": "Outer",
                      "Parallel Aware": true,
                      "Relation Name": "movie_keyword",
                      "Alias": "mk",
                      "Startup Cost": 0.0,
                      "Total Cost": 39047.32,
                      "Plan Rows": 1459332,
                      "Plan Width": 4,
                      "Actual Startup Time": 0.029,
                      "Actual Total Time": 85.955,
                      "Actual Rows": 1130982,
                      "Actual Loops": 4
                    },
                    {
                      "Node Type": "Hash",
                      "Parent Relationship": "Inner",
                      "Parallel Aware": true,
                      "Startup Cost": 61508.02,
                      "Total Cost": 61508.02,
                      "Plan Rows": 60724,
                      "Plan Width": 8,
                      "Actual Startup Time": 235.99,
                      "Actual Total Time": 235.994,
                      "Actual Rows": 89376,
                      "Actual Loops": 4,
                      "Hash Buckets": 524288,
                      "Original Hash Buckets": 262144,
                      "Hash Batches": 1,
                      "Original Hash Batches": 1,
                      "Peak Memory Usage": 20224,
                      "Plans": [
                        {
                          "Node Type": "Hash Join",
                          "Parent Relationship": "Outer",
                          "Parallel Aware": true,
                          "Join Type": "Inner",
                          "Startup Cost": 46313.46,
                          "Total Cost": 61508.02,
                          "Plan Rows": 60724,
                          "Plan Width": 8,
                          "Actual Startup Time": 159.186,
                          "Actual Total Time": 210.126,
                          "Actual Rows": 89376,
                          "Actual Loops": 4,
                          "Inner Unique": true,
                          "Hash Cond": "(mi_idx.movie_id = t.id)",
                          "Plans": [
                            {
                              "Node Type": "Seq Scan",
                              "Parent Relationship": "Outer",
                              "Parallel Aware": true,
                              "Relation Name": "movie_info_idx",
                              "Alias": "mi_idx",
                              "Startup Cost": 0.0,
                              "Total Cost": 13685.15,
                              "Plan Rows": 575015,
                              "Plan Width": 4,
                              "Actual Startup Time": 0.023,
                              "Actual Total Time": 27.593,
                              "Actual Rows": 345009,
                              "Actual Loops": 4
                            },
                            {
                              "Node Type": "Hash",
                              "Parent Relationship": "Inner",
                              "Parallel Aware": true,
                              "Startup Cost": 45479.1,
                              "Total Cost": 45479.1,
                              "Plan Rows": 66749,
                              "Plan Width": 4,
                              "Actual Startup Time": 129.962,
                              "Actual Total Time": 129.963,
                              "Actual Rows": 93549,
                              "Actual Loops": 4,
                              "Hash Buckets": 524288,
                              "Original Hash Buckets": 524288,
                              "Hash Batches": 1,
                              "Original Hash Batches": 1,
                              "Peak Memory Usage": 18784,
                              "Plans": [
                                {
                                  "Node Type": "Seq Scan",
                                  "Parent Relationship": "Outer",
                                  "Parallel Aware": true,
                                  "Relation Name": "title",
                                  "Alias": "t",
                                  "Startup Cost": 0.0,
                                  "Total Cost": 45479.1,
                                  "Plan Rows": 66749,
                                  "Plan Width": 4,
                                  "Actual Startup Time": 60.731,
                                  "Actual Total Time": 100.711,
                                  "Actual Rows": 93549,
                                  "Actual Loops": 4,
                                  "Filter": "((production_year < 2000) AND (kind_id = 1))",
                                  "Rows Removed by Filter": 538529
                                }
                              ]
                            }
                          ]
                        }
                      ]
                    }
                  ]
                }
              ]
            }
          ]
        }
      ]
    },
    "Planning Time": 1.352,
    "Triggers": [],
    "Execution Time": 578.27
  }
]