[
    {
        "Bao": {
            "Bao prediction": "NaN",
            "Bao recommended hint": "(no hint)"
        }
    },
    {
        "Plan": {
            "Node Type": "Aggregate",
            "Strategy": "Plain",
            "Partial Mode": "Finalize",
            "Parallel Aware": false,
            "Startup Cost": 43049.66,
            "Total Cost": 43049.67,
            "Plan Rows": 1,
            "Plan Width": 8,
            "Actual Startup Time": 133.027,
            "Actual Total Time": 140.473,
            "Actual Rows": 1,
            "Actual Loops": 1,
            "Output": [
                "count(*)"
            ],
            "Plans": [
                {
                    "Node Type": "Gather",
                    "Parent Relationship": "Outer",
                    "Parallel Aware": false,
                    "Startup Cost": 43049.34,
                    "Total Cost": 43049.65,
                    "Plan Rows": 3,
                    "Plan Width": 8,
                    "Actual Startup Time": 132.755,
                    "Actual Total Time": 140.465,
                    "Actual Rows": 4,
                    "Actual Loops": 1,
                    "Output": [
                        "(PARTIAL count(*))"
                    ],
                    "Workers Planned": 3,
                    "Workers Launched": 3,
                    "Single Copy": false,
                    "Plans": [
                        {
                            "Node Type": "Aggregate",
                            "Strategy": "Plain",
                            "Partial Mode": "Partial",
                            "Parent Relationship": "Outer",
                            "Parallel Aware": false,
                            "Startup Cost": 42049.34,
                            "Total Cost": 42049.35,
                            "Plan Rows": 1,
                            "Plan Width": 8,
                            "Actual Startup Time": 124.351,
                            "Actual Total Time": 124.352,
                            "Actual Rows": 1,
                            "Actual Loops": 4,
                            "Output": [
                                "PARTIAL count(*)"
                            ],
                            "Workers": [
                                {
                                    "Worker Number": 0,
                                    "Actual Startup Time": 121.156,
                                    "Actual Total Time": 121.158,
                                    "Actual Rows": 1,
                                    "Actual Loops": 1
                                },
                                {
                                    "Worker Number": 1,
                                    "Actual Startup Time": 121.732,
                                    "Actual Total Time": 121.733,
                                    "Actual Rows": 1,
                                    "Actual Loops": 1
                                },
                                {
                                    "Worker Number": 2,
                                    "Actual Startup Time": 121.981,
                                    "Actual Total Time": 121.983,
                                    "Actual Rows": 1,
                                    "Actual Loops": 1
                                }
                            ],
                            "Plans": [
                                {
                                    "Node Type": "Bitmap Heap Scan",
                                    "Parent Relationship": "Outer",
                                    "Parallel Aware": true,
                                    "Relation Name": "movie_keyword",
                                    "Schema": "public",
                                    "Alias": "mk",
                                    "Startup Cost": 14327.08,
                                    "Total Cost": 41504.63,
                                    "Plan Rows": 217884,
                                    "Plan Width": 0,
                                    "Actual Startup Time": 41.42,
                                    "Actual Total Time": 115.486,
                                    "Actual Rows": 169438,
                                    "Actual Loops": 4,
                                    "Recheck Cond": "(mk.keyword_id < 553)",
                                    "Rows Removed by Index Recheck": 0,
                                    "Exact Heap Blocks": 10562,
                                    "Lossy Heap Blocks": 0,
                                    "Workers": [
                                        {
                                            "Worker Number": 0,
                                            "Actual Startup Time": 38.35,
                                            "Actual Total Time": 113.642,
                                            "Actual Rows": 121289,
                                            "Actual Loops": 1
                                        },
                                        {
                                            "Worker Number": 1,
                                            "Actual Startup Time": 38.875,
                                            "Actual Total Time": 113.426,
                                            "Actual Rows": 131121,
                                            "Actual Loops": 1
                                        },
                                        {
                                            "Worker Number": 2,
                                            "Actual Startup Time": 39.166,
                                            "Actual Total Time": 113.607,
                                            "Actual Rows": 132797,
                                            "Actual Loops": 1
                                        }
                                    ],
                                    "Plans": [
                                        {
                                            "Node Type": "Bitmap Index Scan",
                                            "Parent Relationship": "Outer",
                                            "Parallel Aware": false,
                                            "Index Name": "keyword_id_movie_keyword",
                                            "Startup Cost": 0.0,
                                            "Total Cost": 14158.23,
                                            "Plan Rows": 675439,
                                            "Plan Width": 0,
                                            "Actual Startup Time": 45.816,
                                            "Actual Total Time": 45.817,
                                            "Actual Rows": 677754,
                                            "Actual Loops": 1,
                                            "Index Cond": "(mk.keyword_id < 553)"
                                        }
                                    ]
                                }
                            ]
                        }
                    ]
                }
            ]
        },
        "Planning Time": 174.562,
        "Triggers": [],
        "Execution Time": 140.525
    }
]