[
  {
    "Plan": {
      "Node Type": "Aggregate",
      "Strategy": "Plain",
      "Partial Mode": "Finalize",
      "Parallel Aware": false,
      "Startup Cost": 346779.49,
      "Total Cost": 346779.5,
      "Plan Rows": 1,
      "Plan Width": 8,
      "Actual Startup Time": 726.61,
      "Actual Total Time": 784.822,
      "Actual Rows": 1,
      "Actual Loops": 1,
      "Plans": [
        {
          "Node Type": "Gather",
          "Parent Relationship": "Outer",
          "Parallel Aware": false,
          "Startup Cost": 346778.87,
          "Total Cost": 346779.48,
          "Plan Rows": 6,
          "Plan Width": 8,
          "Actual Startup Time": 726.426,
          "Actual Total Time": 784.799,
          "Actual Rows": 7,
          "Actual Loops": 1,
          "Workers Planned": 6,
          "Workers Launched": 6,
          "Single Copy": false,
          "Plans": [
            {
              "Node Type": "Aggregate",
              "Strategy": "Plain",
              "Partial Mode": "Partial",
              "Parent Relationship": "Outer",
              "Parallel Aware": false,
              "Startup Cost": 345778.87,
              "Total Cost": 345778.88,
              "Plan Rows": 1,
              "Plan Width": 8,
              "Actual Startup Time": 719.091,
              "Actual Total Time": 719.092,
              "Actual Rows": 1,
              "Actual Loops": 7,
              "Plans": [
                {
                  "Node Type": "Seq Scan",
                  "Parent Relationship": "Outer",
                  "Parallel Aware": true,
                  "Relation Name": "cast_info",
                  "Alias": "ci",
                  "Startup Cost": 0.0,
                  "Total Cost": 343316.27,
                  "Plan Rows": 985039,
                  "Plan Width": 0,
                  "Actual Startup Time": 360.668,
                  "Actual Total Time": 655.157,
                  "Actual Rows": 1283219,
                  "Actual Loops": 7,
                  "Filter": "((person_id > 2798071) AND (role_id > 1))",
                  "Rows Removed by Filter": 3894545
                }
              ]
            }
          ]
        }
      ]
    },
    "Planning Time": 0.078,
    "Triggers": [],
    "Execution Time": 784.867
  }
]