[
  {
    "Plan": {
      "Node Type": "Aggregate",
      "Strategy": "Plain",
      "Partial Mode": "Finalize",
      "Parallel Aware": false,
      "Startup Cost": 346728.05,
      "Total Cost": 346728.06,
      "Plan Rows": 1,
      "Plan Width": 8,
      "Actual Startup Time": 686.216,
      "Actual Total Time": 745.499,
      "Actual Rows": 1,
      "Actual Loops": 1,
      "Plans": [
        {
          "Node Type": "Gather",
          "Parent Relationship": "Outer",
          "Parallel Aware": false,
          "Startup Cost": 346727.43,
          "Total Cost": 346728.04,
          "Plan Rows": 6,
          "Plan Width": 8,
          "Actual Startup Time": 686.138,
          "Actual Total Time": 745.489,
          "Actual Rows": 7,
          "Actual Loops": 1,
          "Workers Planned": 6,
          "Workers Launched": 6,
          "Single Copy": false,
          "Plans": [
            {
              "Node Type": "Aggregate",
              "Strategy": "Plain",
              "Partial Mode": "Partial",
              "Parent Relationship": "Outer",
              "Parallel Aware": false,
              "Startup Cost": 345727.43,
              "Total Cost": 345727.44,
              "Plan Rows": 1,
              "Plan Width": 8,
              "Actual Startup Time": 677.256,
              "Actual Total Time": 677.257,
              "Actual Rows": 1,
              "Actual Loops": 7,
              "Plans": [
                {
                  "Node Type": "Seq Scan",
                  "Parent Relationship": "Outer",
                  "Parallel Aware": true,
                  "Relation Name": "cast_info",
                  "Alias": "ci",
                  "Startup Cost": 0.0,
                  "Total Cost": 343257.03,
                  "Plan Rows": 988159,
                  "Plan Width": 0,
                  "Actual Startup Time": 346.823,
                  "Actual Total Time": 622.69,
                  "Actual Rows": 1283219,
                  "Actual Loops": 7,
                  "Filter": "((person_id > 2798071) AND (role_id > 1))",
                  "Rows Removed by Filter": 3894545
                }
              ]
            }
          ]
        }
      ]
    },
    "Planning Time": 0.181,
    "Triggers": [],
    "Execution Time": 745.56
  }
]