[
  {
    "Plan": {
      "Node Type": "Aggregate",
      "Strategy": "Plain",
      "Partial Mode": "Finalize",
      "Parallel Aware": false,
      "Startup Cost": 345358.15,
      "Total Cost": 345358.16,
      "Plan Rows": 1,
      "Plan Width": 8,
      "Actual Startup Time": 633.882,
      "Actual Total Time": 694.112,
      "Actual Rows": 1,
      "Actual Loops": 1,
      "Plans": [
        {
          "Node Type": "Gather",
          "Parent Relationship": "Outer",
          "Parallel Aware": false,
          "Startup Cost": 345357.52,
          "Total Cost": 345358.13,
          "Plan Rows": 6,
          "Plan Width": 8,
          "Actual Startup Time": 633.713,
          "Actual Total Time": 694.097,
          "Actual Rows": 7,
          "Actual Loops": 1,
          "Workers Planned": 6,
          "Workers Launched": 6,
          "Single Copy": false,
          "Plans": [
            {
              "Node Type": "Aggregate",
              "Strategy": "Plain",
              "Partial Mode": "Partial",
              "Parent Relationship": "Outer",
              "Parallel Aware": false,
              "Startup Cost": 344357.52,
              "Total Cost": 344357.53,
              "Plan Rows": 1,
              "Plan Width": 8,
              "Actual Startup Time": 624.661,
              "Actual Total Time": 624.662,
              "Actual Rows": 1,
              "Actual Loops": 7,
              "Plans": [
                {
                  "Node Type": "Seq Scan",
                  "Parent Relationship": "Outer",
                  "Parallel Aware": true,
                  "Relation Name": "cast_info",
                  "Alias": "ci",
                  "Startup Cost": 0.0,
                  "Total Cost": 343316.27,
                  "Plan Rows": 416500,
                  "Plan Width": 0,
                  "Actual Startup Time": 337.979,
                  "Actual Total Time": 613.069,
                  "Actual Rows": 229629,
                  "Actual Loops": 7,
                  "Filter": "((person_id < 564104) AND (role_id > 2))",
                  "Rows Removed by Filter": 4948135
                }
              ]
            }
          ]
        }
      ]
    },
    "Planning Time": 0.08,
    "Triggers": [],
    "Execution Time": 694.154
  }
]