{
  "Plan": {
    "Node Type": "Aggregate",
    "Strategy": "Plain",
    "Partial Mode": "Finalize",
    "Parallel Aware": false,
    "Startup Cost": 330717.88,
    "Total Cost": 330717.89,
    "Plan Rows": 1,
    "Plan Width": 8,
    "Actual Startup Time": 2273.36,
    "Actual Total Time": 2335.598,
    "Actual Rows": 1,
    "Actual Loops": 1,
    "Plans": [
      {
        "Node Type": "Gather",
        "Parent Relationship": "Outer",
        "Parallel Aware": false,
        "Startup Cost": 330717.77,
        "Total Cost": 330717.88,
        "Plan Rows": 1,
        "Plan Width": 8,
        "Actual Startup Time": 2272.302,
        "Actual Total Time": 2335.59,
        "Actual Rows": 2,
        "Actual Loops": 1,
        "Workers Planned": 1,
        "Workers Launched": 1,
        "Single Copy": false,
        "Plans": [
          {
            "Node Type": "Aggregate",
            "Strategy": "Plain",
            "Partial Mode": "Partial",
            "Parent Relationship": "Outer",
            "Parallel Aware": false,
            "Startup Cost": 329717.77,
            "Total Cost": 329717.78,
            "Plan Rows": 1,
            "Plan Width": 8,
            "Actual Startup Time": 2266.245,
            "Actual Total Time": 2266.25,
            "Actual Rows": 1,
            "Actual Loops": 2,
            "Plans": [
              {
                "Node Type": "Nested Loop",
                "Parent Relationship": "Outer",
                "Parallel Aware": false,
                "Join Type": "Inner",
                "Startup Cost": 35513.58,
                "Total Cost": 329474.93,
                "Plan Rows": 97136,
                "Plan Width": 0,
                "Actual Startup Time": 122.045,
                "Actual Total Time": 2226.972,
                "Actual Rows": 869254,
                "Actual Loops": 2,
                "Inner Unique": false,
                "Plans": [
                  {
                    "Node Type": "Hash Join",
                    "Parent Relationship": "Outer",
                    "Parallel Aware": true,
                    "Join Type": "Inner",
                    "Startup Cost": 35513.15,
                    "Total Cost": 94370.22,
                    "Plan Rows": 106035,
                    "Plan Width": 8,
                    "Actual Startup Time": 121.975,
                    "Actual Total Time": 475.112,
                    "Actual Rows": 191447,
                    "Actual Loops": 2,
                    "Inner Unique": false,
                    "Hash Cond": "(t.id = mc.movie_id)",
                    "Plans": [
                      {
                        "Node Type": "Seq Scan",
                        "Parent Relationship": "Outer",
                        "Parallel Aware": true,
                        "Relation Name": "title",
                        "Alias": "t",
                        "Startup Cost": 0.0,
                        "Total Cost": 54588.39,
                        "Plan Rows": 583193,
                        "Plan Width": 4,
                        "Actual Startup Time": 0.012,
                        "Actual Total Time": 131.476,
                        "Actual Rows": 492524,
                        "Actual Loops": 2,
                        "Filter": "(kind_id < 7)",
                        "Rows Removed by Filter": 771632
                      },
                      {
                        "Node Type": "Hash",
                        "Parent Relationship": "Inner",
                        "Parallel Aware": true,
                        "Startup Cost": 32133.09,
                        "Total Cost": 32133.09,
                        "Plan Rows": 270405,
                        "Plan Width": 4,
                        "Actual Startup Time": 115.178,
                        "Actual Total Time": 115.179,
                        "Actual Rows": 234000,
                        "Actual Loops": 2,
                        "Hash Buckets": 524288,
                        "Original Hash Buckets": 524288,
                        "Hash Batches": 1,
                        "Original Hash Batches": 1,
                        "Peak Memory Usage": 22432,
                        "Plans": [
                          {
                            "Node Type": "Bitmap Heap Scan",
                            "Parent Relationship": "Outer",
                            "Parallel Aware": true,
                            "Relation Name": "movie_companies",
                            "Alias": "mc",
                            "Startup Cost": 9963.02,
                            "Total Cost": 32133.09,
                            "Plan Rows": 270405,
                            "Plan Width": 4,
                            "Actual Startup Time": 24.641,
                            "Actual Total Time": 69.192,
                            "Actual Rows": 234000,
                            "Actual Loops": 2,
                            "Recheck Cond": "(company_id > 76171)",
                            "Rows Removed by Index Recheck": 0,
                            "Exact Heap Blocks": 4540,
                            "Lossy Heap Blocks": 0,
                            "Plans": [
                              {
                                "Node Type": "Bitmap Index Scan",
                                "Parent Relationship": "Outer",
                                "Parallel Aware": false,
                                "Index Name": "company_id_movie_companies",
                                "Startup Cost": 0.0,
                                "Total Cost": 9848.1,
                                "Plan Rows": 459689,
                                "Plan Width": 0,
                                "Actual Startup Time": 25.878,
                                "Actual Total Time": 25.879,
                                "Actual Rows": 467999,
                                "Actual Loops": 1,
                                "Index Cond": "(company_id > 76171)"
                              }
                            ]
                          }
                        ]
                      }
                    ]
                  },
                  {
                    "Node Type": "Index Scan",
                    "Parent Relationship": "Inner",
                    "Parallel Aware": false,
                    "Scan Direction": "Forward",
                    "Index Name": "movie_id_movie_info",
                    "Relation Name": "movie_info",
                    "Alias": "mi",
                    "Startup Cost": 0.43,
                    "Total Cost": 2.15,
                    "Plan Rows": 7,
                    "Plan Width": 4,
                    "Actual Startup Time": 0.005,
                    "Actual Total Time": 0.009,
                    "Actual Rows": 5,
                    "Actual Loops": 382894,
                    "Index Cond": "(movie_id = t.id)",
                    "Rows Removed by Index Recheck": 0,
                    "Filter": "(info_type_id > 16)",
                    "Rows Removed by Filter": 14
                  }
                ]
              }
            ]
          }
        ]
      }
    ]
  },
  "Planning Time": 0.434,
  "Triggers": [],
  "Execution Time": 2335.671
}