[
  {
    "Plan": {
      "Node Type": "Aggregate",
      "Strategy": "Plain",
      "Partial Mode": "Finalize",
      "Parallel Aware": false,
      "Startup Cost": 46906.53,
      "Total Cost": 46906.54,
      "Plan Rows": 1,
      "Plan Width": 8,
      "Actual Startup Time": 98.144,
      "Actual Total Time": 107.659,
      "Actual Rows": 1,
      "Actual Loops": 1,
      "Plans": [
        {
          "Node Type": "Gather",
          "Parent Relationship": "Outer",
          "Parallel Aware": false,
          "Startup Cost": 46906.11,
          "Total Cost": 46906.52,
          "Plan Rows": 4,
          "Plan Width": 8,
          "Actual Startup Time": 97.975,
          "Actual Total Time": 107.649,
          "Actual Rows": 5,
          "Actual Loops": 1,
          "Workers Planned": 4,
          "Workers Launched": 4,
          "Single Copy": false,
          "Plans": [
            {
              "Node Type": "Aggregate",
              "Strategy": "Plain",
              "Partial Mode": "Partial",
              "Parent Relationship": "Outer",
              "Parallel Aware": false,
              "Startup Cost": 45906.11,
              "Total Cost": 45906.12,
              "Plan Rows": 1,
              "Plan Width": 8,
              "Actual Startup Time": 91.204,
              "Actual Total Time": 91.205,
              "Actual Rows": 1,
              "Actual Loops": 5,
              "Plans": [
                {
                  "Node Type": "Seq Scan",
                  "Parent Relationship": "Outer",
                  "Parallel Aware": true,
                  "Relation Name": "title",
                  "Alias": "t",
                  "Startup Cost": 0.0,
                  "Total Cost": 45479.59,
                  "Plan Rows": 170611,
                  "Plan Width": 0,
                  "Actual Startup Time": 0.035,
                  "Actual Total Time": 82.314,
                  "Actual Rows": 148652,
                  "Actual Loops": 5,
                  "Filter": "((kind_id > 4) AND (production_year > 2004))",
                  "Rows Removed by Filter": 357010
                }
              ]
            }
          ]
        }
      ]
    },
    "Planning Time": 0.189,
    "Triggers": [],
    "Execution Time": 107.718
  }
]