[
  {
    "Plan": {
      "Node Type": "Aggregate",
      "Strategy": "Plain",
      "Partial Mode": "Finalize",
      "Parallel Aware": false,
      "Startup Cost": 46908.77,
      "Total Cost": 46908.78,
      "Plan Rows": 1,
      "Plan Width": 8,
      "Actual Startup Time": 108.005,
      "Actual Total Time": 120.867,
      "Actual Rows": 1,
      "Actual Loops": 1,
      "Plans": [
        {
          "Node Type": "Gather",
          "Parent Relationship": "Outer",
          "Parallel Aware": false,
          "Startup Cost": 46908.35,
          "Total Cost": 46908.76,
          "Plan Rows": 4,
          "Plan Width": 8,
          "Actual Startup Time": 107.86,
          "Actual Total Time": 120.858,
          "Actual Rows": 5,
          "Actual Loops": 1,
          "Workers Planned": 4,
          "Workers Launched": 4,
          "Single Copy": false,
          "Plans": [
            {
              "Node Type": "Aggregate",
              "Strategy": "Plain",
              "Partial Mode": "Partial",
              "Parent Relationship": "Outer",
              "Parallel Aware": false,
              "Startup Cost": 45908.35,
              "Total Cost": 45908.36,
              "Plan Rows": 1,
              "Plan Width": 8,
              "Actual Startup Time": 99.485,
              "Actual Total Time": 99.486,
              "Actual Rows": 1,
              "Actual Loops": 5,
              "Plans": [
                {
                  "Node Type": "Seq Scan",
                  "Parent Relationship": "Outer",
                  "Parallel Aware": true,
                  "Relation Name": "title",
                  "Alias": "t",
                  "Startup Cost": 0.0,
                  "Total Cost": 45479.1,
                  "Plan Rows": 171701,
                  "Plan Width": 0,
                  "Actual Startup Time": 0.044,
                  "Actual Total Time": 90.578,
                  "Actual Rows": 148652,
                  "Actual Loops": 5,
                  "Filter": "((kind_id > 4) AND (production_year > 2004))",
                  "Rows Removed by Filter": 357010
                }
              ]
            }
          ]
        }
      ]
    },
    "Planning Time": 0.194,
    "Triggers": [],
    "Execution Time": 120.933
  }
]