[
  {
    "Plan": {
      "Node Type": "Aggregate",
      "Strategy": "Plain",
      "Partial Mode": "Finalize",
      "Parallel Aware": false,
      "Startup Cost": 28185.29,
      "Total Cost": 28185.3,
      "Plan Rows": 1,
      "Plan Width": 8,
      "Actual Startup Time": 44.908,
      "Actual Total Time": 49.191,
      "Actual Rows": 1,
      "Actual Loops": 1,
      "Plans": [
        {
          "Node Type": "Gather",
          "Parent Relationship": "Outer",
          "Parallel Aware": false,
          "Startup Cost": 28184.97,
          "Total Cost": 28185.28,
          "Plan Rows": 3,
          "Plan Width": 8,
          "Actual Startup Time": 44.769,
          "Actual Total Time": 49.185,
          "Actual Rows": 4,
          "Actual Loops": 1,
          "Workers Planned": 3,
          "Workers Launched": 3,
          "Single Copy": false,
          "Plans": [
            {
              "Node Type": "Aggregate",
              "Strategy": "Plain",
              "Partial Mode": "Partial",
              "Parent Relationship": "Outer",
              "Parallel Aware": false,
              "Startup Cost": 27184.97,
              "Total Cost": 27184.98,
              "Plan Rows": 1,
              "Plan Width": 8,
              "Actual Startup Time": 38.802,
              "Actual Total Time": 38.805,
              "Actual Rows": 1,
              "Actual Loops": 4,
              "Plans": [
                {
                  "Node Type": "Bitmap Heap Scan",
                  "Parent Relationship": "Outer",
                  "Parallel Aware": true,
                  "Relation Name": "movie_companies",
                  "Alias": "mc",
                  "Startup Cost": 6862.67,
                  "Total Cost": 26929.59,
                  "Plan Rows": 102154,
                  "Plan Width": 0,
                  "Actual Startup Time": 7.179,
                  "Actual Total Time": 33.77,
                  "Actual Rows": 78741,
                  "Actual Loops": 4,
                  "Recheck Cond": "(company_id > 92045)",
                  "Rows Removed by Index Recheck": 0,
                  "Exact Heap Blocks": 2309,
                  "Lossy Heap Blocks": 0,
                  "Plans": [
                    {
                      "Node Type": "Bitmap Index Scan",
                      "Parent Relationship": "Outer",
                      "Parallel Aware": false,
                      "Index Name": "company_id_movie_companies",
                      "Startup Cost": 0.0,
                      "Total Cost": 6783.5,
                      "Plan Rows": 316676,
                      "Plan Width": 0,
                      "Actual Startup Time": 12.148,
                      "Actual Total Time": 12.148,
                      "Actual Rows": 314963,
                      "Actual Loops": 1,
                      "Index Cond": "(company_id > 92045)"
                    }
                  ]
                }
              ]
            }
          ]
        }
      ]
    },
    "Planning Time": 0.054,
    "Triggers": [],
    "Execution Time": 49.229
  }
]