[
  {
    "Plan": {
      "Node Type": "Aggregate",
      "Strategy": "Plain",
      "Partial Mode": "Finalize",
      "Parallel Aware": false,
      "Startup Cost": 33006.01,
      "Total Cost": 33006.02,
      "Plan Rows": 1,
      "Plan Width": 8,
      "Actual Startup Time": 103.132,
      "Actual Total Time": 110.762,
      "Actual Rows": 1,
      "Actual Loops": 1,
      "Plans": [
        {
          "Node Type": "Gather",
          "Parent Relationship": "Outer",
          "Parallel Aware": false,
          "Startup Cost": 33005.69,
          "Total Cost": 33006.0,
          "Plan Rows": 3,
          "Plan Width": 8,
          "Actual Startup Time": 103.037,
          "Actual Total Time": 110.753,
          "Actual Rows": 4,
          "Actual Loops": 1,
          "Workers Planned": 3,
          "Workers Launched": 3,
          "Single Copy": false,
          "Plans": [
            {
              "Node Type": "Aggregate",
              "Strategy": "Plain",
              "Partial Mode": "Partial",
              "Parent Relationship": "Outer",
              "Parallel Aware": false,
              "Startup Cost": 32005.69,
              "Total Cost": 32005.7,
              "Plan Rows": 1,
              "Plan Width": 8,
              "Actual Startup Time": 96.521,
              "Actual Total Time": 96.522,
              "Actual Rows": 1,
              "Actual Loops": 4,
              "Plans": [
                {
                  "Node Type": "Seq Scan",
                  "Parent Relationship": "Outer",
                  "Parallel Aware": true,
                  "Relation Name": "movie_companies",
                  "Alias": "mc",
                  "Startup Cost": 0.0,
                  "Total Cost": 31414.82,
                  "Plan Rows": 236350,
                  "Plan Width": 0,
                  "Actual Startup Time": 0.042,
                  "Actual Total Time": 81.758,
                  "Actual Rows": 252675,
                  "Actual Loops": 4,
                  "Filter": "((company_id < 13642) AND (company_type_id < 2))",
                  "Rows Removed by Filter": 399607
                }
              ]
            }
          ]
        }
      ]
    },
    "Planning Time": 0.176,
    "Triggers": [],
    "Execution Time": 110.81
  }
]