[
  {
    "Plan": {
      "Node Type": "Aggregate",
      "Strategy": "Plain",
      "Partial Mode": "Finalize",
      "Parallel Aware": false,
      "Startup Cost": 314515.37,
      "Total Cost": 314515.38,
      "Plan Rows": 1,
      "Plan Width": 8,
      "Actual Startup Time": 237.75,
      "Actual Total Time": 250.304,
      "Actual Rows": 1,
      "Actual Loops": 1,
      "Plans": [
        {
          "Node Type": "Gather",
          "Parent Relationship": "Outer",
          "Parallel Aware": false,
          "Startup Cost": 314514.75,
          "Total Cost": 314515.36,
          "Plan Rows": 6,
          "Plan Width": 8,
          "Actual Startup Time": 237.147,
          "Actual Total Time": 250.291,
          "Actual Rows": 7,
          "Actual Loops": 1,
          "Workers Planned": 6,
          "Workers Launched": 6,
          "Single Copy": false,
          "Plans": [
            {
              "Node Type": "Aggregate",
              "Strategy": "Plain",
              "Partial Mode": "Partial",
              "Parent Relationship": "Outer",
              "Parallel Aware": false,
              "Startup Cost": 313514.75,
              "Total Cost": 313514.76,
              "Plan Rows": 1,
              "Plan Width": 8,
              "Actual Startup Time": 228.909,
              "Actual Total Time": 228.911,
              "Actual Rows": 1,
              "Actual Loops": 7,
              "Plans": [
                {
                  "Node Type": "Bitmap Heap Scan",
                  "Parent Relationship": "Outer",
                  "Parallel Aware": true,
                  "Relation Name": "cast_info",
                  "Alias": "ci",
                  "Startup Cost": 54640.63,
                  "Total Cost": 312483.56,
                  "Plan Rows": 412474,
                  "Plan Width": 0,
                  "Actual Startup Time": 115.83,
                  "Actual Total Time": 210.892,
                  "Actual Rows": 343565,
                  "Actual Loops": 7,
                  "Recheck Cond": "(person_id > 3592850)",
                  "Rows Removed by Index Recheck": 0,
                  "Exact Heap Blocks": 8763,
                  "Lossy Heap Blocks": 0,
                  "Plans": [
                    {
                      "Node Type": "Bitmap Index Scan",
                      "Parent Relationship": "Outer",
                      "Parallel Aware": false,
                      "Index Name": "person_id_cast_info",
                      "Startup Cost": 0.0,
                      "Total Cost": 54021.92,
                      "Plan Rows": 2474847,
                      "Plan Width": 0,
                      "Actual Startup Time": 117.293,
                      "Actual Total Time": 117.294,
                      "Actual Rows": 2404958,
                      "Actual Loops": 1,
                      "Index Cond": "(person_id > 3592850)"
                    }
                  ]
                }
              ]
            }
          ]
        }
      ]
    },
    "Planning Time": 0.205,
    "Triggers": [],
    "Execution Time": 250.385
  }
]