[
  {
    "Plan": {
      "Node Type": "Aggregate",
      "Strategy": "Plain",
      "Partial Mode": "Finalize",
      "Parallel Aware": false,
      "Startup Cost": 46485.87,
      "Total Cost": 46485.88,
      "Plan Rows": 1,
      "Plan Width": 8,
      "Actual Startup Time": 93.06,
      "Actual Total Time": 105.169,
      "Actual Rows": 1,
      "Actual Loops": 1,
      "Plans": [
        {
          "Node Type": "Gather",
          "Parent Relationship": "Outer",
          "Parallel Aware": false,
          "Startup Cost": 46485.45,
          "Total Cost": 46485.86,
          "Plan Rows": 4,
          "Plan Width": 8,
          "Actual Startup Time": 92.821,
          "Actual Total Time": 105.074,
          "Actual Rows": 5,
          "Actual Loops": 1,
          "Workers Planned": 4,
          "Workers Launched": 4,
          "Single Copy": false,
          "Plans": [
            {
              "Node Type": "Aggregate",
              "Strategy": "Plain",
              "Partial Mode": "Partial",
              "Parent Relationship": "Outer",
              "Parallel Aware": false,
              "Startup Cost": 45485.45,
              "Total Cost": 45485.46,
              "Plan Rows": 1,
              "Plan Width": 8,
              "Actual Startup Time": 84.543,
              "Actual Total Time": 84.544,
              "Actual Rows": 1,
              "Actual Loops": 5,
              "Plans": [
                {
                  "Node Type": "Seq Scan",
                  "Parent Relationship": "Outer",
                  "Parallel Aware": true,
                  "Relation Name": "title",
                  "Alias": "t",
                  "Startup Cost": 0.0,
                  "Total Cost": 45479.1,
                  "Plan Rows": 2542,
                  "Plan Width": 0,
                  "Actual Startup Time": 58.098,
                  "Actual Total Time": 84.416,
                  "Actual Rows": 1294,
                  "Actual Loops": 5,
                  "Filter": "((kind_id < 2) AND (production_year = 1997))",
                  "Rows Removed by Filter": 504369
                }
              ]
            }
          ]
        }
      ]
    },
    "Planning Time": 0.192,
    "Triggers": [],
    "Execution Time": 105.227
  }
]