[
  {
    "Plan": {
      "Node Type": "Aggregate",
      "Strategy": "Plain",
      "Partial Mode": "Finalize",
      "Parallel Aware": false,
      "Startup Cost": 32156.8,
      "Total Cost": 32156.81,
      "Plan Rows": 1,
      "Plan Width": 8,
      "Actual Startup Time": 114.214,
      "Actual Total Time": 122.728,
      "Actual Rows": 1,
      "Actual Loops": 1,
      "Plans": [
        {
          "Node Type": "Gather",
          "Parent Relationship": "Outer",
          "Parallel Aware": false,
          "Startup Cost": 32156.48,
          "Total Cost": 32156.79,
          "Plan Rows": 3,
          "Plan Width": 8,
          "Actual Startup Time": 114.11,
          "Actual Total Time": 122.72,
          "Actual Rows": 4,
          "Actual Loops": 1,
          "Workers Planned": 3,
          "Workers Launched": 3,
          "Single Copy": false,
          "Plans": [
            {
              "Node Type": "Aggregate",
              "Strategy": "Plain",
              "Partial Mode": "Partial",
              "Parent Relationship": "Outer",
              "Parallel Aware": false,
              "Startup Cost": 31156.48,
              "Total Cost": 31156.49,
              "Plan Rows": 1,
              "Plan Width": 8,
              "Actual Startup Time": 108.938,
              "Actual Total Time": 108.939,
              "Actual Rows": 1,
              "Actual Loops": 4,
              "Plans": [
                {
                  "Node Type": "Seq Scan",
                  "Parent Relationship": "Outer",
                  "Parallel Aware": true,
                  "Relation Name": "movie_companies",
                  "Alias": "mc",
                  "Startup Cost": 0.0,
                  "Total Cost": 29310.68,
                  "Plan Rows": 738319,
                  "Plan Width": 0,
                  "Actual Startup Time": 0.024,
                  "Actual Total Time": 81.581,
                  "Actual Rows": 572164,
                  "Actual Loops": 4,
                  "Filter": "(company_id < 91495)",
                  "Rows Removed by Filter": 80119
                }
              ]
            }
          ]
        }
      ]
    },
    "Planning Time": 0.164,
    "Triggers": [],
    "Execution Time": 122.777
  }
]