[
  {
    "Plan": {
      "Node Type": "Aggregate",
      "Strategy": "Plain",
      "Partial Mode": "Finalize",
      "Parallel Aware": false,
      "Startup Cost": 32156.27,
      "Total Cost": 32156.28,
      "Plan Rows": 1,
      "Plan Width": 8,
      "Actual Startup Time": 117.397,
      "Actual Total Time": 125.334,
      "Actual Rows": 1,
      "Actual Loops": 1,
      "Plans": [
        {
          "Node Type": "Gather",
          "Parent Relationship": "Outer",
          "Parallel Aware": false,
          "Startup Cost": 32155.95,
          "Total Cost": 32156.26,
          "Plan Rows": 3,
          "Plan Width": 8,
          "Actual Startup Time": 117.278,
          "Actual Total Time": 125.327,
          "Actual Rows": 4,
          "Actual Loops": 1,
          "Workers Planned": 3,
          "Workers Launched": 3,
          "Single Copy": false,
          "Plans": [
            {
              "Node Type": "Aggregate",
              "Strategy": "Plain",
              "Partial Mode": "Partial",
              "Parent Relationship": "Outer",
              "Parallel Aware": false,
              "Startup Cost": 31155.95,
              "Total Cost": 31155.96,
              "Plan Rows": 1,
              "Plan Width": 8,
              "Actual Startup Time": 111.044,
              "Actual Total Time": 111.045,
              "Actual Rows": 1,
              "Actual Loops": 4,
              "Plans": [
                {
                  "Node Type": "Seq Scan",
                  "Parent Relationship": "Outer",
                  "Parallel Aware": true,
                  "Relation Name": "movie_companies",
                  "Alias": "mc",
                  "Startup Cost": 0.0,
                  "Total Cost": 29310.68,
                  "Plan Rows": 738109,
                  "Plan Width": 0,
                  "Actual Startup Time": 0.04,
                  "Actual Total Time": 83.912,
                  "Actual Rows": 572164,
                  "Actual Loops": 4,
                  "Filter": "(company_id < 91495)",
                  "Rows Removed by Filter": 80119
                }
              ]
            }
          ]
        }
      ]
    },
    "Planning Time": 0.189,
    "Triggers": [],
    "Execution Time": 125.389
  }
]