[
  {
    "Plan": {
      "Node Type": "Aggregate",
      "Strategy": "Plain",
      "Partial Mode": "Finalize",
      "Parallel Aware": false,
      "Startup Cost": 238110.22,
      "Total Cost": 238110.23,
      "Plan Rows": 1,
      "Plan Width": 8,
      "Actual Startup Time": 159.858,
      "Actual Total Time": 190.912,
      "Actual Rows": 1,
      "Actual Loops": 1,
      "Plans": [
        {
          "Node Type": "Gather",
          "Parent Relationship": "Outer",
          "Parallel Aware": false,
          "Startup Cost": 238109.8,
          "Total Cost": 238110.21,
          "Plan Rows": 4,
          "Plan Width": 8,
          "Actual Startup Time": 159.384,
          "Actual Total Time": 190.902,
          "Actual Rows": 5,
          "Actual Loops": 1,
          "Workers Planned": 4,
          "Workers Launched": 4,
          "Single Copy": false,
          "Plans": [
            {
              "Node Type": "Aggregate",
              "Strategy": "Plain",
              "Partial Mode": "Partial",
              "Parent Relationship": "Outer",
              "Parallel Aware": false,
              "Startup Cost": 237109.8,
              "Total Cost": 237109.81,
              "Plan Rows": 1,
              "Plan Width": 8,
              "Actual Startup Time": 152.729,
              "Actual Total Time": 152.73,
              "Actual Rows": 1,
              "Actual Loops": 5,
              "Plans": [
                {
                  "Node Type": "Nested Loop",
                  "Parent Relationship": "Outer",
                  "Parallel Aware": false,
                  "Join Type": "Inner",
                  "Startup Cost": 0.56,
                  "Total Cost": 237084.51,
                  "Plan Rows": 10115,
                  "Plan Width": 0,
                  "Actual Startup Time": 48.288,
                  "Actual Total Time": 152.091,
                  "Actual Rows": 7485,
                  "Actual Loops": 5,
                  "Inner Unique": false,
                  "Plans": [
                    {
                      "Node Type": "Seq Scan",
                      "Parent Relationship": "Outer",
                      "Parallel Aware": true,
                      "Relation Name": "title",
                      "Alias": "t",
                      "Startup Cost": 0.0,
                      "Total Cost": 45479.59,
                      "Plan Rows": 2014,
                      "Plan Width": 4,
                      "Actual Startup Time": 48.188,
                      "Actual Total Time": 68.999,
                      "Actual Rows": 1067,
                      "Actual Loops": 5,
                      "Filter": "((kind_id = 1) AND (production_year = 1994))",
                      "Rows Removed by Filter": 504595
                    },
                    {
                      "Node Type": "Index Scan",
                      "Parent Relationship": "Inner",
                      "Parallel Aware": false,
                      "Scan Direction": "Forward",
                      "Index Name": "movie_id_cast_info",
                      "Relation Name": "cast_info",
                      "Alias": "ci",
                      "Startup Cost": 0.56,
                      "Total Cost": 95.02,
                      "Plan Rows": 12,
                      "Plan Width": 4,
                      "Actual Startup Time": 0.014,
                      "Actual Total Time": 0.077,
                      "Actual Rows": 7,
                      "Actual Loops": 5336,
                      "Index Cond": "(movie_id = t.id)",
                      "Rows Removed by Index Recheck": 0,
                      "Filter": "(role_id = 1)",
                      "Rows Removed by Filter": 12
                    }
                  ]
                }
              ]
            }
          ]
        }
      ]
    },
    "Planning Time": 0.46,
    "Triggers": [],
    "Execution Time": 190.963
  }
]