[
  {
    "Plan": {
      "Node Type": "Aggregate",
      "Strategy": "Plain",
      "Partial Mode": "Finalize",
      "Parallel Aware": false,
      "Startup Cost": 28843.8,
      "Total Cost": 28843.81,
      "Plan Rows": 1,
      "Plan Width": 8,
      "Actual Startup Time": 81.354,
      "Actual Total Time": 89.837,
      "Actual Rows": 1,
      "Actual Loops": 1,
      "Plans": [
        {
          "Node Type": "Gather",
          "Parent Relationship": "Outer",
          "Parallel Aware": false,
          "Startup Cost": 28843.48,
          "Total Cost": 28843.79,
          "Plan Rows": 3,
          "Plan Width": 8,
          "Actual Startup Time": 81.078,
          "Actual Total Time": 89.828,
          "Actual Rows": 4,
          "Actual Loops": 1,
          "Workers Planned": 3,
          "Workers Launched": 3,
          "Single Copy": false,
          "Plans": [
            {
              "Node Type": "Aggregate",
              "Strategy": "Plain",
              "Partial Mode": "Partial",
              "Parent Relationship": "Outer",
              "Parallel Aware": false,
              "Startup Cost": 27843.48,
              "Total Cost": 27843.49,
              "Plan Rows": 1,
              "Plan Width": 8,
              "Actual Startup Time": 72.782,
              "Actual Total Time": 72.783,
              "Actual Rows": 1,
              "Actual Loops": 4,
              "Plans": [
                {
                  "Node Type": "Bitmap Heap Scan",
                  "Parent Relationship": "Outer",
                  "Parallel Aware": true,
                  "Relation Name": "movie_keyword",
                  "Alias": "mk",
                  "Startup Cost": 2760.25,
                  "Total Cost": 27738.61,
                  "Plan Rows": 41949,
                  "Plan Width": 0,
                  "Actual Startup Time": 23.275,
                  "Actual Total Time": 70.208,
                  "Actual Rows": 31656,
                  "Actual Loops": 4,
                  "Recheck Cond": "(keyword_id > 76946)",
                  "Rows Removed by Index Recheck": 0,
                  "Exact Heap Blocks": 11742,
                  "Lossy Heap Blocks": 0,
                  "Plans": [
                    {
                      "Node Type": "Bitmap Index Scan",
                      "Parent Relationship": "Outer",
                      "Parallel Aware": false,
                      "Index Name": "keyword_id_movie_keyword",
                      "Startup Cost": 0.0,
                      "Total Cost": 2727.74,
                      "Plan Rows": 130041,
                      "Plan Width": 0,
                      "Actual Startup Time": 25.687,
                      "Actual Total Time": 25.688,
                      "Actual Rows": 126626,
                      "Actual Loops": 1,
                      "Index Cond": "(keyword_id > 76946)"
                    }
                  ]
                }
              ]
            }
          ]
        }
      ]
    },
    "Planning Time": 0.184,
    "Triggers": [],
    "Execution Time": 89.911
  }
]