{
  "Plan": {
    "Node Type": "Aggregate",
    "Strategy": "Plain",
    "Partial Mode": "Finalize",
    "Parallel Aware": false,
    "Startup Cost": 648704.32,
    "Total Cost": 648704.33,
    "Plan Rows": 1,
    "Plan Width": 8,
    "Actual Startup Time": 2801.773,
    "Actual Total Time": 2841.28,
    "Actual Rows": 1,
    "Actual Loops": 1,
    "Plans": [
      {
        "Node Type": "Gather",
        "Parent Relationship": "Outer",
        "Parallel Aware": false,
        "Startup Cost": 648704.21,
        "Total Cost": 648704.32,
        "Plan Rows": 1,
        "Plan Width": 8,
        "Actual Startup Time": 2797.957,
        "Actual Total Time": 2841.272,
        "Actual Rows": 2,
        "Actual Loops": 1,
        "Workers Planned": 1,
        "Workers Launched": 1,
        "Single Copy": false,
        "Plans": [
          {
            "Node Type": "Aggregate",
            "Strategy": "Plain",
            "Partial Mode": "Partial",
            "Parent Relationship": "Outer",
            "Parallel Aware": false,
            "Startup Cost": 647704.21,
            "Total Cost": 647704.22,
            "Plan Rows": 1,
            "Plan Width": 8,
            "Actual Startup Time": 2789.79,
            "Actual Total Time": 2789.794,
            "Actual Rows": 1,
            "Actual Loops": 2,
            "Plans": [
              {
                "Node Type": "Hash Join",
                "Parent Relationship": "Outer",
                "Parallel Aware": true,
                "Join Type": "Inner",
                "Startup Cost": 285941.49,
                "Total Cost": 640434.77,
                "Plan Rows": 2907775,
                "Plan Width": 0,
                "Actual Startup Time": 924.535,
                "Actual Total Time": 2708.192,
                "Actual Rows": 1556412,
                "Actual Loops": 2,
                "Inner Unique": true,
                "Hash Cond": "(ci.movie_id = t.id)",
                "Plans": [
                  {
                    "Node Type": "Bitmap Heap Scan",
                    "Parent Relationship": "Outer",
                    "Parallel Aware": true,
                    "Relation Name": "cast_info",
                    "Alias": "ci",
                    "Startup Cost": 220812.59,
                    "Total Cost": 561843.61,
                    "Plan Rows": 5128469,
                    "Plan Width": 4,
                    "Actual Startup Time": 558.956,
                    "Actual Total Time": 1269.74,
                    "Actual Rows": 3195161,
                    "Actual Loops": 2,
                    "Recheck Cond": "(person_id > 2722557)",
                    "Rows Removed by Index Recheck": 0,
                    "Filter": "(role_id < 10)",
                    "Rows Removed by Filter": 1756849,
                    "Exact Heap Blocks": 67145,
                    "Lossy Heap Blocks": 0,
                    "Plans": [
                      {
                        "Node Type": "Bitmap Index Scan",
                        "Parent Relationship": "Outer",
                        "Parallel Aware": false,
                        "Index Name": "person_id_cast_info",
                        "Startup Cost": 0.0,
                        "Total Cost": 218632.99,
                        "Plan Rows": 10012323,
                        "Plan Width": 0,
                        "Actual Startup Time": 537.784,
                        "Actual Total Time": 537.785,
                        "Actual Rows": 9904020,
                        "Actual Loops": 1,
                        "Index Cond": "(person_id > 2722557)"
                      }
                    ]
                  },
                  {
                    "Node Type": "Hash",
                    "Parent Relationship": "Inner",
                    "Parallel Aware": true,
                    "Startup Cost": 54588.39,
                    "Total Cost": 54588.39,
                    "Plan Rows": 843241,
                    "Plan Width": 4,
                    "Actual Startup Time": 351.525,
                    "Actual Total Time": 351.526,
                    "Actual Rows": 721649,
                    "Actual Loops": 2,
                    "Hash Buckets": 2097152,
                    "Original Hash Buckets": 2097152,
                    "Hash Batches": 1,
                    "Original Hash Batches": 1,
                    "Peak Memory Usage": 72896,
                    "Plans": [
                      {
                        "Node Type": "Seq Scan",
                        "Parent Relationship": "Outer",
                        "Parallel Aware": true,
                        "Relation Name": "title",
                        "Alias": "t",
                        "Startup Cost": 0.0,
                        "Total Cost": 54588.39,
                        "Plan Rows": 843241,
                        "Plan Width": 4,
                        "Actual Startup Time": 0.024,
                        "Actual Total Time": 164.721,
                        "Actual Rows": 721649,
                        "Actual Loops": 2,
                        "Filter": "(production_year < 2006)",
                        "Rows Removed by Filter": 542507
                      }
                    ]
                  }
                ]
              }
            ]
          }
        ]
      }
    ]
  },
  "Planning Time": 0.717,
  "Triggers": [],
  "Execution Time": 2841.376
}