[
  {
    "Plan": {
      "Node Type": "Aggregate",
      "Strategy": "Plain",
      "Partial Mode": "Finalize",
      "Parallel Aware": false,
      "Startup Cost": 43403.93,
      "Total Cost": 43403.94,
      "Plan Rows": 1,
      "Plan Width": 8,
      "Actual Startup Time": 148.067,
      "Actual Total Time": 156.257,
      "Actual Rows": 1,
      "Actual Loops": 1,
      "Plans": [
        {
          "Node Type": "Gather",
          "Parent Relationship": "Outer",
          "Parallel Aware": false,
          "Startup Cost": 43403.61,
          "Total Cost": 43403.92,
          "Plan Rows": 3,
          "Plan Width": 8,
          "Actual Startup Time": 147.776,
          "Actual Total Time": 156.249,
          "Actual Rows": 4,
          "Actual Loops": 1,
          "Workers Planned": 3,
          "Workers Launched": 3,
          "Single Copy": false,
          "Plans": [
            {
              "Node Type": "Aggregate",
              "Strategy": "Plain",
              "Partial Mode": "Partial",
              "Parent Relationship": "Outer",
              "Parallel Aware": false,
              "Startup Cost": 42403.61,
              "Total Cost": 42403.62,
              "Plan Rows": 1,
              "Plan Width": 8,
              "Actual Startup Time": 141.065,
              "Actual Total Time": 141.067,
              "Actual Rows": 1,
              "Actual Loops": 4,
              "Plans": [
                {
                  "Node Type": "Bitmap Heap Scan",
                  "Parent Relationship": "Outer",
                  "Parallel Aware": true,
                  "Relation Name": "movie_keyword",
                  "Alias": "mk",
                  "Startup Cost": 14615.91,
                  "Total Cost": 41848.0,
                  "Plan Rows": 222247,
                  "Plan Width": 0,
                  "Actual Startup Time": 57.103,
                  "Actual Total Time": 132.089,
                  "Actual Rows": 168838,
                  "Actual Loops": 4,
                  "Recheck Cond": "(keyword_id > 27755)",
                  "Rows Removed by Index Recheck": 0,
                  "Exact Heap Blocks": 9914,
                  "Lossy Heap Blocks": 0,
                  "Plans": [
                    {
                      "Node Type": "Bitmap Index Scan",
                      "Parent Relationship": "Outer",
                      "Parallel Aware": false,
                      "Index Name": "keyword_id_movie_keyword",
                      "Startup Cost": 0.0,
                      "Total Cost": 14443.67,
                      "Plan Rows": 688965,
                      "Plan Width": 0,
                      "Actual Startup Time": 59.474,
                      "Actual Total Time": 59.475,
                      "Actual Rows": 675353,
                      "Actual Loops": 1,
                      "Index Cond": "(keyword_id > 27755)"
                    }
                  ]
                }
              ]
            }
          ]
        }
      ]
    },
    "Planning Time": 0.182,
    "Triggers": [],
    "Execution Time": 156.335
  }
]