[
  {
    "Plan": {
      "Node Type": "Aggregate",
      "Strategy": "Plain",
      "Partial Mode": "Finalize",
      "Parallel Aware": false,
      "Startup Cost": 72624.01,
      "Total Cost": 72624.02,
      "Plan Rows": 1,
      "Plan Width": 8,
      "Actual Startup Time": 161.324,
      "Actual Total Time": 177.266,
      "Actual Rows": 1,
      "Actual Loops": 1,
      "Plans": [
        {
          "Node Type": "Gather",
          "Parent Relationship": "Outer",
          "Parallel Aware": false,
          "Startup Cost": 72623.69,
          "Total Cost": 72624.0,
          "Plan Rows": 3,
          "Plan Width": 8,
          "Actual Startup Time": 160.753,
          "Actual Total Time": 177.259,
          "Actual Rows": 4,
          "Actual Loops": 1,
          "Workers Planned": 3,
          "Workers Launched": 3,
          "Single Copy": false,
          "Plans": [
            {
              "Node Type": "Aggregate",
              "Strategy": "Plain",
              "Partial Mode": "Partial",
              "Parent Relationship": "Outer",
              "Parallel Aware": false,
              "Startup Cost": 71623.69,
              "Total Cost": 71623.7,
              "Plan Rows": 1,
              "Plan Width": 8,
              "Actual Startup Time": 151.584,
              "Actual Total Time": 151.588,
              "Actual Rows": 1,
              "Actual Loops": 4,
              "Plans": [
                {
                  "Node Type": "Hash Join",
                  "Parent Relationship": "Outer",
                  "Parallel Aware": true,
                  "Join Type": "Inner",
                  "Startup Cost": 51417.75,
                  "Total Cost": 71621.53,
                  "Plan Rows": 866,
                  "Plan Width": 0,
                  "Actual Startup Time": 136.479,
                  "Actual Total Time": 151.552,
                  "Actual Rows": 235,
                  "Actual Loops": 4,
                  "Inner Unique": true,
                  "Hash Cond": "(mc.movie_id = t.id)",
                  "Plans": [
                    {
                      "Node Type": "Bitmap Heap Scan",
                      "Parent Relationship": "Outer",
                      "Parallel Aware": true,
                      "Relation Name": "movie_companies",
                      "Alias": "mc",
                      "Startup Cost": 5783.03,
                      "Total Cost": 25871.44,
                      "Plan Rows": 43950,
                      "Plan Width": 4,
                      "Actual Startup Time": 37.504,
                      "Actual Total Time": 49.265,
                      "Actual Rows": 15621,
                      "Actual Loops": 4,
                      "Recheck Cond": "(company_id < 139)",
                      "Rows Removed by Index Recheck": 0,
                      "Filter": "(company_type_id = 2)",
                      "Rows Removed by Filter": 50962,
                      "Exact Heap Blocks": 7639,
                      "Lossy Heap Blocks": 0,
                      "Plans": [
                        {
                          "Node Type": "Bitmap Index Scan",
                          "Parent Relationship": "Outer",
                          "Parallel Aware": false,
                          "Index Name": "company_id_movie_companies",
                          "Startup Cost": 0.0,
                          "Total Cost": 5748.97,
                          "Plan Rows": 268338,
                          "Plan Width": 0,
                          "Actual Startup Time": 11.365,
                          "Actual Total Time": 11.365,
                          "Actual Rows": 266330,
                          "Actual Loops": 1,
                          "Index Cond": "(company_id < 139)"
                        }
                      ]
                    },
                    {
                      "Node Type": "Hash",
                      "Parent Relationship": "Inner",
                      "Parallel Aware": true,
                      "Startup Cost": 45479.1,
                      "Total Cost": 45479.1,
                      "Plan Rows": 12450,
                      "Plan Width": 4,
                      "Actual Startup Time": 97.354,
                      "Actual Total Time": 97.355,
                      "Actual Rows": 10896,
                      "Actual Loops": 4,
                      "Hash Buckets": 65536,
                      "Original Hash Buckets": 65536,
                      "Hash Batches": 1,
                      "Original Hash Batches": 1,
                      "Peak Memory Usage": 2272,
                      "Plans": [
                        {
                          "Node Type": "Seq Scan",
                          "Parent Relationship": "Outer",
                          "Parallel Aware": true,
                          "Relation Name": "title",
                          "Alias": "t",
                          "Startup Cost": 0.0,
                          "Total Cost": 45479.1,
                          "Plan Rows": 12450,
                          "Plan Width": 4,
                          "Actual Startup Time": 0.209,
                          "Actual Total Time": 93.069,
                          "Actual Rows": 10896,
                          "Actual Loops": 4,
                          "Filter": "((kind_id < 6) AND (production_year = 2009))",
                          "Rows Removed by Filter": 621182
                        }
                      ]
                    }
                  ]
                }
              ]
            }
          ]
        }
      ]
    },
    "Planning Time": 0.705,
    "Triggers": [],
    "Execution Time": 177.356
  }
]