{
  "Plan": {
    "Node Type": "Aggregate",
    "Strategy": "Plain",
    "Partial Mode": "Finalize",
    "Parallel Aware": false,
    "Startup Cost": 112903.77,
    "Total Cost": 112903.78,
    "Plan Rows": 1,
    "Plan Width": 8,
    "Actual Startup Time": 801.35,
    "Actual Total Time": 817.31,
    "Actual Rows": 1,
    "Actual Loops": 1,
    "Plans": [
      {
        "Node Type": "Gather",
        "Parent Relationship": "Outer",
        "Parallel Aware": false,
        "Startup Cost": 112903.66,
        "Total Cost": 112903.77,
        "Plan Rows": 1,
        "Plan Width": 8,
        "Actual Startup Time": 799.301,
        "Actual Total Time": 817.304,
        "Actual Rows": 2,
        "Actual Loops": 1,
        "Workers Planned": 1,
        "Workers Launched": 1,
        "Single Copy": false,
        "Plans": [
          {
            "Node Type": "Aggregate",
            "Strategy": "Plain",
            "Partial Mode": "Partial",
            "Parent Relationship": "Outer",
            "Parallel Aware": false,
            "Startup Cost": 111903.66,
            "Total Cost": 111903.67,
            "Plan Rows": 1,
            "Plan Width": 8,
            "Actual Startup Time": 793.516,
            "Actual Total Time": 793.52,
            "Actual Rows": 1,
            "Actual Loops": 2,
            "Plans": [
              {
                "Node Type": "Hash Join",
                "Parent Relationship": "Outer",
                "Parallel Aware": true,
                "Join Type": "Inner",
                "Startup Cost": 47753.6,
                "Total Cost": 110715.29,
                "Plan Rows": 475350,
                "Plan Width": 0,
                "Actual Startup Time": 241.334,
                "Actual Total Time": 772.751,
                "Actual Rows": 513534,
                "Actual Loops": 2,
                "Inner Unique": false,
                "Hash Cond": "(t.id = mc.movie_id)",
                "Plans": [
                  {
                    "Node Type": "Seq Scan",
                    "Parent Relationship": "Outer",
                    "Parallel Aware": true,
                    "Relation Name": "title",
                    "Alias": "t",
                    "Startup Cost": 0.0,
                    "Total Cost": 50870.31,
                    "Plan Rows": 1487231,
                    "Plan Width": 4,
                    "Actual Startup Time": 0.011,
                    "Actual Total Time": 118.921,
                    "Actual Rows": 1264156,
                    "Actual Loops": 2
                  },
                  {
                    "Node Type": "Hash",
                    "Parent Relationship": "Inner",
                    "Parallel Aware": true,
                    "Startup Cost": 41811.73,
                    "Total Cost": 41811.73,
                    "Plan Rows": 475350,
                    "Plan Width": 4,
                    "Actual Startup Time": 235.448,
                    "Actual Total Time": 235.449,
                    "Actual Rows": 513534,
                    "Actual Loops": 2,
                    "Hash Buckets": 1048576,
                    "Original Hash Buckets": 1048576,
                    "Hash Batches": 1,
                    "Original Hash Batches": 1,
                    "Peak Memory Usage": 48416,
                    "Plans": [
                      {
                        "Node Type": "Seq Scan",
                        "Parent Relationship": "Outer",
                        "Parallel Aware": true,
                        "Relation Name": "movie_companies",
                        "Alias": "mc",
                        "Startup Cost": 0.0,
                        "Total Cost": 41811.73,
                        "Plan Rows": 475350,
                        "Plan Width": 4,
                        "Actual Startup Time": 60.541,
                        "Actual Total Time": 133.243,
                        "Actual Rows": 513534,
                        "Actual Loops": 2,
                        "Filter": "((company_id > 5221) AND (company_type_id = 2))",
                        "Rows Removed by Filter": 791031
                      }
                    ]
                  }
                ]
              }
            ]
          }
        ]
      }
    ]
  },
  "Planning Time": 0.375,
  "Triggers": [],
  "Execution Time": 817.351
}