[
  {
    "Plan": {
      "Node Type": "Aggregate",
      "Strategy": "Plain",
      "Partial Mode": "Finalize",
      "Parallel Aware": false,
      "Startup Cost": 46017.96,
      "Total Cost": 46017.97,
      "Plan Rows": 1,
      "Plan Width": 8,
      "Actual Startup Time": 157.441,
      "Actual Total Time": 167.332,
      "Actual Rows": 1,
      "Actual Loops": 1,
      "Plans": [
        {
          "Node Type": "Gather",
          "Parent Relationship": "Outer",
          "Parallel Aware": false,
          "Startup Cost": 46017.64,
          "Total Cost": 46017.95,
          "Plan Rows": 3,
          "Plan Width": 8,
          "Actual Startup Time": 157.341,
          "Actual Total Time": 167.324,
          "Actual Rows": 4,
          "Actual Loops": 1,
          "Workers Planned": 3,
          "Workers Launched": 3,
          "Single Copy": false,
          "Plans": [
            {
              "Node Type": "Aggregate",
              "Strategy": "Plain",
              "Partial Mode": "Partial",
              "Parent Relationship": "Outer",
              "Parallel Aware": false,
              "Startup Cost": 45017.64,
              "Total Cost": 45017.65,
              "Plan Rows": 1,
              "Plan Width": 8,
              "Actual Startup Time": 150.899,
              "Actual Total Time": 150.9,
              "Actual Rows": 1,
              "Actual Loops": 4,
              "Plans": [
                {
                  "Node Type": "Seq Scan",
                  "Parent Relationship": "Outer",
                  "Parallel Aware": true,
                  "Relation Name": "movie_keyword",
                  "Alias": "mk",
                  "Startup Cost": 0.0,
                  "Total Cost": 42695.65,
                  "Plan Rows": 928796,
                  "Plan Width": 0,
                  "Actual Startup Time": 0.047,
                  "Actual Total Time": 118.124,
                  "Actual Rows": 723415,
                  "Actual Loops": 4,
                  "Filter": "(keyword_id < 9125)",
                  "Rows Removed by Filter": 407568
                }
              ]
            }
          ]
        }
      ]
    },
    "Planning Time": 0.094,
    "Triggers": [],
    "Execution Time": 167.362
  }
]