{
  "Plan": {
    "Node Type": "Aggregate",
    "Strategy": "Plain",
    "Partial Mode": "Finalize",
    "Parallel Aware": false,
    "Startup Cost": 735736.82,
    "Total Cost": 735736.83,
    "Plan Rows": 1,
    "Plan Width": 8,
    "Actual Startup Time": 5585.672,
    "Actual Total Time": 5659.124,
    "Actual Rows": 1,
    "Actual Loops": 1,
    "Plans": [
      {
        "Node Type": "Gather",
        "Parent Relationship": "Outer",
        "Parallel Aware": false,
        "Startup Cost": 735736.71,
        "Total Cost": 735736.82,
        "Plan Rows": 1,
        "Plan Width": 8,
        "Actual Startup Time": 5581.063,
        "Actual Total Time": 5659.115,
        "Actual Rows": 2,
        "Actual Loops": 1,
        "Workers Planned": 1,
        "Workers Launched": 1,
        "Single Copy": false,
        "Plans": [
          {
            "Node Type": "Aggregate",
            "Strategy": "Plain",
            "Partial Mode": "Partial",
            "Parent Relationship": "Outer",
            "Parallel Aware": false,
            "Startup Cost": 734736.71,
            "Total Cost": 734736.72,
            "Plan Rows": 1,
            "Plan Width": 8,
            "Actual Startup Time": 5575.738,
            "Actual Total Time": 5576.655,
            "Actual Rows": 1,
            "Actual Loops": 2,
            "Plans": [
              {
                "Node Type": "Hash Join",
                "Parent Relationship": "Outer",
                "Parallel Aware": true,
                "Join Type": "Inner",
                "Startup Cost": 105334.83,
                "Total Cost": 729626.07,
                "Plan Rows": 2044255,
                "Plan Width": 0,
                "Actual Startup Time": 1513.687,
                "Actual Total Time": 5314.675,
                "Actual Rows": 5523886,
                "Actual Loops": 2,
                "Inner Unique": false,
                "Hash Cond": "(ci.movie_id = t.id)",
                "Plans": [
                  {
                    "Node Type": "Seq Scan",
                    "Parent Relationship": "Outer",
                    "Parallel Aware": true,
                    "Relation Name": "cast_info",
                    "Alias": "ci",
                    "Startup Cost": 0.0,
                    "Total Cost": 572345.93,
                    "Plan Rows": 10645411,
                    "Plan Width": 4,
                    "Actual Startup Time": 658.516,
                    "Actual Total Time": 2012.941,
                    "Actual Rows": 7512636,
                    "Actual Loops": 2,
                    "Filter": "((person_id < 2832406) AND (role_id > 1))",
                    "Rows Removed by Filter": 10609536
                  },
                  {
                    "Node Type": "Hash",
                    "Parent Relationship": "Inner",
                    "Parallel Aware": true,
                    "Startup Cost": 101764.89,
                    "Total Cost": 101764.89,
                    "Plan Rows": 285595,
                    "Plan Width": 8,
                    "Actual Startup Time": 849.222,
                    "Actual Total Time": 850.137,
                    "Actual Rows": 521900,
                    "Actual Loops": 2,
                    "Hash Buckets": 1048576,
                    "Original Hash Buckets": 524288,
                    "Hash Batches": 1,
                    "Original Hash Batches": 1,
                    "Peak Memory Usage": 53152,
                    "Plans": [
                      {
                        "Node Type": "Hash Join",
                        "Parent Relationship": "Outer",
                        "Parallel Aware": true,
                        "Join Type": "Inner",
                        "Startup Cost": 61878.3,
                        "Total Cost": 101764.89,
                        "Plan Rows": 285595,
                        "Plan Width": 8,
                        "Actual Startup Time": 335.526,
                        "Actual Total Time": 703.884,
                        "Actual Rows": 521900,
                        "Actual Loops": 2,
                        "Inner Unique": true,
                        "Hash Cond": "(mc.movie_id = t.id)",
                        "Plans": [
                          {
                            "Node Type": "Seq Scan",
                            "Parent Relationship": "Outer",
                            "Parallel Aware": true,
                            "Relation Name": "movie_companies",
                            "Alias": "mc",
                            "Startup Cost": 0.0,
                            "Total Cost": 37974.77,
                            "Plan Rows": 728311,
                            "Plan Width": 4,
                            "Actual Startup Time": 17.898,
                            "Actual Total Time": 155.127,
                            "Actual Rows": 621181,
                            "Actual Loops": 2,
                            "Filter": "(company_id > 11758)",
                            "Rows Removed by Filter": 683384
                          },
                          {
                            "Node Type": "Hash",
                            "Parent Relationship": "Inner",
                            "Parallel Aware": true,
                            "Startup Cost": 54588.39,
                            "Total Cost": 54588.39,
                            "Plan Rows": 583193,
                            "Plan Width": 4,
                            "Actual Startup Time": 311.002,
                            "Actual Total Time": 311.003,
                            "Actual Rows": 492524,
                            "Actual Loops": 2,
                            "Hash Buckets": 1048576,
                            "Original Hash Buckets": 1048576,
                            "Hash Batches": 1,
                            "Original Hash Batches": 1,
                            "Peak Memory Usage": 46784,
                            "Plans": [
                              {
                                "Node Type": "Seq Scan",
                                "Parent Relationship": "Outer",
                                "Parallel Aware": true,
                                "Relation Name": "title",
                                "Alias": "t",
                                "Startup Cost": 0.0,
                                "Total Cost": 54588.39,
                                "Plan Rows": 583193,
                                "Plan Width": 4,
                                "Actual Startup Time": 0.041,
                                "Actual Total Time": 175.667,
                                "Actual Rows": 492524,
                                "Actual Loops": 2,
                                "Filter": "(kind_id < 7)",
                                "Rows Removed by Filter": 771632
                              }
                            ]
                          }
                        ]
                      }
                    ]
                  }
                ]
              }
            ]
          }
        ]
      }
    ]
  },
  "Planning Time": 1.038,
  "Triggers": [],
  "Execution Time": 5659.248
}