[
  {
    "Plan": {
      "Node Type": "Aggregate",
      "Strategy": "Plain",
      "Partial Mode": "Finalize",
      "Parallel Aware": false,
      "Startup Cost": 335363.89,
      "Total Cost": 335363.9,
      "Plan Rows": 1,
      "Plan Width": 8,
      "Actual Startup Time": 716.913,
      "Actual Total Time": 764.111,
      "Actual Rows": 1,
      "Actual Loops": 1,
      "Plans": [
        {
          "Node Type": "Gather",
          "Parent Relationship": "Outer",
          "Parallel Aware": false,
          "Startup Cost": 335363.27,
          "Total Cost": 335363.88,
          "Plan Rows": 6,
          "Plan Width": 8,
          "Actual Startup Time": 716.771,
          "Actual Total Time": 764.1,
          "Actual Rows": 7,
          "Actual Loops": 1,
          "Workers Planned": 6,
          "Workers Launched": 6,
          "Single Copy": false,
          "Plans": [
            {
              "Node Type": "Aggregate",
              "Strategy": "Plain",
              "Partial Mode": "Partial",
              "Parent Relationship": "Outer",
              "Parallel Aware": false,
              "Startup Cost": 334363.27,
              "Total Cost": 334363.28,
              "Plan Rows": 1,
              "Plan Width": 8,
              "Actual Startup Time": 709.31,
              "Actual Total Time": 709.312,
              "Actual Rows": 1,
              "Actual Loops": 7,
              "Plans": [
                {
                  "Node Type": "Seq Scan",
                  "Parent Relationship": "Outer",
                  "Parallel Aware": true,
                  "Relation Name": "cast_info",
                  "Alias": "ci",
                  "Startup Cost": 0.0,
                  "Total Cost": 328211.39,
                  "Plan Rows": 2460751,
                  "Plan Width": 0,
                  "Actual Startup Time": 246.071,
                  "Actual Total Time": 602.066,
                  "Actual Rows": 2073798,
                  "Actual Loops": 7,
                  "Filter": "(person_id > 2208020)",
                  "Rows Removed by Filter": 3103966
                }
              ]
            }
          ]
        }
      ]
    },
    "Planning Time": 0.106,
    "Triggers": [],
    "Execution Time": 764.158
  }
]