[
  {
    "Plan": {
      "Node Type": "Aggregate",
      "Strategy": "Plain",
      "Partial Mode": "Simple",
      "Parallel Aware": false,
      "Startup Cost": 24951.72,
      "Total Cost": 24951.73,
      "Plan Rows": 1,
      "Plan Width": 8,
      "Actual Startup Time": 25.171,
      "Actual Total Time": 25.173,
      "Actual Rows": 1,
      "Actual Loops": 1,
      "Plans": [
        {
          "Node Type": "Bitmap Heap Scan",
          "Parent Relationship": "Outer",
          "Parallel Aware": false,
          "Relation Name": "movie_keyword",
          "Alias": "mk",
          "Startup Cost": 420.81,
          "Total Cost": 24902.57,
          "Plan Rows": 19662,
          "Plan Width": 0,
          "Actual Startup Time": 6.027,
          "Actual Total Time": 23.023,
          "Actual Rows": 17799,
          "Actual Loops": 1,
          "Recheck Cond": "(keyword_id > 118957)",
          "Rows Removed by Index Recheck": 0,
          "Exact Heap Blocks": 5468,
          "Lossy Heap Blocks": 0,
          "Plans": [
            {
              "Node Type": "Bitmap Index Scan",
              "Parent Relationship": "Outer",
              "Parallel Aware": false,
              "Index Name": "keyword_id_movie_keyword",
              "Startup Cost": 0.0,
              "Total Cost": 415.9,
              "Plan Rows": 19662,
              "Plan Width": 0,
              "Actual Startup Time": 3.555,
              "Actual Total Time": 3.555,
              "Actual Rows": 17799,
              "Actual Loops": 1,
              "Index Cond": "(keyword_id > 118957)"
            }
          ]
        }
      ]
    },
    "Planning Time": 0.244,
    "Triggers": [],
    "Execution Time": 25.231
  }
]