[
  {
    "Plan": {
      "Node Type": "Aggregate",
      "Strategy": "Plain",
      "Partial Mode": "Finalize",
      "Parallel Aware": false,
      "Startup Cost": 46415.29,
      "Total Cost": 46415.3,
      "Plan Rows": 1,
      "Plan Width": 8,
      "Actual Startup Time": 182.054,
      "Actual Total Time": 192.717,
      "Actual Rows": 1,
      "Actual Loops": 1,
      "Plans": [
        {
          "Node Type": "Gather",
          "Parent Relationship": "Outer",
          "Parallel Aware": false,
          "Startup Cost": 46414.97,
          "Total Cost": 46415.28,
          "Plan Rows": 3,
          "Plan Width": 8,
          "Actual Startup Time": 181.804,
          "Actual Total Time": 192.705,
          "Actual Rows": 4,
          "Actual Loops": 1,
          "Workers Planned": 3,
          "Workers Launched": 3,
          "Single Copy": false,
          "Plans": [
            {
              "Node Type": "Aggregate",
              "Strategy": "Plain",
              "Partial Mode": "Partial",
              "Parent Relationship": "Outer",
              "Parallel Aware": false,
              "Startup Cost": 45414.97,
              "Total Cost": 45414.98,
              "Plan Rows": 1,
              "Plan Width": 8,
              "Actual Startup Time": 173.552,
              "Actual Total Time": 173.553,
              "Actual Rows": 1,
              "Actual Loops": 4,
              "Plans": [
                {
                  "Node Type": "Seq Scan",
                  "Parent Relationship": "Outer",
                  "Parallel Aware": true,
                  "Relation Name": "movie_keyword",
                  "Alias": "mk",
                  "Startup Cost": 0.0,
                  "Total Cost": 42695.65,
                  "Plan Rows": 1087726,
                  "Plan Width": 0,
                  "Actual Startup Time": 0.064,
                  "Actual Total Time": 129.794,
                  "Actual Rows": 840564,
                  "Actual Loops": 4,
                  "Filter": "(keyword_id < 16124)",
                  "Rows Removed by Filter": 290418
                }
              ]
            }
          ]
        }
      ]
    },
    "Planning Time": 0.073,
    "Triggers": [],
    "Execution Time": 192.743
  }
]