[
  {
    "Plan": {
      "Node Type": "Aggregate",
      "Strategy": "Plain",
      "Partial Mode": "Finalize",
      "Parallel Aware": false,
      "Startup Cost": 141345.65,
      "Total Cost": 141345.66,
      "Plan Rows": 1,
      "Plan Width": 8,
      "Actual Startup Time": 1495.756,
      "Actual Total Time": 1525.984,
      "Actual Rows": 1,
      "Actual Loops": 1,
      "Plans": [
        {
          "Node Type": "Gather",
          "Parent Relationship": "Outer",
          "Parallel Aware": false,
          "Startup Cost": 141345.33,
          "Total Cost": 141345.64,
          "Plan Rows": 3,
          "Plan Width": 8,
          "Actual Startup Time": 1483.772,
          "Actual Total Time": 1525.973,
          "Actual Rows": 4,
          "Actual Loops": 1,
          "Workers Planned": 3,
          "Workers Launched": 3,
          "Single Copy": false,
          "Plans": [
            {
              "Node Type": "Aggregate",
              "Strategy": "Plain",
              "Partial Mode": "Partial",
              "Parent Relationship": "Outer",
              "Parallel Aware": false,
              "Startup Cost": 140345.33,
              "Total Cost": 140345.34,
              "Plan Rows": 1,
              "Plan Width": 8,
              "Actual Startup Time": 1465.754,
              "Actual Total Time": 1466.499,
              "Actual Rows": 1,
              "Actual Loops": 4,
              "Plans": [
                {
                  "Node Type": "Hash Join",
                  "Parent Relationship": "Outer",
                  "Parallel Aware": true,
                  "Join Type": "Inner",
                  "Startup Cost": 89372.02,
                  "Total Cost": 138253.89,
                  "Plan Rows": 836576,
                  "Plan Width": 0,
                  "Actual Startup Time": 774.562,
                  "Actual Total Time": 1278.819,
                  "Actual Rows": 4896967,
                  "Actual Loops": 4,
                  "Inner Unique": false,
                  "Hash Cond": "(mk.movie_id = t.id)",
                  "Plans": [
                    {
                      "Node Type": "Seq Scan",
                      "Parent Relationship": "Outer",
                      "Parallel Aware": true,
                      "Relation Name": "movie_keyword",
                      "Alias": "mk",
                      "Startup Cost": 0.0,
                      "Total Cost": 42695.65,
                      "Plan Rows": 930024,
                      "Plan Width": 4,
                      "Actual Startup Time": 0.343,
                      "Actual Total Time": 103.956,
                      "Actual Rows": 717222,
                      "Actual Loops": 4,
                      "Filter": "(keyword_id > 2523)",
                      "Rows Removed by Filter": 413760
                    },
                    {
                      "Node Type": "Hash",
                      "Parent Relationship": "Inner",
                      "Parallel Aware": true,
                      "Startup Cost": 80201.66,
                      "Total Cost": 80201.66,
                      "Plan Rows": 733629,
                      "Plan Width": 8,
                      "Actual Startup Time": 763.048,
                      "Actual Total Time": 763.792,
                      "Actual Rows": 518190,
                      "Actual Loops": 4,
                      "Hash Buckets": 4194304,
                      "Original Hash Buckets": 4194304,
                      "Hash Batches": 1,
                      "Original Hash Batches": 1,
                      "Peak Memory Usage": 113888,
                      "Plans": [
                        {
                          "Node Type": "Hash Join",
                          "Parent Relationship": "Outer",
                          "Parallel Aware": true,
                          "Join Type": "Inner",
                          "Startup Cost": 50785.77,
                          "Total Cost": 80201.66,
                          "Plan Rows": 733629,
                          "Plan Width": 8,
                          "Actual Startup Time": 319.74,
                          "Actual Total Time": 595.649,
                          "Actual Rows": 518190,
                          "Actual Loops": 4,
                          "Inner Unique": true,
                          "Hash Cond": "(mc.movie_id = t.id)",
                          "Plans": [
                            {
                              "Node Type": "Seq Scan",
                              "Parent Relationship": "Outer",
                              "Parallel Aware": true,
                              "Relation Name": "movie_companies",
                              "Alias": "mc",
                              "Startup Cost": 0.0,
                              "Total Cost": 27206.55,
                              "Plan Rows": 841655,
                              "Plan Width": 4,
                              "Actual Startup Time": 0.018,
                              "Actual Total Time": 58.435,
                              "Actual Rows": 652282,
                              "Actual Loops": 4
                            },
                            {
                              "Node Type": "Hash",
                              "Parent Relationship": "Inner",
                              "Parallel Aware": true,
                              "Startup Cost": 43898.92,
                              "Total Cost": 43898.92,
                              "Plan Rows": 550948,
                              "Plan Width": 4,
                              "Actual Startup Time": 313.862,
                              "Actual Total Time": 313.863,
                              "Actual Rows": 548156,
                              "Actual Loops": 4,
                              "Hash Buckets": 4194304,
                              "Original Hash Buckets": 4194304,
                              "Hash Batches": 1,
                              "Original Hash Batches": 1,
                              "Peak Memory Usage": 118624,
                              "Plans": [
                                {
                                  "Node Type": "Seq Scan",
                                  "Parent Relationship": "Outer",
                                  "Parallel Aware": true,
                                  "Relation Name": "title",
                                  "Alias": "t",
                                  "Startup Cost": 0.0,
                                  "Total Cost": 43898.92,
                                  "Plan Rows": 550948,
                                  "Plan Width": 4,
                                  "Actual Startup Time": 0.052,
                                  "Actual Total Time": 107.98,
                                  "Actual Rows": 548156,
                                  "Actual Loops": 4,
                                  "Filter": "(production_year > 1961)",
                                  "Rows Removed by Filter": 83922
                                }
                              ]
                            }
                          ]
                        }
                      ]
                    }
                  ]
                }
              ]
            }
          ]
        }
      ]
    },
    "Planning Time": 1.361,
    "Triggers": [],
    "Execution Time": 1526.065
  }
]