[
  {
    "Plan": {
      "Node Type": "Aggregate",
      "Strategy": "Plain",
      "Partial Mode": "Finalize",
      "Parallel Aware": false,
      "Startup Cost": 643058.08,
      "Total Cost": 643058.09,
      "Plan Rows": 1,
      "Plan Width": 8,
      "Actual Startup Time": 4993.933,
      "Actual Total Time": 5076.859,
      "Actual Rows": 1,
      "Actual Loops": 1,
      "Plans": [
        {
          "Node Type": "Gather",
          "Parent Relationship": "Outer",
          "Parallel Aware": false,
          "Startup Cost": 643057.55,
          "Total Cost": 643058.06,
          "Plan Rows": 5,
          "Plan Width": 8,
          "Actual Startup Time": 4966.879,
          "Actual Total Time": 5076.846,
          "Actual Rows": 6,
          "Actual Loops": 1,
          "Workers Planned": 5,
          "Workers Launched": 5,
          "Single Copy": false,
          "Plans": [
            {
              "Node Type": "Aggregate",
              "Strategy": "Plain",
              "Partial Mode": "Partial",
              "Parent Relationship": "Outer",
              "Parallel Aware": false,
              "Startup Cost": 642057.55,
              "Total Cost": 642057.56,
              "Plan Rows": 1,
              "Plan Width": 8,
              "Actual Startup Time": 4942.958,
              "Actual Total Time": 4943.851,
              "Actual Rows": 1,
              "Actual Loops": 6,
              "Plans": [
                {
                  "Node Type": "Hash Join",
                  "Parent Relationship": "Outer",
                  "Parallel Aware": true,
                  "Join Type": "Inner",
                  "Startup Cost": 400893.51,
                  "Total Cost": 619050.98,
                  "Plan Rows": 9202628,
                  "Plan Width": 0,
                  "Actual Startup Time": 2395.909,
                  "Actual Total Time": 4584.016,
                  "Actual Rows": 7933219,
                  "Actual Loops": 6,
                  "Inner Unique": false,
                  "Hash Cond": "(mi.movie_id = t.id)",
                  "Plans": [
                    {
                      "Node Type": "Seq Scan",
                      "Parent Relationship": "Outer",
                      "Parallel Aware": true,
                      "Relation Name": "movie_info",
                      "Alias": "mi",
                      "Startup Cost": 0.0,
                      "Total Cost": 191685.19,
                      "Plan Rows": 2969219,
                      "Plan Width": 4,
                      "Actual Startup Time": 0.029,
                      "Actual Total Time": 305.076,
                      "Actual Rows": 2472620,
                      "Actual Loops": 6
                    },
                    {
                      "Node Type": "Hash",
                      "Parent Relationship": "Inner",
                      "Parallel Aware": true,
                      "Startup Cost": 384567.57,
                      "Total Cost": 384567.57,
                      "Plan Rows": 1306075,
                      "Plan Width": 8,
                      "Actual Startup Time": 2385.966,
                      "Actual Total Time": 2386.857,
                      "Actual Rows": 1100630,
                      "Actual Loops": 6,
                      "Hash Buckets": 8388608,
                      "Original Hash Buckets": 8388608,
                      "Hash Batches": 1,
                      "Original Hash Batches": 1,
                      "Peak Memory Usage": 323968,
                      "Plans": [
                        {
                          "Node Type": "Hash Join",
                          "Parent Relationship": "Outer",
                          "Parallel Aware": true,
                          "Join Type": "Inner",
                          "Startup Cost": 49341.24,
                          "Total Cost": 384567.57,
                          "Plan Rows": 1306075,
                          "Plan Width": 8,
                          "Actual Startup Time": 570.783,
                          "Actual Total Time": 1864.123,
                          "Actual Rows": 1100630,
                          "Actual Loops": 6,
                          "Inner Unique": true,
                          "Hash Cond": "(ci.movie_id = t.id)",
                          "Plans": [
                            {
                              "Node Type": "Seq Scan",
                              "Parent Relationship": "Outer",
                              "Parallel Aware": true,
                              "Relation Name": "cast_info",
                              "Alias": "ci",
                              "Startup Cost": 0.0,
                              "Total Cost": 328211.39,
                              "Plan Rows": 2672355,
                              "Plan Width": 4,
                              "Actual Startup Time": 376.09,
                              "Actual Total Time": 800.906,
                              "Actual Rows": 2686947,
                              "Actual Loops": 6,
                              "Filter": "(role_id > 2)",
                              "Rows Removed by Filter": 3353777
                            },
                            {
                              "Node Type": "Hash",
                              "Parent Relationship": "Inner",
                              "Parallel Aware": true,
                              "Startup Cost": 45479.59,
                              "Total Cost": 45479.59,
                              "Plan Rows": 308932,
                              "Plan Width": 4,
                              "Actual Startup Time": 192.12,
                              "Actual Total Time": 192.121,
                              "Actual Rows": 199562,
                              "Actual Loops": 6,
                              "Hash Buckets": 2097152,
                              "Original Hash Buckets": 2097152,
                              "Hash Batches": 1,
                              "Original Hash Batches": 1,
                              "Peak Memory Usage": 63360,
                              "Plans": [
                                {
                                  "Node Type": "Seq Scan",
                                  "Parent Relationship": "Outer",
                                  "Parallel Aware": true,
                                  "Relation Name": "title",
                                  "Alias": "t",
                                  "Startup Cost": 0.0,
                                  "Total Cost": 45479.59,
                                  "Plan Rows": 308932,
                                  "Plan Width": 4,
                                  "Actual Startup Time": 0.055,
                                  "Actual Total Time": 93.405,
                                  "Actual Rows": 199562,
                                  "Actual Loops": 6,
                                  "Filter": "((kind_id > 1) AND (production_year < 2008))",
                                  "Rows Removed by Filter": 221823
                                }
                              ]
                            }
                          ]
                        }
                      ]
                    }
                  ]
                }
              ]
            }
          ]
        }
      ]
    },
    "Planning Time": 0.497,
    "Triggers": [],
    "Execution Time": 5076.913
  }
]