{
  "Plan": {
    "Node Type": "Aggregate",
    "Strategy": "Plain",
    "Partial Mode": "Finalize",
    "Parallel Aware": false,
    "Startup Cost": 33549.91,
    "Total Cost": 33549.92,
    "Plan Rows": 1,
    "Plan Width": 8,
    "Actual Startup Time": 58.493,
    "Actual Total Time": 66.869,
    "Actual Rows": 1,
    "Actual Loops": 1,
    "Plans": [
      {
        "Node Type": "Gather",
        "Parent Relationship": "Outer",
        "Parallel Aware": false,
        "Startup Cost": 33549.79,
        "Total Cost": 33549.9,
        "Plan Rows": 1,
        "Plan Width": 8,
        "Actual Startup Time": 58.359,
        "Actual Total Time": 66.862,
        "Actual Rows": 2,
        "Actual Loops": 1,
        "Workers Planned": 1,
        "Workers Launched": 1,
        "Single Copy": false,
        "Plans": [
          {
            "Node Type": "Aggregate",
            "Strategy": "Plain",
            "Partial Mode": "Partial",
            "Parent Relationship": "Outer",
            "Parallel Aware": false,
            "Startup Cost": 32549.79,
            "Total Cost": 32549.8,
            "Plan Rows": 1,
            "Plan Width": 8,
            "Actual Startup Time": 51.99,
            "Actual Total Time": 51.992,
            "Actual Rows": 1,
            "Actual Loops": 2,
            "Plans": [
              {
                "Node Type": "Nested Loop",
                "Parent Relationship": "Outer",
                "Parallel Aware": false,
                "Join Type": "Inner",
                "Startup Cost": 93.65,
                "Total Cost": 32546.69,
                "Plan Rows": 1242,
                "Plan Width": 0,
                "Actual Startup Time": 2.048,
                "Actual Total Time": 51.721,
                "Actual Rows": 1714,
                "Actual Loops": 2,
                "Inner Unique": false,
                "Plans": [
                  {
                    "Node Type": "Nested Loop",
                    "Parent Relationship": "Outer",
                    "Parallel Aware": false,
                    "Join Type": "Inner",
                    "Startup Cost": 93.22,
                    "Total Cost": 28477.02,
                    "Plan Rows": 2456,
                    "Plan Width": 8,
                    "Actual Startup Time": 1.929,
                    "Actual Total Time": 18.131,
                    "Actual Rows": 1898,
                    "Actual Loops": 2,
                    "Inner Unique": true,
                    "Plans": [
                      {
                        "Node Type": "Bitmap Heap Scan",
                        "Parent Relationship": "Outer",
                        "Parallel Aware": true,
                        "Relation Name": "movie_companies",
                        "Alias": "mc",
                        "Startup Cost": 92.79,
                        "Total Cost": 10113.6,
                        "Plan Rows": 2456,
                        "Plan Width": 4,
                        "Actual Startup Time": 1.79,
                        "Actual Total Time": 5.121,
                        "Actual Rows": 1898,
                        "Actual Loops": 2,
                        "Recheck Cond": "(company_id = 11244)",
                        "Rows Removed by Index Recheck": 0,
                        "Exact Heap Blocks": 1318,
                        "Lossy Heap Blocks": 0,
                        "Plans": [
                          {
                            "Node Type": "Bitmap Index Scan",
                            "Parent Relationship": "Outer",
                            "Parallel Aware": false,
                            "Index Name": "company_id_movie_companies",
                            "Startup Cost": 0.0,
                            "Total Cost": 91.74,
                            "Plan Rows": 4175,
                            "Plan Width": 0,
                            "Actual Startup Time": 2.706,
                            "Actual Total Time": 2.707,
                            "Actual Rows": 3796,
                            "Actual Loops": 1,
                            "Index Cond": "(company_id = 11244)"
                          }
                        ]
                      },
                      {
                        "Node Type": "Index Only Scan",
                        "Parent Relationship": "Inner",
                        "Parallel Aware": false,
                        "Scan Direction": "Forward",
                        "Index Name": "title_pkey",
                        "Relation Name": "title",
                        "Alias": "t",
                        "Startup Cost": 0.43,
                        "Total Cost": 7.48,
                        "Plan Rows": 1,
                        "Plan Width": 4,
                        "Actual Startup Time": 0.006,
                        "Actual Total Time": 0.006,
                        "Actual Rows": 1,
                        "Actual Loops": 3796,
                        "Index Cond": "(id = mc.movie_id)",
                        "Rows Removed by Index Recheck": 0,
                        "Heap Fetches": 3796
                      }
                    ]
                  },
                  {
                    "Node Type": "Index Scan",
                    "Parent Relationship": "Inner",
                    "Parallel Aware": false,
                    "Scan Direction": "Forward",
                    "Index Name": "movie_id_movie_info",
                    "Relation Name": "movie_info",
                    "Alias": "mi",
                    "Startup Cost": 0.43,
                    "Total Cost": 1.62,
                    "Plan Rows": 4,
                    "Plan Width": 4,
                    "Actual Startup Time": 0.007,
                    "Actual Total Time": 0.017,
                    "Actual Rows": 1,
                    "Actual Loops": 3796,
                    "Index Cond": "(movie_id = t.id)",
                    "Rows Removed by Index Recheck": 0,
                    "Filter": "(info_type_id = 4)",
                    "Rows Removed by Filter": 13
                  }
                ]
              }
            ]
          }
        ]
      }
    ]
  },
  "Planning Time": 0.886,
  "Triggers": [],
  "Execution Time": 66.964
}