{
  "Plan": {
    "Node Type": "Aggregate",
    "Strategy": "Plain",
    "Partial Mode": "Finalize",
    "Parallel Aware": false,
    "Startup Cost": 464305.07,
    "Total Cost": 464305.08,
    "Plan Rows": 1,
    "Plan Width": 8,
    "Actual Startup Time": 1455.094,
    "Actual Total Time": 1482.249,
    "Actual Rows": 1,
    "Actual Loops": 1,
    "Plans": [
      {
        "Node Type": "Gather",
        "Parent Relationship": "Outer",
        "Parallel Aware": false,
        "Startup Cost": 464304.96,
        "Total Cost": 464305.07,
        "Plan Rows": 1,
        "Plan Width": 8,
        "Actual Startup Time": 1449.391,
        "Actual Total Time": 1482.242,
        "Actual Rows": 2,
        "Actual Loops": 1,
        "Workers Planned": 1,
        "Workers Launched": 1,
        "Single Copy": false,
        "Plans": [
          {
            "Node Type": "Aggregate",
            "Strategy": "Plain",
            "Partial Mode": "Partial",
            "Parent Relationship": "Outer",
            "Parallel Aware": false,
            "Startup Cost": 463304.96,
            "Total Cost": 463304.97,
            "Plan Rows": 1,
            "Plan Width": 8,
            "Actual Startup Time": 1442.306,
            "Actual Total Time": 1442.312,
            "Actual Rows": 1,
            "Actual Loops": 2,
            "Plans": [
              {
                "Node Type": "Hash Join",
                "Parent Relationship": "Outer",
                "Parallel Aware": true,
                "Join Type": "Inner",
                "Startup Cost": 170304.7,
                "Total Cost": 461417.51,
                "Plan Rows": 754981,
                "Plan Width": 0,
                "Actual Startup Time": 802.566,
                "Actual Total Time": 1393.724,
                "Actual Rows": 1143210,
                "Actual Loops": 2,
                "Inner Unique": false,
                "Hash Cond": "(ci.movie_id = t.id)",
                "Plans": [
                  {
                    "Node Type": "Bitmap Heap Scan",
                    "Parent Relationship": "Outer",
                    "Parallel Aware": true,
                    "Relation Name": "cast_info",
                    "Alias": "ci",
                    "Startup Cost": 78526.36,
                    "Total Cost": 357355.47,
                    "Plan Rows": 2091369,
                    "Plan Width": 4,
                    "Actual Startup Time": 124.829,
                    "Actual Total Time": 336.944,
                    "Actual Rows": 1698243,
                    "Actual Loops": 2,
                    "Recheck Cond": "(person_id > 3439214)",
                    "Rows Removed by Index Recheck": 0,
                    "Exact Heap Blocks": 25677,
                    "Lossy Heap Blocks": 0,
                    "Plans": [
                      {
                        "Node Type": "Bitmap Index Scan",
                        "Parent Relationship": "Outer",
                        "Parallel Aware": false,
                        "Index Name": "person_id_cast_info",
                        "Startup Cost": 0.0,
                        "Total Cost": 77637.52,
                        "Plan Rows": 3555328,
                        "Plan Width": 0,
                        "Actual Startup Time": 115.924,
                        "Actual Total Time": 115.924,
                        "Actual Rows": 3396486,
                        "Actual Loops": 1,
                        "Index Cond": "(person_id > 3439214)"
                      }
                    ]
                  },
                  {
                    "Node Type": "Hash",
                    "Parent Relationship": "Inner",
                    "Parallel Aware": true,
                    "Startup Cost": 85067.24,
                    "Total Cost": 85067.24,
                    "Plan Rows": 536888,
                    "Plan Width": 8,
                    "Actual Startup Time": 666.241,
                    "Actual Total Time": 666.245,
                    "Actual Rows": 262965,
                    "Actual Loops": 2,
                    "Hash Buckets": 1048576,
                    "Original Hash Buckets": 1048576,
                    "Hash Batches": 1,
                    "Original Hash Batches": 1,
                    "Peak Memory Usage": 28800,
                    "Plans": [
                      {
                        "Node Type": "Hash Join",
                        "Parent Relationship": "Outer",
                        "Parallel Aware": true,
                        "Join Type": "Inner",
                        "Startup Cost": 66883.45,
                        "Total Cost": 85067.24,
                        "Plan Rows": 536888,
                        "Plan Width": 8,
                        "Actual Startup Time": 408.748,
                        "Actual Total Time": 606.359,
                        "Actual Rows": 262965,
                        "Actual Loops": 2,
                        "Inner Unique": true,
                        "Hash Cond": "(mi_idx.movie_id = t.id)",
                        "Plans": [
                          {
                            "Node Type": "Seq Scan",
                            "Parent Relationship": "Outer",
                            "Parallel Aware": true,
                            "Relation Name": "movie_info_idx",
                            "Alias": "mi_idx",
                            "Startup Cost": 0.0,
                            "Total Cost": 16052.85,
                            "Plan Rows": 811785,
                            "Plan Width": 4,
                            "Actual Startup Time": 0.017,
                            "Actual Total Time": 55.077,
                            "Actual Rows": 690018,
                            "Actual Loops": 2
                          },
                          {
                            "Node Type": "Hash",
                            "Parent Relationship": "Inner",
                            "Parallel Aware": true,
                            "Startup Cost": 54588.39,
                            "Total Cost": 54588.39,
                            "Plan Rows": 983605,
                            "Plan Width": 4,
                            "Actual Startup Time": 398.892,
                            "Actual Total Time": 398.893,
                            "Actual Rows": 837049,
                            "Actual Loops": 2,
                            "Hash Buckets": 2097152,
                            "Original Hash Buckets": 2097152,
                            "Hash Batches": 1,
                            "Original Hash Batches": 1,
                            "Peak Memory Usage": 81920,
                            "Plans": [
                              {
                                "Node Type": "Seq Scan",
                                "Parent Relationship": "Outer",
                                "Parallel Aware": true,
                                "Relation Name": "title",
                                "Alias": "t",
                                "Startup Cost": 0.0,
                                "Total Cost": 54588.39,
                                "Plan Rows": 983605,
                                "Plan Width": 4,
                                "Actual Startup Time": 0.03,
                                "Actual Total Time": 171.3,
                                "Actual Rows": 837049,
                                "Actual Loops": 2,
                                "Filter": "(kind_id > 3)",
                                "Rows Removed by Filter": 427107
                              }
                            ]
                          }
                        ]
                      }
                    ]
                  }
                ]
              }
            ]
          }
        ]
      }
    ]
  },
  "Planning Time": 1.047,
  "Triggers": [],
  "Execution Time": 1482.347
}