{
  "Plan": {
    "Node Type": "Aggregate",
    "Strategy": "Plain",
    "Partial Mode": "Finalize",
    "Parallel Aware": false,
    "Startup Cost": 983037.47,
    "Total Cost": 983037.48,
    "Plan Rows": 1,
    "Plan Width": 8,
    "Actual Startup Time": 8213.349,
    "Actual Total Time": 8319.226,
    "Actual Rows": 1,
    "Actual Loops": 1,
    "Plans": [
      {
        "Node Type": "Gather",
        "Parent Relationship": "Outer",
        "Parallel Aware": false,
        "Startup Cost": 983037.35,
        "Total Cost": 983037.46,
        "Plan Rows": 1,
        "Plan Width": 8,
        "Actual Startup Time": 8209.611,
        "Actual Total Time": 8319.217,
        "Actual Rows": 2,
        "Actual Loops": 1,
        "Workers Planned": 1,
        "Workers Launched": 1,
        "Single Copy": false,
        "Plans": [
          {
            "Node Type": "Aggregate",
            "Strategy": "Plain",
            "Partial Mode": "Partial",
            "Parent Relationship": "Outer",
            "Parallel Aware": false,
            "Startup Cost": 982037.35,
            "Total Cost": 982037.36,
            "Plan Rows": 1,
            "Plan Width": 8,
            "Actual Startup Time": 8196.856,
            "Actual Total Time": 8196.862,
            "Actual Rows": 1,
            "Actual Loops": 2,
            "Plans": [
              {
                "Node Type": "Hash Join",
                "Parent Relationship": "Outer",
                "Parallel Aware": true,
                "Join Type": "Inner",
                "Startup Cost": 594288.51,
                "Total Cost": 968866.96,
                "Plan Rows": 5268156,
                "Plan Width": 0,
                "Actual Startup Time": 4744.562,
                "Actual Total Time": 7677.248,
                "Actual Rows": 10661923,
                "Actual Loops": 2,
                "Inner Unique": false,
                "Hash Cond": "(mi.movie_id = t.id)",
                "Plans": [
                  {
                    "Node Type": "Seq Scan",
                    "Parent Relationship": "Outer",
                    "Parallel Aware": true,
                    "Relation Name": "movie_info",
                    "Alias": "mi",
                    "Startup Cost": 0.0,
                    "Total Cost": 270696.42,
                    "Plan Rows": 5831431,
                    "Plan Width": 4,
                    "Actual Startup Time": 40.269,
                    "Actual Total Time": 853.859,
                    "Actual Rows": 4955877,
                    "Actual Loops": 2,
                    "Filter": "(info_type_id > 4)",
                    "Rows Removed by Filter": 2461983
                  },
                  {
                    "Node Type": "Hash",
                    "Parent Relationship": "Inner",
                    "Parallel Aware": true,
                    "Startup Cost": 577493.82,
                    "Total Cost": 577493.82,
                    "Plan Rows": 1343575,
                    "Plan Width": 8,
                    "Actual Startup Time": 4680.86,
                    "Actual Total Time": 4680.863,
                    "Actual Rows": 736888,
                    "Actual Loops": 2,
                    "Hash Buckets": 4194304,
                    "Original Hash Buckets": 4194304,
                    "Hash Batches": 1,
                    "Original Hash Batches": 1,
                    "Peak Memory Usage": 90464,
                    "Plans": [
                      {
                        "Node Type": "Hash Join",
                        "Parent Relationship": "Outer",
                        "Parallel Aware": true,
                        "Join Type": "Inner",
                        "Startup Cost": 55760.46,
                        "Total Cost": 577493.82,
                        "Plan Rows": 1343575,
                        "Plan Width": 8,
                        "Actual Startup Time": 171.559,
                        "Actual Total Time": 4409.413,
                        "Actual Rows": 736888,
                        "Actual Loops": 2,
                        "Inner Unique": true,
                        "Hash Cond": "(ci.movie_id = t.id)",
                        "Plans": [
                          {
                            "Node Type": "Seq Scan",
                            "Parent Relationship": "Outer",
                            "Parallel Aware": true,
                            "Relation Name": "cast_info",
                            "Alias": "ci",
                            "Startup Cost": 0.0,
                            "Total Cost": 465792.95,
                            "Plan Rows": 21310595,
                            "Plan Width": 4,
                            "Actual Startup Time": 0.014,
                            "Actual Total Time": 1561.691,
                            "Actual Rows": 18122172,
                            "Actual Loops": 2
                          },
                          {
                            "Node Type": "Hash",
                            "Parent Relationship": "Inner",
                            "Parallel Aware": true,
                            "Startup Cost": 54588.39,
                            "Total Cost": 54588.39,
                            "Plan Rows": 93766,
                            "Plan Width": 4,
                            "Actual Startup Time": 170.473,
                            "Actual Total Time": 170.474,
                            "Actual Rows": 82092,
                            "Actual Loops": 2,
                            "Hash Buckets": 262144,
                            "Original Hash Buckets": 262144,
                            "Hash Batches": 1,
                            "Original Hash Batches": 1,
                            "Peak Memory Usage": 8512,
                            "Plans": [
                              {
                                "Node Type": "Seq Scan",
                                "Parent Relationship": "Outer",
                                "Parallel Aware": true,
                                "Relation Name": "title",
                                "Alias": "t",
                                "Startup Cost": 0.0,
                                "Total Cost": 54588.39,
                                "Plan Rows": 93766,
                                "Plan Width": 4,
                                "Actual Startup Time": 0.159,
                                "Actual Total Time": 148.885,
                                "Actual Rows": 82092,
                                "Actual Loops": 2,
                                "Filter": "(production_year < 1950)",
                                "Rows Removed by Filter": 1182064
                              }
                            ]
                          }
                        ]
                      }
                    ]
                  }
                ]
              }
            ]
          }
        ]
      }
    ]
  },
  "Planning Time": 0.905,
  "Triggers": [],
  "Execution Time": 8319.324
}