[
  {
    "Plan": {
      "Node Type": "Aggregate",
      "Strategy": "Plain",
      "Partial Mode": "Simple",
      "Parallel Aware": false,
      "Startup Cost": 27719.5,
      "Total Cost": 27719.51,
      "Plan Rows": 1,
      "Plan Width": 8,
      "Actual Startup Time": 61.797,
      "Actual Total Time": 61.799,
      "Actual Rows": 1,
      "Actual Loops": 1,
      "Plans": [
        {
          "Node Type": "Bitmap Heap Scan",
          "Parent Relationship": "Outer",
          "Parallel Aware": false,
          "Relation Name": "movie_keyword",
          "Alias": "mk",
          "Startup Cost": 1914.47,
          "Total Cost": 27494.33,
          "Plan Rows": 90069,
          "Plan Width": 0,
          "Actual Startup Time": 21.386,
          "Actual Total Time": 57.289,
          "Actual Rows": 88202,
          "Actual Loops": 1,
          "Recheck Cond": "(keyword_id > 85425)",
          "Rows Removed by Index Recheck": 0,
          "Exact Heap Blocks": 16474,
          "Lossy Heap Blocks": 0,
          "Plans": [
            {
              "Node Type": "Bitmap Index Scan",
              "Parent Relationship": "Outer",
              "Parallel Aware": false,
              "Index Name": "keyword_id_movie_keyword",
              "Startup Cost": 0.0,
              "Total Cost": 1891.95,
              "Plan Rows": 90069,
              "Plan Width": 0,
              "Actual Startup Time": 15.685,
              "Actual Total Time": 15.685,
              "Actual Rows": 88202,
              "Actual Loops": 1,
              "Index Cond": "(keyword_id > 85425)"
            }
          ]
        }
      ]
    },
    "Planning Time": 0.172,
    "Triggers": [],
    "Execution Time": 61.86
  }
]