{
  "Plan": {
    "Node Type": "Aggregate",
    "Strategy": "Plain",
    "Partial Mode": "Finalize",
    "Parallel Aware": false,
    "Startup Cost": 125526.04,
    "Total Cost": 125526.05,
    "Plan Rows": 1,
    "Plan Width": 8,
    "Actual Startup Time": 828.972,
    "Actual Total Time": 847.813,
    "Actual Rows": 1,
    "Actual Loops": 1,
    "Plans": [
      {
        "Node Type": "Gather",
        "Parent Relationship": "Outer",
        "Parallel Aware": false,
        "Startup Cost": 125525.92,
        "Total Cost": 125526.03,
        "Plan Rows": 1,
        "Plan Width": 8,
        "Actual Startup Time": 825.06,
        "Actual Total Time": 847.802,
        "Actual Rows": 2,
        "Actual Loops": 1,
        "Workers Planned": 1,
        "Workers Launched": 1,
        "Single Copy": false,
        "Plans": [
          {
            "Node Type": "Aggregate",
            "Strategy": "Plain",
            "Partial Mode": "Partial",
            "Parent Relationship": "Outer",
            "Parallel Aware": false,
            "Startup Cost": 124525.92,
            "Total Cost": 124525.93,
            "Plan Rows": 1,
            "Plan Width": 8,
            "Actual Startup Time": 817.336,
            "Actual Total Time": 818.18,
            "Actual Rows": 1,
            "Actual Loops": 2,
            "Plans": [
              {
                "Node Type": "Hash Join",
                "Parent Relationship": "Outer",
                "Parallel Aware": true,
                "Join Type": "Inner",
                "Startup Cost": 104837.03,
                "Total Cost": 124349.41,
                "Plan Rows": 70606,
                "Plan Width": 0,
                "Actual Startup Time": 614.713,
                "Actual Total Time": 789.525,
                "Actual Rows": 576519,
                "Actual Loops": 2,
                "Inner Unique": false,
                "Hash Cond": "(mi_idx.movie_id = t.id)",
                "Plans": [
                  {
                    "Node Type": "Seq Scan",
                    "Parent Relationship": "Outer",
                    "Parallel Aware": true,
                    "Relation Name": "movie_info_idx",
                    "Alias": "mi_idx",
                    "Startup Cost": 0.0,
                    "Total Cost": 16052.85,
                    "Plan Rows": 811785,
                    "Plan Width": 4,
                    "Actual Startup Time": 0.025,
                    "Actual Total Time": 57.236,
                    "Actual Rows": 690018,
                    "Actual Loops": 2
                  },
                  {
                    "Node Type": "Hash",
                    "Parent Relationship": "Inner",
                    "Parallel Aware": true,
                    "Startup Cost": 103220.11,
                    "Total Cost": 103220.11,
                    "Plan Rows": 129354,
                    "Plan Width": 8,
                    "Actual Startup Time": 597.858,
                    "Actual Total Time": 598.7,
                    "Actual Rows": 239196,
                    "Actual Loops": 2,
                    "Hash Buckets": 524288,
                    "Original Hash Buckets": 262144,
                    "Hash Batches": 1,
                    "Original Hash Batches": 1,
                    "Peak Memory Usage": 24896,
                    "Plans": [
                      {
                        "Node Type": "Hash Join",
                        "Parent Relationship": "Outer",
                        "Parallel Aware": true,
                        "Join Type": "Inner",
                        "Startup Cost": 73776.8,
                        "Total Cost": 103220.11,
                        "Plan Rows": 129354,
                        "Plan Width": 8,
                        "Actual Startup Time": 372.095,
                        "Actual Total Time": 538.824,
                        "Actual Rows": 239196,
                        "Actual Loops": 2,
                        "Inner Unique": true,
                        "Hash Cond": "(mk.movie_id = t.id)",
                        "Plans": [
                          {
                            "Node Type": "Bitmap Heap Scan",
                            "Parent Relationship": "Outer",
                            "Parallel Aware": true,
                            "Relation Name": "movie_keyword",
                            "Alias": "mk",
                            "Startup Cost": 11898.49,
                            "Total Cost": 40475.89,
                            "Plan Rows": 329872,
                            "Plan Width": 4,
                            "Actual Startup Time": 58.623,
                            "Actual Total Time": 139.831,
                            "Actual Rows": 275356,
                            "Actual Loops": 2,
                            "Recheck Cond": "(keyword_id > 33479)",
                            "Rows Removed by Index Recheck": 0,
                            "Exact Heap Blocks": 10837,
                            "Lossy Heap Blocks": 0,
                            "Plans": [
                              {
                                "Node Type": "Bitmap Index Scan",
                                "Parent Relationship": "Outer",
                                "Parallel Aware": false,
                                "Index Name": "keyword_id_movie_keyword",
                                "Startup Cost": 0.0,
                                "Total Cost": 11758.3,
                                "Plan Rows": 560782,
                                "Plan Width": 0,
                                "Actual Startup Time": 52.989,
                                "Actual Total Time": 52.99,
                                "Actual Rows": 550712,
                                "Actual Loops": 1,
                                "Index Cond": "(keyword_id > 33479)"
                              }
                            ]
                          },
                          {
                            "Node Type": "Hash",
                            "Parent Relationship": "Inner",
                            "Parallel Aware": true,
                            "Startup Cost": 54588.39,
                            "Total Cost": 54588.39,
                            "Plan Rows": 583193,
                            "Plan Width": 4,
                            "Actual Startup Time": 305.872,
                            "Actual Total Time": 305.873,
                            "Actual Rows": 492524,
                            "Actual Loops": 2,
                            "Hash Buckets": 1048576,
                            "Original Hash Buckets": 1048576,
                            "Hash Batches": 1,
                            "Original Hash Batches": 1,
                            "Peak Memory Usage": 46752,
                            "Plans": [
                              {
                                "Node Type": "Seq Scan",
                                "Parent Relationship": "Outer",
                                "Parallel Aware": true,
                                "Relation Name": "title",
                                "Alias": "t",
                                "Startup Cost": 0.0,
                                "Total Cost": 54588.39,
                                "Plan Rows": 583193,
                                "Plan Width": 4,
                                "Actual Startup Time": 0.039,
                                "Actual Total Time": 177.211,
                                "Actual Rows": 492524,
                                "Actual Loops": 2,
                                "Filter": "(kind_id < 7)",
                                "Rows Removed by Filter": 771632
                              }
                            ]
                          }
                        ]
                      }
                    ]
                  }
                ]
              }
            ]
          }
        ]
      }
    ]
  },
  "Planning Time": 1.09,
  "Triggers": [],
  "Execution Time": 847.914
}