[
  {
    "Plan": {
      "Node Type": "Aggregate",
      "Strategy": "Plain",
      "Partial Mode": "Finalize",
      "Parallel Aware": false,
      "Startup Cost": 332762.39,
      "Total Cost": 332762.4,
      "Plan Rows": 1,
      "Plan Width": 8,
      "Actual Startup Time": 620.184,
      "Actual Total Time": 661.915,
      "Actual Rows": 1,
      "Actual Loops": 1,
      "Plans": [
        {
          "Node Type": "Gather",
          "Parent Relationship": "Outer",
          "Parallel Aware": false,
          "Startup Cost": 332761.76,
          "Total Cost": 332762.37,
          "Plan Rows": 6,
          "Plan Width": 8,
          "Actual Startup Time": 619.961,
          "Actual Total Time": 661.903,
          "Actual Rows": 7,
          "Actual Loops": 1,
          "Workers Planned": 6,
          "Workers Launched": 6,
          "Single Copy": false,
          "Plans": [
            {
              "Node Type": "Aggregate",
              "Strategy": "Plain",
              "Partial Mode": "Partial",
              "Parent Relationship": "Outer",
              "Parallel Aware": false,
              "Startup Cost": 331761.76,
              "Total Cost": 331761.77,
              "Plan Rows": 1,
              "Plan Width": 8,
              "Actual Startup Time": 611.03,
              "Actual Total Time": 611.031,
              "Actual Rows": 1,
              "Actual Loops": 7,
              "Plans": [
                {
                  "Node Type": "Seq Scan",
                  "Parent Relationship": "Outer",
                  "Parallel Aware": true,
                  "Relation Name": "cast_info",
                  "Alias": "ci",
                  "Startup Cost": 0.0,
                  "Total Cost": 328211.39,
                  "Plan Rows": 1420149,
                  "Plan Width": 0,
                  "Actual Startup Time": 319.45,
                  "Actual Total Time": 553.751,
                  "Actual Rows": 1205301,
                  "Actual Loops": 7,
                  "Filter": "(person_id > 2841740)",
                  "Rows Removed by Filter": 3972462
                }
              ]
            }
          ]
        }
      ]
    },
    "Planning Time": 0.134,
    "Triggers": [],
    "Execution Time": 661.971
  }
]