[
  {
    "Plan": {
      "Node Type": "Aggregate",
      "Strategy": "Plain",
      "Partial Mode": "Finalize",
      "Parallel Aware": false,
      "Startup Cost": 178557.09,
      "Total Cost": 178557.1,
      "Plan Rows": 1,
      "Plan Width": 8,
      "Actual Startup Time": 905.102,
      "Actual Total Time": 970.462,
      "Actual Rows": 1,
      "Actual Loops": 1,
      "Plans": [
        {
          "Node Type": "Gather",
          "Parent Relationship": "Outer",
          "Parallel Aware": false,
          "Startup Cost": 178556.67,
          "Total Cost": 178557.08,
          "Plan Rows": 4,
          "Plan Width": 8,
          "Actual Startup Time": 904.791,
          "Actual Total Time": 970.451,
          "Actual Rows": 5,
          "Actual Loops": 1,
          "Workers Planned": 4,
          "Workers Launched": 4,
          "Single Copy": false,
          "Plans": [
            {
              "Node Type": "Aggregate",
              "Strategy": "Plain",
              "Partial Mode": "Partial",
              "Parent Relationship": "Outer",
              "Parallel Aware": false,
              "Startup Cost": 177556.67,
              "Total Cost": 177556.68,
              "Plan Rows": 1,
              "Plan Width": 8,
              "Actual Startup Time": 898.676,
              "Actual Total Time": 898.679,
              "Actual Rows": 1,
              "Actual Loops": 5,
              "Plans": [
                {
                  "Node Type": "Nested Loop",
                  "Parent Relationship": "Outer",
                  "Parallel Aware": false,
                  "Join Type": "Inner",
                  "Startup Cost": 922.92,
                  "Total Cost": 177551.45,
                  "Plan Rows": 2090,
                  "Plan Width": 0,
                  "Actual Startup Time": 709.759,
                  "Actual Total Time": 898.667,
                  "Actual Rows": 6,
                  "Actual Loops": 5,
                  "Inner Unique": false,
                  "Plans": [
                    {
                      "Node Type": "Nested Loop",
                      "Parent Relationship": "Outer",
                      "Parallel Aware": false,
                      "Join Type": "Inner",
                      "Startup Cost": 922.36,
                      "Total Cost": 152570.8,
                      "Plan Rows": 12693,
                      "Plan Width": 8,
                      "Actual Startup Time": 5.209,
                      "Actual Total Time": 59.785,
                      "Actual Rows": 10053,
                      "Actual Loops": 5,
                      "Inner Unique": true,
                      "Plans": [
                        {
                          "Node Type": "Bitmap Heap Scan",
                          "Parent Relationship": "Outer",
                          "Parallel Aware": true,
                          "Relation Name": "movie_info",
                          "Alias": "mi",
                          "Startup Cost": 921.93,
                          "Total Cost": 108112.45,
                          "Plan Rows": 12693,
                          "Plan Width": 4,
                          "Actual Startup Time": 5.049,
                          "Actual Total Time": 12.213,
                          "Actual Rows": 10053,
                          "Actual Loops": 5,
                          "Recheck Cond": "(info_type_id > 107)",
                          "Rows Removed by Index Recheck": 0,
                          "Exact Heap Blocks": 1220,
                          "Lossy Heap Blocks": 0,
                          "Plans": [
                            {
                              "Node Type": "Bitmap Index Scan",
                              "Parent Relationship": "Outer",
                              "Parallel Aware": false,
                              "Index Name": "info_type_id_movie_info",
                              "Startup Cost": 0.0,
                              "Total Cost": 909.23,
                              "Plan Rows": 50773,
                              "Plan Width": 0,
                              "Actual Startup Time": 8.639,
                              "Actual Total Time": 8.64,
                              "Actual Rows": 50267,
                              "Actual Loops": 1,
                              "Index Cond": "(info_type_id > 107)"
                            }
                          ]
                        },
                        {
                          "Node Type": "Index Only Scan",
                          "Parent Relationship": "Inner",
                          "Parallel Aware": false,
                          "Scan Direction": "Forward",
                          "Index Name": "title_pkey",
                          "Relation Name": "title",
                          "Alias": "t",
                          "Startup Cost": 0.43,
                          "Total Cost": 3.5,
                          "Plan Rows": 1,
                          "Plan Width": 4,
                          "Actual Startup Time": 0.004,
                          "Actual Total Time": 0.004,
                          "Actual Rows": 1,
                          "Actual Loops": 50267,
                          "Index Cond": "(id = mi.movie_id)",
                          "Rows Removed by Index Recheck": 0,
                          "Heap Fetches": 50267
                        }
                      ]
                    },
                    {
                      "Node Type": "Index Scan",
                      "Parent Relationship": "Inner",
                      "Parallel Aware": false,
                      "Scan Direction": "Forward",
                      "Index Name": "movie_id_cast_info",
                      "Relation Name": "cast_info",
                      "Alias": "ci",
                      "Startup Cost": 0.56,
                      "Total Cost": 1.96,
                      "Plan Rows": 1,
                      "Plan Width": 4,
                      "Actual Startup Time": 0.083,
                      "Actual Total Time": 0.083,
                      "Actual Rows": 0,
                      "Actual Loops": 50267,
                      "Index Cond": "(movie_id = t.id)",
                      "Rows Removed by Index Recheck": 0,
                      "Filter": "((person_id < 202360) AND (role_id = 2))",
                      "Rows Removed by Filter": 108
                    }
                  ]
                }
              ]
            }
          ]
        }
      ]
    },
    "Planning Time": 1.182,
    "Triggers": [],
    "Execution Time": 970.586
  }
]