[
  {
    "Plan": {
      "Node Type": "Aggregate",
      "Strategy": "Plain",
      "Partial Mode": "Finalize",
      "Parallel Aware": false,
      "Startup Cost": 71392.4,
      "Total Cost": 71392.41,
      "Plan Rows": 1,
      "Plan Width": 8,
      "Actual Startup Time": 53.444,
      "Actual Total Time": 60.725,
      "Actual Rows": 1,
      "Actual Loops": 1,
      "Plans": [
        {
          "Node Type": "Gather",
          "Parent Relationship": "Outer",
          "Parallel Aware": false,
          "Startup Cost": 71392.09,
          "Total Cost": 71392.4,
          "Plan Rows": 3,
          "Plan Width": 8,
          "Actual Startup Time": 53.198,
          "Actual Total Time": 60.715,
          "Actual Rows": 4,
          "Actual Loops": 1,
          "Workers Planned": 3,
          "Workers Launched": 3,
          "Single Copy": false,
          "Plans": [
            {
              "Node Type": "Aggregate",
              "Strategy": "Plain",
              "Partial Mode": "Partial",
              "Parent Relationship": "Outer",
              "Parallel Aware": false,
              "Startup Cost": 70392.09,
              "Total Cost": 70392.1,
              "Plan Rows": 1,
              "Plan Width": 8,
              "Actual Startup Time": 43.796,
              "Actual Total Time": 43.797,
              "Actual Rows": 1,
              "Actual Loops": 4,
              "Plans": [
                {
                  "Node Type": "Nested Loop",
                  "Parent Relationship": "Outer",
                  "Parallel Aware": false,
                  "Join Type": "Inner",
                  "Startup Cost": 252.23,
                  "Total Cost": 70386.38,
                  "Plan Rows": 2281,
                  "Plan Width": 0,
                  "Actual Startup Time": 2.424,
                  "Actual Total Time": 43.653,
                  "Actual Rows": 659,
                  "Actual Loops": 4,
                  "Inner Unique": false,
                  "Plans": [
                    {
                      "Node Type": "Nested Loop",
                      "Parent Relationship": "Outer",
                      "Parallel Aware": false,
                      "Join Type": "Inner",
                      "Startup Cost": 251.8,
                      "Total Cost": 68932.87,
                      "Plan Rows": 2210,
                      "Plan Width": 8,
                      "Actual Startup Time": 2.183,
                      "Actual Total Time": 39.111,
                      "Actual Rows": 228,
                      "Actual Loops": 4,
                      "Inner Unique": true,
                      "Plans": [
                        {
                          "Node Type": "Bitmap Heap Scan",
                          "Parent Relationship": "Outer",
                          "Parallel Aware": true,
                          "Relation Name": "movie_info",
                          "Alias": "mi",
                          "Startup Cost": 251.37,
                          "Total Cost": 41897.97,
                          "Plan Rows": 4451,
                          "Plan Width": 4,
                          "Actual Startup Time": 1.753,
                          "Actual Total Time": 4.131,
                          "Actual Rows": 4551,
                          "Actual Loops": 4,
                          "Recheck Cond": "(info_type_id = 11)",
                          "Rows Removed by Index Recheck": 0,
                          "Exact Heap Blocks": 377,
                          "Lossy Heap Blocks": 0,
                          "Plans": [
                            {
                              "Node Type": "Bitmap Index Scan",
                              "Parent Relationship": "Outer",
                              "Parallel Aware": false,
                              "Index Name": "info_type_id_movie_info",
                              "Startup Cost": 0.0,
                              "Total Cost": 247.92,
                              "Plan Rows": 13798,
                              "Plan Width": 0,
                              "Actual Startup Time": 6.345,
                              "Actual Total Time": 6.346,
                              "Actual Rows": 18205,
                              "Actual Loops": 1,
                              "Index Cond": "(info_type_id = 11)"
                            }
                          ]
                        },
                        {
                          "Node Type": "Index Scan",
                          "Parent Relationship": "Inner",
                          "Parallel Aware": false,
                          "Scan Direction": "Forward",
                          "Index Name": "title_pkey",
                          "Relation Name": "title",
                          "Alias": "t",
                          "Startup Cost": 0.43,
                          "Total Cost": 6.07,
                          "Plan Rows": 1,
                          "Plan Width": 4,
                          "Actual Startup Time": 0.007,
                          "Actual Total Time": 0.007,
                          "Actual Rows": 0,
                          "Actual Loops": 18205,
                          "Index Cond": "(id = mi.movie_id)",
                          "Rows Removed by Index Recheck": 0,
                          "Filter": "((production_year < 2011) AND (kind_id = 7))",
                          "Rows Removed by Filter": 1
                        }
                      ]
                    },
                    {
                      "Node Type": "Index Only Scan",
                      "Parent Relationship": "Inner",
                      "Parallel Aware": false,
                      "Scan Direction": "Forward",
                      "Index Name": "movie_id_movie_companies",
                      "Relation Name": "movie_companies",
                      "Alias": "mc",
                      "Startup Cost": 0.43,
                      "Total Cost": 0.61,
                      "Plan Rows": 5,
                      "Plan Width": 4,
                      "Actual Startup Time": 0.015,
                      "Actual Total Time": 0.018,
                      "Actual Rows": 3,
                      "Actual Loops": 914,
                      "Index Cond": "(movie_id = t.id)",
                      "Rows Removed by Index Recheck": 0,
                      "Heap Fetches": 2637
                    }
                  ]
                }
              ]
            }
          ]
        }
      ]
    },
    "Planning Time": 1.485,
    "Triggers": [],
    "Execution Time": 60.825
  }
]