{
    "Plan": {
        "Node Type": "Aggregate",
        "Strategy": "Plain",
        "Partial Mode": "Finalize",
        "Parallel Aware": false,
        "Startup Cost": 78180.18,
        "Total Cost": 78180.19,
        "Plan Rows": 1,
        "Plan Width": 8,
        "Actual Startup Time": 239.885,
        "Actual Total Time": 259.593,
        "Actual Rows": 1,
        "Actual Loops": 1,
        "Output": [
            "count(*)"
        ],
        "Plans": [
            {
                "Node Type": "Gather",
                "Parent Relationship": "Outer",
                "Parallel Aware": false,
                "Startup Cost": 78179.86,
                "Total Cost": 78180.17,
                "Plan Rows": 3,
                "Plan Width": 8,
                "Actual Startup Time": 239.147,
                "Actual Total Time": 259.582,
                "Actual Rows": 4,
                "Actual Loops": 1,
                "Output": [
                    "(PARTIAL count(*))"
                ],
                "Workers Planned": 3,
                "Workers Launched": 3,
                "Single Copy": false,
                "Plans": [
                    {
                        "Node Type": "Aggregate",
                        "Strategy": "Plain",
                        "Partial Mode": "Partial",
                        "Parent Relationship": "Outer",
                        "Parallel Aware": false,
                        "Startup Cost": 77179.86,
                        "Total Cost": 77179.87,
                        "Plan Rows": 1,
                        "Plan Width": 8,
                        "Actual Startup Time": 230.041,
                        "Actual Total Time": 230.045,
                        "Actual Rows": 1,
                        "Actual Loops": 4,
                        "Output": [
                            "PARTIAL count(*)"
                        ],
                        "Workers": [
                            {
                                "Worker Number": 0,
                                "Actual Startup Time": 227.03,
                                "Actual Total Time": 227.033,
                                "Actual Rows": 1,
                                "Actual Loops": 1
                            },
                            {
                                "Worker Number": 1,
                                "Actual Startup Time": 227.376,
                                "Actual Total Time": 227.38,
                                "Actual Rows": 1,
                                "Actual Loops": 1
                            },
                            {
                                "Worker Number": 2,
                                "Actual Startup Time": 227.291,
                                "Actual Total Time": 227.295,
                                "Actual Rows": 1,
                                "Actual Loops": 1
                            }
                        ],
                        "Plans": [
                            {
                                "Node Type": "Hash Join",
                                "Parent Relationship": "Outer",
                                "Parallel Aware": true,
                                "Join Type": "Inner",
                                "Startup Cost": 45662.46,
                                "Total Cost": 77177.65,
                                "Plan Rows": 887,
                                "Plan Width": 0,
                                "Actual Startup Time": 190.254,
                                "Actual Total Time": 229.763,
                                "Actual Rows": 3192,
                                "Actual Loops": 4,
                                "Inner Unique": true,
                                "Hash Cond": "(mc.movie_id = t.id)",
                                "Workers": [
                                    {
                                        "Worker Number": 0,
                                        "Actual Startup Time": 187.298,
                                        "Actual Total Time": 226.749,
                                        "Actual Rows": 2899,
                                        "Actual Loops": 1
                                    },
                                    {
                                        "Worker Number": 1,
                                        "Actual Startup Time": 187.514,
                                        "Actual Total Time": 227.093,
                                        "Actual Rows": 3033,
                                        "Actual Loops": 1
                                    },
                                    {
                                        "Worker Number": 2,
                                        "Actual Startup Time": 187.543,
                                        "Actual Total Time": 227.001,
                                        "Actual Rows": 3173,
                                        "Actual Loops": 1
                                    }
                                ],
                                "Plans": [
                                    {
                                        "Node Type": "Seq Scan",
                                        "Parent Relationship": "Outer",
                                        "Parallel Aware": true,
                                        "Relation Name": "movie_companies",
                                        "Schema": "public",
                                        "Alias": "mc",
                                        "Startup Cost": 0.0,
                                        "Total Cost": 31414.82,
                                        "Plan Rows": 38237,
                                        "Plan Width": 4,
                                        "Actual Startup Time": 54.492,
                                        "Actual Total Time": 81.174,
                                        "Actual Rows": 58902,
                                        "Actual Loops": 4,
                                        "Output": [
                                            "mc.id",
                                            "mc.movie_id",
                                            "mc.company_id",
                                            "mc.company_type_id",
                                            "mc.note"
                                        ],
                                        "Filter": "((mc.company_id > 104026) AND (mc.company_type_id > 1))",
                                        "Rows Removed by Filter": 593380,
                                        "Workers": [
                                            {
                                                "Worker Number": 0,
                                                "Actual Startup Time": 54.503,
                                                "Actual Total Time": 81.199,
                                                "Actual Rows": 56312,
                                                "Actual Loops": 1
                                            },
                                            {
                                                "Worker Number": 1,
                                                "Actual Startup Time": 54.485,
                                                "Actual Total Time": 81.279,
                                                "Actual Rows": 56030,
                                                "Actual Loops": 1
                                            },
                                            {
                                                "Worker Number": 2,
                                                "Actual Startup Time": 54.484,
                                                "Actual Total Time": 81.218,
                                                "Actual Rows": 55648,
                                                "Actual Loops": 1
                                            }
                                        ]
                                    },
                                    {
                                        "Node Type": "Hash",
                                        "Parent Relationship": "Inner",
                                        "Parallel Aware": true,
                                        "Startup Cost": 45479.21,
                                        "Total Cost": 45479.21,
                                        "Plan Rows": 14660,
                                        "Plan Width": 4,
                                        "Actual Startup Time": 134.514,
                                        "Actual Total Time": 134.515,
                                        "Actual Rows": 19644,
                                        "Actual Loops": 4,
                                        "Output": [
                                            "t.id"
                                        ],
                                        "Hash Buckets": 131072,
                                        "Original Hash Buckets": 65536,
                                        "Hash Batches": 1,
                                        "Original Hash Batches": 1,
                                        "Peak Memory Usage": 4640,
                                        "Workers": [
                                            {
                                                "Worker Number": 0,
                                                "Actual Startup Time": 132.156,
                                                "Actual Total Time": 132.157,
                                                "Actual Rows": 18775,
                                                "Actual Loops": 1
                                            },
                                            {
                                                "Worker Number": 1,
                                                "Actual Startup Time": 132.328,
                                                "Actual Total Time": 132.329,
                                                "Actual Rows": 17834,
                                                "Actual Loops": 1
                                            },
                                            {
                                                "Worker Number": 2,
                                                "Actual Startup Time": 132.318,
                                                "Actual Total Time": 132.319,
                                                "Actual Rows": 17868,
                                                "Actual Loops": 1
                                            }
                                        ],
                                        "Plans": [
                                            {
                                                "Node Type": "Seq Scan",
                                                "Parent Relationship": "Outer",
                                                "Parallel Aware": true,
                                                "Relation Name": "title",
                                                "Schema": "public",
                                                "Alias": "t",
                                                "Startup Cost": 0.0,
                                                "Total Cost": 45479.21,
                                                "Plan Rows": 14660,
                                                "Plan Width": 4,
                                                "Actual Startup Time": 75.04,
                                                "Actual Total Time": 124.113,
                                                "Actual Rows": 19644,
                                                "Actual Loops": 4,
                                                "Output": [
                                                    "t.id"
                                                ],
                                                "Filter": "((t.production_year > 2002) AND (t.kind_id = 4))",
                                                "Rows Removed by Filter": 612434,
                                                "Workers": [
                                                    {
                                                        "Worker Number": 0,
                                                        "Actual Startup Time": 72.249,
                                                        "Actual Total Time": 122.517,
                                                        "Actual Rows": 18775,
                                                        "Actual Loops": 1
                                                    },
                                                    {
                                                        "Worker Number": 1,
                                                        "Actual Startup Time": 72.483,
                                                        "Actual Total Time": 121.532,
                                                        "Actual Rows": 17834,
                                                        "Actual Loops": 1
                                                    },
                                                    {
                                                        "Worker Number": 2,
                                                        "Actual Startup Time": 73.157,
                                                        "Actual Total Time": 122.242,
                                                        "Actual Rows": 17868,
                                                        "Actual Loops": 1
                                                    }
                                                ]
                                            }
                                        ]
                                    }
                                ]
                            }
                        ]
                    }
                ]
            }
        ]
    },
    "Planning Time": 0.763,
    "Triggers": [],
    "Execution Time": 259.701
}