[
  {
    "Plan": {
      "Node Type": "Aggregate",
      "Strategy": "Plain",
      "Partial Mode": "Finalize",
      "Parallel Aware": false,
      "Startup Cost": 32225.84,
      "Total Cost": 32225.85,
      "Plan Rows": 1,
      "Plan Width": 8,
      "Actual Startup Time": 148.145,
      "Actual Total Time": 156.972,
      "Actual Rows": 1,
      "Actual Loops": 1,
      "Plans": [
        {
          "Node Type": "Gather",
          "Parent Relationship": "Outer",
          "Parallel Aware": false,
          "Startup Cost": 32225.52,
          "Total Cost": 32225.83,
          "Plan Rows": 3,
          "Plan Width": 8,
          "Actual Startup Time": 147.974,
          "Actual Total Time": 156.963,
          "Actual Rows": 4,
          "Actual Loops": 1,
          "Workers Planned": 3,
          "Workers Launched": 3,
          "Single Copy": false,
          "Plans": [
            {
              "Node Type": "Aggregate",
              "Strategy": "Plain",
              "Partial Mode": "Partial",
              "Parent Relationship": "Outer",
              "Parallel Aware": false,
              "Startup Cost": 31225.52,
              "Total Cost": 31225.53,
              "Plan Rows": 1,
              "Plan Width": 8,
              "Actual Startup Time": 141.405,
              "Actual Total Time": 141.406,
              "Actual Rows": 1,
              "Actual Loops": 4,
              "Plans": [
                {
                  "Node Type": "Seq Scan",
                  "Parent Relationship": "Outer",
                  "Parallel Aware": true,
                  "Relation Name": "movie_companies",
                  "Alias": "mc",
                  "Startup Cost": 0.0,
                  "Total Cost": 29310.68,
                  "Plan Rows": 765936,
                  "Plan Width": 0,
                  "Actual Startup Time": 0.029,
                  "Actual Total Time": 107.993,
                  "Actual Rows": 594310,
                  "Actual Loops": 4,
                  "Filter": "(company_id < 104967)",
                  "Rows Removed by Filter": 57972
                }
              ]
            }
          ]
        }
      ]
    },
    "Planning Time": 0.125,
    "Triggers": [],
    "Execution Time": 157.014
  }
]