{
  "Plan": {
    "Node Type": "Aggregate",
    "Strategy": "Plain",
    "Partial Mode": "Finalize",
    "Parallel Aware": false,
    "Startup Cost": 84312.22,
    "Total Cost": 84312.23,
    "Plan Rows": 1,
    "Plan Width": 8,
    "Actual Startup Time": 181.356,
    "Actual Total Time": 195.494,
    "Actual Rows": 1,
    "Actual Loops": 1,
    "Plans": [
      {
        "Node Type": "Gather",
        "Parent Relationship": "Outer",
        "Parallel Aware": false,
        "Startup Cost": 84312.1,
        "Total Cost": 84312.21,
        "Plan Rows": 1,
        "Plan Width": 8,
        "Actual Startup Time": 181.097,
        "Actual Total Time": 195.487,
        "Actual Rows": 2,
        "Actual Loops": 1,
        "Workers Planned": 1,
        "Workers Launched": 1,
        "Single Copy": false,
        "Plans": [
          {
            "Node Type": "Aggregate",
            "Strategy": "Plain",
            "Partial Mode": "Partial",
            "Parent Relationship": "Outer",
            "Parallel Aware": false,
            "Startup Cost": 83312.1,
            "Total Cost": 83312.11,
            "Plan Rows": 1,
            "Plan Width": 8,
            "Actual Startup Time": 175.03,
            "Actual Total Time": 175.032,
            "Actual Rows": 1,
            "Actual Loops": 2,
            "Plans": [
              {
                "Node Type": "Nested Loop",
                "Parent Relationship": "Outer",
                "Parallel Aware": false,
                "Join Type": "Inner",
                "Startup Cost": 0.43,
                "Total Cost": 83299.58,
                "Plan Rows": 5009,
                "Plan Width": 0,
                "Actual Startup Time": 2.656,
                "Actual Total Time": 174.286,
                "Actual Rows": 15315,
                "Actual Loops": 2,
                "Inner Unique": false,
                "Plans": [
                  {
                    "Node Type": "Seq Scan",
                    "Parent Relationship": "Outer",
                    "Parallel Aware": true,
                    "Relation Name": "title",
                    "Alias": "t",
                    "Startup Cost": 0.0,
                    "Total Cost": 58306.47,
                    "Plan Rows": 2799,
                    "Plan Width": 4,
                    "Actual Startup Time": 0.265,
                    "Actual Total Time": 144.169,
                    "Actual Rows": 2994,
                    "Actual Loops": 2,
                    "Filter": "((kind_id < 7) AND (production_year = 1972))",
                    "Rows Removed by Filter": 1261162
                  },
                  {
                    "Node Type": "Index Only Scan",
                    "Parent Relationship": "Inner",
                    "Parallel Aware": false,
                    "Scan Direction": "Forward",
                    "Index Name": "movie_id_movie_keyword",
                    "Relation Name": "movie_keyword",
                    "Alias": "mk",
                    "Startup Cost": 0.43,
                    "Total Cost": 8.48,
                    "Plan Rows": 45,
                    "Plan Width": 4,
                    "Actual Startup Time": 0.009,
                    "Actual Total Time": 0.009,
                    "Actual Rows": 5,
                    "Actual Loops": 5989,
                    "Index Cond": "(movie_id = t.id)",
                    "Rows Removed by Index Recheck": 0,
                    "Heap Fetches": 30630
                  }
                ]
              }
            ]
          }
        ]
      }
    ]
  },
  "Planning Time": 0.48,
  "Triggers": [],
  "Execution Time": 195.567
}