[
  {
    "Plan": {
      "Node Type": "Aggregate",
      "Strategy": "Plain",
      "Partial Mode": "Finalize",
      "Parallel Aware": false,
      "Startup Cost": 95542.33,
      "Total Cost": 95542.34,
      "Plan Rows": 1,
      "Plan Width": 8,
      "Actual Startup Time": 391.055,
      "Actual Total Time": 407.596,
      "Actual Rows": 1,
      "Actual Loops": 1,
      "Plans": [
        {
          "Node Type": "Gather",
          "Parent Relationship": "Outer",
          "Parallel Aware": false,
          "Startup Cost": 95542.01,
          "Total Cost": 95542.32,
          "Plan Rows": 3,
          "Plan Width": 8,
          "Actual Startup Time": 387.536,
          "Actual Total Time": 407.576,
          "Actual Rows": 4,
          "Actual Loops": 1,
          "Workers Planned": 3,
          "Workers Launched": 3,
          "Single Copy": false,
          "Plans": [
            {
              "Node Type": "Aggregate",
              "Strategy": "Plain",
              "Partial Mode": "Partial",
              "Parent Relationship": "Outer",
              "Parallel Aware": false,
              "Startup Cost": 94542.01,
              "Total Cost": 94542.02,
              "Plan Rows": 1,
              "Plan Width": 8,
              "Actual Startup Time": 379.362,
              "Actual Total Time": 379.365,
              "Actual Rows": 1,
              "Actual Loops": 4,
              "Plans": [
                {
                  "Node Type": "Hash Join",
                  "Parent Relationship": "Outer",
                  "Parallel Aware": true,
                  "Join Type": "Inner",
                  "Startup Cost": 48202.17,
                  "Total Cost": 93641.45,
                  "Plan Rows": 360226,
                  "Plan Width": 0,
                  "Actual Startup Time": 183.004,
                  "Actual Total Time": 376.454,
                  "Actual Rows": 67391,
                  "Actual Loops": 4,
                  "Inner Unique": true,
                  "Hash Cond": "(mk.movie_id = t.id)",
                  "Plans": [
                    {
                      "Node Type": "Seq Scan",
                      "Parent Relationship": "Outer",
                      "Parallel Aware": true,
                      "Relation Name": "movie_keyword",
                      "Alias": "mk",
                      "Startup Cost": 0.0,
                      "Total Cost": 42695.65,
                      "Plan Rows": 1045188,
                      "Plan Width": 4,
                      "Actual Startup Time": 0.101,
                      "Actual Total Time": 110.837,
                      "Actual Rows": 807619,
                      "Actual Loops": 4,
                      "Filter": "(keyword_id > 1679)",
                      "Rows Removed by Filter": 323364
                    },
                    {
                      "Node Type": "Hash",
                      "Parent Relationship": "Inner",
                      "Parallel Aware": true,
                      "Startup Cost": 45479.1,
                      "Total Cost": 45479.1,
                      "Plan Rows": 217846,
                      "Plan Width": 4,
                      "Actual Startup Time": 177.868,
                      "Actual Total Time": 177.869,
                      "Actual Rows": 200378,
                      "Actual Loops": 4,
                      "Hash Buckets": 1048576,
                      "Original Hash Buckets": 1048576,
                      "Hash Batches": 1,
                      "Original Hash Batches": 1,
                      "Peak Memory Usage": 39616,
                      "Plans": [
                        {
                          "Node Type": "Seq Scan",
                          "Parent Relationship": "Outer",
                          "Parallel Aware": true,
                          "Relation Name": "title",
                          "Alias": "t",
                          "Startup Cost": 0.0,
                          "Total Cost": 45479.1,
                          "Plan Rows": 217846,
                          "Plan Width": 4,
                          "Actual Startup Time": 0.04,
                          "Actual Total Time": 105.31,
                          "Actual Rows": 200378,
                          "Actual Loops": 4,
                          "Filter": "((production_year < 2006) AND (kind_id = 7))",
                          "Rows Removed by Filter": 431700
                        }
                      ]
                    }
                  ]
                }
              ]
            }
          ]
        }
      ]
    },
    "Planning Time": 0.535,
    "Triggers": [],
    "Execution Time": 407.661
  }
]