[
    {
        "Bao": {
            "Bao prediction": 545.923,
            "Bao recommended hint": "SET enable_mergejoin TO off; SET enable_indexscan TO off; "
        }
    },
    {
        "Plan": {
            "Node Type": "Aggregate",
            "Strategy": "Plain",
            "Partial Mode": "Simple",
            "Parallel Aware": false,
            "Startup Cost": 55516.48,
            "Total Cost": 55516.49,
            "Plan Rows": 1,
            "Plan Width": 64,
            "Actual Startup Time": 244.895,
            "Actual Total Time": 244.903,
            "Actual Rows": 1,
            "Actual Loops": 1,
            "Output": [
                "min(n.name)",
                "min(t.title)"
            ],
            "Plans": [
                {
                    "Node Type": "Nested Loop",
                    "Parent Relationship": "Outer",
                    "Parallel Aware": false,
                    "Join Type": "Inner",
                    "Startup Cost": 2412.11,
                    "Total Cost": 55516.47,
                    "Plan Rows": 1,
                    "Plan Width": 32,
                    "Actual Startup Time": 51.24,
                    "Actual Total Time": 244.846,
                    "Actual Rows": 81,
                    "Actual Loops": 1,
                    "Output": [
                        "n.name",
                        "t.title"
                    ],
                    "Inner Unique": true,
                    "Plans": [
                        {
                            "Node Type": "Nested Loop",
                            "Parent Relationship": "Outer",
                            "Parallel Aware": false,
                            "Join Type": "Inner",
                            "Startup Cost": 2411.67,
                            "Total Cost": 55512.02,
                            "Plan Rows": 1,
                            "Plan Width": 23,
                            "Actual Startup Time": 49.703,
                            "Actual Total Time": 242.131,
                            "Actual Rows": 199,
                            "Actual Loops": 1,
                            "Output": [
                                "ci.movie_id",
                                "ml.linked_movie_id",
                                "n.name"
                            ],
                            "Inner Unique": true,
                            "Join Filter": "(ml.link_type_id = lt.id)",
                            "Rows Removed by Join Filter": 497,
                            "Plans": [
                                {
                                    "Node Type": "Nested Loop",
                                    "Parent Relationship": "Outer",
                                    "Parallel Aware": false,
                                    "Join Type": "Inner",
                                    "Startup Cost": 2411.67,
                                    "Total Cost": 55510.78,
                                    "Plan Rows": 1,
                                    "Plan Width": 27,
                                    "Actual Startup Time": 49.518,
                                    "Actual Total Time": 238.512,
                                    "Actual Rows": 696,
                                    "Actual Loops": 1,
                                    "Output": [
                                        "ci.movie_id",
                                        "ml.linked_movie_id",
                                        "ml.link_type_id",
                                        "n.name"
                                    ],
                                    "Inner Unique": false,
                                    "Plans": [
                                        {
                                            "Node Type": "Nested Loop",
                                            "Parent Relationship": "Outer",
                                            "Parallel Aware": false,
                                            "Join Type": "Inner",
                                            "Startup Cost": 2411.37,
                                            "Total Cost": 55506.43,
                                            "Plan Rows": 1,
                                            "Plan Width": 19,
                                            "Actual Startup Time": 49.047,
                                            "Actual Total Time": 201.631,
                                            "Actual Rows": 6198,
                                            "Actual Loops": 1,
                                            "Output": [
                                                "ci.movie_id",
                                                "n.name"
                                            ],
                                            "Inner Unique": false,
                                            "Join Filter": "(n.id = an.person_id)",
                                            "Rows Removed by Join Filter": 0,
                                            "Plans": [
                                                {
                                                    "Node Type": "Nested Loop",
                                                    "Parent Relationship": "Outer",
                                                    "Parallel Aware": false,
                                                    "Join Type": "Inner",
                                                    "Startup Cost": 2410.93,
                                                    "Total Cost": 55501.93,
                                                    "Plan Rows": 1,
                                                    "Plan Width": 31,
                                                    "Actual Startup Time": 48.979,
                                                    "Actual Total Time": 165.369,
                                                    "Actual Rows": 3936,
                                                    "Actual Loops": 1,
                                                    "Output": [
                                                        "ci.person_id",
                                                        "ci.movie_id",
                                                        "n.name",
                                                        "n.id",
                                                        "pi.person_id"
                                                    ],
                                                    "Inner Unique": false,
                                                    "Plans": [
                                                        {
                                                            "Node Type": "Nested Loop",
                                                            "Parent Relationship": "Outer",
                                                            "Parallel Aware": false,
                                                            "Join Type": "Inner",
                                                            "Startup Cost": 2406.14,
                                                            "Total Cost": 55482.12,
                                                            "Plan Rows": 1,
                                                            "Plan Width": 23,
                                                            "Actual Startup Time": 48.877,
                                                            "Actual Total Time": 159.03,
                                                            "Actual Rows": 30,
                                                            "Actual Loops": 1,
                                                            "Output": [
                                                                "pi.person_id",
                                                                "n.name",
                                                                "n.id"
                                                            ],
                                                            "Inner Unique": true,
                                                            "Plans": [
                                                                {
                                                                    "Node Type": "Nested Loop",
                                                                    "Parent Relationship": "Outer",
                                                                    "Parallel Aware": false,
                                                                    "Join Type": "Inner",
                                                                    "Startup Cost": 2401.7,
                                                                    "Total Cost": 55473.66,
                                                                    "Plan Rows": 1,
                                                                    "Plan Width": 4,
                                                                    "Actual Startup Time": 40.546,
                                                                    "Actual Total Time": 156.565,
                                                                    "Actual Rows": 64,
                                                                    "Actual Loops": 1,
                                                                    "Output": [
                                                                        "pi.person_id"
                                                                    ],
                                                                    "Inner Unique": false,
                                                                    "Plans": [
                                                                        {
                                                                            "Node Type": "Seq Scan",
                                                                            "Parent Relationship": "Outer",
                                                                            "Parallel Aware": false,
                                                                            "Relation Name": "info_type",
                                                                            "Schema": "public",
                                                                            "Alias": "it",
                                                                            "Startup Cost": 0.0,
                                                                            "Total Cost": 2.41,
                                                                            "Plan Rows": 1,
                                                                            "Plan Width": 4,
                                                                            "Actual Startup Time": 0.048,
                                                                            "Actual Total Time": 0.057,
                                                                            "Actual Rows": 1,
                                                                            "Actual Loops": 1,
                                                                            "Output": [
                                                                                "it.id",
                                                                                "it.info"
                                                                            ],
                                                                            "Filter": "((it.info)::text = 'mini biography'::text)",
                                                                            "Rows Removed by Filter": 112
                                                                        },
                                                                        {
                                                                            "Node Type": "Bitmap Heap Scan",
                                                                            "Parent Relationship": "Inner",
                                                                            "Parallel Aware": false,
                                                                            "Relation Name": "person_info",
                                                                            "Schema": "public",
                                                                            "Alias": "pi",
                                                                            "Startup Cost": 2401.7,
                                                                            "Total Cost": 55471.23,
                                                                            "Plan Rows": 1,
                                                                            "Plan Width": 8,
                                                                            "Actual Startup Time": 40.486,
                                                                            "Actual Total Time": 156.465,
                                                                            "Actual Rows": 64,
                                                                            "Actual Loops": 1,
                                                                            "Output": [
                                                                                "pi.id",
                                                                                "pi.person_id",
                                                                                "pi.info_type_id",
                                                                                "pi.info",
                                                                                "pi.note"
                                                                            ],
                                                                            "Recheck Cond": "(pi.info_type_id = it.id)",
                                                                            "Rows Removed by Index Recheck": 0,
                                                                            "Filter": "(pi.note = 'Volker Boehm'::text)",
                                                                            "Rows Removed by Filter": 84120,
                                                                            "Exact Heap Blocks": 40387,
                                                                            "Lossy Heap Blocks": 0,
                                                                            "Plans": [
                                                                                {
                                                                                    "Node Type": "Bitmap Index Scan",
                                                                                    "Parent Relationship": "Outer",
                                                                                    "Parallel Aware": false,
                                                                                    "Index Name": "info_type_id_person_info",
                                                                                    "Startup Cost": 0.0,
                                                                                    "Total Cost": 2401.7,
                                                                                    "Plan Rows": 134569,
                                                                                    "Plan Width": 0,
                                                                                    "Actual Startup Time": 28.028,
                                                                                    "Actual Total Time": 28.028,
                                                                                    "Actual Rows": 84184,
                                                                                    "Actual Loops": 1,
                                                                                    "Index Cond": "(pi.info_type_id = it.id)"
                                                                                }
                                                                            ]
                                                                        }
                                                                    ]
                                                                },
                                                                {
                                                                    "Node Type": "Bitmap Heap Scan",
                                                                    "Parent Relationship": "Inner",
                                                                    "Parallel Aware": false,
                                                                    "Relation Name": "name",
                                                                    "Schema": "public",
                                                                    "Alias": "n",
                                                                    "Startup Cost": 4.44,
                                                                    "Total Cost": 8.46,
                                                                    "Plan Rows": 1,
                                                                    "Plan Width": 19,
                                                                    "Actual Startup Time": 0.035,
                                                                    "Actual Total Time": 0.035,
                                                                    "Actual Rows": 0,
                                                                    "Actual Loops": 64,
                                                                    "Output": [
                                                                        "n.id",
                                                                        "n.name",
                                                                        "n.imdb_index",
                                                                        "n.imdb_id",
                                                                        "n.gender",
                                                                        "n.name_pcode_cf",
                                                                        "n.name_pcode_nf",
                                                                        "n.surname_pcode",
                                                                        "n.md5sum"
                                                                    ],
                                                                    "Recheck Cond": "(n.id = pi.person_id)",
                                                                    "Rows Removed by Index Recheck": 0,
                                                                    "Filter": "(((n.name_pcode_cf)::text >= 'B'::text) AND ((n.name_pcode_cf)::text <= 'Q'::text) AND (((n.gender)::text = 'm'::text) OR (((n.gender)::text = 'f'::text) AND (n.name ~~ 'B%'::text))))",
                                                                    "Rows Removed by Filter": 1,
                                                                    "Exact Heap Blocks": 64,
                                                                    "Lossy Heap Blocks": 0,
                                                                    "Plans": [
                                                                        {
                                                                            "Node Type": "Bitmap Index Scan",
                                                                            "Parent Relationship": "Outer",
                                                                            "Parallel Aware": false,
                                                                            "Index Name": "name_pkey",
                                                                            "Startup Cost": 0.0,
                                                                            "Total Cost": 4.44,
                                                                            "Plan Rows": 1,
                                                                            "Plan Width": 0,
                                                                            "Actual Startup Time": 0.021,
                                                                            "Actual Total Time": 0.021,
                                                                            "Actual Rows": 1,
                                                                            "Actual Loops": 64,
                                                                            "Index Cond": "(n.id = pi.person_id)"
                                                                        }
                                                                    ]
                                                                }
                                                            ]
                                                        },
                                                        {
                                                            "Node Type": "Bitmap Heap Scan",
                                                            "Parent Relationship": "Inner",
                                                            "Parallel Aware": false,
                                                            "Relation Name": "cast_info",
                                                            "Schema": "public",
                                                            "Alias": "ci",
                                                            "Startup Cost": 4.79,
                                                            "Total Cost": 14.92,
                                                            "Plan Rows": 490,
                                                            "Plan Width": 8,
                                                            "Actual Startup Time": 0.102,
                                                            "Actual Total Time": 0.178,
                                                            "Actual Rows": 131,
                                                            "Actual Loops": 30,
                                                            "Output": [
                                                                "ci.id",
                                                                "ci.person_id",
                                                                "ci.movie_id",
                                                                "ci.person_role_id",
                                                                "ci.note",
                                                                "ci.nr_order",
                                                                "ci.role_id"
                                                            ],
                                                            "Recheck Cond": "(ci.person_id = n.id)",
                                                            "Rows Removed by Index Recheck": 0,
                                                            "Exact Heap Blocks": 149,
                                                            "Lossy Heap Blocks": 0,
                                                            "Plans": [
                                                                {
                                                                    "Node Type": "Bitmap Index Scan",
                                                                    "Parent Relationship": "Outer",
                                                                    "Parallel Aware": false,
                                                                    "Index Name": "person_id_cast_info",
                                                                    "Startup Cost": 0.0,
                                                                    "Total Cost": 4.67,
                                                                    "Plan Rows": 490,
                                                                    "Plan Width": 0,
                                                                    "Actual Startup Time": 0.087,
                                                                    "Actual Total Time": 0.087,
                                                                    "Actual Rows": 131,
                                                                    "Actual Loops": 30,
                                                                    "Index Cond": "(ci.person_id = n.id)"
                                                                }
                                                            ]
                                                        }
                                                    ]
                                                },
                                                {
                                                    "Node Type": "Bitmap Heap Scan",
                                                    "Parent Relationship": "Inner",
                                                    "Parallel Aware": false,
                                                    "Relation Name": "aka_name",
                                                    "Schema": "public",
                                                    "Alias": "an",
                                                    "Startup Cost": 0.44,
                                                    "Total Cost": 4.47,
                                                    "Plan Rows": 2,
                                                    "Plan Width": 4,
                                                    "Actual Startup Time": 0.005,
                                                    "Actual Total Time": 0.006,
                                                    "Actual Rows": 2,
                                                    "Actual Loops": 3936,
                                                    "Output": [
                                                        "an.id",
                                                        "an.person_id",
                                                        "an.name",
                                                        "an.imdb_index",
                                                        "an.name_pcode_cf",
                                                        "an.name_pcode_nf",
                                                        "an.surname_pcode",
                                                        "an.md5sum"
                                                    ],
                                                    "Recheck Cond": "(an.person_id = ci.person_id)",
                                                    "Rows Removed by Index Recheck": 0,
                                                    "Filter": "(an.name ~~ '%a%'::text)",
                                                    "Rows Removed by Filter": 1,
                                                    "Exact Heap Blocks": 5242,
                                                    "Lossy Heap Blocks": 0,
                                                    "Plans": [
                                                        {
                                                            "Node Type": "Bitmap Index Scan",
                                                            "Parent Relationship": "Outer",
                                                            "Parallel Aware": false,
                                                            "Index Name": "person_id_aka_name",
                                                            "Startup Cost": 0.0,
                                                            "Total Cost": 0.44,
                                                            "Plan Rows": 2,
                                                            "Plan Width": 0,
                                                            "Actual Startup Time": 0.003,
                                                            "Actual Total Time": 0.003,
                                                            "Actual Rows": 2,
                                                            "Actual Loops": 3936,
                                                            "Index Cond": "(an.person_id = ci.person_id)"
                                                        }
                                                    ]
                                                }
                                            ]
                                        },
                                        {
                                            "Node Type": "Bitmap Heap Scan",
                                            "Parent Relationship": "Inner",
                                            "Parallel Aware": false,
                                            "Relation Name": "movie_link",
                                            "Schema": "public",
                                            "Alias": "ml",
                                            "Startup Cost": 0.3,
                                            "Total Cost": 4.33,
                                            "Plan Rows": 2,
                                            "Plan Width": 8,
                                            "Actual Startup Time": 0.003,
                                            "Actual Total Time": 0.003,
                                            "Actual Rows": 0,
                                            "Actual Loops": 6198,
                                            "Output": [
                                                "ml.id",
                                                "ml.movie_id",
                                                "ml.linked_movie_id",
                                                "ml.link_type_id"
                                            ],
                                            "Recheck Cond": "(ml.linked_movie_id = ci.movie_id)",
                                            "Rows Removed by Index Recheck": 0,
                                            "Exact Heap Blocks": 637,
                                            "Lossy Heap Blocks": 0,
                                            "Plans": [
                                                {
                                                    "Node Type": "Bitmap Index Scan",
                                                    "Parent Relationship": "Outer",
                                                    "Parallel Aware": false,
                                                    "Index Name": "linked_movie_id_movie_link",
                                                    "Startup Cost": 0.0,
                                                    "Total Cost": 0.3,
                                                    "Plan Rows": 2,
                                                    "Plan Width": 0,
                                                    "Actual Startup Time": 0.003,
                                                    "Actual Total Time": 0.003,
                                                    "Actual Rows": 0,
                                                    "Actual Loops": 6198,
                                                    "Index Cond": "(ml.linked_movie_id = ci.movie_id)"
                                                }
                                            ]
                                        }
                                    ]
                                },
                                {
                                    "Node Type": "Seq Scan",
                                    "Parent Relationship": "Inner",
                                    "Parallel Aware": false,
                                    "Relation Name": "link_type",
                                    "Schema": "public",
                                    "Alias": "lt",
                                    "Startup Cost": 0.0,
                                    "Total Cost": 1.23,
                                    "Plan Rows": 1,
                                    "Plan Width": 4,
                                    "Actual Startup Time": 0.002,
                                    "Actual Total Time": 0.003,
                                    "Actual Rows": 1,
                                    "Actual Loops": 696,
                                    "Output": [
                                        "lt.id",
                                        "lt.link"
                                    ],
                                    "Filter": "((lt.link)::text = 'features'::text)",
                                    "Rows Removed by Filter": 14
                                }
                            ]
                        },
                        {
                            "Node Type": "Bitmap Heap Scan",
                            "Parent Relationship": "Inner",
                            "Parallel Aware": false,
                            "Relation Name": "title",
                            "Schema": "public",
                            "Alias": "t",
                            "Startup Cost": 0.44,
                            "Total Cost": 4.46,
                            "Plan Rows": 1,
                            "Plan Width": 21,
                            "Actual Startup Time": 0.011,
                            "Actual Total Time": 0.011,
                            "Actual Rows": 0,
                            "Actual Loops": 199,
                            "Output": [
                                "t.id",
                                "t.title",
                                "t.imdb_index",
                                "t.kind_id",
                                "t.production_year",
                                "t.imdb_id",
                                "t.phonetic_code",
                                "t.episode_of_id",
                                "t.season_nr",
                                "t.episode_nr",
                                "t.series_years",
                                "t.md5sum"
                            ],
                            "Recheck Cond": "(t.id = ci.movie_id)",
                            "Rows Removed by Index Recheck": 0,
                            "Filter": "((t.production_year >= 1978) AND (t.production_year <= 2012))",
                            "Rows Removed by Filter": 1,
                            "Exact Heap Blocks": 199,
                            "Lossy Heap Blocks": 0,
                            "Plans": [
                                {
                                    "Node Type": "Bitmap Index Scan",
                                    "Parent Relationship": "Outer",
                                    "Parallel Aware": false,
                                    "Index Name": "title_pkey",
                                    "Startup Cost": 0.0,
                                    "Total Cost": 0.44,
                                    "Plan Rows": 1,
                                    "Plan Width": 0,
                                    "Actual Startup Time": 0.007,
                                    "Actual Total Time": 0.007,
                                    "Actual Rows": 1,
                                    "Actual Loops": 199,
                                    "Index Cond": "(t.id = ci.movie_id)"
                                }
                            ]
                        }
                    ]
                }
            ]
        },
        "Planning Time": 1887.396,
        "Triggers": [],
        "Execution Time": 246.079
    }
]