[
  {
    "Plan": {
      "Node Type": "Aggregate",
      "Strategy": "Plain",
      "Partial Mode": "Finalize",
      "Parallel Aware": false,
      "Startup Cost": 32974.24,
      "Total Cost": 32974.25,
      "Plan Rows": 1,
      "Plan Width": 8,
      "Actual Startup Time": 89.865,
      "Actual Total Time": 97.884,
      "Actual Rows": 1,
      "Actual Loops": 1,
      "Plans": [
        {
          "Node Type": "Gather",
          "Parent Relationship": "Outer",
          "Parallel Aware": false,
          "Startup Cost": 32973.92,
          "Total Cost": 32974.23,
          "Plan Rows": 3,
          "Plan Width": 8,
          "Actual Startup Time": 89.737,
          "Actual Total Time": 97.877,
          "Actual Rows": 4,
          "Actual Loops": 1,
          "Workers Planned": 3,
          "Workers Launched": 3,
          "Single Copy": false,
          "Plans": [
            {
              "Node Type": "Aggregate",
              "Strategy": "Plain",
              "Partial Mode": "Partial",
              "Parent Relationship": "Outer",
              "Parallel Aware": false,
              "Startup Cost": 31973.92,
              "Total Cost": 31973.93,
              "Plan Rows": 1,
              "Plan Width": 8,
              "Actual Startup Time": 81.843,
              "Actual Total Time": 81.844,
              "Actual Rows": 1,
              "Actual Loops": 4,
              "Plans": [
                {
                  "Node Type": "Seq Scan",
                  "Parent Relationship": "Outer",
                  "Parallel Aware": true,
                  "Relation Name": "movie_companies",
                  "Alias": "mc",
                  "Startup Cost": 0.0,
                  "Total Cost": 31414.82,
                  "Plan Rows": 223640,
                  "Plan Width": 0,
                  "Actual Startup Time": 47.311,
                  "Actual Total Time": 77.4,
                  "Actual Rows": 110555,
                  "Actual Loops": 4,
                  "Filter": "((company_id < 11695) AND (company_type_id > 1))",
                  "Rows Removed by Filter": 541727
                }
              ]
            }
          ]
        }
      ]
    },
    "Planning Time": 0.156,
    "Triggers": [],
    "Execution Time": 97.925
  }
]