[
  {
    "Plan": {
      "Node Type": "Aggregate",
      "Strategy": "Plain",
      "Partial Mode": "Finalize",
      "Parallel Aware": false,
      "Startup Cost": 109414.84,
      "Total Cost": 109414.85,
      "Plan Rows": 1,
      "Plan Width": 8,
      "Actual Startup Time": 796.368,
      "Actual Total Time": 817.744,
      "Actual Rows": 1,
      "Actual Loops": 1,
      "Plans": [
        {
          "Node Type": "Gather",
          "Parent Relationship": "Outer",
          "Parallel Aware": false,
          "Startup Cost": 109414.62,
          "Total Cost": 109414.83,
          "Plan Rows": 2,
          "Plan Width": 8,
          "Actual Startup Time": 787.375,
          "Actual Total Time": 817.735,
          "Actual Rows": 3,
          "Actual Loops": 1,
          "Workers Planned": 2,
          "Workers Launched": 2,
          "Single Copy": false,
          "Plans": [
            {
              "Node Type": "Aggregate",
              "Strategy": "Plain",
              "Partial Mode": "Partial",
              "Parent Relationship": "Outer",
              "Parallel Aware": false,
              "Startup Cost": 108414.62,
              "Total Cost": 108414.63,
              "Plan Rows": 1,
              "Plan Width": 8,
              "Actual Startup Time": 783.827,
              "Actual Total Time": 783.986,
              "Actual Rows": 1,
              "Actual Loops": 3,
              "Plans": [
                {
                  "Node Type": "Hash Join",
                  "Parent Relationship": "Outer",
                  "Parallel Aware": true,
                  "Join Type": "Inner",
                  "Startup Cost": 91831.58,
                  "Total Cost": 108090.83,
                  "Plan Rows": 129518,
                  "Plan Width": 0,
                  "Actual Startup Time": 645.674,
                  "Actual Total Time": 767.862,
                  "Actual Rows": 393336,
                  "Actual Loops": 3,
                  "Inner Unique": false,
                  "Hash Cond": "(mi_idx.movie_id = t.id)",
                  "Plans": [
                    {
                      "Node Type": "Seq Scan",
                      "Parent Relationship": "Outer",
                      "Parallel Aware": true,
                      "Relation Name": "movie_info_idx",
                      "Alias": "mi_idx",
                      "Startup Cost": 0.0,
                      "Total Cost": 13685.15,
                      "Plan Rows": 575015,
                      "Plan Width": 4,
                      "Actual Startup Time": 0.011,
                      "Actual Total Time": 36.851,
                      "Actual Rows": 460012,
                      "Actual Loops": 3
                    },
                    {
                      "Node Type": "Hash",
                      "Parent Relationship": "Inner",
                      "Parallel Aware": true,
                      "Startup Cost": 89535.16,
                      "Total Cost": 89535.16,
                      "Plan Rows": 183713,
                      "Plan Width": 8,
                      "Actual Startup Time": 642.418,
                      "Actual Total Time": 642.576,
                      "Actual Rows": 192052,
                      "Actual Loops": 3,
                      "Hash Buckets": 1048576,
                      "Original Hash Buckets": 1048576,
                      "Hash Batches": 1,
                      "Original Hash Batches": 1,
                      "Peak Memory Usage": 30784,
                      "Plans": [
                        {
                          "Node Type": "Hash Join",
                          "Parent Relationship": "Outer",
                          "Parallel Aware": true,
                          "Join Type": "Inner",
                          "Startup Cost": 62302.51,
                          "Total Cost": 89535.16,
                          "Plan Rows": 183713,
                          "Plan Width": 8,
                          "Actual Startup Time": 451.731,
                          "Actual Total Time": 579.256,
                          "Actual Rows": 192052,
                          "Actual Loops": 3,
                          "Inner Unique": true,
                          "Hash Cond": "(mk.movie_id = t.id)",
                          "Plans": [
                            {
                              "Node Type": "Bitmap Heap Scan",
                              "Parent Relationship": "Outer",
                              "Parallel Aware": true,
                              "Relation Name": "movie_keyword",
                              "Alias": "mk",
                              "Startup Cost": 12082.13,
                              "Total Cost": 38832.53,
                              "Plan Rows": 183713,
                              "Plan Width": 4,
                              "Actual Startup Time": 34.293,
                              "Actual Total Time": 93.844,
                              "Actual Rows": 192052,
                              "Actual Loops": 3,
                              "Recheck Cond": "(keyword_id < 406)",
                              "Rows Removed by Index Recheck": 0,
                              "Exact Heap Blocks": 7589,
                              "Lossy Heap Blocks": 0,
                              "Plans": [
                                {
                                  "Node Type": "Bitmap Index Scan",
                                  "Parent Relationship": "Outer",
                                  "Parallel Aware": false,
                                  "Index Name": "keyword_id_movie_keyword",
                                  "Startup Cost": 0.0,
                                  "Total Cost": 11939.75,
                                  "Plan Rows": 569509,
                                  "Plan Width": 0,
                                  "Actual Startup Time": 30.774,
                                  "Actual Total Time": 30.775,
                                  "Actual Rows": 576155,
                                  "Actual Loops": 1,
                                  "Index Cond": "(keyword_id < 406)"
                                }
                              ]
                            },
                            {
                              "Node Type": "Hash",
                              "Parent Relationship": "Inner",
                              "Parallel Aware": true,
                              "Startup Cost": 42319.06,
                              "Total Cost": 42319.06,
                              "Plan Rows": 632106,
                              "Plan Width": 4,
                              "Actual Startup Time": 407.398,
                              "Actual Total Time": 407.399,
                              "Actual Rows": 842771,
                              "Actual Loops": 3,
                              "Hash Buckets": 4194304,
                              "Original Hash Buckets": 4194304,
                              "Hash Batches": 1,
                              "Original Hash Batches": 1,
                              "Peak Memory Usage": 131712,
                              "Plans": [
                                {
                                  "Node Type": "Seq Scan",
                                  "Parent Relationship": "Outer",
                                  "Parallel Aware": true,
                                  "Relation Name": "title",
                                  "Alias": "t",
                                  "Startup Cost": 0.0,
                                  "Total Cost": 42319.06,
                                  "Plan Rows": 632106,
                                  "Plan Width": 4,
                                  "Actual Startup Time": 0.035,
                                  "Actual Total Time": 113.96,
                                  "Actual Rows": 842771,
                                  "Actual Loops": 3
                                }
                              ]
                            }
                          ]
                        }
                      ]
                    }
                  ]
                }
              ]
            }
          ]
        }
      ]
    },
    "Planning Time": 0.508,
    "Triggers": [],
    "Execution Time": 817.799
  }
]