[
  {
    "Plan": {
      "Node Type": "Aggregate",
      "Strategy": "Plain",
      "Partial Mode": "Finalize",
      "Parallel Aware": false,
      "Startup Cost": 97434.95,
      "Total Cost": 97434.96,
      "Plan Rows": 1,
      "Plan Width": 8,
      "Actual Startup Time": 591.379,
      "Actual Total Time": 608.637,
      "Actual Rows": 1,
      "Actual Loops": 1,
      "Plans": [
        {
          "Node Type": "Gather",
          "Parent Relationship": "Outer",
          "Parallel Aware": false,
          "Startup Cost": 97434.63,
          "Total Cost": 97434.94,
          "Plan Rows": 3,
          "Plan Width": 8,
          "Actual Startup Time": 585.772,
          "Actual Total Time": 608.629,
          "Actual Rows": 4,
          "Actual Loops": 1,
          "Workers Planned": 3,
          "Workers Launched": 3,
          "Single Copy": false,
          "Plans": [
            {
              "Node Type": "Aggregate",
              "Strategy": "Plain",
              "Partial Mode": "Partial",
              "Parent Relationship": "Outer",
              "Parallel Aware": false,
              "Startup Cost": 96434.63,
              "Total Cost": 96434.64,
              "Plan Rows": 1,
              "Plan Width": 8,
              "Actual Startup Time": 573.775,
              "Actual Total Time": 573.778,
              "Actual Rows": 1,
              "Actual Loops": 4,
              "Plans": [
                {
                  "Node Type": "Hash Join",
                  "Parent Relationship": "Outer",
                  "Parallel Aware": true,
                  "Join Type": "Inner",
                  "Startup Cost": 49499.24,
                  "Total Cost": 94725.98,
                  "Plan Rows": 683460,
                  "Plan Width": 0,
                  "Actual Startup Time": 286.523,
                  "Actual Total Time": 542.904,
                  "Actual Rows": 623026,
                  "Actual Loops": 4,
                  "Inner Unique": true,
                  "Hash Cond": "(mk.movie_id = t.id)",
                  "Plans": [
                    {
                      "Node Type": "Seq Scan",
                      "Parent Relationship": "Outer",
                      "Parallel Aware": true,
                      "Relation Name": "movie_keyword",
                      "Alias": "mk",
                      "Startup Cost": 0.0,
                      "Total Cost": 42695.65,
                      "Plan Rows": 964223,
                      "Plan Width": 4,
                      "Actual Startup Time": 0.134,
                      "Actual Total Time": 123.532,
                      "Actual Rows": 742792,
                      "Actual Loops": 4,
                      "Filter": "(keyword_id > 2292)",
                      "Rows Removed by Filter": 388190
                    },
                    {
                      "Node Type": "Hash",
                      "Parent Relationship": "Inner",
                      "Parallel Aware": true,
                      "Startup Cost": 43898.92,
                      "Total Cost": 43898.92,
                      "Plan Rows": 448026,
                      "Plan Width": 4,
                      "Actual Startup Time": 278.423,
                      "Actual Total Time": 278.424,
                      "Actual Rows": 448538,
                      "Actual Loops": 4,
                      "Hash Buckets": 2097152,
                      "Original Hash Buckets": 2097152,
                      "Hash Batches": 1,
                      "Original Hash Batches": 1,
                      "Peak Memory Usage": 86624,
                      "Plans": [
                        {
                          "Node Type": "Seq Scan",
                          "Parent Relationship": "Outer",
                          "Parallel Aware": true,
                          "Relation Name": "title",
                          "Alias": "t",
                          "Startup Cost": 0.0,
                          "Total Cost": 43898.92,
                          "Plan Rows": 448026,
                          "Plan Width": 4,
                          "Actual Startup Time": 0.034,
                          "Actual Total Time": 119.481,
                          "Actual Rows": 448538,
                          "Actual Loops": 4,
                          "Filter": "(production_year < 2009)",
                          "Rows Removed by Filter": 183540
                        }
                      ]
                    }
                  ]
                }
              ]
            }
          ]
        }
      ]
    },
    "Planning Time": 0.647,
    "Triggers": [],
    "Execution Time": 608.733
  }
]