[
  {
    "Plan": {
      "Node Type": "Aggregate",
      "Strategy": "Plain",
      "Partial Mode": "Finalize",
      "Parallel Aware": false,
      "Startup Cost": 353125.85,
      "Total Cost": 353125.86,
      "Plan Rows": 1,
      "Plan Width": 8,
      "Actual Startup Time": 821.471,
      "Actual Total Time": 878.49,
      "Actual Rows": 1,
      "Actual Loops": 1,
      "Plans": [
        {
          "Node Type": "Gather",
          "Parent Relationship": "Outer",
          "Parallel Aware": false,
          "Startup Cost": 353125.23,
          "Total Cost": 353125.84,
          "Plan Rows": 6,
          "Plan Width": 8,
          "Actual Startup Time": 821.351,
          "Actual Total Time": 878.481,
          "Actual Rows": 7,
          "Actual Loops": 1,
          "Workers Planned": 6,
          "Workers Launched": 6,
          "Single Copy": false,
          "Plans": [
            {
              "Node Type": "Aggregate",
              "Strategy": "Plain",
              "Partial Mode": "Partial",
              "Parent Relationship": "Outer",
              "Parallel Aware": false,
              "Startup Cost": 352125.23,
              "Total Cost": 352125.24,
              "Plan Rows": 1,
              "Plan Width": 8,
              "Actual Startup Time": 811.248,
              "Actual Total Time": 811.25,
              "Actual Rows": 1,
              "Actual Loops": 7,
              "Plans": [
                {
                  "Node Type": "Seq Scan",
                  "Parent Relationship": "Outer",
                  "Parallel Aware": true,
                  "Relation Name": "cast_info",
                  "Alias": "ci",
                  "Startup Cost": 0.0,
                  "Total Cost": 343257.03,
                  "Plan Rows": 3547279,
                  "Plan Width": 0,
                  "Actual Startup Time": 222.248,
                  "Actual Total Time": 690.229,
                  "Actual Rows": 2850920,
                  "Actual Loops": 7,
                  "Filter": "((person_id < 3406817) AND (role_id > 1))",
                  "Rows Removed by Filter": 2326844
                }
              ]
            }
          ]
        }
      ]
    },
    "Planning Time": 0.196,
    "Triggers": [],
    "Execution Time": 878.558
  }
]