[
  {
    "Plan": {
      "Node Type": "Aggregate",
      "Strategy": "Plain",
      "Partial Mode": "Finalize",
      "Parallel Aware": false,
      "Startup Cost": 46339.37,
      "Total Cost": 46339.38,
      "Plan Rows": 1,
      "Plan Width": 8,
      "Actual Startup Time": 161.251,
      "Actual Total Time": 168.638,
      "Actual Rows": 1,
      "Actual Loops": 1,
      "Plans": [
        {
          "Node Type": "Gather",
          "Parent Relationship": "Outer",
          "Parallel Aware": false,
          "Startup Cost": 46339.06,
          "Total Cost": 46339.37,
          "Plan Rows": 3,
          "Plan Width": 8,
          "Actual Startup Time": 161.148,
          "Actual Total Time": 168.631,
          "Actual Rows": 4,
          "Actual Loops": 1,
          "Workers Planned": 3,
          "Workers Launched": 3,
          "Single Copy": false,
          "Plans": [
            {
              "Node Type": "Aggregate",
              "Strategy": "Plain",
              "Partial Mode": "Partial",
              "Parent Relationship": "Outer",
              "Parallel Aware": false,
              "Startup Cost": 45339.06,
              "Total Cost": 45339.07,
              "Plan Rows": 1,
              "Plan Width": 8,
              "Actual Startup Time": 155.789,
              "Actual Total Time": 155.79,
              "Actual Rows": 1,
              "Actual Loops": 4,
              "Plans": [
                {
                  "Node Type": "Seq Scan",
                  "Parent Relationship": "Outer",
                  "Parallel Aware": true,
                  "Relation Name": "movie_keyword",
                  "Alias": "mk",
                  "Startup Cost": 0.0,
                  "Total Cost": 42695.65,
                  "Plan Rows": 1057361,
                  "Plan Width": 0,
                  "Actual Startup Time": 0.038,
                  "Actual Total Time": 116.986,
                  "Actual Rows": 818644,
                  "Actual Loops": 4,
                  "Filter": "(keyword_id < 14441)",
                  "Rows Removed by Filter": 312339
                }
              ]
            }
          ]
        }
      ]
    },
    "Planning Time": 0.188,
    "Triggers": [],
    "Execution Time": 168.692
  }
]