[
  {
    "Plan": {
      "Node Type": "Aggregate",
      "Strategy": "Plain",
      "Partial Mode": "Finalize",
      "Parallel Aware": false,
      "Startup Cost": 46343.22,
      "Total Cost": 46343.23,
      "Plan Rows": 1,
      "Plan Width": 8,
      "Actual Startup Time": 162.179,
      "Actual Total Time": 171.791,
      "Actual Rows": 1,
      "Actual Loops": 1,
      "Plans": [
        {
          "Node Type": "Gather",
          "Parent Relationship": "Outer",
          "Parallel Aware": false,
          "Startup Cost": 46342.91,
          "Total Cost": 46343.22,
          "Plan Rows": 3,
          "Plan Width": 8,
          "Actual Startup Time": 162.051,
          "Actual Total Time": 171.783,
          "Actual Rows": 4,
          "Actual Loops": 1,
          "Workers Planned": 3,
          "Workers Launched": 3,
          "Single Copy": false,
          "Plans": [
            {
              "Node Type": "Aggregate",
              "Strategy": "Plain",
              "Partial Mode": "Partial",
              "Parent Relationship": "Outer",
              "Parallel Aware": false,
              "Startup Cost": 45342.91,
              "Total Cost": 45342.92,
              "Plan Rows": 1,
              "Plan Width": 8,
              "Actual Startup Time": 155.506,
              "Actual Total Time": 155.507,
              "Actual Rows": 1,
              "Actual Loops": 4,
              "Plans": [
                {
                  "Node Type": "Seq Scan",
                  "Parent Relationship": "Outer",
                  "Parallel Aware": true,
                  "Relation Name": "movie_keyword",
                  "Alias": "mk",
                  "Startup Cost": 0.0,
                  "Total Cost": 42695.65,
                  "Plan Rows": 1058901,
                  "Plan Width": 0,
                  "Actual Startup Time": 0.045,
                  "Actual Total Time": 119.445,
                  "Actual Rows": 818644,
                  "Actual Loops": 4,
                  "Filter": "(keyword_id < 14441)",
                  "Rows Removed by Filter": 312339
                }
              ]
            }
          ]
        }
      ]
    },
    "Planning Time": 0.123,
    "Triggers": [],
    "Execution Time": 171.829
  }
]