{
  "Plan": {
    "Node Type": "Aggregate",
    "Strategy": "Plain",
    "Partial Mode": "Simple",
    "Parallel Aware": false,
    "Startup Cost": 498166.36,
    "Total Cost": 498166.37,
    "Plan Rows": 1,
    "Plan Width": 32,
    "Actual Startup Time": 2038.644,
    "Actual Total Time": 2055.094,
    "Actual Rows": 1,
    "Actual Loops": 1,
    "Plans": [
      {
        "Node Type": "Gather",
        "Parent Relationship": "Outer",
        "Parallel Aware": false,
        "Startup Cost": 498117.61,
        "Total Cost": 498166.36,
        "Plan Rows": 1,
        "Plan Width": 17,
        "Actual Startup Time": 2010.535,
        "Actual Total Time": 2054.612,
        "Actual Rows": 7834,
        "Actual Loops": 1,
        "Workers Planned": 1,
        "Workers Launched": 1,
        "Single Copy": false,
        "Plans": [
          {
            "Node Type": "Merge Join",
            "Parent Relationship": "Outer",
            "Parallel Aware": false,
            "Join Type": "Inner",
            "Startup Cost": 497117.61,
            "Total Cost": 497166.26,
            "Plan Rows": 1,
            "Plan Width": 17,
            "Actual Startup Time": 2002.866,
            "Actual Total Time": 2019.649,
            "Actual Rows": 3917,
            "Actual Loops": 2,
            "Inner Unique": true,
            "Merge Cond": "(mc.company_id = cn.id)",
            "Plans": [
              {
                "Node Type": "Sort",
                "Parent Relationship": "Outer",
                "Parallel Aware": false,
                "Startup Cost": 490541.87,
                "Total Cost": 490541.92,
                "Plan Rows": 21,
                "Plan Width": 21,
                "Actual Startup Time": 1978.591,
                "Actual Total Time": 1987.405,
                "Actual Rows": 74276,
                "Actual Loops": 2,
                "Sort Key": [
                  "mc.company_id"
                ],
                "Sort Method": "quicksort",
                "Sort Space Used": 11904,
                "Sort Space Type": "Memory",
                "Workers": [
                  {
                    "Worker Number": 0,
                    "Sort Method": "quicksort",
                    "Sort Space Used": 2830,
                    "Sort Space Type": "Memory"
                  }
                ],
                "Plans": [
                  {
                    "Node Type": "Merge Join",
                    "Parent Relationship": "Outer",
                    "Parallel Aware": false,
                    "Join Type": "Inner",
                    "Startup Cost": 240501.93,
                    "Total Cost": 490541.41,
                    "Plan Rows": 21,
                    "Plan Width": 21,
                    "Actual Startup Time": 203.509,
                    "Actual Total Time": 1960.346,
                    "Actual Rows": 74276,
                    "Actual Loops": 2,
                    "Inner Unique": false,
                    "Merge Cond": "(mc.movie_id = t.id)",
                    "Plans": [
                      {
                        "Node Type": "Index Scan",
                        "Parent Relationship": "Outer",
                        "Parallel Aware": true,
                        "Scan Direction": "Forward",
                        "Index Name": "movie_id_movie_companies",
                        "Relation Name": "movie_companies",
                        "Alias": "mc",
                        "Startup Cost": 0.43,
                        "Total Cost": 129661.29,
                        "Plan Rows": 1534782,
                        "Plan Width": 8,
                        "Actual Startup Time": 0.074,
                        "Actual Total Time": 277.143,
                        "Actual Rows": 1304564,
                        "Actual Loops": 2
                      },
                      {
                        "Node Type": "Materialize",
                        "Parent Relationship": "Inner",
                        "Parallel Aware": false,
                        "Startup Cost": 240501.5,
                        "Total Cost": 357042.87,
                        "Plan Rows": 34,
                        "Plan Width": 25,
                        "Actual Startup Time": 163.43,
                        "Actual Total Time": 1588.876,
                        "Actual Rows": 98326,
                        "Actual Loops": 2,
                        "Plans": [
                          {
                            "Node Type": "Merge Join",
                            "Parent Relationship": "Outer",
                            "Parallel Aware": false,
                            "Join Type": "Inner",
                            "Startup Cost": 240501.5,
                            "Total Cost": 357042.78,
                            "Plan Rows": 34,
                            "Plan Width": 25,
                            "Actual Startup Time": 163.417,
                            "Actual Total Time": 1572.026,
                            "Actual Rows": 41838,
                            "Actual Loops": 2,
                            "Inner Unique": false,
                            "Merge Cond": "(t.id = mk.movie_id)",
                            "Plans": [
                              {
                                "Node Type": "Index Scan",
                                "Parent Relationship": "Outer",
                                "Parallel Aware": false,
                                "Scan Direction": "Forward",
                                "Index Name": "title_pkey",
                                "Relation Name": "title",
                                "Alias": "t",
                                "Startup Cost": 0.43,
                                "Total Cost": 110359.06,
                                "Plan Rows": 2528509,
                                "Plan Width": 21,
                                "Actual Startup Time": 0.086,
                                "Actual Total Time": 1207.993,
                                "Actual Rows": 2525712,
                                "Actual Loops": 2
                              },
                              {
                                "Node Type": "Sort",
                                "Parent Relationship": "Inner",
                                "Parallel Aware": false,
                                "Startup Cost": 240487.87,
                                "Total Cost": 240487.95,
                                "Plan Rows": 34,
                                "Plan Width": 4,
                                "Actual Startup Time": 162.354,
                                "Actual Total Time": 166.958,
                                "Actual Rows": 41838,
                                "Actual Loops": 2,
                                "Sort Key": [
                                  "mk.movie_id"
                                ],
                                "Sort Method": "quicksort",
                                "Sort Space Used": 3498,
                                "Sort Space Type": "Memory",
                                "Workers": [
                                  {
                                    "Worker Number": 0,
                                    "Sort Method": "quicksort",
                                    "Sort Space Used": 3498,
                                    "Sort Space Type": "Memory"
                                  }
                                ],
                                "Plans": [
                                  {
                                    "Node Type": "Merge Join",
                                    "Parent Relationship": "Outer",
                                    "Parallel Aware": false,
                                    "Join Type": "Inner",
                                    "Startup Cost": 3468.34,
                                    "Total Cost": 240487.0,
                                    "Plan Rows": 34,
                                    "Plan Width": 4,
                                    "Actual Startup Time": 129.554,
                                    "Actual Total Time": 153.074,
                                    "Actual Rows": 41840,
                                    "Actual Loops": 2,
                                    "Inner Unique": true,
                                    "Merge Cond": "(mk.keyword_id = k.id)",
                                    "Plans": [
                                      {
                                        "Node Type": "Index Scan",
                                        "Parent Relationship": "Outer",
                                        "Parallel Aware": false,
                                        "Scan Direction": "Forward",
                                        "Index Name": "keyword_id_movie_keyword",
                                        "Relation Name": "movie_keyword",
                                        "Alias": "mk",
                                        "Startup Cost": 0.43,
                                        "Total Cost": 226550.7,
                                        "Plan Rows": 4523930,
                                        "Plan Width": 8,
                                        "Actual Startup Time": 0.084,
                                        "Actual Total Time": 111.548,
                                        "Actual Rows": 163762,
                                        "Actual Loops": 2
                                      },
                                      {
                                        "Node Type": "Sort",
                                        "Parent Relationship": "Inner",
                                        "Parallel Aware": false,
                                        "Startup Cost": 2626.14,
                                        "Total Cost": 2626.14,
                                        "Plan Rows": 1,
                                        "Plan Width": 4,
                                        "Actual Startup Time": 24.614,
                                        "Actual Total Time": 24.616,
                                        "Actual Rows": 1,
                                        "Actual Loops": 2,
                                        "Sort Key": [
                                          "k.id"
                                        ],
                                        "Sort Method": "quicksort",
                                        "Sort Space Used": 25,
                                        "Sort Space Type": "Memory",
                                        "Workers": [
                                          {
                                            "Worker Number": 0,
                                            "Sort Method": "quicksort",
                                            "Sort Space Used": 25,
                                            "Sort Space Type": "Memory"
                                          }
                                        ],
                                        "Plans": [
                                          {
                                            "Node Type": "Seq Scan",
                                            "Parent Relationship": "Outer",
                                            "Parallel Aware": false,
                                            "Relation Name": "keyword",
                                            "Alias": "k",
                                            "Startup Cost": 0.0,
                                            "Total Cost": 2626.12,
                                            "Plan Rows": 1,
                                            "Plan Width": 4,
                                            "Actual Startup Time": 1.443,
                                            "Actual Total Time": 24.597,
                                            "Actual Rows": 1,
                                            "Actual Loops": 2,
                                            "Filter": "(keyword = 'character-name-in-title'::text)",
                                            "Rows Removed by Filter": 134169
                                          }
                                        ]
                                      }
                                    ]
                                  }
                                ]
                              }
                            ]
                          }
                        ]
                      }
                    ]
                  }
                ]
              },
              {
                "Node Type": "Sort",
                "Parent Relationship": "Inner",
                "Parallel Aware": false,
                "Startup Cost": 6575.74,
                "Total Cost": 6600.02,
                "Plan Rows": 9713,
                "Plan Width": 4,
                "Actual Startup Time": 23.325,
                "Actual Total Time": 24.175,
                "Actual Rows": 9766,
                "Actual Loops": 2,
                "Sort Key": [
                  "cn.id"
                ],
                "Sort Method": "quicksort",
                "Sort Space Used": 843,
                "Sort Space Type": "Memory",
                "Workers": [
                  {
                    "Worker Number": 0,
                    "Sort Method": "quicksort",
                    "Sort Space Used": 843,
                    "Sort Space Type": "Memory"
                  }
                ],
                "Plans": [
                  {
                    "Node Type": "Seq Scan",
                    "Parent Relationship": "Outer",
                    "Parallel Aware": false,
                    "Relation Name": "company_name",
                    "Alias": "cn",
                    "Startup Cost": 0.0,
                    "Total Cost": 5932.46,
                    "Plan Rows": 9713,
                    "Plan Width": 4,
                    "Actual Startup Time": 0.031,
                    "Actual Total Time": 21.273,
                    "Actual Rows": 9775,
                    "Actual Loops": 2,
                    "Filter": "((country_code)::text = '[de]'::text)",
                    "Rows Removed by Filter": 225222
                  }
                ]
              }
            ]
          }
        ]
      }
    ]
  },
  "Planning Time": 1.762,
  "Triggers": [],
  "Execution Time": 2055.222
}