{
  "Plan": {
    "Node Type": "Aggregate",
    "Strategy": "Plain",
    "Partial Mode": "Finalize",
    "Parallel Aware": false,
    "Startup Cost": 123999.38,
    "Total Cost": 123999.39,
    "Plan Rows": 1,
    "Plan Width": 8,
    "Actual Startup Time": 502.412,
    "Actual Total Time": 516.145,
    "Actual Rows": 1,
    "Actual Loops": 1,
    "Plans": [
      {
        "Node Type": "Gather",
        "Parent Relationship": "Outer",
        "Parallel Aware": false,
        "Startup Cost": 123999.27,
        "Total Cost": 123999.38,
        "Plan Rows": 1,
        "Plan Width": 8,
        "Actual Startup Time": 501.766,
        "Actual Total Time": 516.136,
        "Actual Rows": 2,
        "Actual Loops": 1,
        "Workers Planned": 1,
        "Workers Launched": 1,
        "Single Copy": false,
        "Plans": [
          {
            "Node Type": "Aggregate",
            "Strategy": "Plain",
            "Partial Mode": "Partial",
            "Parent Relationship": "Outer",
            "Parallel Aware": false,
            "Startup Cost": 122999.27,
            "Total Cost": 122999.28,
            "Plan Rows": 1,
            "Plan Width": 8,
            "Actual Startup Time": 495.98,
            "Actual Total Time": 495.984,
            "Actual Rows": 1,
            "Actual Loops": 2,
            "Plans": [
              {
                "Node Type": "Hash Join",
                "Parent Relationship": "Outer",
                "Parallel Aware": true,
                "Join Type": "Inner",
                "Startup Cost": 60474.21,
                "Total Cost": 122518.81,
                "Plan Rows": 192184,
                "Plan Width": 0,
                "Actual Startup Time": 182.532,
                "Actual Total Time": 494.7,
                "Actual Rows": 29642,
                "Actual Loops": 2,
                "Inner Unique": true,
                "Hash Cond": "(mk.movie_id = t.id)",
                "Plans": [
                  {
                    "Node Type": "Seq Scan",
                    "Parent Relationship": "Outer",
                    "Parallel Aware": true,
                    "Relation Name": "movie_keyword",
                    "Alias": "mk",
                    "Startup Cost": 0.0,
                    "Total Cost": 57718.19,
                    "Plan Rows": 1648153,
                    "Plan Width": 4,
                    "Actual Startup Time": 0.015,
                    "Actual Total Time": 191.487,
                    "Actual Rows": 1396737,
                    "Actual Loops": 2,
                    "Filter": "(keyword_id < 8184)",
                    "Rows Removed by Filter": 865228
                  },
                  {
                    "Node Type": "Hash",
                    "Parent Relationship": "Inner",
                    "Parallel Aware": true,
                    "Startup Cost": 58306.47,
                    "Total Cost": 58306.47,
                    "Plan Rows": 173419,
                    "Plan Width": 4,
                    "Actual Startup Time": 176.515,
                    "Actual Total Time": 176.516,
                    "Actual Rows": 96692,
                    "Actual Loops": 2,
                    "Hash Buckets": 524288,
                    "Original Hash Buckets": 524288,
                    "Hash Batches": 1,
                    "Original Hash Batches": 1,
                    "Peak Memory Usage": 11712,
                    "Plans": [
                      {
                        "Node Type": "Seq Scan",
                        "Parent Relationship": "Outer",
                        "Parallel Aware": true,
                        "Relation Name": "title",
                        "Alias": "t",
                        "Startup Cost": 0.0,
                        "Total Cost": 58306.47,
                        "Plan Rows": 173419,
                        "Plan Width": 4,
                        "Actual Startup Time": 0.034,
                        "Actual Total Time": 144.877,
                        "Actual Rows": 96692,
                        "Actual Loops": 2,
                        "Filter": "((production_year < 1979) AND (kind_id = 7))",
                        "Rows Removed by Filter": 1167464
                      }
                    ]
                  }
                ]
              }
            ]
          }
        ]
      }
    ]
  },
  "Planning Time": 0.625,
  "Triggers": [],
  "Execution Time": 516.216
}