[
  {
    "Plan": {
      "Node Type": "Aggregate",
      "Strategy": "Plain",
      "Partial Mode": "Finalize",
      "Parallel Aware": false,
      "Startup Cost": 44853.8,
      "Total Cost": 44853.81,
      "Plan Rows": 1,
      "Plan Width": 8,
      "Actual Startup Time": 133.46,
      "Actual Total Time": 143.571,
      "Actual Rows": 1,
      "Actual Loops": 1,
      "Plans": [
        {
          "Node Type": "Gather",
          "Parent Relationship": "Outer",
          "Parallel Aware": false,
          "Startup Cost": 44853.48,
          "Total Cost": 44853.79,
          "Plan Rows": 3,
          "Plan Width": 8,
          "Actual Startup Time": 133.293,
          "Actual Total Time": 143.56,
          "Actual Rows": 4,
          "Actual Loops": 1,
          "Workers Planned": 3,
          "Workers Launched": 3,
          "Single Copy": false,
          "Plans": [
            {
              "Node Type": "Aggregate",
              "Strategy": "Plain",
              "Partial Mode": "Partial",
              "Parent Relationship": "Outer",
              "Parallel Aware": false,
              "Startup Cost": 43853.48,
              "Total Cost": 43853.49,
              "Plan Rows": 1,
              "Plan Width": 8,
              "Actual Startup Time": 128.007,
              "Actual Total Time": 128.009,
              "Actual Rows": 1,
              "Actual Loops": 4,
              "Plans": [
                {
                  "Node Type": "Seq Scan",
                  "Parent Relationship": "Outer",
                  "Parallel Aware": true,
                  "Relation Name": "movie_keyword",
                  "Alias": "mk",
                  "Startup Cost": 0.0,
                  "Total Cost": 42695.65,
                  "Plan Rows": 463130,
                  "Plan Width": 0,
                  "Actual Startup Time": 0.041,
                  "Actual Total Time": 109.741,
                  "Actual Rows": 359116,
                  "Actual Loops": 4,
                  "Filter": "(keyword_id < 1994)",
                  "Rows Removed by Filter": 771866
                }
              ]
            }
          ]
        }
      ]
    },
    "Planning Time": 0.128,
    "Triggers": [],
    "Execution Time": 143.616
  }
]