{
  "Plan": {
    "Node Type": "Aggregate",
    "Strategy": "Plain",
    "Partial Mode": "Finalize",
    "Parallel Aware": false,
    "Startup Cost": 144565.22,
    "Total Cost": 144565.23,
    "Plan Rows": 1,
    "Plan Width": 8,
    "Actual Startup Time": 1186.366,
    "Actual Total Time": 1211.603,
    "Actual Rows": 1,
    "Actual Loops": 1,
    "Plans": [
      {
        "Node Type": "Gather",
        "Parent Relationship": "Outer",
        "Parallel Aware": false,
        "Startup Cost": 144565.11,
        "Total Cost": 144565.22,
        "Plan Rows": 1,
        "Plan Width": 8,
        "Actual Startup Time": 1179.188,
        "Actual Total Time": 1211.594,
        "Actual Rows": 2,
        "Actual Loops": 1,
        "Workers Planned": 1,
        "Workers Launched": 1,
        "Single Copy": false,
        "Plans": [
          {
            "Node Type": "Aggregate",
            "Strategy": "Plain",
            "Partial Mode": "Partial",
            "Parent Relationship": "Outer",
            "Parallel Aware": false,
            "Startup Cost": 143565.11,
            "Total Cost": 143565.12,
            "Plan Rows": 1,
            "Plan Width": 8,
            "Actual Startup Time": 1164.93,
            "Actual Total Time": 1165.234,
            "Actual Rows": 1,
            "Actual Loops": 2,
            "Plans": [
              {
                "Node Type": "Hash Join",
                "Parent Relationship": "Outer",
                "Parallel Aware": true,
                "Join Type": "Inner",
                "Startup Cost": 102505.3,
                "Total Cost": 143217.19,
                "Plan Rows": 139169,
                "Plan Width": 0,
                "Actual Startup Time": 773.414,
                "Actual Total Time": 1129.844,
                "Actual Rows": 702250,
                "Actual Loops": 2,
                "Inner Unique": false,
                "Hash Cond": "(mc.movie_id = t.id)",
                "Plans": [
                  {
                    "Node Type": "Seq Scan",
                    "Parent Relationship": "Outer",
                    "Parallel Aware": true,
                    "Relation Name": "movie_companies",
                    "Alias": "mc",
                    "Startup Cost": 0.0,
                    "Total Cost": 34137.82,
                    "Plan Rows": 1534782,
                    "Plan Width": 4,
                    "Actual Startup Time": 0.017,
                    "Actual Total Time": 114.909,
                    "Actual Rows": 1304564,
                    "Actual Loops": 2
                  },
                  {
                    "Node Type": "Hash",
                    "Parent Relationship": "Inner",
                    "Parallel Aware": true,
                    "Startup Cost": 100819.59,
                    "Total Cost": 100819.59,
                    "Plan Rows": 134857,
                    "Plan Width": 8,
                    "Actual Startup Time": 769.754,
                    "Actual Total Time": 770.057,
                    "Actual Rows": 117945,
                    "Actual Loops": 2,
                    "Hash Buckets": 262144,
                    "Original Hash Buckets": 262144,
                    "Hash Batches": 1,
                    "Original Hash Batches": 1,
                    "Peak Memory Usage": 11296,
                    "Plans": [
                      {
                        "Node Type": "Hash Join",
                        "Parent Relationship": "Outer",
                        "Parallel Aware": true,
                        "Join Type": "Inner",
                        "Startup Cost": 74325.87,
                        "Total Cost": 100819.59,
                        "Plan Rows": 134857,
                        "Plan Width": 8,
                        "Actual Startup Time": 621.976,
                        "Actual Total Time": 738.544,
                        "Actual Rows": 117945,
                        "Actual Loops": 2,
                        "Inner Unique": true,
                        "Hash Cond": "(mk.movie_id = t.id)",
                        "Plans": [
                          {
                            "Node Type": "Bitmap Heap Scan",
                            "Parent Relationship": "Outer",
                            "Parallel Aware": true,
                            "Relation Name": "movie_keyword",
                            "Alias": "mk",
                            "Startup Cost": 4865.17,
                            "Total Cost": 31004.89,
                            "Plan Rows": 134857,
                            "Plan Width": 4,
                            "Actual Startup Time": 25.091,
                            "Actual Total Time": 83.628,
                            "Actual Rows": 117945,
                            "Actual Loops": 2,
                            "Recheck Cond": "(keyword_id < 196)",
                            "Rows Removed by Index Recheck": 0,
                            "Exact Heap Blocks": 15449,
                            "Lossy Heap Blocks": 0,
                            "Plans": [
                              {
                                "Node Type": "Bitmap Index Scan",
                                "Parent Relationship": "Outer",
                                "Parallel Aware": false,
                                "Index Name": "keyword_id_movie_keyword",
                                "Startup Cost": 0.0,
                                "Total Cost": 4807.86,
                                "Plan Rows": 229257,
                                "Plan Width": 0,
                                "Actual Startup Time": 19.439,
                                "Actual Total Time": 19.439,
                                "Actual Rows": 235890,
                                "Actual Loops": 1,
                                "Index Cond": "(keyword_id < 196)"
                              }
                            ]
                          },
                          {
                            "Node Type": "Hash",
                            "Parent Relationship": "Inner",
                            "Parallel Aware": true,
                            "Startup Cost": 50870.31,
                            "Total Cost": 50870.31,
                            "Plan Rows": 1487231,
                            "Plan Width": 4,
                            "Actual Startup Time": 577.395,
                            "Actual Total Time": 577.396,
                            "Actual Rows": 1264156,
                            "Actual Loops": 2,
                            "Hash Buckets": 4194304,
                            "Original Hash Buckets": 4194304,
                            "Hash Batches": 1,
                            "Original Hash Batches": 1,
                            "Peak Memory Usage": 131712,
                            "Plans": [
                              {
                                "Node Type": "Seq Scan",
                                "Parent Relationship": "Outer",
                                "Parallel Aware": true,
                                "Relation Name": "title",
                                "Alias": "t",
                                "Startup Cost": 0.0,
                                "Total Cost": 50870.31,
                                "Plan Rows": 1487231,
                                "Plan Width": 4,
                                "Actual Startup Time": 0.024,
                                "Actual Total Time": 182.328,
                                "Actual Rows": 1264156,
                                "Actual Loops": 2
                              }
                            ]
                          }
                        ]
                      }
                    ]
                  }
                ]
              }
            ]
          }
        ]
      }
    ]
  },
  "Planning Time": 1.023,
  "Triggers": [],
  "Execution Time": 1211.752
}