[
  {
    "Plan": {
      "Node Type": "Aggregate",
      "Strategy": "Plain",
      "Partial Mode": "Finalize",
      "Parallel Aware": false,
      "Startup Cost": 45148.11,
      "Total Cost": 45148.12,
      "Plan Rows": 1,
      "Plan Width": 8,
      "Actual Startup Time": 143.171,
      "Actual Total Time": 153.639,
      "Actual Rows": 1,
      "Actual Loops": 1,
      "Plans": [
        {
          "Node Type": "Gather",
          "Parent Relationship": "Outer",
          "Parallel Aware": false,
          "Startup Cost": 45147.79,
          "Total Cost": 45148.1,
          "Plan Rows": 3,
          "Plan Width": 8,
          "Actual Startup Time": 143.007,
          "Actual Total Time": 153.63,
          "Actual Rows": 4,
          "Actual Loops": 1,
          "Workers Planned": 3,
          "Workers Launched": 3,
          "Single Copy": false,
          "Plans": [
            {
              "Node Type": "Aggregate",
              "Strategy": "Plain",
              "Partial Mode": "Partial",
              "Parent Relationship": "Outer",
              "Parallel Aware": false,
              "Startup Cost": 44147.79,
              "Total Cost": 44147.8,
              "Plan Rows": 1,
              "Plan Width": 8,
              "Actual Startup Time": 139.07,
              "Actual Total Time": 139.071,
              "Actual Rows": 1,
              "Actual Loops": 4,
              "Plans": [
                {
                  "Node Type": "Seq Scan",
                  "Parent Relationship": "Outer",
                  "Parallel Aware": true,
                  "Relation Name": "movie_keyword",
                  "Alias": "mk",
                  "Startup Cost": 0.0,
                  "Total Cost": 42695.65,
                  "Plan Rows": 580855,
                  "Plan Width": 0,
                  "Actual Startup Time": 0.49,
                  "Actual Total Time": 116.041,
                  "Actual Rows": 447892,
                  "Actual Loops": 4,
                  "Filter": "(keyword_id > 7765)",
                  "Rows Removed by Filter": 683090
                }
              ]
            }
          ]
        }
      ]
    },
    "Planning Time": 0.089,
    "Triggers": [],
    "Execution Time": 153.67
  }
]