[
  {
    "Plan": {
      "Node Type": "Aggregate",
      "Strategy": "Plain",
      "Partial Mode": "Finalize",
      "Parallel Aware": false,
      "Startup Cost": 429949.16,
      "Total Cost": 429949.17,
      "Plan Rows": 1,
      "Plan Width": 8,
      "Actual Startup Time": 2489.389,
      "Actual Total Time": 2526.548,
      "Actual Rows": 1,
      "Actual Loops": 1,
      "Plans": [
        {
          "Node Type": "Gather",
          "Parent Relationship": "Outer",
          "Parallel Aware": false,
          "Startup Cost": 429948.84,
          "Total Cost": 429949.15,
          "Plan Rows": 3,
          "Plan Width": 8,
          "Actual Startup Time": 2484.541,
          "Actual Total Time": 2526.537,
          "Actual Rows": 4,
          "Actual Loops": 1,
          "Workers Planned": 3,
          "Workers Launched": 3,
          "Single Copy": false,
          "Plans": [
            {
              "Node Type": "Aggregate",
              "Strategy": "Plain",
              "Partial Mode": "Partial",
              "Parent Relationship": "Outer",
              "Parallel Aware": false,
              "Startup Cost": 428948.84,
              "Total Cost": 428948.85,
              "Plan Rows": 1,
              "Plan Width": 8,
              "Actual Startup Time": 2473.11,
              "Actual Total Time": 2473.116,
              "Actual Rows": 1,
              "Actual Loops": 4,
              "Plans": [
                {
                  "Node Type": "Hash Join",
                  "Parent Relationship": "Outer",
                  "Parallel Aware": true,
                  "Join Type": "Inner",
                  "Startup Cost": 380556.89,
                  "Total Cost": 428233.51,
                  "Plan Rows": 286132,
                  "Plan Width": 0,
                  "Actual Startup Time": 1302.019,
                  "Actual Total Time": 2132.823,
                  "Actual Rows": 7792767,
                  "Actual Loops": 4,
                  "Inner Unique": false,
                  "Hash Cond": "(mk.movie_id = t.id)",
                  "Plans": [
                    {
                      "Node Type": "Seq Scan",
                      "Parent Relationship": "Outer",
                      "Parallel Aware": true,
                      "Relation Name": "movie_keyword",
                      "Alias": "mk",
                      "Startup Cost": 0.0,
                      "Total Cost": 42695.65,
                      "Plan Rows": 1201087,
                      "Plan Width": 4,
                      "Actual Startup Time": 0.061,
                      "Actual Total Time": 116.75,
                      "Actual Rows": 928904,
                      "Actual Loops": 4,
                      "Filter": "(keyword_id > 782)",
                      "Rows Removed by Filter": 202078
                    },
                    {
                      "Node Type": "Hash",
                      "Parent Relationship": "Inner",
                      "Parallel Aware": true,
                      "Startup Cost": 379302.08,
                      "Total Cost": 379302.08,
                      "Plan Rows": 100385,
                      "Plan Width": 8,
                      "Actual Startup Time": 1296.891,
                      "Actual Total Time": 1296.895,
                      "Actual Rows": 429494,
                      "Actual Loops": 4,
                      "Hash Buckets": 2097152,
                      "Original Hash Buckets": 1048576,
                      "Hash Batches": 1,
                      "Original Hash Batches": 1,
                      "Peak Memory Usage": 91840,
                      "Plans": [
                        {
                          "Node Type": "Hash Join",
                          "Parent Relationship": "Outer",
                          "Parallel Aware": true,
                          "Join Type": "Inner",
                          "Startup Cost": 46997.69,
                          "Total Cost": 379302.08,
                          "Plan Rows": 100385,
                          "Plan Width": 8,
                          "Actual Startup Time": 314.702,
                          "Actual Total Time": 1109.977,
                          "Actual Rows": 429494,
                          "Actual Loops": 4,
                          "Inner Unique": true,
                          "Hash Cond": "(ci.movie_id = t.id)",
                          "Plans": [
                            {
                              "Node Type": "Index Scan",
                              "Parent Relationship": "Outer",
                              "Parallel Aware": true,
                              "Scan Direction": "Forward",
                              "Index Name": "role_id_cast_info",
                              "Relation Name": "cast_info",
                              "Alias": "ci",
                              "Startup Cost": 0.56,
                              "Total Cost": 331632.96,
                              "Plan Rows": 255997,
                              "Plan Width": 4,
                              "Actual Startup Time": 118.279,
                              "Actual Total Time": 508.646,
                              "Actual Rows": 1078891,
                              "Actual Loops": 4,
                              "Index Cond": "(role_id > 3)",
                              "Rows Removed by Index Recheck": 0,
                              "Filter": "(person_id > 3271338)",
                              "Rows Removed by Filter": 1949520
                            },
                            {
                              "Node Type": "Hash",
                              "Parent Relationship": "Inner",
                              "Parallel Aware": true,
                              "Startup Cost": 43898.92,
                              "Total Cost": 43898.92,
                              "Plan Rows": 247857,
                              "Plan Width": 4,
                              "Actual Startup Time": 193.606,
                              "Actual Total Time": 193.607,
                              "Actual Rows": 246262,
                              "Actual Loops": 4,
                              "Hash Buckets": 1048576,
                              "Original Hash Buckets": 1048576,
                              "Hash Batches": 1,
                              "Original Hash Batches": 1,
                              "Peak Memory Usage": 46816,
                              "Plans": [
                                {
                                  "Node Type": "Seq Scan",
                                  "Parent Relationship": "Outer",
                                  "Parallel Aware": true,
                                  "Relation Name": "title",
                                  "Alias": "t",
                                  "Startup Cost": 0.0,
                                  "Total Cost": 43898.92,
                                  "Plan Rows": 247857,
                                  "Plan Width": 4,
                                  "Actual Startup Time": 0.055,
                                  "Actual Total Time": 106.396,
                                  "Actual Rows": 246262,
                                  "Actual Loops": 4,
                                  "Filter": "(kind_id < 7)",
                                  "Rows Removed by Filter": 385816
                                }
                              ]
                            }
                          ]
                        }
                      ]
                    }
                  ]
                }
              ]
            }
          ]
        }
      ]
    },
    "Planning Time": 1.339,
    "Triggers": [],
    "Execution Time": 2526.639
  }
]