[
  {
    "Plan": {
      "Node Type": "Aggregate",
      "Strategy": "Plain",
      "Partial Mode": "Finalize",
      "Parallel Aware": false,
      "Startup Cost": 75070.26,
      "Total Cost": 75070.27,
      "Plan Rows": 1,
      "Plan Width": 8,
      "Actual Startup Time": 138.437,
      "Actual Total Time": 151.675,
      "Actual Rows": 1,
      "Actual Loops": 1,
      "Plans": [
        {
          "Node Type": "Gather",
          "Parent Relationship": "Outer",
          "Parallel Aware": false,
          "Startup Cost": 75069.95,
          "Total Cost": 75070.26,
          "Plan Rows": 3,
          "Plan Width": 8,
          "Actual Startup Time": 138.107,
          "Actual Total Time": 151.67,
          "Actual Rows": 4,
          "Actual Loops": 1,
          "Workers Planned": 3,
          "Workers Launched": 3,
          "Single Copy": false,
          "Plans": [
            {
              "Node Type": "Aggregate",
              "Strategy": "Plain",
              "Partial Mode": "Partial",
              "Parent Relationship": "Outer",
              "Parallel Aware": false,
              "Startup Cost": 74069.95,
              "Total Cost": 74069.96,
              "Plan Rows": 1,
              "Plan Width": 8,
              "Actual Startup Time": 135.029,
              "Actual Total Time": 135.034,
              "Actual Rows": 1,
              "Actual Loops": 4,
              "Plans": [
                {
                  "Node Type": "Hash Join",
                  "Parent Relationship": "Outer",
                  "Parallel Aware": true,
                  "Join Type": "Inner",
                  "Startup Cost": 48856.03,
                  "Total Cost": 74068.76,
                  "Plan Rows": 475,
                  "Plan Width": 0,
                  "Actual Startup Time": 95.891,
                  "Actual Total Time": 134.938,
                  "Actual Rows": 929,
                  "Actual Loops": 4,
                  "Inner Unique": true,
                  "Hash Cond": "(mk.movie_id = t.id)",
                  "Plans": [
                    {
                      "Node Type": "Bitmap Heap Scan",
                      "Parent Relationship": "Outer",
                      "Parallel Aware": true,
                      "Relation Name": "movie_keyword",
                      "Alias": "mk",
                      "Startup Cost": 3301.63,
                      "Total Cost": 28382.68,
                      "Plan Rows": 50164,
                      "Plan Width": 4,
                      "Actual Startup Time": 13.555,
                      "Actual Total Time": 47.752,
                      "Actual Rows": 38503,
                      "Actual Loops": 4,
                      "Recheck Cond": "(keyword_id > 73408)",
                      "Rows Removed by Index Recheck": 0,
                      "Exact Heap Blocks": 5553,
                      "Lossy Heap Blocks": 0,
                      "Plans": [
                        {
                          "Node Type": "Bitmap Index Scan",
                          "Parent Relationship": "Outer",
                          "Parallel Aware": false,
                          "Index Name": "keyword_id_movie_keyword",
                          "Startup Cost": 0.0,
                          "Total Cost": 3262.75,
                          "Plan Rows": 155509,
                          "Plan Width": 0,
                          "Actual Startup Time": 10.74,
                          "Actual Total Time": 10.75,
                          "Actual Rows": 154012,
                          "Actual Loops": 1,
                          "Index Cond": "(keyword_id > 73408)"
                        }
                      ]
                    },
                    {
                      "Node Type": "Hash",
                      "Parent Relationship": "Inner",
                      "Parallel Aware": true,
                      "Startup Cost": 45479.59,
                      "Total Cost": 45479.59,
                      "Plan Rows": 5985,
                      "Plan Width": 4,
                      "Actual Startup Time": 81.243,
                      "Actual Total Time": 81.243,
                      "Actual Rows": 4723,
                      "Actual Loops": 4,
                      "Hash Buckets": 32768,
                      "Original Hash Buckets": 32768,
                      "Hash Batches": 1,
                      "Original Hash Batches": 1,
                      "Peak Memory Usage": 1056,
                      "Plans": [
                        {
                          "Node Type": "Seq Scan",
                          "Parent Relationship": "Outer",
                          "Parallel Aware": true,
                          "Relation Name": "title",
                          "Alias": "t",
                          "Startup Cost": 0.0,
                          "Total Cost": 45479.59,
                          "Plan Rows": 5985,
                          "Plan Width": 4,
                          "Actual Startup Time": 0.128,
                          "Actual Total Time": 79.257,
                          "Actual Rows": 4723,
                          "Actual Loops": 4,
                          "Filter": "((kind_id < 7) AND (production_year = 2001))",
                          "Rows Removed by Filter": 627355
                        }
                      ]
                    }
                  ]
                }
              ]
            }
          ]
        }
      ]
    },
    "Planning Time": 0.221,
    "Triggers": [],
    "Execution Time": 151.73
  }
]