[
  {
    "Plan": {
      "Node Type": "Aggregate",
      "Strategy": "Plain",
      "Partial Mode": "Finalize",
      "Parallel Aware": false,
      "Startup Cost": 75183.81,
      "Total Cost": 75183.82,
      "Plan Rows": 1,
      "Plan Width": 8,
      "Actual Startup Time": 162.009,
      "Actual Total Time": 176.349,
      "Actual Rows": 1,
      "Actual Loops": 1,
      "Plans": [
        {
          "Node Type": "Gather",
          "Parent Relationship": "Outer",
          "Parallel Aware": false,
          "Startup Cost": 75183.49,
          "Total Cost": 75183.8,
          "Plan Rows": 3,
          "Plan Width": 8,
          "Actual Startup Time": 161.752,
          "Actual Total Time": 176.342,
          "Actual Rows": 4,
          "Actual Loops": 1,
          "Workers Planned": 3,
          "Workers Launched": 3,
          "Single Copy": false,
          "Plans": [
            {
              "Node Type": "Aggregate",
              "Strategy": "Plain",
              "Partial Mode": "Partial",
              "Parent Relationship": "Outer",
              "Parallel Aware": false,
              "Startup Cost": 74183.49,
              "Total Cost": 74183.5,
              "Plan Rows": 1,
              "Plan Width": 8,
              "Actual Startup Time": 152.966,
              "Actual Total Time": 152.97,
              "Actual Rows": 1,
              "Actual Loops": 4,
              "Plans": [
                {
                  "Node Type": "Hash Join",
                  "Parent Relationship": "Outer",
                  "Parallel Aware": true,
                  "Join Type": "Inner",
                  "Startup Cost": 48946.16,
                  "Total Cost": 74182.44,
                  "Plan Rows": 419,
                  "Plan Width": 0,
                  "Actual Startup Time": 114.641,
                  "Actual Total Time": 152.865,
                  "Actual Rows": 929,
                  "Actual Loops": 4,
                  "Inner Unique": true,
                  "Hash Cond": "(mk.movie_id = t.id)",
                  "Plans": [
                    {
                      "Node Type": "Bitmap Heap Scan",
                      "Parent Relationship": "Outer",
                      "Parallel Aware": true,
                      "Relation Name": "movie_keyword",
                      "Alias": "mk",
                      "Startup Cost": 3403.04,
                      "Total Cost": 28503.55,
                      "Plan Rows": 51721,
                      "Plan Width": 4,
                      "Actual Startup Time": 17.872,
                      "Actual Total Time": 50.444,
                      "Actual Rows": 38503,
                      "Actual Loops": 4,
                      "Recheck Cond": "(keyword_id > 73408)",
                      "Rows Removed by Index Recheck": 0,
                      "Exact Heap Blocks": 6311,
                      "Lossy Heap Blocks": 0,
                      "Plans": [
                        {
                          "Node Type": "Bitmap Index Scan",
                          "Parent Relationship": "Outer",
                          "Parallel Aware": false,
                          "Index Name": "keyword_id_movie_keyword",
                          "Startup Cost": 0.0,
                          "Total Cost": 3362.95,
                          "Plan Rows": 160336,
                          "Plan Width": 0,
                          "Actual Startup Time": 13.24,
                          "Actual Total Time": 13.241,
                          "Actual Rows": 154012,
                          "Actual Loops": 1,
                          "Index Cond": "(keyword_id > 73408)"
                        }
                      ]
                    },
                    {
                      "Node Type": "Hash",
                      "Parent Relationship": "Inner",
                      "Parallel Aware": true,
                      "Startup Cost": 45479.1,
                      "Total Cost": 45479.1,
                      "Plan Rows": 5122,
                      "Plan Width": 4,
                      "Actual Startup Time": 95.191,
                      "Actual Total Time": 95.192,
                      "Actual Rows": 4723,
                      "Actual Loops": 4,
                      "Hash Buckets": 32768,
                      "Original Hash Buckets": 32768,
                      "Hash Batches": 1,
                      "Original Hash Batches": 1,
                      "Peak Memory Usage": 1056,
                      "Plans": [
                        {
                          "Node Type": "Seq Scan",
                          "Parent Relationship": "Outer",
                          "Parallel Aware": true,
                          "Relation Name": "title",
                          "Alias": "t",
                          "Startup Cost": 0.0,
                          "Total Cost": 45479.1,
                          "Plan Rows": 5122,
                          "Plan Width": 4,
                          "Actual Startup Time": 0.166,
                          "Actual Total Time": 92.994,
                          "Actual Rows": 4723,
                          "Actual Loops": 4,
                          "Filter": "((kind_id < 7) AND (production_year = 2001))",
                          "Rows Removed by Filter": 627355
                        }
                      ]
                    }
                  ]
                }
              ]
            }
          ]
        }
      ]
    },
    "Planning Time": 0.618,
    "Triggers": [],
    "Execution Time": 176.442
  }
]