[
  {
    "Plan": {
      "Node Type": "Aggregate",
      "Strategy": "Plain",
      "Partial Mode": "Finalize",
      "Parallel Aware": false,
      "Startup Cost": 31289.71,
      "Total Cost": 31289.72,
      "Plan Rows": 1,
      "Plan Width": 8,
      "Actual Startup Time": 92.047,
      "Actual Total Time": 99.635,
      "Actual Rows": 1,
      "Actual Loops": 1,
      "Plans": [
        {
          "Node Type": "Gather",
          "Parent Relationship": "Outer",
          "Parallel Aware": false,
          "Startup Cost": 31289.39,
          "Total Cost": 31289.7,
          "Plan Rows": 3,
          "Plan Width": 8,
          "Actual Startup Time": 91.878,
          "Actual Total Time": 99.627,
          "Actual Rows": 4,
          "Actual Loops": 1,
          "Workers Planned": 3,
          "Workers Launched": 3,
          "Single Copy": false,
          "Plans": [
            {
              "Node Type": "Aggregate",
              "Strategy": "Plain",
              "Partial Mode": "Partial",
              "Parent Relationship": "Outer",
              "Parallel Aware": false,
              "Startup Cost": 30289.39,
              "Total Cost": 30289.4,
              "Plan Rows": 1,
              "Plan Width": 8,
              "Actual Startup Time": 86.106,
              "Actual Total Time": 86.107,
              "Actual Rows": 1,
              "Actual Loops": 4,
              "Plans": [
                {
                  "Node Type": "Seq Scan",
                  "Parent Relationship": "Outer",
                  "Parallel Aware": true,
                  "Relation Name": "movie_companies",
                  "Alias": "mc",
                  "Startup Cost": 0.0,
                  "Total Cost": 29310.68,
                  "Plan Rows": 391484,
                  "Plan Width": 0,
                  "Actual Startup Time": 13.756,
                  "Actual Total Time": 72.929,
                  "Actual Rows": 301226,
                  "Actual Loops": 4,
                  "Filter": "(company_id > 12272)",
                  "Rows Removed by Filter": 351056
                }
              ]
            }
          ]
        }
      ]
    },
    "Planning Time": 0.184,
    "Triggers": [],
    "Execution Time": 99.689
  }
]