[
  {
    "Plan": {
      "Node Type": "Aggregate",
      "Strategy": "Plain",
      "Partial Mode": "Finalize",
      "Parallel Aware": false,
      "Startup Cost": 51477.05,
      "Total Cost": 51477.06,
      "Plan Rows": 1,
      "Plan Width": 8,
      "Actual Startup Time": 143.1,
      "Actual Total Time": 156.945,
      "Actual Rows": 1,
      "Actual Loops": 1,
      "Plans": [
        {
          "Node Type": "Gather",
          "Parent Relationship": "Outer",
          "Parallel Aware": false,
          "Startup Cost": 51476.83,
          "Total Cost": 51477.04,
          "Plan Rows": 2,
          "Plan Width": 8,
          "Actual Startup Time": 142.673,
          "Actual Total Time": 156.937,
          "Actual Rows": 3,
          "Actual Loops": 1,
          "Workers Planned": 2,
          "Workers Launched": 2,
          "Single Copy": false,
          "Plans": [
            {
              "Node Type": "Aggregate",
              "Strategy": "Plain",
              "Partial Mode": "Partial",
              "Parent Relationship": "Outer",
              "Parallel Aware": false,
              "Startup Cost": 50476.83,
              "Total Cost": 50476.84,
              "Plan Rows": 1,
              "Plan Width": 8,
              "Actual Startup Time": 134.473,
              "Actual Total Time": 134.477,
              "Actual Rows": 1,
              "Actual Loops": 3,
              "Plans": [
                {
                  "Node Type": "Nested Loop",
                  "Parent Relationship": "Outer",
                  "Parallel Aware": false,
                  "Join Type": "Inner",
                  "Startup Cost": 21081.27,
                  "Total Cost": 50469.39,
                  "Plan Rows": 2978,
                  "Plan Width": 0,
                  "Actual Startup Time": 37.449,
                  "Actual Total Time": 133.752,
                  "Actual Rows": 8684,
                  "Actual Loops": 3,
                  "Inner Unique": true,
                  "Join Filter": "(mc.movie_id = t.id)",
                  "Rows Removed by Join Filter": 0,
                  "Plans": [
                    {
                      "Node Type": "Hash Join",
                      "Parent Relationship": "Outer",
                      "Parallel Aware": true,
                      "Join Type": "Inner",
                      "Startup Cost": 21080.84,
                      "Total Cost": 37200.68,
                      "Plan Rows": 15502,
                      "Plan Width": 8,
                      "Actual Startup Time": 37.376,
                      "Actual Total Time": 93.422,
                      "Actual Rows": 8684,
                      "Actual Loops": 3,
                      "Inner Unique": false,
                      "Hash Cond": "(mi_idx.movie_id = mc.movie_id)",
                      "Plans": [
                        {
                          "Node Type": "Seq Scan",
                          "Parent Relationship": "Outer",
                          "Parallel Aware": true,
                          "Relation Name": "movie_info_idx",
                          "Alias": "mi_idx",
                          "Startup Cost": 0.0,
                          "Total Cost": 15122.68,
                          "Plan Rows": 189429,
                          "Plan Width": 4,
                          "Actual Startup Time": 0.028,
                          "Actual Total Time": 34.864,
                          "Actual Rows": 153308,
                          "Actual Loops": 3,
                          "Filter": "(info_type_id = 99)",
                          "Rows Removed by Filter": 306703
                        },
                        {
                          "Node Type": "Hash",
                          "Parent Relationship": "Inner",
                          "Parallel Aware": true,
                          "Startup Cost": 20920.58,
                          "Total Cost": 20920.58,
                          "Plan Rows": 12821,
                          "Plan Width": 4,
                          "Actual Startup Time": 36.221,
                          "Actual Total Time": 36.222,
                          "Actual Rows": 22173,
                          "Actual Loops": 3,
                          "Hash Buckets": 65536,
                          "Original Hash Buckets": 65536,
                          "Hash Batches": 1,
                          "Original Hash Batches": 1,
                          "Peak Memory Usage": 3168,
                          "Plans": [
                            {
                              "Node Type": "Bitmap Heap Scan",
                              "Parent Relationship": "Outer",
                              "Parallel Aware": true,
                              "Relation Name": "movie_companies",
                              "Alias": "mc",
                              "Startup Cost": 1739.91,
                              "Total Cost": 20920.58,
                              "Plan Rows": 12821,
                              "Plan Width": 4,
                              "Actual Startup Time": 6.563,
                              "Actual Total Time": 28.656,
                              "Actual Rows": 22173,
                              "Actual Loops": 3,
                              "Recheck Cond": "(company_id < 19)",
                              "Rows Removed by Index Recheck": 0,
                              "Filter": "(company_type_id < 2)",
                              "Rows Removed by Filter": 5850,
                              "Exact Heap Blocks": 6493,
                              "Lossy Heap Blocks": 0,
                              "Plans": [
                                {
                                  "Node Type": "Bitmap Index Scan",
                                  "Parent Relationship": "Outer",
                                  "Parallel Aware": false,
                                  "Index Name": "company_id_movie_companies",
                                  "Startup Cost": 0.0,
                                  "Total Cost": 1729.97,
                                  "Plan Rows": 80739,
                                  "Plan Width": 0,
                                  "Actual Startup Time": 10.192,
                                  "Actual Total Time": 10.192,
                                  "Actual Rows": 84071,
                                  "Actual Loops": 1,
                                  "Index Cond": "(company_id < 19)"
                                }
                              ]
                            }
                          ]
                        }
                      ]
                    },
                    {
                      "Node Type": "Index Only Scan",
                      "Parent Relationship": "Inner",
                      "Parallel Aware": false,
                      "Scan Direction": "Forward",
                      "Index Name": "title_pkey",
                      "Relation Name": "title",
                      "Alias": "t",
                      "Startup Cost": 0.43,
                      "Total Cost": 0.84,
                      "Plan Rows": 1,
                      "Plan Width": 4,
                      "Actual Startup Time": 0.004,
                      "Actual Total Time": 0.004,
                      "Actual Rows": 1,
                      "Actual Loops": 26052,
                      "Index Cond": "(id = mi_idx.movie_id)",
                      "Rows Removed by Index Recheck": 0,
                      "Heap Fetches": 26052
                    }
                  ]
                }
              ]
            }
          ]
        }
      ]
    },
    "Planning Time": 1.166,
    "Triggers": [],
    "Execution Time": 157.032
  }
]