[
  {
    "Plan": {
      "Node Type": "Aggregate",
      "Strategy": "Plain",
      "Partial Mode": "Finalize",
      "Parallel Aware": false,
      "Startup Cost": 46673.91,
      "Total Cost": 46673.92,
      "Plan Rows": 1,
      "Plan Width": 8,
      "Actual Startup Time": 103.078,
      "Actual Total Time": 114.772,
      "Actual Rows": 1,
      "Actual Loops": 1,
      "Plans": [
        {
          "Node Type": "Gather",
          "Parent Relationship": "Outer",
          "Parallel Aware": false,
          "Startup Cost": 46673.49,
          "Total Cost": 46673.9,
          "Plan Rows": 4,
          "Plan Width": 8,
          "Actual Startup Time": 102.835,
          "Actual Total Time": 114.764,
          "Actual Rows": 5,
          "Actual Loops": 1,
          "Workers Planned": 4,
          "Workers Launched": 4,
          "Single Copy": false,
          "Plans": [
            {
              "Node Type": "Aggregate",
              "Strategy": "Plain",
              "Partial Mode": "Partial",
              "Parent Relationship": "Outer",
              "Parallel Aware": false,
              "Startup Cost": 45673.49,
              "Total Cost": 45673.5,
              "Plan Rows": 1,
              "Plan Width": 8,
              "Actual Startup Time": 97.273,
              "Actual Total Time": 97.275,
              "Actual Rows": 1,
              "Actual Loops": 5,
              "Plans": [
                {
                  "Node Type": "Seq Scan",
                  "Parent Relationship": "Outer",
                  "Parallel Aware": true,
                  "Relation Name": "title",
                  "Alias": "t",
                  "Startup Cost": 0.0,
                  "Total Cost": 45479.59,
                  "Plan Rows": 77563,
                  "Plan Width": 0,
                  "Actual Startup Time": 52.93,
                  "Actual Total Time": 92.742,
                  "Actual Rows": 80148,
                  "Actual Loops": 5,
                  "Filter": "((kind_id < 2) AND (production_year < 2003))",
                  "Rows Removed by Filter": 425514
                }
              ]
            }
          ]
        }
      ]
    },
    "Planning Time": 0.106,
    "Triggers": [],
    "Execution Time": 114.81
  }
]