{
    "Plan": {
        "Node Type": "Aggregate",
        "Strategy": "Plain",
        "Partial Mode": "Simple",
        "Parallel Aware": false,
        "Startup Cost": 70028481180.18,
        "Total Cost": 70028481180.19,
        "Plan Rows": 1,
        "Plan Width": 64,
        "Actual Startup Time": 39940.75,
        "Actual Total Time": 39940.754,
        "Actual Rows": 1,
        "Actual Loops": 1,
        "Output": [
            "min(an1.name)",
            "min(t.title)"
        ],
        "Plans": [
            {
                "Node Type": "Nested Loop",
                "Parent Relationship": "Outer",
                "Parallel Aware": false,
                "Join Type": "Inner",
                "Startup Cost": 70000000003.38,
                "Total Cost": 70028478357.13,
                "Plan Rows": 564611,
                "Plan Width": 33,
                "Actual Startup Time": 11.364,
                "Actual Total Time": 39686.002,
                "Actual Rows": 1027662,
                "Actual Loops": 1,
                "Output": [
                    "an1.name",
                    "t.title"
                ],
                "Inner Unique": true,
                "Plans": [
                    {
                        "Node Type": "Nested Loop",
                        "Parent Relationship": "Outer",
                        "Parallel Aware": false,
                        "Join Type": "Inner",
                        "Startup Cost": 60000000002.94,
                        "Total Cost": 60025965136.16,
                        "Plan Rows": 564611,
                        "Plan Width": 24,
                        "Actual Startup Time": 11.281,
                        "Actual Total Time": 35272.529,
                        "Actual Rows": 1027662,
                        "Actual Loops": 1,
                        "Output": [
                            "an1.name",
                            "ci.movie_id",
                            "mc.movie_id"
                        ],
                        "Inner Unique": false,
                        "Plans": [
                            {
                                "Node Type": "Nested Loop",
                                "Parent Relationship": "Outer",
                                "Parallel Aware": false,
                                "Join Type": "Inner",
                                "Startup Cost": 50000000002.5,
                                "Total Cost": 50024912772.86,
                                "Plan Rows": 234452,
                                "Plan Width": 16,
                                "Actual Startup Time": 11.193,
                                "Actual Total Time": 30541.442,
                                "Actual Rows": 912830,
                                "Actual Loops": 1,
                                "Output": [
                                    "ci.person_id",
                                    "ci.movie_id",
                                    "mc.movie_id",
                                    "n1.id"
                                ],
                                "Inner Unique": true,
                                "Plans": [
                                    {
                                        "Node Type": "Nested Loop",
                                        "Parent Relationship": "Outer",
                                        "Parallel Aware": false,
                                        "Join Type": "Inner",
                                        "Startup Cost": 40000000002.06,
                                        "Total Cost": 40023869014.53,
                                        "Plan Rows": 234452,
                                        "Plan Width": 12,
                                        "Actual Startup Time": 11.093,
                                        "Actual Total Time": 25865.586,
                                        "Actual Rows": 912830,
                                        "Actual Loops": 1,
                                        "Output": [
                                            "ci.person_id",
                                            "ci.movie_id",
                                            "mc.movie_id"
                                        ],
                                        "Inner Unique": true,
                                        "Plans": [
                                            {
                                                "Node Type": "Nested Loop",
                                                "Parent Relationship": "Outer",
                                                "Parallel Aware": false,
                                                "Join Type": "Inner",
                                                "Startup Cost": 30000000001.92,
                                                "Total Cost": 30012169147.44,
                                                "Plan Rows": 2813426,
                                                "Plan Width": 16,
                                                "Actual Startup Time": 11.069,
                                                "Actual Total Time": 16749.852,
                                                "Actual Rows": 2672092,
                                                "Actual Loops": 1,
                                                "Output": [
                                                    "ci.person_id",
                                                    "ci.movie_id",
                                                    "ci.role_id",
                                                    "mc.movie_id"
                                                ],
                                                "Inner Unique": false,
                                                "Plans": [
                                                    {
                                                        "Node Type": "Nested Loop",
                                                        "Parent Relationship": "Outer",
                                                        "Parallel Aware": false,
                                                        "Join Type": "Inner",
                                                        "Startup Cost": 20000000000.86,
                                                        "Total Cost": 20011736045.64,
                                                        "Plan Rows": 73234,
                                                        "Plan Width": 4,
                                                        "Actual Startup Time": 10.501,
                                                        "Actual Total Time": 12644.945,
                                                        "Actual Rows": 104995,
                                                        "Actual Loops": 1,
                                                        "Output": [
                                                            "mc.movie_id"
                                                        ],
                                                        "Inner Unique": true,
                                                        "Plans": [
                                                            {
                                                                "Node Type": "Index Scan",
                                                                "Parent Relationship": "Outer",
                                                                "Parallel Aware": false,
                                                                "Scan Direction": "Forward",
                                                                "Index Name": "movie_id_movie_companies",
                                                                "Relation Name": "movie_companies",
                                                                "Schema": "public",
                                                                "Alias": "mc",
                                                                "Startup Cost": 10000000000.43,
                                                                "Total Cost": 10000140849.93,
                                                                "Plan Rows": 2609129,
                                                                "Plan Width": 8,
                                                                "Actual Startup Time": 0.108,
                                                                "Actual Total Time": 1151.189,
                                                                "Actual Rows": 2609129,
                                                                "Actual Loops": 1,
                                                                "Output": [
                                                                    "mc.id",
                                                                    "mc.movie_id",
                                                                    "mc.company_id",
                                                                    "mc.company_type_id",
                                                                    "mc.note"
                                                                ]
                                                            },
                                                            {
                                                                "Node Type": "Bitmap Heap Scan",
                                                                "Parent Relationship": "Inner",
                                                                "Parallel Aware": false,
                                                                "Relation Name": "company_name",
                                                                "Schema": "public",
                                                                "Alias": "cn",
                                                                "Startup Cost": 0.43,
                                                                "Total Cost": 4.44,
                                                                "Plan Rows": 1,
                                                                "Plan Width": 4,
                                                                "Actual Startup Time": 0.003,
                                                                "Actual Total Time": 0.003,
                                                                "Actual Rows": 0,
                                                                "Actual Loops": 2609129,
                                                                "Output": [
                                                                    "cn.id",
                                                                    "cn.name",
                                                                    "cn.country_code",
                                                                    "cn.imdb_id",
                                                                    "cn.name_pcode_nf",
                                                                    "cn.name_pcode_sf",
                                                                    "cn.md5sum"
                                                                ],
                                                                "Recheck Cond": "(cn.id = mc.company_id)",
                                                                "Rows Removed by Index Recheck": 0,
                                                                "Filter": "((cn.country_code)::text = '[jp]'::text)",
                                                                "Rows Removed by Filter": 1,
                                                                "Exact Heap Blocks": 2609129,
                                                                "Lossy Heap Blocks": 0,
                                                                "Plans": [
                                                                    {
                                                                        "Node Type": "Bitmap Index Scan",
                                                                        "Parent Relationship": "Outer",
                                                                        "Parallel Aware": false,
                                                                        "Index Name": "company_name_pkey",
                                                                        "Startup Cost": 0.0,
                                                                        "Total Cost": 0.43,
                                                                        "Plan Rows": 1,
                                                                        "Plan Width": 0,
                                                                        "Actual Startup Time": 0.002,
                                                                        "Actual Total Time": 0.002,
                                                                        "Actual Rows": 1,
                                                                        "Actual Loops": 2609129,
                                                                        "Index Cond": "(cn.id = mc.company_id)"
                                                                    }
                                                                ]
                                                            }
                                                        ]
                                                    },
                                                    {
                                                        "Node Type": "Bitmap Heap Scan",
                                                        "Parent Relationship": "Inner",
                                                        "Parallel Aware": false,
                                                        "Relation Name": "cast_info",
                                                        "Schema": "public",
                                                        "Alias": "ci",
                                                        "Startup Cost": 1.06,
                                                        "Total Cost": 5.53,
                                                        "Plan Rows": 38,
                                                        "Plan Width": 12,
                                                        "Actual Startup Time": 0.007,
                                                        "Actual Total Time": 0.033,
                                                        "Actual Rows": 25,
                                                        "Actual Loops": 104995,
                                                        "Output": [
                                                            "ci.id",
                                                            "ci.person_id",
                                                            "ci.movie_id",
                                                            "ci.person_role_id",
                                                            "ci.note",
                                                            "ci.nr_order",
                                                            "ci.role_id"
                                                        ],
                                                        "Recheck Cond": "(ci.movie_id = mc.movie_id)",
                                                        "Rows Removed by Index Recheck": 0,
                                                        "Exact Heap Blocks": 2585255,
                                                        "Lossy Heap Blocks": 0,
                                                        "Plans": [
                                                            {
                                                                "Node Type": "Bitmap Index Scan",
                                                                "Parent Relationship": "Outer",
                                                                "Parallel Aware": false,
                                                                "Index Name": "movie_id_cast_info",
                                                                "Startup Cost": 0.0,
                                                                "Total Cost": 1.05,
                                                                "Plan Rows": 38,
                                                                "Plan Width": 0,
                                                                "Actual Startup Time": 0.005,
                                                                "Actual Total Time": 0.005,
                                                                "Actual Rows": 25,
                                                                "Actual Loops": 104995,
                                                                "Index Cond": "(ci.movie_id = mc.movie_id)"
                                                            }
                                                        ]
                                                    }
                                                ]
                                            },
                                            {
                                                "Node Type": "Bitmap Heap Scan",
                                                "Parent Relationship": "Inner",
                                                "Parallel Aware": false,
                                                "Relation Name": "role_type",
                                                "Schema": "public",
                                                "Alias": "rt",
                                                "Startup Cost": 0.14,
                                                "Total Cost": 4.16,
                                                "Plan Rows": 1,
                                                "Plan Width": 4,
                                                "Actual Startup Time": 0.002,
                                                "Actual Total Time": 0.002,
                                                "Actual Rows": 0,
                                                "Actual Loops": 2672092,
                                                "Output": [
                                                    "rt.id",
                                                    "rt.role"
                                                ],
                                                "Recheck Cond": "(rt.id = ci.role_id)",
                                                "Rows Removed by Index Recheck": 0,
                                                "Filter": "((rt.role)::text = 'actor'::text)",
                                                "Rows Removed by Filter": 1,
                                                "Exact Heap Blocks": 2672092,
                                                "Lossy Heap Blocks": 0,
                                                "Plans": [
                                                    {
                                                        "Node Type": "Bitmap Index Scan",
                                                        "Parent Relationship": "Outer",
                                                        "Parallel Aware": false,
                                                        "Index Name": "role_type_pkey",
                                                        "Startup Cost": 0.0,
                                                        "Total Cost": 0.14,
                                                        "Plan Rows": 1,
                                                        "Plan Width": 0,
                                                        "Actual Startup Time": 0.001,
                                                        "Actual Total Time": 0.001,
                                                        "Actual Rows": 1,
                                                        "Actual Loops": 2672092,
                                                        "Index Cond": "(rt.id = ci.role_id)"
                                                    }
                                                ]
                                            }
                                        ]
                                    },
                                    {
                                        "Node Type": "Bitmap Heap Scan",
                                        "Parent Relationship": "Inner",
                                        "Parallel Aware": false,
                                        "Relation Name": "name",
                                        "Schema": "public",
                                        "Alias": "n1",
                                        "Startup Cost": 0.44,
                                        "Total Cost": 4.45,
                                        "Plan Rows": 1,
                                        "Plan Width": 4,
                                        "Actual Startup Time": 0.003,
                                        "Actual Total Time": 0.003,
                                        "Actual Rows": 1,
                                        "Actual Loops": 912830,
                                        "Output": [
                                            "n1.id",
                                            "n1.name",
                                            "n1.imdb_index",
                                            "n1.imdb_id",
                                            "n1.gender",
                                            "n1.name_pcode_cf",
                                            "n1.name_pcode_nf",
                                            "n1.surname_pcode",
                                            "n1.md5sum"
                                        ],
                                        "Recheck Cond": "(n1.id = ci.person_id)",
                                        "Rows Removed by Index Recheck": 0,
                                        "Exact Heap Blocks": 912830,
                                        "Lossy Heap Blocks": 0,
                                        "Plans": [
                                            {
                                                "Node Type": "Bitmap Index Scan",
                                                "Parent Relationship": "Outer",
                                                "Parallel Aware": false,
                                                "Index Name": "name_pkey",
                                                "Startup Cost": 0.0,
                                                "Total Cost": 0.44,
                                                "Plan Rows": 1,
                                                "Plan Width": 0,
                                                "Actual Startup Time": 0.002,
                                                "Actual Total Time": 0.002,
                                                "Actual Rows": 1,
                                                "Actual Loops": 912830,
                                                "Index Cond": "(n1.id = ci.person_id)"
                                            }
                                        ]
                                    }
                                ]
                            },
                            {
                                "Node Type": "Bitmap Heap Scan",
                                "Parent Relationship": "Inner",
                                "Parallel Aware": false,
                                "Relation Name": "aka_name",
                                "Schema": "public",
                                "Alias": "an1",
                                "Startup Cost": 0.44,
                                "Total Cost": 4.47,
                                "Plan Rows": 2,
                                "Plan Width": 20,
                                "Actual Startup Time": 0.003,
                                "Actual Total Time": 0.003,
                                "Actual Rows": 1,
                                "Actual Loops": 912830,
                                "Output": [
                                    "an1.id",
                                    "an1.person_id",
                                    "an1.name",
                                    "an1.imdb_index",
                                    "an1.name_pcode_cf",
                                    "an1.name_pcode_nf",
                                    "an1.surname_pcode",
                                    "an1.md5sum"
                                ],
                                "Recheck Cond": "(an1.person_id = n1.id)",
                                "Rows Removed by Index Recheck": 0,
                                "Exact Heap Blocks": 552188,
                                "Lossy Heap Blocks": 0,
                                "Plans": [
                                    {
                                        "Node Type": "Bitmap Index Scan",
                                        "Parent Relationship": "Outer",
                                        "Parallel Aware": false,
                                        "Index Name": "person_id_aka_name",
                                        "Startup Cost": 0.0,
                                        "Total Cost": 0.44,
                                        "Plan Rows": 2,
                                        "Plan Width": 0,
                                        "Actual Startup Time": 0.002,
                                        "Actual Total Time": 0.002,
                                        "Actual Rows": 1,
                                        "Actual Loops": 912830,
                                        "Index Cond": "(an1.person_id = n1.id)"
                                    }
                                ]
                            }
                        ]
                    },
                    {
                        "Node Type": "Bitmap Heap Scan",
                        "Parent Relationship": "Inner",
                        "Parallel Aware": false,
                        "Relation Name": "title",
                        "Schema": "public",
                        "Alias": "t",
                        "Startup Cost": 0.44,
                        "Total Cost": 4.45,
                        "Plan Rows": 1,
                        "Plan Width": 21,
                        "Actual Startup Time": 0.003,
                        "Actual Total Time": 0.003,
                        "Actual Rows": 1,
                        "Actual Loops": 1027662,
                        "Output": [
                            "t.id",
                            "t.title",
                            "t.imdb_index",
                            "t.kind_id",
                            "t.production_year",
                            "t.imdb_id",
                            "t.phonetic_code",
                            "t.episode_of_id",
                            "t.season_nr",
                            "t.episode_nr",
                            "t.series_years",
                            "t.md5sum"
                        ],
                        "Recheck Cond": "(t.id = ci.movie_id)",
                        "Rows Removed by Index Recheck": 0,
                        "Exact Heap Blocks": 1027662,
                        "Lossy Heap Blocks": 0,
                        "Plans": [
                            {
                                "Node Type": "Bitmap Index Scan",
                                "Parent Relationship": "Outer",
                                "Parallel Aware": false,
                                "Index Name": "title_pkey",
                                "Startup Cost": 0.0,
                                "Total Cost": 0.44,
                                "Plan Rows": 1,
                                "Plan Width": 0,
                                "Actual Startup Time": 0.002,
                                "Actual Total Time": 0.002,
                                "Actual Rows": 1,
                                "Actual Loops": 1027662,
                                "Index Cond": "(t.id = ci.movie_id)"
                            }
                        ]
                    }
                ]
            }
        ]
    },
    "Planning Time": 9.054,
    "Triggers": [],
    "Execution Time": 39941.389
}