[
  {
    "Plan": {
      "Node Type": "Aggregate",
      "Strategy": "Plain",
      "Partial Mode": "Finalize",
      "Parallel Aware": false,
      "Startup Cost": 88431.95,
      "Total Cost": 88431.96,
      "Plan Rows": 1,
      "Plan Width": 8,
      "Actual Startup Time": 243.035,
      "Actual Total Time": 259.397,
      "Actual Rows": 1,
      "Actual Loops": 1,
      "Plans": [
        {
          "Node Type": "Gather",
          "Parent Relationship": "Outer",
          "Parallel Aware": false,
          "Startup Cost": 88431.63,
          "Total Cost": 88431.94,
          "Plan Rows": 3,
          "Plan Width": 8,
          "Actual Startup Time": 242.759,
          "Actual Total Time": 259.368,
          "Actual Rows": 4,
          "Actual Loops": 1,
          "Workers Planned": 3,
          "Workers Launched": 3,
          "Single Copy": false,
          "Plans": [
            {
              "Node Type": "Aggregate",
              "Strategy": "Plain",
              "Partial Mode": "Partial",
              "Parent Relationship": "Outer",
              "Parallel Aware": false,
              "Startup Cost": 87431.63,
              "Total Cost": 87431.64,
              "Plan Rows": 1,
              "Plan Width": 8,
              "Actual Startup Time": 234.235,
              "Actual Total Time": 234.24,
              "Actual Rows": 1,
              "Actual Loops": 4,
              "Plans": [
                {
                  "Node Type": "Hash Join",
                  "Parent Relationship": "Outer",
                  "Parallel Aware": true,
                  "Join Type": "Inner",
                  "Startup Cost": 44059.3,
                  "Total Cost": 87418.8,
                  "Plan Rows": 5134,
                  "Plan Width": 0,
                  "Actual Startup Time": 108.531,
                  "Actual Total Time": 233.889,
                  "Actual Rows": 5068,
                  "Actual Loops": 4,
                  "Inner Unique": true,
                  "Hash Cond": "(mk.movie_id = t.id)",
                  "Plans": [
                    {
                      "Node Type": "Seq Scan",
                      "Parent Relationship": "Outer",
                      "Parallel Aware": true,
                      "Relation Name": "movie_keyword",
                      "Alias": "mk",
                      "Startup Cost": 0.0,
                      "Total Cost": 42695.65,
                      "Plan Rows": 252892,
                      "Plan Width": 4,
                      "Actual Startup Time": 0.026,
                      "Actual Total Time": 101.224,
                      "Actual Rows": 198852,
                      "Actual Loops": 4,
                      "Filter": "(keyword_id < 766)",
                      "Rows Removed by Filter": 932131
                    },
                    {
                      "Node Type": "Hash",
                      "Parent Relationship": "Inner",
                      "Parallel Aware": true,
                      "Startup Cost": 43898.92,
                      "Total Cost": 43898.92,
                      "Plan Rows": 12831,
                      "Plan Width": 4,
                      "Actual Startup Time": 106.98,
                      "Actual Total Time": 106.981,
                      "Actual Rows": 13253,
                      "Actual Loops": 4,
                      "Hash Buckets": 65536,
                      "Original Hash Buckets": 65536,
                      "Hash Batches": 1,
                      "Original Hash Batches": 1,
                      "Peak Memory Usage": 2656,
                      "Plans": [
                        {
                          "Node Type": "Seq Scan",
                          "Parent Relationship": "Outer",
                          "Parallel Aware": true,
                          "Relation Name": "title",
                          "Alias": "t",
                          "Startup Cost": 0.0,
                          "Total Cost": 43898.92,
                          "Plan Rows": 12831,
                          "Plan Width": 4,
                          "Actual Startup Time": 0.051,
                          "Actual Total Time": 100.144,
                          "Actual Rows": 13253,
                          "Actual Loops": 4,
                          "Filter": "(production_year = 2000)",
                          "Rows Removed by Filter": 618825
                        }
                      ]
                    }
                  ]
                }
              ]
            }
          ]
        }
      ]
    },
    "Planning Time": 0.596,
    "Triggers": [],
    "Execution Time": 259.467
  }
]