{
  "Plan": {
    "Node Type": "Aggregate",
    "Strategy": "Plain",
    "Partial Mode": "Finalize",
    "Parallel Aware": false,
    "Startup Cost": 425554.55,
    "Total Cost": 425554.56,
    "Plan Rows": 1,
    "Plan Width": 8,
    "Actual Startup Time": 4592.099,
    "Actual Total Time": 4647.222,
    "Actual Rows": 1,
    "Actual Loops": 1,
    "Plans": [
      {
        "Node Type": "Gather",
        "Parent Relationship": "Outer",
        "Parallel Aware": false,
        "Startup Cost": 425554.44,
        "Total Cost": 425554.55,
        "Plan Rows": 1,
        "Plan Width": 8,
        "Actual Startup Time": 4584.739,
        "Actual Total Time": 4647.211,
        "Actual Rows": 2,
        "Actual Loops": 1,
        "Workers Planned": 1,
        "Workers Launched": 1,
        "Single Copy": false,
        "Plans": [
          {
            "Node Type": "Aggregate",
            "Strategy": "Plain",
            "Partial Mode": "Partial",
            "Parent Relationship": "Outer",
            "Parallel Aware": false,
            "Startup Cost": 424554.44,
            "Total Cost": 424554.45,
            "Plan Rows": 1,
            "Plan Width": 8,
            "Actual Startup Time": 4578.72,
            "Actual Total Time": 4579.032,
            "Actual Rows": 1,
            "Actual Loops": 2,
            "Plans": [
              {
                "Node Type": "Hash Join",
                "Parent Relationship": "Outer",
                "Parallel Aware": true,
                "Join Type": "Inner",
                "Startup Cost": 121645.04,
                "Total Cost": 418189.09,
                "Plan Rows": 2546138,
                "Plan Width": 0,
                "Actual Startup Time": 961.2,
                "Actual Total Time": 3927.832,
                "Actual Rows": 15207226,
                "Actual Loops": 2,
                "Inner Unique": false,
                "Hash Cond": "(mi.movie_id = t.id)",
                "Plans": [
                  {
                    "Node Type": "Seq Scan",
                    "Parent Relationship": "Outer",
                    "Parallel Aware": true,
                    "Relation Name": "movie_info",
                    "Alias": "mi",
                    "Startup Cost": 0.0,
                    "Total Cost": 248955.74,
                    "Plan Rows": 8696274,
                    "Plan Width": 4,
                    "Actual Startup Time": 0.019,
                    "Actual Total Time": 680.874,
                    "Actual Rows": 7417860,
                    "Actual Loops": 2
                  },
                  {
                    "Node Type": "Hash",
                    "Parent Relationship": "Inner",
                    "Parallel Aware": true,
                    "Startup Cost": 116202.05,
                    "Total Cost": 116202.05,
                    "Plan Rows": 435439,
                    "Plan Width": 8,
                    "Actual Startup Time": 951.445,
                    "Actual Total Time": 951.756,
                    "Actual Rows": 377334,
                    "Actual Loops": 2,
                    "Hash Buckets": 1048576,
                    "Original Hash Buckets": 1048576,
                    "Hash Batches": 1,
                    "Original Hash Batches": 1,
                    "Peak Memory Usage": 37728,
                    "Plans": [
                      {
                        "Node Type": "Hash Join",
                        "Parent Relationship": "Outer",
                        "Parallel Aware": true,
                        "Join Type": "Inner",
                        "Startup Cost": 85162.04,
                        "Total Cost": 116202.05,
                        "Plan Rows": 435439,
                        "Plan Width": 8,
                        "Actual Startup Time": 629.369,
                        "Actual Total Time": 854.242,
                        "Actual Rows": 377334,
                        "Actual Loops": 2,
                        "Inner Unique": true,
                        "Hash Cond": "(mk.movie_id = t.id)",
                        "Plans": [
                          {
                            "Node Type": "Bitmap Heap Scan",
                            "Parent Relationship": "Outer",
                            "Parallel Aware": true,
                            "Relation Name": "movie_keyword",
                            "Alias": "mk",
                            "Startup Cost": 15701.34,
                            "Total Cost": 45598.32,
                            "Plan Rows": 435439,
                            "Plan Width": 4,
                            "Actual Startup Time": 37.61,
                            "Actual Total Time": 133.429,
                            "Actual Rows": 377334,
                            "Actual Loops": 2,
                            "Recheck Cond": "(keyword_id < 687)",
                            "Rows Removed by Index Recheck": 0,
                            "Exact Heap Blocks": 15065,
                            "Lossy Heap Blocks": 0,
                            "Plans": [
                              {
                                "Node Type": "Bitmap Index Scan",
                                "Parent Relationship": "Outer",
                                "Parallel Aware": false,
                                "Index Name": "keyword_id_movie_keyword",
                                "Startup Cost": 0.0,
                                "Total Cost": 15516.28,
                                "Plan Rows": 740246,
                                "Plan Width": 0,
                                "Actual Startup Time": 34.006,
                                "Actual Total Time": 34.006,
                                "Actual Rows": 754668,
                                "Actual Loops": 1,
                                "Index Cond": "(keyword_id < 687)"
                              }
                            ]
                          },
                          {
                            "Node Type": "Hash",
                            "Parent Relationship": "Inner",
                            "Parallel Aware": true,
                            "Startup Cost": 50870.31,
                            "Total Cost": 50870.31,
                            "Plan Rows": 1487231,
                            "Plan Width": 4,
                            "Actual Startup Time": 575.553,
                            "Actual Total Time": 575.554,
                            "Actual Rows": 1264156,
                            "Actual Loops": 2,
                            "Hash Buckets": 4194304,
                            "Original Hash Buckets": 4194304,
                            "Hash Batches": 1,
                            "Original Hash Batches": 1,
                            "Peak Memory Usage": 131712,
                            "Plans": [
                              {
                                "Node Type": "Seq Scan",
                                "Parent Relationship": "Outer",
                                "Parallel Aware": true,
                                "Relation Name": "title",
                                "Alias": "t",
                                "Startup Cost": 0.0,
                                "Total Cost": 50870.31,
                                "Plan Rows": 1487231,
                                "Plan Width": 4,
                                "Actual Startup Time": 0.046,
                                "Actual Total Time": 183.986,
                                "Actual Rows": 1264156,
                                "Actual Loops": 2
                              }
                            ]
                          }
                        ]
                      }
                    ]
                  }
                ]
              }
            ]
          }
        ]
      }
    ]
  },
  "Planning Time": 0.833,
  "Triggers": [],
  "Execution Time": 4647.327
}