{
  "Plan": {
    "Node Type": "Aggregate",
    "Strategy": "Plain",
    "Partial Mode": "Finalize",
    "Parallel Aware": false,
    "Startup Cost": 117241.27,
    "Total Cost": 117241.28,
    "Plan Rows": 1,
    "Plan Width": 8,
    "Actual Startup Time": 440.158,
    "Actual Total Time": 451.816,
    "Actual Rows": 1,
    "Actual Loops": 1,
    "Plans": [
      {
        "Node Type": "Gather",
        "Parent Relationship": "Outer",
        "Parallel Aware": false,
        "Startup Cost": 117241.16,
        "Total Cost": 117241.27,
        "Plan Rows": 1,
        "Plan Width": 8,
        "Actual Startup Time": 439.207,
        "Actual Total Time": 451.808,
        "Actual Rows": 2,
        "Actual Loops": 1,
        "Workers Planned": 1,
        "Workers Launched": 1,
        "Single Copy": false,
        "Plans": [
          {
            "Node Type": "Aggregate",
            "Strategy": "Plain",
            "Partial Mode": "Partial",
            "Parent Relationship": "Outer",
            "Parallel Aware": false,
            "Startup Cost": 116241.16,
            "Total Cost": 116241.17,
            "Plan Rows": 1,
            "Plan Width": 8,
            "Actual Startup Time": 435.123,
            "Actual Total Time": 435.127,
            "Actual Rows": 1,
            "Actual Loops": 2,
            "Plans": [
              {
                "Node Type": "Hash Join",
                "Parent Relationship": "Outer",
                "Parallel Aware": true,
                "Join Type": "Inner",
                "Startup Cost": 55805.49,
                "Total Cost": 115981.49,
                "Plan Rows": 103866,
                "Plan Width": 0,
                "Actual Startup Time": 198.539,
                "Actual Total Time": 421.737,
                "Actual Rows": 324009,
                "Actual Loops": 2,
                "Inner Unique": true,
                "Hash Cond": "(mk.movie_id = t.id)",
                "Plans": [
                  {
                    "Node Type": "Seq Scan",
                    "Parent Relationship": "Outer",
                    "Parallel Aware": true,
                    "Relation Name": "movie_keyword",
                    "Alias": "mk",
                    "Startup Cost": 0.0,
                    "Total Cost": 57718.19,
                    "Plan Rows": 936309,
                    "Plan Width": 4,
                    "Actual Startup Time": 0.021,
                    "Actual Total Time": 168.805,
                    "Actual Rows": 803094,
                    "Actual Loops": 2,
                    "Filter": "(keyword_id < 2488)",
                    "Rows Removed by Filter": 1458870
                  },
                  {
                    "Node Type": "Hash",
                    "Parent Relationship": "Inner",
                    "Parallel Aware": true,
                    "Startup Cost": 53743.23,
                    "Total Cost": 53743.23,
                    "Plan Rows": 164981,
                    "Plan Width": 4,
                    "Actual Startup Time": 145.99,
                    "Actual Total Time": 145.991,
                    "Actual Rows": 191148,
                    "Actual Loops": 2,
                    "Hash Buckets": 524288,
                    "Original Hash Buckets": 524288,
                    "Hash Batches": 1,
                    "Original Hash Batches": 1,
                    "Peak Memory Usage": 19072,
                    "Plans": [
                      {
                        "Node Type": "Bitmap Heap Scan",
                        "Parent Relationship": "Outer",
                        "Parallel Aware": true,
                        "Relation Name": "title",
                        "Alias": "t",
                        "Startup Cost": 11892.97,
                        "Total Cost": 53743.23,
                        "Plan Rows": 164981,
                        "Plan Width": 4,
                        "Actual Startup Time": 37.53,
                        "Actual Total Time": 101.805,
                        "Actual Rows": 191148,
                        "Actual Loops": 2,
                        "Recheck Cond": "(kind_id = 1)",
                        "Rows Removed by Index Recheck": 0,
                        "Filter": "(production_year < 2001)",
                        "Rows Removed by Filter": 140264,
                        "Exact Heap Blocks": 7971,
                        "Lossy Heap Blocks": 0,
                        "Plans": [
                          {
                            "Node Type": "Bitmap Index Scan",
                            "Parent Relationship": "Outer",
                            "Parallel Aware": false,
                            "Index Name": "kind_id_title",
                            "Startup Cost": 0.0,
                            "Total Cost": 11822.85,
                            "Plan Rows": 663256,
                            "Plan Width": 0,
                            "Actual Startup Time": 35.386,
                            "Actual Total Time": 35.387,
                            "Actual Rows": 662825,
                            "Actual Loops": 1,
                            "Index Cond": "(kind_id = 1)"
                          }
                        ]
                      }
                    ]
                  }
                ]
              }
            ]
          }
        ]
      }
    ]
  },
  "Planning Time": 0.722,
  "Triggers": [],
  "Execution Time": 451.904
}