[
    {
        "Bao": {
            "Bao prediction": "NaN",
            "Bao recommended hint": "(no hint)"
        }
    },
    {
        "Plan": {
            "Node Type": "Aggregate",
            "Strategy": "Plain",
            "Partial Mode": "Finalize",
            "Parallel Aware": false,
            "Startup Cost": 39495.92,
            "Total Cost": 39495.93,
            "Plan Rows": 1,
            "Plan Width": 8,
            "Actual Startup Time": 145.194,
            "Actual Total Time": 153.02,
            "Actual Rows": 1,
            "Actual Loops": 1,
            "Output": [
                "count(*)"
            ],
            "Plans": [
                {
                    "Node Type": "Gather",
                    "Parent Relationship": "Outer",
                    "Parallel Aware": false,
                    "Startup Cost": 39495.61,
                    "Total Cost": 39495.92,
                    "Plan Rows": 3,
                    "Plan Width": 8,
                    "Actual Startup Time": 144.959,
                    "Actual Total Time": 153.008,
                    "Actual Rows": 4,
                    "Actual Loops": 1,
                    "Output": [
                        "(PARTIAL count(*))"
                    ],
                    "Workers Planned": 3,
                    "Workers Launched": 3,
                    "Single Copy": false,
                    "Plans": [
                        {
                            "Node Type": "Aggregate",
                            "Strategy": "Plain",
                            "Partial Mode": "Partial",
                            "Parent Relationship": "Outer",
                            "Parallel Aware": false,
                            "Startup Cost": 38495.61,
                            "Total Cost": 38495.62,
                            "Plan Rows": 1,
                            "Plan Width": 8,
                            "Actual Startup Time": 135.999,
                            "Actual Total Time": 136.0,
                            "Actual Rows": 1,
                            "Actual Loops": 4,
                            "Output": [
                                "PARTIAL count(*)"
                            ],
                            "Workers": [
                                {
                                    "Worker Number": 0,
                                    "Actual Startup Time": 132.713,
                                    "Actual Total Time": 132.715,
                                    "Actual Rows": 1,
                                    "Actual Loops": 1
                                },
                                {
                                    "Worker Number": 1,
                                    "Actual Startup Time": 133.246,
                                    "Actual Total Time": 133.248,
                                    "Actual Rows": 1,
                                    "Actual Loops": 1
                                },
                                {
                                    "Worker Number": 2,
                                    "Actual Startup Time": 133.624,
                                    "Actual Total Time": 133.626,
                                    "Actual Rows": 1,
                                    "Actual Loops": 1
                                }
                            ],
                            "Plans": [
                                {
                                    "Node Type": "Bitmap Heap Scan",
                                    "Parent Relationship": "Outer",
                                    "Parallel Aware": true,
                                    "Relation Name": "movie_keyword",
                                    "Schema": "public",
                                    "Alias": "mk",
                                    "Startup Cost": 11433.6,
                                    "Total Cost": 38060.94,
                                    "Plan Rows": 173867,
                                    "Plan Width": 0,
                                    "Actual Startup Time": 43.291,
                                    "Actual Total Time": 126.896,
                                    "Actual Rows": 132808,
                                    "Actual Loops": 4,
                                    "Recheck Cond": "(mk.keyword_id > 34361)",
                                    "Rows Removed by Index Recheck": 0,
                                    "Exact Heap Blocks": 8174,
                                    "Lossy Heap Blocks": 0,
                                    "Workers": [
                                        {
                                            "Worker Number": 0,
                                            "Actual Startup Time": 40.122,
                                            "Actual Total Time": 124.464,
                                            "Actual Rows": 93354,
                                            "Actual Loops": 1
                                        },
                                        {
                                            "Worker Number": 1,
                                            "Actual Startup Time": 40.645,
                                            "Actual Total Time": 125.37,
                                            "Actual Rows": 124638,
                                            "Actual Loops": 1
                                        },
                                        {
                                            "Worker Number": 2,
                                            "Actual Startup Time": 41.005,
                                            "Actual Total Time": 125.606,
                                            "Actual Rows": 126526,
                                            "Actual Loops": 1
                                        }
                                    ],
                                    "Plans": [
                                        {
                                            "Node Type": "Bitmap Index Scan",
                                            "Parent Relationship": "Outer",
                                            "Parallel Aware": false,
                                            "Index Name": "keyword_id_movie_keyword",
                                            "Startup Cost": 0.0,
                                            "Total Cost": 11298.85,
                                            "Plan Rows": 538989,
                                            "Plan Width": 0,
                                            "Actual Startup Time": 45.932,
                                            "Actual Total Time": 45.933,
                                            "Actual Rows": 531230,
                                            "Actual Loops": 1,
                                            "Index Cond": "(mk.keyword_id > 34361)"
                                        }
                                    ]
                                }
                            ]
                        }
                    ]
                }
            ]
        },
        "Planning Time": 295.337,
        "Triggers": [],
        "Execution Time": 153.131
    }
]