[
  {
    "Plan": {
      "Node Type": "Aggregate",
      "Strategy": "Plain",
      "Partial Mode": "Finalize",
      "Parallel Aware": false,
      "Startup Cost": 35515.47,
      "Total Cost": 35515.48,
      "Plan Rows": 1,
      "Plan Width": 8,
      "Actual Startup Time": 46.195,
      "Actual Total Time": 52.933,
      "Actual Rows": 1,
      "Actual Loops": 1,
      "Plans": [
        {
          "Node Type": "Gather",
          "Parent Relationship": "Outer",
          "Parallel Aware": false,
          "Startup Cost": 35515.26,
          "Total Cost": 35515.47,
          "Plan Rows": 2,
          "Plan Width": 8,
          "Actual Startup Time": 46.075,
          "Actual Total Time": 52.927,
          "Actual Rows": 3,
          "Actual Loops": 1,
          "Workers Planned": 2,
          "Workers Launched": 2,
          "Single Copy": false,
          "Plans": [
            {
              "Node Type": "Aggregate",
              "Strategy": "Plain",
              "Partial Mode": "Partial",
              "Parent Relationship": "Outer",
              "Parallel Aware": false,
              "Startup Cost": 34515.26,
              "Total Cost": 34515.27,
              "Plan Rows": 1,
              "Plan Width": 8,
              "Actual Startup Time": 37.559,
              "Actual Total Time": 37.563,
              "Actual Rows": 1,
              "Actual Loops": 3,
              "Plans": [
                {
                  "Node Type": "Nested Loop",
                  "Parent Relationship": "Outer",
                  "Parallel Aware": false,
                  "Join Type": "Inner",
                  "Startup Cost": 132.05,
                  "Total Cost": 34500.51,
                  "Plan Rows": 5900,
                  "Plan Width": 0,
                  "Actual Startup Time": 2.801,
                  "Actual Total Time": 37.255,
                  "Actual Rows": 1729,
                  "Actual Loops": 3,
                  "Inner Unique": false,
                  "Plans": [
                    {
                      "Node Type": "Nested Loop",
                      "Parent Relationship": "Outer",
                      "Parallel Aware": false,
                      "Join Type": "Inner",
                      "Startup Cost": 131.61,
                      "Total Cost": 32036.52,
                      "Plan Rows": 1009,
                      "Plan Width": 8,
                      "Actual Startup Time": 2.651,
                      "Actual Total Time": 29.09,
                      "Actual Rows": 141,
                      "Actual Loops": 3,
                      "Inner Unique": true,
                      "Plans": [
                        {
                          "Node Type": "Bitmap Heap Scan",
                          "Parent Relationship": "Outer",
                          "Parallel Aware": true,
                          "Relation Name": "movie_keyword",
                          "Alias": "mk",
                          "Startup Cost": 131.18,
                          "Total Cost": 14093.28,
                          "Plan Rows": 2513,
                          "Plan Width": 4,
                          "Actual Startup Time": 2.343,
                          "Actual Total Time": 10.276,
                          "Actual Rows": 1797,
                          "Actual Loops": 3,
                          "Recheck Cond": "(keyword_id = 460)",
                          "Rows Removed by Index Recheck": 0,
                          "Exact Heap Blocks": 3557,
                          "Lossy Heap Blocks": 0,
                          "Plans": [
                            {
                              "Node Type": "Bitmap Index Scan",
                              "Parent Relationship": "Outer",
                              "Parallel Aware": false,
                              "Index Name": "keyword_id_movie_keyword",
                              "Startup Cost": 0.0,
                              "Total Cost": 129.67,
                              "Plan Rows": 6032,
                              "Plan Width": 0,
                              "Actual Startup Time": 4.306,
                              "Actual Total Time": 4.307,
                              "Actual Rows": 5392,
                              "Actual Loops": 1,
                              "Index Cond": "(keyword_id = 460)"
                            }
                          ]
                        },
                        {
                          "Node Type": "Index Scan",
                          "Parent Relationship": "Inner",
                          "Parallel Aware": false,
                          "Scan Direction": "Forward",
                          "Index Name": "title_pkey",
                          "Relation Name": "title",
                          "Alias": "t",
                          "Startup Cost": 0.43,
                          "Total Cost": 7.14,
                          "Plan Rows": 1,
                          "Plan Width": 4,
                          "Actual Startup Time": 0.01,
                          "Actual Total Time": 0.01,
                          "Actual Rows": 0,
                          "Actual Loops": 5392,
                          "Index Cond": "(id = mk.movie_id)",
                          "Rows Removed by Index Recheck": 0,
                          "Filter": "((production_year < 2008) AND (kind_id = 7))",
                          "Rows Removed by Filter": 1
                        }
                      ]
                    },
                    {
                      "Node Type": "Index Only Scan",
                      "Parent Relationship": "Inner",
                      "Parallel Aware": false,
                      "Scan Direction": "Forward",
                      "Index Name": "movie_id_movie_info",
                      "Relation Name": "movie_info",
                      "Alias": "mi",
                      "Startup Cost": 0.43,
                      "Total Cost": 2.02,
                      "Plan Rows": 42,
                      "Plan Width": 4,
                      "Actual Startup Time": 0.019,
                      "Actual Total Time": 0.054,
                      "Actual Rows": 12,
                      "Actual Loops": 424,
                      "Index Cond": "(movie_id = t.id)",
                      "Rows Removed by Index Recheck": 0,
                      "Heap Fetches": 5186
                    }
                  ]
                }
              ]
            }
          ]
        }
      ]
    },
    "Planning Time": 1.384,
    "Triggers": [],
    "Execution Time": 53.03
  }
]