[
    {
        "Bao": {
            "Bao prediction": 425.445,
            "Bao recommended hint": "SET enable_mergejoin TO off; "
        }
    },
    {
        "Plan": {
            "Node Type": "Aggregate",
            "Strategy": "Plain",
            "Partial Mode": "Simple",
            "Parallel Aware": false,
            "Startup Cost": 72614.68,
            "Total Cost": 72614.69,
            "Plan Rows": 1,
            "Plan Width": 64,
            "Actual Startup Time": 446.84,
            "Actual Total Time": 446.999,
            "Actual Rows": 1,
            "Actual Loops": 1,
            "Output": [
                "min(n.name)",
                "min(t.title)"
            ],
            "Plans": [
                {
                    "Node Type": "Nested Loop",
                    "Parent Relationship": "Outer",
                    "Parallel Aware": false,
                    "Join Type": "Inner",
                    "Startup Cost": 1004.44,
                    "Total Cost": 72614.67,
                    "Plan Rows": 1,
                    "Plan Width": 32,
                    "Actual Startup Time": 140.452,
                    "Actual Total Time": 445.445,
                    "Actual Rows": 6000,
                    "Actual Loops": 1,
                    "Output": [
                        "n.name",
                        "t.title"
                    ],
                    "Inner Unique": true,
                    "Plans": [
                        {
                            "Node Type": "Nested Loop",
                            "Parent Relationship": "Outer",
                            "Parallel Aware": false,
                            "Join Type": "Inner",
                            "Startup Cost": 1004.3,
                            "Total Cost": 72614.49,
                            "Plan Rows": 1,
                            "Plan Width": 36,
                            "Actual Startup Time": 140.428,
                            "Actual Total Time": 437.148,
                            "Actual Rows": 6000,
                            "Actual Loops": 1,
                            "Output": [
                                "mi.info_type_id",
                                "n.name",
                                "t.title"
                            ],
                            "Inner Unique": false,
                            "Join Filter": "(t.id = mi.movie_id)",
                            "Rows Removed by Join Filter": 0,
                            "Plans": [
                                {
                                    "Node Type": "Nested Loop",
                                    "Parent Relationship": "Outer",
                                    "Parallel Aware": false,
                                    "Join Type": "Inner",
                                    "Startup Cost": 1003.86,
                                    "Total Cost": 72612.83,
                                    "Plan Rows": 1,
                                    "Plan Width": 44,
                                    "Actual Startup Time": 140.32,
                                    "Actual Total Time": 313.879,
                                    "Actual Rows": 5457,
                                    "Actual Loops": 1,
                                    "Output": [
                                        "ci.movie_id",
                                        "mc.movie_id",
                                        "n.name",
                                        "t.title",
                                        "t.id"
                                    ],
                                    "Inner Unique": true,
                                    "Plans": [
                                        {
                                            "Node Type": "Nested Loop",
                                            "Parent Relationship": "Outer",
                                            "Parallel Aware": false,
                                            "Join Type": "Inner",
                                            "Startup Cost": 1003.44,
                                            "Total Cost": 72612.34,
                                            "Plan Rows": 1,
                                            "Plan Width": 48,
                                            "Actual Startup Time": 140.279,
                                            "Actual Total Time": 302.117,
                                            "Actual Rows": 5457,
                                            "Actual Loops": 1,
                                            "Output": [
                                                "ci.movie_id",
                                                "mc.movie_id",
                                                "mc.company_id",
                                                "n.name",
                                                "t.title",
                                                "t.id"
                                            ],
                                            "Inner Unique": true,
                                            "Plans": [
                                                {
                                                    "Node Type": "Gather",
                                                    "Parent Relationship": "Outer",
                                                    "Parallel Aware": false,
                                                    "Startup Cost": 1003.01,
                                                    "Total Cost": 72611.83,
                                                    "Plan Rows": 1,
                                                    "Plan Width": 52,
                                                    "Actual Startup Time": 140.182,
                                                    "Actual Total Time": 287.149,
                                                    "Actual Rows": 5457,
                                                    "Actual Loops": 1,
                                                    "Output": [
                                                        "ci.movie_id",
                                                        "ci.person_role_id",
                                                        "mc.movie_id",
                                                        "mc.company_id",
                                                        "n.name",
                                                        "t.title",
                                                        "t.id"
                                                    ],
                                                    "Workers Planned": 4,
                                                    "Workers Launched": 4,
                                                    "Single Copy": false,
                                                    "Plans": [
                                                        {
                                                            "Node Type": "Nested Loop",
                                                            "Parent Relationship": "Outer",
                                                            "Parallel Aware": false,
                                                            "Join Type": "Inner",
                                                            "Startup Cost": 3.01,
                                                            "Total Cost": 71611.73,
                                                            "Plan Rows": 1,
                                                            "Plan Width": 52,
                                                            "Actual Startup Time": 204.039,
                                                            "Actual Total Time": 258.322,
                                                            "Actual Rows": 1091,
                                                            "Actual Loops": 5,
                                                            "Output": [
                                                                "ci.movie_id",
                                                                "ci.person_role_id",
                                                                "mc.movie_id",
                                                                "mc.company_id",
                                                                "n.name",
                                                                "t.title",
                                                                "t.id"
                                                            ],
                                                            "Inner Unique": false,
                                                            "Join Filter": "(t.id = mc.movie_id)",
                                                            "Rows Removed by Join Filter": 0,
                                                            "Workers": [
                                                                {
                                                                    "Worker Number": 0,
                                                                    "Actual Startup Time": 126.254,
                                                                    "Actual Total Time": 252.048,
                                                                    "Actual Rows": 1,
                                                                    "Actual Loops": 1
                                                                },
                                                                {
                                                                    "Worker Number": 1,
                                                                    "Actual Startup Time": 252.178,
                                                                    "Actual Total Time": 252.188,
                                                                    "Actual Rows": 0,
                                                                    "Actual Loops": 1
                                                                },
                                                                {
                                                                    "Worker Number": 2,
                                                                    "Actual Startup Time": 251.375,
                                                                    "Actual Total Time": 251.381,
                                                                    "Actual Rows": 0,
                                                                    "Actual Loops": 1
                                                                },
                                                                {
                                                                    "Worker Number": 3,
                                                                    "Actual Startup Time": 252.18,
                                                                    "Actual Total Time": 252.186,
                                                                    "Actual Rows": 0,
                                                                    "Actual Loops": 1
                                                                }
                                                            ],
                                                            "Plans": [
                                                                {
                                                                    "Node Type": "Nested Loop",
                                                                    "Parent Relationship": "Outer",
                                                                    "Parallel Aware": false,
                                                                    "Join Type": "Inner",
                                                                    "Startup Cost": 2.58,
                                                                    "Total Cost": 71611.14,
                                                                    "Plan Rows": 1,
                                                                    "Plan Width": 44,
                                                                    "Actual Startup Time": 178.83,
                                                                    "Actual Total Time": 251.764,
                                                                    "Actual Rows": 1761,
                                                                    "Actual Loops": 5,
                                                                    "Output": [
                                                                        "ci.movie_id",
                                                                        "ci.person_role_id",
                                                                        "n.name",
                                                                        "t.title",
                                                                        "t.id"
                                                                    ],
                                                                    "Inner Unique": true,
                                                                    "Workers": [
                                                                        {
                                                                            "Worker Number": 0,
                                                                            "Actual Startup Time": 126.141,
                                                                            "Actual Total Time": 251.864,
                                                                            "Actual Rows": 2,
                                                                            "Actual Loops": 1
                                                                        },
                                                                        {
                                                                            "Worker Number": 1,
                                                                            "Actual Startup Time": 126.327,
                                                                            "Actual Total Time": 252.103,
                                                                            "Actual Rows": 1,
                                                                            "Actual Loops": 1
                                                                        },
                                                                        {
                                                                            "Worker Number": 2,
                                                                            "Actual Startup Time": 251.374,
                                                                            "Actual Total Time": 251.38,
                                                                            "Actual Rows": 0,
                                                                            "Actual Loops": 1
                                                                        },
                                                                        {
                                                                            "Worker Number": 3,
                                                                            "Actual Startup Time": 252.178,
                                                                            "Actual Total Time": 252.183,
                                                                            "Actual Rows": 0,
                                                                            "Actual Loops": 1
                                                                        }
                                                                    ],
                                                                    "Plans": [
                                                                        {
                                                                            "Node Type": "Hash Join",
                                                                            "Parent Relationship": "Outer",
                                                                            "Parallel Aware": false,
                                                                            "Join Type": "Inner",
                                                                            "Startup Cost": 2.15,
                                                                            "Total Cost": 71609.09,
                                                                            "Plan Rows": 4,
                                                                            "Plan Width": 23,
                                                                            "Actual Startup Time": 178.727,
                                                                            "Actual Total Time": 234.424,
                                                                            "Actual Rows": 6356,
                                                                            "Actual Loops": 5,
                                                                            "Output": [
                                                                                "ci.movie_id",
                                                                                "ci.person_role_id",
                                                                                "n.name"
                                                                            ],
                                                                            "Inner Unique": true,
                                                                            "Hash Cond": "(ci.role_id = rt.id)",
                                                                            "Workers": [
                                                                                {
                                                                                    "Worker Number": 0,
                                                                                    "Actual Startup Time": 126.03,
                                                                                    "Actual Total Time": 251.675,
                                                                                    "Actual Rows": 2,
                                                                                    "Actual Loops": 1
                                                                                },
                                                                                {
                                                                                    "Worker Number": 1,
                                                                                    "Actual Startup Time": 126.204,
                                                                                    "Actual Total Time": 251.904,
                                                                                    "Actual Rows": 2,
                                                                                    "Actual Loops": 1
                                                                                },
                                                                                {
                                                                                    "Worker Number": 2,
                                                                                    "Actual Startup Time": 251.373,
                                                                                    "Actual Total Time": 251.378,
                                                                                    "Actual Rows": 0,
                                                                                    "Actual Loops": 1
                                                                                },
                                                                                {
                                                                                    "Worker Number": 3,
                                                                                    "Actual Startup Time": 252.178,
                                                                                    "Actual Total Time": 252.182,
                                                                                    "Actual Rows": 0,
                                                                                    "Actual Loops": 1
                                                                                }
                                                                            ],
                                                                            "Plans": [
                                                                                {
                                                                                    "Node Type": "Nested Loop",
                                                                                    "Parent Relationship": "Outer",
                                                                                    "Parallel Aware": false,
                                                                                    "Join Type": "Inner",
                                                                                    "Startup Cost": 0.99,
                                                                                    "Total Cost": 71607.78,
                                                                                    "Plan Rows": 42,
                                                                                    "Plan Width": 27,
                                                                                    "Actual Startup Time": 178.568,
                                                                                    "Actual Total Time": 232.726,
                                                                                    "Actual Rows": 6356,
                                                                                    "Actual Loops": 5,
                                                                                    "Output": [
                                                                                        "ci.movie_id",
                                                                                        "ci.role_id",
                                                                                        "ci.person_role_id",
                                                                                        "n.name"
                                                                                    ],
                                                                                    "Inner Unique": false,
                                                                                    "Join Filter": "(n.id = ci.person_id)",
                                                                                    "Rows Removed by Join Filter": 0,
                                                                                    "Workers": [
                                                                                        {
                                                                                            "Worker Number": 0,
                                                                                            "Actual Startup Time": 125.704,
                                                                                            "Actual Total Time": 251.34,
                                                                                            "Actual Rows": 2,
                                                                                            "Actual Loops": 1
                                                                                        },
                                                                                        {
                                                                                            "Worker Number": 1,
                                                                                            "Actual Startup Time": 125.877,
                                                                                            "Actual Total Time": 251.569,
                                                                                            "Actual Rows": 2,
                                                                                            "Actual Loops": 1
                                                                                        },
                                                                                        {
                                                                                            "Worker Number": 2,
                                                                                            "Actual Startup Time": 251.371,
                                                                                            "Actual Total Time": 251.374,
                                                                                            "Actual Rows": 0,
                                                                                            "Actual Loops": 1
                                                                                        },
                                                                                        {
                                                                                            "Worker Number": 3,
                                                                                            "Actual Startup Time": 252.175,
                                                                                            "Actual Total Time": 252.178,
                                                                                            "Actual Rows": 0,
                                                                                            "Actual Loops": 1
                                                                                        }
                                                                                    ],
                                                                                    "Plans": [
                                                                                        {
                                                                                            "Node Type": "Nested Loop",
                                                                                            "Parent Relationship": "Outer",
                                                                                            "Parallel Aware": false,
                                                                                            "Join Type": "Inner",
                                                                                            "Startup Cost": 0.42,
                                                                                            "Total Cost": 71538.77,
                                                                                            "Plan Rows": 5,
                                                                                            "Plan Width": 23,
                                                                                            "Actual Startup Time": 127.233,
                                                                                            "Actual Total Time": 228.6,
                                                                                            "Actual Rows": 6,
                                                                                            "Actual Loops": 5,
                                                                                            "Output": [
                                                                                                "an.person_id",
                                                                                                "n.name",
                                                                                                "n.id"
                                                                                            ],
                                                                                            "Inner Unique": false,
                                                                                            "Workers": [
                                                                                                {
                                                                                                    "Worker Number": 0,
                                                                                                    "Actual Startup Time": 125.349,
                                                                                                    "Actual Total Time": 251.05,
                                                                                                    "Actual Rows": 2,
                                                                                                    "Actual Loops": 1
                                                                                                },
                                                                                                {
                                                                                                    "Worker Number": 1,
                                                                                                    "Actual Startup Time": 125.587,
                                                                                                    "Actual Total Time": 251.343,
                                                                                                    "Actual Rows": 2,
                                                                                                    "Actual Loops": 1
                                                                                                },
                                                                                                {
                                                                                                    "Worker Number": 2,
                                                                                                    "Actual Startup Time": 124.703,
                                                                                                    "Actual Total Time": 251.168,
                                                                                                    "Actual Rows": 4,
                                                                                                    "Actual Loops": 1
                                                                                                },
                                                                                                {
                                                                                                    "Worker Number": 3,
                                                                                                    "Actual Startup Time": 122.935,
                                                                                                    "Actual Total Time": 251.755,
                                                                                                    "Actual Rows": 6,
                                                                                                    "Actual Loops": 1
                                                                                                }
                                                                                            ],
                                                                                            "Plans": [
                                                                                                {
                                                                                                    "Node Type": "Seq Scan",
                                                                                                    "Parent Relationship": "Outer",
                                                                                                    "Parallel Aware": true,
                                                                                                    "Relation Name": "name",
                                                                                                    "Schema": "public",
                                                                                                    "Alias": "n",
                                                                                                    "Startup Cost": 0.0,
                                                                                                    "Total Cost": 71241.41,
                                                                                                    "Plan Rows": 24,
                                                                                                    "Plan Width": 19,
                                                                                                    "Actual Startup Time": 127.028,
                                                                                                    "Actual Total Time": 228.377,
                                                                                                    "Actual Rows": 13,
                                                                                                    "Actual Loops": 5,
                                                                                                    "Output": [
                                                                                                        "n.id",
                                                                                                        "n.name",
                                                                                                        "n.imdb_index",
                                                                                                        "n.imdb_id",
                                                                                                        "n.gender",
                                                                                                        "n.name_pcode_cf",
                                                                                                        "n.name_pcode_nf",
                                                                                                        "n.surname_pcode",
                                                                                                        "n.md5sum"
                                                                                                    ],
                                                                                                    "Filter": "((n.name ~~ '%Cartwright,%'::text) AND ((n.gender)::text = 'f'::text))",
                                                                                                    "Rows Removed by Filter": 833486,
                                                                                                    "Workers": [
                                                                                                        {
                                                                                                            "Worker Number": 0,
                                                                                                            "Actual Startup Time": 125.166,
                                                                                                            "Actual Total Time": 250.827,
                                                                                                            "Actual Rows": 4,
                                                                                                            "Actual Loops": 1
                                                                                                        },
                                                                                                        {
                                                                                                            "Worker Number": 1,
                                                                                                            "Actual Startup Time": 125.304,
                                                                                                            "Actual Total Time": 251.16,
                                                                                                            "Actual Rows": 15,
                                                                                                            "Actual Loops": 1
                                                                                                        },
                                                                                                        {
                                                                                                            "Worker Number": 2,
                                                                                                            "Actual Startup Time": 124.489,
                                                                                                            "Actual Total Time": 250.984,
                                                                                                            "Actual Rows": 21,
                                                                                                            "Actual Loops": 1
                                                                                                        },
                                                                                                        {
                                                                                                            "Worker Number": 3,
                                                                                                            "Actual Startup Time": 122.709,
                                                                                                            "Actual Total Time": 251.415,
                                                                                                            "Actual Rows": 20,
                                                                                                            "Actual Loops": 1
                                                                                                        }
                                                                                                    ]
                                                                                                },
                                                                                                {
                                                                                                    "Node Type": "Index Only Scan",
                                                                                                    "Parent Relationship": "Inner",
                                                                                                    "Parallel Aware": false,
                                                                                                    "Scan Direction": "Forward",
                                                                                                    "Index Name": "person_id_aka_name",
                                                                                                    "Relation Name": "aka_name",
                                                                                                    "Schema": "public",
                                                                                                    "Alias": "an",
                                                                                                    "Startup Cost": 0.42,
                                                                                                    "Total Cost": 12.37,
                                                                                                    "Plan Rows": 2,
                                                                                                    "Plan Width": 4,
                                                                                                    "Actual Startup Time": 0.015,
                                                                                                    "Actual Total Time": 0.016,
                                                                                                    "Actual Rows": 0,
                                                                                                    "Actual Loops": 63,
                                                                                                    "Output": [
                                                                                                        "an.person_id"
                                                                                                    ],
                                                                                                    "Index Cond": "(an.person_id = n.id)",
                                                                                                    "Rows Removed by Index Recheck": 0,
                                                                                                    "Heap Fetches": 30,
                                                                                                    "Workers": [
                                                                                                        {
                                                                                                            "Worker Number": 0,
                                                                                                            "Actual Startup Time": 0.052,
                                                                                                            "Actual Total Time": 0.052,
                                                                                                            "Actual Rows": 0,
                                                                                                            "Actual Loops": 4
                                                                                                        },
                                                                                                        {
                                                                                                            "Worker Number": 1,
                                                                                                            "Actual Startup Time": 0.011,
                                                                                                            "Actual Total Time": 0.011,
                                                                                                            "Actual Rows": 0,
                                                                                                            "Actual Loops": 15
                                                                                                        },
                                                                                                        {
                                                                                                            "Worker Number": 2,
                                                                                                            "Actual Startup Time": 0.007,
                                                                                                            "Actual Total Time": 0.008,
                                                                                                            "Actual Rows": 0,
                                                                                                            "Actual Loops": 21
                                                                                                        },
                                                                                                        {
                                                                                                            "Worker Number": 3,
                                                                                                            "Actual Startup Time": 0.014,
                                                                                                            "Actual Total Time": 0.016,
                                                                                                            "Actual Rows": 0,
                                                                                                            "Actual Loops": 20
                                                                                                        }
                                                                                                    ]
                                                                                                }
                                                                                            ]
                                                                                        },
                                                                                        {
                                                                                            "Node Type": "Index Scan",
                                                                                            "Parent Relationship": "Inner",
                                                                                            "Parallel Aware": false,
                                                                                            "Scan Direction": "Forward",
                                                                                            "Index Name": "person_id_cast_info",
                                                                                            "Relation Name": "cast_info",
                                                                                            "Schema": "public",
                                                                                            "Alias": "ci",
                                                                                            "Startup Cost": 0.56,
                                                                                            "Total Cost": 13.29,
                                                                                            "Plan Rows": 41,
                                                                                            "Plan Width": 16,
                                                                                            "Actual Startup Time": 0.046,
                                                                                            "Actual Total Time": 0.491,
                                                                                            "Actual Rows": 1059,
                                                                                            "Actual Loops": 30,
                                                                                            "Output": [
                                                                                                "ci.id",
                                                                                                "ci.person_id",
                                                                                                "ci.movie_id",
                                                                                                "ci.person_role_id",
                                                                                                "ci.note",
                                                                                                "ci.nr_order",
                                                                                                "ci.role_id"
                                                                                            ],
                                                                                            "Index Cond": "(ci.person_id = an.person_id)",
                                                                                            "Rows Removed by Index Recheck": 0,
                                                                                            "Filter": "(ci.note = ANY ('{\"(executive producer)\",(writer),(voice),(voice)}'::text[]))",
                                                                                            "Rows Removed by Filter": 124,
                                                                                            "Workers": [
                                                                                                {
                                                                                                    "Worker Number": 0,
                                                                                                    "Actual Startup Time": 0.105,
                                                                                                    "Actual Total Time": 0.14,
                                                                                                    "Actual Rows": 1,
                                                                                                    "Actual Loops": 2
                                                                                                },
                                                                                                {
                                                                                                    "Worker Number": 1,
                                                                                                    "Actual Startup Time": 0.102,
                                                                                                    "Actual Total Time": 0.109,
                                                                                                    "Actual Rows": 1,
                                                                                                    "Actual Loops": 2
                                                                                                },
                                                                                                {
                                                                                                    "Worker Number": 2,
                                                                                                    "Actual Startup Time": 0.05,
                                                                                                    "Actual Total Time": 0.05,
                                                                                                    "Actual Rows": 0,
                                                                                                    "Actual Loops": 4
                                                                                                },
                                                                                                {
                                                                                                    "Worker Number": 3,
                                                                                                    "Actual Startup Time": 0.069,
                                                                                                    "Actual Total Time": 0.069,
                                                                                                    "Actual Rows": 0,
                                                                                                    "Actual Loops": 6
                                                                                                }
                                                                                            ]
                                                                                        }
                                                                                    ]
                                                                                },
                                                                                {
                                                                                    "Node Type": "Hash",
                                                                                    "Parent Relationship": "Inner",
                                                                                    "Parallel Aware": false,
                                                                                    "Startup Cost": 1.15,
                                                                                    "Total Cost": 1.15,
                                                                                    "Plan Rows": 1,
                                                                                    "Plan Width": 4,
                                                                                    "Actual Startup Time": 0.063,
                                                                                    "Actual Total Time": 0.066,
                                                                                    "Actual Rows": 1,
                                                                                    "Actual Loops": 3,
                                                                                    "Output": [
                                                                                        "rt.id"
                                                                                    ],
                                                                                    "Hash Buckets": 1024,
                                                                                    "Original Hash Buckets": 1024,
                                                                                    "Hash Batches": 1,
                                                                                    "Original Hash Batches": 1,
                                                                                    "Peak Memory Usage": 9,
                                                                                    "Workers": [
                                                                                        {
                                                                                            "Worker Number": 0,
                                                                                            "Actual Startup Time": 0.078,
                                                                                            "Actual Total Time": 0.08,
                                                                                            "Actual Rows": 1,
                                                                                            "Actual Loops": 1
                                                                                        },
                                                                                        {
                                                                                            "Worker Number": 1,
                                                                                            "Actual Startup Time": 0.071,
                                                                                            "Actual Total Time": 0.075,
                                                                                            "Actual Rows": 1,
                                                                                            "Actual Loops": 1
                                                                                        }
                                                                                    ],
                                                                                    "Plans": [
                                                                                        {
                                                                                            "Node Type": "Seq Scan",
                                                                                            "Parent Relationship": "Outer",
                                                                                            "Parallel Aware": false,
                                                                                            "Relation Name": "role_type",
                                                                                            "Schema": "public",
                                                                                            "Alias": "rt",
                                                                                            "Startup Cost": 0.0,
                                                                                            "Total Cost": 1.15,
                                                                                            "Plan Rows": 1,
                                                                                            "Plan Width": 4,
                                                                                            "Actual Startup Time": 0.042,
                                                                                            "Actual Total Time": 0.045,
                                                                                            "Actual Rows": 1,
                                                                                            "Actual Loops": 3,
                                                                                            "Output": [
                                                                                                "rt.id"
                                                                                            ],
                                                                                            "Filter": "((rt.role)::text = 'actress'::text)",
                                                                                            "Rows Removed by Filter": 11,
                                                                                            "Workers": [
                                                                                                {
                                                                                                    "Worker Number": 0,
                                                                                                    "Actual Startup Time": 0.056,
                                                                                                    "Actual Total Time": 0.059,
                                                                                                    "Actual Rows": 1,
                                                                                                    "Actual Loops": 1
                                                                                                },
                                                                                                {
                                                                                                    "Worker Number": 1,
                                                                                                    "Actual Startup Time": 0.052,
                                                                                                    "Actual Total Time": 0.058,
                                                                                                    "Actual Rows": 1,
                                                                                                    "Actual Loops": 1
                                                                                                }
                                                                                            ]
                                                                                        }
                                                                                    ]
                                                                                }
                                                                            ]
                                                                        },
                                                                        {
                                                                            "Node Type": "Index Scan",
                                                                            "Parent Relationship": "Inner",
                                                                            "Parallel Aware": false,
                                                                            "Scan Direction": "Forward",
                                                                            "Index Name": "title_pkey",
                                                                            "Relation Name": "title",
                                                                            "Schema": "public",
                                                                            "Alias": "t",
                                                                            "Startup Cost": 0.43,
                                                                            "Total Cost": 0.51,
                                                                            "Plan Rows": 1,
                                                                            "Plan Width": 21,
                                                                            "Actual Startup Time": 0.002,
                                                                            "Actual Total Time": 0.002,
                                                                            "Actual Rows": 0,
                                                                            "Actual Loops": 31780,
                                                                            "Output": [
                                                                                "t.id",
                                                                                "t.title",
                                                                                "t.imdb_index",
                                                                                "t.kind_id",
                                                                                "t.production_year",
                                                                                "t.imdb_id",
                                                                                "t.phonetic_code",
                                                                                "t.episode_of_id",
                                                                                "t.season_nr",
                                                                                "t.episode_nr",
                                                                                "t.series_years",
                                                                                "t.md5sum"
                                                                            ],
                                                                            "Index Cond": "(t.id = ci.movie_id)",
                                                                            "Rows Removed by Index Recheck": 0,
                                                                            "Filter": "((t.production_year >= 2005) AND (t.production_year <= 2010))",
                                                                            "Rows Removed by Filter": 1,
                                                                            "Workers": [
                                                                                {
                                                                                    "Worker Number": 0,
                                                                                    "Actual Startup Time": 0.09,
                                                                                    "Actual Total Time": 0.09,
                                                                                    "Actual Rows": 1,
                                                                                    "Actual Loops": 2
                                                                                },
                                                                                {
                                                                                    "Worker Number": 1,
                                                                                    "Actual Startup Time": 0.096,
                                                                                    "Actual Total Time": 0.096,
                                                                                    "Actual Rows": 0,
                                                                                    "Actual Loops": 2
                                                                                }
                                                                            ]
                                                                        }
                                                                    ]
                                                                },
                                                                {
                                                                    "Node Type": "Index Scan",
                                                                    "Parent Relationship": "Inner",
                                                                    "Parallel Aware": false,
                                                                    "Scan Direction": "Forward",
                                                                    "Index Name": "movie_id_movie_companies",
                                                                    "Relation Name": "movie_companies",
                                                                    "Schema": "public",
                                                                    "Alias": "mc",
                                                                    "Startup Cost": 0.43,
                                                                    "Total Cost": 0.58,
                                                                    "Plan Rows": 1,
                                                                    "Plan Width": 8,
                                                                    "Actual Startup Time": 0.002,
                                                                    "Actual Total Time": 0.003,
                                                                    "Actual Rows": 1,
                                                                    "Actual Loops": 8803,
                                                                    "Output": [
                                                                        "mc.id",
                                                                        "mc.movie_id",
                                                                        "mc.company_id",
                                                                        "mc.company_type_id",
                                                                        "mc.note"
                                                                    ],
                                                                    "Index Cond": "(mc.movie_id = ci.movie_id)",
                                                                    "Rows Removed by Index Recheck": 0,
                                                                    "Filter": "((mc.note IS NOT NULL) AND ((mc.note ~~ '%(USA)%'::text) OR (mc.note ~~ '%(worldwide)%'::text)))",
                                                                    "Rows Removed by Filter": 3,
                                                                    "Workers": [
                                                                        {
                                                                            "Worker Number": 0,
                                                                            "Actual Startup Time": 0.078,
                                                                            "Actual Total Time": 0.089,
                                                                            "Actual Rows": 0,
                                                                            "Actual Loops": 2
                                                                        },
                                                                        {
                                                                            "Worker Number": 1,
                                                                            "Actual Startup Time": 0.081,
                                                                            "Actual Total Time": 0.082,
                                                                            "Actual Rows": 0,
                                                                            "Actual Loops": 1
                                                                        }
                                                                    ]
                                                                }
                                                            ]
                                                        }
                                                    ]
                                                },
                                                {
                                                    "Node Type": "Index Only Scan",
                                                    "Parent Relationship": "Inner",
                                                    "Parallel Aware": false,
                                                    "Scan Direction": "Forward",
                                                    "Index Name": "char_name_pkey",
                                                    "Relation Name": "char_name",
                                                    "Schema": "public",
                                                    "Alias": "chn",
                                                    "Startup Cost": 0.43,
                                                    "Total Cost": 0.51,
                                                    "Plan Rows": 1,
                                                    "Plan Width": 4,
                                                    "Actual Startup Time": 0.002,
                                                    "Actual Total Time": 0.002,
                                                    "Actual Rows": 1,
                                                    "Actual Loops": 5457,
                                                    "Output": [
                                                        "chn.id"
                                                    ],
                                                    "Index Cond": "(chn.id = ci.person_role_id)",
                                                    "Rows Removed by Index Recheck": 0,
                                                    "Heap Fetches": 5457
                                                }
                                            ]
                                        },
                                        {
                                            "Node Type": "Index Scan",
                                            "Parent Relationship": "Inner",
                                            "Parallel Aware": false,
                                            "Scan Direction": "Forward",
                                            "Index Name": "company_name_pkey",
                                            "Relation Name": "company_name",
                                            "Schema": "public",
                                            "Alias": "cn",
                                            "Startup Cost": 0.42,
                                            "Total Cost": 0.49,
                                            "Plan Rows": 1,
                                            "Plan Width": 4,
                                            "Actual Startup Time": 0.002,
                                            "Actual Total Time": 0.002,
                                            "Actual Rows": 1,
                                            "Actual Loops": 5457,
                                            "Output": [
                                                "cn.id",
                                                "cn.name",
                                                "cn.country_code",
                                                "cn.imdb_id",
                                                "cn.name_pcode_nf",
                                                "cn.name_pcode_sf",
                                                "cn.md5sum"
                                            ],
                                            "Index Cond": "(cn.id = mc.company_id)",
                                            "Rows Removed by Index Recheck": 0,
                                            "Filter": "((cn.country_code)::text = '[us]'::text)",
                                            "Rows Removed by Filter": 0
                                        }
                                    ]
                                },
                                {
                                    "Node Type": "Index Scan",
                                    "Parent Relationship": "Inner",
                                    "Parallel Aware": false,
                                    "Scan Direction": "Forward",
                                    "Index Name": "movie_id_movie_info",
                                    "Relation Name": "movie_info",
                                    "Schema": "public",
                                    "Alias": "mi",
                                    "Startup Cost": 0.43,
                                    "Total Cost": 1.64,
                                    "Plan Rows": 1,
                                    "Plan Width": 8,
                                    "Actual Startup Time": 0.007,
                                    "Actual Total Time": 0.022,
                                    "Actual Rows": 1,
                                    "Actual Loops": 5457,
                                    "Output": [
                                        "mi.id",
                                        "mi.movie_id",
                                        "mi.info_type_id",
                                        "mi.info",
                                        "mi.note"
                                    ],
                                    "Index Cond": "(mi.movie_id = ci.movie_id)",
                                    "Rows Removed by Index Recheck": 0,
                                    "Filter": "((mi.info IS NOT NULL) AND ((mi.info ~~ 'Japan:%200%'::text) OR (mi.info ~~ 'USA:%200%'::text)))",
                                    "Rows Removed by Filter": 64
                                }
                            ]
                        },
                        {
                            "Node Type": "Index Scan",
                            "Parent Relationship": "Inner",
                            "Parallel Aware": false,
                            "Scan Direction": "Forward",
                            "Index Name": "info_type_pkey",
                            "Relation Name": "info_type",
                            "Schema": "public",
                            "Alias": "it",
                            "Startup Cost": 0.14,
                            "Total Cost": 0.16,
                            "Plan Rows": 1,
                            "Plan Width": 4,
                            "Actual Startup Time": 0.001,
                            "Actual Total Time": 0.001,
                            "Actual Rows": 1,
                            "Actual Loops": 6000,
                            "Output": [
                                "it.id",
                                "it.info"
                            ],
                            "Index Cond": "(it.id = mi.info_type_id)",
                            "Rows Removed by Index Recheck": 0,
                            "Filter": "((it.info)::text = 'release dates'::text)",
                            "Rows Removed by Filter": 0
                        }
                    ]
                }
            ]
        },
        "Planning Time": 1316.109,
        "Triggers": [],
        "Execution Time": 448.029
    }
]