[
  {
    "Plan": {
      "Node Type": "Aggregate",
      "Strategy": "Plain",
      "Partial Mode": "Finalize",
      "Parallel Aware": false,
      "Startup Cost": 76566.34,
      "Total Cost": 76566.35,
      "Plan Rows": 1,
      "Plan Width": 8,
      "Actual Startup Time": 309.613,
      "Actual Total Time": 332.403,
      "Actual Rows": 1,
      "Actual Loops": 1,
      "Plans": [
        {
          "Node Type": "Gather",
          "Parent Relationship": "Outer",
          "Parallel Aware": false,
          "Startup Cost": 76566.02,
          "Total Cost": 76566.33,
          "Plan Rows": 3,
          "Plan Width": 8,
          "Actual Startup Time": 308.096,
          "Actual Total Time": 332.39,
          "Actual Rows": 4,
          "Actual Loops": 1,
          "Workers Planned": 3,
          "Workers Launched": 3,
          "Single Copy": false,
          "Plans": [
            {
              "Node Type": "Aggregate",
              "Strategy": "Plain",
              "Partial Mode": "Partial",
              "Parent Relationship": "Outer",
              "Parallel Aware": false,
              "Startup Cost": 75566.02,
              "Total Cost": 75566.03,
              "Plan Rows": 1,
              "Plan Width": 8,
              "Actual Startup Time": 303.695,
              "Actual Total Time": 303.698,
              "Actual Rows": 1,
              "Actual Loops": 4,
              "Plans": [
                {
                  "Node Type": "Hash Join",
                  "Parent Relationship": "Outer",
                  "Parallel Aware": true,
                  "Join Type": "Inner",
                  "Startup Cost": 44579.02,
                  "Total Cost": 75439.08,
                  "Plan Rows": 50775,
                  "Plan Width": 0,
                  "Actual Startup Time": 128.653,
                  "Actual Total Time": 298.528,
                  "Actual Rows": 90698,
                  "Actual Loops": 4,
                  "Inner Unique": true,
                  "Hash Cond": "(mc.movie_id = t.id)",
                  "Plans": [
                    {
                      "Node Type": "Seq Scan",
                      "Parent Relationship": "Outer",
                      "Parallel Aware": true,
                      "Relation Name": "movie_companies",
                      "Alias": "mc",
                      "Startup Cost": 0.0,
                      "Total Cost": 29310.68,
                      "Plan Rows": 590239,
                      "Plan Width": 4,
                      "Actual Startup Time": 0.011,
                      "Actual Total Time": 87.771,
                      "Actual Rows": 459577,
                      "Actual Loops": 4,
                      "Filter": "(company_id < 33886)",
                      "Rows Removed by Filter": 192706
                    },
                    {
                      "Node Type": "Hash",
                      "Parent Relationship": "Inner",
                      "Parallel Aware": true,
                      "Startup Cost": 43899.32,
                      "Total Cost": 43899.32,
                      "Plan Rows": 54376,
                      "Plan Width": 4,
                      "Actual Startup Time": 126.374,
                      "Actual Total Time": 126.375,
                      "Actual Rows": 57721,
                      "Actual Loops": 4,
                      "Hash Buckets": 262144,
                      "Original Hash Buckets": 262144,
                      "Hash Batches": 1,
                      "Original Hash Batches": 1,
                      "Peak Memory Usage": 11168,
                      "Plans": [
                        {
                          "Node Type": "Seq Scan",
                          "Parent Relationship": "Outer",
                          "Parallel Aware": true,
                          "Relation Name": "title",
                          "Alias": "t",
                          "Startup Cost": 0.0,
                          "Total Cost": 43899.32,
                          "Plan Rows": 54376,
                          "Plan Width": 4,
                          "Actual Startup Time": 0.035,
                          "Actual Total Time": 105.119,
                          "Actual Rows": 57721,
                          "Actual Loops": 4,
                          "Filter": "(production_year < 1959)",
                          "Rows Removed by Filter": 574357
                        }
                      ]
                    }
                  ]
                }
              ]
            }
          ]
        }
      ]
    },
    "Planning Time": 0.274,
    "Triggers": [],
    "Execution Time": 332.441
  }
]