[
  {
    "Plan": {
      "Node Type": "Aggregate",
      "Strategy": "Plain",
      "Partial Mode": "Finalize",
      "Parallel Aware": false,
      "Startup Cost": 343151.39,
      "Total Cost": 343151.4,
      "Plan Rows": 1,
      "Plan Width": 8,
      "Actual Startup Time": 971.834,
      "Actual Total Time": 1020.238,
      "Actual Rows": 1,
      "Actual Loops": 1,
      "Plans": [
        {
          "Node Type": "Gather",
          "Parent Relationship": "Outer",
          "Parallel Aware": false,
          "Startup Cost": 343150.76,
          "Total Cost": 343151.37,
          "Plan Rows": 6,
          "Plan Width": 8,
          "Actual Startup Time": 971.616,
          "Actual Total Time": 1020.222,
          "Actual Rows": 7,
          "Actual Loops": 1,
          "Workers Planned": 6,
          "Workers Launched": 6,
          "Single Copy": false,
          "Plans": [
            {
              "Node Type": "Aggregate",
              "Strategy": "Plain",
              "Partial Mode": "Partial",
              "Parent Relationship": "Outer",
              "Parallel Aware": false,
              "Startup Cost": 342150.76,
              "Total Cost": 342150.77,
              "Plan Rows": 1,
              "Plan Width": 8,
              "Actual Startup Time": 963.689,
              "Actual Total Time": 963.691,
              "Actual Rows": 1,
              "Actual Loops": 7,
              "Plans": [
                {
                  "Node Type": "Seq Scan",
                  "Parent Relationship": "Outer",
                  "Parallel Aware": true,
                  "Relation Name": "cast_info",
                  "Alias": "ci",
                  "Startup Cost": 0.0,
                  "Total Cost": 328211.39,
                  "Plan Rows": 5575749,
                  "Plan Width": 0,
                  "Actual Startup Time": 0.048,
                  "Actual Total Time": 705.571,
                  "Actual Rows": 4792588,
                  "Actual Loops": 7,
                  "Filter": "(person_id < 3544362)",
                  "Rows Removed by Filter": 385175
                }
              ]
            }
          ]
        }
      ]
    },
    "Planning Time": 0.214,
    "Triggers": [],
    "Execution Time": 1020.312
  }
]