[
  {
    "Plan": {
      "Node Type": "Aggregate",
      "Strategy": "Plain",
      "Partial Mode": "Finalize",
      "Parallel Aware": false,
      "Startup Cost": 46276.9,
      "Total Cost": 46276.91,
      "Plan Rows": 1,
      "Plan Width": 8,
      "Actual Startup Time": 185.358,
      "Actual Total Time": 197.582,
      "Actual Rows": 1,
      "Actual Loops": 1,
      "Plans": [
        {
          "Node Type": "Gather",
          "Parent Relationship": "Outer",
          "Parallel Aware": false,
          "Startup Cost": 46276.58,
          "Total Cost": 46276.89,
          "Plan Rows": 3,
          "Plan Width": 8,
          "Actual Startup Time": 185.21,
          "Actual Total Time": 197.571,
          "Actual Rows": 4,
          "Actual Loops": 1,
          "Workers Planned": 3,
          "Workers Launched": 3,
          "Single Copy": false,
          "Plans": [
            {
              "Node Type": "Aggregate",
              "Strategy": "Plain",
              "Partial Mode": "Partial",
              "Parent Relationship": "Outer",
              "Parallel Aware": false,
              "Startup Cost": 45276.58,
              "Total Cost": 45276.59,
              "Plan Rows": 1,
              "Plan Width": 8,
              "Actual Startup Time": 177.559,
              "Actual Total Time": 177.561,
              "Actual Rows": 1,
              "Actual Loops": 4,
              "Plans": [
                {
                  "Node Type": "Seq Scan",
                  "Parent Relationship": "Outer",
                  "Parallel Aware": true,
                  "Relation Name": "movie_keyword",
                  "Alias": "mk",
                  "Startup Cost": 0.0,
                  "Total Cost": 42695.65,
                  "Plan Rows": 1032370,
                  "Plan Width": 0,
                  "Actual Startup Time": 0.058,
                  "Actual Total Time": 135.853,
                  "Actual Rows": 800617,
                  "Actual Loops": 4,
                  "Filter": "(keyword_id < 13106)",
                  "Rows Removed by Filter": 330366
                }
              ]
            }
          ]
        }
      ]
    },
    "Planning Time": 0.188,
    "Triggers": [],
    "Execution Time": 197.635
  }
]