[
  {
    "Plan": {
      "Node Type": "Aggregate",
      "Strategy": "Plain",
      "Partial Mode": "Finalize",
      "Parallel Aware": false,
      "Startup Cost": 51295.4,
      "Total Cost": 51295.41,
      "Plan Rows": 1,
      "Plan Width": 8,
      "Actual Startup Time": 33.242,
      "Actual Total Time": 37.268,
      "Actual Rows": 1,
      "Actual Loops": 1,
      "Plans": [
        {
          "Node Type": "Gather",
          "Parent Relationship": "Outer",
          "Parallel Aware": false,
          "Startup Cost": 51295.08,
          "Total Cost": 51295.39,
          "Plan Rows": 3,
          "Plan Width": 8,
          "Actual Startup Time": 32.635,
          "Actual Total Time": 37.26,
          "Actual Rows": 4,
          "Actual Loops": 1,
          "Workers Planned": 3,
          "Workers Launched": 3,
          "Single Copy": false,
          "Plans": [
            {
              "Node Type": "Aggregate",
              "Strategy": "Plain",
              "Partial Mode": "Partial",
              "Parent Relationship": "Outer",
              "Parallel Aware": false,
              "Startup Cost": 50295.08,
              "Total Cost": 50295.09,
              "Plan Rows": 1,
              "Plan Width": 8,
              "Actual Startup Time": 25.513,
              "Actual Total Time": 25.514,
              "Actual Rows": 1,
              "Actual Loops": 4,
              "Plans": [
                {
                  "Node Type": "Nested Loop",
                  "Parent Relationship": "Outer",
                  "Parallel Aware": false,
                  "Join Type": "Inner",
                  "Startup Cost": 360.92,
                  "Total Cost": 50283.85,
                  "Plan Rows": 4495,
                  "Plan Width": 0,
                  "Actual Startup Time": 0.583,
                  "Actual Total Time": 24.956,
                  "Actual Rows": 4052,
                  "Actual Loops": 4,
                  "Inner Unique": true,
                  "Plans": [
                    {
                      "Node Type": "Bitmap Heap Scan",
                      "Parent Relationship": "Outer",
                      "Parallel Aware": true,
                      "Relation Name": "movie_companies",
                      "Alias": "mc",
                      "Startup Cost": 360.49,
                      "Total Cost": 19426.42,
                      "Plan Rows": 5330,
                      "Plan Width": 4,
                      "Actual Startup Time": 0.415,
                      "Actual Total Time": 1.884,
                      "Actual Rows": 4055,
                      "Actual Loops": 4,
                      "Recheck Cond": "(company_id = 166)",
                      "Rows Removed by Index Recheck": 0,
                      "Exact Heap Blocks": 315,
                      "Lossy Heap Blocks": 0,
                      "Plans": [
                        {
                          "Node Type": "Bitmap Index Scan",
                          "Parent Relationship": "Outer",
                          "Parallel Aware": false,
                          "Index Name": "company_id_movie_companies",
                          "Startup Cost": 0.0,
                          "Total Cost": 356.36,
                          "Plan Rows": 16524,
                          "Plan Width": 0,
                          "Actual Startup Time": 1.291,
                          "Actual Total Time": 1.292,
                          "Actual Rows": 16220,
                          "Actual Loops": 1,
                          "Index Cond": "(company_id = 166)"
                        }
                      ]
                    },
                    {
                      "Node Type": "Index Scan",
                      "Parent Relationship": "Inner",
                      "Parallel Aware": false,
                      "Scan Direction": "Forward",
                      "Index Name": "title_pkey",
                      "Relation Name": "title",
                      "Alias": "t",
                      "Startup Cost": 0.43,
                      "Total Cost": 5.79,
                      "Plan Rows": 1,
                      "Plan Width": 4,
                      "Actual Startup Time": 0.005,
                      "Actual Total Time": 0.005,
                      "Actual Rows": 1,
                      "Actual Loops": 16220,
                      "Index Cond": "(id = mc.movie_id)",
                      "Rows Removed by Index Recheck": 0,
                      "Filter": "(production_year > 1967)",
                      "Rows Removed by Filter": 0
                    }
                  ]
                }
              ]
            }
          ]
        }
      ]
    },
    "Planning Time": 0.428,
    "Triggers": [],
    "Execution Time": 37.313
  }
]