{
  "Plan": {
    "Node Type": "Aggregate",
    "Strategy": "Plain",
    "Partial Mode": "Finalize",
    "Parallel Aware": false,
    "Startup Cost": 330133.72,
    "Total Cost": 330133.73,
    "Plan Rows": 1,
    "Plan Width": 8,
    "Actual Startup Time": 320.411,
    "Actual Total Time": 334.517,
    "Actual Rows": 1,
    "Actual Loops": 1,
    "Plans": [
      {
        "Node Type": "Gather",
        "Parent Relationship": "Outer",
        "Parallel Aware": false,
        "Startup Cost": 330133.61,
        "Total Cost": 330133.72,
        "Plan Rows": 1,
        "Plan Width": 8,
        "Actual Startup Time": 319.517,
        "Actual Total Time": 334.511,
        "Actual Rows": 2,
        "Actual Loops": 1,
        "Workers Planned": 1,
        "Workers Launched": 1,
        "Single Copy": false,
        "Plans": [
          {
            "Node Type": "Aggregate",
            "Strategy": "Plain",
            "Partial Mode": "Partial",
            "Parent Relationship": "Outer",
            "Parallel Aware": false,
            "Startup Cost": 329133.61,
            "Total Cost": 329133.62,
            "Plan Rows": 1,
            "Plan Width": 8,
            "Actual Startup Time": 313.409,
            "Actual Total Time": 313.413,
            "Actual Rows": 1,
            "Actual Loops": 2,
            "Plans": [
              {
                "Node Type": "Hash Join",
                "Parent Relationship": "Outer",
                "Parallel Aware": true,
                "Join Type": "Inner",
                "Startup Cost": 70720.4,
                "Total Cost": 329024.4,
                "Plan Rows": 43681,
                "Plan Width": 0,
                "Actual Startup Time": 222.266,
                "Actual Total Time": 312.905,
                "Actual Rows": 9725,
                "Actual Loops": 2,
                "Inner Unique": true,
                "Hash Cond": "(ci.movie_id = t.id)",
                "Plans": [
                  {
                    "Node Type": "Bitmap Heap Scan",
                    "Parent Relationship": "Outer",
                    "Parallel Aware": true,
                    "Relation Name": "cast_info",
                    "Alias": "ci",
                    "Startup Cost": 13945.4,
                    "Total Cost": 271274.55,
                    "Plan Rows": 371372,
                    "Plan Width": 4,
                    "Actual Startup Time": 23.558,
                    "Actual Total Time": 60.124,
                    "Actual Rows": 297758,
                    "Actual Loops": 2,
                    "Recheck Cond": "(person_id > 3946662)",
                    "Rows Removed by Index Recheck": 0,
                    "Exact Heap Blocks": 4281,
                    "Lossy Heap Blocks": 0,
                    "Plans": [
                      {
                        "Node Type": "Bitmap Index Scan",
                        "Parent Relationship": "Outer",
                        "Parallel Aware": false,
                        "Index Name": "person_id_cast_info",
                        "Startup Cost": 0.0,
                        "Total Cost": 13787.56,
                        "Plan Rows": 631333,
                        "Plan Width": 0,
                        "Actual Startup Time": 22.261,
                        "Actual Total Time": 22.262,
                        "Actual Rows": 595516,
                        "Actual Loops": 1,
                        "Index Cond": "(person_id > 3946662)"
                      }
                    ]
                  },
                  {
                    "Node Type": "Hash",
                    "Parent Relationship": "Inner",
                    "Parallel Aware": true,
                    "Startup Cost": 54588.39,
                    "Total Cost": 54588.39,
                    "Plan Rows": 174929,
                    "Plan Width": 4,
                    "Actual Startup Time": 192.754,
                    "Actual Total Time": 192.755,
                    "Actual Rows": 154767,
                    "Actual Loops": 2,
                    "Hash Buckets": 524288,
                    "Original Hash Buckets": 524288,
                    "Hash Batches": 1,
                    "Original Hash Batches": 1,
                    "Peak Memory Usage": 16256,
                    "Plans": [
                      {
                        "Node Type": "Seq Scan",
                        "Parent Relationship": "Outer",
                        "Parallel Aware": true,
                        "Relation Name": "title",
                        "Alias": "t",
                        "Startup Cost": 0.0,
                        "Total Cost": 54588.39,
                        "Plan Rows": 174929,
                        "Plan Width": 4,
                        "Actual Startup Time": 0.031,
                        "Actual Total Time": 150.989,
                        "Actual Rows": 154767,
                        "Actual Loops": 2,
                        "Filter": "(production_year < 1966)",
                        "Rows Removed by Filter": 1109389
                      }
                    ]
                  }
                ]
              }
            ]
          }
        ]
      }
    ]
  },
  "Planning Time": 0.677,
  "Triggers": [],
  "Execution Time": 334.606
}