[
    {
        "Bao": {
            "Bao prediction": 460.131,
            "Bao recommended hint": "SET enable_mergejoin TO off; SET enable_indexscan TO off; "
        }
    },
    {
        "Plan": {
            "Node Type": "Aggregate",
            "Strategy": "Plain",
            "Partial Mode": "Finalize",
            "Parallel Aware": false,
            "Startup Cost": 346614.49,
            "Total Cost": 346614.5,
            "Plan Rows": 1,
            "Plan Width": 8,
            "Actual Startup Time": 898.454,
            "Actual Total Time": 936.124,
            "Actual Rows": 1,
            "Actual Loops": 1,
            "Output": [
                "count(*)"
            ],
            "Plans": [
                {
                    "Node Type": "Gather",
                    "Parent Relationship": "Outer",
                    "Parallel Aware": false,
                    "Startup Cost": 346613.87,
                    "Total Cost": 346614.48,
                    "Plan Rows": 6,
                    "Plan Width": 8,
                    "Actual Startup Time": 898.36,
                    "Actual Total Time": 936.117,
                    "Actual Rows": 7,
                    "Actual Loops": 1,
                    "Output": [
                        "(PARTIAL count(*))"
                    ],
                    "Workers Planned": 6,
                    "Workers Launched": 6,
                    "Single Copy": false,
                    "Plans": [
                        {
                            "Node Type": "Aggregate",
                            "Strategy": "Plain",
                            "Partial Mode": "Partial",
                            "Parent Relationship": "Outer",
                            "Parallel Aware": false,
                            "Startup Cost": 345613.87,
                            "Total Cost": 345613.88,
                            "Plan Rows": 1,
                            "Plan Width": 8,
                            "Actual Startup Time": 889.033,
                            "Actual Total Time": 889.035,
                            "Actual Rows": 1,
                            "Actual Loops": 7,
                            "Output": [
                                "PARTIAL count(*)"
                            ],
                            "Workers": [
                                {
                                    "Worker Number": 0,
                                    "Actual Startup Time": 886.884,
                                    "Actual Total Time": 886.885,
                                    "Actual Rows": 1,
                                    "Actual Loops": 1
                                },
                                {
                                    "Worker Number": 1,
                                    "Actual Startup Time": 887.118,
                                    "Actual Total Time": 887.12,
                                    "Actual Rows": 1,
                                    "Actual Loops": 1
                                },
                                {
                                    "Worker Number": 2,
                                    "Actual Startup Time": 887.523,
                                    "Actual Total Time": 887.525,
                                    "Actual Rows": 1,
                                    "Actual Loops": 1
                                },
                                {
                                    "Worker Number": 3,
                                    "Actual Startup Time": 887.909,
                                    "Actual Total Time": 887.91,
                                    "Actual Rows": 1,
                                    "Actual Loops": 1
                                },
                                {
                                    "Worker Number": 4,
                                    "Actual Startup Time": 887.978,
                                    "Actual Total Time": 887.979,
                                    "Actual Rows": 1,
                                    "Actual Loops": 1
                                },
                                {
                                    "Worker Number": 5,
                                    "Actual Startup Time": 888.308,
                                    "Actual Total Time": 888.309,
                                    "Actual Rows": 1,
                                    "Actual Loops": 1
                                }
                            ],
                            "Plans": [
                                {
                                    "Node Type": "Seq Scan",
                                    "Parent Relationship": "Outer",
                                    "Parallel Aware": true,
                                    "Relation Name": "cast_info",
                                    "Schema": "public",
                                    "Alias": "ci",
                                    "Startup Cost": 0.0,
                                    "Total Cost": 343318.94,
                                    "Plan Rows": 917971,
                                    "Plan Width": 0,
                                    "Actual Startup Time": 284.384,
                                    "Actual Total Time": 824.649,
                                    "Actual Rows": 1064568,
                                    "Actual Loops": 7,
                                    "Output": [
                                        "id",
                                        "person_id",
                                        "movie_id",
                                        "person_role_id",
                                        "note",
                                        "nr_order",
                                        "role_id"
                                    ],
                                    "Filter": "((ci.person_id < 2750181) AND (ci.role_id = 2))",
                                    "Rows Removed by Filter": 4113196,
                                    "Workers": [
                                        {
                                            "Worker Number": 0,
                                            "Actual Startup Time": 282.232,
                                            "Actual Total Time": 822.712,
                                            "Actual Rows": 974055,
                                            "Actual Loops": 1
                                        },
                                        {
                                            "Worker Number": 1,
                                            "Actual Startup Time": 282.467,
                                            "Actual Total Time": 822.926,
                                            "Actual Rows": 973871,
                                            "Actual Loops": 1
                                        },
                                        {
                                            "Worker Number": 2,
                                            "Actual Startup Time": 282.878,
                                            "Actual Total Time": 823.314,
                                            "Actual Rows": 973268,
                                            "Actual Loops": 1
                                        },
                                        {
                                            "Worker Number": 3,
                                            "Actual Startup Time": 283.261,
                                            "Actual Total Time": 823.718,
                                            "Actual Rows": 973808,
                                            "Actual Loops": 1
                                        },
                                        {
                                            "Worker Number": 4,
                                            "Actual Startup Time": 283.329,
                                            "Actual Total Time": 823.495,
                                            "Actual Rows": 975871,
                                            "Actual Loops": 1
                                        },
                                        {
                                            "Worker Number": 5,
                                            "Actual Startup Time": 283.666,
                                            "Actual Total Time": 823.717,
                                            "Actual Rows": 980045,
                                            "Actual Loops": 1
                                        }
                                    ]
                                }
                            ]
                        }
                    ]
                }
            ]
        },
        "Planning Time": 1305.125,
        "Triggers": [],
        "Execution Time": 936.226
    }
]