[
  {
    "Plan": {
      "Node Type": "Aggregate",
      "Strategy": "Plain",
      "Partial Mode": "Simple",
      "Parallel Aware": false,
      "Startup Cost": 10382.42,
      "Total Cost": 10382.43,
      "Plan Rows": 1,
      "Plan Width": 128,
      "Actual Startup Time": 262.236,
      "Actual Total Time": 312.81,
      "Actual Rows": 1,
      "Actual Loops": 1,
      "Plans": [
        {
          "Node Type": "Gather",
          "Parent Relationship": "Outer",
          "Parallel Aware": false,
          "Startup Cost": 1003.86,
          "Total Cost": 10382.41,
          "Plan Rows": 1,
          "Plan Width": 81,
          "Actual Startup Time": 14.928,
          "Actual Total Time": 312.78,
          "Actual Rows": 36,
          "Actual Loops": 1,
          "Workers Planned": 1,
          "Workers Launched": 1,
          "Single Copy": false,
          "Plans": [
            {
              "Node Type": "Nested Loop",
              "Parent Relationship": "Outer",
              "Parallel Aware": false,
              "Join Type": "Inner",
              "Startup Cost": 3.86,
              "Total Cost": 9382.31,
              "Plan Rows": 1,
              "Plan Width": 81,
              "Actual Startup Time": 53.955,
              "Actual Total Time": 254.784,
              "Actual Rows": 18,
              "Actual Loops": 2,
              "Inner Unique": true,
              "Plans": [
                {
                  "Node Type": "Nested Loop",
                  "Parent Relationship": "Outer",
                  "Parallel Aware": false,
                  "Join Type": "Inner",
                  "Startup Cost": 3.44,
                  "Total Cost": 9381.41,
                  "Plan Rows": 2,
                  "Plan Width": 85,
                  "Actual Startup Time": 27.182,
                  "Actual Total Time": 250.451,
                  "Actual Rows": 759,
                  "Actual Loops": 2,
                  "Inner Unique": false,
                  "Plans": [
                    {
                      "Node Type": "Nested Loop",
                      "Parent Relationship": "Outer",
                      "Parallel Aware": false,
                      "Join Type": "Inner",
                      "Startup Cost": 3.0,
                      "Total Cost": 9379.64,
                      "Plan Rows": 1,
                      "Plan Width": 101,
                      "Actual Startup Time": 27.112,
                      "Actual Total Time": 249.837,
                      "Actual Rows": 13,
                      "Actual Loops": 2,
                      "Inner Unique": true,
                      "Join Filter": "(mi.movie_id = t.id)",
                      "Rows Removed by Join Filter": 0,
                      "Plans": [
                        {
                          "Node Type": "Nested Loop",
                          "Parent Relationship": "Outer",
                          "Parallel Aware": false,
                          "Join Type": "Inner",
                          "Startup Cost": 2.57,
                          "Total Cost": 9379.11,
                          "Plan Rows": 1,
                          "Plan Width": 80,
                          "Actual Startup Time": 27.052,
                          "Actual Total Time": 249.57,
                          "Actual Rows": 13,
                          "Actual Loops": 2,
                          "Inner Unique": true,
                          "Plans": [
                            {
                              "Node Type": "Nested Loop",
                              "Parent Relationship": "Outer",
                              "Parallel Aware": false,
                              "Join Type": "Inner",
                              "Startup Cost": 2.14,
                              "Total Cost": 9378.43,
                              "Plan Rows": 1,
                              "Plan Width": 69,
                              "Actual Startup Time": 7.413,
                              "Actual Total Time": 244.584,
                              "Actual Rows": 248,
                              "Actual Loops": 2,
                              "Inner Unique": false,
                              "Join Filter": "(mi.movie_id = ci.movie_id)",
                              "Rows Removed by Join Filter": 0,
                              "Plans": [
                                {
                                  "Node Type": "Nested Loop",
                                  "Parent Relationship": "Outer",
                                  "Parallel Aware": false,
                                  "Join Type": "Inner",
                                  "Startup Cost": 1.58,
                                  "Total Cost": 9376.46,
                                  "Plan Rows": 1,
                                  "Plan Width": 61,
                                  "Actual Startup Time": 3.632,
                                  "Actual Total Time": 96.54,
                                  "Actual Rows": 353,
                                  "Actual Loops": 2,
                                  "Inner Unique": true,
                                  "Plans": [
                                    {
                                      "Node Type": "Nested Loop",
                                      "Parent Relationship": "Outer",
                                      "Parallel Aware": false,
                                      "Join Type": "Inner",
                                      "Startup Cost": 1.44,
                                      "Total Cost": 9376.11,
                                      "Plan Rows": 2,
                                      "Plan Width": 65,
                                      "Actual Startup Time": 3.612,
                                      "Actual Total Time": 95.707,
                                      "Actual Rows": 388,
                                      "Actual Loops": 2,
                                      "Inner Unique": false,
                                      "Join Filter": "(mi_idx.movie_id = mi.movie_id)",
                                      "Rows Removed by Join Filter": 0,
                                      "Plans": [
                                        {
                                          "Node Type": "Nested Loop",
                                          "Parent Relationship": "Outer",
                                          "Parallel Aware": false,
                                          "Join Type": "Inner",
                                          "Startup Cost": 1.0,
                                          "Total Cost": 9369.87,
                                          "Plan Rows": 4,
                                          "Plan Width": 14,
                                          "Actual Startup Time": 2.15,
                                          "Actual Total Time": 38.15,
                                          "Actual Rows": 724,
                                          "Actual Loops": 2,
                                          "Inner Unique": true,
                                          "Plans": [
                                            {
                                              "Node Type": "Nested Loop",
                                              "Parent Relationship": "Outer",
                                              "Parallel Aware": false,
                                              "Join Type": "Inner",
                                              "Startup Cost": 0.86,
                                              "Total Cost": 9299.47,
                                              "Plan Rows": 433,
                                              "Plan Width": 18,
                                              "Actual Startup Time": 2.046,
                                              "Actual Total Time": 34.779,
                                              "Actual Rows": 2185,
                                              "Actual Loops": 2,
                                              "Inner Unique": false,
                                              "Plans": [
                                                {
                                                  "Node Type": "Nested Loop",
                                                  "Parent Relationship": "Outer",
                                                  "Parallel Aware": false,
                                                  "Join Type": "Inner",
                                                  "Startup Cost": 0.43,
                                                  "Total Cost": 9219.71,
                                                  "Plan Rows": 150,
                                                  "Plan Width": 4,
                                                  "Actual Startup Time": 1.709,
                                                  "Actual Total Time": 24.211,
                                                  "Actual Rows": 907,
                                                  "Actual Loops": 2,
                                                  "Inner Unique": false,
                                                  "Plans": [
                                                    {
                                                      "Node Type": "Seq Scan",
                                                      "Parent Relationship": "Outer",
                                                      "Parallel Aware": true,
                                                      "Relation Name": "company_name",
                                                      "Alias": "cn",
                                                      "Startup Cost": 0.0,
                                                      "Total Cost": 4722.92,
                                                      "Plan Rows": 14,
                                                      "Plan Width": 4,
                                                      "Actual Startup Time": 1.488,
                                                      "Actual Total Time": 18.427,
                                                      "Actual Rows": 5,
                                                      "Actual Loops": 2,
                                                      "Filter": "(name ~~ 'Lionsgate%'::text)",
                                                      "Rows Removed by Filter": 117494
                                                    },
                                                    {
                                                      "Node Type": "Index Scan",
                                                      "Parent Relationship": "Inner",
                                                      "Parallel Aware": false,
                                                      "Scan Direction": "Forward",
                                                      "Index Name": "company_id_movie_companies",
                                                      "Relation Name": "movie_companies",
                                                      "Alias": "mc",
                                                      "Startup Cost": 0.43,
                                                      "Total Cost": 319.89,
                                                      "Plan Rows": 131,
                                                      "Plan Width": 8,
                                                      "Actual Startup Time": 0.068,
                                                      "Actual Total Time": 1.107,
                                                      "Actual Rows": 181,
                                                      "Actual Loops": 10,
                                                      "Index Cond": "(company_id = cn.id)",
                                                      "Rows Removed by Index Recheck": 0
                                                    }
                                                  ]
                                                },
                                                {
                                                  "Node Type": "Index Scan",
                                                  "Parent Relationship": "Inner",
                                                  "Parallel Aware": false,
                                                  "Scan Direction": "Forward",
                                                  "Index Name": "movie_id_movie_info_idx",
                                                  "Relation Name": "movie_info_idx",
                                                  "Alias": "mi_idx",
                                                  "Startup Cost": 0.43,
                                                  "Total Cost": 0.5,
                                                  "Plan Rows": 3,
                                                  "Plan Width": 14,
                                                  "Actual Startup Time": 0.01,
                                                  "Actual Total Time": 0.011,
                                                  "Actual Rows": 2,
                                                  "Actual Loops": 1814,
                                                  "Index Cond": "(movie_id = mc.movie_id)",
                                                  "Rows Removed by Index Recheck": 0
                                                }
                                              ]
                                            },
                                            {
                                              "Node Type": "Index Scan",
                                              "Parent Relationship": "Inner",
                                              "Parallel Aware": false,
                                              "Scan Direction": "Forward",
                                              "Index Name": "info_type_pkey",
                                              "Relation Name": "info_type",
                                              "Alias": "it2",
                                              "Startup Cost": 0.14,
                                              "Total Cost": 0.16,
                                              "Plan Rows": 1,
                                              "Plan Width": 4,
                                              "Actual Startup Time": 0.001,
                                              "Actual Total Time": 0.001,
                                              "Actual Rows": 0,
                                              "Actual Loops": 4370,
                                              "Index Cond": "(id = mi_idx.info_type_id)",
                                              "Rows Removed by Index Recheck": 0,
                                              "Filter": "((info)::text = 'votes'::text)",
                                              "Rows Removed by Filter": 1
                                            }
                                          ]
                                        },
                                        {
                                          "Node Type": "Index Scan",
                                          "Parent Relationship": "Inner",
                                          "Parallel Aware": false,
                                          "Scan Direction": "Forward",
                                          "Index Name": "movie_id_movie_info",
                                          "Relation Name": "movie_info",
                                          "Alias": "mi",
                                          "Startup Cost": 0.43,
                                          "Total Cost": 1.55,
                                          "Plan Rows": 1,
                                          "Plan Width": 51,
                                          "Actual Startup Time": 0.078,
                                          "Actual Total Time": 0.079,
                                          "Actual Rows": 1,
                                          "Actual Loops": 1449,
                                          "Index Cond": "(movie_id = mc.movie_id)",
                                          "Rows Removed by Index Recheck": 0,
                                          "Filter": "(info = ANY ('{Drama,Horror}'::text[]))",
                                          "Rows Removed by Filter": 75
                                        }
                                      ]
                                    },
                                    {
                                      "Node Type": "Index Scan",
                                      "Parent Relationship": "Inner",
                                      "Parallel Aware": false,
                                      "Scan Direction": "Forward",
                                      "Index Name": "info_type_pkey",
                                      "Relation Name": "info_type",
                                      "Alias": "it1",
                                      "Startup Cost": 0.14,
                                      "Total Cost": 0.16,
                                      "Plan Rows": 1,
                                      "Plan Width": 4,
                                      "Actual Startup Time": 0.001,
                                      "Actual Total Time": 0.001,
                                      "Actual Rows": 1,
                                      "Actual Loops": 775,
                                      "Index Cond": "(id = mi.info_type_id)",
                                      "Rows Removed by Index Recheck": 0,
                                      "Filter": "((info)::text = 'genres'::text)",
                                      "Rows Removed by Filter": 0
                                    }
                                  ]
                                },
                                {
                                  "Node Type": "Index Scan",
                                  "Parent Relationship": "Inner",
                                  "Parallel Aware": false,
                                  "Scan Direction": "Forward",
                                  "Index Name": "movie_id_cast_info",
                                  "Relation Name": "cast_info",
                                  "Alias": "ci",
                                  "Startup Cost": 0.56,
                                  "Total Cost": 1.96,
                                  "Plan Rows": 1,
                                  "Plan Width": 8,
                                  "Actual Startup Time": 0.333,
                                  "Actual Total Time": 0.419,
                                  "Actual Rows": 1,
                                  "Actual Loops": 706,
                                  "Index Cond": "(movie_id = mc.movie_id)",
                                  "Rows Removed by Index Recheck": 0,
                                  "Filter": "(note = ANY ('{(writer),\"(head writer)\",\"(written by)\",(story),\"(story editor)\"}'::text[]))",
                                  "Rows Removed by Filter": 93
                                }
                              ]
                            },
                            {
                              "Node Type": "Index Scan",
                              "Parent Relationship": "Inner",
                              "Parallel Aware": false,
                              "Scan Direction": "Forward",
                              "Index Name": "name_pkey",
                              "Relation Name": "name",
                              "Alias": "n",
                              "Startup Cost": 0.43,
                              "Total Cost": 0.69,
                              "Plan Rows": 1,
                              "Plan Width": 19,
                              "Actual Startup Time": 0.019,
                              "Actual Total Time": 0.019,
                              "Actual Rows": 0,
                              "Actual Loops": 497,
                              "Index Cond": "(id = ci.person_id)",
                              "Rows Removed by Index Recheck": 0,
                              "Filter": "((gender)::text = 'f'::text)",
                              "Rows Removed by Filter": 1
                            }
                          ]
                        },
                        {
                          "Node Type": "Index Scan",
                          "Parent Relationship": "Inner",
                          "Parallel Aware": false,
                          "Scan Direction": "Forward",
                          "Index Name": "title_pkey",
                          "Relation Name": "title",
                          "Alias": "t",
                          "Startup Cost": 0.43,
                          "Total Cost": 0.52,
                          "Plan Rows": 1,
                          "Plan Width": 21,
                          "Actual Startup Time": 0.019,
                          "Actual Total Time": 0.019,
                          "Actual Rows": 1,
                          "Actual Loops": 26,
                          "Index Cond": "(id = mc.movie_id)",
                          "Rows Removed by Index Recheck": 0
                        }
                      ]
                    },
                    {
                      "Node Type": "Index Scan",
                      "Parent Relationship": "Inner",
                      "Parallel Aware": false,
                      "Scan Direction": "Forward",
                      "Index Name": "movie_id_movie_keyword",
                      "Relation Name": "movie_keyword",
                      "Alias": "mk",
                      "Startup Cost": 0.43,
                      "Total Cost": 1.31,
                      "Plan Rows": 46,
                      "Plan Width": 8,
                      "Actual Startup Time": 0.022,
                      "Actual Total Time": 0.038,
                      "Actual Rows": 58,
                      "Actual Loops": 26,
                      "Index Cond": "(movie_id = t.id)",
                      "Rows Removed by Index Recheck": 0
                    }
                  ]
                },
                {
                  "Node Type": "Index Scan",
                  "Parent Relationship": "Inner",
                  "Parallel Aware": false,
                  "Scan Direction": "Forward",
                  "Index Name": "keyword_pkey",
                  "Relation Name": "keyword",
                  "Alias": "k",
                  "Startup Cost": 0.42,
                  "Total Cost": 0.45,
                  "Plan Rows": 1,
                  "Plan Width": 4,
                  "Actual Startup Time": 0.005,
                  "Actual Total Time": 0.005,
                  "Actual Rows": 0,
                  "Actual Loops": 1518,
                  "Index Cond": "(id = mk.keyword_id)",
                  "Rows Removed by Index Recheck": 0,
                  "Filter": "(keyword = ANY ('{murder,violence,blood,gore,death,female-nudity,hospital}'::text[]))",
                  "Rows Removed by Filter": 1
                }
              ]
            }
          ]
        }
      ]
    },
    "Planning Time": 40.262,
    "Triggers": [],
    "Execution Time": 313.173
  }
]