[
  {
    "Plan": {
      "Node Type": "Aggregate",
      "Strategy": "Plain",
      "Partial Mode": "Finalize",
      "Parallel Aware": false,
      "Startup Cost": 235545.22,
      "Total Cost": 235545.23,
      "Plan Rows": 1,
      "Plan Width": 8,
      "Actual Startup Time": 445.668,
      "Actual Total Time": 458.886,
      "Actual Rows": 1,
      "Actual Loops": 1,
      "Plans": [
        {
          "Node Type": "Gather",
          "Parent Relationship": "Outer",
          "Parallel Aware": false,
          "Startup Cost": 235545.01,
          "Total Cost": 235545.22,
          "Plan Rows": 2,
          "Plan Width": 8,
          "Actual Startup Time": 441.83,
          "Actual Total Time": 458.877,
          "Actual Rows": 3,
          "Actual Loops": 1,
          "Workers Planned": 2,
          "Workers Launched": 2,
          "Single Copy": false,
          "Plans": [
            {
              "Node Type": "Aggregate",
              "Strategy": "Plain",
              "Partial Mode": "Partial",
              "Parent Relationship": "Outer",
              "Parallel Aware": false,
              "Startup Cost": 234545.01,
              "Total Cost": 234545.02,
              "Plan Rows": 1,
              "Plan Width": 8,
              "Actual Startup Time": 431.564,
              "Actual Total Time": 431.727,
              "Actual Rows": 1,
              "Actual Loops": 3,
              "Plans": [
                {
                  "Node Type": "Hash Join",
                  "Parent Relationship": "Outer",
                  "Parallel Aware": true,
                  "Join Type": "Inner",
                  "Startup Cost": 218559.78,
                  "Total Cost": 234465.13,
                  "Plan Rows": 31950,
                  "Plan Width": 0,
                  "Actual Startup Time": 331.583,
                  "Actual Total Time": 426.735,
                  "Actual Rows": 128795,
                  "Actual Loops": 3,
                  "Inner Unique": false,
                  "Hash Cond": "(mi_idx.movie_id = t.id)",
                  "Plans": [
                    {
                      "Node Type": "Seq Scan",
                      "Parent Relationship": "Outer",
                      "Parallel Aware": true,
                      "Relation Name": "movie_info_idx",
                      "Alias": "mi_idx",
                      "Startup Cost": 0.0,
                      "Total Cost": 13685.15,
                      "Plan Rows": 575015,
                      "Plan Width": 4,
                      "Actual Startup Time": 0.031,
                      "Actual Total Time": 35.03,
                      "Actual Rows": 460012,
                      "Actual Loops": 3
                    },
                    {
                      "Node Type": "Hash",
                      "Parent Relationship": "Inner",
                      "Parallel Aware": true,
                      "Startup Cost": 218208.57,
                      "Total Cost": 218208.57,
                      "Plan Rows": 28097,
                      "Plan Width": 8,
                      "Actual Startup Time": 328.882,
                      "Actual Total Time": 329.043,
                      "Actual Rows": 103777,
                      "Actual Loops": 3,
                      "Hash Buckets": 524288,
                      "Original Hash Buckets": 262144,
                      "Hash Batches": 1,
                      "Original Hash Batches": 1,
                      "Peak Memory Usage": 18368,
                      "Plans": [
                        {
                          "Node Type": "Hash Join",
                          "Parent Relationship": "Outer",
                          "Parallel Aware": true,
                          "Join Type": "Inner",
                          "Startup Cost": 54790.47,
                          "Total Cost": 218208.57,
                          "Plan Rows": 28097,
                          "Plan Width": 8,
                          "Actual Startup Time": 218.02,
                          "Actual Total Time": 294.187,
                          "Actual Rows": 103777,
                          "Actual Loops": 3,
                          "Inner Unique": true,
                          "Hash Cond": "(mi.movie_id = t.id)",
                          "Plans": [
                            {
                              "Node Type": "Bitmap Heap Scan",
                              "Parent Relationship": "Outer",
                              "Parallel Aware": true,
                              "Relation Name": "movie_info",
                              "Alias": "mi",
                              "Startup Cost": 8535.51,
                              "Total Cost": 171706.27,
                              "Plan Rows": 94221,
                              "Plan Width": 4,
                              "Actual Startup Time": 17.658,
                              "Actual Total Time": 36.692,
                              "Actual Rows": 158148,
                              "Actual Loops": 3,
                              "Recheck Cond": "(info_type_id = 6)",
                              "Rows Removed by Index Recheck": 0,
                              "Exact Heap Blocks": 1196,
                              "Lossy Heap Blocks": 0,
                              "Plans": [
                                {
                                  "Node Type": "Bitmap Index Scan",
                                  "Parent Relationship": "Outer",
                                  "Parallel Aware": false,
                                  "Index Name": "info_type_id_movie_info",
                                  "Startup Cost": 0.0,
                                  "Total Cost": 8417.73,
                                  "Plan Rows": 471106,
                                  "Plan Width": 0,
                                  "Actual Startup Time": 17.138,
                                  "Actual Total Time": 17.139,
                                  "Actual Rows": 474443,
                                  "Actual Loops": 1,
                                  "Index Cond": "(info_type_id = 6)"
                                }
                              ]
                            },
                            {
                              "Node Type": "Hash",
                              "Parent Relationship": "Inner",
                              "Parallel Aware": true,
                              "Startup Cost": 43898.92,
                              "Total Cost": 43898.92,
                              "Plan Rows": 188484,
                              "Plan Width": 4,
                              "Actual Startup Time": 195.705,
                              "Actual Total Time": 195.706,
                              "Actual Rows": 251226,
                              "Actual Loops": 3,
                              "Hash Buckets": 1048576,
                              "Original Hash Buckets": 1048576,
                              "Hash Batches": 1,
                              "Original Hash Batches": 1,
                              "Peak Memory Usage": 37760,
                              "Plans": [
                                {
                                  "Node Type": "Seq Scan",
                                  "Parent Relationship": "Outer",
                                  "Parallel Aware": true,
                                  "Relation Name": "title",
                                  "Alias": "t",
                                  "Startup Cost": 0.0,
                                  "Total Cost": 43898.92,
                                  "Plan Rows": 188484,
                                  "Plan Width": 4,
                                  "Actual Startup Time": 0.045,
                                  "Actual Total Time": 117.686,
                                  "Actual Rows": 251226,
                                  "Actual Loops": 3,
                                  "Filter": "(kind_id < 3)",
                                  "Rows Removed by Filter": 591545
                                }
                              ]
                            }
                          ]
                        }
                      ]
                    }
                  ]
                }
              ]
            }
          ]
        }
      ]
    },
    "Planning Time": 1.449,
    "Triggers": [],
    "Execution Time": 458.992
  }
]