[
  {
    "Plan": {
      "Node Type": "Aggregate",
      "Strategy": "Plain",
      "Partial Mode": "Finalize",
      "Parallel Aware": false,
      "Startup Cost": 29770.96,
      "Total Cost": 29770.97,
      "Plan Rows": 1,
      "Plan Width": 8,
      "Actual Startup Time": 101.846,
      "Actual Total Time": 108.491,
      "Actual Rows": 1,
      "Actual Loops": 1,
      "Plans": [
        {
          "Node Type": "Gather",
          "Parent Relationship": "Outer",
          "Parallel Aware": false,
          "Startup Cost": 29770.65,
          "Total Cost": 29770.96,
          "Plan Rows": 3,
          "Plan Width": 8,
          "Actual Startup Time": 101.504,
          "Actual Total Time": 108.484,
          "Actual Rows": 4,
          "Actual Loops": 1,
          "Workers Planned": 3,
          "Workers Launched": 3,
          "Single Copy": false,
          "Plans": [
            {
              "Node Type": "Aggregate",
              "Strategy": "Plain",
              "Partial Mode": "Partial",
              "Parent Relationship": "Outer",
              "Parallel Aware": false,
              "Startup Cost": 28770.65,
              "Total Cost": 28770.66,
              "Plan Rows": 1,
              "Plan Width": 8,
              "Actual Startup Time": 94.862,
              "Actual Total Time": 94.863,
              "Actual Rows": 1,
              "Actual Loops": 4,
              "Plans": [
                {
                  "Node Type": "Bitmap Heap Scan",
                  "Parent Relationship": "Outer",
                  "Parallel Aware": true,
                  "Relation Name": "movie_companies",
                  "Alias": "mc",
                  "Startup Cost": 8158.65,
                  "Total Cost": 28466.98,
                  "Plan Rows": 121466,
                  "Plan Width": 0,
                  "Actual Startup Time": 37.539,
                  "Actual Total Time": 88.223,
                  "Actual Rows": 93524,
                  "Actual Loops": 4,
                  "Recheck Cond": "(company_id < 215)",
                  "Rows Removed by Index Recheck": 0,
                  "Exact Heap Blocks": 8763,
                  "Lossy Heap Blocks": 0,
                  "Plans": [
                    {
                      "Node Type": "Bitmap Index Scan",
                      "Parent Relationship": "Outer",
                      "Parallel Aware": false,
                      "Index Name": "company_id_movie_companies",
                      "Startup Cost": 0.0,
                      "Total Cost": 8064.52,
                      "Plan Rows": 376545,
                      "Plan Width": 0,
                      "Actual Startup Time": 40.221,
                      "Actual Total Time": 40.221,
                      "Actual Rows": 374097,
                      "Actual Loops": 1,
                      "Index Cond": "(company_id < 215)"
                    }
                  ]
                }
              ]
            }
          ]
        }
      ]
    },
    "Planning Time": 0.191,
    "Triggers": [],
    "Execution Time": 108.564
  }
]