[
  {
    "Plan": {
      "Node Type": "Aggregate",
      "Strategy": "Plain",
      "Partial Mode": "Finalize",
      "Parallel Aware": false,
      "Startup Cost": 76780.36,
      "Total Cost": 76780.37,
      "Plan Rows": 1,
      "Plan Width": 8,
      "Actual Startup Time": 228.687,
      "Actual Total Time": 245.738,
      "Actual Rows": 1,
      "Actual Loops": 1,
      "Plans": [
        {
          "Node Type": "Gather",
          "Parent Relationship": "Outer",
          "Parallel Aware": false,
          "Startup Cost": 76780.04,
          "Total Cost": 76780.35,
          "Plan Rows": 3,
          "Plan Width": 8,
          "Actual Startup Time": 227.384,
          "Actual Total Time": 245.724,
          "Actual Rows": 4,
          "Actual Loops": 1,
          "Workers Planned": 3,
          "Workers Launched": 3,
          "Single Copy": false,
          "Plans": [
            {
              "Node Type": "Aggregate",
              "Strategy": "Plain",
              "Partial Mode": "Partial",
              "Parent Relationship": "Outer",
              "Parallel Aware": false,
              "Startup Cost": 75780.04,
              "Total Cost": 75780.05,
              "Plan Rows": 1,
              "Plan Width": 8,
              "Actual Startup Time": 219.926,
              "Actual Total Time": 219.933,
              "Actual Rows": 1,
              "Actual Loops": 4,
              "Plans": [
                {
                  "Node Type": "Hash Join",
                  "Parent Relationship": "Outer",
                  "Parallel Aware": true,
                  "Join Type": "Inner",
                  "Startup Cost": 54551.32,
                  "Total Cost": 75763.55,
                  "Plan Rows": 6597,
                  "Plan Width": 0,
                  "Actual Startup Time": 151.066,
                  "Actual Total Time": 219.585,
                  "Actual Rows": 4366,
                  "Actual Loops": 4,
                  "Inner Unique": true,
                  "Hash Cond": "(mc.movie_id = t.id)",
                  "Plans": [
                    {
                      "Node Type": "Bitmap Heap Scan",
                      "Parent Relationship": "Outer",
                      "Parallel Aware": true,
                      "Relation Name": "movie_companies",
                      "Alias": "mc",
                      "Startup Cost": 9935.32,
                      "Total Cost": 30956.63,
                      "Plan Rows": 72731,
                      "Plan Width": 4,
                      "Actual Startup Time": 23.131,
                      "Actual Total Time": 71.139,
                      "Actual Rows": 85474,
                      "Actual Loops": 4,
                      "Recheck Cond": "(company_id < 376)",
                      "Rows Removed by Index Recheck": 0,
                      "Filter": "(company_type_id < 2)",
                      "Rows Removed by Filter": 27473,
                      "Exact Heap Blocks": 7462,
                      "Lossy Heap Blocks": 0,
                      "Plans": [
                        {
                          "Node Type": "Bitmap Index Scan",
                          "Parent Relationship": "Outer",
                          "Parallel Aware": false,
                          "Index Name": "company_id_movie_companies",
                          "Startup Cost": 0.0,
                          "Total Cost": 9878.96,
                          "Plan Rows": 461137,
                          "Plan Width": 0,
                          "Actual Startup Time": 20.424,
                          "Actual Total Time": 20.424,
                          "Actual Rows": 451787,
                          "Actual Loops": 1,
                          "Index Cond": "(company_id < 376)"
                        }
                      ]
                    },
                    {
                      "Node Type": "Hash",
                      "Parent Relationship": "Inner",
                      "Parallel Aware": true,
                      "Startup Cost": 43899.32,
                      "Total Cost": 43899.32,
                      "Plan Rows": 57334,
                      "Plan Width": 4,
                      "Actual Startup Time": 125.669,
                      "Actual Total Time": 125.67,
                      "Actual Rows": 57912,
                      "Actual Loops": 4,
                      "Hash Buckets": 262144,
                      "Original Hash Buckets": 262144,
                      "Hash Batches": 1,
                      "Original Hash Batches": 1,
                      "Peak Memory Usage": 11200,
                      "Plans": [
                        {
                          "Node Type": "Seq Scan",
                          "Parent Relationship": "Outer",
                          "Parallel Aware": true,
                          "Relation Name": "title",
                          "Alias": "t",
                          "Startup Cost": 0.0,
                          "Total Cost": 43899.32,
                          "Plan Rows": 57334,
                          "Plan Width": 4,
                          "Actual Startup Time": 0.04,
                          "Actual Total Time": 103.792,
                          "Actual Rows": 57912,
                          "Actual Loops": 4,
                          "Filter": "(production_year > 2011)",
                          "Rows Removed by Filter": 574166
                        }
                      ]
                    }
                  ]
                }
              ]
            }
          ]
        }
      ]
    },
    "Planning Time": 0.376,
    "Triggers": [],
    "Execution Time": 245.813
  }
]