[
  {
    "Plan": {
      "Node Type": "Aggregate",
      "Strategy": "Plain",
      "Partial Mode": "Finalize",
      "Parallel Aware": false,
      "Startup Cost": 433349.0,
      "Total Cost": 433349.01,
      "Plan Rows": 1,
      "Plan Width": 8,
      "Actual Startup Time": 1465.166,
      "Actual Total Time": 1522.326,
      "Actual Rows": 1,
      "Actual Loops": 1,
      "Plans": [
        {
          "Node Type": "Gather",
          "Parent Relationship": "Outer",
          "Parallel Aware": false,
          "Startup Cost": 433348.38,
          "Total Cost": 433348.99,
          "Plan Rows": 6,
          "Plan Width": 8,
          "Actual Startup Time": 1451.766,
          "Actual Total Time": 1522.315,
          "Actual Rows": 7,
          "Actual Loops": 1,
          "Workers Planned": 6,
          "Workers Launched": 6,
          "Single Copy": false,
          "Plans": [
            {
              "Node Type": "Aggregate",
              "Strategy": "Plain",
              "Partial Mode": "Partial",
              "Parent Relationship": "Outer",
              "Parallel Aware": false,
              "Startup Cost": 432348.38,
              "Total Cost": 432348.39,
              "Plan Rows": 1,
              "Plan Width": 8,
              "Actual Startup Time": 1442.905,
              "Actual Total Time": 1443.248,
              "Actual Rows": 1,
              "Actual Loops": 7,
              "Plans": [
                {
                  "Node Type": "Hash Join",
                  "Parent Relationship": "Outer",
                  "Parallel Aware": true,
                  "Join Type": "Inner",
                  "Startup Cost": 69550.58,
                  "Total Cost": 429693.62,
                  "Plan Rows": 1061901,
                  "Plan Width": 0,
                  "Actual Startup Time": 507.322,
                  "Actual Total Time": 1392.572,
                  "Actual Rows": 1164079,
                  "Actual Loops": 7,
                  "Inner Unique": false,
                  "Hash Cond": "(ci.movie_id = t.id)",
                  "Plans": [
                    {
                      "Node Type": "Seq Scan",
                      "Parent Relationship": "Outer",
                      "Parallel Aware": true,
                      "Relation Name": "cast_info",
                      "Alias": "ci",
                      "Startup Cost": 0.0,
                      "Total Cost": 343316.27,
                      "Plan Rows": 3307245,
                      "Plan Width": 4,
                      "Actual Startup Time": 218.7,
                      "Actual Total Time": 677.866,
                      "Actual Rows": 2559852,
                      "Actual Loops": 7,
                      "Filter": "((person_id < 3084806) AND (role_id > 1))",
                      "Rows Removed by Filter": 2617911
                    },
                    {
                      "Node Type": "Hash",
                      "Parent Relationship": "Inner",
                      "Parallel Aware": true,
                      "Startup Cost": 65322.27,
                      "Total Cost": 65322.27,
                      "Plan Rows": 338265,
                      "Plan Width": 8,
                      "Actual Startup Time": 286.09,
                      "Actual Total Time": 286.431,
                      "Actual Rows": 60795,
                      "Actual Loops": 7,
                      "Hash Buckets": 1048576,
                      "Original Hash Buckets": 1048576,
                      "Hash Batches": 1,
                      "Original Hash Batches": 1,
                      "Peak Memory Usage": 24960,
                      "Plans": [
                        {
                          "Node Type": "Hash Join",
                          "Parent Relationship": "Outer",
                          "Parallel Aware": true,
                          "Join Type": "Inner",
                          "Startup Cost": 50127.71,
                          "Total Cost": 65322.27,
                          "Plan Rows": 338265,
                          "Plan Width": 8,
                          "Actual Startup Time": 197.85,
                          "Actual Total Time": 263.002,
                          "Actual Rows": 60795,
                          "Actual Loops": 7,
                          "Inner Unique": true,
                          "Hash Cond": "(mi_idx.movie_id = t.id)",
                          "Plans": [
                            {
                              "Node Type": "Seq Scan",
                              "Parent Relationship": "Outer",
                              "Parallel Aware": true,
                              "Relation Name": "movie_info_idx",
                              "Alias": "mi_idx",
                              "Startup Cost": 0.0,
                              "Total Cost": 13685.15,
                              "Plan Rows": 575015,
                              "Plan Width": 4,
                              "Actual Startup Time": 0.018,
                              "Actual Total Time": 20.706,
                              "Actual Rows": 197148,
                              "Actual Loops": 7
                            },
                            {
                              "Node Type": "Hash",
                              "Parent Relationship": "Inner",
                              "Parallel Aware": true,
                              "Startup Cost": 45479.59,
                              "Total Cost": 45479.59,
                              "Plan Rows": 371850,
                              "Plan Width": 4,
                              "Actual Startup Time": 195.607,
                              "Actual Total Time": 195.61,
                              "Actual Rows": 211206,
                              "Actual Loops": 7,
                              "Hash Buckets": 2097152,
                              "Original Hash Buckets": 2097152,
                              "Hash Batches": 1,
                              "Original Hash Batches": 1,
                              "Peak Memory Usage": 74336,
                              "Plans": [
                                {
                                  "Node Type": "Seq Scan",
                                  "Parent Relationship": "Outer",
                                  "Parallel Aware": true,
                                  "Relation Name": "title",
                                  "Alias": "t",
                                  "Startup Cost": 0.0,
                                  "Total Cost": 45479.59,
                                  "Plan Rows": 371850,
                                  "Plan Width": 4,
                                  "Actual Startup Time": 0.053,
                                  "Actual Total Time": 86.588,
                                  "Actual Rows": 211206,
                                  "Actual Loops": 7,
                                  "Filter": "((production_year > 1905) AND (kind_id = 7))",
                                  "Rows Removed by Filter": 149982
                                }
                              ]
                            }
                          ]
                        }
                      ]
                    }
                  ]
                }
              ]
            }
          ]
        }
      ]
    },
    "Planning Time": 0.629,
    "Triggers": [],
    "Execution Time": 1522.389
  }
]