[
  {
    "Plan": {
      "Node Type": "Aggregate",
      "Strategy": "Plain",
      "Partial Mode": "Finalize",
      "Parallel Aware": false,
      "Startup Cost": 92696.17,
      "Total Cost": 92696.18,
      "Plan Rows": 1,
      "Plan Width": 8,
      "Actual Startup Time": 294.223,
      "Actual Total Time": 311.755,
      "Actual Rows": 1,
      "Actual Loops": 1,
      "Plans": [
        {
          "Node Type": "Gather",
          "Parent Relationship": "Outer",
          "Parallel Aware": false,
          "Startup Cost": 92695.85,
          "Total Cost": 92696.16,
          "Plan Rows": 3,
          "Plan Width": 8,
          "Actual Startup Time": 291.608,
          "Actual Total Time": 311.748,
          "Actual Rows": 4,
          "Actual Loops": 1,
          "Workers Planned": 3,
          "Workers Launched": 3,
          "Single Copy": false,
          "Plans": [
            {
              "Node Type": "Aggregate",
              "Strategy": "Plain",
              "Partial Mode": "Partial",
              "Parent Relationship": "Outer",
              "Parallel Aware": false,
              "Startup Cost": 91695.85,
              "Total Cost": 91695.86,
              "Plan Rows": 1,
              "Plan Width": 8,
              "Actual Startup Time": 286.473,
              "Actual Total Time": 286.475,
              "Actual Rows": 1,
              "Actual Loops": 4,
              "Plans": [
                {
                  "Node Type": "Hash Join",
                  "Parent Relationship": "Outer",
                  "Parallel Aware": true,
                  "Join Type": "Inner",
                  "Startup Cost": 48011.42,
                  "Total Cost": 91464.66,
                  "Plan Rows": 92477,
                  "Plan Width": 0,
                  "Actual Startup Time": 158.113,
                  "Actual Total Time": 280.966,
                  "Actual Rows": 134224,
                  "Actual Loops": 4,
                  "Inner Unique": true,
                  "Hash Cond": "(mk.movie_id = t.id)",
                  "Plans": [
                    {
                      "Node Type": "Seq Scan",
                      "Parent Relationship": "Outer",
                      "Parallel Aware": true,
                      "Relation Name": "movie_keyword",
                      "Alias": "mk",
                      "Startup Cost": 0.0,
                      "Total Cost": 42695.65,
                      "Plan Rows": 288602,
                      "Plan Width": 4,
                      "Actual Startup Time": 1.474,
                      "Actual Total Time": 83.996,
                      "Actual Rows": 222560,
                      "Actual Loops": 4,
                      "Filter": "(keyword_id > 20711)",
                      "Rows Removed by Filter": 908422
                    },
                    {
                      "Node Type": "Hash",
                      "Parent Relationship": "Inner",
                      "Parallel Aware": true,
                      "Startup Cost": 45479.59,
                      "Total Cost": 45479.59,
                      "Plan Rows": 202547,
                      "Plan Width": 4,
                      "Actual Startup Time": 153.654,
                      "Actual Total Time": 153.655,
                      "Actual Rows": 179926,
                      "Actual Loops": 4,
                      "Hash Buckets": 1048576,
                      "Original Hash Buckets": 1048576,
                      "Hash Batches": 1,
                      "Original Hash Batches": 1,
                      "Peak Memory Usage": 36416,
                      "Plans": [
                        {
                          "Node Type": "Seq Scan",
                          "Parent Relationship": "Outer",
                          "Parallel Aware": true,
                          "Relation Name": "title",
                          "Alias": "t",
                          "Startup Cost": 0.0,
                          "Total Cost": 45479.59,
                          "Plan Rows": 202547,
                          "Plan Width": 4,
                          "Actual Startup Time": 0.036,
                          "Actual Total Time": 93.56,
                          "Actual Rows": 179926,
                          "Actual Loops": 4,
                          "Filter": "((kind_id < 6) AND (production_year > 1969))",
                          "Rows Removed by Filter": 452152
                        }
                      ]
                    }
                  ]
                }
              ]
            }
          ]
        }
      ]
    },
    "Planning Time": 0.451,
    "Triggers": [],
    "Execution Time": 311.788
  }
]