[
  {
    "Plan": {
      "Node Type": "Aggregate",
      "Strategy": "Plain",
      "Partial Mode": "Simple",
      "Parallel Aware": false,
      "Startup Cost": 3287.28,
      "Total Cost": 3287.29,
      "Plan Rows": 1,
      "Plan Width": 8,
      "Actual Startup Time": 1.613,
      "Actual Total Time": 1.617,
      "Actual Rows": 1,
      "Actual Loops": 1,
      "Plans": [
        {
          "Node Type": "Nested Loop",
          "Parent Relationship": "Outer",
          "Parallel Aware": false,
          "Join Type": "Inner",
          "Startup Cost": 7.35,
          "Total Cost": 3286.85,
          "Plan Rows": 170,
          "Plan Width": 0,
          "Actual Startup Time": 0.334,
          "Actual Total Time": 1.6,
          "Actual Rows": 38,
          "Actual Loops": 1,
          "Inner Unique": false,
          "Plans": [
            {
              "Node Type": "Nested Loop",
              "Parent Relationship": "Outer",
              "Parallel Aware": false,
              "Join Type": "Inner",
              "Startup Cost": 6.78,
              "Total Cost": 3006.58,
              "Plan Rows": 97,
              "Plan Width": 8,
              "Actual Startup Time": 0.125,
              "Actual Total Time": 0.234,
              "Actual Rows": 7,
              "Actual Loops": 1,
              "Inner Unique": true,
              "Plans": [
                {
                  "Node Type": "Bitmap Heap Scan",
                  "Parent Relationship": "Outer",
                  "Parallel Aware": false,
                  "Relation Name": "movie_keyword",
                  "Alias": "mk",
                  "Startup Cost": 6.35,
                  "Total Cost": 922.98,
                  "Plan Rows": 248,
                  "Plan Width": 4,
                  "Actual Startup Time": 0.071,
                  "Actual Total Time": 0.101,
                  "Actual Rows": 8,
                  "Actual Loops": 1,
                  "Recheck Cond": "(keyword_id = 44919)",
                  "Rows Removed by Index Recheck": 0,
                  "Exact Heap Blocks": 8,
                  "Lossy Heap Blocks": 0,
                  "Plans": [
                    {
                      "Node Type": "Bitmap Index Scan",
                      "Parent Relationship": "Outer",
                      "Parallel Aware": false,
                      "Index Name": "keyword_id_movie_keyword",
                      "Startup Cost": 0.0,
                      "Total Cost": 6.29,
                      "Plan Rows": 248,
                      "Plan Width": 0,
                      "Actual Startup Time": 0.059,
                      "Actual Total Time": 0.06,
                      "Actual Rows": 8,
                      "Actual Loops": 1,
                      "Index Cond": "(keyword_id = 44919)"
                    }
                  ]
                },
                {
                  "Node Type": "Index Scan",
                  "Parent Relationship": "Inner",
                  "Parallel Aware": false,
                  "Scan Direction": "Forward",
                  "Index Name": "title_pkey",
                  "Relation Name": "title",
                  "Alias": "t",
                  "Startup Cost": 0.43,
                  "Total Cost": 8.4,
                  "Plan Rows": 1,
                  "Plan Width": 4,
                  "Actual Startup Time": 0.014,
                  "Actual Total Time": 0.014,
                  "Actual Rows": 1,
                  "Actual Loops": 8,
                  "Index Cond": "(id = mk.movie_id)",
                  "Rows Removed by Index Recheck": 0,
                  "Filter": "(kind_id < 7)",
                  "Rows Removed by Filter": 0
                }
              ]
            },
            {
              "Node Type": "Index Scan",
              "Parent Relationship": "Inner",
              "Parallel Aware": false,
              "Scan Direction": "Forward",
              "Index Name": "movie_id_cast_info",
              "Relation Name": "cast_info",
              "Alias": "ci",
              "Startup Cost": 0.56,
              "Total Cost": 2.85,
              "Plan Rows": 4,
              "Plan Width": 4,
              "Actual Startup Time": 0.166,
              "Actual Total Time": 0.192,
              "Actual Rows": 5,
              "Actual Loops": 7,
              "Index Cond": "(movie_id = t.id)",
              "Rows Removed by Index Recheck": 0,
              "Filter": "(person_id > 3284751)",
              "Rows Removed by Filter": 47
            }
          ]
        }
      ]
    },
    "Planning Time": 1.374,
    "Triggers": [],
    "Execution Time": 1.711
  }
]