[
  {
    "Plan": {
      "Node Type": "Aggregate",
      "Strategy": "Plain",
      "Partial Mode": "Finalize",
      "Parallel Aware": false,
      "Startup Cost": 48958.03,
      "Total Cost": 48958.04,
      "Plan Rows": 1,
      "Plan Width": 8,
      "Actual Startup Time": 96.717,
      "Actual Total Time": 109.016,
      "Actual Rows": 1,
      "Actual Loops": 1,
      "Plans": [
        {
          "Node Type": "Gather",
          "Parent Relationship": "Outer",
          "Parallel Aware": false,
          "Startup Cost": 48957.61,
          "Total Cost": 48958.02,
          "Plan Rows": 4,
          "Plan Width": 8,
          "Actual Startup Time": 96.532,
          "Actual Total Time": 109.006,
          "Actual Rows": 5,
          "Actual Loops": 1,
          "Workers Planned": 4,
          "Workers Launched": 4,
          "Single Copy": false,
          "Plans": [
            {
              "Node Type": "Aggregate",
              "Strategy": "Plain",
              "Partial Mode": "Partial",
              "Parent Relationship": "Outer",
              "Parallel Aware": false,
              "Startup Cost": 47957.61,
              "Total Cost": 47957.62,
              "Plan Rows": 1,
              "Plan Width": 8,
              "Actual Startup Time": 89.847,
              "Actual Total Time": 89.849,
              "Actual Rows": 1,
              "Actual Loops": 5,
              "Plans": [
                {
                  "Node Type": "Nested Loop",
                  "Parent Relationship": "Outer",
                  "Parallel Aware": false,
                  "Join Type": "Inner",
                  "Startup Cost": 0.43,
                  "Total Cost": 47956.46,
                  "Plan Rows": 462,
                  "Plan Width": 0,
                  "Actual Startup Time": 10.46,
                  "Actual Total Time": 89.77,
                  "Actual Rows": 900,
                  "Actual Loops": 5,
                  "Inner Unique": false,
                  "Plans": [
                    {
                      "Node Type": "Seq Scan",
                      "Parent Relationship": "Outer",
                      "Parallel Aware": true,
                      "Relation Name": "title",
                      "Alias": "t",
                      "Startup Cost": 0.0,
                      "Total Cost": 45479.59,
                      "Plan Rows": 258,
                      "Plan Width": 4,
                      "Actual Startup Time": 5.913,
                      "Actual Total Time": 82.234,
                      "Actual Rows": 574,
                      "Actual Loops": 5,
                      "Filter": "((kind_id < 3) AND (production_year = 2014))",
                      "Rows Removed by Filter": 505088
                    },
                    {
                      "Node Type": "Index Only Scan",
                      "Parent Relationship": "Inner",
                      "Parallel Aware": false,
                      "Scan Direction": "Forward",
                      "Index Name": "movie_id_movie_keyword",
                      "Relation Name": "movie_keyword",
                      "Alias": "mk",
                      "Startup Cost": 0.43,
                      "Total Cost": 9.14,
                      "Plan Rows": 46,
                      "Plan Width": 4,
                      "Actual Startup Time": 0.012,
                      "Actual Total Time": 0.012,
                      "Actual Rows": 2,
                      "Actual Loops": 2871,
                      "Index Cond": "(movie_id = t.id)",
                      "Rows Removed by Index Recheck": 0,
                      "Heap Fetches": 4499
                    }
                  ]
                }
              ]
            }
          ]
        }
      ]
    },
    "Planning Time": 0.6,
    "Triggers": [],
    "Execution Time": 109.069
  }
]