[
  {
    "Plan": {
      "Node Type": "Aggregate",
      "Strategy": "Plain",
      "Partial Mode": "Finalize",
      "Parallel Aware": false,
      "Startup Cost": 46517.82,
      "Total Cost": 46517.83,
      "Plan Rows": 1,
      "Plan Width": 8,
      "Actual Startup Time": 106.394,
      "Actual Total Time": 119.628,
      "Actual Rows": 1,
      "Actual Loops": 1,
      "Plans": [
        {
          "Node Type": "Gather",
          "Parent Relationship": "Outer",
          "Parallel Aware": false,
          "Startup Cost": 46517.4,
          "Total Cost": 46517.81,
          "Plan Rows": 4,
          "Plan Width": 8,
          "Actual Startup Time": 106.124,
          "Actual Total Time": 119.617,
          "Actual Rows": 5,
          "Actual Loops": 1,
          "Workers Planned": 4,
          "Workers Launched": 4,
          "Single Copy": false,
          "Plans": [
            {
              "Node Type": "Aggregate",
              "Strategy": "Plain",
              "Partial Mode": "Partial",
              "Parent Relationship": "Outer",
              "Parallel Aware": false,
              "Startup Cost": 45517.4,
              "Total Cost": 45517.41,
              "Plan Rows": 1,
              "Plan Width": 8,
              "Actual Startup Time": 96.516,
              "Actual Total Time": 96.518,
              "Actual Rows": 1,
              "Actual Loops": 5,
              "Plans": [
                {
                  "Node Type": "Seq Scan",
                  "Parent Relationship": "Outer",
                  "Parallel Aware": true,
                  "Relation Name": "title",
                  "Alias": "t",
                  "Startup Cost": 0.0,
                  "Total Cost": 45479.59,
                  "Plan Rows": 15124,
                  "Plan Width": 0,
                  "Actual Startup Time": 0.06,
                  "Actual Total Time": 95.224,
                  "Actual Rows": 12550,
                  "Actual Loops": 5,
                  "Filter": "((kind_id = 7) AND (production_year = 2005))",
                  "Rows Removed by Filter": 493112
                }
              ]
            }
          ]
        }
      ]
    },
    "Planning Time": 0.154,
    "Triggers": [],
    "Execution Time": 119.68
  }
]