[
  {
    "Plan": {
      "Node Type": "Aggregate",
      "Strategy": "Plain",
      "Partial Mode": "Finalize",
      "Parallel Aware": false,
      "Startup Cost": 88286.54,
      "Total Cost": 88286.55,
      "Plan Rows": 1,
      "Plan Width": 8,
      "Actual Startup Time": 313.439,
      "Actual Total Time": 330.923,
      "Actual Rows": 1,
      "Actual Loops": 1,
      "Plans": [
        {
          "Node Type": "Gather",
          "Parent Relationship": "Outer",
          "Parallel Aware": false,
          "Startup Cost": 88286.22,
          "Total Cost": 88286.53,
          "Plan Rows": 3,
          "Plan Width": 8,
          "Actual Startup Time": 312.824,
          "Actual Total Time": 330.901,
          "Actual Rows": 4,
          "Actual Loops": 1,
          "Workers Planned": 3,
          "Workers Launched": 3,
          "Single Copy": false,
          "Plans": [
            {
              "Node Type": "Aggregate",
              "Strategy": "Plain",
              "Partial Mode": "Partial",
              "Parent Relationship": "Outer",
              "Parallel Aware": false,
              "Startup Cost": 87286.22,
              "Total Cost": 87286.23,
              "Plan Rows": 1,
              "Plan Width": 8,
              "Actual Startup Time": 304.209,
              "Actual Total Time": 304.212,
              "Actual Rows": 1,
              "Actual Loops": 4,
              "Plans": [
                {
                  "Node Type": "Hash Join",
                  "Parent Relationship": "Outer",
                  "Parallel Aware": true,
                  "Join Type": "Inner",
                  "Startup Cost": 44247.28,
                  "Total Cost": 87125.36,
                  "Plan Rows": 64344,
                  "Plan Width": 0,
                  "Actual Startup Time": 146.186,
                  "Actual Total Time": 303.006,
                  "Actual Rows": 23557,
                  "Actual Loops": 4,
                  "Inner Unique": true,
                  "Hash Cond": "(mk.movie_id = t.id)",
                  "Plans": [
                    {
                      "Node Type": "Seq Scan",
                      "Parent Relationship": "Outer",
                      "Parallel Aware": true,
                      "Relation Name": "movie_keyword",
                      "Alias": "mk",
                      "Startup Cost": 0.0,
                      "Total Cost": 39047.32,
                      "Plan Rows": 1459332,
                      "Plan Width": 4,
                      "Actual Startup Time": 0.026,
                      "Actual Total Time": 97.924,
                      "Actual Rows": 1130982,
                      "Actual Loops": 4
                    },
                    {
                      "Node Type": "Hash",
                      "Parent Relationship": "Inner",
                      "Parallel Aware": true,
                      "Startup Cost": 43898.92,
                      "Total Cost": 43898.92,
                      "Plan Rows": 27869,
                      "Plan Width": 4,
                      "Actual Startup Time": 106.289,
                      "Actual Total Time": 106.29,
                      "Actual Rows": 28129,
                      "Actual Loops": 4,
                      "Hash Buckets": 131072,
                      "Original Hash Buckets": 131072,
                      "Hash Batches": 1,
                      "Original Hash Batches": 1,
                      "Peak Memory Usage": 5472,
                      "Plans": [
                        {
                          "Node Type": "Seq Scan",
                          "Parent Relationship": "Outer",
                          "Parallel Aware": true,
                          "Relation Name": "title",
                          "Alias": "t",
                          "Startup Cost": 0.0,
                          "Total Cost": 43898.92,
                          "Plan Rows": 27869,
                          "Plan Width": 4,
                          "Actual Startup Time": 51.393,
                          "Actual Total Time": 96.417,
                          "Actual Rows": 28129,
                          "Actual Loops": 4,
                          "Filter": "(production_year < 1929)",
                          "Rows Removed by Filter": 603949
                        }
                      ]
                    }
                  ]
                }
              ]
            }
          ]
        }
      ]
    },
    "Planning Time": 0.588,
    "Triggers": [],
    "Execution Time": 331.013
  }
]