[
  {
    "Plan": {
      "Node Type": "Aggregate",
      "Strategy": "Plain",
      "Partial Mode": "Finalize",
      "Parallel Aware": false,
      "Startup Cost": 44569.81,
      "Total Cost": 44569.82,
      "Plan Rows": 1,
      "Plan Width": 8,
      "Actual Startup Time": 124.507,
      "Actual Total Time": 133.851,
      "Actual Rows": 1,
      "Actual Loops": 1,
      "Plans": [
        {
          "Node Type": "Gather",
          "Parent Relationship": "Outer",
          "Parallel Aware": false,
          "Startup Cost": 44569.49,
          "Total Cost": 44569.8,
          "Plan Rows": 3,
          "Plan Width": 8,
          "Actual Startup Time": 124.402,
          "Actual Total Time": 133.842,
          "Actual Rows": 4,
          "Actual Loops": 1,
          "Workers Planned": 3,
          "Workers Launched": 3,
          "Single Copy": false,
          "Plans": [
            {
              "Node Type": "Aggregate",
              "Strategy": "Plain",
              "Partial Mode": "Partial",
              "Parent Relationship": "Outer",
              "Parallel Aware": false,
              "Startup Cost": 43569.49,
              "Total Cost": 43569.5,
              "Plan Rows": 1,
              "Plan Width": 8,
              "Actual Startup Time": 118.4,
              "Actual Total Time": 118.401,
              "Actual Rows": 1,
              "Actual Loops": 4,
              "Plans": [
                {
                  "Node Type": "Seq Scan",
                  "Parent Relationship": "Outer",
                  "Parallel Aware": true,
                  "Relation Name": "movie_keyword",
                  "Alias": "mk",
                  "Startup Cost": 0.0,
                  "Total Cost": 42695.65,
                  "Plan Rows": 349536,
                  "Plan Width": 0,
                  "Actual Startup Time": 3.307,
                  "Actual Total Time": 104.954,
                  "Actual Rows": 271257,
                  "Actual Loops": 4,
                  "Filter": "(keyword_id > 16296)",
                  "Rows Removed by Filter": 859726
                }
              ]
            }
          ]
        }
      ]
    },
    "Planning Time": 0.183,
    "Triggers": [],
    "Execution Time": 133.907
  }
]