{
  "Plan": {
    "Node Type": "Aggregate",
    "Strategy": "Plain",
    "Partial Mode": "Finalize",
    "Parallel Aware": false,
    "Startup Cost": 126189.29,
    "Total Cost": 126189.3,
    "Plan Rows": 1,
    "Plan Width": 8,
    "Actual Startup Time": 685.973,
    "Actual Total Time": 698.996,
    "Actual Rows": 1,
    "Actual Loops": 1,
    "Plans": [
      {
        "Node Type": "Gather",
        "Parent Relationship": "Outer",
        "Parallel Aware": false,
        "Startup Cost": 126189.18,
        "Total Cost": 126189.29,
        "Plan Rows": 1,
        "Plan Width": 8,
        "Actual Startup Time": 684.796,
        "Actual Total Time": 698.989,
        "Actual Rows": 2,
        "Actual Loops": 1,
        "Workers Planned": 1,
        "Workers Launched": 1,
        "Single Copy": false,
        "Plans": [
          {
            "Node Type": "Aggregate",
            "Strategy": "Plain",
            "Partial Mode": "Partial",
            "Parent Relationship": "Outer",
            "Parallel Aware": false,
            "Startup Cost": 125189.18,
            "Total Cost": 125189.19,
            "Plan Rows": 1,
            "Plan Width": 8,
            "Actual Startup Time": 678.712,
            "Actual Total Time": 678.715,
            "Actual Rows": 1,
            "Actual Loops": 2,
            "Plans": [
              {
                "Node Type": "Hash Join",
                "Parent Relationship": "Outer",
                "Parallel Aware": true,
                "Join Type": "Inner",
                "Startup Cost": 59922.63,
                "Total Cost": 123569.14,
                "Plan Rows": 648015,
                "Plan Width": 0,
                "Actual Startup Time": 258.736,
                "Actual Total Time": 648.628,
                "Actual Rows": 770399,
                "Actual Loops": 2,
                "Inner Unique": true,
                "Hash Cond": "(mk.movie_id = t.id)",
                "Plans": [
                  {
                    "Node Type": "Seq Scan",
                    "Parent Relationship": "Outer",
                    "Parallel Aware": true,
                    "Relation Name": "movie_keyword",
                    "Alias": "mk",
                    "Startup Cost": 0.0,
                    "Total Cost": 57718.19,
                    "Plan Rows": 2258404,
                    "Plan Width": 4,
                    "Actual Startup Time": 0.045,
                    "Actual Total Time": 189.822,
                    "Actual Rows": 1917389,
                    "Actual Loops": 2,
                    "Filter": "(keyword_id > 569)",
                    "Rows Removed by Filter": 344576
                  },
                  {
                    "Node Type": "Hash",
                    "Parent Relationship": "Inner",
                    "Parallel Aware": true,
                    "Startup Cost": 54588.39,
                    "Total Cost": 54588.39,
                    "Plan Rows": 426739,
                    "Plan Width": 4,
                    "Actual Startup Time": 248.946,
                    "Actual Total Time": 248.947,
                    "Actual Rows": 365492,
                    "Actual Loops": 2,
                    "Hash Buckets": 1048576,
                    "Original Hash Buckets": 1048576,
                    "Hash Batches": 1,
                    "Original Hash Batches": 1,
                    "Peak Memory Usage": 36800,
                    "Plans": [
                      {
                        "Node Type": "Seq Scan",
                        "Parent Relationship": "Outer",
                        "Parallel Aware": true,
                        "Relation Name": "title",
                        "Alias": "t",
                        "Startup Cost": 0.0,
                        "Total Cost": 54588.39,
                        "Plan Rows": 426739,
                        "Plan Width": 4,
                        "Actual Startup Time": 0.026,
                        "Actual Total Time": 148.232,
                        "Actual Rows": 365492,
                        "Actual Loops": 2,
                        "Filter": "(production_year < 1992)",
                        "Rows Removed by Filter": 898664
                      }
                    ]
                  }
                ]
              }
            ]
          }
        ]
      }
    ]
  },
  "Planning Time": 0.408,
  "Triggers": [],
  "Execution Time": 699.059
}