{
  "Plan": {
    "Node Type": "Aggregate",
    "Strategy": "Plain",
    "Partial Mode": "Finalize",
    "Parallel Aware": false,
    "Startup Cost": 254414.4,
    "Total Cost": 254414.41,
    "Plan Rows": 1,
    "Plan Width": 8,
    "Actual Startup Time": 215.915,
    "Actual Total Time": 248.529,
    "Actual Rows": 1,
    "Actual Loops": 1,
    "Plans": [
      {
        "Node Type": "Gather",
        "Parent Relationship": "Outer",
        "Parallel Aware": false,
        "Startup Cost": 254414.28,
        "Total Cost": 254414.39,
        "Plan Rows": 1,
        "Plan Width": 8,
        "Actual Startup Time": 215.807,
        "Actual Total Time": 248.522,
        "Actual Rows": 2,
        "Actual Loops": 1,
        "Workers Planned": 1,
        "Workers Launched": 1,
        "Single Copy": false,
        "Plans": [
          {
            "Node Type": "Aggregate",
            "Strategy": "Plain",
            "Partial Mode": "Partial",
            "Parent Relationship": "Outer",
            "Parallel Aware": false,
            "Startup Cost": 253414.28,
            "Total Cost": 253414.29,
            "Plan Rows": 1,
            "Plan Width": 8,
            "Actual Startup Time": 209.716,
            "Actual Total Time": 209.718,
            "Actual Rows": 1,
            "Actual Loops": 2,
            "Plans": [
              {
                "Node Type": "Nested Loop",
                "Parent Relationship": "Outer",
                "Parallel Aware": false,
                "Join Type": "Inner",
                "Startup Cost": 0.56,
                "Total Cost": 253360.66,
                "Plan Rows": 21451,
                "Plan Width": 0,
                "Actual Startup Time": 3.938,
                "Actual Total Time": 207.947,
                "Actual Rows": 27757,
                "Actual Loops": 2,
                "Inner Unique": false,
                "Plans": [
                  {
                    "Node Type": "Seq Scan",
                    "Parent Relationship": "Outer",
                    "Parallel Aware": true,
                    "Relation Name": "title",
                    "Alias": "t",
                    "Startup Cost": 0.0,
                    "Total Cost": 58306.47,
                    "Plan Rows": 1497,
                    "Plan Width": 4,
                    "Actual Startup Time": 3.788,
                    "Actual Total Time": 132.358,
                    "Actual Rows": 1658,
                    "Actual Loops": 2,
                    "Filter": "((kind_id < 7) AND (production_year = 1955))",
                    "Rows Removed by Filter": 1262498
                  },
                  {
                    "Node Type": "Index Only Scan",
                    "Parent Relationship": "Inner",
                    "Parallel Aware": false,
                    "Scan Direction": "Forward",
                    "Index Name": "movie_id_cast_info",
                    "Relation Name": "cast_info",
                    "Alias": "ci",
                    "Startup Cost": 0.56,
                    "Total Cost": 129.93,
                    "Plan Rows": 37,
                    "Plan Width": 4,
                    "Actual Startup Time": 0.009,
                    "Actual Total Time": 0.044,
                    "Actual Rows": 17,
                    "Actual Loops": 3316,
                    "Index Cond": "(movie_id = t.id)",
                    "Rows Removed by Index Recheck": 0,
                    "Heap Fetches": 55514
                  }
                ]
              }
            ]
          }
        ]
      }
    ]
  },
  "Planning Time": 0.495,
  "Triggers": [],
  "Execution Time": 248.607
}