[
  {
    "Plan": {
      "Node Type": "Aggregate",
      "Strategy": "Plain",
      "Partial Mode": "Finalize",
      "Parallel Aware": false,
      "Startup Cost": 105958.16,
      "Total Cost": 105958.17,
      "Plan Rows": 1,
      "Plan Width": 8,
      "Actual Startup Time": 408.304,
      "Actual Total Time": 426.558,
      "Actual Rows": 1,
      "Actual Loops": 1,
      "Plans": [
        {
          "Node Type": "Gather",
          "Parent Relationship": "Outer",
          "Parallel Aware": false,
          "Startup Cost": 105957.94,
          "Total Cost": 105958.15,
          "Plan Rows": 2,
          "Plan Width": 8,
          "Actual Startup Time": 407.09,
          "Actual Total Time": 426.549,
          "Actual Rows": 3,
          "Actual Loops": 1,
          "Workers Planned": 2,
          "Workers Launched": 2,
          "Single Copy": false,
          "Plans": [
            {
              "Node Type": "Aggregate",
              "Strategy": "Plain",
              "Partial Mode": "Partial",
              "Parent Relationship": "Outer",
              "Parallel Aware": false,
              "Startup Cost": 104957.94,
              "Total Cost": 104957.95,
              "Plan Rows": 1,
              "Plan Width": 8,
              "Actual Startup Time": 403.332,
              "Actual Total Time": 403.444,
              "Actual Rows": 1,
              "Actual Loops": 3,
              "Plans": [
                {
                  "Node Type": "Hash Join",
                  "Parent Relationship": "Outer",
                  "Parallel Aware": true,
                  "Join Type": "Inner",
                  "Startup Cost": 88995.33,
                  "Total Cost": 104905.04,
                  "Plan Rows": 21161,
                  "Plan Width": 0,
                  "Actual Startup Time": 327.724,
                  "Actual Total Time": 401.109,
                  "Actual Rows": 55156,
                  "Actual Loops": 3,
                  "Inner Unique": false,
                  "Hash Cond": "(mi_idx.movie_id = t.id)",
                  "Plans": [
                    {
                      "Node Type": "Seq Scan",
                      "Parent Relationship": "Outer",
                      "Parallel Aware": true,
                      "Relation Name": "movie_info_idx",
                      "Alias": "mi_idx",
                      "Startup Cost": 0.0,
                      "Total Cost": 13685.15,
                      "Plan Rows": 575015,
                      "Plan Width": 4,
                      "Actual Startup Time": 0.022,
                      "Actual Total Time": 34.156,
                      "Actual Rows": 460012,
                      "Actual Loops": 3
                    },
                    {
                      "Node Type": "Hash",
                      "Parent Relationship": "Inner",
                      "Parallel Aware": true,
                      "Startup Cost": 88620.13,
                      "Total Cost": 88620.13,
                      "Plan Rows": 30016,
                      "Plan Width": 8,
                      "Actual Startup Time": 324.602,
                      "Actual Total Time": 324.711,
                      "Actual Rows": 25435,
                      "Actual Loops": 3,
                      "Hash Buckets": 131072,
                      "Original Hash Buckets": 131072,
                      "Hash Batches": 1,
                      "Original Hash Batches": 1,
                      "Peak Memory Usage": 4064,
                      "Plans": [
                        {
                          "Node Type": "Hash Join",
                          "Parent Relationship": "Outer",
                          "Parallel Aware": true,
                          "Join Type": "Inner",
                          "Startup Cost": 44277.27,
                          "Total Cost": 88620.13,
                          "Plan Rows": 30016,
                          "Plan Width": 8,
                          "Actual Startup Time": 127.547,
                          "Actual Total Time": 318.526,
                          "Actual Rows": 25435,
                          "Actual Loops": 3,
                          "Inner Unique": true,
                          "Hash Cond": "(mk.movie_id = t.id)",
                          "Plans": [
                            {
                              "Node Type": "Seq Scan",
                              "Parent Relationship": "Outer",
                              "Parallel Aware": true,
                              "Relation Name": "movie_keyword",
                              "Alias": "mk",
                              "Startup Cost": 0.0,
                              "Total Cost": 42695.65,
                              "Plan Rows": 627505,
                              "Plan Width": 4,
                              "Actual Startup Time": 0.504,
                              "Actual Total Time": 131.48,
                              "Actual Rows": 644917,
                              "Actual Loops": 3,
                              "Filter": "(keyword_id > 6857)",
                              "Rows Removed by Filter": 863059
                            },
                            {
                              "Node Type": "Hash",
                              "Parent Relationship": "Inner",
                              "Parallel Aware": true,
                              "Startup Cost": 43899.32,
                              "Total Cost": 43899.32,
                              "Plan Rows": 30236,
                              "Plan Width": 4,
                              "Actual Startup Time": 126.182,
                              "Actual Total Time": 126.183,
                              "Actual Rows": 39855,
                              "Actual Loops": 3,
                              "Hash Buckets": 131072,
                              "Original Hash Buckets": 131072,
                              "Hash Batches": 1,
                              "Original Hash Batches": 1,
                              "Peak Memory Usage": 5760,
                              "Plans": [
                                {
                                  "Node Type": "Seq Scan",
                                  "Parent Relationship": "Outer",
                                  "Parallel Aware": true,
                                  "Relation Name": "title",
                                  "Alias": "t",
                                  "Startup Cost": 0.0,
                                  "Total Cost": 43899.32,
                                  "Plan Rows": 30236,
                                  "Plan Width": 4,
                                  "Actual Startup Time": 0.038,
                                  "Actual Total Time": 110.436,
                                  "Actual Rows": 39855,
                                  "Actual Loops": 3,
                                  "Filter": "(production_year = 2007)",
                                  "Rows Removed by Filter": 802916
                                }
                              ]
                            }
                          ]
                        }
                      ]
                    }
                  ]
                }
              ]
            }
          ]
        }
      ]
    },
    "Planning Time": 1.599,
    "Triggers": [],
    "Execution Time": 426.64
  }
]