[
  {
    "Plan": {
      "Node Type": "Aggregate",
      "Strategy": "Plain",
      "Partial Mode": "Finalize",
      "Parallel Aware": false,
      "Startup Cost": 105968.06,
      "Total Cost": 105968.07,
      "Plan Rows": 1,
      "Plan Width": 8,
      "Actual Startup Time": 440.79,
      "Actual Total Time": 460.849,
      "Actual Rows": 1,
      "Actual Loops": 1,
      "Plans": [
        {
          "Node Type": "Gather",
          "Parent Relationship": "Outer",
          "Parallel Aware": false,
          "Startup Cost": 105967.85,
          "Total Cost": 105968.06,
          "Plan Rows": 2,
          "Plan Width": 8,
          "Actual Startup Time": 439.57,
          "Actual Total Time": 460.84,
          "Actual Rows": 3,
          "Actual Loops": 1,
          "Workers Planned": 2,
          "Workers Launched": 2,
          "Single Copy": false,
          "Plans": [
            {
              "Node Type": "Aggregate",
              "Strategy": "Plain",
              "Partial Mode": "Partial",
              "Parent Relationship": "Outer",
              "Parallel Aware": false,
              "Startup Cost": 104967.85,
              "Total Cost": 104967.86,
              "Plan Rows": 1,
              "Plan Width": 8,
              "Actual Startup Time": 431.737,
              "Actual Total Time": 431.823,
              "Actual Rows": 1,
              "Actual Loops": 3,
              "Plans": [
                {
                  "Node Type": "Hash Join",
                  "Parent Relationship": "Outer",
                  "Parallel Aware": true,
                  "Join Type": "Inner",
                  "Startup Cost": 89002.66,
                  "Total Cost": 104913.82,
                  "Plan Rows": 21610,
                  "Plan Width": 0,
                  "Actual Startup Time": 346.278,
                  "Actual Total Time": 429.298,
                  "Actual Rows": 55156,
                  "Actual Loops": 3,
                  "Inner Unique": false,
                  "Hash Cond": "(mi_idx.movie_id = t.id)",
                  "Plans": [
                    {
                      "Node Type": "Seq Scan",
                      "Parent Relationship": "Outer",
                      "Parallel Aware": true,
                      "Relation Name": "movie_info_idx",
                      "Alias": "mi_idx",
                      "Startup Cost": 0.0,
                      "Total Cost": 13685.15,
                      "Plan Rows": 575015,
                      "Plan Width": 4,
                      "Actual Startup Time": 0.031,
                      "Actual Total Time": 38.915,
                      "Actual Rows": 460012,
                      "Actual Loops": 3
                    },
                    {
                      "Node Type": "Hash",
                      "Parent Relationship": "Inner",
                      "Parallel Aware": true,
                      "Startup Cost": 88619.51,
                      "Total Cost": 88619.51,
                      "Plan Rows": 30652,
                      "Plan Width": 8,
                      "Actual Startup Time": 342.932,
                      "Actual Total Time": 343.017,
                      "Actual Rows": 25435,
                      "Actual Loops": 3,
                      "Hash Buckets": 131072,
                      "Original Hash Buckets": 131072,
                      "Hash Batches": 1,
                      "Original Hash Batches": 1,
                      "Peak Memory Usage": 4032,
                      "Plans": [
                        {
                          "Node Type": "Hash Join",
                          "Parent Relationship": "Outer",
                          "Parallel Aware": true,
                          "Join Type": "Inner",
                          "Startup Cost": 44287.38,
                          "Total Cost": 88619.51,
                          "Plan Rows": 30652,
                          "Plan Width": 8,
                          "Actual Startup Time": 134.613,
                          "Actual Total Time": 336.414,
                          "Actual Rows": 25435,
                          "Actual Loops": 3,
                          "Inner Unique": true,
                          "Hash Cond": "(mk.movie_id = t.id)",
                          "Plans": [
                            {
                              "Node Type": "Seq Scan",
                              "Parent Relationship": "Outer",
                              "Parallel Aware": true,
                              "Relation Name": "movie_keyword",
                              "Alias": "mk",
                              "Startup Cost": 0.0,
                              "Total Cost": 42695.65,
                              "Plan Rows": 623420,
                              "Plan Width": 4,
                              "Actual Startup Time": 0.564,
                              "Actual Total Time": 141.997,
                              "Actual Rows": 644917,
                              "Actual Loops": 3,
                              "Filter": "(keyword_id > 6857)",
                              "Rows Removed by Filter": 863059
                            },
                            {
                              "Node Type": "Hash",
                              "Parent Relationship": "Inner",
                              "Parallel Aware": true,
                              "Startup Cost": 43898.92,
                              "Total Cost": 43898.92,
                              "Plan Rows": 31077,
                              "Plan Width": 4,
                              "Actual Startup Time": 133.252,
                              "Actual Total Time": 133.253,
                              "Actual Rows": 39855,
                              "Actual Loops": 3,
                              "Hash Buckets": 131072,
                              "Original Hash Buckets": 131072,
                              "Hash Batches": 1,
                              "Original Hash Batches": 1,
                              "Peak Memory Usage": 5728,
                              "Plans": [
                                {
                                  "Node Type": "Seq Scan",
                                  "Parent Relationship": "Outer",
                                  "Parallel Aware": true,
                                  "Relation Name": "title",
                                  "Alias": "t",
                                  "Startup Cost": 0.0,
                                  "Total Cost": 43898.92,
                                  "Plan Rows": 31077,
                                  "Plan Width": 4,
                                  "Actual Startup Time": 0.061,
                                  "Actual Total Time": 118.44,
                                  "Actual Rows": 39855,
                                  "Actual Loops": 3,
                                  "Filter": "(production_year = 2007)",
                                  "Rows Removed by Filter": 802916
                                }
                              ]
                            }
                          ]
                        }
                      ]
                    }
                  ]
                }
              ]
            }
          ]
        }
      ]
    },
    "Planning Time": 1.33,
    "Triggers": [],
    "Execution Time": 460.93
  }
]