[
  {
    "Plan": {
      "Node Type": "Aggregate",
      "Strategy": "Plain",
      "Partial Mode": "Finalize",
      "Parallel Aware": false,
      "Startup Cost": 65311.11,
      "Total Cost": 65311.12,
      "Plan Rows": 1,
      "Plan Width": 8,
      "Actual Startup Time": 119.036,
      "Actual Total Time": 133.569,
      "Actual Rows": 1,
      "Actual Loops": 1,
      "Plans": [
        {
          "Node Type": "Gather",
          "Parent Relationship": "Outer",
          "Parallel Aware": false,
          "Startup Cost": 65310.69,
          "Total Cost": 65311.1,
          "Plan Rows": 4,
          "Plan Width": 8,
          "Actual Startup Time": 118.836,
          "Actual Total Time": 133.559,
          "Actual Rows": 5,
          "Actual Loops": 1,
          "Workers Planned": 4,
          "Workers Launched": 4,
          "Single Copy": false,
          "Plans": [
            {
              "Node Type": "Aggregate",
              "Strategy": "Plain",
              "Partial Mode": "Partial",
              "Parent Relationship": "Outer",
              "Parallel Aware": false,
              "Startup Cost": 64310.69,
              "Total Cost": 64310.7,
              "Plan Rows": 1,
              "Plan Width": 8,
              "Actual Startup Time": 108.489,
              "Actual Total Time": 108.491,
              "Actual Rows": 1,
              "Actual Loops": 5,
              "Plans": [
                {
                  "Node Type": "Nested Loop",
                  "Parent Relationship": "Outer",
                  "Parallel Aware": false,
                  "Join Type": "Inner",
                  "Startup Cost": 0.43,
                  "Total Cost": 64309.77,
                  "Plan Rows": 366,
                  "Plan Width": 0,
                  "Actual Startup Time": 3.382,
                  "Actual Total Time": 108.401,
                  "Actual Rows": 528,
                  "Actual Loops": 5,
                  "Inner Unique": false,
                  "Plans": [
                    {
                      "Node Type": "Seq Scan",
                      "Parent Relationship": "Outer",
                      "Parallel Aware": true,
                      "Relation Name": "title",
                      "Alias": "t",
                      "Startup Cost": 0.0,
                      "Total Cost": 45479.59,
                      "Plan Rows": 1404,
                      "Plan Width": 4,
                      "Actual Startup Time": 1.027,
                      "Actual Total Time": 92.561,
                      "Actual Rows": 1133,
                      "Actual Loops": 5,
                      "Filter": "((kind_id < 3) AND (production_year = 1985))",
                      "Rows Removed by Filter": 504529
                    },
                    {
                      "Node Type": "Index Scan",
                      "Parent Relationship": "Inner",
                      "Parallel Aware": false,
                      "Scan Direction": "Forward",
                      "Index Name": "movie_id_movie_companies",
                      "Relation Name": "movie_companies",
                      "Alias": "mc",
                      "Startup Cost": 0.43,
                      "Total Cost": 13.4,
                      "Plan Rows": 1,
                      "Plan Width": 4,
                      "Actual Startup Time": 0.013,
                      "Actual Total Time": 0.013,
                      "Actual Rows": 0,
                      "Actual Loops": 5667,
                      "Index Cond": "(movie_id = t.id)",
                      "Rows Removed by Index Recheck": 0,
                      "Filter": "(company_id > 54026)",
                      "Rows Removed by Filter": 2
                    }
                  ]
                }
              ]
            }
          ]
        }
      ]
    },
    "Planning Time": 0.618,
    "Triggers": [],
    "Execution Time": 133.639
  }
]