[
  {
    "Plan": {
      "Node Type": "Aggregate",
      "Strategy": "Plain",
      "Partial Mode": "Finalize",
      "Parallel Aware": false,
      "Startup Cost": 65506.95,
      "Total Cost": 65506.96,
      "Plan Rows": 1,
      "Plan Width": 8,
      "Actual Startup Time": 107.411,
      "Actual Total Time": 121.59,
      "Actual Rows": 1,
      "Actual Loops": 1,
      "Plans": [
        {
          "Node Type": "Gather",
          "Parent Relationship": "Outer",
          "Parallel Aware": false,
          "Startup Cost": 65506.53,
          "Total Cost": 65506.94,
          "Plan Rows": 4,
          "Plan Width": 8,
          "Actual Startup Time": 107.263,
          "Actual Total Time": 121.581,
          "Actual Rows": 5,
          "Actual Loops": 1,
          "Workers Planned": 4,
          "Workers Launched": 4,
          "Single Copy": false,
          "Plans": [
            {
              "Node Type": "Aggregate",
              "Strategy": "Plain",
              "Partial Mode": "Partial",
              "Parent Relationship": "Outer",
              "Parallel Aware": false,
              "Startup Cost": 64506.53,
              "Total Cost": 64506.54,
              "Plan Rows": 1,
              "Plan Width": 8,
              "Actual Startup Time": 97.47,
              "Actual Total Time": 97.471,
              "Actual Rows": 1,
              "Actual Loops": 5,
              "Plans": [
                {
                  "Node Type": "Nested Loop",
                  "Parent Relationship": "Outer",
                  "Parallel Aware": false,
                  "Join Type": "Inner",
                  "Startup Cost": 0.43,
                  "Total Cost": 64505.62,
                  "Plan Rows": 364,
                  "Plan Width": 0,
                  "Actual Startup Time": 2.304,
                  "Actual Total Time": 97.39,
                  "Actual Rows": 528,
                  "Actual Loops": 5,
                  "Inner Unique": false,
                  "Plans": [
                    {
                      "Node Type": "Seq Scan",
                      "Parent Relationship": "Outer",
                      "Parallel Aware": true,
                      "Relation Name": "title",
                      "Alias": "t",
                      "Startup Cost": 0.0,
                      "Total Cost": 45479.1,
                      "Plan Rows": 1439,
                      "Plan Width": 4,
                      "Actual Startup Time": 0.862,
                      "Actual Total Time": 83.139,
                      "Actual Rows": 1133,
                      "Actual Loops": 5,
                      "Filter": "((kind_id < 3) AND (production_year = 1985))",
                      "Rows Removed by Filter": 504529
                    },
                    {
                      "Node Type": "Index Scan",
                      "Parent Relationship": "Inner",
                      "Parallel Aware": false,
                      "Scan Direction": "Forward",
                      "Index Name": "movie_id_movie_companies",
                      "Relation Name": "movie_companies",
                      "Alias": "mc",
                      "Startup Cost": 0.43,
                      "Total Cost": 13.21,
                      "Plan Rows": 1,
                      "Plan Width": 4,
                      "Actual Startup Time": 0.012,
                      "Actual Total Time": 0.012,
                      "Actual Rows": 0,
                      "Actual Loops": 5667,
                      "Index Cond": "(movie_id = t.id)",
                      "Rows Removed by Index Recheck": 0,
                      "Filter": "(company_id > 54026)",
                      "Rows Removed by Filter": 2
                    }
                  ]
                }
              ]
            }
          ]
        }
      ]
    },
    "Planning Time": 0.687,
    "Triggers": [],
    "Execution Time": 121.669
  }
]