{
  "Plan": {
    "Node Type": "Aggregate",
    "Strategy": "Plain",
    "Partial Mode": "Finalize",
    "Parallel Aware": false,
    "Startup Cost": 100993.65,
    "Total Cost": 100993.66,
    "Plan Rows": 1,
    "Plan Width": 8,
    "Actual Startup Time": 554.035,
    "Actual Total Time": 567.207,
    "Actual Rows": 1,
    "Actual Loops": 1,
    "Plans": [
      {
        "Node Type": "Gather",
        "Parent Relationship": "Outer",
        "Parallel Aware": false,
        "Startup Cost": 100993.53,
        "Total Cost": 100993.64,
        "Plan Rows": 1,
        "Plan Width": 8,
        "Actual Startup Time": 552.852,
        "Actual Total Time": 567.201,
        "Actual Rows": 2,
        "Actual Loops": 1,
        "Workers Planned": 1,
        "Workers Launched": 1,
        "Single Copy": false,
        "Plans": [
          {
            "Node Type": "Aggregate",
            "Strategy": "Plain",
            "Partial Mode": "Partial",
            "Parent Relationship": "Outer",
            "Parallel Aware": false,
            "Startup Cost": 99993.53,
            "Total Cost": 99993.54,
            "Plan Rows": 1,
            "Plan Width": 8,
            "Actual Startup Time": 546.808,
            "Actual Total Time": 546.812,
            "Actual Rows": 1,
            "Actual Loops": 2,
            "Plans": [
              {
                "Node Type": "Hash Join",
                "Parent Relationship": "Outer",
                "Parallel Aware": true,
                "Join Type": "Inner",
                "Startup Cost": 37316.49,
                "Total Cost": 99244.48,
                "Plan Rows": 299622,
                "Plan Width": 0,
                "Actual Startup Time": 146.834,
                "Actual Total Time": 535.964,
                "Actual Rows": 260354,
                "Actual Loops": 2,
                "Inner Unique": false,
                "Hash Cond": "(t.id = mc.movie_id)",
                "Plans": [
                  {
                    "Node Type": "Seq Scan",
                    "Parent Relationship": "Outer",
                    "Parallel Aware": true,
                    "Relation Name": "title",
                    "Alias": "t",
                    "Startup Cost": 0.0,
                    "Total Cost": 50870.31,
                    "Plan Rows": 1487231,
                    "Plan Width": 4,
                    "Actual Startup Time": 0.009,
                    "Actual Total Time": 114.545,
                    "Actual Rows": 1264156,
                    "Actual Loops": 2
                  },
                  {
                    "Node Type": "Hash",
                    "Parent Relationship": "Inner",
                    "Parallel Aware": true,
                    "Startup Cost": 33571.22,
                    "Total Cost": 33571.22,
                    "Plan Rows": 299622,
                    "Plan Width": 4,
                    "Actual Startup Time": 141.207,
                    "Actual Total Time": 141.208,
                    "Actual Rows": 260354,
                    "Actual Loops": 2,
                    "Hash Buckets": 524288,
                    "Original Hash Buckets": 524288,
                    "Hash Batches": 1,
                    "Original Hash Batches": 1,
                    "Peak Memory Usage": 24512,
                    "Plans": [
                      {
                        "Node Type": "Bitmap Heap Scan",
                        "Parent Relationship": "Outer",
                        "Parallel Aware": true,
                        "Relation Name": "movie_companies",
                        "Alias": "mc",
                        "Startup Cost": 11035.95,
                        "Total Cost": 33571.22,
                        "Plan Rows": 299622,
                        "Plan Width": 4,
                        "Actual Startup Time": 42.313,
                        "Actual Total Time": 89.932,
                        "Actual Rows": 260354,
                        "Actual Loops": 2,
                        "Recheck Cond": "(company_id > 73303)",
                        "Rows Removed by Index Recheck": 0,
                        "Exact Heap Blocks": 4615,
                        "Lossy Heap Blocks": 0,
                        "Plans": [
                          {
                            "Node Type": "Bitmap Index Scan",
                            "Parent Relationship": "Outer",
                            "Parallel Aware": false,
                            "Index Name": "company_id_movie_companies",
                            "Startup Cost": 0.0,
                            "Total Cost": 10908.61,
                            "Plan Rows": 509357,
                            "Plan Width": 0,
                            "Actual Startup Time": 41.452,
                            "Actual Total Time": 41.453,
                            "Actual Rows": 520708,
                            "Actual Loops": 1,
                            "Index Cond": "(company_id > 73303)"
                          }
                        ]
                      }
                    ]
                  }
                ]
              }
            ]
          }
        ]
      }
    ]
  },
  "Planning Time": 0.593,
  "Triggers": [],
  "Execution Time": 567.292
}