[
  {
    "Plan": {
      "Node Type": "Aggregate",
      "Strategy": "Plain",
      "Partial Mode": "Finalize",
      "Parallel Aware": false,
      "Startup Cost": 292675.49,
      "Total Cost": 292675.5,
      "Plan Rows": 1,
      "Plan Width": 8,
      "Actual Startup Time": 3049.374,
      "Actual Total Time": 3093.662,
      "Actual Rows": 1,
      "Actual Loops": 1,
      "Plans": [
        {
          "Node Type": "Gather",
          "Parent Relationship": "Outer",
          "Parallel Aware": false,
          "Startup Cost": 292675.17,
          "Total Cost": 292675.48,
          "Plan Rows": 3,
          "Plan Width": 8,
          "Actual Startup Time": 3046.385,
          "Actual Total Time": 3093.65,
          "Actual Rows": 4,
          "Actual Loops": 1,
          "Workers Planned": 3,
          "Workers Launched": 3,
          "Single Copy": false,
          "Plans": [
            {
              "Node Type": "Aggregate",
              "Strategy": "Plain",
              "Partial Mode": "Partial",
              "Parent Relationship": "Outer",
              "Parallel Aware": false,
              "Startup Cost": 291675.17,
              "Total Cost": 291675.18,
              "Plan Rows": 1,
              "Plan Width": 8,
              "Actual Startup Time": 3035.659,
              "Actual Total Time": 3035.664,
              "Actual Rows": 1,
              "Actual Loops": 4,
              "Plans": [
                {
                  "Node Type": "Nested Loop",
                  "Parent Relationship": "Outer",
                  "Parallel Aware": false,
                  "Join Type": "Inner",
                  "Startup Cost": 63382.21,
                  "Total Cost": 290551.39,
                  "Plan Rows": 449515,
                  "Plan Width": 0,
                  "Actual Startup Time": 248.698,
                  "Actual Total Time": 2748.161,
                  "Actual Rows": 5932182,
                  "Actual Loops": 4,
                  "Inner Unique": false,
                  "Plans": [
                    {
                      "Node Type": "Hash Join",
                      "Parent Relationship": "Outer",
                      "Parallel Aware": true,
                      "Join Type": "Inner",
                      "Startup Cost": 63381.78,
                      "Total Cost": 91354.98,
                      "Plan Rows": 76556,
                      "Plan Width": 8,
                      "Actual Startup Time": 248.488,
                      "Actual Total Time": 375.792,
                      "Actual Rows": 127112,
                      "Actual Loops": 4,
                      "Inner Unique": true,
                      "Hash Cond": "(mk.movie_id = t.id)",
                      "Plans": [
                        {
                          "Node Type": "Bitmap Heap Scan",
                          "Parent Relationship": "Outer",
                          "Parallel Aware": true,
                          "Relation Name": "movie_keyword",
                          "Alias": "mk",
                          "Startup Cost": 15302.43,
                          "Total Cost": 42664.86,
                          "Plan Rows": 232674,
                          "Plan Width": 4,
                          "Actual Startup Time": 40.449,
                          "Actual Total Time": 97.161,
                          "Actual Rows": 180372,
                          "Actual Loops": 4,
                          "Recheck Cond": "(keyword_id < 643)",
                          "Rows Removed by Index Recheck": 0,
                          "Exact Heap Blocks": 7245,
                          "Lossy Heap Blocks": 0,
                          "Plans": [
                            {
                              "Node Type": "Bitmap Index Scan",
                              "Parent Relationship": "Outer",
                              "Parallel Aware": false,
                              "Index Name": "keyword_id_movie_keyword",
                              "Startup Cost": 0.0,
                              "Total Cost": 15122.11,
                              "Plan Rows": 721290,
                              "Plan Width": 0,
                              "Actual Startup Time": 36.887,
                              "Actual Total Time": 36.888,
                              "Actual Rows": 721487,
                              "Actual Loops": 1,
                              "Index Cond": "(keyword_id < 643)"
                            }
                          ]
                        },
                        {
                          "Node Type": "Hash",
                          "Parent Relationship": "Inner",
                          "Parallel Aware": true,
                          "Startup Cost": 45479.59,
                          "Total Cost": 45479.59,
                          "Plan Rows": 207981,
                          "Plan Width": 4,
                          "Actual Startup Time": 203.352,
                          "Actual Total Time": 203.352,
                          "Actual Rows": 186022,
                          "Actual Loops": 4,
                          "Hash Buckets": 1048576,
                          "Original Hash Buckets": 1048576,
                          "Hash Batches": 1,
                          "Original Hash Batches": 1,
                          "Peak Memory Usage": 37344,
                          "Plans": [
                            {
                              "Node Type": "Seq Scan",
                              "Parent Relationship": "Outer",
                              "Parallel Aware": true,
                              "Relation Name": "title",
                              "Alias": "t",
                              "Startup Cost": 0.0,
                              "Total Cost": 45479.59,
                              "Plan Rows": 207981,
                              "Plan Width": 4,
                              "Actual Startup Time": 0.048,
                              "Actual Total Time": 106.794,
                              "Actual Rows": 186022,
                              "Actual Loops": 4,
                              "Filter": "((kind_id < 7) AND (production_year > 1967))",
                              "Rows Removed by Filter": 446056
                            }
                          ]
                        }
                      ]
                    },
                    {
                      "Node Type": "Index Only Scan",
                      "Parent Relationship": "Inner",
                      "Parallel Aware": false,
                      "Scan Direction": "Forward",
                      "Index Name": "movie_id_movie_info",
                      "Relation Name": "movie_info",
                      "Alias": "mi",
                      "Startup Cost": 0.43,
                      "Total Cost": 2.19,
                      "Plan Rows": 41,
                      "Plan Width": 4,
                      "Actual Startup Time": 0.004,
                      "Actual Total Time": 0.015,
                      "Actual Rows": 47,
                      "Actual Loops": 508448,
                      "Index Cond": "(movie_id = t.id)",
                      "Rows Removed by Index Recheck": 0,
                      "Heap Fetches": 23728727
                    }
                  ]
                }
              ]
            }
          ]
        }
      ]
    },
    "Planning Time": 0.742,
    "Triggers": [],
    "Execution Time": 3093.738
  }
]