{
  "Plan": {
    "Node Type": "Aggregate",
    "Strategy": "Plain",
    "Partial Mode": "Finalize",
    "Parallel Aware": false,
    "Startup Cost": 600649.84,
    "Total Cost": 600649.85,
    "Plan Rows": 1,
    "Plan Width": 8,
    "Actual Startup Time": 2623.645,
    "Actual Total Time": 2689.312,
    "Actual Rows": 1,
    "Actual Loops": 1,
    "Plans": [
      {
        "Node Type": "Gather",
        "Parent Relationship": "Outer",
        "Parallel Aware": false,
        "Startup Cost": 600649.72,
        "Total Cost": 600649.83,
        "Plan Rows": 1,
        "Plan Width": 8,
        "Actual Startup Time": 2622.322,
        "Actual Total Time": 2689.3,
        "Actual Rows": 2,
        "Actual Loops": 1,
        "Workers Planned": 1,
        "Workers Launched": 1,
        "Single Copy": false,
        "Plans": [
          {
            "Node Type": "Aggregate",
            "Strategy": "Plain",
            "Partial Mode": "Partial",
            "Parent Relationship": "Outer",
            "Parallel Aware": false,
            "Startup Cost": 599649.72,
            "Total Cost": 599649.73,
            "Plan Rows": 1,
            "Plan Width": 8,
            "Actual Startup Time": 2616.243,
            "Actual Total Time": 2616.413,
            "Actual Rows": 1,
            "Actual Loops": 2,
            "Plans": [
              {
                "Node Type": "Hash Join",
                "Parent Relationship": "Outer",
                "Parallel Aware": true,
                "Join Type": "Inner",
                "Startup Cost": 295030.12,
                "Total Cost": 597852.63,
                "Plan Rows": 718837,
                "Plan Width": 0,
                "Actual Startup Time": 1227.138,
                "Actual Total Time": 2581.247,
                "Actual Rows": 879232,
                "Actual Loops": 2,
                "Inner Unique": false,
                "Hash Cond": "(mi.movie_id = t.id)",
                "Plans": [
                  {
                    "Node Type": "Seq Scan",
                    "Parent Relationship": "Outer",
                    "Parallel Aware": true,
                    "Relation Name": "movie_info",
                    "Alias": "mi",
                    "Startup Cost": 0.0,
                    "Total Cost": 270696.42,
                    "Plan Rows": 5579529,
                    "Plan Width": 4,
                    "Actual Startup Time": 0.02,
                    "Actual Total Time": 712.974,
                    "Actual Rows": 4782576,
                    "Actual Loops": 2,
                    "Filter": "(info_type_id < 16)",
                    "Rows Removed by Filter": 2635284
                  },
                  {
                    "Node Type": "Hash",
                    "Parent Relationship": "Inner",
                    "Parallel Aware": true,
                    "Startup Cost": 292635.03,
                    "Total Cost": 292635.03,
                    "Plan Rows": 191607,
                    "Plan Width": 8,
                    "Actual Startup Time": 1220.081,
                    "Actual Total Time": 1220.249,
                    "Actual Rows": 177504,
                    "Actual Loops": 2,
                    "Hash Buckets": 524288,
                    "Original Hash Buckets": 524288,
                    "Hash Batches": 1,
                    "Original Hash Batches": 1,
                    "Peak Memory Usage": 18016,
                    "Plans": [
                      {
                        "Node Type": "Hash Join",
                        "Parent Relationship": "Outer",
                        "Parallel Aware": true,
                        "Join Type": "Inner",
                        "Startup Cost": 55411.27,
                        "Total Cost": 292635.03,
                        "Plan Rows": 191607,
                        "Plan Width": 8,
                        "Actual Startup Time": 148.567,
                        "Actual Total Time": 1170.075,
                        "Actual Rows": 177504,
                        "Actual Loops": 2,
                        "Inner Unique": true,
                        "Hash Cond": "(ci.movie_id = t.id)",
                        "Plans": [
                          {
                            "Node Type": "Index Scan",
                            "Parent Relationship": "Outer",
                            "Parallel Aware": true,
                            "Scan Direction": "Forward",
                            "Index Name": "role_id_cast_info",
                            "Relation Name": "cast_info",
                            "Alias": "ci",
                            "Startup Cost": 0.56,
                            "Total Cost": 225853.5,
                            "Plan Rows": 4331734,
                            "Plan Width": 4,
                            "Actual Startup Time": 0.111,
                            "Actual Total Time": 504.093,
                            "Actual Rows": 3725986,
                            "Actual Loops": 2,
                            "Index Cond": "(role_id = 2)",
                            "Rows Removed by Index Recheck": 0
                          },
                          {
                            "Node Type": "Hash",
                            "Parent Relationship": "Inner",
                            "Parallel Aware": true,
                            "Startup Cost": 54588.39,
                            "Total Cost": 54588.39,
                            "Plan Rows": 65785,
                            "Plan Width": 4,
                            "Actual Startup Time": 147.527,
                            "Actual Total Time": 147.528,
                            "Actual Rows": 54214,
                            "Actual Loops": 2,
                            "Hash Buckets": 131072,
                            "Original Hash Buckets": 131072,
                            "Hash Batches": 1,
                            "Original Hash Batches": 1,
                            "Peak Memory Usage": 5280,
                            "Plans": [
                              {
                                "Node Type": "Seq Scan",
                                "Parent Relationship": "Outer",
                                "Parallel Aware": true,
                                "Relation Name": "title",
                                "Alias": "t",
                                "Startup Cost": 0.0,
                                "Total Cost": 54588.39,
                                "Plan Rows": 65785,
                                "Plan Width": 4,
                                "Actual Startup Time": 0.046,
                                "Actual Total Time": 133.028,
                                "Actual Rows": 54214,
                                "Actual Loops": 2,
                                "Filter": "(production_year = 2006)",
                                "Rows Removed by Filter": 1209942
                              }
                            ]
                          }
                        ]
                      }
                    ]
                  }
                ]
              }
            ]
          }
        ]
      }
    ]
  },
  "Planning Time": 0.937,
  "Triggers": [],
  "Execution Time": 2689.419
}