[
  {
    "Plan": {
      "Node Type": "Aggregate",
      "Strategy": "Plain",
      "Partial Mode": "Finalize",
      "Parallel Aware": false,
      "Startup Cost": 431994.23,
      "Total Cost": 431994.24,
      "Plan Rows": 1,
      "Plan Width": 8,
      "Actual Startup Time": 2482.226,
      "Actual Total Time": 2544.774,
      "Actual Rows": 1,
      "Actual Loops": 1,
      "Plans": [
        {
          "Node Type": "Gather",
          "Parent Relationship": "Outer",
          "Parallel Aware": false,
          "Startup Cost": 431993.61,
          "Total Cost": 431994.22,
          "Plan Rows": 6,
          "Plan Width": 8,
          "Actual Startup Time": 2458.215,
          "Actual Total Time": 2544.764,
          "Actual Rows": 7,
          "Actual Loops": 1,
          "Workers Planned": 6,
          "Workers Launched": 6,
          "Single Copy": false,
          "Plans": [
            {
              "Node Type": "Aggregate",
              "Strategy": "Plain",
              "Partial Mode": "Partial",
              "Parent Relationship": "Outer",
              "Parallel Aware": false,
              "Startup Cost": 430993.61,
              "Total Cost": 430993.62,
              "Plan Rows": 1,
              "Plan Width": 8,
              "Actual Startup Time": 2440.753,
              "Actual Total Time": 2440.757,
              "Actual Rows": 1,
              "Actual Loops": 7,
              "Plans": [
                {
                  "Node Type": "Hash Join",
                  "Parent Relationship": "Outer",
                  "Parallel Aware": true,
                  "Join Type": "Inner",
                  "Startup Cost": 73260.49,
                  "Total Cost": 425706.93,
                  "Plan Rows": 2114672,
                  "Plan Width": 0,
                  "Actual Startup Time": 416.89,
                  "Actual Total Time": 2264.179,
                  "Actual Rows": 3961566,
                  "Actual Loops": 7,
                  "Inner Unique": false,
                  "Hash Cond": "(ci.movie_id = t.id)",
                  "Plans": [
                    {
                      "Node Type": "Seq Scan",
                      "Parent Relationship": "Outer",
                      "Parallel Aware": true,
                      "Relation Name": "cast_info",
                      "Alias": "ci",
                      "Startup Cost": 0.0,
                      "Total Cost": 328162.03,
                      "Plan Rows": 4126206,
                      "Plan Width": 4,
                      "Actual Startup Time": 0.026,
                      "Actual Total Time": 627.449,
                      "Actual Rows": 3549342,
                      "Actual Loops": 7,
                      "Filter": "(person_id < 2558949)",
                      "Rows Removed by Filter": 1628422
                    },
                    {
                      "Node Type": "Hash",
                      "Parent Relationship": "Inner",
                      "Parallel Aware": true,
                      "Startup Cost": 66511.81,
                      "Total Cost": 66511.81,
                      "Plan Rows": 539894,
                      "Plan Width": 8,
                      "Actual Startup Time": 411.98,
                      "Actual Total Time": 411.983,
                      "Actual Rows": 194819,
                      "Actual Loops": 7,
                      "Hash Buckets": 2097152,
                      "Original Hash Buckets": 2097152,
                      "Hash Batches": 1,
                      "Original Hash Batches": 1,
                      "Peak Memory Usage": 69824,
                      "Plans": [
                        {
                          "Node Type": "Hash Join",
                          "Parent Relationship": "Outer",
                          "Parallel Aware": true,
                          "Join Type": "Inner",
                          "Startup Cost": 51317.25,
                          "Total Cost": 66511.81,
                          "Plan Rows": 539894,
                          "Plan Width": 8,
                          "Actual Startup Time": 260.635,
                          "Actual Total Time": 343.656,
                          "Actual Rows": 194819,
                          "Actual Loops": 7,
                          "Inner Unique": true,
                          "Hash Cond": "(mi_idx.movie_id = t.id)",
                          "Plans": [
                            {
                              "Node Type": "Seq Scan",
                              "Parent Relationship": "Outer",
                              "Parallel Aware": true,
                              "Relation Name": "movie_info_idx",
                              "Alias": "mi_idx",
                              "Startup Cost": 0.0,
                              "Total Cost": 13685.15,
                              "Plan Rows": 575015,
                              "Plan Width": 4,
                              "Actual Startup Time": 0.027,
                              "Actual Total Time": 20.654,
                              "Actual Rows": 197148,
                              "Actual Loops": 7
                            },
                            {
                              "Node Type": "Hash",
                              "Parent Relationship": "Inner",
                              "Parallel Aware": true,
                              "Startup Cost": 43898.92,
                              "Total Cost": 43898.92,
                              "Plan Rows": 593467,
                              "Plan Width": 4,
                              "Actual Startup Time": 256.721,
                              "Actual Total Time": 256.722,
                              "Actual Rows": 338708,
                              "Actual Loops": 7,
                              "Hash Buckets": 4194304,
                              "Original Hash Buckets": 4194304,
                              "Hash Batches": 1,
                              "Original Hash Batches": 1,
                              "Peak Memory Usage": 125600,
                              "Plans": [
                                {
                                  "Node Type": "Seq Scan",
                                  "Parent Relationship": "Outer",
                                  "Parallel Aware": true,
                                  "Relation Name": "title",
                                  "Alias": "t",
                                  "Startup Cost": 0.0,
                                  "Total Cost": 43898.92,
                                  "Plan Rows": 593467,
                                  "Plan Width": 4,
                                  "Actual Startup Time": 0.049,
                                  "Actual Total Time": 84.035,
                                  "Actual Rows": 338708,
                                  "Actual Loops": 7,
                                  "Filter": "(production_year > 1919)",
                                  "Rows Removed by Filter": 22479
                                }
                              ]
                            }
                          ]
                        }
                      ]
                    }
                  ]
                }
              ]
            }
          ]
        }
      ]
    },
    "Planning Time": 1.209,
    "Triggers": [],
    "Execution Time": 2544.863
  }
]