[
  {
    "Plan": {
      "Node Type": "Aggregate",
      "Strategy": "Plain",
      "Partial Mode": "Finalize",
      "Parallel Aware": false,
      "Startup Cost": 32741.66,
      "Total Cost": 32741.67,
      "Plan Rows": 1,
      "Plan Width": 8,
      "Actual Startup Time": 108.948,
      "Actual Total Time": 119.982,
      "Actual Rows": 1,
      "Actual Loops": 1,
      "Plans": [
        {
          "Node Type": "Gather",
          "Parent Relationship": "Outer",
          "Parallel Aware": false,
          "Startup Cost": 32741.34,
          "Total Cost": 32741.65,
          "Plan Rows": 3,
          "Plan Width": 8,
          "Actual Startup Time": 108.83,
          "Actual Total Time": 119.975,
          "Actual Rows": 4,
          "Actual Loops": 1,
          "Workers Planned": 3,
          "Workers Launched": 3,
          "Single Copy": false,
          "Plans": [
            {
              "Node Type": "Aggregate",
              "Strategy": "Plain",
              "Partial Mode": "Partial",
              "Parent Relationship": "Outer",
              "Parallel Aware": false,
              "Startup Cost": 31741.34,
              "Total Cost": 31741.35,
              "Plan Rows": 1,
              "Plan Width": 8,
              "Actual Startup Time": 103.255,
              "Actual Total Time": 103.256,
              "Actual Rows": 1,
              "Actual Loops": 4,
              "Plans": [
                {
                  "Node Type": "Seq Scan",
                  "Parent Relationship": "Outer",
                  "Parallel Aware": true,
                  "Relation Name": "movie_companies",
                  "Alias": "mc",
                  "Startup Cost": 0.0,
                  "Total Cost": 31414.82,
                  "Plan Rows": 130608,
                  "Plan Width": 0,
                  "Actual Startup Time": 47.209,
                  "Actual Total Time": 92.564,
                  "Actual Rows": 179413,
                  "Actual Loops": 4,
                  "Filter": "((company_id > 32339) AND (company_type_id = 2))",
                  "Rows Removed by Filter": 472869
                }
              ]
            }
          ]
        }
      ]
    },
    "Planning Time": 0.217,
    "Triggers": [],
    "Execution Time": 120.027
  }
]