[
  {
    "Plan": {
      "Node Type": "Aggregate",
      "Strategy": "Plain",
      "Partial Mode": "Finalize",
      "Parallel Aware": false,
      "Startup Cost": 43953.18,
      "Total Cost": 43953.19,
      "Plan Rows": 1,
      "Plan Width": 8,
      "Actual Startup Time": 147.642,
      "Actual Total Time": 157.054,
      "Actual Rows": 1,
      "Actual Loops": 1,
      "Plans": [
        {
          "Node Type": "Gather",
          "Parent Relationship": "Outer",
          "Parallel Aware": false,
          "Startup Cost": 43952.86,
          "Total Cost": 43953.17,
          "Plan Rows": 3,
          "Plan Width": 8,
          "Actual Startup Time": 147.315,
          "Actual Total Time": 157.046,
          "Actual Rows": 4,
          "Actual Loops": 1,
          "Workers Planned": 3,
          "Workers Launched": 3,
          "Single Copy": false,
          "Plans": [
            {
              "Node Type": "Aggregate",
              "Strategy": "Plain",
              "Partial Mode": "Partial",
              "Parent Relationship": "Outer",
              "Parallel Aware": false,
              "Startup Cost": 42952.86,
              "Total Cost": 42952.87,
              "Plan Rows": 1,
              "Plan Width": 8,
              "Actual Startup Time": 142.717,
              "Actual Total Time": 142.719,
              "Actual Rows": 1,
              "Actual Loops": 4,
              "Plans": [
                {
                  "Node Type": "Bitmap Heap Scan",
                  "Parent Relationship": "Outer",
                  "Parallel Aware": true,
                  "Relation Name": "movie_keyword",
                  "Alias": "mk",
                  "Startup Cost": 15063.2,
                  "Total Cost": 42380.25,
                  "Plan Rows": 229044,
                  "Plan Width": 0,
                  "Actual Startup Time": 55.949,
                  "Actual Total Time": 133.145,
                  "Actual Rows": 176912,
                  "Actual Loops": 4,
                  "Recheck Cond": "(keyword_id > 26687)",
                  "Rows Removed by Index Recheck": 0,
                  "Exact Heap Blocks": 10318,
                  "Lossy Heap Blocks": 0,
                  "Plans": [
                    {
                      "Node Type": "Bitmap Index Scan",
                      "Parent Relationship": "Outer",
                      "Parallel Aware": false,
                      "Index Name": "keyword_id_movie_keyword",
                      "Startup Cost": 0.0,
                      "Total Cost": 14885.7,
                      "Plan Rows": 710035,
                      "Plan Width": 0,
                      "Actual Startup Time": 56.444,
                      "Actual Total Time": 56.445,
                      "Actual Rows": 707649,
                      "Actual Loops": 1,
                      "Index Cond": "(keyword_id > 26687)"
                    }
                  ]
                }
              ]
            }
          ]
        }
      ]
    },
    "Planning Time": 0.131,
    "Triggers": [],
    "Execution Time": 157.119
  }
]