[
  {
    "Plan": {
      "Node Type": "Aggregate",
      "Strategy": "Plain",
      "Partial Mode": "Finalize",
      "Parallel Aware": false,
      "Startup Cost": 46660.13,
      "Total Cost": 46660.14,
      "Plan Rows": 1,
      "Plan Width": 8,
      "Actual Startup Time": 95.298,
      "Actual Total Time": 107.384,
      "Actual Rows": 1,
      "Actual Loops": 1,
      "Plans": [
        {
          "Node Type": "Gather",
          "Parent Relationship": "Outer",
          "Parallel Aware": false,
          "Startup Cost": 46659.71,
          "Total Cost": 46660.12,
          "Plan Rows": 4,
          "Plan Width": 8,
          "Actual Startup Time": 95.155,
          "Actual Total Time": 107.376,
          "Actual Rows": 5,
          "Actual Loops": 1,
          "Workers Planned": 4,
          "Workers Launched": 4,
          "Single Copy": false,
          "Plans": [
            {
              "Node Type": "Aggregate",
              "Strategy": "Plain",
              "Partial Mode": "Partial",
              "Parent Relationship": "Outer",
              "Parallel Aware": false,
              "Startup Cost": 45659.71,
              "Total Cost": 45659.72,
              "Plan Rows": 1,
              "Plan Width": 8,
              "Actual Startup Time": 86.256,
              "Actual Total Time": 86.256,
              "Actual Rows": 1,
              "Actual Loops": 5,
              "Plans": [
                {
                  "Node Type": "Seq Scan",
                  "Parent Relationship": "Outer",
                  "Parallel Aware": true,
                  "Relation Name": "title",
                  "Alias": "t",
                  "Startup Cost": 0.0,
                  "Total Cost": 45479.1,
                  "Plan Rows": 72246,
                  "Plan Width": 0,
                  "Actual Startup Time": 0.049,
                  "Actual Total Time": 83.715,
                  "Actual Rows": 37177,
                  "Actual Loops": 5,
                  "Filter": "((kind_id > 4) AND (production_year < 1978))",
                  "Rows Removed by Filter": 468486
                }
              ]
            }
          ]
        }
      ]
    },
    "Planning Time": 0.153,
    "Triggers": [],
    "Execution Time": 107.434
  }
]