{
  "Plan": {
    "Node Type": "Aggregate",
    "Strategy": "Plain",
    "Partial Mode": "Finalize",
    "Parallel Aware": false,
    "Startup Cost": 338441.27,
    "Total Cost": 338441.28,
    "Plan Rows": 1,
    "Plan Width": 8,
    "Actual Startup Time": 1176.083,
    "Actual Total Time": 1220.86,
    "Actual Rows": 1,
    "Actual Loops": 1,
    "Plans": [
      {
        "Node Type": "Gather",
        "Parent Relationship": "Outer",
        "Parallel Aware": false,
        "Startup Cost": 338441.16,
        "Total Cost": 338441.27,
        "Plan Rows": 1,
        "Plan Width": 8,
        "Actual Startup Time": 1175.559,
        "Actual Total Time": 1220.852,
        "Actual Rows": 2,
        "Actual Loops": 1,
        "Workers Planned": 1,
        "Workers Launched": 1,
        "Single Copy": false,
        "Plans": [
          {
            "Node Type": "Aggregate",
            "Strategy": "Plain",
            "Partial Mode": "Partial",
            "Parent Relationship": "Outer",
            "Parallel Aware": false,
            "Startup Cost": 337441.16,
            "Total Cost": 337441.17,
            "Plan Rows": 1,
            "Plan Width": 8,
            "Actual Startup Time": 1170.054,
            "Actual Total Time": 1170.057,
            "Actual Rows": 1,
            "Actual Loops": 2,
            "Plans": [
              {
                "Node Type": "Hash Join",
                "Parent Relationship": "Outer",
                "Parallel Aware": true,
                "Join Type": "Inner",
                "Startup Cost": 58969.19,
                "Total Cost": 337185.83,
                "Plan Rows": 102129,
                "Plan Width": 0,
                "Actual Startup Time": 163.645,
                "Actual Total Time": 1160.289,
                "Actual Rows": 186946,
                "Actual Loops": 2,
                "Inner Unique": true,
                "Hash Cond": "(mi.movie_id = t.id)",
                "Plans": [
                  {
                    "Node Type": "Seq Scan",
                    "Parent Relationship": "Outer",
                    "Parallel Aware": true,
                    "Relation Name": "movie_info",
                    "Alias": "mi",
                    "Startup Cost": 0.0,
                    "Total Cost": 270696.42,
                    "Plan Rows": 2864842,
                    "Plan Width": 4,
                    "Actual Startup Time": 0.011,
                    "Actual Total Time": 708.438,
                    "Actual Rows": 2461983,
                    "Actual Loops": 2,
                    "Filter": "(info_type_id < 5)",
                    "Rows Removed by Filter": 4955877
                  },
                  {
                    "Node Type": "Hash",
                    "Parent Relationship": "Inner",
                    "Parallel Aware": true,
                    "Startup Cost": 58306.47,
                    "Total Cost": 58306.47,
                    "Plan Rows": 53018,
                    "Plan Width": 4,
                    "Actual Startup Time": 160.164,
                    "Actual Total Time": 160.165,
                    "Actual Rows": 40495,
                    "Actual Loops": 2,
                    "Hash Buckets": 131072,
                    "Original Hash Buckets": 131072,
                    "Hash Batches": 1,
                    "Original Hash Batches": 1,
                    "Peak Memory Usage": 4224,
                    "Plans": [
                      {
                        "Node Type": "Seq Scan",
                        "Parent Relationship": "Outer",
                        "Parallel Aware": true,
                        "Relation Name": "title",
                        "Alias": "t",
                        "Startup Cost": 0.0,
                        "Total Cost": 58306.47,
                        "Plan Rows": 53018,
                        "Plan Width": 4,
                        "Actual Startup Time": 0.119,
                        "Actual Total Time": 148.78,
                        "Actual Rows": 40495,
                        "Actual Loops": 2,
                        "Filter": "((kind_id < 7) AND (production_year > 2011))",
                        "Rows Removed by Filter": 1223661
                      }
                    ]
                  }
                ]
              }
            ]
          }
        ]
      }
    ]
  },
  "Planning Time": 0.51,
  "Triggers": [],
  "Execution Time": 1220.94
}