{
    "Plan": {
        "Node Type": "Aggregate",
        "Strategy": "Plain",
        "Partial Mode": "Finalize",
        "Parallel Aware": false,
        "Startup Cost": 711428.98,
        "Total Cost": 711428.99,
        "Plan Rows": 1,
        "Plan Width": 8,
        "Actual Startup Time": 14414.515,
        "Actual Total Time": 14632.053,
        "Actual Rows": 1,
        "Actual Loops": 1,
        "Output": [
            "count(*)"
        ],
        "Plans": [
            {
                "Node Type": "Gather",
                "Parent Relationship": "Outer",
                "Parallel Aware": false,
                "Startup Cost": 711428.46,
                "Total Cost": 711428.97,
                "Plan Rows": 5,
                "Plan Width": 8,
                "Actual Startup Time": 14302.933,
                "Actual Total Time": 14632.02,
                "Actual Rows": 6,
                "Actual Loops": 1,
                "Output": [
                    "(PARTIAL count(*))"
                ],
                "Workers Planned": 5,
                "Workers Launched": 5,
                "Single Copy": false,
                "Plans": [
                    {
                        "Node Type": "Aggregate",
                        "Strategy": "Plain",
                        "Partial Mode": "Partial",
                        "Parent Relationship": "Outer",
                        "Parallel Aware": false,
                        "Startup Cost": 710428.46,
                        "Total Cost": 710428.47,
                        "Plan Rows": 1,
                        "Plan Width": 8,
                        "Actual Startup Time": 14258.839,
                        "Actual Total Time": 14265.38,
                        "Actual Rows": 1,
                        "Actual Loops": 6,
                        "Output": [
                            "PARTIAL count(*)"
                        ],
                        "Workers": [
                            {
                                "Worker Number": 0,
                                "Actual Startup Time": 14245.699,
                                "Actual Total Time": 14245.704,
                                "Actual Rows": 1,
                                "Actual Loops": 1
                            },
                            {
                                "Worker Number": 1,
                                "Actual Startup Time": 14266.894,
                                "Actual Total Time": 14266.9,
                                "Actual Rows": 1,
                                "Actual Loops": 1
                            },
                            {
                                "Worker Number": 2,
                                "Actual Startup Time": 14245.924,
                                "Actual Total Time": 14245.929,
                                "Actual Rows": 1,
                                "Actual Loops": 1
                            },
                            {
                                "Worker Number": 3,
                                "Actual Startup Time": 14246.207,
                                "Actual Total Time": 14246.212,
                                "Actual Rows": 1,
                                "Actual Loops": 1
                            },
                            {
                                "Worker Number": 4,
                                "Actual Startup Time": 14245.972,
                                "Actual Total Time": 14245.977,
                                "Actual Rows": 1,
                                "Actual Loops": 1
                            }
                        ],
                        "Plans": [
                            {
                                "Node Type": "Hash Join",
                                "Parent Relationship": "Outer",
                                "Parallel Aware": true,
                                "Join Type": "Inner",
                                "Startup Cost": 431306.83,
                                "Total Cost": 666710.46,
                                "Plan Rows": 17487201,
                                "Plan Width": 0,
                                "Actual Startup Time": 5405.671,
                                "Actual Total Time": 12632.237,
                                "Actual Rows": 41469710,
                                "Actual Loops": 6,
                                "Inner Unique": false,
                                "Hash Cond": "(mi.movie_id = t.id)",
                                "Workers": [
                                    {
                                        "Worker Number": 0,
                                        "Actual Startup Time": 5395.926,
                                        "Actual Total Time": 12638.719,
                                        "Actual Rows": 40599639,
                                        "Actual Loops": 1
                                    },
                                    {
                                        "Worker Number": 1,
                                        "Actual Startup Time": 5397.004,
                                        "Actual Total Time": 12636.972,
                                        "Actual Rows": 41176016,
                                        "Actual Loops": 1
                                    },
                                    {
                                        "Worker Number": 2,
                                        "Actual Startup Time": 5396.028,
                                        "Actual Total Time": 12618.816,
                                        "Actual Rows": 43074105,
                                        "Actual Loops": 1
                                    },
                                    {
                                        "Worker Number": 3,
                                        "Actual Startup Time": 5396.202,
                                        "Actual Total Time": 12607.198,
                                        "Actual Rows": 41432099,
                                        "Actual Loops": 1
                                    },
                                    {
                                        "Worker Number": 4,
                                        "Actual Startup Time": 5396.29,
                                        "Actual Total Time": 12588.116,
                                        "Actual Rows": 39682230,
                                        "Actual Loops": 1
                                    }
                                ],
                                "Plans": [
                                    {
                                        "Node Type": "Seq Scan",
                                        "Parent Relationship": "Outer",
                                        "Parallel Aware": true,
                                        "Relation Name": "movie_info",
                                        "Schema": "public",
                                        "Alias": "mi",
                                        "Startup Cost": 0.0,
                                        "Total Cost": 191503.19,
                                        "Plan Rows": 2951019,
                                        "Plan Width": 4,
                                        "Actual Startup Time": 0.035,
                                        "Actual Total Time": 299.935,
                                        "Actual Rows": 2472620,
                                        "Actual Loops": 6,
                                        "Output": [
                                            "mi.id",
                                            "mi.movie_id",
                                            "mi.info_type_id",
                                            "mi.info",
                                            "mi.note"
                                        ],
                                        "Workers": [
                                            {
                                                "Worker Number": 0,
                                                "Actual Startup Time": 0.038,
                                                "Actual Total Time": 312.254,
                                                "Actual Rows": 2423331,
                                                "Actual Loops": 1
                                            },
                                            {
                                                "Worker Number": 1,
                                                "Actual Startup Time": 0.043,
                                                "Actual Total Time": 316.813,
                                                "Actual Rows": 2473543,
                                                "Actual Loops": 1
                                            },
                                            {
                                                "Worker Number": 2,
                                                "Actual Startup Time": 0.038,
                                                "Actual Total Time": 320.019,
                                                "Actual Rows": 2566821,
                                                "Actual Loops": 1
                                            },
                                            {
                                                "Worker Number": 3,
                                                "Actual Startup Time": 0.033,
                                                "Actual Total Time": 313.105,
                                                "Actual Rows": 2476783,
                                                "Actual Loops": 1
                                            },
                                            {
                                                "Worker Number": 4,
                                                "Actual Startup Time": 0.043,
                                                "Actual Total Time": 317.464,
                                                "Actual Rows": 2340732,
                                                "Actual Loops": 1
                                            }
                                        ]
                                    },
                                    {
                                        "Node Type": "Hash",
                                        "Parent Relationship": "Inner",
                                        "Parallel Aware": true,
                                        "Startup Cost": 400093.55,
                                        "Total Cost": 400093.55,
                                        "Plan Rows": 2497063,
                                        "Plan Width": 8,
                                        "Actual Startup Time": 5385.583,
                                        "Actual Total Time": 5392.122,
                                        "Actual Rows": 3322707,
                                        "Actual Loops": 6,
                                        "Output": [
                                            "t.id",
                                            "ci.movie_id"
                                        ],
                                        "Hash Buckets": 33554432,
                                        "Original Hash Buckets": 16777216,
                                        "Hash Batches": 1,
                                        "Original Hash Batches": 1,
                                        "Peak Memory Usage": 1173216,
                                        "Workers": [
                                            {
                                                "Worker Number": 0,
                                                "Actual Startup Time": 5395.22,
                                                "Actual Total Time": 5395.223,
                                                "Actual Rows": 3290639,
                                                "Actual Loops": 1
                                            },
                                            {
                                                "Worker Number": 1,
                                                "Actual Startup Time": 5396.565,
                                                "Actual Total Time": 5396.569,
                                                "Actual Rows": 3355568,
                                                "Actual Loops": 1
                                            },
                                            {
                                                "Worker Number": 2,
                                                "Actual Startup Time": 5395.284,
                                                "Actual Total Time": 5395.287,
                                                "Actual Rows": 3532514,
                                                "Actual Loops": 1
                                            },
                                            {
                                                "Worker Number": 3,
                                                "Actual Startup Time": 5395.484,
                                                "Actual Total Time": 5395.488,
                                                "Actual Rows": 3373705,
                                                "Actual Loops": 1
                                            },
                                            {
                                                "Worker Number": 4,
                                                "Actual Startup Time": 5395.357,
                                                "Actual Total Time": 5395.361,
                                                "Actual Rows": 2773535,
                                                "Actual Loops": 1
                                            }
                                        ],
                                        "Plans": [
                                            {
                                                "Node Type": "Hash Join",
                                                "Parent Relationship": "Outer",
                                                "Parallel Aware": true,
                                                "Join Type": "Inner",
                                                "Startup Cost": 50219.81,
                                                "Total Cost": 400093.55,
                                                "Plan Rows": 2497063,
                                                "Plan Width": 8,
                                                "Actual Startup Time": 508.65,
                                                "Actual Total Time": 2964.05,
                                                "Actual Rows": 3322707,
                                                "Actual Loops": 6,
                                                "Output": [
                                                    "t.id",
                                                    "ci.movie_id"
                                                ],
                                                "Inner Unique": true,
                                                "Hash Cond": "(ci.movie_id = t.id)",
                                                "Workers": [
                                                    {
                                                        "Worker Number": 0,
                                                        "Actual Startup Time": 508.627,
                                                        "Actual Total Time": 2974.426,
                                                        "Actual Rows": 3290639,
                                                        "Actual Loops": 1
                                                    },
                                                    {
                                                        "Worker Number": 1,
                                                        "Actual Startup Time": 508.681,
                                                        "Actual Total Time": 2970.43,
                                                        "Actual Rows": 3355568,
                                                        "Actual Loops": 1
                                                    },
                                                    {
                                                        "Worker Number": 2,
                                                        "Actual Startup Time": 508.599,
                                                        "Actual Total Time": 2944.923,
                                                        "Actual Rows": 3532514,
                                                        "Actual Loops": 1
                                                    },
                                                    {
                                                        "Worker Number": 3,
                                                        "Actual Startup Time": 508.613,
                                                        "Actual Total Time": 2967.608,
                                                        "Actual Rows": 3373705,
                                                        "Actual Loops": 1
                                                    },
                                                    {
                                                        "Worker Number": 4,
                                                        "Actual Startup Time": 508.615,
                                                        "Actual Total Time": 2972.886,
                                                        "Actual Rows": 2773535,
                                                        "Actual Loops": 1
                                                    }
                                                ],
                                                "Plans": [
                                                    {
                                                        "Node Type": "Seq Scan",
                                                        "Parent Relationship": "Outer",
                                                        "Parallel Aware": true,
                                                        "Relation Name": "cast_info",
                                                        "Schema": "public",
                                                        "Alias": "ci",
                                                        "Startup Cost": 0.0,
                                                        "Total Cost": 343318.94,
                                                        "Plan Rows": 2497063,
                                                        "Plan Width": 4,
                                                        "Actual Startup Time": 227.976,
                                                        "Actual Total Time": 852.122,
                                                        "Actual Rows": 3322707,
                                                        "Actual Loops": 6,
                                                        "Output": [
                                                            "ci.id",
                                                            "ci.person_id",
                                                            "ci.movie_id",
                                                            "ci.person_role_id",
                                                            "ci.note",
                                                            "ci.nr_order",
                                                            "ci.role_id"
                                                        ],
                                                        "Filter": "((ci.person_id > 1295950) AND (ci.role_id > 1))",
                                                        "Rows Removed by Filter": 2718017,
                                                        "Workers": [
                                                            {
                                                                "Worker Number": 0,
                                                                "Actual Startup Time": 228.028,
                                                                "Actual Total Time": 852.702,
                                                                "Actual Rows": 3290639,
                                                                "Actual Loops": 1
                                                            },
                                                            {
                                                                "Worker Number": 1,
                                                                "Actual Startup Time": 227.891,
                                                                "Actual Total Time": 859.48,
                                                                "Actual Rows": 3355568,
                                                                "Actual Loops": 1
                                                            },
                                                            {
                                                                "Worker Number": 2,
                                                                "Actual Startup Time": 228.024,
                                                                "Actual Total Time": 853.875,
                                                                "Actual Rows": 3532514,
                                                                "Actual Loops": 1
                                                            },
                                                            {
                                                                "Worker Number": 3,
                                                                "Actual Startup Time": 228.024,
                                                                "Actual Total Time": 863.977,
                                                                "Actual Rows": 3373705,
                                                                "Actual Loops": 1
                                                            },
                                                            {
                                                                "Worker Number": 4,
                                                                "Actual Startup Time": 227.873,
                                                                "Actual Total Time": 912.051,
                                                                "Actual Rows": 2773535,
                                                                "Actual Loops": 1
                                                            }
                                                        ]
                                                    },
                                                    {
                                                        "Node Type": "Hash",
                                                        "Parent Relationship": "Inner",
                                                        "Parallel Aware": true,
                                                        "Startup Cost": 42318.81,
                                                        "Total Cost": 42318.81,
                                                        "Plan Rows": 632080,
                                                        "Plan Width": 4,
                                                        "Actual Startup Time": 276.353,
                                                        "Actual Total Time": 276.354,
                                                        "Actual Rows": 421385,
                                                        "Actual Loops": 6,
                                                        "Output": [
                                                            "t.id"
                                                        ],
                                                        "Hash Buckets": 4194304,
                                                        "Original Hash Buckets": 4194304,
                                                        "Hash Batches": 1,
                                                        "Original Hash Batches": 1,
                                                        "Peak Memory Usage": 131744,
                                                        "Workers": [
                                                            {
                                                                "Worker Number": 0,
                                                                "Actual Startup Time": 280.541,
                                                                "Actual Total Time": 280.542,
                                                                "Actual Rows": 394957,
                                                                "Actual Loops": 1
                                                            },
                                                            {
                                                                "Worker Number": 1,
                                                                "Actual Startup Time": 280.548,
                                                                "Actual Total Time": 280.549,
                                                                "Actual Rows": 406807,
                                                                "Actual Loops": 1
                                                            },
                                                            {
                                                                "Worker Number": 2,
                                                                "Actual Startup Time": 280.497,
                                                                "Actual Total Time": 280.498,
                                                                "Actual Rows": 403563,
                                                                "Actual Loops": 1
                                                            },
                                                            {
                                                                "Worker Number": 3,
                                                                "Actual Startup Time": 280.52,
                                                                "Actual Total Time": 280.521,
                                                                "Actual Rows": 396589,
                                                                "Actual Loops": 1
                                                            },
                                                            {
                                                                "Worker Number": 4,
                                                                "Actual Startup Time": 280.471,
                                                                "Actual Total Time": 280.472,
                                                                "Actual Rows": 392577,
                                                                "Actual Loops": 1
                                                            }
                                                        ],
                                                        "Plans": [
                                                            {
                                                                "Node Type": "Seq Scan",
                                                                "Parent Relationship": "Outer",
                                                                "Parallel Aware": true,
                                                                "Relation Name": "title",
                                                                "Schema": "public",
                                                                "Alias": "t",
                                                                "Startup Cost": 0.0,
                                                                "Total Cost": 42318.81,
                                                                "Plan Rows": 632080,
                                                                "Plan Width": 4,
                                                                "Actual Startup Time": 0.059,
                                                                "Actual Total Time": 75.911,
                                                                "Actual Rows": 421385,
                                                                "Actual Loops": 6,
                                                                "Output": [
                                                                    "t.id"
                                                                ],
                                                                "Workers": [
                                                                    {
                                                                        "Worker Number": 0,
                                                                        "Actual Startup Time": 0.075,
                                                                        "Actual Total Time": 78.588,
                                                                        "Actual Rows": 394957,
                                                                        "Actual Loops": 1
                                                                    },
                                                                    {
                                                                        "Worker Number": 1,
                                                                        "Actual Startup Time": 0.051,
                                                                        "Actual Total Time": 79.408,
                                                                        "Actual Rows": 406807,
                                                                        "Actual Loops": 1
                                                                    },
                                                                    {
                                                                        "Worker Number": 2,
                                                                        "Actual Startup Time": 0.064,
                                                                        "Actual Total Time": 78.763,
                                                                        "Actual Rows": 403563,
                                                                        "Actual Loops": 1
                                                                    },
                                                                    {
                                                                        "Worker Number": 3,
                                                                        "Actual Startup Time": 0.075,
                                                                        "Actual Total Time": 79.199,
                                                                        "Actual Rows": 396589,
                                                                        "Actual Loops": 1
                                                                    },
                                                                    {
                                                                        "Worker Number": 4,
                                                                        "Actual Startup Time": 0.069,
                                                                        "Actual Total Time": 78.565,
                                                                        "Actual Rows": 392577,
                                                                        "Actual Loops": 1
                                                                    }
                                                                ]
                                                            }
                                                        ]
                                                    }
                                                ]
                                            }
                                        ]
                                    }
                                ]
                            }
                        ]
                    }
                ]
            }
        ]
    },
    "Planning Time": 0.888,
    "Triggers": [],
    "Execution Time": 14632.13
}