[
  {
    "Plan": {
      "Node Type": "Aggregate",
      "Strategy": "Plain",
      "Partial Mode": "Finalize",
      "Parallel Aware": false,
      "Startup Cost": 32950.41,
      "Total Cost": 32950.42,
      "Plan Rows": 1,
      "Plan Width": 8,
      "Actual Startup Time": 96.343,
      "Actual Total Time": 104.197,
      "Actual Rows": 1,
      "Actual Loops": 1,
      "Plans": [
        {
          "Node Type": "Gather",
          "Parent Relationship": "Outer",
          "Parallel Aware": false,
          "Startup Cost": 32950.1,
          "Total Cost": 32950.41,
          "Plan Rows": 3,
          "Plan Width": 8,
          "Actual Startup Time": 96.231,
          "Actual Total Time": 104.19,
          "Actual Rows": 4,
          "Actual Loops": 1,
          "Workers Planned": 3,
          "Workers Launched": 3,
          "Single Copy": false,
          "Plans": [
            {
              "Node Type": "Aggregate",
              "Strategy": "Plain",
              "Partial Mode": "Partial",
              "Parent Relationship": "Outer",
              "Parallel Aware": false,
              "Startup Cost": 31950.1,
              "Total Cost": 31950.11,
              "Plan Rows": 1,
              "Plan Width": 8,
              "Actual Startup Time": 88.576,
              "Actual Total Time": 88.577,
              "Actual Rows": 1,
              "Actual Loops": 4,
              "Plans": [
                {
                  "Node Type": "Seq Scan",
                  "Parent Relationship": "Outer",
                  "Parallel Aware": true,
                  "Relation Name": "movie_companies",
                  "Alias": "mc",
                  "Startup Cost": 0.0,
                  "Total Cost": 31414.82,
                  "Plan Rows": 214111,
                  "Plan Width": 0,
                  "Actual Startup Time": 22.993,
                  "Actual Total Time": 83.034,
                  "Actual Rows": 107949,
                  "Actual Loops": 4,
                  "Filter": "((company_id > 11151) AND (company_type_id < 2))",
                  "Rows Removed by Filter": 544334
                }
              ]
            }
          ]
        }
      ]
    },
    "Planning Time": 0.205,
    "Triggers": [],
    "Execution Time": 104.259
  }
]