{
  "Plan": {
    "Node Type": "Aggregate",
    "Strategy": "Plain",
    "Partial Mode": "Finalize",
    "Parallel Aware": false,
    "Startup Cost": 415949.58,
    "Total Cost": 415949.59,
    "Plan Rows": 1,
    "Plan Width": 8,
    "Actual Startup Time": 1499.892,
    "Actual Total Time": 1520.237,
    "Actual Rows": 1,
    "Actual Loops": 1,
    "Plans": [
      {
        "Node Type": "Gather",
        "Parent Relationship": "Outer",
        "Parallel Aware": false,
        "Startup Cost": 415949.46,
        "Total Cost": 415949.57,
        "Plan Rows": 1,
        "Plan Width": 8,
        "Actual Startup Time": 1493.541,
        "Actual Total Time": 1520.227,
        "Actual Rows": 2,
        "Actual Loops": 1,
        "Workers Planned": 1,
        "Workers Launched": 1,
        "Single Copy": false,
        "Plans": [
          {
            "Node Type": "Aggregate",
            "Strategy": "Plain",
            "Partial Mode": "Partial",
            "Parent Relationship": "Outer",
            "Parallel Aware": false,
            "Startup Cost": 414949.46,
            "Total Cost": 414949.47,
            "Plan Rows": 1,
            "Plan Width": 8,
            "Actual Startup Time": 1481.526,
            "Actual Total Time": 1481.53,
            "Actual Rows": 1,
            "Actual Loops": 2,
            "Plans": [
              {
                "Node Type": "Hash Join",
                "Parent Relationship": "Outer",
                "Parallel Aware": true,
                "Join Type": "Inner",
                "Startup Cost": 133491.58,
                "Total Cost": 413486.23,
                "Plan Rows": 585294,
                "Plan Width": 0,
                "Actual Startup Time": 642.375,
                "Actual Total Time": 1422.164,
                "Actual Rows": 1403262,
                "Actual Loops": 2,
                "Inner Unique": true,
                "Hash Cond": "(ci.movie_id = t.id)",
                "Plans": [
                  {
                    "Node Type": "Bitmap Heap Scan",
                    "Parent Relationship": "Outer",
                    "Parallel Aware": true,
                    "Relation Name": "cast_info",
                    "Alias": "ci",
                    "Startup Cost": 64030.88,
                    "Total Cost": 342489.13,
                    "Plan Rows": 585294,
                    "Plan Width": 4,
                    "Actual Startup Time": 108.348,
                    "Actual Total Time": 321.708,
                    "Actual Rows": 1403262,
                    "Actual Loops": 2,
                    "Recheck Cond": "(person_id > 3530147)",
                    "Rows Removed by Index Recheck": 0,
                    "Filter": "(role_id > 3)",
                    "Rows Removed by Filter": 0,
                    "Exact Heap Blocks": 20260,
                    "Lossy Heap Blocks": 0,
                    "Plans": [
                      {
                        "Node Type": "Bitmap Index Scan",
                        "Parent Relationship": "Outer",
                        "Parallel Aware": false,
                        "Index Name": "person_id_cast_info",
                        "Startup Cost": 0.0,
                        "Total Cost": 63782.13,
                        "Plan Rows": 2920742,
                        "Plan Width": 0,
                        "Actual Startup Time": 101.773,
                        "Actual Total Time": 101.774,
                        "Actual Rows": 2806524,
                        "Actual Loops": 1,
                        "Index Cond": "(person_id > 3530147)"
                      }
                    ]
                  },
                  {
                    "Node Type": "Hash",
                    "Parent Relationship": "Inner",
                    "Parallel Aware": true,
                    "Startup Cost": 50870.31,
                    "Total Cost": 50870.31,
                    "Plan Rows": 1487231,
                    "Plan Width": 4,
                    "Actual Startup Time": 512.353,
                    "Actual Total Time": 512.354,
                    "Actual Rows": 1264156,
                    "Actual Loops": 2,
                    "Hash Buckets": 4194304,
                    "Original Hash Buckets": 4194304,
                    "Hash Batches": 1,
                    "Original Hash Batches": 1,
                    "Peak Memory Usage": 131712,
                    "Plans": [
                      {
                        "Node Type": "Seq Scan",
                        "Parent Relationship": "Outer",
                        "Parallel Aware": true,
                        "Relation Name": "title",
                        "Alias": "t",
                        "Startup Cost": 0.0,
                        "Total Cost": 50870.31,
                        "Plan Rows": 1487231,
                        "Plan Width": 4,
                        "Actual Startup Time": 0.025,
                        "Actual Total Time": 150.001,
                        "Actual Rows": 1264156,
                        "Actual Loops": 2
                      }
                    ]
                  }
                ]
              }
            ]
          }
        ]
      }
    ]
  },
  "Planning Time": 0.689,
  "Triggers": [],
  "Execution Time": 1520.328
}