{
  "Plan": {
    "Node Type": "Aggregate",
    "Strategy": "Plain",
    "Partial Mode": "Simple",
    "Parallel Aware": false,
    "Startup Cost": 762447.09,
    "Total Cost": 762447.1,
    "Plan Rows": 1,
    "Plan Width": 64,
    "Actual Startup Time": 18394.444,
    "Actual Total Time": 18404.518,
    "Actual Rows": 1,
    "Actual Loops": 1,
    "Plans": [
      {
        "Node Type": "Nested Loop",
        "Parent Relationship": "Outer",
        "Parallel Aware": false,
        "Join Type": "Inner",
        "Startup Cost": 608566.17,
        "Total Cost": 762447.09,
        "Plan Rows": 1,
        "Plan Width": 32,
        "Actual Startup Time": 5916.481,
        "Actual Total Time": 18404.437,
        "Actual Rows": 184,
        "Actual Loops": 1,
        "Inner Unique": false,
        "Join Filter": "(mi.movie_id = t.id)",
        "Rows Removed by Join Filter": 178686732,
        "Plans": [
          {
            "Node Type": "Seq Scan",
            "Parent Relationship": "Outer",
            "Parallel Aware": false,
            "Relation Name": "title",
            "Alias": "t",
            "Startup Cost": 0.0,
            "Total Cost": 73925.64,
            "Plan Rows": 578035,
            "Plan Width": 21,
            "Actual Startup Time": 0.055,
            "Actual Total Time": 487.049,
            "Actual Rows": 574556,
            "Actual Loops": 1,
            "Filter": "((production_year >= 2005) AND (production_year <= 2009))",
            "Rows Removed by Filter": 1953756
          },
          {
            "Node Type": "Materialize",
            "Parent Relationship": "Inner",
            "Parallel Aware": false,
            "Startup Cost": 608566.17,
            "Total Cost": 679850.93,
            "Plan Rows": 1,
            "Plan Width": 27,
            "Actual Startup Time": 0.005,
            "Actual Total Time": 0.016,
            "Actual Rows": 311,
            "Actual Loops": 574556,
            "Plans": [
              {
                "Node Type": "Nested Loop",
                "Parent Relationship": "Outer",
                "Parallel Aware": false,
                "Join Type": "Inner",
                "Startup Cost": 608566.17,
                "Total Cost": 679850.92,
                "Plan Rows": 1,
                "Plan Width": 27,
                "Actual Startup Time": 3019.989,
                "Actual Total Time": 3128.683,
                "Actual Rows": 311,
                "Actual Loops": 1,
                "Inner Unique": true,
                "Plans": [
                  {
                    "Node Type": "Nested Loop",
                    "Parent Relationship": "Outer",
                    "Parallel Aware": false,
                    "Join Type": "Inner",
                    "Startup Cost": 608566.03,
                    "Total Cost": 679850.74,
                    "Plan Rows": 1,
                    "Plan Width": 31,
                    "Actual Startup Time": 3019.968,
                    "Actual Total Time": 3128.37,
                    "Actual Rows": 311,
                    "Actual Loops": 1,
                    "Inner Unique": false,
                    "Join Filter": "(ci.role_id = rt.id)",
                    "Rows Removed by Join Filter": 0,
                    "Plans": [
                      {
                        "Node Type": "Seq Scan",
                        "Parent Relationship": "Outer",
                        "Parallel Aware": false,
                        "Relation Name": "role_type",
                        "Alias": "rt",
                        "Startup Cost": 0.0,
                        "Total Cost": 1.15,
                        "Plan Rows": 1,
                        "Plan Width": 4,
                        "Actual Startup Time": 0.01,
                        "Actual Total Time": 0.017,
                        "Actual Rows": 1,
                        "Actual Loops": 1,
                        "Filter": "((role)::text = 'actress'::text)",
                        "Rows Removed by Filter": 11
                      },
                      {
                        "Node Type": "Gather",
                        "Parent Relationship": "Inner",
                        "Parallel Aware": false,
                        "Startup Cost": 608566.03,
                        "Total Cost": 679849.52,
                        "Plan Rows": 6,
                        "Plan Width": 35,
                        "Actual Startup Time": 3019.956,
                        "Actual Total Time": 3128.302,
                        "Actual Rows": 311,
                        "Actual Loops": 1,
                        "Workers Planned": 4,
                        "Workers Launched": 4,
                        "Single Copy": false,
                        "Plans": [
                          {
                            "Node Type": "Nested Loop",
                            "Parent Relationship": "Outer",
                            "Parallel Aware": false,
                            "Join Type": "Inner",
                            "Startup Cost": 607566.03,
                            "Total Cost": 678848.92,
                            "Plan Rows": 2,
                            "Plan Width": 35,
                            "Actual Startup Time": 3011.31,
                            "Actual Total Time": 3096.682,
                            "Actual Rows": 62,
                            "Actual Loops": 5,
                            "Inner Unique": false,
                            "Join Filter": "(n.id = an.person_id)",
                            "Rows Removed by Join Filter": 0,
                            "Plans": [
                              {
                                "Node Type": "Nested Loop",
                                "Parent Relationship": "Outer",
                                "Parallel Aware": false,
                                "Join Type": "Inner",
                                "Startup Cost": 607565.6,
                                "Total Cost": 678848.37,
                                "Plan Rows": 1,
                                "Plan Width": 43,
                                "Actual Startup Time": 2985.324,
                                "Actual Total Time": 3096.289,
                                "Actual Rows": 51,
                                "Actual Loops": 5,
                                "Inner Unique": true,
                                "Plans": [
                                  {
                                    "Node Type": "Nested Loop",
                                    "Parent Relationship": "Outer",
                                    "Parallel Aware": false,
                                    "Join Type": "Inner",
                                    "Startup Cost": 607565.18,
                                    "Total Cost": 678847.39,
                                    "Plan Rows": 2,
                                    "Plan Width": 47,
                                    "Actual Startup Time": 2985.229,
                                    "Actual Total Time": 3095.879,
                                    "Actual Rows": 55,
                                    "Actual Loops": 5,
                                    "Inner Unique": true,
                                    "Plans": [
                                      {
                                        "Node Type": "Hash Join",
                                        "Parent Relationship": "Outer",
                                        "Parallel Aware": true,
                                        "Join Type": "Inner",
                                        "Startup Cost": 607564.75,
                                        "Total Cost": 678846.08,
                                        "Plan Rows": 2,
                                        "Plan Width": 51,
                                        "Actual Startup Time": 2985.091,
                                        "Actual Total Time": 3095.245,
                                        "Actual Rows": 59,
                                        "Actual Loops": 5,
                                        "Inner Unique": false,
                                        "Hash Cond": "(n.id = ci.person_id)",
                                        "Plans": [
                                          {
                                            "Node Type": "Seq Scan",
                                            "Parent Relationship": "Outer",
                                            "Parallel Aware": true,
                                            "Relation Name": "name",
                                            "Alias": "n",
                                            "Startup Cost": 0.0,
                                            "Total Cost": 71240.66,
                                            "Plan Rows": 24,
                                            "Plan Width": 19,
                                            "Actual Startup Time": 77.984,
                                            "Actual Total Time": 187.767,
                                            "Actual Rows": 1354,
                                            "Actual Loops": 5,
                                            "Filter": "((name ~~ '%Ang%'::text) AND ((gender)::text = 'f'::text))",
                                            "Rows Removed by Filter": 832145
                                          },
                                          {
                                            "Node Type": "Hash",
                                            "Parent Relationship": "Inner",
                                            "Parallel Aware": true,
                                            "Startup Cost": 606286.29,
                                            "Total Cost": 606286.29,
                                            "Plan Rows": 102277,
                                            "Plan Width": 32,
                                            "Actual Startup Time": 2903.201,
                                            "Actual Total Time": 2903.544,
                                            "Actual Rows": 47659,
                                            "Actual Loops": 5,
                                            "Hash Buckets": 524288,
                                            "Original Hash Buckets": 524288,
                                            "Hash Batches": 1,
                                            "Original Hash Batches": 1,
                                            "Peak Memory Usage": 19104,
                                            "Plans": [
                                              {
                                                "Node Type": "Nested Loop",
                                                "Parent Relationship": "Outer",
                                                "Parallel Aware": false,
                                                "Join Type": "Inner",
                                                "Startup Cost": 345235.53,
                                                "Total Cost": 606286.29,
                                                "Plan Rows": 102277,
                                                "Plan Width": 32,
                                                "Actual Startup Time": 1564.263,
                                                "Actual Total Time": 2883.221,
                                                "Actual Rows": 47659,
                                                "Actual Loops": 5,
                                                "Inner Unique": false,
                                                "Join Filter": "(mc.movie_id = mi.movie_id)",
                                                "Rows Removed by Join Filter": 0,
                                                "Plans": [
                                                  {
                                                    "Node Type": "Hash Join",
                                                    "Parent Relationship": "Outer",
                                                    "Parallel Aware": true,
                                                    "Join Type": "Inner",
                                                    "Startup Cost": 345235.1,
                                                    "Total Cost": 377854.48,
                                                    "Plan Rows": 98084,
                                                    "Plan Width": 24,
                                                    "Actual Startup Time": 1563.818,
                                                    "Actual Total Time": 1731.587,
                                                    "Actual Rows": 62232,
                                                    "Actual Loops": 5,
                                                    "Inner Unique": false,
                                                    "Hash Cond": "(mc.movie_id = ci.movie_id)",
                                                    "Plans": [
                                                      {
                                                        "Node Type": "Seq Scan",
                                                        "Parent Relationship": "Outer",
                                                        "Parallel Aware": true,
                                                        "Relation Name": "movie_companies",
                                                        "Alias": "mc",
                                                        "Startup Cost": 0.0,
                                                        "Total Cost": 31414.82,
                                                        "Plan Rows": 104109,
                                                        "Plan Width": 8,
                                                        "Actual Startup Time": 0.048,
                                                        "Actual Total Time": 108.895,
                                                        "Actual Rows": 118199,
                                                        "Actual Loops": 5,
                                                        "Filter": "((note IS NOT NULL) AND ((note ~~ '%(USA)%'::text) OR (note ~~ '%(worldwide)%'::text)))",
                                                        "Rows Removed by Filter": 403627
                                                      },
                                                      {
                                                        "Node Type": "Hash",
                                                        "Parent Relationship": "Inner",
                                                        "Parallel Aware": true,
                                                        "Startup Cost": 343331.56,
                                                        "Total Cost": 343331.56,
                                                        "Plan Rows": 152283,
                                                        "Plan Width": 16,
                                                        "Actual Startup Time": 1561.12,
                                                        "Actual Total Time": 1561.121,
                                                        "Actual Rows": 173495,
                                                        "Actual Loops": 5,
                                                        "Hash Buckets": 1048576,
                                                        "Original Hash Buckets": 1048576,
                                                        "Hash Batches": 1,
                                                        "Original Hash Batches": 1,
                                                        "Peak Memory Usage": 48992,
                                                        "Plans": [
                                                          {
                                                            "Node Type": "Seq Scan",
                                                            "Parent Relationship": "Outer",
                                                            "Parallel Aware": true,
                                                            "Relation Name": "cast_info",
                                                            "Alias": "ci",
                                                            "Startup Cost": 0.0,
                                                            "Total Cost": 343331.56,
                                                            "Plan Rows": 152283,
                                                            "Plan Width": 16,
                                                            "Actual Startup Time": 0.222,
                                                            "Actual Total Time": 1469.988,
                                                            "Actual Rows": 173495,
                                                            "Actual Loops": 5,
                                                            "Filter": "(note = ANY ('{(voice),\"(voice: Japanese version)\",\"(voice) (uncredited)\",\"(voice: English version)\"}'::text[]))",
                                                            "Rows Removed by Filter": 7075373
                                                          }
                                                        ]
                                                      }
                                                    ]
                                                  },
                                                  {
                                                    "Node Type": "Index Scan",
                                                    "Parent Relationship": "Inner",
                                                    "Parallel Aware": false,
                                                    "Scan Direction": "Forward",
                                                    "Index Name": "movie_id_movie_info",
                                                    "Relation Name": "movie_info",
                                                    "Alias": "mi",
                                                    "Startup Cost": 0.43,
                                                    "Total Cost": 2.3,
                                                    "Plan Rows": 2,
                                                    "Plan Width": 8,
                                                    "Actual Startup Time": 0.012,
                                                    "Actual Total Time": 0.018,
                                                    "Actual Rows": 1,
                                                    "Actual Loops": 311161,
                                                    "Index Cond": "(movie_id = ci.movie_id)",
                                                    "Rows Removed by Index Recheck": 0,
                                                    "Filter": "((info IS NOT NULL) AND ((info ~~ 'Japan:%200%'::text) OR (info ~~ 'USA:%200%'::text)))",
                                                    "Rows Removed by Filter": 62
                                                  }
                                                ]
                                              }
                                            ]
                                          }
                                        ]
                                      },
                                      {
                                        "Node Type": "Index Only Scan",
                                        "Parent Relationship": "Inner",
                                        "Parallel Aware": false,
                                        "Scan Direction": "Forward",
                                        "Index Name": "char_name_pkey",
                                        "Relation Name": "char_name",
                                        "Alias": "chn",
                                        "Startup Cost": 0.43,
                                        "Total Cost": 0.66,
                                        "Plan Rows": 1,
                                        "Plan Width": 4,
                                        "Actual Startup Time": 0.01,
                                        "Actual Total Time": 0.01,
                                        "Actual Rows": 1,
                                        "Actual Loops": 293,
                                        "Index Cond": "(id = ci.person_role_id)",
                                        "Rows Removed by Index Recheck": 0,
                                        "Heap Fetches": 275
                                      }
                                    ]
                                  },
                                  {
                                    "Node Type": "Index Scan",
                                    "Parent Relationship": "Inner",
                                    "Parallel Aware": false,
                                    "Scan Direction": "Forward",
                                    "Index Name": "company_name_pkey",
                                    "Relation Name": "company_name",
                                    "Alias": "cn",
                                    "Startup Cost": 0.42,
                                    "Total Cost": 0.49,
                                    "Plan Rows": 1,
                                    "Plan Width": 4,
                                    "Actual Startup Time": 0.007,
                                    "Actual Total Time": 0.007,
                                    "Actual Rows": 1,
                                    "Actual Loops": 275,
                                    "Index Cond": "(id = mc.company_id)",
                                    "Rows Removed by Index Recheck": 0,
                                    "Filter": "((country_code)::text = '[us]'::text)",
                                    "Rows Removed by Filter": 0
                                  }
                                ]
                              },
                              {
                                "Node Type": "Index Only Scan",
                                "Parent Relationship": "Inner",
                                "Parallel Aware": false,
                                "Scan Direction": "Forward",
                                "Index Name": "person_id_aka_name",
                                "Relation Name": "aka_name",
                                "Alias": "an",
                                "Startup Cost": 0.42,
                                "Total Cost": 0.52,
                                "Plan Rows": 2,
                                "Plan Width": 4,
                                "Actual Startup Time": 0.007,
                                "Actual Total Time": 0.007,
                                "Actual Rows": 1,
                                "Actual Loops": 254,
                                "Index Cond": "(person_id = ci.person_id)",
                                "Rows Removed by Index Recheck": 0,
                                "Heap Fetches": 311
                              }
                            ]
                          }
                        ]
                      }
                    ]
                  },
                  {
                    "Node Type": "Index Scan",
                    "Parent Relationship": "Inner",
                    "Parallel Aware": false,
                    "Scan Direction": "Forward",
                    "Index Name": "info_type_pkey",
                    "Relation Name": "info_type",
                    "Alias": "it",
                    "Startup Cost": 0.14,
                    "Total Cost": 0.16,
                    "Plan Rows": 1,
                    "Plan Width": 4,
                    "Actual Startup Time": 0.001,
                    "Actual Total Time": 0.001,
                    "Actual Rows": 1,
                    "Actual Loops": 311,
                    "Index Cond": "(id = mi.info_type_id)",
                    "Rows Removed by Index Recheck": 0,
                    "Filter": "((info)::text = 'release dates'::text)",
                    "Rows Removed by Filter": 0
                  }
                ]
              }
            ]
          }
        ]
      }
    ]
  },
  "Planning Time": 34.852,
  "Triggers": [],
  "Execution Time": 18405.109
}