[
    {
        "Bao": {
            "Bao prediction": 1358.468,
            "Bao recommended hint": "(no hint)"
        }
    },
    {
        "Plan": {
            "Node Type": "Aggregate",
            "Strategy": "Plain",
            "Partial Mode": "Finalize",
            "Parallel Aware": false,
            "Startup Cost": 270569.99,
            "Total Cost": 270570.0,
            "Plan Rows": 1,
            "Plan Width": 8,
            "Actual Startup Time": 923.392,
            "Actual Total Time": 955.26,
            "Actual Rows": 1,
            "Actual Loops": 1,
            "Output": [
                "count(*)"
            ],
            "Plans": [
                {
                    "Node Type": "Gather",
                    "Parent Relationship": "Outer",
                    "Parallel Aware": false,
                    "Startup Cost": 270569.68,
                    "Total Cost": 270569.99,
                    "Plan Rows": 3,
                    "Plan Width": 8,
                    "Actual Startup Time": 900.611,
                    "Actual Total Time": 955.248,
                    "Actual Rows": 4,
                    "Actual Loops": 1,
                    "Output": [
                        "(PARTIAL count(*))"
                    ],
                    "Workers Planned": 3,
                    "Workers Launched": 3,
                    "Single Copy": false,
                    "Plans": [
                        {
                            "Node Type": "Aggregate",
                            "Strategy": "Plain",
                            "Partial Mode": "Partial",
                            "Parent Relationship": "Outer",
                            "Parallel Aware": false,
                            "Startup Cost": 269569.68,
                            "Total Cost": 269569.69,
                            "Plan Rows": 1,
                            "Plan Width": 8,
                            "Actual Startup Time": 891.814,
                            "Actual Total Time": 891.987,
                            "Actual Rows": 1,
                            "Actual Loops": 4,
                            "Output": [
                                "PARTIAL count(*)"
                            ],
                            "Workers": [
                                {
                                    "Worker Number": 0,
                                    "Actual Startup Time": 888.896,
                                    "Actual Total Time": 888.902,
                                    "Actual Rows": 1,
                                    "Actual Loops": 1
                                },
                                {
                                    "Worker Number": 1,
                                    "Actual Startup Time": 889.727,
                                    "Actual Total Time": 889.733,
                                    "Actual Rows": 1,
                                    "Actual Loops": 1
                                },
                                {
                                    "Worker Number": 2,
                                    "Actual Startup Time": 888.881,
                                    "Actual Total Time": 888.897,
                                    "Actual Rows": 1,
                                    "Actual Loops": 1
                                }
                            ],
                            "Plans": [
                                {
                                    "Node Type": "Hash Join",
                                    "Parent Relationship": "Outer",
                                    "Parallel Aware": true,
                                    "Join Type": "Inner",
                                    "Startup Cost": 241913.23,
                                    "Total Cost": 269434.78,
                                    "Plan Rows": 53960,
                                    "Plan Width": 0,
                                    "Actual Startup Time": 751.909,
                                    "Actual Total Time": 882.653,
                                    "Actual Rows": 127590,
                                    "Actual Loops": 4,
                                    "Inner Unique": false,
                                    "Hash Cond": "(mk.movie_id = t.id)",
                                    "Workers": [
                                        {
                                            "Worker Number": 0,
                                            "Actual Startup Time": 749.059,
                                            "Actual Total Time": 879.569,
                                            "Actual Rows": 134170,
                                            "Actual Loops": 1
                                        },
                                        {
                                            "Worker Number": 1,
                                            "Actual Startup Time": 749.176,
                                            "Actual Total Time": 880.731,
                                            "Actual Rows": 115048,
                                            "Actual Loops": 1
                                        },
                                        {
                                            "Worker Number": 2,
                                            "Actual Startup Time": 749.188,
                                            "Actual Total Time": 879.539,
                                            "Actual Rows": 121724,
                                            "Actual Loops": 1
                                        }
                                    ],
                                    "Plans": [
                                        {
                                            "Node Type": "Bitmap Heap Scan",
                                            "Parent Relationship": "Outer",
                                            "Parallel Aware": true,
                                            "Relation Name": "movie_keyword",
                                            "Schema": "public",
                                            "Alias": "mk",
                                            "Startup Cost": 11976.13,
                                            "Total Cost": 38706.77,
                                            "Plan Rows": 182131,
                                            "Plan Width": 4,
                                            "Actual Startup Time": 60.527,
                                            "Actual Total Time": 129.324,
                                            "Actual Rows": 141568,
                                            "Actual Loops": 4,
                                            "Output": [
                                                "mk.id",
                                                "mk.movie_id",
                                                "mk.keyword_id"
                                            ],
                                            "Recheck Cond": "(mk.keyword_id < 399)",
                                            "Rows Removed by Index Recheck": 0,
                                            "Exact Heap Blocks": 6618,
                                            "Lossy Heap Blocks": 0,
                                            "Workers": [
                                                {
                                                    "Worker Number": 0,
                                                    "Actual Startup Time": 60.469,
                                                    "Actual Total Time": 131.018,
                                                    "Actual Rows": 152511,
                                                    "Actual Loops": 1
                                                },
                                                {
                                                    "Worker Number": 1,
                                                    "Actual Startup Time": 60.493,
                                                    "Actual Total Time": 132.032,
                                                    "Actual Rows": 129779,
                                                    "Actual Loops": 1
                                                },
                                                {
                                                    "Worker Number": 2,
                                                    "Actual Startup Time": 60.576,
                                                    "Actual Total Time": 131.516,
                                                    "Actual Rows": 130993,
                                                    "Actual Loops": 1
                                                }
                                            ],
                                            "Plans": [
                                                {
                                                    "Node Type": "Bitmap Index Scan",
                                                    "Parent Relationship": "Outer",
                                                    "Parallel Aware": false,
                                                    "Index Name": "keyword_id_movie_keyword",
                                                    "Startup Cost": 0.0,
                                                    "Total Cost": 11834.98,
                                                    "Plan Rows": 564606,
                                                    "Plan Width": 0,
                                                    "Actual Startup Time": 54.787,
                                                    "Actual Total Time": 54.788,
                                                    "Actual Rows": 566270,
                                                    "Actual Loops": 1,
                                                    "Index Cond": "(mk.keyword_id < 399)",
                                                    "Workers": [
                                                        {
                                                            "Worker Number": 0,
                                                            "Actual Startup Time": 54.787,
                                                            "Actual Total Time": 54.788,
                                                            "Actual Rows": 566270,
                                                            "Actual Loops": 1
                                                        }
                                                    ]
                                                }
                                            ]
                                        },
                                        {
                                            "Node Type": "Hash",
                                            "Parent Relationship": "Inner",
                                            "Parallel Aware": true,
                                            "Startup Cost": 228064.44,
                                            "Total Cost": 228064.44,
                                            "Plan Rows": 149813,
                                            "Plan Width": 8,
                                            "Actual Startup Time": 686.225,
                                            "Actual Total Time": 686.393,
                                            "Actual Rows": 200535,
                                            "Actual Loops": 4,
                                            "Output": [
                                                "t.id",
                                                "mi.movie_id"
                                            ],
                                            "Hash Buckets": 1048576,
                                            "Original Hash Buckets": 1048576,
                                            "Hash Batches": 1,
                                            "Original Hash Batches": 1,
                                            "Peak Memory Usage": 39616,
                                            "Workers": [
                                                {
                                                    "Worker Number": 0,
                                                    "Actual Startup Time": 688.21,
                                                    "Actual Total Time": 688.214,
                                                    "Actual Rows": 208515,
                                                    "Actual Loops": 1
                                                },
                                                {
                                                    "Worker Number": 1,
                                                    "Actual Startup Time": 688.167,
                                                    "Actual Total Time": 688.171,
                                                    "Actual Rows": 190579,
                                                    "Actual Loops": 1
                                                },
                                                {
                                                    "Worker Number": 2,
                                                    "Actual Startup Time": 688.13,
                                                    "Actual Total Time": 688.135,
                                                    "Actual Rows": 203325,
                                                    "Actual Loops": 1
                                                }
                                            ],
                                            "Plans": [
                                                {
                                                    "Node Type": "Hash Join",
                                                    "Parent Relationship": "Outer",
                                                    "Parallel Aware": true,
                                                    "Join Type": "Inner",
                                                    "Startup Cost": 63805.51,
                                                    "Total Cost": 228064.44,
                                                    "Plan Rows": 149813,
                                                    "Plan Width": 8,
                                                    "Actual Startup Time": 442.861,
                                                    "Actual Total Time": 595.613,
                                                    "Actual Rows": 200535,
                                                    "Actual Loops": 4,
                                                    "Output": [
                                                        "t.id",
                                                        "mi.movie_id"
                                                    ],
                                                    "Inner Unique": true,
                                                    "Hash Cond": "(mi.movie_id = t.id)",
                                                    "Workers": [
                                                        {
                                                            "Worker Number": 0,
                                                            "Actual Startup Time": 442.886,
                                                            "Actual Total Time": 594.883,
                                                            "Actual Rows": 208515,
                                                            "Actual Loops": 1
                                                        },
                                                        {
                                                            "Worker Number": 1,
                                                            "Actual Startup Time": 442.869,
                                                            "Actual Total Time": 595.754,
                                                            "Actual Rows": 190579,
                                                            "Actual Loops": 1
                                                        },
                                                        {
                                                            "Worker Number": 2,
                                                            "Actual Startup Time": 442.839,
                                                            "Actual Total Time": 594.562,
                                                            "Actual Rows": 203325,
                                                            "Actual Loops": 1
                                                        }
                                                    ],
                                                    "Plans": [
                                                        {
                                                            "Node Type": "Bitmap Heap Scan",
                                                            "Parent Relationship": "Outer",
                                                            "Parallel Aware": true,
                                                            "Relation Name": "movie_info",
                                                            "Schema": "public",
                                                            "Alias": "mi",
                                                            "Startup Cost": 13585.7,
                                                            "Total Cost": 177451.37,
                                                            "Plan Rows": 149813,
                                                            "Plan Width": 4,
                                                            "Actual Startup Time": 36.242,
                                                            "Actual Total Time": 74.431,
                                                            "Actual Rows": 200535,
                                                            "Actual Loops": 4,
                                                            "Output": [
                                                                "mi.id",
                                                                "mi.movie_id",
                                                                "mi.info_type_id",
                                                                "mi.info",
                                                                "mi.note"
                                                            ],
                                                            "Recheck Cond": "(mi.info_type_id = 1)",
                                                            "Rows Removed by Index Recheck": 0,
                                                            "Exact Heap Blocks": 1214,
                                                            "Lossy Heap Blocks": 0,
                                                            "Workers": [
                                                                {
                                                                    "Worker Number": 0,
                                                                    "Actual Startup Time": 36.276,
                                                                    "Actual Total Time": 75.054,
                                                                    "Actual Rows": 208515,
                                                                    "Actual Loops": 1
                                                                },
                                                                {
                                                                    "Worker Number": 1,
                                                                    "Actual Startup Time": 36.22,
                                                                    "Actual Total Time": 75.605,
                                                                    "Actual Rows": 190579,
                                                                    "Actual Loops": 1
                                                                },
                                                                {
                                                                    "Worker Number": 2,
                                                                    "Actual Startup Time": 36.201,
                                                                    "Actual Total Time": 74.789,
                                                                    "Actual Rows": 203325,
                                                                    "Actual Loops": 1
                                                                }
                                                            ],
                                                            "Plans": [
                                                                {
                                                                    "Node Type": "Bitmap Index Scan",
                                                                    "Parent Relationship": "Outer",
                                                                    "Parallel Aware": false,
                                                                    "Index Name": "info_type_id_movie_info",
                                                                    "Startup Cost": 0.0,
                                                                    "Total Cost": 13398.44,
                                                                    "Plan Rows": 749067,
                                                                    "Plan Width": 0,
                                                                    "Actual Startup Time": 35.21,
                                                                    "Actual Total Time": 35.21,
                                                                    "Actual Rows": 802140,
                                                                    "Actual Loops": 1,
                                                                    "Index Cond": "(mi.info_type_id = 1)"
                                                                }
                                                            ]
                                                        },
                                                        {
                                                            "Node Type": "Hash",
                                                            "Parent Relationship": "Inner",
                                                            "Parallel Aware": true,
                                                            "Startup Cost": 42318.81,
                                                            "Total Cost": 42318.81,
                                                            "Plan Rows": 632080,
                                                            "Plan Width": 4,
                                                            "Actual Startup Time": 397.374,
                                                            "Actual Total Time": 397.375,
                                                            "Actual Rows": 632078,
                                                            "Actual Loops": 4,
                                                            "Output": [
                                                                "t.id"
                                                            ],
                                                            "Hash Buckets": 4194304,
                                                            "Original Hash Buckets": 4194304,
                                                            "Hash Batches": 1,
                                                            "Original Hash Batches": 1,
                                                            "Peak Memory Usage": 131744,
                                                            "Workers": [
                                                                {
                                                                    "Worker Number": 0,
                                                                    "Actual Startup Time": 406.321,
                                                                    "Actual Total Time": 406.322,
                                                                    "Actual Rows": 626656,
                                                                    "Actual Loops": 1
                                                                },
                                                                {
                                                                    "Worker Number": 1,
                                                                    "Actual Startup Time": 406.34,
                                                                    "Actual Total Time": 406.341,
                                                                    "Actual Rows": 618214,
                                                                    "Actual Loops": 1
                                                                },
                                                                {
                                                                    "Worker Number": 2,
                                                                    "Actual Startup Time": 406.338,
                                                                    "Actual Total Time": 406.34,
                                                                    "Actual Rows": 611244,
                                                                    "Actual Loops": 1
                                                                }
                                                            ],
                                                            "Plans": [
                                                                {
                                                                    "Node Type": "Seq Scan",
                                                                    "Parent Relationship": "Outer",
                                                                    "Parallel Aware": true,
                                                                    "Relation Name": "title",
                                                                    "Schema": "public",
                                                                    "Alias": "t",
                                                                    "Startup Cost": 0.0,
                                                                    "Total Cost": 42318.81,
                                                                    "Plan Rows": 632080,
                                                                    "Plan Width": 4,
                                                                    "Actual Startup Time": 0.04,
                                                                    "Actual Total Time": 116.018,
                                                                    "Actual Rows": 632078,
                                                                    "Actual Loops": 4,
                                                                    "Output": [
                                                                        "t.id"
                                                                    ],
                                                                    "Workers": [
                                                                        {
                                                                            "Worker Number": 0,
                                                                            "Actual Startup Time": 0.043,
                                                                            "Actual Total Time": 120.566,
                                                                            "Actual Rows": 626656,
                                                                            "Actual Loops": 1
                                                                        },
                                                                        {
                                                                            "Worker Number": 1,
                                                                            "Actual Startup Time": 0.042,
                                                                            "Actual Total Time": 120.341,
                                                                            "Actual Rows": 618214,
                                                                            "Actual Loops": 1
                                                                        },
                                                                        {
                                                                            "Worker Number": 2,
                                                                            "Actual Startup Time": 0.063,
                                                                            "Actual Total Time": 120.91,
                                                                            "Actual Rows": 611244,
                                                                            "Actual Loops": 1
                                                                        }
                                                                    ]
                                                                }
                                                            ]
                                                        }
                                                    ]
                                                }
                                            ]
                                        }
                                    ]
                                }
                            ]
                        }
                    ]
                }
            ]
        },
        "Planning Time": 1475.984,
        "Triggers": [],
        "Execution Time": 955.428
    }
]