[
  {
    "Plan": {
      "Node Type": "Aggregate",
      "Strategy": "Plain",
      "Partial Mode": "Finalize",
      "Parallel Aware": false,
      "Startup Cost": 492117.42,
      "Total Cost": 492117.43,
      "Plan Rows": 1,
      "Plan Width": 8,
      "Actual Startup Time": 6013.607,
      "Actual Total Time": 6083.607,
      "Actual Rows": 1,
      "Actual Loops": 1,
      "Plans": [
        {
          "Node Type": "Gather",
          "Parent Relationship": "Outer",
          "Parallel Aware": false,
          "Startup Cost": 492116.79,
          "Total Cost": 492117.4,
          "Plan Rows": 6,
          "Plan Width": 8,
          "Actual Startup Time": 5989.512,
          "Actual Total Time": 6083.586,
          "Actual Rows": 7,
          "Actual Loops": 1,
          "Workers Planned": 6,
          "Workers Launched": 6,
          "Single Copy": false,
          "Plans": [
            {
              "Node Type": "Aggregate",
              "Strategy": "Plain",
              "Partial Mode": "Partial",
              "Parent Relationship": "Outer",
              "Parallel Aware": false,
              "Startup Cost": 491116.79,
              "Total Cost": 491116.8,
              "Plan Rows": 1,
              "Plan Width": 8,
              "Actual Startup Time": 5926.888,
              "Actual Total Time": 5927.463,
              "Actual Rows": 1,
              "Actual Loops": 7,
              "Plans": [
                {
                  "Node Type": "Hash Join",
                  "Parent Relationship": "Outer",
                  "Parallel Aware": true,
                  "Join Type": "Inner",
                  "Startup Cost": 107497.44,
                  "Total Cost": 475549.97,
                  "Plan Rows": 6226730,
                  "Plan Width": 0,
                  "Actual Startup Time": 1147.735,
                  "Actual Total Time": 5045.893,
                  "Actual Rows": 14946158,
                  "Actual Loops": 7,
                  "Inner Unique": false,
                  "Hash Cond": "(ci.movie_id = t.id)",
                  "Plans": [
                    {
                      "Node Type": "Seq Scan",
                      "Parent Relationship": "Outer",
                      "Parallel Aware": true,
                      "Relation Name": "cast_info",
                      "Alias": "ci",
                      "Startup Cost": 0.0,
                      "Total Cost": 328211.39,
                      "Plan Rows": 5267977,
                      "Plan Width": 4,
                      "Actual Startup Time": 0.051,
                      "Actual Total Time": 925.967,
                      "Actual Rows": 4515030,
                      "Actual Loops": 7,
                      "Filter": "(role_id < 10)",
                      "Rows Removed by Filter": 662734
                    },
                    {
                      "Node Type": "Hash",
                      "Parent Relationship": "Inner",
                      "Parallel Aware": true,
                      "Startup Cost": 95446.69,
                      "Total Cost": 95446.69,
                      "Plan Rows": 964060,
                      "Plan Width": 8,
                      "Actual Startup Time": 1134.075,
                      "Actual Total Time": 1134.647,
                      "Actual Rows": 428430,
                      "Actual Loops": 7,
                      "Hash Buckets": 4194304,
                      "Original Hash Buckets": 4194304,
                      "Hash Batches": 1,
                      "Original Hash Batches": 1,
                      "Peak Memory Usage": 150176,
                      "Plans": [
                        {
                          "Node Type": "Hash Join",
                          "Parent Relationship": "Outer",
                          "Parallel Aware": true,
                          "Join Type": "Inner",
                          "Startup Cost": 50220.38,
                          "Total Cost": 95446.69,
                          "Plan Rows": 964060,
                          "Plan Width": 8,
                          "Actual Startup Time": 547.185,
                          "Actual Total Time": 797.683,
                          "Actual Rows": 428430,
                          "Actual Loops": 7,
                          "Inner Unique": true,
                          "Hash Cond": "(mk.movie_id = t.id)",
                          "Plans": [
                            {
                              "Node Type": "Seq Scan",
                              "Parent Relationship": "Outer",
                              "Parallel Aware": true,
                              "Relation Name": "movie_keyword",
                              "Alias": "mk",
                              "Startup Cost": 0.0,
                              "Total Cost": 42695.65,
                              "Plan Rows": 964060,
                              "Plan Width": 4,
                              "Actual Startup Time": 0.049,
                              "Actual Total Time": 114.916,
                              "Actual Rows": 428430,
                              "Actual Loops": 7,
                              "Filter": "(keyword_id < 10532)",
                              "Rows Removed by Filter": 217846
                            },
                            {
                              "Node Type": "Hash",
                              "Parent Relationship": "Inner",
                              "Parallel Aware": true,
                              "Startup Cost": 42319.06,
                              "Total Cost": 42319.06,
                              "Plan Rows": 632106,
                              "Plan Width": 4,
                              "Actual Startup Time": 536.509,
                              "Actual Total Time": 536.51,
                              "Actual Rows": 361187,
                              "Actual Loops": 7,
                              "Hash Buckets": 4194304,
                              "Original Hash Buckets": 4194304,
                              "Hash Batches": 1,
                              "Original Hash Batches": 1,
                              "Peak Memory Usage": 131808,
                              "Plans": [
                                {
                                  "Node Type": "Seq Scan",
                                  "Parent Relationship": "Outer",
                                  "Parallel Aware": true,
                                  "Relation Name": "title",
                                  "Alias": "t",
                                  "Startup Cost": 0.0,
                                  "Total Cost": 42319.06,
                                  "Plan Rows": 632106,
                                  "Plan Width": 4,
                                  "Actual Startup Time": 0.073,
                                  "Actual Total Time": 110.935,
                                  "Actual Rows": 361187,
                                  "Actual Loops": 7
                                }
                              ]
                            }
                          ]
                        }
                      ]
                    }
                  ]
                }
              ]
            }
          ]
        }
      ]
    },
    "Planning Time": 1.476,
    "Triggers": [],
    "Execution Time": 6083.695
  }
]