{
  "Plan": {
    "Node Type": "Aggregate",
    "Strategy": "Plain",
    "Partial Mode": "Finalize",
    "Parallel Aware": false,
    "Startup Cost": 124753.93,
    "Total Cost": 124753.94,
    "Plan Rows": 1,
    "Plan Width": 8,
    "Actual Startup Time": 255.346,
    "Actual Total Time": 266.211,
    "Actual Rows": 1,
    "Actual Loops": 1,
    "Plans": [
      {
        "Node Type": "Gather",
        "Parent Relationship": "Outer",
        "Parallel Aware": false,
        "Startup Cost": 124753.81,
        "Total Cost": 124753.92,
        "Plan Rows": 1,
        "Plan Width": 8,
        "Actual Startup Time": 254.036,
        "Actual Total Time": 266.204,
        "Actual Rows": 2,
        "Actual Loops": 1,
        "Workers Planned": 1,
        "Workers Launched": 1,
        "Single Copy": false,
        "Plans": [
          {
            "Node Type": "Aggregate",
            "Strategy": "Plain",
            "Partial Mode": "Partial",
            "Parent Relationship": "Outer",
            "Parallel Aware": false,
            "Startup Cost": 123753.81,
            "Total Cost": 123753.82,
            "Plan Rows": 1,
            "Plan Width": 8,
            "Actual Startup Time": 248.303,
            "Actual Total Time": 248.307,
            "Actual Rows": 1,
            "Actual Loops": 2,
            "Plans": [
              {
                "Node Type": "Hash Join",
                "Parent Relationship": "Outer",
                "Parallel Aware": true,
                "Join Type": "Inner",
                "Startup Cost": 62816.61,
                "Total Cost": 123746.61,
                "Plan Rows": 2881,
                "Plan Width": 0,
                "Actual Startup Time": 239.589,
                "Actual Total Time": 248.286,
                "Actual Rows": 164,
                "Actual Loops": 2,
                "Inner Unique": true,
                "Hash Cond": "(mi.movie_id = t.id)",
                "Plans": [
                  {
                    "Node Type": "Bitmap Heap Scan",
                    "Parent Relationship": "Outer",
                    "Parallel Aware": true,
                    "Relation Name": "movie_info",
                    "Alias": "mi",
                    "Startup Cost": 404.29,
                    "Total Cost": 61300.05,
                    "Plan Rows": 13044,
                    "Plan Width": 4,
                    "Actual Startup Time": 2.754,
                    "Actual Total Time": 7.365,
                    "Actual Rows": 9270,
                    "Actual Loops": 2,
                    "Recheck Cond": "(info_type_id = 90)",
                    "Rows Removed by Index Recheck": 0,
                    "Exact Heap Blocks": 1493,
                    "Lossy Heap Blocks": 0,
                    "Plans": [
                      {
                        "Node Type": "Bitmap Index Scan",
                        "Parent Relationship": "Outer",
                        "Parallel Aware": false,
                        "Index Name": "info_type_id_movie_info",
                        "Startup Cost": 0.0,
                        "Total Cost": 398.75,
                        "Plan Rows": 22175,
                        "Plan Width": 0,
                        "Actual Startup Time": 2.396,
                        "Actual Total Time": 2.396,
                        "Actual Rows": 18539,
                        "Actual Loops": 1,
                        "Index Cond": "(info_type_id = 90)"
                      }
                    ]
                  },
                  {
                    "Node Type": "Hash",
                    "Parent Relationship": "Inner",
                    "Parallel Aware": true,
                    "Startup Cost": 58306.47,
                    "Total Cost": 58306.47,
                    "Plan Rows": 328468,
                    "Plan Width": 4,
                    "Actual Startup Time": 228.172,
                    "Actual Total Time": 228.172,
                    "Actual Rows": 227117,
                    "Actual Loops": 2,
                    "Hash Buckets": 1048576,
                    "Original Hash Buckets": 1048576,
                    "Hash Batches": 1,
                    "Original Hash Batches": 1,
                    "Peak Memory Usage": 25984,
                    "Plans": [
                      {
                        "Node Type": "Seq Scan",
                        "Parent Relationship": "Outer",
                        "Parallel Aware": true,
                        "Relation Name": "title",
                        "Alias": "t",
                        "Startup Cost": 0.0,
                        "Total Cost": 58306.47,
                        "Plan Rows": 328468,
                        "Plan Width": 4,
                        "Actual Startup Time": 0.038,
                        "Actual Total Time": 162.149,
                        "Actual Rows": 227117,
                        "Actual Loops": 2,
                        "Filter": "((production_year < 1998) AND (kind_id = 7))",
                        "Rows Removed by Filter": 1037039
                      }
                    ]
                  }
                ]
              }
            ]
          }
        ]
      }
    ]
  },
  "Planning Time": 0.617,
  "Triggers": [],
  "Execution Time": 266.299
}