[
  {
    "Plan": {
      "Node Type": "Aggregate",
      "Strategy": "Plain",
      "Partial Mode": "Finalize",
      "Parallel Aware": false,
      "Startup Cost": 179718.7,
      "Total Cost": 179718.71,
      "Plan Rows": 1,
      "Plan Width": 8,
      "Actual Startup Time": 583.283,
      "Actual Total Time": 652.771,
      "Actual Rows": 1,
      "Actual Loops": 1,
      "Plans": [
        {
          "Node Type": "Gather",
          "Parent Relationship": "Outer",
          "Parallel Aware": false,
          "Startup Cost": 179718.39,
          "Total Cost": 179718.7,
          "Plan Rows": 3,
          "Plan Width": 8,
          "Actual Startup Time": 581.84,
          "Actual Total Time": 652.75,
          "Actual Rows": 4,
          "Actual Loops": 1,
          "Workers Planned": 3,
          "Workers Launched": 3,
          "Single Copy": false,
          "Plans": [
            {
              "Node Type": "Aggregate",
              "Strategy": "Plain",
              "Partial Mode": "Partial",
              "Parent Relationship": "Outer",
              "Parallel Aware": false,
              "Startup Cost": 178718.39,
              "Total Cost": 178718.4,
              "Plan Rows": 1,
              "Plan Width": 8,
              "Actual Startup Time": 576.197,
              "Actual Total Time": 576.202,
              "Actual Rows": 1,
              "Actual Loops": 4,
              "Plans": [
                {
                  "Node Type": "Nested Loop",
                  "Parent Relationship": "Outer",
                  "Parallel Aware": false,
                  "Join Type": "Inner",
                  "Startup Cost": 46897.23,
                  "Total Cost": 178599.69,
                  "Plan Rows": 47477,
                  "Plan Width": 0,
                  "Actual Startup Time": 160.532,
                  "Actual Total Time": 573.612,
                  "Actual Rows": 33356,
                  "Actual Loops": 4,
                  "Inner Unique": false,
                  "Plans": [
                    {
                      "Node Type": "Hash Join",
                      "Parent Relationship": "Outer",
                      "Parallel Aware": true,
                      "Join Type": "Inner",
                      "Startup Cost": 46896.66,
                      "Total Cost": 78623.38,
                      "Plan Rows": 21310,
                      "Plan Width": 8,
                      "Actual Startup Time": 160.316,
                      "Actual Total Time": 215.581,
                      "Actual Rows": 6458,
                      "Actual Loops": 4,
                      "Inner Unique": true,
                      "Hash Cond": "(mc.movie_id = t.id)",
                      "Plans": [
                        {
                          "Node Type": "Seq Scan",
                          "Parent Relationship": "Outer",
                          "Parallel Aware": true,
                          "Relation Name": "movie_companies",
                          "Alias": "mc",
                          "Startup Cost": 0.0,
                          "Total Cost": 31414.82,
                          "Plan Rows": 118821,
                          "Plan Width": 4,
                          "Actual Startup Time": 15.891,
                          "Actual Total Time": 62.795,
                          "Actual Rows": 12708,
                          "Actual Loops": 4,
                          "Filter": "((company_id > 37503) AND (company_type_id = 1))",
                          "Rows Removed by Filter": 639574
                        },
                        {
                          "Node Type": "Hash",
                          "Parent Relationship": "Inner",
                          "Parallel Aware": true,
                          "Startup Cost": 45479.59,
                          "Total Cost": 45479.59,
                          "Plan Rows": 113366,
                          "Plan Width": 4,
                          "Actual Startup Time": 141.025,
                          "Actual Total Time": 141.026,
                          "Actual Rows": 82570,
                          "Actual Loops": 4,
                          "Hash Buckets": 524288,
                          "Original Hash Buckets": 524288,
                          "Hash Batches": 1,
                          "Original Hash Batches": 1,
                          "Peak Memory Usage": 17088,
                          "Plans": [
                            {
                              "Node Type": "Seq Scan",
                              "Parent Relationship": "Outer",
                              "Parallel Aware": true,
                              "Relation Name": "title",
                              "Alias": "t",
                              "Startup Cost": 0.0,
                              "Total Cost": 45479.59,
                              "Plan Rows": 113366,
                              "Plan Width": 4,
                              "Actual Startup Time": 49.374,
                              "Actual Total Time": 108.611,
                              "Actual Rows": 82570,
                              "Actual Loops": 4,
                              "Filter": "((production_year > 1991) AND (kind_id = 1))",
                              "Rows Removed by Filter": 549508
                            }
                          ]
                        }
                      ]
                    },
                    {
                      "Node Type": "Index Scan",
                      "Parent Relationship": "Inner",
                      "Parallel Aware": false,
                      "Scan Direction": "Forward",
                      "Index Name": "movie_id_cast_info",
                      "Relation Name": "cast_info",
                      "Alias": "ci",
                      "Startup Cost": 0.56,
                      "Total Cost": 4.64,
                      "Plan Rows": 5,
                      "Plan Width": 4,
                      "Actual Startup Time": 0.041,
                      "Actual Total Time": 0.055,
                      "Actual Rows": 5,
                      "Actual Loops": 25833,
                      "Index Cond": "(movie_id = t.id)",
                      "Rows Removed by Index Recheck": 0,
                      "Filter": "(person_id > 3094253)",
                      "Rows Removed by Filter": 22
                    }
                  ]
                }
              ]
            }
          ]
        }
      ]
    },
    "Planning Time": 1.347,
    "Triggers": [],
    "Execution Time": 652.885
  }
]