[
  {
    "Plan": {
      "Node Type": "Aggregate",
      "Strategy": "Plain",
      "Partial Mode": "Finalize",
      "Parallel Aware": false,
      "Startup Cost": 341409.29,
      "Total Cost": 341409.3,
      "Plan Rows": 1,
      "Plan Width": 8,
      "Actual Startup Time": 1091.758,
      "Actual Total Time": 1148.716,
      "Actual Rows": 1,
      "Actual Loops": 1,
      "Plans": [
        {
          "Node Type": "Gather",
          "Parent Relationship": "Outer",
          "Parallel Aware": false,
          "Startup Cost": 341408.67,
          "Total Cost": 341409.28,
          "Plan Rows": 6,
          "Plan Width": 8,
          "Actual Startup Time": 1091.561,
          "Actual Total Time": 1148.699,
          "Actual Rows": 7,
          "Actual Loops": 1,
          "Workers Planned": 6,
          "Workers Launched": 6,
          "Single Copy": false,
          "Plans": [
            {
              "Node Type": "Aggregate",
              "Strategy": "Plain",
              "Partial Mode": "Partial",
              "Parent Relationship": "Outer",
              "Parallel Aware": false,
              "Startup Cost": 340408.67,
              "Total Cost": 340408.68,
              "Plan Rows": 1,
              "Plan Width": 8,
              "Actual Startup Time": 1080.407,
              "Actual Total Time": 1080.409,
              "Actual Rows": 1,
              "Actual Loops": 7,
              "Plans": [
                {
                  "Node Type": "Seq Scan",
                  "Parent Relationship": "Outer",
                  "Parallel Aware": true,
                  "Relation Name": "cast_info",
                  "Alias": "ci",
                  "Startup Cost": 0.0,
                  "Total Cost": 328211.39,
                  "Plan Rows": 4878910,
                  "Plan Width": 0,
                  "Actual Startup Time": 112.479,
                  "Actual Total Time": 815.787,
                  "Actual Rows": 4162758,
                  "Actual Loops": 7,
                  "Filter": "(person_id > 686636)",
                  "Rows Removed by Filter": 1015006
                }
              ]
            }
          ]
        }
      ]
    },
    "Planning Time": 0.236,
    "Triggers": [],
    "Execution Time": 1148.804
  }
]