[
  {
    "Plan": {
      "Node Type": "Aggregate",
      "Strategy": "Plain",
      "Partial Mode": "Finalize",
      "Parallel Aware": false,
      "Startup Cost": 142916.23,
      "Total Cost": 142916.24,
      "Plan Rows": 1,
      "Plan Width": 8,
      "Actual Startup Time": 116.059,
      "Actual Total Time": 132.586,
      "Actual Rows": 1,
      "Actual Loops": 1,
      "Plans": [
        {
          "Node Type": "Gather",
          "Parent Relationship": "Outer",
          "Parallel Aware": false,
          "Startup Cost": 142915.81,
          "Total Cost": 142916.22,
          "Plan Rows": 4,
          "Plan Width": 8,
          "Actual Startup Time": 115.925,
          "Actual Total Time": 132.577,
          "Actual Rows": 5,
          "Actual Loops": 1,
          "Workers Planned": 4,
          "Workers Launched": 4,
          "Single Copy": false,
          "Plans": [
            {
              "Node Type": "Aggregate",
              "Strategy": "Plain",
              "Partial Mode": "Partial",
              "Parent Relationship": "Outer",
              "Parallel Aware": false,
              "Startup Cost": 141915.81,
              "Total Cost": 141915.82,
              "Plan Rows": 1,
              "Plan Width": 8,
              "Actual Startup Time": 107.078,
              "Actual Total Time": 107.08,
              "Actual Rows": 1,
              "Actual Loops": 5,
              "Plans": [
                {
                  "Node Type": "Nested Loop",
                  "Parent Relationship": "Outer",
                  "Parallel Aware": false,
                  "Join Type": "Inner",
                  "Startup Cost": 0.43,
                  "Total Cost": 141909.08,
                  "Plan Rows": 2690,
                  "Plan Width": 0,
                  "Actual Startup Time": 61.782,
                  "Actual Total Time": 106.652,
                  "Actual Rows": 4917,
                  "Actual Loops": 5,
                  "Inner Unique": false,
                  "Plans": [
                    {
                      "Node Type": "Seq Scan",
                      "Parent Relationship": "Outer",
                      "Parallel Aware": true,
                      "Relation Name": "title",
                      "Alias": "t",
                      "Startup Cost": 0.0,
                      "Total Cost": 43898.92,
                      "Plan Rows": 801,
                      "Plan Width": 4,
                      "Actual Startup Time": 61.688,
                      "Actual Total Time": 83.898,
                      "Actual Rows": 555,
                      "Actual Loops": 5,
                      "Filter": "(production_year = 1928)",
                      "Rows Removed by Filter": 505108
                    },
                    {
                      "Node Type": "Index Scan",
                      "Parent Relationship": "Inner",
                      "Parallel Aware": false,
                      "Scan Direction": "Forward",
                      "Index Name": "movie_id_movie_info",
                      "Relation Name": "movie_info",
                      "Alias": "mi",
                      "Startup Cost": 0.43,
                      "Total Cost": 122.12,
                      "Plan Rows": 24,
                      "Plan Width": 4,
                      "Actual Startup Time": 0.015,
                      "Actual Total Time": 0.04,
                      "Actual Rows": 9,
                      "Actual Loops": 2773,
                      "Index Cond": "(movie_id = t.id)",
                      "Rows Removed by Index Recheck": 0,
                      "Filter": "(info_type_id < 9)",
                      "Rows Removed by Filter": 3
                    }
                  ]
                }
              ]
            }
          ]
        }
      ]
    },
    "Planning Time": 0.626,
    "Triggers": [],
    "Execution Time": 132.655
  }
]