[
    {
        "Bao": {
            "Bao prediction": "NaN",
            "Bao recommended hint": "(no hint)"
        }
    },
    {
        "Plan": {
            "Node Type": "Aggregate",
            "Strategy": "Plain",
            "Partial Mode": "Finalize",
            "Parallel Aware": false,
            "Startup Cost": 235604.12,
            "Total Cost": 235604.13,
            "Plan Rows": 1,
            "Plan Width": 8,
            "Actual Startup Time": 388.162,
            "Actual Total Time": 406.094,
            "Actual Rows": 1,
            "Actual Loops": 1,
            "Output": [
                "count(*)"
            ],
            "Plans": [
                {
                    "Node Type": "Gather",
                    "Parent Relationship": "Outer",
                    "Parallel Aware": false,
                    "Startup Cost": 235603.6,
                    "Total Cost": 235604.11,
                    "Plan Rows": 5,
                    "Plan Width": 8,
                    "Actual Startup Time": 381.651,
                    "Actual Total Time": 406.081,
                    "Actual Rows": 6,
                    "Actual Loops": 1,
                    "Output": [
                        "(PARTIAL count(*))"
                    ],
                    "Workers Planned": 5,
                    "Workers Launched": 5,
                    "Single Copy": false,
                    "Plans": [
                        {
                            "Node Type": "Aggregate",
                            "Strategy": "Plain",
                            "Partial Mode": "Partial",
                            "Parent Relationship": "Outer",
                            "Parallel Aware": false,
                            "Startup Cost": 234603.6,
                            "Total Cost": 234603.61,
                            "Plan Rows": 1,
                            "Plan Width": 8,
                            "Actual Startup Time": 370.145,
                            "Actual Total Time": 370.149,
                            "Actual Rows": 1,
                            "Actual Loops": 6,
                            "Output": [
                                "PARTIAL count(*)"
                            ],
                            "Workers": [
                                {
                                    "Worker Number": 0,
                                    "Actual Startup Time": 367.357,
                                    "Actual Total Time": 367.361,
                                    "Actual Rows": 1,
                                    "Actual Loops": 1
                                },
                                {
                                    "Worker Number": 1,
                                    "Actual Startup Time": 367.364,
                                    "Actual Total Time": 367.367,
                                    "Actual Rows": 1,
                                    "Actual Loops": 1
                                },
                                {
                                    "Worker Number": 2,
                                    "Actual Startup Time": 368.756,
                                    "Actual Total Time": 368.759,
                                    "Actual Rows": 1,
                                    "Actual Loops": 1
                                },
                                {
                                    "Worker Number": 3,
                                    "Actual Startup Time": 367.359,
                                    "Actual Total Time": 367.363,
                                    "Actual Rows": 1,
                                    "Actual Loops": 1
                                },
                                {
                                    "Worker Number": 4,
                                    "Actual Startup Time": 369.325,
                                    "Actual Total Time": 369.329,
                                    "Actual Rows": 1,
                                    "Actual Loops": 1
                                }
                            ],
                            "Plans": [
                                {
                                    "Node Type": "Hash Join",
                                    "Parent Relationship": "Outer",
                                    "Parallel Aware": true,
                                    "Join Type": "Inner",
                                    "Startup Cost": 68863.61,
                                    "Total Cost": 234476.19,
                                    "Plan Rows": 50966,
                                    "Plan Width": 0,
                                    "Actual Startup Time": 245.724,
                                    "Actual Total Time": 369.459,
                                    "Actual Rows": 8344,
                                    "Actual Loops": 6,
                                    "Inner Unique": true,
                                    "Hash Cond": "(mi.movie_id = t.id)",
                                    "Workers": [
                                        {
                                            "Worker Number": 0,
                                            "Actual Startup Time": 244.028,
                                            "Actual Total Time": 366.604,
                                            "Actual Rows": 7958,
                                            "Actual Loops": 1
                                        },
                                        {
                                            "Worker Number": 1,
                                            "Actual Startup Time": 243.517,
                                            "Actual Total Time": 366.692,
                                            "Actual Rows": 7388,
                                            "Actual Loops": 1
                                        },
                                        {
                                            "Worker Number": 2,
                                            "Actual Startup Time": 246.143,
                                            "Actual Total Time": 368.106,
                                            "Actual Rows": 7029,
                                            "Actual Loops": 1
                                        },
                                        {
                                            "Worker Number": 3,
                                            "Actual Startup Time": 238.641,
                                            "Actual Total Time": 366.749,
                                            "Actual Rows": 10013,
                                            "Actual Loops": 1
                                        },
                                        {
                                            "Worker Number": 4,
                                            "Actual Startup Time": 245.354,
                                            "Actual Total Time": 368.679,
                                            "Actual Rows": 7181,
                                            "Actual Loops": 1
                                        }
                                    ],
                                    "Plans": [
                                        {
                                            "Node Type": "Bitmap Heap Scan",
                                            "Parent Relationship": "Outer",
                                            "Parallel Aware": true,
                                            "Relation Name": "movie_info",
                                            "Schema": "public",
                                            "Alias": "mi",
                                            "Startup Cost": 21701.74,
                                            "Total Cost": 186686.12,
                                            "Plan Rows": 239311,
                                            "Plan Width": 4,
                                            "Actual Startup Time": 92.478,
                                            "Actual Total Time": 180.695,
                                            "Actual Rows": 200785,
                                            "Actual Loops": 6,
                                            "Output": [
                                                "mi.id",
                                                "mi.movie_id",
                                                "mi.info_type_id",
                                                "mi.info",
                                                "mi.note"
                                            ],
                                            "Recheck Cond": "(mi.info_type_id > 18)",
                                            "Rows Removed by Index Recheck": 0,
                                            "Exact Heap Blocks": 7643,
                                            "Lossy Heap Blocks": 0,
                                            "Workers": [
                                                {
                                                    "Worker Number": 0,
                                                    "Actual Startup Time": 92.313,
                                                    "Actual Total Time": 182.237,
                                                    "Actual Rows": 185245,
                                                    "Actual Loops": 1
                                                },
                                                {
                                                    "Worker Number": 1,
                                                    "Actual Startup Time": 92.514,
                                                    "Actual Total Time": 182.513,
                                                    "Actual Rows": 182594,
                                                    "Actual Loops": 1
                                                },
                                                {
                                                    "Worker Number": 2,
                                                    "Actual Startup Time": 92.335,
                                                    "Actual Total Time": 184.458,
                                                    "Actual Rows": 170250,
                                                    "Actual Loops": 1
                                                },
                                                {
                                                    "Worker Number": 3,
                                                    "Actual Startup Time": 92.895,
                                                    "Actual Total Time": 180.254,
                                                    "Actual Rows": 233377,
                                                    "Actual Loops": 1
                                                },
                                                {
                                                    "Worker Number": 4,
                                                    "Actual Startup Time": 92.007,
                                                    "Actual Total Time": 183.619,
                                                    "Actual Rows": 198960,
                                                    "Actual Loops": 1
                                                }
                                            ],
                                            "Plans": [
                                                {
                                                    "Node Type": "Bitmap Index Scan",
                                                    "Parent Relationship": "Outer",
                                                    "Parallel Aware": false,
                                                    "Index Name": "info_type_id_movie_info",
                                                    "Startup Cost": 0.0,
                                                    "Total Cost": 21402.6,
                                                    "Plan Rows": 1196555,
                                                    "Plan Width": 0,
                                                    "Actual Startup Time": 83.234,
                                                    "Actual Total Time": 83.235,
                                                    "Actual Rows": 1204709,
                                                    "Actual Loops": 1,
                                                    "Index Cond": "(mi.info_type_id > 18)",
                                                    "Workers": [
                                                        {
                                                            "Worker Number": 4,
                                                            "Actual Startup Time": 83.234,
                                                            "Actual Total Time": 83.235,
                                                            "Actual Rows": 1204709,
                                                            "Actual Loops": 1
                                                        }
                                                    ]
                                                }
                                            ]
                                        },
                                        {
                                            "Node Type": "Hash",
                                            "Parent Relationship": "Inner",
                                            "Parallel Aware": true,
                                            "Startup Cost": 45479.21,
                                            "Total Cost": 45479.21,
                                            "Plan Rows": 134613,
                                            "Plan Width": 4,
                                            "Actual Startup Time": 135.258,
                                            "Actual Total Time": 135.259,
                                            "Actual Rows": 71375,
                                            "Actual Loops": 6,
                                            "Output": [
                                                "t.id"
                                            ],
                                            "Hash Buckets": 1048576,
                                            "Original Hash Buckets": 1048576,
                                            "Hash Batches": 1,
                                            "Original Hash Batches": 1,
                                            "Peak Memory Usage": 25024,
                                            "Workers": [
                                                {
                                                    "Worker Number": 0,
                                                    "Actual Startup Time": 134.678,
                                                    "Actual Total Time": 134.679,
                                                    "Actual Rows": 63473,
                                                    "Actual Loops": 1
                                                },
                                                {
                                                    "Worker Number": 1,
                                                    "Actual Startup Time": 134.684,
                                                    "Actual Total Time": 134.685,
                                                    "Actual Rows": 63230,
                                                    "Actual Loops": 1
                                                },
                                                {
                                                    "Worker Number": 2,
                                                    "Actual Startup Time": 135.895,
                                                    "Actual Total Time": 135.896,
                                                    "Actual Rows": 59146,
                                                    "Actual Loops": 1
                                                },
                                                {
                                                    "Worker Number": 3,
                                                    "Actual Startup Time": 134.689,
                                                    "Actual Total Time": 134.689,
                                                    "Actual Rows": 86676,
                                                    "Actual Loops": 1
                                                },
                                                {
                                                    "Worker Number": 4,
                                                    "Actual Startup Time": 136.781,
                                                    "Actual Total Time": 136.782,
                                                    "Actual Rows": 58679,
                                                    "Actual Loops": 1
                                                }
                                            ],
                                            "Plans": [
                                                {
                                                    "Node Type": "Seq Scan",
                                                    "Parent Relationship": "Outer",
                                                    "Parallel Aware": true,
                                                    "Relation Name": "title",
                                                    "Schema": "public",
                                                    "Alias": "t",
                                                    "Startup Cost": 0.0,
                                                    "Total Cost": 45479.21,
                                                    "Plan Rows": 134613,
                                                    "Plan Width": 4,
                                                    "Actual Startup Time": 0.05,
                                                    "Actual Total Time": 94.084,
                                                    "Actual Rows": 71375,
                                                    "Actual Loops": 6,
                                                    "Output": [
                                                        "t.id"
                                                    ],
                                                    "Filter": "((t.production_year < 1997) AND (t.kind_id = 7))",
                                                    "Rows Removed by Filter": 350011,
                                                    "Workers": [
                                                        {
                                                            "Worker Number": 0,
                                                            "Actual Startup Time": 0.044,
                                                            "Actual Total Time": 95.808,
                                                            "Actual Rows": 63473,
                                                            "Actual Loops": 1
                                                        },
                                                        {
                                                            "Worker Number": 1,
                                                            "Actual Startup Time": 0.061,
                                                            "Actual Total Time": 96.25,
                                                            "Actual Rows": 63230,
                                                            "Actual Loops": 1
                                                        },
                                                        {
                                                            "Worker Number": 2,
                                                            "Actual Startup Time": 0.063,
                                                            "Actual Total Time": 94.135,
                                                            "Actual Rows": 59146,
                                                            "Actual Loops": 1
                                                        },
                                                        {
                                                            "Worker Number": 3,
                                                            "Actual Startup Time": 0.04,
                                                            "Actual Total Time": 94.527,
                                                            "Actual Rows": 86676,
                                                            "Actual Loops": 1
                                                        },
                                                        {
                                                            "Worker Number": 4,
                                                            "Actual Startup Time": 0.072,
                                                            "Actual Total Time": 94.225,
                                                            "Actual Rows": 58679,
                                                            "Actual Loops": 1
                                                        }
                                                    ]
                                                }
                                            ]
                                        }
                                    ]
                                }
                            ]
                        }
                    ]
                }
            ]
        },
        "Planning Time": 295.991,
        "Triggers": [],
        "Execution Time": 406.285
    }
]