{
  "Plan": {
    "Node Type": "Aggregate",
    "Strategy": "Plain",
    "Partial Mode": "Finalize",
    "Parallel Aware": false,
    "Startup Cost": 808999.68,
    "Total Cost": 808999.69,
    "Plan Rows": 1,
    "Plan Width": 8,
    "Actual Startup Time": 3740.623,
    "Actual Total Time": 3796.99,
    "Actual Rows": 1,
    "Actual Loops": 1,
    "Plans": [
      {
        "Node Type": "Gather",
        "Parent Relationship": "Outer",
        "Parallel Aware": false,
        "Startup Cost": 808999.57,
        "Total Cost": 808999.68,
        "Plan Rows": 1,
        "Plan Width": 8,
        "Actual Startup Time": 3735.191,
        "Actual Total Time": 3796.983,
        "Actual Rows": 2,
        "Actual Loops": 1,
        "Workers Planned": 1,
        "Workers Launched": 1,
        "Single Copy": false,
        "Plans": [
          {
            "Node Type": "Aggregate",
            "Strategy": "Plain",
            "Partial Mode": "Partial",
            "Parent Relationship": "Outer",
            "Parallel Aware": false,
            "Startup Cost": 807999.57,
            "Total Cost": 807999.58,
            "Plan Rows": 1,
            "Plan Width": 8,
            "Actual Startup Time": 3722.284,
            "Actual Total Time": 3722.292,
            "Actual Rows": 1,
            "Actual Loops": 2,
            "Plans": [
              {
                "Node Type": "Hash Join",
                "Parent Relationship": "Outer",
                "Parallel Aware": true,
                "Join Type": "Inner",
                "Startup Cost": 478390.17,
                "Total Cost": 801095.88,
                "Plan Rows": 2761475,
                "Plan Width": 0,
                "Actual Startup Time": 2366.743,
                "Actual Total Time": 3622.118,
                "Actual Rows": 2423014,
                "Actual Loops": 2,
                "Inner Unique": false,
                "Hash Cond": "(ci.movie_id = t.id)",
                "Plans": [
                  {
                    "Node Type": "Bitmap Heap Scan",
                    "Parent Relationship": "Outer",
                    "Parallel Aware": true,
                    "Relation Name": "cast_info",
                    "Alias": "ci",
                    "Startup Cost": 115377.26,
                    "Total Cost": 406474.79,
                    "Plan Rows": 3072842,
                    "Plan Width": 4,
                    "Actual Startup Time": 263.784,
                    "Actual Total Time": 568.122,
                    "Actual Rows": 2700020,
                    "Actual Loops": 2,
                    "Recheck Cond": "(person_id < 520942)",
                    "Rows Removed by Index Recheck": 0,
                    "Exact Heap Blocks": 30669,
                    "Lossy Heap Blocks": 0,
                    "Plans": [
                      {
                        "Node Type": "Bitmap Index Scan",
                        "Parent Relationship": "Outer",
                        "Parallel Aware": false,
                        "Index Name": "person_id_cast_info",
                        "Startup Cost": 0.0,
                        "Total Cost": 114071.3,
                        "Plan Rows": 5223832,
                        "Plan Width": 0,
                        "Actual Startup Time": 253.918,
                        "Actual Total Time": 253.919,
                        "Actual Rows": 5400039,
                        "Actual Loops": 1,
                        "Index Cond": "(person_id < 520942)"
                      }
                    ]
                  },
                  {
                    "Node Type": "Hash",
                    "Parent Relationship": "Inner",
                    "Parallel Aware": true,
                    "Startup Cost": 346306.26,
                    "Total Cost": 346306.26,
                    "Plan Rows": 1336532,
                    "Plan Width": 8,
                    "Actual Startup Time": 2081.121,
                    "Actual Total Time": 2081.126,
                    "Actual Rows": 742044,
                    "Actual Loops": 2,
                    "Hash Buckets": 4194304,
                    "Original Hash Buckets": 4194304,
                    "Hash Batches": 1,
                    "Original Hash Batches": 1,
                    "Peak Memory Usage": 90848,
                    "Plans": [
                      {
                        "Node Type": "Hash Join",
                        "Parent Relationship": "Outer",
                        "Parallel Aware": true,
                        "Join Type": "Inner",
                        "Startup Cost": 63855.07,
                        "Total Cost": 346306.26,
                        "Plan Rows": 1336532,
                        "Plan Width": 8,
                        "Actual Startup Time": 322.314,
                        "Actual Total Time": 1831.179,
                        "Actual Rows": 742044,
                        "Actual Loops": 2,
                        "Inner Unique": true,
                        "Hash Cond": "(mi.movie_id = t.id)",
                        "Plans": [
                          {
                            "Node Type": "Seq Scan",
                            "Parent Relationship": "Outer",
                            "Parallel Aware": true,
                            "Relation Name": "movie_info",
                            "Alias": "mi",
                            "Startup Cost": 0.0,
                            "Total Cost": 270696.42,
                            "Plan Rows": 4478001,
                            "Plan Width": 4,
                            "Actual Startup Time": 35.991,
                            "Actual Total Time": 731.738,
                            "Actual Rows": 3774428,
                            "Actual Loops": 2,
                            "Filter": "(info_type_id > 7)",
                            "Rows Removed by Filter": 3643432
                          },
                          {
                            "Node Type": "Hash",
                            "Parent Relationship": "Inner",
                            "Parallel Aware": true,
                            "Startup Cost": 58306.47,
                            "Total Cost": 58306.47,
                            "Plan Rows": 443888,
                            "Plan Width": 4,
                            "Actual Startup Time": 283.108,
                            "Actual Total Time": 283.11,
                            "Actual Rows": 398319,
                            "Actual Loops": 2,
                            "Hash Buckets": 1048576,
                            "Original Hash Buckets": 1048576,
                            "Hash Batches": 1,
                            "Original Hash Batches": 1,
                            "Peak Memory Usage": 39392,
                            "Plans": [
                              {
                                "Node Type": "Seq Scan",
                                "Parent Relationship": "Outer",
                                "Parallel Aware": true,
                                "Relation Name": "title",
                                "Alias": "t",
                                "Startup Cost": 0.0,
                                "Total Cost": 58306.47,
                                "Plan Rows": 443888,
                                "Plan Width": 4,
                                "Actual Startup Time": 0.039,
                                "Actual Total Time": 162.612,
                                "Actual Rows": 398319,
                                "Actual Loops": 2,
                                "Filter": "((kind_id > 1) AND (production_year > 2005))",
                                "Rows Removed by Filter": 865837
                              }
                            ]
                          }
                        ]
                      }
                    ]
                  }
                ]
              }
            ]
          }
        ]
      }
    ]
  },
  "Planning Time": 1.062,
  "Triggers": [],
  "Execution Time": 3797.103
}