[
  {
    "Plan": {
      "Node Type": "Aggregate",
      "Strategy": "Plain",
      "Partial Mode": "Finalize",
      "Parallel Aware": false,
      "Startup Cost": 33227.84,
      "Total Cost": 33227.85,
      "Plan Rows": 1,
      "Plan Width": 8,
      "Actual Startup Time": 86.537,
      "Actual Total Time": 92.444,
      "Actual Rows": 1,
      "Actual Loops": 1,
      "Plans": [
        {
          "Node Type": "Gather",
          "Parent Relationship": "Outer",
          "Parallel Aware": false,
          "Startup Cost": 33227.52,
          "Total Cost": 33227.83,
          "Plan Rows": 3,
          "Plan Width": 8,
          "Actual Startup Time": 86.428,
          "Actual Total Time": 92.436,
          "Actual Rows": 4,
          "Actual Loops": 1,
          "Workers Planned": 3,
          "Workers Launched": 3,
          "Single Copy": false,
          "Plans": [
            {
              "Node Type": "Aggregate",
              "Strategy": "Plain",
              "Partial Mode": "Partial",
              "Parent Relationship": "Outer",
              "Parallel Aware": false,
              "Startup Cost": 32227.52,
              "Total Cost": 32227.53,
              "Plan Rows": 1,
              "Plan Width": 8,
              "Actual Startup Time": 82.449,
              "Actual Total Time": 82.45,
              "Actual Rows": 1,
              "Actual Loops": 4,
              "Plans": [
                {
                  "Node Type": "Seq Scan",
                  "Parent Relationship": "Outer",
                  "Parallel Aware": true,
                  "Relation Name": "movie_companies",
                  "Alias": "mc",
                  "Startup Cost": 0.0,
                  "Total Cost": 31414.82,
                  "Plan Rows": 325080,
                  "Plan Width": 0,
                  "Actual Startup Time": 0.184,
                  "Actual Total Time": 72.569,
                  "Actual Rows": 215845,
                  "Actual Loops": 4,
                  "Filter": "((company_id > 575) AND (company_type_id = 1))",
                  "Rows Removed by Filter": 436438
                }
              ]
            }
          ]
        }
      ]
    },
    "Planning Time": 0.123,
    "Triggers": [],
    "Execution Time": 92.479
  }
]