{
  "Plan": {
    "Node Type": "Aggregate",
    "Strategy": "Plain",
    "Partial Mode": "Finalize",
    "Parallel Aware": false,
    "Startup Cost": 111098.68,
    "Total Cost": 111098.69,
    "Plan Rows": 1,
    "Plan Width": 8,
    "Actual Startup Time": 845.668,
    "Actual Total Time": 864.193,
    "Actual Rows": 1,
    "Actual Loops": 1,
    "Plans": [
      {
        "Node Type": "Gather",
        "Parent Relationship": "Outer",
        "Parallel Aware": false,
        "Startup Cost": 111098.57,
        "Total Cost": 111098.68,
        "Plan Rows": 1,
        "Plan Width": 8,
        "Actual Startup Time": 843.344,
        "Actual Total Time": 864.187,
        "Actual Rows": 2,
        "Actual Loops": 1,
        "Workers Planned": 1,
        "Workers Launched": 1,
        "Single Copy": false,
        "Plans": [
          {
            "Node Type": "Aggregate",
            "Strategy": "Plain",
            "Partial Mode": "Partial",
            "Parent Relationship": "Outer",
            "Parallel Aware": false,
            "Startup Cost": 110098.57,
            "Total Cost": 110098.58,
            "Plan Rows": 1,
            "Plan Width": 8,
            "Actual Startup Time": 837.947,
            "Actual Total Time": 837.951,
            "Actual Rows": 1,
            "Actual Loops": 2,
            "Plans": [
              {
                "Node Type": "Hash Join",
                "Parent Relationship": "Outer",
                "Parallel Aware": true,
                "Join Type": "Inner",
                "Startup Cost": 46673.09,
                "Total Cost": 109126.29,
                "Plan Rows": 388909,
                "Plan Width": 0,
                "Actual Startup Time": 265.032,
                "Actual Total Time": 814.986,
                "Actual Rows": 454508,
                "Actual Loops": 2,
                "Inner Unique": false,
                "Hash Cond": "(t.id = mc.movie_id)",
                "Plans": [
                  {
                    "Node Type": "Seq Scan",
                    "Parent Relationship": "Outer",
                    "Parallel Aware": true,
                    "Relation Name": "title",
                    "Alias": "t",
                    "Startup Cost": 0.0,
                    "Total Cost": 50870.31,
                    "Plan Rows": 1487231,
                    "Plan Width": 4,
                    "Actual Startup Time": 0.01,
                    "Actual Total Time": 135.558,
                    "Actual Rows": 1264156,
                    "Actual Loops": 2
                  },
                  {
                    "Node Type": "Hash",
                    "Parent Relationship": "Inner",
                    "Parallel Aware": true,
                    "Startup Cost": 41811.73,
                    "Total Cost": 41811.73,
                    "Plan Rows": 388909,
                    "Plan Width": 4,
                    "Actual Startup Time": 259.601,
                    "Actual Total Time": 259.601,
                    "Actual Rows": 454508,
                    "Actual Loops": 2,
                    "Hash Buckets": 1048576,
                    "Original Hash Buckets": 1048576,
                    "Hash Batches": 1,
                    "Original Hash Batches": 1,
                    "Peak Memory Usage": 43776,
                    "Plans": [
                      {
                        "Node Type": "Seq Scan",
                        "Parent Relationship": "Outer",
                        "Parallel Aware": true,
                        "Relation Name": "movie_companies",
                        "Alias": "mc",
                        "Startup Cost": 0.0,
                        "Total Cost": 41811.73,
                        "Plan Rows": 388909,
                        "Plan Width": 4,
                        "Actual Startup Time": 63.641,
                        "Actual Total Time": 150.902,
                        "Actual Rows": 454508,
                        "Actual Loops": 2,
                        "Filter": "((company_id > 11299) AND (company_type_id = 2))",
                        "Rows Removed by Filter": 850056
                      }
                    ]
                  }
                ]
              }
            ]
          }
        ]
      }
    ]
  },
  "Planning Time": 0.343,
  "Triggers": [],
  "Execution Time": 864.234
}