[
  {
    "Plan": {
      "Node Type": "Aggregate",
      "Strategy": "Plain",
      "Partial Mode": "Finalize",
      "Parallel Aware": false,
      "Startup Cost": 337059.74,
      "Total Cost": 337059.75,
      "Plan Rows": 1,
      "Plan Width": 8,
      "Actual Startup Time": 735.331,
      "Actual Total Time": 792.968,
      "Actual Rows": 1,
      "Actual Loops": 1,
      "Plans": [
        {
          "Node Type": "Gather",
          "Parent Relationship": "Outer",
          "Parallel Aware": false,
          "Startup Cost": 337059.12,
          "Total Cost": 337059.73,
          "Plan Rows": 6,
          "Plan Width": 8,
          "Actual Startup Time": 735.186,
          "Actual Total Time": 792.956,
          "Actual Rows": 7,
          "Actual Loops": 1,
          "Workers Planned": 6,
          "Workers Launched": 6,
          "Single Copy": false,
          "Plans": [
            {
              "Node Type": "Aggregate",
              "Strategy": "Plain",
              "Partial Mode": "Partial",
              "Parent Relationship": "Outer",
              "Parallel Aware": false,
              "Startup Cost": 336059.12,
              "Total Cost": 336059.13,
              "Plan Rows": 1,
              "Plan Width": 8,
              "Actual Startup Time": 726.343,
              "Actual Total Time": 726.344,
              "Actual Rows": 1,
              "Actual Loops": 7,
              "Plans": [
                {
                  "Node Type": "Seq Scan",
                  "Parent Relationship": "Outer",
                  "Parallel Aware": true,
                  "Relation Name": "cast_info",
                  "Alias": "ci",
                  "Startup Cost": 0.0,
                  "Total Cost": 328162.03,
                  "Plan Rows": 3158837,
                  "Plan Width": 0,
                  "Actual Startup Time": 0.048,
                  "Actual Total Time": 604.394,
                  "Actual Rows": 2717099,
                  "Actual Loops": 7,
                  "Filter": "(person_id < 1898958)",
                  "Rows Removed by Filter": 2460665
                }
              ]
            }
          ]
        }
      ]
    },
    "Planning Time": 0.203,
    "Triggers": [],
    "Execution Time": 793.043
  }
]