[
  {
    "Plan": {
      "Node Type": "Aggregate",
      "Strategy": "Plain",
      "Partial Mode": "Finalize",
      "Parallel Aware": false,
      "Startup Cost": 92685.51,
      "Total Cost": 92685.52,
      "Plan Rows": 1,
      "Plan Width": 8,
      "Actual Startup Time": 237.305,
      "Actual Total Time": 253.587,
      "Actual Rows": 1,
      "Actual Loops": 1,
      "Plans": [
        {
          "Node Type": "Gather",
          "Parent Relationship": "Outer",
          "Parallel Aware": false,
          "Startup Cost": 92685.19,
          "Total Cost": 92685.5,
          "Plan Rows": 3,
          "Plan Width": 8,
          "Actual Startup Time": 236.018,
          "Actual Total Time": 253.57,
          "Actual Rows": 4,
          "Actual Loops": 1,
          "Workers Planned": 3,
          "Workers Launched": 3,
          "Single Copy": false,
          "Plans": [
            {
              "Node Type": "Aggregate",
              "Strategy": "Plain",
              "Partial Mode": "Partial",
              "Parent Relationship": "Outer",
              "Parallel Aware": false,
              "Startup Cost": 91685.19,
              "Total Cost": 91685.2,
              "Plan Rows": 1,
              "Plan Width": 8,
              "Actual Startup Time": 226.578,
              "Actual Total Time": 226.584,
              "Actual Rows": 1,
              "Actual Loops": 4,
              "Plans": [
                {
                  "Node Type": "Nested Loop",
                  "Parent Relationship": "Outer",
                  "Parallel Aware": false,
                  "Join Type": "Inner",
                  "Startup Cost": 52632.86,
                  "Total Cost": 91667.96,
                  "Plan Rows": 6890,
                  "Plan Width": 0,
                  "Actual Startup Time": 147.248,
                  "Actual Total Time": 226.409,
                  "Actual Rows": 1361,
                  "Actual Loops": 4,
                  "Inner Unique": false,
                  "Join Filter": "(t.id = mi.movie_id)",
                  "Rows Removed by Join Filter": 0,
                  "Plans": [
                    {
                      "Node Type": "Hash Join",
                      "Parent Relationship": "Outer",
                      "Parallel Aware": true,
                      "Join Type": "Inner",
                      "Startup Cost": 52632.43,
                      "Total Cost": 78676.71,
                      "Plan Rows": 3172,
                      "Plan Width": 8,
                      "Actual Startup Time": 146.749,
                      "Actual Total Time": 212.981,
                      "Actual Rows": 740,
                      "Actual Loops": 4,
                      "Inner Unique": true,
                      "Hash Cond": "(mk.movie_id = t.id)",
                      "Plans": [
                        {
                          "Node Type": "Bitmap Heap Scan",
                          "Parent Relationship": "Outer",
                          "Parallel Aware": true,
                          "Relation Name": "movie_keyword",
                          "Alias": "mk",
                          "Startup Cost": 6914.49,
                          "Total Cost": 32682.78,
                          "Plan Rows": 105143,
                          "Plan Width": 4,
                          "Actual Startup Time": 31.889,
                          "Actual Total Time": 82.145,
                          "Actual Rows": 80264,
                          "Actual Loops": 4,
                          "Recheck Cond": "(keyword_id < 261)",
                          "Rows Removed by Index Recheck": 0,
                          "Exact Heap Blocks": 6164,
                          "Lossy Heap Blocks": 0,
                          "Plans": [
                            {
                              "Node Type": "Bitmap Index Scan",
                              "Parent Relationship": "Outer",
                              "Parallel Aware": false,
                              "Index Name": "keyword_id_movie_keyword",
                              "Startup Cost": 0.0,
                              "Total Cost": 6833.01,
                              "Plan Rows": 325943,
                              "Plan Width": 0,
                              "Actual Startup Time": 26.056,
                              "Actual Total Time": 26.057,
                              "Actual Rows": 321054,
                              "Actual Loops": 1,
                              "Index Cond": "(keyword_id < 261)"
                            }
                          ]
                        },
                        {
                          "Node Type": "Hash",
                          "Parent Relationship": "Inner",
                          "Parallel Aware": true,
                          "Startup Cost": 45479.59,
                          "Total Cost": 45479.59,
                          "Plan Rows": 19068,
                          "Plan Width": 4,
                          "Actual Startup Time": 112.56,
                          "Actual Total Time": 112.561,
                          "Actual Rows": 21027,
                          "Actual Loops": 4,
                          "Hash Buckets": 131072,
                          "Original Hash Buckets": 131072,
                          "Hash Batches": 1,
                          "Original Hash Batches": 1,
                          "Peak Memory Usage": 4352,
                          "Plans": [
                            {
                              "Node Type": "Seq Scan",
                              "Parent Relationship": "Outer",
                              "Parallel Aware": true,
                              "Relation Name": "title",
                              "Alias": "t",
                              "Startup Cost": 0.0,
                              "Total Cost": 45479.59,
                              "Plan Rows": 19068,
                              "Plan Width": 4,
                              "Actual Startup Time": 0.054,
                              "Actual Total Time": 102.872,
                              "Actual Rows": 21027,
                              "Actual Loops": 4,
                              "Filter": "((kind_id = 7) AND (production_year = 2008))",
                              "Rows Removed by Filter": 611051
                            }
                          ]
                        }
                      ]
                    },
                    {
                      "Node Type": "Index Scan",
                      "Parent Relationship": "Inner",
                      "Parallel Aware": false,
                      "Scan Direction": "Forward",
                      "Index Name": "movie_id_movie_info",
                      "Relation Name": "movie_info",
                      "Alias": "mi",
                      "Startup Cost": 0.43,
                      "Total Cost": 3.91,
                      "Plan Rows": 15,
                      "Plan Width": 4,
                      "Actual Startup Time": 0.009,
                      "Actual Total Time": 0.017,
                      "Actual Rows": 2,
                      "Actual Loops": 2960,
                      "Index Cond": "(movie_id = mk.movie_id)",
                      "Rows Removed by Index Recheck": 0,
                      "Filter": "(info_type_id < 6)",
                      "Rows Removed by Filter": 7
                    }
                  ]
                }
              ]
            }
          ]
        }
      ]
    },
    "Planning Time": 1.539,
    "Triggers": [],
    "Execution Time": 253.715
  }
]