[
  {
    "Plan": {
      "Node Type": "Aggregate",
      "Strategy": "Plain",
      "Partial Mode": "Finalize",
      "Parallel Aware": false,
      "Startup Cost": 291060.65,
      "Total Cost": 291060.66,
      "Plan Rows": 1,
      "Plan Width": 8,
      "Actual Startup Time": 2951.387,
      "Actual Total Time": 3005.081,
      "Actual Rows": 1,
      "Actual Loops": 1,
      "Plans": [
        {
          "Node Type": "Gather",
          "Parent Relationship": "Outer",
          "Parallel Aware": false,
          "Startup Cost": 291060.33,
          "Total Cost": 291060.64,
          "Plan Rows": 3,
          "Plan Width": 8,
          "Actual Startup Time": 2949.13,
          "Actual Total Time": 3005.074,
          "Actual Rows": 4,
          "Actual Loops": 1,
          "Workers Planned": 3,
          "Workers Launched": 3,
          "Single Copy": false,
          "Plans": [
            {
              "Node Type": "Aggregate",
              "Strategy": "Plain",
              "Partial Mode": "Partial",
              "Parent Relationship": "Outer",
              "Parallel Aware": false,
              "Startup Cost": 290060.33,
              "Total Cost": 290060.34,
              "Plan Rows": 1,
              "Plan Width": 8,
              "Actual Startup Time": 2938.702,
              "Actual Total Time": 2938.705,
              "Actual Rows": 1,
              "Actual Loops": 4,
              "Plans": [
                {
                  "Node Type": "Nested Loop",
                  "Parent Relationship": "Outer",
                  "Parallel Aware": false,
                  "Join Type": "Inner",
                  "Startup Cost": 62394.14,
                  "Total Cost": 289026.54,
                  "Plan Rows": 413517,
                  "Plan Width": 0,
                  "Actual Startup Time": 223.607,
                  "Actual Total Time": 2624.773,
                  "Actual Rows": 7574955,
                  "Actual Loops": 4,
                  "Inner Unique": false,
                  "Plans": [
                    {
                      "Node Type": "Hash Join",
                      "Parent Relationship": "Outer",
                      "Parallel Aware": true,
                      "Join Type": "Inner",
                      "Startup Cost": 62393.71,
                      "Total Cost": 90107.63,
                      "Plan Rows": 74746,
                      "Plan Width": 8,
                      "Actual Startup Time": 223.48,
                      "Actual Total Time": 320.63,
                      "Actual Rows": 110010,
                      "Actual Loops": 4,
                      "Inner Unique": true,
                      "Hash Cond": "(mk.movie_id = t.id)",
                      "Plans": [
                        {
                          "Node Type": "Bitmap Heap Scan",
                          "Parent Relationship": "Outer",
                          "Parallel Aware": true,
                          "Relation Name": "movie_keyword",
                          "Alias": "mk",
                          "Startup Cost": 14174.6,
                          "Total Cost": 41322.75,
                          "Plan Rows": 215532,
                          "Plan Width": 4,
                          "Actual Startup Time": 48.571,
                          "Actual Total Time": 96.995,
                          "Actual Rows": 164354,
                          "Actual Loops": 4,
                          "Recheck Cond": "(keyword_id > 28588)",
                          "Rows Removed by Index Recheck": 0,
                          "Exact Heap Blocks": 6500,
                          "Lossy Heap Blocks": 0,
                          "Plans": [
                            {
                              "Node Type": "Bitmap Index Scan",
                              "Parent Relationship": "Outer",
                              "Parallel Aware": false,
                              "Index Name": "keyword_id_movie_keyword",
                              "Startup Cost": 0.0,
                              "Total Cost": 14007.56,
                              "Plan Rows": 668150,
                              "Plan Width": 0,
                              "Actual Startup Time": 44.886,
                              "Actual Total Time": 44.886,
                              "Actual Rows": 657414,
                              "Actual Loops": 1,
                              "Index Cond": "(keyword_id > 28588)"
                            }
                          ]
                        },
                        {
                          "Node Type": "Hash",
                          "Parent Relationship": "Inner",
                          "Parallel Aware": true,
                          "Startup Cost": 45479.1,
                          "Total Cost": 45479.1,
                          "Plan Rows": 219201,
                          "Plan Width": 4,
                          "Actual Startup Time": 169.493,
                          "Actual Total Time": 169.494,
                          "Actual Rows": 196660,
                          "Actual Loops": 4,
                          "Hash Buckets": 1048576,
                          "Original Hash Buckets": 1048576,
                          "Hash Batches": 1,
                          "Original Hash Batches": 1,
                          "Peak Memory Usage": 39040,
                          "Plans": [
                            {
                              "Node Type": "Seq Scan",
                              "Parent Relationship": "Outer",
                              "Parallel Aware": true,
                              "Relation Name": "title",
                              "Alias": "t",
                              "Startup Cost": 0.0,
                              "Total Cost": 45479.1,
                              "Plan Rows": 219201,
                              "Plan Width": 4,
                              "Actual Startup Time": 0.048,
                              "Actual Total Time": 102.24,
                              "Actual Rows": 196660,
                              "Actual Loops": 4,
                              "Filter": "((kind_id < 7) AND (production_year > 1958))",
                              "Rows Removed by Filter": 435418
                            }
                          ]
                        }
                      ]
                    },
                    {
                      "Node Type": "Index Scan",
                      "Parent Relationship": "Inner",
                      "Parallel Aware": false,
                      "Scan Direction": "Forward",
                      "Index Name": "movie_id_movie_info",
                      "Relation Name": "movie_info",
                      "Alias": "mi",
                      "Startup Cost": 0.43,
                      "Total Cost": 2.26,
                      "Plan Rows": 40,
                      "Plan Width": 4,
                      "Actual Startup Time": 0.003,
                      "Actual Total Time": 0.016,
                      "Actual Rows": 69,
                      "Actual Loops": 440041,
                      "Index Cond": "(movie_id = t.id)",
                      "Rows Removed by Index Recheck": 0,
                      "Filter": "(info_type_id > 1)",
                      "Rows Removed by Filter": 1
                    }
                  ]
                }
              ]
            }
          ]
        }
      ]
    },
    "Planning Time": 1.447,
    "Triggers": [],
    "Execution Time": 3005.207
  }
]