[
    {
        "Bao": {
            "Bao prediction": "NaN",
            "Bao recommended hint": "(no hint)"
        }
    },
    {
        "Plan": {
            "Node Type": "Aggregate",
            "Strategy": "Plain",
            "Partial Mode": "Finalize",
            "Parallel Aware": false,
            "Startup Cost": 121476.39,
            "Total Cost": 121476.4,
            "Plan Rows": 1,
            "Plan Width": 8,
            "Actual Startup Time": 382.712,
            "Actual Total Time": 409.438,
            "Actual Rows": 1,
            "Actual Loops": 1,
            "Output": [
                "count(*)"
            ],
            "Plans": [
                {
                    "Node Type": "Gather",
                    "Parent Relationship": "Outer",
                    "Parallel Aware": false,
                    "Startup Cost": 121476.07,
                    "Total Cost": 121476.38,
                    "Plan Rows": 3,
                    "Plan Width": 8,
                    "Actual Startup Time": 381.755,
                    "Actual Total Time": 409.429,
                    "Actual Rows": 4,
                    "Actual Loops": 1,
                    "Output": [
                        "(PARTIAL count(*))"
                    ],
                    "Workers Planned": 3,
                    "Workers Launched": 3,
                    "Single Copy": false,
                    "Plans": [
                        {
                            "Node Type": "Aggregate",
                            "Strategy": "Plain",
                            "Partial Mode": "Partial",
                            "Parent Relationship": "Outer",
                            "Parallel Aware": false,
                            "Startup Cost": 120476.07,
                            "Total Cost": 120476.08,
                            "Plan Rows": 1,
                            "Plan Width": 8,
                            "Actual Startup Time": 373.716,
                            "Actual Total Time": 373.722,
                            "Actual Rows": 1,
                            "Actual Loops": 4,
                            "Output": [
                                "PARTIAL count(*)"
                            ],
                            "Workers": [
                                {
                                    "Worker Number": 0,
                                    "Actual Startup Time": 369.94,
                                    "Actual Total Time": 369.942,
                                    "Actual Rows": 1,
                                    "Actual Loops": 1
                                },
                                {
                                    "Worker Number": 1,
                                    "Actual Startup Time": 369.792,
                                    "Actual Total Time": 369.796,
                                    "Actual Rows": 1,
                                    "Actual Loops": 1
                                },
                                {
                                    "Worker Number": 2,
                                    "Actual Startup Time": 373.906,
                                    "Actual Total Time": 373.909,
                                    "Actual Rows": 1,
                                    "Actual Loops": 1
                                }
                            ],
                            "Plans": [
                                {
                                    "Node Type": "Nested Loop",
                                    "Parent Relationship": "Outer",
                                    "Parallel Aware": false,
                                    "Join Type": "Inner",
                                    "Startup Cost": 50944.25,
                                    "Total Cost": 120243.58,
                                    "Plan Rows": 92997,
                                    "Plan Width": 0,
                                    "Actual Startup Time": 149.107,
                                    "Actual Total Time": 364.138,
                                    "Actual Rows": 131584,
                                    "Actual Loops": 4,
                                    "Inner Unique": false,
                                    "Join Filter": "(t.id = ci.movie_id)",
                                    "Rows Removed by Join Filter": 0,
                                    "Workers": [
                                        {
                                            "Worker Number": 0,
                                            "Actual Startup Time": 145.109,
                                            "Actual Total Time": 361.357,
                                            "Actual Rows": 142474,
                                            "Actual Loops": 1
                                        },
                                        {
                                            "Worker Number": 1,
                                            "Actual Startup Time": 145.369,
                                            "Actual Total Time": 359.95,
                                            "Actual Rows": 105343,
                                            "Actual Loops": 1
                                        },
                                        {
                                            "Worker Number": 2,
                                            "Actual Startup Time": 149.549,
                                            "Actual Total Time": 366.378,
                                            "Actual Rows": 117724,
                                            "Actual Loops": 1
                                        }
                                    ],
                                    "Plans": [
                                        {
                                            "Node Type": "Hash Join",
                                            "Parent Relationship": "Outer",
                                            "Parallel Aware": true,
                                            "Join Type": "Inner",
                                            "Startup Cost": 50943.68,
                                            "Total Cost": 76898.4,
                                            "Plan Rows": 6486,
                                            "Plan Width": 8,
                                            "Actual Startup Time": 148.983,
                                            "Actual Total Time": 196.903,
                                            "Actual Rows": 2215,
                                            "Actual Loops": 4,
                                            "Output": [
                                                "t.id",
                                                "mk.movie_id"
                                            ],
                                            "Inner Unique": true,
                                            "Hash Cond": "(mk.movie_id = t.id)",
                                            "Workers": [
                                                {
                                                    "Worker Number": 0,
                                                    "Actual Startup Time": 144.965,
                                                    "Actual Total Time": 187.584,
                                                    "Actual Rows": 2361,
                                                    "Actual Loops": 1
                                                },
                                                {
                                                    "Worker Number": 1,
                                                    "Actual Startup Time": 145.224,
                                                    "Actual Total Time": 184.572,
                                                    "Actual Rows": 1647,
                                                    "Actual Loops": 1
                                                },
                                                {
                                                    "Worker Number": 2,
                                                    "Actual Startup Time": 149.381,
                                                    "Actual Total Time": 197.982,
                                                    "Actual Rows": 2064,
                                                    "Actual Loops": 1
                                                }
                                            ],
                                            "Plans": [
                                                {
                                                    "Node Type": "Bitmap Heap Scan",
                                                    "Parent Relationship": "Outer",
                                                    "Parallel Aware": true,
                                                    "Relation Name": "movie_keyword",
                                                    "Schema": "public",
                                                    "Alias": "mk",
                                                    "Startup Cost": 6528.22,
                                                    "Total Cost": 32222.48,
                                                    "Plan Rows": 99221,
                                                    "Plan Width": 4,
                                                    "Actual Startup Time": 32.186,
                                                    "Actual Total Time": 64.184,
                                                    "Actual Rows": 75980,
                                                    "Actual Loops": 4,
                                                    "Output": [
                                                        "mk.id",
                                                        "mk.movie_id",
                                                        "mk.keyword_id"
                                                    ],
                                                    "Recheck Cond": "(mk.keyword_id > 53275)",
                                                    "Rows Removed by Index Recheck": 0,
                                                    "Exact Heap Blocks": 7200,
                                                    "Lossy Heap Blocks": 0,
                                                    "Workers": [
                                                        {
                                                            "Worker Number": 0,
                                                            "Actual Startup Time": 32.213,
                                                            "Actual Total Time": 61.224,
                                                            "Actual Rows": 77240,
                                                            "Actual Loops": 1
                                                        },
                                                        {
                                                            "Worker Number": 1,
                                                            "Actual Startup Time": 32.298,
                                                            "Actual Total Time": 59.584,
                                                            "Actual Rows": 49073,
                                                            "Actual Loops": 1
                                                        },
                                                        {
                                                            "Worker Number": 2,
                                                            "Actual Startup Time": 32.217,
                                                            "Actual Total Time": 65.562,
                                                            "Actual Rows": 76090,
                                                            "Actual Loops": 1
                                                        }
                                                    ],
                                                    "Plans": [
                                                        {
                                                            "Node Type": "Bitmap Index Scan",
                                                            "Parent Relationship": "Outer",
                                                            "Parallel Aware": false,
                                                            "Index Name": "keyword_id_movie_keyword",
                                                            "Startup Cost": 0.0,
                                                            "Total Cost": 6451.32,
                                                            "Plan Rows": 307585,
                                                            "Plan Width": 0,
                                                            "Actual Startup Time": 26.277,
                                                            "Actual Total Time": 26.277,
                                                            "Actual Rows": 303922,
                                                            "Actual Loops": 1,
                                                            "Index Cond": "(mk.keyword_id > 53275)"
                                                        }
                                                    ]
                                                },
                                                {
                                                    "Node Type": "Hash",
                                                    "Parent Relationship": "Inner",
                                                    "Parallel Aware": true,
                                                    "Startup Cost": 43899.01,
                                                    "Total Cost": 43899.01,
                                                    "Plan Rows": 41317,
                                                    "Plan Width": 4,
                                                    "Actual Startup Time": 114.816,
                                                    "Actual Total Time": 114.817,
                                                    "Actual Rows": 41077,
                                                    "Actual Loops": 4,
                                                    "Output": [
                                                        "t.id"
                                                    ],
                                                    "Hash Buckets": 262144,
                                                    "Original Hash Buckets": 262144,
                                                    "Hash Batches": 1,
                                                    "Original Hash Batches": 1,
                                                    "Peak Memory Usage": 8544,
                                                    "Workers": [
                                                        {
                                                            "Worker Number": 0,
                                                            "Actual Startup Time": 112.244,
                                                            "Actual Total Time": 112.245,
                                                            "Actual Rows": 42560,
                                                            "Actual Loops": 1
                                                        },
                                                        {
                                                            "Worker Number": 1,
                                                            "Actual Startup Time": 112.471,
                                                            "Actual Total Time": 112.472,
                                                            "Actual Rows": 29962,
                                                            "Actual Loops": 1
                                                        },
                                                        {
                                                            "Worker Number": 2,
                                                            "Actual Startup Time": 116.726,
                                                            "Actual Total Time": 116.727,
                                                            "Actual Rows": 42398,
                                                            "Actual Loops": 1
                                                        }
                                                    ],
                                                    "Plans": [
                                                        {
                                                            "Node Type": "Seq Scan",
                                                            "Parent Relationship": "Outer",
                                                            "Parallel Aware": true,
                                                            "Relation Name": "title",
                                                            "Schema": "public",
                                                            "Alias": "t",
                                                            "Startup Cost": 0.0,
                                                            "Total Cost": 43899.01,
                                                            "Plan Rows": 41317,
                                                            "Plan Width": 4,
                                                            "Actual Startup Time": 0.035,
                                                            "Actual Total Time": 97.686,
                                                            "Actual Rows": 41077,
                                                            "Actual Loops": 4,
                                                            "Output": [
                                                                "t.id"
                                                            ],
                                                            "Filter": "(t.production_year = 2012)",
                                                            "Rows Removed by Filter": 591001,
                                                            "Workers": [
                                                                {
                                                                    "Worker Number": 0,
                                                                    "Actual Startup Time": 0.048,
                                                                    "Actual Total Time": 96.275,
                                                                    "Actual Rows": 42560,
                                                                    "Actual Loops": 1
                                                                },
                                                                {
                                                                    "Worker Number": 1,
                                                                    "Actual Startup Time": 0.041,
                                                                    "Actual Total Time": 96.562,
                                                                    "Actual Rows": 29962,
                                                                    "Actual Loops": 1
                                                                },
                                                                {
                                                                    "Worker Number": 2,
                                                                    "Actual Startup Time": 0.027,
                                                                    "Actual Total Time": 98.144,
                                                                    "Actual Rows": 42398,
                                                                    "Actual Loops": 1
                                                                }
                                                            ]
                                                        }
                                                    ]
                                                }
                                            ]
                                        },
                                        {
                                            "Node Type": "Index Only Scan",
                                            "Parent Relationship": "Inner",
                                            "Parallel Aware": false,
                                            "Scan Direction": "Forward",
                                            "Index Name": "movie_id_cast_info",
                                            "Relation Name": "cast_info",
                                            "Schema": "public",
                                            "Alias": "ci",
                                            "Startup Cost": 0.56,
                                            "Total Cost": 6.21,
                                            "Plan Rows": 38,
                                            "Plan Width": 4,
                                            "Actual Startup Time": 0.01,
                                            "Actual Total Time": 0.068,
                                            "Actual Rows": 59,
                                            "Actual Loops": 8860,
                                            "Output": [
                                                "ci.movie_id"
                                            ],
                                            "Index Cond": "(ci.movie_id = mk.movie_id)",
                                            "Rows Removed by Index Recheck": 0,
                                            "Heap Fetches": 526336,
                                            "Workers": [
                                                {
                                                    "Worker Number": 0,
                                                    "Actual Startup Time": 0.01,
                                                    "Actual Total Time": 0.067,
                                                    "Actual Rows": 60,
                                                    "Actual Loops": 2361
                                                },
                                                {
                                                    "Worker Number": 1,
                                                    "Actual Startup Time": 0.014,
                                                    "Actual Total Time": 0.096,
                                                    "Actual Rows": 64,
                                                    "Actual Loops": 1647
                                                },
                                                {
                                                    "Worker Number": 2,
                                                    "Actual Startup Time": 0.011,
                                                    "Actual Total Time": 0.075,
                                                    "Actual Rows": 57,
                                                    "Actual Loops": 2064
                                                }
                                            ]
                                        }
                                    ]
                                }
                            ]
                        }
                    ]
                }
            ]
        },
        "Planning Time": 292.811,
        "Triggers": [],
        "Execution Time": 409.544
    }
]