[
  {
    "Plan": {
      "Node Type": "Aggregate",
      "Strategy": "Plain",
      "Partial Mode": "Finalize",
      "Parallel Aware": false,
      "Startup Cost": 45565.08,
      "Total Cost": 45565.09,
      "Plan Rows": 1,
      "Plan Width": 8,
      "Actual Startup Time": 150.687,
      "Actual Total Time": 160.218,
      "Actual Rows": 1,
      "Actual Loops": 1,
      "Plans": [
        {
          "Node Type": "Gather",
          "Parent Relationship": "Outer",
          "Parallel Aware": false,
          "Startup Cost": 45564.76,
          "Total Cost": 45565.07,
          "Plan Rows": 3,
          "Plan Width": 8,
          "Actual Startup Time": 150.577,
          "Actual Total Time": 160.21,
          "Actual Rows": 4,
          "Actual Loops": 1,
          "Workers Planned": 3,
          "Workers Launched": 3,
          "Single Copy": false,
          "Plans": [
            {
              "Node Type": "Aggregate",
              "Strategy": "Plain",
              "Partial Mode": "Partial",
              "Parent Relationship": "Outer",
              "Parallel Aware": false,
              "Startup Cost": 44564.76,
              "Total Cost": 44564.77,
              "Plan Rows": 1,
              "Plan Width": 8,
              "Actual Startup Time": 143.264,
              "Actual Total Time": 143.265,
              "Actual Rows": 1,
              "Actual Loops": 4,
              "Plans": [
                {
                  "Node Type": "Seq Scan",
                  "Parent Relationship": "Outer",
                  "Parallel Aware": true,
                  "Relation Name": "movie_keyword",
                  "Alias": "mk",
                  "Startup Cost": 0.0,
                  "Total Cost": 42695.65,
                  "Plan Rows": 747642,
                  "Plan Width": 0,
                  "Actual Startup Time": 0.662,
                  "Actual Total Time": 115.965,
                  "Actual Rows": 578614,
                  "Actual Loops": 4,
                  "Filter": "(keyword_id > 4456)",
                  "Rows Removed by Filter": 552369
                }
              ]
            }
          ]
        }
      ]
    },
    "Planning Time": 0.182,
    "Triggers": [],
    "Execution Time": 160.274
  }
]