[
  {
    "Plan": {
      "Node Type": "Aggregate",
      "Strategy": "Plain",
      "Partial Mode": "Finalize",
      "Parallel Aware": false,
      "Startup Cost": 131051.62,
      "Total Cost": 131051.63,
      "Plan Rows": 1,
      "Plan Width": 8,
      "Actual Startup Time": 1052.807,
      "Actual Total Time": 1072.552,
      "Actual Rows": 1,
      "Actual Loops": 1,
      "Plans": [
        {
          "Node Type": "Gather",
          "Parent Relationship": "Outer",
          "Parallel Aware": false,
          "Startup Cost": 131051.31,
          "Total Cost": 131051.62,
          "Plan Rows": 3,
          "Plan Width": 8,
          "Actual Startup Time": 1047.511,
          "Actual Total Time": 1072.543,
          "Actual Rows": 4,
          "Actual Loops": 1,
          "Workers Planned": 3,
          "Workers Launched": 3,
          "Single Copy": false,
          "Plans": [
            {
              "Node Type": "Aggregate",
              "Strategy": "Plain",
              "Partial Mode": "Partial",
              "Parent Relationship": "Outer",
              "Parallel Aware": false,
              "Startup Cost": 130051.31,
              "Total Cost": 130051.32,
              "Plan Rows": 1,
              "Plan Width": 8,
              "Actual Startup Time": 1038.76,
              "Actual Total Time": 1038.963,
              "Actual Rows": 1,
              "Actual Loops": 4,
              "Plans": [
                {
                  "Node Type": "Hash Join",
                  "Parent Relationship": "Outer",
                  "Parallel Aware": true,
                  "Join Type": "Inner",
                  "Startup Cost": 83233.91,
                  "Total Cost": 128902.52,
                  "Plan Rows": 459515,
                  "Plan Width": 0,
                  "Actual Startup Time": 439.322,
                  "Actual Total Time": 893.385,
                  "Actual Rows": 3468936,
                  "Actual Loops": 4,
                  "Inner Unique": false,
                  "Hash Cond": "(mk.movie_id = t.id)",
                  "Plans": [
                    {
                      "Node Type": "Seq Scan",
                      "Parent Relationship": "Outer",
                      "Parallel Aware": true,
                      "Relation Name": "movie_keyword",
                      "Alias": "mk",
                      "Startup Cost": 0.0,
                      "Total Cost": 39047.32,
                      "Plan Rows": 1459332,
                      "Plan Width": 4,
                      "Actual Startup Time": 0.03,
                      "Actual Total Time": 92.971,
                      "Actual Rows": 1130982,
                      "Actual Loops": 4
                    },
                    {
                      "Node Type": "Hash",
                      "Parent Relationship": "Inner",
                      "Parallel Aware": true,
                      "Startup Cost": 80746.06,
                      "Total Cost": 80746.06,
                      "Plan Rows": 199028,
                      "Plan Width": 8,
                      "Actual Startup Time": 423.147,
                      "Actual Total Time": 423.348,
                      "Actual Rows": 145185,
                      "Actual Loops": 4,
                      "Hash Buckets": 1048576,
                      "Original Hash Buckets": 1048576,
                      "Hash Batches": 1,
                      "Original Hash Batches": 1,
                      "Peak Memory Usage": 30944,
                      "Plans": [
                        {
                          "Node Type": "Hash Join",
                          "Parent Relationship": "Outer",
                          "Parallel Aware": true,
                          "Join Type": "Inner",
                          "Startup Cost": 34624.94,
                          "Total Cost": 80746.06,
                          "Plan Rows": 199028,
                          "Plan Width": 8,
                          "Actual Startup Time": 150.01,
                          "Actual Total Time": 374.111,
                          "Actual Rows": 145185,
                          "Actual Loops": 4,
                          "Inner Unique": false,
                          "Hash Cond": "(t.id = mc.movie_id)",
                          "Plans": [
                            {
                              "Node Type": "Seq Scan",
                              "Parent Relationship": "Outer",
                              "Parallel Aware": true,
                              "Relation Name": "title",
                              "Alias": "t",
                              "Startup Cost": 0.0,
                              "Total Cost": 42318.73,
                              "Plan Rows": 632073,
                              "Plan Width": 4,
                              "Actual Startup Time": 0.011,
                              "Actual Total Time": 80.72,
                              "Actual Rows": 632078,
                              "Actual Loops": 4
                            },
                            {
                              "Node Type": "Hash",
                              "Parent Relationship": "Inner",
                              "Parallel Aware": true,
                              "Startup Cost": 31414.82,
                              "Total Cost": 31414.82,
                              "Plan Rows": 256810,
                              "Plan Width": 4,
                              "Actual Startup Time": 134.165,
                              "Actual Total Time": 134.168,
                              "Actual Rows": 145185,
                              "Actual Loops": 4,
                              "Hash Buckets": 1048576,
                              "Original Hash Buckets": 1048576,
                              "Hash Batches": 1,
                              "Original Hash Batches": 1,
                              "Peak Memory Usage": 31008,
                              "Plans": [
                                {
                                  "Node Type": "Seq Scan",
                                  "Parent Relationship": "Outer",
                                  "Parallel Aware": true,
                                  "Relation Name": "movie_companies",
                                  "Alias": "mc",
                                  "Startup Cost": 0.0,
                                  "Total Cost": 31414.82,
                                  "Plan Rows": 256810,
                                  "Plan Width": 4,
                                  "Actual Startup Time": 5.702,
                                  "Actual Total Time": 84.507,
                                  "Actual Rows": 145185,
                                  "Actual Loops": 4,
                                  "Filter": "((company_id > 4568) AND (company_type_id < 2))",
                                  "Rows Removed by Filter": 507097
                                }
                              ]
                            }
                          ]
                        }
                      ]
                    }
                  ]
                }
              ]
            }
          ]
        }
      ]
    },
    "Planning Time": 1.471,
    "Triggers": [],
    "Execution Time": 1072.638
  }
]