[
  {
    "Plan": {
      "Node Type": "Aggregate",
      "Strategy": "Plain",
      "Partial Mode": "Finalize",
      "Parallel Aware": false,
      "Startup Cost": 44528.43,
      "Total Cost": 44528.44,
      "Plan Rows": 1,
      "Plan Width": 8,
      "Actual Startup Time": 123.257,
      "Actual Total Time": 132.881,
      "Actual Rows": 1,
      "Actual Loops": 1,
      "Plans": [
        {
          "Node Type": "Gather",
          "Parent Relationship": "Outer",
          "Parallel Aware": false,
          "Startup Cost": 44528.11,
          "Total Cost": 44528.42,
          "Plan Rows": 3,
          "Plan Width": 8,
          "Actual Startup Time": 123.149,
          "Actual Total Time": 132.871,
          "Actual Rows": 4,
          "Actual Loops": 1,
          "Workers Planned": 3,
          "Workers Launched": 3,
          "Single Copy": false,
          "Plans": [
            {
              "Node Type": "Aggregate",
              "Strategy": "Plain",
              "Partial Mode": "Partial",
              "Parent Relationship": "Outer",
              "Parallel Aware": false,
              "Startup Cost": 43528.11,
              "Total Cost": 43528.12,
              "Plan Rows": 1,
              "Plan Width": 8,
              "Actual Startup Time": 116.497,
              "Actual Total Time": 116.498,
              "Actual Rows": 1,
              "Actual Loops": 4,
              "Plans": [
                {
                  "Node Type": "Seq Scan",
                  "Parent Relationship": "Outer",
                  "Parallel Aware": true,
                  "Relation Name": "movie_keyword",
                  "Alias": "mk",
                  "Startup Cost": 0.0,
                  "Total Cost": 42695.65,
                  "Plan Rows": 332983,
                  "Plan Width": 0,
                  "Actual Startup Time": 2.624,
                  "Actual Total Time": 103.445,
                  "Actual Rows": 256849,
                  "Actual Loops": 4,
                  "Filter": "(keyword_id > 17363)",
                  "Rows Removed by Filter": 874134
                }
              ]
            }
          ]
        }
      ]
    },
    "Planning Time": 0.188,
    "Triggers": [],
    "Execution Time": 132.935
  }
]