{
    "Plan": {
        "Node Type": "Aggregate",
        "Strategy": "Plain",
        "Partial Mode": "Finalize",
        "Parallel Aware": false,
        "Startup Cost": 444304.78,
        "Total Cost": 444304.79,
        "Plan Rows": 1,
        "Plan Width": 8,
        "Actual Startup Time": 2935.365,
        "Actual Total Time": 2989.718,
        "Actual Rows": 1,
        "Actual Loops": 1,
        "Output": [
            "count(*)"
        ],
        "Plans": [
            {
                "Node Type": "Gather",
                "Parent Relationship": "Outer",
                "Parallel Aware": false,
                "Startup Cost": 444304.16,
                "Total Cost": 444304.77,
                "Plan Rows": 6,
                "Plan Width": 8,
                "Actual Startup Time": 2909.301,
                "Actual Total Time": 2989.655,
                "Actual Rows": 7,
                "Actual Loops": 1,
                "Output": [
                    "(PARTIAL count(*))"
                ],
                "Workers Planned": 6,
                "Workers Launched": 6,
                "Single Copy": false,
                "Plans": [
                    {
                        "Node Type": "Aggregate",
                        "Strategy": "Plain",
                        "Partial Mode": "Partial",
                        "Parent Relationship": "Outer",
                        "Parallel Aware": false,
                        "Startup Cost": 443304.16,
                        "Total Cost": 443304.17,
                        "Plan Rows": 1,
                        "Plan Width": 8,
                        "Actual Startup Time": 2895.356,
                        "Actual Total Time": 2895.758,
                        "Actual Rows": 1,
                        "Actual Loops": 7,
                        "Output": [
                            "PARTIAL count(*)"
                        ],
                        "Workers": [
                            {
                                "Worker Number": 0,
                                "Actual Startup Time": 2892.702,
                                "Actual Total Time": 2892.706,
                                "Actual Rows": 1,
                                "Actual Loops": 1
                            },
                            {
                                "Worker Number": 1,
                                "Actual Startup Time": 2892.992,
                                "Actual Total Time": 2892.997,
                                "Actual Rows": 1,
                                "Actual Loops": 1
                            },
                            {
                                "Worker Number": 2,
                                "Actual Startup Time": 2892.825,
                                "Actual Total Time": 2892.83,
                                "Actual Rows": 1,
                                "Actual Loops": 1
                            },
                            {
                                "Worker Number": 3,
                                "Actual Startup Time": 2892.969,
                                "Actual Total Time": 2892.973,
                                "Actual Rows": 1,
                                "Actual Loops": 1
                            },
                            {
                                "Worker Number": 4,
                                "Actual Startup Time": 2893.036,
                                "Actual Total Time": 2893.04,
                                "Actual Rows": 1,
                                "Actual Loops": 1
                            },
                            {
                                "Worker Number": 5,
                                "Actual Startup Time": 2894.64,
                                "Actual Total Time": 2894.644,
                                "Actual Rows": 1,
                                "Actual Loops": 1
                            }
                        ],
                        "Plans": [
                            {
                                "Node Type": "Hash Join",
                                "Parent Relationship": "Outer",
                                "Parallel Aware": true,
                                "Join Type": "Inner",
                                "Startup Cost": 72602.05,
                                "Total Cost": 435457.39,
                                "Plan Rows": 3138708,
                                "Plan Width": 0,
                                "Actual Startup Time": 388.798,
                                "Actual Total Time": 2658.784,
                                "Actual Rows": 5438982,
                                "Actual Loops": 7,
                                "Inner Unique": false,
                                "Hash Cond": "(ci.movie_id = t.id)",
                                "Workers": [
                                    {
                                        "Worker Number": 0,
                                        "Actual Startup Time": 386.382,
                                        "Actual Total Time": 2638.688,
                                        "Actual Rows": 4647734,
                                        "Actual Loops": 1
                                    },
                                    {
                                        "Worker Number": 1,
                                        "Actual Startup Time": 386.625,
                                        "Actual Total Time": 2643.492,
                                        "Actual Rows": 4591132,
                                        "Actual Loops": 1
                                    },
                                    {
                                        "Worker Number": 2,
                                        "Actual Startup Time": 386.518,
                                        "Actual Total Time": 2690.624,
                                        "Actual Rows": 5137287,
                                        "Actual Loops": 1
                                    },
                                    {
                                        "Worker Number": 3,
                                        "Actual Startup Time": 386.568,
                                        "Actual Total Time": 2660.74,
                                        "Actual Rows": 5830161,
                                        "Actual Loops": 1
                                    },
                                    {
                                        "Worker Number": 4,
                                        "Actual Startup Time": 386.623,
                                        "Actual Total Time": 2660.855,
                                        "Actual Rows": 5822156,
                                        "Actual Loops": 1
                                    },
                                    {
                                        "Worker Number": 5,
                                        "Actual Startup Time": 386.914,
                                        "Actual Total Time": 2662.199,
                                        "Actual Rows": 5833318,
                                        "Actual Loops": 1
                                    }
                                ],
                                "Plans": [
                                    {
                                        "Node Type": "Seq Scan",
                                        "Parent Relationship": "Outer",
                                        "Parallel Aware": true,
                                        "Relation Name": "cast_info",
                                        "Schema": "public",
                                        "Alias": "ci",
                                        "Startup Cost": 0.0,
                                        "Total Cost": 328213.62,
                                        "Plan Rows": 5750335,
                                        "Plan Width": 4,
                                        "Actual Startup Time": 0.039,
                                        "Actual Total Time": 675.725,
                                        "Actual Rows": 4913509,
                                        "Actual Loops": 7,
                                        "Output": [
                                            "ci.id",
                                            "ci.person_id",
                                            "ci.movie_id",
                                            "ci.person_role_id",
                                            "ci.note",
                                            "ci.nr_order",
                                            "ci.role_id"
                                        ],
                                        "Filter": "(ci.person_id < 3696816)",
                                        "Rows Removed by Filter": 264255,
                                        "Workers": [
                                            {
                                                "Worker Number": 0,
                                                "Actual Startup Time": 0.049,
                                                "Actual Total Time": 708.402,
                                                "Actual Rows": 4134222,
                                                "Actual Loops": 1
                                            },
                                            {
                                                "Worker Number": 1,
                                                "Actual Startup Time": 0.047,
                                                "Actual Total Time": 735.108,
                                                "Actual Rows": 4104776,
                                                "Actual Loops": 1
                                            },
                                            {
                                                "Worker Number": 2,
                                                "Actual Startup Time": 0.041,
                                                "Actual Total Time": 645.21,
                                                "Actual Rows": 4601386,
                                                "Actual Loops": 1
                                            },
                                            {
                                                "Worker Number": 3,
                                                "Actual Startup Time": 0.038,
                                                "Actual Total Time": 689.377,
                                                "Actual Rows": 5292586,
                                                "Actual Loops": 1
                                            },
                                            {
                                                "Worker Number": 4,
                                                "Actual Startup Time": 0.045,
                                                "Actual Total Time": 689.287,
                                                "Actual Rows": 5281262,
                                                "Actual Loops": 1
                                            },
                                            {
                                                "Worker Number": 5,
                                                "Actual Startup Time": 0.036,
                                                "Actual Total Time": 690.183,
                                                "Actual Rows": 5296025,
                                                "Actual Loops": 1
                                            }
                                        ]
                                    },
                                    {
                                        "Node Type": "Hash",
                                        "Parent Relationship": "Inner",
                                        "Parallel Aware": true,
                                        "Startup Cost": 65414.37,
                                        "Total Cost": 65414.37,
                                        "Plan Rows": 575015,
                                        "Plan Width": 8,
                                        "Actual Startup Time": 384.119,
                                        "Actual Total Time": 384.52,
                                        "Actual Rows": 197148,
                                        "Actual Loops": 7,
                                        "Output": [
                                            "t.id",
                                            "mi_idx.movie_id"
                                        ],
                                        "Hash Buckets": 2097152,
                                        "Original Hash Buckets": 2097152,
                                        "Hash Batches": 1,
                                        "Original Hash Batches": 1,
                                        "Peak Memory Usage": 70496,
                                        "Workers": [
                                            {
                                                "Worker Number": 0,
                                                "Actual Startup Time": 385.634,
                                                "Actual Total Time": 385.637,
                                                "Actual Rows": 150441,
                                                "Actual Loops": 1
                                            },
                                            {
                                                "Worker Number": 1,
                                                "Actual Startup Time": 385.904,
                                                "Actual Total Time": 385.908,
                                                "Actual Rows": 150608,
                                                "Actual Loops": 1
                                            },
                                            {
                                                "Worker Number": 2,
                                                "Actual Startup Time": 385.575,
                                                "Actual Total Time": 385.578,
                                                "Actual Rows": 190611,
                                                "Actual Loops": 1
                                            },
                                            {
                                                "Worker Number": 3,
                                                "Actual Startup Time": 385.869,
                                                "Actual Total Time": 385.871,
                                                "Actual Rows": 217512,
                                                "Actual Loops": 1
                                            },
                                            {
                                                "Worker Number": 4,
                                                "Actual Startup Time": 385.829,
                                                "Actual Total Time": 385.832,
                                                "Actual Rows": 221061,
                                                "Actual Loops": 1
                                            },
                                            {
                                                "Worker Number": 5,
                                                "Actual Startup Time": 386.272,
                                                "Actual Total Time": 386.275,
                                                "Actual Rows": 219503,
                                                "Actual Loops": 1
                                            }
                                        ],
                                        "Plans": [
                                            {
                                                "Node Type": "Hash Join",
                                                "Parent Relationship": "Outer",
                                                "Parallel Aware": true,
                                                "Join Type": "Inner",
                                                "Startup Cost": 50219.81,
                                                "Total Cost": 65414.37,
                                                "Plan Rows": 575015,
                                                "Plan Width": 8,
                                                "Actual Startup Time": 238.303,
                                                "Actual Total Time": 318.182,
                                                "Actual Rows": 197148,
                                                "Actual Loops": 7,
                                                "Output": [
                                                    "t.id",
                                                    "mi_idx.movie_id"
                                                ],
                                                "Inner Unique": true,
                                                "Hash Cond": "(mi_idx.movie_id = t.id)",
                                                "Workers": [
                                                    {
                                                        "Worker Number": 0,
                                                        "Actual Startup Time": 238.211,
                                                        "Actual Total Time": 317.633,
                                                        "Actual Rows": 150441,
                                                        "Actual Loops": 1
                                                    },
                                                    {
                                                        "Worker Number": 1,
                                                        "Actual Startup Time": 238.369,
                                                        "Actual Total Time": 317.68,
                                                        "Actual Rows": 150608,
                                                        "Actual Loops": 1
                                                    },
                                                    {
                                                        "Worker Number": 2,
                                                        "Actual Startup Time": 238.181,
                                                        "Actual Total Time": 319.765,
                                                        "Actual Rows": 190611,
                                                        "Actual Loops": 1
                                                    },
                                                    {
                                                        "Worker Number": 3,
                                                        "Actual Startup Time": 238.364,
                                                        "Actual Total Time": 317.247,
                                                        "Actual Rows": 217512,
                                                        "Actual Loops": 1
                                                    },
                                                    {
                                                        "Worker Number": 4,
                                                        "Actual Startup Time": 238.166,
                                                        "Actual Total Time": 317.749,
                                                        "Actual Rows": 221061,
                                                        "Actual Loops": 1
                                                    },
                                                    {
                                                        "Worker Number": 5,
                                                        "Actual Startup Time": 238.354,
                                                        "Actual Total Time": 317.47,
                                                        "Actual Rows": 219503,
                                                        "Actual Loops": 1
                                                    }
                                                ],
                                                "Plans": [
                                                    {
                                                        "Node Type": "Seq Scan",
                                                        "Parent Relationship": "Outer",
                                                        "Parallel Aware": true,
                                                        "Relation Name": "movie_info_idx",
                                                        "Schema": "public",
                                                        "Alias": "mi_idx",
                                                        "Startup Cost": 0.0,
                                                        "Total Cost": 13685.15,
                                                        "Plan Rows": 575015,
                                                        "Plan Width": 4,
                                                        "Actual Startup Time": 0.014,
                                                        "Actual Total Time": 20.178,
                                                        "Actual Rows": 197148,
                                                        "Actual Loops": 7,
                                                        "Output": [
                                                            "mi_idx.id",
                                                            "mi_idx.movie_id",
                                                            "mi_idx.info_type_id",
                                                            "mi_idx.info",
                                                            "mi_idx.note"
                                                        ],
                                                        "Workers": [
                                                            {
                                                                "Worker Number": 0,
                                                                "Actual Startup Time": 0.011,
                                                                "Actual Total Time": 21.351,
                                                                "Actual Rows": 150441,
                                                                "Actual Loops": 1
                                                            },
                                                            {
                                                                "Worker Number": 1,
                                                                "Actual Startup Time": 0.023,
                                                                "Actual Total Time": 21.238,
                                                                "Actual Rows": 150608,
                                                                "Actual Loops": 1
                                                            },
                                                            {
                                                                "Worker Number": 2,
                                                                "Actual Startup Time": 0.008,
                                                                "Actual Total Time": 21.057,
                                                                "Actual Rows": 190611,
                                                                "Actual Loops": 1
                                                            },
                                                            {
                                                                "Worker Number": 3,
                                                                "Actual Startup Time": 0.01,
                                                                "Actual Total Time": 20.205,
                                                                "Actual Rows": 217512,
                                                                "Actual Loops": 1
                                                            },
                                                            {
                                                                "Worker Number": 4,
                                                                "Actual Startup Time": 0.014,
                                                                "Actual Total Time": 20.386,
                                                                "Actual Rows": 221061,
                                                                "Actual Loops": 1
                                                            },
                                                            {
                                                                "Worker Number": 5,
                                                                "Actual Startup Time": 0.02,
                                                                "Actual Total Time": 20.272,
                                                                "Actual Rows": 219503,
                                                                "Actual Loops": 1
                                                            }
                                                        ]
                                                    },
                                                    {
                                                        "Node Type": "Hash",
                                                        "Parent Relationship": "Inner",
                                                        "Parallel Aware": true,
                                                        "Startup Cost": 42318.81,
                                                        "Total Cost": 42318.81,
                                                        "Plan Rows": 632080,
                                                        "Plan Width": 4,
                                                        "Actual Startup Time": 234.648,
                                                        "Actual Total Time": 234.649,
                                                        "Actual Rows": 361187,
                                                        "Actual Loops": 7,
                                                        "Output": [
                                                            "t.id"
                                                        ],
                                                        "Hash Buckets": 4194304,
                                                        "Original Hash Buckets": 4194304,
                                                        "Hash Batches": 1,
                                                        "Original Hash Batches": 1,
                                                        "Peak Memory Usage": 131744,
                                                        "Workers": [
                                                            {
                                                                "Worker Number": 0,
                                                                "Actual Startup Time": 238.127,
                                                                "Actual Total Time": 238.128,
                                                                "Actual Rows": 282799,
                                                                "Actual Loops": 1
                                                            },
                                                            {
                                                                "Worker Number": 1,
                                                                "Actual Startup Time": 238.056,
                                                                "Actual Total Time": 238.057,
                                                                "Actual Rows": 282022,
                                                                "Actual Loops": 1
                                                            },
                                                            {
                                                                "Worker Number": 2,
                                                                "Actual Startup Time": 238.064,
                                                                "Actual Total Time": 238.065,
                                                                "Actual Rows": 314900,
                                                                "Actual Loops": 1
                                                            },
                                                            {
                                                                "Worker Number": 3,
                                                                "Actual Startup Time": 238.094,
                                                                "Actual Total Time": 238.095,
                                                                "Actual Rows": 374520,
                                                                "Actual Loops": 1
                                                            },
                                                            {
                                                                "Worker Number": 4,
                                                                "Actual Startup Time": 238.056,
                                                                "Actual Total Time": 238.057,
                                                                "Actual Rows": 376214,
                                                                "Actual Loops": 1
                                                            },
                                                            {
                                                                "Worker Number": 5,
                                                                "Actual Startup Time": 238.062,
                                                                "Actual Total Time": 238.063,
                                                                "Actual Rows": 374683,
                                                                "Actual Loops": 1
                                                            }
                                                        ],
                                                        "Plans": [
                                                            {
                                                                "Node Type": "Seq Scan",
                                                                "Parent Relationship": "Outer",
                                                                "Parallel Aware": true,
                                                                "Relation Name": "title",
                                                                "Schema": "public",
                                                                "Alias": "t",
                                                                "Startup Cost": 0.0,
                                                                "Total Cost": 42318.81,
                                                                "Plan Rows": 632080,
                                                                "Plan Width": 4,
                                                                "Actual Startup Time": 0.065,
                                                                "Actual Total Time": 71.51,
                                                                "Actual Rows": 361187,
                                                                "Actual Loops": 7,
                                                                "Output": [
                                                                    "t.id"
                                                                ],
                                                                "Workers": [
                                                                    {
                                                                        "Worker Number": 0,
                                                                        "Actual Startup Time": 0.068,
                                                                        "Actual Total Time": 76.033,
                                                                        "Actual Rows": 282799,
                                                                        "Actual Loops": 1
                                                                    },
                                                                    {
                                                                        "Worker Number": 1,
                                                                        "Actual Startup Time": 0.075,
                                                                        "Actual Total Time": 75.805,
                                                                        "Actual Rows": 282022,
                                                                        "Actual Loops": 1
                                                                    },
                                                                    {
                                                                        "Worker Number": 2,
                                                                        "Actual Startup Time": 0.073,
                                                                        "Actual Total Time": 70.627,
                                                                        "Actual Rows": 314900,
                                                                        "Actual Loops": 1
                                                                    },
                                                                    {
                                                                        "Worker Number": 3,
                                                                        "Actual Startup Time": 0.073,
                                                                        "Actual Total Time": 73.201,
                                                                        "Actual Rows": 374520,
                                                                        "Actual Loops": 1
                                                                    },
                                                                    {
                                                                        "Worker Number": 4,
                                                                        "Actual Startup Time": 0.074,
                                                                        "Actual Total Time": 73.231,
                                                                        "Actual Rows": 376214,
                                                                        "Actual Loops": 1
                                                                    },
                                                                    {
                                                                        "Worker Number": 5,
                                                                        "Actual Startup Time": 0.075,
                                                                        "Actual Total Time": 73.261,
                                                                        "Actual Rows": 374683,
                                                                        "Actual Loops": 1
                                                                    }
                                                                ]
                                                            }
                                                        ]
                                                    }
                                                ]
                                            }
                                        ]
                                    }
                                ]
                            }
                        ]
                    }
                ]
            }
        ]
    },
    "Planning Time": 1.382,
    "Triggers": [],
    "Execution Time": 2989.811
}