{
  "Plan": {
    "Node Type": "Aggregate",
    "Strategy": "Plain",
    "Partial Mode": "Finalize",
    "Parallel Aware": false,
    "Startup Cost": 319736.51,
    "Total Cost": 319736.52,
    "Plan Rows": 1,
    "Plan Width": 8,
    "Actual Startup Time": 1371.729,
    "Actual Total Time": 1450.967,
    "Actual Rows": 1,
    "Actual Loops": 1,
    "Plans": [
      {
        "Node Type": "Gather",
        "Parent Relationship": "Outer",
        "Parallel Aware": false,
        "Startup Cost": 319736.4,
        "Total Cost": 319736.51,
        "Plan Rows": 1,
        "Plan Width": 8,
        "Actual Startup Time": 1371.068,
        "Actual Total Time": 1450.957,
        "Actual Rows": 2,
        "Actual Loops": 1,
        "Workers Planned": 1,
        "Workers Launched": 1,
        "Single Copy": false,
        "Plans": [
          {
            "Node Type": "Aggregate",
            "Strategy": "Plain",
            "Partial Mode": "Partial",
            "Parent Relationship": "Outer",
            "Parallel Aware": false,
            "Startup Cost": 318736.4,
            "Total Cost": 318736.41,
            "Plan Rows": 1,
            "Plan Width": 8,
            "Actual Startup Time": 1364.768,
            "Actual Total Time": 1364.774,
            "Actual Rows": 1,
            "Actual Loops": 2,
            "Plans": [
              {
                "Node Type": "Nested Loop",
                "Parent Relationship": "Outer",
                "Parallel Aware": false,
                "Join Type": "Inner",
                "Startup Cost": 64021.56,
                "Total Cost": 318479.25,
                "Plan Rows": 102861,
                "Plan Width": 0,
                "Actual Startup Time": 187.939,
                "Actual Total Time": 1353.141,
                "Actual Rows": 166428,
                "Actual Loops": 2,
                "Inner Unique": false,
                "Join Filter": "(t.id = ci.movie_id)",
                "Rows Removed by Join Filter": 0,
                "Plans": [
                  {
                    "Node Type": "Hash Join",
                    "Parent Relationship": "Outer",
                    "Parallel Aware": true,
                    "Join Type": "Inner",
                    "Startup Cost": 64020.99,
                    "Total Cost": 237794.8,
                    "Plan Rows": 31501,
                    "Plan Width": 8,
                    "Actual Startup Time": 187.854,
                    "Actual Total Time": 362.637,
                    "Actual Rows": 60454,
                    "Actual Loops": 2,
                    "Inner Unique": true,
                    "Hash Cond": "(mi.movie_id = t.id)",
                    "Plans": [
                      {
                        "Node Type": "Bitmap Heap Scan",
                        "Parent Relationship": "Outer",
                        "Parallel Aware": true,
                        "Relation Name": "movie_info",
                        "Alias": "mi",
                        "Startup Cost": 23986.4,
                        "Total Cost": 195715.6,
                        "Plan Rows": 778896,
                        "Plan Width": 4,
                        "Actual Startup Time": 64.181,
                        "Actual Total Time": 135.724,
                        "Actual Rows": 662680,
                        "Actual Loops": 2,
                        "Recheck Cond": "(info_type_id = 8)",
                        "Rows Removed by Index Recheck": 0,
                        "Exact Heap Blocks": 5222,
                        "Lossy Heap Blocks": 0,
                        "Plans": [
                          {
                            "Node Type": "Bitmap Index Scan",
                            "Parent Relationship": "Outer",
                            "Parallel Aware": false,
                            "Index Name": "info_type_id_movie_info",
                            "Startup Cost": 0.0,
                            "Total Cost": 23655.37,
                            "Plan Rows": 1324124,
                            "Plan Width": 0,
                            "Actual Startup Time": 62.937,
                            "Actual Total Time": 62.937,
                            "Actual Rows": 1325361,
                            "Actual Loops": 1,
                            "Index Cond": "(info_type_id = 8)"
                          }
                        ]
                      },
                      {
                        "Node Type": "Hash",
                        "Parent Relationship": "Inner",
                        "Parallel Aware": true,
                        "Startup Cost": 39282.74,
                        "Total Cost": 39282.74,
                        "Plan Rows": 60148,
                        "Plan Width": 4,
                        "Actual Startup Time": 67.27,
                        "Actual Total Time": 67.272,
                        "Actual Rows": 58956,
                        "Actual Loops": 2,
                        "Hash Buckets": 131072,
                        "Original Hash Buckets": 131072,
                        "Hash Batches": 1,
                        "Original Hash Batches": 1,
                        "Peak Memory Usage": 5664,
                        "Plans": [
                          {
                            "Node Type": "Bitmap Heap Scan",
                            "Parent Relationship": "Outer",
                            "Parallel Aware": true,
                            "Relation Name": "title",
                            "Alias": "t",
                            "Startup Cost": 2206.5,
                            "Total Cost": 39282.74,
                            "Plan Rows": 60148,
                            "Plan Width": 4,
                            "Actual Startup Time": 15.533,
                            "Actual Total Time": 53.223,
                            "Actual Rows": 58956,
                            "Actual Loops": 2,
                            "Recheck Cond": "(kind_id = 4)",
                            "Rows Removed by Index Recheck": 0,
                            "Filter": "(production_year > 1968)",
                            "Rows Removed by Filter": 162,
                            "Exact Heap Blocks": 9999,
                            "Lossy Heap Blocks": 0,
                            "Plans": [
                              {
                                "Node Type": "Bitmap Index Scan",
                                "Parent Relationship": "Outer",
                                "Parallel Aware": false,
                                "Index Name": "kind_id_title",
                                "Startup Cost": 0.0,
                                "Total Cost": 2180.94,
                                "Plan Rows": 122201,
                                "Plan Width": 0,
                                "Actual Startup Time": 14.818,
                                "Actual Total Time": 14.819,
                                "Actual Rows": 118234,
                                "Actual Loops": 1,
                                "Index Cond": "(kind_id = 4)"
                              }
                            ]
                          }
                        ]
                      }
                    ]
                  },
                  {
                    "Node Type": "Index Scan",
                    "Parent Relationship": "Inner",
                    "Parallel Aware": false,
                    "Scan Direction": "Forward",
                    "Index Name": "movie_id_cast_info",
                    "Relation Name": "cast_info",
                    "Alias": "ci",
                    "Startup Cost": 0.56,
                    "Total Cost": 2.46,
                    "Plan Rows": 8,
                    "Plan Width": 4,
                    "Actual Startup Time": 0.006,
                    "Actual Total Time": 0.016,
                    "Actual Rows": 3,
                    "Actual Loops": 120908,
                    "Index Cond": "(movie_id = mi.movie_id)",
                    "Rows Removed by Index Recheck": 0,
                    "Filter": "(person_id < 823736)",
                    "Rows Removed by Filter": 9
                  }
                ]
              }
            ]
          }
        ]
      }
    ]
  },
  "Planning Time": 0.974,
  "Triggers": [],
  "Execution Time": 1451.108
}