[
    {
        "Bao": {
            "Bao prediction": "NaN",
            "Bao recommended hint": "(no hint)"
        }
    },
    {
        "Plan": {
            "Node Type": "Aggregate",
            "Strategy": "Plain",
            "Partial Mode": "Finalize",
            "Parallel Aware": false,
            "Startup Cost": 32810.96,
            "Total Cost": 32810.97,
            "Plan Rows": 1,
            "Plan Width": 8,
            "Actual Startup Time": 81.476,
            "Actual Total Time": 87.51,
            "Actual Rows": 1,
            "Actual Loops": 1,
            "Output": [
                "count(*)"
            ],
            "Plans": [
                {
                    "Node Type": "Gather",
                    "Parent Relationship": "Outer",
                    "Parallel Aware": false,
                    "Startup Cost": 32810.65,
                    "Total Cost": 32810.96,
                    "Plan Rows": 3,
                    "Plan Width": 8,
                    "Actual Startup Time": 81.376,
                    "Actual Total Time": 87.503,
                    "Actual Rows": 4,
                    "Actual Loops": 1,
                    "Output": [
                        "(PARTIAL count(*))"
                    ],
                    "Workers Planned": 3,
                    "Workers Launched": 3,
                    "Single Copy": false,
                    "Plans": [
                        {
                            "Node Type": "Aggregate",
                            "Strategy": "Plain",
                            "Partial Mode": "Partial",
                            "Parent Relationship": "Outer",
                            "Parallel Aware": false,
                            "Startup Cost": 31810.65,
                            "Total Cost": 31810.66,
                            "Plan Rows": 1,
                            "Plan Width": 8,
                            "Actual Startup Time": 73.285,
                            "Actual Total Time": 73.286,
                            "Actual Rows": 1,
                            "Actual Loops": 4,
                            "Output": [
                                "PARTIAL count(*)"
                            ],
                            "Workers": [
                                {
                                    "Worker Number": 0,
                                    "Actual Startup Time": 70.41,
                                    "Actual Total Time": 70.411,
                                    "Actual Rows": 1,
                                    "Actual Loops": 1
                                },
                                {
                                    "Worker Number": 1,
                                    "Actual Startup Time": 70.586,
                                    "Actual Total Time": 70.587,
                                    "Actual Rows": 1,
                                    "Actual Loops": 1
                                },
                                {
                                    "Worker Number": 2,
                                    "Actual Startup Time": 71.057,
                                    "Actual Total Time": 71.058,
                                    "Actual Rows": 1,
                                    "Actual Loops": 1
                                }
                            ],
                            "Plans": [
                                {
                                    "Node Type": "Seq Scan",
                                    "Parent Relationship": "Outer",
                                    "Parallel Aware": true,
                                    "Relation Name": "movie_companies",
                                    "Schema": "public",
                                    "Alias": "mc",
                                    "Startup Cost": 0.0,
                                    "Total Cost": 31414.82,
                                    "Plan Rows": 158331,
                                    "Plan Width": 0,
                                    "Actual Startup Time": 42.676,
                                    "Actual Total Time": 70.277,
                                    "Actual Rows": 71618,
                                    "Actual Loops": 4,
                                    "Output": [
                                        "id",
                                        "movie_id",
                                        "company_id",
                                        "company_type_id",
                                        "note"
                                    ],
                                    "Filter": "((mc.company_id < 3991) AND (mc.company_type_id > 1))",
                                    "Rows Removed by Filter": 580664,
                                    "Workers": [
                                        {
                                            "Worker Number": 0,
                                            "Actual Startup Time": 39.799,
                                            "Actual Total Time": 67.587,
                                            "Actual Rows": 66739,
                                            "Actual Loops": 1
                                        },
                                        {
                                            "Worker Number": 1,
                                            "Actual Startup Time": 39.979,
                                            "Actual Total Time": 67.753,
                                            "Actual Rows": 66633,
                                            "Actual Loops": 1
                                        },
                                        {
                                            "Worker Number": 2,
                                            "Actual Startup Time": 40.443,
                                            "Actual Total Time": 68.147,
                                            "Actual Rows": 68764,
                                            "Actual Loops": 1
                                        }
                                    ]
                                }
                            ]
                        }
                    ]
                }
            ]
        },
        "Planning Time": 182.17,
        "Triggers": [],
        "Execution Time": 87.56
    }
]