[
  {
    "Plan": {
      "Node Type": "Aggregate",
      "Strategy": "Plain",
      "Partial Mode": "Finalize",
      "Parallel Aware": false,
      "Startup Cost": 16087.21,
      "Total Cost": 16087.22,
      "Plan Rows": 1,
      "Plan Width": 8,
      "Actual Startup Time": 16.34,
      "Actual Total Time": 19.704,
      "Actual Rows": 1,
      "Actual Loops": 1,
      "Plans": [
        {
          "Node Type": "Gather",
          "Parent Relationship": "Outer",
          "Parallel Aware": false,
          "Startup Cost": 16087.1,
          "Total Cost": 16087.21,
          "Plan Rows": 1,
          "Plan Width": 8,
          "Actual Startup Time": 16.276,
          "Actual Total Time": 19.697,
          "Actual Rows": 2,
          "Actual Loops": 1,
          "Workers Planned": 1,
          "Workers Launched": 1,
          "Single Copy": false,
          "Plans": [
            {
              "Node Type": "Aggregate",
              "Strategy": "Plain",
              "Partial Mode": "Partial",
              "Parent Relationship": "Outer",
              "Parallel Aware": false,
              "Startup Cost": 15087.1,
              "Total Cost": 15087.11,
              "Plan Rows": 1,
              "Plan Width": 8,
              "Actual Startup Time": 14.081,
              "Actual Total Time": 14.082,
              "Actual Rows": 1,
              "Actual Loops": 2,
              "Plans": [
                {
                  "Node Type": "Nested Loop",
                  "Parent Relationship": "Outer",
                  "Parallel Aware": false,
                  "Join Type": "Inner",
                  "Startup Cost": 67.42,
                  "Total Cost": 15087.02,
                  "Plan Rows": 33,
                  "Plan Width": 0,
                  "Actual Startup Time": 3.05,
                  "Actual Total Time": 14.068,
                  "Actual Rows": 38,
                  "Actual Loops": 2,
                  "Inner Unique": true,
                  "Plans": [
                    {
                      "Node Type": "Bitmap Heap Scan",
                      "Parent Relationship": "Outer",
                      "Parallel Aware": true,
                      "Relation Name": "movie_companies",
                      "Alias": "mc",
                      "Startup Cost": 66.99,
                      "Total Cost": 7918.69,
                      "Plan Rows": 889,
                      "Plan Width": 4,
                      "Actual Startup Time": 2.547,
                      "Actual Total Time": 4.61,
                      "Actual Rows": 1008,
                      "Actual Loops": 2,
                      "Recheck Cond": "(company_id = 329)",
                      "Rows Removed by Index Recheck": 0,
                      "Filter": "(company_type_id > 1)",
                      "Rows Removed by Filter": 884,
                      "Exact Heap Blocks": 1184,
                      "Lossy Heap Blocks": 0,
                      "Plans": [
                        {
                          "Node Type": "Bitmap Index Scan",
                          "Parent Relationship": "Outer",
                          "Parallel Aware": false,
                          "Index Name": "company_id_movie_companies",
                          "Startup Cost": 0.0,
                          "Total Cost": 66.61,
                          "Plan Rows": 2957,
                          "Plan Width": 0,
                          "Actual Startup Time": 1.967,
                          "Actual Total Time": 1.967,
                          "Actual Rows": 3783,
                          "Actual Loops": 1,
                          "Index Cond": "(company_id = 329)"
                        }
                      ]
                    },
                    {
                      "Node Type": "Index Scan",
                      "Parent Relationship": "Inner",
                      "Parallel Aware": false,
                      "Scan Direction": "Forward",
                      "Index Name": "title_pkey",
                      "Relation Name": "title",
                      "Alias": "t",
                      "Startup Cost": 0.43,
                      "Total Cost": 8.06,
                      "Plan Rows": 1,
                      "Plan Width": 4,
                      "Actual Startup Time": 0.009,
                      "Actual Total Time": 0.009,
                      "Actual Rows": 0,
                      "Actual Loops": 2015,
                      "Index Cond": "(id = mc.movie_id)",
                      "Rows Removed by Index Recheck": 0,
                      "Filter": "((kind_id > 1) AND (production_year = 2009))",
                      "Rows Removed by Filter": 1
                    }
                  ]
                }
              ]
            }
          ]
        }
      ]
    },
    "Planning Time": 0.568,
    "Triggers": [],
    "Execution Time": 19.772
  }
]