[
  {
    "Plan": {
      "Node Type": "Aggregate",
      "Strategy": "Plain",
      "Partial Mode": "Finalize",
      "Parallel Aware": false,
      "Startup Cost": 16409.39,
      "Total Cost": 16409.4,
      "Plan Rows": 1,
      "Plan Width": 8,
      "Actual Startup Time": 21.488,
      "Actual Total Time": 24.926,
      "Actual Rows": 1,
      "Actual Loops": 1,
      "Plans": [
        {
          "Node Type": "Gather",
          "Parent Relationship": "Outer",
          "Parallel Aware": false,
          "Startup Cost": 16409.28,
          "Total Cost": 16409.39,
          "Plan Rows": 1,
          "Plan Width": 8,
          "Actual Startup Time": 21.316,
          "Actual Total Time": 24.917,
          "Actual Rows": 2,
          "Actual Loops": 1,
          "Workers Planned": 1,
          "Workers Launched": 1,
          "Single Copy": false,
          "Plans": [
            {
              "Node Type": "Aggregate",
              "Strategy": "Plain",
              "Partial Mode": "Partial",
              "Parent Relationship": "Outer",
              "Parallel Aware": false,
              "Startup Cost": 15409.28,
              "Total Cost": 15409.29,
              "Plan Rows": 1,
              "Plan Width": 8,
              "Actual Startup Time": 15.359,
              "Actual Total Time": 15.361,
              "Actual Rows": 1,
              "Actual Loops": 2,
              "Plans": [
                {
                  "Node Type": "Nested Loop",
                  "Parent Relationship": "Outer",
                  "Parallel Aware": false,
                  "Join Type": "Inner",
                  "Startup Cost": 68.08,
                  "Total Cost": 15409.19,
                  "Plan Rows": 34,
                  "Plan Width": 0,
                  "Actual Startup Time": 5.57,
                  "Actual Total Time": 15.34,
                  "Actual Rows": 38,
                  "Actual Loops": 2,
                  "Inner Unique": true,
                  "Plans": [
                    {
                      "Node Type": "Bitmap Heap Scan",
                      "Parent Relationship": "Outer",
                      "Parallel Aware": true,
                      "Relation Name": "movie_companies",
                      "Alias": "mc",
                      "Startup Cost": 67.65,
                      "Total Cost": 8088.06,
                      "Plan Rows": 909,
                      "Plan Width": 4,
                      "Actual Startup Time": 2.773,
                      "Actual Total Time": 4.9,
                      "Actual Rows": 1008,
                      "Actual Loops": 2,
                      "Recheck Cond": "(company_id = 329)",
                      "Rows Removed by Index Recheck": 0,
                      "Filter": "(company_type_id > 1)",
                      "Rows Removed by Filter": 884,
                      "Exact Heap Blocks": 1360,
                      "Lossy Heap Blocks": 0,
                      "Plans": [
                        {
                          "Node Type": "Bitmap Index Scan",
                          "Parent Relationship": "Outer",
                          "Parallel Aware": false,
                          "Index Name": "company_id_movie_companies",
                          "Startup Cost": 0.0,
                          "Total Cost": 67.26,
                          "Plan Rows": 3044,
                          "Plan Width": 0,
                          "Actual Startup Time": 2.495,
                          "Actual Total Time": 2.495,
                          "Actual Rows": 3783,
                          "Actual Loops": 1,
                          "Index Cond": "(company_id = 329)"
                        }
                      ]
                    },
                    {
                      "Node Type": "Index Scan",
                      "Parent Relationship": "Inner",
                      "Parallel Aware": false,
                      "Scan Direction": "Forward",
                      "Index Name": "title_pkey",
                      "Relation Name": "title",
                      "Alias": "t",
                      "Startup Cost": 0.43,
                      "Total Cost": 8.05,
                      "Plan Rows": 1,
                      "Plan Width": 4,
                      "Actual Startup Time": 0.01,
                      "Actual Total Time": 0.01,
                      "Actual Rows": 0,
                      "Actual Loops": 2015,
                      "Index Cond": "(id = mc.movie_id)",
                      "Rows Removed by Index Recheck": 0,
                      "Filter": "((kind_id > 1) AND (production_year = 2009))",
                      "Rows Removed by Filter": 1
                    }
                  ]
                }
              ]
            }
          ]
        }
      ]
    },
    "Planning Time": 0.669,
    "Triggers": [],
    "Execution Time": 25.018
  }
]