[
  {
    "Plan": {
      "Node Type": "Aggregate",
      "Strategy": "Plain",
      "Partial Mode": "Finalize",
      "Parallel Aware": false,
      "Startup Cost": 102125.09,
      "Total Cost": 102125.1,
      "Plan Rows": 1,
      "Plan Width": 8,
      "Actual Startup Time": 549.313,
      "Actual Total Time": 565.951,
      "Actual Rows": 1,
      "Actual Loops": 1,
      "Plans": [
        {
          "Node Type": "Gather",
          "Parent Relationship": "Outer",
          "Parallel Aware": false,
          "Startup Cost": 102124.87,
          "Total Cost": 102125.08,
          "Plan Rows": 2,
          "Plan Width": 8,
          "Actual Startup Time": 543.19,
          "Actual Total Time": 565.939,
          "Actual Rows": 3,
          "Actual Loops": 1,
          "Workers Planned": 2,
          "Workers Launched": 2,
          "Single Copy": false,
          "Plans": [
            {
              "Node Type": "Aggregate",
              "Strategy": "Plain",
              "Partial Mode": "Partial",
              "Parent Relationship": "Outer",
              "Parallel Aware": false,
              "Startup Cost": 101124.87,
              "Total Cost": 101124.88,
              "Plan Rows": 1,
              "Plan Width": 8,
              "Actual Startup Time": 533.455,
              "Actual Total Time": 533.789,
              "Actual Rows": 1,
              "Actual Loops": 3,
              "Plans": [
                {
                  "Node Type": "Hash Join",
                  "Parent Relationship": "Outer",
                  "Parallel Aware": true,
                  "Join Type": "Inner",
                  "Startup Cost": 85032.83,
                  "Total Cost": 101015.46,
                  "Plan Rows": 43765,
                  "Plan Width": 0,
                  "Actual Startup Time": 422.491,
                  "Actual Total Time": 520.606,
                  "Actual Rows": 335882,
                  "Actual Loops": 3,
                  "Inner Unique": false,
                  "Hash Cond": "(mi_idx.movie_id = t.id)",
                  "Plans": [
                    {
                      "Node Type": "Seq Scan",
                      "Parent Relationship": "Outer",
                      "Parallel Aware": true,
                      "Relation Name": "movie_info_idx",
                      "Alias": "mi_idx",
                      "Startup Cost": 0.0,
                      "Total Cost": 13685.15,
                      "Plan Rows": 575015,
                      "Plan Width": 4,
                      "Actual Startup Time": 0.03,
                      "Actual Total Time": 34.747,
                      "Actual Rows": 460012,
                      "Actual Loops": 3
                    },
                    {
                      "Node Type": "Hash",
                      "Parent Relationship": "Inner",
                      "Parallel Aware": true,
                      "Startup Cost": 84256.9,
                      "Total Cost": 84256.9,
                      "Plan Rows": 62074,
                      "Plan Width": 8,
                      "Actual Startup Time": 409.388,
                      "Actual Total Time": 409.721,
                      "Actual Rows": 139972,
                      "Actual Loops": 3,
                      "Hash Buckets": 524288,
                      "Original Hash Buckets": 262144,
                      "Hash Batches": 1,
                      "Original Hash Batches": 1,
                      "Peak Memory Usage": 22624,
                      "Plans": [
                        {
                          "Node Type": "Hash Join",
                          "Parent Relationship": "Outer",
                          "Parallel Aware": true,
                          "Join Type": "Inner",
                          "Startup Cost": 57408.66,
                          "Total Cost": 84256.9,
                          "Plan Rows": 62074,
                          "Plan Width": 8,
                          "Actual Startup Time": 263.502,
                          "Actual Total Time": 370.257,
                          "Actual Rows": 139972,
                          "Actual Loops": 3,
                          "Inner Unique": true,
                          "Hash Cond": "(mk.movie_id = t.id)",
                          "Plans": [
                            {
                              "Node Type": "Bitmap Heap Scan",
                              "Parent Relationship": "Outer",
                              "Parallel Aware": true,
                              "Relation Name": "movie_keyword",
                              "Alias": "mk",
                              "Startup Cost": 10411.53,
                              "Total Cost": 36844.25,
                              "Plan Rows": 158297,
                              "Plan Width": 4,
                              "Actual Startup Time": 34.952,
                              "Actual Total Time": 94.402,
                              "Actual Rows": 159194,
                              "Actual Loops": 3,
                              "Recheck Cond": "(keyword_id > 37414)",
                              "Rows Removed by Index Recheck": 0,
                              "Exact Heap Blocks": 8238,
                              "Lossy Heap Blocks": 0,
                              "Plans": [
                                {
                                  "Node Type": "Bitmap Index Scan",
                                  "Parent Relationship": "Outer",
                                  "Parallel Aware": false,
                                  "Index Name": "keyword_id_movie_keyword",
                                  "Startup Cost": 0.0,
                                  "Total Cost": 10288.85,
                                  "Plan Rows": 490722,
                                  "Plan Width": 0,
                                  "Actual Startup Time": 31.467,
                                  "Actual Total Time": 31.467,
                                  "Actual Rows": 477583,
                                  "Actual Loops": 1,
                                  "Index Cond": "(keyword_id > 37414)"
                                }
                              ]
                            },
                            {
                              "Node Type": "Hash",
                              "Parent Relationship": "Inner",
                              "Parallel Aware": true,
                              "Startup Cost": 43898.92,
                              "Total Cost": 43898.92,
                              "Plan Rows": 247857,
                              "Plan Width": 4,
                              "Actual Startup Time": 223.937,
                              "Actual Total Time": 223.937,
                              "Actual Rows": 328349,
                              "Actual Loops": 3,
                              "Hash Buckets": 1048576,
                              "Original Hash Buckets": 1048576,
                              "Hash Batches": 1,
                              "Original Hash Batches": 1,
                              "Peak Memory Usage": 46752,
                              "Plans": [
                                {
                                  "Node Type": "Seq Scan",
                                  "Parent Relationship": "Outer",
                                  "Parallel Aware": true,
                                  "Relation Name": "title",
                                  "Alias": "t",
                                  "Startup Cost": 0.0,
                                  "Total Cost": 43898.92,
                                  "Plan Rows": 247857,
                                  "Plan Width": 4,
                                  "Actual Startup Time": 0.037,
                                  "Actual Total Time": 123.615,
                                  "Actual Rows": 328349,
                                  "Actual Loops": 3,
                                  "Filter": "(kind_id < 7)",
                                  "Rows Removed by Filter": 514421
                                }
                              ]
                            }
                          ]
                        }
                      ]
                    }
                  ]
                }
              ]
            }
          ]
        }
      ]
    },
    "Planning Time": 1.428,
    "Triggers": [],
    "Execution Time": 566.056
  }
]