[
  {
    "Plan": {
      "Node Type": "Aggregate",
      "Strategy": "Plain",
      "Partial Mode": "Finalize",
      "Parallel Aware": false,
      "Startup Cost": 32836.02,
      "Total Cost": 32836.03,
      "Plan Rows": 1,
      "Plan Width": 8,
      "Actual Startup Time": 94.532,
      "Actual Total Time": 102.339,
      "Actual Rows": 1,
      "Actual Loops": 1,
      "Plans": [
        {
          "Node Type": "Gather",
          "Parent Relationship": "Outer",
          "Parallel Aware": false,
          "Startup Cost": 32835.7,
          "Total Cost": 32836.01,
          "Plan Rows": 3,
          "Plan Width": 8,
          "Actual Startup Time": 94.402,
          "Actual Total Time": 102.329,
          "Actual Rows": 4,
          "Actual Loops": 1,
          "Workers Planned": 3,
          "Workers Launched": 3,
          "Single Copy": false,
          "Plans": [
            {
              "Node Type": "Aggregate",
              "Strategy": "Plain",
              "Partial Mode": "Partial",
              "Parent Relationship": "Outer",
              "Parallel Aware": false,
              "Startup Cost": 31835.7,
              "Total Cost": 31835.71,
              "Plan Rows": 1,
              "Plan Width": 8,
              "Actual Startup Time": 85.501,
              "Actual Total Time": 85.502,
              "Actual Rows": 1,
              "Actual Loops": 4,
              "Plans": [
                {
                  "Node Type": "Seq Scan",
                  "Parent Relationship": "Outer",
                  "Parallel Aware": true,
                  "Relation Name": "movie_companies",
                  "Alias": "mc",
                  "Startup Cost": 0.0,
                  "Total Cost": 31414.82,
                  "Plan Rows": 168352,
                  "Plan Width": 0,
                  "Actual Startup Time": 51.044,
                  "Actual Total Time": 81.918,
                  "Actual Rows": 77951,
                  "Actual Loops": 4,
                  "Filter": "((company_id < 5503) AND (company_type_id = 2))",
                  "Rows Removed by Filter": 574332
                }
              ]
            }
          ]
        }
      ]
    },
    "Planning Time": 0.236,
    "Triggers": [],
    "Execution Time": 102.397
  }
]