{
  "Plan": {
    "Node Type": "Aggregate",
    "Strategy": "Plain",
    "Partial Mode": "Finalize",
    "Parallel Aware": false,
    "Startup Cost": 52731.27,
    "Total Cost": 52731.28,
    "Plan Rows": 1,
    "Plan Width": 8,
    "Actual Startup Time": 80.654,
    "Actual Total Time": 92.902,
    "Actual Rows": 1,
    "Actual Loops": 1,
    "Plans": [
      {
        "Node Type": "Gather",
        "Parent Relationship": "Outer",
        "Parallel Aware": false,
        "Startup Cost": 52731.16,
        "Total Cost": 52731.27,
        "Plan Rows": 1,
        "Plan Width": 8,
        "Actual Startup Time": 80.539,
        "Actual Total Time": 92.896,
        "Actual Rows": 2,
        "Actual Loops": 1,
        "Workers Planned": 1,
        "Workers Launched": 1,
        "Single Copy": false,
        "Plans": [
          {
            "Node Type": "Aggregate",
            "Strategy": "Plain",
            "Partial Mode": "Partial",
            "Parent Relationship": "Outer",
            "Parallel Aware": false,
            "Startup Cost": 51731.16,
            "Total Cost": 51731.17,
            "Plan Rows": 1,
            "Plan Width": 8,
            "Actual Startup Time": 77.167,
            "Actual Total Time": 77.169,
            "Actual Rows": 1,
            "Actual Loops": 2,
            "Plans": [
              {
                "Node Type": "Nested Loop",
                "Parent Relationship": "Outer",
                "Parallel Aware": false,
                "Join Type": "Inner",
                "Startup Cost": 171.23,
                "Total Cost": 51719.03,
                "Plan Rows": 4852,
                "Plan Width": 0,
                "Actual Startup Time": 2.521,
                "Actual Total Time": 75.083,
                "Actual Rows": 34430,
                "Actual Loops": 2,
                "Inner Unique": false,
                "Plans": [
                  {
                    "Node Type": "Nested Loop",
                    "Parent Relationship": "Outer",
                    "Parallel Aware": false,
                    "Join Type": "Inner",
                    "Startup Cost": 170.8,
                    "Total Cost": 48840.66,
                    "Plan Rows": 4701,
                    "Plan Width": 8,
                    "Actual Startup Time": 2.45,
                    "Actual Total Time": 37.173,
                    "Actual Rows": 3664,
                    "Actual Loops": 2,
                    "Inner Unique": true,
                    "Plans": [
                      {
                        "Node Type": "Bitmap Heap Scan",
                        "Parent Relationship": "Outer",
                        "Parallel Aware": true,
                        "Relation Name": "movie_keyword",
                        "Alias": "mk",
                        "Startup Cost": 170.37,
                        "Total Cost": 16785.14,
                        "Plan Rows": 4701,
                        "Plan Width": 4,
                        "Actual Startup Time": 2.357,
                        "Actual Total Time": 12.931,
                        "Actual Rows": 3664,
                        "Actual Loops": 2,
                        "Recheck Cond": "(keyword_id = 229)",
                        "Rows Removed by Index Recheck": 0,
                        "Exact Heap Blocks": 4300,
                        "Lossy Heap Blocks": 0,
                        "Plans": [
                          {
                            "Node Type": "Bitmap Index Scan",
                            "Parent Relationship": "Outer",
                            "Parallel Aware": false,
                            "Index Name": "keyword_id_movie_keyword",
                            "Startup Cost": 0.0,
                            "Total Cost": 168.37,
                            "Plan Rows": 7992,
                            "Plan Width": 0,
                            "Actual Startup Time": 2.591,
                            "Actual Total Time": 2.592,
                            "Actual Rows": 7328,
                            "Actual Loops": 1,
                            "Index Cond": "(keyword_id = 229)"
                          }
                        ]
                      },
                      {
                        "Node Type": "Index Only Scan",
                        "Parent Relationship": "Inner",
                        "Parallel Aware": false,
                        "Scan Direction": "Forward",
                        "Index Name": "title_pkey",
                        "Relation Name": "title",
                        "Alias": "t",
                        "Startup Cost": 0.43,
                        "Total Cost": 6.82,
                        "Plan Rows": 1,
                        "Plan Width": 4,
                        "Actual Startup Time": 0.006,
                        "Actual Total Time": 0.006,
                        "Actual Rows": 1,
                        "Actual Loops": 7328,
                        "Index Cond": "(id = mk.movie_id)",
                        "Rows Removed by Index Recheck": 0,
                        "Heap Fetches": 7328
                      }
                    ]
                  },
                  {
                    "Node Type": "Index Only Scan",
                    "Parent Relationship": "Inner",
                    "Parallel Aware": false,
                    "Scan Direction": "Forward",
                    "Index Name": "movie_id_movie_companies",
                    "Relation Name": "movie_companies",
                    "Alias": "mc",
                    "Startup Cost": 0.43,
                    "Total Cost": 0.56,
                    "Plan Rows": 5,
                    "Plan Width": 4,
                    "Actual Startup Time": 0.006,
                    "Actual Total Time": 0.009,
                    "Actual Rows": 9,
                    "Actual Loops": 7328,
                    "Index Cond": "(movie_id = t.id)",
                    "Rows Removed by Index Recheck": 0,
                    "Heap Fetches": 68860
                  }
                ]
              }
            ]
          }
        ]
      }
    ]
  },
  "Planning Time": 0.678,
  "Triggers": [],
  "Execution Time": 92.967
}