[
  {
    "Plan": {
      "Node Type": "Aggregate",
      "Strategy": "Plain",
      "Partial Mode": "Finalize",
      "Parallel Aware": false,
      "Startup Cost": 80426.86,
      "Total Cost": 80426.87,
      "Plan Rows": 1,
      "Plan Width": 8,
      "Actual Startup Time": 253.351,
      "Actual Total Time": 269.308,
      "Actual Rows": 1,
      "Actual Loops": 1,
      "Plans": [
        {
          "Node Type": "Gather",
          "Parent Relationship": "Outer",
          "Parallel Aware": false,
          "Startup Cost": 80426.44,
          "Total Cost": 80426.85,
          "Plan Rows": 4,
          "Plan Width": 8,
          "Actual Startup Time": 251.831,
          "Actual Total Time": 269.299,
          "Actual Rows": 5,
          "Actual Loops": 1,
          "Workers Planned": 4,
          "Workers Launched": 4,
          "Single Copy": false,
          "Plans": [
            {
              "Node Type": "Aggregate",
              "Strategy": "Plain",
              "Partial Mode": "Partial",
              "Parent Relationship": "Outer",
              "Parallel Aware": false,
              "Startup Cost": 79426.44,
              "Total Cost": 79426.45,
              "Plan Rows": 1,
              "Plan Width": 8,
              "Actual Startup Time": 242.702,
              "Actual Total Time": 242.705,
              "Actual Rows": 1,
              "Actual Loops": 5,
              "Plans": [
                {
                  "Node Type": "Hash Join",
                  "Parent Relationship": "Outer",
                  "Parallel Aware": true,
                  "Join Type": "Inner",
                  "Startup Cost": 33283.84,
                  "Total Cost": 79136.74,
                  "Plan Rows": 115880,
                  "Plan Width": 0,
                  "Actual Startup Time": 92.59,
                  "Actual Total Time": 240.13,
                  "Actual Rows": 52981,
                  "Actual Loops": 5,
                  "Inner Unique": false,
                  "Hash Cond": "(t.id = mc.movie_id)",
                  "Plans": [
                    {
                      "Node Type": "Seq Scan",
                      "Parent Relationship": "Outer",
                      "Parallel Aware": true,
                      "Relation Name": "title",
                      "Alias": "t",
                      "Startup Cost": 0.0,
                      "Total Cost": 42318.73,
                      "Plan Rows": 632073,
                      "Plan Width": 4,
                      "Actual Startup Time": 0.009,
                      "Actual Total Time": 63.342,
                      "Actual Rows": 505662,
                      "Actual Loops": 5
                    },
                    {
                      "Node Type": "Hash",
                      "Parent Relationship": "Inner",
                      "Parallel Aware": true,
                      "Startup Cost": 31414.82,
                      "Total Cost": 31414.82,
                      "Plan Rows": 149522,
                      "Plan Width": 4,
                      "Actual Startup Time": 89.398,
                      "Actual Total Time": 89.399,
                      "Actual Rows": 52981,
                      "Actual Loops": 5,
                      "Hash Buckets": 524288,
                      "Original Hash Buckets": 524288,
                      "Hash Batches": 1,
                      "Original Hash Batches": 1,
                      "Peak Memory Usage": 14560,
                      "Plans": [
                        {
                          "Node Type": "Seq Scan",
                          "Parent Relationship": "Outer",
                          "Parallel Aware": true,
                          "Relation Name": "movie_companies",
                          "Alias": "mc",
                          "Startup Cost": 0.0,
                          "Total Cost": 31414.82,
                          "Plan Rows": 149522,
                          "Plan Width": 4,
                          "Actual Startup Time": 44.431,
                          "Actual Total Time": 69.908,
                          "Actual Rows": 52981,
                          "Actual Loops": 5,
                          "Filter": "((company_id < 3043) AND (company_type_id = 2))",
                          "Rows Removed by Filter": 468845
                        }
                      ]
                    }
                  ]
                }
              ]
            }
          ]
        }
      ]
    },
    "Planning Time": 0.658,
    "Triggers": [],
    "Execution Time": 269.375
  }
]