[
  {
    "Plan": {
      "Node Type": "Aggregate",
      "Strategy": "Plain",
      "Partial Mode": "Finalize",
      "Parallel Aware": false,
      "Startup Cost": 115263.34,
      "Total Cost": 115263.35,
      "Plan Rows": 1,
      "Plan Width": 8,
      "Actual Startup Time": 663.88,
      "Actual Total Time": 685.7,
      "Actual Rows": 1,
      "Actual Loops": 1,
      "Plans": [
        {
          "Node Type": "Gather",
          "Parent Relationship": "Outer",
          "Parallel Aware": false,
          "Startup Cost": 115263.02,
          "Total Cost": 115263.33,
          "Plan Rows": 3,
          "Plan Width": 8,
          "Actual Startup Time": 654.832,
          "Actual Total Time": 685.685,
          "Actual Rows": 4,
          "Actual Loops": 1,
          "Workers Planned": 3,
          "Workers Launched": 3,
          "Single Copy": false,
          "Plans": [
            {
              "Node Type": "Aggregate",
              "Strategy": "Plain",
              "Partial Mode": "Partial",
              "Parent Relationship": "Outer",
              "Parallel Aware": false,
              "Startup Cost": 114263.02,
              "Total Cost": 114263.03,
              "Plan Rows": 1,
              "Plan Width": 8,
              "Actual Startup Time": 645.362,
              "Actual Total Time": 645.368,
              "Actual Rows": 1,
              "Actual Loops": 4,
              "Plans": [
                {
                  "Node Type": "Hash Join",
                  "Parent Relationship": "Outer",
                  "Parallel Aware": true,
                  "Join Type": "Inner",
                  "Startup Cost": 83147.16,
                  "Total Cost": 114148.62,
                  "Plan Rows": 45759,
                  "Plan Width": 0,
                  "Actual Startup Time": 501.573,
                  "Actual Total Time": 632.341,
                  "Actual Rows": 306401,
                  "Actual Loops": 4,
                  "Inner Unique": false,
                  "Hash Cond": "(mc.movie_id = t.id)",
                  "Plans": [
                    {
                      "Node Type": "Seq Scan",
                      "Parent Relationship": "Outer",
                      "Parallel Aware": true,
                      "Relation Name": "movie_companies",
                      "Alias": "mc",
                      "Startup Cost": 0.0,
                      "Total Cost": 29310.68,
                      "Plan Rows": 411513,
                      "Plan Width": 4,
                      "Actual Startup Time": 0.015,
                      "Actual Total Time": 64.536,
                      "Actual Rows": 318562,
                      "Actual Loops": 4,
                      "Filter": "(company_type_id < 2)",
                      "Rows Removed by Filter": 333721
                    },
                    {
                      "Node Type": "Hash",
                      "Parent Relationship": "Inner",
                      "Parallel Aware": true,
                      "Startup Cost": 82013.48,
                      "Total Cost": 82013.48,
                      "Plan Rows": 90694,
                      "Plan Width": 8,
                      "Actual Startup Time": 498.8,
                      "Actual Total Time": 498.804,
                      "Actual Rows": 68112,
                      "Actual Loops": 4,
                      "Hash Buckets": 524288,
                      "Original Hash Buckets": 524288,
                      "Hash Batches": 1,
                      "Original Hash Batches": 1,
                      "Peak Memory Usage": 14784,
                      "Plans": [
                        {
                          "Node Type": "Hash Join",
                          "Parent Relationship": "Outer",
                          "Parallel Aware": true,
                          "Join Type": "Inner",
                          "Startup Cost": 56187.74,
                          "Total Cost": 82013.48,
                          "Plan Rows": 90694,
                          "Plan Width": 8,
                          "Actual Startup Time": 393.165,
                          "Actual Total Time": 472.161,
                          "Actual Rows": 68112,
                          "Actual Loops": 4,
                          "Inner Unique": true,
                          "Hash Cond": "(mk.movie_id = t.id)",
                          "Plans": [
                            {
                              "Node Type": "Bitmap Heap Scan",
                              "Parent Relationship": "Outer",
                              "Parallel Aware": true,
                              "Relation Name": "movie_keyword",
                              "Alias": "mk",
                              "Startup Cost": 5967.35,
                              "Total Cost": 31555.03,
                              "Plan Rows": 90694,
                              "Plan Width": 4,
                              "Actual Startup Time": 18.732,
                              "Actual Total Time": 61.026,
                              "Actual Rows": 68112,
                              "Actual Loops": 4,
                              "Recheck Cond": "(keyword_id < 231)",
                              "Rows Removed by Index Recheck": 0,
                              "Exact Heap Blocks": 6030,
                              "Lossy Heap Blocks": 0,
                              "Plans": [
                                {
                                  "Node Type": "Bitmap Index Scan",
                                  "Parent Relationship": "Outer",
                                  "Parallel Aware": false,
                                  "Index Name": "keyword_id_movie_keyword",
                                  "Startup Cost": 0.0,
                                  "Total Cost": 5897.06,
                                  "Plan Rows": 281151,
                                  "Plan Width": 0,
                                  "Actual Startup Time": 15.262,
                                  "Actual Total Time": 15.262,
                                  "Actual Rows": 272446,
                                  "Actual Loops": 1,
                                  "Index Cond": "(keyword_id < 231)"
                                }
                              ]
                            },
                            {
                              "Node Type": "Hash",
                              "Parent Relationship": "Inner",
                              "Parallel Aware": true,
                              "Startup Cost": 42319.06,
                              "Total Cost": 42319.06,
                              "Plan Rows": 632106,
                              "Plan Width": 4,
                              "Actual Startup Time": 365.937,
                              "Actual Total Time": 365.938,
                              "Actual Rows": 632078,
                              "Actual Loops": 4,
                              "Hash Buckets": 4194304,
                              "Original Hash Buckets": 4194304,
                              "Hash Batches": 1,
                              "Original Hash Batches": 1,
                              "Peak Memory Usage": 131744,
                              "Plans": [
                                {
                                  "Node Type": "Seq Scan",
                                  "Parent Relationship": "Outer",
                                  "Parallel Aware": true,
                                  "Relation Name": "title",
                                  "Alias": "t",
                                  "Startup Cost": 0.0,
                                  "Total Cost": 42319.06,
                                  "Plan Rows": 632106,
                                  "Plan Width": 4,
                                  "Actual Startup Time": 0.054,
                                  "Actual Total Time": 100.741,
                                  "Actual Rows": 632078,
                                  "Actual Loops": 4
                                }
                              ]
                            }
                          ]
                        }
                      ]
                    }
                  ]
                }
              ]
            }
          ]
        }
      ]
    },
    "Planning Time": 1.086,
    "Triggers": [],
    "Execution Time": 685.791
  }
]