[
  {
    "Plan": {
      "Node Type": "Aggregate",
      "Strategy": "Plain",
      "Partial Mode": "Finalize",
      "Parallel Aware": false,
      "Startup Cost": 104425.07,
      "Total Cost": 104425.08,
      "Plan Rows": 1,
      "Plan Width": 8,
      "Actual Startup Time": 285.251,
      "Actual Total Time": 312.963,
      "Actual Rows": 1,
      "Actual Loops": 1,
      "Plans": [
        {
          "Node Type": "Gather",
          "Parent Relationship": "Outer",
          "Parallel Aware": false,
          "Startup Cost": 104424.75,
          "Total Cost": 104425.06,
          "Plan Rows": 3,
          "Plan Width": 8,
          "Actual Startup Time": 284.885,
          "Actual Total Time": 312.954,
          "Actual Rows": 4,
          "Actual Loops": 1,
          "Workers Planned": 3,
          "Workers Launched": 3,
          "Single Copy": false,
          "Plans": [
            {
              "Node Type": "Aggregate",
              "Strategy": "Plain",
              "Partial Mode": "Partial",
              "Parent Relationship": "Outer",
              "Parallel Aware": false,
              "Startup Cost": 103424.75,
              "Total Cost": 103424.76,
              "Plan Rows": 1,
              "Plan Width": 8,
              "Actual Startup Time": 275.25,
              "Actual Total Time": 275.256,
              "Actual Rows": 1,
              "Actual Loops": 4,
              "Plans": [
                {
                  "Node Type": "Nested Loop",
                  "Parent Relationship": "Outer",
                  "Parallel Aware": false,
                  "Join Type": "Inner",
                  "Startup Cost": 45577.96,
                  "Total Cost": 103307.04,
                  "Plan Rows": 47085,
                  "Plan Width": 0,
                  "Actual Startup Time": 110.049,
                  "Actual Total Time": 273.958,
                  "Actual Rows": 21504,
                  "Actual Loops": 4,
                  "Inner Unique": false,
                  "Join Filter": "(t.id = ci.movie_id)",
                  "Rows Removed by Join Filter": 0,
                  "Plans": [
                    {
                      "Node Type": "Hash Join",
                      "Parent Relationship": "Outer",
                      "Parallel Aware": true,
                      "Join Type": "Inner",
                      "Startup Cost": 45577.4,
                      "Total Cost": 89344.97,
                      "Plan Rows": 5055,
                      "Plan Width": 8,
                      "Actual Startup Time": 109.829,
                      "Actual Total Time": 235.153,
                      "Actual Rows": 1156,
                      "Actual Loops": 4,
                      "Inner Unique": true,
                      "Hash Cond": "(mk.movie_id = t.id)",
                      "Plans": [
                        {
                          "Node Type": "Seq Scan",
                          "Parent Relationship": "Outer",
                          "Parallel Aware": true,
                          "Relation Name": "movie_keyword",
                          "Alias": "mk",
                          "Startup Cost": 0.0,
                          "Total Cost": 42695.65,
                          "Plan Rows": 408349,
                          "Plan Width": 4,
                          "Actual Startup Time": 1.01,
                          "Actual Total Time": 98.758,
                          "Actual Rows": 316451,
                          "Actual Loops": 4,
                          "Filter": "(keyword_id > 14116)",
                          "Rows Removed by Filter": 814532
                        },
                        {
                          "Node Type": "Hash",
                          "Parent Relationship": "Inner",
                          "Parallel Aware": true,
                          "Startup Cost": 45479.59,
                          "Total Cost": 45479.59,
                          "Plan Rows": 7825,
                          "Plan Width": 4,
                          "Actual Startup Time": 106.983,
                          "Actual Total Time": 106.984,
                          "Actual Rows": 8034,
                          "Actual Loops": 4,
                          "Hash Buckets": 32768,
                          "Original Hash Buckets": 32768,
                          "Hash Batches": 1,
                          "Original Hash Batches": 1,
                          "Peak Memory Usage": 1600,
                          "Plans": [
                            {
                              "Node Type": "Seq Scan",
                              "Parent Relationship": "Outer",
                              "Parallel Aware": true,
                              "Relation Name": "title",
                              "Alias": "t",
                              "Startup Cost": 0.0,
                              "Total Cost": 45479.59,
                              "Plan Rows": 7825,
                              "Plan Width": 4,
                              "Actual Startup Time": 0.062,
                              "Actual Total Time": 102.737,
                              "Actual Rows": 8034,
                              "Actual Loops": 4,
                              "Filter": "((kind_id = 7) AND (production_year = 1998))",
                              "Rows Removed by Filter": 624044
                            }
                          ]
                        }
                      ]
                    },
                    {
                      "Node Type": "Index Scan",
                      "Parent Relationship": "Inner",
                      "Parallel Aware": false,
                      "Scan Direction": "Forward",
                      "Index Name": "movie_id_cast_info",
                      "Relation Name": "cast_info",
                      "Alias": "ci",
                      "Startup Cost": 0.56,
                      "Total Cost": 2.47,
                      "Plan Rows": 23,
                      "Plan Width": 4,
                      "Actual Startup Time": 0.013,
                      "Actual Total Time": 0.031,
                      "Actual Rows": 19,
                      "Actual Loops": 4625,
                      "Index Cond": "(movie_id = mk.movie_id)",
                      "Rows Removed by Index Recheck": 0,
                      "Filter": "(role_id > 1)",
                      "Rows Removed by Filter": 7
                    }
                  ]
                }
              ]
            }
          ]
        }
      ]
    },
    "Planning Time": 1.359,
    "Triggers": [],
    "Execution Time": 313.067
  }
]