{
  "Plan": {
    "Node Type": "Aggregate",
    "Strategy": "Plain",
    "Partial Mode": "Finalize",
    "Parallel Aware": false,
    "Startup Cost": 111815.76,
    "Total Cost": 111815.77,
    "Plan Rows": 1,
    "Plan Width": 8,
    "Actual Startup Time": 712.029,
    "Actual Total Time": 729.588,
    "Actual Rows": 1,
    "Actual Loops": 1,
    "Plans": [
      {
        "Node Type": "Gather",
        "Parent Relationship": "Outer",
        "Parallel Aware": false,
        "Startup Cost": 111815.64,
        "Total Cost": 111815.75,
        "Plan Rows": 1,
        "Plan Width": 8,
        "Actual Startup Time": 708.813,
        "Actual Total Time": 729.581,
        "Actual Rows": 2,
        "Actual Loops": 1,
        "Workers Planned": 1,
        "Workers Launched": 1,
        "Single Copy": false,
        "Plans": [
          {
            "Node Type": "Aggregate",
            "Strategy": "Plain",
            "Partial Mode": "Partial",
            "Parent Relationship": "Outer",
            "Parallel Aware": false,
            "Startup Cost": 110815.64,
            "Total Cost": 110815.65,
            "Plan Rows": 1,
            "Plan Width": 8,
            "Actual Startup Time": 696.488,
            "Actual Total Time": 696.492,
            "Actual Rows": 1,
            "Actual Loops": 2,
            "Plans": [
              {
                "Node Type": "Hash Join",
                "Parent Relationship": "Outer",
                "Parallel Aware": true,
                "Join Type": "Inner",
                "Startup Cost": 80812.91,
                "Total Cost": 110028.59,
                "Plan Rows": 314822,
                "Plan Width": 0,
                "Actual Startup Time": 554.657,
                "Actual Total Time": 685.117,
                "Actual Rows": 258931,
                "Actual Loops": 2,
                "Inner Unique": true,
                "Hash Cond": "(mk.movie_id = t.id)",
                "Plans": [
                  {
                    "Node Type": "Bitmap Heap Scan",
                    "Parent Relationship": "Outer",
                    "Parallel Aware": true,
                    "Relation Name": "movie_keyword",
                    "Alias": "mk",
                    "Startup Cost": 11352.21,
                    "Total Cost": 39741.48,
                    "Plan Rows": 314822,
                    "Plan Width": 4,
                    "Actual Startup Time": 29.567,
                    "Actual Total Time": 91.001,
                    "Actual Rows": 258931,
                    "Actual Loops": 2,
                    "Recheck Cond": "(keyword_id > 34957)",
                    "Rows Removed by Index Recheck": 0,
                    "Exact Heap Blocks": 12984,
                    "Lossy Heap Blocks": 0,
                    "Plans": [
                      {
                        "Node Type": "Bitmap Index Scan",
                        "Parent Relationship": "Outer",
                        "Parallel Aware": false,
                        "Index Name": "keyword_id_movie_keyword",
                        "Startup Cost": 0.0,
                        "Total Cost": 11218.41,
                        "Plan Rows": 535197,
                        "Plan Width": 0,
                        "Actual Startup Time": 26.149,
                        "Actual Total Time": 26.149,
                        "Actual Rows": 517862,
                        "Actual Loops": 1,
                        "Index Cond": "(keyword_id > 34957)"
                      }
                    ]
                  },
                  {
                    "Node Type": "Hash",
                    "Parent Relationship": "Inner",
                    "Parallel Aware": true,
                    "Startup Cost": 50870.31,
                    "Total Cost": 50870.31,
                    "Plan Rows": 1487231,
                    "Plan Width": 4,
                    "Actual Startup Time": 503.635,
                    "Actual Total Time": 503.635,
                    "Actual Rows": 1264156,
                    "Actual Loops": 2,
                    "Hash Buckets": 4194304,
                    "Original Hash Buckets": 4194304,
                    "Hash Batches": 1,
                    "Original Hash Batches": 1,
                    "Peak Memory Usage": 131712,
                    "Plans": [
                      {
                        "Node Type": "Seq Scan",
                        "Parent Relationship": "Outer",
                        "Parallel Aware": true,
                        "Relation Name": "title",
                        "Alias": "t",
                        "Startup Cost": 0.0,
                        "Total Cost": 50870.31,
                        "Plan Rows": 1487231,
                        "Plan Width": 4,
                        "Actual Startup Time": 0.02,
                        "Actual Total Time": 144.296,
                        "Actual Rows": 1264156,
                        "Actual Loops": 2
                      }
                    ]
                  }
                ]
              }
            ]
          }
        ]
      }
    ]
  },
  "Planning Time": 0.646,
  "Triggers": [],
  "Execution Time": 729.673
}