{
  "Plan": {
    "Node Type": "Aggregate",
    "Strategy": "Plain",
    "Partial Mode": "Finalize",
    "Parallel Aware": false,
    "Startup Cost": 109376.09,
    "Total Cost": 109376.1,
    "Plan Rows": 1,
    "Plan Width": 8,
    "Actual Startup Time": 620.498,
    "Actual Total Time": 633.129,
    "Actual Rows": 1,
    "Actual Loops": 1,
    "Plans": [
      {
        "Node Type": "Gather",
        "Parent Relationship": "Outer",
        "Parallel Aware": false,
        "Startup Cost": 109375.97,
        "Total Cost": 109376.08,
        "Plan Rows": 1,
        "Plan Width": 8,
        "Actual Startup Time": 619.082,
        "Actual Total Time": 633.121,
        "Actual Rows": 2,
        "Actual Loops": 1,
        "Workers Planned": 1,
        "Workers Launched": 1,
        "Single Copy": false,
        "Plans": [
          {
            "Node Type": "Aggregate",
            "Strategy": "Plain",
            "Partial Mode": "Partial",
            "Parent Relationship": "Outer",
            "Parallel Aware": false,
            "Startup Cost": 108375.97,
            "Total Cost": 108375.98,
            "Plan Rows": 1,
            "Plan Width": 8,
            "Actual Startup Time": 612.716,
            "Actual Total Time": 612.72,
            "Actual Rows": 1,
            "Actual Loops": 2,
            "Plans": [
              {
                "Node Type": "Hash Join",
                "Parent Relationship": "Outer",
                "Parallel Aware": true,
                "Join Type": "Inner",
                "Startup Cost": 46305.54,
                "Total Cost": 107829.65,
                "Plan Rows": 218531,
                "Plan Width": 0,
                "Actual Startup Time": 267.258,
                "Actual Total Time": 608.331,
                "Actual Rows": 99254,
                "Actual Loops": 2,
                "Inner Unique": false,
                "Hash Cond": "(t.id = mc.movie_id)",
                "Plans": [
                  {
                    "Node Type": "Seq Scan",
                    "Parent Relationship": "Outer",
                    "Parallel Aware": true,
                    "Relation Name": "title",
                    "Alias": "t",
                    "Startup Cost": 0.0,
                    "Total Cost": 54588.39,
                    "Plan Rows": 904038,
                    "Plan Width": 4,
                    "Actual Startup Time": 0.013,
                    "Actual Total Time": 137.751,
                    "Actual Rows": 771632,
                    "Actual Loops": 2,
                    "Filter": "(kind_id = 7)",
                    "Rows Removed by Filter": 492524
                  },
                  {
                    "Node Type": "Hash",
                    "Parent Relationship": "Inner",
                    "Parallel Aware": true,
                    "Startup Cost": 41811.73,
                    "Total Cost": 41811.73,
                    "Plan Rows": 359505,
                    "Plan Width": 4,
                    "Actual Startup Time": 257.565,
                    "Actual Total Time": 257.567,
                    "Actual Rows": 441983,
                    "Actual Loops": 2,
                    "Hash Buckets": 1048576,
                    "Original Hash Buckets": 1048576,
                    "Hash Batches": 1,
                    "Original Hash Batches": 1,
                    "Peak Memory Usage": 42816,
                    "Plans": [
                      {
                        "Node Type": "Seq Scan",
                        "Parent Relationship": "Outer",
                        "Parallel Aware": true,
                        "Relation Name": "movie_companies",
                        "Alias": "mc",
                        "Startup Cost": 0.0,
                        "Total Cost": 41811.73,
                        "Plan Rows": 359505,
                        "Plan Width": 4,
                        "Actual Startup Time": 71.812,
                        "Actual Total Time": 143.389,
                        "Actual Rows": 441983,
                        "Actual Loops": 2,
                        "Filter": "((company_id > 12234) AND (company_type_id > 1))",
                        "Rows Removed by Filter": 862582
                      }
                    ]
                  }
                ]
              }
            ]
          }
        ]
      }
    ]
  },
  "Planning Time": 0.766,
  "Triggers": [],
  "Execution Time": 633.203
}