[
  {
    "Plan": {
      "Node Type": "Aggregate",
      "Strategy": "Plain",
      "Partial Mode": "Finalize",
      "Parallel Aware": false,
      "Startup Cost": 80812.85,
      "Total Cost": 80812.86,
      "Plan Rows": 1,
      "Plan Width": 8,
      "Actual Startup Time": 253.583,
      "Actual Total Time": 268.051,
      "Actual Rows": 1,
      "Actual Loops": 1,
      "Plans": [
        {
          "Node Type": "Gather",
          "Parent Relationship": "Outer",
          "Parallel Aware": false,
          "Startup Cost": 80812.43,
          "Total Cost": 80812.84,
          "Plan Rows": 4,
          "Plan Width": 8,
          "Actual Startup Time": 250.748,
          "Actual Total Time": 268.042,
          "Actual Rows": 5,
          "Actual Loops": 1,
          "Workers Planned": 4,
          "Workers Launched": 4,
          "Single Copy": false,
          "Plans": [
            {
              "Node Type": "Aggregate",
              "Strategy": "Plain",
              "Partial Mode": "Partial",
              "Parent Relationship": "Outer",
              "Parallel Aware": false,
              "Startup Cost": 79812.43,
              "Total Cost": 79812.44,
              "Plan Rows": 1,
              "Plan Width": 8,
              "Actual Startup Time": 242.109,
              "Actual Total Time": 242.127,
              "Actual Rows": 1,
              "Actual Loops": 5,
              "Plans": [
                {
                  "Node Type": "Hash Join",
                  "Parent Relationship": "Outer",
                  "Parallel Aware": true,
                  "Join Type": "Inner",
                  "Startup Cost": 33534.93,
                  "Total Cost": 79612.68,
                  "Plan Rows": 79902,
                  "Plan Width": 0,
                  "Actual Startup Time": 102.98,
                  "Actual Total Time": 240.478,
                  "Actual Rows": 31672,
                  "Actual Loops": 5,
                  "Inner Unique": false,
                  "Hash Cond": "(t.id = mc.movie_id)",
                  "Plans": [
                    {
                      "Node Type": "Seq Scan",
                      "Parent Relationship": "Outer",
                      "Parallel Aware": true,
                      "Relation Name": "title",
                      "Alias": "t",
                      "Startup Cost": 0.0,
                      "Total Cost": 43898.92,
                      "Plan Rows": 384216,
                      "Plan Width": 4,
                      "Actual Startup Time": 0.015,
                      "Actual Total Time": 76.39,
                      "Actual Rows": 308653,
                      "Actual Loops": 5,
                      "Filter": "(kind_id = 7)",
                      "Rows Removed by Filter": 197010
                    },
                    {
                      "Node Type": "Hash",
                      "Parent Relationship": "Inner",
                      "Parallel Aware": true,
                      "Startup Cost": 31414.82,
                      "Total Cost": 31414.82,
                      "Plan Rows": 169609,
                      "Plan Width": 4,
                      "Actual Startup Time": 99.209,
                      "Actual Total Time": 99.224,
                      "Actual Rows": 63220,
                      "Actual Loops": 5,
                      "Hash Buckets": 1048576,
                      "Original Hash Buckets": 1048576,
                      "Hash Batches": 1,
                      "Original Hash Batches": 1,
                      "Peak Memory Usage": 20608,
                      "Plans": [
                        {
                          "Node Type": "Seq Scan",
                          "Parent Relationship": "Outer",
                          "Parallel Aware": true,
                          "Relation Name": "movie_companies",
                          "Alias": "mc",
                          "Startup Cost": 0.0,
                          "Total Cost": 31414.82,
                          "Plan Rows": 169609,
                          "Plan Width": 4,
                          "Actual Startup Time": 45.528,
                          "Actual Total Time": 72.748,
                          "Actual Rows": 63220,
                          "Actual Loops": 5,
                          "Filter": "((company_id < 5786) AND (company_type_id > 1))",
                          "Rows Removed by Filter": 458606
                        }
                      ]
                    }
                  ]
                }
              ]
            }
          ]
        }
      ]
    },
    "Planning Time": 0.426,
    "Triggers": [],
    "Execution Time": 268.105
  }
]