[
  {
    "Plan": {
      "Node Type": "Aggregate",
      "Strategy": "Plain",
      "Partial Mode": "Finalize",
      "Parallel Aware": false,
      "Startup Cost": 44709.81,
      "Total Cost": 44709.82,
      "Plan Rows": 1,
      "Plan Width": 8,
      "Actual Startup Time": 129.234,
      "Actual Total Time": 138.79,
      "Actual Rows": 1,
      "Actual Loops": 1,
      "Plans": [
        {
          "Node Type": "Gather",
          "Parent Relationship": "Outer",
          "Parallel Aware": false,
          "Startup Cost": 44709.49,
          "Total Cost": 44709.8,
          "Plan Rows": 3,
          "Plan Width": 8,
          "Actual Startup Time": 129.066,
          "Actual Total Time": 138.782,
          "Actual Rows": 4,
          "Actual Loops": 1,
          "Workers Planned": 3,
          "Workers Launched": 3,
          "Single Copy": false,
          "Plans": [
            {
              "Node Type": "Aggregate",
              "Strategy": "Plain",
              "Partial Mode": "Partial",
              "Parent Relationship": "Outer",
              "Parallel Aware": false,
              "Startup Cost": 43709.49,
              "Total Cost": 43709.5,
              "Plan Rows": 1,
              "Plan Width": 8,
              "Actual Startup Time": 125.332,
              "Actual Total Time": 125.333,
              "Actual Rows": 1,
              "Actual Loops": 4,
              "Plans": [
                {
                  "Node Type": "Seq Scan",
                  "Parent Relationship": "Outer",
                  "Parallel Aware": true,
                  "Relation Name": "movie_keyword",
                  "Alias": "mk",
                  "Startup Cost": 0.0,
                  "Total Cost": 42695.65,
                  "Plan Rows": 405535,
                  "Plan Width": 0,
                  "Actual Startup Time": 0.027,
                  "Actual Total Time": 108.926,
                  "Actual Rows": 314780,
                  "Actual Loops": 4,
                  "Filter": "(keyword_id < 1607)",
                  "Rows Removed by Filter": 816202
                }
              ]
            }
          ]
        }
      ]
    },
    "Planning Time": 0.088,
    "Triggers": [],
    "Execution Time": 138.817
  }
]