[
  {
    "Plan": {
      "Node Type": "Aggregate",
      "Strategy": "Plain",
      "Partial Mode": "Finalize",
      "Parallel Aware": false,
      "Startup Cost": 44704.81,
      "Total Cost": 44704.82,
      "Plan Rows": 1,
      "Plan Width": 8,
      "Actual Startup Time": 130.24,
      "Actual Total Time": 139.631,
      "Actual Rows": 1,
      "Actual Loops": 1,
      "Plans": [
        {
          "Node Type": "Gather",
          "Parent Relationship": "Outer",
          "Parallel Aware": false,
          "Startup Cost": 44704.49,
          "Total Cost": 44704.8,
          "Plan Rows": 3,
          "Plan Width": 8,
          "Actual Startup Time": 130.124,
          "Actual Total Time": 139.622,
          "Actual Rows": 4,
          "Actual Loops": 1,
          "Workers Planned": 3,
          "Workers Launched": 3,
          "Single Copy": false,
          "Plans": [
            {
              "Node Type": "Aggregate",
              "Strategy": "Plain",
              "Partial Mode": "Partial",
              "Parent Relationship": "Outer",
              "Parallel Aware": false,
              "Startup Cost": 43704.49,
              "Total Cost": 43704.5,
              "Plan Rows": 1,
              "Plan Width": 8,
              "Actual Startup Time": 124.024,
              "Actual Total Time": 124.025,
              "Actual Rows": 1,
              "Actual Loops": 4,
              "Plans": [
                {
                  "Node Type": "Seq Scan",
                  "Parent Relationship": "Outer",
                  "Parallel Aware": true,
                  "Relation Name": "movie_keyword",
                  "Alias": "mk",
                  "Startup Cost": 0.0,
                  "Total Cost": 42695.65,
                  "Plan Rows": 403536,
                  "Plan Width": 0,
                  "Actual Startup Time": 0.052,
                  "Actual Total Time": 108.122,
                  "Actual Rows": 314780,
                  "Actual Loops": 4,
                  "Filter": "(keyword_id < 1607)",
                  "Rows Removed by Filter": 816202
                }
              ]
            }
          ]
        }
      ]
    },
    "Planning Time": 0.194,
    "Triggers": [],
    "Execution Time": 139.689
  }
]