{
  "Plan": {
    "Node Type": "Aggregate",
    "Strategy": "Plain",
    "Partial Mode": "Finalize",
    "Parallel Aware": false,
    "Startup Cost": 244259.26,
    "Total Cost": 244259.27,
    "Plan Rows": 1,
    "Plan Width": 8,
    "Actual Startup Time": 425.839,
    "Actual Total Time": 438.754,
    "Actual Rows": 1,
    "Actual Loops": 1,
    "Plans": [
      {
        "Node Type": "Gather",
        "Parent Relationship": "Outer",
        "Parallel Aware": false,
        "Startup Cost": 244259.14,
        "Total Cost": 244259.25,
        "Plan Rows": 1,
        "Plan Width": 8,
        "Actual Startup Time": 423.239,
        "Actual Total Time": 438.744,
        "Actual Rows": 2,
        "Actual Loops": 1,
        "Workers Planned": 1,
        "Workers Launched": 1,
        "Single Copy": false,
        "Plans": [
          {
            "Node Type": "Aggregate",
            "Strategy": "Plain",
            "Partial Mode": "Partial",
            "Parent Relationship": "Outer",
            "Parallel Aware": false,
            "Startup Cost": 243259.14,
            "Total Cost": 243259.15,
            "Plan Rows": 1,
            "Plan Width": 8,
            "Actual Startup Time": 417.458,
            "Actual Total Time": 417.462,
            "Actual Rows": 1,
            "Actual Loops": 2,
            "Plans": [
              {
                "Node Type": "Hash Join",
                "Parent Relationship": "Outer",
                "Parallel Aware": true,
                "Join Type": "Inner",
                "Startup Cost": 74608.79,
                "Total Cost": 242853.91,
                "Plan Rows": 162094,
                "Plan Width": 0,
                "Actual Startup Time": 291.08,
                "Actual Total Time": 407.377,
                "Actual Rows": 246798,
                "Actual Loops": 2,
                "Inner Unique": true,
                "Hash Cond": "(mi.movie_id = t.id)",
                "Plans": [
                  {
                    "Node Type": "Bitmap Heap Scan",
                    "Parent Relationship": "Outer",
                    "Parallel Aware": true,
                    "Relation Name": "movie_info",
                    "Alias": "mi",
                    "Startup Cost": 12730.49,
                    "Total Cost": 179890.53,
                    "Plan Rows": 413363,
                    "Plan Width": 4,
                    "Actual Startup Time": 19.835,
                    "Actual Total Time": 53.576,
                    "Actual Rows": 330462,
                    "Actual Loops": 2,
                    "Recheck Cond": "(info_type_id = 18)",
                    "Rows Removed by Index Recheck": 0,
                    "Exact Heap Blocks": 3749,
                    "Lossy Heap Blocks": 0,
                    "Plans": [
                      {
                        "Node Type": "Bitmap Index Scan",
                        "Parent Relationship": "Outer",
                        "Parallel Aware": false,
                        "Index Name": "info_type_id_movie_info",
                        "Startup Cost": 0.0,
                        "Total Cost": 12554.81,
                        "Plan Rows": 702717,
                        "Plan Width": 0,
                        "Actual Startup Time": 18.913,
                        "Actual Total Time": 18.913,
                        "Actual Rows": 660923,
                        "Actual Loops": 1,
                        "Index Cond": "(info_type_id = 18)"
                      }
                    ]
                  },
                  {
                    "Node Type": "Hash",
                    "Parent Relationship": "Inner",
                    "Parallel Aware": true,
                    "Startup Cost": 54588.39,
                    "Total Cost": 54588.39,
                    "Plan Rows": 583193,
                    "Plan Width": 4,
                    "Actual Startup Time": 261.957,
                    "Actual Total Time": 261.957,
                    "Actual Rows": 492524,
                    "Actual Loops": 2,
                    "Hash Buckets": 1048576,
                    "Original Hash Buckets": 1048576,
                    "Hash Batches": 1,
                    "Original Hash Batches": 1,
                    "Peak Memory Usage": 46752,
                    "Plans": [
                      {
                        "Node Type": "Seq Scan",
                        "Parent Relationship": "Outer",
                        "Parallel Aware": true,
                        "Relation Name": "title",
                        "Alias": "t",
                        "Startup Cost": 0.0,
                        "Total Cost": 54588.39,
                        "Plan Rows": 583193,
                        "Plan Width": 4,
                        "Actual Startup Time": 0.034,
                        "Actual Total Time": 151.283,
                        "Actual Rows": 492524,
                        "Actual Loops": 2,
                        "Filter": "(kind_id < 7)",
                        "Rows Removed by Filter": 771632
                      }
                    ]
                  }
                ]
              }
            ]
          }
        ]
      }
    ]
  },
  "Planning Time": 0.691,
  "Triggers": [],
  "Execution Time": 438.845
}