[
  {
    "Plan": {
      "Node Type": "Aggregate",
      "Strategy": "Plain",
      "Partial Mode": "Finalize",
      "Parallel Aware": false,
      "Startup Cost": 283271.93,
      "Total Cost": 283271.94,
      "Plan Rows": 1,
      "Plan Width": 8,
      "Actual Startup Time": 173.782,
      "Actual Total Time": 193.21,
      "Actual Rows": 1,
      "Actual Loops": 1,
      "Plans": [
        {
          "Node Type": "Gather",
          "Parent Relationship": "Outer",
          "Parallel Aware": false,
          "Startup Cost": 283271.41,
          "Total Cost": 283271.92,
          "Plan Rows": 5,
          "Plan Width": 8,
          "Actual Startup Time": 173.602,
          "Actual Total Time": 193.2,
          "Actual Rows": 6,
          "Actual Loops": 1,
          "Workers Planned": 5,
          "Workers Launched": 5,
          "Single Copy": false,
          "Plans": [
            {
              "Node Type": "Aggregate",
              "Strategy": "Plain",
              "Partial Mode": "Partial",
              "Parent Relationship": "Outer",
              "Parallel Aware": false,
              "Startup Cost": 282271.41,
              "Total Cost": 282271.42,
              "Plan Rows": 1,
              "Plan Width": 8,
              "Actual Startup Time": 162.953,
              "Actual Total Time": 162.955,
              "Actual Rows": 1,
              "Actual Loops": 6,
              "Plans": [
                {
                  "Node Type": "Nested Loop",
                  "Parent Relationship": "Outer",
                  "Parallel Aware": false,
                  "Join Type": "Inner",
                  "Startup Cost": 3792.03,
                  "Total Cost": 282251.36,
                  "Plan Rows": 8022,
                  "Plan Width": 0,
                  "Actual Startup Time": 12.369,
                  "Actual Total Time": 161.072,
                  "Actual Rows": 14481,
                  "Actual Loops": 6,
                  "Inner Unique": true,
                  "Plans": [
                    {
                      "Node Type": "Bitmap Heap Scan",
                      "Parent Relationship": "Outer",
                      "Parallel Aware": true,
                      "Relation Name": "cast_info",
                      "Alias": "ci",
                      "Startup Cost": 3791.6,
                      "Total Cost": 243626.45,
                      "Plan Rows": 11903,
                      "Plan Width": 4,
                      "Actual Startup Time": 12.161,
                      "Actual Total Time": 20.527,
                      "Actual Rows": 20713,
                      "Actual Loops": 6,
                      "Recheck Cond": "(person_id < 20918)",
                      "Rows Removed by Index Recheck": 0,
                      "Filter": "(role_id < 2)",
                      "Rows Removed by Filter": 6895,
                      "Exact Heap Blocks": 512,
                      "Lossy Heap Blocks": 0,
                      "Plans": [
                        {
                          "Node Type": "Bitmap Index Scan",
                          "Parent Relationship": "Outer",
                          "Parallel Aware": false,
                          "Index Name": "person_id_cast_info",
                          "Startup Cost": 0.0,
                          "Total Cost": 3776.72,
                          "Plan Rows": 172821,
                          "Plan Width": 0,
                          "Actual Startup Time": 21.131,
                          "Actual Total Time": 21.132,
                          "Actual Rows": 165650,
                          "Actual Loops": 1,
                          "Index Cond": "(person_id < 20918)"
                        }
                      ]
                    },
                    {
                      "Node Type": "Index Scan",
                      "Parent Relationship": "Inner",
                      "Parallel Aware": false,
                      "Scan Direction": "Forward",
                      "Index Name": "title_pkey",
                      "Relation Name": "title",
                      "Alias": "t",
                      "Startup Cost": 0.43,
                      "Total Cost": 3.24,
                      "Plan Rows": 1,
                      "Plan Width": 4,
                      "Actual Startup Time": 0.006,
                      "Actual Total Time": 0.006,
                      "Actual Rows": 1,
                      "Actual Loops": 124279,
                      "Index Cond": "(id = ci.movie_id)",
                      "Rows Removed by Index Recheck": 0,
                      "Filter": "(production_year > 1992)",
                      "Rows Removed by Filter": 0
                    }
                  ]
                }
              ]
            }
          ]
        }
      ]
    },
    "Planning Time": 0.711,
    "Triggers": [],
    "Execution Time": 193.305
  }
]