[
    {
        "Bao": {
            "Bao prediction": 1244.402,
            "Bao recommended hint": "(no hint)"
        }
    },
    {
        "Plan": {
            "Node Type": "Aggregate",
            "Strategy": "Plain",
            "Partial Mode": "Finalize",
            "Parallel Aware": false,
            "Startup Cost": 437301.74,
            "Total Cost": 437301.75,
            "Plan Rows": 1,
            "Plan Width": 8,
            "Actual Startup Time": 3998.969,
            "Actual Total Time": 4025.483,
            "Actual Rows": 1,
            "Actual Loops": 1,
            "Output": [
                "count(*)"
            ],
            "Plans": [
                {
                    "Node Type": "Gather",
                    "Parent Relationship": "Outer",
                    "Parallel Aware": false,
                    "Startup Cost": 437301.12,
                    "Total Cost": 437301.73,
                    "Plan Rows": 6,
                    "Plan Width": 8,
                    "Actual Startup Time": 3990.712,
                    "Actual Total Time": 4025.472,
                    "Actual Rows": 7,
                    "Actual Loops": 1,
                    "Output": [
                        "(PARTIAL count(*))"
                    ],
                    "Workers Planned": 6,
                    "Workers Launched": 6,
                    "Single Copy": false,
                    "Plans": [
                        {
                            "Node Type": "Aggregate",
                            "Strategy": "Plain",
                            "Partial Mode": "Partial",
                            "Parent Relationship": "Outer",
                            "Parallel Aware": false,
                            "Startup Cost": 436301.12,
                            "Total Cost": 436301.13,
                            "Plan Rows": 1,
                            "Plan Width": 8,
                            "Actual Startup Time": 3977.463,
                            "Actual Total Time": 3977.666,
                            "Actual Rows": 1,
                            "Actual Loops": 7,
                            "Output": [
                                "PARTIAL count(*)"
                            ],
                            "Workers": [
                                {
                                    "Worker Number": 0,
                                    "Actual Startup Time": 3974.852,
                                    "Actual Total Time": 3974.856,
                                    "Actual Rows": 1,
                                    "Actual Loops": 1
                                },
                                {
                                    "Worker Number": 1,
                                    "Actual Startup Time": 3974.981,
                                    "Actual Total Time": 3974.985,
                                    "Actual Rows": 1,
                                    "Actual Loops": 1
                                },
                                {
                                    "Worker Number": 2,
                                    "Actual Startup Time": 3977.138,
                                    "Actual Total Time": 3977.142,
                                    "Actual Rows": 1,
                                    "Actual Loops": 1
                                },
                                {
                                    "Worker Number": 3,
                                    "Actual Startup Time": 3975.214,
                                    "Actual Total Time": 3975.218,
                                    "Actual Rows": 1,
                                    "Actual Loops": 1
                                },
                                {
                                    "Worker Number": 4,
                                    "Actual Startup Time": 3975.191,
                                    "Actual Total Time": 3975.195,
                                    "Actual Rows": 1,
                                    "Actual Loops": 1
                                },
                                {
                                    "Worker Number": 5,
                                    "Actual Startup Time": 3975.382,
                                    "Actual Total Time": 3975.387,
                                    "Actual Rows": 1,
                                    "Actual Loops": 1
                                }
                            ],
                            "Plans": [
                                {
                                    "Node Type": "Hash Join",
                                    "Parent Relationship": "Outer",
                                    "Parallel Aware": true,
                                    "Join Type": "Inner",
                                    "Startup Cost": 91973.08,
                                    "Total Cost": 432562.88,
                                    "Plan Rows": 1495295,
                                    "Plan Width": 0,
                                    "Actual Startup Time": 592.121,
                                    "Actual Total Time": 3396.254,
                                    "Actual Rows": 10870581,
                                    "Actual Loops": 7,
                                    "Inner Unique": false,
                                    "Hash Cond": "(ci.movie_id = t.id)",
                                    "Workers": [
                                        {
                                            "Worker Number": 0,
                                            "Actual Startup Time": 589.847,
                                            "Actual Total Time": 3392.635,
                                            "Actual Rows": 10547918,
                                            "Actual Loops": 1
                                        },
                                        {
                                            "Worker Number": 1,
                                            "Actual Startup Time": 589.951,
                                            "Actual Total Time": 3390.975,
                                            "Actual Rows": 10582423,
                                            "Actual Loops": 1
                                        },
                                        {
                                            "Worker Number": 2,
                                            "Actual Startup Time": 589.878,
                                            "Actual Total Time": 3404.745,
                                            "Actual Rows": 11108282,
                                            "Actual Loops": 1
                                        },
                                        {
                                            "Worker Number": 3,
                                            "Actual Startup Time": 590.236,
                                            "Actual Total Time": 3386.897,
                                            "Actual Rows": 10564219,
                                            "Actual Loops": 1
                                        },
                                        {
                                            "Worker Number": 4,
                                            "Actual Startup Time": 589.975,
                                            "Actual Total Time": 3390.617,
                                            "Actual Rows": 10558121,
                                            "Actual Loops": 1
                                        },
                                        {
                                            "Worker Number": 5,
                                            "Actual Startup Time": 590.458,
                                            "Actual Total Time": 3400.351,
                                            "Actual Rows": 11757761,
                                            "Actual Loops": 1
                                        }
                                    ],
                                    "Plans": [
                                        {
                                            "Node Type": "Seq Scan",
                                            "Parent Relationship": "Outer",
                                            "Parallel Aware": true,
                                            "Relation Name": "cast_info",
                                            "Schema": "public",
                                            "Alias": "ci",
                                            "Startup Cost": 0.0,
                                            "Total Cost": 313108.29,
                                            "Plan Rows": 6042129,
                                            "Plan Width": 4,
                                            "Actual Startup Time": 0.052,
                                            "Actual Total Time": 565.03,
                                            "Actual Rows": 5177763,
                                            "Actual Loops": 7,
                                            "Output": [
                                                "ci.id",
                                                "ci.person_id",
                                                "ci.movie_id",
                                                "ci.person_role_id",
                                                "ci.note",
                                                "ci.nr_order",
                                                "ci.role_id"
                                            ],
                                            "Workers": [
                                                {
                                                    "Worker Number": 0,
                                                    "Actual Startup Time": 0.042,
                                                    "Actual Total Time": 588.092,
                                                    "Actual Rows": 5027488,
                                                    "Actual Loops": 1
                                                },
                                                {
                                                    "Worker Number": 1,
                                                    "Actual Startup Time": 0.05,
                                                    "Actual Total Time": 586.169,
                                                    "Actual Rows": 5046202,
                                                    "Actual Loops": 1
                                                },
                                                {
                                                    "Worker Number": 2,
                                                    "Actual Startup Time": 0.045,
                                                    "Actual Total Time": 582.57,
                                                    "Actual Rows": 5290518,
                                                    "Actual Loops": 1
                                                },
                                                {
                                                    "Worker Number": 3,
                                                    "Actual Startup Time": 0.063,
                                                    "Actual Total Time": 575.44,
                                                    "Actual Rows": 5018007,
                                                    "Actual Loops": 1
                                                },
                                                {
                                                    "Worker Number": 4,
                                                    "Actual Startup Time": 0.049,
                                                    "Actual Total Time": 588.625,
                                                    "Actual Rows": 5045602,
                                                    "Actual Loops": 1
                                                },
                                                {
                                                    "Worker Number": 5,
                                                    "Actual Startup Time": 0.071,
                                                    "Actual Total Time": 565.591,
                                                    "Actual Rows": 5540034,
                                                    "Actual Loops": 1
                                                }
                                            ]
                                        },
                                        {
                                            "Node Type": "Hash",
                                            "Parent Relationship": "Inner",
                                            "Parallel Aware": true,
                                            "Startup Cost": 89450.08,
                                            "Total Cost": 89450.08,
                                            "Plan Rows": 201840,
                                            "Plan Width": 8,
                                            "Actual Startup Time": 588.058,
                                            "Actual Total Time": 588.259,
                                            "Actual Rows": 276926,
                                            "Actual Loops": 7,
                                            "Output": [
                                                "t.id",
                                                "mk.movie_id"
                                            ],
                                            "Hash Buckets": 2097152,
                                            "Original Hash Buckets": 1048576,
                                            "Hash Batches": 1,
                                            "Original Hash Batches": 1,
                                            "Peak Memory Usage": 100512,
                                            "Workers": [
                                                {
                                                    "Worker Number": 0,
                                                    "Actual Startup Time": 588.831,
                                                    "Actual Total Time": 588.834,
                                                    "Actual Rows": 276128,
                                                    "Actual Loops": 1
                                                },
                                                {
                                                    "Worker Number": 1,
                                                    "Actual Startup Time": 588.809,
                                                    "Actual Total Time": 588.812,
                                                    "Actual Rows": 275040,
                                                    "Actual Loops": 1
                                                },
                                                {
                                                    "Worker Number": 2,
                                                    "Actual Startup Time": 588.85,
                                                    "Actual Total Time": 588.853,
                                                    "Actual Rows": 275451,
                                                    "Actual Loops": 1
                                                },
                                                {
                                                    "Worker Number": 3,
                                                    "Actual Startup Time": 589.26,
                                                    "Actual Total Time": 589.263,
                                                    "Actual Rows": 272069,
                                                    "Actual Loops": 1
                                                },
                                                {
                                                    "Worker Number": 4,
                                                    "Actual Startup Time": 589.131,
                                                    "Actual Total Time": 589.133,
                                                    "Actual Rows": 277164,
                                                    "Actual Loops": 1
                                                },
                                                {
                                                    "Worker Number": 5,
                                                    "Actual Startup Time": 589.367,
                                                    "Actual Total Time": 589.37,
                                                    "Actual Rows": 274352,
                                                    "Actual Loops": 1
                                                }
                                            ],
                                            "Plans": [
                                                {
                                                    "Node Type": "Hash Join",
                                                    "Parent Relationship": "Outer",
                                                    "Parallel Aware": true,
                                                    "Join Type": "Inner",
                                                    "Startup Cost": 46572.0,
                                                    "Total Cost": 89450.08,
                                                    "Plan Rows": 201840,
                                                    "Plan Width": 8,
                                                    "Actual Startup Time": 164.11,
                                                    "Actual Total Time": 396.388,
                                                    "Actual Rows": 276926,
                                                    "Actual Loops": 7,
                                                    "Output": [
                                                        "t.id",
                                                        "mk.movie_id"
                                                    ],
                                                    "Inner Unique": true,
                                                    "Hash Cond": "(mk.movie_id = t.id)",
                                                    "Workers": [
                                                        {
                                                            "Worker Number": 0,
                                                            "Actual Startup Time": 164.064,
                                                            "Actual Total Time": 396.93,
                                                            "Actual Rows": 276128,
                                                            "Actual Loops": 1
                                                        },
                                                        {
                                                            "Worker Number": 1,
                                                            "Actual Startup Time": 164.148,
                                                            "Actual Total Time": 396.834,
                                                            "Actual Rows": 275040,
                                                            "Actual Loops": 1
                                                        },
                                                        {
                                                            "Worker Number": 2,
                                                            "Actual Startup Time": 164.059,
                                                            "Actual Total Time": 395.739,
                                                            "Actual Rows": 275451,
                                                            "Actual Loops": 1
                                                        },
                                                        {
                                                            "Worker Number": 3,
                                                            "Actual Startup Time": 164.061,
                                                            "Actual Total Time": 397.18,
                                                            "Actual Rows": 272069,
                                                            "Actual Loops": 1
                                                        },
                                                        {
                                                            "Worker Number": 4,
                                                            "Actual Startup Time": 163.836,
                                                            "Actual Total Time": 398.193,
                                                            "Actual Rows": 277164,
                                                            "Actual Loops": 1
                                                        },
                                                        {
                                                            "Worker Number": 5,
                                                            "Actual Startup Time": 164.021,
                                                            "Actual Total Time": 396.228,
                                                            "Actual Rows": 274352,
                                                            "Actual Loops": 1
                                                        }
                                                    ],
                                                    "Plans": [
                                                        {
                                                            "Node Type": "Seq Scan",
                                                            "Parent Relationship": "Outer",
                                                            "Parallel Aware": true,
                                                            "Relation Name": "movie_keyword",
                                                            "Schema": "public",
                                                            "Alias": "mk",
                                                            "Startup Cost": 0.0,
                                                            "Total Cost": 39047.32,
                                                            "Plan Rows": 1459332,
                                                            "Plan Width": 4,
                                                            "Actual Startup Time": 0.03,
                                                            "Actual Total Time": 90.706,
                                                            "Actual Rows": 646276,
                                                            "Actual Loops": 7,
                                                            "Output": [
                                                                "mk.id",
                                                                "mk.movie_id",
                                                                "mk.keyword_id"
                                                            ],
                                                            "Workers": [
                                                                {
                                                                    "Worker Number": 0,
                                                                    "Actual Startup Time": 0.03,
                                                                    "Actual Total Time": 92.625,
                                                                    "Actual Rows": 642135,
                                                                    "Actual Loops": 1
                                                                },
                                                                {
                                                                    "Worker Number": 1,
                                                                    "Actual Startup Time": 0.028,
                                                                    "Actual Total Time": 92.7,
                                                                    "Actual Rows": 643245,
                                                                    "Actual Loops": 1
                                                                },
                                                                {
                                                                    "Worker Number": 2,
                                                                    "Actual Startup Time": 0.032,
                                                                    "Actual Total Time": 92.05,
                                                                    "Actual Rows": 631775,
                                                                    "Actual Loops": 1
                                                                },
                                                                {
                                                                    "Worker Number": 3,
                                                                    "Actual Startup Time": 0.039,
                                                                    "Actual Total Time": 93.594,
                                                                    "Actual Rows": 636030,
                                                                    "Actual Loops": 1
                                                                },
                                                                {
                                                                    "Worker Number": 4,
                                                                    "Actual Startup Time": 0.024,
                                                                    "Actual Total Time": 93.427,
                                                                    "Actual Rows": 650275,
                                                                    "Actual Loops": 1
                                                                },
                                                                {
                                                                    "Worker Number": 5,
                                                                    "Actual Startup Time": 0.039,
                                                                    "Actual Total Time": 92.802,
                                                                    "Actual Rows": 643185,
                                                                    "Actual Loops": 1
                                                                }
                                                            ]
                                                        },
                                                        {
                                                            "Node Type": "Hash",
                                                            "Parent Relationship": "Inner",
                                                            "Parallel Aware": true,
                                                            "Startup Cost": 45479.21,
                                                            "Total Cost": 45479.21,
                                                            "Plan Rows": 87423,
                                                            "Plan Width": 4,
                                                            "Actual Startup Time": 162.84,
                                                            "Actual Total Time": 162.841,
                                                            "Actual Rows": 65343,
                                                            "Actual Loops": 7,
                                                            "Output": [
                                                                "t.id"
                                                            ],
                                                            "Hash Buckets": 524288,
                                                            "Original Hash Buckets": 524288,
                                                            "Hash Batches": 1,
                                                            "Original Hash Batches": 1,
                                                            "Peak Memory Usage": 22080,
                                                            "Workers": [
                                                                {
                                                                    "Worker Number": 0,
                                                                    "Actual Startup Time": 163.724,
                                                                    "Actual Total Time": 163.725,
                                                                    "Actual Rows": 64506,
                                                                    "Actual Loops": 1
                                                                },
                                                                {
                                                                    "Worker Number": 1,
                                                                    "Actual Startup Time": 163.733,
                                                                    "Actual Total Time": 163.734,
                                                                    "Actual Rows": 65277,
                                                                    "Actual Loops": 1
                                                                },
                                                                {
                                                                    "Worker Number": 2,
                                                                    "Actual Startup Time": 163.586,
                                                                    "Actual Total Time": 163.587,
                                                                    "Actual Rows": 64189,
                                                                    "Actual Loops": 1
                                                                },
                                                                {
                                                                    "Worker Number": 3,
                                                                    "Actual Startup Time": 163.691,
                                                                    "Actual Total Time": 163.692,
                                                                    "Actual Rows": 61764,
                                                                    "Actual Loops": 1
                                                                },
                                                                {
                                                                    "Worker Number": 4,
                                                                    "Actual Startup Time": 163.67,
                                                                    "Actual Total Time": 163.671,
                                                                    "Actual Rows": 65090,
                                                                    "Actual Loops": 1
                                                                },
                                                                {
                                                                    "Worker Number": 5,
                                                                    "Actual Startup Time": 163.671,
                                                                    "Actual Total Time": 163.672,
                                                                    "Actual Rows": 61442,
                                                                    "Actual Loops": 1
                                                                }
                                                            ],
                                                            "Plans": [
                                                                {
                                                                    "Node Type": "Seq Scan",
                                                                    "Parent Relationship": "Outer",
                                                                    "Parallel Aware": true,
                                                                    "Relation Name": "title",
                                                                    "Schema": "public",
                                                                    "Alias": "t",
                                                                    "Startup Cost": 0.0,
                                                                    "Total Cost": 45479.21,
                                                                    "Plan Rows": 87423,
                                                                    "Plan Width": 4,
                                                                    "Actual Startup Time": 0.106,
                                                                    "Actual Total Time": 112.064,
                                                                    "Actual Rows": 65343,
                                                                    "Actual Loops": 7,
                                                                    "Output": [
                                                                        "t.id"
                                                                    ],
                                                                    "Filter": "((t.kind_id < 7) AND (t.production_year < 1997))",
                                                                    "Rows Removed by Filter": 295844,
                                                                    "Workers": [
                                                                        {
                                                                            "Worker Number": 0,
                                                                            "Actual Startup Time": 0.123,
                                                                            "Actual Total Time": 113.402,
                                                                            "Actual Rows": 64506,
                                                                            "Actual Loops": 1
                                                                        },
                                                                        {
                                                                            "Worker Number": 1,
                                                                            "Actual Startup Time": 0.129,
                                                                            "Actual Total Time": 113.566,
                                                                            "Actual Rows": 65277,
                                                                            "Actual Loops": 1
                                                                        },
                                                                        {
                                                                            "Worker Number": 2,
                                                                            "Actual Startup Time": 0.115,
                                                                            "Actual Total Time": 112.014,
                                                                            "Actual Rows": 64189,
                                                                            "Actual Loops": 1
                                                                        },
                                                                        {
                                                                            "Worker Number": 3,
                                                                            "Actual Startup Time": 0.114,
                                                                            "Actual Total Time": 112.933,
                                                                            "Actual Rows": 61764,
                                                                            "Actual Loops": 1
                                                                        },
                                                                        {
                                                                            "Worker Number": 4,
                                                                            "Actual Startup Time": 0.116,
                                                                            "Actual Total Time": 113.292,
                                                                            "Actual Rows": 65090,
                                                                            "Actual Loops": 1
                                                                        },
                                                                        {
                                                                            "Worker Number": 5,
                                                                            "Actual Startup Time": 0.102,
                                                                            "Actual Total Time": 112.178,
                                                                            "Actual Rows": 61442,
                                                                            "Actual Loops": 1
                                                                        }
                                                                    ]
                                                                }
                                                            ]
                                                        }
                                                    ]
                                                }
                                            ]
                                        }
                                    ]
                                }
                            ]
                        }
                    ]
                }
            ]
        },
        "Planning Time": 4448.522,
        "Triggers": [],
        "Execution Time": 4025.733
    }
]