{
  "Plan": {
    "Node Type": "Aggregate",
    "Strategy": "Plain",
    "Partial Mode": "Finalize",
    "Parallel Aware": false,
    "Startup Cost": 110620.19,
    "Total Cost": 110620.2,
    "Plan Rows": 1,
    "Plan Width": 8,
    "Actual Startup Time": 352.234,
    "Actual Total Time": 362.38,
    "Actual Rows": 1,
    "Actual Loops": 1,
    "Plans": [
      {
        "Node Type": "Gather",
        "Parent Relationship": "Outer",
        "Parallel Aware": false,
        "Startup Cost": 110620.08,
        "Total Cost": 110620.19,
        "Plan Rows": 1,
        "Plan Width": 8,
        "Actual Startup Time": 352.01,
        "Actual Total Time": 362.373,
        "Actual Rows": 2,
        "Actual Loops": 1,
        "Workers Planned": 1,
        "Workers Launched": 1,
        "Single Copy": false,
        "Plans": [
          {
            "Node Type": "Aggregate",
            "Strategy": "Plain",
            "Partial Mode": "Partial",
            "Parent Relationship": "Outer",
            "Parallel Aware": false,
            "Startup Cost": 109620.08,
            "Total Cost": 109620.09,
            "Plan Rows": 1,
            "Plan Width": 8,
            "Actual Startup Time": 345.671,
            "Actual Total Time": 345.676,
            "Actual Rows": 1,
            "Actual Loops": 2,
            "Plans": [
              {
                "Node Type": "Hash Join",
                "Parent Relationship": "Outer",
                "Parallel Aware": true,
                "Join Type": "Inner",
                "Startup Cost": 48501.81,
                "Total Cost": 109598.11,
                "Plan Rows": 8788,
                "Plan Width": 0,
                "Actual Startup Time": 35.086,
                "Actual Total Time": 345.51,
                "Actual Rows": 3026,
                "Actual Loops": 2,
                "Inner Unique": false,
                "Hash Cond": "(mk.movie_id = t.id)",
                "Plans": [
                  {
                    "Node Type": "Seq Scan",
                    "Parent Relationship": "Outer",
                    "Parallel Aware": true,
                    "Relation Name": "movie_keyword",
                    "Alias": "mk",
                    "Startup Cost": 0.0,
                    "Total Cost": 51065.35,
                    "Plan Rows": 2661135,
                    "Plan Width": 4,
                    "Actual Startup Time": 0.012,
                    "Actual Total Time": 165.197,
                    "Actual Rows": 2261965,
                    "Actual Loops": 2
                  },
                  {
                    "Node Type": "Hash",
                    "Parent Relationship": "Inner",
                    "Parallel Aware": true,
                    "Startup Cost": 48440.42,
                    "Total Cost": 48440.42,
                    "Plan Rows": 4911,
                    "Plan Width": 8,
                    "Actual Startup Time": 33.605,
                    "Actual Total Time": 33.607,
                    "Actual Rows": 4351,
                    "Actual Loops": 2,
                    "Hash Buckets": 16384,
                    "Original Hash Buckets": 16384,
                    "Hash Batches": 1,
                    "Original Hash Batches": 1,
                    "Peak Memory Usage": 512,
                    "Plans": [
                      {
                        "Node Type": "Nested Loop",
                        "Parent Relationship": "Outer",
                        "Parallel Aware": false,
                        "Join Type": "Inner",
                        "Startup Cost": 185.56,
                        "Total Cost": 48440.42,
                        "Plan Rows": 4911,
                        "Plan Width": 8,
                        "Actual Startup Time": 1.051,
                        "Actual Total Time": 31.301,
                        "Actual Rows": 4351,
                        "Actual Loops": 2,
                        "Inner Unique": true,
                        "Plans": [
                          {
                            "Node Type": "Bitmap Heap Scan",
                            "Parent Relationship": "Outer",
                            "Parallel Aware": true,
                            "Relation Name": "movie_companies",
                            "Alias": "mc",
                            "Startup Cost": 185.13,
                            "Total Cost": 15215.63,
                            "Plan Rows": 4911,
                            "Plan Width": 4,
                            "Actual Startup Time": 0.895,
                            "Actual Total Time": 3.626,
                            "Actual Rows": 4351,
                            "Actual Loops": 2,
                            "Recheck Cond": "(company_id = 596)",
                            "Rows Removed by Index Recheck": 0,
                            "Exact Heap Blocks": 705,
                            "Lossy Heap Blocks": 0,
                            "Plans": [
                              {
                                "Node Type": "Bitmap Index Scan",
                                "Parent Relationship": "Outer",
                                "Parallel Aware": false,
                                "Index Name": "company_id_movie_companies",
                                "Startup Cost": 0.0,
                                "Total Cost": 183.05,
                                "Plan Rows": 8349,
                                "Plan Width": 0,
                                "Actual Startup Time": 1.325,
                                "Actual Total Time": 1.326,
                                "Actual Rows": 8702,
                                "Actual Loops": 1,
                                "Index Cond": "(company_id = 596)"
                              }
                            ]
                          },
                          {
                            "Node Type": "Index Only Scan",
                            "Parent Relationship": "Inner",
                            "Parallel Aware": false,
                            "Scan Direction": "Forward",
                            "Index Name": "title_pkey",
                            "Relation Name": "title",
                            "Alias": "t",
                            "Startup Cost": 0.43,
                            "Total Cost": 6.77,
                            "Plan Rows": 1,
                            "Plan Width": 4,
                            "Actual Startup Time": 0.006,
                            "Actual Total Time": 0.006,
                            "Actual Rows": 1,
                            "Actual Loops": 8702,
                            "Index Cond": "(id = mc.movie_id)",
                            "Rows Removed by Index Recheck": 0,
                            "Heap Fetches": 8702
                          }
                        ]
                      }
                    ]
                  }
                ]
              }
            ]
          }
        ]
      }
    ]
  },
  "Planning Time": 0.978,
  "Triggers": [],
  "Execution Time": 362.479
}