[
  {
    "Plan": {
      "Node Type": "Aggregate",
      "Strategy": "Plain",
      "Partial Mode": "Finalize",
      "Parallel Aware": false,
      "Startup Cost": 338816.41,
      "Total Cost": 338816.42,
      "Plan Rows": 1,
      "Plan Width": 8,
      "Actual Startup Time": 894.079,
      "Actual Total Time": 927.397,
      "Actual Rows": 1,
      "Actual Loops": 1,
      "Plans": [
        {
          "Node Type": "Gather",
          "Parent Relationship": "Outer",
          "Parallel Aware": false,
          "Startup Cost": 338816.09,
          "Total Cost": 338816.4,
          "Plan Rows": 3,
          "Plan Width": 8,
          "Actual Startup Time": 886.62,
          "Actual Total Time": 927.386,
          "Actual Rows": 4,
          "Actual Loops": 1,
          "Workers Planned": 3,
          "Workers Launched": 3,
          "Single Copy": false,
          "Plans": [
            {
              "Node Type": "Aggregate",
              "Strategy": "Plain",
              "Partial Mode": "Partial",
              "Parent Relationship": "Outer",
              "Parallel Aware": false,
              "Startup Cost": 337816.09,
              "Total Cost": 337816.1,
              "Plan Rows": 1,
              "Plan Width": 8,
              "Actual Startup Time": 877.489,
              "Actual Total Time": 877.966,
              "Actual Rows": 1,
              "Actual Loops": 4,
              "Plans": [
                {
                  "Node Type": "Hash Join",
                  "Parent Relationship": "Outer",
                  "Parallel Aware": true,
                  "Join Type": "Inner",
                  "Startup Cost": 306575.61,
                  "Total Cost": 337465.97,
                  "Plan Rows": 140049,
                  "Plan Width": 0,
                  "Actual Startup Time": 741.97,
                  "Actual Total Time": 870.401,
                  "Actual Rows": 191682,
                  "Actual Loops": 4,
                  "Inner Unique": false,
                  "Hash Cond": "(mc.movie_id = t.id)",
                  "Plans": [
                    {
                      "Node Type": "Seq Scan",
                      "Parent Relationship": "Outer",
                      "Parallel Aware": true,
                      "Relation Name": "movie_companies",
                      "Alias": "mc",
                      "Startup Cost": 0.0,
                      "Total Cost": 29310.68,
                      "Plan Rows": 359004,
                      "Plan Width": 4,
                      "Actual Startup Time": 0.019,
                      "Actual Total Time": 60.95,
                      "Actual Rows": 278414,
                      "Actual Loops": 4,
                      "Filter": "(company_id < 7851)",
                      "Rows Removed by Filter": 373868
                    },
                    {
                      "Node Type": "Hash",
                      "Parent Relationship": "Inner",
                      "Parallel Aware": true,
                      "Startup Cost": 304520.81,
                      "Total Cost": 304520.81,
                      "Plan Rows": 164384,
                      "Plan Width": 8,
                      "Actual Startup Time": 736.88,
                      "Actual Total Time": 737.355,
                      "Actual Rows": 128466,
                      "Actual Loops": 4,
                      "Hash Buckets": 1048576,
                      "Original Hash Buckets": 1048576,
                      "Hash Batches": 1,
                      "Original Hash Batches": 1,
                      "Peak Memory Usage": 28352,
                      "Plans": [
                        {
                          "Node Type": "Hash Join",
                          "Parent Relationship": "Outer",
                          "Parallel Aware": true,
                          "Join Type": "Inner",
                          "Startup Cost": 48728.77,
                          "Total Cost": 304520.81,
                          "Plan Rows": 164384,
                          "Plan Width": 8,
                          "Actual Startup Time": 253.195,
                          "Actual Total Time": 689.263,
                          "Actual Rows": 128466,
                          "Actual Loops": 4,
                          "Inner Unique": true,
                          "Hash Cond": "(ci.movie_id = t.id)",
                          "Plans": [
                            {
                              "Node Type": "Index Scan",
                              "Parent Relationship": "Outer",
                              "Parallel Aware": true,
                              "Scan Direction": "Forward",
                              "Index Name": "role_id_cast_info",
                              "Relation Name": "cast_info",
                              "Alias": "ci",
                              "Startup Cost": 0.56,
                              "Total Cost": 255086.64,
                              "Plan Rows": 268938,
                              "Plan Width": 4,
                              "Actual Startup Time": 0.189,
                              "Actual Total Time": 337.464,
                              "Actual Rows": 210604,
                              "Actual Loops": 4,
                              "Index Cond": "(role_id > 4)",
                              "Rows Removed by Index Recheck": 0,
                              "Filter": "(person_id < 612590)",
                              "Rows Removed by Filter": 2135572
                            },
                            {
                              "Node Type": "Hash",
                              "Parent Relationship": "Inner",
                              "Parallel Aware": true,
                              "Startup Cost": 43898.92,
                              "Total Cost": 43898.92,
                              "Plan Rows": 386343,
                              "Plan Width": 4,
                              "Actual Startup Time": 248.158,
                              "Actual Total Time": 248.159,
                              "Actual Rows": 387932,
                              "Actual Loops": 4,
                              "Hash Buckets": 2097152,
                              "Original Hash Buckets": 2097152,
                              "Hash Batches": 1,
                              "Original Hash Batches": 1,
                              "Peak Memory Usage": 77152,
                              "Plans": [
                                {
                                  "Node Type": "Seq Scan",
                                  "Parent Relationship": "Outer",
                                  "Parallel Aware": true,
                                  "Relation Name": "title",
                                  "Alias": "t",
                                  "Startup Cost": 0.0,
                                  "Total Cost": 43898.92,
                                  "Plan Rows": 386343,
                                  "Plan Width": 4,
                                  "Actual Startup Time": 0.046,
                                  "Actual Total Time": 105.749,
                                  "Actual Rows": 387932,
                                  "Actual Loops": 4,
                                  "Filter": "(production_year < 2007)",
                                  "Rows Removed by Filter": 244146
                                }
                              ]
                            }
                          ]
                        }
                      ]
                    }
                  ]
                }
              ]
            }
          ]
        }
      ]
    },
    "Planning Time": 1.408,
    "Triggers": [],
    "Execution Time": 927.577
  }
]