[
  {
    "Plan": {
      "Node Type": "Aggregate",
      "Strategy": "Plain",
      "Partial Mode": "Finalize",
      "Parallel Aware": false,
      "Startup Cost": 46648.3,
      "Total Cost": 46648.31,
      "Plan Rows": 1,
      "Plan Width": 8,
      "Actual Startup Time": 163.551,
      "Actual Total Time": 170.963,
      "Actual Rows": 1,
      "Actual Loops": 1,
      "Plans": [
        {
          "Node Type": "Gather",
          "Parent Relationship": "Outer",
          "Parallel Aware": false,
          "Startup Cost": 46647.98,
          "Total Cost": 46648.29,
          "Plan Rows": 3,
          "Plan Width": 8,
          "Actual Startup Time": 163.412,
          "Actual Total Time": 170.952,
          "Actual Rows": 4,
          "Actual Loops": 1,
          "Workers Planned": 3,
          "Workers Launched": 3,
          "Single Copy": false,
          "Plans": [
            {
              "Node Type": "Aggregate",
              "Strategy": "Plain",
              "Partial Mode": "Partial",
              "Parent Relationship": "Outer",
              "Parallel Aware": false,
              "Startup Cost": 45647.98,
              "Total Cost": 45647.99,
              "Plan Rows": 1,
              "Plan Width": 8,
              "Actual Startup Time": 157.97,
              "Actual Total Time": 157.971,
              "Actual Rows": 1,
              "Actual Loops": 4,
              "Plans": [
                {
                  "Node Type": "Seq Scan",
                  "Parent Relationship": "Outer",
                  "Parallel Aware": true,
                  "Relation Name": "movie_keyword",
                  "Alias": "mk",
                  "Startup Cost": 0.0,
                  "Total Cost": 42695.65,
                  "Plan Rows": 1180931,
                  "Plan Width": 0,
                  "Actual Startup Time": 0.048,
                  "Actual Total Time": 117.423,
                  "Actual Rows": 917214,
                  "Actual Loops": 4,
                  "Filter": "(keyword_id < 21489)",
                  "Rows Removed by Filter": 213768
                }
              ]
            }
          ]
        }
      ]
    },
    "Planning Time": 0.193,
    "Triggers": [],
    "Execution Time": 171.031
  }
]