{
  "Plan": {
    "Node Type": "Aggregate",
    "Strategy": "Plain",
    "Partial Mode": "Finalize",
    "Parallel Aware": false,
    "Startup Cost": 402173.4,
    "Total Cost": 402173.41,
    "Plan Rows": 1,
    "Plan Width": 8,
    "Actual Startup Time": 2657.409,
    "Actual Total Time": 2700.643,
    "Actual Rows": 1,
    "Actual Loops": 1,
    "Plans": [
      {
        "Node Type": "Gather",
        "Parent Relationship": "Outer",
        "Parallel Aware": false,
        "Startup Cost": 402173.29,
        "Total Cost": 402173.4,
        "Plan Rows": 1,
        "Plan Width": 8,
        "Actual Startup Time": 2652.795,
        "Actual Total Time": 2700.634,
        "Actual Rows": 2,
        "Actual Loops": 1,
        "Workers Planned": 1,
        "Workers Launched": 1,
        "Single Copy": false,
        "Plans": [
          {
            "Node Type": "Aggregate",
            "Strategy": "Plain",
            "Partial Mode": "Partial",
            "Parent Relationship": "Outer",
            "Parallel Aware": false,
            "Startup Cost": 401173.29,
            "Total Cost": 401173.3,
            "Plan Rows": 1,
            "Plan Width": 8,
            "Actual Startup Time": 2646.541,
            "Actual Total Time": 2646.548,
            "Actual Rows": 1,
            "Actual Loops": 2,
            "Plans": [
              {
                "Node Type": "Hash Join",
                "Parent Relationship": "Outer",
                "Parallel Aware": true,
                "Join Type": "Inner",
                "Startup Cost": 111009.53,
                "Total Cost": 399504.4,
                "Plan Rows": 667557,
                "Plan Width": 0,
                "Actual Startup Time": 879.273,
                "Actual Total Time": 2401.161,
                "Actual Rows": 6268270,
                "Actual Loops": 2,
                "Inner Unique": false,
                "Hash Cond": "(mi.movie_id = t.id)",
                "Plans": [
                  {
                    "Node Type": "Seq Scan",
                    "Parent Relationship": "Outer",
                    "Parallel Aware": true,
                    "Relation Name": "movie_info",
                    "Alias": "mi",
                    "Startup Cost": 0.0,
                    "Total Cost": 270696.42,
                    "Plan Rows": 3699105,
                    "Plan Width": 4,
                    "Actual Startup Time": 34.927,
                    "Actual Total Time": 698.685,
                    "Actual Rows": 3111747,
                    "Actual Loops": 2,
                    "Filter": "(info_type_id > 8)",
                    "Rows Removed by Filter": 4306113
                  },
                  {
                    "Node Type": "Hash",
                    "Parent Relationship": "Inner",
                    "Parallel Aware": true,
                    "Startup Cost": 107654.63,
                    "Total Cost": 107654.63,
                    "Plan Rows": 268392,
                    "Plan Width": 8,
                    "Actual Startup Time": 838.783,
                    "Actual Total Time": 838.788,
                    "Actual Rows": 236272,
                    "Actual Loops": 2,
                    "Hash Buckets": 524288,
                    "Original Hash Buckets": 524288,
                    "Hash Batches": 1,
                    "Original Hash Batches": 1,
                    "Peak Memory Usage": 22624,
                    "Plans": [
                      {
                        "Node Type": "Hash Join",
                        "Parent Relationship": "Outer",
                        "Parallel Aware": true,
                        "Join Type": "Inner",
                        "Startup Cost": 79141.2,
                        "Total Cost": 107654.63,
                        "Plan Rows": 268392,
                        "Plan Width": 8,
                        "Actual Startup Time": 617.609,
                        "Actual Total Time": 781.919,
                        "Actual Rows": 236272,
                        "Actual Loops": 2,
                        "Inner Unique": true,
                        "Hash Cond": "(mk.movie_id = t.id)",
                        "Plans": [
                          {
                            "Node Type": "Bitmap Heap Scan",
                            "Parent Relationship": "Outer",
                            "Parallel Aware": true,
                            "Relation Name": "movie_keyword",
                            "Alias": "mk",
                            "Startup Cost": 9680.5,
                            "Total Cost": 37489.41,
                            "Plan Rows": 268392,
                            "Plan Width": 4,
                            "Actual Startup Time": 27.668,
                            "Actual Total Time": 101.93,
                            "Actual Rows": 236272,
                            "Actual Loops": 2,
                            "Recheck Cond": "(keyword_id < 359)",
                            "Rows Removed by Index Recheck": 0,
                            "Exact Heap Blocks": 12247,
                            "Lossy Heap Blocks": 0,
                            "Plans": [
                              {
                                "Node Type": "Bitmap Index Scan",
                                "Parent Relationship": "Outer",
                                "Parallel Aware": false,
                                "Index Name": "keyword_id_movie_keyword",
                                "Startup Cost": 0.0,
                                "Total Cost": 9566.44,
                                "Plan Rows": 456267,
                                "Plan Width": 0,
                                "Actual Startup Time": 24.094,
                                "Actual Total Time": 24.094,
                                "Actual Rows": 472545,
                                "Actual Loops": 1,
                                "Index Cond": "(keyword_id < 359)"
                              }
                            ]
                          },
                          {
                            "Node Type": "Hash",
                            "Parent Relationship": "Inner",
                            "Parallel Aware": true,
                            "Startup Cost": 50870.31,
                            "Total Cost": 50870.31,
                            "Plan Rows": 1487231,
                            "Plan Width": 4,
                            "Actual Startup Time": 571.387,
                            "Actual Total Time": 571.388,
                            "Actual Rows": 1264156,
                            "Actual Loops": 2,
                            "Hash Buckets": 4194304,
                            "Original Hash Buckets": 4194304,
                            "Hash Batches": 1,
                            "Original Hash Batches": 1,
                            "Peak Memory Usage": 131680,
                            "Plans": [
                              {
                                "Node Type": "Seq Scan",
                                "Parent Relationship": "Outer",
                                "Parallel Aware": true,
                                "Relation Name": "title",
                                "Alias": "t",
                                "Startup Cost": 0.0,
                                "Total Cost": 50870.31,
                                "Plan Rows": 1487231,
                                "Plan Width": 4,
                                "Actual Startup Time": 0.038,
                                "Actual Total Time": 159.489,
                                "Actual Rows": 1264156,
                                "Actual Loops": 2
                              }
                            ]
                          }
                        ]
                      }
                    ]
                  }
                ]
              }
            ]
          }
        ]
      }
    ]
  },
  "Planning Time": 0.97,
  "Triggers": [],
  "Execution Time": 2700.747
}