[
  {
    "Plan": {
      "Node Type": "Aggregate",
      "Strategy": "Plain",
      "Partial Mode": "Finalize",
      "Parallel Aware": false,
      "Startup Cost": 30757.93,
      "Total Cost": 30757.94,
      "Plan Rows": 1,
      "Plan Width": 8,
      "Actual Startup Time": 87.972,
      "Actual Total Time": 96.032,
      "Actual Rows": 1,
      "Actual Loops": 1,
      "Plans": [
        {
          "Node Type": "Gather",
          "Parent Relationship": "Outer",
          "Parallel Aware": false,
          "Startup Cost": 30757.61,
          "Total Cost": 30757.92,
          "Plan Rows": 3,
          "Plan Width": 8,
          "Actual Startup Time": 87.876,
          "Actual Total Time": 96.023,
          "Actual Rows": 4,
          "Actual Loops": 1,
          "Workers Planned": 3,
          "Workers Launched": 3,
          "Single Copy": false,
          "Plans": [
            {
              "Node Type": "Aggregate",
              "Strategy": "Plain",
              "Partial Mode": "Partial",
              "Parent Relationship": "Outer",
              "Parallel Aware": false,
              "Startup Cost": 29757.61,
              "Total Cost": 29757.62,
              "Plan Rows": 1,
              "Plan Width": 8,
              "Actual Startup Time": 83.744,
              "Actual Total Time": 83.746,
              "Actual Rows": 1,
              "Actual Loops": 4,
              "Plans": [
                {
                  "Node Type": "Seq Scan",
                  "Parent Relationship": "Outer",
                  "Parallel Aware": true,
                  "Relation Name": "movie_companies",
                  "Alias": "mc",
                  "Startup Cost": 0.0,
                  "Total Cost": 29310.68,
                  "Plan Rows": 178773,
                  "Plan Width": 0,
                  "Actual Startup Time": 40.662,
                  "Actual Total Time": 76.368,
                  "Actual Rows": 137317,
                  "Actual Loops": 4,
                  "Filter": "(company_id > 71888)",
                  "Rows Removed by Filter": 514965
                }
              ]
            }
          ]
        }
      ]
    },
    "Planning Time": 0.193,
    "Triggers": [],
    "Execution Time": 96.089
  }
]