[
  {
    "Plan": {
      "Node Type": "Aggregate",
      "Strategy": "Plain",
      "Partial Mode": "Finalize",
      "Parallel Aware": false,
      "Startup Cost": 92056.85,
      "Total Cost": 92056.86,
      "Plan Rows": 1,
      "Plan Width": 8,
      "Actual Startup Time": 71.046,
      "Actual Total Time": 78.877,
      "Actual Rows": 1,
      "Actual Loops": 1,
      "Plans": [
        {
          "Node Type": "Gather",
          "Parent Relationship": "Outer",
          "Parallel Aware": false,
          "Startup Cost": 92056.43,
          "Total Cost": 92056.84,
          "Plan Rows": 4,
          "Plan Width": 8,
          "Actual Startup Time": 70.804,
          "Actual Total Time": 78.87,
          "Actual Rows": 5,
          "Actual Loops": 1,
          "Workers Planned": 4,
          "Workers Launched": 4,
          "Single Copy": false,
          "Plans": [
            {
              "Node Type": "Aggregate",
              "Strategy": "Plain",
              "Partial Mode": "Partial",
              "Parent Relationship": "Outer",
              "Parallel Aware": false,
              "Startup Cost": 91056.43,
              "Total Cost": 91056.44,
              "Plan Rows": 1,
              "Plan Width": 8,
              "Actual Startup Time": 60.37,
              "Actual Total Time": 60.372,
              "Actual Rows": 1,
              "Actual Loops": 5,
              "Plans": [
                {
                  "Node Type": "Nested Loop",
                  "Parent Relationship": "Outer",
                  "Parallel Aware": false,
                  "Join Type": "Inner",
                  "Startup Cost": 1823.93,
                  "Total Cost": 91055.95,
                  "Plan Rows": 194,
                  "Plan Width": 0,
                  "Actual Startup Time": 15.716,
                  "Actual Total Time": 60.33,
                  "Actual Rows": 178,
                  "Actual Loops": 5,
                  "Inner Unique": false,
                  "Plans": [
                    {
                      "Node Type": "Bitmap Heap Scan",
                      "Parent Relationship": "Outer",
                      "Parallel Aware": true,
                      "Relation Name": "title",
                      "Alias": "t",
                      "Startup Cost": 1823.5,
                      "Total Cost": 38204.85,
                      "Plan Rows": 366,
                      "Plan Width": 4,
                      "Actual Startup Time": 13.486,
                      "Actual Total Time": 37.097,
                      "Actual Rows": 393,
                      "Actual Loops": 5,
                      "Recheck Cond": "(kind_id = 3)",
                      "Rows Removed by Index Recheck": 0,
                      "Filter": "(production_year = 1995)",
                      "Rows Removed by Filter": 19714,
                      "Exact Heap Blocks": 6556,
                      "Lossy Heap Blocks": 0,
                      "Plans": [
                        {
                          "Node Type": "Bitmap Index Scan",
                          "Parent Relationship": "Outer",
                          "Parallel Aware": false,
                          "Index Name": "kind_id_title",
                          "Startup Cost": 0.0,
                          "Total Cost": 1823.13,
                          "Plan Rows": 102227,
                          "Plan Width": 0,
                          "Actual Startup Time": 17.249,
                          "Actual Total Time": 17.25,
                          "Actual Rows": 100537,
                          "Actual Loops": 1,
                          "Index Cond": "(kind_id = 3)"
                        }
                      ]
                    },
                    {
                      "Node Type": "Index Scan",
                      "Parent Relationship": "Inner",
                      "Parallel Aware": false,
                      "Scan Direction": "Forward",
                      "Index Name": "movie_id_movie_info",
                      "Relation Name": "movie_info",
                      "Alias": "mi",
                      "Startup Cost": 0.43,
                      "Total Cost": 144.36,
                      "Plan Rows": 4,
                      "Plan Width": 4,
                      "Actual Startup Time": 0.049,
                      "Actual Total Time": 0.058,
                      "Actual Rows": 0,
                      "Actual Loops": 1967,
                      "Index Cond": "(movie_id = t.id)",
                      "Rows Removed by Index Recheck": 0,
                      "Filter": "(info_type_id = 7)",
                      "Rows Removed by Filter": 8
                    }
                  ]
                }
              ]
            }
          ]
        }
      ]
    },
    "Planning Time": 0.65,
    "Triggers": [],
    "Execution Time": 78.973
  }
]