{
  "Plan": {
    "Node Type": "Aggregate",
    "Strategy": "Plain",
    "Partial Mode": "Finalize",
    "Parallel Aware": false,
    "Startup Cost": 84265.42,
    "Total Cost": 84265.43,
    "Plan Rows": 1,
    "Plan Width": 8,
    "Actual Startup Time": 225.178,
    "Actual Total Time": 239.82,
    "Actual Rows": 1,
    "Actual Loops": 1,
    "Plans": [
      {
        "Node Type": "Gather",
        "Parent Relationship": "Outer",
        "Parallel Aware": false,
        "Startup Cost": 84265.3,
        "Total Cost": 84265.41,
        "Plan Rows": 1,
        "Plan Width": 8,
        "Actual Startup Time": 224.718,
        "Actual Total Time": 239.814,
        "Actual Rows": 2,
        "Actual Loops": 1,
        "Workers Planned": 1,
        "Workers Launched": 1,
        "Single Copy": false,
        "Plans": [
          {
            "Node Type": "Aggregate",
            "Strategy": "Plain",
            "Partial Mode": "Partial",
            "Parent Relationship": "Outer",
            "Parallel Aware": false,
            "Startup Cost": 83265.3,
            "Total Cost": 83265.31,
            "Plan Rows": 1,
            "Plan Width": 8,
            "Actual Startup Time": 218.536,
            "Actual Total Time": 218.54,
            "Actual Rows": 1,
            "Actual Loops": 2,
            "Plans": [
              {
                "Node Type": "Nested Loop",
                "Parent Relationship": "Outer",
                "Parallel Aware": false,
                "Join Type": "Inner",
                "Startup Cost": 50525.75,
                "Total Cost": 83257.24,
                "Plan Rows": 3224,
                "Plan Width": 0,
                "Actual Startup Time": 110.223,
                "Actual Total Time": 217.976,
                "Actual Rows": 8721,
                "Actual Loops": 2,
                "Inner Unique": false,
                "Join Filter": "(t.id = mi_idx.movie_id)",
                "Rows Removed by Join Filter": 0,
                "Plans": [
                  {
                    "Node Type": "Hash Join",
                    "Parent Relationship": "Outer",
                    "Parallel Aware": true,
                    "Join Type": "Inner",
                    "Startup Cost": 50525.32,
                    "Total Cost": 79548.16,
                    "Plan Rows": 5907,
                    "Plan Width": 8,
                    "Actual Startup Time": 110.109,
                    "Actual Total Time": 195.339,
                    "Actual Rows": 7500,
                    "Actual Loops": 2,
                    "Inner Unique": true,
                    "Hash Cond": "(mk.movie_id = t.id)",
                    "Plans": [
                      {
                        "Node Type": "Bitmap Heap Scan",
                        "Parent Relationship": "Outer",
                        "Parallel Aware": true,
                        "Relation Name": "movie_keyword",
                        "Alias": "mk",
                        "Startup Cost": 10892.23,
                        "Total Cost": 39122.13,
                        "Plan Rows": 302072,
                        "Plan Width": 4,
                        "Actual Startup Time": 31.95,
                        "Actual Total Time": 103.289,
                        "Actual Rows": 249764,
                        "Actual Loops": 2,
                        "Recheck Cond": "(keyword_id > 36091)",
                        "Rows Removed by Index Recheck": 0,
                        "Exact Heap Blocks": 16370,
                        "Lossy Heap Blocks": 0,
                        "Plans": [
                          {
                            "Node Type": "Bitmap Index Scan",
                            "Parent Relationship": "Outer",
                            "Parallel Aware": false,
                            "Index Name": "keyword_id_movie_keyword",
                            "Startup Cost": 0.0,
                            "Total Cost": 10763.85,
                            "Plan Rows": 513522,
                            "Plan Width": 0,
                            "Actual Startup Time": 28.499,
                            "Actual Total Time": 28.5,
                            "Actual Rows": 499527,
                            "Actual Loops": 1,
                            "Index Cond": "(keyword_id > 36091)"
                          }
                        ]
                      },
                      {
                        "Node Type": "Hash",
                        "Parent Relationship": "Inner",
                        "Parallel Aware": true,
                        "Startup Cost": 39269.54,
                        "Total Cost": 39269.54,
                        "Plan Rows": 29084,
                        "Plan Width": 4,
                        "Actual Startup Time": 60.412,
                        "Actual Total Time": 60.413,
                        "Actual Rows": 27856,
                        "Actual Loops": 2,
                        "Hash Buckets": 65536,
                        "Original Hash Buckets": 65536,
                        "Hash Batches": 1,
                        "Original Hash Batches": 1,
                        "Peak Memory Usage": 2752,
                        "Plans": [
                          {
                            "Node Type": "Bitmap Heap Scan",
                            "Parent Relationship": "Outer",
                            "Parallel Aware": true,
                            "Relation Name": "title",
                            "Alias": "t",
                            "Startup Cost": 2193.3,
                            "Total Cost": 39269.54,
                            "Plan Rows": 29084,
                            "Plan Width": 4,
                            "Actual Startup Time": 15.592,
                            "Actual Total Time": 53.244,
                            "Actual Rows": 27856,
                            "Actual Loops": 2,
                            "Recheck Cond": "(kind_id = 4)",
                            "Rows Removed by Index Recheck": 0,
                            "Filter": "(production_year > 2005)",
                            "Rows Removed by Filter": 31262,
                            "Exact Heap Blocks": 10632,
                            "Lossy Heap Blocks": 0,
                            "Plans": [
                              {
                                "Node Type": "Bitmap Index Scan",
                                "Parent Relationship": "Outer",
                                "Parallel Aware": false,
                                "Index Name": "kind_id_title",
                                "Startup Cost": 0.0,
                                "Total Cost": 2180.94,
                                "Plan Rows": 122201,
                                "Plan Width": 0,
                                "Actual Startup Time": 15.822,
                                "Actual Total Time": 15.822,
                                "Actual Rows": 118234,
                                "Actual Loops": 1,
                                "Index Cond": "(kind_id = 4)"
                              }
                            ]
                          }
                        ]
                      }
                    ]
                  },
                  {
                    "Node Type": "Index Only Scan",
                    "Parent Relationship": "Inner",
                    "Parallel Aware": false,
                    "Scan Direction": "Forward",
                    "Index Name": "movie_id_movie_info_idx",
                    "Relation Name": "movie_info_idx",
                    "Alias": "mi_idx",
                    "Startup Cost": 0.43,
                    "Total Cost": 0.59,
                    "Plan Rows": 3,
                    "Plan Width": 4,
                    "Actual Startup Time": 0.002,
                    "Actual Total Time": 0.003,
                    "Actual Rows": 1,
                    "Actual Loops": 14999,
                    "Index Cond": "(movie_id = mk.movie_id)",
                    "Rows Removed by Index Recheck": 0,
                    "Heap Fetches": 17442
                  }
                ]
              }
            ]
          }
        ]
      }
    ]
  },
  "Planning Time": 1.024,
  "Triggers": [],
  "Execution Time": 239.937
}