[
    {
        "Bao": {
            "Bao prediction": "NaN",
            "Bao recommended hint": "(no hint)"
        }
    },
    {
        "Plan": {
            "Node Type": "Aggregate",
            "Strategy": "Plain",
            "Partial Mode": "Finalize",
            "Parallel Aware": false,
            "Startup Cost": 111779.15,
            "Total Cost": 111779.16,
            "Plan Rows": 1,
            "Plan Width": 8,
            "Actual Startup Time": 206.339,
            "Actual Total Time": 215.761,
            "Actual Rows": 1,
            "Actual Loops": 1,
            "Output": [
                "count(*)"
            ],
            "Plans": [
                {
                    "Node Type": "Gather",
                    "Parent Relationship": "Outer",
                    "Parallel Aware": false,
                    "Startup Cost": 111778.63,
                    "Total Cost": 111779.14,
                    "Plan Rows": 5,
                    "Plan Width": 8,
                    "Actual Startup Time": 206.232,
                    "Actual Total Time": 215.752,
                    "Actual Rows": 6,
                    "Actual Loops": 1,
                    "Output": [
                        "(PARTIAL count(*))"
                    ],
                    "Workers Planned": 5,
                    "Workers Launched": 5,
                    "Single Copy": false,
                    "Plans": [
                        {
                            "Node Type": "Aggregate",
                            "Strategy": "Plain",
                            "Partial Mode": "Partial",
                            "Parent Relationship": "Outer",
                            "Parallel Aware": false,
                            "Startup Cost": 110778.63,
                            "Total Cost": 110778.64,
                            "Plan Rows": 1,
                            "Plan Width": 8,
                            "Actual Startup Time": 196.478,
                            "Actual Total Time": 196.479,
                            "Actual Rows": 1,
                            "Actual Loops": 6,
                            "Output": [
                                "PARTIAL count(*)"
                            ],
                            "Workers": [
                                {
                                    "Worker Number": 0,
                                    "Actual Startup Time": 193.902,
                                    "Actual Total Time": 193.903,
                                    "Actual Rows": 1,
                                    "Actual Loops": 1
                                },
                                {
                                    "Worker Number": 1,
                                    "Actual Startup Time": 194.525,
                                    "Actual Total Time": 194.526,
                                    "Actual Rows": 1,
                                    "Actual Loops": 1
                                },
                                {
                                    "Worker Number": 2,
                                    "Actual Startup Time": 194.768,
                                    "Actual Total Time": 194.769,
                                    "Actual Rows": 1,
                                    "Actual Loops": 1
                                },
                                {
                                    "Worker Number": 3,
                                    "Actual Startup Time": 194.845,
                                    "Actual Total Time": 194.847,
                                    "Actual Rows": 1,
                                    "Actual Loops": 1
                                },
                                {
                                    "Worker Number": 4,
                                    "Actual Startup Time": 194.953,
                                    "Actual Total Time": 194.955,
                                    "Actual Rows": 1,
                                    "Actual Loops": 1
                                }
                            ],
                            "Plans": [
                                {
                                    "Node Type": "Index Scan",
                                    "Parent Relationship": "Outer",
                                    "Parallel Aware": true,
                                    "Scan Direction": "Forward",
                                    "Index Name": "role_id_cast_info",
                                    "Relation Name": "cast_info",
                                    "Schema": "public",
                                    "Alias": "ci",
                                    "Startup Cost": 0.56,
                                    "Total Cost": 109204.72,
                                    "Plan Rows": 629564,
                                    "Plan Width": 0,
                                    "Actual Startup Time": 0.132,
                                    "Actual Total Time": 167.85,
                                    "Actual Rows": 495066,
                                    "Actual Loops": 6,
                                    "Output": [
                                        "id",
                                        "person_id",
                                        "movie_id",
                                        "person_role_id",
                                        "note",
                                        "nr_order",
                                        "role_id"
                                    ],
                                    "Index Cond": "(ci.role_id = 3)",
                                    "Rows Removed by Index Recheck": 0,
                                    "Filter": "(ci.person_id < 2903744)",
                                    "Rows Removed by Filter": 172940,
                                    "Workers": [
                                        {
                                            "Worker Number": 0,
                                            "Actual Startup Time": 0.194,
                                            "Actual Total Time": 165.883,
                                            "Actual Rows": 371912,
                                            "Actual Loops": 1
                                        },
                                        {
                                            "Worker Number": 1,
                                            "Actual Startup Time": 0.148,
                                            "Actual Total Time": 165.681,
                                            "Actual Rows": 381649,
                                            "Actual Loops": 1
                                        },
                                        {
                                            "Worker Number": 2,
                                            "Actual Startup Time": 0.125,
                                            "Actual Total Time": 167.363,
                                            "Actual Rows": 543864,
                                            "Actual Loops": 1
                                        },
                                        {
                                            "Worker Number": 3,
                                            "Actual Startup Time": 0.136,
                                            "Actual Total Time": 167.419,
                                            "Actual Rows": 563475,
                                            "Actual Loops": 1
                                        },
                                        {
                                            "Worker Number": 4,
                                            "Actual Startup Time": 0.15,
                                            "Actual Total Time": 166.44,
                                            "Actual Rows": 380964,
                                            "Actual Loops": 1
                                        }
                                    ]
                                }
                            ]
                        }
                    ]
                }
            ]
        },
        "Planning Time": 246.619,
        "Triggers": [],
        "Execution Time": 215.811
    }
]