[
  {
    "Plan": {
      "Node Type": "Aggregate",
      "Strategy": "Plain",
      "Partial Mode": "Finalize",
      "Parallel Aware": false,
      "Startup Cost": 33527.26,
      "Total Cost": 33527.27,
      "Plan Rows": 1,
      "Plan Width": 8,
      "Actual Startup Time": 109.727,
      "Actual Total Time": 117.572,
      "Actual Rows": 1,
      "Actual Loops": 1,
      "Plans": [
        {
          "Node Type": "Gather",
          "Parent Relationship": "Outer",
          "Parallel Aware": false,
          "Startup Cost": 33526.94,
          "Total Cost": 33527.25,
          "Plan Rows": 3,
          "Plan Width": 8,
          "Actual Startup Time": 109.512,
          "Actual Total Time": 117.564,
          "Actual Rows": 4,
          "Actual Loops": 1,
          "Workers Planned": 3,
          "Workers Launched": 3,
          "Single Copy": false,
          "Plans": [
            {
              "Node Type": "Aggregate",
              "Strategy": "Plain",
              "Partial Mode": "Partial",
              "Parent Relationship": "Outer",
              "Parallel Aware": false,
              "Startup Cost": 32526.94,
              "Total Cost": 32526.95,
              "Plan Rows": 1,
              "Plan Width": 8,
              "Actual Startup Time": 103.095,
              "Actual Total Time": 103.096,
              "Actual Rows": 1,
              "Actual Loops": 4,
              "Plans": [
                {
                  "Node Type": "Bitmap Heap Scan",
                  "Parent Relationship": "Outer",
                  "Parallel Aware": true,
                  "Relation Name": "movie_keyword",
                  "Alias": "mk",
                  "Startup Cost": 6573.71,
                  "Total Cost": 32277.07,
                  "Plan Rows": 99949,
                  "Plan Width": 0,
                  "Actual Startup Time": 31.845,
                  "Actual Total Time": 97.924,
                  "Actual Rows": 81812,
                  "Actual Loops": 4,
                  "Recheck Cond": "(keyword_id < 266)",
                  "Rows Removed by Index Recheck": 0,
                  "Exact Heap Blocks": 11720,
                  "Lossy Heap Blocks": 0,
                  "Plans": [
                    {
                      "Node Type": "Bitmap Index Scan",
                      "Parent Relationship": "Outer",
                      "Parallel Aware": false,
                      "Index Name": "keyword_id_movie_keyword",
                      "Startup Cost": 0.0,
                      "Total Cost": 6496.25,
                      "Plan Rows": 309842,
                      "Plan Width": 0,
                      "Actual Startup Time": 33.852,
                      "Actual Total Time": 33.852,
                      "Actual Rows": 327246,
                      "Actual Loops": 1,
                      "Index Cond": "(keyword_id < 266)"
                    }
                  ]
                }
              ]
            }
          ]
        }
      ]
    },
    "Planning Time": 0.149,
    "Triggers": [],
    "Execution Time": 117.623
  }
]