[
  {
    "Plan": {
      "Node Type": "Aggregate",
      "Strategy": "Plain",
      "Partial Mode": "Finalize",
      "Parallel Aware": false,
      "Startup Cost": 246250.26,
      "Total Cost": 246250.27,
      "Plan Rows": 1,
      "Plan Width": 8,
      "Actual Startup Time": 761.985,
      "Actual Total Time": 820.959,
      "Actual Rows": 1,
      "Actual Loops": 1,
      "Plans": [
        {
          "Node Type": "Gather",
          "Parent Relationship": "Outer",
          "Parallel Aware": false,
          "Startup Cost": 246249.74,
          "Total Cost": 246250.25,
          "Plan Rows": 5,
          "Plan Width": 8,
          "Actual Startup Time": 761.07,
          "Actual Total Time": 820.819,
          "Actual Rows": 6,
          "Actual Loops": 1,
          "Workers Planned": 5,
          "Workers Launched": 5,
          "Single Copy": false,
          "Plans": [
            {
              "Node Type": "Aggregate",
              "Strategy": "Plain",
              "Partial Mode": "Partial",
              "Parent Relationship": "Outer",
              "Parallel Aware": false,
              "Startup Cost": 245249.74,
              "Total Cost": 245249.75,
              "Plan Rows": 1,
              "Plan Width": 8,
              "Actual Startup Time": 753.255,
              "Actual Total Time": 753.261,
              "Actual Rows": 1,
              "Actual Loops": 6,
              "Plans": [
                {
                  "Node Type": "Hash Join",
                  "Parent Relationship": "Outer",
                  "Parallel Aware": true,
                  "Join Type": "Inner",
                  "Startup Cost": 45629.5,
                  "Total Cost": 245108.9,
                  "Plan Rows": 56335,
                  "Plan Width": 0,
                  "Actual Startup Time": 98.022,
                  "Actual Total Time": 748.367,
                  "Actual Rows": 72954,
                  "Actual Loops": 6,
                  "Inner Unique": true,
                  "Hash Cond": "(mi.movie_id = t.id)",
                  "Plans": [
                    {
                      "Node Type": "Seq Scan",
                      "Parent Relationship": "Outer",
                      "Parallel Aware": true,
                      "Relation Name": "movie_info",
                      "Alias": "mi",
                      "Startup Cost": 0.0,
                      "Total Cost": 191685.19,
                      "Plan Rows": 2969219,
                      "Plan Width": 4,
                      "Actual Startup Time": 0.033,
                      "Actual Total Time": 351.762,
                      "Actual Rows": 2472620,
                      "Actual Loops": 6
                    },
                    {
                      "Node Type": "Hash",
                      "Parent Relationship": "Inner",
                      "Parallel Aware": true,
                      "Startup Cost": 45479.59,
                      "Total Cost": 45479.59,
                      "Plan Rows": 11993,
                      "Plan Width": 4,
                      "Actual Startup Time": 96.56,
                      "Actual Total Time": 96.562,
                      "Actual Rows": 6816,
                      "Actual Loops": 6,
                      "Hash Buckets": 65536,
                      "Original Hash Buckets": 65536,
                      "Hash Batches": 1,
                      "Original Hash Batches": 1,
                      "Peak Memory Usage": 2240,
                      "Plans": [
                        {
                          "Node Type": "Seq Scan",
                          "Parent Relationship": "Outer",
                          "Parallel Aware": true,
                          "Relation Name": "title",
                          "Alias": "t",
                          "Startup Cost": 0.0,
                          "Total Cost": 45479.59,
                          "Plan Rows": 11993,
                          "Plan Width": 4,
                          "Actual Startup Time": 0.166,
                          "Actual Total Time": 92.729,
                          "Actual Rows": 6816,
                          "Actual Loops": 6,
                          "Filter": "((kind_id < 4) AND (production_year = 2010))",
                          "Rows Removed by Filter": 414569
                        }
                      ]
                    }
                  ]
                }
              ]
            }
          ]
        }
      ]
    },
    "Planning Time": 0.352,
    "Triggers": [],
    "Execution Time": 821.013
  }
]