[
  {
    "Plan": {
      "Node Type": "Aggregate",
      "Strategy": "Plain",
      "Partial Mode": "Simple",
      "Parallel Aware": false,
      "Startup Cost": 48609.56,
      "Total Cost": 48609.57,
      "Plan Rows": 1,
      "Plan Width": 64,
      "Actual Startup Time": 125.758,
      "Actual Total Time": 142.249,
      "Actual Rows": 1,
      "Actual Loops": 1,
      "Plans": [
        {
          "Node Type": "Nested Loop",
          "Parent Relationship": "Outer",
          "Parallel Aware": false,
          "Join Type": "Inner",
          "Startup Cost": 1003.41,
          "Total Cost": 48609.56,
          "Plan Rows": 1,
          "Plan Width": 32,
          "Actual Startup Time": 4.689,
          "Actual Total Time": 142.236,
          "Actual Rows": 1,
          "Actual Loops": 1,
          "Inner Unique": true,
          "Plans": [
            {
              "Node Type": "Nested Loop",
              "Parent Relationship": "Outer",
              "Parallel Aware": false,
              "Join Type": "Inner",
              "Startup Cost": 1003.28,
              "Total Cost": 48609.36,
              "Plan Rows": 1,
              "Plan Width": 36,
              "Actual Startup Time": 4.677,
              "Actual Total Time": 142.222,
              "Actual Rows": 1,
              "Actual Loops": 1,
              "Inner Unique": true,
              "Join Filter": "(ci.person_id = n.id)",
              "Rows Removed by Join Filter": 0,
              "Plans": [
                {
                  "Node Type": "Nested Loop",
                  "Parent Relationship": "Outer",
                  "Parallel Aware": false,
                  "Join Type": "Inner",
                  "Startup Cost": 1002.85,
                  "Total Cost": 48608.58,
                  "Plan Rows": 1,
                  "Plan Width": 29,
                  "Actual Startup Time": 4.603,
                  "Actual Total Time": 142.146,
                  "Actual Rows": 1,
                  "Actual Loops": 1,
                  "Inner Unique": true,
                  "Plans": [
                    {
                      "Node Type": "Nested Loop",
                      "Parent Relationship": "Outer",
                      "Parallel Aware": false,
                      "Join Type": "Inner",
                      "Startup Cost": 1002.7,
                      "Total Cost": 48608.39,
                      "Plan Rows": 1,
                      "Plan Width": 33,
                      "Actual Startup Time": 4.589,
                      "Actual Total Time": 142.129,
                      "Actual Rows": 1,
                      "Actual Loops": 1,
                      "Inner Unique": false,
                      "Join Filter": "(t.id = mi.movie_id)",
                      "Rows Removed by Join Filter": 0,
                      "Plans": [
                        {
                          "Node Type": "Nested Loop",
                          "Parent Relationship": "Outer",
                          "Parallel Aware": false,
                          "Join Type": "Inner",
                          "Startup Cost": 1002.27,
                          "Total Cost": 48598.56,
                          "Plan Rows": 1,
                          "Plan Width": 41,
                          "Actual Startup Time": 4.485,
                          "Actual Total Time": 141.907,
                          "Actual Rows": 1,
                          "Actual Loops": 1,
                          "Inner Unique": true,
                          "Plans": [
                            {
                              "Node Type": "Nested Loop",
                              "Parent Relationship": "Outer",
                              "Parallel Aware": false,
                              "Join Type": "Inner",
                              "Startup Cost": 1001.85,
                              "Total Cost": 48597.96,
                              "Plan Rows": 1,
                              "Plan Width": 45,
                              "Actual Startup Time": 4.445,
                              "Actual Total Time": 141.865,
                              "Actual Rows": 1,
                              "Actual Loops": 1,
                              "Inner Unique": true,
                              "Plans": [
                                {
                                  "Node Type": "Nested Loop",
                                  "Parent Relationship": "Outer",
                                  "Parallel Aware": false,
                                  "Join Type": "Inner",
                                  "Startup Cost": 1001.42,
                                  "Total Cost": 48589.79,
                                  "Plan Rows": 1,
                                  "Plan Width": 49,
                                  "Actual Startup Time": 4.391,
                                  "Actual Total Time": 141.809,
                                  "Actual Rows": 1,
                                  "Actual Loops": 1,
                                  "Inner Unique": false,
                                  "Plans": [
                                    {
                                      "Node Type": "Gather",
                                      "Parent Relationship": "Outer",
                                      "Parallel Aware": false,
                                      "Startup Cost": 1001.0,
                                      "Total Cost": 48578.73,
                                      "Plan Rows": 1,
                                      "Plan Width": 45,
                                      "Actual Startup Time": 4.302,
                                      "Actual Total Time": 141.717,
                                      "Actual Rows": 1,
                                      "Actual Loops": 1,
                                      "Workers Planned": 4,
                                      "Workers Launched": 4,
                                      "Single Copy": false,
                                      "Plans": [
                                        {
                                          "Node Type": "Nested Loop",
                                          "Parent Relationship": "Outer",
                                          "Parallel Aware": false,
                                          "Join Type": "Inner",
                                          "Startup Cost": 0.99,
                                          "Total Cost": 47578.63,
                                          "Plan Rows": 1,
                                          "Plan Width": 45,
                                          "Actual Startup Time": 91.404,
                                          "Actual Total Time": 115.566,
                                          "Actual Rows": 0,
                                          "Actual Loops": 5,
                                          "Inner Unique": false,
                                          "Join Filter": "(t.id = ci.movie_id)",
                                          "Rows Removed by Join Filter": 0,
                                          "Plans": [
                                            {
                                              "Node Type": "Nested Loop",
                                              "Parent Relationship": "Outer",
                                              "Parallel Aware": false,
                                              "Join Type": "Inner",
                                              "Startup Cost": 0.43,
                                              "Total Cost": 47564.44,
                                              "Plan Rows": 1,
                                              "Plan Width": 29,
                                              "Actual Startup Time": 76.881,
                                              "Actual Total Time": 114.95,
                                              "Actual Rows": 1,
                                              "Actual Loops": 5,
                                              "Inner Unique": false,
                                              "Plans": [
                                                {
                                                  "Node Type": "Seq Scan",
                                                  "Parent Relationship": "Outer",
                                                  "Parallel Aware": true,
                                                  "Relation Name": "title",
                                                  "Alias": "t",
                                                  "Startup Cost": 0.0,
                                                  "Total Cost": 47059.85,
                                                  "Plan Rows": 24,
                                                  "Plan Width": 21,
                                                  "Actual Startup Time": 19.545,
                                                  "Actual Total Time": 114.461,
                                                  "Actual Rows": 8,
                                                  "Actual Loops": 5,
                                                  "Filter": "((title ~~ '%City,%'::text) AND (production_year >= 1997) AND (production_year <= 2009))",
                                                  "Rows Removed by Filter": 505654
                                                },
                                                {
                                                  "Node Type": "Index Scan",
                                                  "Parent Relationship": "Inner",
                                                  "Parallel Aware": false,
                                                  "Scan Direction": "Forward",
                                                  "Index Name": "movie_id_movie_companies",
                                                  "Relation Name": "movie_companies",
                                                  "Alias": "mc",
                                                  "Startup Cost": 0.43,
                                                  "Total Cost": 21.01,
                                                  "Plan Rows": 1,
                                                  "Plan Width": 8,
                                                  "Actual Startup Time": 0.055,
                                                  "Actual Total Time": 0.057,
                                                  "Actual Rows": 0,
                                                  "Actual Loops": 41,
                                                  "Index Cond": "(movie_id = t.id)",
                                                  "Rows Removed by Index Recheck": 0,
                                                  "Filter": "((note ~~ '%(200%)%'::text) AND ((note ~~ '%(USA)%'::text) OR (note ~~ '%(worldwide)%'::text)))",
                                                  "Rows Removed by Filter": 1
                                                }
                                              ]
                                            },
                                            {
                                              "Node Type": "Index Scan",
                                              "Parent Relationship": "Inner",
                                              "Parallel Aware": false,
                                              "Scan Direction": "Forward",
                                              "Index Name": "movie_id_cast_info",
                                              "Relation Name": "cast_info",
                                              "Alias": "ci",
                                              "Startup Cost": 0.56,
                                              "Total Cost": 14.18,
                                              "Plan Rows": 1,
                                              "Plan Width": 16,
                                              "Actual Startup Time": 0.346,
                                              "Actual Total Time": 0.611,
                                              "Actual Rows": 0,
                                              "Actual Loops": 5,
                                              "Index Cond": "(movie_id = mc.movie_id)",
                                              "Rows Removed by Index Recheck": 0,
                                              "Filter": "(note = '(as Aimee)'::text)",
                                              "Rows Removed by Filter": 35
                                            }
                                          ]
                                        }
                                      ]
                                    },
                                    {
                                      "Node Type": "Index Only Scan",
                                      "Parent Relationship": "Inner",
                                      "Parallel Aware": false,
                                      "Scan Direction": "Forward",
                                      "Index Name": "person_id_aka_name",
                                      "Relation Name": "aka_name",
                                      "Alias": "an",
                                      "Startup Cost": 0.42,
                                      "Total Cost": 11.04,
                                      "Plan Rows": 2,
                                      "Plan Width": 4,
                                      "Actual Startup Time": 0.086,
                                      "Actual Total Time": 0.088,
                                      "Actual Rows": 1,
                                      "Actual Loops": 1,
                                      "Index Cond": "(person_id = ci.person_id)",
                                      "Rows Removed by Index Recheck": 0,
                                      "Heap Fetches": 1
                                    }
                                  ]
                                },
                                {
                                  "Node Type": "Index Only Scan",
                                  "Parent Relationship": "Inner",
                                  "Parallel Aware": false,
                                  "Scan Direction": "Forward",
                                  "Index Name": "char_name_pkey",
                                  "Relation Name": "char_name",
                                  "Alias": "chn",
                                  "Startup Cost": 0.43,
                                  "Total Cost": 8.17,
                                  "Plan Rows": 1,
                                  "Plan Width": 4,
                                  "Actual Startup Time": 0.052,
                                  "Actual Total Time": 0.053,
                                  "Actual Rows": 1,
                                  "Actual Loops": 1,
                                  "Index Cond": "(id = ci.person_role_id)",
                                  "Rows Removed by Index Recheck": 0,
                                  "Heap Fetches": 1
                                }
                              ]
                            },
                            {
                              "Node Type": "Index Scan",
                              "Parent Relationship": "Inner",
                              "Parallel Aware": false,
                              "Scan Direction": "Forward",
                              "Index Name": "company_name_pkey",
                              "Relation Name": "company_name",
                              "Alias": "cn",
                              "Startup Cost": 0.42,
                              "Total Cost": 0.59,
                              "Plan Rows": 1,
                              "Plan Width": 4,
                              "Actual Startup Time": 0.038,
                              "Actual Total Time": 0.039,
                              "Actual Rows": 1,
                              "Actual Loops": 1,
                              "Index Cond": "(id = mc.company_id)",
                              "Rows Removed by Index Recheck": 0,
                              "Filter": "((country_code)::text = '[us]'::text)",
                              "Rows Removed by Filter": 0
                            }
                          ]
                        },
                        {
                          "Node Type": "Index Scan",
                          "Parent Relationship": "Inner",
                          "Parallel Aware": false,
                          "Scan Direction": "Forward",
                          "Index Name": "movie_id_movie_info",
                          "Relation Name": "movie_info",
                          "Alias": "mi",
                          "Startup Cost": 0.43,
                          "Total Cost": 9.82,
                          "Plan Rows": 1,
                          "Plan Width": 8,
                          "Actual Startup Time": 0.102,
                          "Actual Total Time": 0.218,
                          "Actual Rows": 1,
                          "Actual Loops": 1,
                          "Index Cond": "(movie_id = mc.movie_id)",
                          "Rows Removed by Index Recheck": 0,
                          "Filter": "((info IS NOT NULL) AND ((info ~~ 'Japan:%2007%'::text) OR (info ~~ 'USA:%2008%'::text)))",
                          "Rows Removed by Filter": 6
                        }
                      ]
                    },
                    {
                      "Node Type": "Index Scan",
                      "Parent Relationship": "Inner",
                      "Parallel Aware": false,
                      "Scan Direction": "Forward",
                      "Index Name": "info_type_pkey",
                      "Relation Name": "info_type",
                      "Alias": "it",
                      "Startup Cost": 0.14,
                      "Total Cost": 0.17,
                      "Plan Rows": 1,
                      "Plan Width": 4,
                      "Actual Startup Time": 0.012,
                      "Actual Total Time": 0.012,
                      "Actual Rows": 1,
                      "Actual Loops": 1,
                      "Index Cond": "(id = mi.info_type_id)",
                      "Rows Removed by Index Recheck": 0,
                      "Filter": "((info)::text = 'release dates'::text)",
                      "Rows Removed by Filter": 0
                    }
                  ]
                },
                {
                  "Node Type": "Index Scan",
                  "Parent Relationship": "Inner",
                  "Parallel Aware": false,
                  "Scan Direction": "Forward",
                  "Index Name": "name_pkey",
                  "Relation Name": "name",
                  "Alias": "n",
                  "Startup Cost": 0.43,
                  "Total Cost": 0.77,
                  "Plan Rows": 1,
                  "Plan Width": 19,
                  "Actual Startup Time": 0.072,
                  "Actual Total Time": 0.072,
                  "Actual Rows": 1,
                  "Actual Loops": 1,
                  "Index Cond": "(id = an.person_id)",
                  "Rows Removed by Index Recheck": 0,
                  "Filter": "((name ~~ '%Aimee%'::text) AND ((gender)::text = 'f'::text))",
                  "Rows Removed by Filter": 0
                }
              ]
            },
            {
              "Node Type": "Index Scan",
              "Parent Relationship": "Inner",
              "Parallel Aware": false,
              "Scan Direction": "Forward",
              "Index Name": "role_type_pkey",
              "Relation Name": "role_type",
              "Alias": "rt",
              "Startup Cost": 0.14,
              "Total Cost": 0.16,
              "Plan Rows": 1,
              "Plan Width": 4,
              "Actual Startup Time": 0.01,
              "Actual Total Time": 0.011,
              "Actual Rows": 1,
              "Actual Loops": 1,
              "Index Cond": "(id = ci.role_id)",
              "Rows Removed by Index Recheck": 0,
              "Filter": "((role)::text = 'actress'::text)",
              "Rows Removed by Filter": 0
            }
          ]
        }
      ]
    },
    "Planning Time": 37.628,
    "Triggers": [],
    "Execution Time": 142.58
  }
]