[
    {
        "Bao": {
            "Bao prediction": 477.987,
            "Bao recommended hint": "(no hint)"
        }
    },
    {
        "Plan": {
            "Node Type": "Aggregate",
            "Strategy": "Plain",
            "Partial Mode": "Finalize",
            "Parallel Aware": false,
            "Startup Cost": 31563.73,
            "Total Cost": 31563.74,
            "Plan Rows": 1,
            "Plan Width": 8,
            "Actual Startup Time": 138.165,
            "Actual Total Time": 144.353,
            "Actual Rows": 1,
            "Actual Loops": 1,
            "Output": [
                "count(*)"
            ],
            "Plans": [
                {
                    "Node Type": "Gather",
                    "Parent Relationship": "Outer",
                    "Parallel Aware": false,
                    "Startup Cost": 31563.42,
                    "Total Cost": 31563.73,
                    "Plan Rows": 3,
                    "Plan Width": 8,
                    "Actual Startup Time": 138.08,
                    "Actual Total Time": 144.346,
                    "Actual Rows": 4,
                    "Actual Loops": 1,
                    "Output": [
                        "(PARTIAL count(*))"
                    ],
                    "Workers Planned": 3,
                    "Workers Launched": 3,
                    "Single Copy": false,
                    "Plans": [
                        {
                            "Node Type": "Aggregate",
                            "Strategy": "Plain",
                            "Partial Mode": "Partial",
                            "Parent Relationship": "Outer",
                            "Parallel Aware": false,
                            "Startup Cost": 30563.42,
                            "Total Cost": 30563.43,
                            "Plan Rows": 1,
                            "Plan Width": 8,
                            "Actual Startup Time": 130.099,
                            "Actual Total Time": 130.1,
                            "Actual Rows": 1,
                            "Actual Loops": 4,
                            "Output": [
                                "PARTIAL count(*)"
                            ],
                            "Workers": [
                                {
                                    "Worker Number": 0,
                                    "Actual Startup Time": 127.564,
                                    "Actual Total Time": 127.565,
                                    "Actual Rows": 1,
                                    "Actual Loops": 1
                                },
                                {
                                    "Worker Number": 1,
                                    "Actual Startup Time": 127.558,
                                    "Actual Total Time": 127.56,
                                    "Actual Rows": 1,
                                    "Actual Loops": 1
                                },
                                {
                                    "Worker Number": 2,
                                    "Actual Startup Time": 127.854,
                                    "Actual Total Time": 127.856,
                                    "Actual Rows": 1,
                                    "Actual Loops": 1
                                }
                            ],
                            "Plans": [
                                {
                                    "Node Type": "Seq Scan",
                                    "Parent Relationship": "Outer",
                                    "Parallel Aware": true,
                                    "Relation Name": "movie_companies",
                                    "Schema": "public",
                                    "Alias": "mc",
                                    "Startup Cost": 0.0,
                                    "Total Cost": 29310.68,
                                    "Plan Rows": 501094,
                                    "Plan Width": 0,
                                    "Actual Startup Time": 9.318,
                                    "Actual Total Time": 103.61,
                                    "Actual Rows": 389038,
                                    "Actual Loops": 4,
                                    "Output": [
                                        "id",
                                        "movie_id",
                                        "company_id",
                                        "company_type_id",
                                        "note"
                                    ],
                                    "Filter": "(mc.company_id > 6198)",
                                    "Rows Removed by Filter": 263244,
                                    "Workers": [
                                        {
                                            "Worker Number": 0,
                                            "Actual Startup Time": 6.781,
                                            "Actual Total Time": 101.837,
                                            "Actual Rows": 376226,
                                            "Actual Loops": 1
                                        },
                                        {
                                            "Worker Number": 1,
                                            "Actual Startup Time": 6.806,
                                            "Actual Total Time": 101.836,
                                            "Actual Rows": 375365,
                                            "Actual Loops": 1
                                        },
                                        {
                                            "Worker Number": 2,
                                            "Actual Startup Time": 7.092,
                                            "Actual Total Time": 102.531,
                                            "Actual Rows": 370463,
                                            "Actual Loops": 1
                                        }
                                    ]
                                }
                            ]
                        }
                    ]
                }
            ]
        },
        "Planning Time": 2497.688,
        "Triggers": [],
        "Execution Time": 144.448
    }
]