{
  "Plan": {
    "Node Type": "Aggregate",
    "Strategy": "Plain",
    "Partial Mode": "Finalize",
    "Parallel Aware": false,
    "Startup Cost": 149189.27,
    "Total Cost": 149189.28,
    "Plan Rows": 1,
    "Plan Width": 8,
    "Actual Startup Time": 843.872,
    "Actual Total Time": 862.295,
    "Actual Rows": 1,
    "Actual Loops": 1,
    "Plans": [
      {
        "Node Type": "Gather",
        "Parent Relationship": "Outer",
        "Parallel Aware": false,
        "Startup Cost": 149189.16,
        "Total Cost": 149189.27,
        "Plan Rows": 1,
        "Plan Width": 8,
        "Actual Startup Time": 842.621,
        "Actual Total Time": 862.286,
        "Actual Rows": 2,
        "Actual Loops": 1,
        "Workers Planned": 1,
        "Workers Launched": 1,
        "Single Copy": false,
        "Plans": [
          {
            "Node Type": "Aggregate",
            "Strategy": "Plain",
            "Partial Mode": "Partial",
            "Parent Relationship": "Outer",
            "Parallel Aware": false,
            "Startup Cost": 148189.16,
            "Total Cost": 148189.17,
            "Plan Rows": 1,
            "Plan Width": 8,
            "Actual Startup Time": 836.07,
            "Actual Total Time": 836.077,
            "Actual Rows": 1,
            "Actual Loops": 2,
            "Plans": [
              {
                "Node Type": "Hash Join",
                "Parent Relationship": "Outer",
                "Parallel Aware": true,
                "Join Type": "Inner",
                "Startup Cost": 86329.94,
                "Total Cost": 147946.21,
                "Plan Rows": 97181,
                "Plan Width": 0,
                "Actual Startup Time": 433.78,
                "Actual Total Time": 813.6,
                "Actual Rows": 557958,
                "Actual Loops": 2,
                "Inner Unique": false,
                "Hash Cond": "(mk.movie_id = t.id)",
                "Plans": [
                  {
                    "Node Type": "Seq Scan",
                    "Parent Relationship": "Outer",
                    "Parallel Aware": true,
                    "Relation Name": "movie_keyword",
                    "Alias": "mk",
                    "Startup Cost": 0.0,
                    "Total Cost": 51065.35,
                    "Plan Rows": 2661135,
                    "Plan Width": 4,
                    "Actual Startup Time": 0.017,
                    "Actual Total Time": 160.359,
                    "Actual Rows": 2261965,
                    "Actual Loops": 2
                  },
                  {
                    "Node Type": "Hash",
                    "Parent Relationship": "Inner",
                    "Parallel Aware": true,
                    "Startup Cost": 85651.04,
                    "Total Cost": 85651.04,
                    "Plan Rows": 54312,
                    "Plan Width": 8,
                    "Actual Startup Time": 431.217,
                    "Actual Total Time": 431.222,
                    "Actual Rows": 73466,
                    "Actual Loops": 2,
                    "Hash Buckets": 262144,
                    "Original Hash Buckets": 131072,
                    "Hash Batches": 1,
                    "Original Hash Batches": 1,
                    "Peak Memory Usage": 8864,
                    "Plans": [
                      {
                        "Node Type": "Hash Join",
                        "Parent Relationship": "Outer",
                        "Parallel Aware": true,
                        "Join Type": "Inner",
                        "Startup Cost": 25166.05,
                        "Total Cost": 85651.04,
                        "Plan Rows": 54312,
                        "Plan Width": 8,
                        "Actual Startup Time": 91.141,
                        "Actual Total Time": 403.446,
                        "Actual Rows": 73466,
                        "Actual Loops": 2,
                        "Inner Unique": false,
                        "Hash Cond": "(t.id = mc.movie_id)",
                        "Plans": [
                          {
                            "Node Type": "Seq Scan",
                            "Parent Relationship": "Outer",
                            "Parallel Aware": true,
                            "Relation Name": "title",
                            "Alias": "t",
                            "Startup Cost": 0.0,
                            "Total Cost": 50870.31,
                            "Plan Rows": 1487231,
                            "Plan Width": 4,
                            "Actual Startup Time": 0.009,
                            "Actual Total Time": 128.718,
                            "Actual Rows": 1264156,
                            "Actual Loops": 2
                          },
                          {
                            "Node Type": "Hash",
                            "Parent Relationship": "Inner",
                            "Parallel Aware": true,
                            "Startup Cost": 24487.15,
                            "Total Cost": 24487.15,
                            "Plan Rows": 54312,
                            "Plan Width": 4,
                            "Actual Startup Time": 89.955,
                            "Actual Total Time": 89.956,
                            "Actual Rows": 73466,
                            "Actual Loops": 2,
                            "Hash Buckets": 262144,
                            "Original Hash Buckets": 131072,
                            "Hash Batches": 1,
                            "Original Hash Batches": 1,
                            "Peak Memory Usage": 8864,
                            "Plans": [
                              {
                                "Node Type": "Bitmap Heap Scan",
                                "Parent Relationship": "Outer",
                                "Parallel Aware": true,
                                "Relation Name": "movie_companies",
                                "Alias": "mc",
                                "Startup Cost": 4042.21,
                                "Total Cost": 24487.15,
                                "Plan Rows": 54312,
                                "Plan Width": 4,
                                "Actual Startup Time": 23.371,
                                "Actual Total Time": 65.498,
                                "Actual Rows": 73466,
                                "Actual Loops": 2,
                                "Recheck Cond": "(company_id < 49)",
                                "Rows Removed by Index Recheck": 0,
                                "Filter": "(company_type_id = 1)",
                                "Rows Removed by Filter": 19556,
                                "Exact Heap Blocks": 10369,
                                "Lossy Heap Blocks": 0,
                                "Plans": [
                                  {
                                    "Node Type": "Bitmap Index Scan",
                                    "Parent Relationship": "Outer",
                                    "Parallel Aware": false,
                                    "Index Name": "company_id_movie_companies",
                                    "Startup Cost": 0.0,
                                    "Total Cost": 4019.13,
                                    "Plan Rows": 187560,
                                    "Plan Width": 0,
                                    "Actual Startup Time": 22.434,
                                    "Actual Total Time": 22.434,
                                    "Actual Rows": 186044,
                                    "Actual Loops": 1,
                                    "Index Cond": "(company_id < 49)"
                                  }
                                ]
                              }
                            ]
                          }
                        ]
                      }
                    ]
                  }
                ]
              }
            ]
          }
        ]
      }
    ]
  },
  "Planning Time": 1.148,
  "Triggers": [],
  "Execution Time": 862.418
}