[
  {
    "Plan": {
      "Node Type": "Aggregate",
      "Strategy": "Plain",
      "Partial Mode": "Finalize",
      "Parallel Aware": false,
      "Startup Cost": 61492.44,
      "Total Cost": 61492.45,
      "Plan Rows": 1,
      "Plan Width": 8,
      "Actual Startup Time": 106.065,
      "Actual Total Time": 118.82,
      "Actual Rows": 1,
      "Actual Loops": 1,
      "Plans": [
        {
          "Node Type": "Gather",
          "Parent Relationship": "Outer",
          "Parallel Aware": false,
          "Startup Cost": 61492.02,
          "Total Cost": 61492.43,
          "Plan Rows": 4,
          "Plan Width": 8,
          "Actual Startup Time": 105.929,
          "Actual Total Time": 118.811,
          "Actual Rows": 5,
          "Actual Loops": 1,
          "Workers Planned": 4,
          "Workers Launched": 4,
          "Single Copy": false,
          "Plans": [
            {
              "Node Type": "Aggregate",
              "Strategy": "Plain",
              "Partial Mode": "Partial",
              "Parent Relationship": "Outer",
              "Parallel Aware": false,
              "Startup Cost": 60492.02,
              "Total Cost": 60492.03,
              "Plan Rows": 1,
              "Plan Width": 8,
              "Actual Startup Time": 96.064,
              "Actual Total Time": 96.066,
              "Actual Rows": 1,
              "Actual Loops": 5,
              "Plans": [
                {
                  "Node Type": "Nested Loop",
                  "Parent Relationship": "Outer",
                  "Parallel Aware": false,
                  "Join Type": "Inner",
                  "Startup Cost": 0.43,
                  "Total Cost": 60487.62,
                  "Plan Rows": 1762,
                  "Plan Width": 0,
                  "Actual Startup Time": 0.893,
                  "Actual Total Time": 95.966,
                  "Actual Rows": 861,
                  "Actual Loops": 5,
                  "Inner Unique": false,
                  "Plans": [
                    {
                      "Node Type": "Seq Scan",
                      "Parent Relationship": "Outer",
                      "Parallel Aware": true,
                      "Relation Name": "title",
                      "Alias": "t",
                      "Startup Cost": 0.0,
                      "Total Cost": 45479.1,
                      "Plan Rows": 3229,
                      "Plan Width": 4,
                      "Actual Startup Time": 0.175,
                      "Actual Total Time": 83.711,
                      "Actual Rows": 2372,
                      "Actual Loops": 5,
                      "Filter": "((kind_id > 4) AND (production_year = 1986))",
                      "Rows Removed by Filter": 503291
                    },
                    {
                      "Node Type": "Index Only Scan",
                      "Parent Relationship": "Inner",
                      "Parallel Aware": false,
                      "Scan Direction": "Forward",
                      "Index Name": "movie_id_movie_info_idx",
                      "Relation Name": "movie_info_idx",
                      "Alias": "mi_idx",
                      "Startup Cost": 0.43,
                      "Total Cost": 4.62,
                      "Plan Rows": 3,
                      "Plan Width": 4,
                      "Actual Startup Time": 0.005,
                      "Actual Total Time": 0.005,
                      "Actual Rows": 0,
                      "Actual Loops": 11859,
                      "Index Cond": "(movie_id = t.id)",
                      "Rows Removed by Index Recheck": 0,
                      "Heap Fetches": 4305
                    }
                  ]
                }
              ]
            }
          ]
        }
      ]
    },
    "Planning Time": 0.616,
    "Triggers": [],
    "Execution Time": 118.895
  }
]