[
  {
    "Plan": {
      "Node Type": "Aggregate",
      "Strategy": "Plain",
      "Partial Mode": "Finalize",
      "Parallel Aware": false,
      "Startup Cost": 20813.72,
      "Total Cost": 20813.73,
      "Plan Rows": 1,
      "Plan Width": 8,
      "Actual Startup Time": 45.375,
      "Actual Total Time": 51.376,
      "Actual Rows": 1,
      "Actual Loops": 1,
      "Plans": [
        {
          "Node Type": "Gather",
          "Parent Relationship": "Outer",
          "Parallel Aware": false,
          "Startup Cost": 20813.6,
          "Total Cost": 20813.71,
          "Plan Rows": 1,
          "Plan Width": 8,
          "Actual Startup Time": 45.176,
          "Actual Total Time": 51.369,
          "Actual Rows": 2,
          "Actual Loops": 1,
          "Workers Planned": 1,
          "Workers Launched": 1,
          "Single Copy": false,
          "Plans": [
            {
              "Node Type": "Aggregate",
              "Strategy": "Plain",
              "Partial Mode": "Partial",
              "Parent Relationship": "Outer",
              "Parallel Aware": false,
              "Startup Cost": 19813.6,
              "Total Cost": 19813.61,
              "Plan Rows": 1,
              "Plan Width": 8,
              "Actual Startup Time": 39.196,
              "Actual Total Time": 39.197,
              "Actual Rows": 1,
              "Actual Loops": 2,
              "Plans": [
                {
                  "Node Type": "Nested Loop",
                  "Parent Relationship": "Outer",
                  "Parallel Aware": false,
                  "Join Type": "Inner",
                  "Startup Cost": 55.49,
                  "Total Cost": 19810.79,
                  "Plan Rows": 1124,
                  "Plan Width": 0,
                  "Actual Startup Time": 1.625,
                  "Actual Total Time": 38.878,
                  "Actual Rows": 2125,
                  "Actual Loops": 2,
                  "Inner Unique": false,
                  "Plans": [
                    {
                      "Node Type": "Nested Loop",
                      "Parent Relationship": "Outer",
                      "Parallel Aware": false,
                      "Join Type": "Inner",
                      "Startup Cost": 55.06,
                      "Total Cost": 17494.81,
                      "Plan Rows": 1381,
                      "Plan Width": 8,
                      "Actual Startup Time": 1.474,
                      "Actual Total Time": 13.804,
                      "Actual Rows": 1260,
                      "Actual Loops": 2,
                      "Inner Unique": true,
                      "Plans": [
                        {
                          "Node Type": "Bitmap Heap Scan",
                          "Parent Relationship": "Outer",
                          "Parallel Aware": true,
                          "Relation Name": "movie_companies",
                          "Alias": "mc",
                          "Startup Cost": 54.63,
                          "Total Cost": 6638.12,
                          "Plan Rows": 1381,
                          "Plan Width": 4,
                          "Actual Startup Time": 1.34,
                          "Actual Total Time": 3.47,
                          "Actual Rows": 1260,
                          "Actual Loops": 2,
                          "Recheck Cond": "(company_id = 115)",
                          "Rows Removed by Index Recheck": 0,
                          "Exact Heap Blocks": 814,
                          "Lossy Heap Blocks": 0,
                          "Plans": [
                            {
                              "Node Type": "Bitmap Index Scan",
                              "Parent Relationship": "Outer",
                              "Parallel Aware": false,
                              "Index Name": "company_id_movie_companies",
                              "Startup Cost": 0.0,
                              "Total Cost": 54.04,
                              "Plan Rows": 2348,
                              "Plan Width": 0,
                              "Actual Startup Time": 2.084,
                              "Actual Total Time": 2.084,
                              "Actual Rows": 2519,
                              "Actual Loops": 1,
                              "Index Cond": "(company_id = 115)"
                            }
                          ]
                        },
                        {
                          "Node Type": "Index Only Scan",
                          "Parent Relationship": "Inner",
                          "Parallel Aware": false,
                          "Scan Direction": "Forward",
                          "Index Name": "title_pkey",
                          "Relation Name": "title",
                          "Alias": "t",
                          "Startup Cost": 0.43,
                          "Total Cost": 7.86,
                          "Plan Rows": 1,
                          "Plan Width": 4,
                          "Actual Startup Time": 0.008,
                          "Actual Total Time": 0.008,
                          "Actual Rows": 1,
                          "Actual Loops": 2519,
                          "Index Cond": "(id = mc.movie_id)",
                          "Rows Removed by Index Recheck": 0,
                          "Heap Fetches": 2519
                        }
                      ]
                    },
                    {
                      "Node Type": "Index Scan",
                      "Parent Relationship": "Inner",
                      "Parallel Aware": false,
                      "Scan Direction": "Forward",
                      "Index Name": "movie_id_movie_info",
                      "Relation Name": "movie_info",
                      "Alias": "mi",
                      "Startup Cost": 0.43,
                      "Total Cost": 1.62,
                      "Plan Rows": 6,
                      "Plan Width": 4,
                      "Actual Startup Time": 0.009,
                      "Actual Total Time": 0.019,
                      "Actual Rows": 2,
                      "Actual Loops": 2519,
                      "Index Cond": "(movie_id = t.id)",
                      "Rows Removed by Index Recheck": 0,
                      "Filter": "(info_type_id < 3)",
                      "Rows Removed by Filter": 11
                    }
                  ]
                }
              ]
            }
          ]
        }
      ]
    },
    "Planning Time": 1.444,
    "Triggers": [],
    "Execution Time": 51.468
  }
]