[
    {
        "Bao": {
            "Bao prediction": 502.254,
            "Bao recommended hint": "(no hint)"
        }
    },
    {
        "Plan": {
            "Node Type": "Aggregate",
            "Strategy": "Plain",
            "Partial Mode": "Finalize",
            "Parallel Aware": false,
            "Startup Cost": 336831.63,
            "Total Cost": 336831.64,
            "Plan Rows": 1,
            "Plan Width": 8,
            "Actual Startup Time": 916.748,
            "Actual Total Time": 948.407,
            "Actual Rows": 1,
            "Actual Loops": 1,
            "Output": [
                "count(*)"
            ],
            "Plans": [
                {
                    "Node Type": "Gather",
                    "Parent Relationship": "Outer",
                    "Parallel Aware": false,
                    "Startup Cost": 336831.01,
                    "Total Cost": 336831.62,
                    "Plan Rows": 6,
                    "Plan Width": 8,
                    "Actual Startup Time": 916.645,
                    "Actual Total Time": 948.398,
                    "Actual Rows": 7,
                    "Actual Loops": 1,
                    "Output": [
                        "(PARTIAL count(*))"
                    ],
                    "Workers Planned": 6,
                    "Workers Launched": 6,
                    "Single Copy": false,
                    "Plans": [
                        {
                            "Node Type": "Aggregate",
                            "Strategy": "Plain",
                            "Partial Mode": "Partial",
                            "Parent Relationship": "Outer",
                            "Parallel Aware": false,
                            "Startup Cost": 335831.01,
                            "Total Cost": 335831.02,
                            "Plan Rows": 1,
                            "Plan Width": 8,
                            "Actual Startup Time": 907.535,
                            "Actual Total Time": 907.536,
                            "Actual Rows": 1,
                            "Actual Loops": 7,
                            "Output": [
                                "PARTIAL count(*)"
                            ],
                            "Workers": [
                                {
                                    "Worker Number": 0,
                                    "Actual Startup Time": 905.658,
                                    "Actual Total Time": 905.659,
                                    "Actual Rows": 1,
                                    "Actual Loops": 1
                                },
                                {
                                    "Worker Number": 1,
                                    "Actual Startup Time": 905.842,
                                    "Actual Total Time": 905.843,
                                    "Actual Rows": 1,
                                    "Actual Loops": 1
                                },
                                {
                                    "Worker Number": 2,
                                    "Actual Startup Time": 906.142,
                                    "Actual Total Time": 906.144,
                                    "Actual Rows": 1,
                                    "Actual Loops": 1
                                },
                                {
                                    "Worker Number": 3,
                                    "Actual Startup Time": 906.203,
                                    "Actual Total Time": 906.204,
                                    "Actual Rows": 1,
                                    "Actual Loops": 1
                                },
                                {
                                    "Worker Number": 4,
                                    "Actual Startup Time": 906.368,
                                    "Actual Total Time": 906.37,
                                    "Actual Rows": 1,
                                    "Actual Loops": 1
                                },
                                {
                                    "Worker Number": 5,
                                    "Actual Startup Time": 906.672,
                                    "Actual Total Time": 906.673,
                                    "Actual Rows": 1,
                                    "Actual Loops": 1
                                }
                            ],
                            "Plans": [
                                {
                                    "Node Type": "Seq Scan",
                                    "Parent Relationship": "Outer",
                                    "Parallel Aware": true,
                                    "Relation Name": "cast_info",
                                    "Schema": "public",
                                    "Alias": "ci",
                                    "Startup Cost": 0.0,
                                    "Total Cost": 328213.62,
                                    "Plan Rows": 3046956,
                                    "Plan Width": 0,
                                    "Actual Startup Time": 235.991,
                                    "Actual Total Time": 737.031,
                                    "Actual Rows": 2624235,
                                    "Actual Loops": 7,
                                    "Output": [
                                        "id",
                                        "person_id",
                                        "movie_id",
                                        "person_role_id",
                                        "note",
                                        "nr_order",
                                        "role_id"
                                    ],
                                    "Filter": "(ci.person_id > 1771560)",
                                    "Rows Removed by Filter": 2553529,
                                    "Workers": [
                                        {
                                            "Worker Number": 0,
                                            "Actual Startup Time": 234.113,
                                            "Actual Total Time": 738.042,
                                            "Actual Rows": 2544608,
                                            "Actual Loops": 1
                                        },
                                        {
                                            "Worker Number": 1,
                                            "Actual Startup Time": 234.294,
                                            "Actual Total Time": 737.655,
                                            "Actual Rows": 2549210,
                                            "Actual Loops": 1
                                        },
                                        {
                                            "Worker Number": 2,
                                            "Actual Startup Time": 234.61,
                                            "Actual Total Time": 738.009,
                                            "Actual Rows": 2521704,
                                            "Actual Loops": 1
                                        },
                                        {
                                            "Worker Number": 3,
                                            "Actual Startup Time": 234.671,
                                            "Actual Total Time": 738.539,
                                            "Actual Rows": 2549748,
                                            "Actual Loops": 1
                                        },
                                        {
                                            "Worker Number": 4,
                                            "Actual Startup Time": 234.817,
                                            "Actual Total Time": 738.217,
                                            "Actual Rows": 2548558,
                                            "Actual Loops": 1
                                        },
                                        {
                                            "Worker Number": 5,
                                            "Actual Startup Time": 235.111,
                                            "Actual Total Time": 741.797,
                                            "Actual Rows": 2502438,
                                            "Actual Loops": 1
                                        }
                                    ]
                                }
                            ]
                        }
                    ]
                }
            ]
        },
        "Planning Time": 1494.415,
        "Triggers": [],
        "Execution Time": 948.497
    }
]