[
  {
    "Plan": {
      "Node Type": "Aggregate",
      "Strategy": "Plain",
      "Partial Mode": "Finalize",
      "Parallel Aware": false,
      "Startup Cost": 336269.66,
      "Total Cost": 336269.67,
      "Plan Rows": 1,
      "Plan Width": 8,
      "Actual Startup Time": 691.606,
      "Actual Total Time": 746.721,
      "Actual Rows": 1,
      "Actual Loops": 1,
      "Plans": [
        {
          "Node Type": "Gather",
          "Parent Relationship": "Outer",
          "Parallel Aware": false,
          "Startup Cost": 336269.04,
          "Total Cost": 336269.65,
          "Plan Rows": 6,
          "Plan Width": 8,
          "Actual Startup Time": 691.474,
          "Actual Total Time": 746.709,
          "Actual Rows": 7,
          "Actual Loops": 1,
          "Workers Planned": 6,
          "Workers Launched": 6,
          "Single Copy": false,
          "Plans": [
            {
              "Node Type": "Aggregate",
              "Strategy": "Plain",
              "Partial Mode": "Partial",
              "Parent Relationship": "Outer",
              "Parallel Aware": false,
              "Startup Cost": 335269.04,
              "Total Cost": 335269.05,
              "Plan Rows": 1,
              "Plan Width": 8,
              "Actual Startup Time": 681.313,
              "Actual Total Time": 681.314,
              "Actual Rows": 1,
              "Actual Loops": 7,
              "Plans": [
                {
                  "Node Type": "Seq Scan",
                  "Parent Relationship": "Outer",
                  "Parallel Aware": true,
                  "Relation Name": "cast_info",
                  "Alias": "ci",
                  "Startup Cost": 0.0,
                  "Total Cost": 328162.03,
                  "Plan Rows": 2842805,
                  "Plan Width": 0,
                  "Actual Startup Time": 0.052,
                  "Actual Total Time": 567.935,
                  "Actual Rows": 2446083,
                  "Actual Loops": 7,
                  "Filter": "(person_id < 1691780)",
                  "Rows Removed by Filter": 2731681
                }
              ]
            }
          ]
        }
      ]
    },
    "Planning Time": 0.177,
    "Triggers": [],
    "Execution Time": 746.787
  }
]