[
  {
    "Plan": {
      "Node Type": "Aggregate",
      "Strategy": "Plain",
      "Partial Mode": "Finalize",
      "Parallel Aware": false,
      "Startup Cost": 46539.07,
      "Total Cost": 46539.08,
      "Plan Rows": 1,
      "Plan Width": 8,
      "Actual Startup Time": 236.122,
      "Actual Total Time": 249.638,
      "Actual Rows": 1,
      "Actual Loops": 1,
      "Plans": [
        {
          "Node Type": "Gather",
          "Parent Relationship": "Outer",
          "Parallel Aware": false,
          "Startup Cost": 46538.75,
          "Total Cost": 46539.06,
          "Plan Rows": 3,
          "Plan Width": 8,
          "Actual Startup Time": 235.964,
          "Actual Total Time": 249.628,
          "Actual Rows": 4,
          "Actual Loops": 1,
          "Workers Planned": 3,
          "Workers Launched": 3,
          "Single Copy": false,
          "Plans": [
            {
              "Node Type": "Aggregate",
              "Strategy": "Plain",
              "Partial Mode": "Partial",
              "Parent Relationship": "Outer",
              "Parallel Aware": false,
              "Startup Cost": 45538.75,
              "Total Cost": 45538.76,
              "Plan Rows": 1,
              "Plan Width": 8,
              "Actual Startup Time": 227.178,
              "Actual Total Time": 227.179,
              "Actual Rows": 1,
              "Actual Loops": 4,
              "Plans": [
                {
                  "Node Type": "Seq Scan",
                  "Parent Relationship": "Outer",
                  "Parallel Aware": true,
                  "Relation Name": "movie_keyword",
                  "Alias": "mk",
                  "Startup Cost": 0.0,
                  "Total Cost": 42695.65,
                  "Plan Rows": 1137240,
                  "Plan Width": 0,
                  "Actual Startup Time": 0.063,
                  "Actual Total Time": 170.395,
                  "Actual Rows": 883127,
                  "Actual Loops": 4,
                  "Filter": "(keyword_id < 18655)",
                  "Rows Removed by Filter": 247856
                }
              ]
            }
          ]
        }
      ]
    },
    "Planning Time": 0.186,
    "Triggers": [],
    "Execution Time": 249.698
  }
]