[
  {
    "Plan": {
      "Node Type": "Aggregate",
      "Strategy": "Plain",
      "Partial Mode": "Finalize",
      "Parallel Aware": false,
      "Startup Cost": 32867.77,
      "Total Cost": 32867.78,
      "Plan Rows": 1,
      "Plan Width": 8,
      "Actual Startup Time": 89.479,
      "Actual Total Time": 95.748,
      "Actual Rows": 1,
      "Actual Loops": 1,
      "Plans": [
        {
          "Node Type": "Gather",
          "Parent Relationship": "Outer",
          "Parallel Aware": false,
          "Startup Cost": 32867.45,
          "Total Cost": 32867.76,
          "Plan Rows": 3,
          "Plan Width": 8,
          "Actual Startup Time": 89.326,
          "Actual Total Time": 95.737,
          "Actual Rows": 4,
          "Actual Loops": 1,
          "Workers Planned": 3,
          "Workers Launched": 3,
          "Single Copy": false,
          "Plans": [
            {
              "Node Type": "Aggregate",
              "Strategy": "Plain",
              "Partial Mode": "Partial",
              "Parent Relationship": "Outer",
              "Parallel Aware": false,
              "Startup Cost": 31867.45,
              "Total Cost": 31867.46,
              "Plan Rows": 1,
              "Plan Width": 8,
              "Actual Startup Time": 82.139,
              "Actual Total Time": 82.14,
              "Actual Rows": 1,
              "Actual Loops": 4,
              "Plans": [
                {
                  "Node Type": "Seq Scan",
                  "Parent Relationship": "Outer",
                  "Parallel Aware": true,
                  "Relation Name": "movie_companies",
                  "Alias": "mc",
                  "Startup Cost": 0.0,
                  "Total Cost": 31414.82,
                  "Plan Rows": 181054,
                  "Plan Width": 0,
                  "Actual Startup Time": 22.684,
                  "Actual Total Time": 78.385,
                  "Actual Rows": 69133,
                  "Actual Loops": 4,
                  "Filter": "((company_id > 13270) AND (company_type_id < 2))",
                  "Rows Removed by Filter": 583149
                }
              ]
            }
          ]
        }
      ]
    },
    "Planning Time": 0.246,
    "Triggers": [],
    "Execution Time": 95.813
  }
]