{
  "Plan": {
    "Node Type": "Aggregate",
    "Strategy": "Plain",
    "Partial Mode": "Finalize",
    "Parallel Aware": false,
    "Startup Cost": 352030.75,
    "Total Cost": 352030.76,
    "Plan Rows": 1,
    "Plan Width": 8,
    "Actual Startup Time": 1936.942,
    "Actual Total Time": 1985.645,
    "Actual Rows": 1,
    "Actual Loops": 1,
    "Plans": [
      {
        "Node Type": "Gather",
        "Parent Relationship": "Outer",
        "Parallel Aware": false,
        "Startup Cost": 352030.64,
        "Total Cost": 352030.75,
        "Plan Rows": 1,
        "Plan Width": 8,
        "Actual Startup Time": 1933.682,
        "Actual Total Time": 1985.638,
        "Actual Rows": 2,
        "Actual Loops": 1,
        "Workers Planned": 1,
        "Workers Launched": 1,
        "Single Copy": false,
        "Plans": [
          {
            "Node Type": "Aggregate",
            "Strategy": "Plain",
            "Partial Mode": "Partial",
            "Parent Relationship": "Outer",
            "Parallel Aware": false,
            "Startup Cost": 351030.64,
            "Total Cost": 351030.65,
            "Plan Rows": 1,
            "Plan Width": 8,
            "Actual Startup Time": 1926.208,
            "Actual Total Time": 1926.212,
            "Actual Rows": 1,
            "Actual Loops": 2,
            "Plans": [
              {
                "Node Type": "Hash Join",
                "Parent Relationship": "Outer",
                "Parallel Aware": true,
                "Join Type": "Inner",
                "Startup Cost": 66865.64,
                "Total Cost": 345830.27,
                "Plan Rows": 2080148,
                "Plan Width": 0,
                "Actual Startup Time": 398.523,
                "Actual Total Time": 1850.866,
                "Actual Rows": 1934582,
                "Actual Loops": 2,
                "Inner Unique": true,
                "Hash Cond": "(mi.movie_id = t.id)",
                "Plans": [
                  {
                    "Node Type": "Seq Scan",
                    "Parent Relationship": "Outer",
                    "Parallel Aware": true,
                    "Relation Name": "movie_info",
                    "Alias": "mi",
                    "Startup Cost": 0.0,
                    "Total Cost": 270696.42,
                    "Plan Rows": 3149790,
                    "Plan Width": 4,
                    "Actual Startup Time": 0.016,
                    "Actual Total Time": 722.895,
                    "Actual Rows": 2705260,
                    "Actual Loops": 2,
                    "Filter": "(info_type_id < 6)",
                    "Rows Removed by Filter": 4712600
                  },
                  {
                    "Node Type": "Hash",
                    "Parent Relationship": "Inner",
                    "Parallel Aware": true,
                    "Startup Cost": 54588.39,
                    "Total Cost": 54588.39,
                    "Plan Rows": 982180,
                    "Plan Width": 4,
                    "Actual Startup Time": 384.144,
                    "Actual Total Time": 384.145,
                    "Actual Rows": 835646,
                    "Actual Loops": 2,
                    "Hash Buckets": 2097152,
                    "Original Hash Buckets": 2097152,
                    "Hash Batches": 1,
                    "Original Hash Batches": 1,
                    "Peak Memory Usage": 81792,
                    "Plans": [
                      {
                        "Node Type": "Seq Scan",
                        "Parent Relationship": "Outer",
                        "Parallel Aware": true,
                        "Relation Name": "title",
                        "Alias": "t",
                        "Startup Cost": 0.0,
                        "Total Cost": 54588.39,
                        "Plan Rows": 982180,
                        "Plan Width": 4,
                        "Actual Startup Time": 0.026,
                        "Actual Total Time": 171.11,
                        "Actual Rows": 835646,
                        "Actual Loops": 2,
                        "Filter": "(production_year < 2008)",
                        "Rows Removed by Filter": 428510
                      }
                    ]
                  }
                ]
              }
            ]
          }
        ]
      }
    ]
  },
  "Planning Time": 0.615,
  "Triggers": [],
  "Execution Time": 1985.71
}