[
  {
    "Plan": {
      "Node Type": "Aggregate",
      "Strategy": "Plain",
      "Partial Mode": "Finalize",
      "Parallel Aware": false,
      "Startup Cost": 15766.53,
      "Total Cost": 15766.54,
      "Plan Rows": 1,
      "Plan Width": 8,
      "Actual Startup Time": 6.155,
      "Actual Total Time": 7.243,
      "Actual Rows": 1,
      "Actual Loops": 1,
      "Plans": [
        {
          "Node Type": "Gather",
          "Parent Relationship": "Outer",
          "Parallel Aware": false,
          "Startup Cost": 15766.42,
          "Total Cost": 15766.53,
          "Plan Rows": 1,
          "Plan Width": 8,
          "Actual Startup Time": 5.915,
          "Actual Total Time": 7.235,
          "Actual Rows": 2,
          "Actual Loops": 1,
          "Workers Planned": 1,
          "Workers Launched": 1,
          "Single Copy": false,
          "Plans": [
            {
              "Node Type": "Aggregate",
              "Strategy": "Plain",
              "Partial Mode": "Partial",
              "Parent Relationship": "Outer",
              "Parallel Aware": false,
              "Startup Cost": 14766.42,
              "Total Cost": 14766.43,
              "Plan Rows": 1,
              "Plan Width": 8,
              "Actual Startup Time": 3.742,
              "Actual Total Time": 3.744,
              "Actual Rows": 1,
              "Actual Loops": 2,
              "Plans": [
                {
                  "Node Type": "Nested Loop",
                  "Parent Relationship": "Outer",
                  "Parallel Aware": false,
                  "Join Type": "Inner",
                  "Startup Cost": 62.52,
                  "Total Cost": 14765.28,
                  "Plan Rows": 456,
                  "Plan Width": 0,
                  "Actual Startup Time": 3.735,
                  "Actual Total Time": 3.739,
                  "Actual Rows": 2,
                  "Actual Loops": 2,
                  "Inner Unique": false,
                  "Plans": [
                    {
                      "Node Type": "Nested Loop",
                      "Parent Relationship": "Outer",
                      "Parallel Aware": false,
                      "Join Type": "Inner",
                      "Startup Cost": 62.09,
                      "Total Cost": 14320.17,
                      "Plan Rows": 836,
                      "Plan Width": 8,
                      "Actual Startup Time": 3.691,
                      "Actual Total Time": 3.693,
                      "Actual Rows": 1,
                      "Actual Loops": 2,
                      "Inner Unique": true,
                      "Plans": [
                        {
                          "Node Type": "Bitmap Heap Scan",
                          "Parent Relationship": "Outer",
                          "Parallel Aware": true,
                          "Relation Name": "movie_companies",
                          "Alias": "mc",
                          "Startup Cost": 61.66,
                          "Total Cost": 7566.13,
                          "Plan Rows": 836,
                          "Plan Width": 4,
                          "Actual Startup Time": 3.618,
                          "Actual Total Time": 3.619,
                          "Actual Rows": 1,
                          "Actual Loops": 2,
                          "Recheck Cond": "(company_id = 428)",
                          "Rows Removed by Index Recheck": 0,
                          "Filter": "(company_type_id > 1)",
                          "Rows Removed by Filter": 1714,
                          "Exact Heap Blocks": 959,
                          "Lossy Heap Blocks": 0,
                          "Plans": [
                            {
                              "Node Type": "Bitmap Index Scan",
                              "Parent Relationship": "Outer",
                              "Parallel Aware": false,
                              "Index Name": "company_id_movie_companies",
                              "Startup Cost": 0.0,
                              "Total Cost": 61.3,
                              "Plan Rows": 2783,
                              "Plan Width": 0,
                              "Actual Startup Time": 2.146,
                              "Actual Total Time": 2.146,
                              "Actual Rows": 3430,
                              "Actual Loops": 1,
                              "Index Cond": "(company_id = 428)"
                            }
                          ]
                        },
                        {
                          "Node Type": "Index Only Scan",
                          "Parent Relationship": "Inner",
                          "Parallel Aware": false,
                          "Scan Direction": "Forward",
                          "Index Name": "title_pkey",
                          "Relation Name": "title",
                          "Alias": "t",
                          "Startup Cost": 0.43,
                          "Total Cost": 8.08,
                          "Plan Rows": 1,
                          "Plan Width": 4,
                          "Actual Startup Time": 0.067,
                          "Actual Total Time": 0.067,
                          "Actual Rows": 1,
                          "Actual Loops": 2,
                          "Index Cond": "(id = mc.movie_id)",
                          "Rows Removed by Index Recheck": 0,
                          "Heap Fetches": 2
                        }
                      ]
                    },
                    {
                      "Node Type": "Index Only Scan",
                      "Parent Relationship": "Inner",
                      "Parallel Aware": false,
                      "Scan Direction": "Forward",
                      "Index Name": "movie_id_movie_info_idx",
                      "Relation Name": "movie_info_idx",
                      "Alias": "mi_idx",
                      "Startup Cost": 0.43,
                      "Total Cost": 0.5,
                      "Plan Rows": 3,
                      "Plan Width": 4,
                      "Actual Startup Time": 0.042,
                      "Actual Total Time": 0.044,
                      "Actual Rows": 2,
                      "Actual Loops": 2,
                      "Index Cond": "(movie_id = t.id)",
                      "Rows Removed by Index Recheck": 0,
                      "Heap Fetches": 3
                    }
                  ]
                }
              ]
            }
          ]
        }
      ]
    },
    "Planning Time": 0.921,
    "Triggers": [],
    "Execution Time": 7.316
  }
]