{
  "Plan": {
    "Node Type": "Aggregate",
    "Strategy": "Plain",
    "Partial Mode": "Finalize",
    "Parallel Aware": false,
    "Startup Cost": 120672.32,
    "Total Cost": 120672.33,
    "Plan Rows": 1,
    "Plan Width": 8,
    "Actual Startup Time": 563.579,
    "Actual Total Time": 577.84,
    "Actual Rows": 1,
    "Actual Loops": 1,
    "Plans": [
      {
        "Node Type": "Gather",
        "Parent Relationship": "Outer",
        "Parallel Aware": false,
        "Startup Cost": 120672.2,
        "Total Cost": 120672.31,
        "Plan Rows": 1,
        "Plan Width": 8,
        "Actual Startup Time": 562.82,
        "Actual Total Time": 577.833,
        "Actual Rows": 2,
        "Actual Loops": 1,
        "Workers Planned": 1,
        "Workers Launched": 1,
        "Single Copy": false,
        "Plans": [
          {
            "Node Type": "Aggregate",
            "Strategy": "Plain",
            "Partial Mode": "Partial",
            "Parent Relationship": "Outer",
            "Parallel Aware": false,
            "Startup Cost": 119672.2,
            "Total Cost": 119672.21,
            "Plan Rows": 1,
            "Plan Width": 8,
            "Actual Startup Time": 557.105,
            "Actual Total Time": 557.109,
            "Actual Rows": 1,
            "Actual Loops": 2,
            "Plans": [
              {
                "Node Type": "Hash Join",
                "Parent Relationship": "Outer",
                "Parallel Aware": true,
                "Join Type": "Inner",
                "Startup Cost": 57305.21,
                "Total Cost": 119104.23,
                "Plan Rows": 227191,
                "Plan Width": 0,
                "Actual Startup Time": 213.816,
                "Actual Total Time": 546.298,
                "Actual Rows": 279208,
                "Actual Loops": 2,
                "Inner Unique": true,
                "Hash Cond": "(mk.movie_id = t.id)",
                "Plans": [
                  {
                    "Node Type": "Seq Scan",
                    "Parent Relationship": "Outer",
                    "Parallel Aware": true,
                    "Relation Name": "movie_keyword",
                    "Alias": "mk",
                    "Startup Cost": 0.0,
                    "Total Cost": 57718.19,
                    "Plan Rows": 1554594,
                    "Plan Width": 4,
                    "Actual Startup Time": 0.029,
                    "Actual Total Time": 194.418,
                    "Actual Rows": 1318354,
                    "Actual Loops": 2,
                    "Filter": "(keyword_id < 7263)",
                    "Rows Removed by Filter": 943610
                  },
                  {
                    "Node Type": "Hash",
                    "Parent Relationship": "Inner",
                    "Parallel Aware": true,
                    "Startup Cost": 54588.39,
                    "Total Cost": 54588.39,
                    "Plan Rows": 217346,
                    "Plan Width": 4,
                    "Actual Startup Time": 207.846,
                    "Actual Total Time": 207.847,
                    "Actual Rows": 190715,
                    "Actual Loops": 2,
                    "Hash Buckets": 524288,
                    "Original Hash Buckets": 524288,
                    "Hash Batches": 1,
                    "Original Hash Batches": 1,
                    "Peak Memory Usage": 19040,
                    "Plans": [
                      {
                        "Node Type": "Seq Scan",
                        "Parent Relationship": "Outer",
                        "Parallel Aware": true,
                        "Relation Name": "title",
                        "Alias": "t",
                        "Startup Cost": 0.0,
                        "Total Cost": 54588.39,
                        "Plan Rows": 217346,
                        "Plan Width": 4,
                        "Actual Startup Time": 0.031,
                        "Actual Total Time": 150.367,
                        "Actual Rows": 190715,
                        "Actual Loops": 2,
                        "Filter": "(production_year < 1971)",
                        "Rows Removed by Filter": 1073441
                      }
                    ]
                  }
                ]
              }
            ]
          }
        ]
      }
    ]
  },
  "Planning Time": 0.435,
  "Triggers": [],
  "Execution Time": 577.909
}