[
  {
    "Plan": {
      "Node Type": "Aggregate",
      "Strategy": "Plain",
      "Partial Mode": "Finalize",
      "Parallel Aware": false,
      "Startup Cost": 60536.23,
      "Total Cost": 60536.24,
      "Plan Rows": 1,
      "Plan Width": 8,
      "Actual Startup Time": 237.642,
      "Actual Total Time": 255.634,
      "Actual Rows": 1,
      "Actual Loops": 1,
      "Plans": [
        {
          "Node Type": "Gather",
          "Parent Relationship": "Outer",
          "Parallel Aware": false,
          "Startup Cost": 60536.01,
          "Total Cost": 60536.22,
          "Plan Rows": 2,
          "Plan Width": 8,
          "Actual Startup Time": 236.635,
          "Actual Total Time": 255.627,
          "Actual Rows": 3,
          "Actual Loops": 1,
          "Workers Planned": 2,
          "Workers Launched": 2,
          "Single Copy": false,
          "Plans": [
            {
              "Node Type": "Aggregate",
              "Strategy": "Plain",
              "Partial Mode": "Partial",
              "Parent Relationship": "Outer",
              "Parallel Aware": false,
              "Startup Cost": 59536.01,
              "Total Cost": 59536.02,
              "Plan Rows": 1,
              "Plan Width": 8,
              "Actual Startup Time": 233.511,
              "Actual Total Time": 233.515,
              "Actual Rows": 1,
              "Actual Loops": 3,
              "Plans": [
                {
                  "Node Type": "Hash Join",
                  "Parent Relationship": "Outer",
                  "Parallel Aware": true,
                  "Join Type": "Inner",
                  "Startup Cost": 44273.4,
                  "Total Cost": 59467.96,
                  "Plan Rows": 27222,
                  "Plan Width": 0,
                  "Actual Startup Time": 167.349,
                  "Actual Total Time": 232.649,
                  "Actual Rows": 14079,
                  "Actual Loops": 3,
                  "Inner Unique": true,
                  "Hash Cond": "(mi_idx.movie_id = t.id)",
                  "Plans": [
                    {
                      "Node Type": "Seq Scan",
                      "Parent Relationship": "Outer",
                      "Parallel Aware": true,
                      "Relation Name": "movie_info_idx",
                      "Alias": "mi_idx",
                      "Startup Cost": 0.0,
                      "Total Cost": 13685.15,
                      "Plan Rows": 575015,
                      "Plan Width": 4,
                      "Actual Startup Time": 0.017,
                      "Actual Total Time": 48.347,
                      "Actual Rows": 460012,
                      "Actual Loops": 3
                    },
                    {
                      "Node Type": "Hash",
                      "Parent Relationship": "Inner",
                      "Parallel Aware": true,
                      "Startup Cost": 43899.32,
                      "Total Cost": 43899.32,
                      "Plan Rows": 29926,
                      "Plan Width": 4,
                      "Actual Startup Time": 122.125,
                      "Actual Total Time": 122.126,
                      "Actual Rows": 43442,
                      "Actual Loops": 3,
                      "Hash Buckets": 131072,
                      "Original Hash Buckets": 131072,
                      "Hash Batches": 1,
                      "Original Hash Batches": 1,
                      "Peak Memory Usage": 6176,
                      "Plans": [
                        {
                          "Node Type": "Seq Scan",
                          "Parent Relationship": "Outer",
                          "Parallel Aware": true,
                          "Relation Name": "title",
                          "Alias": "t",
                          "Startup Cost": 0.0,
                          "Total Cost": 43899.32,
                          "Plan Rows": 29926,
                          "Plan Width": 4,
                          "Actual Startup Time": 43.19,
                          "Actual Total Time": 110.08,
                          "Actual Rows": 43442,
                          "Actual Loops": 3,
                          "Filter": "(production_year < 1936)",
                          "Rows Removed by Filter": 799329
                        }
                      ]
                    }
                  ]
                }
              ]
            }
          ]
        }
      ]
    },
    "Planning Time": 0.205,
    "Triggers": [],
    "Execution Time": 255.677
  }
]