[
  {
    "Plan": {
      "Node Type": "Aggregate",
      "Strategy": "Plain",
      "Partial Mode": "Finalize",
      "Parallel Aware": false,
      "Startup Cost": 334960.9,
      "Total Cost": 334960.91,
      "Plan Rows": 1,
      "Plan Width": 8,
      "Actual Startup Time": 682.746,
      "Actual Total Time": 742.511,
      "Actual Rows": 1,
      "Actual Loops": 1,
      "Plans": [
        {
          "Node Type": "Gather",
          "Parent Relationship": "Outer",
          "Parallel Aware": false,
          "Startup Cost": 334960.28,
          "Total Cost": 334960.89,
          "Plan Rows": 6,
          "Plan Width": 8,
          "Actual Startup Time": 682.6,
          "Actual Total Time": 742.501,
          "Actual Rows": 7,
          "Actual Loops": 1,
          "Workers Planned": 6,
          "Workers Launched": 6,
          "Single Copy": false,
          "Plans": [
            {
              "Node Type": "Aggregate",
              "Strategy": "Plain",
              "Partial Mode": "Partial",
              "Parent Relationship": "Outer",
              "Parallel Aware": false,
              "Startup Cost": 333960.28,
              "Total Cost": 333960.29,
              "Plan Rows": 1,
              "Plan Width": 8,
              "Actual Startup Time": 672.265,
              "Actual Total Time": 672.267,
              "Actual Rows": 1,
              "Actual Loops": 7,
              "Plans": [
                {
                  "Node Type": "Seq Scan",
                  "Parent Relationship": "Outer",
                  "Parallel Aware": true,
                  "Relation Name": "cast_info",
                  "Alias": "ci",
                  "Startup Cost": 0.0,
                  "Total Cost": 328162.03,
                  "Plan Rows": 2319300,
                  "Plan Width": 0,
                  "Actual Startup Time": 0.049,
                  "Actual Total Time": 579.73,
                  "Actual Rows": 1989774,
                  "Actual Loops": 7,
                  "Filter": "(person_id < 1372541)",
                  "Rows Removed by Filter": 3187989
                }
              ]
            }
          ]
        }
      ]
    },
    "Planning Time": 0.181,
    "Triggers": [],
    "Execution Time": 742.579
  }
]