[
  {
    "Plan": {
      "Node Type": "Aggregate",
      "Strategy": "Plain",
      "Partial Mode": "Finalize",
      "Parallel Aware": false,
      "Startup Cost": 354077.82,
      "Total Cost": 354077.83,
      "Plan Rows": 1,
      "Plan Width": 8,
      "Actual Startup Time": 795.595,
      "Actual Total Time": 855.686,
      "Actual Rows": 1,
      "Actual Loops": 1,
      "Plans": [
        {
          "Node Type": "Gather",
          "Parent Relationship": "Outer",
          "Parallel Aware": false,
          "Startup Cost": 354077.2,
          "Total Cost": 354077.81,
          "Plan Rows": 6,
          "Plan Width": 8,
          "Actual Startup Time": 795.474,
          "Actual Total Time": 855.675,
          "Actual Rows": 7,
          "Actual Loops": 1,
          "Workers Planned": 6,
          "Workers Launched": 6,
          "Single Copy": false,
          "Plans": [
            {
              "Node Type": "Aggregate",
              "Strategy": "Plain",
              "Partial Mode": "Partial",
              "Parent Relationship": "Outer",
              "Parallel Aware": false,
              "Startup Cost": 353077.2,
              "Total Cost": 353077.21,
              "Plan Rows": 1,
              "Plan Width": 8,
              "Actual Startup Time": 786.098,
              "Actual Total Time": 786.099,
              "Actual Rows": 1,
              "Actual Loops": 7,
              "Plans": [
                {
                  "Node Type": "Seq Scan",
                  "Parent Relationship": "Outer",
                  "Parallel Aware": true,
                  "Relation Name": "cast_info",
                  "Alias": "ci",
                  "Startup Cost": 0.0,
                  "Total Cost": 343257.03,
                  "Plan Rows": 3928068,
                  "Plan Width": 0,
                  "Actual Startup Time": 209.986,
                  "Actual Total Time": 656.039,
                  "Actual Rows": 3327279,
                  "Actual Loops": 7,
                  "Filter": "((person_id < 4011455) AND (role_id > 1))",
                  "Rows Removed by Filter": 1850484
                }
              ]
            }
          ]
        }
      ]
    },
    "Planning Time": 0.413,
    "Triggers": [],
    "Execution Time": 855.76
  }
]