[
  {
    "Plan": {
      "Node Type": "Aggregate",
      "Strategy": "Plain",
      "Partial Mode": "Finalize",
      "Parallel Aware": false,
      "Startup Cost": 356944.99,
      "Total Cost": 356945.0,
      "Plan Rows": 1,
      "Plan Width": 8,
      "Actual Startup Time": 1019.263,
      "Actual Total Time": 1063.432,
      "Actual Rows": 1,
      "Actual Loops": 1,
      "Plans": [
        {
          "Node Type": "Gather",
          "Parent Relationship": "Outer",
          "Parallel Aware": false,
          "Startup Cost": 356944.36,
          "Total Cost": 356944.97,
          "Plan Rows": 6,
          "Plan Width": 8,
          "Actual Startup Time": 1019.083,
          "Actual Total Time": 1063.418,
          "Actual Rows": 7,
          "Actual Loops": 1,
          "Workers Planned": 6,
          "Workers Launched": 6,
          "Single Copy": false,
          "Plans": [
            {
              "Node Type": "Aggregate",
              "Strategy": "Plain",
              "Partial Mode": "Partial",
              "Parent Relationship": "Outer",
              "Parallel Aware": false,
              "Startup Cost": 355944.36,
              "Total Cost": 355944.37,
              "Plan Rows": 1,
              "Plan Width": 8,
              "Actual Startup Time": 1011.461,
              "Actual Total Time": 1011.464,
              "Actual Rows": 1,
              "Actual Loops": 7,
              "Plans": [
                {
                  "Node Type": "Seq Scan",
                  "Parent Relationship": "Outer",
                  "Parallel Aware": true,
                  "Relation Name": "cast_info",
                  "Alias": "ci",
                  "Startup Cost": 0.0,
                  "Total Cost": 343316.27,
                  "Plan Rows": 5051236,
                  "Plan Width": 0,
                  "Actual Startup Time": 0.051,
                  "Actual Total Time": 779.464,
                  "Actual Rows": 4515030,
                  "Actual Loops": 7,
                  "Filter": "((person_id < 3786734) AND (role_id < 10))",
                  "Rows Removed by Filter": 662734
                }
              ]
            }
          ]
        }
      ]
    },
    "Planning Time": 0.128,
    "Triggers": [],
    "Execution Time": 1063.48
  }
]