{
    "Plan": {
        "Node Type": "Aggregate",
        "Strategy": "Plain",
        "Partial Mode": "Finalize",
        "Parallel Aware": false,
        "Startup Cost": 725770.12,
        "Total Cost": 725770.13,
        "Plan Rows": 1,
        "Plan Width": 8,
        "Actual Startup Time": 14064.56,
        "Actual Total Time": 14159.346,
        "Actual Rows": 1,
        "Actual Loops": 1,
        "Output": [
            "count(*)"
        ],
        "Plans": [
            {
                "Node Type": "Gather",
                "Parent Relationship": "Outer",
                "Parallel Aware": false,
                "Startup Cost": 725769.5,
                "Total Cost": 725770.11,
                "Plan Rows": 6,
                "Plan Width": 8,
                "Actual Startup Time": 13996.73,
                "Actual Total Time": 14159.328,
                "Actual Rows": 7,
                "Actual Loops": 1,
                "Output": [
                    "(PARTIAL count(*))"
                ],
                "Workers Planned": 6,
                "Workers Launched": 6,
                "Single Copy": false,
                "Plans": [
                    {
                        "Node Type": "Aggregate",
                        "Strategy": "Plain",
                        "Partial Mode": "Partial",
                        "Parent Relationship": "Outer",
                        "Parallel Aware": false,
                        "Startup Cost": 724769.5,
                        "Total Cost": 724769.51,
                        "Plan Rows": 1,
                        "Plan Width": 8,
                        "Actual Startup Time": 13903.638,
                        "Actual Total Time": 13904.692,
                        "Actual Rows": 1,
                        "Actual Loops": 7,
                        "Output": [
                            "PARTIAL count(*)"
                        ],
                        "Workers": [
                            {
                                "Worker Number": 0,
                                "Actual Startup Time": 13893.585,
                                "Actual Total Time": 13893.589,
                                "Actual Rows": 1,
                                "Actual Loops": 1
                            },
                            {
                                "Worker Number": 1,
                                "Actual Startup Time": 13886.905,
                                "Actual Total Time": 13886.91,
                                "Actual Rows": 1,
                                "Actual Loops": 1
                            },
                            {
                                "Worker Number": 2,
                                "Actual Startup Time": 13887.332,
                                "Actual Total Time": 13887.337,
                                "Actual Rows": 1,
                                "Actual Loops": 1
                            },
                            {
                                "Worker Number": 3,
                                "Actual Startup Time": 13887.35,
                                "Actual Total Time": 13887.354,
                                "Actual Rows": 1,
                                "Actual Loops": 1
                            },
                            {
                                "Worker Number": 4,
                                "Actual Startup Time": 13887.492,
                                "Actual Total Time": 13887.495,
                                "Actual Rows": 1,
                                "Actual Loops": 1
                            },
                            {
                                "Worker Number": 5,
                                "Actual Startup Time": 13887.203,
                                "Actual Total Time": 13887.209,
                                "Actual Rows": 1,
                                "Actual Loops": 1
                            }
                        ],
                        "Plans": [
                            {
                                "Node Type": "Hash Join",
                                "Parent Relationship": "Outer",
                                "Parallel Aware": true,
                                "Join Type": "Inner",
                                "Startup Cost": 273593.02,
                                "Total Cost": 664848.64,
                                "Plan Rows": 23968344,
                                "Plan Width": 0,
                                "Actual Startup Time": 2709.78,
                                "Actual Total Time": 12084.574,
                                "Actual Rows": 46350808,
                                "Actual Loops": 7,
                                "Inner Unique": false,
                                "Hash Cond": "(ci.movie_id = t.id)",
                                "Workers": [
                                    {
                                        "Worker Number": 0,
                                        "Actual Startup Time": 2694.098,
                                        "Actual Total Time": 12069.335,
                                        "Actual Rows": 48668929,
                                        "Actual Loops": 1
                                    },
                                    {
                                        "Worker Number": 1,
                                        "Actual Startup Time": 2694.105,
                                        "Actual Total Time": 12044.134,
                                        "Actual Rows": 49193308,
                                        "Actual Loops": 1
                                    },
                                    {
                                        "Worker Number": 2,
                                        "Actual Startup Time": 2694.353,
                                        "Actual Total Time": 12133.907,
                                        "Actual Rows": 45404075,
                                        "Actual Loops": 1
                                    },
                                    {
                                        "Worker Number": 3,
                                        "Actual Startup Time": 2694.336,
                                        "Actual Total Time": 12118.355,
                                        "Actual Rows": 45474293,
                                        "Actual Loops": 1
                                    },
                                    {
                                        "Worker Number": 4,
                                        "Actual Startup Time": 2694.511,
                                        "Actual Total Time": 11932.604,
                                        "Actual Rows": 45145990,
                                        "Actual Loops": 1
                                    },
                                    {
                                        "Worker Number": 5,
                                        "Actual Startup Time": 2694.352,
                                        "Actual Total Time": 12142.542,
                                        "Actual Rows": 45128695,
                                        "Actual Loops": 1
                                    }
                                ],
                                "Plans": [
                                    {
                                        "Node Type": "Seq Scan",
                                        "Parent Relationship": "Outer",
                                        "Parallel Aware": true,
                                        "Relation Name": "cast_info",
                                        "Schema": "public",
                                        "Alias": "ci",
                                        "Startup Cost": 0.0,
                                        "Total Cost": 313108.29,
                                        "Plan Rows": 6042129,
                                        "Plan Width": 4,
                                        "Actual Startup Time": 0.031,
                                        "Actual Total Time": 573.628,
                                        "Actual Rows": 5177763,
                                        "Actual Loops": 7,
                                        "Output": [
                                            "ci.id",
                                            "ci.person_id",
                                            "ci.movie_id",
                                            "ci.person_role_id",
                                            "ci.note",
                                            "ci.nr_order",
                                            "ci.role_id"
                                        ],
                                        "Workers": [
                                            {
                                                "Worker Number": 0,
                                                "Actual Startup Time": 0.038,
                                                "Actual Total Time": 580.71,
                                                "Actual Rows": 5455800,
                                                "Actual Loops": 1
                                            },
                                            {
                                                "Worker Number": 1,
                                                "Actual Startup Time": 0.036,
                                                "Actual Total Time": 583.227,
                                                "Actual Rows": 5507454,
                                                "Actual Loops": 1
                                            },
                                            {
                                                "Worker Number": 2,
                                                "Actual Startup Time": 0.032,
                                                "Actual Total Time": 593.482,
                                                "Actual Rows": 5056263,
                                                "Actual Loops": 1
                                            },
                                            {
                                                "Worker Number": 3,
                                                "Actual Startup Time": 0.028,
                                                "Actual Total Time": 602.56,
                                                "Actual Rows": 5100746,
                                                "Actual Loops": 1
                                            },
                                            {
                                                "Worker Number": 4,
                                                "Actual Startup Time": 0.037,
                                                "Actual Total Time": 601.827,
                                                "Actual Rows": 4978183,
                                                "Actual Loops": 1
                                            },
                                            {
                                                "Worker Number": 5,
                                                "Actual Startup Time": 0.033,
                                                "Actual Total Time": 592.033,
                                                "Actual Rows": 5046030,
                                                "Actual Loops": 1
                                            }
                                        ]
                                    },
                                    {
                                        "Node Type": "Hash",
                                        "Parent Relationship": "Inner",
                                        "Parallel Aware": true,
                                        "Startup Cost": 248519.21,
                                        "Total Cost": 248519.21,
                                        "Plan Rows": 2005905,
                                        "Plan Width": 8,
                                        "Actual Startup Time": 2684.566,
                                        "Actual Total Time": 2685.613,
                                        "Actual Rows": 1278198,
                                        "Actual Loops": 7,
                                        "Output": [
                                            "t.id",
                                            "mi.movie_id"
                                        ],
                                        "Hash Buckets": 16777216,
                                        "Original Hash Buckets": 16777216,
                                        "Hash Batches": 1,
                                        "Original Hash Batches": 1,
                                        "Peak Memory Usage": 481216,
                                        "Workers": [
                                            {
                                                "Worker Number": 0,
                                                "Actual Startup Time": 2693.363,
                                                "Actual Total Time": 2693.366,
                                                "Actual Rows": 1380077,
                                                "Actual Loops": 1
                                            },
                                            {
                                                "Worker Number": 1,
                                                "Actual Startup Time": 2693.377,
                                                "Actual Total Time": 2693.381,
                                                "Actual Rows": 1410129,
                                                "Actual Loops": 1
                                            },
                                            {
                                                "Worker Number": 2,
                                                "Actual Startup Time": 2693.671,
                                                "Actual Total Time": 2693.675,
                                                "Actual Rows": 1239434,
                                                "Actual Loops": 1
                                            },
                                            {
                                                "Worker Number": 3,
                                                "Actual Startup Time": 2693.546,
                                                "Actual Total Time": 2693.549,
                                                "Actual Rows": 1244450,
                                                "Actual Loops": 1
                                            },
                                            {
                                                "Worker Number": 4,
                                                "Actual Startup Time": 2693.816,
                                                "Actual Total Time": 2693.819,
                                                "Actual Rows": 1033439,
                                                "Actual Loops": 1
                                            },
                                            {
                                                "Worker Number": 5,
                                                "Actual Startup Time": 2693.655,
                                                "Actual Total Time": 2693.659,
                                                "Actual Rows": 1261620,
                                                "Actual Loops": 1
                                            }
                                        ],
                                        "Plans": [
                                            {
                                                "Node Type": "Hash Join",
                                                "Parent Relationship": "Outer",
                                                "Parallel Aware": true,
                                                "Join Type": "Inner",
                                                "Startup Cost": 49269.58,
                                                "Total Cost": 248519.21,
                                                "Plan Rows": 2005905,
                                                "Plan Width": 8,
                                                "Actual Startup Time": 438.227,
                                                "Actual Total Time": 1559.484,
                                                "Actual Rows": 1278198,
                                                "Actual Loops": 7,
                                                "Output": [
                                                    "t.id",
                                                    "mi.movie_id"
                                                ],
                                                "Inner Unique": true,
                                                "Hash Cond": "(mi.movie_id = t.id)",
                                                "Workers": [
                                                    {
                                                        "Worker Number": 0,
                                                        "Actual Startup Time": 438.166,
                                                        "Actual Total Time": 1559.913,
                                                        "Actual Rows": 1380077,
                                                        "Actual Loops": 1
                                                    },
                                                    {
                                                        "Worker Number": 1,
                                                        "Actual Startup Time": 437.989,
                                                        "Actual Total Time": 1561.902,
                                                        "Actual Rows": 1410129,
                                                        "Actual Loops": 1
                                                    },
                                                    {
                                                        "Worker Number": 2,
                                                        "Actual Startup Time": 438.185,
                                                        "Actual Total Time": 1559.04,
                                                        "Actual Rows": 1239434,
                                                        "Actual Loops": 1
                                                    },
                                                    {
                                                        "Worker Number": 3,
                                                        "Actual Startup Time": 438.3,
                                                        "Actual Total Time": 1563.084,
                                                        "Actual Rows": 1244450,
                                                        "Actual Loops": 1
                                                    },
                                                    {
                                                        "Worker Number": 4,
                                                        "Actual Startup Time": 438.48,
                                                        "Actual Total Time": 1565.17,
                                                        "Actual Rows": 1033439,
                                                        "Actual Loops": 1
                                                    },
                                                    {
                                                        "Worker Number": 5,
                                                        "Actual Startup Time": 438.132,
                                                        "Actual Total Time": 1560.244,
                                                        "Actual Rows": 1261620,
                                                        "Actual Loops": 1
                                                    }
                                                ],
                                                "Plans": [
                                                    {
                                                        "Node Type": "Seq Scan",
                                                        "Parent Relationship": "Outer",
                                                        "Parallel Aware": true,
                                                        "Relation Name": "movie_info",
                                                        "Schema": "public",
                                                        "Alias": "mi",
                                                        "Startup Cost": 0.0,
                                                        "Total Cost": 191503.19,
                                                        "Plan Rows": 2951019,
                                                        "Plan Width": 4,
                                                        "Actual Startup Time": 0.034,
                                                        "Actual Total Time": 309.546,
                                                        "Actual Rows": 2119389,
                                                        "Actual Loops": 7,
                                                        "Output": [
                                                            "mi.id",
                                                            "mi.movie_id",
                                                            "mi.info_type_id",
                                                            "mi.info",
                                                            "mi.note"
                                                        ],
                                                        "Workers": [
                                                            {
                                                                "Worker Number": 0,
                                                                "Actual Startup Time": 0.036,
                                                                "Actual Total Time": 310.286,
                                                                "Actual Rows": 2283035,
                                                                "Actual Loops": 1
                                                            },
                                                            {
                                                                "Worker Number": 1,
                                                                "Actual Startup Time": 0.035,
                                                                "Actual Total Time": 311.678,
                                                                "Actual Rows": 2349101,
                                                                "Actual Loops": 1
                                                            },
                                                            {
                                                                "Worker Number": 2,
                                                                "Actual Startup Time": 0.037,
                                                                "Actual Total Time": 320.853,
                                                                "Actual Rows": 2052714,
                                                                "Actual Loops": 1
                                                            },
                                                            {
                                                                "Worker Number": 3,
                                                                "Actual Startup Time": 0.045,
                                                                "Actual Total Time": 324.165,
                                                                "Actual Rows": 2056316,
                                                                "Actual Loops": 1
                                                            },
                                                            {
                                                                "Worker Number": 4,
                                                                "Actual Startup Time": 0.034,
                                                                "Actual Total Time": 340.511,
                                                                "Actual Rows": 1714129,
                                                                "Actual Loops": 1
                                                            },
                                                            {
                                                                "Worker Number": 5,
                                                                "Actual Startup Time": 0.038,
                                                                "Actual Total Time": 317.712,
                                                                "Actual Rows": 2088503,
                                                                "Actual Loops": 1
                                                            }
                                                        ]
                                                    },
                                                    {
                                                        "Node Type": "Hash",
                                                        "Parent Relationship": "Inner",
                                                        "Parallel Aware": true,
                                                        "Startup Cost": 43899.01,
                                                        "Total Cost": 43899.01,
                                                        "Plan Rows": 429646,
                                                        "Plan Width": 4,
                                                        "Actual Startup Time": 432.792,
                                                        "Actual Total Time": 432.794,
                                                        "Actual Rows": 246462,
                                                        "Actual Loops": 7,
                                                        "Output": [
                                                            "t.id"
                                                        ],
                                                        "Hash Buckets": 2097152,
                                                        "Original Hash Buckets": 2097152,
                                                        "Hash Batches": 1,
                                                        "Original Hash Batches": 1,
                                                        "Peak Memory Usage": 83968,
                                                        "Workers": [
                                                            {
                                                                "Worker Number": 0,
                                                                "Actual Startup Time": 437.871,
                                                                "Actual Total Time": 437.872,
                                                                "Actual Rows": 291075,
                                                                "Actual Loops": 1
                                                            },
                                                            {
                                                                "Worker Number": 1,
                                                                "Actual Startup Time": 437.834,
                                                                "Actual Total Time": 437.836,
                                                                "Actual Rows": 237859,
                                                                "Actual Loops": 1
                                                            },
                                                            {
                                                                "Worker Number": 2,
                                                                "Actual Startup Time": 437.816,
                                                                "Actual Total Time": 437.817,
                                                                "Actual Rows": 292440,
                                                                "Actual Loops": 1
                                                            },
                                                            {
                                                                "Worker Number": 3,
                                                                "Actual Startup Time": 437.931,
                                                                "Actual Total Time": 437.932,
                                                                "Actual Rows": 198936,
                                                                "Actual Loops": 1
                                                            },
                                                            {
                                                                "Worker Number": 4,
                                                                "Actual Startup Time": 437.862,
                                                                "Actual Total Time": 437.863,
                                                                "Actual Rows": 238483,
                                                                "Actual Loops": 1
                                                            },
                                                            {
                                                                "Worker Number": 5,
                                                                "Actual Startup Time": 437.821,
                                                                "Actual Total Time": 437.823,
                                                                "Actual Rows": 183587,
                                                                "Actual Loops": 1
                                                            }
                                                        ],
                                                        "Plans": [
                                                            {
                                                                "Node Type": "Seq Scan",
                                                                "Parent Relationship": "Outer",
                                                                "Parallel Aware": true,
                                                                "Relation Name": "title",
                                                                "Schema": "public",
                                                                "Alias": "t",
                                                                "Startup Cost": 0.0,
                                                                "Total Cost": 43899.01,
                                                                "Plan Rows": 429646,
                                                                "Plan Width": 4,
                                                                "Actual Startup Time": 0.092,
                                                                "Actual Total Time": 118.209,
                                                                "Actual Rows": 246462,
                                                                "Actual Loops": 7,
                                                                "Output": [
                                                                    "t.id"
                                                                ],
                                                                "Filter": "(t.production_year > 1991)",
                                                                "Rows Removed by Filter": 114726,
                                                                "Workers": [
                                                                    {
                                                                        "Worker Number": 0,
                                                                        "Actual Startup Time": 0.102,
                                                                        "Actual Total Time": 114.745,
                                                                        "Actual Rows": 291075,
                                                                        "Actual Loops": 1
                                                                    },
                                                                    {
                                                                        "Worker Number": 1,
                                                                        "Actual Startup Time": 0.1,
                                                                        "Actual Total Time": 123.832,
                                                                        "Actual Rows": 237859,
                                                                        "Actual Loops": 1
                                                                    },
                                                                    {
                                                                        "Worker Number": 2,
                                                                        "Actual Startup Time": 0.106,
                                                                        "Actual Total Time": 114.462,
                                                                        "Actual Rows": 292440,
                                                                        "Actual Loops": 1
                                                                    },
                                                                    {
                                                                        "Worker Number": 3,
                                                                        "Actual Startup Time": 0.109,
                                                                        "Actual Total Time": 122.987,
                                                                        "Actual Rows": 198936,
                                                                        "Actual Loops": 1
                                                                    },
                                                                    {
                                                                        "Worker Number": 4,
                                                                        "Actual Startup Time": 0.098,
                                                                        "Actual Total Time": 118.19,
                                                                        "Actual Rows": 238483,
                                                                        "Actual Loops": 1
                                                                    },
                                                                    {
                                                                        "Worker Number": 5,
                                                                        "Actual Startup Time": 0.104,
                                                                        "Actual Total Time": 129.731,
                                                                        "Actual Rows": 183587,
                                                                        "Actual Loops": 1
                                                                    }
                                                                ]
                                                            }
                                                        ]
                                                    }
                                                ]
                                            }
                                        ]
                                    }
                                ]
                            }
                        ]
                    }
                ]
            }
        ]
    },
    "Planning Time": 1.46,
    "Triggers": [],
    "Execution Time": 14159.447
}