[
  {
    "Plan": {
      "Node Type": "Aggregate",
      "Strategy": "Plain",
      "Partial Mode": "Finalize",
      "Parallel Aware": false,
      "Startup Cost": 31866.48,
      "Total Cost": 31866.49,
      "Plan Rows": 1,
      "Plan Width": 8,
      "Actual Startup Time": 163.218,
      "Actual Total Time": 174.271,
      "Actual Rows": 1,
      "Actual Loops": 1,
      "Plans": [
        {
          "Node Type": "Gather",
          "Parent Relationship": "Outer",
          "Parallel Aware": false,
          "Startup Cost": 31866.17,
          "Total Cost": 31866.48,
          "Plan Rows": 3,
          "Plan Width": 8,
          "Actual Startup Time": 163.02,
          "Actual Total Time": 174.26,
          "Actual Rows": 4,
          "Actual Loops": 1,
          "Workers Planned": 3,
          "Workers Launched": 3,
          "Single Copy": false,
          "Plans": [
            {
              "Node Type": "Aggregate",
              "Strategy": "Plain",
              "Partial Mode": "Partial",
              "Parent Relationship": "Outer",
              "Parallel Aware": false,
              "Startup Cost": 30866.17,
              "Total Cost": 30866.18,
              "Plan Rows": 1,
              "Plan Width": 8,
              "Actual Startup Time": 155.144,
              "Actual Total Time": 155.145,
              "Actual Rows": 1,
              "Actual Loops": 4,
              "Plans": [
                {
                  "Node Type": "Seq Scan",
                  "Parent Relationship": "Outer",
                  "Parallel Aware": true,
                  "Relation Name": "movie_companies",
                  "Alias": "mc",
                  "Startup Cost": 0.0,
                  "Total Cost": 29310.68,
                  "Plan Rows": 622194,
                  "Plan Width": 0,
                  "Actual Startup Time": 0.035,
                  "Actual Total Time": 121.535,
                  "Actual Rows": 483616,
                  "Actual Loops": 4,
                  "Filter": "(company_id < 49552)",
                  "Rows Removed by Filter": 168667
                }
              ]
            }
          ]
        }
      ]
    },
    "Planning Time": 0.217,
    "Triggers": [],
    "Execution Time": 174.342
  }
]