[
  {
    "Plan": {
      "Node Type": "Aggregate",
      "Strategy": "Plain",
      "Partial Mode": "Finalize",
      "Parallel Aware": false,
      "Startup Cost": 46950.05,
      "Total Cost": 46950.06,
      "Plan Rows": 1,
      "Plan Width": 8,
      "Actual Startup Time": 164.659,
      "Actual Total Time": 173.654,
      "Actual Rows": 1,
      "Actual Loops": 1,
      "Plans": [
        {
          "Node Type": "Gather",
          "Parent Relationship": "Outer",
          "Parallel Aware": false,
          "Startup Cost": 46949.73,
          "Total Cost": 46950.04,
          "Plan Rows": 3,
          "Plan Width": 8,
          "Actual Startup Time": 164.515,
          "Actual Total Time": 173.644,
          "Actual Rows": 4,
          "Actual Loops": 1,
          "Workers Planned": 3,
          "Workers Launched": 3,
          "Single Copy": false,
          "Plans": [
            {
              "Node Type": "Aggregate",
              "Strategy": "Plain",
              "Partial Mode": "Partial",
              "Parent Relationship": "Outer",
              "Parallel Aware": false,
              "Startup Cost": 45949.73,
              "Total Cost": 45949.74,
              "Plan Rows": 1,
              "Plan Width": 8,
              "Actual Startup Time": 159.816,
              "Actual Total Time": 159.817,
              "Actual Rows": 1,
              "Actual Loops": 4,
              "Plans": [
                {
                  "Node Type": "Seq Scan",
                  "Parent Relationship": "Outer",
                  "Parallel Aware": true,
                  "Relation Name": "movie_keyword",
                  "Alias": "mk",
                  "Startup Cost": 0.0,
                  "Total Cost": 42695.65,
                  "Plan Rows": 1301631,
                  "Plan Width": 0,
                  "Actual Startup Time": 0.032,
                  "Actual Total Time": 116.646,
                  "Actual Rows": 1009360,
                  "Actual Loops": 4,
                  "Filter": "(keyword_id < 36909)",
                  "Rows Removed by Filter": 121623
                }
              ]
            }
          ]
        }
      ]
    },
    "Planning Time": 0.085,
    "Triggers": [],
    "Execution Time": 173.683
  }
]