[
  {
    "Plan": {
      "Node Type": "Aggregate",
      "Strategy": "Plain",
      "Partial Mode": "Finalize",
      "Parallel Aware": false,
      "Startup Cost": 46629.83,
      "Total Cost": 46629.84,
      "Plan Rows": 1,
      "Plan Width": 8,
      "Actual Startup Time": 149.782,
      "Actual Total Time": 160.69,
      "Actual Rows": 1,
      "Actual Loops": 1,
      "Plans": [
        {
          "Node Type": "Gather",
          "Parent Relationship": "Outer",
          "Parallel Aware": false,
          "Startup Cost": 46629.51,
          "Total Cost": 46629.82,
          "Plan Rows": 3,
          "Plan Width": 8,
          "Actual Startup Time": 149.596,
          "Actual Total Time": 160.678,
          "Actual Rows": 4,
          "Actual Loops": 1,
          "Workers Planned": 3,
          "Workers Launched": 3,
          "Single Copy": false,
          "Plans": [
            {
              "Node Type": "Aggregate",
              "Strategy": "Plain",
              "Partial Mode": "Partial",
              "Parent Relationship": "Outer",
              "Parallel Aware": false,
              "Startup Cost": 45629.51,
              "Total Cost": 45629.52,
              "Plan Rows": 1,
              "Plan Width": 8,
              "Actual Startup Time": 146.154,
              "Actual Total Time": 146.155,
              "Actual Rows": 1,
              "Actual Loops": 4,
              "Plans": [
                {
                  "Node Type": "Seq Scan",
                  "Parent Relationship": "Outer",
                  "Parallel Aware": true,
                  "Relation Name": "movie_keyword",
                  "Alias": "mk",
                  "Startup Cost": 0.0,
                  "Total Cost": 42695.65,
                  "Plan Rows": 1173543,
                  "Plan Width": 0,
                  "Actual Startup Time": 0.056,
                  "Actual Total Time": 108.646,
                  "Actual Rows": 908880,
                  "Actual Loops": 4,
                  "Filter": "(keyword_id > 840)",
                  "Rows Removed by Filter": 222103
                }
              ]
            }
          ]
        }
      ]
    },
    "Planning Time": 0.187,
    "Triggers": [],
    "Execution Time": 160.744
  }
]