[
  {
    "Plan": {
      "Node Type": "Aggregate",
      "Strategy": "Plain",
      "Partial Mode": "Finalize",
      "Parallel Aware": false,
      "Startup Cost": 94996.93,
      "Total Cost": 94996.94,
      "Plan Rows": 1,
      "Plan Width": 8,
      "Actual Startup Time": 411.918,
      "Actual Total Time": 429.421,
      "Actual Rows": 1,
      "Actual Loops": 1,
      "Plans": [
        {
          "Node Type": "Gather",
          "Parent Relationship": "Outer",
          "Parallel Aware": false,
          "Startup Cost": 94996.62,
          "Total Cost": 94996.93,
          "Plan Rows": 3,
          "Plan Width": 8,
          "Actual Startup Time": 409.205,
          "Actual Total Time": 429.412,
          "Actual Rows": 4,
          "Actual Loops": 1,
          "Workers Planned": 3,
          "Workers Launched": 3,
          "Single Copy": false,
          "Plans": [
            {
              "Node Type": "Aggregate",
              "Strategy": "Plain",
              "Partial Mode": "Partial",
              "Parent Relationship": "Outer",
              "Parallel Aware": false,
              "Startup Cost": 93996.62,
              "Total Cost": 93996.63,
              "Plan Rows": 1,
              "Plan Width": 8,
              "Actual Startup Time": 399.69,
              "Actual Total Time": 399.912,
              "Actual Rows": 1,
              "Actual Loops": 4,
              "Plans": [
                {
                  "Node Type": "Hash Join",
                  "Parent Relationship": "Outer",
                  "Parallel Aware": true,
                  "Join Type": "Inner",
                  "Startup Cost": 63407.08,
                  "Total Cost": 93911.57,
                  "Plan Rows": 34017,
                  "Plan Width": 0,
                  "Actual Startup Time": 240.536,
                  "Actual Total Time": 393.706,
                  "Actual Rows": 138700,
                  "Actual Loops": 4,
                  "Inner Unique": false,
                  "Hash Cond": "(mc.movie_id = t.id)",
                  "Plans": [
                    {
                      "Node Type": "Seq Scan",
                      "Parent Relationship": "Outer",
                      "Parallel Aware": true,
                      "Relation Name": "movie_companies",
                      "Alias": "mc",
                      "Startup Cost": 0.0,
                      "Total Cost": 27206.55,
                      "Plan Rows": 841655,
                      "Plan Width": 4,
                      "Actual Startup Time": 0.016,
                      "Actual Total Time": 62.09,
                      "Actual Rows": 652282,
                      "Actual Loops": 4
                    },
                    {
                      "Node Type": "Hash",
                      "Parent Relationship": "Inner",
                      "Parallel Aware": true,
                      "Startup Cost": 62874.87,
                      "Total Cost": 62874.87,
                      "Plan Rows": 42577,
                      "Plan Width": 8,
                      "Actual Startup Time": 238.748,
                      "Actual Total Time": 238.969,
                      "Actual Rows": 39978,
                      "Actual Loops": 4,
                      "Hash Buckets": 262144,
                      "Original Hash Buckets": 131072,
                      "Hash Batches": 1,
                      "Original Hash Batches": 1,
                      "Peak Memory Usage": 9376,
                      "Plans": [
                        {
                          "Node Type": "Hash Join",
                          "Parent Relationship": "Outer",
                          "Parallel Aware": true,
                          "Join Type": "Inner",
                          "Startup Cost": 47254.94,
                          "Total Cost": 62874.87,
                          "Plan Rows": 42577,
                          "Plan Width": 8,
                          "Actual Startup Time": 156.057,
                          "Actual Total Time": 221.58,
                          "Actual Rows": 39978,
                          "Actual Loops": 4,
                          "Inner Unique": true,
                          "Hash Cond": "(mi_idx.movie_id = t.id)",
                          "Plans": [
                            {
                              "Node Type": "Seq Scan",
                              "Parent Relationship": "Outer",
                              "Parallel Aware": true,
                              "Relation Name": "movie_info_idx",
                              "Alias": "mi_idx",
                              "Startup Cost": 0.0,
                              "Total Cost": 15122.68,
                              "Plan Rows": 189429,
                              "Plan Width": 4,
                              "Actual Startup Time": 0.026,
                              "Actual Total Time": 32.305,
                              "Actual Rows": 114981,
                              "Actual Loops": 4,
                              "Filter": "(info_type_id < 100)",
                              "Rows Removed by Filter": 230028
                            },
                            {
                              "Node Type": "Hash",
                              "Parent Relationship": "Inner",
                              "Parallel Aware": true,
                              "Startup Cost": 45479.1,
                              "Total Cost": 45479.1,
                              "Plan Rows": 142067,
                              "Plan Width": 4,
                              "Actual Startup Time": 152.25,
                              "Actual Total Time": 152.251,
                              "Actual Rows": 110380,
                              "Actual Loops": 4,
                              "Hash Buckets": 1048576,
                              "Original Hash Buckets": 1048576,
                              "Hash Batches": 1,
                              "Original Hash Batches": 1,
                              "Peak Memory Usage": 25504,
                              "Plans": [
                                {
                                  "Node Type": "Seq Scan",
                                  "Parent Relationship": "Outer",
                                  "Parallel Aware": true,
                                  "Relation Name": "title",
                                  "Alias": "t",
                                  "Startup Cost": 0.0,
                                  "Total Cost": 45479.1,
                                  "Plan Rows": 142067,
                                  "Plan Width": 4,
                                  "Actual Startup Time": 0.05,
                                  "Actual Total Time": 107.073,
                                  "Actual Rows": 110380,
                                  "Actual Loops": 4,
                                  "Filter": "((kind_id < 4) AND (production_year > 1993))",
                                  "Rows Removed by Filter": 521698
                                }
                              ]
                            }
                          ]
                        }
                      ]
                    }
                  ]
                }
              ]
            }
          ]
        }
      ]
    },
    "Planning Time": 1.426,
    "Triggers": [],
    "Execution Time": 429.514
  }
]