[
  {
    "Plan": {
      "Node Type": "Aggregate",
      "Strategy": "Plain",
      "Partial Mode": "Finalize",
      "Parallel Aware": false,
      "Startup Cost": 46103.37,
      "Total Cost": 46103.38,
      "Plan Rows": 1,
      "Plan Width": 8,
      "Actual Startup Time": 163.339,
      "Actual Total Time": 172.664,
      "Actual Rows": 1,
      "Actual Loops": 1,
      "Plans": [
        {
          "Node Type": "Gather",
          "Parent Relationship": "Outer",
          "Parallel Aware": false,
          "Startup Cost": 46103.05,
          "Total Cost": 46103.36,
          "Plan Rows": 3,
          "Plan Width": 8,
          "Actual Startup Time": 163.228,
          "Actual Total Time": 172.656,
          "Actual Rows": 4,
          "Actual Loops": 1,
          "Workers Planned": 3,
          "Workers Launched": 3,
          "Single Copy": false,
          "Plans": [
            {
              "Node Type": "Aggregate",
              "Strategy": "Plain",
              "Partial Mode": "Partial",
              "Parent Relationship": "Outer",
              "Parallel Aware": false,
              "Startup Cost": 45103.05,
              "Total Cost": 45103.06,
              "Plan Rows": 1,
              "Plan Width": 8,
              "Actual Startup Time": 157.982,
              "Actual Total Time": 157.983,
              "Actual Rows": 1,
              "Actual Loops": 4,
              "Plans": [
                {
                  "Node Type": "Seq Scan",
                  "Parent Relationship": "Outer",
                  "Parallel Aware": true,
                  "Relation Name": "movie_keyword",
                  "Alias": "mk",
                  "Startup Cost": 0.0,
                  "Total Cost": 42695.65,
                  "Plan Rows": 962960,
                  "Plan Width": 0,
                  "Actual Startup Time": 0.04,
                  "Actual Total Time": 123.484,
                  "Actual Rows": 745318,
                  "Actual Loops": 4,
                  "Filter": "(keyword_id < 10269)",
                  "Rows Removed by Filter": 385664
                }
              ]
            }
          ]
        }
      ]
    },
    "Planning Time": 0.113,
    "Triggers": [],
    "Execution Time": 172.702
  }
]