[
  {
    "Plan": {
      "Node Type": "Aggregate",
      "Strategy": "Plain",
      "Partial Mode": "Finalize",
      "Parallel Aware": false,
      "Startup Cost": 605322.33,
      "Total Cost": 605322.34,
      "Plan Rows": 1,
      "Plan Width": 8,
      "Actual Startup Time": 4076.7,
      "Actual Total Time": 4147.945,
      "Actual Rows": 1,
      "Actual Loops": 1,
      "Plans": [
        {
          "Node Type": "Gather",
          "Parent Relationship": "Outer",
          "Parallel Aware": false,
          "Startup Cost": 605321.7,
          "Total Cost": 605322.31,
          "Plan Rows": 6,
          "Plan Width": 8,
          "Actual Startup Time": 4057.603,
          "Actual Total Time": 4147.928,
          "Actual Rows": 7,
          "Actual Loops": 1,
          "Workers Planned": 6,
          "Workers Launched": 6,
          "Single Copy": false,
          "Plans": [
            {
              "Node Type": "Aggregate",
              "Strategy": "Plain",
              "Partial Mode": "Partial",
              "Parent Relationship": "Outer",
              "Parallel Aware": false,
              "Startup Cost": 604321.7,
              "Total Cost": 604321.71,
              "Plan Rows": 1,
              "Plan Width": 8,
              "Actual Startup Time": 4044.032,
              "Actual Total Time": 4044.119,
              "Actual Rows": 1,
              "Actual Loops": 7,
              "Plans": [
                {
                  "Node Type": "Hash Join",
                  "Parent Relationship": "Outer",
                  "Parallel Aware": true,
                  "Join Type": "Inner",
                  "Startup Cost": 240696.86,
                  "Total Cost": 597156.15,
                  "Plan Rows": 2866223,
                  "Plan Width": 0,
                  "Actual Startup Time": 661.228,
                  "Actual Total Time": 3579.645,
                  "Actual Rows": 10804640,
                  "Actual Loops": 7,
                  "Inner Unique": false,
                  "Hash Cond": "(ci.movie_id = t.id)",
                  "Plans": [
                    {
                      "Node Type": "Seq Scan",
                      "Parent Relationship": "Outer",
                      "Parallel Aware": true,
                      "Relation Name": "cast_info",
                      "Alias": "ci",
                      "Startup Cost": 0.0,
                      "Total Cost": 328211.39,
                      "Plan Rows": 6004117,
                      "Plan Width": 4,
                      "Actual Startup Time": 0.044,
                      "Actual Total Time": 776.98,
                      "Actual Rows": 5147656,
                      "Actual Loops": 7,
                      "Filter": "(person_id < 4024692)",
                      "Rows Removed by Filter": 30107
                    },
                    {
                      "Node Type": "Hash",
                      "Parent Relationship": "Inner",
                      "Parallel Aware": true,
                      "Startup Cost": 237679.34,
                      "Total Cost": 237679.34,
                      "Plan Rows": 241402,
                      "Plan Width": 8,
                      "Actual Startup Time": 657.274,
                      "Actual Total Time": 657.358,
                      "Actual Rows": 172101,
                      "Actual Loops": 7,
                      "Hash Buckets": 2097152,
                      "Original Hash Buckets": 2097152,
                      "Hash Batches": 1,
                      "Original Hash Batches": 1,
                      "Peak Memory Usage": 63648,
                      "Plans": [
                        {
                          "Node Type": "Hash Join",
                          "Parent Relationship": "Outer",
                          "Parallel Aware": true,
                          "Join Type": "Inner",
                          "Startup Cost": 72035.14,
                          "Total Cost": 237679.34,
                          "Plan Rows": 241402,
                          "Plan Width": 8,
                          "Actual Startup Time": 407.501,
                          "Actual Total Time": 564.334,
                          "Actual Rows": 172101,
                          "Actual Loops": 7,
                          "Inner Unique": true,
                          "Hash Cond": "(mi.movie_id = t.id)",
                          "Plans": [
                            {
                              "Node Type": "Bitmap Heap Scan",
                              "Parent Relationship": "Outer",
                              "Parallel Aware": true,
                              "Relation Name": "movie_info",
                              "Alias": "mi",
                              "Startup Cost": 21814.75,
                              "Total Cost": 186825.28,
                              "Plan Rows": 241402,
                              "Plan Width": 4,
                              "Actual Startup Time": 72.528,
                              "Actual Total Time": 149.204,
                              "Actual Rows": 172101,
                              "Actual Loops": 7,
                              "Recheck Cond": "(info_type_id > 18)",
                              "Rows Removed by Index Recheck": 0,
                              "Exact Heap Blocks": 5614,
                              "Lossy Heap Blocks": 0,
                              "Plans": [
                                {
                                  "Node Type": "Bitmap Index Scan",
                                  "Parent Relationship": "Outer",
                                  "Parallel Aware": false,
                                  "Index Name": "info_type_id_movie_info",
                                  "Startup Cost": 0.0,
                                  "Total Cost": 21513.0,
                                  "Plan Rows": 1207009,
                                  "Plan Width": 0,
                                  "Actual Startup Time": 63.477,
                                  "Actual Total Time": 63.477,
                                  "Actual Rows": 1204709,
                                  "Actual Loops": 1,
                                  "Index Cond": "(info_type_id > 18)"
                                }
                              ]
                            },
                            {
                              "Node Type": "Hash",
                              "Parent Relationship": "Inner",
                              "Parallel Aware": true,
                              "Startup Cost": 42319.06,
                              "Total Cost": 42319.06,
                              "Plan Rows": 632106,
                              "Plan Width": 4,
                              "Actual Startup Time": 328.608,
                              "Actual Total Time": 328.609,
                              "Actual Rows": 361187,
                              "Actual Loops": 7,
                              "Hash Buckets": 4194304,
                              "Original Hash Buckets": 4194304,
                              "Hash Batches": 1,
                              "Original Hash Batches": 1,
                              "Peak Memory Usage": 131808,
                              "Plans": [
                                {
                                  "Node Type": "Seq Scan",
                                  "Parent Relationship": "Outer",
                                  "Parallel Aware": true,
                                  "Relation Name": "title",
                                  "Alias": "t",
                                  "Startup Cost": 0.0,
                                  "Total Cost": 42319.06,
                                  "Plan Rows": 632106,
                                  "Plan Width": 4,
                                  "Actual Startup Time": 0.068,
                                  "Actual Total Time": 91.591,
                                  "Actual Rows": 361187,
                                  "Actual Loops": 7
                                }
                              ]
                            }
                          ]
                        }
                      ]
                    }
                  ]
                }
              ]
            }
          ]
        }
      ]
    },
    "Planning Time": 0.749,
    "Triggers": [],
    "Execution Time": 4148.082
  }
]