{
  "Plan": {
    "Node Type": "Aggregate",
    "Strategy": "Plain",
    "Partial Mode": "Finalize",
    "Parallel Aware": false,
    "Startup Cost": 151165.5,
    "Total Cost": 151165.51,
    "Plan Rows": 1,
    "Plan Width": 8,
    "Actual Startup Time": 953.872,
    "Actual Total Time": 975.151,
    "Actual Rows": 1,
    "Actual Loops": 1,
    "Plans": [
      {
        "Node Type": "Gather",
        "Parent Relationship": "Outer",
        "Parallel Aware": false,
        "Startup Cost": 151165.39,
        "Total Cost": 151165.5,
        "Plan Rows": 1,
        "Plan Width": 8,
        "Actual Startup Time": 951.692,
        "Actual Total Time": 975.144,
        "Actual Rows": 2,
        "Actual Loops": 1,
        "Workers Planned": 1,
        "Workers Launched": 1,
        "Single Copy": false,
        "Plans": [
          {
            "Node Type": "Aggregate",
            "Strategy": "Plain",
            "Partial Mode": "Partial",
            "Parent Relationship": "Outer",
            "Parallel Aware": false,
            "Startup Cost": 150165.39,
            "Total Cost": 150165.4,
            "Plan Rows": 1,
            "Plan Width": 8,
            "Actual Startup Time": 945.553,
            "Actual Total Time": 945.558,
            "Actual Rows": 1,
            "Actual Loops": 2,
            "Plans": [
              {
                "Node Type": "Hash Join",
                "Parent Relationship": "Outer",
                "Parallel Aware": true,
                "Join Type": "Inner",
                "Startup Cost": 86104.13,
                "Total Cost": 149697.76,
                "Plan Rows": 187051,
                "Plan Width": 0,
                "Actual Startup Time": 568.64,
                "Actual Total Time": 915.439,
                "Actual Rows": 777423,
                "Actual Loops": 2,
                "Inner Unique": false,
                "Hash Cond": "(mk.movie_id = t.id)",
                "Plans": [
                  {
                    "Node Type": "Seq Scan",
                    "Parent Relationship": "Outer",
                    "Parallel Aware": true,
                    "Relation Name": "movie_keyword",
                    "Alias": "mk",
                    "Startup Cost": 0.0,
                    "Total Cost": 57718.19,
                    "Plan Rows": 1273372,
                    "Plan Width": 4,
                    "Actual Startup Time": 0.018,
                    "Actual Total Time": 183.31,
                    "Actual Rows": 1083250,
                    "Actual Loops": 2,
                    "Filter": "(keyword_id < 4192)",
                    "Rows Removed by Filter": 1178716
                  },
                  {
                    "Node Type": "Hash",
                    "Parent Relationship": "Inner",
                    "Parallel Aware": true,
                    "Startup Cost": 83373.31,
                    "Total Cost": 83373.31,
                    "Plan Rows": 218465,
                    "Plan Width": 8,
                    "Actual Startup Time": 563.133,
                    "Actual Total Time": 563.137,
                    "Actual Rows": 208014,
                    "Actual Loops": 2,
                    "Hash Buckets": 524288,
                    "Original Hash Buckets": 524288,
                    "Hash Batches": 1,
                    "Original Hash Batches": 1,
                    "Peak Memory Usage": 20416,
                    "Plans": [
                      {
                        "Node Type": "Hash Join",
                        "Parent Relationship": "Outer",
                        "Parallel Aware": true,
                        "Join Type": "Inner",
                        "Startup Cost": 21425.18,
                        "Total Cost": 83373.31,
                        "Plan Rows": 218465,
                        "Plan Width": 8,
                        "Actual Startup Time": 120.236,
                        "Actual Total Time": 509.067,
                        "Actual Rows": 208014,
                        "Actual Loops": 2,
                        "Inner Unique": false,
                        "Hash Cond": "(t.id = mi_idx.movie_id)",
                        "Plans": [
                          {
                            "Node Type": "Seq Scan",
                            "Parent Relationship": "Outer",
                            "Parallel Aware": true,
                            "Relation Name": "title",
                            "Alias": "t",
                            "Startup Cost": 0.0,
                            "Total Cost": 54588.39,
                            "Plan Rows": 1214931,
                            "Plan Width": 4,
                            "Actual Startup Time": 0.014,
                            "Actual Total Time": 159.344,
                            "Actual Rows": 1032276,
                            "Actual Loops": 2,
                            "Filter": "(production_year < 2011)",
                            "Rows Removed by Filter": 231880
                          },
                          {
                            "Node Type": "Hash",
                            "Parent Relationship": "Inner",
                            "Parallel Aware": true,
                            "Startup Cost": 18082.32,
                            "Total Cost": 18082.32,
                            "Plan Rows": 267429,
                            "Plan Width": 4,
                            "Actual Startup Time": 116.726,
                            "Actual Total Time": 116.727,
                            "Actual Rows": 229962,
                            "Actual Loops": 2,
                            "Hash Buckets": 524288,
                            "Original Hash Buckets": 524288,
                            "Hash Batches": 1,
                            "Original Hash Batches": 1,
                            "Peak Memory Usage": 22112,
                            "Plans": [
                              {
                                "Node Type": "Seq Scan",
                                "Parent Relationship": "Outer",
                                "Parallel Aware": true,
                                "Relation Name": "movie_info_idx",
                                "Alias": "mi_idx",
                                "Startup Cost": 0.0,
                                "Total Cost": 18082.32,
                                "Plan Rows": 267429,
                                "Plan Width": 4,
                                "Actual Startup Time": 0.058,
                                "Actual Total Time": 65.472,
                                "Actual Rows": 229962,
                                "Actual Loops": 2,
                                "Filter": "(info_type_id = 99)",
                                "Rows Removed by Filter": 460055
                              }
                            ]
                          }
                        ]
                      }
                    ]
                  }
                ]
              }
            ]
          }
        ]
      }
    ]
  },
  "Planning Time": 1.07,
  "Triggers": [],
  "Execution Time": 975.234
}