[
    {
        "Bao": {
            "Bao prediction": 455.28,
            "Bao recommended hint": "(no hint)"
        }
    },
    {
        "Plan": {
            "Node Type": "Aggregate",
            "Strategy": "Plain",
            "Partial Mode": "Finalize",
            "Parallel Aware": false,
            "Startup Cost": 31028.4,
            "Total Cost": 31028.41,
            "Plan Rows": 1,
            "Plan Width": 8,
            "Actual Startup Time": 90.191,
            "Actual Total Time": 93.891,
            "Actual Rows": 1,
            "Actual Loops": 1,
            "Output": [
                "count(*)"
            ],
            "Plans": [
                {
                    "Node Type": "Gather",
                    "Parent Relationship": "Outer",
                    "Parallel Aware": false,
                    "Startup Cost": 31028.09,
                    "Total Cost": 31028.4,
                    "Plan Rows": 3,
                    "Plan Width": 8,
                    "Actual Startup Time": 90.111,
                    "Actual Total Time": 93.886,
                    "Actual Rows": 4,
                    "Actual Loops": 1,
                    "Output": [
                        "(PARTIAL count(*))"
                    ],
                    "Workers Planned": 3,
                    "Workers Launched": 3,
                    "Single Copy": false,
                    "Plans": [
                        {
                            "Node Type": "Aggregate",
                            "Strategy": "Plain",
                            "Partial Mode": "Partial",
                            "Parent Relationship": "Outer",
                            "Parallel Aware": false,
                            "Startup Cost": 30028.09,
                            "Total Cost": 30028.1,
                            "Plan Rows": 1,
                            "Plan Width": 8,
                            "Actual Startup Time": 82.506,
                            "Actual Total Time": 82.507,
                            "Actual Rows": 1,
                            "Actual Loops": 4,
                            "Output": [
                                "PARTIAL count(*)"
                            ],
                            "Workers": [
                                {
                                    "Worker Number": 0,
                                    "Actual Startup Time": 79.977,
                                    "Actual Total Time": 79.978,
                                    "Actual Rows": 1,
                                    "Actual Loops": 1
                                },
                                {
                                    "Worker Number": 1,
                                    "Actual Startup Time": 80.239,
                                    "Actual Total Time": 80.24,
                                    "Actual Rows": 1,
                                    "Actual Loops": 1
                                },
                                {
                                    "Worker Number": 2,
                                    "Actual Startup Time": 80.275,
                                    "Actual Total Time": 80.276,
                                    "Actual Rows": 1,
                                    "Actual Loops": 1
                                }
                            ],
                            "Plans": [
                                {
                                    "Node Type": "Seq Scan",
                                    "Parent Relationship": "Outer",
                                    "Parallel Aware": true,
                                    "Relation Name": "movie_companies",
                                    "Schema": "public",
                                    "Alias": "mc",
                                    "Startup Cost": 0.0,
                                    "Total Cost": 29310.68,
                                    "Plan Rows": 286962,
                                    "Plan Width": 0,
                                    "Actual Startup Time": 24.113,
                                    "Actual Total Time": 72.845,
                                    "Actual Rows": 223108,
                                    "Actual Loops": 4,
                                    "Output": [
                                        "id",
                                        "movie_id",
                                        "company_id",
                                        "company_type_id",
                                        "note"
                                    ],
                                    "Filter": "(mc.company_id > 21913)",
                                    "Rows Removed by Filter": 429174,
                                    "Workers": [
                                        {
                                            "Worker Number": 0,
                                            "Actual Startup Time": 21.578,
                                            "Actual Total Time": 70.549,
                                            "Actual Rows": 209506,
                                            "Actual Loops": 1
                                        },
                                        {
                                            "Worker Number": 1,
                                            "Actual Startup Time": 21.844,
                                            "Actual Total Time": 70.822,
                                            "Actual Rows": 211718,
                                            "Actual Loops": 1
                                        },
                                        {
                                            "Worker Number": 2,
                                            "Actual Startup Time": 21.896,
                                            "Actual Total Time": 70.849,
                                            "Actual Rows": 211663,
                                            "Actual Loops": 1
                                        }
                                    ]
                                }
                            ]
                        }
                    ]
                }
            ]
        },
        "Planning Time": 364.713,
        "Triggers": [],
        "Execution Time": 93.98
    }
]