{
    "Plan": {
        "Node Type": "Aggregate",
        "Strategy": "Plain",
        "Partial Mode": "Simple",
        "Parallel Aware": false,
        "Startup Cost": 50002903912.21,
        "Total Cost": 50002903912.22,
        "Plan Rows": 1,
        "Plan Width": 96,
        "Actual Startup Time": 7830.727,
        "Actual Total Time": 7830.954,
        "Actual Rows": 1,
        "Actual Loops": 1,
        "Output": [
            "min(chn.name)",
            "min(n.name)",
            "min(t.title)"
        ],
        "Plans": [
            {
                "Node Type": "Hash Join",
                "Parent Relationship": "Outer",
                "Parallel Aware": false,
                "Join Type": "Inner",
                "Startup Cost": 50002893482.24,
                "Total Cost": 50002903912.2,
                "Plan Rows": 1,
                "Plan Width": 48,
                "Actual Startup Time": 7788.068,
                "Actual Total Time": 7830.936,
                "Actual Rows": 5,
                "Actual Loops": 1,
                "Output": [
                    "chn.name",
                    "n.name",
                    "t.title"
                ],
                "Inner Unique": false,
                "Hash Cond": "(mk.movie_id = t.id)",
                "Plans": [
                    {
                        "Node Type": "Nested Loop",
                        "Parent Relationship": "Outer",
                        "Parallel Aware": false,
                        "Join Type": "Inner",
                        "Startup Cost": 0.85,
                        "Total Cost": 10430.3,
                        "Plan Rows": 135,
                        "Plan Width": 4,
                        "Actual Startup Time": 1.145,
                        "Actual Total Time": 287.985,
                        "Actual Rows": 38188,
                        "Actual Loops": 1,
                        "Output": [
                            "mk.movie_id"
                        ],
                        "Inner Unique": false,
                        "Plans": [
                            {
                                "Node Type": "Index Scan",
                                "Parent Relationship": "Outer",
                                "Parallel Aware": false,
                                "Scan Direction": "Forward",
                                "Index Name": "keyword_pkey",
                                "Relation Name": "keyword",
                                "Schema": "public",
                                "Alias": "k",
                                "Startup Cost": 0.42,
                                "Total Cost": 5678.35,
                                "Plan Rows": 4,
                                "Plan Width": 4,
                                "Actual Startup Time": 0.396,
                                "Actual Total Time": 53.283,
                                "Actual Rows": 4,
                                "Actual Loops": 1,
                                "Output": [
                                    "k.id",
                                    "k.keyword",
                                    "k.phonetic_code"
                                ],
                                "Filter": "(k.keyword = ANY ('{blood,violence,female-nudity,comic-hero}'::text[]))",
                                "Rows Removed by Filter": 134166
                            },
                            {
                                "Node Type": "Index Scan",
                                "Parent Relationship": "Inner",
                                "Parallel Aware": false,
                                "Scan Direction": "Forward",
                                "Index Name": "keyword_id_movie_keyword",
                                "Relation Name": "movie_keyword",
                                "Schema": "public",
                                "Alias": "mk",
                                "Startup Cost": 0.43,
                                "Total Cost": 1184.99,
                                "Plan Rows": 300,
                                "Plan Width": 8,
                                "Actual Startup Time": 4.178,
                                "Actual Total Time": 56.26,
                                "Actual Rows": 9547,
                                "Actual Loops": 4,
                                "Output": [
                                    "mk.id",
                                    "mk.movie_id",
                                    "mk.keyword_id"
                                ],
                                "Index Cond": "(mk.keyword_id = k.id)",
                                "Rows Removed by Index Recheck": 0
                            }
                        ]
                    },
                    {
                        "Node Type": "Hash",
                        "Parent Relationship": "Inner",
                        "Parallel Aware": false,
                        "Startup Cost": 50002893481.38,
                        "Total Cost": 50002893481.38,
                        "Plan Rows": 1,
                        "Plan Width": 64,
                        "Actual Startup Time": 7535.689,
                        "Actual Total Time": 7535.913,
                        "Actual Rows": 5,
                        "Actual Loops": 1,
                        "Output": [
                            "ci.movie_id",
                            "chn.name",
                            "mc.movie_id",
                            "mi.movie_id",
                            "n.name",
                            "t.title",
                            "t.id"
                        ],
                        "Hash Buckets": 1024,
                        "Original Hash Buckets": 1024,
                        "Hash Batches": 1,
                        "Original Hash Batches": 1,
                        "Peak Memory Usage": 9,
                        "Plans": [
                            {
                                "Node Type": "Hash Join",
                                "Parent Relationship": "Outer",
                                "Parallel Aware": false,
                                "Join Type": "Inner",
                                "Startup Cost": 50001611992.62,
                                "Total Cost": 50002893481.38,
                                "Plan Rows": 1,
                                "Plan Width": 64,
                                "Actual Startup Time": 7264.384,
                                "Actual Total Time": 7535.906,
                                "Actual Rows": 5,
                                "Actual Loops": 1,
                                "Output": [
                                    "ci.movie_id",
                                    "chn.name",
                                    "mc.movie_id",
                                    "mi.movie_id",
                                    "n.name",
                                    "t.title",
                                    "t.id"
                                ],
                                "Inner Unique": true,
                                "Hash Cond": "(ci.person_role_id = chn.id)",
                                "Plans": [
                                    {
                                        "Node Type": "Nested Loop",
                                        "Parent Relationship": "Outer",
                                        "Parallel Aware": false,
                                        "Join Type": "Inner",
                                        "Startup Cost": 50001444024.15,
                                        "Total Cost": 50002725512.9,
                                        "Plan Rows": 1,
                                        "Plan Width": 52,
                                        "Actual Startup Time": 4443.783,
                                        "Actual Total Time": 4715.3,
                                        "Actual Rows": 5,
                                        "Actual Loops": 1,
                                        "Output": [
                                            "ci.movie_id",
                                            "ci.person_role_id",
                                            "mc.movie_id",
                                            "mi.movie_id",
                                            "n.name",
                                            "t.title",
                                            "t.id"
                                        ],
                                        "Inner Unique": true,
                                        "Plans": [
                                            {
                                                "Node Type": "Nested Loop",
                                                "Parent Relationship": "Outer",
                                                "Parallel Aware": false,
                                                "Join Type": "Inner",
                                                "Startup Cost": 50001444024.02,
                                                "Total Cost": 50002725512.73,
                                                "Plan Rows": 1,
                                                "Plan Width": 56,
                                                "Actual Startup Time": 4443.773,
                                                "Actual Total Time": 4715.282,
                                                "Actual Rows": 5,
                                                "Actual Loops": 1,
                                                "Output": [
                                                    "ci.movie_id",
                                                    "ci.role_id",
                                                    "ci.person_role_id",
                                                    "mc.movie_id",
                                                    "mi.movie_id",
                                                    "n.name",
                                                    "t.title",
                                                    "t.id"
                                                ],
                                                "Inner Unique": true,
                                                "Join Filter": "(ci.person_id = n.id)",
                                                "Rows Removed by Join Filter": 0,
                                                "Plans": [
                                                    {
                                                        "Node Type": "Nested Loop",
                                                        "Parent Relationship": "Outer",
                                                        "Parallel Aware": false,
                                                        "Join Type": "Inner",
                                                        "Startup Cost": 40001444023.51,
                                                        "Total Cost": 40002725508.19,
                                                        "Plan Rows": 1,
                                                        "Plan Width": 49,
                                                        "Actual Startup Time": 4443.677,
                                                        "Actual Total Time": 4714.862,
                                                        "Actual Rows": 55,
                                                        "Actual Loops": 1,
                                                        "Output": [
                                                            "an.person_id",
                                                            "ci.movie_id",
                                                            "ci.person_id",
                                                            "ci.role_id",
                                                            "ci.person_role_id",
                                                            "mc.movie_id",
                                                            "mi.movie_id",
                                                            "t.title",
                                                            "t.id"
                                                        ],
                                                        "Inner Unique": true,
                                                        "Plans": [
                                                            {
                                                                "Node Type": "Hash Join",
                                                                "Parent Relationship": "Outer",
                                                                "Parallel Aware": false,
                                                                "Join Type": "Inner",
                                                                "Startup Cost": 30001444023.36,
                                                                "Total Cost": 30002725500.01,
                                                                "Plan Rows": 1,
                                                                "Plan Width": 53,
                                                                "Actual Startup Time": 4443.659,
                                                                "Actual Total Time": 4714.618,
                                                                "Actual Rows": 55,
                                                                "Actual Loops": 1,
                                                                "Output": [
                                                                    "an.person_id",
                                                                    "ci.movie_id",
                                                                    "ci.person_id",
                                                                    "ci.role_id",
                                                                    "ci.person_role_id",
                                                                    "mc.movie_id",
                                                                    "mi.movie_id",
                                                                    "mi.info_type_id",
                                                                    "t.title",
                                                                    "t.id"
                                                                ],
                                                                "Inner Unique": false,
                                                                "Hash Cond": "(ci.person_id = an.person_id)",
                                                                "Plans": [
                                                                    {
                                                                        "Node Type": "Hash Join",
                                                                        "Parent Relationship": "Outer",
                                                                        "Parallel Aware": false,
                                                                        "Join Type": "Inner",
                                                                        "Startup Cost": 30001412347.15,
                                                                        "Total Cost": 30002693823.59,
                                                                        "Plan Rows": 1,
                                                                        "Plan Width": 49,
                                                                        "Actual Startup Time": 4178.927,
                                                                        "Actual Total Time": 4449.846,
                                                                        "Actual Rows": 22,
                                                                        "Actual Loops": 1,
                                                                        "Output": [
                                                                            "ci.movie_id",
                                                                            "ci.person_id",
                                                                            "ci.role_id",
                                                                            "ci.person_role_id",
                                                                            "mc.movie_id",
                                                                            "mi.movie_id",
                                                                            "mi.info_type_id",
                                                                            "t.title",
                                                                            "t.id"
                                                                        ],
                                                                        "Inner Unique": false,
                                                                        "Hash Cond": "(mc.company_id = cn.id)",
                                                                        "Plans": [
                                                                            {
                                                                                "Node Type": "Hash Join",
                                                                                "Parent Relationship": "Outer",
                                                                                "Parallel Aware": false,
                                                                                "Join Type": "Inner",
                                                                                "Startup Cost": 20001405827.18,
                                                                                "Total Cost": 20002687303.47,
                                                                                "Plan Rows": 36,
                                                                                "Plan Width": 53,
                                                                                "Actual Startup Time": 4154.716,
                                                                                "Actual Total Time": 4427.274,
                                                                                "Actual Rows": 2656,
                                                                                "Actual Loops": 1,
                                                                                "Output": [
                                                                                    "ci.movie_id",
                                                                                    "ci.person_id",
                                                                                    "ci.role_id",
                                                                                    "ci.person_role_id",
                                                                                    "mc.movie_id",
                                                                                    "mc.company_id",
                                                                                    "mi.movie_id",
                                                                                    "mi.info_type_id",
                                                                                    "t.title",
                                                                                    "t.id"
                                                                                ],
                                                                                "Inner Unique": false,
                                                                                "Hash Cond": "(mi.movie_id = t.id)",
                                                                                "Plans": [
                                                                                    {
                                                                                        "Node Type": "Nested Loop",
                                                                                        "Parent Relationship": "Outer",
                                                                                        "Parallel Aware": false,
                                                                                        "Join Type": "Inner",
                                                                                        "Startup Cost": 10001331903.57,
                                                                                        "Total Cost": 10002607856.66,
                                                                                        "Plan Rows": 1472759,
                                                                                        "Plan Width": 32,
                                                                                        "Actual Startup Time": 3172.335,
                                                                                        "Actual Total Time": 4144.013,
                                                                                        "Actual Rows": 486818,
                                                                                        "Actual Loops": 1,
                                                                                        "Output": [
                                                                                            "ci.movie_id",
                                                                                            "ci.person_id",
                                                                                            "ci.role_id",
                                                                                            "ci.person_role_id",
                                                                                            "mc.movie_id",
                                                                                            "mc.company_id",
                                                                                            "mi.movie_id",
                                                                                            "mi.info_type_id"
                                                                                        ],
                                                                                        "Inner Unique": false,
                                                                                        "Join Filter": "(mi.movie_id = mc.movie_id)",
                                                                                        "Rows Removed by Join Filter": 0,
                                                                                        "Plans": [
                                                                                            {
                                                                                                "Node Type": "Merge Join",
                                                                                                "Parent Relationship": "Outer",
                                                                                                "Parallel Aware": false,
                                                                                                "Join Type": "Inner",
                                                                                                "Startup Cost": 1331903.06,
                                                                                                "Total Cost": 1340372.7,
                                                                                                "Plan Rows": 273222,
                                                                                                "Plan Width": 24,
                                                                                                "Actual Startup Time": 3172.275,
                                                                                                "Actual Total Time": 3388.085,
                                                                                                "Actual Rows": 133783,
                                                                                                "Actual Loops": 1,
                                                                                                "Output": [
                                                                                                    "ci.movie_id",
                                                                                                    "ci.person_id",
                                                                                                    "ci.role_id",
                                                                                                    "ci.person_role_id",
                                                                                                    "mi.movie_id",
                                                                                                    "mi.info_type_id"
                                                                                                ],
                                                                                                "Inner Unique": false,
                                                                                                "Merge Cond": "(mi.movie_id = ci.movie_id)",
                                                                                                "Plans": [
                                                                                                    {
                                                                                                        "Node Type": "Sort",
                                                                                                        "Parent Relationship": "Outer",
                                                                                                        "Parallel Aware": false,
                                                                                                        "Startup Cost": 265849.62,
                                                                                                        "Total Cost": 266616.0,
                                                                                                        "Plan Rows": 306554,
                                                                                                        "Plan Width": 8,
                                                                                                        "Actual Startup Time": 612.329,
                                                                                                        "Actual Total Time": 628.098,
                                                                                                        "Actual Rows": 301226,
                                                                                                        "Actual Loops": 1,
                                                                                                        "Output": [
                                                                                                            "mi.movie_id",
                                                                                                            "mi.info_type_id"
                                                                                                        ],
                                                                                                        "Sort Key": [
                                                                                                            "mi.movie_id"
                                                                                                        ],
                                                                                                        "Sort Method": "quicksort",
                                                                                                        "Sort Space Used": 26409,
                                                                                                        "Sort Space Type": "Memory",
                                                                                                        "Plans": [
                                                                                                            {
                                                                                                                "Node Type": "Gather",
                                                                                                                "Parent Relationship": "Outer",
                                                                                                                "Parallel Aware": false,
                                                                                                                "Startup Cost": 1000.0,
                                                                                                                "Total Cost": 237913.68,
                                                                                                                "Plan Rows": 306554,
                                                                                                                "Plan Width": 8,
                                                                                                                "Actual Startup Time": 85.666,
                                                                                                                "Actual Total Time": 549.262,
                                                                                                                "Actual Rows": 301247,
                                                                                                                "Actual Loops": 1,
                                                                                                                "Output": [
                                                                                                                    "mi.movie_id",
                                                                                                                    "mi.info_type_id"
                                                                                                                ],
                                                                                                                "Workers Planned": 5,
                                                                                                                "Workers Launched": 5,
                                                                                                                "Single Copy": false,
                                                                                                                "Plans": [
                                                                                                                    {
                                                                                                                        "Node Type": "Seq Scan",
                                                                                                                        "Parent Relationship": "Outer",
                                                                                                                        "Parallel Aware": true,
                                                                                                                        "Relation Name": "movie_info",
                                                                                                                        "Schema": "public",
                                                                                                                        "Alias": "mi",
                                                                                                                        "Startup Cost": 0.0,
                                                                                                                        "Total Cost": 206258.29,
                                                                                                                        "Plan Rows": 61311,
                                                                                                                        "Plan Width": 8,
                                                                                                                        "Actual Startup Time": 103.093,
                                                                                                                        "Actual Total Time": 550.926,
                                                                                                                        "Actual Rows": 50208,
                                                                                                                        "Actual Loops": 6,
                                                                                                                        "Output": [
                                                                                                                            "mi.movie_id",
                                                                                                                            "mi.info_type_id"
                                                                                                                        ],
                                                                                                                        "Filter": "((mi.info IS NOT NULL) AND ((mi.info ~~ 'Japan:%201%'::text) OR (mi.info ~~ 'USA:%201%'::text)))",
                                                                                                                        "Rows Removed by Filter": 2422412,
                                                                                                                        "Workers": [
                                                                                                                            {
                                                                                                                                "Worker Number": 0,
                                                                                                                                "Actual Startup Time": 146.863,
                                                                                                                                "Actual Total Time": 560.171,
                                                                                                                                "Actual Rows": 52622,
                                                                                                                                "Actual Loops": 1
                                                                                                                            },
                                                                                                                            {
                                                                                                                                "Worker Number": 1,
                                                                                                                                "Actual Startup Time": 74.362,
                                                                                                                                "Actual Total Time": 553.143,
                                                                                                                                "Actual Rows": 50023,
                                                                                                                                "Actual Loops": 1
                                                                                                                            },
                                                                                                                            {
                                                                                                                                "Worker Number": 2,
                                                                                                                                "Actual Startup Time": 90.147,
                                                                                                                                "Actual Total Time": 561.782,
                                                                                                                                "Actual Rows": 51986,
                                                                                                                                "Actual Loops": 1
                                                                                                                            },
                                                                                                                            {
                                                                                                                                "Worker Number": 3,
                                                                                                                                "Actual Startup Time": 73.539,
                                                                                                                                "Actual Total Time": 561.646,
                                                                                                                                "Actual Rows": 52216,
                                                                                                                                "Actual Loops": 1
                                                                                                                            },
                                                                                                                            {
                                                                                                                                "Worker Number": 4,
                                                                                                                                "Actual Startup Time": 148.428,
                                                                                                                                "Actual Total Time": 561.402,
                                                                                                                                "Actual Rows": 53995,
                                                                                                                                "Actual Loops": 1
                                                                                                                            }
                                                                                                                        ]
                                                                                                                    }
                                                                                                                ]
                                                                                                            }
                                                                                                        ]
                                                                                                    },
                                                                                                    {
                                                                                                        "Node Type": "Sort",
                                                                                                        "Parent Relationship": "Inner",
                                                                                                        "Parallel Aware": false,
                                                                                                        "Startup Cost": 1066053.29,
                                                                                                        "Total Cost": 1068155.95,
                                                                                                        "Plan Rows": 841064,
                                                                                                        "Plan Width": 16,
                                                                                                        "Actual Startup Time": 2559.923,
                                                                                                        "Actual Total Time": 2663.131,
                                                                                                        "Actual Rows": 889608,
                                                                                                        "Actual Loops": 1,
                                                                                                        "Output": [
                                                                                                            "ci.movie_id",
                                                                                                            "ci.person_id",
                                                                                                            "ci.role_id",
                                                                                                            "ci.person_role_id"
                                                                                                        ],
                                                                                                        "Sort Key": [
                                                                                                            "ci.movie_id"
                                                                                                        ],
                                                                                                        "Sort Method": "quicksort",
                                                                                                        "Sort Space Used": 65239,
                                                                                                        "Sort Space Type": "Memory",
                                                                                                        "Plans": [
                                                                                                            {
                                                                                                                "Node Type": "Gather",
                                                                                                                "Parent Relationship": "Outer",
                                                                                                                "Parallel Aware": false,
                                                                                                                "Startup Cost": 1000.57,
                                                                                                                "Total Cost": 983284.79,
                                                                                                                "Plan Rows": 841064,
                                                                                                                "Plan Width": 16,
                                                                                                                "Actual Startup Time": 0.494,
                                                                                                                "Actual Total Time": 2356.823,
                                                                                                                "Actual Rows": 867477,
                                                                                                                "Actual Loops": 1,
                                                                                                                "Output": [
                                                                                                                    "ci.movie_id",
                                                                                                                    "ci.person_id",
                                                                                                                    "ci.role_id",
                                                                                                                    "ci.person_role_id"
                                                                                                                ],
                                                                                                                "Workers Planned": 6,
                                                                                                                "Workers Launched": 2,
                                                                                                                "Single Copy": false,
                                                                                                                "Plans": [
                                                                                                                    {
                                                                                                                        "Node Type": "Index Scan",
                                                                                                                        "Parent Relationship": "Outer",
                                                                                                                        "Parallel Aware": true,
                                                                                                                        "Scan Direction": "Forward",
                                                                                                                        "Index Name": "role_id_cast_info",
                                                                                                                        "Relation Name": "cast_info",
                                                                                                                        "Schema": "public",
                                                                                                                        "Alias": "ci",
                                                                                                                        "Startup Cost": 0.56,
                                                                                                                        "Total Cost": 898178.39,
                                                                                                                        "Plan Rows": 140177,
                                                                                                                        "Plan Width": 16,
                                                                                                                        "Actual Startup Time": 0.234,
                                                                                                                        "Actual Total Time": 2323.552,
                                                                                                                        "Actual Rows": 289159,
                                                                                                                        "Actual Loops": 3,
                                                                                                                        "Output": [
                                                                                                                            "ci.movie_id",
                                                                                                                            "ci.person_id",
                                                                                                                            "ci.role_id",
                                                                                                                            "ci.person_role_id"
                                                                                                                        ],
                                                                                                                        "Filter": "(ci.note = ANY ('{(voice),\"(voice: Japanese version)\",\"(voice) (uncredited)\",\"(voice: English version)\"}'::text[]))",
                                                                                                                        "Rows Removed by Filter": 11792289,
                                                                                                                        "Workers": [
                                                                                                                            {
                                                                                                                                "Worker Number": 0,
                                                                                                                                "Actual Startup Time": 0.346,
                                                                                                                                "Actual Total Time": 2364.648,
                                                                                                                                "Actual Rows": 276346,
                                                                                                                                "Actual Loops": 1
                                                                                                                            },
                                                                                                                            {
                                                                                                                                "Worker Number": 1,
                                                                                                                                "Actual Startup Time": 0.322,
                                                                                                                                "Actual Total Time": 2362.694,
                                                                                                                                "Actual Rows": 265978,
                                                                                                                                "Actual Loops": 1
                                                                                                                            }
                                                                                                                        ]
                                                                                                                    }
                                                                                                                ]
                                                                                                            }
                                                                                                        ]
                                                                                                    }
                                                                                                ]
                                                                                            },
                                                                                            {
                                                                                                "Node Type": "Bitmap Heap Scan",
                                                                                                "Parent Relationship": "Inner",
                                                                                                "Parallel Aware": false,
                                                                                                "Relation Name": "movie_companies",
                                                                                                "Schema": "public",
                                                                                                "Alias": "mc",
                                                                                                "Startup Cost": 0.51,
                                                                                                "Total Cost": 4.58,
                                                                                                "Plan Rows": 5,
                                                                                                "Plan Width": 8,
                                                                                                "Actual Startup Time": 0.003,
                                                                                                "Actual Total Time": 0.004,
                                                                                                "Actual Rows": 4,
                                                                                                "Actual Loops": 133783,
                                                                                                "Output": [
                                                                                                    "mc.id",
                                                                                                    "mc.movie_id",
                                                                                                    "mc.company_id",
                                                                                                    "mc.company_type_id",
                                                                                                    "mc.note"
                                                                                                ],
                                                                                                "Recheck Cond": "(mc.movie_id = ci.movie_id)",
                                                                                                "Rows Removed by Index Recheck": 0,
                                                                                                "Exact Heap Blocks": 131094,
                                                                                                "Lossy Heap Blocks": 0,
                                                                                                "Plans": [
                                                                                                    {
                                                                                                        "Node Type": "Bitmap Index Scan",
                                                                                                        "Parent Relationship": "Outer",
                                                                                                        "Parallel Aware": false,
                                                                                                        "Index Name": "movie_id_movie_companies",
                                                                                                        "Startup Cost": 0.0,
                                                                                                        "Total Cost": 0.51,
                                                                                                        "Plan Rows": 5,
                                                                                                        "Plan Width": 0,
                                                                                                        "Actual Startup Time": 0.002,
                                                                                                        "Actual Total Time": 0.002,
                                                                                                        "Actual Rows": 4,
                                                                                                        "Actual Loops": 133783,
                                                                                                        "Index Cond": "(mc.movie_id = ci.movie_id)"
                                                                                                    }
                                                                                                ]
                                                                                            }
                                                                                        ]
                                                                                    },
                                                                                    {
                                                                                        "Node Type": "Hash",
                                                                                        "Parent Relationship": "Inner",
                                                                                        "Parallel Aware": false,
                                                                                        "Startup Cost": 10000073922.83,
                                                                                        "Total Cost": 10000073922.83,
                                                                                        "Plan Rows": 62,
                                                                                        "Plan Width": 21,
                                                                                        "Actual Startup Time": 245.533,
                                                                                        "Actual Total Time": 245.534,
                                                                                        "Actual Rows": 9,
                                                                                        "Actual Loops": 1,
                                                                                        "Output": [
                                                                                            "t.title",
                                                                                            "t.id"
                                                                                        ],
                                                                                        "Hash Buckets": 1024,
                                                                                        "Original Hash Buckets": 1024,
                                                                                        "Hash Batches": 1,
                                                                                        "Original Hash Batches": 1,
                                                                                        "Peak Memory Usage": 9,
                                                                                        "Plans": [
                                                                                            {
                                                                                                "Node Type": "Seq Scan",
                                                                                                "Parent Relationship": "Outer",
                                                                                                "Parallel Aware": false,
                                                                                                "Relation Name": "title",
                                                                                                "Schema": "public",
                                                                                                "Alias": "t",
                                                                                                "Startup Cost": 10000000000.0,
                                                                                                "Total Cost": 10000073922.83,
                                                                                                "Plan Rows": 62,
                                                                                                "Plan Width": 21,
                                                                                                "Actual Startup Time": 55.929,
                                                                                                "Actual Total Time": 245.481,
                                                                                                "Actual Rows": 9,
                                                                                                "Actual Loops": 1,
                                                                                                "Output": [
                                                                                                    "t.title",
                                                                                                    "t.id"
                                                                                                ],
                                                                                                "Filter": "((t.title ~~ 'Kung Fu Panda%'::text) AND (t.production_year > 2008))",
                                                                                                "Rows Removed by Filter": 2528303
                                                                                            }
                                                                                        ]
                                                                                    }
                                                                                ]
                                                                            },
                                                                            {
                                                                                "Node Type": "Hash",
                                                                                "Parent Relationship": "Inner",
                                                                                "Parallel Aware": false,
                                                                                "Startup Cost": 10000006519.95,
                                                                                "Total Cost": 10000006519.95,
                                                                                "Plan Rows": 1,
                                                                                "Plan Width": 4,
                                                                                "Actual Startup Time": 22.397,
                                                                                "Actual Total Time": 22.398,
                                                                                "Actual Rows": 1,
                                                                                "Actual Loops": 1,
                                                                                "Output": [
                                                                                    "cn.id"
                                                                                ],
                                                                                "Hash Buckets": 1024,
                                                                                "Original Hash Buckets": 1024,
                                                                                "Hash Batches": 1,
                                                                                "Original Hash Batches": 1,
                                                                                "Peak Memory Usage": 9,
                                                                                "Plans": [
                                                                                    {
                                                                                        "Node Type": "Seq Scan",
                                                                                        "Parent Relationship": "Outer",
                                                                                        "Parallel Aware": false,
                                                                                        "Relation Name": "company_name",
                                                                                        "Schema": "public",
                                                                                        "Alias": "cn",
                                                                                        "Startup Cost": 10000000000.0,
                                                                                        "Total Cost": 10000006519.95,
                                                                                        "Plan Rows": 1,
                                                                                        "Plan Width": 4,
                                                                                        "Actual Startup Time": 3.74,
                                                                                        "Actual Total Time": 22.389,
                                                                                        "Actual Rows": 1,
                                                                                        "Actual Loops": 1,
                                                                                        "Output": [
                                                                                            "cn.id"
                                                                                        ],
                                                                                        "Filter": "(((cn.country_code)::text = '[us]'::text) AND (cn.name = 'NBC Universal Television'::text))",
                                                                                        "Rows Removed by Filter": 234996
                                                                                    }
                                                                                ]
                                                                            }
                                                                        ]
                                                                    },
                                                                    {
                                                                        "Node Type": "Hash",
                                                                        "Parent Relationship": "Inner",
                                                                        "Parallel Aware": false,
                                                                        "Startup Cost": 20409.43,
                                                                        "Total Cost": 20409.43,
                                                                        "Plan Rows": 901343,
                                                                        "Plan Width": 4,
                                                                        "Actual Startup Time": 260.297,
                                                                        "Actual Total Time": 260.298,
                                                                        "Actual Rows": 901343,
                                                                        "Actual Loops": 1,
                                                                        "Output": [
                                                                            "an.person_id"
                                                                        ],
                                                                        "Hash Buckets": 1048576,
                                                                        "Original Hash Buckets": 1048576,
                                                                        "Hash Batches": 1,
                                                                        "Original Hash Batches": 1,
                                                                        "Peak Memory Usage": 39880,
                                                                        "Plans": [
                                                                            {
                                                                                "Node Type": "Seq Scan",
                                                                                "Parent Relationship": "Outer",
                                                                                "Parallel Aware": false,
                                                                                "Relation Name": "aka_name",
                                                                                "Schema": "public",
                                                                                "Alias": "an",
                                                                                "Startup Cost": 0.0,
                                                                                "Total Cost": 20409.43,
                                                                                "Plan Rows": 901343,
                                                                                "Plan Width": 4,
                                                                                "Actual Startup Time": 0.017,
                                                                                "Actual Total Time": 98.56,
                                                                                "Actual Rows": 901343,
                                                                                "Actual Loops": 1,
                                                                                "Output": [
                                                                                    "an.person_id"
                                                                                ]
                                                                            }
                                                                        ]
                                                                    }
                                                                ]
                                                            },
                                                            {
                                                                "Node Type": "Bitmap Heap Scan",
                                                                "Parent Relationship": "Inner",
                                                                "Parallel Aware": false,
                                                                "Relation Name": "info_type",
                                                                "Schema": "public",
                                                                "Alias": "it",
                                                                "Startup Cost": 0.15,
                                                                "Total Cost": 4.17,
                                                                "Plan Rows": 1,
                                                                "Plan Width": 4,
                                                                "Actual Startup Time": 0.002,
                                                                "Actual Total Time": 0.002,
                                                                "Actual Rows": 1,
                                                                "Actual Loops": 55,
                                                                "Output": [
                                                                    "it.id",
                                                                    "it.info"
                                                                ],
                                                                "Recheck Cond": "(it.id = mi.info_type_id)",
                                                                "Rows Removed by Index Recheck": 0,
                                                                "Filter": "((it.info)::text = 'release dates'::text)",
                                                                "Rows Removed by Filter": 0,
                                                                "Exact Heap Blocks": 55,
                                                                "Lossy Heap Blocks": 0,
                                                                "Plans": [
                                                                    {
                                                                        "Node Type": "Bitmap Index Scan",
                                                                        "Parent Relationship": "Outer",
                                                                        "Parallel Aware": false,
                                                                        "Index Name": "info_type_pkey",
                                                                        "Startup Cost": 0.0,
                                                                        "Total Cost": 0.15,
                                                                        "Plan Rows": 1,
                                                                        "Plan Width": 0,
                                                                        "Actual Startup Time": 0.001,
                                                                        "Actual Total Time": 0.001,
                                                                        "Actual Rows": 1,
                                                                        "Actual Loops": 55,
                                                                        "Index Cond": "(it.id = mi.info_type_id)"
                                                                    }
                                                                ]
                                                            }
                                                        ]
                                                    },
                                                    {
                                                        "Node Type": "Bitmap Heap Scan",
                                                        "Parent Relationship": "Inner",
                                                        "Parallel Aware": false,
                                                        "Relation Name": "name",
                                                        "Schema": "public",
                                                        "Alias": "n",
                                                        "Startup Cost": 0.5,
                                                        "Total Cost": 4.52,
                                                        "Plan Rows": 1,
                                                        "Plan Width": 19,
                                                        "Actual Startup Time": 0.005,
                                                        "Actual Total Time": 0.005,
                                                        "Actual Rows": 0,
                                                        "Actual Loops": 55,
                                                        "Output": [
                                                            "n.id",
                                                            "n.name",
                                                            "n.imdb_index",
                                                            "n.imdb_id",
                                                            "n.gender",
                                                            "n.name_pcode_cf",
                                                            "n.name_pcode_nf",
                                                            "n.surname_pcode",
                                                            "n.md5sum"
                                                        ],
                                                        "Recheck Cond": "(n.id = an.person_id)",
                                                        "Rows Removed by Index Recheck": 0,
                                                        "Filter": "((n.name ~~ '%An%'::text) AND ((n.gender)::text = 'f'::text))",
                                                        "Rows Removed by Filter": 1,
                                                        "Exact Heap Blocks": 55,
                                                        "Lossy Heap Blocks": 0,
                                                        "Plans": [
                                                            {
                                                                "Node Type": "Bitmap Index Scan",
                                                                "Parent Relationship": "Outer",
                                                                "Parallel Aware": false,
                                                                "Index Name": "name_pkey",
                                                                "Startup Cost": 0.0,
                                                                "Total Cost": 0.5,
                                                                "Plan Rows": 1,
                                                                "Plan Width": 0,
                                                                "Actual Startup Time": 0.003,
                                                                "Actual Total Time": 0.004,
                                                                "Actual Rows": 1,
                                                                "Actual Loops": 55,
                                                                "Index Cond": "(n.id = an.person_id)"
                                                            }
                                                        ]
                                                    }
                                                ]
                                            },
                                            {
                                                "Node Type": "Index Scan",
                                                "Parent Relationship": "Inner",
                                                "Parallel Aware": false,
                                                "Scan Direction": "Forward",
                                                "Index Name": "role_type_pkey",
                                                "Relation Name": "role_type",
                                                "Schema": "public",
                                                "Alias": "rt",
                                                "Startup Cost": 0.14,
                                                "Total Cost": 0.16,
                                                "Plan Rows": 1,
                                                "Plan Width": 4,
                                                "Actual Startup Time": 0.002,
                                                "Actual Total Time": 0.002,
                                                "Actual Rows": 1,
                                                "Actual Loops": 5,
                                                "Output": [
                                                    "rt.id",
                                                    "rt.role"
                                                ],
                                                "Index Cond": "(rt.id = ci.role_id)",
                                                "Rows Removed by Index Recheck": 0,
                                                "Filter": "((rt.role)::text = 'actress'::text)",
                                                "Rows Removed by Filter": 0
                                            }
                                        ]
                                    },
                                    {
                                        "Node Type": "Hash",
                                        "Parent Relationship": "Inner",
                                        "Parallel Aware": false,
                                        "Startup Cost": 128715.63,
                                        "Total Cost": 128715.63,
                                        "Plan Rows": 3140227,
                                        "Plan Width": 20,
                                        "Actual Startup Time": 2814.735,
                                        "Actual Total Time": 2814.736,
                                        "Actual Rows": 3140339,
                                        "Actual Loops": 1,
                                        "Output": [
                                            "chn.name",
                                            "chn.id"
                                        ],
                                        "Hash Buckets": 4194304,
                                        "Original Hash Buckets": 4194304,
                                        "Hash Batches": 1,
                                        "Original Hash Batches": 1,
                                        "Peak Memory Usage": 198037,
                                        "Plans": [
                                            {
                                                "Node Type": "Index Scan",
                                                "Parent Relationship": "Outer",
                                                "Parallel Aware": false,
                                                "Scan Direction": "Forward",
                                                "Index Name": "char_name_pkey",
                                                "Relation Name": "char_name",
                                                "Schema": "public",
                                                "Alias": "chn",
                                                "Startup Cost": 0.43,
                                                "Total Cost": 128715.63,
                                                "Plan Rows": 3140227,
                                                "Plan Width": 20,
                                                "Actual Startup Time": 0.027,
                                                "Actual Total Time": 1724.459,
                                                "Actual Rows": 3140339,
                                                "Actual Loops": 1,
                                                "Output": [
                                                    "chn.name",
                                                    "chn.id"
                                                ]
                                            }
                                        ]
                                    }
                                ]
                            }
                        ]
                    }
                ]
            }
        ]
    },
    "Planning Time": 60.621,
    "Triggers": [],
    "Execution Time": 7837.788
}