[
  {
    "Plan": {
      "Node Type": "Aggregate",
      "Strategy": "Plain",
      "Partial Mode": "Finalize",
      "Parallel Aware": false,
      "Startup Cost": 334673.92,
      "Total Cost": 334673.93,
      "Plan Rows": 1,
      "Plan Width": 8,
      "Actual Startup Time": 340.257,
      "Actual Total Time": 398.462,
      "Actual Rows": 1,
      "Actual Loops": 1,
      "Plans": [
        {
          "Node Type": "Gather",
          "Parent Relationship": "Outer",
          "Parallel Aware": false,
          "Startup Cost": 334673.5,
          "Total Cost": 334673.91,
          "Plan Rows": 4,
          "Plan Width": 8,
          "Actual Startup Time": 339.978,
          "Actual Total Time": 398.451,
          "Actual Rows": 5,
          "Actual Loops": 1,
          "Workers Planned": 4,
          "Workers Launched": 4,
          "Single Copy": false,
          "Plans": [
            {
              "Node Type": "Aggregate",
              "Strategy": "Plain",
              "Partial Mode": "Partial",
              "Parent Relationship": "Outer",
              "Parallel Aware": false,
              "Startup Cost": 333673.5,
              "Total Cost": 333673.51,
              "Plan Rows": 1,
              "Plan Width": 8,
              "Actual Startup Time": 332.9,
              "Actual Total Time": 332.902,
              "Actual Rows": 1,
              "Actual Loops": 5,
              "Plans": [
                {
                  "Node Type": "Nested Loop",
                  "Parent Relationship": "Outer",
                  "Parallel Aware": false,
                  "Join Type": "Inner",
                  "Startup Cost": 0.56,
                  "Total Cost": 333561.78,
                  "Plan Rows": 44690,
                  "Plan Width": 0,
                  "Actual Startup Time": 56.845,
                  "Actual Total Time": 329.662,
                  "Actual Rows": 33505,
                  "Actual Loops": 5,
                  "Inner Unique": false,
                  "Plans": [
                    {
                      "Node Type": "Seq Scan",
                      "Parent Relationship": "Outer",
                      "Parallel Aware": true,
                      "Relation Name": "title",
                      "Alias": "t",
                      "Startup Cost": 0.0,
                      "Total Cost": 45479.59,
                      "Plan Rows": 7047,
                      "Plan Width": 4,
                      "Actual Startup Time": 56.357,
                      "Actual Total Time": 87.329,
                      "Actual Rows": 3223,
                      "Actual Loops": 5,
                      "Filter": "((kind_id = 1) AND (production_year = 2006))",
                      "Rows Removed by Filter": 502439
                    },
                    {
                      "Node Type": "Index Scan",
                      "Parent Relationship": "Inner",
                      "Parallel Aware": false,
                      "Scan Direction": "Forward",
                      "Index Name": "movie_id_cast_info",
                      "Relation Name": "cast_info",
                      "Alias": "ci",
                      "Startup Cost": 0.56,
                      "Total Cost": 40.73,
                      "Plan Rows": 15,
                      "Plan Width": 4,
                      "Actual Startup Time": 0.042,
                      "Actual Total Time": 0.073,
                      "Actual Rows": 10,
                      "Actual Loops": 16117,
                      "Index Cond": "(movie_id = t.id)",
                      "Rows Removed by Index Recheck": 0,
                      "Filter": "(role_id > 2)",
                      "Rows Removed by Filter": 9
                    }
                  ]
                }
              ]
            }
          ]
        }
      ]
    },
    "Planning Time": 0.526,
    "Triggers": [],
    "Execution Time": 398.545
  }
]