[
    {
        "Bao": {
            "Bao prediction": "NaN",
            "Bao recommended hint": "(no hint)"
        }
    },
    {
        "Plan": {
            "Node Type": "Aggregate",
            "Strategy": "Plain",
            "Partial Mode": "Finalize",
            "Parallel Aware": false,
            "Startup Cost": 341911.48,
            "Total Cost": 341911.49,
            "Plan Rows": 1,
            "Plan Width": 8,
            "Actual Startup Time": 856.897,
            "Actual Total Time": 884.846,
            "Actual Rows": 1,
            "Actual Loops": 1,
            "Output": [
                "count(*)"
            ],
            "Plans": [
                {
                    "Node Type": "Gather",
                    "Parent Relationship": "Outer",
                    "Parallel Aware": false,
                    "Startup Cost": 341910.85,
                    "Total Cost": 341911.46,
                    "Plan Rows": 6,
                    "Plan Width": 8,
                    "Actual Startup Time": 856.781,
                    "Actual Total Time": 884.836,
                    "Actual Rows": 7,
                    "Actual Loops": 1,
                    "Output": [
                        "(PARTIAL count(*))"
                    ],
                    "Workers Planned": 6,
                    "Workers Launched": 6,
                    "Single Copy": false,
                    "Plans": [
                        {
                            "Node Type": "Aggregate",
                            "Strategy": "Plain",
                            "Partial Mode": "Partial",
                            "Parent Relationship": "Outer",
                            "Parallel Aware": false,
                            "Startup Cost": 340910.85,
                            "Total Cost": 340910.86,
                            "Plan Rows": 1,
                            "Plan Width": 8,
                            "Actual Startup Time": 847.204,
                            "Actual Total Time": 847.205,
                            "Actual Rows": 1,
                            "Actual Loops": 7,
                            "Output": [
                                "PARTIAL count(*)"
                            ],
                            "Workers": [
                                {
                                    "Worker Number": 0,
                                    "Actual Startup Time": 844.713,
                                    "Actual Total Time": 844.714,
                                    "Actual Rows": 1,
                                    "Actual Loops": 1
                                },
                                {
                                    "Worker Number": 1,
                                    "Actual Startup Time": 845.239,
                                    "Actual Total Time": 845.24,
                                    "Actual Rows": 1,
                                    "Actual Loops": 1
                                },
                                {
                                    "Worker Number": 2,
                                    "Actual Startup Time": 845.473,
                                    "Actual Total Time": 845.473,
                                    "Actual Rows": 1,
                                    "Actual Loops": 1
                                },
                                {
                                    "Worker Number": 3,
                                    "Actual Startup Time": 845.944,
                                    "Actual Total Time": 845.945,
                                    "Actual Rows": 1,
                                    "Actual Loops": 1
                                },
                                {
                                    "Worker Number": 4,
                                    "Actual Startup Time": 846.181,
                                    "Actual Total Time": 846.182,
                                    "Actual Rows": 1,
                                    "Actual Loops": 1
                                },
                                {
                                    "Worker Number": 5,
                                    "Actual Startup Time": 846.54,
                                    "Actual Total Time": 846.54,
                                    "Actual Rows": 1,
                                    "Actual Loops": 1
                                }
                            ],
                            "Plans": [
                                {
                                    "Node Type": "Seq Scan",
                                    "Parent Relationship": "Outer",
                                    "Parallel Aware": true,
                                    "Relation Name": "cast_info",
                                    "Schema": "public",
                                    "Alias": "ci",
                                    "Startup Cost": 0.0,
                                    "Total Cost": 328213.62,
                                    "Plan Rows": 5078895,
                                    "Plan Width": 0,
                                    "Actual Startup Time": 75.484,
                                    "Actual Total Time": 639.152,
                                    "Actual Rows": 4325446,
                                    "Actual Loops": 7,
                                    "Output": [
                                        "id",
                                        "person_id",
                                        "movie_id",
                                        "person_role_id",
                                        "note",
                                        "nr_order",
                                        "role_id"
                                    ],
                                    "Filter": "(ci.person_id > 577627)",
                                    "Rows Removed by Filter": 852317,
                                    "Workers": [
                                        {
                                            "Worker Number": 0,
                                            "Actual Startup Time": 73.015,
                                            "Actual Total Time": 638.859,
                                            "Actual Rows": 3131914,
                                            "Actual Loops": 1
                                        },
                                        {
                                            "Worker Number": 1,
                                            "Actual Startup Time": 73.519,
                                            "Actual Total Time": 642.952,
                                            "Actual Rows": 4876960,
                                            "Actual Loops": 1
                                        },
                                        {
                                            "Worker Number": 2,
                                            "Actual Startup Time": 73.734,
                                            "Actual Total Time": 642.936,
                                            "Actual Rows": 4888101,
                                            "Actual Loops": 1
                                        },
                                        {
                                            "Worker Number": 3,
                                            "Actual Startup Time": 74.244,
                                            "Actual Total Time": 640.35,
                                            "Actual Rows": 3124027,
                                            "Actual Loops": 1
                                        },
                                        {
                                            "Worker Number": 4,
                                            "Actual Startup Time": 74.457,
                                            "Actual Total Time": 639.792,
                                            "Actual Rows": 3141374,
                                            "Actual Loops": 1
                                        },
                                        {
                                            "Worker Number": 5,
                                            "Actual Startup Time": 74.803,
                                            "Actual Total Time": 643.732,
                                            "Actual Rows": 4893374,
                                            "Actual Loops": 1
                                        }
                                    ]
                                }
                            ]
                        }
                    ]
                }
            ]
        },
        "Planning Time": 185.794,
        "Triggers": [],
        "Execution Time": 884.903
    }
]