[
  {
    "Plan": {
      "Node Type": "Aggregate",
      "Strategy": "Plain",
      "Partial Mode": "Finalize",
      "Parallel Aware": false,
      "Startup Cost": 35647.45,
      "Total Cost": 35647.46,
      "Plan Rows": 1,
      "Plan Width": 8,
      "Actual Startup Time": 116.493,
      "Actual Total Time": 125.0,
      "Actual Rows": 1,
      "Actual Loops": 1,
      "Plans": [
        {
          "Node Type": "Gather",
          "Parent Relationship": "Outer",
          "Parallel Aware": false,
          "Startup Cost": 35647.14,
          "Total Cost": 35647.45,
          "Plan Rows": 3,
          "Plan Width": 8,
          "Actual Startup Time": 116.22,
          "Actual Total Time": 124.991,
          "Actual Rows": 4,
          "Actual Loops": 1,
          "Workers Planned": 3,
          "Workers Launched": 3,
          "Single Copy": false,
          "Plans": [
            {
              "Node Type": "Aggregate",
              "Strategy": "Plain",
              "Partial Mode": "Partial",
              "Parent Relationship": "Outer",
              "Parallel Aware": false,
              "Startup Cost": 34647.14,
              "Total Cost": 34647.15,
              "Plan Rows": 1,
              "Plan Width": 8,
              "Actual Startup Time": 108.776,
              "Actual Total Time": 108.777,
              "Actual Rows": 1,
              "Actual Loops": 4,
              "Plans": [
                {
                  "Node Type": "Bitmap Heap Scan",
                  "Parent Relationship": "Outer",
                  "Parallel Aware": true,
                  "Relation Name": "movie_keyword",
                  "Alias": "mk",
                  "Startup Cost": 8300.23,
                  "Total Cost": 34331.65,
                  "Plan Rows": 126194,
                  "Plan Width": 0,
                  "Actual Startup Time": 39.911,
                  "Actual Total Time": 103.21,
                  "Actual Rows": 94809,
                  "Actual Loops": 4,
                  "Recheck Cond": "(keyword_id > 44981)",
                  "Rows Removed by Index Recheck": 0,
                  "Exact Heap Blocks": 11051,
                  "Lossy Heap Blocks": 0,
                  "Plans": [
                    {
                      "Node Type": "Bitmap Index Scan",
                      "Parent Relationship": "Outer",
                      "Parallel Aware": false,
                      "Index Name": "keyword_id_movie_keyword",
                      "Startup Cost": 0.0,
                      "Total Cost": 8202.43,
                      "Plan Rows": 391200,
                      "Plan Width": 0,
                      "Actual Startup Time": 42.919,
                      "Actual Total Time": 42.919,
                      "Actual Rows": 379237,
                      "Actual Loops": 1,
                      "Index Cond": "(keyword_id > 44981)"
                    }
                  ]
                }
              ]
            }
          ]
        }
      ]
    },
    "Planning Time": 0.18,
    "Triggers": [],
    "Execution Time": 125.075
  }
]