[
  {
    "Plan": {
      "Node Type": "Aggregate",
      "Strategy": "Plain",
      "Partial Mode": "Finalize",
      "Parallel Aware": false,
      "Startup Cost": 46092.2,
      "Total Cost": 46092.21,
      "Plan Rows": 1,
      "Plan Width": 8,
      "Actual Startup Time": 141.953,
      "Actual Total Time": 151.605,
      "Actual Rows": 1,
      "Actual Loops": 1,
      "Plans": [
        {
          "Node Type": "Gather",
          "Parent Relationship": "Outer",
          "Parallel Aware": false,
          "Startup Cost": 46091.88,
          "Total Cost": 46092.19,
          "Plan Rows": 3,
          "Plan Width": 8,
          "Actual Startup Time": 141.831,
          "Actual Total Time": 151.594,
          "Actual Rows": 4,
          "Actual Loops": 1,
          "Workers Planned": 3,
          "Workers Launched": 3,
          "Single Copy": false,
          "Plans": [
            {
              "Node Type": "Aggregate",
              "Strategy": "Plain",
              "Partial Mode": "Partial",
              "Parent Relationship": "Outer",
              "Parallel Aware": false,
              "Startup Cost": 45091.88,
              "Total Cost": 45091.89,
              "Plan Rows": 1,
              "Plan Width": 8,
              "Actual Startup Time": 138.59,
              "Actual Total Time": 138.591,
              "Actual Rows": 1,
              "Actual Loops": 4,
              "Plans": [
                {
                  "Node Type": "Seq Scan",
                  "Parent Relationship": "Outer",
                  "Parallel Aware": true,
                  "Relation Name": "movie_keyword",
                  "Alias": "mk",
                  "Startup Cost": 0.0,
                  "Total Cost": 42695.65,
                  "Plan Rows": 958492,
                  "Plan Width": 0,
                  "Actual Startup Time": 0.026,
                  "Actual Total Time": 107.624,
                  "Actual Rows": 745689,
                  "Actual Loops": 4,
                  "Filter": "(keyword_id < 10286)",
                  "Rows Removed by Filter": 385293
                }
              ]
            }
          ]
        }
      ]
    },
    "Planning Time": 0.175,
    "Triggers": [],
    "Execution Time": 151.658
  }
]