[
  {
    "Plan": {
      "Node Type": "Aggregate",
      "Strategy": "Plain",
      "Partial Mode": "Finalize",
      "Parallel Aware": false,
      "Startup Cost": 393455.78,
      "Total Cost": 393455.79,
      "Plan Rows": 1,
      "Plan Width": 8,
      "Actual Startup Time": 3289.464,
      "Actual Total Time": 3371.897,
      "Actual Rows": 1,
      "Actual Loops": 1,
      "Plans": [
        {
          "Node Type": "Gather",
          "Parent Relationship": "Outer",
          "Parallel Aware": false,
          "Startup Cost": 393455.26,
          "Total Cost": 393455.77,
          "Plan Rows": 5,
          "Plan Width": 8,
          "Actual Startup Time": 3283.828,
          "Actual Total Time": 3371.885,
          "Actual Rows": 6,
          "Actual Loops": 1,
          "Workers Planned": 5,
          "Workers Launched": 5,
          "Single Copy": false,
          "Plans": [
            {
              "Node Type": "Aggregate",
              "Strategy": "Plain",
              "Partial Mode": "Partial",
              "Parent Relationship": "Outer",
              "Parallel Aware": false,
              "Startup Cost": 392455.26,
              "Total Cost": 392455.27,
              "Plan Rows": 1,
              "Plan Width": 8,
              "Actual Startup Time": 3274.253,
              "Actual Total Time": 3274.256,
              "Actual Rows": 1,
              "Actual Loops": 6,
              "Plans": [
                {
                  "Node Type": "Nested Loop",
                  "Parent Relationship": "Outer",
                  "Parallel Aware": false,
                  "Join Type": "Inner",
                  "Startup Cost": 85568.51,
                  "Total Cost": 389036.02,
                  "Plan Rows": 1367695,
                  "Plan Width": 0,
                  "Actual Startup Time": 323.548,
                  "Actual Total Time": 3096.215,
                  "Actual Rows": 3784925,
                  "Actual Loops": 6,
                  "Inner Unique": false,
                  "Plans": [
                    {
                      "Node Type": "Merge Join",
                      "Parent Relationship": "Outer",
                      "Parallel Aware": false,
                      "Join Type": "Inner",
                      "Startup Cost": 85567.95,
                      "Total Cost": 180184.45,
                      "Plan Rows": 95449,
                      "Plan Width": 8,
                      "Actual Startup Time": 323.442,
                      "Actual Total Time": 654.796,
                      "Actual Rows": 77713,
                      "Actual Loops": 6,
                      "Inner Unique": false,
                      "Merge Cond": "(t.id = mk.movie_id)",
                      "Plans": [
                        {
                          "Node Type": "Index Only Scan",
                          "Parent Relationship": "Outer",
                          "Parallel Aware": true,
                          "Scan Direction": "Forward",
                          "Index Name": "title_pkey",
                          "Relation Name": "title",
                          "Alias": "t",
                          "Startup Cost": 0.43,
                          "Total Cost": 90113.62,
                          "Plan Rows": 505659,
                          "Plan Width": 4,
                          "Actual Startup Time": 0.139,
                          "Actual Total Time": 295.417,
                          "Actual Rows": 420996,
                          "Actual Loops": 6,
                          "Heap Fetches": 2525977
                        },
                        {
                          "Node Type": "Sort",
                          "Parent Relationship": "Inner",
                          "Parallel Aware": false,
                          "Startup Cost": 85557.4,
                          "Total Cost": 86750.51,
                          "Plan Rows": 477246,
                          "Plan Width": 4,
                          "Actual Startup Time": 278.613,
                          "Actual Total Time": 304.025,
                          "Actual Rows": 466279,
                          "Actual Loops": 6,
                          "Sort Key": [
                            "mk.movie_id"
                          ],
                          "Sort Method": "quicksort",
                          "Sort Space Used": 34145,
                          "Sort Space Type": "Memory",
                          "Workers": [
                            {
                              "Worker Number": 0,
                              "Sort Method": "quicksort",
                              "Sort Space Used": 34145,
                              "Sort Space Type": "Memory"
                            },
                            {
                              "Worker Number": 1,
                              "Sort Method": "quicksort",
                              "Sort Space Used": 34145,
                              "Sort Space Type": "Memory"
                            },
                            {
                              "Worker Number": 2,
                              "Sort Method": "quicksort",
                              "Sort Space Used": 34145,
                              "Sort Space Type": "Memory"
                            },
                            {
                              "Worker Number": 3,
                              "Sort Method": "quicksort",
                              "Sort Space Used": 34145,
                              "Sort Space Type": "Memory"
                            },
                            {
                              "Worker Number": 4,
                              "Sort Method": "quicksort",
                              "Sort Space Used": 34145,
                              "Sort Space Type": "Memory"
                            }
                          ],
                          "Plans": [
                            {
                              "Node Type": "Bitmap Heap Scan",
                              "Parent Relationship": "Outer",
                              "Parallel Aware": false,
                              "Relation Name": "movie_keyword",
                              "Alias": "mk",
                              "Startup Cost": 10123.09,
                              "Total Cost": 40542.66,
                              "Plan Rows": 477246,
                              "Plan Width": 4,
                              "Actual Startup Time": 50.203,
                              "Actual Total Time": 180.639,
                              "Actual Rows": 466279,
                              "Actual Loops": 6,
                              "Recheck Cond": "(keyword_id > 38205)",
                              "Rows Removed by Index Recheck": 0,
                              "Exact Heap Blocks": 22852,
                              "Lossy Heap Blocks": 0,
                              "Plans": [
                                {
                                  "Node Type": "Bitmap Index Scan",
                                  "Parent Relationship": "Outer",
                                  "Parallel Aware": false,
                                  "Index Name": "keyword_id_movie_keyword",
                                  "Startup Cost": 0.0,
                                  "Total Cost": 10003.78,
                                  "Plan Rows": 477246,
                                  "Plan Width": 0,
                                  "Actual Startup Time": 47.022,
                                  "Actual Total Time": 47.023,
                                  "Actual Rows": 466279,
                                  "Actual Loops": 6,
                                  "Index Cond": "(keyword_id > 38205)"
                                }
                              ]
                            }
                          ]
                        }
                      ]
                    },
                    {
                      "Node Type": "Index Only Scan",
                      "Parent Relationship": "Inner",
                      "Parallel Aware": false,
                      "Scan Direction": "Forward",
                      "Index Name": "movie_id_cast_info",
                      "Relation Name": "cast_info",
                      "Alias": "ci",
                      "Startup Cost": 0.56,
                      "Total Cost": 1.82,
                      "Plan Rows": 37,
                      "Plan Width": 4,
                      "Actual Startup Time": 0.004,
                      "Actual Total Time": 0.028,
                      "Actual Rows": 49,
                      "Actual Loops": 466279,
                      "Index Cond": "(movie_id = t.id)",
                      "Rows Removed by Index Recheck": 0,
                      "Heap Fetches": 22709551
                    }
                  ]
                }
              ]
            }
          ]
        }
      ]
    },
    "Planning Time": 1.326,
    "Triggers": [],
    "Execution Time": 3379.095
  }
]