[
  {
    "Plan": {
      "Node Type": "Aggregate",
      "Strategy": "Plain",
      "Partial Mode": "Finalize",
      "Parallel Aware": false,
      "Startup Cost": 303519.26,
      "Total Cost": 303519.27,
      "Plan Rows": 1,
      "Plan Width": 8,
      "Actual Startup Time": 3350.956,
      "Actual Total Time": 3449.191,
      "Actual Rows": 1,
      "Actual Loops": 1,
      "Plans": [
        {
          "Node Type": "Gather",
          "Parent Relationship": "Outer",
          "Parallel Aware": false,
          "Startup Cost": 303518.84,
          "Total Cost": 303519.25,
          "Plan Rows": 4,
          "Plan Width": 8,
          "Actual Startup Time": 3345.855,
          "Actual Total Time": 3449.182,
          "Actual Rows": 5,
          "Actual Loops": 1,
          "Workers Planned": 4,
          "Workers Launched": 4,
          "Single Copy": false,
          "Plans": [
            {
              "Node Type": "Aggregate",
              "Strategy": "Plain",
              "Partial Mode": "Partial",
              "Parent Relationship": "Outer",
              "Parallel Aware": false,
              "Startup Cost": 302518.84,
              "Total Cost": 302518.85,
              "Plan Rows": 1,
              "Plan Width": 8,
              "Actual Startup Time": 3335.049,
              "Actual Total Time": 3335.052,
              "Actual Rows": 1,
              "Actual Loops": 5,
              "Plans": [
                {
                  "Node Type": "Nested Loop",
                  "Parent Relationship": "Outer",
                  "Parallel Aware": false,
                  "Join Type": "Inner",
                  "Startup Cost": 34002.9,
                  "Total Cost": 301202.1,
                  "Plan Rows": 526696,
                  "Plan Width": 0,
                  "Actual Startup Time": 134.633,
                  "Actual Total Time": 3264.202,
                  "Actual Rows": 1478301,
                  "Actual Loops": 5,
                  "Inner Unique": false,
                  "Plans": [
                    {
                      "Node Type": "Hash Join",
                      "Parent Relationship": "Outer",
                      "Parallel Aware": true,
                      "Join Type": "Inner",
                      "Startup Cost": 34002.33,
                      "Total Cost": 79844.92,
                      "Plan Rows": 84781,
                      "Plan Width": 8,
                      "Actual Startup Time": 134.358,
                      "Actual Total Time": 359.805,
                      "Actual Rows": 114977,
                      "Actual Loops": 5,
                      "Inner Unique": false,
                      "Hash Cond": "(t.id = mc.movie_id)",
                      "Plans": [
                        {
                          "Node Type": "Seq Scan",
                          "Parent Relationship": "Outer",
                          "Parallel Aware": true,
                          "Relation Name": "title",
                          "Alias": "t",
                          "Startup Cost": 0.0,
                          "Total Cost": 43898.92,
                          "Plan Rows": 334036,
                          "Plan Width": 4,
                          "Actual Startup Time": 0.015,
                          "Actual Total Time": 79.445,
                          "Actual Rows": 269659,
                          "Actual Loops": 5,
                          "Filter": "(production_year < 2005)",
                          "Rows Removed by Filter": 236004
                        },
                        {
                          "Node Type": "Hash",
                          "Parent Relationship": "Inner",
                          "Parallel Aware": true,
                          "Startup Cost": 31414.82,
                          "Total Cost": 31414.82,
                          "Plan Rows": 207001,
                          "Plan Width": 4,
                          "Actual Startup Time": 130.272,
                          "Actual Total Time": 130.273,
                          "Actual Rows": 174472,
                          "Actual Loops": 5,
                          "Hash Buckets": 1048576,
                          "Original Hash Buckets": 1048576,
                          "Hash Batches": 1,
                          "Original Hash Batches": 1,
                          "Peak Memory Usage": 42368,
                          "Plans": [
                            {
                              "Node Type": "Seq Scan",
                              "Parent Relationship": "Outer",
                              "Parallel Aware": true,
                              "Relation Name": "movie_companies",
                              "Alias": "mc",
                              "Startup Cost": 0.0,
                              "Total Cost": 31414.82,
                              "Plan Rows": 207001,
                              "Plan Width": 4,
                              "Actual Startup Time": 0.051,
                              "Actual Total Time": 68.381,
                              "Actual Rows": 174472,
                              "Actual Loops": 5,
                              "Filter": "((company_id < 11280) AND (company_type_id < 2))",
                              "Rows Removed by Filter": 347354
                            }
                          ]
                        }
                      ]
                    },
                    {
                      "Node Type": "Index Scan",
                      "Parent Relationship": "Inner",
                      "Parallel Aware": false,
                      "Scan Direction": "Forward",
                      "Index Name": "movie_id_cast_info",
                      "Relation Name": "cast_info",
                      "Alias": "ci",
                      "Startup Cost": 0.56,
                      "Total Cost": 2.45,
                      "Plan Rows": 16,
                      "Plan Width": 4,
                      "Actual Startup Time": 0.013,
                      "Actual Total Time": 0.024,
                      "Actual Rows": 13,
                      "Actual Loops": 574886,
                      "Index Cond": "(movie_id = t.id)",
                      "Rows Removed by Index Recheck": 0,
                      "Filter": "(person_id > 2068068)",
                      "Rows Removed by Filter": 20
                    }
                  ]
                }
              ]
            }
          ]
        }
      ]
    },
    "Planning Time": 1.477,
    "Triggers": [],
    "Execution Time": 3449.304
  }
]