[
  {
    "Plan": {
      "Node Type": "Aggregate",
      "Strategy": "Plain",
      "Partial Mode": "Finalize",
      "Parallel Aware": false,
      "Startup Cost": 21316.97,
      "Total Cost": 21316.98,
      "Plan Rows": 1,
      "Plan Width": 8,
      "Actual Startup Time": 75.749,
      "Actual Total Time": 80.195,
      "Actual Rows": 1,
      "Actual Loops": 1,
      "Plans": [
        {
          "Node Type": "Gather",
          "Parent Relationship": "Outer",
          "Parallel Aware": false,
          "Startup Cost": 21316.75,
          "Total Cost": 21316.96,
          "Plan Rows": 2,
          "Plan Width": 8,
          "Actual Startup Time": 74.284,
          "Actual Total Time": 80.189,
          "Actual Rows": 3,
          "Actual Loops": 1,
          "Workers Planned": 2,
          "Workers Launched": 2,
          "Single Copy": false,
          "Plans": [
            {
              "Node Type": "Aggregate",
              "Strategy": "Plain",
              "Partial Mode": "Partial",
              "Parent Relationship": "Outer",
              "Parallel Aware": false,
              "Startup Cost": 20316.75,
              "Total Cost": 20316.76,
              "Plan Rows": 1,
              "Plan Width": 8,
              "Actual Startup Time": 68.169,
              "Actual Total Time": 68.172,
              "Actual Rows": 1,
              "Actual Loops": 3,
              "Plans": [
                {
                  "Node Type": "Nested Loop",
                  "Parent Relationship": "Outer",
                  "Parallel Aware": false,
                  "Join Type": "Inner",
                  "Startup Cost": 10196.31,
                  "Total Cost": 20316.25,
                  "Plan Rows": 203,
                  "Plan Width": 0,
                  "Actual Startup Time": 67.031,
                  "Actual Total Time": 68.168,
                  "Actual Rows": 0,
                  "Actual Loops": 3,
                  "Inner Unique": true,
                  "Join Filter": "(mc.movie_id = t.id)",
                  "Rows Removed by Join Filter": 0,
                  "Plans": [
                    {
                      "Node Type": "Hash Join",
                      "Parent Relationship": "Outer",
                      "Parallel Aware": true,
                      "Join Type": "Inner",
                      "Startup Cost": 10195.88,
                      "Total Cost": 19805.0,
                      "Plan Rows": 496,
                      "Plan Width": 8,
                      "Actual Startup Time": 67.023,
                      "Actual Total Time": 68.159,
                      "Actual Rows": 0,
                      "Actual Loops": 3,
                      "Inner Unique": false,
                      "Hash Cond": "(mc.movie_id = ci.movie_id)",
                      "Plans": [
                        {
                          "Node Type": "Bitmap Heap Scan",
                          "Parent Relationship": "Outer",
                          "Parallel Aware": true,
                          "Relation Name": "movie_companies",
                          "Alias": "mc",
                          "Startup Cost": 86.76,
                          "Total Cost": 9667.78,
                          "Plan Rows": 1631,
                          "Plan Width": 4,
                          "Actual Startup Time": 1.191,
                          "Actual Total Time": 5.069,
                          "Actual Rows": 1494,
                          "Actual Loops": 3,
                          "Recheck Cond": "(company_id = 11373)",
                          "Rows Removed by Index Recheck": 0,
                          "Exact Heap Blocks": 1475,
                          "Lossy Heap Blocks": 0,
                          "Plans": [
                            {
                              "Node Type": "Bitmap Index Scan",
                              "Parent Relationship": "Outer",
                              "Parallel Aware": false,
                              "Index Name": "company_id_movie_companies",
                              "Startup Cost": 0.0,
                              "Total Cost": 85.79,
                              "Plan Rows": 3914,
                              "Plan Width": 0,
                              "Actual Startup Time": 0.876,
                              "Actual Total Time": 0.876,
                              "Actual Rows": 4481,
                              "Actual Loops": 1,
                              "Index Cond": "(company_id = 11373)"
                            }
                          ]
                        },
                        {
                          "Node Type": "Hash",
                          "Parent Relationship": "Inner",
                          "Parallel Aware": true,
                          "Startup Cost": 8837.38,
                          "Total Cost": 8837.38,
                          "Plan Rows": 101739,
                          "Plan Width": 4,
                          "Actual Startup Time": 59.739,
                          "Actual Total Time": 59.74,
                          "Actual Rows": 105373,
                          "Actual Loops": 3,
                          "Hash Buckets": 524288,
                          "Original Hash Buckets": 524288,
                          "Hash Batches": 1,
                          "Original Hash Batches": 1,
                          "Peak Memory Usage": 16512,
                          "Plans": [
                            {
                              "Node Type": "Index Scan",
                              "Parent Relationship": "Outer",
                              "Parallel Aware": true,
                              "Scan Direction": "Forward",
                              "Index Name": "role_id_cast_info",
                              "Relation Name": "cast_info",
                              "Alias": "ci",
                              "Startup Cost": 0.56,
                              "Total Cost": 8837.38,
                              "Plan Rows": 101739,
                              "Plan Width": 4,
                              "Actual Startup Time": 0.12,
                              "Actual Total Time": 27.417,
                              "Actual Rows": 105373,
                              "Actual Loops": 3,
                              "Index Cond": "(role_id > 10)",
                              "Rows Removed by Index Recheck": 0
                            }
                          ]
                        }
                      ]
                    },
                    {
                      "Node Type": "Index Only Scan",
                      "Parent Relationship": "Inner",
                      "Parallel Aware": false,
                      "Scan Direction": "Forward",
                      "Index Name": "title_pkey",
                      "Relation Name": "title",
                      "Alias": "t",
                      "Startup Cost": 0.43,
                      "Total Cost": 1.02,
                      "Plan Rows": 1,
                      "Plan Width": 4,
                      "Actual Startup Time": 0.017,
                      "Actual Total Time": 0.017,
                      "Actual Rows": 1,
                      "Actual Loops": 1,
                      "Index Cond": "(id = ci.movie_id)",
                      "Rows Removed by Index Recheck": 0,
                      "Heap Fetches": 1
                    }
                  ]
                }
              ]
            }
          ]
        }
      ]
    },
    "Planning Time": 0.446,
    "Triggers": [],
    "Execution Time": 80.259
  }
]