[
  {
    "Plan": {
      "Node Type": "Aggregate",
      "Strategy": "Plain",
      "Partial Mode": "Finalize",
      "Parallel Aware": false,
      "Startup Cost": 18548.57,
      "Total Cost": 18548.58,
      "Plan Rows": 1,
      "Plan Width": 8,
      "Actual Startup Time": 55.115,
      "Actual Total Time": 60.324,
      "Actual Rows": 1,
      "Actual Loops": 1,
      "Plans": [
        {
          "Node Type": "Gather",
          "Parent Relationship": "Outer",
          "Parallel Aware": false,
          "Startup Cost": 18548.25,
          "Total Cost": 18548.56,
          "Plan Rows": 3,
          "Plan Width": 8,
          "Actual Startup Time": 54.947,
          "Actual Total Time": 60.317,
          "Actual Rows": 4,
          "Actual Loops": 1,
          "Workers Planned": 3,
          "Workers Launched": 3,
          "Single Copy": false,
          "Plans": [
            {
              "Node Type": "Aggregate",
              "Strategy": "Plain",
              "Partial Mode": "Partial",
              "Parent Relationship": "Outer",
              "Parallel Aware": false,
              "Startup Cost": 17548.25,
              "Total Cost": 17548.26,
              "Plan Rows": 1,
              "Plan Width": 8,
              "Actual Startup Time": 45.782,
              "Actual Total Time": 45.784,
              "Actual Rows": 1,
              "Actual Loops": 4,
              "Plans": [
                {
                  "Node Type": "Nested Loop",
                  "Parent Relationship": "Outer",
                  "Parallel Aware": false,
                  "Join Type": "Inner",
                  "Startup Cost": 8001.54,
                  "Total Cost": 17547.94,
                  "Plan Rows": 126,
                  "Plan Width": 0,
                  "Actual Startup Time": 44.07,
                  "Actual Total Time": 45.779,
                  "Actual Rows": 0,
                  "Actual Loops": 4,
                  "Inner Unique": true,
                  "Join Filter": "(mc.movie_id = t.id)",
                  "Rows Removed by Join Filter": 0,
                  "Plans": [
                    {
                      "Node Type": "Hash Join",
                      "Parent Relationship": "Outer",
                      "Parallel Aware": false,
                      "Join Type": "Inner",
                      "Startup Cost": 8001.11,
                      "Total Cost": 17205.5,
                      "Plan Rows": 322,
                      "Plan Width": 8,
                      "Actual Startup Time": 44.044,
                      "Actual Total Time": 45.753,
                      "Actual Rows": 0,
                      "Actual Loops": 4,
                      "Inner Unique": false,
                      "Hash Cond": "(ci.movie_id = mc.movie_id)",
                      "Plans": [
                        {
                          "Node Type": "Index Scan",
                          "Parent Relationship": "Outer",
                          "Parallel Aware": true,
                          "Scan Direction": "Forward",
                          "Index Name": "role_id_cast_info",
                          "Relation Name": "cast_info",
                          "Alias": "ci",
                          "Startup Cost": 0.56,
                          "Total Cost": 8359.83,
                          "Plan Rows": 96218,
                          "Plan Width": 4,
                          "Actual Startup Time": 0.162,
                          "Actual Total Time": 14.399,
                          "Actual Rows": 79030,
                          "Actual Loops": 4,
                          "Index Cond": "(role_id > 10)",
                          "Rows Removed by Index Recheck": 0
                        },
                        {
                          "Node Type": "Hash",
                          "Parent Relationship": "Inner",
                          "Parallel Aware": false,
                          "Startup Cost": 7959.23,
                          "Total Cost": 7959.23,
                          "Plan Rows": 3305,
                          "Plan Width": 4,
                          "Actual Startup Time": 22.714,
                          "Actual Total Time": 22.715,
                          "Actual Rows": 4481,
                          "Actual Loops": 4,
                          "Hash Buckets": 8192,
                          "Original Hash Buckets": 4096,
                          "Hash Batches": 1,
                          "Original Hash Batches": 1,
                          "Peak Memory Usage": 222,
                          "Plans": [
                            {
                              "Node Type": "Index Scan",
                              "Parent Relationship": "Outer",
                              "Parallel Aware": false,
                              "Scan Direction": "Forward",
                              "Index Name": "company_id_movie_companies",
                              "Relation Name": "movie_companies",
                              "Alias": "mc",
                              "Startup Cost": 0.43,
                              "Total Cost": 7959.23,
                              "Plan Rows": 3305,
                              "Plan Width": 4,
                              "Actual Startup Time": 0.234,
                              "Actual Total Time": 20.139,
                              "Actual Rows": 4481,
                              "Actual Loops": 4,
                              "Index Cond": "(company_id = 11373)",
                              "Rows Removed by Index Recheck": 0
                            }
                          ]
                        }
                      ]
                    },
                    {
                      "Node Type": "Index Only Scan",
                      "Parent Relationship": "Inner",
                      "Parallel Aware": false,
                      "Scan Direction": "Forward",
                      "Index Name": "title_pkey",
                      "Relation Name": "title",
                      "Alias": "t",
                      "Startup Cost": 0.43,
                      "Total Cost": 1.05,
                      "Plan Rows": 1,
                      "Plan Width": 4,
                      "Actual Startup Time": 0.096,
                      "Actual Total Time": 0.096,
                      "Actual Rows": 1,
                      "Actual Loops": 1,
                      "Index Cond": "(id = ci.movie_id)",
                      "Rows Removed by Index Recheck": 0,
                      "Heap Fetches": 1
                    }
                  ]
                }
              ]
            }
          ]
        }
      ]
    },
    "Planning Time": 1.468,
    "Triggers": [],
    "Execution Time": 60.41
  }
]