[
  {
    "Plan": {
      "Node Type": "Aggregate",
      "Strategy": "Plain",
      "Partial Mode": "Finalize",
      "Parallel Aware": false,
      "Startup Cost": 97464.97,
      "Total Cost": 97464.98,
      "Plan Rows": 1,
      "Plan Width": 8,
      "Actual Startup Time": 692.948,
      "Actual Total Time": 710.447,
      "Actual Rows": 1,
      "Actual Loops": 1,
      "Plans": [
        {
          "Node Type": "Gather",
          "Parent Relationship": "Outer",
          "Parallel Aware": false,
          "Startup Cost": 97464.76,
          "Total Cost": 97464.97,
          "Plan Rows": 2,
          "Plan Width": 8,
          "Actual Startup Time": 687.278,
          "Actual Total Time": 710.434,
          "Actual Rows": 3,
          "Actual Loops": 1,
          "Workers Planned": 2,
          "Workers Launched": 2,
          "Single Copy": false,
          "Plans": [
            {
              "Node Type": "Aggregate",
              "Strategy": "Plain",
              "Partial Mode": "Partial",
              "Parent Relationship": "Outer",
              "Parallel Aware": false,
              "Startup Cost": 96464.76,
              "Total Cost": 96464.77,
              "Plan Rows": 1,
              "Plan Width": 8,
              "Actual Startup Time": 678.855,
              "Actual Total Time": 678.863,
              "Actual Rows": 1,
              "Actual Loops": 3,
              "Plans": [
                {
                  "Node Type": "Hash Join",
                  "Parent Relationship": "Outer",
                  "Parallel Aware": true,
                  "Join Type": "Inner",
                  "Startup Cost": 80129.0,
                  "Total Cost": 96248.93,
                  "Plan Rows": 86330,
                  "Plan Width": 0,
                  "Actual Startup Time": 538.181,
                  "Actual Total Time": 670.013,
                  "Actual Rows": 159839,
                  "Actual Loops": 3,
                  "Inner Unique": false,
                  "Hash Cond": "(mi_idx.movie_id = t.id)",
                  "Plans": [
                    {
                      "Node Type": "Seq Scan",
                      "Parent Relationship": "Outer",
                      "Parallel Aware": true,
                      "Relation Name": "movie_info_idx",
                      "Alias": "mi_idx",
                      "Startup Cost": 0.0,
                      "Total Cost": 13685.15,
                      "Plan Rows": 575015,
                      "Plan Width": 4,
                      "Actual Startup Time": 0.034,
                      "Actual Total Time": 47.391,
                      "Actual Rows": 460012,
                      "Actual Loops": 3
                    },
                    {
                      "Node Type": "Hash",
                      "Parent Relationship": "Inner",
                      "Parallel Aware": true,
                      "Startup Cost": 78598.34,
                      "Total Cost": 78598.34,
                      "Plan Rows": 122453,
                      "Plan Width": 8,
                      "Actual Startup Time": 534.157,
                      "Actual Total Time": 534.162,
                      "Actual Rows": 124762,
                      "Actual Loops": 3,
                      "Hash Buckets": 524288,
                      "Original Hash Buckets": 524288,
                      "Hash Batches": 1,
                      "Original Hash Batches": 1,
                      "Peak Memory Usage": 18784,
                      "Plans": [
                        {
                          "Node Type": "Hash Join",
                          "Parent Relationship": "Outer",
                          "Parallel Aware": true,
                          "Join Type": "Inner",
                          "Startup Cost": 48425.52,
                          "Total Cost": 78598.34,
                          "Plan Rows": 122453,
                          "Plan Width": 8,
                          "Actual Startup Time": 276.425,
                          "Actual Total Time": 492.11,
                          "Actual Rows": 124762,
                          "Actual Loops": 3,
                          "Inner Unique": true,
                          "Hash Cond": "(mc.movie_id = t.id)",
                          "Plans": [
                            {
                              "Node Type": "Seq Scan",
                              "Parent Relationship": "Outer",
                              "Parallel Aware": true,
                              "Relation Name": "movie_companies",
                              "Alias": "mc",
                              "Startup Cost": 0.0,
                              "Total Cost": 29310.68,
                              "Plan Rows": 328432,
                              "Plan Width": 4,
                              "Actual Startup Time": 0.01,
                              "Actual Total Time": 102.201,
                              "Actual Rows": 340459,
                              "Actual Loops": 3,
                              "Filter": "(company_id < 5395)",
                              "Rows Removed by Filter": 529250
                            },
                            {
                              "Node Type": "Hash",
                              "Parent Relationship": "Inner",
                              "Parallel Aware": true,
                              "Startup Cost": 45479.59,
                              "Total Cost": 45479.59,
                              "Plan Rows": 235675,
                              "Plan Width": 4,
                              "Actual Startup Time": 272.622,
                              "Actual Total Time": 272.623,
                              "Actual Rows": 290203,
                              "Actual Loops": 3,
                              "Hash Buckets": 1048576,
                              "Original Hash Buckets": 1048576,
                              "Hash Batches": 1,
                              "Original Hash Batches": 1,
                              "Peak Memory Usage": 42304,
                              "Plans": [
                                {
                                  "Node Type": "Seq Scan",
                                  "Parent Relationship": "Outer",
                                  "Parallel Aware": true,
                                  "Relation Name": "title",
                                  "Alias": "t",
                                  "Startup Cost": 0.0,
                                  "Total Cost": 45479.59,
                                  "Plan Rows": 235675,
                                  "Plan Width": 4,
                                  "Actual Startup Time": 0.051,
                                  "Actual Total Time": 154.699,
                                  "Actual Rows": 290203,
                                  "Actual Loops": 3,
                                  "Filter": "((kind_id > 2) AND (production_year < 2005))",
                                  "Rows Removed by Filter": 552567
                                }
                              ]
                            }
                          ]
                        }
                      ]
                    }
                  ]
                }
              ]
            }
          ]
        }
      ]
    },
    "Planning Time": 1.142,
    "Triggers": [],
    "Execution Time": 710.531
  }
]