{
  "Plan": {
    "Node Type": "Aggregate",
    "Strategy": "Plain",
    "Partial Mode": "Finalize",
    "Parallel Aware": false,
    "Startup Cost": 1890029.55,
    "Total Cost": 1890029.56,
    "Plan Rows": 1,
    "Plan Width": 8,
    "Actual Startup Time": 11270.722,
    "Actual Total Time": 11335.373,
    "Actual Rows": 1,
    "Actual Loops": 1,
    "Plans": [
      {
        "Node Type": "Gather",
        "Parent Relationship": "Outer",
        "Parallel Aware": false,
        "Startup Cost": 1890029.44,
        "Total Cost": 1890029.55,
        "Plan Rows": 1,
        "Plan Width": 8,
        "Actual Startup Time": 11249.476,
        "Actual Total Time": 11335.365,
        "Actual Rows": 2,
        "Actual Loops": 1,
        "Workers Planned": 1,
        "Workers Launched": 1,
        "Single Copy": false,
        "Plans": [
          {
            "Node Type": "Aggregate",
            "Strategy": "Plain",
            "Partial Mode": "Partial",
            "Parent Relationship": "Outer",
            "Parallel Aware": false,
            "Startup Cost": 1889029.44,
            "Total Cost": 1889029.45,
            "Plan Rows": 1,
            "Plan Width": 8,
            "Actual Startup Time": 11243.389,
            "Actual Total Time": 11243.394,
            "Actual Rows": 1,
            "Actual Loops": 2,
            "Plans": [
              {
                "Node Type": "Merge Join",
                "Parent Relationship": "Outer",
                "Parallel Aware": false,
                "Join Type": "Inner",
                "Startup Cost": 634598.65,
                "Total Cost": 1858389.18,
                "Plan Rows": 12256101,
                "Plan Width": 0,
                "Actual Startup Time": 4382.866,
                "Actual Total Time": 10430.462,
                "Actual Rows": 18484508,
                "Actual Loops": 2,
                "Inner Unique": false,
                "Merge Cond": "(mi.movie_id = t.id)",
                "Plans": [
                  {
                    "Node Type": "Index Only Scan",
                    "Parent Relationship": "Outer",
                    "Parallel Aware": true,
                    "Scan Direction": "Forward",
                    "Index Name": "movie_id_movie_info",
                    "Relation Name": "movie_info",
                    "Alias": "mi",
                    "Startup Cost": 0.43,
                    "Total Cost": 1018223.42,
                    "Plan Rows": 8696274,
                    "Plan Width": 4,
                    "Actual Startup Time": 0.1,
                    "Actual Total Time": 2790.571,
                    "Actual Rows": 7417500,
                    "Actual Loops": 2,
                    "Heap Fetches": 14835001
                  },
                  {
                    "Node Type": "Sort",
                    "Parent Relationship": "Inner",
                    "Parallel Aware": false,
                    "Startup Cost": 634597.42,
                    "Total Cost": 643505.55,
                    "Plan Rows": 3563252,
                    "Plan Width": 8,
                    "Actual Startup Time": 4382.677,
                    "Actual Total Time": 5392.476,
                    "Actual Rows": 20388679,
                    "Actual Loops": 2,
                    "Sort Key": [
                      "ci.movie_id"
                    ],
                    "Sort Method": "quicksort",
                    "Sort Space Used": 276900,
                    "Sort Space Type": "Memory",
                    "Workers": [
                      {
                        "Worker Number": 0,
                        "Sort Method": "quicksort",
                        "Sort Space Used": 276900,
                        "Sort Space Type": "Memory"
                      }
                    ],
                    "Plans": [
                      {
                        "Node Type": "Hash Join",
                        "Parent Relationship": "Outer",
                        "Parallel Aware": false,
                        "Join Type": "Inner",
                        "Startup Cost": 95430.5,
                        "Total Cost": 246830.74,
                        "Plan Rows": 3563252,
                        "Plan Width": 8,
                        "Actual Startup Time": 927.691,
                        "Actual Total Time": 3415.918,
                        "Actual Rows": 3810042,
                        "Actual Loops": 2,
                        "Inner Unique": true,
                        "Hash Cond": "(ci.movie_id = t.id)",
                        "Plans": [
                          {
                            "Node Type": "Index Scan",
                            "Parent Relationship": "Outer",
                            "Parallel Aware": false,
                            "Scan Direction": "Forward",
                            "Index Name": "role_id_cast_info",
                            "Relation Name": "cast_info",
                            "Alias": "ci",
                            "Startup Cost": 0.56,
                            "Total Cost": 140778.27,
                            "Plan Rows": 4046669,
                            "Plan Width": 4,
                            "Actual Startup Time": 0.148,
                            "Actual Total Time": 569.5,
                            "Actual Rows": 4008037,
                            "Actual Loops": 2,
                            "Index Cond": "(role_id = 3)",
                            "Rows Removed by Index Recheck": 0
                          },
                          {
                            "Node Type": "Hash",
                            "Parent Relationship": "Inner",
                            "Parallel Aware": false,
                            "Startup Cost": 67601.66,
                            "Total Cost": 67601.66,
                            "Plan Rows": 2226262,
                            "Plan Width": 4,
                            "Actual Startup Time": 894.765,
                            "Actual Total Time": 894.766,
                            "Actual Rows": 2214818,
                            "Actual Loops": 2,
                            "Hash Buckets": 4194304,
                            "Original Hash Buckets": 4194304,
                            "Hash Batches": 1,
                            "Original Hash Batches": 1,
                            "Peak Memory Usage": 110633,
                            "Plans": [
                              {
                                "Node Type": "Seq Scan",
                                "Parent Relationship": "Outer",
                                "Parallel Aware": false,
                                "Relation Name": "title",
                                "Alias": "t",
                                "Startup Cost": 0.0,
                                "Total Cost": 67601.66,
                                "Plan Rows": 2226262,
                                "Plan Width": 4,
                                "Actual Startup Time": 0.028,
                                "Actual Total Time": 342.616,
                                "Actual Rows": 2214818,
                                "Actual Loops": 2,
                                "Filter": "(production_year > 1959)",
                                "Rows Removed by Filter": 313494
                              }
                            ]
                          }
                        ]
                      }
                    ]
                  }
                ]
              }
            ]
          }
        ]
      }
    ]
  },
  "Planning Time": 0.871,
  "Triggers": [],
  "Execution Time": 11372.814
}