[
  {
    "Plan": {
      "Node Type": "Aggregate",
      "Strategy": "Plain",
      "Partial Mode": "Finalize",
      "Parallel Aware": false,
      "Startup Cost": 36021.08,
      "Total Cost": 36021.09,
      "Plan Rows": 1,
      "Plan Width": 8,
      "Actual Startup Time": 26.272,
      "Actual Total Time": 30.629,
      "Actual Rows": 1,
      "Actual Loops": 1,
      "Plans": [
        {
          "Node Type": "Gather",
          "Parent Relationship": "Outer",
          "Parallel Aware": false,
          "Startup Cost": 36020.86,
          "Total Cost": 36021.07,
          "Plan Rows": 2,
          "Plan Width": 8,
          "Actual Startup Time": 26.004,
          "Actual Total Time": 30.624,
          "Actual Rows": 3,
          "Actual Loops": 1,
          "Workers Planned": 2,
          "Workers Launched": 2,
          "Single Copy": false,
          "Plans": [
            {
              "Node Type": "Aggregate",
              "Strategy": "Plain",
              "Partial Mode": "Partial",
              "Parent Relationship": "Outer",
              "Parallel Aware": false,
              "Startup Cost": 35020.86,
              "Total Cost": 35020.87,
              "Plan Rows": 1,
              "Plan Width": 8,
              "Actual Startup Time": 20.769,
              "Actual Total Time": 20.771,
              "Actual Rows": 1,
              "Actual Loops": 3,
              "Plans": [
                {
                  "Node Type": "Nested Loop",
                  "Parent Relationship": "Outer",
                  "Parallel Aware": false,
                  "Join Type": "Inner",
                  "Startup Cost": 145.45,
                  "Total Cost": 35013.79,
                  "Plan Rows": 2828,
                  "Plan Width": 0,
                  "Actual Startup Time": 1.143,
                  "Actual Total Time": 20.57,
                  "Actual Rows": 1533,
                  "Actual Loops": 3,
                  "Inner Unique": true,
                  "Plans": [
                    {
                      "Node Type": "Bitmap Heap Scan",
                      "Parent Relationship": "Outer",
                      "Parallel Aware": true,
                      "Relation Name": "movie_keyword",
                      "Alias": "mk",
                      "Startup Cost": 145.02,
                      "Total Cost": 15193.32,
                      "Plan Rows": 2828,
                      "Plan Width": 4,
                      "Actual Startup Time": 1.008,
                      "Actual Total Time": 6.835,
                      "Actual Rows": 1533,
                      "Actual Loops": 3,
                      "Recheck Cond": "(keyword_id = 110)",
                      "Rows Removed by Index Recheck": 0,
                      "Exact Heap Blocks": 2996,
                      "Lossy Heap Blocks": 0,
                      "Plans": [
                        {
                          "Node Type": "Bitmap Index Scan",
                          "Parent Relationship": "Outer",
                          "Parallel Aware": false,
                          "Index Name": "keyword_id_movie_keyword",
                          "Startup Cost": 0.0,
                          "Total Cost": 143.33,
                          "Plan Rows": 6786,
                          "Plan Width": 0,
                          "Actual Startup Time": 1.953,
                          "Actual Total Time": 1.954,
                          "Actual Rows": 4600,
                          "Actual Loops": 1,
                          "Index Cond": "(keyword_id = 110)"
                        }
                      ]
                    },
                    {
                      "Node Type": "Index Only Scan",
                      "Parent Relationship": "Inner",
                      "Parallel Aware": false,
                      "Scan Direction": "Forward",
                      "Index Name": "title_pkey",
                      "Relation Name": "title",
                      "Alias": "t",
                      "Startup Cost": 0.43,
                      "Total Cost": 7.01,
                      "Plan Rows": 1,
                      "Plan Width": 4,
                      "Actual Startup Time": 0.008,
                      "Actual Total Time": 0.008,
                      "Actual Rows": 1,
                      "Actual Loops": 4600,
                      "Index Cond": "(id = mk.movie_id)",
                      "Rows Removed by Index Recheck": 0,
                      "Heap Fetches": 4600
                    }
                  ]
                }
              ]
            }
          ]
        }
      ]
    },
    "Planning Time": 0.246,
    "Triggers": [],
    "Execution Time": 30.668
  }
]