[
  {
    "Plan": {
      "Node Type": "Aggregate",
      "Strategy": "Plain",
      "Partial Mode": "Finalize",
      "Parallel Aware": false,
      "Startup Cost": 31519.41,
      "Total Cost": 31519.42,
      "Plan Rows": 1,
      "Plan Width": 8,
      "Actual Startup Time": 108.805,
      "Actual Total Time": 116.88,
      "Actual Rows": 1,
      "Actual Loops": 1,
      "Plans": [
        {
          "Node Type": "Gather",
          "Parent Relationship": "Outer",
          "Parallel Aware": false,
          "Startup Cost": 31519.1,
          "Total Cost": 31519.41,
          "Plan Rows": 3,
          "Plan Width": 8,
          "Actual Startup Time": 108.686,
          "Actual Total Time": 116.872,
          "Actual Rows": 4,
          "Actual Loops": 1,
          "Workers Planned": 3,
          "Workers Launched": 3,
          "Single Copy": false,
          "Plans": [
            {
              "Node Type": "Aggregate",
              "Strategy": "Plain",
              "Partial Mode": "Partial",
              "Parent Relationship": "Outer",
              "Parallel Aware": false,
              "Startup Cost": 30519.1,
              "Total Cost": 30519.11,
              "Plan Rows": 1,
              "Plan Width": 8,
              "Actual Startup Time": 102.034,
              "Actual Total Time": 102.036,
              "Actual Rows": 1,
              "Actual Loops": 4,
              "Plans": [
                {
                  "Node Type": "Seq Scan",
                  "Parent Relationship": "Outer",
                  "Parallel Aware": true,
                  "Relation Name": "movie_companies",
                  "Alias": "mc",
                  "Startup Cost": 0.0,
                  "Total Cost": 29310.68,
                  "Plan Rows": 483366,
                  "Plan Width": 0,
                  "Actual Startup Time": 12.934,
                  "Actual Total Time": 85.138,
                  "Actual Rows": 374613,
                  "Actual Loops": 4,
                  "Filter": "(company_id > 7774)",
                  "Rows Removed by Filter": 277670
                }
              ]
            }
          ]
        }
      ]
    },
    "Planning Time": 0.157,
    "Triggers": [],
    "Execution Time": 116.927
  }
]