{
  "Plan": {
    "Node Type": "Aggregate",
    "Strategy": "Plain",
    "Partial Mode": "Finalize",
    "Parallel Aware": false,
    "Startup Cost": 133095.17,
    "Total Cost": 133095.18,
    "Plan Rows": 1,
    "Plan Width": 8,
    "Actual Startup Time": 831.329,
    "Actual Total Time": 848.598,
    "Actual Rows": 1,
    "Actual Loops": 1,
    "Plans": [
      {
        "Node Type": "Gather",
        "Parent Relationship": "Outer",
        "Parallel Aware": false,
        "Startup Cost": 133095.06,
        "Total Cost": 133095.17,
        "Plan Rows": 1,
        "Plan Width": 8,
        "Actual Startup Time": 827.669,
        "Actual Total Time": 848.591,
        "Actual Rows": 2,
        "Actual Loops": 1,
        "Workers Planned": 1,
        "Workers Launched": 1,
        "Single Copy": false,
        "Plans": [
          {
            "Node Type": "Aggregate",
            "Strategy": "Plain",
            "Partial Mode": "Partial",
            "Parent Relationship": "Outer",
            "Parallel Aware": false,
            "Startup Cost": 132095.06,
            "Total Cost": 132095.07,
            "Plan Rows": 1,
            "Plan Width": 8,
            "Actual Startup Time": 819.203,
            "Actual Total Time": 819.206,
            "Actual Rows": 1,
            "Actual Loops": 2,
            "Plans": [
              {
                "Node Type": "Hash Join",
                "Parent Relationship": "Outer",
                "Parallel Aware": true,
                "Join Type": "Inner",
                "Startup Cost": 69619.11,
                "Total Cost": 130025.27,
                "Plan Rows": 827915,
                "Plan Width": 0,
                "Actual Startup Time": 469.067,
                "Actual Total Time": 789.485,
                "Actual Rows": 664392,
                "Actual Loops": 2,
                "Inner Unique": true,
                "Hash Cond": "(mk.movie_id = t.id)",
                "Plans": [
                  {
                    "Node Type": "Seq Scan",
                    "Parent Relationship": "Outer",
                    "Parallel Aware": true,
                    "Relation Name": "movie_keyword",
                    "Alias": "mk",
                    "Startup Cost": 0.0,
                    "Total Cost": 57718.19,
                    "Plan Rows": 1023986,
                    "Plan Width": 4,
                    "Actual Startup Time": 0.707,
                    "Actual Total Time": 171.474,
                    "Actual Rows": 874534,
                    "Actual Loops": 2,
                    "Filter": "(keyword_id > 7981)",
                    "Rows Removed by Filter": 1387432
                  },
                  {
                    "Node Type": "Hash",
                    "Parent Relationship": "Inner",
                    "Parallel Aware": true,
                    "Startup Cost": 54588.39,
                    "Total Cost": 54588.39,
                    "Plan Rows": 1202458,
                    "Plan Width": 4,
                    "Actual Startup Time": 453.428,
                    "Actual Total Time": 453.429,
                    "Actual Rows": 1016220,
                    "Actual Loops": 2,
                    "Hash Buckets": 2097152,
                    "Original Hash Buckets": 2097152,
                    "Hash Batches": 1,
                    "Original Hash Batches": 1,
                    "Peak Memory Usage": 95904,
                    "Plans": [
                      {
                        "Node Type": "Seq Scan",
                        "Parent Relationship": "Outer",
                        "Parallel Aware": true,
                        "Relation Name": "title",
                        "Alias": "t",
                        "Startup Cost": 0.0,
                        "Total Cost": 54588.39,
                        "Plan Rows": 1202458,
                        "Plan Width": 4,
                        "Actual Startup Time": 0.03,
                        "Actual Total Time": 181.083,
                        "Actual Rows": 1016220,
                        "Actual Loops": 2,
                        "Filter": "(production_year > 1973)",
                        "Rows Removed by Filter": 247936
                      }
                    ]
                  }
                ]
              }
            ]
          }
        ]
      }
    ]
  },
  "Planning Time": 0.666,
  "Triggers": [],
  "Execution Time": 848.667
}