{
  "Plan": {
    "Node Type": "Aggregate",
    "Strategy": "Plain",
    "Partial Mode": "Finalize",
    "Parallel Aware": false,
    "Startup Cost": 200527.74,
    "Total Cost": 200527.75,
    "Plan Rows": 1,
    "Plan Width": 8,
    "Actual Startup Time": 199.622,
    "Actual Total Time": 228.474,
    "Actual Rows": 1,
    "Actual Loops": 1,
    "Plans": [
      {
        "Node Type": "Gather",
        "Parent Relationship": "Outer",
        "Parallel Aware": false,
        "Startup Cost": 200527.63,
        "Total Cost": 200527.74,
        "Plan Rows": 1,
        "Plan Width": 8,
        "Actual Startup Time": 199.518,
        "Actual Total Time": 228.466,
        "Actual Rows": 2,
        "Actual Loops": 1,
        "Workers Planned": 1,
        "Workers Launched": 1,
        "Single Copy": false,
        "Plans": [
          {
            "Node Type": "Aggregate",
            "Strategy": "Plain",
            "Partial Mode": "Partial",
            "Parent Relationship": "Outer",
            "Parallel Aware": false,
            "Startup Cost": 199527.63,
            "Total Cost": 199527.64,
            "Plan Rows": 1,
            "Plan Width": 8,
            "Actual Startup Time": 192.131,
            "Actual Total Time": 192.132,
            "Actual Rows": 1,
            "Actual Loops": 2,
            "Plans": [
              {
                "Node Type": "Nested Loop",
                "Parent Relationship": "Outer",
                "Parallel Aware": false,
                "Join Type": "Inner",
                "Startup Cost": 0.56,
                "Total Cost": 199523.82,
                "Plan Rows": 1525,
                "Plan Width": 0,
                "Actual Startup Time": 50.112,
                "Actual Total Time": 191.901,
                "Actual Rows": 2966,
                "Actual Loops": 2,
                "Inner Unique": false,
                "Plans": [
                  {
                    "Node Type": "Seq Scan",
                    "Parent Relationship": "Outer",
                    "Parallel Aware": true,
                    "Relation Name": "title",
                    "Alias": "t",
                    "Startup Cost": 0.0,
                    "Total Cost": 54588.39,
                    "Plan Rows": 1065,
                    "Plan Width": 4,
                    "Actual Startup Time": 44.932,
                    "Actual Total Time": 129.865,
                    "Actual Rows": 1242,
                    "Actual Loops": 2,
                    "Filter": "(production_year = 1939)",
                    "Rows Removed by Filter": 1262914
                  },
                  {
                    "Node Type": "Index Scan",
                    "Parent Relationship": "Inner",
                    "Parallel Aware": false,
                    "Scan Direction": "Forward",
                    "Index Name": "movie_id_cast_info",
                    "Relation Name": "cast_info",
                    "Alias": "ci",
                    "Startup Cost": 0.56,
                    "Total Cost": 136.05,
                    "Plan Rows": 4,
                    "Plan Width": 4,
                    "Actual Startup Time": 0.043,
                    "Actual Total Time": 0.049,
                    "Actual Rows": 2,
                    "Actual Loops": 2483,
                    "Index Cond": "(movie_id = t.id)",
                    "Rows Removed by Index Recheck": 0,
                    "Filter": "((person_id > 3122130) AND (role_id > 1))",
                    "Rows Removed by Filter": 19
                  }
                ]
              }
            ]
          }
        ]
      }
    ]
  },
  "Planning Time": 0.529,
  "Triggers": [],
  "Execution Time": 228.553
}