{
  "Plan": {
    "Node Type": "Aggregate",
    "Strategy": "Plain",
    "Partial Mode": "Finalize",
    "Parallel Aware": false,
    "Startup Cost": 119715.63,
    "Total Cost": 119715.64,
    "Plan Rows": 1,
    "Plan Width": 8,
    "Actual Startup Time": 786.081,
    "Actual Total Time": 804.008,
    "Actual Rows": 1,
    "Actual Loops": 1,
    "Plans": [
      {
        "Node Type": "Gather",
        "Parent Relationship": "Outer",
        "Parallel Aware": false,
        "Startup Cost": 119715.52,
        "Total Cost": 119715.63,
        "Plan Rows": 1,
        "Plan Width": 8,
        "Actual Startup Time": 780.848,
        "Actual Total Time": 803.998,
        "Actual Rows": 2,
        "Actual Loops": 1,
        "Workers Planned": 1,
        "Workers Launched": 1,
        "Single Copy": false,
        "Plans": [
          {
            "Node Type": "Aggregate",
            "Strategy": "Plain",
            "Partial Mode": "Partial",
            "Parent Relationship": "Outer",
            "Parallel Aware": false,
            "Startup Cost": 118715.52,
            "Total Cost": 118715.53,
            "Plan Rows": 1,
            "Plan Width": 8,
            "Actual Startup Time": 768.545,
            "Actual Total Time": 768.549,
            "Actual Rows": 1,
            "Actual Loops": 2,
            "Plans": [
              {
                "Node Type": "Hash Join",
                "Parent Relationship": "Outer",
                "Parallel Aware": true,
                "Join Type": "Inner",
                "Startup Cost": 86119.46,
                "Total Cost": 117560.62,
                "Plan Rows": 461961,
                "Plan Width": 0,
                "Actual Startup Time": 562.033,
                "Actual Total Time": 751.012,
                "Actual Rows": 398927,
                "Actual Loops": 2,
                "Inner Unique": true,
                "Hash Cond": "(mk.movie_id = t.id)",
                "Plans": [
                  {
                    "Node Type": "Bitmap Heap Scan",
                    "Parent Relationship": "Outer",
                    "Parallel Aware": true,
                    "Relation Name": "movie_keyword",
                    "Alias": "mk",
                    "Startup Cost": 16658.76,
                    "Total Cost": 46887.27,
                    "Plan Rows": 461961,
                    "Plan Width": 4,
                    "Actual Startup Time": 43.739,
                    "Actual Total Time": 120.975,
                    "Actual Rows": 398927,
                    "Actual Loops": 2,
                    "Recheck Cond": "(keyword_id < 769)",
                    "Rows Removed by Index Recheck": 0,
                    "Exact Heap Blocks": 12194,
                    "Lossy Heap Blocks": 0,
                    "Plans": [
                      {
                        "Node Type": "Bitmap Index Scan",
                        "Parent Relationship": "Outer",
                        "Parallel Aware": false,
                        "Index Name": "keyword_id_movie_keyword",
                        "Startup Cost": 0.0,
                        "Total Cost": 16462.43,
                        "Plan Rows": 785333,
                        "Plan Width": 0,
                        "Actual Startup Time": 40.14,
                        "Actual Total Time": 40.141,
                        "Actual Rows": 797854,
                        "Actual Loops": 1,
                        "Index Cond": "(keyword_id < 769)"
                      }
                    ]
                  },
                  {
                    "Node Type": "Hash",
                    "Parent Relationship": "Inner",
                    "Parallel Aware": true,
                    "Startup Cost": 50870.31,
                    "Total Cost": 50870.31,
                    "Plan Rows": 1487231,
                    "Plan Width": 4,
                    "Actual Startup Time": 496.145,
                    "Actual Total Time": 496.146,
                    "Actual Rows": 1264156,
                    "Actual Loops": 2,
                    "Hash Buckets": 4194304,
                    "Original Hash Buckets": 4194304,
                    "Hash Batches": 1,
                    "Original Hash Batches": 1,
                    "Peak Memory Usage": 131712,
                    "Plans": [
                      {
                        "Node Type": "Seq Scan",
                        "Parent Relationship": "Outer",
                        "Parallel Aware": true,
                        "Relation Name": "title",
                        "Alias": "t",
                        "Startup Cost": 0.0,
                        "Total Cost": 50870.31,
                        "Plan Rows": 1487231,
                        "Plan Width": 4,
                        "Actual Startup Time": 0.025,
                        "Actual Total Time": 144.139,
                        "Actual Rows": 1264156,
                        "Actual Loops": 2
                      }
                    ]
                  }
                ]
              }
            ]
          }
        ]
      }
    ]
  },
  "Planning Time": 0.648,
  "Triggers": [],
  "Execution Time": 804.095
}