[
  {
    "Plan": {
      "Node Type": "Aggregate",
      "Strategy": "Plain",
      "Partial Mode": "Finalize",
      "Parallel Aware": false,
      "Startup Cost": 31932.06,
      "Total Cost": 31932.07,
      "Plan Rows": 1,
      "Plan Width": 8,
      "Actual Startup Time": 104.956,
      "Actual Total Time": 112.138,
      "Actual Rows": 1,
      "Actual Loops": 1,
      "Plans": [
        {
          "Node Type": "Gather",
          "Parent Relationship": "Outer",
          "Parallel Aware": false,
          "Startup Cost": 31931.74,
          "Total Cost": 31932.05,
          "Plan Rows": 3,
          "Plan Width": 8,
          "Actual Startup Time": 104.862,
          "Actual Total Time": 112.129,
          "Actual Rows": 4,
          "Actual Loops": 1,
          "Workers Planned": 3,
          "Workers Launched": 3,
          "Single Copy": false,
          "Plans": [
            {
              "Node Type": "Aggregate",
              "Strategy": "Plain",
              "Partial Mode": "Partial",
              "Parent Relationship": "Outer",
              "Parallel Aware": false,
              "Startup Cost": 30931.74,
              "Total Cost": 30931.75,
              "Plan Rows": 1,
              "Plan Width": 8,
              "Actual Startup Time": 99.624,
              "Actual Total Time": 99.626,
              "Actual Rows": 1,
              "Actual Loops": 4,
              "Plans": [
                {
                  "Node Type": "Seq Scan",
                  "Parent Relationship": "Outer",
                  "Parallel Aware": true,
                  "Relation Name": "movie_companies",
                  "Alias": "mc",
                  "Startup Cost": 0.0,
                  "Total Cost": 29310.68,
                  "Plan Rows": 648424,
                  "Plan Width": 0,
                  "Actual Startup Time": 0.238,
                  "Actual Total Time": 77.539,
                  "Actual Rows": 504213,
                  "Actual Loops": 4,
                  "Filter": "(company_id > 680)",
                  "Rows Removed by Filter": 148069
                }
              ]
            }
          ]
        }
      ]
    },
    "Planning Time": 0.143,
    "Triggers": [],
    "Execution Time": 112.178
  }
]