[
  {
    "Plan": {
      "Node Type": "Aggregate",
      "Strategy": "Plain",
      "Partial Mode": "Simple",
      "Parallel Aware": false,
      "Startup Cost": 2958.93,
      "Total Cost": 2958.94,
      "Plan Rows": 1,
      "Plan Width": 8,
      "Actual Startup Time": 23.298,
      "Actual Total Time": 23.299,
      "Actual Rows": 1,
      "Actual Loops": 1,
      "Plans": [
        {
          "Node Type": "Nested Loop",
          "Parent Relationship": "Outer",
          "Parallel Aware": false,
          "Join Type": "Inner",
          "Startup Cost": 6.75,
          "Total Cost": 2958.5,
          "Plan Rows": 171,
          "Plan Width": 0,
          "Actual Startup Time": 1.401,
          "Actual Total Time": 22.997,
          "Actual Rows": 3226,
          "Actual Loops": 1,
          "Inner Unique": true,
          "Plans": [
            {
              "Node Type": "Bitmap Heap Scan",
              "Parent Relationship": "Outer",
              "Parallel Aware": false,
              "Relation Name": "movie_keyword",
              "Alias": "mk",
              "Startup Cost": 6.32,
              "Total Cost": 908.7,
              "Plan Rows": 244,
              "Plan Width": 4,
              "Actual Startup Time": 1.386,
              "Actual Total Time": 6.799,
              "Actual Rows": 4655,
              "Actual Loops": 1,
              "Recheck Cond": "(keyword_id = 1515)",
              "Rows Removed by Index Recheck": 0,
              "Exact Heap Blocks": 4314,
              "Lossy Heap Blocks": 0,
              "Plans": [
                {
                  "Node Type": "Bitmap Index Scan",
                  "Parent Relationship": "Outer",
                  "Parallel Aware": false,
                  "Index Name": "keyword_id_movie_keyword",
                  "Startup Cost": 0.0,
                  "Total Cost": 6.26,
                  "Plan Rows": 244,
                  "Plan Width": 0,
                  "Actual Startup Time": 0.639,
                  "Actual Total Time": 0.64,
                  "Actual Rows": 4655,
                  "Actual Loops": 1,
                  "Index Cond": "(keyword_id = 1515)"
                }
              ]
            },
            {
              "Node Type": "Index Scan",
              "Parent Relationship": "Inner",
              "Parallel Aware": false,
              "Scan Direction": "Forward",
              "Index Name": "title_pkey",
              "Relation Name": "title",
              "Alias": "t",
              "Startup Cost": 0.43,
              "Total Cost": 8.4,
              "Plan Rows": 1,
              "Plan Width": 4,
              "Actual Startup Time": 0.003,
              "Actual Total Time": 0.003,
              "Actual Rows": 1,
              "Actual Loops": 4655,
              "Index Cond": "(id = mk.movie_id)",
              "Rows Removed by Index Recheck": 0,
              "Filter": "(production_year > 1989)",
              "Rows Removed by Filter": 0
            }
          ]
        }
      ]
    },
    "Planning Time": 0.25,
    "Triggers": [],
    "Execution Time": 23.333
  }
]