[
  {
    "Plan": {
      "Node Type": "Aggregate",
      "Strategy": "Plain",
      "Partial Mode": "Finalize",
      "Parallel Aware": false,
      "Startup Cost": 297477.76,
      "Total Cost": 297477.77,
      "Plan Rows": 1,
      "Plan Width": 8,
      "Actual Startup Time": 1725.749,
      "Actual Total Time": 1774.683,
      "Actual Rows": 1,
      "Actual Loops": 1,
      "Plans": [
        {
          "Node Type": "Gather",
          "Parent Relationship": "Outer",
          "Parallel Aware": false,
          "Startup Cost": 297477.24,
          "Total Cost": 297477.75,
          "Plan Rows": 5,
          "Plan Width": 8,
          "Actual Startup Time": 1710.122,
          "Actual Total Time": 1774.67,
          "Actual Rows": 6,
          "Actual Loops": 1,
          "Workers Planned": 5,
          "Workers Launched": 5,
          "Single Copy": false,
          "Plans": [
            {
              "Node Type": "Aggregate",
              "Strategy": "Plain",
              "Partial Mode": "Partial",
              "Parent Relationship": "Outer",
              "Parallel Aware": false,
              "Startup Cost": 296477.24,
              "Total Cost": 296477.25,
              "Plan Rows": 1,
              "Plan Width": 8,
              "Actual Startup Time": 1699.788,
              "Actual Total Time": 1699.89,
              "Actual Rows": 1,
              "Actual Loops": 6,
              "Plans": [
                {
                  "Node Type": "Hash Join",
                  "Parent Relationship": "Outer",
                  "Parallel Aware": true,
                  "Join Type": "Inner",
                  "Startup Cost": 84759.33,
                  "Total Cost": 294291.26,
                  "Plan Rows": 874391,
                  "Plan Width": 0,
                  "Actual Startup Time": 362.395,
                  "Actual Total Time": 1464.4,
                  "Actual Rows": 5643185,
                  "Actual Loops": 6,
                  "Inner Unique": false,
                  "Hash Cond": "(mi.movie_id = t.id)",
                  "Plans": [
                    {
                      "Node Type": "Seq Scan",
                      "Parent Relationship": "Outer",
                      "Parallel Aware": true,
                      "Relation Name": "movie_info",
                      "Alias": "mi",
                      "Startup Cost": 0.0,
                      "Total Cost": 198952.16,
                      "Plan Rows": 2238345,
                      "Plan Width": 4,
                      "Actual Startup Time": 0.021,
                      "Actual Total Time": 342.709,
                      "Actual Rows": 1868457,
                      "Actual Loops": 6,
                      "Filter": "(info_type_id > 3)",
                      "Rows Removed by Filter": 604163
                    },
                    {
                      "Node Type": "Hash",
                      "Parent Relationship": "Inner",
                      "Parallel Aware": true,
                      "Startup Cost": 81672.9,
                      "Total Cost": 81672.9,
                      "Plan Rows": 246914,
                      "Plan Width": 8,
                      "Actual Startup Time": 357.708,
                      "Actual Total Time": 357.808,
                      "Actual Rows": 140612,
                      "Actual Loops": 6,
                      "Hash Buckets": 1048576,
                      "Original Hash Buckets": 1048576,
                      "Hash Batches": 1,
                      "Original Hash Batches": 1,
                      "Peak Memory Usage": 41312,
                      "Plans": [
                        {
                          "Node Type": "Hash Join",
                          "Parent Relationship": "Outer",
                          "Parallel Aware": true,
                          "Join Type": "Inner",
                          "Startup Cost": 35397.31,
                          "Total Cost": 81672.9,
                          "Plan Rows": 246914,
                          "Plan Width": 8,
                          "Actual Startup Time": 121.094,
                          "Actual Total Time": 307.019,
                          "Actual Rows": 140612,
                          "Actual Loops": 6,
                          "Inner Unique": false,
                          "Hash Cond": "(t.id = mc.movie_id)",
                          "Plans": [
                            {
                              "Node Type": "Seq Scan",
                              "Parent Relationship": "Outer",
                              "Parallel Aware": true,
                              "Relation Name": "title",
                              "Alias": "t",
                              "Startup Cost": 0.0,
                              "Total Cost": 42318.73,
                              "Plan Rows": 632073,
                              "Plan Width": 4,
                              "Actual Startup Time": 0.015,
                              "Actual Total Time": 60.39,
                              "Actual Rows": 421385,
                              "Actual Loops": 6
                            },
                            {
                              "Node Type": "Hash",
                              "Parent Relationship": "Inner",
                              "Parallel Aware": true,
                              "Startup Cost": 31414.82,
                              "Total Cost": 31414.82,
                              "Plan Rows": 318599,
                              "Plan Width": 4,
                              "Actual Startup Time": 119.082,
                              "Actual Total Time": 119.083,
                              "Actual Rows": 140612,
                              "Actual Loops": 6,
                              "Hash Buckets": 1048576,
                              "Original Hash Buckets": 1048576,
                              "Hash Batches": 1,
                              "Original Hash Batches": 1,
                              "Peak Memory Usage": 41248,
                              "Plans": [
                                {
                                  "Node Type": "Seq Scan",
                                  "Parent Relationship": "Outer",
                                  "Parallel Aware": true,
                                  "Relation Name": "movie_companies",
                                  "Alias": "mc",
                                  "Startup Cost": 0.0,
                                  "Total Cost": 31414.82,
                                  "Plan Rows": 318599,
                                  "Plan Width": 4,
                                  "Actual Startup Time": 0.372,
                                  "Actual Total Time": 64.379,
                                  "Actual Rows": 140612,
                                  "Actual Loops": 6,
                                  "Filter": "((company_id > 686) AND (company_type_id < 2))",
                                  "Rows Removed by Filter": 294243
                                }
                              ]
                            }
                          ]
                        }
                      ]
                    }
                  ]
                }
              ]
            }
          ]
        }
      ]
    },
    "Planning Time": 1.419,
    "Triggers": [],
    "Execution Time": 1774.781
  }
]