{
  "Plan": {
    "Node Type": "Aggregate",
    "Strategy": "Plain",
    "Partial Mode": "Simple",
    "Parallel Aware": false,
    "Startup Cost": 5460226.99,
    "Total Cost": 5460227.0,
    "Plan Rows": 1,
    "Plan Width": 64,
    "Actual Startup Time": 84551.246,
    "Actual Total Time": 84551.255,
    "Actual Rows": 1,
    "Actual Loops": 1,
    "Plans": [
      {
        "Node Type": "Nested Loop",
        "Parent Relationship": "Outer",
        "Parallel Aware": false,
        "Join Type": "Inner",
        "Startup Cost": 3889210.17,
        "Total Cost": 5446632.0,
        "Plan Rows": 2718999,
        "Plan Width": 33,
        "Actual Startup Time": 55867.159,
        "Actual Total Time": 84026.525,
        "Actual Rows": 7008945,
        "Actual Loops": 1,
        "Inner Unique": false,
        "Join Filter": "(ci.role_id = rt.id)",
        "Rows Removed by Join Filter": 34298651,
        "Plans": [
          {
            "Node Type": "Seq Scan",
            "Parent Relationship": "Outer",
            "Parallel Aware": false,
            "Relation Name": "role_type",
            "Alias": "rt",
            "Startup Cost": 0.0,
            "Total Cost": 1.15,
            "Plan Rows": 1,
            "Plan Width": 4,
            "Actual Startup Time": 0.024,
            "Actual Total Time": 0.029,
            "Actual Rows": 1,
            "Actual Loops": 1,
            "Filter": "((role)::text = 'actress'::text)",
            "Rows Removed by Filter": 11
          },
          {
            "Node Type": "Merge Join",
            "Parent Relationship": "Inner",
            "Parallel Aware": false,
            "Join Type": "Inner",
            "Startup Cost": 3889210.17,
            "Total Cost": 5038780.96,
            "Plan Rows": 32627991,
            "Plan Width": 37,
            "Actual Startup Time": 55844.213,
            "Actual Total Time": 82013.41,
            "Actual Rows": 41307596,
            "Actual Loops": 1,
            "Inner Unique": true,
            "Merge Cond": "(an1.person_id = n1.id)",
            "Plans": [
              {
                "Node Type": "Merge Join",
                "Parent Relationship": "Outer",
                "Parallel Aware": false,
                "Join Type": "Inner",
                "Startup Cost": 3889209.61,
                "Total Cost": 4442355.04,
                "Plan Rows": 32627991,
                "Plan Width": 45,
                "Actual Startup Time": 55844.161,
                "Actual Total Time": 76135.788,
                "Actual Rows": 41307596,
                "Actual Loops": 1,
                "Inner Unique": false,
                "Merge Cond": "(an1.person_id = ci.person_id)",
                "Plans": [
                  {
                    "Node Type": "Index Scan",
                    "Parent Relationship": "Outer",
                    "Parallel Aware": false,
                    "Scan Direction": "Forward",
                    "Index Name": "person_id_aka_name",
                    "Relation Name": "aka_name",
                    "Alias": "an1",
                    "Startup Cost": 0.42,
                    "Total Cost": 71995.9,
                    "Plan Rows": 901343,
                    "Plan Width": 20,
                    "Actual Startup Time": 0.019,
                    "Actual Total Time": 352.544,
                    "Actual Rows": 772582,
                    "Actual Loops": 1
                  },
                  {
                    "Node Type": "Sort",
                    "Parent Relationship": "Inner",
                    "Parallel Aware": false,
                    "Startup Cost": 3889207.29,
                    "Total Cost": 3923202.42,
                    "Plan Rows": 13598052,
                    "Plan Width": 25,
                    "Actual Startup Time": 55844.132,
                    "Actual Total Time": 68036.995,
                    "Actual Rows": 56319570,
                    "Actual Loops": 1,
                    "Sort Key": [
                      "ci.person_id"
                    ],
                    "Sort Method": "quicksort",
                    "Sort Space Used": 3284433,
                    "Sort Space Type": "Memory",
                    "Plans": [
                      {
                        "Node Type": "Nested Loop",
                        "Parent Relationship": "Outer",
                        "Parallel Aware": false,
                        "Join Type": "Inner",
                        "Startup Cost": 92966.58,
                        "Total Cost": 2278049.12,
                        "Plan Rows": 13598052,
                        "Plan Width": 25,
                        "Actual Startup Time": 1185.164,
                        "Actual Total Time": 44339.851,
                        "Actual Rows": 32289229,
                        "Actual Loops": 1,
                        "Inner Unique": false,
                        "Plans": [
                          {
                            "Node Type": "Hash Join",
                            "Parent Relationship": "Outer",
                            "Parallel Aware": false,
                            "Join Type": "Inner",
                            "Startup Cost": 92966.01,
                            "Total Cost": 255020.59,
                            "Plan Rows": 948414,
                            "Plan Width": 25,
                            "Actual Startup Time": 1185.133,
                            "Actual Total Time": 5056.592,
                            "Actual Rows": 1153798,
                            "Actual Loops": 1,
                            "Inner Unique": true,
                            "Hash Cond": "(mc.movie_id = t.id)",
                            "Plans": [
                              {
                                "Node Type": "Merge Join",
                                "Parent Relationship": "Outer",
                                "Parallel Aware": false,
                                "Join Type": "Inner",
                                "Startup Cost": 78.5,
                                "Total Cost": 159643.49,
                                "Plan Rows": 948414,
                                "Plan Width": 4,
                                "Actual Startup Time": 0.037,
                                "Actual Total Time": 2720.188,
                                "Actual Rows": 1153798,
                                "Actual Loops": 1,
                                "Inner Unique": true,
                                "Merge Cond": "(mc.company_id = cn.id)",
                                "Plans": [
                                  {
                                    "Node Type": "Index Scan",
                                    "Parent Relationship": "Outer",
                                    "Parallel Aware": false,
                                    "Scan Direction": "Forward",
                                    "Index Name": "company_id_movie_companies",
                                    "Relation Name": "movie_companies",
                                    "Alias": "mc",
                                    "Startup Cost": 0.43,
                                    "Total Cost": 130920.01,
                                    "Plan Rows": 2609129,
                                    "Plan Width": 8,
                                    "Actual Startup Time": 0.017,
                                    "Actual Total Time": 2139.626,
                                    "Actual Rows": 2609129,
                                    "Actual Loops": 1
                                  },
                                  {
                                    "Node Type": "Index Scan",
                                    "Parent Relationship": "Inner",
                                    "Parallel Aware": false,
                                    "Scan Direction": "Forward",
                                    "Index Name": "company_name_pkey",
                                    "Relation Name": "company_name",
                                    "Alias": "cn",
                                    "Startup Cost": 0.42,
                                    "Total Cost": 12504.6,
                                    "Plan Rows": 85421,
                                    "Plan Width": 4,
                                    "Actual Startup Time": 0.017,
                                    "Actual Total Time": 264.444,
                                    "Actual Rows": 84843,
                                    "Actual Loops": 1,
                                    "Filter": "((country_code)::text = '[us]'::text)",
                                    "Rows Removed by Filter": 150154
                                  }
                                ]
                              },
                              {
                                "Node Type": "Hash",
                                "Parent Relationship": "Inner",
                                "Parallel Aware": false,
                                "Startup Cost": 61282.23,
                                "Total Cost": 61282.23,
                                "Plan Rows": 2528423,
                                "Plan Width": 21,
                                "Actual Startup Time": 1148.89,
                                "Actual Total Time": 1148.891,
                                "Actual Rows": 2528312,
                                "Actual Loops": 1,
                                "Hash Buckets": 4194304,
                                "Original Hash Buckets": 4194304,
                                "Hash Batches": 1,
                                "Original Hash Batches": 1,
                                "Peak Memory Usage": 168637,
                                "Plans": [
                                  {
                                    "Node Type": "Seq Scan",
                                    "Parent Relationship": "Outer",
                                    "Parallel Aware": false,
                                    "Relation Name": "title",
                                    "Alias": "t",
                                    "Startup Cost": 0.0,
                                    "Total Cost": 61282.23,
                                    "Plan Rows": 2528423,
                                    "Plan Width": 21,
                                    "Actual Startup Time": 0.021,
                                    "Actual Total Time": 308.428,
                                    "Actual Rows": 2528312,
                                    "Actual Loops": 1
                                  }
                                ]
                              }
                            ]
                          },
                          {
                            "Node Type": "Index Scan",
                            "Parent Relationship": "Inner",
                            "Parallel Aware": false,
                            "Scan Direction": "Forward",
                            "Index Name": "movie_id_cast_info",
                            "Relation Name": "cast_info",
                            "Alias": "ci",
                            "Startup Cost": 0.56,
                            "Total Cost": 1.78,
                            "Plan Rows": 35,
                            "Plan Width": 12,
                            "Actual Startup Time": 0.004,
                            "Actual Total Time": 0.031,
                            "Actual Rows": 28,
                            "Actual Loops": 1153798,
                            "Index Cond": "(movie_id = t.id)",
                            "Rows Removed by Index Recheck": 0
                          }
                        ]
                      }
                    ]
                  }
                ]
              },
              {
                "Node Type": "Index Only Scan",
                "Parent Relationship": "Inner",
                "Parallel Aware": false,
                "Scan Direction": "Forward",
                "Index Name": "name_pkey",
                "Relation Name": "name",
                "Alias": "n1",
                "Startup Cost": 0.43,
                "Total Cost": 178174.24,
                "Plan Rows": 4167577,
                "Plan Width": 4,
                "Actual Startup Time": 0.041,
                "Actual Total Time": 1712.245,
                "Actual Rows": 4061913,
                "Actual Loops": 1,
                "Heap Fetches": 4061913
              }
            ]
          }
        ]
      }
    ]
  },
  "Planning Time": 2.029,
  "Triggers": [],
  "Execution Time": 84845.125
}