[
  {
    "Plan": {
      "Node Type": "Aggregate",
      "Strategy": "Plain",
      "Partial Mode": "Finalize",
      "Parallel Aware": false,
      "Startup Cost": 73021.53,
      "Total Cost": 73021.54,
      "Plan Rows": 1,
      "Plan Width": 8,
      "Actual Startup Time": 156.837,
      "Actual Total Time": 170.027,
      "Actual Rows": 1,
      "Actual Loops": 1,
      "Plans": [
        {
          "Node Type": "Gather",
          "Parent Relationship": "Outer",
          "Parallel Aware": false,
          "Startup Cost": 73021.22,
          "Total Cost": 73021.53,
          "Plan Rows": 3,
          "Plan Width": 8,
          "Actual Startup Time": 156.376,
          "Actual Total Time": 170.013,
          "Actual Rows": 4,
          "Actual Loops": 1,
          "Workers Planned": 3,
          "Workers Launched": 3,
          "Single Copy": false,
          "Plans": [
            {
              "Node Type": "Aggregate",
              "Strategy": "Plain",
              "Partial Mode": "Partial",
              "Parent Relationship": "Outer",
              "Parallel Aware": false,
              "Startup Cost": 72021.22,
              "Total Cost": 72021.23,
              "Plan Rows": 1,
              "Plan Width": 8,
              "Actual Startup Time": 147.173,
              "Actual Total Time": 147.176,
              "Actual Rows": 1,
              "Actual Loops": 4,
              "Plans": [
                {
                  "Node Type": "Hash Join",
                  "Parent Relationship": "Outer",
                  "Parallel Aware": true,
                  "Join Type": "Inner",
                  "Startup Cost": 51787.91,
                  "Total Cost": 72015.11,
                  "Plan Rows": 2442,
                  "Plan Width": 0,
                  "Actual Startup Time": 125.801,
                  "Actual Total Time": 147.166,
                  "Actual Rows": 8,
                  "Actual Loops": 4,
                  "Inner Unique": true,
                  "Hash Cond": "(mc.movie_id = t.id)",
                  "Plans": [
                    {
                      "Node Type": "Bitmap Heap Scan",
                      "Parent Relationship": "Outer",
                      "Parallel Aware": true,
                      "Relation Name": "movie_companies",
                      "Alias": "mc",
                      "Startup Cost": 5876.94,
                      "Total Cost": 25986.86,
                      "Plan Rows": 44678,
                      "Plan Width": 4,
                      "Actual Startup Time": 13.396,
                      "Actual Total Time": 33.301,
                      "Actual Rows": 67760,
                      "Actual Loops": 4,
                      "Recheck Cond": "(company_id > 97426)",
                      "Rows Removed by Index Recheck": 0,
                      "Filter": "(company_type_id = 2)",
                      "Rows Removed by Filter": 0,
                      "Exact Heap Blocks": 1592,
                      "Lossy Heap Blocks": 0,
                      "Plans": [
                        {
                          "Node Type": "Bitmap Index Scan",
                          "Parent Relationship": "Outer",
                          "Parallel Aware": false,
                          "Index Name": "company_id_movie_companies",
                          "Startup Cost": 0.0,
                          "Total Cost": 5842.31,
                          "Plan Rows": 272784,
                          "Plan Width": 0,
                          "Actual Startup Time": 12.594,
                          "Actual Total Time": 12.595,
                          "Actual Rows": 271042,
                          "Actual Loops": 1,
                          "Index Cond": "(company_id > 97426)"
                        }
                      ]
                    },
                    {
                      "Node Type": "Hash",
                      "Parent Relationship": "Inner",
                      "Parallel Aware": true,
                      "Startup Cost": 45479.1,
                      "Total Cost": 45479.1,
                      "Plan Rows": 34550,
                      "Plan Width": 4,
                      "Actual Startup Time": 102.233,
                      "Actual Total Time": 102.234,
                      "Actual Rows": 5148,
                      "Actual Loops": 4,
                      "Hash Buckets": 262144,
                      "Original Hash Buckets": 262144,
                      "Hash Batches": 1,
                      "Original Hash Batches": 1,
                      "Peak Memory Usage": 2912,
                      "Plans": [
                        {
                          "Node Type": "Seq Scan",
                          "Parent Relationship": "Outer",
                          "Parallel Aware": true,
                          "Relation Name": "title",
                          "Alias": "t",
                          "Startup Cost": 0.0,
                          "Total Cost": 45479.1,
                          "Plan Rows": 34550,
                          "Plan Width": 4,
                          "Actual Startup Time": 0.102,
                          "Actual Total Time": 98.95,
                          "Actual Rows": 5148,
                          "Actual Loops": 4,
                          "Filter": "((kind_id > 1) AND (production_year < 1955))",
                          "Rows Removed by Filter": 626930
                        }
                      ]
                    }
                  ]
                }
              ]
            }
          ]
        }
      ]
    },
    "Planning Time": 0.701,
    "Triggers": [],
    "Execution Time": 170.12
  }
]