[
  {
    "Plan": {
      "Node Type": "Aggregate",
      "Strategy": "Plain",
      "Partial Mode": "Finalize",
      "Parallel Aware": false,
      "Startup Cost": 342308.66,
      "Total Cost": 342308.67,
      "Plan Rows": 1,
      "Plan Width": 8,
      "Actual Startup Time": 978.767,
      "Actual Total Time": 1029.339,
      "Actual Rows": 1,
      "Actual Loops": 1,
      "Plans": [
        {
          "Node Type": "Gather",
          "Parent Relationship": "Outer",
          "Parallel Aware": false,
          "Startup Cost": 342308.03,
          "Total Cost": 342308.64,
          "Plan Rows": 6,
          "Plan Width": 8,
          "Actual Startup Time": 978.317,
          "Actual Total Time": 1029.325,
          "Actual Rows": 7,
          "Actual Loops": 1,
          "Workers Planned": 6,
          "Workers Launched": 6,
          "Single Copy": false,
          "Plans": [
            {
              "Node Type": "Aggregate",
              "Strategy": "Plain",
              "Partial Mode": "Partial",
              "Parent Relationship": "Outer",
              "Parallel Aware": false,
              "Startup Cost": 341308.03,
              "Total Cost": 341308.04,
              "Plan Rows": 1,
              "Plan Width": 8,
              "Actual Startup Time": 969.22,
              "Actual Total Time": 969.222,
              "Actual Rows": 1,
              "Actual Loops": 7,
              "Plans": [
                {
                  "Node Type": "Seq Scan",
                  "Parent Relationship": "Outer",
                  "Parallel Aware": true,
                  "Relation Name": "cast_info",
                  "Alias": "ci",
                  "Startup Cost": 0.0,
                  "Total Cost": 328211.39,
                  "Plan Rows": 5238656,
                  "Plan Width": 0,
                  "Actual Startup Time": 67.725,
                  "Actual Total Time": 718.76,
                  "Actual Rows": 4462802,
                  "Actual Loops": 7,
                  "Filter": "(person_id > 484487)",
                  "Rows Removed by Filter": 714962
                }
              ]
            }
          ]
        }
      ]
    },
    "Planning Time": 0.2,
    "Triggers": [],
    "Execution Time": 1029.407
  }
]