{
  "Plan": {
    "Node Type": "Aggregate",
    "Strategy": "Plain",
    "Partial Mode": "Finalize",
    "Parallel Aware": false,
    "Startup Cost": 108453.53,
    "Total Cost": 108453.54,
    "Plan Rows": 1,
    "Plan Width": 8,
    "Actual Startup Time": 350.698,
    "Actual Total Time": 366.497,
    "Actual Rows": 1,
    "Actual Loops": 1,
    "Plans": [
      {
        "Node Type": "Gather",
        "Parent Relationship": "Outer",
        "Parallel Aware": false,
        "Startup Cost": 108453.41,
        "Total Cost": 108453.52,
        "Plan Rows": 1,
        "Plan Width": 8,
        "Actual Startup Time": 350.521,
        "Actual Total Time": 366.488,
        "Actual Rows": 2,
        "Actual Loops": 1,
        "Workers Planned": 1,
        "Workers Launched": 1,
        "Single Copy": false,
        "Plans": [
          {
            "Node Type": "Aggregate",
            "Strategy": "Plain",
            "Partial Mode": "Partial",
            "Parent Relationship": "Outer",
            "Parallel Aware": false,
            "Startup Cost": 107453.41,
            "Total Cost": 107453.42,
            "Plan Rows": 1,
            "Plan Width": 8,
            "Actual Startup Time": 344.294,
            "Actual Total Time": 344.299,
            "Actual Rows": 1,
            "Actual Loops": 2,
            "Plans": [
              {
                "Node Type": "Nested Loop",
                "Parent Relationship": "Outer",
                "Parallel Aware": false,
                "Join Type": "Inner",
                "Startup Cost": 58370.57,
                "Total Cost": 107411.15,
                "Plan Rows": 16904,
                "Plan Width": 0,
                "Actual Startup Time": 141.706,
                "Actual Total Time": 343.906,
                "Actual Rows": 7650,
                "Actual Loops": 2,
                "Inner Unique": false,
                "Join Filter": "(t.id = mi.movie_id)",
                "Rows Removed by Join Filter": 0,
                "Plans": [
                  {
                    "Node Type": "Hash Join",
                    "Parent Relationship": "Outer",
                    "Parallel Aware": true,
                    "Join Type": "Inner",
                    "Startup Cost": 58370.13,
                    "Total Cost": 99272.41,
                    "Plan Rows": 3819,
                    "Plan Width": 8,
                    "Actual Startup Time": 141.646,
                    "Actual Total Time": 332.24,
                    "Actual Rows": 1148,
                    "Actual Loops": 2,
                    "Inner Unique": true,
                    "Hash Cond": "(mc.movie_id = t.id)",
                    "Plans": [
                      {
                        "Node Type": "Seq Scan",
                        "Parent Relationship": "Outer",
                        "Parallel Aware": true,
                        "Relation Name": "movie_companies",
                        "Alias": "mc",
                        "Startup Cost": 0.0,
                        "Total Cost": 37974.77,
                        "Plan Rows": 1115242,
                        "Plan Width": 4,
                        "Actual Startup Time": 0.637,
                        "Actual Total Time": 128.628,
                        "Actual Rows": 950245,
                        "Actual Loops": 2,
                        "Filter": "(company_id > 1347)",
                        "Rows Removed by Filter": 354320
                      },
                      {
                        "Node Type": "Hash",
                        "Parent Relationship": "Inner",
                        "Parallel Aware": true,
                        "Startup Cost": 58306.47,
                        "Total Cost": 58306.47,
                        "Plan Rows": 5093,
                        "Plan Width": 4,
                        "Actual Startup Time": 139.668,
                        "Actual Total Time": 139.669,
                        "Actual Rows": 3903,
                        "Actual Loops": 2,
                        "Hash Buckets": 16384,
                        "Original Hash Buckets": 16384,
                        "Hash Batches": 1,
                        "Original Hash Batches": 1,
                        "Peak Memory Usage": 448,
                        "Plans": [
                          {
                            "Node Type": "Seq Scan",
                            "Parent Relationship": "Outer",
                            "Parallel Aware": true,
                            "Relation Name": "title",
                            "Alias": "t",
                            "Startup Cost": 0.0,
                            "Total Cost": 58306.47,
                            "Plan Rows": 5093,
                            "Plan Width": 4,
                            "Actual Startup Time": 0.131,
                            "Actual Total Time": 138.029,
                            "Actual Rows": 3903,
                            "Actual Loops": 2,
                            "Filter": "((kind_id = 7) AND (production_year = 1981))",
                            "Rows Removed by Filter": 1260253
                          }
                        ]
                      }
                    ]
                  },
                  {
                    "Node Type": "Index Scan",
                    "Parent Relationship": "Inner",
                    "Parallel Aware": false,
                    "Scan Direction": "Forward",
                    "Index Name": "movie_id_movie_info",
                    "Relation Name": "movie_info",
                    "Alias": "mi",
                    "Startup Cost": 0.43,
                    "Total Cost": 1.73,
                    "Plan Rows": 32,
                    "Plan Width": 4,
                    "Actual Startup Time": 0.004,
                    "Actual Total Time": 0.009,
                    "Actual Rows": 7,
                    "Actual Loops": 2296,
                    "Index Cond": "(movie_id = mc.movie_id)",
                    "Rows Removed by Index Recheck": 0,
                    "Filter": "(info_type_id > 3)",
                    "Rows Removed by Filter": 1
                  }
                ]
              }
            ]
          }
        ]
      }
    ]
  },
  "Planning Time": 0.977,
  "Triggers": [],
  "Execution Time": 366.584
}