{
  "Plan": {
    "Node Type": "Aggregate",
    "Strategy": "Plain",
    "Partial Mode": "Finalize",
    "Parallel Aware": false,
    "Startup Cost": 610117.37,
    "Total Cost": 610117.38,
    "Plan Rows": 1,
    "Plan Width": 8,
    "Actual Startup Time": 3939.612,
    "Actual Total Time": 4005.264,
    "Actual Rows": 1,
    "Actual Loops": 1,
    "Plans": [
      {
        "Node Type": "Gather",
        "Parent Relationship": "Outer",
        "Parallel Aware": false,
        "Startup Cost": 610117.26,
        "Total Cost": 610117.37,
        "Plan Rows": 1,
        "Plan Width": 8,
        "Actual Startup Time": 3929.602,
        "Actual Total Time": 4005.256,
        "Actual Rows": 2,
        "Actual Loops": 1,
        "Workers Planned": 1,
        "Workers Launched": 1,
        "Single Copy": false,
        "Plans": [
          {
            "Node Type": "Aggregate",
            "Strategy": "Plain",
            "Partial Mode": "Partial",
            "Parent Relationship": "Outer",
            "Parallel Aware": false,
            "Startup Cost": 609117.26,
            "Total Cost": 609117.27,
            "Plan Rows": 1,
            "Plan Width": 8,
            "Actual Startup Time": 3908.189,
            "Actual Total Time": 3908.194,
            "Actual Rows": 1,
            "Actual Loops": 2,
            "Plans": [
              {
                "Node Type": "Hash Join",
                "Parent Relationship": "Outer",
                "Parallel Aware": true,
                "Join Type": "Inner",
                "Startup Cost": 369013.5,
                "Total Cost": 608397.13,
                "Plan Rows": 288053,
                "Plan Width": 0,
                "Actual Startup Time": 3465.472,
                "Actual Total Time": 3908.157,
                "Actual Rows": 446,
                "Actual Loops": 2,
                "Inner Unique": false,
                "Hash Cond": "(ci.movie_id = t.id)",
                "Plans": [
                  {
                    "Node Type": "Index Scan",
                    "Parent Relationship": "Outer",
                    "Parallel Aware": true,
                    "Scan Direction": "Forward",
                    "Index Name": "role_id_cast_info",
                    "Relation Name": "cast_info",
                    "Alias": "ci",
                    "Startup Cost": 0.56,
                    "Total Cost": 236682.84,
                    "Plan Rows": 161109,
                    "Plan Width": 4,
                    "Actual Startup Time": 0.915,
                    "Actual Total Time": 444.275,
                    "Actual Rows": 86,
                    "Actual Loops": 2,
                    "Index Cond": "(role_id = 2)",
                    "Rows Removed by Index Recheck": 0,
                    "Filter": "(person_id < 139010)",
                    "Rows Removed by Filter": 3725901
                  },
                  {
                    "Node Type": "Hash",
                    "Parent Relationship": "Inner",
                    "Parallel Aware": true,
                    "Startup Cost": 335774.39,
                    "Total Cost": 335774.39,
                    "Plan Rows": 2659083,
                    "Plan Width": 8,
                    "Actual Startup Time": 3427.208,
                    "Actual Total Time": 3427.212,
                    "Actual Rows": 3714917,
                    "Actual Loops": 2,
                    "Hash Buckets": 8388608,
                    "Original Hash Buckets": 8388608,
                    "Hash Batches": 1,
                    "Original Hash Batches": 1,
                    "Peak Memory Usage": 356224,
                    "Plans": [
                      {
                        "Node Type": "Hash Join",
                        "Parent Relationship": "Outer",
                        "Parallel Aware": true,
                        "Join Type": "Inner",
                        "Startup Cost": 63990.91,
                        "Total Cost": 335774.39,
                        "Plan Rows": 2659083,
                        "Plan Width": 8,
                        "Actual Startup Time": 232.363,
                        "Actual Total Time": 2471.2,
                        "Actual Rows": 3714917,
                        "Actual Loops": 2,
                        "Inner Unique": true,
                        "Hash Cond": "(mi.movie_id = t.id)",
                        "Plans": [
                          {
                            "Node Type": "Seq Scan",
                            "Parent Relationship": "Outer",
                            "Parallel Aware": true,
                            "Relation Name": "movie_info",
                            "Alias": "mi",
                            "Startup Cost": 0.0,
                            "Total Cost": 248955.74,
                            "Plan Rows": 8696274,
                            "Plan Width": 4,
                            "Actual Startup Time": 0.009,
                            "Actual Total Time": 633.074,
                            "Actual Rows": 7417860,
                            "Actual Loops": 2
                          },
                          {
                            "Node Type": "Hash",
                            "Parent Relationship": "Inner",
                            "Parallel Aware": true,
                            "Startup Cost": 58306.47,
                            "Total Cost": 58306.47,
                            "Plan Rows": 454755,
                            "Plan Width": 4,
                            "Actual Startup Time": 227.524,
                            "Actual Total Time": 227.525,
                            "Actual Rows": 338566,
                            "Actual Loops": 2,
                            "Hash Buckets": 1048576,
                            "Original Hash Buckets": 1048576,
                            "Hash Batches": 1,
                            "Original Hash Batches": 1,
                            "Peak Memory Usage": 34720,
                            "Plans": [
                              {
                                "Node Type": "Seq Scan",
                                "Parent Relationship": "Outer",
                                "Parallel Aware": true,
                                "Relation Name": "title",
                                "Alias": "t",
                                "Startup Cost": 0.0,
                                "Total Cost": 58306.47,
                                "Plan Rows": 454755,
                                "Plan Width": 4,
                                "Actual Startup Time": 0.037,
                                "Actual Total Time": 148.653,
                                "Actual Rows": 338566,
                                "Actual Loops": 2,
                                "Filter": "((kind_id < 7) AND (production_year > 1978))",
                                "Rows Removed by Filter": 925590
                              }
                            ]
                          }
                        ]
                      }
                    ]
                  }
                ]
              }
            ]
          }
        ]
      }
    ]
  },
  "Planning Time": 1.075,
  "Triggers": [],
  "Execution Time": 4005.359
}