[
  {
    "Plan": {
      "Node Type": "Aggregate",
      "Strategy": "Plain",
      "Partial Mode": "Finalize",
      "Parallel Aware": false,
      "Startup Cost": 45825.24,
      "Total Cost": 45825.25,
      "Plan Rows": 1,
      "Plan Width": 8,
      "Actual Startup Time": 152.913,
      "Actual Total Time": 162.679,
      "Actual Rows": 1,
      "Actual Loops": 1,
      "Plans": [
        {
          "Node Type": "Gather",
          "Parent Relationship": "Outer",
          "Parallel Aware": false,
          "Startup Cost": 45824.92,
          "Total Cost": 45825.23,
          "Plan Rows": 3,
          "Plan Width": 8,
          "Actual Startup Time": 152.611,
          "Actual Total Time": 162.67,
          "Actual Rows": 4,
          "Actual Loops": 1,
          "Workers Planned": 3,
          "Workers Launched": 3,
          "Single Copy": false,
          "Plans": [
            {
              "Node Type": "Aggregate",
              "Strategy": "Plain",
              "Partial Mode": "Partial",
              "Parent Relationship": "Outer",
              "Parallel Aware": false,
              "Startup Cost": 44824.92,
              "Total Cost": 44824.93,
              "Plan Rows": 1,
              "Plan Width": 8,
              "Actual Startup Time": 146.723,
              "Actual Total Time": 146.724,
              "Actual Rows": 1,
              "Actual Loops": 4,
              "Plans": [
                {
                  "Node Type": "Seq Scan",
                  "Parent Relationship": "Outer",
                  "Parallel Aware": true,
                  "Relation Name": "movie_keyword",
                  "Alias": "mk",
                  "Startup Cost": 0.0,
                  "Total Cost": 42695.65,
                  "Plan Rows": 851708,
                  "Plan Width": 0,
                  "Actual Startup Time": 0.484,
                  "Actual Total Time": 117.112,
                  "Actual Rows": 659003,
                  "Actual Loops": 4,
                  "Filter": "(keyword_id > 3226)",
                  "Rows Removed by Filter": 471979
                }
              ]
            }
          ]
        }
      ]
    },
    "Planning Time": 0.137,
    "Triggers": [],
    "Execution Time": 162.732
  }
]