[
  {
    "Plan": {
      "Node Type": "Aggregate",
      "Strategy": "Plain",
      "Partial Mode": "Finalize",
      "Parallel Aware": false,
      "Startup Cost": 32894.05,
      "Total Cost": 32894.06,
      "Plan Rows": 1,
      "Plan Width": 8,
      "Actual Startup Time": 88.257,
      "Actual Total Time": 95.709,
      "Actual Rows": 1,
      "Actual Loops": 1,
      "Plans": [
        {
          "Node Type": "Gather",
          "Parent Relationship": "Outer",
          "Parallel Aware": false,
          "Startup Cost": 32893.73,
          "Total Cost": 32894.04,
          "Plan Rows": 3,
          "Plan Width": 8,
          "Actual Startup Time": 88.151,
          "Actual Total Time": 95.699,
          "Actual Rows": 4,
          "Actual Loops": 1,
          "Workers Planned": 3,
          "Workers Launched": 3,
          "Single Copy": false,
          "Plans": [
            {
              "Node Type": "Aggregate",
              "Strategy": "Plain",
              "Partial Mode": "Partial",
              "Parent Relationship": "Outer",
              "Parallel Aware": false,
              "Startup Cost": 31893.73,
              "Total Cost": 31893.74,
              "Plan Rows": 1,
              "Plan Width": 8,
              "Actual Startup Time": 79.565,
              "Actual Total Time": 79.567,
              "Actual Rows": 1,
              "Actual Loops": 4,
              "Plans": [
                {
                  "Node Type": "Seq Scan",
                  "Parent Relationship": "Outer",
                  "Parallel Aware": true,
                  "Relation Name": "movie_companies",
                  "Alias": "mc",
                  "Startup Cost": 0.0,
                  "Total Cost": 31414.82,
                  "Plan Rows": 191564,
                  "Plan Width": 0,
                  "Actual Startup Time": 22.339,
                  "Actual Total Time": 75.651,
                  "Actual Rows": 81349,
                  "Actual Loops": 4,
                  "Filter": "((company_id > 12193) AND (company_type_id = 1))",
                  "Rows Removed by Filter": 570933
                }
              ]
            }
          ]
        }
      ]
    },
    "Planning Time": 0.194,
    "Triggers": [],
    "Execution Time": 95.76
  }
]