[
  {
    "Plan": {
      "Node Type": "Aggregate",
      "Strategy": "Plain",
      "Partial Mode": "Finalize",
      "Parallel Aware": false,
      "Startup Cost": 101740.82,
      "Total Cost": 101740.83,
      "Plan Rows": 1,
      "Plan Width": 8,
      "Actual Startup Time": 264.542,
      "Actual Total Time": 283.014,
      "Actual Rows": 1,
      "Actual Loops": 1,
      "Plans": [
        {
          "Node Type": "Gather",
          "Parent Relationship": "Outer",
          "Parallel Aware": false,
          "Startup Cost": 101740.6,
          "Total Cost": 101740.81,
          "Plan Rows": 2,
          "Plan Width": 8,
          "Actual Startup Time": 264.127,
          "Actual Total Time": 283.007,
          "Actual Rows": 3,
          "Actual Loops": 1,
          "Workers Planned": 2,
          "Workers Launched": 2,
          "Single Copy": false,
          "Plans": [
            {
              "Node Type": "Aggregate",
              "Strategy": "Plain",
              "Partial Mode": "Partial",
              "Parent Relationship": "Outer",
              "Parallel Aware": false,
              "Startup Cost": 100740.6,
              "Total Cost": 100740.61,
              "Plan Rows": 1,
              "Plan Width": 8,
              "Actual Startup Time": 255.873,
              "Actual Total Time": 255.878,
              "Actual Rows": 1,
              "Actual Loops": 3,
              "Plans": [
                {
                  "Node Type": "Nested Loop",
                  "Parent Relationship": "Outer",
                  "Parallel Aware": false,
                  "Join Type": "Inner",
                  "Startup Cost": 45754.08,
                  "Total Cost": 100694.84,
                  "Plan Rows": 18305,
                  "Plan Width": 0,
                  "Actual Startup Time": 129.13,
                  "Actual Total Time": 255.35,
                  "Actual Rows": 8622,
                  "Actual Loops": 3,
                  "Inner Unique": false,
                  "Join Filter": "(t.id = mi.movie_id)",
                  "Rows Removed by Join Filter": 0,
                  "Plans": [
                    {
                      "Node Type": "Hash Join",
                      "Parent Relationship": "Outer",
                      "Parallel Aware": true,
                      "Join Type": "Inner",
                      "Startup Cost": 45753.65,
                      "Total Cost": 60948.21,
                      "Plan Rows": 19982,
                      "Plan Width": 8,
                      "Actual Startup Time": 128.773,
                      "Actual Total Time": 213.443,
                      "Actual Rows": 7101,
                      "Actual Loops": 3,
                      "Inner Unique": true,
                      "Hash Cond": "(mi_idx.movie_id = t.id)",
                      "Plans": [
                        {
                          "Node Type": "Seq Scan",
                          "Parent Relationship": "Outer",
                          "Parallel Aware": true,
                          "Relation Name": "movie_info_idx",
                          "Alias": "mi_idx",
                          "Startup Cost": 0.0,
                          "Total Cost": 13685.15,
                          "Plan Rows": 575015,
                          "Plan Width": 4,
                          "Actual Startup Time": 0.021,
                          "Actual Total Time": 36.556,
                          "Actual Rows": 460012,
                          "Actual Loops": 3
                        },
                        {
                          "Node Type": "Hash",
                          "Parent Relationship": "Inner",
                          "Parallel Aware": true,
                          "Startup Cost": 45479.1,
                          "Total Cost": 45479.1,
                          "Plan Rows": 21964,
                          "Plan Width": 4,
                          "Actual Startup Time": 126.882,
                          "Actual Total Time": 126.883,
                          "Actual Rows": 30876,
                          "Actual Loops": 3,
                          "Hash Buckets": 131072,
                          "Original Hash Buckets": 131072,
                          "Hash Batches": 1,
                          "Original Hash Batches": 1,
                          "Peak Memory Usage": 4672,
                          "Plans": [
                            {
                              "Node Type": "Seq Scan",
                              "Parent Relationship": "Outer",
                              "Parallel Aware": true,
                              "Relation Name": "title",
                              "Alias": "t",
                              "Startup Cost": 0.0,
                              "Total Cost": 45479.1,
                              "Plan Rows": 21964,
                              "Plan Width": 4,
                              "Actual Startup Time": 0.045,
                              "Actual Total Time": 115.339,
                              "Actual Rows": 30876,
                              "Actual Loops": 3,
                              "Filter": "((kind_id = 7) AND (production_year = 2010))",
                              "Rows Removed by Filter": 811895
                            }
                          ]
                        }
                      ]
                    },
                    {
                      "Node Type": "Index Scan",
                      "Parent Relationship": "Inner",
                      "Parallel Aware": false,
                      "Scan Direction": "Forward",
                      "Index Name": "movie_id_movie_info",
                      "Relation Name": "movie_info",
                      "Alias": "mi",
                      "Startup Cost": 0.43,
                      "Total Cost": 1.9,
                      "Plan Rows": 7,
                      "Plan Width": 4,
                      "Actual Startup Time": 0.004,
                      "Actual Total Time": 0.006,
                      "Actual Rows": 1,
                      "Actual Loops": 21303,
                      "Index Cond": "(movie_id = mi_idx.movie_id)",
                      "Rows Removed by Index Recheck": 0,
                      "Filter": "(info_type_id > 16)",
                      "Rows Removed by Filter": 7
                    }
                  ]
                }
              ]
            }
          ]
        }
      ]
    },
    "Planning Time": 1.458,
    "Triggers": [],
    "Execution Time": 283.103
  }
]