[
  {
    "Plan": {
      "Node Type": "Aggregate",
      "Strategy": "Plain",
      "Partial Mode": "Finalize",
      "Parallel Aware": false,
      "Startup Cost": 31225.84,
      "Total Cost": 31225.85,
      "Plan Rows": 1,
      "Plan Width": 8,
      "Actual Startup Time": 115.699,
      "Actual Total Time": 121.872,
      "Actual Rows": 1,
      "Actual Loops": 1,
      "Plans": [
        {
          "Node Type": "Gather",
          "Parent Relationship": "Outer",
          "Parallel Aware": false,
          "Startup Cost": 31225.52,
          "Total Cost": 31225.83,
          "Plan Rows": 3,
          "Plan Width": 8,
          "Actual Startup Time": 115.569,
          "Actual Total Time": 121.859,
          "Actual Rows": 4,
          "Actual Loops": 1,
          "Workers Planned": 3,
          "Workers Launched": 3,
          "Single Copy": false,
          "Plans": [
            {
              "Node Type": "Aggregate",
              "Strategy": "Plain",
              "Partial Mode": "Partial",
              "Parent Relationship": "Outer",
              "Parallel Aware": false,
              "Startup Cost": 30225.52,
              "Total Cost": 30225.53,
              "Plan Rows": 1,
              "Plan Width": 8,
              "Actual Startup Time": 109.773,
              "Actual Total Time": 109.774,
              "Actual Rows": 1,
              "Actual Loops": 4,
              "Plans": [
                {
                  "Node Type": "Seq Scan",
                  "Parent Relationship": "Outer",
                  "Parallel Aware": true,
                  "Relation Name": "movie_companies",
                  "Alias": "mc",
                  "Startup Cost": 0.0,
                  "Total Cost": 29310.68,
                  "Plan Rows": 365935,
                  "Plan Width": 0,
                  "Actual Startup Time": 0.026,
                  "Actual Total Time": 90.42,
                  "Actual Rows": 285755,
                  "Actual Loops": 4,
                  "Filter": "(company_id < 8693)",
                  "Rows Removed by Filter": 366527
                }
              ]
            }
          ]
        }
      ]
    },
    "Planning Time": 0.321,
    "Triggers": [],
    "Execution Time": 121.942
  }
]