[
  {
    "Plan": {
      "Node Type": "Aggregate",
      "Strategy": "Plain",
      "Partial Mode": "Finalize",
      "Parallel Aware": false,
      "Startup Cost": 25135.63,
      "Total Cost": 25135.64,
      "Plan Rows": 1,
      "Plan Width": 8,
      "Actual Startup Time": 31.647,
      "Actual Total Time": 36.647,
      "Actual Rows": 1,
      "Actual Loops": 1,
      "Plans": [
        {
          "Node Type": "Gather",
          "Parent Relationship": "Outer",
          "Parallel Aware": false,
          "Startup Cost": 25135.41,
          "Total Cost": 25135.62,
          "Plan Rows": 2,
          "Plan Width": 8,
          "Actual Startup Time": 31.495,
          "Actual Total Time": 36.637,
          "Actual Rows": 3,
          "Actual Loops": 1,
          "Workers Planned": 2,
          "Workers Launched": 2,
          "Single Copy": false,
          "Plans": [
            {
              "Node Type": "Aggregate",
              "Strategy": "Plain",
              "Partial Mode": "Partial",
              "Parent Relationship": "Outer",
              "Parallel Aware": false,
              "Startup Cost": 24135.41,
              "Total Cost": 24135.42,
              "Plan Rows": 1,
              "Plan Width": 8,
              "Actual Startup Time": 22.949,
              "Actual Total Time": 22.951,
              "Actual Rows": 1,
              "Actual Loops": 3,
              "Plans": [
                {
                  "Node Type": "Nested Loop",
                  "Parent Relationship": "Outer",
                  "Parallel Aware": false,
                  "Join Type": "Inner",
                  "Startup Cost": 143.27,
                  "Total Cost": 24133.27,
                  "Plan Rows": 857,
                  "Plan Width": 0,
                  "Actual Startup Time": 16.356,
                  "Actual Total Time": 22.907,
                  "Actual Rows": 106,
                  "Actual Loops": 3,
                  "Inner Unique": true,
                  "Plans": [
                    {
                      "Node Type": "Bitmap Heap Scan",
                      "Parent Relationship": "Outer",
                      "Parallel Aware": true,
                      "Relation Name": "movie_companies",
                      "Alias": "mc",
                      "Startup Cost": 142.84,
                      "Total Cost": 13446.57,
                      "Plan Rows": 1398,
                      "Plan Width": 4,
                      "Actual Startup Time": 16.039,
                      "Actual Total Time": 17.364,
                      "Actual Rows": 159,
                      "Actual Loops": 3,
                      "Recheck Cond": "(company_id = 93)",
                      "Rows Removed by Index Recheck": 0,
                      "Filter": "(company_type_id = 2)",
                      "Rows Removed by Filter": 1863,
                      "Exact Heap Blocks": 1162,
                      "Lossy Heap Blocks": 0,
                      "Plans": [
                        {
                          "Node Type": "Bitmap Index Scan",
                          "Parent Relationship": "Outer",
                          "Parallel Aware": false,
                          "Index Name": "company_id_movie_companies",
                          "Startup Cost": 0.0,
                          "Total Cost": 142.0,
                          "Plan Rows": 6610,
                          "Plan Width": 0,
                          "Actual Startup Time": 5.26,
                          "Actual Total Time": 5.261,
                          "Actual Rows": 6067,
                          "Actual Loops": 1,
                          "Index Cond": "(company_id = 93)"
                        }
                      ]
                    },
                    {
                      "Node Type": "Index Scan",
                      "Parent Relationship": "Inner",
                      "Parallel Aware": false,
                      "Scan Direction": "Forward",
                      "Index Name": "title_pkey",
                      "Relation Name": "title",
                      "Alias": "t",
                      "Startup Cost": 0.43,
                      "Total Cost": 7.64,
                      "Plan Rows": 1,
                      "Plan Width": 4,
                      "Actual Startup Time": 0.033,
                      "Actual Total Time": 0.033,
                      "Actual Rows": 1,
                      "Actual Loops": 478,
                      "Index Cond": "(id = mc.movie_id)",
                      "Rows Removed by Index Recheck": 0,
                      "Filter": "(kind_id > 4)",
                      "Rows Removed by Filter": 0
                    }
                  ]
                }
              ]
            }
          ]
        }
      ]
    },
    "Planning Time": 2.184,
    "Triggers": [],
    "Execution Time": 36.963
  }
]