[
  {
    "Plan": {
      "Node Type": "Aggregate",
      "Strategy": "Plain",
      "Partial Mode": "Finalize",
      "Parallel Aware": false,
      "Startup Cost": 92066.54,
      "Total Cost": 92066.55,
      "Plan Rows": 1,
      "Plan Width": 8,
      "Actual Startup Time": 355.893,
      "Actual Total Time": 374.996,
      "Actual Rows": 1,
      "Actual Loops": 1,
      "Plans": [
        {
          "Node Type": "Gather",
          "Parent Relationship": "Outer",
          "Parallel Aware": false,
          "Startup Cost": 92066.22,
          "Total Cost": 92066.53,
          "Plan Rows": 3,
          "Plan Width": 8,
          "Actual Startup Time": 352.347,
          "Actual Total Time": 374.988,
          "Actual Rows": 4,
          "Actual Loops": 1,
          "Workers Planned": 3,
          "Workers Launched": 3,
          "Single Copy": false,
          "Plans": [
            {
              "Node Type": "Aggregate",
              "Strategy": "Plain",
              "Partial Mode": "Partial",
              "Parent Relationship": "Outer",
              "Parallel Aware": false,
              "Startup Cost": 91066.22,
              "Total Cost": 91066.23,
              "Plan Rows": 1,
              "Plan Width": 8,
              "Actual Startup Time": 343.981,
              "Actual Total Time": 343.984,
              "Actual Rows": 1,
              "Actual Loops": 4,
              "Plans": [
                {
                  "Node Type": "Hash Join",
                  "Parent Relationship": "Outer",
                  "Parallel Aware": true,
                  "Join Type": "Inner",
                  "Startup Cost": 47095.69,
                  "Total Cost": 90711.61,
                  "Plan Rows": 141846,
                  "Plan Width": 0,
                  "Actual Startup Time": 194.608,
                  "Actual Total Time": 340.783,
                  "Actual Rows": 73050,
                  "Actual Loops": 4,
                  "Inner Unique": true,
                  "Hash Cond": "(mk.movie_id = t.id)",
                  "Plans": [
                    {
                      "Node Type": "Seq Scan",
                      "Parent Relationship": "Outer",
                      "Parallel Aware": true,
                      "Relation Name": "movie_keyword",
                      "Alias": "mk",
                      "Startup Cost": 0.0,
                      "Total Cost": 42695.65,
                      "Plan Rows": 350576,
                      "Plan Width": 4,
                      "Actual Startup Time": 0.026,
                      "Actual Total Time": 92.658,
                      "Actual Rows": 275672,
                      "Actual Loops": 4,
                      "Filter": "(keyword_id < 1135)",
                      "Rows Removed by Filter": 855311
                    },
                    {
                      "Node Type": "Hash",
                      "Parent Relationship": "Inner",
                      "Parallel Aware": true,
                      "Startup Cost": 43898.92,
                      "Total Cost": 43898.92,
                      "Plan Rows": 255742,
                      "Plan Width": 4,
                      "Actual Startup Time": 190.313,
                      "Actual Total Time": 190.314,
                      "Actual Rows": 253230,
                      "Actual Loops": 4,
                      "Hash Buckets": 1048576,
                      "Original Hash Buckets": 1048576,
                      "Hash Batches": 1,
                      "Original Hash Batches": 1,
                      "Peak Memory Usage": 47872,
                      "Plans": [
                        {
                          "Node Type": "Seq Scan",
                          "Parent Relationship": "Outer",
                          "Parallel Aware": true,
                          "Relation Name": "title",
                          "Alias": "t",
                          "Startup Cost": 0.0,
                          "Total Cost": 43898.92,
                          "Plan Rows": 255742,
                          "Plan Width": 4,
                          "Actual Startup Time": 0.041,
                          "Actual Total Time": 102.039,
                          "Actual Rows": 253230,
                          "Actual Loops": 4,
                          "Filter": "(production_year > 2005)",
                          "Rows Removed by Filter": 378848
                        }
                      ]
                    }
                  ]
                }
              ]
            }
          ]
        }
      ]
    },
    "Planning Time": 0.587,
    "Triggers": [],
    "Execution Time": 375.066
  }
]