{
  "Plan": {
    "Node Type": "Aggregate",
    "Strategy": "Plain",
    "Partial Mode": "Finalize",
    "Parallel Aware": false,
    "Startup Cost": 1766043.5,
    "Total Cost": 1766043.51,
    "Plan Rows": 1,
    "Plan Width": 8,
    "Actual Startup Time": 16955.464,
    "Actual Total Time": 17045.052,
    "Actual Rows": 1,
    "Actual Loops": 1,
    "Plans": [
      {
        "Node Type": "Gather",
        "Parent Relationship": "Outer",
        "Parallel Aware": false,
        "Startup Cost": 1766043.39,
        "Total Cost": 1766043.5,
        "Plan Rows": 1,
        "Plan Width": 8,
        "Actual Startup Time": 16935.981,
        "Actual Total Time": 17045.042,
        "Actual Rows": 2,
        "Actual Loops": 1,
        "Workers Planned": 1,
        "Workers Launched": 1,
        "Single Copy": false,
        "Plans": [
          {
            "Node Type": "Aggregate",
            "Strategy": "Plain",
            "Partial Mode": "Partial",
            "Parent Relationship": "Outer",
            "Parallel Aware": false,
            "Startup Cost": 1765043.39,
            "Total Cost": 1765043.4,
            "Plan Rows": 1,
            "Plan Width": 8,
            "Actual Startup Time": 16922.33,
            "Actual Total Time": 16922.336,
            "Actual Rows": 1,
            "Actual Loops": 2,
            "Plans": [
              {
                "Node Type": "Hash Join",
                "Parent Relationship": "Outer",
                "Parallel Aware": true,
                "Join Type": "Inner",
                "Startup Cost": 941108.62,
                "Total Cost": 1690008.12,
                "Plan Rows": 30014105,
                "Plan Width": 0,
                "Actual Startup Time": 3363.108,
                "Actual Total Time": 15114.269,
                "Actual Rows": 43931229,
                "Actual Loops": 2,
                "Inner Unique": false,
                "Hash Cond": "(ci.movie_id = t.id)",
                "Plans": [
                  {
                    "Node Type": "Seq Scan",
                    "Parent Relationship": "Outer",
                    "Parallel Aware": true,
                    "Relation Name": "cast_info",
                    "Alias": "ci",
                    "Startup Cost": 0.0,
                    "Total Cost": 465792.95,
                    "Plan Rows": 21310595,
                    "Plan Width": 4,
                    "Actual Startup Time": 0.025,
                    "Actual Total Time": 1437.724,
                    "Actual Rows": 18122172,
                    "Actual Loops": 2
                  },
                  {
                    "Node Type": "Hash",
                    "Parent Relationship": "Inner",
                    "Parallel Aware": true,
                    "Startup Cost": 914925.68,
                    "Total Cost": 914925.68,
                    "Plan Rows": 2094635,
                    "Plan Width": 8,
                    "Actual Startup Time": 3340.835,
                    "Actual Total Time": 3340.838,
                    "Actual Rows": 2035872,
                    "Actual Loops": 2,
                    "Hash Buckets": 4194304,
                    "Original Hash Buckets": 4194304,
                    "Hash Batches": 1,
                    "Original Hash Batches": 1,
                    "Peak Memory Usage": 192096,
                    "Plans": [
                      {
                        "Node Type": "Merge Join",
                        "Parent Relationship": "Outer",
                        "Parallel Aware": false,
                        "Join Type": "Inner",
                        "Startup Cost": 869123.89,
                        "Total Cost": 914925.68,
                        "Plan Rows": 2094635,
                        "Plan Width": 8,
                        "Actual Startup Time": 1995.426,
                        "Actual Total Time": 2840.444,
                        "Actual Rows": 2035872,
                        "Actual Loops": 2,
                        "Inner Unique": true,
                        "Merge Cond": "(mi.movie_id = t.id)",
                        "Plans": [
                          {
                            "Node Type": "Sort",
                            "Parent Relationship": "Outer",
                            "Parallel Aware": false,
                            "Startup Cost": 642661.63,
                            "Total Cost": 651228.91,
                            "Plan Rows": 3426912,
                            "Plan Width": 4,
                            "Actual Startup Time": 1325.602,
                            "Actual Total Time": 1481.81,
                            "Actual Rows": 2942482,
                            "Actual Loops": 2,
                            "Sort Key": [
                              "mi.movie_id"
                            ],
                            "Sort Method": "quicksort",
                            "Sort Space Used": 243846,
                            "Sort Space Type": "Memory",
                            "Workers": [
                              {
                                "Worker Number": 0,
                                "Sort Method": "quicksort",
                                "Sort Space Used": 228621,
                                "Sort Space Type": "Memory"
                              }
                            ],
                            "Plans": [
                              {
                                "Node Type": "Seq Scan",
                                "Parent Relationship": "Outer",
                                "Parallel Aware": true,
                                "Relation Name": "movie_info",
                                "Alias": "mi",
                                "Startup Cost": 0.0,
                                "Total Cost": 270696.42,
                                "Plan Rows": 3426912,
                                "Plan Width": 4,
                                "Actual Startup Time": 0.031,
                                "Actual Total Time": 712.919,
                                "Actual Rows": 2942482,
                                "Actual Loops": 2,
                                "Filter": "(info_type_id < 7)",
                                "Rows Removed by Filter": 4475378
                              }
                            ]
                          },
                          {
                            "Node Type": "Sort",
                            "Parent Relationship": "Inner",
                            "Parallel Aware": false,
                            "Startup Cost": 226462.11,
                            "Total Cost": 230325.53,
                            "Plan Rows": 1545371,
                            "Plan Width": 4,
                            "Actual Startup Time": 669.809,
                            "Actual Total Time": 901.484,
                            "Actual Rows": 1550803,
                            "Actual Loops": 2,
                            "Sort Key": [
                              "t.id"
                            ],
                            "Sort Method": "quicksort",
                            "Sort Space Used": 121890,
                            "Sort Space Type": "Memory",
                            "Workers": [
                              {
                                "Worker Number": 0,
                                "Sort Method": "quicksort",
                                "Sort Space Used": 121890,
                                "Sort Space Type": "Memory"
                              }
                            ],
                            "Plans": [
                              {
                                "Node Type": "Seq Scan",
                                "Parent Relationship": "Outer",
                                "Parallel Aware": false,
                                "Relation Name": "title",
                                "Alias": "t",
                                "Startup Cost": 0.0,
                                "Total Cost": 67601.66,
                                "Plan Rows": 1545371,
                                "Plan Width": 4,
                                "Actual Startup Time": 0.044,
                                "Actual Total Time": 287.337,
                                "Actual Rows": 1551727,
                                "Actual Loops": 2,
                                "Filter": "(production_year < 2007)",
                                "Rows Removed by Filter": 976585
                              }
                            ]
                          }
                        ]
                      }
                    ]
                  }
                ]
              }
            ]
          }
        ]
      }
    ]
  },
  "Planning Time": 1.03,
  "Triggers": [],
  "Execution Time": 17082.11
}