[
  {
    "Plan": {
      "Node Type": "Aggregate",
      "Strategy": "Plain",
      "Partial Mode": "Finalize",
      "Parallel Aware": false,
      "Startup Cost": 25411.23,
      "Total Cost": 25411.24,
      "Plan Rows": 1,
      "Plan Width": 8,
      "Actual Startup Time": 49.684,
      "Actual Total Time": 53.383,
      "Actual Rows": 1,
      "Actual Loops": 1,
      "Plans": [
        {
          "Node Type": "Gather",
          "Parent Relationship": "Outer",
          "Parallel Aware": false,
          "Startup Cost": 25410.91,
          "Total Cost": 25411.22,
          "Plan Rows": 3,
          "Plan Width": 8,
          "Actual Startup Time": 49.493,
          "Actual Total Time": 53.378,
          "Actual Rows": 4,
          "Actual Loops": 1,
          "Workers Planned": 3,
          "Workers Launched": 3,
          "Single Copy": false,
          "Plans": [
            {
              "Node Type": "Aggregate",
              "Strategy": "Plain",
              "Partial Mode": "Partial",
              "Parent Relationship": "Outer",
              "Parallel Aware": false,
              "Startup Cost": 24410.91,
              "Total Cost": 24410.92,
              "Plan Rows": 1,
              "Plan Width": 8,
              "Actual Startup Time": 46.297,
              "Actual Total Time": 46.298,
              "Actual Rows": 1,
              "Actual Loops": 4,
              "Plans": [
                {
                  "Node Type": "Bitmap Heap Scan",
                  "Parent Relationship": "Outer",
                  "Parallel Aware": true,
                  "Relation Name": "movie_companies",
                  "Alias": "mc",
                  "Startup Cost": 4519.87,
                  "Total Cost": 24324.49,
                  "Plan Rows": 34569,
                  "Plan Width": 0,
                  "Actual Startup Time": 36.577,
                  "Actual Total Time": 45.724,
                  "Actual Rows": 10504,
                  "Actual Loops": 4,
                  "Recheck Cond": "(company_id < 67)",
                  "Rows Removed by Index Recheck": 0,
                  "Filter": "(company_type_id = 2)",
                  "Rows Removed by Filter": 40319,
                  "Exact Heap Blocks": 8409,
                  "Lossy Heap Blocks": 0,
                  "Plans": [
                    {
                      "Node Type": "Bitmap Index Scan",
                      "Parent Relationship": "Outer",
                      "Parallel Aware": false,
                      "Index Name": "company_id_movie_companies",
                      "Startup Cost": 0.0,
                      "Total Cost": 4493.08,
                      "Plan Rows": 209687,
                      "Plan Width": 0,
                      "Actual Startup Time": 13.539,
                      "Actual Total Time": 13.54,
                      "Actual Rows": 203291,
                      "Actual Loops": 1,
                      "Index Cond": "(company_id < 67)"
                    }
                  ]
                }
              ]
            }
          ]
        }
      ]
    },
    "Planning Time": 0.098,
    "Triggers": [],
    "Execution Time": 53.416
  }
]