{
  "Plan": {
    "Node Type": "Aggregate",
    "Strategy": "Plain",
    "Partial Mode": "Finalize",
    "Parallel Aware": false,
    "Startup Cost": 128803.3,
    "Total Cost": 128803.31,
    "Plan Rows": 1,
    "Plan Width": 8,
    "Actual Startup Time": 411.517,
    "Actual Total Time": 428.521,
    "Actual Rows": 1,
    "Actual Loops": 1,
    "Plans": [
      {
        "Node Type": "Gather",
        "Parent Relationship": "Outer",
        "Parallel Aware": false,
        "Startup Cost": 128803.19,
        "Total Cost": 128803.3,
        "Plan Rows": 1,
        "Plan Width": 8,
        "Actual Startup Time": 411.047,
        "Actual Total Time": 428.514,
        "Actual Rows": 2,
        "Actual Loops": 1,
        "Workers Planned": 1,
        "Workers Launched": 1,
        "Single Copy": false,
        "Plans": [
          {
            "Node Type": "Aggregate",
            "Strategy": "Plain",
            "Partial Mode": "Partial",
            "Parent Relationship": "Outer",
            "Parallel Aware": false,
            "Startup Cost": 127803.19,
            "Total Cost": 127803.2,
            "Plan Rows": 1,
            "Plan Width": 8,
            "Actual Startup Time": 406.997,
            "Actual Total Time": 407.001,
            "Actual Rows": 1,
            "Actual Loops": 2,
            "Plans": [
              {
                "Node Type": "Nested Loop",
                "Parent Relationship": "Outer",
                "Parallel Aware": false,
                "Join Type": "Inner",
                "Startup Cost": 80245.93,
                "Total Cost": 127750.61,
                "Plan Rows": 21031,
                "Plan Width": 0,
                "Actual Startup Time": 224.836,
                "Actual Total Time": 405.67,
                "Actual Rows": 21350,
                "Actual Loops": 2,
                "Inner Unique": false,
                "Join Filter": "(t.id = mc.movie_id)",
                "Rows Removed by Join Filter": 0,
                "Plans": [
                  {
                    "Node Type": "Hash Join",
                    "Parent Relationship": "Outer",
                    "Parallel Aware": true,
                    "Join Type": "Inner",
                    "Startup Cost": 80245.5,
                    "Total Cost": 113632.31,
                    "Plan Rows": 20379,
                    "Plan Width": 8,
                    "Actual Startup Time": 224.748,
                    "Actual Total Time": 368.148,
                    "Actual Rows": 7666,
                    "Actual Loops": 2,
                    "Inner Unique": true,
                    "Hash Cond": "(mk.movie_id = t.id)",
                    "Plans": [
                      {
                        "Node Type": "Bitmap Heap Scan",
                        "Parent Relationship": "Outer",
                        "Parallel Aware": true,
                        "Relation Name": "movie_keyword",
                        "Alias": "mk",
                        "Startup Cost": 21297.57,
                        "Total Cost": 53134.06,
                        "Plan Rows": 590599,
                        "Plan Width": 4,
                        "Actual Startup Time": 71.255,
                        "Actual Total Time": 161.662,
                        "Actual Rows": 501207,
                        "Actual Loops": 2,
                        "Recheck Cond": "(keyword_id > 18436)",
                        "Rows Removed by Index Recheck": 0,
                        "Exact Heap Blocks": 12279,
                        "Lossy Heap Blocks": 0,
                        "Plans": [
                          {
                            "Node Type": "Bitmap Index Scan",
                            "Parent Relationship": "Outer",
                            "Parallel Aware": false,
                            "Index Name": "keyword_id_movie_keyword",
                            "Startup Cost": 0.0,
                            "Total Cost": 21046.57,
                            "Plan Rows": 1004018,
                            "Plan Width": 0,
                            "Actual Startup Time": 67.566,
                            "Actual Total Time": 67.567,
                            "Actual Rows": 1002414,
                            "Actual Loops": 1,
                            "Index Cond": "(keyword_id > 18436)"
                          }
                        ]
                      },
                      {
                        "Node Type": "Hash",
                        "Parent Relationship": "Inner",
                        "Parallel Aware": true,
                        "Startup Cost": 58306.47,
                        "Total Cost": 58306.47,
                        "Plan Rows": 51317,
                        "Plan Width": 4,
                        "Actual Startup Time": 150.936,
                        "Actual Total Time": 150.937,
                        "Actual Rows": 48868,
                        "Actual Loops": 2,
                        "Hash Buckets": 131072,
                        "Original Hash Buckets": 131072,
                        "Hash Batches": 1,
                        "Original Hash Batches": 1,
                        "Peak Memory Usage": 4864,
                        "Plans": [
                          {
                            "Node Type": "Seq Scan",
                            "Parent Relationship": "Outer",
                            "Parallel Aware": true,
                            "Relation Name": "title",
                            "Alias": "t",
                            "Startup Cost": 0.0,
                            "Total Cost": 58306.47,
                            "Plan Rows": 51317,
                            "Plan Width": 4,
                            "Actual Startup Time": 0.035,
                            "Actual Total Time": 137.623,
                            "Actual Rows": 48868,
                            "Actual Loops": 2,
                            "Filter": "((kind_id > 2) AND (production_year = 2007))",
                            "Rows Removed by Filter": 1215288
                          }
                        ]
                      }
                    ]
                  },
                  {
                    "Node Type": "Index Only Scan",
                    "Parent Relationship": "Inner",
                    "Parallel Aware": false,
                    "Scan Direction": "Forward",
                    "Index Name": "movie_id_movie_companies",
                    "Relation Name": "movie_companies",
                    "Alias": "mc",
                    "Startup Cost": 0.43,
                    "Total Cost": 0.63,
                    "Plan Rows": 5,
                    "Plan Width": 4,
                    "Actual Startup Time": 0.003,
                    "Actual Total Time": 0.004,
                    "Actual Rows": 3,
                    "Actual Loops": 15331,
                    "Index Cond": "(movie_id = mk.movie_id)",
                    "Rows Removed by Index Recheck": 0,
                    "Heap Fetches": 42700
                  }
                ]
              }
            ]
          }
        ]
      }
    ]
  },
  "Planning Time": 0.849,
  "Triggers": [],
  "Execution Time": 428.628
}