[
  {
    "Plan": {
      "Node Type": "Aggregate",
      "Strategy": "Plain",
      "Partial Mode": "Finalize",
      "Parallel Aware": false,
      "Startup Cost": 71426.95,
      "Total Cost": 71426.96,
      "Plan Rows": 1,
      "Plan Width": 8,
      "Actual Startup Time": 238.637,
      "Actual Total Time": 252.306,
      "Actual Rows": 1,
      "Actual Loops": 1,
      "Plans": [
        {
          "Node Type": "Gather",
          "Parent Relationship": "Outer",
          "Parallel Aware": false,
          "Startup Cost": 71426.53,
          "Total Cost": 71426.94,
          "Plan Rows": 4,
          "Plan Width": 8,
          "Actual Startup Time": 237.232,
          "Actual Total Time": 252.292,
          "Actual Rows": 5,
          "Actual Loops": 1,
          "Workers Planned": 4,
          "Workers Launched": 4,
          "Single Copy": false,
          "Plans": [
            {
              "Node Type": "Aggregate",
              "Strategy": "Plain",
              "Partial Mode": "Partial",
              "Parent Relationship": "Outer",
              "Parallel Aware": false,
              "Startup Cost": 70426.53,
              "Total Cost": 70426.54,
              "Plan Rows": 1,
              "Plan Width": 8,
              "Actual Startup Time": 227.03,
              "Actual Total Time": 227.034,
              "Actual Rows": 1,
              "Actual Loops": 5,
              "Plans": [
                {
                  "Node Type": "Hash Join",
                  "Parent Relationship": "Outer",
                  "Parallel Aware": true,
                  "Join Type": "Inner",
                  "Startup Cost": 23336.4,
                  "Total Cost": 70336.29,
                  "Plan Rows": 36097,
                  "Plan Width": 0,
                  "Actual Startup Time": 166.286,
                  "Actual Total Time": 225.555,
                  "Actual Rows": 28128,
                  "Actual Loops": 5,
                  "Inner Unique": false,
                  "Hash Cond": "(t.id = mc.movie_id)",
                  "Plans": [
                    {
                      "Node Type": "Seq Scan",
                      "Parent Relationship": "Outer",
                      "Parallel Aware": true,
                      "Relation Name": "title",
                      "Alias": "t",
                      "Startup Cost": 0.0,
                      "Total Cost": 43898.92,
                      "Plan Rows": 596906,
                      "Plan Width": 4,
                      "Actual Startup Time": 0.025,
                      "Actual Total Time": 93.242,
                      "Actual Rows": 477775,
                      "Actual Loops": 5,
                      "Filter": "(production_year < 2013)",
                      "Rows Removed by Filter": 27887
                    },
                    {
                      "Node Type": "Hash",
                      "Parent Relationship": "Inner",
                      "Parallel Aware": true,
                      "Startup Cost": 22719.89,
                      "Total Cost": 22719.89,
                      "Plan Rows": 49321,
                      "Plan Width": 4,
                      "Actual Startup Time": 53.272,
                      "Actual Total Time": 53.274,
                      "Actual Rows": 29910,
                      "Actual Loops": 5,
                      "Hash Buckets": 262144,
                      "Original Hash Buckets": 262144,
                      "Hash Batches": 1,
                      "Original Hash Batches": 1,
                      "Peak Memory Usage": 7968,
                      "Plans": [
                        {
                          "Node Type": "Bitmap Heap Scan",
                          "Parent Relationship": "Outer",
                          "Parallel Aware": true,
                          "Relation Name": "movie_companies",
                          "Alias": "mc",
                          "Startup Cost": 3313.37,
                          "Total Cost": 22719.89,
                          "Plan Rows": 49321,
                          "Plan Width": 4,
                          "Actual Startup Time": 15.101,
                          "Actual Total Time": 37.037,
                          "Actual Rows": 29910,
                          "Actual Loops": 5,
                          "Recheck Cond": "(company_id > 132274)",
                          "Rows Removed by Index Recheck": 0,
                          "Exact Heap Blocks": 1763,
                          "Lossy Heap Blocks": 0,
                          "Plans": [
                            {
                              "Node Type": "Bitmap Index Scan",
                              "Parent Relationship": "Outer",
                              "Parallel Aware": false,
                              "Index Name": "company_id_movie_companies",
                              "Startup Cost": 0.0,
                              "Total Cost": 3275.15,
                              "Plan Rows": 152896,
                              "Plan Width": 0,
                              "Actual Startup Time": 16.641,
                              "Actual Total Time": 16.641,
                              "Actual Rows": 149551,
                              "Actual Loops": 1,
                              "Index Cond": "(company_id > 132274)"
                            }
                          ]
                        }
                      ]
                    }
                  ]
                }
              ]
            }
          ]
        }
      ]
    },
    "Planning Time": 0.693,
    "Triggers": [],
    "Execution Time": 252.401
  }
]