[
  {
    "Plan": {
      "Node Type": "Aggregate",
      "Strategy": "Plain",
      "Partial Mode": "Finalize",
      "Parallel Aware": false,
      "Startup Cost": 336890.21,
      "Total Cost": 336890.22,
      "Plan Rows": 1,
      "Plan Width": 8,
      "Actual Startup Time": 712.475,
      "Actual Total Time": 758.733,
      "Actual Rows": 1,
      "Actual Loops": 1,
      "Plans": [
        {
          "Node Type": "Gather",
          "Parent Relationship": "Outer",
          "Parallel Aware": false,
          "Startup Cost": 336889.59,
          "Total Cost": 336890.2,
          "Plan Rows": 6,
          "Plan Width": 8,
          "Actual Startup Time": 712.298,
          "Actual Total Time": 758.723,
          "Actual Rows": 7,
          "Actual Loops": 1,
          "Workers Planned": 6,
          "Workers Launched": 6,
          "Single Copy": false,
          "Plans": [
            {
              "Node Type": "Aggregate",
              "Strategy": "Plain",
              "Partial Mode": "Partial",
              "Parent Relationship": "Outer",
              "Parallel Aware": false,
              "Startup Cost": 335889.59,
              "Total Cost": 335889.6,
              "Plan Rows": 1,
              "Plan Width": 8,
              "Actual Startup Time": 705.453,
              "Actual Total Time": 705.456,
              "Actual Rows": 1,
              "Actual Loops": 7,
              "Plans": [
                {
                  "Node Type": "Seq Scan",
                  "Parent Relationship": "Outer",
                  "Parallel Aware": true,
                  "Relation Name": "cast_info",
                  "Alias": "ci",
                  "Startup Cost": 0.0,
                  "Total Cost": 328211.39,
                  "Plan Rows": 3071279,
                  "Plan Width": 0,
                  "Actual Startup Time": 197.045,
                  "Actual Total Time": 587.887,
                  "Actual Rows": 2610514,
                  "Actual Loops": 7,
                  "Filter": "(person_id > 1782614)",
                  "Rows Removed by Filter": 2567250
                }
              ]
            }
          ]
        }
      ]
    },
    "Planning Time": 0.209,
    "Triggers": [],
    "Execution Time": 758.805
  }
]