[
  {
    "Plan": {
      "Node Type": "Aggregate",
      "Strategy": "Plain",
      "Partial Mode": "Finalize",
      "Parallel Aware": false,
      "Startup Cost": 327841.64,
      "Total Cost": 327841.65,
      "Plan Rows": 1,
      "Plan Width": 8,
      "Actual Startup Time": 443.543,
      "Actual Total Time": 466.954,
      "Actual Rows": 1,
      "Actual Loops": 1,
      "Plans": [
        {
          "Node Type": "Gather",
          "Parent Relationship": "Outer",
          "Parallel Aware": false,
          "Startup Cost": 327841.01,
          "Total Cost": 327841.62,
          "Plan Rows": 6,
          "Plan Width": 8,
          "Actual Startup Time": 443.391,
          "Actual Total Time": 466.941,
          "Actual Rows": 7,
          "Actual Loops": 1,
          "Workers Planned": 6,
          "Workers Launched": 6,
          "Single Copy": false,
          "Plans": [
            {
              "Node Type": "Aggregate",
              "Strategy": "Plain",
              "Partial Mode": "Partial",
              "Parent Relationship": "Outer",
              "Parallel Aware": false,
              "Startup Cost": 326841.01,
              "Total Cost": 326841.02,
              "Plan Rows": 1,
              "Plan Width": 8,
              "Actual Startup Time": 435.497,
              "Actual Total Time": 435.499,
              "Actual Rows": 1,
              "Actual Loops": 7,
              "Plans": [
                {
                  "Node Type": "Index Scan",
                  "Parent Relationship": "Outer",
                  "Parallel Aware": true,
                  "Scan Direction": "Forward",
                  "Index Name": "role_id_cast_info",
                  "Relation Name": "cast_info",
                  "Alias": "ci",
                  "Startup Cost": 0.56,
                  "Total Cost": 325153.08,
                  "Plan Rows": 675172,
                  "Plan Width": 0,
                  "Actual Startup Time": 0.219,
                  "Actual Total Time": 376.605,
                  "Actual Rows": 1139961,
                  "Actual Loops": 7,
                  "Index Cond": "(role_id > 3)",
                  "Rows Removed by Index Recheck": 0,
                  "Filter": "(person_id > 2491329)",
                  "Rows Removed by Filter": 590560
                }
              ]
            }
          ]
        }
      ]
    },
    "Planning Time": 0.199,
    "Triggers": [],
    "Execution Time": 467.017
  }
]