{
  "Plan": {
    "Node Type": "Aggregate",
    "Strategy": "Plain",
    "Partial Mode": "Finalize",
    "Parallel Aware": false,
    "Startup Cost": 98315.01,
    "Total Cost": 98315.02,
    "Plan Rows": 1,
    "Plan Width": 8,
    "Actual Startup Time": 396.084,
    "Actual Total Time": 411.856,
    "Actual Rows": 1,
    "Actual Loops": 1,
    "Plans": [
      {
        "Node Type": "Gather",
        "Parent Relationship": "Outer",
        "Parallel Aware": false,
        "Startup Cost": 98314.89,
        "Total Cost": 98315.0,
        "Plan Rows": 1,
        "Plan Width": 8,
        "Actual Startup Time": 395.576,
        "Actual Total Time": 411.848,
        "Actual Rows": 2,
        "Actual Loops": 1,
        "Workers Planned": 1,
        "Workers Launched": 1,
        "Single Copy": false,
        "Plans": [
          {
            "Node Type": "Aggregate",
            "Strategy": "Plain",
            "Partial Mode": "Partial",
            "Parent Relationship": "Outer",
            "Parallel Aware": false,
            "Startup Cost": 97314.89,
            "Total Cost": 97314.9,
            "Plan Rows": 1,
            "Plan Width": 8,
            "Actual Startup Time": 391.014,
            "Actual Total Time": 391.018,
            "Actual Rows": 1,
            "Actual Loops": 2,
            "Plans": [
              {
                "Node Type": "Hash Join",
                "Parent Relationship": "Outer",
                "Parallel Aware": true,
                "Join Type": "Inner",
                "Startup Cost": 35893.73,
                "Total Cost": 96940.4,
                "Plan Rows": 149798,
                "Plan Width": 0,
                "Actual Startup Time": 116.159,
                "Actual Total Time": 387.761,
                "Actual Rows": 67710,
                "Actual Loops": 2,
                "Inner Unique": false,
                "Hash Cond": "(t.id = mc.movie_id)",
                "Plans": [
                  {
                    "Node Type": "Seq Scan",
                    "Parent Relationship": "Outer",
                    "Parallel Aware": true,
                    "Relation Name": "title",
                    "Alias": "t",
                    "Startup Cost": 0.0,
                    "Total Cost": 50870.31,
                    "Plan Rows": 1487231,
                    "Plan Width": 4,
                    "Actual Startup Time": 0.009,
                    "Actual Total Time": 116.96,
                    "Actual Rows": 1264156,
                    "Actual Loops": 2
                  },
                  {
                    "Node Type": "Hash",
                    "Parent Relationship": "Inner",
                    "Parallel Aware": true,
                    "Startup Cost": 34021.26,
                    "Total Cost": 34021.26,
                    "Plan Rows": 149798,
                    "Plan Width": 4,
                    "Actual Startup Time": 113.543,
                    "Actual Total Time": 113.544,
                    "Actual Rows": 67710,
                    "Actual Loops": 2,
                    "Hash Buckets": 262144,
                    "Original Hash Buckets": 262144,
                    "Hash Batches": 1,
                    "Original Hash Batches": 1,
                    "Peak Memory Usage": 7392,
                    "Plans": [
                      {
                        "Node Type": "Bitmap Heap Scan",
                        "Parent Relationship": "Outer",
                        "Parallel Aware": true,
                        "Relation Name": "movie_companies",
                        "Alias": "mc",
                        "Startup Cost": 10805.76,
                        "Total Cost": 34021.26,
                        "Plan Rows": 149798,
                        "Plan Width": 4,
                        "Actual Startup Time": 79.784,
                        "Actual Total Time": 100.461,
                        "Actual Rows": 67710,
                        "Actual Loops": 2,
                        "Recheck Cond": "(company_id < 448)",
                        "Rows Removed by Index Recheck": 0,
                        "Filter": "(company_type_id = 2)",
                        "Rows Removed by Filter": 181710,
                        "Exact Heap Blocks": 13430,
                        "Lossy Heap Blocks": 0,
                        "Plans": [
                          {
                            "Node Type": "Bitmap Index Scan",
                            "Parent Relationship": "Outer",
                            "Parallel Aware": false,
                            "Index Name": "company_id_movie_companies",
                            "Startup Cost": 0.0,
                            "Total Cost": 10742.1,
                            "Plan Rows": 501556,
                            "Plan Width": 0,
                            "Actual Startup Time": 35.067,
                            "Actual Total Time": 35.068,
                            "Actual Rows": 498840,
                            "Actual Loops": 1,
                            "Index Cond": "(company_id < 448)"
                          }
                        ]
                      }
                    ]
                  }
                ]
              }
            ]
          }
        ]
      }
    ]
  },
  "Planning Time": 0.553,
  "Triggers": [],
  "Execution Time": 411.929
}