{
  "Plan": {
    "Node Type": "Aggregate",
    "Strategy": "Plain",
    "Partial Mode": "Finalize",
    "Parallel Aware": false,
    "Startup Cost": 624176.8,
    "Total Cost": 624176.81,
    "Plan Rows": 1,
    "Plan Width": 8,
    "Actual Startup Time": 4375.292,
    "Actual Total Time": 4442.732,
    "Actual Rows": 1,
    "Actual Loops": 1,
    "Plans": [
      {
        "Node Type": "Gather",
        "Parent Relationship": "Outer",
        "Parallel Aware": false,
        "Startup Cost": 624176.69,
        "Total Cost": 624176.8,
        "Plan Rows": 1,
        "Plan Width": 8,
        "Actual Startup Time": 4371.804,
        "Actual Total Time": 4442.721,
        "Actual Rows": 2,
        "Actual Loops": 1,
        "Workers Planned": 1,
        "Workers Launched": 1,
        "Single Copy": false,
        "Plans": [
          {
            "Node Type": "Aggregate",
            "Strategy": "Plain",
            "Partial Mode": "Partial",
            "Parent Relationship": "Outer",
            "Parallel Aware": false,
            "Startup Cost": 623176.69,
            "Total Cost": 623176.7,
            "Plan Rows": 1,
            "Plan Width": 8,
            "Actual Startup Time": 4363.6,
            "Actual Total Time": 4363.604,
            "Actual Rows": 1,
            "Actual Loops": 2,
            "Plans": [
              {
                "Node Type": "Hash Join",
                "Parent Relationship": "Outer",
                "Parallel Aware": true,
                "Join Type": "Inner",
                "Startup Cost": 66858.29,
                "Total Cost": 611829.11,
                "Plan Rows": 4539030,
                "Plan Width": 0,
                "Actual Startup Time": 819.275,
                "Actual Total Time": 4178.071,
                "Actual Rows": 4602060,
                "Actual Loops": 2,
                "Inner Unique": true,
                "Hash Cond": "(ci.movie_id = t.id)",
                "Plans": [
                  {
                    "Node Type": "Seq Scan",
                    "Parent Relationship": "Outer",
                    "Parallel Aware": true,
                    "Relation Name": "cast_info",
                    "Alias": "ci",
                    "Startup Cost": 0.0,
                    "Total Cost": 519069.44,
                    "Plan Rows": 9867175,
                    "Plan Width": 4,
                    "Actual Startup Time": 462.09,
                    "Actual Total Time": 1430.663,
                    "Actual Rows": 8356453,
                    "Actual Loops": 2,
                    "Filter": "(person_id > 1956327)",
                    "Rows Removed by Filter": 9765719
                  },
                  {
                    "Node Type": "Hash",
                    "Parent Relationship": "Inner",
                    "Parallel Aware": true,
                    "Startup Cost": 58306.47,
                    "Total Cost": 58306.47,
                    "Plan Rows": 684146,
                    "Plan Width": 4,
                    "Actual Startup Time": 341.633,
                    "Actual Total Time": 341.634,
                    "Actual Rows": 633666,
                    "Actual Loops": 2,
                    "Hash Buckets": 2097152,
                    "Original Hash Buckets": 2097152,
                    "Hash Batches": 1,
                    "Original Hash Batches": 1,
                    "Peak Memory Usage": 65984,
                    "Plans": [
                      {
                        "Node Type": "Seq Scan",
                        "Parent Relationship": "Outer",
                        "Parallel Aware": true,
                        "Relation Name": "title",
                        "Alias": "t",
                        "Startup Cost": 0.0,
                        "Total Cost": 58306.47,
                        "Plan Rows": 684146,
                        "Plan Width": 4,
                        "Actual Startup Time": 0.03,
                        "Actual Total Time": 171.824,
                        "Actual Rows": 633666,
                        "Actual Loops": 2,
                        "Filter": "((kind_id > 1) AND (production_year > 1996))",
                        "Rows Removed by Filter": 630490
                      }
                    ]
                  }
                ]
              }
            ]
          }
        ]
      }
    ]
  },
  "Planning Time": 0.678,
  "Triggers": [],
  "Execution Time": 4442.817
}