[
  {
    "Plan": {
      "Node Type": "Aggregate",
      "Strategy": "Plain",
      "Partial Mode": "Finalize",
      "Parallel Aware": false,
      "Startup Cost": 143333.99,
      "Total Cost": 143334.0,
      "Plan Rows": 1,
      "Plan Width": 8,
      "Actual Startup Time": 1506.755,
      "Actual Total Time": 1572.488,
      "Actual Rows": 1,
      "Actual Loops": 1,
      "Plans": [
        {
          "Node Type": "Gather",
          "Parent Relationship": "Outer",
          "Parallel Aware": false,
          "Startup Cost": 143333.67,
          "Total Cost": 143333.98,
          "Plan Rows": 3,
          "Plan Width": 8,
          "Actual Startup Time": 1502.281,
          "Actual Total Time": 1572.479,
          "Actual Rows": 4,
          "Actual Loops": 1,
          "Workers Planned": 3,
          "Workers Launched": 3,
          "Single Copy": false,
          "Plans": [
            {
              "Node Type": "Aggregate",
              "Strategy": "Plain",
              "Partial Mode": "Partial",
              "Parent Relationship": "Outer",
              "Parallel Aware": false,
              "Startup Cost": 142333.67,
              "Total Cost": 142333.68,
              "Plan Rows": 1,
              "Plan Width": 8,
              "Actual Startup Time": 1494.21,
              "Actual Total Time": 1494.213,
              "Actual Rows": 1,
              "Actual Loops": 4,
              "Plans": [
                {
                  "Node Type": "Nested Loop",
                  "Parent Relationship": "Outer",
                  "Parallel Aware": false,
                  "Join Type": "Inner",
                  "Startup Cost": 45631.99,
                  "Total Cost": 141781.72,
                  "Plan Rows": 220782,
                  "Plan Width": 0,
                  "Actual Startup Time": 97.132,
                  "Actual Total Time": 1445.93,
                  "Actual Rows": 1101115,
                  "Actual Loops": 4,
                  "Inner Unique": false,
                  "Join Filter": "(t.id = ci.movie_id)",
                  "Rows Removed by Join Filter": 0,
                  "Plans": [
                    {
                      "Node Type": "Hash Join",
                      "Parent Relationship": "Outer",
                      "Parallel Aware": true,
                      "Join Type": "Inner",
                      "Startup Cost": 45631.42,
                      "Total Cost": 88509.5,
                      "Plan Rows": 28135,
                      "Plan Width": 8,
                      "Actual Startup Time": 96.881,
                      "Actual Total Time": 262.118,
                      "Actual Rows": 38598,
                      "Actual Loops": 4,
                      "Inner Unique": true,
                      "Hash Cond": "(mk.movie_id = t.id)",
                      "Plans": [
                        {
                          "Node Type": "Seq Scan",
                          "Parent Relationship": "Outer",
                          "Parallel Aware": true,
                          "Relation Name": "movie_keyword",
                          "Alias": "mk",
                          "Startup Cost": 0.0,
                          "Total Cost": 39047.32,
                          "Plan Rows": 1459332,
                          "Plan Width": 4,
                          "Actual Startup Time": 0.022,
                          "Actual Total Time": 78.125,
                          "Actual Rows": 1130982,
                          "Actual Loops": 4
                        },
                        {
                          "Node Type": "Hash",
                          "Parent Relationship": "Inner",
                          "Parallel Aware": true,
                          "Startup Cost": 45479.1,
                          "Total Cost": 45479.1,
                          "Plan Rows": 12186,
                          "Plan Width": 4,
                          "Actual Startup Time": 95.401,
                          "Actual Total Time": 95.402,
                          "Actual Rows": 8872,
                          "Actual Loops": 4,
                          "Hash Buckets": 65536,
                          "Original Hash Buckets": 65536,
                          "Hash Batches": 1,
                          "Original Hash Batches": 1,
                          "Peak Memory Usage": 1920,
                          "Plans": [
                            {
                              "Node Type": "Seq Scan",
                              "Parent Relationship": "Outer",
                              "Parallel Aware": true,
                              "Relation Name": "title",
                              "Alias": "t",
                              "Startup Cost": 0.0,
                              "Total Cost": 45479.1,
                              "Plan Rows": 12186,
                              "Plan Width": 4,
                              "Actual Startup Time": 0.172,
                              "Actual Total Time": 92.098,
                              "Actual Rows": 8872,
                              "Actual Loops": 4,
                              "Filter": "((kind_id < 7) AND (production_year = 2007))",
                              "Rows Removed by Filter": 623206
                            }
                          ]
                        }
                      ]
                    },
                    {
                      "Node Type": "Index Scan",
                      "Parent Relationship": "Inner",
                      "Parallel Aware": false,
                      "Scan Direction": "Forward",
                      "Index Name": "movie_id_cast_info",
                      "Relation Name": "cast_info",
                      "Alias": "ci",
                      "Startup Cost": 0.56,
                      "Total Cost": 1.64,
                      "Plan Rows": 20,
                      "Plan Width": 4,
                      "Actual Startup Time": 0.003,
                      "Actual Total Time": 0.028,
                      "Actual Rows": 29,
                      "Actual Loops": 154392,
                      "Index Cond": "(movie_id = mk.movie_id)",
                      "Rows Removed by Index Recheck": 0,
                      "Filter": "(role_id < 3)",
                      "Rows Removed by Filter": 35
                    }
                  ]
                }
              ]
            }
          ]
        }
      ]
    },
    "Planning Time": 1.269,
    "Triggers": [],
    "Execution Time": 1572.59
  }
]