[
  {
    "Plan": {
      "Node Type": "Aggregate",
      "Strategy": "Plain",
      "Partial Mode": "Finalize",
      "Parallel Aware": false,
      "Startup Cost": 46482.92,
      "Total Cost": 46482.93,
      "Plan Rows": 1,
      "Plan Width": 8,
      "Actual Startup Time": 86.148,
      "Actual Total Time": 96.723,
      "Actual Rows": 1,
      "Actual Loops": 1,
      "Plans": [
        {
          "Node Type": "Gather",
          "Parent Relationship": "Outer",
          "Parallel Aware": false,
          "Startup Cost": 46482.5,
          "Total Cost": 46482.91,
          "Plan Rows": 4,
          "Plan Width": 8,
          "Actual Startup Time": 85.739,
          "Actual Total Time": 96.696,
          "Actual Rows": 5,
          "Actual Loops": 1,
          "Workers Planned": 4,
          "Workers Launched": 4,
          "Single Copy": false,
          "Plans": [
            {
              "Node Type": "Aggregate",
              "Strategy": "Plain",
              "Partial Mode": "Partial",
              "Parent Relationship": "Outer",
              "Parallel Aware": false,
              "Startup Cost": 45482.5,
              "Total Cost": 45482.51,
              "Plan Rows": 1,
              "Plan Width": 8,
              "Actual Startup Time": 79.222,
              "Actual Total Time": 79.226,
              "Actual Rows": 1,
              "Actual Loops": 5,
              "Plans": [
                {
                  "Node Type": "Seq Scan",
                  "Parent Relationship": "Outer",
                  "Parallel Aware": true,
                  "Relation Name": "title",
                  "Alias": "t",
                  "Startup Cost": 0.0,
                  "Total Cost": 45479.59,
                  "Plan Rows": 1164,
                  "Plan Width": 0,
                  "Actual Startup Time": 1.973,
                  "Actual Total Time": 79.106,
                  "Actual Rows": 1031,
                  "Actual Loops": 5,
                  "Filter": "((kind_id < 3) AND (production_year = 1970))",
                  "Rows Removed by Filter": 504631
                }
              ]
            }
          ]
        }
      ]
    },
    "Planning Time": 0.066,
    "Triggers": [],
    "Execution Time": 96.75
  }
]