[
    {
        "Bao": {
            "Bao prediction": 742.544,
            "Bao recommended hint": "(no hint)"
        }
    },
    {
        "Plan": {
            "Node Type": "Aggregate",
            "Strategy": "Plain",
            "Partial Mode": "Finalize",
            "Parallel Aware": false,
            "Startup Cost": 248633.3,
            "Total Cost": 248633.31,
            "Plan Rows": 1,
            "Plan Width": 8,
            "Actual Startup Time": 643.542,
            "Actual Total Time": 670.155,
            "Actual Rows": 1,
            "Actual Loops": 1,
            "Output": [
                "count(*)"
            ],
            "Plans": [
                {
                    "Node Type": "Gather",
                    "Parent Relationship": "Outer",
                    "Parallel Aware": false,
                    "Startup Cost": 248632.78,
                    "Total Cost": 248633.29,
                    "Plan Rows": 5,
                    "Plan Width": 8,
                    "Actual Startup Time": 639.249,
                    "Actual Total Time": 670.147,
                    "Actual Rows": 6,
                    "Actual Loops": 1,
                    "Output": [
                        "(PARTIAL count(*))"
                    ],
                    "Workers Planned": 5,
                    "Workers Launched": 5,
                    "Single Copy": false,
                    "Plans": [
                        {
                            "Node Type": "Aggregate",
                            "Strategy": "Plain",
                            "Partial Mode": "Partial",
                            "Parent Relationship": "Outer",
                            "Parallel Aware": false,
                            "Startup Cost": 247632.78,
                            "Total Cost": 247632.79,
                            "Plan Rows": 1,
                            "Plan Width": 8,
                            "Actual Startup Time": 629.641,
                            "Actual Total Time": 629.644,
                            "Actual Rows": 1,
                            "Actual Loops": 6,
                            "Output": [
                                "PARTIAL count(*)"
                            ],
                            "Workers": [
                                {
                                    "Worker Number": 0,
                                    "Actual Startup Time": 627.411,
                                    "Actual Total Time": 627.414,
                                    "Actual Rows": 1,
                                    "Actual Loops": 1
                                },
                                {
                                    "Worker Number": 1,
                                    "Actual Startup Time": 627.516,
                                    "Actual Total Time": 627.518,
                                    "Actual Rows": 1,
                                    "Actual Loops": 1
                                },
                                {
                                    "Worker Number": 2,
                                    "Actual Startup Time": 627.947,
                                    "Actual Total Time": 627.95,
                                    "Actual Rows": 1,
                                    "Actual Loops": 1
                                },
                                {
                                    "Worker Number": 3,
                                    "Actual Startup Time": 627.988,
                                    "Actual Total Time": 627.991,
                                    "Actual Rows": 1,
                                    "Actual Loops": 1
                                },
                                {
                                    "Worker Number": 4,
                                    "Actual Startup Time": 628.559,
                                    "Actual Total Time": 628.562,
                                    "Actual Rows": 1,
                                    "Actual Loops": 1
                                }
                            ],
                            "Plans": [
                                {
                                    "Node Type": "Hash Join",
                                    "Parent Relationship": "Outer",
                                    "Parallel Aware": true,
                                    "Join Type": "Inner",
                                    "Startup Cost": 46905.27,
                                    "Total Cost": 247361.89,
                                    "Plan Rows": 108356,
                                    "Plan Width": 0,
                                    "Actual Startup Time": 322.173,
                                    "Actual Total Time": 622.108,
                                    "Actual Rows": 108888,
                                    "Actual Loops": 6,
                                    "Inner Unique": true,
                                    "Hash Cond": "(mi.movie_id = t.id)",
                                    "Workers": [
                                        {
                                            "Worker Number": 0,
                                            "Actual Startup Time": 320.001,
                                            "Actual Total Time": 619.762,
                                            "Actual Rows": 107645,
                                            "Actual Loops": 1
                                        },
                                        {
                                            "Worker Number": 1,
                                            "Actual Startup Time": 320.132,
                                            "Actual Total Time": 619.96,
                                            "Actual Rows": 106175,
                                            "Actual Loops": 1
                                        },
                                        {
                                            "Worker Number": 2,
                                            "Actual Startup Time": 320.512,
                                            "Actual Total Time": 620.313,
                                            "Actual Rows": 107423,
                                            "Actual Loops": 1
                                        },
                                        {
                                            "Worker Number": 3,
                                            "Actual Startup Time": 320.564,
                                            "Actual Total Time": 620.52,
                                            "Actual Rows": 104864,
                                            "Actual Loops": 1
                                        },
                                        {
                                            "Worker Number": 4,
                                            "Actual Startup Time": 321.154,
                                            "Actual Total Time": 621.03,
                                            "Actual Rows": 105546,
                                            "Actual Loops": 1
                                        }
                                    ],
                                    "Plans": [
                                        {
                                            "Node Type": "Seq Scan",
                                            "Parent Relationship": "Outer",
                                            "Parallel Aware": true,
                                            "Relation Name": "movie_info",
                                            "Schema": "public",
                                            "Alias": "mi",
                                            "Startup Cost": 0.0,
                                            "Total Cost": 198880.74,
                                            "Plan Rows": 600336,
                                            "Plan Width": 4,
                                            "Actual Startup Time": 92.332,
                                            "Actual Total Time": 396.331,
                                            "Actual Rows": 506120,
                                            "Actual Loops": 6,
                                            "Output": [
                                                "mi.id",
                                                "mi.movie_id",
                                                "mi.info_type_id",
                                                "mi.info",
                                                "mi.note"
                                            ],
                                            "Filter": "(mi.info_type_id = 16)",
                                            "Rows Removed by Filter": 1966500,
                                            "Workers": [
                                                {
                                                    "Worker Number": 0,
                                                    "Actual Startup Time": 92.241,
                                                    "Actual Total Time": 396.671,
                                                    "Actual Rows": 502325,
                                                    "Actual Loops": 1
                                                },
                                                {
                                                    "Worker Number": 1,
                                                    "Actual Startup Time": 92.286,
                                                    "Actual Total Time": 397.882,
                                                    "Actual Rows": 488136,
                                                    "Actual Loops": 1
                                                },
                                                {
                                                    "Worker Number": 2,
                                                    "Actual Startup Time": 92.269,
                                                    "Actual Total Time": 396.878,
                                                    "Actual Rows": 497975,
                                                    "Actual Loops": 1
                                                },
                                                {
                                                    "Worker Number": 3,
                                                    "Actual Startup Time": 92.379,
                                                    "Actual Total Time": 398.193,
                                                    "Actual Rows": 488630,
                                                    "Actual Loops": 1
                                                },
                                                {
                                                    "Worker Number": 4,
                                                    "Actual Startup Time": 92.407,
                                                    "Actual Total Time": 396.86,
                                                    "Actual Rows": 492976,
                                                    "Actual Loops": 1
                                                }
                                            ]
                                        },
                                        {
                                            "Node Type": "Hash",
                                            "Parent Relationship": "Inner",
                                            "Parallel Aware": true,
                                            "Startup Cost": 45479.21,
                                            "Total Cost": 45479.21,
                                            "Plan Rows": 114085,
                                            "Plan Width": 4,
                                            "Actual Startup Time": 123.692,
                                            "Actual Total Time": 123.693,
                                            "Actual Rows": 55046,
                                            "Actual Loops": 6,
                                            "Output": [
                                                "t.id"
                                            ],
                                            "Hash Buckets": 524288,
                                            "Original Hash Buckets": 524288,
                                            "Hash Batches": 1,
                                            "Original Hash Batches": 1,
                                            "Peak Memory Usage": 17120,
                                            "Workers": [
                                                {
                                                    "Worker Number": 0,
                                                    "Actual Startup Time": 123.472,
                                                    "Actual Total Time": 123.473,
                                                    "Actual Rows": 53062,
                                                    "Actual Loops": 1
                                                },
                                                {
                                                    "Worker Number": 1,
                                                    "Actual Startup Time": 123.561,
                                                    "Actual Total Time": 123.562,
                                                    "Actual Rows": 52447,
                                                    "Actual Loops": 1
                                                },
                                                {
                                                    "Worker Number": 2,
                                                    "Actual Startup Time": 124.001,
                                                    "Actual Total Time": 124.002,
                                                    "Actual Rows": 53414,
                                                    "Actual Loops": 1
                                                },
                                                {
                                                    "Worker Number": 3,
                                                    "Actual Startup Time": 124.084,
                                                    "Actual Total Time": 124.085,
                                                    "Actual Rows": 51775,
                                                    "Actual Loops": 1
                                                },
                                                {
                                                    "Worker Number": 4,
                                                    "Actual Startup Time": 124.628,
                                                    "Actual Total Time": 124.629,
                                                    "Actual Rows": 52883,
                                                    "Actual Loops": 1
                                                }
                                            ],
                                            "Plans": [
                                                {
                                                    "Node Type": "Seq Scan",
                                                    "Parent Relationship": "Outer",
                                                    "Parallel Aware": true,
                                                    "Relation Name": "title",
                                                    "Schema": "public",
                                                    "Alias": "t",
                                                    "Startup Cost": 0.0,
                                                    "Total Cost": 45479.21,
                                                    "Plan Rows": 114085,
                                                    "Plan Width": 4,
                                                    "Actual Startup Time": 49.778,
                                                    "Actual Total Time": 98.841,
                                                    "Actual Rows": 55046,
                                                    "Actual Loops": 6,
                                                    "Output": [
                                                        "t.id"
                                                    ],
                                                    "Filter": "((t.production_year > 1991) AND (t.kind_id = 1))",
                                                    "Rows Removed by Filter": 366339,
                                                    "Workers": [
                                                        {
                                                            "Worker Number": 0,
                                                            "Actual Startup Time": 58.094,
                                                            "Actual Total Time": 99.184,
                                                            "Actual Rows": 53062,
                                                            "Actual Loops": 1
                                                        },
                                                        {
                                                            "Worker Number": 1,
                                                            "Actual Startup Time": 58.263,
                                                            "Actual Total Time": 99.474,
                                                            "Actual Rows": 52447,
                                                            "Actual Loops": 1
                                                        },
                                                        {
                                                            "Worker Number": 2,
                                                            "Actual Startup Time": 59.321,
                                                            "Actual Total Time": 99.354,
                                                            "Actual Rows": 53414,
                                                            "Actual Loops": 1
                                                        },
                                                        {
                                                            "Worker Number": 3,
                                                            "Actual Startup Time": 58.094,
                                                            "Actual Total Time": 99.49,
                                                            "Actual Rows": 51775,
                                                            "Actual Loops": 1
                                                        },
                                                        {
                                                            "Worker Number": 4,
                                                            "Actual Startup Time": 58.19,
                                                            "Actual Total Time": 99.39,
                                                            "Actual Rows": 52883,
                                                            "Actual Loops": 1
                                                        }
                                                    ]
                                                }
                                            ]
                                        }
                                    ]
                                }
                            ]
                        }
                    ]
                }
            ]
        },
        "Planning Time": 1373.762,
        "Triggers": [],
        "Execution Time": 670.278
    }
]