[
  {
    "Plan": {
      "Node Type": "Aggregate",
      "Strategy": "Plain",
      "Partial Mode": "Finalize",
      "Parallel Aware": false,
      "Startup Cost": 83152.15,
      "Total Cost": 83152.16,
      "Plan Rows": 1,
      "Plan Width": 8,
      "Actual Startup Time": 141.238,
      "Actual Total Time": 165.863,
      "Actual Rows": 1,
      "Actual Loops": 1,
      "Plans": [
        {
          "Node Type": "Gather",
          "Parent Relationship": "Outer",
          "Parallel Aware": false,
          "Startup Cost": 83151.73,
          "Total Cost": 83152.14,
          "Plan Rows": 4,
          "Plan Width": 8,
          "Actual Startup Time": 140.937,
          "Actual Total Time": 165.85,
          "Actual Rows": 5,
          "Actual Loops": 1,
          "Workers Planned": 4,
          "Workers Launched": 4,
          "Single Copy": false,
          "Plans": [
            {
              "Node Type": "Aggregate",
              "Strategy": "Plain",
              "Partial Mode": "Partial",
              "Parent Relationship": "Outer",
              "Parallel Aware": false,
              "Startup Cost": 82151.73,
              "Total Cost": 82151.74,
              "Plan Rows": 1,
              "Plan Width": 8,
              "Actual Startup Time": 135.321,
              "Actual Total Time": 135.322,
              "Actual Rows": 1,
              "Actual Loops": 5,
              "Plans": [
                {
                  "Node Type": "Nested Loop",
                  "Parent Relationship": "Outer",
                  "Parallel Aware": false,
                  "Join Type": "Inner",
                  "Startup Cost": 0.56,
                  "Total Cost": 82142.07,
                  "Plan Rows": 3864,
                  "Plan Width": 0,
                  "Actual Startup Time": 58.446,
                  "Actual Total Time": 134.141,
                  "Actual Rows": 9555,
                  "Actual Loops": 5,
                  "Inner Unique": false,
                  "Plans": [
                    {
                      "Node Type": "Seq Scan",
                      "Parent Relationship": "Outer",
                      "Parallel Aware": true,
                      "Relation Name": "title",
                      "Alias": "t",
                      "Startup Cost": 0.0,
                      "Total Cost": 45479.59,
                      "Plan Rows": 270,
                      "Plan Width": 4,
                      "Actual Startup Time": 58.294,
                      "Actual Total Time": 83.013,
                      "Actual Rows": 492,
                      "Actual Loops": 5,
                      "Filter": "((kind_id = 1) AND (production_year = 1950))",
                      "Rows Removed by Filter": 505170
                    },
                    {
                      "Node Type": "Index Only Scan",
                      "Parent Relationship": "Inner",
                      "Parallel Aware": false,
                      "Scan Direction": "Forward",
                      "Index Name": "movie_id_cast_info",
                      "Relation Name": "cast_info",
                      "Alias": "ci",
                      "Startup Cost": 0.56,
                      "Total Cost": 135.44,
                      "Plan Rows": 35,
                      "Plan Width": 4,
                      "Actual Startup Time": 0.017,
                      "Actual Total Time": 0.101,
                      "Actual Rows": 19,
                      "Actual Loops": 2462,
                      "Index Cond": "(movie_id = t.id)",
                      "Rows Removed by Index Recheck": 0,
                      "Heap Fetches": 47775
                    }
                  ]
                }
              ]
            }
          ]
        }
      ]
    },
    "Planning Time": 0.273,
    "Triggers": [],
    "Execution Time": 165.909
  }
]