[
  {
    "Plan": {
      "Node Type": "Aggregate",
      "Strategy": "Plain",
      "Partial Mode": "Finalize",
      "Parallel Aware": false,
      "Startup Cost": 350900.68,
      "Total Cost": 350900.69,
      "Plan Rows": 1,
      "Plan Width": 8,
      "Actual Startup Time": 843.622,
      "Actual Total Time": 887.824,
      "Actual Rows": 1,
      "Actual Loops": 1,
      "Plans": [
        {
          "Node Type": "Gather",
          "Parent Relationship": "Outer",
          "Parallel Aware": false,
          "Startup Cost": 350900.05,
          "Total Cost": 350900.66,
          "Plan Rows": 6,
          "Plan Width": 8,
          "Actual Startup Time": 843.322,
          "Actual Total Time": 887.815,
          "Actual Rows": 7,
          "Actual Loops": 1,
          "Workers Planned": 6,
          "Workers Launched": 6,
          "Single Copy": false,
          "Plans": [
            {
              "Node Type": "Aggregate",
              "Strategy": "Plain",
              "Partial Mode": "Partial",
              "Parent Relationship": "Outer",
              "Parallel Aware": false,
              "Startup Cost": 349900.05,
              "Total Cost": 349900.06,
              "Plan Rows": 1,
              "Plan Width": 8,
              "Actual Startup Time": 834.969,
              "Actual Total Time": 834.97,
              "Actual Rows": 1,
              "Actual Loops": 7,
              "Plans": [
                {
                  "Node Type": "Seq Scan",
                  "Parent Relationship": "Outer",
                  "Parallel Aware": true,
                  "Relation Name": "cast_info",
                  "Alias": "ci",
                  "Startup Cost": 0.0,
                  "Total Cost": 343316.27,
                  "Plan Rows": 2633512,
                  "Plan Width": 0,
                  "Actual Startup Time": 0.05,
                  "Actual Total Time": 704.555,
                  "Actual Rows": 2503124,
                  "Actual Loops": 7,
                  "Filter": "((person_id < 1819821) AND (role_id < 10))",
                  "Rows Removed by Filter": 2674639
                }
              ]
            }
          ]
        }
      ]
    },
    "Planning Time": 0.097,
    "Triggers": [],
    "Execution Time": 887.865
  }
]