[
  {
    "Plan": {
      "Node Type": "Aggregate",
      "Strategy": "Plain",
      "Partial Mode": "Simple",
      "Parallel Aware": false,
      "Startup Cost": 5109.63,
      "Total Cost": 5109.64,
      "Plan Rows": 1,
      "Plan Width": 8,
      "Actual Startup Time": 2.654,
      "Actual Total Time": 2.658,
      "Actual Rows": 1,
      "Actual Loops": 1,
      "Plans": [
        {
          "Node Type": "Nested Loop",
          "Parent Relationship": "Outer",
          "Parallel Aware": false,
          "Join Type": "Inner",
          "Startup Cost": 1.43,
          "Total Cost": 5105.76,
          "Plan Rows": 1549,
          "Plan Width": 0,
          "Actual Startup Time": 0.887,
          "Actual Total Time": 2.555,
          "Actual Rows": 557,
          "Actual Loops": 1,
          "Inner Unique": false,
          "Plans": [
            {
              "Node Type": "Nested Loop",
              "Parent Relationship": "Outer",
              "Parallel Aware": false,
              "Join Type": "Inner",
              "Startup Cost": 0.99,
              "Total Cost": 4356.43,
              "Plan Rows": 395,
              "Plan Width": 8,
              "Actual Startup Time": 0.861,
              "Actual Total Time": 1.229,
              "Actual Rows": 20,
              "Actual Loops": 1,
              "Inner Unique": true,
              "Plans": [
                {
                  "Node Type": "Index Scan",
                  "Parent Relationship": "Outer",
                  "Parallel Aware": false,
                  "Scan Direction": "Forward",
                  "Index Name": "person_id_cast_info",
                  "Relation Name": "cast_info",
                  "Alias": "ci",
                  "Startup Cost": 0.56,
                  "Total Cost": 1059.67,
                  "Plan Rows": 395,
                  "Plan Width": 4,
                  "Actual Startup Time": 0.829,
                  "Actual Total Time": 0.846,
                  "Actual Rows": 20,
                  "Actual Loops": 1,
                  "Index Cond": "(person_id = 2417492)",
                  "Rows Removed by Index Recheck": 0,
                  "Filter": "(role_id < 8)",
                  "Rows Removed by Filter": 0
                },
                {
                  "Node Type": "Index Only Scan",
                  "Parent Relationship": "Inner",
                  "Parallel Aware": false,
                  "Scan Direction": "Forward",
                  "Index Name": "title_pkey",
                  "Relation Name": "title",
                  "Alias": "t",
                  "Startup Cost": 0.43,
                  "Total Cost": 8.35,
                  "Plan Rows": 1,
                  "Plan Width": 4,
                  "Actual Startup Time": 0.018,
                  "Actual Total Time": 0.018,
                  "Actual Rows": 1,
                  "Actual Loops": 20,
                  "Index Cond": "(id = ci.movie_id)",
                  "Rows Removed by Index Recheck": 0,
                  "Heap Fetches": 20
                }
              ]
            },
            {
              "Node Type": "Index Scan",
              "Parent Relationship": "Inner",
              "Parallel Aware": false,
              "Scan Direction": "Forward",
              "Index Name": "movie_id_movie_info",
              "Relation Name": "movie_info",
              "Alias": "mi",
              "Startup Cost": 0.43,
              "Total Cost": 1.62,
              "Plan Rows": 28,
              "Plan Width": 4,
              "Actual Startup Time": 0.019,
              "Actual Total Time": 0.057,
              "Actual Rows": 28,
              "Actual Loops": 20,
              "Index Cond": "(movie_id = t.id)",
              "Rows Removed by Index Recheck": 0,
              "Filter": "(info_type_id > 4)",
              "Rows Removed by Filter": 4
            }
          ]
        }
      ]
    },
    "Planning Time": 1.385,
    "Triggers": [],
    "Execution Time": 2.733
  }
]