[
  {
    "Plan": {
      "Node Type": "Aggregate",
      "Strategy": "Plain",
      "Partial Mode": "Finalize",
      "Parallel Aware": false,
      "Startup Cost": 46874.91,
      "Total Cost": 46874.92,
      "Plan Rows": 1,
      "Plan Width": 8,
      "Actual Startup Time": 156.789,
      "Actual Total Time": 166.111,
      "Actual Rows": 1,
      "Actual Loops": 1,
      "Plans": [
        {
          "Node Type": "Gather",
          "Parent Relationship": "Outer",
          "Parallel Aware": false,
          "Startup Cost": 46874.59,
          "Total Cost": 46874.9,
          "Plan Rows": 3,
          "Plan Width": 8,
          "Actual Startup Time": 156.655,
          "Actual Total Time": 166.102,
          "Actual Rows": 4,
          "Actual Loops": 1,
          "Workers Planned": 3,
          "Workers Launched": 3,
          "Single Copy": false,
          "Plans": [
            {
              "Node Type": "Aggregate",
              "Strategy": "Plain",
              "Partial Mode": "Partial",
              "Parent Relationship": "Outer",
              "Parallel Aware": false,
              "Startup Cost": 45874.59,
              "Total Cost": 45874.6,
              "Plan Rows": 1,
              "Plan Width": 8,
              "Actual Startup Time": 151.558,
              "Actual Total Time": 151.559,
              "Actual Rows": 1,
              "Actual Loops": 4,
              "Plans": [
                {
                  "Node Type": "Seq Scan",
                  "Parent Relationship": "Outer",
                  "Parallel Aware": true,
                  "Relation Name": "movie_keyword",
                  "Alias": "mk",
                  "Startup Cost": 0.0,
                  "Total Cost": 42695.65,
                  "Plan Rows": 1271574,
                  "Plan Width": 0,
                  "Actual Startup Time": 0.038,
                  "Actual Total Time": 111.007,
                  "Actual Rows": 985646,
                  "Actual Loops": 4,
                  "Filter": "(keyword_id < 31537)",
                  "Rows Removed by Filter": 145336
                }
              ]
            }
          ]
        }
      ]
    },
    "Planning Time": 0.073,
    "Triggers": [],
    "Execution Time": 166.135
  }
]