[
  {
    "Plan": {
      "Node Type": "Aggregate",
      "Strategy": "Plain",
      "Partial Mode": "Finalize",
      "Parallel Aware": false,
      "Startup Cost": 30680.64,
      "Total Cost": 30680.65,
      "Plan Rows": 1,
      "Plan Width": 8,
      "Actual Startup Time": 89.784,
      "Actual Total Time": 97.888,
      "Actual Rows": 1,
      "Actual Loops": 1,
      "Plans": [
        {
          "Node Type": "Gather",
          "Parent Relationship": "Outer",
          "Parallel Aware": false,
          "Startup Cost": 30680.32,
          "Total Cost": 30680.63,
          "Plan Rows": 3,
          "Plan Width": 8,
          "Actual Startup Time": 89.677,
          "Actual Total Time": 97.88,
          "Actual Rows": 4,
          "Actual Loops": 1,
          "Workers Planned": 3,
          "Workers Launched": 3,
          "Single Copy": false,
          "Plans": [
            {
              "Node Type": "Aggregate",
              "Strategy": "Plain",
              "Partial Mode": "Partial",
              "Parent Relationship": "Outer",
              "Parallel Aware": false,
              "Startup Cost": 29680.32,
              "Total Cost": 29680.33,
              "Plan Rows": 1,
              "Plan Width": 8,
              "Actual Startup Time": 83.262,
              "Actual Total Time": 83.264,
              "Actual Rows": 1,
              "Actual Loops": 4,
              "Plans": [
                {
                  "Node Type": "Seq Scan",
                  "Parent Relationship": "Outer",
                  "Parallel Aware": true,
                  "Relation Name": "movie_companies",
                  "Alias": "mc",
                  "Startup Cost": 0.0,
                  "Total Cost": 29310.68,
                  "Plan Rows": 147855,
                  "Plan Width": 0,
                  "Actual Startup Time": 0.043,
                  "Actual Total Time": 74.965,
                  "Actual Rows": 112947,
                  "Actual Loops": 4,
                  "Filter": "(company_id < 376)",
                  "Rows Removed by Filter": 539336
                }
              ]
            }
          ]
        }
      ]
    },
    "Planning Time": 0.191,
    "Triggers": [],
    "Execution Time": 97.949
  }
]