[
  {
    "Plan": {
      "Node Type": "Aggregate",
      "Strategy": "Plain",
      "Partial Mode": "Finalize",
      "Parallel Aware": false,
      "Startup Cost": 12841.87,
      "Total Cost": 12841.88,
      "Plan Rows": 1,
      "Plan Width": 8,
      "Actual Startup Time": 23.954,
      "Actual Total Time": 27.283,
      "Actual Rows": 1,
      "Actual Loops": 1,
      "Plans": [
        {
          "Node Type": "Gather",
          "Parent Relationship": "Outer",
          "Parallel Aware": false,
          "Startup Cost": 12841.76,
          "Total Cost": 12841.87,
          "Plan Rows": 1,
          "Plan Width": 8,
          "Actual Startup Time": 23.533,
          "Actual Total Time": 27.276,
          "Actual Rows": 2,
          "Actual Loops": 1,
          "Workers Planned": 1,
          "Workers Launched": 1,
          "Single Copy": false,
          "Plans": [
            {
              "Node Type": "Aggregate",
              "Strategy": "Plain",
              "Partial Mode": "Partial",
              "Parent Relationship": "Outer",
              "Parallel Aware": false,
              "Startup Cost": 11841.76,
              "Total Cost": 11841.77,
              "Plan Rows": 1,
              "Plan Width": 8,
              "Actual Startup Time": 17.755,
              "Actual Total Time": 17.757,
              "Actual Rows": 1,
              "Actual Loops": 2,
              "Plans": [
                {
                  "Node Type": "Nested Loop",
                  "Parent Relationship": "Outer",
                  "Parallel Aware": false,
                  "Join Type": "Inner",
                  "Startup Cost": 44.46,
                  "Total Cost": 11833.08,
                  "Plan Rows": 3474,
                  "Plan Width": 0,
                  "Actual Startup Time": 3.496,
                  "Actual Total Time": 17.259,
                  "Actual Rows": 3466,
                  "Actual Loops": 2,
                  "Inner Unique": false,
                  "Plans": [
                    {
                      "Node Type": "Nested Loop",
                      "Parent Relationship": "Outer",
                      "Parallel Aware": false,
                      "Join Type": "Inner",
                      "Startup Cost": 44.03,
                      "Total Cost": 10685.45,
                      "Plan Rows": 594,
                      "Plan Width": 8,
                      "Actual Startup Time": 3.383,
                      "Actual Total Time": 7.464,
                      "Actual Rows": 372,
                      "Actual Loops": 2,
                      "Inner Unique": true,
                      "Plans": [
                        {
                          "Node Type": "Bitmap Heap Scan",
                          "Parent Relationship": "Outer",
                          "Parallel Aware": true,
                          "Relation Name": "movie_companies",
                          "Alias": "mc",
                          "Startup Cost": 43.6,
                          "Total Cost": 5822.9,
                          "Plan Rows": 594,
                          "Plan Width": 4,
                          "Actual Startup Time": 3.27,
                          "Actual Total Time": 3.951,
                          "Actual Rows": 372,
                          "Actual Loops": 2,
                          "Recheck Cond": "(company_id < 6)",
                          "Rows Removed by Index Recheck": 0,
                          "Filter": "(company_type_id > 1)",
                          "Rows Removed by Filter": 1984,
                          "Exact Heap Blocks": 1779,
                          "Lossy Heap Blocks": 0,
                          "Plans": [
                            {
                              "Node Type": "Bitmap Index Scan",
                              "Parent Relationship": "Outer",
                              "Parallel Aware": false,
                              "Index Name": "company_id_movie_companies",
                              "Startup Cost": 0.0,
                              "Total Cost": 43.35,
                              "Plan Rows": 1989,
                              "Plan Width": 0,
                              "Actual Startup Time": 1.284,
                              "Actual Total Time": 1.285,
                              "Actual Rows": 4712,
                              "Actual Loops": 1,
                              "Index Cond": "(company_id < 6)"
                            }
                          ]
                        },
                        {
                          "Node Type": "Index Only Scan",
                          "Parent Relationship": "Inner",
                          "Parallel Aware": false,
                          "Scan Direction": "Forward",
                          "Index Name": "title_pkey",
                          "Relation Name": "title",
                          "Alias": "t",
                          "Startup Cost": 0.43,
                          "Total Cost": 8.19,
                          "Plan Rows": 1,
                          "Plan Width": 4,
                          "Actual Startup Time": 0.009,
                          "Actual Total Time": 0.009,
                          "Actual Rows": 1,
                          "Actual Loops": 743,
                          "Index Cond": "(id = mc.movie_id)",
                          "Rows Removed by Index Recheck": 0,
                          "Heap Fetches": 743
                        }
                      ]
                    },
                    {
                      "Node Type": "Index Only Scan",
                      "Parent Relationship": "Inner",
                      "Parallel Aware": false,
                      "Scan Direction": "Forward",
                      "Index Name": "movie_id_movie_info",
                      "Relation Name": "movie_info",
                      "Alias": "mi",
                      "Startup Cost": 0.43,
                      "Total Cost": 1.51,
                      "Plan Rows": 42,
                      "Plan Width": 4,
                      "Actual Startup Time": 0.009,
                      "Actual Total Time": 0.024,
                      "Actual Rows": 9,
                      "Actual Loops": 743,
                      "Index Cond": "(movie_id = t.id)",
                      "Rows Removed by Index Recheck": 0,
                      "Heap Fetches": 6932
                    }
                  ]
                }
              ]
            }
          ]
        }
      ]
    },
    "Planning Time": 0.885,
    "Triggers": [],
    "Execution Time": 27.346
  }
]