{
  "Plan": {
    "Node Type": "Aggregate",
    "Strategy": "Plain",
    "Partial Mode": "Finalize",
    "Parallel Aware": false,
    "Startup Cost": 705517.73,
    "Total Cost": 705517.74,
    "Plan Rows": 1,
    "Plan Width": 8,
    "Actual Startup Time": 1832.085,
    "Actual Total Time": 1849.057,
    "Actual Rows": 1,
    "Actual Loops": 1,
    "Plans": [
      {
        "Node Type": "Gather",
        "Parent Relationship": "Outer",
        "Parallel Aware": false,
        "Startup Cost": 705517.62,
        "Total Cost": 705517.73,
        "Plan Rows": 1,
        "Plan Width": 8,
        "Actual Startup Time": 1832.076,
        "Actual Total Time": 1849.05,
        "Actual Rows": 2,
        "Actual Loops": 1,
        "Workers Planned": 1,
        "Workers Launched": 1,
        "Single Copy": false,
        "Plans": [
          {
            "Node Type": "Aggregate",
            "Strategy": "Plain",
            "Partial Mode": "Partial",
            "Parent Relationship": "Outer",
            "Parallel Aware": false,
            "Startup Cost": 704517.62,
            "Total Cost": 704517.63,
            "Plan Rows": 1,
            "Plan Width": 8,
            "Actual Startup Time": 1813.328,
            "Actual Total Time": 1813.335,
            "Actual Rows": 1,
            "Actual Loops": 2,
            "Plans": [
              {
                "Node Type": "Merge Join",
                "Parent Relationship": "Outer",
                "Parallel Aware": false,
                "Join Type": "Inner",
                "Startup Cost": 696576.74,
                "Total Cost": 704168.64,
                "Plan Rows": 139593,
                "Plan Width": 0,
                "Actual Startup Time": 1558.704,
                "Actual Total Time": 1799.268,
                "Actual Rows": 359384,
                "Actual Loops": 2,
                "Inner Unique": false,
                "Merge Cond": "(t.id = mi.movie_id)",
                "Plans": [
                  {
                    "Node Type": "Sort",
                    "Parent Relationship": "Outer",
                    "Parallel Aware": false,
                    "Startup Cost": 432147.14,
                    "Total Cost": 433255.11,
                    "Plan Rows": 443189,
                    "Plan Width": 8,
                    "Actual Startup Time": 1301.369,
                    "Actual Total Time": 1378.494,
                    "Actual Rows": 777672,
                    "Actual Loops": 2,
                    "Sort Key": [
                      "t.id"
                    ],
                    "Sort Method": "quicksort",
                    "Sort Space Used": 61948,
                    "Sort Space Type": "Memory",
                    "Workers": [
                      {
                        "Worker Number": 0,
                        "Sort Method": "quicksort",
                        "Sort Space Used": 60112,
                        "Sort Space Type": "Memory"
                      }
                    ],
                    "Plans": [
                      {
                        "Node Type": "Hash Join",
                        "Parent Relationship": "Outer",
                        "Parallel Aware": true,
                        "Join Type": "Inner",
                        "Startup Cost": 117426.49,
                        "Total Cost": 390581.41,
                        "Plan Rows": 443189,
                        "Plan Width": 8,
                        "Actual Startup Time": 598.149,
                        "Actual Total Time": 1110.682,
                        "Actual Rows": 777672,
                        "Actual Loops": 2,
                        "Inner Unique": true,
                        "Hash Cond": "(ci.movie_id = t.id)",
                        "Plans": [
                          {
                            "Node Type": "Bitmap Heap Scan",
                            "Parent Relationship": "Outer",
                            "Parallel Aware": true,
                            "Relation Name": "cast_info",
                            "Alias": "ci",
                            "Startup Cost": 47965.79,
                            "Total Cost": 319957.34,
                            "Plan Rows": 443189,
                            "Plan Width": 4,
                            "Actual Startup Time": 74.513,
                            "Actual Total Time": 227.358,
                            "Actual Rows": 777672,
                            "Actual Loops": 2,
                            "Recheck Cond": "(person_id < 213552)",
                            "Rows Removed by Index Recheck": 0,
                            "Filter": "(role_id = 1)",
                            "Rows Removed by Filter": 314430,
                            "Exact Heap Blocks": 12738,
                            "Lossy Heap Blocks": 0,
                            "Plans": [
                              {
                                "Node Type": "Bitmap Index Scan",
                                "Parent Relationship": "Outer",
                                "Parallel Aware": false,
                                "Index Name": "person_id_cast_info",
                                "Startup Cost": 0.0,
                                "Total Cost": 47777.43,
                                "Plan Rows": 2187849,
                                "Plan Width": 0,
                                "Actual Startup Time": 71.096,
                                "Actual Total Time": 71.096,
                                "Actual Rows": 2184206,
                                "Actual Loops": 1,
                                "Index Cond": "(person_id < 213552)"
                              }
                            ]
                          },
                          {
                            "Node Type": "Hash",
                            "Parent Relationship": "Inner",
                            "Parallel Aware": true,
                            "Startup Cost": 50870.31,
                            "Total Cost": 50870.31,
                            "Plan Rows": 1487231,
                            "Plan Width": 4,
                            "Actual Startup Time": 501.981,
                            "Actual Total Time": 501.982,
                            "Actual Rows": 1264156,
                            "Actual Loops": 2,
                            "Hash Buckets": 4194304,
                            "Original Hash Buckets": 4194304,
                            "Hash Batches": 1,
                            "Original Hash Batches": 1,
                            "Peak Memory Usage": 131712,
                            "Plans": [
                              {
                                "Node Type": "Seq Scan",
                                "Parent Relationship": "Outer",
                                "Parallel Aware": true,
                                "Relation Name": "title",
                                "Alias": "t",
                                "Startup Cost": 0.0,
                                "Total Cost": 50870.31,
                                "Plan Rows": 1487231,
                                "Plan Width": 4,
                                "Actual Startup Time": 0.025,
                                "Actual Total Time": 147.785,
                                "Actual Rows": 1264156,
                                "Actual Loops": 2
                              }
                            ]
                          }
                        ]
                      }
                    ]
                  },
                  {
                    "Node Type": "Sort",
                    "Parent Relationship": "Inner",
                    "Parallel Aware": false,
                    "Startup Cost": 264429.56,
                    "Total Cost": 266420.43,
                    "Plan Rows": 796347,
                    "Plan Width": 4,
                    "Actual Startup Time": 257.317,
                    "Actual Total Time": 293.166,
                    "Actual Rows": 938054,
                    "Actual Loops": 2,
                    "Sort Key": [
                      "mi.movie_id"
                    ],
                    "Sort Method": "quicksort",
                    "Sort Space Used": 62177,
                    "Sort Space Type": "Memory",
                    "Workers": [
                      {
                        "Worker Number": 0,
                        "Sort Method": "quicksort",
                        "Sort Space Used": 62177,
                        "Sort Space Type": "Memory"
                      }
                    ],
                    "Plans": [
                      {
                        "Node Type": "Bitmap Heap Scan",
                        "Parent Relationship": "Outer",
                        "Parallel Aware": false,
                        "Relation Name": "movie_info",
                        "Alias": "mi",
                        "Startup Cost": 14428.12,
                        "Total Cost": 186375.46,
                        "Plan Rows": 796347,
                        "Plan Width": 4,
                        "Actual Startup Time": 21.632,
                        "Actual Total Time": 98.933,
                        "Actual Rows": 802140,
                        "Actual Loops": 2,
                        "Recheck Cond": "(info_type_id < 2)",
                        "Rows Removed by Index Recheck": 0,
                        "Exact Heap Blocks": 4868,
                        "Lossy Heap Blocks": 0,
                        "Plans": [
                          {
                            "Node Type": "Bitmap Index Scan",
                            "Parent Relationship": "Outer",
                            "Parallel Aware": false,
                            "Index Name": "info_type_id_movie_info",
                            "Startup Cost": 0.0,
                            "Total Cost": 14229.04,
                            "Plan Rows": 796347,
                            "Plan Width": 0,
                            "Actual Startup Time": 21.106,
                            "Actual Total Time": 21.106,
                            "Actual Rows": 802140,
                            "Actual Loops": 2,
                            "Index Cond": "(info_type_id < 2)"
                          }
                        ]
                      }
                    ]
                  }
                ]
              }
            ]
          }
        ]
      }
    ]
  },
  "Planning Time": 1.083,
  "Triggers": [],
  "Execution Time": 1851.434
}