{
  "Plan": {
    "Node Type": "Aggregate",
    "Strategy": "Plain",
    "Partial Mode": "Finalize",
    "Parallel Aware": false,
    "Startup Cost": 649690.36,
    "Total Cost": 649690.37,
    "Plan Rows": 1,
    "Plan Width": 64,
    "Actual Startup Time": 4560.977,
    "Actual Total Time": 4657.078,
    "Actual Rows": 1,
    "Actual Loops": 1,
    "Plans": [
      {
        "Node Type": "Gather",
        "Parent Relationship": "Outer",
        "Parallel Aware": false,
        "Startup Cost": 649690.24,
        "Total Cost": 649690.35,
        "Plan Rows": 1,
        "Plan Width": 64,
        "Actual Startup Time": 4498.857,
        "Actual Total Time": 4657.046,
        "Actual Rows": 2,
        "Actual Loops": 1,
        "Workers Planned": 1,
        "Workers Launched": 1,
        "Single Copy": false,
        "Plans": [
          {
            "Node Type": "Aggregate",
            "Strategy": "Plain",
            "Partial Mode": "Partial",
            "Parent Relationship": "Outer",
            "Parallel Aware": false,
            "Startup Cost": 648690.24,
            "Total Cost": 648690.25,
            "Plan Rows": 1,
            "Plan Width": 64,
            "Actual Startup Time": 4488.395,
            "Actual Total Time": 4488.414,
            "Actual Rows": 1,
            "Actual Loops": 2,
            "Plans": [
              {
                "Node Type": "Hash Join",
                "Parent Relationship": "Outer",
                "Parallel Aware": true,
                "Join Type": "Inner",
                "Startup Cost": 586837.16,
                "Total Cost": 648690.21,
                "Plan Rows": 6,
                "Plan Width": 33,
                "Actual Startup Time": 4471.378,
                "Actual Total Time": 4488.392,
                "Actual Rows": 52,
                "Actual Loops": 2,
                "Inner Unique": true,
                "Hash Cond": "(ci.person_role_id = chn.id)",
                "Plans": [
                  {
                    "Node Type": "Hash Join",
                    "Parent Relationship": "Outer",
                    "Parallel Aware": false,
                    "Join Type": "Inner",
                    "Startup Cost": 532725.24,
                    "Total Cost": 594578.28,
                    "Plan Rows": 6,
                    "Plan Width": 21,
                    "Actual Startup Time": 3495.64,
                    "Actual Total Time": 3511.398,
                    "Actual Rows": 56,
                    "Actual Loops": 2,
                    "Inner Unique": true,
                    "Hash Cond": "(ci.role_id = rt.id)",
                    "Plans": [
                      {
                        "Node Type": "Hash Join",
                        "Parent Relationship": "Outer",
                        "Parallel Aware": true,
                        "Join Type": "Inner",
                        "Startup Cost": 532724.08,
                        "Total Cost": 594576.83,
                        "Plan Rows": 79,
                        "Plan Width": 25,
                        "Actual Startup Time": 3495.473,
                        "Actual Total Time": 3511.295,
                        "Actual Rows": 76,
                        "Actual Loops": 2,
                        "Inner Unique": false,
                        "Hash Cond": "(mc.movie_id = t.id)",
                        "Plans": [
                          {
                            "Node Type": "Hash Join",
                            "Parent Relationship": "Outer",
                            "Parallel Aware": false,
                            "Join Type": "Inner",
                            "Startup Cost": 142856.88,
                            "Total Cost": 204678.47,
                            "Plan Rows": 8288,
                            "Plan Width": 4,
                            "Actual Startup Time": 1285.356,
                            "Actual Total Time": 1300.682,
                            "Actual Rows": 4395,
                            "Actual Loops": 2,
                            "Inner Unique": false,
                            "Hash Cond": "(cn.id = mc.company_id)",
                            "Plans": [
                              {
                                "Node Type": "Seq Scan",
                                "Parent Relationship": "Outer",
                                "Parallel Aware": true,
                                "Relation Name": "company_name",
                                "Alias": "cn",
                                "Startup Cost": 0.0,
                                "Total Cost": 4722.92,
                                "Plan Rows": 746,
                                "Plan Width": 4,
                                "Actual Startup Time": 0.049,
                                "Actual Total Time": 13.676,
                                "Actual Rows": 680,
                                "Actual Loops": 2,
                                "Filter": "((country_code)::text = '[ru]'::text)",
                                "Rows Removed by Filter": 116818
                              },
                              {
                                "Node Type": "Hash",
                                "Parent Relationship": "Inner",
                                "Parallel Aware": false,
                                "Startup Cost": 110242.76,
                                "Total Cost": 110242.76,
                                "Plan Rows": 2609129,
                                "Plan Width": 8,
                                "Actual Startup Time": 1264.631,
                                "Actual Total Time": 1264.635,
                                "Actual Rows": 2609129,
                                "Actual Loops": 2,
                                "Hash Buckets": 4194304,
                                "Original Hash Buckets": 4194304,
                                "Hash Batches": 1,
                                "Original Hash Batches": 1,
                                "Peak Memory Usage": 134688,
                                "Plans": [
                                  {
                                    "Node Type": "Hash Join",
                                    "Parent Relationship": "Outer",
                                    "Parallel Aware": false,
                                    "Join Type": "Inner",
                                    "Startup Cost": 77495.4,
                                    "Total Cost": 110242.76,
                                    "Plan Rows": 2609129,
                                    "Plan Width": 8,
                                    "Actual Startup Time": 654.674,
                                    "Actual Total Time": 854.187,
                                    "Actual Rows": 2609129,
                                    "Actual Loops": 2,
                                    "Inner Unique": false,
                                    "Hash Cond": "(ct.id = mc.company_type_id)",
                                    "Plans": [
                                      {
                                        "Node Type": "Seq Scan",
                                        "Parent Relationship": "Outer",
                                        "Parallel Aware": false,
                                        "Relation Name": "company_type",
                                        "Alias": "ct",
                                        "Startup Cost": 0.0,
                                        "Total Cost": 1.04,
                                        "Plan Rows": 4,
                                        "Plan Width": 4,
                                        "Actual Startup Time": 0.053,
                                        "Actual Total Time": 0.061,
                                        "Actual Rows": 4,
                                        "Actual Loops": 2
                                      },
                                      {
                                        "Node Type": "Hash",
                                        "Parent Relationship": "Inner",
                                        "Parallel Aware": false,
                                        "Startup Cost": 44881.29,
                                        "Total Cost": 44881.29,
                                        "Plan Rows": 2609129,
                                        "Plan Width": 12,
                                        "Actual Startup Time": 633.054,
                                        "Actual Total Time": 633.055,
                                        "Actual Rows": 2609129,
                                        "Actual Loops": 2,
                                        "Hash Buckets": 4194304,
                                        "Original Hash Buckets": 4194304,
                                        "Hash Batches": 1,
                                        "Original Hash Batches": 1,
                                        "Peak Memory Usage": 144880,
                                        "Plans": [
                                          {
                                            "Node Type": "Seq Scan",
                                            "Parent Relationship": "Outer",
                                            "Parallel Aware": false,
                                            "Relation Name": "movie_companies",
                                            "Alias": "mc",
                                            "Startup Cost": 0.0,
                                            "Total Cost": 44881.29,
                                            "Plan Rows": 2609129,
                                            "Plan Width": 12,
                                            "Actual Startup Time": 0.034,
                                            "Actual Total Time": 294.085,
                                            "Actual Rows": 2609129,
                                            "Actual Loops": 2
                                          }
                                        ]
                                      }
                                    ]
                                  }
                                ]
                              }
                            ]
                          },
                          {
                            "Node Type": "Hash",
                            "Parent Relationship": "Inner",
                            "Parallel Aware": true,
                            "Startup Cost": 389838.26,
                            "Total Cost": 389838.26,
                            "Plan Rows": 2315,
                            "Plan Width": 33,
                            "Actual Startup Time": 2209.781,
                            "Actual Total Time": 2209.786,
                            "Actual Rows": 3239,
                            "Actual Loops": 2,
                            "Hash Buckets": 16384,
                            "Original Hash Buckets": 16384,
                            "Hash Batches": 1,
                            "Original Hash Batches": 1,
                            "Peak Memory Usage": 608,
                            "Plans": [
                              {
                                "Node Type": "Hash Join",
                                "Parent Relationship": "Outer",
                                "Parallel Aware": true,
                                "Join Type": "Inner",
                                "Startup Cost": 343379.27,
                                "Total Cost": 389838.26,
                                "Plan Rows": 2315,
                                "Plan Width": 33,
                                "Actual Startup Time": 2006.381,
                                "Actual Total Time": 2208.215,
                                "Actual Rows": 3239,
                                "Actual Loops": 2,
                                "Inner Unique": false,
                                "Hash Cond": "(t.id = ci.movie_id)",
                                "Plans": [
                                  {
                                    "Node Type": "Seq Scan",
                                    "Parent Relationship": "Outer",
                                    "Parallel Aware": true,
                                    "Relation Name": "title",
                                    "Alias": "t",
                                    "Startup Cost": 0.0,
                                    "Total Cost": 43899.59,
                                    "Plan Rows": 255554,
                                    "Plan Width": 21,
                                    "Actual Startup Time": 0.014,
                                    "Actual Total Time": 144.618,
                                    "Actual Rows": 506460,
                                    "Actual Loops": 2,
                                    "Filter": "(production_year > 2005)",
                                    "Rows Removed by Filter": 757696
                                  },
                                  {
                                    "Node Type": "Hash",
                                    "Parent Relationship": "Inner",
                                    "Parallel Aware": true,
                                    "Startup Cost": 343331.56,
                                    "Total Cost": 343331.56,
                                    "Plan Rows": 3817,
                                    "Plan Width": 12,
                                    "Actual Startup Time": 2006.045,
                                    "Actual Total Time": 2006.046,
                                    "Actual Rows": 16144,
                                    "Actual Loops": 2,
                                    "Hash Buckets": 32768,
                                    "Original Hash Buckets": 32768,
                                    "Hash Batches": 1,
                                    "Original Hash Batches": 1,
                                    "Peak Memory Usage": 1792,
                                    "Plans": [
                                      {
                                        "Node Type": "Seq Scan",
                                        "Parent Relationship": "Outer",
                                        "Parallel Aware": true,
                                        "Relation Name": "cast_info",
                                        "Alias": "ci",
                                        "Startup Cost": 0.0,
                                        "Total Cost": 343331.56,
                                        "Plan Rows": 3817,
                                        "Plan Width": 12,
                                        "Actual Startup Time": 0.16,
                                        "Actual Total Time": 1998.711,
                                        "Actual Rows": 16144,
                                        "Actual Loops": 2,
                                        "Filter": "((note ~~ '%(voice)%'::text) AND (note ~~ '%(uncredited)%'::text))",
                                        "Rows Removed by Filter": 18106028
                                      }
                                    ]
                                  }
                                ]
                              }
                            ]
                          }
                        ]
                      },
                      {
                        "Node Type": "Hash",
                        "Parent Relationship": "Inner",
                        "Parallel Aware": false,
                        "Startup Cost": 1.15,
                        "Total Cost": 1.15,
                        "Plan Rows": 1,
                        "Plan Width": 4,
                        "Actual Startup Time": 0.049,
                        "Actual Total Time": 0.05,
                        "Actual Rows": 1,
                        "Actual Loops": 2,
                        "Hash Buckets": 1024,
                        "Original Hash Buckets": 1024,
                        "Hash Batches": 1,
                        "Original Hash Batches": 1,
                        "Peak Memory Usage": 9,
                        "Plans": [
                          {
                            "Node Type": "Seq Scan",
                            "Parent Relationship": "Outer",
                            "Parallel Aware": false,
                            "Relation Name": "role_type",
                            "Alias": "rt",
                            "Startup Cost": 0.0,
                            "Total Cost": 1.15,
                            "Plan Rows": 1,
                            "Plan Width": 4,
                            "Actual Startup Time": 0.041,
                            "Actual Total Time": 0.043,
                            "Actual Rows": 1,
                            "Actual Loops": 2,
                            "Filter": "((role)::text = 'actor'::text)",
                            "Rows Removed by Filter": 11
                          }
                        ]
                      }
                    ]
                  },
                  {
                    "Node Type": "Hash",
                    "Parent Relationship": "Inner",
                    "Parallel Aware": true,
                    "Startup Cost": 44298.63,
                    "Total Cost": 44298.63,
                    "Plan Rows": 785063,
                    "Plan Width": 20,
                    "Actual Startup Time": 955.042,
                    "Actual Total Time": 955.043,
                    "Actual Rows": 1570170,
                    "Actual Loops": 2,
                    "Hash Buckets": 4194304,
                    "Original Hash Buckets": 4194304,
                    "Hash Batches": 1,
                    "Original Hash Batches": 1,
                    "Peak Memory Usage": 205088,
                    "Plans": [
                      {
                        "Node Type": "Seq Scan",
                        "Parent Relationship": "Outer",
                        "Parallel Aware": true,
                        "Relation Name": "char_name",
                        "Alias": "chn",
                        "Startup Cost": 0.0,
                        "Total Cost": 44298.63,
                        "Plan Rows": 785063,
                        "Plan Width": 20,
                        "Actual Startup Time": 0.067,
                        "Actual Total Time": 296.714,
                        "Actual Rows": 1570170,
                        "Actual Loops": 2
                      }
                    ]
                  }
                ]
              }
            ]
          }
        ]
      }
    ]
  },
  "Planning Time": 10.001,
  "Triggers": [],
  "Execution Time": 4668.507
}