[
  {
    "Plan": {
      "Node Type": "Aggregate",
      "Strategy": "Plain",
      "Partial Mode": "Finalize",
      "Parallel Aware": false,
      "Startup Cost": 244928.65,
      "Total Cost": 244928.66,
      "Plan Rows": 1,
      "Plan Width": 8,
      "Actual Startup Time": 757.686,
      "Actual Total Time": 799.843,
      "Actual Rows": 1,
      "Actual Loops": 1,
      "Plans": [
        {
          "Node Type": "Gather",
          "Parent Relationship": "Outer",
          "Parallel Aware": false,
          "Startup Cost": 244928.13,
          "Total Cost": 244928.64,
          "Plan Rows": 5,
          "Plan Width": 8,
          "Actual Startup Time": 756.118,
          "Actual Total Time": 799.832,
          "Actual Rows": 6,
          "Actual Loops": 1,
          "Workers Planned": 5,
          "Workers Launched": 5,
          "Single Copy": false,
          "Plans": [
            {
              "Node Type": "Aggregate",
              "Strategy": "Plain",
              "Partial Mode": "Partial",
              "Parent Relationship": "Outer",
              "Parallel Aware": false,
              "Startup Cost": 243928.13,
              "Total Cost": 243928.14,
              "Plan Rows": 1,
              "Plan Width": 8,
              "Actual Startup Time": 746.088,
              "Actual Total Time": 746.093,
              "Actual Rows": 1,
              "Actual Loops": 6,
              "Plans": [
                {
                  "Node Type": "Hash Join",
                  "Parent Relationship": "Outer",
                  "Parallel Aware": true,
                  "Join Type": "Inner",
                  "Startup Cost": 44264.42,
                  "Total Cost": 243586.18,
                  "Plan Rows": 136780,
                  "Plan Width": 0,
                  "Actual Startup Time": 100.337,
                  "Actual Total Time": 735.171,
                  "Actual Rows": 212974,
                  "Actual Loops": 6,
                  "Inner Unique": true,
                  "Hash Cond": "(mi.movie_id = t.id)",
                  "Plans": [
                    {
                      "Node Type": "Seq Scan",
                      "Parent Relationship": "Outer",
                      "Parallel Aware": true,
                      "Relation Name": "movie_info",
                      "Alias": "mi",
                      "Startup Cost": 0.0,
                      "Total Cost": 191560.33,
                      "Plan Rows": 2956733,
                      "Plan Width": 4,
                      "Actual Startup Time": 0.026,
                      "Actual Total Time": 310.342,
                      "Actual Rows": 2472620,
                      "Actual Loops": 6
                    },
                    {
                      "Node Type": "Hash",
                      "Parent Relationship": "Inner",
                      "Parallel Aware": true,
                      "Startup Cost": 43898.92,
                      "Total Cost": 43898.92,
                      "Plan Rows": 29240,
                      "Plan Width": 4,
                      "Actual Startup Time": 87.874,
                      "Actual Total Time": 87.875,
                      "Actual Rows": 19643,
                      "Actual Loops": 6,
                      "Hash Buckets": 131072,
                      "Original Hash Buckets": 131072,
                      "Hash Batches": 1,
                      "Original Hash Batches": 1,
                      "Peak Memory Usage": 5760,
                      "Plans": [
                        {
                          "Node Type": "Seq Scan",
                          "Parent Relationship": "Outer",
                          "Parallel Aware": true,
                          "Relation Name": "title",
                          "Alias": "t",
                          "Startup Cost": 0.0,
                          "Total Cost": 43898.92,
                          "Plan Rows": 29240,
                          "Plan Width": 4,
                          "Actual Startup Time": 49.049,
                          "Actual Total Time": 80.568,
                          "Actual Rows": 19643,
                          "Actual Loops": 6,
                          "Filter": "(production_year < 1931)",
                          "Rows Removed by Filter": 401742
                        }
                      ]
                    }
                  ]
                }
              ]
            }
          ]
        }
      ]
    },
    "Planning Time": 0.581,
    "Triggers": [],
    "Execution Time": 799.918
  }
]