[
  {
    "Plan": {
      "Node Type": "Aggregate",
      "Strategy": "Plain",
      "Partial Mode": "Finalize",
      "Parallel Aware": false,
      "Startup Cost": 44967.15,
      "Total Cost": 44967.16,
      "Plan Rows": 1,
      "Plan Width": 8,
      "Actual Startup Time": 162.403,
      "Actual Total Time": 174.534,
      "Actual Rows": 1,
      "Actual Loops": 1,
      "Plans": [
        {
          "Node Type": "Gather",
          "Parent Relationship": "Outer",
          "Parallel Aware": false,
          "Startup Cost": 44966.83,
          "Total Cost": 44967.14,
          "Plan Rows": 3,
          "Plan Width": 8,
          "Actual Startup Time": 162.23,
          "Actual Total Time": 174.52,
          "Actual Rows": 4,
          "Actual Loops": 1,
          "Workers Planned": 3,
          "Workers Launched": 3,
          "Single Copy": false,
          "Plans": [
            {
              "Node Type": "Aggregate",
              "Strategy": "Plain",
              "Partial Mode": "Partial",
              "Parent Relationship": "Outer",
              "Parallel Aware": false,
              "Startup Cost": 43966.83,
              "Total Cost": 43966.84,
              "Plan Rows": 1,
              "Plan Width": 8,
              "Actual Startup Time": 155.245,
              "Actual Total Time": 155.246,
              "Actual Rows": 1,
              "Actual Loops": 4,
              "Plans": [
                {
                  "Node Type": "Seq Scan",
                  "Parent Relationship": "Outer",
                  "Parallel Aware": true,
                  "Relation Name": "movie_keyword",
                  "Alias": "mk",
                  "Startup Cost": 0.0,
                  "Total Cost": 42695.65,
                  "Plan Rows": 508470,
                  "Plan Width": 0,
                  "Actual Startup Time": 0.78,
                  "Actual Total Time": 131.611,
                  "Actual Rows": 392577,
                  "Actual Loops": 4,
                  "Filter": "(keyword_id > 9980)",
                  "Rows Removed by Filter": 738406
                }
              ]
            }
          ]
        }
      ]
    },
    "Planning Time": 0.084,
    "Triggers": [],
    "Execution Time": 174.564
  }
]