[
  {
    "Plan": {
      "Node Type": "Aggregate",
      "Strategy": "Plain",
      "Partial Mode": "Simple",
      "Parallel Aware": false,
      "Startup Cost": 12483.73,
      "Total Cost": 12483.74,
      "Plan Rows": 1,
      "Plan Width": 32,
      "Actual Startup Time": 1451.101,
      "Actual Total Time": 1451.109,
      "Actual Rows": 1,
      "Actual Loops": 1,
      "Plans": [
        {
          "Node Type": "Nested Loop",
          "Parent Relationship": "Outer",
          "Parallel Aware": false,
          "Join Type": "Inner",
          "Startup Cost": 13.07,
          "Total Cost": 12483.73,
          "Plan Rows": 1,
          "Plan Width": 17,
          "Actual Startup Time": 388.501,
          "Actual Total Time": 1451.091,
          "Actual Rows": 2,
          "Actual Loops": 1,
          "Inner Unique": true,
          "Plans": [
            {
              "Node Type": "Nested Loop",
              "Parent Relationship": "Outer",
              "Parallel Aware": false,
              "Join Type": "Inner",
              "Startup Cost": 12.64,
              "Total Cost": 12483.27,
              "Plan Rows": 1,
              "Plan Width": 21,
              "Actual Startup Time": 48.64,
              "Actual Total Time": 1441.965,
              "Actual Rows": 374,
              "Actual Loops": 1,
              "Inner Unique": true,
              "Plans": [
                {
                  "Node Type": "Nested Loop",
                  "Parent Relationship": "Outer",
                  "Parallel Aware": false,
                  "Join Type": "Inner",
                  "Startup Cost": 12.21,
                  "Total Cost": 12478.69,
                  "Plan Rows": 10,
                  "Plan Width": 25,
                  "Actual Startup Time": 8.471,
                  "Actual Total Time": 862.121,
                  "Actual Rows": 230169,
                  "Actual Loops": 1,
                  "Inner Unique": false,
                  "Join Filter": "(t.id = ci.movie_id)",
                  "Rows Removed by Join Filter": 0,
                  "Plans": [
                    {
                      "Node Type": "Nested Loop",
                      "Parent Relationship": "Outer",
                      "Parallel Aware": false,
                      "Join Type": "Inner",
                      "Startup Cost": 11.65,
                      "Total Cost": 12472.83,
                      "Plan Rows": 3,
                      "Plan Width": 29,
                      "Actual Startup Time": 8.402,
                      "Actual Total Time": 252.483,
                      "Actual Rows": 2254,
                      "Actual Loops": 1,
                      "Inner Unique": false,
                      "Join Filter": "(t.kind_id = kt.id)",
                      "Rows Removed by Join Filter": 489,
                      "Plans": [
                        {
                          "Node Type": "Seq Scan",
                          "Parent Relationship": "Outer",
                          "Parallel Aware": false,
                          "Relation Name": "kind_type",
                          "Alias": "kt",
                          "Startup Cost": 0.0,
                          "Total Cost": 1.09,
                          "Plan Rows": 1,
                          "Plan Width": 4,
                          "Actual Startup Time": 0.008,
                          "Actual Total Time": 0.011,
                          "Actual Rows": 1,
                          "Actual Loops": 1,
                          "Filter": "((kind)::text = 'movie'::text)",
                          "Rows Removed by Filter": 6
                        },
                        {
                          "Node Type": "Nested Loop",
                          "Parent Relationship": "Inner",
                          "Parallel Aware": false,
                          "Join Type": "Inner",
                          "Startup Cost": 11.65,
                          "Total Cost": 12471.49,
                          "Plan Rows": 20,
                          "Plan Width": 33,
                          "Actual Startup Time": 1.574,
                          "Actual Total Time": 251.633,
                          "Actual Rows": 2743,
                          "Actual Loops": 1,
                          "Inner Unique": true,
                          "Plans": [
                            {
                              "Node Type": "Nested Loop",
                              "Parent Relationship": "Outer",
                              "Parallel Aware": false,
                              "Join Type": "Inner",
                              "Startup Cost": 11.22,
                              "Total Cost": 12460.23,
                              "Plan Rows": 23,
                              "Plan Width": 8,
                              "Actual Startup Time": 1.514,
                              "Actual Total Time": 216.105,
                              "Actual Rows": 3453,
                              "Actual Loops": 1,
                              "Inner Unique": false,
                              "Join Filter": "(cc.status_id = cct2.id)",
                              "Rows Removed by Join Filter": 3453,
                              "Plans": [
                                {
                                  "Node Type": "Seq Scan",
                                  "Parent Relationship": "Outer",
                                  "Parallel Aware": false,
                                  "Relation Name": "comp_cast_type",
                                  "Alias": "cct2",
                                  "Startup Cost": 0.0,
                                  "Total Cost": 1.05,
                                  "Plan Rows": 1,
                                  "Plan Width": 4,
                                  "Actual Startup Time": 0.006,
                                  "Actual Total Time": 0.007,
                                  "Actual Rows": 2,
                                  "Actual Loops": 1,
                                  "Filter": "((kind)::text ~~ '%complete%'::text)",
                                  "Rows Removed by Filter": 2
                                },
                                {
                                  "Node Type": "Nested Loop",
                                  "Parent Relationship": "Inner",
                                  "Parallel Aware": false,
                                  "Join Type": "Inner",
                                  "Startup Cost": 11.22,
                                  "Total Cost": 12458.02,
                                  "Plan Rows": 93,
                                  "Plan Width": 12,
                                  "Actual Startup Time": 1.08,
                                  "Actual Total Time": 107.338,
                                  "Actual Rows": 3453,
                                  "Actual Loops": 2,
                                  "Inner Unique": false,
                                  "Join Filter": "(cc.subject_id = cct1.id)",
                                  "Rows Removed by Join Filter": 1700,
                                  "Plans": [
                                    {
                                      "Node Type": "Seq Scan",
                                      "Parent Relationship": "Outer",
                                      "Parallel Aware": false,
                                      "Relation Name": "comp_cast_type",
                                      "Alias": "cct1",
                                      "Startup Cost": 0.0,
                                      "Total Cost": 1.05,
                                      "Plan Rows": 1,
                                      "Plan Width": 4,
                                      "Actual Startup Time": 0.005,
                                      "Actual Total Time": 0.008,
                                      "Actual Rows": 1,
                                      "Actual Loops": 2,
                                      "Filter": "((kind)::text = 'cast'::text)",
                                      "Rows Removed by Filter": 3
                                    },
                                    {
                                      "Node Type": "Nested Loop",
                                      "Parent Relationship": "Inner",
                                      "Parallel Aware": false,
                                      "Join Type": "Inner",
                                      "Startup Cost": 11.22,
                                      "Total Cost": 12452.34,
                                      "Plan Rows": 370,
                                      "Plan Width": 16,
                                      "Actual Startup Time": 1.072,
                                      "Actual Total Time": 106.438,
                                      "Actual Rows": 5153,
                                      "Actual Loops": 2,
                                      "Inner Unique": false,
                                      "Plans": [
                                        {
                                          "Node Type": "Nested Loop",
                                          "Parent Relationship": "Outer",
                                          "Parallel Aware": false,
                                          "Join Type": "Inner",
                                          "Startup Cost": 10.8,
                                          "Total Cost": 12323.81,
                                          "Plan Rows": 270,
                                          "Plan Width": 4,
                                          "Actual Startup Time": 0.713,
                                          "Actual Total Time": 67.079,
                                          "Actual Rows": 14782,
                                          "Actual Loops": 2,
                                          "Inner Unique": false,
                                          "Plans": [
                                            {
                                              "Node Type": "Seq Scan",
                                              "Parent Relationship": "Outer",
                                              "Parallel Aware": false,
                                              "Relation Name": "keyword",
                                              "Alias": "k",
                                              "Startup Cost": 0.0,
                                              "Total Cost": 3632.4,
                                              "Plan Rows": 8,
                                              "Plan Width": 4,
                                              "Actual Startup Time": 0.123,
                                              "Actual Total Time": 31.008,
                                              "Actual Rows": 5,
                                              "Actual Loops": 2,
                                              "Filter": "(keyword = ANY ('{based-on-comic,fight,tv-special,tv-special,hand-to-hand-combat,tv-special,fight,arabian-nights}'::text[]))",
                                              "Rows Removed by Filter": 134165
                                            },
                                            {
                                              "Node Type": "Bitmap Heap Scan",
                                              "Parent Relationship": "Inner",
                                              "Parallel Aware": false,
                                              "Relation Name": "movie_keyword",
                                              "Alias": "mk",
                                              "Startup Cost": 10.8,
                                              "Total Cost": 1083.38,
                                              "Plan Rows": 305,
                                              "Plan Width": 8,
                                              "Actual Startup Time": 0.82,
                                              "Actual Total Time": 6.681,
                                              "Actual Rows": 2956,
                                              "Actual Loops": 10,
                                              "Recheck Cond": "(keyword_id = k.id)",
                                              "Rows Removed by Index Recheck": 0,
                                              "Exact Heap Blocks": 20150,
                                              "Lossy Heap Blocks": 0,
                                              "Plans": [
                                                {
                                                  "Node Type": "Bitmap Index Scan",
                                                  "Parent Relationship": "Outer",
                                                  "Parallel Aware": false,
                                                  "Index Name": "keyword_id_movie_keyword",
                                                  "Startup Cost": 0.0,
                                                  "Total Cost": 10.72,
                                                  "Plan Rows": 305,
                                                  "Plan Width": 0,
                                                  "Actual Startup Time": 0.5,
                                                  "Actual Total Time": 0.5,
                                                  "Actual Rows": 2956,
                                                  "Actual Loops": 10,
                                                  "Index Cond": "(keyword_id = k.id)"
                                                }
                                              ]
                                            }
                                          ]
                                        },
                                        {
                                          "Node Type": "Index Scan",
                                          "Parent Relationship": "Inner",
                                          "Parallel Aware": false,
                                          "Scan Direction": "Forward",
                                          "Index Name": "movie_id_complete_cast",
                                          "Relation Name": "complete_cast",
                                          "Alias": "cc",
                                          "Startup Cost": 0.42,
                                          "Total Cost": 0.46,
                                          "Plan Rows": 2,
                                          "Plan Width": 12,
                                          "Actual Startup Time": 0.002,
                                          "Actual Total Time": 0.002,
                                          "Actual Rows": 0,
                                          "Actual Loops": 29564,
                                          "Index Cond": "(movie_id = mk.movie_id)",
                                          "Rows Removed by Index Recheck": 0
                                        }
                                      ]
                                    }
                                  ]
                                }
                              ]
                            },
                            {
                              "Node Type": "Index Scan",
                              "Parent Relationship": "Inner",
                              "Parallel Aware": false,
                              "Scan Direction": "Forward",
                              "Index Name": "title_pkey",
                              "Relation Name": "title",
                              "Alias": "t",
                              "Startup Cost": 0.43,
                              "Total Cost": 0.49,
                              "Plan Rows": 1,
                              "Plan Width": 25,
                              "Actual Startup Time": 0.01,
                              "Actual Total Time": 0.01,
                              "Actual Rows": 1,
                              "Actual Loops": 3453,
                              "Index Cond": "(id = mk.movie_id)",
                              "Rows Removed by Index Recheck": 0,
                              "Filter": "(production_year > 1957)",
                              "Rows Removed by Filter": 0
                            }
                          ]
                        }
                      ]
                    },
                    {
                      "Node Type": "Index Scan",
                      "Parent Relationship": "Inner",
                      "Parallel Aware": false,
                      "Scan Direction": "Forward",
                      "Index Name": "movie_id_cast_info",
                      "Relation Name": "cast_info",
                      "Alias": "ci",
                      "Startup Cost": 0.56,
                      "Total Cost": 1.52,
                      "Plan Rows": 35,
                      "Plan Width": 12,
                      "Actual Startup Time": 0.018,
                      "Actual Total Time": 0.246,
                      "Actual Rows": 102,
                      "Actual Loops": 2254,
                      "Index Cond": "(movie_id = mk.movie_id)",
                      "Rows Removed by Index Recheck": 0
                    }
                  ]
                },
                {
                  "Node Type": "Index Scan",
                  "Parent Relationship": "Inner",
                  "Parallel Aware": false,
                  "Scan Direction": "Forward",
                  "Index Name": "char_name_pkey",
                  "Relation Name": "char_name",
                  "Alias": "chn",
                  "Startup Cost": 0.43,
                  "Total Cost": 0.46,
                  "Plan Rows": 1,
                  "Plan Width": 4,
                  "Actual Startup Time": 0.002,
                  "Actual Total Time": 0.002,
                  "Actual Rows": 0,
                  "Actual Loops": 230169,
                  "Index Cond": "(id = ci.person_role_id)",
                  "Rows Removed by Index Recheck": 0,
                  "Filter": "((name !~~ '%Sherlock%'::text) AND (name ~~ '%Little%'::text))",
                  "Rows Removed by Filter": 0
                }
              ]
            },
            {
              "Node Type": "Index Scan",
              "Parent Relationship": "Inner",
              "Parallel Aware": false,
              "Scan Direction": "Forward",
              "Index Name": "name_pkey",
              "Relation Name": "name",
              "Alias": "n",
              "Startup Cost": 0.43,
              "Total Cost": 0.46,
              "Plan Rows": 1,
              "Plan Width": 4,
              "Actual Startup Time": 0.024,
              "Actual Total Time": 0.024,
              "Actual Rows": 0,
              "Actual Loops": 374,
              "Index Cond": "(id = ci.person_id)",
              "Rows Removed by Index Recheck": 0,
              "Filter": "(name ~~ '%Clark%'::text)",
              "Rows Removed by Filter": 1
            }
          ]
        }
      ]
    },
    "Planning Time": 31.664,
    "Triggers": [],
    "Execution Time": 1451.47
  }
]