[
  {
    "Plan": {
      "Node Type": "Aggregate",
      "Strategy": "Plain",
      "Partial Mode": "Finalize",
      "Parallel Aware": false,
      "Startup Cost": 201207.39,
      "Total Cost": 201207.4,
      "Plan Rows": 1,
      "Plan Width": 8,
      "Actual Startup Time": 347.643,
      "Actual Total Time": 382.049,
      "Actual Rows": 1,
      "Actual Loops": 1,
      "Plans": [
        {
          "Node Type": "Gather",
          "Parent Relationship": "Outer",
          "Parallel Aware": false,
          "Startup Cost": 201206.87,
          "Total Cost": 201207.38,
          "Plan Rows": 5,
          "Plan Width": 8,
          "Actual Startup Time": 347.437,
          "Actual Total Time": 382.039,
          "Actual Rows": 6,
          "Actual Loops": 1,
          "Workers Planned": 5,
          "Workers Launched": 5,
          "Single Copy": false,
          "Plans": [
            {
              "Node Type": "Aggregate",
              "Strategy": "Plain",
              "Partial Mode": "Partial",
              "Parent Relationship": "Outer",
              "Parallel Aware": false,
              "Startup Cost": 200206.87,
              "Total Cost": 200206.88,
              "Plan Rows": 1,
              "Plan Width": 8,
              "Actual Startup Time": 338.712,
              "Actual Total Time": 338.714,
              "Actual Rows": 1,
              "Actual Loops": 6,
              "Plans": [
                {
                  "Node Type": "Seq Scan",
                  "Parent Relationship": "Outer",
                  "Parallel Aware": true,
                  "Relation Name": "movie_info",
                  "Alias": "mi",
                  "Startup Cost": 0.0,
                  "Total Cost": 199108.24,
                  "Plan Rows": 439450,
                  "Plan Width": 0,
                  "Actual Startup Time": 26.044,
                  "Actual Total Time": 322.105,
                  "Actual Rows": 372308,
                  "Actual Loops": 6,
                  "Filter": "(info_type_id > 16)",
                  "Rows Removed by Filter": 2100312
                }
              ]
            }
          ]
        }
      ]
    },
    "Planning Time": 0.203,
    "Triggers": [],
    "Execution Time": 382.093
  }
]