{
  "Plan": {
    "Node Type": "Aggregate",
    "Strategy": "Plain",
    "Partial Mode": "Finalize",
    "Parallel Aware": false,
    "Startup Cost": 364581.4,
    "Total Cost": 364581.41,
    "Plan Rows": 1,
    "Plan Width": 8,
    "Actual Startup Time": 995.696,
    "Actual Total Time": 1017.386,
    "Actual Rows": 1,
    "Actual Loops": 1,
    "Plans": [
      {
        "Node Type": "Gather",
        "Parent Relationship": "Outer",
        "Parallel Aware": false,
        "Startup Cost": 364581.29,
        "Total Cost": 364581.4,
        "Plan Rows": 1,
        "Plan Width": 8,
        "Actual Startup Time": 989.094,
        "Actual Total Time": 1017.377,
        "Actual Rows": 2,
        "Actual Loops": 1,
        "Workers Planned": 1,
        "Workers Launched": 1,
        "Single Copy": false,
        "Plans": [
          {
            "Node Type": "Aggregate",
            "Strategy": "Plain",
            "Partial Mode": "Partial",
            "Parent Relationship": "Outer",
            "Parallel Aware": false,
            "Startup Cost": 363581.29,
            "Total Cost": 363581.3,
            "Plan Rows": 1,
            "Plan Width": 8,
            "Actual Startup Time": 977.416,
            "Actual Total Time": 977.419,
            "Actual Rows": 1,
            "Actual Loops": 2,
            "Plans": [
              {
                "Node Type": "Hash Join",
                "Parent Relationship": "Outer",
                "Parallel Aware": true,
                "Join Type": "Inner",
                "Startup Cost": 97658.93,
                "Total Cost": 361703.93,
                "Plan Rows": 750942,
                "Plan Width": 0,
                "Actual Startup Time": 603.443,
                "Actual Total Time": 951.061,
                "Actual Rows": 628742,
                "Actual Loops": 2,
                "Inner Unique": true,
                "Hash Cond": "(ci.movie_id = t.id)",
                "Plans": [
                  {
                    "Node Type": "Bitmap Heap Scan",
                    "Parent Relationship": "Outer",
                    "Parallel Aware": true,
                    "Relation Name": "cast_info",
                    "Alias": "ci",
                    "Startup Cost": 28198.23,
                    "Total Cost": 290272.01,
                    "Plan Rows": 750942,
                    "Plan Width": 4,
                    "Actual Startup Time": 61.362,
                    "Actual Total Time": 136.059,
                    "Actual Rows": 628742,
                    "Actual Loops": 2,
                    "Recheck Cond": "(person_id > 3818321)",
                    "Rows Removed by Index Recheck": 0,
                    "Exact Heap Blocks": 9355,
                    "Lossy Heap Blocks": 0,
                    "Plans": [
                      {
                        "Node Type": "Bitmap Index Scan",
                        "Parent Relationship": "Outer",
                        "Parallel Aware": false,
                        "Index Name": "person_id_cast_info",
                        "Startup Cost": 0.0,
                        "Total Cost": 27879.08,
                        "Plan Rows": 1276602,
                        "Plan Width": 0,
                        "Actual Startup Time": 58.608,
                        "Actual Total Time": 58.608,
                        "Actual Rows": 1257484,
                        "Actual Loops": 1,
                        "Index Cond": "(person_id > 3818321)"
                      }
                    ]
                  },
                  {
                    "Node Type": "Hash",
                    "Parent Relationship": "Inner",
                    "Parallel Aware": true,
                    "Startup Cost": 50870.31,
                    "Total Cost": 50870.31,
                    "Plan Rows": 1487231,
                    "Plan Width": 4,
                    "Actual Startup Time": 520.651,
                    "Actual Total Time": 520.652,
                    "Actual Rows": 1264156,
                    "Actual Loops": 2,
                    "Hash Buckets": 4194304,
                    "Original Hash Buckets": 4194304,
                    "Hash Batches": 1,
                    "Original Hash Batches": 1,
                    "Peak Memory Usage": 131712,
                    "Plans": [
                      {
                        "Node Type": "Seq Scan",
                        "Parent Relationship": "Outer",
                        "Parallel Aware": true,
                        "Relation Name": "title",
                        "Alias": "t",
                        "Startup Cost": 0.0,
                        "Total Cost": 50870.31,
                        "Plan Rows": 1487231,
                        "Plan Width": 4,
                        "Actual Startup Time": 0.024,
                        "Actual Total Time": 152.706,
                        "Actual Rows": 1264156,
                        "Actual Loops": 2
                      }
                    ]
                  }
                ]
              }
            ]
          }
        ]
      }
    ]
  },
  "Planning Time": 0.697,
  "Triggers": [],
  "Execution Time": 1017.475
}