[
    {
        "Bao": {
            "Bao prediction": "NaN",
            "Bao recommended hint": "(no hint)"
        }
    },
    {
        "Plan": {
            "Node Type": "Aggregate",
            "Strategy": "Plain",
            "Partial Mode": "Finalize",
            "Parallel Aware": false,
            "Startup Cost": 339473.61,
            "Total Cost": 339473.62,
            "Plan Rows": 1,
            "Plan Width": 8,
            "Actual Startup Time": 892.12,
            "Actual Total Time": 925.966,
            "Actual Rows": 1,
            "Actual Loops": 1,
            "Output": [
                "count(*)"
            ],
            "Plans": [
                {
                    "Node Type": "Gather",
                    "Parent Relationship": "Outer",
                    "Parallel Aware": false,
                    "Startup Cost": 339472.98,
                    "Total Cost": 339473.59,
                    "Plan Rows": 6,
                    "Plan Width": 8,
                    "Actual Startup Time": 891.975,
                    "Actual Total Time": 925.957,
                    "Actual Rows": 7,
                    "Actual Loops": 1,
                    "Output": [
                        "(PARTIAL count(*))"
                    ],
                    "Workers Planned": 6,
                    "Workers Launched": 6,
                    "Single Copy": false,
                    "Plans": [
                        {
                            "Node Type": "Aggregate",
                            "Strategy": "Plain",
                            "Partial Mode": "Partial",
                            "Parent Relationship": "Outer",
                            "Parallel Aware": false,
                            "Startup Cost": 338472.98,
                            "Total Cost": 338472.99,
                            "Plan Rows": 1,
                            "Plan Width": 8,
                            "Actual Startup Time": 882.626,
                            "Actual Total Time": 882.627,
                            "Actual Rows": 1,
                            "Actual Loops": 7,
                            "Output": [
                                "PARTIAL count(*)"
                            ],
                            "Workers": [
                                {
                                    "Worker Number": 0,
                                    "Actual Startup Time": 879.9,
                                    "Actual Total Time": 879.901,
                                    "Actual Rows": 1,
                                    "Actual Loops": 1
                                },
                                {
                                    "Worker Number": 1,
                                    "Actual Startup Time": 883.55,
                                    "Actual Total Time": 883.551,
                                    "Actual Rows": 1,
                                    "Actual Loops": 1
                                },
                                {
                                    "Worker Number": 2,
                                    "Actual Startup Time": 880.333,
                                    "Actual Total Time": 880.335,
                                    "Actual Rows": 1,
                                    "Actual Loops": 1
                                },
                                {
                                    "Worker Number": 3,
                                    "Actual Startup Time": 880.307,
                                    "Actual Total Time": 880.309,
                                    "Actual Rows": 1,
                                    "Actual Loops": 1
                                },
                                {
                                    "Worker Number": 4,
                                    "Actual Startup Time": 881.156,
                                    "Actual Total Time": 881.157,
                                    "Actual Rows": 1,
                                    "Actual Loops": 1
                                },
                                {
                                    "Worker Number": 5,
                                    "Actual Startup Time": 881.572,
                                    "Actual Total Time": 881.573,
                                    "Actual Rows": 1,
                                    "Actual Loops": 1
                                }
                            ],
                            "Plans": [
                                {
                                    "Node Type": "Seq Scan",
                                    "Parent Relationship": "Outer",
                                    "Parallel Aware": true,
                                    "Relation Name": "cast_info",
                                    "Schema": "public",
                                    "Alias": "ci",
                                    "Startup Cost": 0.0,
                                    "Total Cost": 328213.62,
                                    "Plan Rows": 4103746,
                                    "Plan Width": 0,
                                    "Actual Startup Time": 143.012,
                                    "Actual Total Time": 687.219,
                                    "Actual Rows": 3507118,
                                    "Actual Loops": 7,
                                    "Output": [
                                        "id",
                                        "person_id",
                                        "movie_id",
                                        "person_role_id",
                                        "note",
                                        "nr_order",
                                        "role_id"
                                    ],
                                    "Filter": "(ci.person_id > 1148486)",
                                    "Rows Removed by Filter": 1670645,
                                    "Workers": [
                                        {
                                            "Worker Number": 0,
                                            "Actual Startup Time": 140.309,
                                            "Actual Total Time": 687.679,
                                            "Actual Rows": 2920288,
                                            "Actual Loops": 1
                                        },
                                        {
                                            "Worker Number": 1,
                                            "Actual Startup Time": 143.947,
                                            "Actual Total Time": 693.289,
                                            "Actual Rows": 2890163,
                                            "Actual Loops": 1
                                        },
                                        {
                                            "Worker Number": 2,
                                            "Actual Startup Time": 140.713,
                                            "Actual Total Time": 688.93,
                                            "Actual Rows": 2899661,
                                            "Actual Loops": 1
                                        },
                                        {
                                            "Worker Number": 3,
                                            "Actual Startup Time": 140.712,
                                            "Actual Total Time": 689.863,
                                            "Actual Rows": 2879743,
                                            "Actual Loops": 1
                                        },
                                        {
                                            "Worker Number": 4,
                                            "Actual Startup Time": 141.549,
                                            "Actual Total Time": 693.315,
                                            "Actual Rows": 4647254,
                                            "Actual Loops": 1
                                        },
                                        {
                                            "Worker Number": 5,
                                            "Actual Startup Time": 141.938,
                                            "Actual Total Time": 693.854,
                                            "Actual Rows": 4645287,
                                            "Actual Loops": 1
                                        }
                                    ]
                                }
                            ]
                        }
                    ]
                }
            ]
        },
        "Planning Time": 278.959,
        "Triggers": [],
        "Execution Time": 926.031
    }
]