[
  {
    "Plan": {
      "Node Type": "Aggregate",
      "Strategy": "Plain",
      "Partial Mode": "Finalize",
      "Parallel Aware": false,
      "Startup Cost": 32772.39,
      "Total Cost": 32772.4,
      "Plan Rows": 1,
      "Plan Width": 8,
      "Actual Startup Time": 93.608,
      "Actual Total Time": 100.435,
      "Actual Rows": 1,
      "Actual Loops": 1,
      "Plans": [
        {
          "Node Type": "Gather",
          "Parent Relationship": "Outer",
          "Parallel Aware": false,
          "Startup Cost": 32772.07,
          "Total Cost": 32772.38,
          "Plan Rows": 3,
          "Plan Width": 8,
          "Actual Startup Time": 93.362,
          "Actual Total Time": 100.425,
          "Actual Rows": 4,
          "Actual Loops": 1,
          "Workers Planned": 3,
          "Workers Launched": 3,
          "Single Copy": false,
          "Plans": [
            {
              "Node Type": "Aggregate",
              "Strategy": "Plain",
              "Partial Mode": "Partial",
              "Parent Relationship": "Outer",
              "Parallel Aware": false,
              "Startup Cost": 31772.07,
              "Total Cost": 31772.08,
              "Plan Rows": 1,
              "Plan Width": 8,
              "Actual Startup Time": 89.109,
              "Actual Total Time": 89.11,
              "Actual Rows": 1,
              "Actual Loops": 4,
              "Plans": [
                {
                  "Node Type": "Seq Scan",
                  "Parent Relationship": "Outer",
                  "Parallel Aware": true,
                  "Relation Name": "movie_companies",
                  "Alias": "mc",
                  "Startup Cost": 0.0,
                  "Total Cost": 31414.82,
                  "Plan Rows": 142901,
                  "Plan Width": 0,
                  "Actual Startup Time": 0.019,
                  "Actual Total Time": 79.031,
                  "Actual Rows": 160124,
                  "Actual Loops": 4,
                  "Filter": "((company_id < 2962) AND (company_type_id < 2))",
                  "Rows Removed by Filter": 492158
                }
              ]
            }
          ]
        }
      ]
    },
    "Planning Time": 0.108,
    "Triggers": [],
    "Execution Time": 100.473
  }
]