[
  {
    "Plan": {
      "Node Type": "Aggregate",
      "Strategy": "Plain",
      "Partial Mode": "Simple",
      "Parallel Aware": false,
      "Startup Cost": 12687.61,
      "Total Cost": 12687.62,
      "Plan Rows": 1,
      "Plan Width": 8,
      "Actual Startup Time": 9.16,
      "Actual Total Time": 9.161,
      "Actual Rows": 1,
      "Actual Loops": 1,
      "Plans": [
        {
          "Node Type": "Bitmap Heap Scan",
          "Parent Relationship": "Outer",
          "Parallel Aware": false,
          "Relation Name": "movie_keyword",
          "Alias": "mk",
          "Startup Cost": 112.17,
          "Total Cost": 12674.8,
          "Plan Rows": 5127,
          "Plan Width": 0,
          "Actual Startup Time": 1.574,
          "Actual Total Time": 8.71,
          "Actual Rows": 4883,
          "Actual Loops": 1,
          "Recheck Cond": "(keyword_id = 508)",
          "Rows Removed by Index Recheck": 0,
          "Exact Heap Blocks": 4005,
          "Lossy Heap Blocks": 0,
          "Plans": [
            {
              "Node Type": "Bitmap Index Scan",
              "Parent Relationship": "Outer",
              "Parallel Aware": false,
              "Index Name": "keyword_id_movie_keyword",
              "Startup Cost": 0.0,
              "Total Cost": 110.89,
              "Plan Rows": 5127,
              "Plan Width": 0,
              "Actual Startup Time": 0.833,
              "Actual Total Time": 0.834,
              "Actual Rows": 4883,
              "Actual Loops": 1,
              "Index Cond": "(keyword_id = 508)"
            }
          ]
        }
      ]
    },
    "Planning Time": 0.091,
    "Triggers": [],
    "Execution Time": 9.197
  }
]