[
  {
    "Plan": {
      "Node Type": "Aggregate",
      "Strategy": "Plain",
      "Partial Mode": "Finalize",
      "Parallel Aware": false,
      "Startup Cost": 49158.57,
      "Total Cost": 49158.58,
      "Plan Rows": 1,
      "Plan Width": 8,
      "Actual Startup Time": 108.341,
      "Actual Total Time": 122.67,
      "Actual Rows": 1,
      "Actual Loops": 1,
      "Plans": [
        {
          "Node Type": "Gather",
          "Parent Relationship": "Outer",
          "Parallel Aware": false,
          "Startup Cost": 49158.15,
          "Total Cost": 49158.56,
          "Plan Rows": 4,
          "Plan Width": 8,
          "Actual Startup Time": 108.214,
          "Actual Total Time": 122.661,
          "Actual Rows": 5,
          "Actual Loops": 1,
          "Workers Planned": 4,
          "Workers Launched": 4,
          "Single Copy": false,
          "Plans": [
            {
              "Node Type": "Aggregate",
              "Strategy": "Plain",
              "Partial Mode": "Partial",
              "Parent Relationship": "Outer",
              "Parallel Aware": false,
              "Startup Cost": 48158.15,
              "Total Cost": 48158.16,
              "Plan Rows": 1,
              "Plan Width": 8,
              "Actual Startup Time": 98.053,
              "Actual Total Time": 98.055,
              "Actual Rows": 1,
              "Actual Loops": 5,
              "Plans": [
                {
                  "Node Type": "Nested Loop",
                  "Parent Relationship": "Outer",
                  "Parallel Aware": false,
                  "Join Type": "Inner",
                  "Startup Cost": 0.43,
                  "Total Cost": 48157.91,
                  "Plan Rows": 94,
                  "Plan Width": 0,
                  "Actual Startup Time": 62.363,
                  "Actual Total Time": 98.009,
                  "Actual Rows": 295,
                  "Actual Loops": 5,
                  "Inner Unique": false,
                  "Plans": [
                    {
                      "Node Type": "Seq Scan",
                      "Parent Relationship": "Outer",
                      "Parallel Aware": true,
                      "Relation Name": "title",
                      "Alias": "t",
                      "Startup Cost": 0.0,
                      "Total Cost": 45479.1,
                      "Plan Rows": 288,
                      "Plan Width": 4,
                      "Actual Startup Time": 61.844,
                      "Actual Total Time": 88.865,
                      "Actual Rows": 723,
                      "Actual Loops": 5,
                      "Filter": "((kind_id = 1) AND (production_year = 1919))",
                      "Rows Removed by Filter": 504940
                    },
                    {
                      "Node Type": "Index Scan",
                      "Parent Relationship": "Inner",
                      "Parallel Aware": false,
                      "Scan Direction": "Forward",
                      "Index Name": "movie_id_movie_keyword",
                      "Relation Name": "movie_keyword",
                      "Alias": "mk",
                      "Startup Cost": 0.43,
                      "Total Cost": 9.22,
                      "Plan Rows": 8,
                      "Plan Width": 4,
                      "Actual Startup Time": 0.012,
                      "Actual Total Time": 0.012,
                      "Actual Rows": 0,
                      "Actual Loops": 3613,
                      "Index Cond": "(movie_id = t.id)",
                      "Rows Removed by Index Recheck": 0,
                      "Filter": "(keyword_id < 807)",
                      "Rows Removed by Filter": 1
                    }
                  ]
                }
              ]
            }
          ]
        }
      ]
    },
    "Planning Time": 0.595,
    "Triggers": [],
    "Execution Time": 122.736
  }
]