[
  {
    "Plan": {
      "Node Type": "Aggregate",
      "Strategy": "Plain",
      "Partial Mode": "Finalize",
      "Parallel Aware": false,
      "Startup Cost": 44560.13,
      "Total Cost": 44560.14,
      "Plan Rows": 1,
      "Plan Width": 8,
      "Actual Startup Time": 145.727,
      "Actual Total Time": 155.877,
      "Actual Rows": 1,
      "Actual Loops": 1,
      "Plans": [
        {
          "Node Type": "Gather",
          "Parent Relationship": "Outer",
          "Parallel Aware": false,
          "Startup Cost": 44559.81,
          "Total Cost": 44560.12,
          "Plan Rows": 3,
          "Plan Width": 8,
          "Actual Startup Time": 145.555,
          "Actual Total Time": 155.869,
          "Actual Rows": 4,
          "Actual Loops": 1,
          "Workers Planned": 3,
          "Workers Launched": 3,
          "Single Copy": false,
          "Plans": [
            {
              "Node Type": "Aggregate",
              "Strategy": "Plain",
              "Partial Mode": "Partial",
              "Parent Relationship": "Outer",
              "Parallel Aware": false,
              "Startup Cost": 43559.81,
              "Total Cost": 43559.82,
              "Plan Rows": 1,
              "Plan Width": 8,
              "Actual Startup Time": 136.687,
              "Actual Total Time": 136.688,
              "Actual Rows": 1,
              "Actual Loops": 4,
              "Plans": [
                {
                  "Node Type": "Seq Scan",
                  "Parent Relationship": "Outer",
                  "Parallel Aware": true,
                  "Relation Name": "movie_keyword",
                  "Alias": "mk",
                  "Startup Cost": 0.0,
                  "Total Cost": 42695.65,
                  "Plan Rows": 345663,
                  "Plan Width": 0,
                  "Actual Startup Time": 0.051,
                  "Actual Total Time": 120.111,
                  "Actual Rows": 270453,
                  "Actual Loops": 4,
                  "Filter": "(keyword_id < 1089)",
                  "Rows Removed by Filter": 860530
                }
              ]
            }
          ]
        }
      ]
    },
    "Planning Time": 0.196,
    "Triggers": [],
    "Execution Time": 155.934
  }
]