[
  {
    "Plan": {
      "Node Type": "Aggregate",
      "Strategy": "Plain",
      "Partial Mode": "Finalize",
      "Parallel Aware": false,
      "Startup Cost": 46417.88,
      "Total Cost": 46417.89,
      "Plan Rows": 1,
      "Plan Width": 8,
      "Actual Startup Time": 222.3,
      "Actual Total Time": 234.831,
      "Actual Rows": 1,
      "Actual Loops": 1,
      "Plans": [
        {
          "Node Type": "Gather",
          "Parent Relationship": "Outer",
          "Parallel Aware": false,
          "Startup Cost": 46417.56,
          "Total Cost": 46417.87,
          "Plan Rows": 3,
          "Plan Width": 8,
          "Actual Startup Time": 222.164,
          "Actual Total Time": 234.82,
          "Actual Rows": 4,
          "Actual Loops": 1,
          "Workers Planned": 3,
          "Workers Launched": 3,
          "Single Copy": false,
          "Plans": [
            {
              "Node Type": "Aggregate",
              "Strategy": "Plain",
              "Partial Mode": "Partial",
              "Parent Relationship": "Outer",
              "Parallel Aware": false,
              "Startup Cost": 45417.56,
              "Total Cost": 45417.57,
              "Plan Rows": 1,
              "Plan Width": 8,
              "Actual Startup Time": 212.399,
              "Actual Total Time": 212.401,
              "Actual Rows": 1,
              "Actual Loops": 4,
              "Plans": [
                {
                  "Node Type": "Seq Scan",
                  "Parent Relationship": "Outer",
                  "Parallel Aware": true,
                  "Relation Name": "movie_keyword",
                  "Alias": "mk",
                  "Startup Cost": 0.0,
                  "Total Cost": 42695.65,
                  "Plan Rows": 1088763,
                  "Plan Width": 0,
                  "Actual Startup Time": 0.076,
                  "Actual Total Time": 161.202,
                  "Actual Rows": 843142,
                  "Actual Loops": 4,
                  "Filter": "(keyword_id < 16179)",
                  "Rows Removed by Filter": 287840
                }
              ]
            }
          ]
        }
      ]
    },
    "Planning Time": 0.235,
    "Triggers": [],
    "Execution Time": 234.903
  }
]