[
  {
    "Plan": {
      "Node Type": "Aggregate",
      "Strategy": "Plain",
      "Partial Mode": "Finalize",
      "Parallel Aware": false,
      "Startup Cost": 95712.58,
      "Total Cost": 95712.59,
      "Plan Rows": 1,
      "Plan Width": 8,
      "Actual Startup Time": 451.884,
      "Actual Total Time": 472.997,
      "Actual Rows": 1,
      "Actual Loops": 1,
      "Plans": [
        {
          "Node Type": "Gather",
          "Parent Relationship": "Outer",
          "Parallel Aware": false,
          "Startup Cost": 95712.26,
          "Total Cost": 95712.57,
          "Plan Rows": 3,
          "Plan Width": 8,
          "Actual Startup Time": 447.813,
          "Actual Total Time": 472.985,
          "Actual Rows": 4,
          "Actual Loops": 1,
          "Workers Planned": 3,
          "Workers Launched": 3,
          "Single Copy": false,
          "Plans": [
            {
              "Node Type": "Aggregate",
              "Strategy": "Plain",
              "Partial Mode": "Partial",
              "Parent Relationship": "Outer",
              "Parallel Aware": false,
              "Startup Cost": 94712.26,
              "Total Cost": 94712.27,
              "Plan Rows": 1,
              "Plan Width": 8,
              "Actual Startup Time": 443.347,
              "Actual Total Time": 443.485,
              "Actual Rows": 1,
              "Actual Loops": 4,
              "Plans": [
                {
                  "Node Type": "Hash Join",
                  "Parent Relationship": "Outer",
                  "Parallel Aware": true,
                  "Join Type": "Inner",
                  "Startup Cost": 63729.4,
                  "Total Cost": 94479.72,
                  "Plan Rows": 93016,
                  "Plan Width": 0,
                  "Actual Startup Time": 267.649,
                  "Actual Total Time": 426.337,
                  "Actual Rows": 385706,
                  "Actual Loops": 4,
                  "Inner Unique": false,
                  "Hash Cond": "(mc.movie_id = t.id)",
                  "Plans": [
                    {
                      "Node Type": "Seq Scan",
                      "Parent Relationship": "Outer",
                      "Parallel Aware": true,
                      "Relation Name": "movie_companies",
                      "Alias": "mc",
                      "Startup Cost": 0.0,
                      "Total Cost": 27206.55,
                      "Plan Rows": 841655,
                      "Plan Width": 4,
                      "Actual Startup Time": 0.011,
                      "Actual Total Time": 61.335,
                      "Actual Rows": 652282,
                      "Actual Loops": 4
                    },
                    {
                      "Node Type": "Hash",
                      "Parent Relationship": "Inner",
                      "Parallel Aware": true,
                      "Startup Cost": 62274.02,
                      "Total Cost": 62274.02,
                      "Plan Rows": 116430,
                      "Plan Width": 8,
                      "Actual Startup Time": 240.173,
                      "Actual Total Time": 240.309,
                      "Actual Rows": 103839,
                      "Actual Loops": 4,
                      "Hash Buckets": 524288,
                      "Original Hash Buckets": 524288,
                      "Hash Batches": 1,
                      "Original Hash Batches": 1,
                      "Peak Memory Usage": 20416,
                      "Plans": [
                        {
                          "Node Type": "Hash Join",
                          "Parent Relationship": "Outer",
                          "Parallel Aware": true,
                          "Join Type": "Inner",
                          "Startup Cost": 47079.46,
                          "Total Cost": 62274.02,
                          "Plan Rows": 116430,
                          "Plan Width": 8,
                          "Actual Startup Time": 159.076,
                          "Actual Total Time": 215.027,
                          "Actual Rows": 103839,
                          "Actual Loops": 4,
                          "Inner Unique": true,
                          "Hash Cond": "(mi_idx.movie_id = t.id)",
                          "Plans": [
                            {
                              "Node Type": "Seq Scan",
                              "Parent Relationship": "Outer",
                              "Parallel Aware": true,
                              "Relation Name": "movie_info_idx",
                              "Alias": "mi_idx",
                              "Startup Cost": 0.0,
                              "Total Cost": 13685.15,
                              "Plan Rows": 575015,
                              "Plan Width": 4,
                              "Actual Startup Time": 0.01,
                              "Actual Total Time": 30.741,
                              "Actual Rows": 345009,
                              "Actual Loops": 4
                            },
                            {
                              "Node Type": "Hash",
                              "Parent Relationship": "Inner",
                              "Parallel Aware": true,
                              "Startup Cost": 45479.59,
                              "Total Cost": 45479.59,
                              "Plan Rows": 127990,
                              "Plan Width": 4,
                              "Actual Startup Time": 128.902,
                              "Actual Total Time": 128.903,
                              "Actual Rows": 96644,
                              "Actual Loops": 4,
                              "Hash Buckets": 524288,
                              "Original Hash Buckets": 524288,
                              "Hash Batches": 1,
                              "Original Hash Batches": 1,
                              "Peak Memory Usage": 19264,
                              "Plans": [
                                {
                                  "Node Type": "Seq Scan",
                                  "Parent Relationship": "Outer",
                                  "Parallel Aware": true,
                                  "Relation Name": "title",
                                  "Alias": "t",
                                  "Startup Cost": 0.0,
                                  "Total Cost": 45479.59,
                                  "Plan Rows": 127990,
                                  "Plan Width": 4,
                                  "Actual Startup Time": 41.821,
                                  "Actual Total Time": 95.244,
                                  "Actual Rows": 96644,
                                  "Actual Loops": 4,
                                  "Filter": "((production_year > 1979) AND (kind_id = 1))",
                                  "Rows Removed by Filter": 535434
                                }
                              ]
                            }
                          ]
                        }
                      ]
                    }
                  ]
                }
              ]
            }
          ]
        }
      ]
    },
    "Planning Time": 0.484,
    "Triggers": [],
    "Execution Time": 473.043
  }
]