{
  "Plan": {
    "Node Type": "Aggregate",
    "Strategy": "Plain",
    "Partial Mode": "Simple",
    "Parallel Aware": false,
    "Startup Cost": 75308.12,
    "Total Cost": 75308.13,
    "Plan Rows": 1,
    "Plan Width": 8,
    "Actual Startup Time": 3179.678,
    "Actual Total Time": 3277.102,
    "Actual Rows": 1,
    "Actual Loops": 1,
    "Plans": [
      {
        "Node Type": "Gather",
        "Parent Relationship": "Outer",
        "Parallel Aware": false,
        "Startup Cost": 1006.74,
        "Total Cost": 75308.12,
        "Plan Rows": 1,
        "Plan Width": 0,
        "Actual Startup Time": 15.525,
        "Actual Total Time": 3271.952,
        "Actual Rows": 67735,
        "Actual Loops": 1,
        "Workers Planned": 1,
        "Workers Launched": 1,
        "Single Copy": false,
        "Plans": [
          {
            "Node Type": "Hash Join",
            "Parent Relationship": "Outer",
            "Parallel Aware": false,
            "Join Type": "Inner",
            "Startup Cost": 6.74,
            "Total Cost": 74308.02,
            "Plan Rows": 1,
            "Plan Width": 0,
            "Actual Startup Time": 11.954,
            "Actual Total Time": 3162.084,
            "Actual Rows": 33868,
            "Actual Loops": 2,
            "Inner Unique": true,
            "Hash Cond": "(mi.info_type_id = it1.id)",
            "Plans": [
              {
                "Node Type": "Nested Loop",
                "Parent Relationship": "Outer",
                "Parallel Aware": false,
                "Join Type": "Inner",
                "Startup Cost": 4.3,
                "Total Cost": 74305.52,
                "Plan Rows": 24,
                "Plan Width": 4,
                "Actual Startup Time": 7.506,
                "Actual Total Time": 3142.668,
                "Actual Rows": 202638,
                "Actual Loops": 2,
                "Inner Unique": false,
                "Join Filter": "(t.id = mi.movie_id)",
                "Rows Removed by Join Filter": 0,
                "Plans": [
                  {
                    "Node Type": "Nested Loop",
                    "Parent Relationship": "Outer",
                    "Parallel Aware": false,
                    "Join Type": "Inner",
                    "Startup Cost": 3.86,
                    "Total Cost": 74270.86,
                    "Plan Rows": 25,
                    "Plan Width": 8,
                    "Actual Startup Time": 5.097,
                    "Actual Total Time": 1470.651,
                    "Actual Rows": 104530,
                    "Actual Loops": 2,
                    "Inner Unique": true,
                    "Plans": [
                      {
                        "Node Type": "Nested Loop",
                        "Parent Relationship": "Outer",
                        "Parallel Aware": false,
                        "Join Type": "Inner",
                        "Startup Cost": 3.43,
                        "Total Cost": 74259.55,
                        "Plan Rows": 25,
                        "Plan Width": 4,
                        "Actual Startup Time": 4.997,
                        "Actual Total Time": 1100.861,
                        "Actual Rows": 104530,
                        "Actual Loops": 2,
                        "Inner Unique": false,
                        "Plans": [
                          {
                            "Node Type": "Hash Join",
                            "Parent Relationship": "Outer",
                            "Parallel Aware": false,
                            "Join Type": "Inner",
                            "Startup Cost": 2.87,
                            "Total Cost": 74215.26,
                            "Plan Rows": 3,
                            "Plan Width": 8,
                            "Actual Startup Time": 4.878,
                            "Actual Total Time": 1031.907,
                            "Actual Rows": 2334,
                            "Actual Loops": 2,
                            "Inner Unique": true,
                            "Hash Cond": "(pi.info_type_id = it2.id)",
                            "Plans": [
                              {
                                "Node Type": "Nested Loop",
                                "Parent Relationship": "Outer",
                                "Parallel Aware": false,
                                "Join Type": "Inner",
                                "Startup Cost": 0.43,
                                "Total Cost": 74212.39,
                                "Plan Rows": 160,
                                "Plan Width": 12,
                                "Actual Startup Time": 1.162,
                                "Actual Total Time": 1029.691,
                                "Actual Rows": 8174,
                                "Actual Loops": 2,
                                "Inner Unique": true,
                                "Plans": [
                                  {
                                    "Node Type": "Seq Scan",
                                    "Parent Relationship": "Outer",
                                    "Parallel Aware": true,
                                    "Relation Name": "person_info",
                                    "Alias": "pi",
                                    "Startup Cost": 0.0,
                                    "Total Cost": 72865.49,
                                    "Plan Rows": 160,
                                    "Plan Width": 8,
                                    "Actual Startup Time": 1.055,
                                    "Actual Total Time": 973.178,
                                    "Actual Rows": 8174,
                                    "Actual Loops": 2,
                                    "Filter": "(info ~~* '%india%'::text)",
                                    "Rows Removed by Filter": 1473658
                                  },
                                  {
                                    "Node Type": "Index Only Scan",
                                    "Parent Relationship": "Inner",
                                    "Parallel Aware": false,
                                    "Scan Direction": "Forward",
                                    "Index Name": "name_pkey",
                                    "Relation Name": "name",
                                    "Alias": "n",
                                    "Startup Cost": 0.43,
                                    "Total Cost": 8.42,
                                    "Plan Rows": 1,
                                    "Plan Width": 4,
                                    "Actual Startup Time": 0.006,
                                    "Actual Total Time": 0.006,
                                    "Actual Rows": 1,
                                    "Actual Loops": 16348,
                                    "Index Cond": "(id = pi.person_id)",
                                    "Rows Removed by Index Recheck": 0,
                                    "Heap Fetches": 16348
                                  }
                                ]
                              },
                              {
                                "Node Type": "Hash",
                                "Parent Relationship": "Inner",
                                "Parallel Aware": false,
                                "Startup Cost": 2.41,
                                "Total Cost": 2.41,
                                "Plan Rows": 2,
                                "Plan Width": 4,
                                "Actual Startup Time": 0.139,
                                "Actual Total Time": 0.14,
                                "Actual Rows": 3,
                                "Actual Loops": 2,
                                "Hash Buckets": 1024,
                                "Original Hash Buckets": 1024,
                                "Hash Batches": 1,
                                "Original Hash Batches": 1,
                                "Peak Memory Usage": 9,
                                "Plans": [
                                  {
                                    "Node Type": "Seq Scan",
                                    "Parent Relationship": "Outer",
                                    "Parallel Aware": false,
                                    "Relation Name": "info_type",
                                    "Alias": "it2",
                                    "Startup Cost": 0.0,
                                    "Total Cost": 2.41,
                                    "Plan Rows": 2,
                                    "Plan Width": 4,
                                    "Actual Startup Time": 0.034,
                                    "Actual Total Time": 0.127,
                                    "Actual Rows": 3,
                                    "Actual Loops": 2,
                                    "Filter": "((info)::text ~~* '%birth%'::text)",
                                    "Rows Removed by Filter": 110
                                  }
                                ]
                              }
                            ]
                          },
                          {
                            "Node Type": "Index Scan",
                            "Parent Relationship": "Inner",
                            "Parallel Aware": false,
                            "Scan Direction": "Forward",
                            "Index Name": "person_id_cast_info",
                            "Relation Name": "cast_info",
                            "Alias": "ci",
                            "Startup Cost": 0.56,
                            "Total Cost": 9.73,
                            "Plan Rows": 503,
                            "Plan Width": 8,
                            "Actual Startup Time": 0.013,
                            "Actual Total Time": 0.025,
                            "Actual Rows": 45,
                            "Actual Loops": 4668,
                            "Index Cond": "(person_id = n.id)",
                            "Rows Removed by Index Recheck": 0
                          }
                        ]
                      },
                      {
                        "Node Type": "Index Only Scan",
                        "Parent Relationship": "Inner",
                        "Parallel Aware": false,
                        "Scan Direction": "Forward",
                        "Index Name": "title_pkey",
                        "Relation Name": "title",
                        "Alias": "t",
                        "Startup Cost": 0.43,
                        "Total Cost": 0.45,
                        "Plan Rows": 1,
                        "Plan Width": 4,
                        "Actual Startup Time": 0.003,
                        "Actual Total Time": 0.003,
                        "Actual Rows": 1,
                        "Actual Loops": 209061,
                        "Index Cond": "(id = ci.movie_id)",
                        "Rows Removed by Index Recheck": 0,
                        "Heap Fetches": 209061
                      }
                    ]
                  },
                  {
                    "Node Type": "Index Scan",
                    "Parent Relationship": "Inner",
                    "Parallel Aware": false,
                    "Scan Direction": "Forward",
                    "Index Name": "movie_id_movie_info",
                    "Relation Name": "movie_info",
                    "Alias": "mi",
                    "Startup Cost": 0.43,
                    "Total Cost": 1.3,
                    "Plan Rows": 7,
                    "Plan Width": 8,
                    "Actual Startup Time": 0.008,
                    "Actual Total Time": 0.016,
                    "Actual Rows": 2,
                    "Actual Loops": 209061,
                    "Index Cond": "(movie_id = ci.movie_id)",
                    "Rows Removed by Index Recheck": 0,
                    "Filter": "(info ~~* '%usa%'::text)",
                    "Rows Removed by Filter": 11
                  }
                ]
              },
              {
                "Node Type": "Hash",
                "Parent Relationship": "Inner",
                "Parallel Aware": false,
                "Startup Cost": 2.41,
                "Total Cost": 2.41,
                "Plan Rows": 2,
                "Plan Width": 4,
                "Actual Startup Time": 0.184,
                "Actual Total Time": 0.185,
                "Actual Rows": 3,
                "Actual Loops": 2,
                "Hash Buckets": 1024,
                "Original Hash Buckets": 1024,
                "Hash Batches": 1,
                "Original Hash Batches": 1,
                "Peak Memory Usage": 9,
                "Plans": [
                  {
                    "Node Type": "Seq Scan",
                    "Parent Relationship": "Outer",
                    "Parallel Aware": false,
                    "Relation Name": "info_type",
                    "Alias": "it1",
                    "Startup Cost": 0.0,
                    "Total Cost": 2.41,
                    "Plan Rows": 2,
                    "Plan Width": 4,
                    "Actual Startup Time": 0.071,
                    "Actual Total Time": 0.167,
                    "Actual Rows": 3,
                    "Actual Loops": 2,
                    "Filter": "((info)::text ~~* '%count%'::text)",
                    "Rows Removed by Filter": 110
                  }
                ]
              }
            ]
          }
        ]
      }
    ]
  },
  "Planning Time": 2.953,
  "Triggers": [],
  "Execution Time": 3277.299
}