{
  "Plan": {
    "Node Type": "Aggregate",
    "Strategy": "Plain",
    "Partial Mode": "Simple",
    "Parallel Aware": false,
    "Startup Cost": 280172.98,
    "Total Cost": 280172.99,
    "Plan Rows": 1,
    "Plan Width": 32,
    "Actual Startup Time": 1101.388,
    "Actual Total Time": 1173.139,
    "Actual Rows": 1,
    "Actual Loops": 1,
    "Plans": [
      {
        "Node Type": "Gather",
        "Parent Relationship": "Outer",
        "Parallel Aware": false,
        "Startup Cost": 246652.87,
        "Total Cost": 280172.98,
        "Plan Rows": 2,
        "Plan Width": 17,
        "Actual Startup Time": 1101.322,
        "Actual Total Time": 1173.071,
        "Actual Rows": 0,
        "Actual Loops": 1,
        "Workers Planned": 3,
        "Workers Launched": 3,
        "Single Copy": false,
        "Plans": [
          {
            "Node Type": "Hash Join",
            "Parent Relationship": "Outer",
            "Parallel Aware": false,
            "Join Type": "Inner",
            "Startup Cost": 245652.87,
            "Total Cost": 279172.78,
            "Plan Rows": 1,
            "Plan Width": 17,
            "Actual Startup Time": 1086.974,
            "Actual Total Time": 1086.983,
            "Actual Rows": 0,
            "Actual Loops": 4,
            "Inner Unique": true,
            "Hash Cond": "(mi.info_type_id = it.id)",
            "Plans": [
              {
                "Node Type": "Hash Join",
                "Parent Relationship": "Outer",
                "Parallel Aware": true,
                "Join Type": "Inner",
                "Startup Cost": 245649.33,
                "Total Cost": 279169.23,
                "Plan Rows": 1,
                "Plan Width": 21,
                "Actual Startup Time": 1086.213,
                "Actual Total Time": 1086.22,
                "Actual Rows": 0,
                "Actual Loops": 4,
                "Inner Unique": false,
                "Hash Cond": "(t.id = mi.movie_id)",
                "Plans": [
                  {
                    "Node Type": "Hash Join",
                    "Parent Relationship": "Outer",
                    "Parallel Aware": false,
                    "Join Type": "Inner",
                    "Startup Cost": 45138.53,
                    "Total Cost": 78657.55,
                    "Plan Rows": 1,
                    "Plan Width": 25,
                    "Actual Startup Time": 309.731,
                    "Actual Total Time": 309.736,
                    "Actual Rows": 0,
                    "Actual Loops": 4,
                    "Inner Unique": true,
                    "Hash Cond": "(mc.company_type_id = ct.id)",
                    "Plans": [
                      {
                        "Node Type": "Hash Join",
                        "Parent Relationship": "Outer",
                        "Parallel Aware": true,
                        "Join Type": "Inner",
                        "Startup Cost": 45137.47,
                        "Total Cost": 78656.47,
                        "Plan Rows": 3,
                        "Plan Width": 29,
                        "Actual Startup Time": 309.623,
                        "Actual Total Time": 309.627,
                        "Actual Rows": 0,
                        "Actual Loops": 4,
                        "Inner Unique": true,
                        "Hash Cond": "(mc.movie_id = t.id)",
                        "Plans": [
                          {
                            "Node Type": "Seq Scan",
                            "Parent Relationship": "Outer",
                            "Parallel Aware": true,
                            "Relation Name": "movie_companies",
                            "Alias": "mc",
                            "Startup Cost": 0.0,
                            "Total Cost": 33518.95,
                            "Plan Rows": 18,
                            "Plan Width": 8,
                            "Actual Startup Time": 4.418,
                            "Actual Total Time": 105.918,
                            "Actual Rows": 354,
                            "Actual Loops": 4,
                            "Filter": "((note ~~ '%(VHS)%'::text) AND (note ~~ '%(USA)%'::text) AND (note ~~ '%(1994)%'::text))",
                            "Rows Removed by Filter": 651928
                          },
                          {
                            "Node Type": "Hash",
                            "Parent Relationship": "Inner",
                            "Parallel Aware": true,
                            "Startup Cost": 43899.59,
                            "Total Cost": 43899.59,
                            "Plan Rows": 99030,
                            "Plan Width": 21,
                            "Actual Startup Time": 201.529,
                            "Actual Total Time": 201.53,
                            "Actual Rows": 97916,
                            "Actual Loops": 4,
                            "Hash Buckets": 524288,
                            "Original Hash Buckets": 524288,
                            "Hash Batches": 1,
                            "Original Hash Batches": 1,
                            "Peak Memory Usage": 26272,
                            "Plans": [
                              {
                                "Node Type": "Seq Scan",
                                "Parent Relationship": "Outer",
                                "Parallel Aware": true,
                                "Relation Name": "title",
                                "Alias": "t",
                                "Startup Cost": 0.0,
                                "Total Cost": 43899.59,
                                "Plan Rows": 99030,
                                "Plan Width": 21,
                                "Actual Startup Time": 0.036,
                                "Actual Total Time": 144.902,
                                "Actual Rows": 97916,
                                "Actual Loops": 4,
                                "Filter": "(production_year > 2010)",
                                "Rows Removed by Filter": 534162
                              }
                            ]
                          }
                        ]
                      },
                      {
                        "Node Type": "Hash",
                        "Parent Relationship": "Inner",
                        "Parallel Aware": false,
                        "Startup Cost": 1.05,
                        "Total Cost": 1.05,
                        "Plan Rows": 1,
                        "Plan Width": 4,
                        "Actual Startup Time": 0.059,
                        "Actual Total Time": 0.061,
                        "Actual Rows": 1,
                        "Actual Loops": 4,
                        "Hash Buckets": 1024,
                        "Original Hash Buckets": 1024,
                        "Hash Batches": 1,
                        "Original Hash Batches": 1,
                        "Peak Memory Usage": 9,
                        "Plans": [
                          {
                            "Node Type": "Seq Scan",
                            "Parent Relationship": "Outer",
                            "Parallel Aware": false,
                            "Relation Name": "company_type",
                            "Alias": "ct",
                            "Startup Cost": 0.0,
                            "Total Cost": 1.05,
                            "Plan Rows": 1,
                            "Plan Width": 4,
                            "Actual Startup Time": 0.049,
                            "Actual Total Time": 0.051,
                            "Actual Rows": 1,
                            "Actual Loops": 4,
                            "Filter": "((kind)::text = 'production companies'::text)",
                            "Rows Removed by Filter": 3
                          }
                        ]
                      }
                    ]
                  },
                  {
                    "Node Type": "Hash",
                    "Parent Relationship": "Inner",
                    "Parallel Aware": true,
                    "Startup Cost": 199164.27,
                    "Total Cost": 199164.27,
                    "Plan Rows": 107723,
                    "Plan Width": 8,
                    "Actual Startup Time": 772.393,
                    "Actual Total Time": 772.393,
                    "Actual Rows": 138194,
                    "Actual Loops": 4,
                    "Hash Buckets": 1048576,
                    "Original Hash Buckets": 1048576,
                    "Hash Batches": 1,
                    "Original Hash Batches": 1,
                    "Peak Memory Usage": 29888,
                    "Plans": [
                      {
                        "Node Type": "Seq Scan",
                        "Parent Relationship": "Outer",
                        "Parallel Aware": true,
                        "Relation Name": "movie_info",
                        "Alias": "mi",
                        "Startup Cost": 0.0,
                        "Total Cost": 199164.27,
                        "Plan Rows": 107723,
                        "Plan Width": 8,
                        "Actual Startup Time": 59.644,
                        "Actual Total Time": 714.41,
                        "Actual Rows": 138194,
                        "Actual Loops": 4,
                        "Filter": "(info = ANY ('{USA,America}'::text[]))",
                        "Rows Removed by Filter": 3570736
                      }
                    ]
                  }
                ]
              },
              {
                "Node Type": "Hash",
                "Parent Relationship": "Inner",
                "Parallel Aware": false,
                "Startup Cost": 2.13,
                "Total Cost": 2.13,
                "Plan Rows": 113,
                "Plan Width": 4,
                "Actual Startup Time": 0.168,
                "Actual Total Time": 0.168,
                "Actual Rows": 113,
                "Actual Loops": 4,
                "Hash Buckets": 1024,
                "Original Hash Buckets": 1024,
                "Hash Batches": 1,
                "Original Hash Batches": 1,
                "Peak Memory Usage": 12,
                "Plans": [
                  {
                    "Node Type": "Seq Scan",
                    "Parent Relationship": "Outer",
                    "Parallel Aware": false,
                    "Relation Name": "info_type",
                    "Alias": "it",
                    "Startup Cost": 0.0,
                    "Total Cost": 2.13,
                    "Plan Rows": 113,
                    "Plan Width": 4,
                    "Actual Startup Time": 0.071,
                    "Actual Total Time": 0.099,
                    "Actual Rows": 113,
                    "Actual Loops": 4
                  }
                ]
              }
            ]
          }
        ]
      }
    ]
  },
  "Planning Time": 6.727,
  "Triggers": [],
  "Execution Time": 1173.672
}