[
    {
        "Bao": {
            "Bao prediction": "NaN",
            "Bao recommended hint": "(no hint)"
        }
    },
    {
        "Plan": {
            "Node Type": "Aggregate",
            "Strategy": "Plain",
            "Partial Mode": "Finalize",
            "Parallel Aware": false,
            "Startup Cost": 32982.84,
            "Total Cost": 32982.85,
            "Plan Rows": 1,
            "Plan Width": 8,
            "Actual Startup Time": 91.456,
            "Actual Total Time": 96.263,
            "Actual Rows": 1,
            "Actual Loops": 1,
            "Output": [
                "count(*)"
            ],
            "Plans": [
                {
                    "Node Type": "Gather",
                    "Parent Relationship": "Outer",
                    "Parallel Aware": false,
                    "Startup Cost": 32982.53,
                    "Total Cost": 32982.84,
                    "Plan Rows": 3,
                    "Plan Width": 8,
                    "Actual Startup Time": 91.378,
                    "Actual Total Time": 96.255,
                    "Actual Rows": 4,
                    "Actual Loops": 1,
                    "Output": [
                        "(PARTIAL count(*))"
                    ],
                    "Workers Planned": 3,
                    "Workers Launched": 3,
                    "Single Copy": false,
                    "Plans": [
                        {
                            "Node Type": "Aggregate",
                            "Strategy": "Plain",
                            "Partial Mode": "Partial",
                            "Parent Relationship": "Outer",
                            "Parallel Aware": false,
                            "Startup Cost": 31982.53,
                            "Total Cost": 31982.54,
                            "Plan Rows": 1,
                            "Plan Width": 8,
                            "Actual Startup Time": 82.874,
                            "Actual Total Time": 82.875,
                            "Actual Rows": 1,
                            "Actual Loops": 4,
                            "Output": [
                                "PARTIAL count(*)"
                            ],
                            "Workers": [
                                {
                                    "Worker Number": 0,
                                    "Actual Startup Time": 80.08,
                                    "Actual Total Time": 80.081,
                                    "Actual Rows": 1,
                                    "Actual Loops": 1
                                },
                                {
                                    "Worker Number": 1,
                                    "Actual Startup Time": 80.27,
                                    "Actual Total Time": 80.271,
                                    "Actual Rows": 1,
                                    "Actual Loops": 1
                                },
                                {
                                    "Worker Number": 2,
                                    "Actual Startup Time": 80.3,
                                    "Actual Total Time": 80.301,
                                    "Actual Rows": 1,
                                    "Actual Loops": 1
                                }
                            ],
                            "Plans": [
                                {
                                    "Node Type": "Seq Scan",
                                    "Parent Relationship": "Outer",
                                    "Parallel Aware": true,
                                    "Relation Name": "movie_companies",
                                    "Schema": "public",
                                    "Alias": "mc",
                                    "Startup Cost": 0.0,
                                    "Total Cost": 31414.82,
                                    "Plan Rows": 227083,
                                    "Plan Width": 0,
                                    "Actual Startup Time": 46.431,
                                    "Actual Total Time": 77.723,
                                    "Actual Rows": 111088,
                                    "Actual Loops": 4,
                                    "Output": [
                                        "id",
                                        "movie_id",
                                        "company_id",
                                        "company_type_id",
                                        "note"
                                    ],
                                    "Filter": "((mc.company_id < 11854) AND (mc.company_type_id > 1))",
                                    "Rows Removed by Filter": 541194,
                                    "Workers": [
                                        {
                                            "Worker Number": 0,
                                            "Actual Startup Time": 43.64,
                                            "Actual Total Time": 75.097,
                                            "Actual Rows": 120135,
                                            "Actual Loops": 1
                                        },
                                        {
                                            "Worker Number": 1,
                                            "Actual Startup Time": 43.818,
                                            "Actual Total Time": 75.309,
                                            "Actual Rows": 118753,
                                            "Actual Loops": 1
                                        },
                                        {
                                            "Worker Number": 2,
                                            "Actual Startup Time": 43.861,
                                            "Actual Total Time": 75.571,
                                            "Actual Rows": 113494,
                                            "Actual Loops": 1
                                        }
                                    ]
                                }
                            ]
                        }
                    ]
                }
            ]
        },
        "Planning Time": 323.071,
        "Triggers": [],
        "Execution Time": 96.347
    }
]