[
  {
    "Plan": {
      "Node Type": "Aggregate",
      "Strategy": "Plain",
      "Partial Mode": "Finalize",
      "Parallel Aware": false,
      "Startup Cost": 46594.54,
      "Total Cost": 46594.55,
      "Plan Rows": 1,
      "Plan Width": 8,
      "Actual Startup Time": 192.712,
      "Actual Total Time": 204.349,
      "Actual Rows": 1,
      "Actual Loops": 1,
      "Plans": [
        {
          "Node Type": "Gather",
          "Parent Relationship": "Outer",
          "Parallel Aware": false,
          "Startup Cost": 46594.22,
          "Total Cost": 46594.53,
          "Plan Rows": 3,
          "Plan Width": 8,
          "Actual Startup Time": 192.594,
          "Actual Total Time": 204.342,
          "Actual Rows": 4,
          "Actual Loops": 1,
          "Workers Planned": 3,
          "Workers Launched": 3,
          "Single Copy": false,
          "Plans": [
            {
              "Node Type": "Aggregate",
              "Strategy": "Plain",
              "Partial Mode": "Partial",
              "Parent Relationship": "Outer",
              "Parallel Aware": false,
              "Startup Cost": 45594.22,
              "Total Cost": 45594.23,
              "Plan Rows": 1,
              "Plan Width": 8,
              "Actual Startup Time": 186.002,
              "Actual Total Time": 186.003,
              "Actual Rows": 1,
              "Actual Loops": 4,
              "Plans": [
                {
                  "Node Type": "Seq Scan",
                  "Parent Relationship": "Outer",
                  "Parallel Aware": true,
                  "Relation Name": "movie_keyword",
                  "Alias": "mk",
                  "Startup Cost": 0.0,
                  "Total Cost": 42695.65,
                  "Plan Rows": 1159428,
                  "Plan Width": 0,
                  "Actual Startup Time": 0.051,
                  "Actual Total Time": 138.061,
                  "Actual Rows": 900535,
                  "Actual Loops": 4,
                  "Filter": "(keyword_id < 20329)",
                  "Rows Removed by Filter": 230447
                }
              ]
            }
          ]
        }
      ]
    },
    "Planning Time": 0.098,
    "Triggers": [],
    "Execution Time": 204.38
  }
]