[
  {
    "Plan": {
      "Node Type": "Aggregate",
      "Strategy": "Plain",
      "Partial Mode": "Finalize",
      "Parallel Aware": false,
      "Startup Cost": 342997.39,
      "Total Cost": 342997.4,
      "Plan Rows": 1,
      "Plan Width": 8,
      "Actual Startup Time": 975.552,
      "Actual Total Time": 1025.372,
      "Actual Rows": 1,
      "Actual Loops": 1,
      "Plans": [
        {
          "Node Type": "Gather",
          "Parent Relationship": "Outer",
          "Parallel Aware": false,
          "Startup Cost": 342996.77,
          "Total Cost": 342997.38,
          "Plan Rows": 6,
          "Plan Width": 8,
          "Actual Startup Time": 975.335,
          "Actual Total Time": 1025.359,
          "Actual Rows": 7,
          "Actual Loops": 1,
          "Workers Planned": 6,
          "Workers Launched": 6,
          "Single Copy": false,
          "Plans": [
            {
              "Node Type": "Aggregate",
              "Strategy": "Plain",
              "Partial Mode": "Partial",
              "Parent Relationship": "Outer",
              "Parallel Aware": false,
              "Startup Cost": 341996.77,
              "Total Cost": 341996.78,
              "Plan Rows": 1,
              "Plan Width": 8,
              "Actual Startup Time": 966.373,
              "Actual Total Time": 966.374,
              "Actual Rows": 1,
              "Actual Loops": 7,
              "Plans": [
                {
                  "Node Type": "Seq Scan",
                  "Parent Relationship": "Outer",
                  "Parallel Aware": true,
                  "Relation Name": "cast_info",
                  "Alias": "ci",
                  "Startup Cost": 0.0,
                  "Total Cost": 328211.39,
                  "Plan Rows": 5514150,
                  "Plan Width": 0,
                  "Actual Startup Time": 50.345,
                  "Actual Total Time": 714.254,
                  "Actual Rows": 4709986,
                  "Actual Loops": 7,
                  "Filter": "(person_id > 315951)",
                  "Rows Removed by Filter": 467778
                }
              ]
            }
          ]
        }
      ]
    },
    "Planning Time": 0.205,
    "Triggers": [],
    "Execution Time": 1025.447
  }
]