{
  "Plan": {
    "Node Type": "Aggregate",
    "Strategy": "Plain",
    "Partial Mode": "Finalize",
    "Parallel Aware": false,
    "Startup Cost": 110767.25,
    "Total Cost": 110767.26,
    "Plan Rows": 1,
    "Plan Width": 8,
    "Actual Startup Time": 356.489,
    "Actual Total Time": 371.45,
    "Actual Rows": 1,
    "Actual Loops": 1,
    "Plans": [
      {
        "Node Type": "Gather",
        "Parent Relationship": "Outer",
        "Parallel Aware": false,
        "Startup Cost": 110767.13,
        "Total Cost": 110767.24,
        "Plan Rows": 1,
        "Plan Width": 8,
        "Actual Startup Time": 356.116,
        "Actual Total Time": 371.434,
        "Actual Rows": 2,
        "Actual Loops": 1,
        "Workers Planned": 1,
        "Workers Launched": 1,
        "Single Copy": false,
        "Plans": [
          {
            "Node Type": "Aggregate",
            "Strategy": "Plain",
            "Partial Mode": "Partial",
            "Parent Relationship": "Outer",
            "Parallel Aware": false,
            "Startup Cost": 109767.13,
            "Total Cost": 109767.14,
            "Plan Rows": 1,
            "Plan Width": 8,
            "Actual Startup Time": 349.635,
            "Actual Total Time": 349.639,
            "Actual Rows": 1,
            "Actual Loops": 2,
            "Plans": [
              {
                "Node Type": "Nested Loop",
                "Parent Relationship": "Outer",
                "Parallel Aware": false,
                "Join Type": "Inner",
                "Startup Cost": 73863.14,
                "Total Cost": 109753.7,
                "Plan Rows": 5372,
                "Plan Width": 0,
                "Actual Startup Time": 181.991,
                "Actual Total Time": 344.88,
                "Actual Rows": 108314,
                "Actual Loops": 2,
                "Inner Unique": false,
                "Join Filter": "(t.id = mc.movie_id)",
                "Rows Removed by Join Filter": 0,
                "Plans": [
                  {
                    "Node Type": "Hash Join",
                    "Parent Relationship": "Outer",
                    "Parallel Aware": true,
                    "Join Type": "Inner",
                    "Startup Cost": 73862.71,
                    "Total Cost": 105678.01,
                    "Plan Rows": 5588,
                    "Plan Width": 8,
                    "Actual Startup Time": 181.873,
                    "Actual Total Time": 294.941,
                    "Actual Rows": 8255,
                    "Actual Loops": 2,
                    "Inner Unique": true,
                    "Hash Cond": "(mk.movie_id = t.id)",
                    "Plans": [
                      {
                        "Node Type": "Bitmap Heap Scan",
                        "Parent Relationship": "Outer",
                        "Parallel Aware": true,
                        "Relation Name": "movie_keyword",
                        "Alias": "mk",
                        "Startup Cost": 17552.67,
                        "Total Cost": 48090.39,
                        "Plan Rows": 486698,
                        "Plan Width": 4,
                        "Actual Startup Time": 45.457,
                        "Actual Total Time": 123.58,
                        "Actual Rows": 406154,
                        "Actual Loops": 2,
                        "Recheck Cond": "(keyword_id > 22597)",
                        "Rows Removed by Index Recheck": 0,
                        "Exact Heap Blocks": 14574,
                        "Lossy Heap Blocks": 0,
                        "Plans": [
                          {
                            "Node Type": "Bitmap Index Scan",
                            "Parent Relationship": "Outer",
                            "Parallel Aware": false,
                            "Index Name": "keyword_id_movie_keyword",
                            "Startup Cost": 0.0,
                            "Total Cost": 17345.83,
                            "Plan Rows": 827386,
                            "Plan Width": 0,
                            "Actual Startup Time": 41.814,
                            "Actual Total Time": 41.815,
                            "Actual Rows": 812309,
                            "Actual Loops": 1,
                            "Index Cond": "(keyword_id > 22597)"
                          }
                        ]
                      },
                      {
                        "Node Type": "Hash",
                        "Parent Relationship": "Inner",
                        "Parallel Aware": true,
                        "Startup Cost": 56096.6,
                        "Total Cost": 56096.6,
                        "Plan Rows": 17075,
                        "Plan Width": 4,
                        "Actual Startup Time": 135.068,
                        "Actual Total Time": 135.069,
                        "Actual Rows": 9541,
                        "Actual Loops": 2,
                        "Hash Buckets": 32768,
                        "Original Hash Buckets": 32768,
                        "Hash Batches": 1,
                        "Original Hash Batches": 1,
                        "Peak Memory Usage": 1024,
                        "Plans": [
                          {
                            "Node Type": "Bitmap Heap Scan",
                            "Parent Relationship": "Outer",
                            "Parallel Aware": true,
                            "Relation Name": "title",
                            "Alias": "t",
                            "Startup Cost": 13446.21,
                            "Total Cost": 56096.6,
                            "Plan Rows": 17075,
                            "Plan Width": 4,
                            "Actual Startup Time": 49.065,
                            "Actual Total Time": 132.312,
                            "Actual Rows": 9541,
                            "Actual Loops": 2,
                            "Recheck Cond": "(kind_id < 3)",
                            "Rows Removed by Index Recheck": 0,
                            "Filter": "(production_year = 2005)",
                            "Rows Removed by Filter": 367298,
                            "Exact Heap Blocks": 28217,
                            "Lossy Heap Blocks": 0,
                            "Plans": [
                              {
                                "Node Type": "Bitmap Index Scan",
                                "Parent Relationship": "Outer",
                                "Parallel Aware": false,
                                "Index Name": "kind_id_title",
                                "Startup Cost": 0.0,
                                "Total Cost": 13438.96,
                                "Plan Rows": 753937,
                                "Plan Width": 0,
                                "Actual Startup Time": 48.123,
                                "Actual Total Time": 48.123,
                                "Actual Rows": 753677,
                                "Actual Loops": 1,
                                "Index Cond": "(kind_id < 3)"
                              }
                            ]
                          }
                        ]
                      }
                    ]
                  },
                  {
                    "Node Type": "Index Scan",
                    "Parent Relationship": "Inner",
                    "Parallel Aware": false,
                    "Scan Direction": "Forward",
                    "Index Name": "movie_id_movie_companies",
                    "Relation Name": "movie_companies",
                    "Alias": "mc",
                    "Startup Cost": 0.43,
                    "Total Cost": 0.67,
                    "Plan Rows": 5,
                    "Plan Width": 4,
                    "Actual Startup Time": 0.002,
                    "Actual Total Time": 0.005,
                    "Actual Rows": 13,
                    "Actual Loops": 16510,
                    "Index Cond": "(movie_id = mk.movie_id)",
                    "Rows Removed by Index Recheck": 0,
                    "Filter": "(company_id > 34)",
                    "Rows Removed by Filter": 0
                  }
                ]
              }
            ]
          }
        ]
      }
    ]
  },
  "Planning Time": 1.048,
  "Triggers": [],
  "Execution Time": 371.566
}