{
  "Plan": {
    "Node Type": "Aggregate",
    "Strategy": "Plain",
    "Partial Mode": "Finalize",
    "Parallel Aware": false,
    "Startup Cost": 408326.86,
    "Total Cost": 408326.87,
    "Plan Rows": 1,
    "Plan Width": 8,
    "Actual Startup Time": 4610.159,
    "Actual Total Time": 4653.632,
    "Actual Rows": 1,
    "Actual Loops": 1,
    "Plans": [
      {
        "Node Type": "Gather",
        "Parent Relationship": "Outer",
        "Parallel Aware": false,
        "Startup Cost": 408326.75,
        "Total Cost": 408326.86,
        "Plan Rows": 1,
        "Plan Width": 8,
        "Actual Startup Time": 4607.076,
        "Actual Total Time": 4653.623,
        "Actual Rows": 2,
        "Actual Loops": 1,
        "Workers Planned": 1,
        "Workers Launched": 1,
        "Single Copy": false,
        "Plans": [
          {
            "Node Type": "Aggregate",
            "Strategy": "Plain",
            "Partial Mode": "Partial",
            "Parent Relationship": "Outer",
            "Parallel Aware": false,
            "Startup Cost": 407326.75,
            "Total Cost": 407326.76,
            "Plan Rows": 1,
            "Plan Width": 8,
            "Actual Startup Time": 4600.014,
            "Actual Total Time": 4600.021,
            "Actual Rows": 1,
            "Actual Loops": 2,
            "Plans": [
              {
                "Node Type": "Hash Join",
                "Parent Relationship": "Outer",
                "Parallel Aware": true,
                "Join Type": "Inner",
                "Startup Cost": 119826.11,
                "Total Cost": 405557.0,
                "Plan Rows": 707901,
                "Plan Width": 0,
                "Actual Startup Time": 681.313,
                "Actual Total Time": 3913.566,
                "Actual Rows": 14930295,
                "Actual Loops": 2,
                "Inner Unique": false,
                "Hash Cond": "(mi.movie_id = t.id)",
                "Plans": [
                  {
                    "Node Type": "Seq Scan",
                    "Parent Relationship": "Outer",
                    "Parallel Aware": true,
                    "Relation Name": "movie_info",
                    "Alias": "mi",
                    "Startup Cost": 0.0,
                    "Total Cost": 248955.74,
                    "Plan Rows": 8696274,
                    "Plan Width": 4,
                    "Actual Startup Time": 0.014,
                    "Actual Total Time": 720.757,
                    "Actual Rows": 7417860,
                    "Actual Loops": 2
                  },
                  {
                    "Node Type": "Hash",
                    "Parent Relationship": "Inner",
                    "Parallel Aware": true,
                    "Startup Cost": 118312.79,
                    "Total Cost": 118312.79,
                    "Plan Rows": 121065,
                    "Plan Width": 8,
                    "Actual Startup Time": 676.49,
                    "Actual Total Time": 676.495,
                    "Actual Rows": 318382,
                    "Actual Loops": 2,
                    "Hash Buckets": 1048576,
                    "Original Hash Buckets": 262144,
                    "Hash Batches": 1,
                    "Original Hash Batches": 1,
                    "Peak Memory Usage": 39264,
                    "Plans": [
                      {
                        "Node Type": "Hash Join",
                        "Parent Relationship": "Outer",
                        "Parallel Aware": true,
                        "Join Type": "Inner",
                        "Startup Cost": 84419.52,
                        "Total Cost": 118312.79,
                        "Plan Rows": 121065,
                        "Plan Width": 8,
                        "Actual Startup Time": 332.899,
                        "Actual Total Time": 583.059,
                        "Actual Rows": 318382,
                        "Actual Loops": 2,
                        "Inner Unique": true,
                        "Hash Cond": "(mk.movie_id = t.id)",
                        "Plans": [
                          {
                            "Node Type": "Bitmap Heap Scan",
                            "Parent Relationship": "Outer",
                            "Parallel Aware": true,
                            "Relation Name": "movie_keyword",
                            "Alias": "mk",
                            "Startup Cost": 22506.74,
                            "Total Cost": 54761.79,
                            "Plan Rows": 624084,
                            "Plan Width": 4,
                            "Actual Startup Time": 52.874,
                            "Actual Total Time": 172.154,
                            "Actual Rows": 533372,
                            "Actual Loops": 2,
                            "Recheck Cond": "(keyword_id < 1069)",
                            "Rows Removed by Index Recheck": 0,
                            "Exact Heap Blocks": 15635,
                            "Lossy Heap Blocks": 0,
                            "Plans": [
                              {
                                "Node Type": "Bitmap Index Scan",
                                "Parent Relationship": "Outer",
                                "Parallel Aware": false,
                                "Index Name": "keyword_id_movie_keyword",
                                "Startup Cost": 0.0,
                                "Total Cost": 22241.5,
                                "Plan Rows": 1060943,
                                "Plan Width": 0,
                                "Actual Startup Time": 49.197,
                                "Actual Total Time": 49.197,
                                "Actual Rows": 1066743,
                                "Actual Loops": 1,
                                "Index Cond": "(keyword_id < 1069)"
                              }
                            ]
                          },
                          {
                            "Node Type": "Hash",
                            "Parent Relationship": "Inner",
                            "Parallel Aware": true,
                            "Startup Cost": 58306.47,
                            "Total Cost": 58306.47,
                            "Plan Rows": 288505,
                            "Plan Width": 4,
                            "Actual Startup Time": 275.958,
                            "Actual Total Time": 275.959,
                            "Actual Rows": 290710,
                            "Actual Loops": 2,
                            "Hash Buckets": 1048576,
                            "Original Hash Buckets": 524288,
                            "Hash Batches": 1,
                            "Original Hash Batches": 1,
                            "Peak Memory Usage": 35072,
                            "Plans": [
                              {
                                "Node Type": "Seq Scan",
                                "Parent Relationship": "Outer",
                                "Parallel Aware": true,
                                "Relation Name": "title",
                                "Alias": "t",
                                "Startup Cost": 0.0,
                                "Total Cost": 58306.47,
                                "Plan Rows": 288505,
                                "Plan Width": 4,
                                "Actual Startup Time": 0.046,
                                "Actual Total Time": 172.691,
                                "Actual Rows": 290710,
                                "Actual Loops": 2,
                                "Filter": "((kind_id < 7) AND (production_year < 2004))",
                                "Rows Removed by Filter": 973446
                              }
                            ]
                          }
                        ]
                      }
                    ]
                  }
                ]
              }
            ]
          }
        ]
      }
    ]
  },
  "Planning Time": 1.031,
  "Triggers": [],
  "Execution Time": 4653.802
}