[
  {
    "Bao": {
      "Bao prediction": 1183.663,
      "Bao recommended hint": "SET enable_nestloop TO off; SET enable_hashjoin TO off; "
    }
  },
  {
    "Plan": {
      "Node Type": "Aggregate",
      "Strategy": "Plain",
      "Partial Mode": "Simple",
      "Parallel Aware": false,
      "Startup Cost": 701966.43,
      "Total Cost": 701966.44,
      "Plan Rows": 1,
      "Plan Width": 64,
      "Actual Startup Time": 4107.458,
      "Actual Total Time": 4107.667,
      "Actual Rows": 1,
      "Actual Loops": 1,
      "Plans": [
        {
          "Node Type": "Merge Join",
          "Parent Relationship": "Outer",
          "Parallel Aware": false,
          "Join Type": "Inner",
          "Startup Cost": 565400.52,
          "Total Cost": 701966.37,
          "Plan Rows": 11,
          "Plan Width": 33,
          "Actual Startup Time": 3175.122,
          "Actual Total Time": 4107.608,
          "Actual Rows": 104,
          "Actual Loops": 1,
          "Inner Unique": false,
          "Merge Cond": "(chn.id = ci.person_role_id)",
          "Plans": [
            {
              "Node Type": "Index Scan",
              "Parent Relationship": "Outer",
              "Parallel Aware": false,
              "Scan Direction": "Forward",
              "Index Name": "char_name_pkey",
              "Relation Name": "char_name",
              "Alias": "chn",
              "Startup Cost": 0.43,
              "Total Cost": 128715.58,
              "Plan Rows": 3140252,
              "Plan Width": 20,
              "Actual Startup Time": 0.011,
              "Actual Total Time": 808.805,
              "Actual Rows": 2077054,
              "Actual Loops": 1
            },
            {
              "Node Type": "Sort",
              "Parent Relationship": "Inner",
              "Parallel Aware": false,
              "Startup Cost": 565400.09,
              "Total Cost": 565400.12,
              "Plan Rows": 11,
              "Plan Width": 21,
              "Actual Startup Time": 3175.106,
              "Actual Total Time": 3175.346,
              "Actual Rows": 105,
              "Actual Loops": 1,
              "Sort Key": [
                "ci.person_role_id"
              ],
              "Sort Method": "quicksort",
              "Sort Space Used": 33,
              "Sort Space Type": "Memory",
              "Plans": [
                {
                  "Node Type": "Merge Join",
                  "Parent Relationship": "Outer",
                  "Parallel Aware": false,
                  "Join Type": "Inner",
                  "Startup Cost": 565399.71,
                  "Total Cost": 565399.9,
                  "Plan Rows": 11,
                  "Plan Width": 21,
                  "Actual Startup Time": 3175.046,
                  "Actual Total Time": 3175.273,
                  "Actual Rows": 112,
                  "Actual Loops": 1,
                  "Inner Unique": true,
                  "Merge Cond": "(mc.company_type_id = ct.id)",
                  "Plans": [
                    {
                      "Node Type": "Sort",
                      "Parent Relationship": "Outer",
                      "Parallel Aware": false,
                      "Startup Cost": 565398.63,
                      "Total Cost": 565398.66,
                      "Plan Rows": 11,
                      "Plan Width": 25,
                      "Actual Startup Time": 3175.016,
                      "Actual Total Time": 3175.227,
                      "Actual Rows": 112,
                      "Actual Loops": 1,
                      "Sort Key": [
                        "mc.company_type_id"
                      ],
                      "Sort Method": "quicksort",
                      "Sort Space Used": 33,
                      "Sort Space Type": "Memory",
                      "Plans": [
                        {
                          "Node Type": "Merge Join",
                          "Parent Relationship": "Outer",
                          "Parallel Aware": false,
                          "Join Type": "Inner",
                          "Startup Cost": 563337.26,
                          "Total Cost": 565398.44,
                          "Plan Rows": 11,
                          "Plan Width": 25,
                          "Actual Startup Time": 3154.354,
                          "Actual Total Time": 3175.169,
                          "Actual Rows": 112,
                          "Actual Loops": 1,
                          "Inner Unique": false,
                          "Merge Cond": "(t.id = ci.movie_id)",
                          "Plans": [
                            {
                              "Node Type": "Gather Merge",
                              "Parent Relationship": "Outer",
                              "Parallel Aware": false,
                              "Startup Cost": 218460.26,
                              "Total Cost": 220499.78,
                              "Plan Rows": 5696,
                              "Plan Width": 29,
                              "Actual Startup Time": 1902.582,
                              "Actual Total Time": 1942.898,
                              "Actual Rows": 4538,
                              "Actual Loops": 1,
                              "Workers Planned": 4,
                              "Workers Launched": 4,
                              "Plans": [
                                {
                                  "Node Type": "Merge Join",
                                  "Parent Relationship": "Outer",
                                  "Parallel Aware": false,
                                  "Join Type": "Inner",
                                  "Startup Cost": 217460.2,
                                  "Total Cost": 218821.28,
                                  "Plan Rows": 1424,
                                  "Plan Width": 29,
                                  "Actual Startup Time": 1877.083,
                                  "Actual Total Time": 1923.076,
                                  "Actual Rows": 908,
                                  "Actual Loops": 5,
                                  "Inner Unique": false,
                                  "Merge Cond": "(t.id = mc.movie_id)",
                                  "Plans": [
                                    {
                                      "Node Type": "Sort",
                                      "Parent Relationship": "Outer",
                                      "Parallel Aware": false,
                                      "Startup Cost": 66852.52,
                                      "Total Cost": 67491.4,
                                      "Plan Rows": 255554,
                                      "Plan Width": 21,
                                      "Actual Startup Time": 194.628,
                                      "Actual Total Time": 218.156,
                                      "Actual Rows": 202523,
                                      "Actual Loops": 5,
                                      "Sort Key": [
                                        "t.id"
                                      ],
                                      "Sort Method": "quicksort",
                                      "Sort Space Used": 19409,
                                      "Sort Space Type": "Memory",
                                      "Workers": [
                                        {
                                          "Worker Number": 0,
                                          "Sort Method": "quicksort",
                                          "Sort Space Used": 23022,
                                          "Sort Space Type": "Memory"
                                        },
                                        {
                                          "Worker Number": 1,
                                          "Sort Method": "quicksort",
                                          "Sort Space Used": 17416,
                                          "Sort Space Type": "Memory"
                                        },
                                        {
                                          "Worker Number": 2,
                                          "Sort Method": "quicksort",
                                          "Sort Space Used": 17582,
                                          "Sort Space Type": "Memory"
                                        },
                                        {
                                          "Worker Number": 3,
                                          "Sort Method": "quicksort",
                                          "Sort Space Used": 23519,
                                          "Sort Space Type": "Memory"
                                        }
                                      ],
                                      "Plans": [
                                        {
                                          "Node Type": "Seq Scan",
                                          "Parent Relationship": "Outer",
                                          "Parallel Aware": true,
                                          "Relation Name": "title",
                                          "Alias": "t",
                                          "Startup Cost": 0.0,
                                          "Total Cost": 43899.59,
                                          "Plan Rows": 255554,
                                          "Plan Width": 21,
                                          "Actual Startup Time": 0.047,
                                          "Actual Total Time": 108.439,
                                          "Actual Rows": 202584,
                                          "Actual Loops": 5,
                                          "Filter": "(production_year > 2005)",
                                          "Rows Removed by Filter": 303078
                                        }
                                      ]
                                    },
                                    {
                                      "Node Type": "Sort",
                                      "Parent Relationship": "Inner",
                                      "Parallel Aware": false,
                                      "Startup Cost": 150607.66,
                                      "Total Cost": 150642.88,
                                      "Plan Rows": 14089,
                                      "Plan Width": 8,
                                      "Actual Startup Time": 1681.891,
                                      "Actual Total Time": 1682.847,
                                      "Actual Rows": 8790,
                                      "Actual Loops": 5,
                                      "Sort Key": [
                                        "mc.movie_id"
                                      ],
                                      "Sort Method": "quicksort",
                                      "Sort Space Used": 797,
                                      "Sort Space Type": "Memory",
                                      "Workers": [
                                        {
                                          "Worker Number": 0,
                                          "Sort Method": "quicksort",
                                          "Sort Space Used": 797,
                                          "Sort Space Type": "Memory"
                                        },
                                        {
                                          "Worker Number": 1,
                                          "Sort Method": "quicksort",
                                          "Sort Space Used": 797,
                                          "Sort Space Type": "Memory"
                                        },
                                        {
                                          "Worker Number": 2,
                                          "Sort Method": "quicksort",
                                          "Sort Space Used": 797,
                                          "Sort Space Type": "Memory"
                                        },
                                        {
                                          "Worker Number": 3,
                                          "Sort Method": "quicksort",
                                          "Sort Space Used": 797,
                                          "Sort Space Type": "Memory"
                                        }
                                      ],
                                      "Plans": [
                                        {
                                          "Node Type": "Merge Join",
                                          "Parent Relationship": "Outer",
                                          "Parallel Aware": false,
                                          "Join Type": "Inner",
                                          "Startup Cost": 4190.88,
                                          "Total Cost": 149636.76,
                                          "Plan Rows": 14089,
                                          "Plan Width": 8,
                                          "Actual Startup Time": 179.49,
                                          "Actual Total Time": 1678.524,
                                          "Actual Rows": 8790,
                                          "Actual Loops": 5,
                                          "Inner Unique": false,
                                          "Merge Cond": "(cn.id = mc.company_id)",
                                          "Plans": [
                                            {
                                              "Node Type": "Index Scan",
                                              "Parent Relationship": "Outer",
                                              "Parallel Aware": false,
                                              "Scan Direction": "Forward",
                                              "Index Name": "company_name_pkey",
                                              "Relation Name": "company_name",
                                              "Alias": "cn",
                                              "Startup Cost": 0.42,
                                              "Total Cost": 12469.43,
                                              "Plan Rows": 1269,
                                              "Plan Width": 4,
                                              "Actual Startup Time": 0.584,
                                              "Actual Total Time": 149.608,
                                              "Actual Rows": 1361,
                                              "Actual Loops": 5,
                                              "Filter": "((country_code)::text = '[ru]'::text)",
                                              "Rows Removed by Filter": 233636
                                            },
                                            {
                                              "Node Type": "Index Scan",
                                              "Parent Relationship": "Inner",
                                              "Parallel Aware": false,
                                              "Scan Direction": "Forward",
                                              "Index Name": "company_id_movie_companies",
                                              "Relation Name": "movie_companies",
                                              "Alias": "mc",
                                              "Startup Cost": 0.43,
                                              "Total Cost": 130510.28,
                                              "Plan Rows": 2609129,
                                              "Plan Width": 12,
                                              "Actual Startup Time": 0.046,
                                              "Actual Total Time": 1304.063,
                                              "Actual Rows": 2608750,
                                              "Actual Loops": 5
                                            }
                                          ]
                                        }
                                      ]
                                    }
                                  ]
                                }
                              ]
                            },
                            {
                              "Node Type": "Sort",
                              "Parent Relationship": "Inner",
                              "Parallel Aware": false,
                              "Startup Cost": 344877.0,
                              "Total Cost": 344881.77,
                              "Plan Rows": 1909,
                              "Plan Width": 8,
                              "Actual Startup Time": 1228.419,
                              "Actual Total Time": 1230.339,
                              "Actual Rows": 25908,
                              "Actual Loops": 1,
                              "Sort Key": [
                                "ci.movie_id"
                              ],
                              "Sort Method": "quicksort",
                              "Sort Space Used": 1981,
                              "Sort Space Type": "Memory",
                              "Plans": [
                                {
                                  "Node Type": "Gather",
                                  "Parent Relationship": "Outer",
                                  "Parallel Aware": false,
                                  "Startup Cost": 344559.8,
                                  "Total Cost": 344772.97,
                                  "Plan Rows": 1909,
                                  "Plan Width": 8,
                                  "Actual Startup Time": 1219.754,
                                  "Actual Total Time": 1223.142,
                                  "Actual Rows": 25874,
                                  "Actual Loops": 1,
                                  "Workers Planned": 6,
                                  "Workers Launched": 3,
                                  "Single Copy": false,
                                  "Plans": [
                                    {
                                      "Node Type": "Merge Join",
                                      "Parent Relationship": "Outer",
                                      "Parallel Aware": false,
                                      "Join Type": "Inner",
                                      "Startup Cost": 343559.8,
                                      "Total Cost": 343582.07,
                                      "Plan Rows": 318,
                                      "Plan Width": 8,
                                      "Actual Startup Time": 1210.285,
                                      "Actual Total Time": 1211.574,
                                      "Actual Rows": 6468,
                                      "Actual Loops": 4,
                                      "Inner Unique": true,
                                      "Merge Cond": "(ci.role_id = rt.id)",
                                      "Plans": [
                                        {
                                          "Node Type": "Sort",
                                          "Parent Relationship": "Outer",
                                          "Parallel Aware": false,
                                          "Startup Cost": 343558.64,
                                          "Total Cost": 343568.18,
                                          "Plan Rows": 3817,
                                          "Plan Width": 12,
                                          "Actual Startup Time": 1210.21,
                                          "Actual Total Time": 1210.532,
                                          "Actual Rows": 6470,
                                          "Actual Loops": 4,
                                          "Sort Key": [
                                            "ci.role_id"
                                          ],
                                          "Sort Method": "quicksort",
                                          "Sort Space Used": 887,
                                          "Sort Space Type": "Memory",
                                          "Workers": [
                                            {
                                              "Worker Number": 0,
                                              "Sort Method": "quicksort",
                                              "Sort Space Used": 545,
                                              "Sort Space Type": "Memory"
                                            },
                                            {
                                              "Worker Number": 1,
                                              "Sort Method": "quicksort",
                                              "Sort Space Used": 514,
                                              "Sort Space Type": "Memory"
                                            },
                                            {
                                              "Worker Number": 2,
                                              "Sort Method": "quicksort",
                                              "Sort Space Used": 530,
                                              "Sort Space Type": "Memory"
                                            }
                                          ],
                                          "Plans": [
                                            {
                                              "Node Type": "Seq Scan",
                                              "Parent Relationship": "Outer",
                                              "Parallel Aware": true,
                                              "Relation Name": "cast_info",
                                              "Alias": "ci",
                                              "Startup Cost": 0.0,
                                              "Total Cost": 343331.56,
                                              "Plan Rows": 3817,
                                              "Plan Width": 12,
                                              "Actual Startup Time": 0.728,
                                              "Actual Total Time": 1207.309,
                                              "Actual Rows": 8072,
                                              "Actual Loops": 4,
                                              "Filter": "((note ~~ '%(voice)%'::text) AND (note ~~ '%(uncredited)%'::text))",
                                              "Rows Removed by Filter": 9053014
                                            }
                                          ]
                                        },
                                        {
                                          "Node Type": "Sort",
                                          "Parent Relationship": "Inner",
                                          "Parallel Aware": false,
                                          "Startup Cost": 1.16,
                                          "Total Cost": 1.16,
                                          "Plan Rows": 1,
                                          "Plan Width": 4,
                                          "Actual Startup Time": 0.066,
                                          "Actual Total Time": 0.067,
                                          "Actual Rows": 1,
                                          "Actual Loops": 4,
                                          "Sort Key": [
                                            "rt.id"
                                          ],
                                          "Sort Method": "quicksort",
                                          "Sort Space Used": 25,
                                          "Sort Space Type": "Memory",
                                          "Workers": [
                                            {
                                              "Worker Number": 0,
                                              "Sort Method": "quicksort",
                                              "Sort Space Used": 25,
                                              "Sort Space Type": "Memory"
                                            },
                                            {
                                              "Worker Number": 1,
                                              "Sort Method": "quicksort",
                                              "Sort Space Used": 25,
                                              "Sort Space Type": "Memory"
                                            },
                                            {
                                              "Worker Number": 2,
                                              "Sort Method": "quicksort",
                                              "Sort Space Used": 25,
                                              "Sort Space Type": "Memory"
                                            }
                                          ],
                                          "Plans": [
                                            {
                                              "Node Type": "Seq Scan",
                                              "Parent Relationship": "Outer",
                                              "Parallel Aware": false,
                                              "Relation Name": "role_type",
                                              "Alias": "rt",
                                              "Startup Cost": 0.0,
                                              "Total Cost": 1.15,
                                              "Plan Rows": 1,
                                              "Plan Width": 4,
                                              "Actual Startup Time": 0.046,
                                              "Actual Total Time": 0.048,
                                              "Actual Rows": 1,
                                              "Actual Loops": 4,
                                              "Filter": "((role)::text = 'actor'::text)",
                                              "Rows Removed by Filter": 11
                                            }
                                          ]
                                        }
                                      ]
                                    }
                                  ]
                                }
                              ]
                            }
                          ]
                        }
                      ]
                    },
                    {
                      "Node Type": "Sort",
                      "Parent Relationship": "Inner",
                      "Parallel Aware": false,
                      "Startup Cost": 1.08,
                      "Total Cost": 1.09,
                      "Plan Rows": 4,
                      "Plan Width": 4,
                      "Actual Startup Time": 0.027,
                      "Actual Total Time": 0.028,
                      "Actual Rows": 2,
                      "Actual Loops": 1,
                      "Sort Key": [
                        "ct.id"
                      ],
                      "Sort Method": "quicksort",
                      "Sort Space Used": 25,
                      "Sort Space Type": "Memory",
                      "Plans": [
                        {
                          "Node Type": "Seq Scan",
                          "Parent Relationship": "Outer",
                          "Parallel Aware": false,
                          "Relation Name": "company_type",
                          "Alias": "ct",
                          "Startup Cost": 0.0,
                          "Total Cost": 1.04,
                          "Plan Rows": 4,
                          "Plan Width": 4,
                          "Actual Startup Time": 0.017,
                          "Actual Total Time": 0.018,
                          "Actual Rows": 4,
                          "Actual Loops": 1
                        }
                      ]
                    }
                  ]
                }
              ]
            }
          ]
        }
      ]
    },
    "Planning Time": 479.186,
    "Triggers": [],
    "Execution Time": 4110.153
  }
]