{
  "Plan": {
    "Node Type": "Aggregate",
    "Strategy": "Plain",
    "Partial Mode": "Simple",
    "Parallel Aware": false,
    "Startup Cost": 824.11,
    "Total Cost": 824.12,
    "Plan Rows": 1,
    "Plan Width": 8,
    "Actual Startup Time": 6.058,
    "Actual Total Time": 6.061,
    "Actual Rows": 1,
    "Actual Loops": 1,
    "Plans": [
      {
        "Node Type": "Nested Loop",
        "Parent Relationship": "Outer",
        "Parallel Aware": false,
        "Join Type": "Inner",
        "Startup Cost": 1.42,
        "Total Cost": 823.5,
        "Plan Rows": 243,
        "Plan Width": 0,
        "Actual Startup Time": 0.848,
        "Actual Total Time": 5.995,
        "Actual Rows": 250,
        "Actual Loops": 1,
        "Inner Unique": false,
        "Plans": [
          {
            "Node Type": "Nested Loop",
            "Parent Relationship": "Outer",
            "Parallel Aware": false,
            "Join Type": "Inner",
            "Startup Cost": 0.86,
            "Total Cost": 713.1,
            "Plan Rows": 52,
            "Plan Width": 8,
            "Actual Startup Time": 0.777,
            "Actual Total Time": 2.091,
            "Actual Rows": 49,
            "Actual Loops": 1,
            "Inner Unique": true,
            "Plans": [
              {
                "Node Type": "Index Scan",
                "Parent Relationship": "Outer",
                "Parallel Aware": false,
                "Scan Direction": "Forward",
                "Index Name": "company_id_movie_companies",
                "Relation Name": "movie_companies",
                "Alias": "mc",
                "Startup Cost": 0.43,
                "Total Cost": 273.83,
                "Plan Rows": 52,
                "Plan Width": 4,
                "Actual Startup Time": 0.732,
                "Actual Total Time": 1.001,
                "Actual Rows": 49,
                "Actual Loops": 1,
                "Index Cond": "(company_id = 12875)",
                "Rows Removed by Index Recheck": 0,
                "Filter": "(company_type_id > 1)",
                "Rows Removed by Filter": 107
              },
              {
                "Node Type": "Index Only Scan",
                "Parent Relationship": "Inner",
                "Parallel Aware": false,
                "Scan Direction": "Forward",
                "Index Name": "title_pkey",
                "Relation Name": "title",
                "Alias": "t",
                "Startup Cost": 0.43,
                "Total Cost": 8.45,
                "Plan Rows": 1,
                "Plan Width": 4,
                "Actual Startup Time": 0.021,
                "Actual Total Time": 0.021,
                "Actual Rows": 1,
                "Actual Loops": 49,
                "Index Cond": "(id = mc.movie_id)",
                "Rows Removed by Index Recheck": 0,
                "Heap Fetches": 49
              }
            ]
          },
          {
            "Node Type": "Index Scan",
            "Parent Relationship": "Inner",
            "Parallel Aware": false,
            "Scan Direction": "Forward",
            "Index Name": "movie_id_cast_info",
            "Relation Name": "cast_info",
            "Alias": "ci",
            "Startup Cost": 0.56,
            "Total Cost": 2.0,
            "Plan Rows": 12,
            "Plan Width": 4,
            "Actual Startup Time": 0.025,
            "Actual Total Time": 0.077,
            "Actual Rows": 5,
            "Actual Loops": 49,
            "Index Cond": "(movie_id = t.id)",
            "Rows Removed by Index Recheck": 0,
            "Filter": "((person_id > 194458) AND (role_id < 2))",
            "Rows Removed by Filter": 13
          }
        ]
      }
    ]
  },
  "Planning Time": 1.015,
  "Triggers": [],
  "Execution Time": 6.137
}