{
  "Plan": {
    "Node Type": "Aggregate",
    "Strategy": "Plain",
    "Partial Mode": "Finalize",
    "Parallel Aware": false,
    "Startup Cost": 91514.04,
    "Total Cost": 91514.05,
    "Plan Rows": 1,
    "Plan Width": 8,
    "Actual Startup Time": 417.97,
    "Actual Total Time": 427.48,
    "Actual Rows": 1,
    "Actual Loops": 1,
    "Plans": [
      {
        "Node Type": "Gather",
        "Parent Relationship": "Outer",
        "Parallel Aware": false,
        "Startup Cost": 91513.93,
        "Total Cost": 91514.04,
        "Plan Rows": 1,
        "Plan Width": 8,
        "Actual Startup Time": 417.236,
        "Actual Total Time": 427.472,
        "Actual Rows": 2,
        "Actual Loops": 1,
        "Workers Planned": 1,
        "Workers Launched": 1,
        "Single Copy": false,
        "Plans": [
          {
            "Node Type": "Aggregate",
            "Strategy": "Plain",
            "Partial Mode": "Partial",
            "Parent Relationship": "Outer",
            "Parallel Aware": false,
            "Startup Cost": 90513.93,
            "Total Cost": 90513.94,
            "Plan Rows": 1,
            "Plan Width": 8,
            "Actual Startup Time": 411.424,
            "Actual Total Time": 411.427,
            "Actual Rows": 1,
            "Actual Loops": 2,
            "Plans": [
              {
                "Node Type": "Hash Join",
                "Parent Relationship": "Outer",
                "Parallel Aware": true,
                "Join Type": "Inner",
                "Startup Cost": 28968.93,
                "Total Cost": 90102.5,
                "Plan Rows": 164571,
                "Plan Width": 0,
                "Actual Startup Time": 258.532,
                "Actual Total Time": 405.654,
                "Actual Rows": 139198,
                "Actual Loops": 2,
                "Inner Unique": false,
                "Hash Cond": "(t.id = mc.movie_id)",
                "Plans": [
                  {
                    "Node Type": "Seq Scan",
                    "Parent Relationship": "Outer",
                    "Parallel Aware": true,
                    "Relation Name": "title",
                    "Alias": "t",
                    "Startup Cost": 0.0,
                    "Total Cost": 50870.31,
                    "Plan Rows": 1487231,
                    "Plan Width": 4,
                    "Actual Startup Time": 0.009,
                    "Actual Total Time": 113.008,
                    "Actual Rows": 1264156,
                    "Actual Loops": 2
                  },
                  {
                    "Node Type": "Hash",
                    "Parent Relationship": "Inner",
                    "Parallel Aware": true,
                    "Startup Cost": 26911.79,
                    "Total Cost": 26911.79,
                    "Plan Rows": 164571,
                    "Plan Width": 4,
                    "Actual Startup Time": 88.37,
                    "Actual Total Time": 88.371,
                    "Actual Rows": 139198,
                    "Actual Loops": 2,
                    "Hash Buckets": 524288,
                    "Original Hash Buckets": 524288,
                    "Hash Batches": 1,
                    "Original Hash Batches": 1,
                    "Peak Memory Usage": 15040,
                    "Plans": [
                      {
                        "Node Type": "Bitmap Heap Scan",
                        "Parent Relationship": "Outer",
                        "Parallel Aware": true,
                        "Relation Name": "movie_companies",
                        "Alias": "mc",
                        "Startup Cost": 6064.66,
                        "Total Cost": 26911.79,
                        "Plan Rows": 164571,
                        "Plan Width": 4,
                        "Actual Startup Time": 23.113,
                        "Actual Total Time": 56.559,
                        "Actual Rows": 139198,
                        "Actual Loops": 2,
                        "Recheck Cond": "(company_id > 96161)",
                        "Rows Removed by Index Recheck": 0,
                        "Exact Heap Blocks": 3173,
                        "Lossy Heap Blocks": 0,
                        "Plans": [
                          {
                            "Node Type": "Bitmap Index Scan",
                            "Parent Relationship": "Outer",
                            "Parallel Aware": false,
                            "Index Name": "company_id_movie_companies",
                            "Startup Cost": 0.0,
                            "Total Cost": 5994.71,
                            "Plan Rows": 279771,
                            "Plan Width": 0,
                            "Actual Startup Time": 22.503,
                            "Actual Total Time": 22.503,
                            "Actual Rows": 278395,
                            "Actual Loops": 1,
                            "Index Cond": "(company_id > 96161)"
                          }
                        ]
                      }
                    ]
                  }
                ]
              }
            ]
          }
        ]
      }
    ]
  },
  "Planning Time": 0.557,
  "Triggers": [],
  "Execution Time": 427.561
}