[
  {
    "Plan": {
      "Node Type": "Aggregate",
      "Strategy": "Plain",
      "Partial Mode": "Finalize",
      "Parallel Aware": false,
      "Startup Cost": 1629790.76,
      "Total Cost": 1629790.77,
      "Plan Rows": 1,
      "Plan Width": 64,
      "Actual Startup Time": 10468.037,
      "Actual Total Time": 10542.498,
      "Actual Rows": 1,
      "Actual Loops": 1,
      "Plans": [
        {
          "Node Type": "Gather",
          "Parent Relationship": "Outer",
          "Parallel Aware": false,
          "Startup Cost": 1629790.12,
          "Total Cost": 1629790.73,
          "Plan Rows": 6,
          "Plan Width": 64,
          "Actual Startup Time": 9536.607,
          "Actual Total Time": 10542.45,
          "Actual Rows": 7,
          "Actual Loops": 1,
          "Workers Planned": 6,
          "Workers Launched": 6,
          "Single Copy": false,
          "Plans": [
            {
              "Node Type": "Aggregate",
              "Strategy": "Plain",
              "Partial Mode": "Partial",
              "Parent Relationship": "Outer",
              "Parallel Aware": false,
              "Startup Cost": 1628790.12,
              "Total Cost": 1628790.13,
              "Plan Rows": 1,
              "Plan Width": 64,
              "Actual Startup Time": 10084.199,
              "Actual Total Time": 10084.212,
              "Actual Rows": 1,
              "Actual Loops": 7,
              "Plans": [
                {
                  "Node Type": "Merge Join",
                  "Parent Relationship": "Outer",
                  "Parallel Aware": false,
                  "Join Type": "Inner",
                  "Startup Cost": 1370010.18,
                  "Total Cost": 1622951.73,
                  "Plan Rows": 1167678,
                  "Plan Width": 33,
                  "Actual Startup Time": 7293.503,
                  "Actual Total Time": 10054.81,
                  "Actual Rows": 355373,
                  "Actual Loops": 7,
                  "Inner Unique": false,
                  "Merge Cond": "(ci.person_id = a1.person_id)",
                  "Plans": [
                    {
                      "Node Type": "Sort",
                      "Parent Relationship": "Outer",
                      "Parallel Aware": false,
                      "Startup Cost": 1369959.38,
                      "Total Cost": 1371178.17,
                      "Plan Rows": 487516,
                      "Plan Width": 21,
                      "Actual Startup Time": 7291.995,
                      "Actual Total Time": 7340.172,
                      "Actual Rows": 281523,
                      "Actual Loops": 7,
                      "Sort Key": [
                        "ci.person_id"
                      ],
                      "Sort Method": "quicksort",
                      "Sort Space Used": 21017,
                      "Sort Space Type": "Memory",
                      "Workers": [
                        {
                          "Worker Number": 0,
                          "Sort Method": "quicksort",
                          "Sort Space Used": 34865,
                          "Sort Space Type": "Memory"
                        },
                        {
                          "Worker Number": 1,
                          "Sort Method": "quicksort",
                          "Sort Space Used": 24684,
                          "Sort Space Type": "Memory"
                        },
                        {
                          "Worker Number": 2,
                          "Sort Method": "quicksort",
                          "Sort Space Used": 32403,
                          "Sort Space Type": "Memory"
                        },
                        {
                          "Worker Number": 3,
                          "Sort Method": "quicksort",
                          "Sort Space Used": 35339,
                          "Sort Space Type": "Memory"
                        },
                        {
                          "Worker Number": 4,
                          "Sort Method": "quicksort",
                          "Sort Space Used": 32333,
                          "Sort Space Type": "Memory"
                        },
                        {
                          "Worker Number": 5,
                          "Sort Method": "quicksort",
                          "Sort Space Used": 33263,
                          "Sort Space Type": "Memory"
                        }
                      ],
                      "Plans": [
                        {
                          "Node Type": "Merge Join",
                          "Parent Relationship": "Outer",
                          "Parallel Aware": false,
                          "Join Type": "Inner",
                          "Startup Cost": 1189137.22,
                          "Total Cost": 1323901.09,
                          "Plan Rows": 487516,
                          "Plan Width": 21,
                          "Actual Startup Time": 4786.646,
                          "Actual Total Time": 7188.812,
                          "Actual Rows": 281523,
                          "Actual Loops": 7,
                          "Inner Unique": true,
                          "Merge Cond": "(ci.movie_id = t.id)",
                          "Plans": [
                            {
                              "Node Type": "Merge Join",
                              "Parent Relationship": "Outer",
                              "Parallel Aware": false,
                              "Join Type": "Inner",
                              "Startup Cost": 1189134.07,
                              "Total Cost": 1201241.74,
                              "Plan Rows": 487516,
                              "Plan Width": 12,
                              "Actual Startup Time": 4785.458,
                              "Actual Total Time": 5175.424,
                              "Actual Rows": 281523,
                              "Actual Loops": 7,
                              "Inner Unique": false,
                              "Merge Cond": "(ci.movie_id = mc.movie_id)",
                              "Plans": [
                                {
                                  "Node Type": "Sort",
                                  "Parent Relationship": "Outer",
                                  "Parallel Aware": false,
                                  "Startup Cost": 935873.08,
                                  "Total Cost": 937132.17,
                                  "Plan Rows": 503635,
                                  "Plan Width": 8,
                                  "Actual Startup Time": 1581.098,
                                  "Actual Total Time": 1649.658,
                                  "Actual Rows": 389820,
                                  "Actual Loops": 7,
                                  "Sort Key": [
                                    "ci.movie_id"
                                  ],
                                  "Sort Method": "quicksort",
                                  "Sort Space Used": 26256,
                                  "Sort Space Type": "Memory",
                                  "Workers": [
                                    {
                                      "Worker Number": 0,
                                      "Sort Method": "quicksort",
                                      "Sort Space Used": 33170,
                                      "Sort Space Type": "Memory"
                                    },
                                    {
                                      "Worker Number": 1,
                                      "Sort Method": "quicksort",
                                      "Sort Space Used": 29546,
                                      "Sort Space Type": "Memory"
                                    },
                                    {
                                      "Worker Number": 2,
                                      "Sort Method": "quicksort",
                                      "Sort Space Used": 30588,
                                      "Sort Space Type": "Memory"
                                    },
                                    {
                                      "Worker Number": 3,
                                      "Sort Method": "quicksort",
                                      "Sort Space Used": 33202,
                                      "Sort Space Type": "Memory"
                                    },
                                    {
                                      "Worker Number": 4,
                                      "Sort Method": "quicksort",
                                      "Sort Space Used": 30588,
                                      "Sort Space Type": "Memory"
                                    },
                                    {
                                      "Worker Number": 5,
                                      "Sort Method": "quicksort",
                                      "Sort Space Used": 30588,
                                      "Sort Space Type": "Memory"
                                    }
                                  ],
                                  "Plans": [
                                    {
                                      "Node Type": "Merge Join",
                                      "Parent Relationship": "Outer",
                                      "Parallel Aware": false,
                                      "Join Type": "Inner",
                                      "Startup Cost": 1.72,
                                      "Total Cost": 888173.76,
                                      "Plan Rows": 503635,
                                      "Plan Width": 8,
                                      "Actual Startup Time": 1268.048,
                                      "Actual Total Time": 1445.181,
                                      "Actual Rows": 389849,
                                      "Actual Loops": 7,
                                      "Inner Unique": true,
                                      "Merge Cond": "(ci.role_id = rt.id)",
                                      "Plans": [
                                        {
                                          "Node Type": "Index Scan",
                                          "Parent Relationship": "Outer",
                                          "Parallel Aware": true,
                                          "Scan Direction": "Forward",
                                          "Index Name": "role_id_cast_info",
                                          "Relation Name": "cast_info",
                                          "Alias": "ci",
                                          "Startup Cost": 0.56,
                                          "Total Cost": 868027.2,
                                          "Plan Rows": 6043616,
                                          "Plan Width": 12,
                                          "Actual Startup Time": 0.213,
                                          "Actual Total Time": 1060.694,
                                          "Actual Rows": 3837093,
                                          "Actual Loops": 7
                                        },
                                        {
                                          "Node Type": "Sort",
                                          "Parent Relationship": "Inner",
                                          "Parallel Aware": false,
                                          "Startup Cost": 1.16,
                                          "Total Cost": 1.16,
                                          "Plan Rows": 1,
                                          "Plan Width": 4,
                                          "Actual Startup Time": 0.113,
                                          "Actual Total Time": 0.117,
                                          "Actual Rows": 1,
                                          "Actual Loops": 7,
                                          "Sort Key": [
                                            "rt.id"
                                          ],
                                          "Sort Method": "quicksort",
                                          "Sort Space Used": 25,
                                          "Sort Space Type": "Memory",
                                          "Workers": [
                                            {
                                              "Worker Number": 0,
                                              "Sort Method": "quicksort",
                                              "Sort Space Used": 25,
                                              "Sort Space Type": "Memory"
                                            },
                                            {
                                              "Worker Number": 1,
                                              "Sort Method": "quicksort",
                                              "Sort Space Used": 25,
                                              "Sort Space Type": "Memory"
                                            },
                                            {
                                              "Worker Number": 2,
                                              "Sort Method": "quicksort",
                                              "Sort Space Used": 25,
                                              "Sort Space Type": "Memory"
                                            },
                                            {
                                              "Worker Number": 3,
                                              "Sort Method": "quicksort",
                                              "Sort Space Used": 25,
                                              "Sort Space Type": "Memory"
                                            },
                                            {
                                              "Worker Number": 4,
                                              "Sort Method": "quicksort",
                                              "Sort Space Used": 25,
                                              "Sort Space Type": "Memory"
                                            },
                                            {
                                              "Worker Number": 5,
                                              "Sort Method": "quicksort",
                                              "Sort Space Used": 25,
                                              "Sort Space Type": "Memory"
                                            }
                                          ],
                                          "Plans": [
                                            {
                                              "Node Type": "Seq Scan",
                                              "Parent Relationship": "Outer",
                                              "Parallel Aware": false,
                                              "Relation Name": "role_type",
                                              "Alias": "rt",
                                              "Startup Cost": 0.0,
                                              "Total Cost": 1.15,
                                              "Plan Rows": 1,
                                              "Plan Width": 4,
                                              "Actual Startup Time": 0.074,
                                              "Actual Total Time": 0.079,
                                              "Actual Rows": 1,
                                              "Actual Loops": 7,
                                              "Filter": "((role)::text = 'writer'::text)",
                                              "Rows Removed by Filter": 11
                                            }
                                          ]
                                        }
                                      ]
                                    }
                                  ]
                                },
                                {
                                  "Node Type": "Sort",
                                  "Parent Relationship": "Inner",
                                  "Parallel Aware": false,
                                  "Startup Cost": 253260.94,
                                  "Total Cost": 255618.29,
                                  "Plan Rows": 942940,
                                  "Plan Width": 4,
                                  "Actual Startup Time": 3204.331,
                                  "Actual Total Time": 3369.551,
                                  "Actual Rows": 1215019,
                                  "Actual Loops": 7,
                                  "Sort Key": [
                                    "mc.movie_id"
                                  ],
                                  "Sort Method": "quicksort",
                                  "Sort Space Used": 103237,
                                  "Sort Space Type": "Memory",
                                  "Workers": [
                                    {
                                      "Worker Number": 0,
                                      "Sort Method": "quicksort",
                                      "Sort Space Used": 103237,
                                      "Sort Space Type": "Memory"
                                    },
                                    {
                                      "Worker Number": 1,
                                      "Sort Method": "quicksort",
                                      "Sort Space Used": 103237,
                                      "Sort Space Type": "Memory"
                                    },
                                    {
                                      "Worker Number": 2,
                                      "Sort Method": "quicksort",
                                      "Sort Space Used": 103237,
                                      "Sort Space Type": "Memory"
                                    },
                                    {
                                      "Worker Number": 3,
                                      "Sort Method": "quicksort",
                                      "Sort Space Used": 103237,
                                      "Sort Space Type": "Memory"
                                    },
                                    {
                                      "Worker Number": 4,
                                      "Sort Method": "quicksort",
                                      "Sort Space Used": 103237,
                                      "Sort Space Type": "Memory"
                                    },
                                    {
                                      "Worker Number": 5,
                                      "Sort Method": "quicksort",
                                      "Sort Space Used": 103237,
                                      "Sort Space Type": "Memory"
                                    }
                                  ],
                                  "Plans": [
                                    {
                                      "Node Type": "Merge Join",
                                      "Parent Relationship": "Outer",
                                      "Parallel Aware": false,
                                      "Join Type": "Inner",
                                      "Startup Cost": 49.73,
                                      "Total Cost": 159689.2,
                                      "Plan Rows": 942940,
                                      "Plan Width": 4,
                                      "Actual Startup Time": 0.097,
                                      "Actual Total Time": 2724.463,
                                      "Actual Rows": 1153798,
                                      "Actual Loops": 7,
                                      "Inner Unique": false,
                                      "Merge Cond": "(cn.id = mc.company_id)",
                                      "Plans": [
                                        {
                                          "Node Type": "Index Scan",
                                          "Parent Relationship": "Outer",
                                          "Parallel Aware": false,
                                          "Scan Direction": "Forward",
                                          "Index Name": "company_name_pkey",
                                          "Relation Name": "company_name",
                                          "Alias": "cn",
                                          "Startup Cost": 0.42,
                                          "Total Cost": 12474.79,
                                          "Plan Rows": 84928,
                                          "Plan Width": 4,
                                          "Actual Startup Time": 0.058,
                                          "Actual Total Time": 268.496,
                                          "Actual Rows": 84843,
                                          "Actual Loops": 7,
                                          "Filter": "((country_code)::text = '[us]'::text)",
                                          "Rows Removed by Filter": 150154
                                        },
                                        {
                                          "Node Type": "Index Scan",
                                          "Parent Relationship": "Inner",
                                          "Parallel Aware": false,
                                          "Scan Direction": "Forward",
                                          "Index Name": "company_id_movie_companies",
                                          "Relation Name": "movie_companies",
                                          "Alias": "mc",
                                          "Startup Cost": 0.43,
                                          "Total Cost": 131053.9,
                                          "Plan Rows": 2609129,
                                          "Plan Width": 8,
                                          "Actual Startup Time": 0.034,
                                          "Actual Total Time": 2204.536,
                                          "Actual Rows": 2609129,
                                          "Actual Loops": 7
                                        }
                                      ]
                                    }
                                  ]
                                }
                              ]
                            },
                            {
                              "Node Type": "Index Scan",
                              "Parent Relationship": "Inner",
                              "Parallel Aware": false,
                              "Scan Direction": "Forward",
                              "Index Name": "title_pkey",
                              "Relation Name": "title",
                              "Alias": "t",
                              "Startup Cost": 0.43,
                              "Total Cost": 110348.87,
                              "Plan Rows": 2528252,
                              "Plan Width": 21,
                              "Actual Startup Time": 0.079,
                              "Actual Total Time": 1795.924,
                              "Actual Rows": 2525735,
                              "Actual Loops": 7
                            }
                          ]
                        }
                      ]
                    },
                    {
                      "Node Type": "Materialize",
                      "Parent Relationship": "Inner",
                      "Parallel Aware": false,
                      "Startup Cost": 15.43,
                      "Total Cost": 274105.86,
                      "Plan Rows": 901343,
                      "Plan Width": 24,
                      "Actual Startup Time": 0.206,
                      "Actual Total Time": 2599.455,
                      "Actual Rows": 999599,
                      "Actual Loops": 7,
                      "Plans": [
                        {
                          "Node Type": "Merge Join",
                          "Parent Relationship": "Outer",
                          "Parallel Aware": false,
                          "Join Type": "Inner",
                          "Startup Cost": 15.43,
                          "Total Cost": 271852.5,
                          "Plan Rows": 901343,
                          "Plan Width": 24,
                          "Actual Startup Time": 0.2,
                          "Actual Total Time": 2420.244,
                          "Actual Rows": 656201,
                          "Actual Loops": 7,
                          "Inner Unique": true,
                          "Merge Cond": "(a1.person_id = n1.id)",
                          "Plans": [
                            {
                              "Node Type": "Index Scan",
                              "Parent Relationship": "Outer",
                              "Parallel Aware": false,
                              "Scan Direction": "Forward",
                              "Index Name": "person_id_aka_name",
                              "Relation Name": "aka_name",
                              "Alias": "a1",
                              "Startup Cost": 0.42,
                              "Total Cost": 72006.77,
                              "Plan Rows": 901343,
                              "Plan Width": 20,
                              "Actual Startup Time": 0.066,
                              "Actual Total Time": 336.656,
                              "Actual Rows": 656201,
                              "Actual Loops": 7
                            },
                            {
                              "Node Type": "Index Only Scan",
                              "Parent Relationship": "Inner",
                              "Parallel Aware": false,
                              "Scan Direction": "Forward",
                              "Index Name": "name_pkey",
                              "Relation Name": "name",
                              "Alias": "n1",
                              "Startup Cost": 0.43,
                              "Total Cost": 178171.85,
                              "Plan Rows": 4167419,
                              "Plan Width": 4,
                              "Actual Startup Time": 0.093,
                              "Actual Total Time": 1807.29,
                              "Actual Rows": 3228268,
                              "Actual Loops": 7,
                              "Heap Fetches": 22597873
                            }
                          ]
                        }
                      ]
                    }
                  ]
                }
              ]
            }
          ]
        }
      ]
    },
    "Planning Time": 12.772,
    "Triggers": [],
    "Execution Time": 10561.113
  }
]