{
  "Plan": {
    "Node Type": "Aggregate",
    "Strategy": "Plain",
    "Partial Mode": "Finalize",
    "Parallel Aware": false,
    "Startup Cost": 207720.71,
    "Total Cost": 207720.72,
    "Plan Rows": 1,
    "Plan Width": 8,
    "Actual Startup Time": 1174.788,
    "Actual Total Time": 1196.045,
    "Actual Rows": 1,
    "Actual Loops": 1,
    "Plans": [
      {
        "Node Type": "Gather",
        "Parent Relationship": "Outer",
        "Parallel Aware": false,
        "Startup Cost": 207720.6,
        "Total Cost": 207720.71,
        "Plan Rows": 1,
        "Plan Width": 8,
        "Actual Startup Time": 1170.032,
        "Actual Total Time": 1196.037,
        "Actual Rows": 2,
        "Actual Loops": 1,
        "Workers Planned": 1,
        "Workers Launched": 1,
        "Single Copy": false,
        "Plans": [
          {
            "Node Type": "Aggregate",
            "Strategy": "Plain",
            "Partial Mode": "Partial",
            "Parent Relationship": "Outer",
            "Parallel Aware": false,
            "Startup Cost": 206720.6,
            "Total Cost": 206720.61,
            "Plan Rows": 1,
            "Plan Width": 8,
            "Actual Startup Time": 1156.998,
            "Actual Total Time": 1157.002,
            "Actual Rows": 1,
            "Actual Loops": 2,
            "Plans": [
              {
                "Node Type": "Hash Join",
                "Parent Relationship": "Outer",
                "Parallel Aware": true,
                "Join Type": "Inner",
                "Startup Cost": 69461.26,
                "Total Cost": 203211.63,
                "Plan Rows": 1403587,
                "Plan Width": 0,
                "Actual Startup Time": 517.905,
                "Actual Total Time": 1125.585,
                "Actual Rows": 751821,
                "Actual Loops": 2,
                "Inner Unique": true,
                "Hash Cond": "(ci.movie_id = t.id)",
                "Plans": [
                  {
                    "Node Type": "Index Scan",
                    "Parent Relationship": "Outer",
                    "Parallel Aware": true,
                    "Scan Direction": "Forward",
                    "Index Name": "role_id_cast_info",
                    "Relation Name": "cast_info",
                    "Alias": "ci",
                    "Startup Cost": 0.56,
                    "Total Cost": 130066.5,
                    "Plan Rows": 1403587,
                    "Plan Width": 4,
                    "Actual Startup Time": 0.05,
                    "Actual Total Time": 274.896,
                    "Actual Rows": 751821,
                    "Actual Loops": 2,
                    "Index Cond": "(role_id = 3)",
                    "Rows Removed by Index Recheck": 0,
                    "Filter": "(person_id < 2167011)",
                    "Rows Removed by Filter": 1252198
                  },
                  {
                    "Node Type": "Hash",
                    "Parent Relationship": "Inner",
                    "Parallel Aware": true,
                    "Startup Cost": 50870.31,
                    "Total Cost": 50870.31,
                    "Plan Rows": 1487231,
                    "Plan Width": 4,
                    "Actual Startup Time": 495.257,
                    "Actual Total Time": 495.258,
                    "Actual Rows": 1264156,
                    "Actual Loops": 2,
                    "Hash Buckets": 4194304,
                    "Original Hash Buckets": 4194304,
                    "Hash Batches": 1,
                    "Original Hash Batches": 1,
                    "Peak Memory Usage": 131680,
                    "Plans": [
                      {
                        "Node Type": "Seq Scan",
                        "Parent Relationship": "Outer",
                        "Parallel Aware": true,
                        "Relation Name": "title",
                        "Alias": "t",
                        "Startup Cost": 0.0,
                        "Total Cost": 50870.31,
                        "Plan Rows": 1487231,
                        "Plan Width": 4,
                        "Actual Startup Time": 0.025,
                        "Actual Total Time": 148.76,
                        "Actual Rows": 1264156,
                        "Actual Loops": 2
                      }
                    ]
                  }
                ]
              }
            ]
          }
        ]
      }
    ]
  },
  "Planning Time": 0.731,
  "Triggers": [],
  "Execution Time": 1196.118
}