[
    {
        "Bao": {
            "Bao prediction": "NaN",
            "Bao recommended hint": "(no hint)"
        }
    },
    {
        "Plan": {
            "Node Type": "Aggregate",
            "Strategy": "Plain",
            "Partial Mode": "Finalize",
            "Parallel Aware": false,
            "Startup Cost": 341796.63,
            "Total Cost": 341796.64,
            "Plan Rows": 1,
            "Plan Width": 8,
            "Actual Startup Time": 974.946,
            "Actual Total Time": 1015.252,
            "Actual Rows": 1,
            "Actual Loops": 1,
            "Output": [
                "count(*)"
            ],
            "Plans": [
                {
                    "Node Type": "Gather",
                    "Parent Relationship": "Outer",
                    "Parallel Aware": false,
                    "Startup Cost": 341796.01,
                    "Total Cost": 341796.62,
                    "Plan Rows": 6,
                    "Plan Width": 8,
                    "Actual Startup Time": 974.855,
                    "Actual Total Time": 1015.241,
                    "Actual Rows": 7,
                    "Actual Loops": 1,
                    "Output": [
                        "(PARTIAL count(*))"
                    ],
                    "Workers Planned": 6,
                    "Workers Launched": 6,
                    "Single Copy": false,
                    "Plans": [
                        {
                            "Node Type": "Aggregate",
                            "Strategy": "Plain",
                            "Partial Mode": "Partial",
                            "Parent Relationship": "Outer",
                            "Parallel Aware": false,
                            "Startup Cost": 340796.01,
                            "Total Cost": 340796.02,
                            "Plan Rows": 1,
                            "Plan Width": 8,
                            "Actual Startup Time": 964.522,
                            "Actual Total Time": 964.523,
                            "Actual Rows": 1,
                            "Actual Loops": 7,
                            "Output": [
                                "PARTIAL count(*)"
                            ],
                            "Workers": [
                                {
                                    "Worker Number": 0,
                                    "Actual Startup Time": 962.039,
                                    "Actual Total Time": 962.04,
                                    "Actual Rows": 1,
                                    "Actual Loops": 1
                                },
                                {
                                    "Worker Number": 1,
                                    "Actual Startup Time": 962.624,
                                    "Actual Total Time": 962.625,
                                    "Actual Rows": 1,
                                    "Actual Loops": 1
                                },
                                {
                                    "Worker Number": 2,
                                    "Actual Startup Time": 962.836,
                                    "Actual Total Time": 962.838,
                                    "Actual Rows": 1,
                                    "Actual Loops": 1
                                },
                                {
                                    "Worker Number": 3,
                                    "Actual Startup Time": 962.697,
                                    "Actual Total Time": 962.699,
                                    "Actual Rows": 1,
                                    "Actual Loops": 1
                                },
                                {
                                    "Worker Number": 4,
                                    "Actual Startup Time": 963.527,
                                    "Actual Total Time": 963.529,
                                    "Actual Rows": 1,
                                    "Actual Loops": 1
                                },
                                {
                                    "Worker Number": 5,
                                    "Actual Startup Time": 963.857,
                                    "Actual Total Time": 963.858,
                                    "Actual Rows": 1,
                                    "Actual Loops": 1
                                }
                            ],
                            "Plans": [
                                {
                                    "Node Type": "Seq Scan",
                                    "Parent Relationship": "Outer",
                                    "Parallel Aware": true,
                                    "Relation Name": "cast_info",
                                    "Schema": "public",
                                    "Alias": "ci",
                                    "Startup Cost": 0.0,
                                    "Total Cost": 328213.62,
                                    "Plan Rows": 5032956,
                                    "Plan Width": 0,
                                    "Actual Startup Time": 84.923,
                                    "Actual Total Time": 722.399,
                                    "Actual Rows": 4281591,
                                    "Actual Loops": 7,
                                    "Output": [
                                        "id",
                                        "person_id",
                                        "movie_id",
                                        "person_role_id",
                                        "note",
                                        "nr_order",
                                        "role_id"
                                    ],
                                    "Filter": "(ci.person_id > 604216)",
                                    "Rows Removed by Filter": 896173,
                                    "Workers": [
                                        {
                                            "Worker Number": 0,
                                            "Actual Startup Time": 82.441,
                                            "Actual Total Time": 724.701,
                                            "Actual Rows": 3609480,
                                            "Actual Loops": 1
                                        },
                                        {
                                            "Worker Number": 1,
                                            "Actual Startup Time": 83.025,
                                            "Actual Total Time": 727.026,
                                            "Actual Rows": 3582926,
                                            "Actual Loops": 1
                                        },
                                        {
                                            "Worker Number": 2,
                                            "Actual Startup Time": 83.263,
                                            "Actual Total Time": 727.949,
                                            "Actual Rows": 3577171,
                                            "Actual Loops": 1
                                        },
                                        {
                                            "Worker Number": 3,
                                            "Actual Startup Time": 83.095,
                                            "Actual Total Time": 729.281,
                                            "Actual Rows": 5791748,
                                            "Actual Loops": 1
                                        },
                                        {
                                            "Worker Number": 4,
                                            "Actual Startup Time": 83.945,
                                            "Actual Total Time": 724.21,
                                            "Actual Rows": 5168423,
                                            "Actual Loops": 1
                                        },
                                        {
                                            "Worker Number": 5,
                                            "Actual Startup Time": 84.24,
                                            "Actual Total Time": 725.478,
                                            "Actual Rows": 3622234,
                                            "Actual Loops": 1
                                        }
                                    ]
                                }
                            ]
                        }
                    ]
                }
            ]
        },
        "Planning Time": 311.383,
        "Triggers": [],
        "Execution Time": 1015.349
    }
]