{
  "Plan": {
    "Node Type": "Aggregate",
    "Strategy": "Plain",
    "Partial Mode": "Finalize",
    "Parallel Aware": false,
    "Startup Cost": 651717.88,
    "Total Cost": 651717.89,
    "Plan Rows": 1,
    "Plan Width": 8,
    "Actual Startup Time": 6298.787,
    "Actual Total Time": 6365.491,
    "Actual Rows": 1,
    "Actual Loops": 1,
    "Plans": [
      {
        "Node Type": "Gather",
        "Parent Relationship": "Outer",
        "Parallel Aware": false,
        "Startup Cost": 651717.77,
        "Total Cost": 651717.88,
        "Plan Rows": 1,
        "Plan Width": 8,
        "Actual Startup Time": 6295.689,
        "Actual Total Time": 6365.482,
        "Actual Rows": 2,
        "Actual Loops": 1,
        "Workers Planned": 1,
        "Workers Launched": 1,
        "Single Copy": false,
        "Plans": [
          {
            "Node Type": "Aggregate",
            "Strategy": "Plain",
            "Partial Mode": "Partial",
            "Parent Relationship": "Outer",
            "Parallel Aware": false,
            "Startup Cost": 650717.77,
            "Total Cost": 650717.78,
            "Plan Rows": 1,
            "Plan Width": 8,
            "Actual Startup Time": 6289.098,
            "Actual Total Time": 6289.102,
            "Actual Rows": 1,
            "Actual Loops": 2,
            "Plans": [
              {
                "Node Type": "Hash Join",
                "Parent Relationship": "Outer",
                "Parallel Aware": true,
                "Join Type": "Inner",
                "Startup Cost": 65888.86,
                "Total Cost": 626606.7,
                "Plan Rows": 9644429,
                "Plan Width": 0,
                "Actual Startup Time": 577.223,
                "Actual Total Time": 5971.255,
                "Actual Rows": 8023600,
                "Actual Loops": 2,
                "Inner Unique": true,
                "Hash Cond": "(ci.movie_id = t.id)",
                "Plans": [
                  {
                    "Node Type": "Seq Scan",
                    "Parent Relationship": "Outer",
                    "Parallel Aware": true,
                    "Relation Name": "cast_info",
                    "Alias": "ci",
                    "Startup Cost": 0.0,
                    "Total Cost": 519069.44,
                    "Plan Rows": 15866028,
                    "Plan Width": 4,
                    "Actual Startup Time": 216.389,
                    "Actual Total Time": 1560.276,
                    "Actual Rows": 13433250,
                    "Actual Loops": 2,
                    "Filter": "(person_id > 923095)",
                    "Rows Removed by Filter": 4688922
                  },
                  {
                    "Node Type": "Hash",
                    "Parent Relationship": "Inner",
                    "Parallel Aware": true,
                    "Startup Cost": 54588.39,
                    "Total Cost": 54588.39,
                    "Plan Rows": 904038,
                    "Plan Width": 4,
                    "Actual Startup Time": 348.459,
                    "Actual Total Time": 348.46,
                    "Actual Rows": 771632,
                    "Actual Loops": 2,
                    "Hash Buckets": 2097152,
                    "Original Hash Buckets": 2097152,
                    "Hash Batches": 1,
                    "Original Hash Batches": 1,
                    "Peak Memory Usage": 76800,
                    "Plans": [
                      {
                        "Node Type": "Seq Scan",
                        "Parent Relationship": "Outer",
                        "Parallel Aware": true,
                        "Relation Name": "title",
                        "Alias": "t",
                        "Startup Cost": 0.0,
                        "Total Cost": 54588.39,
                        "Plan Rows": 904038,
                        "Plan Width": 4,
                        "Actual Startup Time": 0.028,
                        "Actual Total Time": 158.576,
                        "Actual Rows": 771632,
                        "Actual Loops": 2,
                        "Filter": "(kind_id = 7)",
                        "Rows Removed by Filter": 492524
                      }
                    ]
                  }
                ]
              }
            ]
          }
        ]
      }
    ]
  },
  "Planning Time": 0.521,
  "Triggers": [],
  "Execution Time": 6365.565
}