[
  {
    "Plan": {
      "Node Type": "Aggregate",
      "Strategy": "Plain",
      "Partial Mode": "Finalize",
      "Parallel Aware": false,
      "Startup Cost": 155457.64,
      "Total Cost": 155457.65,
      "Plan Rows": 1,
      "Plan Width": 8,
      "Actual Startup Time": 260.57,
      "Actual Total Time": 279.851,
      "Actual Rows": 1,
      "Actual Loops": 1,
      "Plans": [
        {
          "Node Type": "Gather",
          "Parent Relationship": "Outer",
          "Parallel Aware": false,
          "Startup Cost": 155457.12,
          "Total Cost": 155457.63,
          "Plan Rows": 5,
          "Plan Width": 8,
          "Actual Startup Time": 260.432,
          "Actual Total Time": 279.839,
          "Actual Rows": 6,
          "Actual Loops": 1,
          "Workers Planned": 5,
          "Workers Launched": 5,
          "Single Copy": false,
          "Plans": [
            {
              "Node Type": "Aggregate",
              "Strategy": "Plain",
              "Partial Mode": "Partial",
              "Parent Relationship": "Outer",
              "Parallel Aware": false,
              "Startup Cost": 154457.12,
              "Total Cost": 154457.13,
              "Plan Rows": 1,
              "Plan Width": 8,
              "Actual Startup Time": 249.878,
              "Actual Total Time": 249.881,
              "Actual Rows": 1,
              "Actual Loops": 6,
              "Plans": [
                {
                  "Node Type": "Hash Join",
                  "Parent Relationship": "Outer",
                  "Parallel Aware": true,
                  "Join Type": "Inner",
                  "Startup Cost": 43922.39,
                  "Total Cost": 154451.25,
                  "Plan Rows": 2347,
                  "Plan Width": 0,
                  "Actual Startup Time": 79.584,
                  "Actual Total Time": 249.809,
                  "Actual Rows": 811,
                  "Actual Loops": 6,
                  "Inner Unique": true,
                  "Hash Cond": "(ci.movie_id = t.id)",
                  "Plans": [
                    {
                      "Node Type": "Index Scan",
                      "Parent Relationship": "Outer",
                      "Parallel Aware": true,
                      "Scan Direction": "Forward",
                      "Index Name": "role_id_cast_info",
                      "Relation Name": "cast_info",
                      "Alias": "ci",
                      "Startup Cost": 0.56,
                      "Total Cost": 108404.92,
                      "Plan Rows": 809334,
                      "Plan Width": 4,
                      "Actual Startup Time": 0.376,
                      "Actual Total Time": 107.578,
                      "Actual Rows": 668006,
                      "Actual Loops": 6,
                      "Index Cond": "(role_id = 3)",
                      "Rows Removed by Index Recheck": 0
                    },
                    {
                      "Node Type": "Hash",
                      "Parent Relationship": "Inner",
                      "Parallel Aware": true,
                      "Startup Cost": 43898.92,
                      "Total Cost": 43898.92,
                      "Plan Rows": 1833,
                      "Plan Width": 4,
                      "Actual Startup Time": 77.427,
                      "Actual Total Time": 77.428,
                      "Actual Rows": 1200,
                      "Actual Loops": 6,
                      "Hash Buckets": 8192,
                      "Original Hash Buckets": 8192,
                      "Hash Batches": 1,
                      "Original Hash Batches": 1,
                      "Peak Memory Usage": 480,
                      "Plans": [
                        {
                          "Node Type": "Seq Scan",
                          "Parent Relationship": "Outer",
                          "Parallel Aware": true,
                          "Relation Name": "title",
                          "Alias": "t",
                          "Startup Cost": 0.0,
                          "Total Cost": 43898.92,
                          "Plan Rows": 1833,
                          "Plan Width": 4,
                          "Actual Startup Time": 0.951,
                          "Actual Total Time": 76.554,
                          "Actual Rows": 1200,
                          "Actual Loops": 6,
                          "Filter": "(production_year = 1954)",
                          "Rows Removed by Filter": 420186
                        }
                      ]
                    }
                  ]
                }
              ]
            }
          ]
        }
      ]
    },
    "Planning Time": 0.617,
    "Triggers": [],
    "Execution Time": 279.93
  }
]