[
  {
    "Plan": {
      "Node Type": "Aggregate",
      "Strategy": "Plain",
      "Partial Mode": "Finalize",
      "Parallel Aware": false,
      "Startup Cost": 347517.91,
      "Total Cost": 347517.92,
      "Plan Rows": 1,
      "Plan Width": 8,
      "Actual Startup Time": 762.35,
      "Actual Total Time": 807.578,
      "Actual Rows": 1,
      "Actual Loops": 1,
      "Plans": [
        {
          "Node Type": "Gather",
          "Parent Relationship": "Outer",
          "Parallel Aware": false,
          "Startup Cost": 347517.29,
          "Total Cost": 347517.9,
          "Plan Rows": 6,
          "Plan Width": 8,
          "Actual Startup Time": 762.092,
          "Actual Total Time": 807.567,
          "Actual Rows": 7,
          "Actual Loops": 1,
          "Workers Planned": 6,
          "Workers Launched": 6,
          "Single Copy": false,
          "Plans": [
            {
              "Node Type": "Aggregate",
              "Strategy": "Plain",
              "Partial Mode": "Partial",
              "Parent Relationship": "Outer",
              "Parallel Aware": false,
              "Startup Cost": 346517.29,
              "Total Cost": 346517.3,
              "Plan Rows": 1,
              "Plan Width": 8,
              "Actual Startup Time": 753.927,
              "Actual Total Time": 753.928,
              "Actual Rows": 1,
              "Actual Loops": 7,
              "Plans": [
                {
                  "Node Type": "Seq Scan",
                  "Parent Relationship": "Outer",
                  "Parallel Aware": true,
                  "Relation Name": "cast_info",
                  "Alias": "ci",
                  "Startup Cost": 0.0,
                  "Total Cost": 343316.27,
                  "Plan Rows": 1280406,
                  "Plan Width": 0,
                  "Actual Startup Time": 0.052,
                  "Actual Total Time": 680.825,
                  "Actual Rows": 1324509,
                  "Actual Loops": 7,
                  "Filter": "((person_id < 1142566) AND (role_id < 4))",
                  "Rows Removed by Filter": 3853254
                }
              ]
            }
          ]
        }
      ]
    },
    "Planning Time": 0.223,
    "Triggers": [],
    "Execution Time": 807.65
  }
]