[
  {
    "Plan": {
      "Node Type": "Aggregate",
      "Strategy": "Plain",
      "Partial Mode": "Finalize",
      "Parallel Aware": false,
      "Startup Cost": 347449.47,
      "Total Cost": 347449.48,
      "Plan Rows": 1,
      "Plan Width": 8,
      "Actual Startup Time": 898.259,
      "Actual Total Time": 968.111,
      "Actual Rows": 1,
      "Actual Loops": 1,
      "Plans": [
        {
          "Node Type": "Gather",
          "Parent Relationship": "Outer",
          "Parallel Aware": false,
          "Startup Cost": 347448.84,
          "Total Cost": 347449.45,
          "Plan Rows": 6,
          "Plan Width": 8,
          "Actual Startup Time": 898.087,
          "Actual Total Time": 968.097,
          "Actual Rows": 7,
          "Actual Loops": 1,
          "Workers Planned": 6,
          "Workers Launched": 6,
          "Single Copy": false,
          "Plans": [
            {
              "Node Type": "Aggregate",
              "Strategy": "Plain",
              "Partial Mode": "Partial",
              "Parent Relationship": "Outer",
              "Parallel Aware": false,
              "Startup Cost": 346448.84,
              "Total Cost": 346448.85,
              "Plan Rows": 1,
              "Plan Width": 8,
              "Actual Startup Time": 887.859,
              "Actual Total Time": 887.86,
              "Actual Rows": 1,
              "Actual Loops": 7,
              "Plans": [
                {
                  "Node Type": "Seq Scan",
                  "Parent Relationship": "Outer",
                  "Parallel Aware": true,
                  "Relation Name": "cast_info",
                  "Alias": "ci",
                  "Startup Cost": 0.0,
                  "Total Cost": 343257.03,
                  "Plan Rows": 1276726,
                  "Plan Width": 0,
                  "Actual Startup Time": 0.05,
                  "Actual Total Time": 808.824,
                  "Actual Rows": 1324509,
                  "Actual Loops": 7,
                  "Filter": "((person_id < 1142566) AND (role_id < 4))",
                  "Rows Removed by Filter": 3853254
                }
              ]
            }
          ]
        }
      ]
    },
    "Planning Time": 0.236,
    "Triggers": [],
    "Execution Time": 968.212
  }
]