[
  {
    "Plan": {
      "Node Type": "Aggregate",
      "Strategy": "Plain",
      "Partial Mode": "Finalize",
      "Parallel Aware": false,
      "Startup Cost": 46966.6,
      "Total Cost": 46966.61,
      "Plan Rows": 1,
      "Plan Width": 8,
      "Actual Startup Time": 211.212,
      "Actual Total Time": 221.912,
      "Actual Rows": 1,
      "Actual Loops": 1,
      "Plans": [
        {
          "Node Type": "Gather",
          "Parent Relationship": "Outer",
          "Parallel Aware": false,
          "Startup Cost": 46966.28,
          "Total Cost": 46966.59,
          "Plan Rows": 3,
          "Plan Width": 8,
          "Actual Startup Time": 211.037,
          "Actual Total Time": 221.9,
          "Actual Rows": 4,
          "Actual Loops": 1,
          "Workers Planned": 3,
          "Workers Launched": 3,
          "Single Copy": false,
          "Plans": [
            {
              "Node Type": "Aggregate",
              "Strategy": "Plain",
              "Partial Mode": "Partial",
              "Parent Relationship": "Outer",
              "Parallel Aware": false,
              "Startup Cost": 45966.28,
              "Total Cost": 45966.29,
              "Plan Rows": 1,
              "Plan Width": 8,
              "Actual Startup Time": 207.148,
              "Actual Total Time": 207.15,
              "Actual Rows": 1,
              "Actual Loops": 4,
              "Plans": [
                {
                  "Node Type": "Seq Scan",
                  "Parent Relationship": "Outer",
                  "Parallel Aware": true,
                  "Relation Name": "movie_keyword",
                  "Alias": "mk",
                  "Startup Cost": 0.0,
                  "Total Cost": 42695.65,
                  "Plan Rows": 1308252,
                  "Plan Width": 0,
                  "Actual Startup Time": 0.028,
                  "Actual Total Time": 150.295,
                  "Actual Rows": 1014834,
                  "Actual Loops": 4,
                  "Filter": "(keyword_id < 38319)",
                  "Rows Removed by Filter": 116148
                }
              ]
            }
          ]
        }
      ]
    },
    "Planning Time": 0.098,
    "Triggers": [],
    "Execution Time": 221.943
  }
]