[
  {
    "Plan": {
      "Node Type": "Aggregate",
      "Strategy": "Plain",
      "Partial Mode": "Finalize",
      "Parallel Aware": false,
      "Startup Cost": 33288.97,
      "Total Cost": 33288.98,
      "Plan Rows": 1,
      "Plan Width": 8,
      "Actual Startup Time": 90.792,
      "Actual Total Time": 99.33,
      "Actual Rows": 1,
      "Actual Loops": 1,
      "Plans": [
        {
          "Node Type": "Gather",
          "Parent Relationship": "Outer",
          "Parallel Aware": false,
          "Startup Cost": 33288.65,
          "Total Cost": 33288.96,
          "Plan Rows": 3,
          "Plan Width": 8,
          "Actual Startup Time": 90.659,
          "Actual Total Time": 99.321,
          "Actual Rows": 4,
          "Actual Loops": 1,
          "Workers Planned": 3,
          "Workers Launched": 3,
          "Single Copy": false,
          "Plans": [
            {
              "Node Type": "Aggregate",
              "Strategy": "Plain",
              "Partial Mode": "Partial",
              "Parent Relationship": "Outer",
              "Parallel Aware": false,
              "Startup Cost": 32288.65,
              "Total Cost": 32288.66,
              "Plan Rows": 1,
              "Plan Width": 8,
              "Actual Startup Time": 86.666,
              "Actual Total Time": 86.667,
              "Actual Rows": 1,
              "Actual Loops": 4,
              "Plans": [
                {
                  "Node Type": "Seq Scan",
                  "Parent Relationship": "Outer",
                  "Parallel Aware": true,
                  "Relation Name": "movie_companies",
                  "Alias": "mc",
                  "Startup Cost": 0.0,
                  "Total Cost": 31414.82,
                  "Plan Rows": 349532,
                  "Plan Width": 0,
                  "Actual Startup Time": 38.696,
                  "Actual Total Time": 76.557,
                  "Actual Rows": 212094,
                  "Actual Loops": 4,
                  "Filter": "((company_id < 74879) AND (company_type_id = 2))",
                  "Rows Removed by Filter": 440188
                }
              ]
            }
          ]
        }
      ]
    },
    "Planning Time": 0.092,
    "Triggers": [],
    "Execution Time": 99.359
  }
]