{
  "Plan": {
    "Node Type": "Aggregate",
    "Strategy": "Plain",
    "Partial Mode": "Finalize",
    "Parallel Aware": false,
    "Startup Cost": 664588.09,
    "Total Cost": 664588.1,
    "Plan Rows": 1,
    "Plan Width": 8,
    "Actual Startup Time": 5478.482,
    "Actual Total Time": 5546.686,
    "Actual Rows": 1,
    "Actual Loops": 1,
    "Plans": [
      {
        "Node Type": "Gather",
        "Parent Relationship": "Outer",
        "Parallel Aware": false,
        "Startup Cost": 664587.98,
        "Total Cost": 664588.09,
        "Plan Rows": 1,
        "Plan Width": 8,
        "Actual Startup Time": 5476.379,
        "Actual Total Time": 5546.675,
        "Actual Rows": 2,
        "Actual Loops": 1,
        "Workers Planned": 1,
        "Workers Launched": 1,
        "Single Copy": false,
        "Plans": [
          {
            "Node Type": "Aggregate",
            "Strategy": "Plain",
            "Partial Mode": "Partial",
            "Parent Relationship": "Outer",
            "Parallel Aware": false,
            "Startup Cost": 663587.98,
            "Total Cost": 663587.99,
            "Plan Rows": 1,
            "Plan Width": 8,
            "Actual Startup Time": 5470.402,
            "Actual Total Time": 5470.407,
            "Actual Rows": 1,
            "Actual Loops": 2,
            "Plans": [
              {
                "Node Type": "Hash Join",
                "Parent Relationship": "Outer",
                "Parallel Aware": false,
                "Join Type": "Inner",
                "Startup Cost": 60014.47,
                "Total Cost": 663587.5,
                "Plan Rows": 189,
                "Plan Width": 0,
                "Actual Startup Time": 256.259,
                "Actual Total Time": 5469.997,
                "Actual Rows": 3221,
                "Actual Loops": 2,
                "Inner Unique": false,
                "Hash Cond": "(t.id = mc.movie_id)",
                "Plans": [
                  {
                    "Node Type": "Hash Join",
                    "Parent Relationship": "Outer",
                    "Parallel Aware": true,
                    "Join Type": "Inner",
                    "Startup Cost": 59739.61,
                    "Total Cost": 622737.2,
                    "Plan Rows": 4636978,
                    "Plan Width": 8,
                    "Actual Startup Time": 247.587,
                    "Actual Total Time": 5242.282,
                    "Actual Rows": 3813128,
                    "Actual Loops": 2,
                    "Inner Unique": true,
                    "Hash Cond": "(ci.movie_id = t.id)",
                    "Plans": [
                      {
                        "Node Type": "Seq Scan",
                        "Parent Relationship": "Outer",
                        "Parallel Aware": true,
                        "Relation Name": "cast_info",
                        "Alias": "ci",
                        "Startup Cost": 0.0,
                        "Total Cost": 519069.44,
                        "Plan Rows": 16734500,
                        "Plan Width": 4,
                        "Actual Startup Time": 0.022,
                        "Actual Total Time": 1865.425,
                        "Actual Rows": 14265852,
                        "Actual Loops": 2,
                        "Filter": "(role_id < 7)",
                        "Rows Removed by Filter": 3856320
                      },
                      {
                        "Node Type": "Hash",
                        "Parent Relationship": "Inner",
                        "Parallel Aware": true,
                        "Startup Cost": 54588.39,
                        "Total Cost": 54588.39,
                        "Plan Rows": 412098,
                        "Plan Width": 4,
                        "Actual Startup Time": 239.433,
                        "Actual Total Time": 239.433,
                        "Actual Rows": 353593,
                        "Actual Loops": 2,
                        "Hash Buckets": 1048576,
                        "Original Hash Buckets": 1048576,
                        "Hash Batches": 1,
                        "Original Hash Batches": 1,
                        "Peak Memory Usage": 35904,
                        "Plans": [
                          {
                            "Node Type": "Seq Scan",
                            "Parent Relationship": "Outer",
                            "Parallel Aware": true,
                            "Relation Name": "title",
                            "Alias": "t",
                            "Startup Cost": 0.0,
                            "Total Cost": 54588.39,
                            "Plan Rows": 412098,
                            "Plan Width": 4,
                            "Actual Startup Time": 0.029,
                            "Actual Total Time": 149.444,
                            "Actual Rows": 353593,
                            "Actual Loops": 2,
                            "Filter": "(production_year < 1991)",
                            "Rows Removed by Filter": 910563
                          }
                        ]
                      }
                    ]
                  },
                  {
                    "Node Type": "Hash",
                    "Parent Relationship": "Inner",
                    "Parallel Aware": false,
                    "Startup Cost": 273.57,
                    "Total Cost": 273.57,
                    "Plan Rows": 103,
                    "Plan Width": 4,
                    "Actual Startup Time": 3.421,
                    "Actual Total Time": 3.422,
                    "Actual Rows": 233,
                    "Actual Loops": 2,
                    "Hash Buckets": 1024,
                    "Original Hash Buckets": 1024,
                    "Hash Batches": 1,
                    "Original Hash Batches": 1,
                    "Peak Memory Usage": 17,
                    "Plans": [
                      {
                        "Node Type": "Index Scan",
                        "Parent Relationship": "Outer",
                        "Parallel Aware": false,
                        "Scan Direction": "Forward",
                        "Index Name": "company_id_movie_companies",
                        "Relation Name": "movie_companies",
                        "Alias": "mc",
                        "Startup Cost": 0.43,
                        "Total Cost": 273.57,
                        "Plan Rows": 103,
                        "Plan Width": 4,
                        "Actual Startup Time": 0.206,
                        "Actual Total Time": 3.154,
                        "Actual Rows": 233,
                        "Actual Loops": 2,
                        "Index Cond": "(company_id = 18722)",
                        "Rows Removed by Index Recheck": 0
                      }
                    ]
                  }
                ]
              }
            ]
          }
        ]
      }
    ]
  },
  "Planning Time": 1.045,
  "Triggers": [],
  "Execution Time": 5546.841
}