{
  "Plan": {
    "Node Type": "Aggregate",
    "Strategy": "Plain",
    "Partial Mode": "Finalize",
    "Parallel Aware": false,
    "Startup Cost": 323834.29,
    "Total Cost": 323834.3,
    "Plan Rows": 1,
    "Plan Width": 8,
    "Actual Startup Time": 1987.073,
    "Actual Total Time": 2014.949,
    "Actual Rows": 1,
    "Actual Loops": 1,
    "Plans": [
      {
        "Node Type": "Gather",
        "Parent Relationship": "Outer",
        "Parallel Aware": false,
        "Startup Cost": 323834.18,
        "Total Cost": 323834.29,
        "Plan Rows": 1,
        "Plan Width": 8,
        "Actual Startup Time": 1986.94,
        "Actual Total Time": 2014.94,
        "Actual Rows": 2,
        "Actual Loops": 1,
        "Workers Planned": 1,
        "Workers Launched": 1,
        "Single Copy": false,
        "Plans": [
          {
            "Node Type": "Aggregate",
            "Strategy": "Plain",
            "Partial Mode": "Partial",
            "Parent Relationship": "Outer",
            "Parallel Aware": false,
            "Startup Cost": 322834.18,
            "Total Cost": 322834.19,
            "Plan Rows": 1,
            "Plan Width": 8,
            "Actual Startup Time": 1980.882,
            "Actual Total Time": 1980.884,
            "Actual Rows": 1,
            "Actual Loops": 2,
            "Plans": [
              {
                "Node Type": "Merge Join",
                "Parent Relationship": "Outer",
                "Parallel Aware": false,
                "Join Type": "Inner",
                "Startup Cost": 6.9,
                "Total Cost": 321792.92,
                "Plan Rows": 416503,
                "Plan Width": 0,
                "Actual Startup Time": 2.562,
                "Actual Total Time": 1953.842,
                "Actual Rows": 626589,
                "Actual Loops": 2,
                "Inner Unique": false,
                "Merge Cond": "(t.id = mc.movie_id)",
                "Plans": [
                  {
                    "Node Type": "Merge Join",
                    "Parent Relationship": "Outer",
                    "Parallel Aware": false,
                    "Join Type": "Inner",
                    "Startup Cost": 3.07,
                    "Total Cost": 170209.71,
                    "Plan Rows": 403599,
                    "Plan Width": 8,
                    "Actual Startup Time": 1.631,
                    "Actual Total Time": 1049.898,
                    "Actual Rows": 271098,
                    "Actual Loops": 2,
                    "Inner Unique": false,
                    "Merge Cond": "(t.id = mi_idx.movie_id)",
                    "Plans": [
                      {
                        "Node Type": "Index Scan",
                        "Parent Relationship": "Outer",
                        "Parallel Aware": true,
                        "Scan Direction": "Forward",
                        "Index Name": "title_pkey",
                        "Relation Name": "title",
                        "Alias": "t",
                        "Startup Cost": 0.43,
                        "Total Cost": 107365.5,
                        "Plan Rows": 739413,
                        "Plan Width": 4,
                        "Actual Startup Time": 0.069,
                        "Actual Total Time": 686.765,
                        "Actual Rows": 687546,
                        "Actual Loops": 2,
                        "Filter": "((kind_id > 1) AND (production_year > 1992))",
                        "Rows Removed by Filter": 575407
                      },
                      {
                        "Node Type": "Index Only Scan",
                        "Parent Relationship": "Inner",
                        "Parallel Aware": false,
                        "Scan Direction": "Forward",
                        "Index Name": "movie_id_movie_info_idx",
                        "Relation Name": "movie_info_idx",
                        "Alias": "mi_idx",
                        "Startup Cost": 0.43,
                        "Total Cost": 53620.22,
                        "Plan Rows": 1380035,
                        "Plan Width": 4,
                        "Actual Startup Time": 0.169,
                        "Actual Total Time": 246.649,
                        "Actual Rows": 1380030,
                        "Actual Loops": 2,
                        "Heap Fetches": 2760059
                      }
                    ]
                  },
                  {
                    "Node Type": "Index Only Scan",
                    "Parent Relationship": "Inner",
                    "Parallel Aware": false,
                    "Scan Direction": "Forward",
                    "Index Name": "movie_id_movie_companies",
                    "Relation Name": "movie_companies",
                    "Alias": "mc",
                    "Startup Cost": 0.43,
                    "Total Cost": 140059.44,
                    "Plan Rows": 2609129,
                    "Plan Width": 4,
                    "Actual Startup Time": 0.102,
                    "Actual Total Time": 716.386,
                    "Actual Rows": 3026764,
                    "Actual Loops": 2,
                    "Heap Fetches": 6053528
                  }
                ]
              }
            ]
          }
        ]
      }
    ]
  },
  "Planning Time": 1.073,
  "Triggers": [],
  "Execution Time": 2015.058
}