[
  {
    "Plan": {
      "Node Type": "Aggregate",
      "Strategy": "Plain",
      "Partial Mode": "Finalize",
      "Parallel Aware": false,
      "Startup Cost": 204093.5,
      "Total Cost": 204093.51,
      "Plan Rows": 1,
      "Plan Width": 8,
      "Actual Startup Time": 609.944,
      "Actual Total Time": 630.561,
      "Actual Rows": 1,
      "Actual Loops": 1,
      "Plans": [
        {
          "Node Type": "Gather",
          "Parent Relationship": "Outer",
          "Parallel Aware": false,
          "Startup Cost": 204092.98,
          "Total Cost": 204093.49,
          "Plan Rows": 5,
          "Plan Width": 8,
          "Actual Startup Time": 604.48,
          "Actual Total Time": 630.549,
          "Actual Rows": 6,
          "Actual Loops": 1,
          "Workers Planned": 5,
          "Workers Launched": 5,
          "Single Copy": false,
          "Plans": [
            {
              "Node Type": "Aggregate",
              "Strategy": "Plain",
              "Partial Mode": "Partial",
              "Parent Relationship": "Outer",
              "Parallel Aware": false,
              "Startup Cost": 203092.98,
              "Total Cost": 203092.99,
              "Plan Rows": 1,
              "Plan Width": 8,
              "Actual Startup Time": 592.187,
              "Actual Total Time": 592.271,
              "Actual Rows": 1,
              "Actual Loops": 6,
              "Plans": [
                {
                  "Node Type": "Hash Join",
                  "Parent Relationship": "Outer",
                  "Parallel Aware": true,
                  "Join Type": "Inner",
                  "Startup Cost": 81394.47,
                  "Total Cost": 202603.12,
                  "Plan Rows": 195943,
                  "Plan Width": 0,
                  "Actual Startup Time": 287.804,
                  "Actual Total Time": 578.761,
                  "Actual Rows": 303178,
                  "Actual Loops": 6,
                  "Inner Unique": false,
                  "Hash Cond": "(ci.movie_id = t.id)",
                  "Plans": [
                    {
                      "Node Type": "Index Scan",
                      "Parent Relationship": "Outer",
                      "Parallel Aware": true,
                      "Scan Direction": "Forward",
                      "Index Name": "role_id_cast_info",
                      "Relation Name": "cast_info",
                      "Alias": "ci",
                      "Startup Cost": 0.56,
                      "Total Cost": 117431.66,
                      "Plan Rows": 876718,
                      "Plan Width": 4,
                      "Actual Startup Time": 0.273,
                      "Actual Total Time": 128.359,
                      "Actual Rows": 720503,
                      "Actual Loops": 6,
                      "Index Cond": "(role_id = 10)",
                      "Rows Removed by Index Recheck": 0
                    },
                    {
                      "Node Type": "Hash",
                      "Parent Relationship": "Inner",
                      "Parallel Aware": true,
                      "Startup Cost": 79628.08,
                      "Total Cost": 79628.08,
                      "Plan Rows": 141266,
                      "Plan Width": 8,
                      "Actual Startup Time": 283.698,
                      "Actual Total Time": 283.78,
                      "Actual Rows": 59264,
                      "Actual Loops": 6,
                      "Hash Buckets": 1048576,
                      "Original Hash Buckets": 1048576,
                      "Hash Batches": 1,
                      "Original Hash Batches": 1,
                      "Peak Memory Usage": 22208,
                      "Plans": [
                        {
                          "Node Type": "Hash Join",
                          "Parent Relationship": "Outer",
                          "Parallel Aware": true,
                          "Join Type": "Inner",
                          "Startup Cost": 33693.29,
                          "Total Cost": 79628.08,
                          "Plan Rows": 141266,
                          "Plan Width": 8,
                          "Actual Startup Time": 102.671,
                          "Actual Total Time": 254.764,
                          "Actual Rows": 59264,
                          "Actual Loops": 6,
                          "Inner Unique": false,
                          "Hash Cond": "(t.id = mc.movie_id)",
                          "Plans": [
                            {
                              "Node Type": "Seq Scan",
                              "Parent Relationship": "Outer",
                              "Parallel Aware": true,
                              "Relation Name": "title",
                              "Alias": "t",
                              "Startup Cost": 0.0,
                              "Total Cost": 42318.73,
                              "Plan Rows": 632073,
                              "Plan Width": 4,
                              "Actual Startup Time": 0.012,
                              "Actual Total Time": 60.722,
                              "Actual Rows": 421385,
                              "Actual Loops": 6
                            },
                            {
                              "Node Type": "Hash",
                              "Parent Relationship": "Inner",
                              "Parallel Aware": true,
                              "Startup Cost": 31414.82,
                              "Total Cost": 31414.82,
                              "Plan Rows": 182278,
                              "Plan Width": 4,
                              "Actual Startup Time": 100.773,
                              "Actual Total Time": 100.775,
                              "Actual Rows": 59264,
                              "Actual Loops": 6,
                              "Hash Buckets": 1048576,
                              "Original Hash Buckets": 1048576,
                              "Hash Batches": 1,
                              "Original Hash Batches": 1,
                              "Peak Memory Usage": 22176,
                              "Plans": [
                                {
                                  "Node Type": "Seq Scan",
                                  "Parent Relationship": "Outer",
                                  "Parallel Aware": true,
                                  "Relation Name": "movie_companies",
                                  "Alias": "mc",
                                  "Startup Cost": 0.0,
                                  "Total Cost": 31414.82,
                                  "Plan Rows": 182278,
                                  "Plan Width": 4,
                                  "Actual Startup Time": 42.483,
                                  "Actual Total Time": 67.244,
                                  "Actual Rows": 59264,
                                  "Actual Loops": 6,
                                  "Filter": "((company_id < 7851) AND (company_type_id = 2))",
                                  "Rows Removed by Filter": 375591
                                }
                              ]
                            }
                          ]
                        }
                      ]
                    }
                  ]
                }
              ]
            }
          ]
        }
      ]
    },
    "Planning Time": 1.448,
    "Triggers": [],
    "Execution Time": 630.653
  }
]