[
  {
    "Plan": {
      "Node Type": "Aggregate",
      "Strategy": "Plain",
      "Partial Mode": "Finalize",
      "Parallel Aware": false,
      "Startup Cost": 269929.82,
      "Total Cost": 269929.83,
      "Plan Rows": 1,
      "Plan Width": 8,
      "Actual Startup Time": 951.63,
      "Actual Total Time": 995.654,
      "Actual Rows": 1,
      "Actual Loops": 1,
      "Plans": [
        {
          "Node Type": "Gather",
          "Parent Relationship": "Outer",
          "Parallel Aware": false,
          "Startup Cost": 269929.3,
          "Total Cost": 269929.81,
          "Plan Rows": 5,
          "Plan Width": 8,
          "Actual Startup Time": 945.237,
          "Actual Total Time": 995.642,
          "Actual Rows": 6,
          "Actual Loops": 1,
          "Workers Planned": 5,
          "Workers Launched": 5,
          "Single Copy": false,
          "Plans": [
            {
              "Node Type": "Aggregate",
              "Strategy": "Plain",
              "Partial Mode": "Partial",
              "Parent Relationship": "Outer",
              "Parallel Aware": false,
              "Startup Cost": 268929.3,
              "Total Cost": 268929.31,
              "Plan Rows": 1,
              "Plan Width": 8,
              "Actual Startup Time": 931.348,
              "Actual Total Time": 931.428,
              "Actual Rows": 1,
              "Actual Loops": 6,
              "Plans": [
                {
                  "Node Type": "Hash Join",
                  "Parent Relationship": "Outer",
                  "Parallel Aware": true,
                  "Join Type": "Inner",
                  "Startup Cost": 64594.21,
                  "Total Cost": 268296.67,
                  "Plan Rows": 253053,
                  "Plan Width": 0,
                  "Actual Startup Time": 203.285,
                  "Actual Total Time": 880.433,
                  "Actual Rows": 1284380,
                  "Actual Loops": 6,
                  "Inner Unique": false,
                  "Hash Cond": "(mi.movie_id = t.id)",
                  "Plans": [
                    {
                      "Node Type": "Seq Scan",
                      "Parent Relationship": "Outer",
                      "Parallel Aware": true,
                      "Relation Name": "movie_info",
                      "Alias": "mi",
                      "Startup Cost": 0.0,
                      "Total Cost": 191560.33,
                      "Plan Rows": 2956733,
                      "Plan Width": 4,
                      "Actual Startup Time": 0.039,
                      "Actual Total Time": 290.629,
                      "Actual Rows": 2472620,
                      "Actual Loops": 6
                    },
                    {
                      "Node Type": "Hash",
                      "Parent Relationship": "Inner",
                      "Parallel Aware": true,
                      "Startup Cost": 63467.21,
                      "Total Cost": 63467.21,
                      "Plan Rows": 90160,
                      "Plan Width": 8,
                      "Actual Startup Time": 191.51,
                      "Actual Total Time": 191.589,
                      "Actual Rows": 59013,
                      "Actual Loops": 6,
                      "Hash Buckets": 524288,
                      "Original Hash Buckets": 262144,
                      "Hash Batches": 1,
                      "Original Hash Batches": 1,
                      "Peak Memory Usage": 20096,
                      "Plans": [
                        {
                          "Node Type": "Hash Join",
                          "Parent Relationship": "Outer",
                          "Parallel Aware": true,
                          "Join Type": "Inner",
                          "Startup Cost": 47339.31,
                          "Total Cost": 63467.21,
                          "Plan Rows": 90160,
                          "Plan Width": 8,
                          "Actual Startup Time": 134.958,
                          "Actual Total Time": 170.101,
                          "Actual Rows": 59013,
                          "Actual Loops": 6,
                          "Inner Unique": true,
                          "Hash Cond": "(mi_idx.movie_id = t.id)",
                          "Plans": [
                            {
                              "Node Type": "Seq Scan",
                              "Parent Relationship": "Outer",
                              "Parallel Aware": true,
                              "Relation Name": "movie_info_idx",
                              "Alias": "mi_idx",
                              "Startup Cost": 0.0,
                              "Total Cost": 15122.68,
                              "Plan Rows": 382940,
                              "Plan Width": 4,
                              "Actual Startup Time": 0.026,
                              "Actual Total Time": 24.864,
                              "Actual Rows": 153308,
                              "Actual Loops": 6,
                              "Filter": "(info_type_id < 101)",
                              "Rows Removed by Filter": 76698
                            },
                            {
                              "Node Type": "Hash",
                              "Parent Relationship": "Inner",
                              "Parallel Aware": true,
                              "Startup Cost": 45479.1,
                              "Total Cost": 45479.1,
                              "Plan Rows": 148817,
                              "Plan Width": 4,
                              "Actual Startup Time": 114.671,
                              "Actual Total Time": 114.672,
                              "Actual Rows": 80319,
                              "Actual Loops": 6,
                              "Hash Buckets": 1048576,
                              "Original Hash Buckets": 1048576,
                              "Hash Batches": 1,
                              "Original Hash Batches": 1,
                              "Peak Memory Usage": 27136,
                              "Plans": [
                                {
                                  "Node Type": "Seq Scan",
                                  "Parent Relationship": "Outer",
                                  "Parallel Aware": true,
                                  "Relation Name": "title",
                                  "Alias": "t",
                                  "Startup Cost": 0.0,
                                  "Total Cost": 45479.1,
                                  "Plan Rows": 148817,
                                  "Plan Width": 4,
                                  "Actual Startup Time": 44.9,
                                  "Actual Total Time": 83.408,
                                  "Actual Rows": 80319,
                                  "Actual Loops": 6,
                                  "Filter": "((production_year > 1954) AND (kind_id = 1))",
                                  "Rows Removed by Filter": 341066
                                }
                              ]
                            }
                          ]
                        }
                      ]
                    }
                  ]
                }
              ]
            }
          ]
        }
      ]
    },
    "Planning Time": 1.366,
    "Triggers": [],
    "Execution Time": 995.755
  }
]