[
  {
    "Plan": {
      "Node Type": "Aggregate",
      "Strategy": "Plain",
      "Partial Mode": "Finalize",
      "Parallel Aware": false,
      "Startup Cost": 381441.84,
      "Total Cost": 381441.85,
      "Plan Rows": 1,
      "Plan Width": 8,
      "Actual Startup Time": 1052.644,
      "Actual Total Time": 1107.63,
      "Actual Rows": 1,
      "Actual Loops": 1,
      "Plans": [
        {
          "Node Type": "Gather",
          "Parent Relationship": "Outer",
          "Parallel Aware": false,
          "Startup Cost": 381441.22,
          "Total Cost": 381441.83,
          "Plan Rows": 6,
          "Plan Width": 8,
          "Actual Startup Time": 1049.3,
          "Actual Total Time": 1107.574,
          "Actual Rows": 7,
          "Actual Loops": 1,
          "Workers Planned": 6,
          "Workers Launched": 6,
          "Single Copy": false,
          "Plans": [
            {
              "Node Type": "Aggregate",
              "Strategy": "Plain",
              "Partial Mode": "Partial",
              "Parent Relationship": "Outer",
              "Parallel Aware": false,
              "Startup Cost": 380441.22,
              "Total Cost": 380441.23,
              "Plan Rows": 1,
              "Plan Width": 8,
              "Actual Startup Time": 1040.844,
              "Actual Total Time": 1040.848,
              "Actual Rows": 1,
              "Actual Loops": 7,
              "Plans": [
                {
                  "Node Type": "Hash Join",
                  "Parent Relationship": "Outer",
                  "Parallel Aware": true,
                  "Join Type": "Inner",
                  "Startup Cost": 47199.54,
                  "Total Cost": 379577.45,
                  "Plan Rows": 345509,
                  "Plan Width": 0,
                  "Actual Startup Time": 431.657,
                  "Actual Total Time": 1020.755,
                  "Actual Rows": 417542,
                  "Actual Loops": 7,
                  "Inner Unique": true,
                  "Hash Cond": "(ci.movie_id = t.id)",
                  "Plans": [
                    {
                      "Node Type": "Seq Scan",
                      "Parent Relationship": "Outer",
                      "Parallel Aware": true,
                      "Relation Name": "cast_info",
                      "Alias": "ci",
                      "Startup Cost": 0.0,
                      "Total Cost": 328211.39,
                      "Plan Rows": 1587241,
                      "Plan Width": 4,
                      "Actual Startup Time": 308.037,
                      "Actual Total Time": 573.72,
                      "Actual Rows": 1348013,
                      "Actual Loops": 7,
                      "Filter": "(person_id > 2761611)",
                      "Rows Removed by Filter": 3829751
                    },
                    {
                      "Node Type": "Hash",
                      "Parent Relationship": "Inner",
                      "Parallel Aware": true,
                      "Startup Cost": 45479.59,
                      "Total Cost": 45479.59,
                      "Plan Rows": 137596,
                      "Plan Width": 4,
                      "Actual Startup Time": 121.305,
                      "Actual Total Time": 121.306,
                      "Actual Rows": 86058,
                      "Actual Loops": 7,
                      "Hash Buckets": 1048576,
                      "Original Hash Buckets": 1048576,
                      "Hash Batches": 1,
                      "Original Hash Batches": 1,
                      "Peak Memory Usage": 31872,
                      "Plans": [
                        {
                          "Node Type": "Seq Scan",
                          "Parent Relationship": "Outer",
                          "Parallel Aware": true,
                          "Relation Name": "title",
                          "Alias": "t",
                          "Startup Cost": 0.0,
                          "Total Cost": 45479.59,
                          "Plan Rows": 137596,
                          "Plan Width": 4,
                          "Actual Startup Time": 0.033,
                          "Actual Total Time": 78.597,
                          "Actual Rows": 86058,
                          "Actual Loops": 7,
                          "Filter": "((production_year > 2006) AND (kind_id = 7))",
                          "Rows Removed by Filter": 275130
                        }
                      ]
                    }
                  ]
                }
              ]
            }
          ]
        }
      ]
    },
    "Planning Time": 0.269,
    "Triggers": [],
    "Execution Time": 1107.682
  }
]