{
  "Plan": {
    "Node Type": "Aggregate",
    "Strategy": "Plain",
    "Partial Mode": "Finalize",
    "Parallel Aware": false,
    "Startup Cost": 238727.71,
    "Total Cost": 238727.72,
    "Plan Rows": 1,
    "Plan Width": 8,
    "Actual Startup Time": 1067.186,
    "Actual Total Time": 1087.055,
    "Actual Rows": 1,
    "Actual Loops": 1,
    "Plans": [
      {
        "Node Type": "Gather",
        "Parent Relationship": "Outer",
        "Parallel Aware": false,
        "Startup Cost": 238727.6,
        "Total Cost": 238727.71,
        "Plan Rows": 1,
        "Plan Width": 8,
        "Actual Startup Time": 1038.855,
        "Actual Total Time": 1087.04,
        "Actual Rows": 2,
        "Actual Loops": 1,
        "Workers Planned": 1,
        "Workers Launched": 1,
        "Single Copy": false,
        "Plans": [
          {
            "Node Type": "Aggregate",
            "Strategy": "Plain",
            "Partial Mode": "Partial",
            "Parent Relationship": "Outer",
            "Parallel Aware": false,
            "Startup Cost": 237727.6,
            "Total Cost": 237727.61,
            "Plan Rows": 1,
            "Plan Width": 8,
            "Actual Startup Time": 1041.604,
            "Actual Total Time": 1041.616,
            "Actual Rows": 1,
            "Actual Loops": 2,
            "Plans": [
              {
                "Node Type": "Merge Join",
                "Parent Relationship": "Outer",
                "Parallel Aware": false,
                "Join Type": "Inner",
                "Startup Cost": 232179.37,
                "Total Cost": 237524.35,
                "Plan Rows": 81297,
                "Plan Width": 0,
                "Actual Startup Time": 939.087,
                "Actual Total Time": 1032.416,
                "Actual Rows": 215194,
                "Actual Loops": 2,
                "Inner Unique": false,
                "Merge Cond": "(t.id = mi_idx.movie_id)",
                "Plans": [
                  {
                    "Node Type": "Sort",
                    "Parent Relationship": "Outer",
                    "Parallel Aware": false,
                    "Startup Cost": 166780.12,
                    "Total Cost": 167894.83,
                    "Plan Rows": 445884,
                    "Plan Width": 8,
                    "Actual Startup Time": 772.84,
                    "Actual Total Time": 785.322,
                    "Actual Rows": 308422,
                    "Actual Loops": 2,
                    "Sort Key": [
                      "mk.movie_id"
                    ],
                    "Sort Method": "quicksort",
                    "Sort Space Used": 26978,
                    "Sort Space Type": "Memory",
                    "Workers": [
                      {
                        "Worker Number": 0,
                        "Sort Method": "quicksort",
                        "Sort Space Used": 26513,
                        "Sort Space Type": "Memory"
                      }
                    ],
                    "Plans": [
                      {
                        "Node Type": "Hash Join",
                        "Parent Relationship": "Outer",
                        "Parallel Aware": true,
                        "Join Type": "Inner",
                        "Startup Cost": 65167.06,
                        "Total Cost": 124942.13,
                        "Plan Rows": 445884,
                        "Plan Width": 8,
                        "Actual Startup Time": 411.863,
                        "Actual Total Time": 718.592,
                        "Actual Rows": 308422,
                        "Actual Loops": 2,
                        "Inner Unique": true,
                        "Hash Cond": "(mk.movie_id = t.id)",
                        "Plans": [
                          {
                            "Node Type": "Seq Scan",
                            "Parent Relationship": "Outer",
                            "Parallel Aware": true,
                            "Relation Name": "movie_keyword",
                            "Alias": "mk",
                            "Startup Cost": 0.0,
                            "Total Cost": 57718.19,
                            "Plan Rows": 783572,
                            "Plan Width": 4,
                            "Actual Startup Time": 0.015,
                            "Actual Total Time": 176.389,
                            "Actual Rows": 674987,
                            "Actual Loops": 2,
                            "Filter": "(keyword_id < 1756)",
                            "Rows Removed by Filter": 1586978
                          },
                          {
                            "Node Type": "Hash",
                            "Parent Relationship": "Inner",
                            "Parallel Aware": true,
                            "Startup Cost": 54588.39,
                            "Total Cost": 54588.39,
                            "Plan Rows": 846294,
                            "Plan Width": 4,
                            "Actual Startup Time": 397.572,
                            "Actual Total Time": 397.575,
                            "Actual Rows": 717233,
                            "Actual Loops": 2,
                            "Hash Buckets": 2097152,
                            "Original Hash Buckets": 2097152,
                            "Hash Batches": 1,
                            "Original Hash Batches": 1,
                            "Peak Memory Usage": 72544,
                            "Plans": [
                              {
                                "Node Type": "Seq Scan",
                                "Parent Relationship": "Outer",
                                "Parallel Aware": true,
                                "Relation Name": "title",
                                "Alias": "t",
                                "Startup Cost": 0.0,
                                "Total Cost": 54588.39,
                                "Plan Rows": 846294,
                                "Plan Width": 4,
                                "Actual Startup Time": 0.028,
                                "Actual Total Time": 179.348,
                                "Actual Rows": 717233,
                                "Actual Loops": 2,
                                "Filter": "(production_year > 1999)",
                                "Rows Removed by Filter": 546923
                              }
                            ]
                          }
                        ]
                      }
                    ]
                  },
                  {
                    "Node Type": "Sort",
                    "Parent Relationship": "Inner",
                    "Parallel Aware": false,
                    "Startup Cost": 65399.21,
                    "Total Cost": 66551.66,
                    "Plan Rows": 460978,
                    "Plan Width": 4,
                    "Actual Startup Time": 166.228,
                    "Actual Total Time": 188.185,
                    "Actual Rows": 632042,
                    "Actual Loops": 2,
                    "Sort Key": [
                      "mi_idx.movie_id"
                    ],
                    "Sort Method": "quicksort",
                    "Sort Space Used": 33860,
                    "Sort Space Type": "Memory",
                    "Workers": [
                      {
                        "Worker Number": 0,
                        "Sort Method": "quicksort",
                        "Sort Space Used": 33860,
                        "Sort Space Type": "Memory"
                      }
                    ],
                    "Plans": [
                      {
                        "Node Type": "Bitmap Heap Scan",
                        "Parent Relationship": "Outer",
                        "Parallel Aware": false,
                        "Relation Name": "movie_info_idx",
                        "Alias": "mi_idx",
                        "Startup Cost": 8337.01,
                        "Total Cost": 22034.23,
                        "Plan Rows": 460978,
                        "Plan Width": 4,
                        "Actual Startup Time": 26.703,
                        "Actual Total Time": 85.313,
                        "Actual Rows": 460185,
                        "Actual Loops": 2,
                        "Recheck Cond": "(info_type_id > 100)",
                        "Rows Removed by Index Recheck": 0,
                        "Exact Heap Blocks": 7935,
                        "Lossy Heap Blocks": 0,
                        "Plans": [
                          {
                            "Node Type": "Bitmap Index Scan",
                            "Parent Relationship": "Outer",
                            "Parallel Aware": false,
                            "Index Name": "info_type_id_movie_info_idx",
                            "Startup Cost": 0.0,
                            "Total Cost": 8221.76,
                            "Plan Rows": 460978,
                            "Plan Width": 0,
                            "Actual Startup Time": 25.759,
                            "Actual Total Time": 25.76,
                            "Actual Rows": 460185,
                            "Actual Loops": 2,
                            "Index Cond": "(info_type_id > 100)"
                          }
                        ]
                      }
                    ]
                  }
                ]
              }
            ]
          }
        ]
      }
    ]
  },
  "Planning Time": 1.166,
  "Triggers": [],
  "Execution Time": 1087.186
}