[
  {
    "Plan": {
      "Node Type": "Aggregate",
      "Strategy": "Plain",
      "Partial Mode": "Simple",
      "Parallel Aware": false,
      "Startup Cost": 488814.39,
      "Total Cost": 488814.4,
      "Plan Rows": 1,
      "Plan Width": 96,
      "Actual Startup Time": 2303.804,
      "Actual Total Time": 2430.809,
      "Actual Rows": 1,
      "Actual Loops": 1,
      "Plans": [
        {
          "Node Type": "Gather",
          "Parent Relationship": "Outer",
          "Parallel Aware": false,
          "Startup Cost": 444419.1,
          "Total Cost": 488814.36,
          "Plan Rows": 3,
          "Plan Width": 48,
          "Actual Startup Time": 2233.701,
          "Actual Total Time": 2430.725,
          "Actual Rows": 116,
          "Actual Loops": 1,
          "Workers Planned": 4,
          "Workers Launched": 4,
          "Single Copy": false,
          "Plans": [
            {
              "Node Type": "Hash Join",
              "Parent Relationship": "Outer",
              "Parallel Aware": true,
              "Join Type": "Inner",
              "Startup Cost": 443419.1,
              "Total Cost": 487814.06,
              "Plan Rows": 1,
              "Plan Width": 48,
              "Actual Startup Time": 2202.061,
              "Actual Total Time": 2292.586,
              "Actual Rows": 23,
              "Actual Loops": 5,
              "Inner Unique": false,
              "Hash Cond": "(t.id = mk.movie_id)",
              "Plans": [
                {
                  "Node Type": "Seq Scan",
                  "Parent Relationship": "Outer",
                  "Parallel Aware": true,
                  "Relation Name": "title",
                  "Alias": "t",
                  "Startup Cost": 0.0,
                  "Total Cost": 43898.62,
                  "Plan Rows": 132358,
                  "Plan Width": 21,
                  "Actual Startup Time": 0.033,
                  "Actual Total Time": 93.945,
                  "Actual Rows": 106674,
                  "Actual Loops": 5,
                  "Filter": "(production_year > 2009)",
                  "Rows Removed by Filter": 398989
                },
                {
                  "Node Type": "Hash",
                  "Parent Relationship": "Inner",
                  "Parallel Aware": true,
                  "Startup Cost": 443419.07,
                  "Total Cost": 443419.07,
                  "Plan Rows": 2,
                  "Plan Width": 39,
                  "Actual Startup Time": 2181.941,
                  "Actual Total Time": 2181.952,
                  "Actual Rows": 304,
                  "Actual Loops": 5,
                  "Hash Buckets": 1024,
                  "Original Hash Buckets": 1024,
                  "Hash Batches": 1,
                  "Original Hash Batches": 1,
                  "Peak Memory Usage": 168,
                  "Plans": [
                    {
                      "Node Type": "Hash Join",
                      "Parent Relationship": "Outer",
                      "Parallel Aware": true,
                      "Join Type": "Inner",
                      "Startup Cost": 114271.59,
                      "Total Cost": 443419.07,
                      "Plan Rows": 2,
                      "Plan Width": 39,
                      "Actual Startup Time": 558.303,
                      "Actual Total Time": 2180.914,
                      "Actual Rows": 304,
                      "Actual Loops": 5,
                      "Inner Unique": false,
                      "Hash Cond": "(ci.movie_id = mk.movie_id)",
                      "Plans": [
                        {
                          "Node Type": "Hash Join",
                          "Parent Relationship": "Outer",
                          "Parallel Aware": true,
                          "Join Type": "Inner",
                          "Startup Cost": 68767.12,
                          "Total Cost": 397685.88,
                          "Plan Rows": 60991,
                          "Plan Width": 19,
                          "Actual Startup Time": 198.436,
                          "Actual Total Time": 1871.946,
                          "Actual Rows": 16215,
                          "Actual Loops": 5,
                          "Inner Unique": true,
                          "Hash Cond": "(ci.person_id = n.id)",
                          "Plans": [
                            {
                              "Node Type": "Seq Scan",
                              "Parent Relationship": "Outer",
                              "Parallel Aware": true,
                              "Relation Name": "cast_info",
                              "Alias": "ci",
                              "Startup Cost": 0.0,
                              "Total Cost": 313068.58,
                              "Plan Rows": 6038158,
                              "Plan Width": 8,
                              "Actual Startup Time": 0.016,
                              "Actual Total Time": 990.736,
                              "Actual Rows": 7248869,
                              "Actual Loops": 5
                            },
                            {
                              "Node Type": "Hash",
                              "Parent Relationship": "Inner",
                              "Parallel Aware": true,
                              "Startup Cost": 68635.58,
                              "Total Cost": 68635.58,
                              "Plan Rows": 10523,
                              "Plan Width": 19,
                              "Actual Startup Time": 186.299,
                              "Actual Total Time": 186.301,
                              "Actual Rows": 2076,
                              "Actual Loops": 5,
                              "Hash Buckets": 65536,
                              "Original Hash Buckets": 65536,
                              "Hash Batches": 1,
                              "Original Hash Batches": 1,
                              "Peak Memory Usage": 1184,
                              "Plans": [
                                {
                                  "Node Type": "Seq Scan",
                                  "Parent Relationship": "Outer",
                                  "Parallel Aware": true,
                                  "Relation Name": "name",
                                  "Alias": "n",
                                  "Startup Cost": 0.0,
                                  "Total Cost": 68635.58,
                                  "Plan Rows": 10523,
                                  "Plan Width": 19,
                                  "Actual Startup Time": 3.138,
                                  "Actual Total Time": 184.287,
                                  "Actual Rows": 2076,
                                  "Actual Loops": 5,
                                  "Filter": "(name ~~ '%Brown,%'::text)",
                                  "Rows Removed by Filter": 831422
                                }
                              ]
                            }
                          ]
                        },
                        {
                          "Node Type": "Hash",
                          "Parent Relationship": "Inner",
                          "Parallel Aware": true,
                          "Startup Cost": 45504.33,
                          "Total Cost": 45504.33,
                          "Plan Rows": 11,
                          "Plan Width": 20,
                          "Actual Startup Time": 304.357,
                          "Actual Total Time": 304.361,
                          "Actual Rows": 4104,
                          "Actual Loops": 5,
                          "Hash Buckets": 32768,
                          "Original Hash Buckets": 1024,
                          "Hash Batches": 1,
                          "Original Hash Batches": 1,
                          "Peak Memory Usage": 1720,
                          "Plans": [
                            {
                              "Node Type": "Hash Join",
                              "Parent Relationship": "Outer",
                              "Parallel Aware": false,
                              "Join Type": "Inner",
                              "Startup Cost": 2626.14,
                              "Total Cost": 45504.33,
                              "Plan Rows": 11,
                              "Plan Width": 20,
                              "Actual Startup Time": 29.742,
                              "Actual Total Time": 245.842,
                              "Actual Rows": 4104,
                              "Actual Loops": 5,
                              "Inner Unique": true,
                              "Hash Cond": "(mk.keyword_id = k.id)",
                              "Plans": [
                                {
                                  "Node Type": "Seq Scan",
                                  "Parent Relationship": "Outer",
                                  "Parallel Aware": true,
                                  "Relation Name": "movie_keyword",
                                  "Alias": "mk",
                                  "Startup Cost": 0.0,
                                  "Total Cost": 39047.32,
                                  "Plan Rows": 1459332,
                                  "Plan Width": 8,
                                  "Actual Startup Time": 0.074,
                                  "Actual Total Time": 126.886,
                                  "Actual Rows": 904786,
                                  "Actual Loops": 5
                                },
                                {
                                  "Node Type": "Hash",
                                  "Parent Relationship": "Inner",
                                  "Parallel Aware": false,
                                  "Startup Cost": 2626.12,
                                  "Total Cost": 2626.12,
                                  "Plan Rows": 1,
                                  "Plan Width": 20,
                                  "Actual Startup Time": 29.321,
                                  "Actual Total Time": 29.322,
                                  "Actual Rows": 1,
                                  "Actual Loops": 5,
                                  "Hash Buckets": 1024,
                                  "Original Hash Buckets": 1024,
                                  "Hash Batches": 1,
                                  "Original Hash Batches": 1,
                                  "Peak Memory Usage": 9,
                                  "Plans": [
                                    {
                                      "Node Type": "Seq Scan",
                                      "Parent Relationship": "Outer",
                                      "Parallel Aware": false,
                                      "Relation Name": "keyword",
                                      "Alias": "k",
                                      "Startup Cost": 0.0,
                                      "Total Cost": 2626.12,
                                      "Plan Rows": 1,
                                      "Plan Width": 20,
                                      "Actual Startup Time": 1.976,
                                      "Actual Total Time": 29.296,
                                      "Actual Rows": 1,
                                      "Actual Loops": 5,
                                      "Filter": "(keyword = 'female-nudity'::text)",
                                      "Rows Removed by Filter": 134169
                                    }
                                  ]
                                }
                              ]
                            }
                          ]
                        }
                      ]
                    }
                  ]
                }
              ]
            }
          ]
        }
      ]
    },
    "Planning Time": 8.53,
    "Triggers": [],
    "Execution Time": 2431.243
  }
]