{
  "Plan": {
    "Node Type": "Aggregate",
    "Strategy": "Plain",
    "Partial Mode": "Finalize",
    "Parallel Aware": false,
    "Startup Cost": 559670.38,
    "Total Cost": 559670.39,
    "Plan Rows": 1,
    "Plan Width": 8,
    "Actual Startup Time": 2881.187,
    "Actual Total Time": 2909.652,
    "Actual Rows": 1,
    "Actual Loops": 1,
    "Plans": [
      {
        "Node Type": "Gather",
        "Parent Relationship": "Outer",
        "Parallel Aware": false,
        "Startup Cost": 559670.27,
        "Total Cost": 559670.38,
        "Plan Rows": 1,
        "Plan Width": 8,
        "Actual Startup Time": 2878.991,
        "Actual Total Time": 2909.642,
        "Actual Rows": 2,
        "Actual Loops": 1,
        "Workers Planned": 1,
        "Workers Launched": 1,
        "Single Copy": false,
        "Plans": [
          {
            "Node Type": "Aggregate",
            "Strategy": "Plain",
            "Partial Mode": "Partial",
            "Parent Relationship": "Outer",
            "Parallel Aware": false,
            "Startup Cost": 558670.27,
            "Total Cost": 558670.28,
            "Plan Rows": 1,
            "Plan Width": 8,
            "Actual Startup Time": 2872.851,
            "Actual Total Time": 2872.857,
            "Actual Rows": 1,
            "Actual Loops": 2,
            "Plans": [
              {
                "Node Type": "Nested Loop",
                "Parent Relationship": "Outer",
                "Parallel Aware": false,
                "Join Type": "Inner",
                "Startup Cost": 140555.26,
                "Total Cost": 558167.65,
                "Plan Rows": 201045,
                "Plan Width": 0,
                "Actual Startup Time": 423.586,
                "Actual Total Time": 2813.548,
                "Actual Rows": 1100554,
                "Actual Loops": 2,
                "Inner Unique": false,
                "Join Filter": "(t.id = mc.movie_id)",
                "Rows Removed by Join Filter": 0,
                "Plans": [
                  {
                    "Node Type": "Hash Join",
                    "Parent Relationship": "Outer",
                    "Parallel Aware": true,
                    "Join Type": "Inner",
                    "Startup Cost": 140554.83,
                    "Total Cost": 427864.07,
                    "Plan Rows": 194816,
                    "Plan Width": 8,
                    "Actual Startup Time": 423.431,
                    "Actual Total Time": 1205.671,
                    "Actual Rows": 410595,
                    "Actual Loops": 2,
                    "Inner Unique": true,
                    "Hash Cond": "(ci.movie_id = t.id)",
                    "Plans": [
                      {
                        "Node Type": "Bitmap Heap Scan",
                        "Parent Relationship": "Outer",
                        "Parallel Aware": true,
                        "Relation Name": "cast_info",
                        "Alias": "ci",
                        "Startup Cost": 81135.37,
                        "Total Cost": 366476.72,
                        "Plan Rows": 749671,
                        "Plan Width": 4,
                        "Actual Startup Time": 143.623,
                        "Actual Total Time": 429.249,
                        "Actual Rows": 1379732,
                        "Actual Loops": 2,
                        "Recheck Cond": "(person_id < 367150)",
                        "Rows Removed by Index Recheck": 0,
                        "Filter": "(role_id = 1)",
                        "Rows Removed by Filter": 535530,
                        "Exact Heap Blocks": 23782,
                        "Lossy Heap Blocks": 0,
                        "Plans": [
                          {
                            "Node Type": "Bitmap Index Scan",
                            "Parent Relationship": "Outer",
                            "Parallel Aware": false,
                            "Index Name": "person_id_cast_info",
                            "Startup Cost": 0.0,
                            "Total Cost": 80816.76,
                            "Plan Rows": 3700826,
                            "Plan Width": 0,
                            "Actual Startup Time": 137.116,
                            "Actual Total Time": 137.117,
                            "Actual Rows": 3830525,
                            "Actual Loops": 1,
                            "Index Cond": "(person_id < 367150)"
                          }
                        ]
                      },
                      {
                        "Node Type": "Hash",
                        "Parent Relationship": "Inner",
                        "Parallel Aware": true,
                        "Startup Cost": 54588.39,
                        "Total Cost": 54588.39,
                        "Plan Rows": 386486,
                        "Plan Width": 4,
                        "Actual Startup Time": 270.422,
                        "Actual Total Time": 270.423,
                        "Actual Rows": 331417,
                        "Actual Loops": 2,
                        "Hash Buckets": 1048576,
                        "Original Hash Buckets": 1048576,
                        "Hash Batches": 1,
                        "Original Hash Batches": 1,
                        "Peak Memory Usage": 34144,
                        "Plans": [
                          {
                            "Node Type": "Seq Scan",
                            "Parent Relationship": "Outer",
                            "Parallel Aware": true,
                            "Relation Name": "title",
                            "Alias": "t",
                            "Startup Cost": 0.0,
                            "Total Cost": 54588.39,
                            "Plan Rows": 386486,
                            "Plan Width": 4,
                            "Actual Startup Time": 0.051,
                            "Actual Total Time": 172.743,
                            "Actual Rows": 331417,
                            "Actual Loops": 2,
                            "Filter": "(production_year < 1989)",
                            "Rows Removed by Filter": 932739
                          }
                        ]
                      }
                    ]
                  },
                  {
                    "Node Type": "Index Only Scan",
                    "Parent Relationship": "Inner",
                    "Parallel Aware": false,
                    "Scan Direction": "Forward",
                    "Index Name": "movie_id_movie_companies",
                    "Relation Name": "movie_companies",
                    "Alias": "mc",
                    "Startup Cost": 0.43,
                    "Total Cost": 0.61,
                    "Plan Rows": 5,
                    "Plan Width": 4,
                    "Actual Startup Time": 0.003,
                    "Actual Total Time": 0.003,
                    "Actual Rows": 3,
                    "Actual Loops": 821190,
                    "Index Cond": "(movie_id = ci.movie_id)",
                    "Rows Removed by Index Recheck": 0,
                    "Heap Fetches": 2201107
                  }
                ]
              }
            ]
          }
        ]
      }
    ]
  },
  "Planning Time": 1.107,
  "Triggers": [],
  "Execution Time": 2909.762
}