{
    "Plan": {
        "Node Type": "Aggregate",
        "Strategy": "Plain",
        "Partial Mode": "Finalize",
        "Parallel Aware": false,
        "Startup Cost": 94436.67,
        "Total Cost": 94436.68,
        "Plan Rows": 1,
        "Plan Width": 8,
        "Actual Startup Time": 397.129,
        "Actual Total Time": 432.383,
        "Actual Rows": 1,
        "Actual Loops": 1,
        "Output": [
            "count(*)"
        ],
        "Plans": [
            {
                "Node Type": "Gather",
                "Parent Relationship": "Outer",
                "Parallel Aware": false,
                "Startup Cost": 94436.35,
                "Total Cost": 94436.66,
                "Plan Rows": 3,
                "Plan Width": 8,
                "Actual Startup Time": 394.187,
                "Actual Total Time": 432.373,
                "Actual Rows": 4,
                "Actual Loops": 1,
                "Output": [
                    "(PARTIAL count(*))"
                ],
                "Workers Planned": 3,
                "Workers Launched": 3,
                "Single Copy": false,
                "Plans": [
                    {
                        "Node Type": "Aggregate",
                        "Strategy": "Plain",
                        "Partial Mode": "Partial",
                        "Parent Relationship": "Outer",
                        "Parallel Aware": false,
                        "Startup Cost": 93436.35,
                        "Total Cost": 93436.36,
                        "Plan Rows": 1,
                        "Plan Width": 8,
                        "Actual Startup Time": 385.668,
                        "Actual Total Time": 385.671,
                        "Actual Rows": 1,
                        "Actual Loops": 4,
                        "Output": [
                            "PARTIAL count(*)"
                        ],
                        "Workers": [
                            {
                                "Worker Number": 0,
                                "Actual Startup Time": 383.295,
                                "Actual Total Time": 383.297,
                                "Actual Rows": 1,
                                "Actual Loops": 1
                            },
                            {
                                "Worker Number": 1,
                                "Actual Startup Time": 383.04,
                                "Actual Total Time": 383.043,
                                "Actual Rows": 1,
                                "Actual Loops": 1
                            },
                            {
                                "Worker Number": 2,
                                "Actual Startup Time": 382.85,
                                "Actual Total Time": 382.853,
                                "Actual Rows": 1,
                                "Actual Loops": 1
                            }
                        ],
                        "Plans": [
                            {
                                "Node Type": "Hash Join",
                                "Parent Relationship": "Outer",
                                "Parallel Aware": true,
                                "Join Type": "Inner",
                                "Startup Cost": 48195.71,
                                "Total Cost": 92808.57,
                                "Plan Rows": 251112,
                                "Plan Width": 0,
                                "Actual Startup Time": 196.964,
                                "Actual Total Time": 381.838,
                                "Actual Rows": 86885,
                                "Actual Loops": 4,
                                "Inner Unique": true,
                                "Hash Cond": "(mk.movie_id = t.id)",
                                "Workers": [
                                    {
                                        "Worker Number": 0,
                                        "Actual Startup Time": 194.217,
                                        "Actual Total Time": 379.637,
                                        "Actual Rows": 81971,
                                        "Actual Loops": 1
                                    },
                                    {
                                        "Worker Number": 1,
                                        "Actual Startup Time": 194.467,
                                        "Actual Total Time": 379.428,
                                        "Actual Rows": 81982,
                                        "Actual Loops": 1
                                    },
                                    {
                                        "Worker Number": 2,
                                        "Actual Startup Time": 194.268,
                                        "Actual Total Time": 379.15,
                                        "Actual Rows": 83897,
                                        "Actual Loops": 1
                                    }
                                ],
                                "Plans": [
                                    {
                                        "Node Type": "Seq Scan",
                                        "Parent Relationship": "Outer",
                                        "Parallel Aware": true,
                                        "Relation Name": "movie_keyword",
                                        "Schema": "public",
                                        "Alias": "mk",
                                        "Startup Cost": 0.0,
                                        "Total Cost": 42695.65,
                                        "Plan Rows": 730367,
                                        "Plan Width": 4,
                                        "Actual Startup Time": 0.235,
                                        "Actual Total Time": 116.034,
                                        "Actual Rows": 564678,
                                        "Actual Loops": 4,
                                        "Output": [
                                            "mk.id",
                                            "mk.movie_id",
                                            "mk.keyword_id"
                                        ],
                                        "Filter": "(mk.keyword_id > 4720)",
                                        "Rows Removed by Filter": 566304,
                                        "Workers": [
                                            {
                                                "Worker Number": 0,
                                                "Actual Startup Time": 0.272,
                                                "Actual Total Time": 118.393,
                                                "Actual Rows": 521543,
                                                "Actual Loops": 1
                                            },
                                            {
                                                "Worker Number": 1,
                                                "Actual Startup Time": 0.179,
                                                "Actual Total Time": 118.934,
                                                "Actual Rows": 523102,
                                                "Actual Loops": 1
                                            },
                                            {
                                                "Worker Number": 2,
                                                "Actual Startup Time": 0.301,
                                                "Actual Total Time": 119.645,
                                                "Actual Rows": 541345,
                                                "Actual Loops": 1
                                            }
                                        ]
                                    },
                                    {
                                        "Node Type": "Hash",
                                        "Parent Relationship": "Inner",
                                        "Parallel Aware": true,
                                        "Startup Cost": 45479.21,
                                        "Total Cost": 45479.21,
                                        "Plan Rows": 217320,
                                        "Plan Width": 4,
                                        "Actual Startup Time": 191.692,
                                        "Actual Total Time": 191.693,
                                        "Actual Rows": 242533,
                                        "Actual Loops": 4,
                                        "Output": [
                                            "t.id"
                                        ],
                                        "Hash Buckets": 1048576,
                                        "Original Hash Buckets": 1048576,
                                        "Hash Batches": 1,
                                        "Original Hash Batches": 1,
                                        "Peak Memory Usage": 46240,
                                        "Workers": [
                                            {
                                                "Worker Number": 0,
                                                "Actual Startup Time": 193.265,
                                                "Actual Total Time": 193.265,
                                                "Actual Rows": 215512,
                                                "Actual Loops": 1
                                            },
                                            {
                                                "Worker Number": 1,
                                                "Actual Startup Time": 193.491,
                                                "Actual Total Time": 193.492,
                                                "Actual Rows": 214318,
                                                "Actual Loops": 1
                                            },
                                            {
                                                "Worker Number": 2,
                                                "Actual Startup Time": 193.353,
                                                "Actual Total Time": 193.353,
                                                "Actual Rows": 225986,
                                                "Actual Loops": 1
                                            }
                                        ],
                                        "Plans": [
                                            {
                                                "Node Type": "Seq Scan",
                                                "Parent Relationship": "Outer",
                                                "Parallel Aware": true,
                                                "Relation Name": "title",
                                                "Schema": "public",
                                                "Alias": "t",
                                                "Startup Cost": 0.0,
                                                "Total Cost": 45479.21,
                                                "Plan Rows": 217320,
                                                "Plan Width": 4,
                                                "Actual Startup Time": 0.061,
                                                "Actual Total Time": 107.224,
                                                "Actual Rows": 242533,
                                                "Actual Loops": 4,
                                                "Output": [
                                                    "t.id"
                                                ],
                                                "Filter": "((t.kind_id > 3) AND (t.production_year > 2001))",
                                                "Rows Removed by Filter": 389545,
                                                "Workers": [
                                                    {
                                                        "Worker Number": 0,
                                                        "Actual Startup Time": 0.08,
                                                        "Actual Total Time": 109.732,
                                                        "Actual Rows": 215512,
                                                        "Actual Loops": 1
                                                    },
                                                    {
                                                        "Worker Number": 1,
                                                        "Actual Startup Time": 0.079,
                                                        "Actual Total Time": 109.771,
                                                        "Actual Rows": 214318,
                                                        "Actual Loops": 1
                                                    },
                                                    {
                                                        "Worker Number": 2,
                                                        "Actual Startup Time": 0.067,
                                                        "Actual Total Time": 110.857,
                                                        "Actual Rows": 225986,
                                                        "Actual Loops": 1
                                                    }
                                                ]
                                            }
                                        ]
                                    }
                                ]
                            }
                        ]
                    }
                ]
            }
        ]
    },
    "Planning Time": 0.703,
    "Triggers": [],
    "Execution Time": 432.457
}