[
  {
    "Plan": {
      "Node Type": "Aggregate",
      "Strategy": "Plain",
      "Partial Mode": "Finalize",
      "Parallel Aware": false,
      "Startup Cost": 31111.78,
      "Total Cost": 31111.79,
      "Plan Rows": 1,
      "Plan Width": 8,
      "Actual Startup Time": 90.797,
      "Actual Total Time": 98.574,
      "Actual Rows": 1,
      "Actual Loops": 1,
      "Plans": [
        {
          "Node Type": "Gather",
          "Parent Relationship": "Outer",
          "Parallel Aware": false,
          "Startup Cost": 31111.46,
          "Total Cost": 31111.77,
          "Plan Rows": 3,
          "Plan Width": 8,
          "Actual Startup Time": 90.657,
          "Actual Total Time": 98.565,
          "Actual Rows": 4,
          "Actual Loops": 1,
          "Workers Planned": 3,
          "Workers Launched": 3,
          "Single Copy": false,
          "Plans": [
            {
              "Node Type": "Aggregate",
              "Strategy": "Plain",
              "Partial Mode": "Partial",
              "Parent Relationship": "Outer",
              "Parallel Aware": false,
              "Startup Cost": 30111.46,
              "Total Cost": 30111.47,
              "Plan Rows": 1,
              "Plan Width": 8,
              "Actual Startup Time": 84.753,
              "Actual Total Time": 84.754,
              "Actual Rows": 1,
              "Actual Loops": 4,
              "Plans": [
                {
                  "Node Type": "Seq Scan",
                  "Parent Relationship": "Outer",
                  "Parallel Aware": true,
                  "Relation Name": "movie_companies",
                  "Alias": "mc",
                  "Startup Cost": 0.0,
                  "Total Cost": 29310.68,
                  "Plan Rows": 320313,
                  "Plan Width": 0,
                  "Actual Startup Time": 0.034,
                  "Actual Total Time": 71.7,
                  "Actual Rows": 247500,
                  "Actual Loops": 4,
                  "Filter": "(company_id < 4588)",
                  "Rows Removed by Filter": 404782
                }
              ]
            }
          ]
        }
      ]
    },
    "Planning Time": 0.189,
    "Triggers": [],
    "Execution Time": 98.63
  }
]