[
    {
        "Bao": {
            "Bao prediction": "NaN",
            "Bao recommended hint": "(no hint)"
        }
    },
    {
        "Plan": {
            "Node Type": "Aggregate",
            "Strategy": "Plain",
            "Partial Mode": "Finalize",
            "Parallel Aware": false,
            "Startup Cost": 73560.08,
            "Total Cost": 73560.09,
            "Plan Rows": 1,
            "Plan Width": 8,
            "Actual Startup Time": 169.841,
            "Actual Total Time": 178.025,
            "Actual Rows": 1,
            "Actual Loops": 1,
            "Output": [
                "count(*)"
            ],
            "Plans": [
                {
                    "Node Type": "Gather",
                    "Parent Relationship": "Outer",
                    "Parallel Aware": false,
                    "Startup Cost": 73559.77,
                    "Total Cost": 73560.08,
                    "Plan Rows": 3,
                    "Plan Width": 8,
                    "Actual Startup Time": 168.945,
                    "Actual Total Time": 178.018,
                    "Actual Rows": 4,
                    "Actual Loops": 1,
                    "Output": [
                        "(PARTIAL count(*))"
                    ],
                    "Workers Planned": 3,
                    "Workers Launched": 3,
                    "Single Copy": false,
                    "Plans": [
                        {
                            "Node Type": "Aggregate",
                            "Strategy": "Plain",
                            "Partial Mode": "Partial",
                            "Parent Relationship": "Outer",
                            "Parallel Aware": false,
                            "Startup Cost": 72559.77,
                            "Total Cost": 72559.78,
                            "Plan Rows": 1,
                            "Plan Width": 8,
                            "Actual Startup Time": 159.918,
                            "Actual Total Time": 159.924,
                            "Actual Rows": 1,
                            "Actual Loops": 4,
                            "Output": [
                                "PARTIAL count(*)"
                            ],
                            "Workers": [
                                {
                                    "Worker Number": 0,
                                    "Actual Startup Time": 156.989,
                                    "Actual Total Time": 156.991,
                                    "Actual Rows": 1,
                                    "Actual Loops": 1
                                },
                                {
                                    "Worker Number": 1,
                                    "Actual Startup Time": 156.986,
                                    "Actual Total Time": 156.989,
                                    "Actual Rows": 1,
                                    "Actual Loops": 1
                                },
                                {
                                    "Worker Number": 2,
                                    "Actual Startup Time": 157.087,
                                    "Actual Total Time": 157.09,
                                    "Actual Rows": 1,
                                    "Actual Loops": 1
                                }
                            ],
                            "Plans": [
                                {
                                    "Node Type": "Hash Join",
                                    "Parent Relationship": "Outer",
                                    "Parallel Aware": true,
                                    "Join Type": "Inner",
                                    "Startup Cost": 47643.8,
                                    "Total Cost": 72558.22,
                                    "Plan Rows": 620,
                                    "Plan Width": 0,
                                    "Actual Startup Time": 124.124,
                                    "Actual Total Time": 159.603,
                                    "Actual Rows": 3533,
                                    "Actual Loops": 4,
                                    "Inner Unique": true,
                                    "Hash Cond": "(mk.movie_id = t.id)",
                                    "Workers": [
                                        {
                                            "Worker Number": 0,
                                            "Actual Startup Time": 121.261,
                                            "Actual Total Time": 156.698,
                                            "Actual Rows": 3150,
                                            "Actual Loops": 1
                                        },
                                        {
                                            "Worker Number": 1,
                                            "Actual Startup Time": 121.062,
                                            "Actual Total Time": 156.703,
                                            "Actual Rows": 3902,
                                            "Actual Loops": 1
                                        },
                                        {
                                            "Worker Number": 2,
                                            "Actual Startup Time": 121.532,
                                            "Actual Total Time": 156.831,
                                            "Actual Rows": 2620,
                                            "Actual Loops": 1
                                        }
                                    ],
                                    "Plans": [
                                        {
                                            "Node Type": "Bitmap Heap Scan",
                                            "Parent Relationship": "Outer",
                                            "Parallel Aware": true,
                                            "Relation Name": "movie_keyword",
                                            "Schema": "public",
                                            "Alias": "mk",
                                            "Startup Cost": 2003.77,
                                            "Total Cost": 26838.28,
                                            "Plan Rows": 30441,
                                            "Plan Width": 4,
                                            "Actual Startup Time": 14.172,
                                            "Actual Total Time": 43.717,
                                            "Actual Rows": 22016,
                                            "Actual Loops": 4,
                                            "Output": [
                                                "mk.id",
                                                "mk.movie_id",
                                                "mk.keyword_id"
                                            ],
                                            "Recheck Cond": "(mk.keyword_id > 85457)",
                                            "Rows Removed by Index Recheck": 0,
                                            "Exact Heap Blocks": 5388,
                                            "Lossy Heap Blocks": 0,
                                            "Workers": [
                                                {
                                                    "Worker Number": 0,
                                                    "Actual Startup Time": 14.156,
                                                    "Actual Total Time": 44.41,
                                                    "Actual Rows": 19367,
                                                    "Actual Loops": 1
                                                },
                                                {
                                                    "Worker Number": 1,
                                                    "Actual Startup Time": 14.014,
                                                    "Actual Total Time": 44.268,
                                                    "Actual Rows": 24145,
                                                    "Actual Loops": 1
                                                },
                                                {
                                                    "Worker Number": 2,
                                                    "Actual Startup Time": 14.327,
                                                    "Actual Total Time": 44.544,
                                                    "Actual Rows": 15673,
                                                    "Actual Loops": 1
                                                }
                                            ],
                                            "Plans": [
                                                {
                                                    "Node Type": "Bitmap Index Scan",
                                                    "Parent Relationship": "Outer",
                                                    "Parallel Aware": false,
                                                    "Index Name": "keyword_id_movie_keyword",
                                                    "Startup Cost": 0.0,
                                                    "Total Cost": 1980.18,
                                                    "Plan Rows": 94366,
                                                    "Plan Width": 0,
                                                    "Actual Startup Time": 11.601,
                                                    "Actual Total Time": 11.601,
                                                    "Actual Rows": 88065,
                                                    "Actual Loops": 1,
                                                    "Index Cond": "(mk.keyword_id > 85457)",
                                                    "Workers": [
                                                        {
                                                            "Worker Number": 1,
                                                            "Actual Startup Time": 11.601,
                                                            "Actual Total Time": 11.601,
                                                            "Actual Rows": 88065,
                                                            "Actual Loops": 1
                                                        }
                                                    ]
                                                }
                                            ]
                                        },
                                        {
                                            "Node Type": "Hash",
                                            "Parent Relationship": "Inner",
                                            "Parallel Aware": true,
                                            "Startup Cost": 45479.21,
                                            "Total Cost": 45479.21,
                                            "Plan Rows": 12866,
                                            "Plan Width": 4,
                                            "Actual Startup Time": 109.442,
                                            "Actual Total Time": 109.443,
                                            "Actual Rows": 43600,
                                            "Actual Loops": 4,
                                            "Output": [
                                                "t.id"
                                            ],
                                            "Hash Buckets": 262144,
                                            "Original Hash Buckets": 65536,
                                            "Hash Batches": 1,
                                            "Original Hash Batches": 1,
                                            "Peak Memory Usage": 10496,
                                            "Workers": [
                                                {
                                                    "Worker Number": 0,
                                                    "Actual Startup Time": 106.657,
                                                    "Actual Total Time": 106.658,
                                                    "Actual Rows": 46703,
                                                    "Actual Loops": 1
                                                },
                                                {
                                                    "Worker Number": 1,
                                                    "Actual Startup Time": 106.662,
                                                    "Actual Total Time": 106.663,
                                                    "Actual Rows": 45217,
                                                    "Actual Loops": 1
                                                },
                                                {
                                                    "Worker Number": 2,
                                                    "Actual Startup Time": 106.731,
                                                    "Actual Total Time": 106.731,
                                                    "Actual Rows": 41013,
                                                    "Actual Loops": 1
                                                }
                                            ],
                                            "Plans": [
                                                {
                                                    "Node Type": "Seq Scan",
                                                    "Parent Relationship": "Outer",
                                                    "Parallel Aware": true,
                                                    "Relation Name": "title",
                                                    "Schema": "public",
                                                    "Alias": "t",
                                                    "Startup Cost": 0.0,
                                                    "Total Cost": 45479.21,
                                                    "Plan Rows": 12866,
                                                    "Plan Width": 4,
                                                    "Actual Startup Time": 54.786,
                                                    "Actual Total Time": 90.622,
                                                    "Actual Rows": 43600,
                                                    "Actual Loops": 4,
                                                    "Output": [
                                                        "t.id"
                                                    ],
                                                    "Filter": "((t.production_year < 1955) AND (t.kind_id = 1))",
                                                    "Rows Removed by Filter": 588478,
                                                    "Workers": [
                                                        {
                                                            "Worker Number": 0,
                                                            "Actual Startup Time": 50.971,
                                                            "Actual Total Time": 89.087,
                                                            "Actual Rows": 46703,
                                                            "Actual Loops": 1
                                                        },
                                                        {
                                                            "Worker Number": 1,
                                                            "Actual Startup Time": 53.394,
                                                            "Actual Total Time": 88.521,
                                                            "Actual Rows": 45217,
                                                            "Actual Loops": 1
                                                        },
                                                        {
                                                            "Worker Number": 2,
                                                            "Actual Startup Time": 51.093,
                                                            "Actual Total Time": 87.08,
                                                            "Actual Rows": 41013,
                                                            "Actual Loops": 1
                                                        }
                                                    ]
                                                }
                                            ]
                                        }
                                    ]
                                }
                            ]
                        }
                    ]
                }
            ]
        },
        "Planning Time": 272.454,
        "Triggers": [],
        "Execution Time": 178.102
    }
]