[
  {
    "Plan": {
      "Node Type": "Aggregate",
      "Strategy": "Plain",
      "Partial Mode": "Finalize",
      "Parallel Aware": false,
      "Startup Cost": 339596.12,
      "Total Cost": 339596.13,
      "Plan Rows": 1,
      "Plan Width": 8,
      "Actual Startup Time": 755.291,
      "Actual Total Time": 816.059,
      "Actual Rows": 1,
      "Actual Loops": 1,
      "Plans": [
        {
          "Node Type": "Gather",
          "Parent Relationship": "Outer",
          "Parallel Aware": false,
          "Startup Cost": 339595.49,
          "Total Cost": 339596.1,
          "Plan Rows": 6,
          "Plan Width": 8,
          "Actual Startup Time": 755.158,
          "Actual Total Time": 816.051,
          "Actual Rows": 7,
          "Actual Loops": 1,
          "Workers Planned": 6,
          "Workers Launched": 6,
          "Single Copy": false,
          "Plans": [
            {
              "Node Type": "Aggregate",
              "Strategy": "Plain",
              "Partial Mode": "Partial",
              "Parent Relationship": "Outer",
              "Parallel Aware": false,
              "Startup Cost": 338595.49,
              "Total Cost": 338595.51,
              "Plan Rows": 1,
              "Plan Width": 8,
              "Actual Startup Time": 745.321,
              "Actual Total Time": 745.322,
              "Actual Rows": 1,
              "Actual Loops": 7,
              "Plans": [
                {
                  "Node Type": "Seq Scan",
                  "Parent Relationship": "Outer",
                  "Parallel Aware": true,
                  "Relation Name": "cast_info",
                  "Alias": "ci",
                  "Startup Cost": 0.0,
                  "Total Cost": 328162.03,
                  "Plan Rows": 4173388,
                  "Plan Width": 0,
                  "Actual Startup Time": 0.058,
                  "Actual Total Time": 595.119,
                  "Actual Rows": 3593602,
                  "Actual Loops": 7,
                  "Filter": "(person_id < 2593422)",
                  "Rows Removed by Filter": 1584162
                }
              ]
            }
          ]
        }
      ]
    },
    "Planning Time": 0.103,
    "Triggers": [],
    "Execution Time": 816.105
  }
]