[
  {
    "Plan": {
      "Node Type": "Aggregate",
      "Strategy": "Plain",
      "Partial Mode": "Finalize",
      "Parallel Aware": false,
      "Startup Cost": 327176.52,
      "Total Cost": 327176.53,
      "Plan Rows": 1,
      "Plan Width": 8,
      "Actual Startup Time": 259.11,
      "Actual Total Time": 270.553,
      "Actual Rows": 1,
      "Actual Loops": 1,
      "Plans": [
        {
          "Node Type": "Gather",
          "Parent Relationship": "Outer",
          "Parallel Aware": false,
          "Startup Cost": 327175.89,
          "Total Cost": 327176.5,
          "Plan Rows": 6,
          "Plan Width": 8,
          "Actual Startup Time": 258.177,
          "Actual Total Time": 270.545,
          "Actual Rows": 7,
          "Actual Loops": 1,
          "Workers Planned": 6,
          "Workers Launched": 6,
          "Single Copy": false,
          "Plans": [
            {
              "Node Type": "Aggregate",
              "Strategy": "Plain",
              "Partial Mode": "Partial",
              "Parent Relationship": "Outer",
              "Parallel Aware": false,
              "Startup Cost": 326175.89,
              "Total Cost": 326175.9,
              "Plan Rows": 1,
              "Plan Width": 8,
              "Actual Startup Time": 249.096,
              "Actual Total Time": 249.098,
              "Actual Rows": 1,
              "Actual Loops": 7,
              "Plans": [
                {
                  "Node Type": "Bitmap Heap Scan",
                  "Parent Relationship": "Outer",
                  "Parallel Aware": true,
                  "Relation Name": "cast_info",
                  "Alias": "ci",
                  "Startup Cost": 66016.62,
                  "Total Cost": 324930.51,
                  "Plan Rows": 498152,
                  "Plan Width": 0,
                  "Actual Startup Time": 120.482,
                  "Actual Total Time": 228.661,
                  "Actual Rows": 411129,
                  "Actual Loops": 7,
                  "Recheck Cond": "(person_id > 3520669)",
                  "Rows Removed by Index Recheck": 0,
                  "Exact Heap Blocks": 9378,
                  "Lossy Heap Blocks": 0,
                  "Plans": [
                    {
                      "Node Type": "Bitmap Index Scan",
                      "Parent Relationship": "Outer",
                      "Parallel Aware": false,
                      "Index Name": "person_id_cast_info",
                      "Startup Cost": 0.0,
                      "Total Cost": 65269.39,
                      "Plan Rows": 2988910,
                      "Plan Width": 0,
                      "Actual Startup Time": 121.761,
                      "Actual Total Time": 121.761,
                      "Actual Rows": 2877903,
                      "Actual Loops": 1,
                      "Index Cond": "(person_id > 3520669)"
                    }
                  ]
                }
              ]
            }
          ]
        }
      ]
    },
    "Planning Time": 0.199,
    "Triggers": [],
    "Execution Time": 270.631
  }
]