[
  {
    "Plan": {
      "Node Type": "Aggregate",
      "Strategy": "Plain",
      "Partial Mode": "Finalize",
      "Parallel Aware": false,
      "Startup Cost": 342736.28,
      "Total Cost": 342736.29,
      "Plan Rows": 1,
      "Plan Width": 8,
      "Actual Startup Time": 887.011,
      "Actual Total Time": 931.969,
      "Actual Rows": 1,
      "Actual Loops": 1,
      "Plans": [
        {
          "Node Type": "Gather",
          "Parent Relationship": "Outer",
          "Parallel Aware": false,
          "Startup Cost": 342735.65,
          "Total Cost": 342736.26,
          "Plan Rows": 6,
          "Plan Width": 8,
          "Actual Startup Time": 886.815,
          "Actual Total Time": 931.955,
          "Actual Rows": 7,
          "Actual Loops": 1,
          "Workers Planned": 6,
          "Workers Launched": 6,
          "Single Copy": false,
          "Plans": [
            {
              "Node Type": "Aggregate",
              "Strategy": "Plain",
              "Partial Mode": "Partial",
              "Parent Relationship": "Outer",
              "Parallel Aware": false,
              "Startup Cost": 341735.65,
              "Total Cost": 341735.66,
              "Plan Rows": 1,
              "Plan Width": 8,
              "Actual Startup Time": 876.255,
              "Actual Total Time": 876.257,
              "Actual Rows": 1,
              "Actual Loops": 7,
              "Plans": [
                {
                  "Node Type": "Seq Scan",
                  "Parent Relationship": "Outer",
                  "Parallel Aware": true,
                  "Relation Name": "cast_info",
                  "Alias": "ci",
                  "Startup Cost": 0.0,
                  "Total Cost": 328211.39,
                  "Plan Rows": 5409704,
                  "Plan Width": 0,
                  "Actual Startup Time": 0.065,
                  "Actual Total Time": 647.9,
                  "Actual Rows": 4638854,
                  "Actual Loops": 7,
                  "Filter": "(person_id < 3372132)",
                  "Rows Removed by Filter": 538909
                }
              ]
            }
          ]
        }
      ]
    },
    "Planning Time": 0.197,
    "Triggers": [],
    "Execution Time": 932.035
  }
]