[
  {
    "Plan": {
      "Node Type": "Aggregate",
      "Strategy": "Plain",
      "Partial Mode": "Finalize",
      "Parallel Aware": false,
      "Startup Cost": 38186.08,
      "Total Cost": 38186.09,
      "Plan Rows": 1,
      "Plan Width": 8,
      "Actual Startup Time": 18.889,
      "Actual Total Time": 23.066,
      "Actual Rows": 1,
      "Actual Loops": 1,
      "Plans": [
        {
          "Node Type": "Gather",
          "Parent Relationship": "Outer",
          "Parallel Aware": false,
          "Startup Cost": 38185.76,
          "Total Cost": 38186.07,
          "Plan Rows": 3,
          "Plan Width": 8,
          "Actual Startup Time": 18.812,
          "Actual Total Time": 23.06,
          "Actual Rows": 4,
          "Actual Loops": 1,
          "Workers Planned": 3,
          "Workers Launched": 3,
          "Single Copy": false,
          "Plans": [
            {
              "Node Type": "Aggregate",
              "Strategy": "Plain",
              "Partial Mode": "Partial",
              "Parent Relationship": "Outer",
              "Parallel Aware": false,
              "Startup Cost": 37185.76,
              "Total Cost": 37185.77,
              "Plan Rows": 1,
              "Plan Width": 8,
              "Actual Startup Time": 15.262,
              "Actual Total Time": 15.264,
              "Actual Rows": 1,
              "Actual Loops": 4,
              "Plans": [
                {
                  "Node Type": "Nested Loop",
                  "Parent Relationship": "Outer",
                  "Parallel Aware": false,
                  "Join Type": "Inner",
                  "Startup Cost": 358.81,
                  "Total Cost": 37185.07,
                  "Plan Rows": 278,
                  "Plan Width": 0,
                  "Actual Startup Time": 9.926,
                  "Actual Total Time": 15.26,
                  "Actual Rows": 1,
                  "Actual Loops": 4,
                  "Inner Unique": true,
                  "Plans": [
                    {
                      "Node Type": "Bitmap Heap Scan",
                      "Parent Relationship": "Outer",
                      "Parallel Aware": true,
                      "Relation Name": "movie_companies",
                      "Alias": "mc",
                      "Startup Cost": 358.38,
                      "Total Cost": 19437.64,
                      "Plan Rows": 2606,
                      "Plan Width": 4,
                      "Actual Startup Time": 0.559,
                      "Actual Total Time": 2.016,
                      "Actual Rows": 2020,
                      "Actual Loops": 4,
                      "Recheck Cond": "(company_id = 166)",
                      "Rows Removed by Index Recheck": 0,
                      "Filter": "(company_type_id < 2)",
                      "Rows Removed by Filter": 2035,
                      "Exact Heap Blocks": 265,
                      "Lossy Heap Blocks": 0,
                      "Plans": [
                        {
                          "Node Type": "Bitmap Index Scan",
                          "Parent Relationship": "Outer",
                          "Parallel Aware": false,
                          "Index Name": "company_id_movie_companies",
                          "Startup Cost": 0.0,
                          "Total Cost": 356.36,
                          "Plan Rows": 16524,
                          "Plan Width": 0,
                          "Actual Startup Time": 1.992,
                          "Actual Total Time": 1.992,
                          "Actual Rows": 16220,
                          "Actual Loops": 1,
                          "Index Cond": "(company_id = 166)"
                        }
                      ]
                    },
                    {
                      "Node Type": "Index Scan",
                      "Parent Relationship": "Inner",
                      "Parallel Aware": false,
                      "Scan Direction": "Forward",
                      "Index Name": "title_pkey",
                      "Relation Name": "title",
                      "Alias": "t",
                      "Startup Cost": 0.43,
                      "Total Cost": 6.81,
                      "Plan Rows": 1,
                      "Plan Width": 4,
                      "Actual Startup Time": 0.006,
                      "Actual Total Time": 0.006,
                      "Actual Rows": 0,
                      "Actual Loops": 8081,
                      "Index Cond": "(id = mc.movie_id)",
                      "Rows Removed by Index Recheck": 0,
                      "Filter": "((kind_id < 7) AND (production_year < 1991))",
                      "Rows Removed by Filter": 1
                    }
                  ]
                }
              ]
            }
          ]
        }
      ]
    },
    "Planning Time": 0.31,
    "Triggers": [],
    "Execution Time": 23.113
  }
]