{
  "Plan": {
    "Node Type": "Aggregate",
    "Strategy": "Plain",
    "Partial Mode": "Finalize",
    "Parallel Aware": false,
    "Startup Cost": 77600.83,
    "Total Cost": 77600.84,
    "Plan Rows": 1,
    "Plan Width": 8,
    "Actual Startup Time": 254.082,
    "Actual Total Time": 264.674,
    "Actual Rows": 1,
    "Actual Loops": 1,
    "Plans": [
      {
        "Node Type": "Gather",
        "Parent Relationship": "Outer",
        "Parallel Aware": false,
        "Startup Cost": 77600.72,
        "Total Cost": 77600.83,
        "Plan Rows": 1,
        "Plan Width": 8,
        "Actual Startup Time": 253.908,
        "Actual Total Time": 264.665,
        "Actual Rows": 2,
        "Actual Loops": 1,
        "Workers Planned": 1,
        "Workers Launched": 1,
        "Single Copy": false,
        "Plans": [
          {
            "Node Type": "Aggregate",
            "Strategy": "Plain",
            "Partial Mode": "Partial",
            "Parent Relationship": "Outer",
            "Parallel Aware": false,
            "Startup Cost": 76600.72,
            "Total Cost": 76600.73,
            "Plan Rows": 1,
            "Plan Width": 8,
            "Actual Startup Time": 248.407,
            "Actual Total Time": 248.41,
            "Actual Rows": 1,
            "Actual Loops": 2,
            "Plans": [
              {
                "Node Type": "Hash Join",
                "Parent Relationship": "Outer",
                "Parallel Aware": true,
                "Join Type": "Inner",
                "Startup Cost": 58406.06,
                "Total Cost": 76589.84,
                "Plan Rows": 4349,
                "Plan Width": 0,
                "Actual Startup Time": 148.778,
                "Actual Total Time": 248.239,
                "Actual Rows": 3452,
                "Actual Loops": 2,
                "Inner Unique": true,
                "Hash Cond": "(mi_idx.movie_id = t.id)",
                "Plans": [
                  {
                    "Node Type": "Seq Scan",
                    "Parent Relationship": "Outer",
                    "Parallel Aware": true,
                    "Relation Name": "movie_info_idx",
                    "Alias": "mi_idx",
                    "Startup Cost": 0.0,
                    "Total Cost": 16052.85,
                    "Plan Rows": 811785,
                    "Plan Width": 4,
                    "Actual Startup Time": 0.022,
                    "Actual Total Time": 49.279,
                    "Actual Rows": 690018,
                    "Actual Loops": 2
                  },
                  {
                    "Node Type": "Hash",
                    "Parent Relationship": "Inner",
                    "Parallel Aware": true,
                    "Startup Cost": 58306.47,
                    "Total Cost": 58306.47,
                    "Plan Rows": 7967,
                    "Plan Width": 4,
                    "Actual Startup Time": 147.607,
                    "Actual Total Time": 147.607,
                    "Actual Rows": 6362,
                    "Actual Loops": 2,
                    "Hash Buckets": 16384,
                    "Original Hash Buckets": 16384,
                    "Hash Batches": 1,
                    "Original Hash Batches": 1,
                    "Peak Memory Usage": 672,
                    "Plans": [
                      {
                        "Node Type": "Seq Scan",
                        "Parent Relationship": "Outer",
                        "Parallel Aware": true,
                        "Relation Name": "title",
                        "Alias": "t",
                        "Startup Cost": 0.0,
                        "Total Cost": 58306.47,
                        "Plan Rows": 7967,
                        "Plan Width": 4,
                        "Actual Startup Time": 0.154,
                        "Actual Total Time": 144.751,
                        "Actual Rows": 6362,
                        "Actual Loops": 2,
                        "Filter": "((kind_id > 2) AND (production_year = 1985))",
                        "Rows Removed by Filter": 1257794
                      }
                    ]
                  }
                ]
              }
            ]
          }
        ]
      }
    ]
  },
  "Planning Time": 0.436,
  "Triggers": [],
  "Execution Time": 264.746
}