[
  {
    "Plan": {
      "Node Type": "Aggregate",
      "Strategy": "Plain",
      "Partial Mode": "Finalize",
      "Parallel Aware": false,
      "Startup Cost": 45167.62,
      "Total Cost": 45167.63,
      "Plan Rows": 1,
      "Plan Width": 8,
      "Actual Startup Time": 165.519,
      "Actual Total Time": 179.697,
      "Actual Rows": 1,
      "Actual Loops": 1,
      "Plans": [
        {
          "Node Type": "Gather",
          "Parent Relationship": "Outer",
          "Parallel Aware": false,
          "Startup Cost": 45167.3,
          "Total Cost": 45167.61,
          "Plan Rows": 3,
          "Plan Width": 8,
          "Actual Startup Time": 165.253,
          "Actual Total Time": 179.687,
          "Actual Rows": 4,
          "Actual Loops": 1,
          "Workers Planned": 3,
          "Workers Launched": 3,
          "Single Copy": false,
          "Plans": [
            {
              "Node Type": "Aggregate",
              "Strategy": "Plain",
              "Partial Mode": "Partial",
              "Parent Relationship": "Outer",
              "Parallel Aware": false,
              "Startup Cost": 44167.3,
              "Total Cost": 44167.31,
              "Plan Rows": 1,
              "Plan Width": 8,
              "Actual Startup Time": 159.837,
              "Actual Total Time": 159.839,
              "Actual Rows": 1,
              "Actual Loops": 4,
              "Plans": [
                {
                  "Node Type": "Seq Scan",
                  "Parent Relationship": "Outer",
                  "Parallel Aware": true,
                  "Relation Name": "movie_keyword",
                  "Alias": "mk",
                  "Startup Cost": 0.0,
                  "Total Cost": 42695.65,
                  "Plan Rows": 588658,
                  "Plan Width": 0,
                  "Actual Startup Time": 0.585,
                  "Actual Total Time": 132.621,
                  "Actual Rows": 452392,
                  "Actual Loops": 4,
                  "Filter": "(keyword_id > 7670)",
                  "Rows Removed by Filter": 678591
                }
              ]
            }
          ]
        }
      ]
    },
    "Planning Time": 0.155,
    "Triggers": [],
    "Execution Time": 179.748
  }
]