[
  {
    "Plan": {
      "Node Type": "Aggregate",
      "Strategy": "Plain",
      "Partial Mode": "Finalize",
      "Parallel Aware": false,
      "Startup Cost": 275733.71,
      "Total Cost": 275733.72,
      "Plan Rows": 1,
      "Plan Width": 8,
      "Actual Startup Time": 68.415,
      "Actual Total Time": 72.423,
      "Actual Rows": 1,
      "Actual Loops": 1,
      "Plans": [
        {
          "Node Type": "Gather",
          "Parent Relationship": "Outer",
          "Parallel Aware": false,
          "Startup Cost": 275733.19,
          "Total Cost": 275733.7,
          "Plan Rows": 5,
          "Plan Width": 8,
          "Actual Startup Time": 68.175,
          "Actual Total Time": 72.415,
          "Actual Rows": 6,
          "Actual Loops": 1,
          "Workers Planned": 5,
          "Workers Launched": 5,
          "Single Copy": false,
          "Plans": [
            {
              "Node Type": "Aggregate",
              "Strategy": "Plain",
              "Partial Mode": "Partial",
              "Parent Relationship": "Outer",
              "Parallel Aware": false,
              "Startup Cost": 274733.19,
              "Total Cost": 274733.2,
              "Plan Rows": 1,
              "Plan Width": 8,
              "Actual Startup Time": 59.734,
              "Actual Total Time": 59.735,
              "Actual Rows": 1,
              "Actual Loops": 6,
              "Plans": [
                {
                  "Node Type": "Bitmap Heap Scan",
                  "Parent Relationship": "Outer",
                  "Parallel Aware": true,
                  "Relation Name": "cast_info",
                  "Alias": "ci",
                  "Startup Cost": 7635.45,
                  "Total Cost": 274672.17,
                  "Plan Rows": 24408,
                  "Plan Width": 0,
                  "Actual Startup Time": 26.371,
                  "Actual Total Time": 54.98,
                  "Actual Rows": 45874,
                  "Actual Loops": 6,
                  "Recheck Cond": "(person_id < 42518)",
                  "Rows Removed by Index Recheck": 0,
                  "Filter": "(role_id < 2)",
                  "Rows Removed by Filter": 16162,
                  "Exact Heap Blocks": 1873,
                  "Lossy Heap Blocks": 0,
                  "Plans": [
                    {
                      "Node Type": "Bitmap Index Scan",
                      "Parent Relationship": "Outer",
                      "Parallel Aware": false,
                      "Index Name": "person_id_cast_info",
                      "Startup Cost": 0.0,
                      "Total Cost": 7604.94,
                      "Plan Rows": 348317,
                      "Plan Width": 0,
                      "Actual Startup Time": 32.791,
                      "Actual Total Time": 32.791,
                      "Actual Rows": 372218,
                      "Actual Loops": 1,
                      "Index Cond": "(person_id < 42518)"
                    }
                  ]
                }
              ]
            }
          ]
        }
      ]
    },
    "Planning Time": 0.248,
    "Triggers": [],
    "Execution Time": 72.554
  }
]