[
    {
        "Bao": {
            "Bao prediction": "NaN",
            "Bao recommended hint": "(no hint)"
        }
    },
    {
        "Plan": {
            "Node Type": "Aggregate",
            "Strategy": "Plain",
            "Partial Mode": "Finalize",
            "Parallel Aware": false,
            "Startup Cost": 32997.05,
            "Total Cost": 32997.06,
            "Plan Rows": 1,
            "Plan Width": 8,
            "Actual Startup Time": 91.241,
            "Actual Total Time": 96.54,
            "Actual Rows": 1,
            "Actual Loops": 1,
            "Output": [
                "count(*)"
            ],
            "Plans": [
                {
                    "Node Type": "Gather",
                    "Parent Relationship": "Outer",
                    "Parallel Aware": false,
                    "Startup Cost": 32996.73,
                    "Total Cost": 32997.04,
                    "Plan Rows": 3,
                    "Plan Width": 8,
                    "Actual Startup Time": 91.168,
                    "Actual Total Time": 96.532,
                    "Actual Rows": 4,
                    "Actual Loops": 1,
                    "Output": [
                        "(PARTIAL count(*))"
                    ],
                    "Workers Planned": 3,
                    "Workers Launched": 3,
                    "Single Copy": false,
                    "Plans": [
                        {
                            "Node Type": "Aggregate",
                            "Strategy": "Plain",
                            "Partial Mode": "Partial",
                            "Parent Relationship": "Outer",
                            "Parallel Aware": false,
                            "Startup Cost": 31996.73,
                            "Total Cost": 31996.74,
                            "Plan Rows": 1,
                            "Plan Width": 8,
                            "Actual Startup Time": 83.145,
                            "Actual Total Time": 83.146,
                            "Actual Rows": 1,
                            "Actual Loops": 4,
                            "Output": [
                                "PARTIAL count(*)"
                            ],
                            "Workers": [
                                {
                                    "Worker Number": 0,
                                    "Actual Startup Time": 80.262,
                                    "Actual Total Time": 80.263,
                                    "Actual Rows": 1,
                                    "Actual Loops": 1
                                },
                                {
                                    "Worker Number": 1,
                                    "Actual Startup Time": 80.591,
                                    "Actual Total Time": 80.592,
                                    "Actual Rows": 1,
                                    "Actual Loops": 1
                                },
                                {
                                    "Worker Number": 2,
                                    "Actual Startup Time": 81.027,
                                    "Actual Total Time": 81.028,
                                    "Actual Rows": 1,
                                    "Actual Loops": 1
                                }
                            ],
                            "Plans": [
                                {
                                    "Node Type": "Seq Scan",
                                    "Parent Relationship": "Outer",
                                    "Parallel Aware": true,
                                    "Relation Name": "movie_companies",
                                    "Schema": "public",
                                    "Alias": "mc",
                                    "Startup Cost": 0.0,
                                    "Total Cost": 31414.82,
                                    "Plan Rows": 232765,
                                    "Plan Width": 0,
                                    "Actual Startup Time": 46.78,
                                    "Actual Total Time": 77.97,
                                    "Actual Rows": 112976,
                                    "Actual Loops": 4,
                                    "Output": [
                                        "id",
                                        "movie_id",
                                        "company_id",
                                        "company_type_id",
                                        "note"
                                    ],
                                    "Filter": "((mc.company_id < 12319) AND (mc.company_type_id > 1))",
                                    "Rows Removed by Filter": 539306,
                                    "Workers": [
                                        {
                                            "Worker Number": 0,
                                            "Actual Startup Time": 43.902,
                                            "Actual Total Time": 75.457,
                                            "Actual Rows": 115710,
                                            "Actual Loops": 1
                                        },
                                        {
                                            "Worker Number": 1,
                                            "Actual Startup Time": 44.236,
                                            "Actual Total Time": 75.534,
                                            "Actual Rows": 120684,
                                            "Actual Loops": 1
                                        },
                                        {
                                            "Worker Number": 2,
                                            "Actual Startup Time": 44.647,
                                            "Actual Total Time": 75.978,
                                            "Actual Rows": 74667,
                                            "Actual Loops": 1
                                        }
                                    ]
                                }
                            ]
                        }
                    ]
                }
            ]
        },
        "Planning Time": 228.64,
        "Triggers": [],
        "Execution Time": 96.629
    }
]