[
  {
    "Plan": {
      "Node Type": "Aggregate",
      "Strategy": "Plain",
      "Partial Mode": "Finalize",
      "Parallel Aware": false,
      "Startup Cost": 46481.3,
      "Total Cost": 46481.31,
      "Plan Rows": 1,
      "Plan Width": 8,
      "Actual Startup Time": 105.266,
      "Actual Total Time": 121.009,
      "Actual Rows": 1,
      "Actual Loops": 1,
      "Plans": [
        {
          "Node Type": "Gather",
          "Parent Relationship": "Outer",
          "Parallel Aware": false,
          "Startup Cost": 46480.88,
          "Total Cost": 46481.29,
          "Plan Rows": 4,
          "Plan Width": 8,
          "Actual Startup Time": 104.985,
          "Actual Total Time": 120.995,
          "Actual Rows": 5,
          "Actual Loops": 1,
          "Workers Planned": 4,
          "Workers Launched": 4,
          "Single Copy": false,
          "Plans": [
            {
              "Node Type": "Aggregate",
              "Strategy": "Plain",
              "Partial Mode": "Partial",
              "Parent Relationship": "Outer",
              "Parallel Aware": false,
              "Startup Cost": 45480.88,
              "Total Cost": 45480.89,
              "Plan Rows": 1,
              "Plan Width": 8,
              "Actual Startup Time": 95.064,
              "Actual Total Time": 95.066,
              "Actual Rows": 1,
              "Actual Loops": 5,
              "Plans": [
                {
                  "Node Type": "Seq Scan",
                  "Parent Relationship": "Outer",
                  "Parallel Aware": true,
                  "Relation Name": "title",
                  "Alias": "t",
                  "Startup Cost": 0.0,
                  "Total Cost": 45479.59,
                  "Plan Rows": 517,
                  "Plan Width": 0,
                  "Actual Startup Time": 66.422,
                  "Actual Total Time": 94.979,
                  "Actual Rows": 610,
                  "Actual Loops": 5,
                  "Filter": "((kind_id < 2) AND (production_year = 1957))",
                  "Rows Removed by Filter": 505052
                }
              ]
            }
          ]
        }
      ]
    },
    "Planning Time": 0.197,
    "Triggers": [],
    "Execution Time": 121.077
  }
]