[
  {
    "Plan": {
      "Node Type": "Aggregate",
      "Strategy": "Plain",
      "Partial Mode": "Finalize",
      "Parallel Aware": false,
      "Startup Cost": 310094.88,
      "Total Cost": 310094.89,
      "Plan Rows": 1,
      "Plan Width": 8,
      "Actual Startup Time": 455.36,
      "Actual Total Time": 511.566,
      "Actual Rows": 1,
      "Actual Loops": 1,
      "Plans": [
        {
          "Node Type": "Gather",
          "Parent Relationship": "Outer",
          "Parallel Aware": false,
          "Startup Cost": 310094.46,
          "Total Cost": 310094.87,
          "Plan Rows": 4,
          "Plan Width": 8,
          "Actual Startup Time": 455.017,
          "Actual Total Time": 511.551,
          "Actual Rows": 5,
          "Actual Loops": 1,
          "Workers Planned": 4,
          "Workers Launched": 4,
          "Single Copy": false,
          "Plans": [
            {
              "Node Type": "Aggregate",
              "Strategy": "Plain",
              "Partial Mode": "Partial",
              "Parent Relationship": "Outer",
              "Parallel Aware": false,
              "Startup Cost": 309094.46,
              "Total Cost": 309094.47,
              "Plan Rows": 1,
              "Plan Width": 8,
              "Actual Startup Time": 443.706,
              "Actual Total Time": 443.708,
              "Actual Rows": 1,
              "Actual Loops": 5,
              "Plans": [
                {
                  "Node Type": "Nested Loop",
                  "Parent Relationship": "Outer",
                  "Parallel Aware": false,
                  "Join Type": "Inner",
                  "Startup Cost": 0.56,
                  "Total Cost": 309077.56,
                  "Plan Rows": 6758,
                  "Plan Width": 0,
                  "Actual Startup Time": 1.625,
                  "Actual Total Time": 442.383,
                  "Actual Rows": 7729,
                  "Actual Loops": 5,
                  "Inner Unique": false,
                  "Plans": [
                    {
                      "Node Type": "Seq Scan",
                      "Parent Relationship": "Outer",
                      "Parallel Aware": true,
                      "Relation Name": "title",
                      "Alias": "t",
                      "Startup Cost": 0.0,
                      "Total Cost": 43899.32,
                      "Plan Rows": 3456,
                      "Plan Width": 4,
                      "Actual Startup Time": 0.168,
                      "Actual Total Time": 96.976,
                      "Actual Rows": 2891,
                      "Actual Loops": 5,
                      "Filter": "(production_year = 1981)",
                      "Rows Removed by Filter": 502771
                    },
                    {
                      "Node Type": "Index Scan",
                      "Parent Relationship": "Inner",
                      "Parallel Aware": false,
                      "Scan Direction": "Forward",
                      "Index Name": "movie_id_cast_info",
                      "Relation Name": "cast_info",
                      "Alias": "ci",
                      "Startup Cost": 0.56,
                      "Total Cost": 76.68,
                      "Plan Rows": 5,
                      "Plan Width": 4,
                      "Actual Startup Time": 0.1,
                      "Actual Total Time": 0.118,
                      "Actual Rows": 3,
                      "Actual Loops": 14456,
                      "Index Cond": "(movie_id = t.id)",
                      "Rows Removed by Index Recheck": 0,
                      "Filter": "((person_id > 2917900) AND (role_id > 1))",
                      "Rows Removed by Filter": 12
                    }
                  ]
                }
              ]
            }
          ]
        }
      ]
    },
    "Planning Time": 0.724,
    "Triggers": [],
    "Execution Time": 511.674
  }
]