[
  {
    "Plan": {
      "Node Type": "Aggregate",
      "Strategy": "Plain",
      "Partial Mode": "Finalize",
      "Parallel Aware": false,
      "Startup Cost": 283699.9,
      "Total Cost": 283699.91,
      "Plan Rows": 1,
      "Plan Width": 8,
      "Actual Startup Time": 847.632,
      "Actual Total Time": 934.287,
      "Actual Rows": 1,
      "Actual Loops": 1,
      "Plans": [
        {
          "Node Type": "Gather",
          "Parent Relationship": "Outer",
          "Parallel Aware": false,
          "Startup Cost": 283699.38,
          "Total Cost": 283699.89,
          "Plan Rows": 5,
          "Plan Width": 8,
          "Actual Startup Time": 845.924,
          "Actual Total Time": 934.275,
          "Actual Rows": 6,
          "Actual Loops": 1,
          "Workers Planned": 5,
          "Workers Launched": 5,
          "Single Copy": false,
          "Plans": [
            {
              "Node Type": "Aggregate",
              "Strategy": "Plain",
              "Partial Mode": "Partial",
              "Parent Relationship": "Outer",
              "Parallel Aware": false,
              "Startup Cost": 282699.38,
              "Total Cost": 282699.39,
              "Plan Rows": 1,
              "Plan Width": 8,
              "Actual Startup Time": 838.657,
              "Actual Total Time": 838.662,
              "Actual Rows": 1,
              "Actual Loops": 6,
              "Plans": [
                {
                  "Node Type": "Nested Loop",
                  "Parent Relationship": "Outer",
                  "Parallel Aware": false,
                  "Join Type": "Inner",
                  "Startup Cost": 59700.2,
                  "Total Cost": 282564.84,
                  "Plan Rows": 53815,
                  "Plan Width": 0,
                  "Actual Startup Time": 136.762,
                  "Actual Total Time": 834.15,
                  "Actual Rows": 45169,
                  "Actual Loops": 6,
                  "Inner Unique": false,
                  "Join Filter": "(t.id = ci.movie_id)",
                  "Rows Removed by Join Filter": 0,
                  "Plans": [
                    {
                      "Node Type": "Hash Join",
                      "Parent Relationship": "Outer",
                      "Parallel Aware": true,
                      "Join Type": "Inner",
                      "Startup Cost": 59699.63,
                      "Total Cost": 224191.11,
                      "Plan Rows": 18206,
                      "Plan Width": 8,
                      "Actual Startup Time": 136.21,
                      "Actual Total Time": 207.003,
                      "Actual Rows": 20401,
                      "Actual Loops": 6,
                      "Inner Unique": true,
                      "Hash Cond": "(mi.movie_id = t.id)",
                      "Plans": [
                        {
                          "Node Type": "Bitmap Heap Scan",
                          "Parent Relationship": "Outer",
                          "Parallel Aware": true,
                          "Relation Name": "movie_info",
                          "Alias": "mi",
                          "Startup Cost": 14929.49,
                          "Total Cost": 178987.34,
                          "Plan Rows": 165188,
                          "Plan Width": 4,
                          "Actual Startup Time": 26.02,
                          "Actual Total Time": 43.892,
                          "Actual Rows": 133690,
                          "Actual Loops": 6,
                          "Recheck Cond": "(info_type_id < 2)",
                          "Rows Removed by Index Recheck": 0,
                          "Exact Heap Blocks": 1438,
                          "Lossy Heap Blocks": 0,
                          "Plans": [
                            {
                              "Node Type": "Bitmap Index Scan",
                              "Parent Relationship": "Outer",
                              "Parallel Aware": false,
                              "Index Name": "info_type_id_movie_info",
                              "Startup Cost": 0.0,
                              "Total Cost": 14723.0,
                              "Plan Rows": 825942,
                              "Plan Width": 0,
                              "Actual Startup Time": 25.205,
                              "Actual Total Time": 25.206,
                              "Actual Rows": 802140,
                              "Actual Loops": 1,
                              "Index Cond": "(info_type_id < 2)"
                            }
                          ]
                        },
                        {
                          "Node Type": "Hash",
                          "Parent Relationship": "Inner",
                          "Parallel Aware": true,
                          "Startup Cost": 43899.32,
                          "Total Cost": 43899.32,
                          "Plan Rows": 69666,
                          "Plan Width": 4,
                          "Actual Startup Time": 108.387,
                          "Actual Total Time": 108.388,
                          "Actual Rows": 49412,
                          "Actual Loops": 6,
                          "Hash Buckets": 524288,
                          "Original Hash Buckets": 524288,
                          "Hash Batches": 1,
                          "Original Hash Batches": 1,
                          "Peak Memory Usage": 15808,
                          "Plans": [
                            {
                              "Node Type": "Seq Scan",
                              "Parent Relationship": "Outer",
                              "Parallel Aware": true,
                              "Relation Name": "title",
                              "Alias": "t",
                              "Startup Cost": 0.0,
                              "Total Cost": 43899.32,
                              "Plan Rows": 69666,
                              "Plan Width": 4,
                              "Actual Startup Time": 0.043,
                              "Actual Total Time": 84.573,
                              "Actual Rows": 49412,
                              "Actual Loops": 6,
                              "Filter": "(production_year < 1965)",
                              "Rows Removed by Filter": 371974
                            }
                          ]
                        }
                      ]
                    },
                    {
                      "Node Type": "Index Scan",
                      "Parent Relationship": "Inner",
                      "Parallel Aware": false,
                      "Scan Direction": "Forward",
                      "Index Name": "movie_id_cast_info",
                      "Relation Name": "cast_info",
                      "Alias": "ci",
                      "Startup Cost": 0.56,
                      "Total Cost": 3.12,
                      "Plan Rows": 7,
                      "Plan Width": 4,
                      "Actual Startup Time": 0.028,
                      "Actual Total Time": 0.03,
                      "Actual Rows": 2,
                      "Actual Loops": 122405,
                      "Index Cond": "(movie_id = mi.movie_id)",
                      "Rows Removed by Index Recheck": 0,
                      "Filter": "(role_id > 7)",
                      "Rows Removed by Filter": 17
                    }
                  ]
                }
              ]
            }
          ]
        }
      ]
    },
    "Planning Time": 0.634,
    "Triggers": [],
    "Execution Time": 934.385
  }
]