[
  {
    "Plan": {
      "Node Type": "Aggregate",
      "Strategy": "Plain",
      "Partial Mode": "Finalize",
      "Parallel Aware": false,
      "Startup Cost": 44391.39,
      "Total Cost": 44391.4,
      "Plan Rows": 1,
      "Plan Width": 8,
      "Actual Startup Time": 118.7,
      "Actual Total Time": 126.464,
      "Actual Rows": 1,
      "Actual Loops": 1,
      "Plans": [
        {
          "Node Type": "Gather",
          "Parent Relationship": "Outer",
          "Parallel Aware": false,
          "Startup Cost": 44391.07,
          "Total Cost": 44391.38,
          "Plan Rows": 3,
          "Plan Width": 8,
          "Actual Startup Time": 118.566,
          "Actual Total Time": 126.454,
          "Actual Rows": 4,
          "Actual Loops": 1,
          "Workers Planned": 3,
          "Workers Launched": 3,
          "Single Copy": false,
          "Plans": [
            {
              "Node Type": "Aggregate",
              "Strategy": "Plain",
              "Partial Mode": "Partial",
              "Parent Relationship": "Outer",
              "Parallel Aware": false,
              "Startup Cost": 43391.07,
              "Total Cost": 43391.08,
              "Plan Rows": 1,
              "Plan Width": 8,
              "Actual Startup Time": 112.214,
              "Actual Total Time": 112.215,
              "Actual Rows": 1,
              "Actual Loops": 4,
              "Plans": [
                {
                  "Node Type": "Seq Scan",
                  "Parent Relationship": "Outer",
                  "Parallel Aware": true,
                  "Relation Name": "movie_keyword",
                  "Alias": "mk",
                  "Startup Cost": 0.0,
                  "Total Cost": 42695.65,
                  "Plan Rows": 278166,
                  "Plan Width": 0,
                  "Actual Startup Time": 0.044,
                  "Actual Total Time": 101.027,
                  "Actual Rows": 217254,
                  "Actual Loops": 4,
                  "Filter": "(keyword_id < 826)",
                  "Rows Removed by Filter": 913728
                }
              ]
            }
          ]
        }
      ]
    },
    "Planning Time": 0.183,
    "Triggers": [],
    "Execution Time": 126.528
  }
]