[
  {
    "Plan": {
      "Node Type": "Aggregate",
      "Strategy": "Plain",
      "Partial Mode": "Finalize",
      "Parallel Aware": false,
      "Startup Cost": 45464.68,
      "Total Cost": 45464.69,
      "Plan Rows": 1,
      "Plan Width": 8,
      "Actual Startup Time": 147.279,
      "Actual Total Time": 157.169,
      "Actual Rows": 1,
      "Actual Loops": 1,
      "Plans": [
        {
          "Node Type": "Gather",
          "Parent Relationship": "Outer",
          "Parallel Aware": false,
          "Startup Cost": 45464.36,
          "Total Cost": 45464.67,
          "Plan Rows": 3,
          "Plan Width": 8,
          "Actual Startup Time": 147.167,
          "Actual Total Time": 157.16,
          "Actual Rows": 4,
          "Actual Loops": 1,
          "Workers Planned": 3,
          "Workers Launched": 3,
          "Single Copy": false,
          "Plans": [
            {
              "Node Type": "Aggregate",
              "Strategy": "Plain",
              "Partial Mode": "Partial",
              "Parent Relationship": "Outer",
              "Parallel Aware": false,
              "Startup Cost": 44464.36,
              "Total Cost": 44464.37,
              "Plan Rows": 1,
              "Plan Width": 8,
              "Actual Startup Time": 140.449,
              "Actual Total Time": 140.45,
              "Actual Rows": 1,
              "Actual Loops": 4,
              "Plans": [
                {
                  "Node Type": "Seq Scan",
                  "Parent Relationship": "Outer",
                  "Parallel Aware": true,
                  "Relation Name": "movie_keyword",
                  "Alias": "mk",
                  "Startup Cost": 0.0,
                  "Total Cost": 42695.65,
                  "Plan Rows": 707482,
                  "Plan Width": 0,
                  "Actual Startup Time": 0.744,
                  "Actual Total Time": 114.752,
                  "Actual Rows": 548362,
                  "Actual Loops": 4,
                  "Filter": "(keyword_id > 5133)",
                  "Rows Removed by Filter": 582620
                }
              ]
            }
          ]
        }
      ]
    },
    "Planning Time": 0.179,
    "Triggers": [],
    "Execution Time": 157.222
  }
]