[
  {
    "Plan": {
      "Node Type": "Aggregate",
      "Strategy": "Plain",
      "Partial Mode": "Finalize",
      "Parallel Aware": false,
      "Startup Cost": 79177.83,
      "Total Cost": 79177.84,
      "Plan Rows": 1,
      "Plan Width": 8,
      "Actual Startup Time": 524.599,
      "Actual Total Time": 543.777,
      "Actual Rows": 1,
      "Actual Loops": 1,
      "Plans": [
        {
          "Node Type": "Gather",
          "Parent Relationship": "Outer",
          "Parallel Aware": false,
          "Startup Cost": 79177.51,
          "Total Cost": 79177.82,
          "Plan Rows": 3,
          "Plan Width": 8,
          "Actual Startup Time": 508.942,
          "Actual Total Time": 543.769,
          "Actual Rows": 4,
          "Actual Loops": 1,
          "Workers Planned": 3,
          "Workers Launched": 3,
          "Single Copy": false,
          "Plans": [
            {
              "Node Type": "Aggregate",
              "Strategy": "Plain",
              "Partial Mode": "Partial",
              "Parent Relationship": "Outer",
              "Parallel Aware": false,
              "Startup Cost": 78177.51,
              "Total Cost": 78177.52,
              "Plan Rows": 1,
              "Plan Width": 8,
              "Actual Startup Time": 495.222,
              "Actual Total Time": 495.226,
              "Actual Rows": 1,
              "Actual Loops": 4,
              "Plans": [
                {
                  "Node Type": "Hash Join",
                  "Parent Relationship": "Outer",
                  "Parallel Aware": true,
                  "Join Type": "Inner",
                  "Startup Cost": 57482.11,
                  "Total Cost": 77907.24,
                  "Plan Rows": 108108,
                  "Plan Width": 0,
                  "Actual Startup Time": 400.363,
                  "Actual Total Time": 490.852,
                  "Actual Rows": 82253,
                  "Actual Loops": 4,
                  "Inner Unique": true,
                  "Hash Cond": "(mc.movie_id = t.id)",
                  "Plans": [
                    {
                      "Node Type": "Bitmap Heap Scan",
                      "Parent Relationship": "Outer",
                      "Parallel Aware": true,
                      "Relation Name": "movie_companies",
                      "Alias": "mc",
                      "Startup Cost": 7261.73,
                      "Total Cost": 27403.08,
                      "Plan Rows": 108108,
                      "Plan Width": 4,
                      "Actual Startup Time": 19.404,
                      "Actual Total Time": 54.795,
                      "Actual Rows": 82253,
                      "Actual Loops": 4,
                      "Recheck Cond": "(company_id < 161)",
                      "Rows Removed by Index Recheck": 0,
                      "Exact Heap Blocks": 6003,
                      "Lossy Heap Blocks": 0,
                      "Plans": [
                        {
                          "Node Type": "Bitmap Index Scan",
                          "Parent Relationship": "Outer",
                          "Parallel Aware": false,
                          "Index Name": "company_id_movie_companies",
                          "Startup Cost": 0.0,
                          "Total Cost": 7177.94,
                          "Plan Rows": 335135,
                          "Plan Width": 0,
                          "Actual Startup Time": 16.53,
                          "Actual Total Time": 16.531,
                          "Actual Rows": 329013,
                          "Actual Loops": 1,
                          "Index Cond": "(company_id < 161)"
                        }
                      ]
                    },
                    {
                      "Node Type": "Hash",
                      "Parent Relationship": "Inner",
                      "Parallel Aware": true,
                      "Startup Cost": 42319.06,
                      "Total Cost": 42319.06,
                      "Plan Rows": 632106,
                      "Plan Width": 4,
                      "Actual Startup Time": 372.989,
                      "Actual Total Time": 372.99,
                      "Actual Rows": 632078,
                      "Actual Loops": 4,
                      "Hash Buckets": 4194304,
                      "Original Hash Buckets": 4194304,
                      "Hash Batches": 1,
                      "Original Hash Batches": 1,
                      "Peak Memory Usage": 131744,
                      "Plans": [
                        {
                          "Node Type": "Seq Scan",
                          "Parent Relationship": "Outer",
                          "Parallel Aware": true,
                          "Relation Name": "title",
                          "Alias": "t",
                          "Startup Cost": 0.0,
                          "Total Cost": 42319.06,
                          "Plan Rows": 632106,
                          "Plan Width": 4,
                          "Actual Startup Time": 0.043,
                          "Actual Total Time": 107.534,
                          "Actual Rows": 632078,
                          "Actual Loops": 4
                        }
                      ]
                    }
                  ]
                }
              ]
            }
          ]
        }
      ]
    },
    "Planning Time": 0.401,
    "Triggers": [],
    "Execution Time": 543.822
  }
]