{
  "Plan": {
    "Node Type": "Aggregate",
    "Strategy": "Plain",
    "Partial Mode": "Finalize",
    "Parallel Aware": false,
    "Startup Cost": 106661.5,
    "Total Cost": 106661.51,
    "Plan Rows": 1,
    "Plan Width": 8,
    "Actual Startup Time": 821.473,
    "Actual Total Time": 839.781,
    "Actual Rows": 1,
    "Actual Loops": 1,
    "Plans": [
      {
        "Node Type": "Gather",
        "Parent Relationship": "Outer",
        "Parallel Aware": false,
        "Startup Cost": 106661.39,
        "Total Cost": 106661.5,
        "Plan Rows": 1,
        "Plan Width": 8,
        "Actual Startup Time": 817.041,
        "Actual Total Time": 839.771,
        "Actual Rows": 2,
        "Actual Loops": 1,
        "Workers Planned": 1,
        "Workers Launched": 1,
        "Single Copy": false,
        "Plans": [
          {
            "Node Type": "Aggregate",
            "Strategy": "Plain",
            "Partial Mode": "Partial",
            "Parent Relationship": "Outer",
            "Parallel Aware": false,
            "Startup Cost": 105661.39,
            "Total Cost": 105661.4,
            "Plan Rows": 1,
            "Plan Width": 8,
            "Actual Startup Time": 811.971,
            "Actual Total Time": 812.576,
            "Actual Rows": 1,
            "Actual Loops": 2,
            "Plans": [
              {
                "Node Type": "Hash Join",
                "Parent Relationship": "Outer",
                "Parallel Aware": true,
                "Join Type": "Inner",
                "Startup Cost": 65922.79,
                "Total Cost": 104089.42,
                "Plan Rows": 628787,
                "Plan Width": 0,
                "Actual Startup Time": 378.192,
                "Actual Total Time": 802.105,
                "Actual Rows": 208074,
                "Actual Loops": 2,
                "Inner Unique": true,
                "Hash Cond": "(mc.movie_id = t.id)",
                "Plans": [
                  {
                    "Node Type": "Seq Scan",
                    "Parent Relationship": "Outer",
                    "Parallel Aware": true,
                    "Relation Name": "movie_companies",
                    "Alias": "mc",
                    "Startup Cost": 0.0,
                    "Total Cost": 34137.82,
                    "Plan Rows": 1534782,
                    "Plan Width": 4,
                    "Actual Startup Time": 0.015,
                    "Actual Total Time": 120.109,
                    "Actual Rows": 1304564,
                    "Actual Loops": 2
                  },
                  {
                    "Node Type": "Hash",
                    "Parent Relationship": "Inner",
                    "Parallel Aware": true,
                    "Startup Cost": 58306.47,
                    "Total Cost": 58306.47,
                    "Plan Rows": 609306,
                    "Plan Width": 4,
                    "Actual Startup Time": 369.047,
                    "Actual Total Time": 369.048,
                    "Actual Rows": 567114,
                    "Actual Loops": 2,
                    "Hash Buckets": 2097152,
                    "Original Hash Buckets": 1048576,
                    "Hash Batches": 1,
                    "Original Hash Batches": 1,
                    "Peak Memory Usage": 68992,
                    "Plans": [
                      {
                        "Node Type": "Seq Scan",
                        "Parent Relationship": "Outer",
                        "Parallel Aware": true,
                        "Relation Name": "title",
                        "Alias": "t",
                        "Startup Cost": 0.0,
                        "Total Cost": 58306.47,
                        "Plan Rows": 609306,
                        "Plan Width": 4,
                        "Actual Startup Time": 0.037,
                        "Actual Total Time": 191.776,
                        "Actual Rows": 567114,
                        "Actual Loops": 2,
                        "Filter": "((production_year > 1992) AND (kind_id = 7))",
                        "Rows Removed by Filter": 697042
                      }
                    ]
                  }
                ]
              }
            ]
          }
        ]
      }
    ]
  },
  "Planning Time": 0.737,
  "Triggers": [],
  "Execution Time": 839.853
}