[
  {
    "Plan": {
      "Node Type": "Aggregate",
      "Strategy": "Plain",
      "Partial Mode": "Simple",
      "Parallel Aware": false,
      "Startup Cost": 1059.67,
      "Total Cost": 1059.68,
      "Plan Rows": 1,
      "Plan Width": 8,
      "Actual Startup Time": 0.96,
      "Actual Total Time": 0.961,
      "Actual Rows": 1,
      "Actual Loops": 1,
      "Plans": [
        {
          "Node Type": "Index Only Scan",
          "Parent Relationship": "Outer",
          "Parallel Aware": false,
          "Scan Direction": "Forward",
          "Index Name": "person_id_cast_info",
          "Relation Name": "cast_info",
          "Alias": "ci",
          "Startup Cost": 0.56,
          "Total Cost": 1058.43,
          "Plan Rows": 497,
          "Plan Width": 0,
          "Actual Startup Time": 0.726,
          "Actual Total Time": 0.898,
          "Actual Rows": 307,
          "Actual Loops": 1,
          "Index Cond": "(person_id = 2025836)",
          "Rows Removed by Index Recheck": 0,
          "Heap Fetches": 307
        }
      ]
    },
    "Planning Time": 0.179,
    "Triggers": [],
    "Execution Time": 1.011
  }
]