{
  "Plan": {
    "Node Type": "Aggregate",
    "Strategy": "Plain",
    "Partial Mode": "Finalize",
    "Parallel Aware": false,
    "Startup Cost": 583828.07,
    "Total Cost": 583828.08,
    "Plan Rows": 1,
    "Plan Width": 8,
    "Actual Startup Time": 3150.202,
    "Actual Total Time": 3188.687,
    "Actual Rows": 1,
    "Actual Loops": 1,
    "Plans": [
      {
        "Node Type": "Gather",
        "Parent Relationship": "Outer",
        "Parallel Aware": false,
        "Startup Cost": 583827.96,
        "Total Cost": 583828.07,
        "Plan Rows": 1,
        "Plan Width": 8,
        "Actual Startup Time": 3145.197,
        "Actual Total Time": 3188.677,
        "Actual Rows": 2,
        "Actual Loops": 1,
        "Workers Planned": 1,
        "Workers Launched": 1,
        "Single Copy": false,
        "Plans": [
          {
            "Node Type": "Aggregate",
            "Strategy": "Plain",
            "Partial Mode": "Partial",
            "Parent Relationship": "Outer",
            "Parallel Aware": false,
            "Startup Cost": 582827.96,
            "Total Cost": 582827.97,
            "Plan Rows": 1,
            "Plan Width": 8,
            "Actual Startup Time": 3137.186,
            "Actual Total Time": 3137.19,
            "Actual Rows": 1,
            "Actual Loops": 2,
            "Plans": [
              {
                "Node Type": "Hash Join",
                "Parent Relationship": "Outer",
                "Parallel Aware": true,
                "Join Type": "Inner",
                "Startup Cost": 245258.7,
                "Total Cost": 577417.6,
                "Plan Rows": 2164144,
                "Plan Width": 0,
                "Actual Startup Time": 845.653,
                "Actual Total Time": 2982.614,
                "Actual Rows": 3153032,
                "Actual Loops": 2,
                "Inner Unique": true,
                "Hash Cond": "(ci.movie_id = t.id)",
                "Plans": [
                  {
                    "Node Type": "Bitmap Heap Scan",
                    "Parent Relationship": "Outer",
                    "Parallel Aware": true,
                    "Relation Name": "cast_info",
                    "Alias": "ci",
                    "Startup Cost": 177759.21,
                    "Total Cost": 501738.34,
                    "Plan Rows": 3116099,
                    "Plan Width": 4,
                    "Actual Startup Time": 431.647,
                    "Actual Total Time": 1073.492,
                    "Actual Rows": 4000068,
                    "Actual Loops": 2,
                    "Recheck Cond": "(person_id > 2879848)",
                    "Rows Removed by Index Recheck": 0,
                    "Filter": "(role_id > 1)",
                    "Rows Removed by Filter": 0,
                    "Exact Heap Blocks": 42373,
                    "Lossy Heap Blocks": 0,
                    "Plans": [
                      {
                        "Node Type": "Bitmap Index Scan",
                        "Parent Relationship": "Outer",
                        "Parallel Aware": false,
                        "Index Name": "person_id_cast_info",
                        "Startup Cost": 0.0,
                        "Total Cost": 176434.87,
                        "Plan Rows": 8079774,
                        "Plan Width": 0,
                        "Actual Startup Time": 415.2,
                        "Actual Total Time": 415.2,
                        "Actual Rows": 8000135,
                        "Actual Loops": 1,
                        "Index Cond": "(person_id > 2879848)"
                      }
                    ]
                  },
                  {
                    "Node Type": "Hash",
                    "Parent Relationship": "Inner",
                    "Parallel Aware": true,
                    "Startup Cost": 54588.39,
                    "Total Cost": 54588.39,
                    "Plan Rows": 1032888,
                    "Plan Width": 4,
                    "Actual Startup Time": 399.045,
                    "Actual Total Time": 399.046,
                    "Actual Rows": 874516,
                    "Actual Loops": 2,
                    "Hash Buckets": 2097152,
                    "Original Hash Buckets": 2097152,
                    "Hash Batches": 1,
                    "Original Hash Batches": 1,
                    "Peak Memory Usage": 84864,
                    "Plans": [
                      {
                        "Node Type": "Seq Scan",
                        "Parent Relationship": "Outer",
                        "Parallel Aware": true,
                        "Relation Name": "title",
                        "Alias": "t",
                        "Startup Cost": 0.0,
                        "Total Cost": 54588.39,
                        "Plan Rows": 1032888,
                        "Plan Width": 4,
                        "Actual Startup Time": 0.035,
                        "Actual Total Time": 176.965,
                        "Actual Rows": 874516,
                        "Actual Loops": 2,
                        "Filter": "(production_year > 1990)",
                        "Rows Removed by Filter": 389640
                      }
                    ]
                  }
                ]
              }
            ]
          }
        ]
      }
    ]
  },
  "Planning Time": 0.634,
  "Triggers": [],
  "Execution Time": 3188.781
}