[
  {
    "Plan": {
      "Node Type": "Aggregate",
      "Strategy": "Plain",
      "Partial Mode": "Finalize",
      "Parallel Aware": false,
      "Startup Cost": 33226.54,
      "Total Cost": 33226.55,
      "Plan Rows": 1,
      "Plan Width": 8,
      "Actual Startup Time": 96.936,
      "Actual Total Time": 105.074,
      "Actual Rows": 1,
      "Actual Loops": 1,
      "Plans": [
        {
          "Node Type": "Gather",
          "Parent Relationship": "Outer",
          "Parallel Aware": false,
          "Startup Cost": 33226.22,
          "Total Cost": 33226.53,
          "Plan Rows": 3,
          "Plan Width": 8,
          "Actual Startup Time": 96.684,
          "Actual Total Time": 105.064,
          "Actual Rows": 4,
          "Actual Loops": 1,
          "Workers Planned": 3,
          "Workers Launched": 3,
          "Single Copy": false,
          "Plans": [
            {
              "Node Type": "Aggregate",
              "Strategy": "Plain",
              "Partial Mode": "Partial",
              "Parent Relationship": "Outer",
              "Parallel Aware": false,
              "Startup Cost": 32226.22,
              "Total Cost": 32226.23,
              "Plan Rows": 1,
              "Plan Width": 8,
              "Actual Startup Time": 89.98,
              "Actual Total Time": 89.981,
              "Actual Rows": 1,
              "Actual Loops": 4,
              "Plans": [
                {
                  "Node Type": "Seq Scan",
                  "Parent Relationship": "Outer",
                  "Parallel Aware": true,
                  "Relation Name": "movie_companies",
                  "Alias": "mc",
                  "Startup Cost": 0.0,
                  "Total Cost": 31414.82,
                  "Plan Rows": 324560,
                  "Plan Width": 0,
                  "Actual Startup Time": 46.16,
                  "Actual Total Time": 81.772,
                  "Actual Rows": 178645,
                  "Actual Loops": 4,
                  "Filter": "((company_id < 58316) AND (company_type_id = 2))",
                  "Rows Removed by Filter": 473638
                }
              ]
            }
          ]
        }
      ]
    },
    "Planning Time": 0.232,
    "Triggers": [],
    "Execution Time": 105.131
  }
]