[
  {
    "Plan": {
      "Node Type": "Aggregate",
      "Strategy": "Plain",
      "Partial Mode": "Finalize",
      "Parallel Aware": false,
      "Startup Cost": 379816.61,
      "Total Cost": 379816.62,
      "Plan Rows": 1,
      "Plan Width": 8,
      "Actual Startup Time": 1019.066,
      "Actual Total Time": 1073.639,
      "Actual Rows": 1,
      "Actual Loops": 1,
      "Plans": [
        {
          "Node Type": "Gather",
          "Parent Relationship": "Outer",
          "Parallel Aware": false,
          "Startup Cost": 379815.98,
          "Total Cost": 379816.59,
          "Plan Rows": 6,
          "Plan Width": 8,
          "Actual Startup Time": 1015.527,
          "Actual Total Time": 1073.615,
          "Actual Rows": 7,
          "Actual Loops": 1,
          "Workers Planned": 6,
          "Workers Launched": 6,
          "Single Copy": false,
          "Plans": [
            {
              "Node Type": "Aggregate",
              "Strategy": "Plain",
              "Partial Mode": "Partial",
              "Parent Relationship": "Outer",
              "Parallel Aware": false,
              "Startup Cost": 378815.98,
              "Total Cost": 378815.99,
              "Plan Rows": 1,
              "Plan Width": 8,
              "Actual Startup Time": 1004.741,
              "Actual Total Time": 1004.804,
              "Actual Rows": 1,
              "Actual Loops": 7,
              "Plans": [
                {
                  "Node Type": "Hash Join",
                  "Parent Relationship": "Outer",
                  "Parallel Aware": true,
                  "Join Type": "Inner",
                  "Startup Cost": 47096.99,
                  "Total Cost": 378243.73,
                  "Plan Rows": 228902,
                  "Plan Width": 0,
                  "Actual Startup Time": 141.153,
                  "Actual Total Time": 990.626,
                  "Actual Rows": 257797,
                  "Actual Loops": 7,
                  "Inner Unique": true,
                  "Hash Cond": "(ci.movie_id = t.id)",
                  "Plans": [
                    {
                      "Node Type": "Seq Scan",
                      "Parent Relationship": "Outer",
                      "Parallel Aware": true,
                      "Relation Name": "cast_info",
                      "Alias": "ci",
                      "Startup Cost": 0.0,
                      "Total Cost": 328211.39,
                      "Plan Rows": 1118229,
                      "Plan Width": 4,
                      "Actual Startup Time": 0.039,
                      "Actual Total Time": 591.05,
                      "Actual Rows": 974371,
                      "Actual Loops": 7,
                      "Filter": "(person_id < 659495)",
                      "Rows Removed by Filter": 4203392
                    },
                    {
                      "Node Type": "Hash",
                      "Parent Relationship": "Inner",
                      "Parallel Aware": true,
                      "Startup Cost": 45479.59,
                      "Total Cost": 45479.59,
                      "Plan Rows": 129392,
                      "Plan Width": 4,
                      "Actual Startup Time": 139.45,
                      "Actual Total Time": 139.451,
                      "Actual Rows": 85811,
                      "Actual Loops": 7,
                      "Hash Buckets": 1048576,
                      "Original Hash Buckets": 524288,
                      "Hash Batches": 1,
                      "Original Hash Batches": 1,
                      "Peak Memory Usage": 35872,
                      "Plans": [
                        {
                          "Node Type": "Seq Scan",
                          "Parent Relationship": "Outer",
                          "Parallel Aware": true,
                          "Relation Name": "title",
                          "Alias": "t",
                          "Startup Cost": 0.0,
                          "Total Cost": 45479.59,
                          "Plan Rows": 129392,
                          "Plan Width": 4,
                          "Actual Startup Time": 0.078,
                          "Actual Total Time": 82.871,
                          "Actual Rows": 85811,
                          "Actual Loops": 7,
                          "Filter": "((kind_id < 6) AND (production_year < 2005))",
                          "Rows Removed by Filter": 275376
                        }
                      ]
                    }
                  ]
                }
              ]
            }
          ]
        }
      ]
    },
    "Planning Time": 0.543,
    "Triggers": [],
    "Execution Time": 1073.687
  }
]