{
  "Plan": {
    "Node Type": "Aggregate",
    "Strategy": "Plain",
    "Partial Mode": "Finalize",
    "Parallel Aware": false,
    "Startup Cost": 30321.85,
    "Total Cost": 30321.86,
    "Plan Rows": 1,
    "Plan Width": 8,
    "Actual Startup Time": 59.27,
    "Actual Total Time": 70.367,
    "Actual Rows": 1,
    "Actual Loops": 1,
    "Plans": [
      {
        "Node Type": "Gather",
        "Parent Relationship": "Outer",
        "Parallel Aware": false,
        "Startup Cost": 30321.74,
        "Total Cost": 30321.85,
        "Plan Rows": 1,
        "Plan Width": 8,
        "Actual Startup Time": 59.167,
        "Actual Total Time": 70.36,
        "Actual Rows": 2,
        "Actual Loops": 1,
        "Workers Planned": 1,
        "Workers Launched": 1,
        "Single Copy": false,
        "Plans": [
          {
            "Node Type": "Aggregate",
            "Strategy": "Plain",
            "Partial Mode": "Partial",
            "Parent Relationship": "Outer",
            "Parallel Aware": false,
            "Startup Cost": 29321.74,
            "Total Cost": 29321.75,
            "Plan Rows": 1,
            "Plan Width": 8,
            "Actual Startup Time": 52.688,
            "Actual Total Time": 52.69,
            "Actual Rows": 1,
            "Actual Loops": 2,
            "Plans": [
              {
                "Node Type": "Nested Loop",
                "Parent Relationship": "Outer",
                "Parallel Aware": false,
                "Join Type": "Inner",
                "Startup Cost": 88.85,
                "Total Cost": 29321.25,
                "Plan Rows": 195,
                "Plan Width": 0,
                "Actual Startup Time": 4.124,
                "Actual Total Time": 52.337,
                "Actual Rows": 3152,
                "Actual Loops": 2,
                "Inner Unique": false,
                "Plans": [
                  {
                    "Node Type": "Nested Loop",
                    "Parent Relationship": "Outer",
                    "Parallel Aware": false,
                    "Join Type": "Inner",
                    "Startup Cost": 88.42,
                    "Total Cost": 28695.2,
                    "Plan Rows": 939,
                    "Plan Width": 8,
                    "Actual Startup Time": 3.949,
                    "Actual Total Time": 28.883,
                    "Actual Rows": 1674,
                    "Actual Loops": 2,
                    "Inner Unique": true,
                    "Plans": [
                      {
                        "Node Type": "Bitmap Heap Scan",
                        "Parent Relationship": "Outer",
                        "Parallel Aware": true,
                        "Relation Name": "movie_keyword",
                        "Alias": "mk",
                        "Startup Cost": 87.99,
                        "Total Cost": 10734.82,
                        "Plan Rows": 2395,
                        "Plan Width": 4,
                        "Actual Startup Time": 2.956,
                        "Actual Total Time": 10.944,
                        "Actual Rows": 1896,
                        "Actual Loops": 2,
                        "Recheck Cond": "(keyword_id = 1617)",
                        "Rows Removed by Index Recheck": 0,
                        "Exact Heap Blocks": 2899,
                        "Lossy Heap Blocks": 0,
                        "Plans": [
                          {
                            "Node Type": "Bitmap Index Scan",
                            "Parent Relationship": "Outer",
                            "Parallel Aware": false,
                            "Index Name": "keyword_id_movie_keyword",
                            "Startup Cost": 0.0,
                            "Total Cost": 86.97,
                            "Plan Rows": 4072,
                            "Plan Width": 0,
                            "Actual Startup Time": 3.816,
                            "Actual Total Time": 3.816,
                            "Actual Rows": 3792,
                            "Actual Loops": 1,
                            "Index Cond": "(keyword_id = 1617)"
                          }
                        ]
                      },
                      {
                        "Node Type": "Index Scan",
                        "Parent Relationship": "Inner",
                        "Parallel Aware": false,
                        "Scan Direction": "Forward",
                        "Index Name": "title_pkey",
                        "Relation Name": "title",
                        "Alias": "t",
                        "Startup Cost": 0.43,
                        "Total Cost": 7.5,
                        "Plan Rows": 1,
                        "Plan Width": 4,
                        "Actual Startup Time": 0.009,
                        "Actual Total Time": 0.009,
                        "Actual Rows": 1,
                        "Actual Loops": 3792,
                        "Index Cond": "(id = mk.movie_id)",
                        "Rows Removed by Index Recheck": 0,
                        "Filter": "(kind_id < 7)",
                        "Rows Removed by Filter": 0
                      }
                    ]
                  },
                  {
                    "Node Type": "Index Scan",
                    "Parent Relationship": "Inner",
                    "Parallel Aware": false,
                    "Scan Direction": "Forward",
                    "Index Name": "movie_id_movie_companies",
                    "Relation Name": "movie_companies",
                    "Alias": "mc",
                    "Startup Cost": 0.43,
                    "Total Cost": 0.66,
                    "Plan Rows": 1,
                    "Plan Width": 4,
                    "Actual Startup Time": 0.013,
                    "Actual Total Time": 0.013,
                    "Actual Rows": 2,
                    "Actual Loops": 3347,
                    "Index Cond": "(movie_id = t.id)",
                    "Rows Removed by Index Recheck": 0,
                    "Filter": "((company_id > 15121) AND (company_type_id > 1))",
                    "Rows Removed by Filter": 10
                  }
                ]
              }
            ]
          }
        ]
      }
    ]
  },
  "Planning Time": 1.135,
  "Triggers": [],
  "Execution Time": 70.476
}