[
    {
        "Bao": {
            "Bao prediction": "NaN",
            "Bao recommended hint": "(no hint)"
        }
    },
    {
        "Plan": {
            "Node Type": "Aggregate",
            "Strategy": "Plain",
            "Partial Mode": "Finalize",
            "Parallel Aware": false,
            "Startup Cost": 342696.26,
            "Total Cost": 342696.27,
            "Plan Rows": 1,
            "Plan Width": 8,
            "Actual Startup Time": 777.448,
            "Actual Total Time": 798.67,
            "Actual Rows": 1,
            "Actual Loops": 1,
            "Output": [
                "count(*)"
            ],
            "Plans": [
                {
                    "Node Type": "Gather",
                    "Parent Relationship": "Outer",
                    "Parallel Aware": false,
                    "Startup Cost": 342695.63,
                    "Total Cost": 342696.24,
                    "Plan Rows": 6,
                    "Plan Width": 8,
                    "Actual Startup Time": 777.356,
                    "Actual Total Time": 798.662,
                    "Actual Rows": 7,
                    "Actual Loops": 1,
                    "Output": [
                        "(PARTIAL count(*))"
                    ],
                    "Workers Planned": 6,
                    "Workers Launched": 6,
                    "Single Copy": false,
                    "Plans": [
                        {
                            "Node Type": "Aggregate",
                            "Strategy": "Plain",
                            "Partial Mode": "Partial",
                            "Parent Relationship": "Outer",
                            "Parallel Aware": false,
                            "Startup Cost": 341695.63,
                            "Total Cost": 341695.64,
                            "Plan Rows": 1,
                            "Plan Width": 8,
                            "Actual Startup Time": 767.426,
                            "Actual Total Time": 767.427,
                            "Actual Rows": 1,
                            "Actual Loops": 7,
                            "Output": [
                                "PARTIAL count(*)"
                            ],
                            "Workers": [
                                {
                                    "Worker Number": 0,
                                    "Actual Startup Time": 765.092,
                                    "Actual Total Time": 765.093,
                                    "Actual Rows": 1,
                                    "Actual Loops": 1
                                },
                                {
                                    "Worker Number": 1,
                                    "Actual Startup Time": 765.416,
                                    "Actual Total Time": 765.417,
                                    "Actual Rows": 1,
                                    "Actual Loops": 1
                                },
                                {
                                    "Worker Number": 2,
                                    "Actual Startup Time": 765.857,
                                    "Actual Total Time": 765.858,
                                    "Actual Rows": 1,
                                    "Actual Loops": 1
                                },
                                {
                                    "Worker Number": 3,
                                    "Actual Startup Time": 766.064,
                                    "Actual Total Time": 766.065,
                                    "Actual Rows": 1,
                                    "Actual Loops": 1
                                },
                                {
                                    "Worker Number": 4,
                                    "Actual Startup Time": 766.243,
                                    "Actual Total Time": 766.244,
                                    "Actual Rows": 1,
                                    "Actual Loops": 1
                                },
                                {
                                    "Worker Number": 5,
                                    "Actual Startup Time": 766.651,
                                    "Actual Total Time": 766.652,
                                    "Actual Rows": 1,
                                    "Actual Loops": 1
                                }
                            ],
                            "Plans": [
                                {
                                    "Node Type": "Seq Scan",
                                    "Parent Relationship": "Outer",
                                    "Parallel Aware": true,
                                    "Relation Name": "cast_info",
                                    "Schema": "public",
                                    "Alias": "ci",
                                    "Startup Cost": 0.0,
                                    "Total Cost": 328213.62,
                                    "Plan Rows": 5392806,
                                    "Plan Width": 0,
                                    "Actual Startup Time": 54.239,
                                    "Actual Total Time": 579.486,
                                    "Actual Rows": 4613196,
                                    "Actual Loops": 7,
                                    "Output": [
                                        "id",
                                        "person_id",
                                        "movie_id",
                                        "person_role_id",
                                        "note",
                                        "nr_order",
                                        "role_id"
                                    ],
                                    "Filter": "(ci.person_id > 378603)",
                                    "Rows Removed by Filter": 564568,
                                    "Workers": [
                                        {
                                            "Worker Number": 0,
                                            "Actual Startup Time": 51.899,
                                            "Actual Total Time": 584.493,
                                            "Actual Rows": 4454413,
                                            "Actual Loops": 1
                                        },
                                        {
                                            "Worker Number": 1,
                                            "Actual Startup Time": 52.227,
                                            "Actual Total Time": 582.631,
                                            "Actual Rows": 4416671,
                                            "Actual Loops": 1
                                        },
                                        {
                                            "Worker Number": 2,
                                            "Actual Startup Time": 52.682,
                                            "Actual Total Time": 585.46,
                                            "Actual Rows": 4454438,
                                            "Actual Loops": 1
                                        },
                                        {
                                            "Worker Number": 3,
                                            "Actual Startup Time": 52.878,
                                            "Actual Total Time": 582.82,
                                            "Actual Rows": 4420866,
                                            "Actual Loops": 1
                                        },
                                        {
                                            "Worker Number": 4,
                                            "Actual Startup Time": 53.045,
                                            "Actual Total Time": 585.373,
                                            "Actual Rows": 4462366,
                                            "Actual Loops": 1
                                        },
                                        {
                                            "Worker Number": 5,
                                            "Actual Startup Time": 53.476,
                                            "Actual Total Time": 583.458,
                                            "Actual Rows": 4419966,
                                            "Actual Loops": 1
                                        }
                                    ]
                                }
                            ]
                        }
                    ]
                }
            ]
        },
        "Planning Time": 212.901,
        "Triggers": [],
        "Execution Time": 798.744
    }
]