[
  {
    "Plan": {
      "Node Type": "Aggregate",
      "Strategy": "Plain",
      "Partial Mode": "Finalize",
      "Parallel Aware": false,
      "Startup Cost": 321726.67,
      "Total Cost": 321726.68,
      "Plan Rows": 1,
      "Plan Width": 8,
      "Actual Startup Time": 3442.374,
      "Actual Total Time": 3520.656,
      "Actual Rows": 1,
      "Actual Loops": 1,
      "Plans": [
        {
          "Node Type": "Gather",
          "Parent Relationship": "Outer",
          "Parallel Aware": false,
          "Startup Cost": 321726.15,
          "Total Cost": 321726.66,
          "Plan Rows": 5,
          "Plan Width": 8,
          "Actual Startup Time": 3441.153,
          "Actual Total Time": 3520.645,
          "Actual Rows": 6,
          "Actual Loops": 1,
          "Workers Planned": 5,
          "Workers Launched": 5,
          "Single Copy": false,
          "Plans": [
            {
              "Node Type": "Aggregate",
              "Strategy": "Plain",
              "Partial Mode": "Partial",
              "Parent Relationship": "Outer",
              "Parallel Aware": false,
              "Startup Cost": 320726.15,
              "Total Cost": 320726.16,
              "Plan Rows": 1,
              "Plan Width": 8,
              "Actual Startup Time": 3434.809,
              "Actual Total Time": 3434.813,
              "Actual Rows": 1,
              "Actual Loops": 6,
              "Plans": [
                {
                  "Node Type": "Nested Loop",
                  "Parent Relationship": "Outer",
                  "Parallel Aware": false,
                  "Join Type": "Inner",
                  "Startup Cost": 68327.63,
                  "Total Cost": 320219.53,
                  "Plan Rows": 202648,
                  "Plan Width": 0,
                  "Actual Startup Time": 167.662,
                  "Actual Total Time": 3310.988,
                  "Actual Rows": 2440505,
                  "Actual Loops": 6,
                  "Inner Unique": false,
                  "Join Filter": "(t.id = ci.movie_id)",
                  "Rows Removed by Join Filter": 0,
                  "Plans": [
                    {
                      "Node Type": "Hash Join",
                      "Parent Relationship": "Outer",
                      "Parallel Aware": true,
                      "Join Type": "Inner",
                      "Startup Cost": 68327.07,
                      "Total Cost": 233971.27,
                      "Plan Rows": 31552,
                      "Plan Width": 8,
                      "Actual Startup Time": 166.592,
                      "Actual Total Time": 265.787,
                      "Actual Rows": 64564,
                      "Actual Loops": 6,
                      "Inner Unique": true,
                      "Hash Cond": "(mi.movie_id = t.id)",
                      "Plans": [
                        {
                          "Node Type": "Bitmap Heap Scan",
                          "Parent Relationship": "Outer",
                          "Parallel Aware": true,
                          "Relation Name": "movie_info",
                          "Alias": "mi",
                          "Startup Cost": 21814.75,
                          "Total Cost": 186825.28,
                          "Plan Rows": 241402,
                          "Plan Width": 4,
                          "Actual Startup Time": 52.904,
                          "Actual Total Time": 109.75,
                          "Actual Rows": 200785,
                          "Actual Loops": 6,
                          "Recheck Cond": "(info_type_id > 18)",
                          "Rows Removed by Index Recheck": 0,
                          "Exact Heap Blocks": 5646,
                          "Lossy Heap Blocks": 0,
                          "Plans": [
                            {
                              "Node Type": "Bitmap Index Scan",
                              "Parent Relationship": "Outer",
                              "Parallel Aware": false,
                              "Index Name": "info_type_id_movie_info",
                              "Startup Cost": 0.0,
                              "Total Cost": 21513.0,
                              "Plan Rows": 1207009,
                              "Plan Width": 0,
                              "Actual Startup Time": 47.243,
                              "Actual Total Time": 47.244,
                              "Actual Rows": 1204709,
                              "Actual Loops": 1,
                              "Index Cond": "(info_type_id > 18)"
                            }
                          ]
                        },
                        {
                          "Node Type": "Hash",
                          "Parent Relationship": "Inner",
                          "Parallel Aware": true,
                          "Startup Cost": 45479.59,
                          "Total Cost": 45479.59,
                          "Plan Rows": 82618,
                          "Plan Width": 4,
                          "Actual Startup Time": 96.754,
                          "Actual Total Time": 96.755,
                          "Actual Rows": 42595,
                          "Actual Loops": 6,
                          "Hash Buckets": 524288,
                          "Original Hash Buckets": 524288,
                          "Hash Batches": 1,
                          "Original Hash Batches": 1,
                          "Peak Memory Usage": 14272,
                          "Plans": [
                            {
                              "Node Type": "Seq Scan",
                              "Parent Relationship": "Outer",
                              "Parallel Aware": true,
                              "Relation Name": "title",
                              "Alias": "t",
                              "Startup Cost": 0.0,
                              "Total Cost": 45479.59,
                              "Plan Rows": 82618,
                              "Plan Width": 4,
                              "Actual Startup Time": 37.242,
                              "Actual Total Time": 78.169,
                              "Actual Rows": 42595,
                              "Actual Loops": 6,
                              "Filter": "((kind_id < 2) AND (production_year > 2002))",
                              "Rows Removed by Filter": 378790
                            }
                          ]
                        }
                      ]
                    },
                    {
                      "Node Type": "Index Scan",
                      "Parent Relationship": "Inner",
                      "Parallel Aware": false,
                      "Scan Direction": "Forward",
                      "Index Name": "movie_id_cast_info",
                      "Relation Name": "cast_info",
                      "Alias": "ci",
                      "Startup Cost": 0.56,
                      "Total Cost": 2.53,
                      "Plan Rows": 16,
                      "Plan Width": 4,
                      "Actual Startup Time": 0.018,
                      "Actual Total Time": 0.043,
                      "Actual Rows": 38,
                      "Actual Loops": 387384,
                      "Index Cond": "(movie_id = mi.movie_id)",
                      "Rows Removed by Index Recheck": 0,
                      "Filter": "(person_id > 2035942)",
                      "Rows Removed by Filter": 37
                    }
                  ]
                }
              ]
            }
          ]
        }
      ]
    },
    "Planning Time": 0.465,
    "Triggers": [],
    "Execution Time": 3520.73
  }
]