[
  {
    "Plan": {
      "Node Type": "Aggregate",
      "Strategy": "Plain",
      "Partial Mode": "Finalize",
      "Parallel Aware": false,
      "Startup Cost": 340460.29,
      "Total Cost": 340460.3,
      "Plan Rows": 1,
      "Plan Width": 8,
      "Actual Startup Time": 925.49,
      "Actual Total Time": 971.305,
      "Actual Rows": 1,
      "Actual Loops": 1,
      "Plans": [
        {
          "Node Type": "Gather",
          "Parent Relationship": "Outer",
          "Parallel Aware": false,
          "Startup Cost": 340459.67,
          "Total Cost": 340460.28,
          "Plan Rows": 6,
          "Plan Width": 8,
          "Actual Startup Time": 925.276,
          "Actual Total Time": 971.287,
          "Actual Rows": 7,
          "Actual Loops": 1,
          "Workers Planned": 6,
          "Workers Launched": 6,
          "Single Copy": false,
          "Plans": [
            {
              "Node Type": "Aggregate",
              "Strategy": "Plain",
              "Partial Mode": "Partial",
              "Parent Relationship": "Outer",
              "Parallel Aware": false,
              "Startup Cost": 339459.67,
              "Total Cost": 339459.68,
              "Plan Rows": 1,
              "Plan Width": 8,
              "Actual Startup Time": 916.692,
              "Actual Total Time": 916.694,
              "Actual Rows": 1,
              "Actual Loops": 7,
              "Plans": [
                {
                  "Node Type": "Seq Scan",
                  "Parent Relationship": "Outer",
                  "Parallel Aware": true,
                  "Relation Name": "cast_info",
                  "Alias": "ci",
                  "Startup Cost": 0.0,
                  "Total Cost": 328211.39,
                  "Plan Rows": 4499311,
                  "Plan Width": 0,
                  "Actual Startup Time": 122.064,
                  "Actual Total Time": 702.547,
                  "Actual Rows": 3849478,
                  "Actual Loops": 7,
                  "Filter": "(person_id > 915566)",
                  "Rows Removed by Filter": 1328286
                }
              ]
            }
          ]
        }
      ]
    },
    "Planning Time": 0.095,
    "Triggers": [],
    "Execution Time": 971.347
  }
]