[
  {
    "Plan": {
      "Node Type": "Aggregate",
      "Strategy": "Plain",
      "Partial Mode": "Finalize",
      "Parallel Aware": false,
      "Startup Cost": 47090.99,
      "Total Cost": 47091.0,
      "Plan Rows": 1,
      "Plan Width": 8,
      "Actual Startup Time": 172.299,
      "Actual Total Time": 181.868,
      "Actual Rows": 1,
      "Actual Loops": 1,
      "Plans": [
        {
          "Node Type": "Gather",
          "Parent Relationship": "Outer",
          "Parallel Aware": false,
          "Startup Cost": 47090.67,
          "Total Cost": 47090.98,
          "Plan Rows": 3,
          "Plan Width": 8,
          "Actual Startup Time": 172.211,
          "Actual Total Time": 181.86,
          "Actual Rows": 4,
          "Actual Loops": 1,
          "Workers Planned": 3,
          "Workers Launched": 3,
          "Single Copy": false,
          "Plans": [
            {
              "Node Type": "Aggregate",
              "Strategy": "Plain",
              "Partial Mode": "Partial",
              "Parent Relationship": "Outer",
              "Parallel Aware": false,
              "Startup Cost": 46090.67,
              "Total Cost": 46090.68,
              "Plan Rows": 1,
              "Plan Width": 8,
              "Actual Startup Time": 165.344,
              "Actual Total Time": 165.345,
              "Actual Rows": 1,
              "Actual Loops": 4,
              "Plans": [
                {
                  "Node Type": "Seq Scan",
                  "Parent Relationship": "Outer",
                  "Parallel Aware": true,
                  "Relation Name": "movie_keyword",
                  "Alias": "mk",
                  "Startup Cost": 0.0,
                  "Total Cost": 42695.65,
                  "Plan Rows": 1358007,
                  "Plan Width": 0,
                  "Actual Startup Time": 0.052,
                  "Actual Total Time": 120.724,
                  "Actual Rows": 1053787,
                  "Actual Loops": 4,
                  "Filter": "(keyword_id < 52798)",
                  "Rows Removed by Filter": 77195
                }
              ]
            }
          ]
        }
      ]
    },
    "Planning Time": 0.176,
    "Triggers": [],
    "Execution Time": 181.921
  }
]