[
  {
    "Plan": {
      "Node Type": "Aggregate",
      "Strategy": "Plain",
      "Partial Mode": "Finalize",
      "Parallel Aware": false,
      "Startup Cost": 409243.73,
      "Total Cost": 409243.74,
      "Plan Rows": 1,
      "Plan Width": 8,
      "Actual Startup Time": 1338.55,
      "Actual Total Time": 1364.14,
      "Actual Rows": 1,
      "Actual Loops": 1,
      "Plans": [
        {
          "Node Type": "Gather",
          "Parent Relationship": "Outer",
          "Parallel Aware": false,
          "Startup Cost": 409243.41,
          "Total Cost": 409243.72,
          "Plan Rows": 3,
          "Plan Width": 8,
          "Actual Startup Time": 1320.631,
          "Actual Total Time": 1364.131,
          "Actual Rows": 4,
          "Actual Loops": 1,
          "Workers Planned": 3,
          "Workers Launched": 3,
          "Single Copy": false,
          "Plans": [
            {
              "Node Type": "Aggregate",
              "Strategy": "Plain",
              "Partial Mode": "Partial",
              "Parent Relationship": "Outer",
              "Parallel Aware": false,
              "Startup Cost": 408243.41,
              "Total Cost": 408243.42,
              "Plan Rows": 1,
              "Plan Width": 8,
              "Actual Startup Time": 1307.557,
              "Actual Total Time": 1307.563,
              "Actual Rows": 1,
              "Actual Loops": 4,
              "Plans": [
                {
                  "Node Type": "Hash Join",
                  "Parent Relationship": "Outer",
                  "Parallel Aware": true,
                  "Join Type": "Inner",
                  "Startup Cost": 375038.41,
                  "Total Cost": 406538.06,
                  "Plan Rows": 682139,
                  "Plan Width": 0,
                  "Actual Startup Time": 994.289,
                  "Actual Total Time": 1283.075,
                  "Actual Rows": 598968,
                  "Actual Loops": 4,
                  "Inner Unique": false,
                  "Hash Cond": "(mc.movie_id = t.id)",
                  "Plans": [
                    {
                      "Node Type": "Seq Scan",
                      "Parent Relationship": "Outer",
                      "Parallel Aware": true,
                      "Relation Name": "movie_companies",
                      "Alias": "mc",
                      "Startup Cost": 0.0,
                      "Total Cost": 27206.55,
                      "Plan Rows": 841655,
                      "Plan Width": 4,
                      "Actual Startup Time": 0.019,
                      "Actual Total Time": 57.14,
                      "Actual Rows": 652282,
                      "Actual Loops": 4
                    },
                    {
                      "Node Type": "Hash",
                      "Parent Relationship": "Inner",
                      "Parallel Aware": true,
                      "Startup Cost": 370769.41,
                      "Total Cost": 370769.41,
                      "Plan Rows": 341520,
                      "Plan Width": 8,
                      "Actual Startup Time": 987.565,
                      "Actual Total Time": 987.569,
                      "Actual Rows": 497904,
                      "Actual Loops": 4,
                      "Hash Buckets": 2097152,
                      "Original Hash Buckets": 2097152,
                      "Hash Batches": 1,
                      "Original Hash Batches": 1,
                      "Peak Memory Usage": 94368,
                      "Plans": [
                        {
                          "Node Type": "Hash Join",
                          "Parent Relationship": "Outer",
                          "Parallel Aware": true,
                          "Join Type": "Inner",
                          "Startup Cost": 111079.95,
                          "Total Cost": 370769.41,
                          "Plan Rows": 341520,
                          "Plan Width": 8,
                          "Actual Startup Time": 402.359,
                          "Actual Total Time": 814.05,
                          "Actual Rows": 497904,
                          "Actual Loops": 4,
                          "Inner Unique": true,
                          "Hash Cond": "(ci.movie_id = t.id)",
                          "Plans": [
                            {
                              "Node Type": "Bitmap Heap Scan",
                              "Parent Relationship": "Outer",
                              "Parallel Aware": true,
                              "Relation Name": "cast_info",
                              "Alias": "ci",
                              "Startup Cost": 61352.79,
                              "Total Cost": 319826.95,
                              "Plan Rows": 462973,
                              "Plan Width": 4,
                              "Actual Startup Time": 128.042,
                              "Actual Total Time": 226.02,
                              "Actual Rows": 710417,
                              "Actual Loops": 4,
                              "Recheck Cond": "(person_id < 274631)",
                              "Rows Removed by Index Recheck": 0,
                              "Exact Heap Blocks": 7568,
                              "Lossy Heap Blocks": 0,
                              "Plans": [
                                {
                                  "Node Type": "Bitmap Index Scan",
                                  "Parent Relationship": "Outer",
                                  "Parallel Aware": false,
                                  "Index Name": "person_id_cast_info",
                                  "Startup Cost": 0.0,
                                  "Total Cost": 60658.34,
                                  "Plan Rows": 2777836,
                                  "Plan Width": 0,
                                  "Actual Startup Time": 123.08,
                                  "Actual Total Time": 123.08,
                                  "Actual Rows": 2841667,
                                  "Actual Loops": 1,
                                  "Index Cond": "(person_id < 274631)"
                                }
                              ]
                            },
                            {
                              "Node Type": "Hash",
                              "Parent Relationship": "Inner",
                              "Parallel Aware": true,
                              "Startup Cost": 43898.92,
                              "Total Cost": 43898.92,
                              "Plan Rows": 466259,
                              "Plan Width": 4,
                              "Actual Startup Time": 270.57,
                              "Actual Total Time": 270.571,
                              "Actual Rows": 466372,
                              "Actual Loops": 4,
                              "Hash Buckets": 2097152,
                              "Original Hash Buckets": 2097152,
                              "Hash Batches": 1,
                              "Original Hash Batches": 1,
                              "Peak Memory Usage": 89408,
                              "Plans": [
                                {
                                  "Node Type": "Seq Scan",
                                  "Parent Relationship": "Outer",
                                  "Parallel Aware": true,
                                  "Relation Name": "title",
                                  "Alias": "t",
                                  "Startup Cost": 0.0,
                                  "Total Cost": 43898.92,
                                  "Plan Rows": 466259,
                                  "Plan Width": 4,
                                  "Actual Startup Time": 0.033,
                                  "Actual Total Time": 105.555,
                                  "Actual Rows": 466372,
                                  "Actual Loops": 4,
                                  "Filter": "(kind_id > 1)",
                                  "Rows Removed by Filter": 165706
                                }
                              ]
                            }
                          ]
                        }
                      ]
                    }
                  ]
                }
              ]
            }
          ]
        }
      ]
    },
    "Planning Time": 1.415,
    "Triggers": [],
    "Execution Time": 1364.242
  }
]