[
    {
        "Bao": {
            "Bao prediction": "NaN",
            "Bao recommended hint": "(no hint)"
        }
    },
    {
        "Plan": {
            "Node Type": "Aggregate",
            "Strategy": "Plain",
            "Partial Mode": "Simple",
            "Parallel Aware": false,
            "Startup Cost": 11187.09,
            "Total Cost": 11187.1,
            "Plan Rows": 1,
            "Plan Width": 8,
            "Actual Startup Time": 2.202,
            "Actual Total Time": 2.204,
            "Actual Rows": 1,
            "Actual Loops": 1,
            "Output": [
                "count(*)"
            ],
            "Plans": [
                {
                    "Node Type": "Bitmap Heap Scan",
                    "Parent Relationship": "Outer",
                    "Parallel Aware": false,
                    "Relation Name": "movie_companies",
                    "Schema": "public",
                    "Alias": "mc",
                    "Startup Cost": 105.32,
                    "Total Cost": 11180.92,
                    "Plan Rows": 2466,
                    "Plan Width": 0,
                    "Actual Startup Time": 0.297,
                    "Actual Total Time": 1.877,
                    "Actual Rows": 5115,
                    "Actual Loops": 1,
                    "Recheck Cond": "(mc.company_id > 230047)",
                    "Rows Removed by Index Recheck": 0,
                    "Filter": "(mc.company_type_id > 1)",
                    "Rows Removed by Filter": 0,
                    "Exact Heap Blocks": 231,
                    "Lossy Heap Blocks": 0,
                    "Plans": [
                        {
                            "Node Type": "Bitmap Index Scan",
                            "Parent Relationship": "Outer",
                            "Parallel Aware": false,
                            "Index Name": "company_id_movie_companies",
                            "Startup Cost": 0.0,
                            "Total Cost": 104.71,
                            "Plan Rows": 4837,
                            "Plan Width": 0,
                            "Actual Startup Time": 0.256,
                            "Actual Total Time": 0.257,
                            "Actual Rows": 5115,
                            "Actual Loops": 1,
                            "Index Cond": "(mc.company_id > 230047)"
                        }
                    ]
                }
            ]
        },
        "Planning Time": 282.5,
        "Triggers": [],
        "Execution Time": 2.251
    }
]