[
    {
        "Bao": {
            "Bao prediction": "NaN",
            "Bao recommended hint": "(no hint)"
        }
    },
    {
        "Plan": {
            "Node Type": "Aggregate",
            "Strategy": "Plain",
            "Partial Mode": "Finalize",
            "Parallel Aware": false,
            "Startup Cost": 342357.32,
            "Total Cost": 342357.33,
            "Plan Rows": 1,
            "Plan Width": 8,
            "Actual Startup Time": 914.066,
            "Actual Total Time": 947.442,
            "Actual Rows": 1,
            "Actual Loops": 1,
            "Output": [
                "count(*)"
            ],
            "Plans": [
                {
                    "Node Type": "Gather",
                    "Parent Relationship": "Outer",
                    "Parallel Aware": false,
                    "Startup Cost": 342356.69,
                    "Total Cost": 342357.3,
                    "Plan Rows": 6,
                    "Plan Width": 8,
                    "Actual Startup Time": 913.952,
                    "Actual Total Time": 947.433,
                    "Actual Rows": 7,
                    "Actual Loops": 1,
                    "Output": [
                        "(PARTIAL count(*))"
                    ],
                    "Workers Planned": 6,
                    "Workers Launched": 6,
                    "Single Copy": false,
                    "Plans": [
                        {
                            "Node Type": "Aggregate",
                            "Strategy": "Plain",
                            "Partial Mode": "Partial",
                            "Parent Relationship": "Outer",
                            "Parallel Aware": false,
                            "Startup Cost": 341356.69,
                            "Total Cost": 341356.7,
                            "Plan Rows": 1,
                            "Plan Width": 8,
                            "Actual Startup Time": 903.871,
                            "Actual Total Time": 903.872,
                            "Actual Rows": 1,
                            "Actual Loops": 7,
                            "Output": [
                                "PARTIAL count(*)"
                            ],
                            "Workers": [
                                {
                                    "Worker Number": 0,
                                    "Actual Startup Time": 901.018,
                                    "Actual Total Time": 901.019,
                                    "Actual Rows": 1,
                                    "Actual Loops": 1
                                },
                                {
                                    "Worker Number": 1,
                                    "Actual Startup Time": 902.144,
                                    "Actual Total Time": 902.146,
                                    "Actual Rows": 1,
                                    "Actual Loops": 1
                                },
                                {
                                    "Worker Number": 2,
                                    "Actual Startup Time": 902.171,
                                    "Actual Total Time": 902.172,
                                    "Actual Rows": 1,
                                    "Actual Loops": 1
                                },
                                {
                                    "Worker Number": 3,
                                    "Actual Startup Time": 902.62,
                                    "Actual Total Time": 902.62,
                                    "Actual Rows": 1,
                                    "Actual Loops": 1
                                },
                                {
                                    "Worker Number": 4,
                                    "Actual Startup Time": 902.842,
                                    "Actual Total Time": 902.843,
                                    "Actual Rows": 1,
                                    "Actual Loops": 1
                                },
                                {
                                    "Worker Number": 5,
                                    "Actual Startup Time": 903.172,
                                    "Actual Total Time": 903.173,
                                    "Actual Rows": 1,
                                    "Actual Loops": 1
                                }
                            ],
                            "Plans": [
                                {
                                    "Node Type": "Seq Scan",
                                    "Parent Relationship": "Outer",
                                    "Parallel Aware": true,
                                    "Relation Name": "cast_info",
                                    "Schema": "public",
                                    "Alias": "ci",
                                    "Startup Cost": 0.0,
                                    "Total Cost": 328213.62,
                                    "Plan Rows": 5257231,
                                    "Plan Width": 0,
                                    "Actual Startup Time": 0.059,
                                    "Actual Total Time": 668.106,
                                    "Actual Rows": 4509259,
                                    "Actual Loops": 7,
                                    "Output": [
                                        "id",
                                        "person_id",
                                        "movie_id",
                                        "person_role_id",
                                        "note",
                                        "nr_order",
                                        "role_id"
                                    ],
                                    "Filter": "(ci.person_id < 3213868)",
                                    "Rows Removed by Filter": 668504,
                                    "Workers": [
                                        {
                                            "Worker Number": 0,
                                            "Actual Startup Time": 0.062,
                                            "Actual Total Time": 670.563,
                                            "Actual Rows": 3428019,
                                            "Actual Loops": 1
                                        },
                                        {
                                            "Worker Number": 1,
                                            "Actual Startup Time": 0.063,
                                            "Actual Total Time": 672.525,
                                            "Actual Rows": 3450134,
                                            "Actual Loops": 1
                                        },
                                        {
                                            "Worker Number": 2,
                                            "Actual Startup Time": 0.069,
                                            "Actual Total Time": 671.639,
                                            "Actual Rows": 3452481,
                                            "Actual Loops": 1
                                        },
                                        {
                                            "Worker Number": 3,
                                            "Actual Startup Time": 0.064,
                                            "Actual Total Time": 670.087,
                                            "Actual Rows": 3486733,
                                            "Actual Loops": 1
                                        },
                                        {
                                            "Worker Number": 4,
                                            "Actual Startup Time": 0.068,
                                            "Actual Total Time": 670.93,
                                            "Actual Rows": 5474911,
                                            "Actual Loops": 1
                                        },
                                        {
                                            "Worker Number": 5,
                                            "Actual Startup Time": 0.065,
                                            "Actual Total Time": 677.126,
                                            "Actual Rows": 5475363,
                                            "Actual Loops": 1
                                        }
                                    ]
                                }
                            ]
                        }
                    ]
                }
            ]
        },
        "Planning Time": 227.846,
        "Triggers": [],
        "Execution Time": 947.536
    }
]