{
  "Plan": {
    "Node Type": "Aggregate",
    "Strategy": "Plain",
    "Partial Mode": "Finalize",
    "Parallel Aware": false,
    "Startup Cost": 104531.65,
    "Total Cost": 104531.66,
    "Plan Rows": 1,
    "Plan Width": 8,
    "Actual Startup Time": 646.681,
    "Actual Total Time": 663.11,
    "Actual Rows": 1,
    "Actual Loops": 1,
    "Plans": [
      {
        "Node Type": "Gather",
        "Parent Relationship": "Outer",
        "Parallel Aware": false,
        "Startup Cost": 104531.54,
        "Total Cost": 104531.65,
        "Plan Rows": 1,
        "Plan Width": 8,
        "Actual Startup Time": 643.806,
        "Actual Total Time": 663.104,
        "Actual Rows": 2,
        "Actual Loops": 1,
        "Workers Planned": 1,
        "Workers Launched": 1,
        "Single Copy": false,
        "Plans": [
          {
            "Node Type": "Aggregate",
            "Strategy": "Plain",
            "Partial Mode": "Partial",
            "Parent Relationship": "Outer",
            "Parallel Aware": false,
            "Startup Cost": 103531.54,
            "Total Cost": 103531.55,
            "Plan Rows": 1,
            "Plan Width": 8,
            "Actual Startup Time": 631.329,
            "Actual Total Time": 631.333,
            "Actual Rows": 1,
            "Actual Loops": 2,
            "Plans": [
              {
                "Node Type": "Hash Join",
                "Parent Relationship": "Outer",
                "Parallel Aware": true,
                "Join Type": "Inner",
                "Startup Cost": 75920.83,
                "Total Cost": 103083.78,
                "Plan Rows": 179104,
                "Plan Width": 0,
                "Actual Startup Time": 534.839,
                "Actual Total Time": 624.213,
                "Actual Rows": 149714,
                "Actual Loops": 2,
                "Inner Unique": true,
                "Hash Cond": "(mk.movie_id = t.id)",
                "Plans": [
                  {
                    "Node Type": "Bitmap Heap Scan",
                    "Parent Relationship": "Outer",
                    "Parallel Aware": true,
                    "Relation Name": "movie_keyword",
                    "Alias": "mk",
                    "Startup Cost": 6460.13,
                    "Total Cost": 33152.93,
                    "Plan Rows": 179104,
                    "Plan Width": 4,
                    "Actual Startup Time": 18.111,
                    "Actual Total Time": 65.417,
                    "Actual Rows": 149714,
                    "Actual Loops": 2,
                    "Recheck Cond": "(keyword_id > 53985)",
                    "Rows Removed by Index Recheck": 0,
                    "Exact Heap Blocks": 12516,
                    "Lossy Heap Blocks": 0,
                    "Plans": [
                      {
                        "Node Type": "Bitmap Index Scan",
                        "Parent Relationship": "Outer",
                        "Parallel Aware": false,
                        "Index Name": "keyword_id_movie_keyword",
                        "Startup Cost": 0.0,
                        "Total Cost": 6384.01,
                        "Plan Rows": 304477,
                        "Plan Width": 0,
                        "Actual Startup Time": 14.989,
                        "Actual Total Time": 14.989,
                        "Actual Rows": 299429,
                        "Actual Loops": 1,
                        "Index Cond": "(keyword_id > 53985)"
                      }
                    ]
                  },
                  {
                    "Node Type": "Hash",
                    "Parent Relationship": "Inner",
                    "Parallel Aware": true,
                    "Startup Cost": 50870.31,
                    "Total Cost": 50870.31,
                    "Plan Rows": 1487231,
                    "Plan Width": 4,
                    "Actual Startup Time": 495.356,
                    "Actual Total Time": 495.356,
                    "Actual Rows": 1264156,
                    "Actual Loops": 2,
                    "Hash Buckets": 4194304,
                    "Original Hash Buckets": 4194304,
                    "Hash Batches": 1,
                    "Original Hash Batches": 1,
                    "Peak Memory Usage": 131712,
                    "Plans": [
                      {
                        "Node Type": "Seq Scan",
                        "Parent Relationship": "Outer",
                        "Parallel Aware": true,
                        "Relation Name": "title",
                        "Alias": "t",
                        "Startup Cost": 0.0,
                        "Total Cost": 50870.31,
                        "Plan Rows": 1487231,
                        "Plan Width": 4,
                        "Actual Startup Time": 0.023,
                        "Actual Total Time": 144.295,
                        "Actual Rows": 1264156,
                        "Actual Loops": 2
                      }
                    ]
                  }
                ]
              }
            ]
          }
        ]
      }
    ]
  },
  "Planning Time": 0.658,
  "Triggers": [],
  "Execution Time": 663.197
}