[
  {
    "Plan": {
      "Node Type": "Aggregate",
      "Strategy": "Plain",
      "Partial Mode": "Finalize",
      "Parallel Aware": false,
      "Startup Cost": 44473.79,
      "Total Cost": 44473.8,
      "Plan Rows": 1,
      "Plan Width": 8,
      "Actual Startup Time": 107.932,
      "Actual Total Time": 117.718,
      "Actual Rows": 1,
      "Actual Loops": 1,
      "Plans": [
        {
          "Node Type": "Gather",
          "Parent Relationship": "Outer",
          "Parallel Aware": false,
          "Startup Cost": 44473.47,
          "Total Cost": 44473.78,
          "Plan Rows": 3,
          "Plan Width": 8,
          "Actual Startup Time": 107.776,
          "Actual Total Time": 117.708,
          "Actual Rows": 4,
          "Actual Loops": 1,
          "Workers Planned": 3,
          "Workers Launched": 3,
          "Single Copy": false,
          "Plans": [
            {
              "Node Type": "Aggregate",
              "Strategy": "Plain",
              "Partial Mode": "Partial",
              "Parent Relationship": "Outer",
              "Parallel Aware": false,
              "Startup Cost": 43473.47,
              "Total Cost": 43473.48,
              "Plan Rows": 1,
              "Plan Width": 8,
              "Actual Startup Time": 104.067,
              "Actual Total Time": 104.068,
              "Actual Rows": 1,
              "Actual Loops": 4,
              "Plans": [
                {
                  "Node Type": "Seq Scan",
                  "Parent Relationship": "Outer",
                  "Parallel Aware": true,
                  "Relation Name": "movie_keyword",
                  "Alias": "mk",
                  "Startup Cost": 0.0,
                  "Total Cost": 42695.65,
                  "Plan Rows": 311126,
                  "Plan Width": 0,
                  "Actual Startup Time": 2.582,
                  "Actual Total Time": 93.072,
                  "Actual Rows": 241823,
                  "Actual Loops": 4,
                  "Filter": "(keyword_id > 19693)",
                  "Rows Removed by Filter": 889160
                }
              ]
            }
          ]
        }
      ]
    },
    "Planning Time": 0.203,
    "Triggers": [],
    "Execution Time": 117.765
  }
]