[
  {
    "Plan": {
      "Node Type": "Aggregate",
      "Strategy": "Plain",
      "Partial Mode": "Finalize",
      "Parallel Aware": false,
      "Startup Cost": 32975.71,
      "Total Cost": 32975.72,
      "Plan Rows": 1,
      "Plan Width": 8,
      "Actual Startup Time": 108.539,
      "Actual Total Time": 117.619,
      "Actual Rows": 1,
      "Actual Loops": 1,
      "Plans": [
        {
          "Node Type": "Gather",
          "Parent Relationship": "Outer",
          "Parallel Aware": false,
          "Startup Cost": 32975.39,
          "Total Cost": 32975.7,
          "Plan Rows": 3,
          "Plan Width": 8,
          "Actual Startup Time": 108.408,
          "Actual Total Time": 117.609,
          "Actual Rows": 4,
          "Actual Loops": 1,
          "Workers Planned": 3,
          "Workers Launched": 3,
          "Single Copy": false,
          "Plans": [
            {
              "Node Type": "Aggregate",
              "Strategy": "Plain",
              "Partial Mode": "Partial",
              "Parent Relationship": "Outer",
              "Parallel Aware": false,
              "Startup Cost": 31975.39,
              "Total Cost": 31975.4,
              "Plan Rows": 1,
              "Plan Width": 8,
              "Actual Startup Time": 101.403,
              "Actual Total Time": 101.405,
              "Actual Rows": 1,
              "Actual Loops": 4,
              "Plans": [
                {
                  "Node Type": "Seq Scan",
                  "Parent Relationship": "Outer",
                  "Parallel Aware": true,
                  "Relation Name": "movie_companies",
                  "Alias": "mc",
                  "Startup Cost": 0.0,
                  "Total Cost": 31414.82,
                  "Plan Rows": 224230,
                  "Plan Width": 0,
                  "Actual Startup Time": 48.292,
                  "Actual Total Time": 89.823,
                  "Actual Rows": 231248,
                  "Actual Loops": 4,
                  "Filter": "((company_id > 11185) AND (company_type_id = 2))",
                  "Rows Removed by Filter": 421034
                }
              ]
            }
          ]
        }
      ]
    },
    "Planning Time": 0.22,
    "Triggers": [],
    "Execution Time": 117.664
  }
]