[
  {
    "Plan": {
      "Node Type": "Aggregate",
      "Strategy": "Plain",
      "Partial Mode": "Finalize",
      "Parallel Aware": false,
      "Startup Cost": 112457.56,
      "Total Cost": 112457.57,
      "Plan Rows": 1,
      "Plan Width": 8,
      "Actual Startup Time": 181.709,
      "Actual Total Time": 190.598,
      "Actual Rows": 1,
      "Actual Loops": 1,
      "Plans": [
        {
          "Node Type": "Gather",
          "Parent Relationship": "Outer",
          "Parallel Aware": false,
          "Startup Cost": 112457.04,
          "Total Cost": 112457.55,
          "Plan Rows": 5,
          "Plan Width": 8,
          "Actual Startup Time": 181.57,
          "Actual Total Time": 190.588,
          "Actual Rows": 6,
          "Actual Loops": 1,
          "Workers Planned": 5,
          "Workers Launched": 5,
          "Single Copy": false,
          "Plans": [
            {
              "Node Type": "Aggregate",
              "Strategy": "Plain",
              "Partial Mode": "Partial",
              "Parent Relationship": "Outer",
              "Parallel Aware": false,
              "Startup Cost": 111457.04,
              "Total Cost": 111457.05,
              "Plan Rows": 1,
              "Plan Width": 8,
              "Actual Startup Time": 172.213,
              "Actual Total Time": 172.214,
              "Actual Rows": 1,
              "Actual Loops": 6,
              "Plans": [
                {
                  "Node Type": "Index Scan",
                  "Parent Relationship": "Outer",
                  "Parallel Aware": true,
                  "Scan Direction": "Forward",
                  "Index Name": "role_id_cast_info",
                  "Relation Name": "cast_info",
                  "Alias": "ci",
                  "Startup Cost": 0.56,
                  "Total Cost": 110428.26,
                  "Plan Rows": 411514,
                  "Plan Width": 0,
                  "Actual Startup Time": 0.285,
                  "Actual Total Time": 148.793,
                  "Actual Rows": 439858,
                  "Actual Loops": 6,
                  "Index Cond": "(role_id = 3)",
                  "Rows Removed by Index Recheck": 0,
                  "Filter": "(person_id > 1768746)",
                  "Rows Removed by Filter": 228148
                }
              ]
            }
          ]
        }
      ]
    },
    "Planning Time": 0.241,
    "Triggers": [],
    "Execution Time": 190.665
  }
]