[
  {
    "Plan": {
      "Node Type": "Aggregate",
      "Strategy": "Plain",
      "Partial Mode": "Finalize",
      "Parallel Aware": false,
      "Startup Cost": 349296.98,
      "Total Cost": 349296.99,
      "Plan Rows": 1,
      "Plan Width": 8,
      "Actual Startup Time": 696.888,
      "Actual Total Time": 724.716,
      "Actual Rows": 1,
      "Actual Loops": 1,
      "Plans": [
        {
          "Node Type": "Gather",
          "Parent Relationship": "Outer",
          "Parallel Aware": false,
          "Startup Cost": 349296.35,
          "Total Cost": 349296.96,
          "Plan Rows": 6,
          "Plan Width": 8,
          "Actual Startup Time": 696.805,
          "Actual Total Time": 724.707,
          "Actual Rows": 7,
          "Actual Loops": 1,
          "Workers Planned": 6,
          "Workers Launched": 6,
          "Single Copy": false,
          "Plans": [
            {
              "Node Type": "Aggregate",
              "Strategy": "Plain",
              "Partial Mode": "Partial",
              "Parent Relationship": "Outer",
              "Parallel Aware": false,
              "Startup Cost": 348296.35,
              "Total Cost": 348296.36,
              "Plan Rows": 1,
              "Plan Width": 8,
              "Actual Startup Time": 690.456,
              "Actual Total Time": 690.457,
              "Actual Rows": 1,
              "Actual Loops": 7,
              "Plans": [
                {
                  "Node Type": "Seq Scan",
                  "Parent Relationship": "Outer",
                  "Parallel Aware": true,
                  "Relation Name": "cast_info",
                  "Alias": "ci",
                  "Startup Cost": 0.0,
                  "Total Cost": 343318.94,
                  "Plan Rows": 1990966,
                  "Plan Width": 0,
                  "Actual Startup Time": 174.544,
                  "Actual Total Time": 627.491,
                  "Actual Rows": 1348299,
                  "Actual Loops": 7,
                  "Filter": "((person_id > 1462049) AND (role_id < 3))",
                  "Rows Removed by Filter": 3829464
                }
              ]
            }
          ]
        }
      ]
    },
    "Planning Time": 0.078,
    "Triggers": [],
    "Execution Time": 724.744
  }
]