[
  {
    "Plan": {
      "Node Type": "Aggregate",
      "Strategy": "Plain",
      "Partial Mode": "Finalize",
      "Parallel Aware": false,
      "Startup Cost": 31184.15,
      "Total Cost": 31184.16,
      "Plan Rows": 1,
      "Plan Width": 8,
      "Actual Startup Time": 91.394,
      "Actual Total Time": 98.673,
      "Actual Rows": 1,
      "Actual Loops": 1,
      "Plans": [
        {
          "Node Type": "Gather",
          "Parent Relationship": "Outer",
          "Parallel Aware": false,
          "Startup Cost": 31183.83,
          "Total Cost": 31184.14,
          "Plan Rows": 3,
          "Plan Width": 8,
          "Actual Startup Time": 91.234,
          "Actual Total Time": 98.664,
          "Actual Rows": 4,
          "Actual Loops": 1,
          "Workers Planned": 3,
          "Workers Launched": 3,
          "Single Copy": false,
          "Plans": [
            {
              "Node Type": "Aggregate",
              "Strategy": "Plain",
              "Partial Mode": "Partial",
              "Parent Relationship": "Outer",
              "Parallel Aware": false,
              "Startup Cost": 30183.83,
              "Total Cost": 30183.84,
              "Plan Rows": 1,
              "Plan Width": 8,
              "Actual Startup Time": 86.105,
              "Actual Total Time": 86.106,
              "Actual Rows": 1,
              "Actual Loops": 4,
              "Plans": [
                {
                  "Node Type": "Seq Scan",
                  "Parent Relationship": "Outer",
                  "Parallel Aware": true,
                  "Relation Name": "movie_companies",
                  "Alias": "mc",
                  "Startup Cost": 0.0,
                  "Total Cost": 29310.68,
                  "Plan Rows": 349259,
                  "Plan Width": 0,
                  "Actual Startup Time": 16.586,
                  "Actual Total Time": 74.422,
                  "Actual Rows": 269042,
                  "Actual Loops": 4,
                  "Filter": "(company_id > 14423)",
                  "Rows Removed by Filter": 383240
                }
              ]
            }
          ]
        }
      ]
    },
    "Planning Time": 0.16,
    "Triggers": [],
    "Execution Time": 98.716
  }
]