{
    "Plan": {
        "Node Type": "Aggregate",
        "Strategy": "Plain",
        "Partial Mode": "Simple",
        "Parallel Aware": false,
        "Startup Cost": 80000285347.7,
        "Total Cost": 80000285347.71,
        "Plan Rows": 1,
        "Plan Width": 64,
        "Actual Startup Time": 916.798,
        "Actual Total Time": 916.81,
        "Actual Rows": 1,
        "Actual Loops": 1,
        "Output": [
            "min(n.name)",
            "min(t.title)"
        ],
        "Plans": [
            {
                "Node Type": "Nested Loop",
                "Parent Relationship": "Outer",
                "Parallel Aware": false,
                "Join Type": "Inner",
                "Startup Cost": 80000000011.61,
                "Total Cost": 80000285347.7,
                "Plan Rows": 1,
                "Plan Width": 32,
                "Actual Startup Time": 229.35,
                "Actual Total Time": 916.779,
                "Actual Rows": 54,
                "Actual Loops": 1,
                "Output": [
                    "n.name",
                    "t.title"
                ],
                "Inner Unique": true,
                "Plans": [
                    {
                        "Node Type": "Nested Loop",
                        "Parent Relationship": "Outer",
                        "Parallel Aware": false,
                        "Join Type": "Inner",
                        "Startup Cost": 70000000011.17,
                        "Total Cost": 70000285339.23,
                        "Plan Rows": 1,
                        "Plan Width": 36,
                        "Actual Startup Time": 229.341,
                        "Actual Total Time": 916.571,
                        "Actual Rows": 54,
                        "Actual Loops": 1,
                        "Output": [
                            "n.name",
                            "pi.info_type_id",
                            "t.title"
                        ],
                        "Inner Unique": true,
                        "Plans": [
                            {
                                "Node Type": "Nested Loop",
                                "Parent Relationship": "Outer",
                                "Parallel Aware": false,
                                "Join Type": "Inner",
                                "Startup Cost": 60000000010.73,
                                "Total Cost": 60000285334.78,
                                "Plan Rows": 1,
                                "Plan Width": 27,
                                "Actual Startup Time": 212.323,
                                "Actual Total Time": 916.068,
                                "Actual Rows": 69,
                                "Actual Loops": 1,
                                "Output": [
                                    "ci.movie_id",
                                    "ml.linked_movie_id",
                                    "n.name",
                                    "pi.info_type_id"
                                ],
                                "Inner Unique": true,
                                "Plans": [
                                    {
                                        "Node Type": "Nested Loop",
                                        "Parent Relationship": "Outer",
                                        "Parallel Aware": false,
                                        "Join Type": "Inner",
                                        "Startup Cost": 50000000010.59,
                                        "Total Cost": 50000285326.6,
                                        "Plan Rows": 1,
                                        "Plan Width": 31,
                                        "Actual Startup Time": 212.152,
                                        "Actual Total Time": 915.41,
                                        "Actual Rows": 181,
                                        "Actual Loops": 1,
                                        "Output": [
                                            "ci.movie_id",
                                            "ml.linked_movie_id",
                                            "ml.link_type_id",
                                            "n.name",
                                            "pi.info_type_id"
                                        ],
                                        "Inner Unique": false,
                                        "Plans": [
                                            {
                                                "Node Type": "Nested Loop",
                                                "Parent Relationship": "Outer",
                                                "Parallel Aware": false,
                                                "Join Type": "Inner",
                                                "Startup Cost": 40000000010.28,
                                                "Total Cost": 40000285296.17,
                                                "Plan Rows": 7,
                                                "Plan Width": 23,
                                                "Actual Startup Time": 212.081,
                                                "Actual Total Time": 913.081,
                                                "Actual Rows": 475,
                                                "Actual Loops": 1,
                                                "Output": [
                                                    "ci.movie_id",
                                                    "n.name",
                                                    "pi.info_type_id"
                                                ],
                                                "Inner Unique": false,
                                                "Plans": [
                                                    {
                                                        "Node Type": "Nested Loop",
                                                        "Parent Relationship": "Outer",
                                                        "Parallel Aware": false,
                                                        "Join Type": "Inner",
                                                        "Startup Cost": 30000000005.32,
                                                        "Total Cost": 30000285275.73,
                                                        "Plan Rows": 1,
                                                        "Plan Width": 31,
                                                        "Actual Startup Time": 211.999,
                                                        "Actual Total Time": 912.739,
                                                        "Actual Rows": 4,
                                                        "Actual Loops": 1,
                                                        "Output": [
                                                            "an.person_id",
                                                            "n.name",
                                                            "n.id",
                                                            "pi.person_id",
                                                            "pi.info_type_id"
                                                        ],
                                                        "Inner Unique": false,
                                                        "Plans": [
                                                            {
                                                                "Node Type": "Nested Loop",
                                                                "Parent Relationship": "Outer",
                                                                "Parallel Aware": false,
                                                                "Join Type": "Inner",
                                                                "Startup Cost": 20000000004.87,
                                                                "Total Cost": 20000285239.79,
                                                                "Plan Rows": 8,
                                                                "Plan Width": 27,
                                                                "Actual Startup Time": 205.718,
                                                                "Actual Total Time": 912.19,
                                                                "Actual Rows": 22,
                                                                "Actual Loops": 1,
                                                                "Output": [
                                                                    "n.name",
                                                                    "n.id",
                                                                    "pi.person_id",
                                                                    "pi.info_type_id"
                                                                ],
                                                                "Inner Unique": true,
                                                                "Plans": [
                                                                    {
                                                                        "Node Type": "Index Scan",
                                                                        "Parent Relationship": "Outer",
                                                                        "Parallel Aware": false,
                                                                        "Scan Direction": "Forward",
                                                                        "Index Name": "info_type_id_person_info",
                                                                        "Relation Name": "person_info",
                                                                        "Schema": "public",
                                                                        "Alias": "pi",
                                                                        "Startup Cost": 10000000000.43,
                                                                        "Total Cost": 10000285002.84,
                                                                        "Plan Rows": 28,
                                                                        "Plan Width": 8,
                                                                        "Actual Startup Time": 192.6,
                                                                        "Actual Total Time": 910.675,
                                                                        "Actual Rows": 64,
                                                                        "Actual Loops": 1,
                                                                        "Output": [
                                                                            "pi.id",
                                                                            "pi.person_id",
                                                                            "pi.info_type_id",
                                                                            "pi.info",
                                                                            "pi.note"
                                                                        ],
                                                                        "Filter": "(pi.note = 'Volker Boehm'::text)",
                                                                        "Rows Removed by Filter": 2963600
                                                                    },
                                                                    {
                                                                        "Node Type": "Bitmap Heap Scan",
                                                                        "Parent Relationship": "Inner",
                                                                        "Parallel Aware": false,
                                                                        "Relation Name": "name",
                                                                        "Schema": "public",
                                                                        "Alias": "n",
                                                                        "Startup Cost": 4.44,
                                                                        "Total Cost": 8.46,
                                                                        "Plan Rows": 1,
                                                                        "Plan Width": 19,
                                                                        "Actual Startup Time": 0.021,
                                                                        "Actual Total Time": 0.021,
                                                                        "Actual Rows": 0,
                                                                        "Actual Loops": 64,
                                                                        "Output": [
                                                                            "n.id",
                                                                            "n.name",
                                                                            "n.imdb_index",
                                                                            "n.imdb_id",
                                                                            "n.gender",
                                                                            "n.name_pcode_cf",
                                                                            "n.name_pcode_nf",
                                                                            "n.surname_pcode",
                                                                            "n.md5sum"
                                                                        ],
                                                                        "Recheck Cond": "(n.id = pi.person_id)",
                                                                        "Rows Removed by Index Recheck": 0,
                                                                        "Filter": "(((n.name_pcode_cf)::text >= 'F'::text) AND ((n.name_pcode_cf)::text <= 'U'::text) AND (((n.gender)::text = 'm'::text) OR (((n.gender)::text = 'f'::text) AND (n.name ~~ 'B%'::text))))",
                                                                        "Rows Removed by Filter": 1,
                                                                        "Exact Heap Blocks": 64,
                                                                        "Lossy Heap Blocks": 0,
                                                                        "Plans": [
                                                                            {
                                                                                "Node Type": "Bitmap Index Scan",
                                                                                "Parent Relationship": "Outer",
                                                                                "Parallel Aware": false,
                                                                                "Index Name": "name_pkey",
                                                                                "Startup Cost": 0.0,
                                                                                "Total Cost": 4.44,
                                                                                "Plan Rows": 1,
                                                                                "Plan Width": 0,
                                                                                "Actual Startup Time": 0.012,
                                                                                "Actual Total Time": 0.012,
                                                                                "Actual Rows": 1,
                                                                                "Actual Loops": 64,
                                                                                "Index Cond": "(n.id = pi.person_id)"
                                                                            }
                                                                        ]
                                                                    }
                                                                ]
                                                            },
                                                            {
                                                                "Node Type": "Bitmap Heap Scan",
                                                                "Parent Relationship": "Inner",
                                                                "Parallel Aware": false,
                                                                "Relation Name": "aka_name",
                                                                "Schema": "public",
                                                                "Alias": "an",
                                                                "Startup Cost": 0.45,
                                                                "Total Cost": 4.48,
                                                                "Plan Rows": 1,
                                                                "Plan Width": 4,
                                                                "Actual Startup Time": 0.022,
                                                                "Actual Total Time": 0.022,
                                                                "Actual Rows": 0,
                                                                "Actual Loops": 22,
                                                                "Output": [
                                                                    "an.id",
                                                                    "an.person_id",
                                                                    "an.name",
                                                                    "an.imdb_index",
                                                                    "an.name_pcode_cf",
                                                                    "an.name_pcode_nf",
                                                                    "an.surname_pcode",
                                                                    "an.md5sum"
                                                                ],
                                                                "Recheck Cond": "(an.person_id = n.id)",
                                                                "Rows Removed by Index Recheck": 0,
                                                                "Filter": "(an.name ~~ '%N%'::text)",
                                                                "Rows Removed by Filter": 2,
                                                                "Exact Heap Blocks": 32,
                                                                "Lossy Heap Blocks": 0,
                                                                "Plans": [
                                                                    {
                                                                        "Node Type": "Bitmap Index Scan",
                                                                        "Parent Relationship": "Outer",
                                                                        "Parallel Aware": false,
                                                                        "Index Name": "person_id_aka_name",
                                                                        "Startup Cost": 0.0,
                                                                        "Total Cost": 0.45,
                                                                        "Plan Rows": 2,
                                                                        "Plan Width": 0,
                                                                        "Actual Startup Time": 0.013,
                                                                        "Actual Total Time": 0.013,
                                                                        "Actual Rows": 2,
                                                                        "Actual Loops": 22,
                                                                        "Index Cond": "(an.person_id = n.id)"
                                                                    }
                                                                ]
                                                            }
                                                        ]
                                                    },
                                                    {
                                                        "Node Type": "Bitmap Heap Scan",
                                                        "Parent Relationship": "Inner",
                                                        "Parallel Aware": false,
                                                        "Relation Name": "cast_info",
                                                        "Schema": "public",
                                                        "Alias": "ci",
                                                        "Startup Cost": 4.97,
                                                        "Total Cost": 15.34,
                                                        "Plan Rows": 510,
                                                        "Plan Width": 8,
                                                        "Actual Startup Time": 0.033,
                                                        "Actual Total Time": 0.063,
                                                        "Actual Rows": 119,
                                                        "Actual Loops": 4,
                                                        "Output": [
                                                            "ci.id",
                                                            "ci.person_id",
                                                            "ci.movie_id",
                                                            "ci.person_role_id",
                                                            "ci.note",
                                                            "ci.nr_order",
                                                            "ci.role_id"
                                                        ],
                                                        "Recheck Cond": "(ci.person_id = n.id)",
                                                        "Rows Removed by Index Recheck": 0,
                                                        "Exact Heap Blocks": 18,
                                                        "Lossy Heap Blocks": 0,
                                                        "Plans": [
                                                            {
                                                                "Node Type": "Bitmap Index Scan",
                                                                "Parent Relationship": "Outer",
                                                                "Parallel Aware": false,
                                                                "Index Name": "person_id_cast_info",
                                                                "Startup Cost": 0.0,
                                                                "Total Cost": 4.84,
                                                                "Plan Rows": 510,
                                                                "Plan Width": 0,
                                                                "Actual Startup Time": 0.025,
                                                                "Actual Total Time": 0.025,
                                                                "Actual Rows": 119,
                                                                "Actual Loops": 4,
                                                                "Index Cond": "(ci.person_id = n.id)"
                                                            }
                                                        ]
                                                    }
                                                ]
                                            },
                                            {
                                                "Node Type": "Bitmap Heap Scan",
                                                "Parent Relationship": "Inner",
                                                "Parallel Aware": false,
                                                "Relation Name": "movie_link",
                                                "Schema": "public",
                                                "Alias": "ml",
                                                "Startup Cost": 0.3,
                                                "Total Cost": 4.33,
                                                "Plan Rows": 2,
                                                "Plan Width": 8,
                                                "Actual Startup Time": 0.003,
                                                "Actual Total Time": 0.003,
                                                "Actual Rows": 0,
                                                "Actual Loops": 475,
                                                "Output": [
                                                    "ml.id",
                                                    "ml.movie_id",
                                                    "ml.linked_movie_id",
                                                    "ml.link_type_id"
                                                ],
                                                "Recheck Cond": "(ml.linked_movie_id = ci.movie_id)",
                                                "Rows Removed by Index Recheck": 0,
                                                "Exact Heap Blocks": 162,
                                                "Lossy Heap Blocks": 0,
                                                "Plans": [
                                                    {
                                                        "Node Type": "Bitmap Index Scan",
                                                        "Parent Relationship": "Outer",
                                                        "Parallel Aware": false,
                                                        "Index Name": "linked_movie_id_movie_link",
                                                        "Startup Cost": 0.0,
                                                        "Total Cost": 0.3,
                                                        "Plan Rows": 2,
                                                        "Plan Width": 0,
                                                        "Actual Startup Time": 0.002,
                                                        "Actual Total Time": 0.002,
                                                        "Actual Rows": 0,
                                                        "Actual Loops": 475,
                                                        "Index Cond": "(ml.linked_movie_id = ci.movie_id)"
                                                    }
                                                ]
                                            }
                                        ]
                                    },
                                    {
                                        "Node Type": "Bitmap Heap Scan",
                                        "Parent Relationship": "Inner",
                                        "Parallel Aware": false,
                                        "Relation Name": "link_type",
                                        "Schema": "public",
                                        "Alias": "lt",
                                        "Startup Cost": 0.15,
                                        "Total Cost": 4.16,
                                        "Plan Rows": 1,
                                        "Plan Width": 4,
                                        "Actual Startup Time": 0.002,
                                        "Actual Total Time": 0.002,
                                        "Actual Rows": 0,
                                        "Actual Loops": 181,
                                        "Output": [
                                            "lt.id",
                                            "lt.link"
                                        ],
                                        "Recheck Cond": "(lt.id = ml.link_type_id)",
                                        "Rows Removed by Index Recheck": 0,
                                        "Filter": "((lt.link)::text = 'features'::text)",
                                        "Rows Removed by Filter": 1,
                                        "Exact Heap Blocks": 181,
                                        "Lossy Heap Blocks": 0,
                                        "Plans": [
                                            {
                                                "Node Type": "Bitmap Index Scan",
                                                "Parent Relationship": "Outer",
                                                "Parallel Aware": false,
                                                "Index Name": "link_type_pkey",
                                                "Startup Cost": 0.0,
                                                "Total Cost": 0.15,
                                                "Plan Rows": 1,
                                                "Plan Width": 0,
                                                "Actual Startup Time": 0.001,
                                                "Actual Total Time": 0.001,
                                                "Actual Rows": 1,
                                                "Actual Loops": 181,
                                                "Index Cond": "(lt.id = ml.link_type_id)"
                                            }
                                        ]
                                    }
                                ]
                            },
                            {
                                "Node Type": "Bitmap Heap Scan",
                                "Parent Relationship": "Inner",
                                "Parallel Aware": false,
                                "Relation Name": "title",
                                "Schema": "public",
                                "Alias": "t",
                                "Startup Cost": 0.44,
                                "Total Cost": 4.46,
                                "Plan Rows": 1,
                                "Plan Width": 21,
                                "Actual Startup Time": 0.006,
                                "Actual Total Time": 0.006,
                                "Actual Rows": 1,
                                "Actual Loops": 69,
                                "Output": [
                                    "t.id",
                                    "t.title",
                                    "t.imdb_index",
                                    "t.kind_id",
                                    "t.production_year",
                                    "t.imdb_id",
                                    "t.phonetic_code",
                                    "t.episode_of_id",
                                    "t.season_nr",
                                    "t.episode_nr",
                                    "t.series_years",
                                    "t.md5sum"
                                ],
                                "Recheck Cond": "(t.id = ci.movie_id)",
                                "Rows Removed by Index Recheck": 0,
                                "Filter": "((t.production_year >= 1953) AND (t.production_year <= 2013))",
                                "Rows Removed by Filter": 0,
                                "Exact Heap Blocks": 69,
                                "Lossy Heap Blocks": 0,
                                "Plans": [
                                    {
                                        "Node Type": "Bitmap Index Scan",
                                        "Parent Relationship": "Outer",
                                        "Parallel Aware": false,
                                        "Index Name": "title_pkey",
                                        "Startup Cost": 0.0,
                                        "Total Cost": 0.44,
                                        "Plan Rows": 1,
                                        "Plan Width": 0,
                                        "Actual Startup Time": 0.004,
                                        "Actual Total Time": 0.004,
                                        "Actual Rows": 1,
                                        "Actual Loops": 69,
                                        "Index Cond": "(t.id = ci.movie_id)"
                                    }
                                ]
                            }
                        ]
                    },
                    {
                        "Node Type": "Bitmap Heap Scan",
                        "Parent Relationship": "Inner",
                        "Parallel Aware": false,
                        "Relation Name": "info_type",
                        "Schema": "public",
                        "Alias": "it",
                        "Startup Cost": 0.44,
                        "Total Cost": 4.45,
                        "Plan Rows": 1,
                        "Plan Width": 4,
                        "Actual Startup Time": 0.002,
                        "Actual Total Time": 0.002,
                        "Actual Rows": 1,
                        "Actual Loops": 54,
                        "Output": [
                            "it.id",
                            "it.info"
                        ],
                        "Recheck Cond": "(it.id = pi.info_type_id)",
                        "Rows Removed by Index Recheck": 0,
                        "Filter": "((it.info)::text = 'mini biography'::text)",
                        "Rows Removed by Filter": 0,
                        "Exact Heap Blocks": 54,
                        "Lossy Heap Blocks": 0,
                        "Plans": [
                            {
                                "Node Type": "Bitmap Index Scan",
                                "Parent Relationship": "Outer",
                                "Parallel Aware": false,
                                "Index Name": "info_type_pkey",
                                "Startup Cost": 0.0,
                                "Total Cost": 0.44,
                                "Plan Rows": 1,
                                "Plan Width": 0,
                                "Actual Startup Time": 0.001,
                                "Actual Total Time": 0.001,
                                "Actual Rows": 1,
                                "Actual Loops": 54,
                                "Index Cond": "(it.id = pi.info_type_id)"
                            }
                        ]
                    }
                ]
            }
        ]
    },
    "Planning Time": 11.938,
    "Triggers": [],
    "Execution Time": 917.489
}