[
  {
    "Plan": {
      "Node Type": "Aggregate",
      "Strategy": "Plain",
      "Partial Mode": "Finalize",
      "Parallel Aware": false,
      "Startup Cost": 31739.52,
      "Total Cost": 31739.53,
      "Plan Rows": 1,
      "Plan Width": 8,
      "Actual Startup Time": 120.32,
      "Actual Total Time": 129.355,
      "Actual Rows": 1,
      "Actual Loops": 1,
      "Plans": [
        {
          "Node Type": "Gather",
          "Parent Relationship": "Outer",
          "Parallel Aware": false,
          "Startup Cost": 31739.2,
          "Total Cost": 31739.51,
          "Plan Rows": 3,
          "Plan Width": 8,
          "Actual Startup Time": 120.176,
          "Actual Total Time": 129.347,
          "Actual Rows": 4,
          "Actual Loops": 1,
          "Workers Planned": 3,
          "Workers Launched": 3,
          "Single Copy": false,
          "Plans": [
            {
              "Node Type": "Aggregate",
              "Strategy": "Plain",
              "Partial Mode": "Partial",
              "Parent Relationship": "Outer",
              "Parallel Aware": false,
              "Startup Cost": 30739.2,
              "Total Cost": 30739.21,
              "Plan Rows": 1,
              "Plan Width": 8,
              "Actual Startup Time": 114.261,
              "Actual Total Time": 114.263,
              "Actual Rows": 1,
              "Actual Loops": 4,
              "Plans": [
                {
                  "Node Type": "Seq Scan",
                  "Parent Relationship": "Outer",
                  "Parallel Aware": true,
                  "Relation Name": "movie_companies",
                  "Alias": "mc",
                  "Startup Cost": 0.0,
                  "Total Cost": 29310.68,
                  "Plan Rows": 571408,
                  "Plan Width": 0,
                  "Actual Startup Time": 1.379,
                  "Actual Total Time": 90.99,
                  "Actual Rows": 443055,
                  "Actual Loops": 4,
                  "Filter": "(company_id > 2165)",
                  "Rows Removed by Filter": 209227
                }
              ]
            }
          ]
        }
      ]
    },
    "Planning Time": 0.18,
    "Triggers": [],
    "Execution Time": 129.404
  }
]