[
  {
    "Plan": {
      "Node Type": "Aggregate",
      "Strategy": "Plain",
      "Partial Mode": "Finalize",
      "Parallel Aware": false,
      "Startup Cost": 31735.54,
      "Total Cost": 31735.55,
      "Plan Rows": 1,
      "Plan Width": 8,
      "Actual Startup Time": 113.426,
      "Actual Total Time": 121.931,
      "Actual Rows": 1,
      "Actual Loops": 1,
      "Plans": [
        {
          "Node Type": "Gather",
          "Parent Relationship": "Outer",
          "Parallel Aware": false,
          "Startup Cost": 31735.22,
          "Total Cost": 31735.53,
          "Plan Rows": 3,
          "Plan Width": 8,
          "Actual Startup Time": 113.303,
          "Actual Total Time": 121.924,
          "Actual Rows": 4,
          "Actual Loops": 1,
          "Workers Planned": 3,
          "Workers Launched": 3,
          "Single Copy": false,
          "Plans": [
            {
              "Node Type": "Aggregate",
              "Strategy": "Plain",
              "Partial Mode": "Partial",
              "Parent Relationship": "Outer",
              "Parallel Aware": false,
              "Startup Cost": 30735.22,
              "Total Cost": 30735.23,
              "Plan Rows": 1,
              "Plan Width": 8,
              "Actual Startup Time": 106.949,
              "Actual Total Time": 106.95,
              "Actual Rows": 1,
              "Actual Loops": 4,
              "Plans": [
                {
                  "Node Type": "Seq Scan",
                  "Parent Relationship": "Outer",
                  "Parallel Aware": true,
                  "Relation Name": "movie_companies",
                  "Alias": "mc",
                  "Startup Cost": 0.0,
                  "Total Cost": 29310.68,
                  "Plan Rows": 569817,
                  "Plan Width": 0,
                  "Actual Startup Time": 1.521,
                  "Actual Total Time": 86.452,
                  "Actual Rows": 443055,
                  "Actual Loops": 4,
                  "Filter": "(company_id > 2165)",
                  "Rows Removed by Filter": 209227
                }
              ]
            }
          ]
        }
      ]
    },
    "Planning Time": 0.186,
    "Triggers": [],
    "Execution Time": 121.987
  }
]