[
    {
        "Bao": {
            "Bao prediction": 462.986,
            "Bao recommended hint": "(no hint)"
        }
    },
    {
        "Plan": {
            "Node Type": "Aggregate",
            "Strategy": "Plain",
            "Partial Mode": "Finalize",
            "Parallel Aware": false,
            "Startup Cost": 346954.0,
            "Total Cost": 346954.01,
            "Plan Rows": 1,
            "Plan Width": 8,
            "Actual Startup Time": 862.774,
            "Actual Total Time": 895.78,
            "Actual Rows": 1,
            "Actual Loops": 1,
            "Output": [
                "count(*)"
            ],
            "Plans": [
                {
                    "Node Type": "Gather",
                    "Parent Relationship": "Outer",
                    "Parallel Aware": false,
                    "Startup Cost": 346953.38,
                    "Total Cost": 346953.99,
                    "Plan Rows": 6,
                    "Plan Width": 8,
                    "Actual Startup Time": 862.664,
                    "Actual Total Time": 895.772,
                    "Actual Rows": 7,
                    "Actual Loops": 1,
                    "Output": [
                        "(PARTIAL count(*))"
                    ],
                    "Workers Planned": 6,
                    "Workers Launched": 6,
                    "Single Copy": false,
                    "Plans": [
                        {
                            "Node Type": "Aggregate",
                            "Strategy": "Plain",
                            "Partial Mode": "Partial",
                            "Parent Relationship": "Outer",
                            "Parallel Aware": false,
                            "Startup Cost": 345953.38,
                            "Total Cost": 345953.39,
                            "Plan Rows": 1,
                            "Plan Width": 8,
                            "Actual Startup Time": 853.306,
                            "Actual Total Time": 853.307,
                            "Actual Rows": 1,
                            "Actual Loops": 7,
                            "Output": [
                                "PARTIAL count(*)"
                            ],
                            "Workers": [
                                {
                                    "Worker Number": 0,
                                    "Actual Startup Time": 850.888,
                                    "Actual Total Time": 850.889,
                                    "Actual Rows": 1,
                                    "Actual Loops": 1
                                },
                                {
                                    "Worker Number": 1,
                                    "Actual Startup Time": 851.719,
                                    "Actual Total Time": 851.72,
                                    "Actual Rows": 1,
                                    "Actual Loops": 1
                                },
                                {
                                    "Worker Number": 2,
                                    "Actual Startup Time": 852.1,
                                    "Actual Total Time": 852.101,
                                    "Actual Rows": 1,
                                    "Actual Loops": 1
                                },
                                {
                                    "Worker Number": 3,
                                    "Actual Startup Time": 852.159,
                                    "Actual Total Time": 852.16,
                                    "Actual Rows": 1,
                                    "Actual Loops": 1
                                },
                                {
                                    "Worker Number": 4,
                                    "Actual Startup Time": 852.165,
                                    "Actual Total Time": 852.166,
                                    "Actual Rows": 1,
                                    "Actual Loops": 1
                                },
                                {
                                    "Worker Number": 5,
                                    "Actual Startup Time": 852.252,
                                    "Actual Total Time": 852.253,
                                    "Actual Rows": 1,
                                    "Actual Loops": 1
                                }
                            ],
                            "Plans": [
                                {
                                    "Node Type": "Seq Scan",
                                    "Parent Relationship": "Outer",
                                    "Parallel Aware": true,
                                    "Relation Name": "cast_info",
                                    "Schema": "public",
                                    "Alias": "ci",
                                    "Startup Cost": 0.0,
                                    "Total Cost": 343318.94,
                                    "Plan Rows": 1053775,
                                    "Plan Width": 0,
                                    "Actual Startup Time": 394.238,
                                    "Actual Total Time": 762.315,
                                    "Actual Rows": 1525158,
                                    "Actual Loops": 7,
                                    "Output": [
                                        "id",
                                        "person_id",
                                        "movie_id",
                                        "person_role_id",
                                        "note",
                                        "nr_order",
                                        "role_id"
                                    ],
                                    "Filter": "((ci.person_id > 2219880) AND (ci.role_id > 2))",
                                    "Rows Removed by Filter": 3652605,
                                    "Workers": [
                                        {
                                            "Worker Number": 0,
                                            "Actual Startup Time": 391.812,
                                            "Actual Total Time": 761.918,
                                            "Actual Rows": 1333442,
                                            "Actual Loops": 1
                                        },
                                        {
                                            "Worker Number": 1,
                                            "Actual Startup Time": 392.668,
                                            "Actual Total Time": 762.347,
                                            "Actual Rows": 1339486,
                                            "Actual Loops": 1
                                        },
                                        {
                                            "Worker Number": 2,
                                            "Actual Startup Time": 393.022,
                                            "Actual Total Time": 762.168,
                                            "Actual Rows": 1347723,
                                            "Actual Loops": 1
                                        },
                                        {
                                            "Worker Number": 3,
                                            "Actual Startup Time": 393.109,
                                            "Actual Total Time": 764.166,
                                            "Actual Rows": 1321335,
                                            "Actual Loops": 1
                                        },
                                        {
                                            "Worker Number": 4,
                                            "Actual Startup Time": 393.095,
                                            "Actual Total Time": 762.291,
                                            "Actual Rows": 1345173,
                                            "Actual Loops": 1
                                        },
                                        {
                                            "Worker Number": 5,
                                            "Actual Startup Time": 393.164,
                                            "Actual Total Time": 762.253,
                                            "Actual Rows": 1348449,
                                            "Actual Loops": 1
                                        }
                                    ]
                                }
                            ]
                        }
                    ]
                }
            ]
        },
        "Planning Time": 1138.738,
        "Triggers": [],
        "Execution Time": 895.875
    }
]