{
    "Plan": {
        "Node Type": "Aggregate",
        "Strategy": "Plain",
        "Partial Mode": "Finalize",
        "Parallel Aware": false,
        "Startup Cost": 173981.12,
        "Total Cost": 173981.13,
        "Plan Rows": 1,
        "Plan Width": 8,
        "Actual Startup Time": 811.064,
        "Actual Total Time": 837.609,
        "Actual Rows": 1,
        "Actual Loops": 1,
        "Output": [
            "count(*)"
        ],
        "Plans": [
            {
                "Node Type": "Gather",
                "Parent Relationship": "Outer",
                "Parallel Aware": false,
                "Startup Cost": 173980.81,
                "Total Cost": 173981.12,
                "Plan Rows": 3,
                "Plan Width": 8,
                "Actual Startup Time": 805.273,
                "Actual Total Time": 837.6,
                "Actual Rows": 4,
                "Actual Loops": 1,
                "Output": [
                    "(PARTIAL count(*))"
                ],
                "Workers Planned": 3,
                "Workers Launched": 3,
                "Single Copy": false,
                "Plans": [
                    {
                        "Node Type": "Aggregate",
                        "Strategy": "Plain",
                        "Partial Mode": "Partial",
                        "Parent Relationship": "Outer",
                        "Parallel Aware": false,
                        "Startup Cost": 172980.81,
                        "Total Cost": 172980.82,
                        "Plan Rows": 1,
                        "Plan Width": 8,
                        "Actual Startup Time": 793.776,
                        "Actual Total Time": 793.78,
                        "Actual Rows": 1,
                        "Actual Loops": 4,
                        "Output": [
                            "PARTIAL count(*)"
                        ],
                        "Workers": [
                            {
                                "Worker Number": 0,
                                "Actual Startup Time": 791.219,
                                "Actual Total Time": 791.224,
                                "Actual Rows": 1,
                                "Actual Loops": 1
                            },
                            {
                                "Worker Number": 1,
                                "Actual Startup Time": 789.718,
                                "Actual Total Time": 789.722,
                                "Actual Rows": 1,
                                "Actual Loops": 1
                            },
                            {
                                "Worker Number": 2,
                                "Actual Startup Time": 789.974,
                                "Actual Total Time": 789.978,
                                "Actual Rows": 1,
                                "Actual Loops": 1
                            }
                        ],
                        "Plans": [
                            {
                                "Node Type": "Hash Join",
                                "Parent Relationship": "Outer",
                                "Parallel Aware": true,
                                "Join Type": "Inner",
                                "Startup Cost": 134713.94,
                                "Total Cost": 171485.47,
                                "Plan Rows": 598136,
                                "Plan Width": 0,
                                "Actual Startup Time": 543.481,
                                "Actual Total Time": 780.756,
                                "Actual Rows": 228624,
                                "Actual Loops": 4,
                                "Inner Unique": true,
                                "Hash Cond": "(mk.movie_id = t.id)",
                                "Workers": [
                                    {
                                        "Worker Number": 0,
                                        "Actual Startup Time": 540.019,
                                        "Actual Total Time": 778.561,
                                        "Actual Rows": 168589,
                                        "Actual Loops": 1
                                    },
                                    {
                                        "Worker Number": 1,
                                        "Actual Startup Time": 539.963,
                                        "Actual Total Time": 776.019,
                                        "Actual Rows": 183021,
                                        "Actual Loops": 1
                                    },
                                    {
                                        "Worker Number": 2,
                                        "Actual Startup Time": 539.711,
                                        "Actual Total Time": 776.921,
                                        "Actual Rows": 311479,
                                        "Actual Loops": 1
                                    }
                                ],
                                "Plans": [
                                    {
                                        "Node Type": "Bitmap Heap Scan",
                                        "Parent Relationship": "Outer",
                                        "Parallel Aware": true,
                                        "Relation Name": "movie_keyword",
                                        "Schema": "public",
                                        "Alias": "mk",
                                        "Startup Cost": 53549.96,
                                        "Total Cost": 88183.73,
                                        "Plan Rows": 814382,
                                        "Plan Width": 4,
                                        "Actual Startup Time": 143.376,
                                        "Actual Total Time": 264.431,
                                        "Actual Rows": 631157,
                                        "Actual Loops": 4,
                                        "Output": [
                                            "mk.id",
                                            "mk.movie_id",
                                            "mk.keyword_id"
                                        ],
                                        "Recheck Cond": "(mk.keyword_id > 3535)",
                                        "Rows Removed by Index Recheck": 0,
                                        "Exact Heap Blocks": 7169,
                                        "Lossy Heap Blocks": 0,
                                        "Workers": [
                                            {
                                                "Worker Number": 0,
                                                "Actual Startup Time": 143.506,
                                                "Actual Total Time": 265.214,
                                                "Actual Rows": 470919,
                                                "Actual Loops": 1
                                            },
                                            {
                                                "Worker Number": 1,
                                                "Actual Startup Time": 143.547,
                                                "Actual Total Time": 265.726,
                                                "Actual Rows": 509933,
                                                "Actual Loops": 1
                                            },
                                            {
                                                "Worker Number": 2,
                                                "Actual Startup Time": 143.087,
                                                "Actual Total Time": 263.64,
                                                "Actual Rows": 802019,
                                                "Actual Loops": 1
                                            }
                                        ],
                                        "Plans": [
                                            {
                                                "Node Type": "Bitmap Index Scan",
                                                "Parent Relationship": "Outer",
                                                "Parallel Aware": false,
                                                "Index Name": "keyword_id_movie_keyword",
                                                "Startup Cost": 0.0,
                                                "Total Cost": 52918.81,
                                                "Plan Rows": 2524584,
                                                "Plan Width": 0,
                                                "Actual Startup Time": 139.537,
                                                "Actual Total Time": 139.538,
                                                "Actual Rows": 2524628,
                                                "Actual Loops": 1,
                                                "Index Cond": "(mk.keyword_id > 3535)",
                                                "Workers": [
                                                    {
                                                        "Worker Number": 2,
                                                        "Actual Startup Time": 139.537,
                                                        "Actual Total Time": 139.538,
                                                        "Actual Rows": 2524628,
                                                        "Actual Loops": 1
                                                    }
                                                ]
                                            }
                                        ]
                                    },
                                    {
                                        "Node Type": "Hash",
                                        "Parent Relationship": "Inner",
                                        "Parallel Aware": true,
                                        "Startup Cost": 75360.96,
                                        "Total Cost": 75360.96,
                                        "Plan Rows": 464242,
                                        "Plan Width": 4,
                                        "Actual Startup Time": 393.53,
                                        "Actual Total Time": 393.531,
                                        "Actual Rows": 466372,
                                        "Actual Loops": 4,
                                        "Output": [
                                            "t.id"
                                        ],
                                        "Hash Buckets": 2097152,
                                        "Original Hash Buckets": 2097152,
                                        "Hash Batches": 1,
                                        "Original Hash Batches": 1,
                                        "Peak Memory Usage": 89440,
                                        "Workers": [
                                            {
                                                "Worker Number": 0,
                                                "Actual Startup Time": 396.045,
                                                "Actual Total Time": 396.046,
                                                "Actual Rows": 329484,
                                                "Actual Loops": 1
                                            },
                                            {
                                                "Worker Number": 1,
                                                "Actual Startup Time": 395.911,
                                                "Actual Total Time": 395.912,
                                                "Actual Rows": 391581,
                                                "Actual Loops": 1
                                            },
                                            {
                                                "Worker Number": 2,
                                                "Actual Startup Time": 396.203,
                                                "Actual Total Time": 396.204,
                                                "Actual Rows": 534157,
                                                "Actual Loops": 1
                                            }
                                        ],
                                        "Plans": [
                                            {
                                                "Node Type": "Bitmap Heap Scan",
                                                "Parent Relationship": "Outer",
                                                "Parallel Aware": true,
                                                "Relation Name": "title",
                                                "Schema": "public",
                                                "Alias": "t",
                                                "Startup Cost": 33559.93,
                                                "Total Cost": 75360.96,
                                                "Plan Rows": 464242,
                                                "Plan Width": 4,
                                                "Actual Startup Time": 74.358,
                                                "Actual Total Time": 217.623,
                                                "Actual Rows": 466372,
                                                "Actual Loops": 4,
                                                "Output": [
                                                    "t.id"
                                                ],
                                                "Recheck Cond": "(t.kind_id > 1)",
                                                "Rows Removed by Index Recheck": 0,
                                                "Exact Heap Blocks": 11553,
                                                "Lossy Heap Blocks": 0,
                                                "Workers": [
                                                    {
                                                        "Worker Number": 0,
                                                        "Actual Startup Time": 74.385,
                                                        "Actual Total Time": 219.243,
                                                        "Actual Rows": 329484,
                                                        "Actual Loops": 1
                                                    },
                                                    {
                                                        "Worker Number": 1,
                                                        "Actual Startup Time": 74.449,
                                                        "Actual Total Time": 221.309,
                                                        "Actual Rows": 391581,
                                                        "Actual Loops": 1
                                                    },
                                                    {
                                                        "Worker Number": 2,
                                                        "Actual Startup Time": 74.463,
                                                        "Actual Total Time": 216.593,
                                                        "Actual Rows": 534157,
                                                        "Actual Loops": 1
                                                    }
                                                ],
                                                "Plans": [
                                                    {
                                                        "Node Type": "Bitmap Index Scan",
                                                        "Parent Relationship": "Outer",
                                                        "Parallel Aware": false,
                                                        "Index Name": "kind_id_title",
                                                        "Startup Cost": 0.0,
                                                        "Total Cost": 33095.69,
                                                        "Plan Rows": 1856968,
                                                        "Plan Width": 0,
                                                        "Actual Startup Time": 68.42,
                                                        "Actual Total Time": 68.421,
                                                        "Actual Rows": 1865487,
                                                        "Actual Loops": 1,
                                                        "Index Cond": "(t.kind_id > 1)"
                                                    }
                                                ]
                                            }
                                        ]
                                    }
                                ]
                            }
                        ]
                    }
                ]
            }
        ]
    },
    "Planning Time": 2.54,
    "Triggers": [],
    "Execution Time": 838.033
}