[
  {
    "Plan": {
      "Node Type": "Aggregate",
      "Strategy": "Plain",
      "Partial Mode": "Finalize",
      "Parallel Aware": false,
      "Startup Cost": 292246.27,
      "Total Cost": 292246.28,
      "Plan Rows": 1,
      "Plan Width": 8,
      "Actual Startup Time": 1061.819,
      "Actual Total Time": 1121.628,
      "Actual Rows": 1,
      "Actual Loops": 1,
      "Plans": [
        {
          "Node Type": "Gather",
          "Parent Relationship": "Outer",
          "Parallel Aware": false,
          "Startup Cost": 292245.75,
          "Total Cost": 292246.26,
          "Plan Rows": 5,
          "Plan Width": 8,
          "Actual Startup Time": 1037.301,
          "Actual Total Time": 1121.608,
          "Actual Rows": 6,
          "Actual Loops": 1,
          "Workers Planned": 5,
          "Workers Launched": 5,
          "Single Copy": false,
          "Plans": [
            {
              "Node Type": "Aggregate",
              "Strategy": "Plain",
              "Partial Mode": "Partial",
              "Parent Relationship": "Outer",
              "Parallel Aware": false,
              "Startup Cost": 291245.75,
              "Total Cost": 291245.76,
              "Plan Rows": 1,
              "Plan Width": 8,
              "Actual Startup Time": 1027.563,
              "Actual Total Time": 1027.573,
              "Actual Rows": 1,
              "Actual Loops": 6,
              "Plans": [
                {
                  "Node Type": "Hash Join",
                  "Parent Relationship": "Outer",
                  "Parallel Aware": true,
                  "Join Type": "Inner",
                  "Startup Cost": 88599.25,
                  "Total Cost": 290908.66,
                  "Plan Rows": 134837,
                  "Plan Width": 0,
                  "Actual Startup Time": 545.73,
                  "Actual Total Time": 1010.839,
                  "Actual Rows": 310183,
                  "Actual Loops": 6,
                  "Inner Unique": false,
                  "Hash Cond": "(mi.movie_id = t.id)",
                  "Plans": [
                    {
                      "Node Type": "Seq Scan",
                      "Parent Relationship": "Outer",
                      "Parallel Aware": true,
                      "Relation Name": "movie_info",
                      "Alias": "mi",
                      "Startup Cost": 0.0,
                      "Total Cost": 199108.24,
                      "Plan Rows": 737655,
                      "Plan Width": 4,
                      "Actual Startup Time": 34.506,
                      "Actual Total Time": 373.997,
                      "Actual Rows": 604163,
                      "Actual Loops": 6,
                      "Filter": "(info_type_id < 4)",
                      "Rows Removed by Filter": 1868457
                    },
                    {
                      "Node Type": "Hash",
                      "Parent Relationship": "Inner",
                      "Parallel Aware": true,
                      "Startup Cost": 86735.64,
                      "Total Cost": 86735.64,
                      "Plan Rows": 149089,
                      "Plan Width": 8,
                      "Actual Startup Time": 502.046,
                      "Actual Total Time": 502.053,
                      "Actual Rows": 76317,
                      "Actual Loops": 6,
                      "Hash Buckets": 524288,
                      "Original Hash Buckets": 524288,
                      "Hash Batches": 1,
                      "Original Hash Batches": 1,
                      "Peak Memory Usage": 22112,
                      "Plans": [
                        {
                          "Node Type": "Hash Join",
                          "Parent Relationship": "Outer",
                          "Parallel Aware": true,
                          "Join Type": "Inner",
                          "Startup Cost": 60026.67,
                          "Total Cost": 86735.64,
                          "Plan Rows": 149089,
                          "Plan Width": 8,
                          "Actual Startup Time": 376.786,
                          "Actual Total Time": 467.931,
                          "Actual Rows": 76317,
                          "Actual Loops": 6,
                          "Inner Unique": true,
                          "Hash Cond": "(mk.movie_id = t.id)",
                          "Plans": [
                            {
                              "Node Type": "Bitmap Heap Scan",
                              "Parent Relationship": "Outer",
                              "Parallel Aware": true,
                              "Relation Name": "movie_keyword",
                              "Alias": "mk",
                              "Startup Cost": 9806.29,
                              "Total Cost": 36123.9,
                              "Plan Rows": 149089,
                              "Plan Width": 4,
                              "Actual Startup Time": 47.252,
                              "Actual Total Time": 99.551,
                              "Actual Rows": 76317,
                              "Actual Loops": 6,
                              "Recheck Cond": "(keyword_id > 38744)",
                              "Rows Removed by Index Recheck": 0,
                              "Exact Heap Blocks": 5077,
                              "Lossy Heap Blocks": 0,
                              "Plans": [
                                {
                                  "Node Type": "Bitmap Index Scan",
                                  "Parent Relationship": "Outer",
                                  "Parallel Aware": false,
                                  "Index Name": "keyword_id_movie_keyword",
                                  "Startup Cost": 0.0,
                                  "Total Cost": 9690.75,
                                  "Plan Rows": 462175,
                                  "Plan Width": 0,
                                  "Actual Startup Time": 41.602,
                                  "Actual Total Time": 41.603,
                                  "Actual Rows": 457902,
                                  "Actual Loops": 1,
                                  "Index Cond": "(keyword_id > 38744)"
                                }
                              ]
                            },
                            {
                              "Node Type": "Hash",
                              "Parent Relationship": "Inner",
                              "Parallel Aware": true,
                              "Startup Cost": 42319.06,
                              "Total Cost": 42319.06,
                              "Plan Rows": 632106,
                              "Plan Width": 4,
                              "Actual Startup Time": 323.236,
                              "Actual Total Time": 323.237,
                              "Actual Rows": 421385,
                              "Actual Loops": 6,
                              "Hash Buckets": 4194304,
                              "Original Hash Buckets": 4194304,
                              "Hash Batches": 1,
                              "Original Hash Batches": 1,
                              "Peak Memory Usage": 131776,
                              "Plans": [
                                {
                                  "Node Type": "Seq Scan",
                                  "Parent Relationship": "Outer",
                                  "Parallel Aware": true,
                                  "Relation Name": "title",
                                  "Alias": "t",
                                  "Startup Cost": 0.0,
                                  "Total Cost": 42319.06,
                                  "Plan Rows": 632106,
                                  "Plan Width": 4,
                                  "Actual Startup Time": 0.059,
                                  "Actual Total Time": 93.062,
                                  "Actual Rows": 421385,
                                  "Actual Loops": 6
                                }
                              ]
                            }
                          ]
                        }
                      ]
                    }
                  ]
                }
              ]
            }
          ]
        }
      ]
    },
    "Planning Time": 1.161,
    "Triggers": [],
    "Execution Time": 1121.741
  }
]