[
  {
    "Plan": {
      "Node Type": "Aggregate",
      "Strategy": "Plain",
      "Partial Mode": "Finalize",
      "Parallel Aware": false,
      "Startup Cost": 292215.23,
      "Total Cost": 292215.24,
      "Plan Rows": 1,
      "Plan Width": 8,
      "Actual Startup Time": 912.888,
      "Actual Total Time": 958.392,
      "Actual Rows": 1,
      "Actual Loops": 1,
      "Plans": [
        {
          "Node Type": "Gather",
          "Parent Relationship": "Outer",
          "Parallel Aware": false,
          "Startup Cost": 292214.7,
          "Total Cost": 292215.21,
          "Plan Rows": 5,
          "Plan Width": 8,
          "Actual Startup Time": 895.034,
          "Actual Total Time": 958.378,
          "Actual Rows": 6,
          "Actual Loops": 1,
          "Workers Planned": 5,
          "Workers Launched": 5,
          "Single Copy": false,
          "Plans": [
            {
              "Node Type": "Aggregate",
              "Strategy": "Plain",
              "Partial Mode": "Partial",
              "Parent Relationship": "Outer",
              "Parallel Aware": false,
              "Startup Cost": 291214.7,
              "Total Cost": 291214.71,
              "Plan Rows": 1,
              "Plan Width": 8,
              "Actual Startup Time": 883.937,
              "Actual Total Time": 883.944,
              "Actual Rows": 1,
              "Actual Loops": 6,
              "Plans": [
                {
                  "Node Type": "Hash Join",
                  "Parent Relationship": "Outer",
                  "Parallel Aware": true,
                  "Join Type": "Inner",
                  "Startup Cost": 88805.44,
                  "Total Cost": 290881.5,
                  "Plan Rows": 133282,
                  "Plan Width": 0,
                  "Actual Startup Time": 466.9,
                  "Actual Total Time": 869.787,
                  "Actual Rows": 310183,
                  "Actual Loops": 6,
                  "Inner Unique": false,
                  "Hash Cond": "(mi.movie_id = t.id)",
                  "Plans": [
                    {
                      "Node Type": "Seq Scan",
                      "Parent Relationship": "Outer",
                      "Parallel Aware": true,
                      "Relation Name": "movie_info",
                      "Alias": "mi",
                      "Startup Cost": 0.0,
                      "Total Cost": 198952.16,
                      "Plan Rows": 718388,
                      "Plan Width": 4,
                      "Actual Startup Time": 30.522,
                      "Actual Total Time": 321.252,
                      "Actual Rows": 604163,
                      "Actual Loops": 6,
                      "Filter": "(info_type_id < 4)",
                      "Rows Removed by Filter": 1868457
                    },
                    {
                      "Node Type": "Hash",
                      "Parent Relationship": "Inner",
                      "Parallel Aware": true,
                      "Startup Cost": 86914.02,
                      "Total Cost": 86914.02,
                      "Plan Rows": 151314,
                      "Plan Width": 8,
                      "Actual Startup Time": 428.386,
                      "Actual Total Time": 428.39,
                      "Actual Rows": 76317,
                      "Actual Loops": 6,
                      "Hash Buckets": 524288,
                      "Original Hash Buckets": 524288,
                      "Hash Batches": 1,
                      "Original Hash Batches": 1,
                      "Peak Memory Usage": 22112,
                      "Plans": [
                        {
                          "Node Type": "Hash Join",
                          "Parent Relationship": "Outer",
                          "Parallel Aware": true,
                          "Join Type": "Inner",
                          "Startup Cost": 60171.39,
                          "Total Cost": 86914.02,
                          "Plan Rows": 151314,
                          "Plan Width": 8,
                          "Actual Startup Time": 325.169,
                          "Actual Total Time": 401.629,
                          "Actual Rows": 76317,
                          "Actual Loops": 6,
                          "Inner Unique": true,
                          "Hash Cond": "(mk.movie_id = t.id)",
                          "Plans": [
                            {
                              "Node Type": "Bitmap Heap Scan",
                              "Parent Relationship": "Outer",
                              "Parallel Aware": true,
                              "Relation Name": "movie_keyword",
                              "Alias": "mk",
                              "Startup Cost": 9951.75,
                              "Total Cost": 36297.17,
                              "Plan Rows": 151314,
                              "Plan Width": 4,
                              "Actual Startup Time": 31.829,
                              "Actual Total Time": 77.445,
                              "Actual Rows": 76317,
                              "Actual Loops": 6,
                              "Recheck Cond": "(keyword_id > 38744)",
                              "Rows Removed by Index Recheck": 0,
                              "Exact Heap Blocks": 4995,
                              "Lossy Heap Blocks": 0,
                              "Plans": [
                                {
                                  "Node Type": "Bitmap Index Scan",
                                  "Parent Relationship": "Outer",
                                  "Parallel Aware": false,
                                  "Index Name": "keyword_id_movie_keyword",
                                  "Startup Cost": 0.0,
                                  "Total Cost": 9834.48,
                                  "Plan Rows": 469073,
                                  "Plan Width": 0,
                                  "Actual Startup Time": 28.32,
                                  "Actual Total Time": 28.321,
                                  "Actual Rows": 457902,
                                  "Actual Loops": 1,
                                  "Index Cond": "(keyword_id > 38744)"
                                }
                              ]
                            },
                            {
                              "Node Type": "Hash",
                              "Parent Relationship": "Inner",
                              "Parallel Aware": true,
                              "Startup Cost": 42318.73,
                              "Total Cost": 42318.73,
                              "Plan Rows": 632073,
                              "Plan Width": 4,
                              "Actual Startup Time": 287.566,
                              "Actual Total Time": 287.567,
                              "Actual Rows": 421385,
                              "Actual Loops": 6,
                              "Hash Buckets": 4194304,
                              "Original Hash Buckets": 4194304,
                              "Hash Batches": 1,
                              "Original Hash Batches": 1,
                              "Peak Memory Usage": 131744,
                              "Plans": [
                                {
                                  "Node Type": "Seq Scan",
                                  "Parent Relationship": "Outer",
                                  "Parallel Aware": true,
                                  "Relation Name": "title",
                                  "Alias": "t",
                                  "Startup Cost": 0.0,
                                  "Total Cost": 42318.73,
                                  "Plan Rows": 632073,
                                  "Plan Width": 4,
                                  "Actual Startup Time": 0.056,
                                  "Actual Total Time": 80.965,
                                  "Actual Rows": 421385,
                                  "Actual Loops": 6
                                }
                              ]
                            }
                          ]
                        }
                      ]
                    }
                  ]
                }
              ]
            }
          ]
        }
      ]
    },
    "Planning Time": 1.327,
    "Triggers": [],
    "Execution Time": 958.506
  }
]