[
  {
    "Plan": {
      "Node Type": "Aggregate",
      "Strategy": "Plain",
      "Partial Mode": "Finalize",
      "Parallel Aware": false,
      "Startup Cost": 46548.38,
      "Total Cost": 46548.39,
      "Plan Rows": 1,
      "Plan Width": 8,
      "Actual Startup Time": 86.999,
      "Actual Total Time": 96.529,
      "Actual Rows": 1,
      "Actual Loops": 1,
      "Plans": [
        {
          "Node Type": "Gather",
          "Parent Relationship": "Outer",
          "Parallel Aware": false,
          "Startup Cost": 46547.96,
          "Total Cost": 46548.37,
          "Plan Rows": 4,
          "Plan Width": 8,
          "Actual Startup Time": 86.841,
          "Actual Total Time": 96.521,
          "Actual Rows": 5,
          "Actual Loops": 1,
          "Workers Planned": 4,
          "Workers Launched": 4,
          "Single Copy": false,
          "Plans": [
            {
              "Node Type": "Aggregate",
              "Strategy": "Plain",
              "Partial Mode": "Partial",
              "Parent Relationship": "Outer",
              "Parallel Aware": false,
              "Startup Cost": 45547.96,
              "Total Cost": 45547.97,
              "Plan Rows": 1,
              "Plan Width": 8,
              "Actual Startup Time": 80.548,
              "Actual Total Time": 80.549,
              "Actual Rows": 1,
              "Actual Loops": 5,
              "Plans": [
                {
                  "Node Type": "Seq Scan",
                  "Parent Relationship": "Outer",
                  "Parallel Aware": true,
                  "Relation Name": "title",
                  "Alias": "t",
                  "Startup Cost": 0.0,
                  "Total Cost": 45479.1,
                  "Plan Rows": 27545,
                  "Plan Width": 0,
                  "Actual Startup Time": 0.064,
                  "Actual Total Time": 78.03,
                  "Actual Rows": 47888,
                  "Actual Loops": 5,
                  "Filter": "((kind_id < 3) AND (production_year < 1971))",
                  "Rows Removed by Filter": 457774
                }
              ]
            }
          ]
        }
      ]
    },
    "Planning Time": 0.108,
    "Triggers": [],
    "Execution Time": 96.567
  }
]