[
  {
    "Plan": {
      "Node Type": "Aggregate",
      "Strategy": "Plain",
      "Partial Mode": "Finalize",
      "Parallel Aware": false,
      "Startup Cost": 271582.52,
      "Total Cost": 271582.53,
      "Plan Rows": 1,
      "Plan Width": 8,
      "Actual Startup Time": 97.542,
      "Actual Total Time": 101.644,
      "Actual Rows": 1,
      "Actual Loops": 1,
      "Plans": [
        {
          "Node Type": "Gather",
          "Parent Relationship": "Outer",
          "Parallel Aware": false,
          "Startup Cost": 271581.9,
          "Total Cost": 271582.51,
          "Plan Rows": 6,
          "Plan Width": 8,
          "Actual Startup Time": 97.23,
          "Actual Total Time": 101.636,
          "Actual Rows": 7,
          "Actual Loops": 1,
          "Workers Planned": 6,
          "Workers Launched": 6,
          "Single Copy": false,
          "Plans": [
            {
              "Node Type": "Aggregate",
              "Strategy": "Plain",
              "Partial Mode": "Partial",
              "Parent Relationship": "Outer",
              "Parallel Aware": false,
              "Startup Cost": 270581.9,
              "Total Cost": 270581.91,
              "Plan Rows": 1,
              "Plan Width": 8,
              "Actual Startup Time": 86.773,
              "Actual Total Time": 86.774,
              "Actual Rows": 1,
              "Actual Loops": 7,
              "Plans": [
                {
                  "Node Type": "Bitmap Heap Scan",
                  "Parent Relationship": "Outer",
                  "Parallel Aware": true,
                  "Relation Name": "cast_info",
                  "Alias": "ci",
                  "Startup Cost": 15891.93,
                  "Total Cost": 270384.59,
                  "Plan Rows": 78923,
                  "Plan Width": 0,
                  "Actual Startup Time": 36.247,
                  "Actual Total Time": 80.062,
                  "Actual Rows": 97514,
                  "Actual Loops": 7,
                  "Recheck Cond": "(person_id > 3929725)",
                  "Rows Removed by Index Recheck": 0,
                  "Filter": "(role_id > 1)",
                  "Rows Removed by Filter": 0,
                  "Exact Heap Blocks": 3316,
                  "Lossy Heap Blocks": 0,
                  "Plans": [
                    {
                      "Node Type": "Bitmap Index Scan",
                      "Parent Relationship": "Outer",
                      "Parallel Aware": false,
                      "Index Name": "person_id_cast_info",
                      "Startup Cost": 0.0,
                      "Total Cost": 15773.55,
                      "Plan Rows": 722264,
                      "Plan Width": 0,
                      "Actual Startup Time": 44.167,
                      "Actual Total Time": 44.167,
                      "Actual Rows": 682597,
                      "Actual Loops": 1,
                      "Index Cond": "(person_id > 3929725)"
                    }
                  ]
                }
              ]
            }
          ]
        }
      ]
    },
    "Planning Time": 0.229,
    "Triggers": [],
    "Execution Time": 101.719
  }
]