[
  {
    "Plan": {
      "Node Type": "Aggregate",
      "Strategy": "Plain",
      "Partial Mode": "Finalize",
      "Parallel Aware": false,
      "Startup Cost": 46852.77,
      "Total Cost": 46852.78,
      "Plan Rows": 1,
      "Plan Width": 8,
      "Actual Startup Time": 113.846,
      "Actual Total Time": 129.383,
      "Actual Rows": 1,
      "Actual Loops": 1,
      "Plans": [
        {
          "Node Type": "Gather",
          "Parent Relationship": "Outer",
          "Parallel Aware": false,
          "Startup Cost": 46852.35,
          "Total Cost": 46852.76,
          "Plan Rows": 4,
          "Plan Width": 8,
          "Actual Startup Time": 113.698,
          "Actual Total Time": 129.376,
          "Actual Rows": 5,
          "Actual Loops": 1,
          "Workers Planned": 4,
          "Workers Launched": 4,
          "Single Copy": false,
          "Plans": [
            {
              "Node Type": "Aggregate",
              "Strategy": "Plain",
              "Partial Mode": "Partial",
              "Parent Relationship": "Outer",
              "Parallel Aware": false,
              "Startup Cost": 45852.35,
              "Total Cost": 45852.36,
              "Plan Rows": 1,
              "Plan Width": 8,
              "Actual Startup Time": 104.584,
              "Actual Total Time": 104.585,
              "Actual Rows": 1,
              "Actual Loops": 5,
              "Plans": [
                {
                  "Node Type": "Seq Scan",
                  "Parent Relationship": "Outer",
                  "Parallel Aware": true,
                  "Relation Name": "title",
                  "Alias": "t",
                  "Startup Cost": 0.0,
                  "Total Cost": 45479.1,
                  "Plan Rows": 149300,
                  "Plan Width": 0,
                  "Actual Startup Time": 49.166,
                  "Actual Total Time": 99.584,
                  "Actual Rows": 96925,
                  "Actual Loops": 5,
                  "Filter": "((production_year > 1953) AND (kind_id = 1))",
                  "Rows Removed by Filter": 408737
                }
              ]
            }
          ]
        }
      ]
    },
    "Planning Time": 0.188,
    "Triggers": [],
    "Execution Time": 129.443
  }
]