[
  {
    "Plan": {
      "Node Type": "Aggregate",
      "Strategy": "Plain",
      "Partial Mode": "Finalize",
      "Parallel Aware": false,
      "Startup Cost": 334841.2,
      "Total Cost": 334841.21,
      "Plan Rows": 1,
      "Plan Width": 8,
      "Actual Startup Time": 301.453,
      "Actual Total Time": 316.461,
      "Actual Rows": 1,
      "Actual Loops": 1,
      "Plans": [
        {
          "Node Type": "Gather",
          "Parent Relationship": "Outer",
          "Parallel Aware": false,
          "Startup Cost": 334840.57,
          "Total Cost": 334841.18,
          "Plan Rows": 6,
          "Plan Width": 8,
          "Actual Startup Time": 300.326,
          "Actual Total Time": 316.445,
          "Actual Rows": 7,
          "Actual Loops": 1,
          "Workers Planned": 6,
          "Workers Launched": 6,
          "Single Copy": false,
          "Plans": [
            {
              "Node Type": "Aggregate",
              "Strategy": "Plain",
              "Partial Mode": "Partial",
              "Parent Relationship": "Outer",
              "Parallel Aware": false,
              "Startup Cost": 333840.57,
              "Total Cost": 333840.58,
              "Plan Rows": 1,
              "Plan Width": 8,
              "Actual Startup Time": 292.463,
              "Actual Total Time": 292.466,
              "Actual Rows": 1,
              "Actual Loops": 7,
              "Plans": [
                {
                  "Node Type": "Bitmap Heap Scan",
                  "Parent Relationship": "Outer",
                  "Parallel Aware": true,
                  "Relation Name": "cast_info",
                  "Alias": "ci",
                  "Startup Cost": 72410.91,
                  "Total Cost": 333358.22,
                  "Plan Rows": 192942,
                  "Plan Width": 0,
                  "Actual Startup Time": 127.238,
                  "Actual Total Time": 272.178,
                  "Actual Rows": 351638,
                  "Actual Loops": 7,
                  "Recheck Cond": "(person_id < 328866)",
                  "Rows Removed by Index Recheck": 0,
                  "Filter": "(role_id = 1)",
                  "Rows Removed by Filter": 136984,
                  "Exact Heap Blocks": 9118,
                  "Lossy Heap Blocks": 0,
                  "Plans": [
                    {
                      "Node Type": "Bitmap Index Scan",
                      "Parent Relationship": "Outer",
                      "Parallel Aware": false,
                      "Index Name": "person_id_cast_info",
                      "Startup Cost": 0.0,
                      "Total Cost": 72121.49,
                      "Plan Rows": 3304124,
                      "Plan Width": 0,
                      "Actual Startup Time": 128.146,
                      "Actual Total Time": 128.146,
                      "Actual Rows": 3420357,
                      "Actual Loops": 1,
                      "Index Cond": "(person_id < 328866)"
                    }
                  ]
                }
              ]
            }
          ]
        }
      ]
    },
    "Planning Time": 0.103,
    "Triggers": [],
    "Execution Time": 316.499
  }
]