[
  {
    "Plan": {
      "Node Type": "Aggregate",
      "Strategy": "Plain",
      "Partial Mode": "Finalize",
      "Parallel Aware": false,
      "Startup Cost": 108031.69,
      "Total Cost": 108031.7,
      "Plan Rows": 1,
      "Plan Width": 8,
      "Actual Startup Time": 656.82,
      "Actual Total Time": 678.497,
      "Actual Rows": 1,
      "Actual Loops": 1,
      "Plans": [
        {
          "Node Type": "Gather",
          "Parent Relationship": "Outer",
          "Parallel Aware": false,
          "Startup Cost": 108031.38,
          "Total Cost": 108031.69,
          "Plan Rows": 3,
          "Plan Width": 8,
          "Actual Startup Time": 634.38,
          "Actual Total Time": 678.472,
          "Actual Rows": 4,
          "Actual Loops": 1,
          "Workers Planned": 3,
          "Workers Launched": 3,
          "Single Copy": false,
          "Plans": [
            {
              "Node Type": "Aggregate",
              "Strategy": "Plain",
              "Partial Mode": "Partial",
              "Parent Relationship": "Outer",
              "Parallel Aware": false,
              "Startup Cost": 107031.38,
              "Total Cost": 107031.39,
              "Plan Rows": 1,
              "Plan Width": 8,
              "Actual Startup Time": 626.246,
              "Actual Total Time": 626.252,
              "Actual Rows": 1,
              "Actual Loops": 4,
              "Plans": [
                {
                  "Node Type": "Hash Join",
                  "Parent Relationship": "Outer",
                  "Parallel Aware": true,
                  "Join Type": "Inner",
                  "Startup Cost": 60596.56,
                  "Total Cost": 106770.18,
                  "Plan Rows": 104478,
                  "Plan Width": 0,
                  "Actual Startup Time": 439.611,
                  "Actual Total Time": 615.562,
                  "Actual Rows": 264080,
                  "Actual Loops": 4,
                  "Inner Unique": false,
                  "Hash Cond": "(mk.movie_id = t.id)",
                  "Plans": [
                    {
                      "Node Type": "Seq Scan",
                      "Parent Relationship": "Outer",
                      "Parallel Aware": true,
                      "Relation Name": "movie_keyword",
                      "Alias": "mk",
                      "Startup Cost": 0.0,
                      "Total Cost": 42695.65,
                      "Plan Rows": 837583,
                      "Plan Width": 4,
                      "Actual Startup Time": 0.168,
                      "Actual Total Time": 102.658,
                      "Actual Rows": 646996,
                      "Actual Loops": 4,
                      "Filter": "(keyword_id > 3325)",
                      "Rows Removed by Filter": 483986
                    },
                    {
                      "Node Type": "Hash",
                      "Parent Relationship": "Inner",
                      "Parallel Aware": true,
                      "Startup Cost": 59324.82,
                      "Total Cost": 59324.82,
                      "Plan Rows": 101739,
                      "Plan Width": 8,
                      "Actual Startup Time": 437.441,
                      "Actual Total Time": 437.446,
                      "Actual Rows": 79030,
                      "Actual Loops": 4,
                      "Hash Buckets": 524288,
                      "Original Hash Buckets": 524288,
                      "Hash Batches": 1,
                      "Original Hash Batches": 1,
                      "Peak Memory Usage": 16544,
                      "Plans": [
                        {
                          "Node Type": "Hash Join",
                          "Parent Relationship": "Outer",
                          "Parallel Aware": true,
                          "Join Type": "Inner",
                          "Startup Cost": 50220.95,
                          "Total Cost": 59324.82,
                          "Plan Rows": 101739,
                          "Plan Width": 8,
                          "Actual Startup Time": 344.205,
                          "Actual Total Time": 407.434,
                          "Actual Rows": 79030,
                          "Actual Loops": 4,
                          "Inner Unique": true,
                          "Hash Cond": "(ci.movie_id = t.id)",
                          "Plans": [
                            {
                              "Node Type": "Index Scan",
                              "Parent Relationship": "Outer",
                              "Parallel Aware": true,
                              "Scan Direction": "Forward",
                              "Index Name": "role_id_cast_info",
                              "Relation Name": "cast_info",
                              "Alias": "ci",
                              "Startup Cost": 0.56,
                              "Total Cost": 8837.38,
                              "Plan Rows": 101739,
                              "Plan Width": 4,
                              "Actual Startup Time": 0.093,
                              "Actual Total Time": 16.319,
                              "Actual Rows": 79030,
                              "Actual Loops": 4,
                              "Index Cond": "(role_id > 10)",
                              "Rows Removed by Index Recheck": 0
                            },
                            {
                              "Node Type": "Hash",
                              "Parent Relationship": "Inner",
                              "Parallel Aware": true,
                              "Startup Cost": 42319.06,
                              "Total Cost": 42319.06,
                              "Plan Rows": 632106,
                              "Plan Width": 4,
                              "Actual Startup Time": 336.875,
                              "Actual Total Time": 336.876,
                              "Actual Rows": 632078,
                              "Actual Loops": 4,
                              "Hash Buckets": 4194304,
                              "Original Hash Buckets": 4194304,
                              "Hash Batches": 1,
                              "Original Hash Batches": 1,
                              "Peak Memory Usage": 131744,
                              "Plans": [
                                {
                                  "Node Type": "Seq Scan",
                                  "Parent Relationship": "Outer",
                                  "Parallel Aware": true,
                                  "Relation Name": "title",
                                  "Alias": "t",
                                  "Startup Cost": 0.0,
                                  "Total Cost": 42319.06,
                                  "Plan Rows": 632106,
                                  "Plan Width": 4,
                                  "Actual Startup Time": 0.033,
                                  "Actual Total Time": 96.626,
                                  "Actual Rows": 632078,
                                  "Actual Loops": 4
                                }
                              ]
                            }
                          ]
                        }
                      ]
                    }
                  ]
                }
              ]
            }
          ]
        }
      ]
    },
    "Planning Time": 0.521,
    "Triggers": [],
    "Execution Time": 678.545
  }
]