[
  {
    "Plan": {
      "Node Type": "Aggregate",
      "Strategy": "Plain",
      "Partial Mode": "Finalize",
      "Parallel Aware": false,
      "Startup Cost": 97684.63,
      "Total Cost": 97684.64,
      "Plan Rows": 1,
      "Plan Width": 8,
      "Actual Startup Time": 637.03,
      "Actual Total Time": 653.686,
      "Actual Rows": 1,
      "Actual Loops": 1,
      "Plans": [
        {
          "Node Type": "Gather",
          "Parent Relationship": "Outer",
          "Parallel Aware": false,
          "Startup Cost": 97684.42,
          "Total Cost": 97684.63,
          "Plan Rows": 2,
          "Plan Width": 8,
          "Actual Startup Time": 629.143,
          "Actual Total Time": 653.677,
          "Actual Rows": 3,
          "Actual Loops": 1,
          "Workers Planned": 2,
          "Workers Launched": 2,
          "Single Copy": false,
          "Plans": [
            {
              "Node Type": "Aggregate",
              "Strategy": "Plain",
              "Partial Mode": "Partial",
              "Parent Relationship": "Outer",
              "Parallel Aware": false,
              "Startup Cost": 96684.42,
              "Total Cost": 96684.43,
              "Plan Rows": 1,
              "Plan Width": 8,
              "Actual Startup Time": 609.733,
              "Actual Total Time": 609.739,
              "Actual Rows": 1,
              "Actual Loops": 3,
              "Plans": [
                {
                  "Node Type": "Hash Join",
                  "Parent Relationship": "Outer",
                  "Parallel Aware": true,
                  "Join Type": "Inner",
                  "Startup Cost": 80587.43,
                  "Total Cost": 96572.85,
                  "Plan Rows": 44628,
                  "Plan Width": 0,
                  "Actual Startup Time": 511.347,
                  "Actual Total Time": 603.85,
                  "Actual Rows": 144428,
                  "Actual Loops": 3,
                  "Inner Unique": false,
                  "Hash Cond": "(mi_idx.movie_id = t.id)",
                  "Plans": [
                    {
                      "Node Type": "Seq Scan",
                      "Parent Relationship": "Outer",
                      "Parallel Aware": true,
                      "Relation Name": "movie_info_idx",
                      "Alias": "mi_idx",
                      "Startup Cost": 0.0,
                      "Total Cost": 13685.15,
                      "Plan Rows": 575015,
                      "Plan Width": 4,
                      "Actual Startup Time": 0.052,
                      "Actual Total Time": 34.539,
                      "Actual Rows": 460012,
                      "Actual Loops": 3
                    },
                    {
                      "Node Type": "Hash",
                      "Parent Relationship": "Inner",
                      "Parallel Aware": true,
                      "Startup Cost": 79796.21,
                      "Total Cost": 79796.21,
                      "Plan Rows": 63298,
                      "Plan Width": 8,
                      "Actual Startup Time": 508.655,
                      "Actual Total Time": 508.659,
                      "Actual Rows": 69528,
                      "Actual Loops": 3,
                      "Hash Buckets": 262144,
                      "Original Hash Buckets": 262144,
                      "Hash Batches": 1,
                      "Original Hash Batches": 1,
                      "Peak Memory Usage": 10240,
                      "Plans": [
                        {
                          "Node Type": "Hash Join",
                          "Parent Relationship": "Outer",
                          "Parallel Aware": true,
                          "Join Type": "Inner",
                          "Startup Cost": 54384.82,
                          "Total Cost": 79796.21,
                          "Plan Rows": 63298,
                          "Plan Width": 8,
                          "Actual Startup Time": 410.75,
                          "Actual Total Time": 487.253,
                          "Actual Rows": 69528,
                          "Actual Loops": 3,
                          "Inner Unique": true,
                          "Hash Cond": "(mk.movie_id = t.id)",
                          "Plans": [
                            {
                              "Node Type": "Bitmap Heap Scan",
                              "Parent Relationship": "Outer",
                              "Parallel Aware": true,
                              "Relation Name": "movie_keyword",
                              "Alias": "mk",
                              "Startup Cost": 4165.18,
                              "Total Cost": 29410.41,
                              "Plan Rows": 63298,
                              "Plan Width": 4,
                              "Actual Startup Time": 13.478,
                              "Actual Total Time": 56.85,
                              "Actual Rows": 69528,
                              "Actual Loops": 3,
                              "Recheck Cond": "(keyword_id < 140)",
                              "Rows Removed by Index Recheck": 0,
                              "Exact Heap Blocks": 10293,
                              "Lossy Heap Blocks": 0,
                              "Plans": [
                                {
                                  "Node Type": "Bitmap Index Scan",
                                  "Parent Relationship": "Outer",
                                  "Parallel Aware": false,
                                  "Index Name": "keyword_id_movie_keyword",
                                  "Startup Cost": 0.0,
                                  "Total Cost": 4116.12,
                                  "Plan Rows": 196225,
                                  "Plan Width": 0,
                                  "Actual Startup Time": 10.026,
                                  "Actual Total Time": 10.027,
                                  "Actual Rows": 208584,
                                  "Actual Loops": 1,
                                  "Index Cond": "(keyword_id < 140)"
                                }
                              ]
                            },
                            {
                              "Node Type": "Hash",
                              "Parent Relationship": "Inner",
                              "Parallel Aware": true,
                              "Startup Cost": 42318.73,
                              "Total Cost": 42318.73,
                              "Plan Rows": 632073,
                              "Plan Width": 4,
                              "Actual Startup Time": 383.543,
                              "Actual Total Time": 383.544,
                              "Actual Rows": 842771,
                              "Actual Loops": 3,
                              "Hash Buckets": 4194304,
                              "Original Hash Buckets": 4194304,
                              "Hash Batches": 1,
                              "Original Hash Batches": 1,
                              "Peak Memory Usage": 131744,
                              "Plans": [
                                {
                                  "Node Type": "Seq Scan",
                                  "Parent Relationship": "Outer",
                                  "Parallel Aware": true,
                                  "Relation Name": "title",
                                  "Alias": "t",
                                  "Startup Cost": 0.0,
                                  "Total Cost": 42318.73,
                                  "Plan Rows": 632073,
                                  "Plan Width": 4,
                                  "Actual Startup Time": 0.03,
                                  "Actual Total Time": 114.19,
                                  "Actual Rows": 842771,
                                  "Actual Loops": 3
                                }
                              ]
                            }
                          ]
                        }
                      ]
                    }
                  ]
                }
              ]
            }
          ]
        }
      ]
    },
    "Planning Time": 1.288,
    "Triggers": [],
    "Execution Time": 653.788
  }
]