{
  "Plan": {
    "Node Type": "Aggregate",
    "Strategy": "Plain",
    "Partial Mode": "Finalize",
    "Parallel Aware": false,
    "Startup Cost": 111158.61,
    "Total Cost": 111158.62,
    "Plan Rows": 1,
    "Plan Width": 8,
    "Actual Startup Time": 409.98,
    "Actual Total Time": 432.081,
    "Actual Rows": 1,
    "Actual Loops": 1,
    "Plans": [
      {
        "Node Type": "Gather",
        "Parent Relationship": "Outer",
        "Parallel Aware": false,
        "Startup Cost": 111158.49,
        "Total Cost": 111158.6,
        "Plan Rows": 1,
        "Plan Width": 8,
        "Actual Startup Time": 409.389,
        "Actual Total Time": 432.072,
        "Actual Rows": 2,
        "Actual Loops": 1,
        "Workers Planned": 1,
        "Workers Launched": 1,
        "Single Copy": false,
        "Plans": [
          {
            "Node Type": "Aggregate",
            "Strategy": "Plain",
            "Partial Mode": "Partial",
            "Parent Relationship": "Outer",
            "Parallel Aware": false,
            "Startup Cost": 110158.49,
            "Total Cost": 110158.5,
            "Plan Rows": 1,
            "Plan Width": 8,
            "Actual Startup Time": 403.781,
            "Actual Total Time": 403.785,
            "Actual Rows": 1,
            "Actual Loops": 2,
            "Plans": [
              {
                "Node Type": "Hash Join",
                "Parent Relationship": "Outer",
                "Parallel Aware": true,
                "Join Type": "Inner",
                "Startup Cost": 77771.94,
                "Total Cost": 110111.96,
                "Plan Rows": 18615,
                "Plan Width": 0,
                "Actual Startup Time": 238.555,
                "Actual Total Time": 403.219,
                "Actual Rows": 8086,
                "Actual Loops": 2,
                "Inner Unique": true,
                "Hash Cond": "(mk.movie_id = t.id)",
                "Plans": [
                  {
                    "Node Type": "Bitmap Heap Scan",
                    "Parent Relationship": "Outer",
                    "Parallel Aware": true,
                    "Relation Name": "movie_keyword",
                    "Alias": "mk",
                    "Startup Cost": 18801.74,
                    "Total Cost": 49773.11,
                    "Plan Rows": 521389,
                    "Plan Width": 4,
                    "Actual Startup Time": 55.489,
                    "Actual Total Time": 165.718,
                    "Actual Rows": 442010,
                    "Actual Loops": 2,
                    "Recheck Cond": "(keyword_id > 20864)",
                    "Rows Removed by Index Recheck": 0,
                    "Exact Heap Blocks": 16323,
                    "Lossy Heap Blocks": 0,
                    "Plans": [
                      {
                        "Node Type": "Bitmap Index Scan",
                        "Parent Relationship": "Outer",
                        "Parallel Aware": false,
                        "Index Name": "keyword_id_movie_keyword",
                        "Startup Cost": 0.0,
                        "Total Cost": 18580.15,
                        "Plan Rows": 886362,
                        "Plan Width": 0,
                        "Actual Startup Time": 51.832,
                        "Actual Total Time": 51.833,
                        "Actual Rows": 884021,
                        "Actual Loops": 1,
                        "Index Cond": "(keyword_id > 20864)"
                      }
                    ]
                  },
                  {
                    "Node Type": "Hash",
                    "Parent Relationship": "Inner",
                    "Parallel Aware": true,
                    "Startup Cost": 58306.47,
                    "Total Cost": 58306.47,
                    "Plan Rows": 53099,
                    "Plan Width": 4,
                    "Actual Startup Time": 181.943,
                    "Actual Total Time": 181.944,
                    "Actual Rows": 50377,
                    "Actual Loops": 2,
                    "Hash Buckets": 131072,
                    "Original Hash Buckets": 131072,
                    "Hash Batches": 1,
                    "Original Hash Batches": 1,
                    "Peak Memory Usage": 5024,
                    "Plans": [
                      {
                        "Node Type": "Seq Scan",
                        "Parent Relationship": "Outer",
                        "Parallel Aware": true,
                        "Relation Name": "title",
                        "Alias": "t",
                        "Startup Cost": 0.0,
                        "Total Cost": 58306.47,
                        "Plan Rows": 53099,
                        "Plan Width": 4,
                        "Actual Startup Time": 0.045,
                        "Actual Total Time": 165.818,
                        "Actual Rows": 50377,
                        "Actual Loops": 2,
                        "Filter": "((kind_id > 1) AND (production_year = 2008))",
                        "Rows Removed by Filter": 1213779
                      }
                    ]
                  }
                ]
              }
            ]
          }
        ]
      }
    ]
  },
  "Planning Time": 0.263,
  "Triggers": [],
  "Execution Time": 432.139
}