{
  "Plan": {
    "Node Type": "Aggregate",
    "Strategy": "Plain",
    "Partial Mode": "Finalize",
    "Parallel Aware": false,
    "Startup Cost": 714321.1,
    "Total Cost": 714321.11,
    "Plan Rows": 1,
    "Plan Width": 8,
    "Actual Startup Time": 8021.949,
    "Actual Total Time": 8089.235,
    "Actual Rows": 1,
    "Actual Loops": 1,
    "Plans": [
      {
        "Node Type": "Gather",
        "Parent Relationship": "Outer",
        "Parallel Aware": false,
        "Startup Cost": 714320.99,
        "Total Cost": 714321.1,
        "Plan Rows": 1,
        "Plan Width": 8,
        "Actual Startup Time": 8017.402,
        "Actual Total Time": 8089.224,
        "Actual Rows": 2,
        "Actual Loops": 1,
        "Workers Planned": 1,
        "Workers Launched": 1,
        "Single Copy": false,
        "Plans": [
          {
            "Node Type": "Aggregate",
            "Strategy": "Plain",
            "Partial Mode": "Partial",
            "Parent Relationship": "Outer",
            "Parallel Aware": false,
            "Startup Cost": 713320.99,
            "Total Cost": 713321.0,
            "Plan Rows": 1,
            "Plan Width": 8,
            "Actual Startup Time": 8010.569,
            "Actual Total Time": 8010.573,
            "Actual Rows": 1,
            "Actual Loops": 2,
            "Plans": [
              {
                "Node Type": "Hash Join",
                "Parent Relationship": "Outer",
                "Parallel Aware": true,
                "Join Type": "Inner",
                "Startup Cost": 66883.45,
                "Total Cost": 684687.93,
                "Plan Rows": 11453226,
                "Plan Width": 0,
                "Actual Startup Time": 385.66,
                "Actual Total Time": 7617.05,
                "Actual Rows": 9887495,
                "Actual Loops": 2,
                "Inner Unique": true,
                "Hash Cond": "(ci.movie_id = t.id)",
                "Plans": [
                  {
                    "Node Type": "Seq Scan",
                    "Parent Relationship": "Outer",
                    "Parallel Aware": true,
                    "Relation Name": "cast_info",
                    "Alias": "ci",
                    "Startup Cost": 0.0,
                    "Total Cost": 572345.93,
                    "Plan Rows": 17317511,
                    "Plan Width": 4,
                    "Actual Startup Time": 0.019,
                    "Actual Total Time": 2026.315,
                    "Actual Rows": 15802604,
                    "Actual Loops": 2,
                    "Filter": "((person_id < 3608162) AND (role_id < 10))",
                    "Rows Removed by Filter": 2319568
                  },
                  {
                    "Node Type": "Hash",
                    "Parent Relationship": "Inner",
                    "Parallel Aware": true,
                    "Startup Cost": 54588.39,
                    "Total Cost": 54588.39,
                    "Plan Rows": 983605,
                    "Plan Width": 4,
                    "Actual Startup Time": 371.497,
                    "Actual Total Time": 371.499,
                    "Actual Rows": 837049,
                    "Actual Loops": 2,
                    "Hash Buckets": 2097152,
                    "Original Hash Buckets": 2097152,
                    "Hash Batches": 1,
                    "Original Hash Batches": 1,
                    "Peak Memory Usage": 81888,
                    "Plans": [
                      {
                        "Node Type": "Seq Scan",
                        "Parent Relationship": "Outer",
                        "Parallel Aware": true,
                        "Relation Name": "title",
                        "Alias": "t",
                        "Startup Cost": 0.0,
                        "Total Cost": 54588.39,
                        "Plan Rows": 983605,
                        "Plan Width": 4,
                        "Actual Startup Time": 0.028,
                        "Actual Total Time": 159.984,
                        "Actual Rows": 837049,
                        "Actual Loops": 2,
                        "Filter": "(kind_id > 3)",
                        "Rows Removed by Filter": 427107
                      }
                    ]
                  }
                ]
              }
            ]
          }
        ]
      }
    ]
  },
  "Planning Time": 0.75,
  "Triggers": [],
  "Execution Time": 8089.317
}