[
    {
        "Bao": {
            "Bao prediction": "NaN",
            "Bao recommended hint": "(no hint)"
        }
    },
    {
        "Plan": {
            "Node Type": "Aggregate",
            "Strategy": "Plain",
            "Partial Mode": "Finalize",
            "Parallel Aware": false,
            "Startup Cost": 265507.39,
            "Total Cost": 265507.4,
            "Plan Rows": 1,
            "Plan Width": 8,
            "Actual Startup Time": 1155.025,
            "Actual Total Time": 1186.997,
            "Actual Rows": 1,
            "Actual Loops": 1,
            "Output": [
                "count(*)"
            ],
            "Plans": [
                {
                    "Node Type": "Gather",
                    "Parent Relationship": "Outer",
                    "Parallel Aware": false,
                    "Startup Cost": 265506.87,
                    "Total Cost": 265507.38,
                    "Plan Rows": 5,
                    "Plan Width": 8,
                    "Actual Startup Time": 1148.019,
                    "Actual Total Time": 1186.987,
                    "Actual Rows": 6,
                    "Actual Loops": 1,
                    "Output": [
                        "(PARTIAL count(*))"
                    ],
                    "Workers Planned": 5,
                    "Workers Launched": 5,
                    "Single Copy": false,
                    "Plans": [
                        {
                            "Node Type": "Aggregate",
                            "Strategy": "Plain",
                            "Partial Mode": "Partial",
                            "Parent Relationship": "Outer",
                            "Parallel Aware": false,
                            "Startup Cost": 264506.87,
                            "Total Cost": 264506.88,
                            "Plan Rows": 1,
                            "Plan Width": 8,
                            "Actual Startup Time": 1137.656,
                            "Actual Total Time": 1137.659,
                            "Actual Rows": 1,
                            "Actual Loops": 6,
                            "Output": [
                                "PARTIAL count(*)"
                            ],
                            "Workers": [
                                {
                                    "Worker Number": 0,
                                    "Actual Startup Time": 1135.098,
                                    "Actual Total Time": 1135.102,
                                    "Actual Rows": 1,
                                    "Actual Loops": 1
                                },
                                {
                                    "Worker Number": 1,
                                    "Actual Startup Time": 1135.322,
                                    "Actual Total Time": 1135.324,
                                    "Actual Rows": 1,
                                    "Actual Loops": 1
                                },
                                {
                                    "Worker Number": 2,
                                    "Actual Startup Time": 1135.374,
                                    "Actual Total Time": 1135.378,
                                    "Actual Rows": 1,
                                    "Actual Loops": 1
                                },
                                {
                                    "Worker Number": 3,
                                    "Actual Startup Time": 1136.476,
                                    "Actual Total Time": 1136.479,
                                    "Actual Rows": 1,
                                    "Actual Loops": 1
                                },
                                {
                                    "Worker Number": 4,
                                    "Actual Startup Time": 1136.03,
                                    "Actual Total Time": 1136.035,
                                    "Actual Rows": 1,
                                    "Actual Loops": 1
                                }
                            ],
                            "Plans": [
                                {
                                    "Node Type": "Nested Loop",
                                    "Parent Relationship": "Outer",
                                    "Parallel Aware": false,
                                    "Join Type": "Inner",
                                    "Startup Cost": 68655.57,
                                    "Total Cost": 264391.67,
                                    "Plan Rows": 46079,
                                    "Plan Width": 0,
                                    "Actual Startup Time": 197.629,
                                    "Actual Total Time": 1069.039,
                                    "Actual Rows": 1405874,
                                    "Actual Loops": 6,
                                    "Inner Unique": false,
                                    "Join Filter": "(t.id = mc.movie_id)",
                                    "Rows Removed by Join Filter": 0,
                                    "Workers": [
                                        {
                                            "Worker Number": 0,
                                            "Actual Startup Time": 195.359,
                                            "Actual Total Time": 1067.535,
                                            "Actual Rows": 1554844,
                                            "Actual Loops": 1
                                        },
                                        {
                                            "Worker Number": 1,
                                            "Actual Startup Time": 195.315,
                                            "Actual Total Time": 1069.202,
                                            "Actual Rows": 1546014,
                                            "Actual Loops": 1
                                        },
                                        {
                                            "Worker Number": 2,
                                            "Actual Startup Time": 194.939,
                                            "Actual Total Time": 1068.447,
                                            "Actual Rows": 1570053,
                                            "Actual Loops": 1
                                        },
                                        {
                                            "Worker Number": 3,
                                            "Actual Startup Time": 196.172,
                                            "Actual Total Time": 1064.669,
                                            "Actual Rows": 1037069,
                                            "Actual Loops": 1
                                        },
                                        {
                                            "Worker Number": 4,
                                            "Actual Startup Time": 196.375,
                                            "Actual Total Time": 1063.932,
                                            "Actual Rows": 1040275,
                                            "Actual Loops": 1
                                        }
                                    ],
                                    "Plans": [
                                        {
                                            "Node Type": "Hash Join",
                                            "Parent Relationship": "Outer",
                                            "Parallel Aware": true,
                                            "Join Type": "Inner",
                                            "Startup Cost": 68655.14,
                                            "Total Cost": 234267.72,
                                            "Plan Rows": 44652,
                                            "Plan Width": 8,
                                            "Actual Startup Time": 197.437,
                                            "Actual Total Time": 308.446,
                                            "Actual Rows": 101068,
                                            "Actual Loops": 6,
                                            "Output": [
                                                "t.id",
                                                "mi.movie_id"
                                            ],
                                            "Inner Unique": true,
                                            "Hash Cond": "(mi.movie_id = t.id)",
                                            "Workers": [
                                                {
                                                    "Worker Number": 0,
                                                    "Actual Startup Time": 195.133,
                                                    "Actual Total Time": 308.223,
                                                    "Actual Rows": 110981,
                                                    "Actual Loops": 1
                                                },
                                                {
                                                    "Worker Number": 1,
                                                    "Actual Startup Time": 195.085,
                                                    "Actual Total Time": 306.133,
                                                    "Actual Rows": 112394,
                                                    "Actual Loops": 1
                                                },
                                                {
                                                    "Worker Number": 2,
                                                    "Actual Startup Time": 194.825,
                                                    "Actual Total Time": 304.823,
                                                    "Actual Rows": 112494,
                                                    "Actual Loops": 1
                                                },
                                                {
                                                    "Worker Number": 3,
                                                    "Actual Startup Time": 195.895,
                                                    "Actual Total Time": 307.749,
                                                    "Actual Rows": 74766,
                                                    "Actual Loops": 1
                                                },
                                                {
                                                    "Worker Number": 4,
                                                    "Actual Startup Time": 196.135,
                                                    "Actual Total Time": 306.14,
                                                    "Actual Rows": 72697,
                                                    "Actual Loops": 1
                                                }
                                            ],
                                            "Plans": [
                                                {
                                                    "Node Type": "Bitmap Heap Scan",
                                                    "Parent Relationship": "Outer",
                                                    "Parallel Aware": true,
                                                    "Relation Name": "movie_info",
                                                    "Schema": "public",
                                                    "Alias": "mi",
                                                    "Startup Cost": 21701.74,
                                                    "Total Cost": 186686.12,
                                                    "Plan Rows": 239311,
                                                    "Plan Width": 4,
                                                    "Actual Startup Time": 66.965,
                                                    "Actual Total Time": 119.304,
                                                    "Actual Rows": 200785,
                                                    "Actual Loops": 6,
                                                    "Output": [
                                                        "mi.id",
                                                        "mi.movie_id",
                                                        "mi.info_type_id",
                                                        "mi.info",
                                                        "mi.note"
                                                    ],
                                                    "Recheck Cond": "(mi.info_type_id > 18)",
                                                    "Rows Removed by Index Recheck": 0,
                                                    "Exact Heap Blocks": 7634,
                                                    "Lossy Heap Blocks": 0,
                                                    "Workers": [
                                                        {
                                                            "Worker Number": 0,
                                                            "Actual Startup Time": 67.157,
                                                            "Actual Total Time": 119.361,
                                                            "Actual Rows": 215584,
                                                            "Actual Loops": 1
                                                        },
                                                        {
                                                            "Worker Number": 1,
                                                            "Actual Startup Time": 66.869,
                                                            "Actual Total Time": 121.178,
                                                            "Actual Rows": 224407,
                                                            "Actual Loops": 1
                                                        },
                                                        {
                                                            "Worker Number": 2,
                                                            "Actual Startup Time": 66.587,
                                                            "Actual Total Time": 120.609,
                                                            "Actual Rows": 219464,
                                                            "Actual Loops": 1
                                                        },
                                                        {
                                                            "Worker Number": 3,
                                                            "Actual Startup Time": 66.961,
                                                            "Actual Total Time": 121.042,
                                                            "Actual Rows": 144271,
                                                            "Actual Loops": 1
                                                        },
                                                        {
                                                            "Worker Number": 4,
                                                            "Actual Startup Time": 67.211,
                                                            "Actual Total Time": 121.022,
                                                            "Actual Rows": 142499,
                                                            "Actual Loops": 1
                                                        }
                                                    ],
                                                    "Plans": [
                                                        {
                                                            "Node Type": "Bitmap Index Scan",
                                                            "Parent Relationship": "Outer",
                                                            "Parallel Aware": false,
                                                            "Index Name": "info_type_id_movie_info",
                                                            "Startup Cost": 0.0,
                                                            "Total Cost": 21402.6,
                                                            "Plan Rows": 1196555,
                                                            "Plan Width": 0,
                                                            "Actual Startup Time": 61.128,
                                                            "Actual Total Time": 61.129,
                                                            "Actual Rows": 1204709,
                                                            "Actual Loops": 1,
                                                            "Index Cond": "(mi.info_type_id > 18)",
                                                            "Workers": [
                                                                {
                                                                    "Worker Number": 2,
                                                                    "Actual Startup Time": 61.128,
                                                                    "Actual Total Time": 61.129,
                                                                    "Actual Rows": 1204709,
                                                                    "Actual Loops": 1
                                                                }
                                                            ]
                                                        }
                                                    ]
                                                },
                                                {
                                                    "Node Type": "Hash",
                                                    "Parent Relationship": "Inner",
                                                    "Parallel Aware": true,
                                                    "Startup Cost": 45479.21,
                                                    "Total Cost": 45479.21,
                                                    "Plan Rows": 117936,
                                                    "Plan Width": 4,
                                                    "Actual Startup Time": 128.898,
                                                    "Actual Total Time": 128.899,
                                                    "Actual Rows": 92916,
                                                    "Actual Loops": 6,
                                                    "Output": [
                                                        "t.id"
                                                    ],
                                                    "Hash Buckets": 1048576,
                                                    "Original Hash Buckets": 524288,
                                                    "Hash Batches": 1,
                                                    "Original Hash Batches": 1,
                                                    "Peak Memory Usage": 34176,
                                                    "Workers": [
                                                        {
                                                            "Worker Number": 0,
                                                            "Actual Startup Time": 127.562,
                                                            "Actual Total Time": 127.562,
                                                            "Actual Rows": 98799,
                                                            "Actual Loops": 1
                                                        },
                                                        {
                                                            "Worker Number": 1,
                                                            "Actual Startup Time": 127.805,
                                                            "Actual Total Time": 127.805,
                                                            "Actual Rows": 98753,
                                                            "Actual Loops": 1
                                                        },
                                                        {
                                                            "Worker Number": 2,
                                                            "Actual Startup Time": 127.83,
                                                            "Actual Total Time": 127.832,
                                                            "Actual Rows": 96844,
                                                            "Actual Loops": 1
                                                        },
                                                        {
                                                            "Worker Number": 3,
                                                            "Actual Startup Time": 128.482,
                                                            "Actual Total Time": 128.483,
                                                            "Actual Rows": 68446,
                                                            "Actual Loops": 1
                                                        },
                                                        {
                                                            "Worker Number": 4,
                                                            "Actual Startup Time": 128.438,
                                                            "Actual Total Time": 128.439,
                                                            "Actual Rows": 66855,
                                                            "Actual Loops": 1
                                                        }
                                                    ],
                                                    "Plans": [
                                                        {
                                                            "Node Type": "Seq Scan",
                                                            "Parent Relationship": "Outer",
                                                            "Parallel Aware": true,
                                                            "Relation Name": "title",
                                                            "Schema": "public",
                                                            "Alias": "t",
                                                            "Startup Cost": 0.0,
                                                            "Total Cost": 45479.21,
                                                            "Plan Rows": 117936,
                                                            "Plan Width": 4,
                                                            "Actual Startup Time": 0.088,
                                                            "Actual Total Time": 78.524,
                                                            "Actual Rows": 92916,
                                                            "Actual Loops": 6,
                                                            "Output": [
                                                                "t.id"
                                                            ],
                                                            "Filter": "((t.kind_id < 7) AND (t.production_year < 2003))",
                                                            "Rows Removed by Filter": 328470,
                                                            "Workers": [
                                                                {
                                                                    "Worker Number": 0,
                                                                    "Actual Startup Time": 0.075,
                                                                    "Actual Total Time": 76.535,
                                                                    "Actual Rows": 98799,
                                                                    "Actual Loops": 1
                                                                },
                                                                {
                                                                    "Worker Number": 1,
                                                                    "Actual Startup Time": 0.059,
                                                                    "Actual Total Time": 77.95,
                                                                    "Actual Rows": 98753,
                                                                    "Actual Loops": 1
                                                                },
                                                                {
                                                                    "Worker Number": 2,
                                                                    "Actual Startup Time": 0.052,
                                                                    "Actual Total Time": 78.115,
                                                                    "Actual Rows": 96844,
                                                                    "Actual Loops": 1
                                                                },
                                                                {
                                                                    "Worker Number": 3,
                                                                    "Actual Startup Time": 0.266,
                                                                    "Actual Total Time": 79.434,
                                                                    "Actual Rows": 68446,
                                                                    "Actual Loops": 1
                                                                },
                                                                {
                                                                    "Worker Number": 4,
                                                                    "Actual Startup Time": 0.055,
                                                                    "Actual Total Time": 79.386,
                                                                    "Actual Rows": 66855,
                                                                    "Actual Loops": 1
                                                                }
                                                            ]
                                                        }
                                                    ]
                                                }
                                            ]
                                        },
                                        {
                                            "Node Type": "Index Only Scan",
                                            "Parent Relationship": "Inner",
                                            "Parallel Aware": false,
                                            "Scan Direction": "Forward",
                                            "Index Name": "movie_id_movie_companies",
                                            "Relation Name": "movie_companies",
                                            "Schema": "public",
                                            "Alias": "mc",
                                            "Startup Cost": 0.43,
                                            "Total Cost": 0.61,
                                            "Plan Rows": 5,
                                            "Plan Width": 4,
                                            "Actual Startup Time": 0.003,
                                            "Actual Total Time": 0.006,
                                            "Actual Rows": 14,
                                            "Actual Loops": 606405,
                                            "Output": [
                                                "mc.movie_id"
                                            ],
                                            "Index Cond": "(mc.movie_id = mi.movie_id)",
                                            "Rows Removed by Index Recheck": 0,
                                            "Heap Fetches": 8435247,
                                            "Workers": [
                                                {
                                                    "Worker Number": 0,
                                                    "Actual Startup Time": 0.003,
                                                    "Actual Total Time": 0.005,
                                                    "Actual Rows": 14,
                                                    "Actual Loops": 110981
                                                },
                                                {
                                                    "Worker Number": 1,
                                                    "Actual Startup Time": 0.003,
                                                    "Actual Total Time": 0.005,
                                                    "Actual Rows": 14,
                                                    "Actual Loops": 112394
                                                },
                                                {
                                                    "Worker Number": 2,
                                                    "Actual Startup Time": 0.003,
                                                    "Actual Total Time": 0.005,
                                                    "Actual Rows": 14,
                                                    "Actual Loops": 112494
                                                },
                                                {
                                                    "Worker Number": 3,
                                                    "Actual Startup Time": 0.004,
                                                    "Actual Total Time": 0.008,
                                                    "Actual Rows": 14,
                                                    "Actual Loops": 74766
                                                },
                                                {
                                                    "Worker Number": 4,
                                                    "Actual Startup Time": 0.004,
                                                    "Actual Total Time": 0.008,
                                                    "Actual Rows": 14,
                                                    "Actual Loops": 72697
                                                }
                                            ]
                                        }
                                    ]
                                }
                            ]
                        }
                    ]
                }
            ]
        },
        "Planning Time": 201.995,
        "Triggers": [],
        "Execution Time": 1187.109
    }
]