{
  "Plan": {
    "Node Type": "Aggregate",
    "Strategy": "Plain",
    "Partial Mode": "Simple",
    "Parallel Aware": false,
    "Startup Cost": 78523.29,
    "Total Cost": 78523.3,
    "Plan Rows": 1,
    "Plan Width": 64,
    "Actual Startup Time": 2988.566,
    "Actual Total Time": 2988.686,
    "Actual Rows": 1,
    "Actual Loops": 1,
    "Plans": [
      {
        "Node Type": "Hash Join",
        "Parent Relationship": "Outer",
        "Parallel Aware": false,
        "Join Type": "Inner",
        "Startup Cost": 75892.13,
        "Total Cost": 78523.28,
        "Plan Rows": 2,
        "Plan Width": 23,
        "Actual Startup Time": 2966.097,
        "Actual Total Time": 2988.599,
        "Actual Rows": 740,
        "Actual Loops": 1,
        "Inner Unique": false,
        "Hash Cond": "(k.id = mk.keyword_id)",
        "Plans": [
          {
            "Node Type": "Seq Scan",
            "Parent Relationship": "Outer",
            "Parallel Aware": false,
            "Relation Name": "keyword",
            "Alias": "k",
            "Startup Cost": 0.0,
            "Total Cost": 2626.12,
            "Plan Rows": 13,
            "Plan Width": 4,
            "Actual Startup Time": 3.794,
            "Actual Total Time": 25.896,
            "Actual Rows": 30,
            "Actual Loops": 1,
            "Filter": "(keyword ~~ '%sequel%'::text)",
            "Rows Removed by Filter": 134140
          },
          {
            "Node Type": "Hash",
            "Parent Relationship": "Inner",
            "Parallel Aware": false,
            "Startup Cost": 75659.15,
            "Total Cost": 75659.15,
            "Plan Rows": 18638,
            "Plan Width": 27,
            "Actual Startup Time": 2961.99,
            "Actual Total Time": 2962.108,
            "Actual Rows": 697651,
            "Actual Loops": 1,
            "Hash Buckets": 1048576,
            "Original Hash Buckets": 32768,
            "Hash Batches": 1,
            "Original Hash Batches": 1,
            "Peak Memory Usage": 47222,
            "Plans": [
              {
                "Node Type": "Gather",
                "Parent Relationship": "Outer",
                "Parallel Aware": false,
                "Startup Cost": 21657.2,
                "Total Cost": 75659.15,
                "Plan Rows": 18638,
                "Plan Width": 27,
                "Actual Startup Time": 366.225,
                "Actual Total Time": 2755.245,
                "Actual Rows": 697651,
                "Actual Loops": 1,
                "Workers Planned": 3,
                "Workers Launched": 3,
                "Single Copy": false,
                "Plans": [
                  {
                    "Node Type": "Nested Loop",
                    "Parent Relationship": "Outer",
                    "Parallel Aware": false,
                    "Join Type": "Inner",
                    "Startup Cost": 20657.2,
                    "Total Cost": 72795.35,
                    "Plan Rows": 6012,
                    "Plan Width": 27,
                    "Actual Startup Time": 341.897,
                    "Actual Total Time": 2793.43,
                    "Actual Rows": 174413,
                    "Actual Loops": 4,
                    "Inner Unique": true,
                    "Join Filter": "(mi_idx.movie_id = t.id)",
                    "Rows Removed by Join Filter": 0,
                    "Plans": [
                      {
                        "Node Type": "Hash Join",
                        "Parent Relationship": "Outer",
                        "Parallel Aware": false,
                        "Join Type": "Inner",
                        "Startup Cost": 20656.77,
                        "Total Cost": 65325.31,
                        "Plan Rows": 14872,
                        "Plan Width": 18,
                        "Actual Startup Time": 341.663,
                        "Actual Total Time": 780.753,
                        "Actual Rows": 720414,
                        "Actual Loops": 4,
                        "Inner Unique": false,
                        "Hash Cond": "(mk.movie_id = mi_idx.movie_id)",
                        "Plans": [
                          {
                            "Node Type": "Seq Scan",
                            "Parent Relationship": "Outer",
                            "Parallel Aware": true,
                            "Relation Name": "movie_keyword",
                            "Alias": "mk",
                            "Startup Cost": 0.0,
                            "Total Cost": 39047.32,
                            "Plan Rows": 1459332,
                            "Plan Width": 8,
                            "Actual Startup Time": 0.087,
                            "Actual Total Time": 182.833,
                            "Actual Rows": 1130982,
                            "Actual Loops": 4
                          },
                          {
                            "Node Type": "Hash",
                            "Parent Relationship": "Inner",
                            "Parallel Aware": false,
                            "Startup Cost": 20599.32,
                            "Total Cost": 20599.32,
                            "Plan Rows": 4596,
                            "Plan Width": 10,
                            "Actual Startup Time": 340.942,
                            "Actual Total Time": 340.944,
                            "Actual Rows": 352990,
                            "Actual Loops": 4,
                            "Hash Buckets": 524288,
                            "Original Hash Buckets": 8192,
                            "Hash Batches": 1,
                            "Original Hash Batches": 1,
                            "Peak Memory Usage": 17885,
                            "Plans": [
                              {
                                "Node Type": "Nested Loop",
                                "Parent Relationship": "Outer",
                                "Parallel Aware": false,
                                "Join Type": "Inner",
                                "Startup Cost": 6188.45,
                                "Total Cost": 20599.32,
                                "Plan Rows": 4596,
                                "Plan Width": 10,
                                "Actual Startup Time": 46.237,
                                "Actual Total Time": 251.852,
                                "Actual Rows": 352990,
                                "Actual Loops": 4,
                                "Inner Unique": false,
                                "Plans": [
                                  {
                                    "Node Type": "Seq Scan",
                                    "Parent Relationship": "Outer",
                                    "Parallel Aware": false,
                                    "Relation Name": "info_type",
                                    "Alias": "it",
                                    "Startup Cost": 0.0,
                                    "Total Cost": 2.41,
                                    "Plan Rows": 1,
                                    "Plan Width": 4,
                                    "Actual Startup Time": 0.099,
                                    "Actual Total Time": 0.105,
                                    "Actual Rows": 1,
                                    "Actual Loops": 4,
                                    "Filter": "((info)::text = 'rating'::text)",
                                    "Rows Removed by Filter": 112
                                  },
                                  {
                                    "Node Type": "Bitmap Heap Scan",
                                    "Parent Relationship": "Inner",
                                    "Parallel Aware": false,
                                    "Relation Name": "movie_info_idx",
                                    "Alias": "mi_idx",
                                    "Startup Cost": 6188.45,
                                    "Total Cost": 19298.59,
                                    "Plan Rows": 129832,
                                    "Plan Width": 14,
                                    "Actual Startup Time": 46.126,
                                    "Actual Total Time": 216.549,
                                    "Actual Rows": 352990,
                                    "Actual Loops": 4,
                                    "Recheck Cond": "(info_type_id = it.id)",
                                    "Rows Removed by Index Recheck": 0,
                                    "Filter": "(info > '5.0'::text)",
                                    "Rows Removed by Filter": 106935,
                                    "Exact Heap Blocks": 7934,
                                    "Lossy Heap Blocks": 0,
                                    "Plans": [
                                      {
                                        "Node Type": "Bitmap Index Scan",
                                        "Parent Relationship": "Outer",
                                        "Parallel Aware": false,
                                        "Index Name": "info_type_id_movie_info_idx",
                                        "Startup Cost": 0.0,
                                        "Total Cost": 6155.99,
                                        "Plan Rows": 345009,
                                        "Plan Width": 0,
                                        "Actual Startup Time": 44.775,
                                        "Actual Total Time": 44.776,
                                        "Actual Rows": 459925,
                                        "Actual Loops": 4,
                                        "Index Cond": "(info_type_id = it.id)"
                                      }
                                    ]
                                  }
                                ]
                              }
                            ]
                          }
                        ]
                      },
                      {
                        "Node Type": "Index Scan",
                        "Parent Relationship": "Inner",
                        "Parallel Aware": false,
                        "Scan Direction": "Forward",
                        "Index Name": "title_pkey",
                        "Relation Name": "title",
                        "Alias": "t",
                        "Startup Cost": 0.43,
                        "Total Cost": 0.49,
                        "Plan Rows": 1,
                        "Plan Width": 21,
                        "Actual Startup Time": 0.003,
                        "Actual Total Time": 0.003,
                        "Actual Rows": 0,
                        "Actual Loops": 2881657,
                        "Index Cond": "(id = mk.movie_id)",
                        "Rows Removed by Index Recheck": 0,
                        "Filter": "(production_year > 2005)",
                        "Rows Removed by Filter": 1
                      }
                    ]
                  }
                ]
              }
            ]
          }
        ]
      }
    ]
  },
  "Planning Time": 8.417,
  "Triggers": [],
  "Execution Time": 2990.558
}