{
  "Plan": {
    "Node Type": "Aggregate",
    "Strategy": "Plain",
    "Partial Mode": "Finalize",
    "Parallel Aware": false,
    "Startup Cost": 246366.64,
    "Total Cost": 246366.65,
    "Plan Rows": 1,
    "Plan Width": 8,
    "Actual Startup Time": 1375.095,
    "Actual Total Time": 1425.37,
    "Actual Rows": 1,
    "Actual Loops": 1,
    "Plans": [
      {
        "Node Type": "Gather",
        "Parent Relationship": "Outer",
        "Parallel Aware": false,
        "Startup Cost": 246366.53,
        "Total Cost": 246366.64,
        "Plan Rows": 1,
        "Plan Width": 8,
        "Actual Startup Time": 1364.385,
        "Actual Total Time": 1425.358,
        "Actual Rows": 2,
        "Actual Loops": 1,
        "Workers Planned": 1,
        "Workers Launched": 1,
        "Single Copy": false,
        "Plans": [
          {
            "Node Type": "Aggregate",
            "Strategy": "Plain",
            "Partial Mode": "Partial",
            "Parent Relationship": "Outer",
            "Parallel Aware": false,
            "Startup Cost": 245366.53,
            "Total Cost": 245366.54,
            "Plan Rows": 1,
            "Plan Width": 8,
            "Actual Startup Time": 1354.858,
            "Actual Total Time": 1358.496,
            "Actual Rows": 1,
            "Actual Loops": 2,
            "Plans": [
              {
                "Node Type": "Hash Join",
                "Parent Relationship": "Outer",
                "Parallel Aware": true,
                "Join Type": "Inner",
                "Startup Cost": 154774.03,
                "Total Cost": 245298.94,
                "Plan Rows": 27036,
                "Plan Width": 0,
                "Actual Startup Time": 1296.073,
                "Actual Total Time": 1345.131,
                "Actual Rows": 308730,
                "Actual Loops": 2,
                "Inner Unique": false,
                "Hash Cond": "(mi.movie_id = t.id)",
                "Plans": [
                  {
                    "Node Type": "Bitmap Heap Scan",
                    "Parent Relationship": "Outer",
                    "Parallel Aware": true,
                    "Relation Name": "movie_info",
                    "Alias": "mi",
                    "Startup Cost": 698.33,
                    "Total Cost": 90951.14,
                    "Plan Rows": 22611,
                    "Plan Width": 4,
                    "Actual Startup Time": 2.557,
                    "Actual Total Time": 12.072,
                    "Actual Rows": 18492,
                    "Actual Loops": 2,
                    "Recheck Cond": "(info_type_id = 104)",
                    "Rows Removed by Index Recheck": 0,
                    "Exact Heap Blocks": 2394,
                    "Lossy Heap Blocks": 0,
                    "Plans": [
                      {
                        "Node Type": "Bitmap Index Scan",
                        "Parent Relationship": "Outer",
                        "Parallel Aware": false,
                        "Index Name": "info_type_id_movie_info",
                        "Startup Cost": 0.0,
                        "Total Cost": 688.72,
                        "Plan Rows": 38438,
                        "Plan Width": 0,
                        "Actual Startup Time": 1.927,
                        "Actual Total Time": 1.927,
                        "Actual Rows": 36985,
                        "Actual Loops": 1,
                        "Index Cond": "(info_type_id = 104)"
                      }
                    ]
                  },
                  {
                    "Node Type": "Hash",
                    "Parent Relationship": "Inner",
                    "Parallel Aware": true,
                    "Startup Cost": 131846.94,
                    "Total Cost": 131846.94,
                    "Plan Rows": 1778301,
                    "Plan Width": 8,
                    "Actual Startup Time": 1274.39,
                    "Actual Total Time": 1278.025,
                    "Actual Rows": 1505355,
                    "Actual Loops": 2,
                    "Hash Buckets": 4194304,
                    "Original Hash Buckets": 4194304,
                    "Hash Batches": 1,
                    "Original Hash Batches": 1,
                    "Peak Memory Usage": 150592,
                    "Plans": [
                      {
                        "Node Type": "Hash Join",
                        "Parent Relationship": "Outer",
                        "Parallel Aware": true,
                        "Join Type": "Inner",
                        "Startup Cost": 69460.7,
                        "Total Cost": 131846.94,
                        "Plan Rows": 1778301,
                        "Plan Width": 8,
                        "Actual Startup Time": 531.784,
                        "Actual Total Time": 1010.671,
                        "Actual Rows": 1505355,
                        "Actual Loops": 2,
                        "Inner Unique": true,
                        "Hash Cond": "(mk.movie_id = t.id)",
                        "Plans": [
                          {
                            "Node Type": "Seq Scan",
                            "Parent Relationship": "Outer",
                            "Parallel Aware": true,
                            "Relation Name": "movie_keyword",
                            "Alias": "mk",
                            "Startup Cost": 0.0,
                            "Total Cost": 57718.19,
                            "Plan Rows": 1778301,
                            "Plan Width": 4,
                            "Actual Startup Time": 0.192,
                            "Actual Total Time": 209.213,
                            "Actual Rows": 1505355,
                            "Actual Loops": 2,
                            "Filter": "(keyword_id > 2193)",
                            "Rows Removed by Filter": 756610
                          },
                          {
                            "Node Type": "Hash",
                            "Parent Relationship": "Inner",
                            "Parallel Aware": true,
                            "Startup Cost": 50870.31,
                            "Total Cost": 50870.31,
                            "Plan Rows": 1487231,
                            "Plan Width": 4,
                            "Actual Startup Time": 519.365,
                            "Actual Total Time": 519.366,
                            "Actual Rows": 1264156,
                            "Actual Loops": 2,
                            "Hash Buckets": 4194304,
                            "Original Hash Buckets": 4194304,
                            "Hash Batches": 1,
                            "Original Hash Batches": 1,
                            "Peak Memory Usage": 131680,
                            "Plans": [
                              {
                                "Node Type": "Seq Scan",
                                "Parent Relationship": "Outer",
                                "Parallel Aware": true,
                                "Relation Name": "title",
                                "Alias": "t",
                                "Startup Cost": 0.0,
                                "Total Cost": 50870.31,
                                "Plan Rows": 1487231,
                                "Plan Width": 4,
                                "Actual Startup Time": 0.028,
                                "Actual Total Time": 150.64,
                                "Actual Rows": 1264156,
                                "Actual Loops": 2
                              }
                            ]
                          }
                        ]
                      }
                    ]
                  }
                ]
              }
            ]
          }
        ]
      }
    ]
  },
  "Planning Time": 0.714,
  "Triggers": [],
  "Execution Time": 1425.461
}