[
  {
    "Plan": {
      "Node Type": "Aggregate",
      "Strategy": "Plain",
      "Partial Mode": "Finalize",
      "Parallel Aware": false,
      "Startup Cost": 75997.58,
      "Total Cost": 75997.59,
      "Plan Rows": 1,
      "Plan Width": 8,
      "Actual Startup Time": 237.658,
      "Actual Total Time": 255.053,
      "Actual Rows": 1,
      "Actual Loops": 1,
      "Plans": [
        {
          "Node Type": "Gather",
          "Parent Relationship": "Outer",
          "Parallel Aware": false,
          "Startup Cost": 75997.26,
          "Total Cost": 75997.57,
          "Plan Rows": 3,
          "Plan Width": 8,
          "Actual Startup Time": 237.379,
          "Actual Total Time": 255.043,
          "Actual Rows": 4,
          "Actual Loops": 1,
          "Workers Planned": 3,
          "Workers Launched": 3,
          "Single Copy": false,
          "Plans": [
            {
              "Node Type": "Aggregate",
              "Strategy": "Plain",
              "Partial Mode": "Partial",
              "Parent Relationship": "Outer",
              "Parallel Aware": false,
              "Startup Cost": 74997.26,
              "Total Cost": 74997.27,
              "Plan Rows": 1,
              "Plan Width": 8,
              "Actual Startup Time": 228.919,
              "Actual Total Time": 228.936,
              "Actual Rows": 1,
              "Actual Loops": 4,
              "Plans": [
                {
                  "Node Type": "Hash Join",
                  "Parent Relationship": "Outer",
                  "Parallel Aware": true,
                  "Join Type": "Inner",
                  "Startup Cost": 45559.86,
                  "Total Cost": 74975.75,
                  "Plan Rows": 8603,
                  "Plan Width": 0,
                  "Actual Startup Time": 102.895,
                  "Actual Total Time": 228.354,
                  "Actual Rows": 8501,
                  "Actual Loops": 4,
                  "Inner Unique": true,
                  "Hash Cond": "(mc.movie_id = t.id)",
                  "Plans": [
                    {
                      "Node Type": "Seq Scan",
                      "Parent Relationship": "Outer",
                      "Parallel Aware": true,
                      "Relation Name": "movie_companies",
                      "Alias": "mc",
                      "Startup Cost": 0.0,
                      "Total Cost": 27206.55,
                      "Plan Rows": 841655,
                      "Plan Width": 4,
                      "Actual Startup Time": 0.021,
                      "Actual Total Time": 60.595,
                      "Actual Rows": 652282,
                      "Actual Loops": 4
                    },
                    {
                      "Node Type": "Hash",
                      "Parent Relationship": "Inner",
                      "Parallel Aware": true,
                      "Startup Cost": 45479.1,
                      "Total Cost": 45479.1,
                      "Plan Rows": 6461,
                      "Plan Width": 4,
                      "Actual Startup Time": 101.281,
                      "Actual Total Time": 101.282,
                      "Actual Rows": 5927,
                      "Actual Loops": 4,
                      "Hash Buckets": 32768,
                      "Original Hash Buckets": 32768,
                      "Hash Batches": 1,
                      "Original Hash Batches": 1,
                      "Peak Memory Usage": 1216,
                      "Plans": [
                        {
                          "Node Type": "Seq Scan",
                          "Parent Relationship": "Outer",
                          "Parallel Aware": true,
                          "Relation Name": "title",
                          "Alias": "t",
                          "Startup Cost": 0.0,
                          "Total Cost": 45479.1,
                          "Plan Rows": 6461,
                          "Plan Width": 4,
                          "Actual Startup Time": 0.152,
                          "Actual Total Time": 98.613,
                          "Actual Rows": 5927,
                          "Actual Loops": 4,
                          "Filter": "((kind_id < 7) AND (production_year = 2013))",
                          "Rows Removed by Filter": 626151
                        }
                      ]
                    }
                  ]
                }
              ]
            }
          ]
        }
      ]
    },
    "Planning Time": 0.662,
    "Triggers": [],
    "Execution Time": 255.154
  }
]