[
  {
    "Plan": {
      "Node Type": "Aggregate",
      "Strategy": "Plain",
      "Partial Mode": "Finalize",
      "Parallel Aware": false,
      "Startup Cost": 62955.36,
      "Total Cost": 62955.37,
      "Plan Rows": 1,
      "Plan Width": 8,
      "Actual Startup Time": 233.138,
      "Actual Total Time": 248.382,
      "Actual Rows": 1,
      "Actual Loops": 1,
      "Plans": [
        {
          "Node Type": "Gather",
          "Parent Relationship": "Outer",
          "Parallel Aware": false,
          "Startup Cost": 62955.14,
          "Total Cost": 62955.35,
          "Plan Rows": 2,
          "Plan Width": 8,
          "Actual Startup Time": 231.977,
          "Actual Total Time": 248.374,
          "Actual Rows": 3,
          "Actual Loops": 1,
          "Workers Planned": 2,
          "Workers Launched": 2,
          "Single Copy": false,
          "Plans": [
            {
              "Node Type": "Aggregate",
              "Strategy": "Plain",
              "Partial Mode": "Partial",
              "Parent Relationship": "Outer",
              "Parallel Aware": false,
              "Startup Cost": 61955.14,
              "Total Cost": 61955.15,
              "Plan Rows": 1,
              "Plan Width": 8,
              "Actual Startup Time": 227.344,
              "Actual Total Time": 227.347,
              "Actual Rows": 1,
              "Actual Loops": 3,
              "Plans": [
                {
                  "Node Type": "Hash Join",
                  "Parent Relationship": "Outer",
                  "Parallel Aware": true,
                  "Join Type": "Inner",
                  "Startup Cost": 46563.4,
                  "Total Cost": 61757.96,
                  "Plan Rows": 78874,
                  "Plan Width": 0,
                  "Actual Startup Time": 139.35,
                  "Actual Total Time": 226.151,
                  "Actual Rows": 29278,
                  "Actual Loops": 3,
                  "Inner Unique": true,
                  "Hash Cond": "(mi_idx.movie_id = t.id)",
                  "Plans": [
                    {
                      "Node Type": "Seq Scan",
                      "Parent Relationship": "Outer",
                      "Parallel Aware": true,
                      "Relation Name": "movie_info_idx",
                      "Alias": "mi_idx",
                      "Startup Cost": 0.0,
                      "Total Cost": 13685.15,
                      "Plan Rows": 575015,
                      "Plan Width": 4,
                      "Actual Startup Time": 0.01,
                      "Actual Total Time": 36.829,
                      "Actual Rows": 460012,
                      "Actual Loops": 3
                    },
                    {
                      "Node Type": "Hash",
                      "Parent Relationship": "Inner",
                      "Parallel Aware": true,
                      "Startup Cost": 45479.59,
                      "Total Cost": 45479.59,
                      "Plan Rows": 86705,
                      "Plan Width": 4,
                      "Actual Startup Time": 135.126,
                      "Actual Total Time": 135.127,
                      "Actual Rows": 81051,
                      "Actual Loops": 3,
                      "Hash Buckets": 524288,
                      "Original Hash Buckets": 524288,
                      "Hash Batches": 1,
                      "Original Hash Batches": 1,
                      "Peak Memory Usage": 13664,
                      "Plans": [
                        {
                          "Node Type": "Seq Scan",
                          "Parent Relationship": "Outer",
                          "Parallel Aware": true,
                          "Relation Name": "title",
                          "Alias": "t",
                          "Startup Cost": 0.0,
                          "Total Cost": 45479.59,
                          "Plan Rows": 86705,
                          "Plan Width": 4,
                          "Actual Startup Time": 0.024,
                          "Actual Total Time": 106.372,
                          "Actual Rows": 81051,
                          "Actual Loops": 3,
                          "Filter": "((production_year < 1985) AND (kind_id = 7))",
                          "Rows Removed by Filter": 761720
                        }
                      ]
                    }
                  ]
                }
              ]
            }
          ]
        }
      ]
    },
    "Planning Time": 0.553,
    "Triggers": [],
    "Execution Time": 248.439
  }
]