[
    {
        "Bao": {
            "Bao prediction": "NaN",
            "Bao recommended hint": "(no hint)"
        }
    },
    {
        "Plan": {
            "Node Type": "Aggregate",
            "Strategy": "Plain",
            "Partial Mode": "Finalize",
            "Parallel Aware": false,
            "Startup Cost": 70513.09,
            "Total Cost": 70513.1,
            "Plan Rows": 1,
            "Plan Width": 8,
            "Actual Startup Time": 240.983,
            "Actual Total Time": 261.156,
            "Actual Rows": 1,
            "Actual Loops": 1,
            "Output": [
                "count(*)"
            ],
            "Plans": [
                {
                    "Node Type": "Gather",
                    "Parent Relationship": "Outer",
                    "Parallel Aware": false,
                    "Startup Cost": 70512.88,
                    "Total Cost": 70513.09,
                    "Plan Rows": 2,
                    "Plan Width": 8,
                    "Actual Startup Time": 240.416,
                    "Actual Total Time": 261.147,
                    "Actual Rows": 3,
                    "Actual Loops": 1,
                    "Output": [
                        "(PARTIAL count(*))"
                    ],
                    "Workers Planned": 2,
                    "Workers Launched": 2,
                    "Single Copy": false,
                    "Plans": [
                        {
                            "Node Type": "Aggregate",
                            "Strategy": "Plain",
                            "Partial Mode": "Partial",
                            "Parent Relationship": "Outer",
                            "Parallel Aware": false,
                            "Startup Cost": 69512.88,
                            "Total Cost": 69512.89,
                            "Plan Rows": 1,
                            "Plan Width": 8,
                            "Actual Startup Time": 232.526,
                            "Actual Total Time": 232.529,
                            "Actual Rows": 1,
                            "Actual Loops": 3,
                            "Output": [
                                "PARTIAL count(*)"
                            ],
                            "Workers": [
                                {
                                    "Worker Number": 0,
                                    "Actual Startup Time": 229.131,
                                    "Actual Total Time": 229.134,
                                    "Actual Rows": 1,
                                    "Actual Loops": 1
                                },
                                {
                                    "Worker Number": 1,
                                    "Actual Startup Time": 228.875,
                                    "Actual Total Time": 228.878,
                                    "Actual Rows": 1,
                                    "Actual Loops": 1
                                }
                            ],
                            "Plans": [
                                {
                                    "Node Type": "Nested Loop",
                                    "Parent Relationship": "Outer",
                                    "Parallel Aware": false,
                                    "Join Type": "Inner",
                                    "Startup Cost": 43975.03,
                                    "Total Cost": 69506.2,
                                    "Plan Rows": 2669,
                                    "Plan Width": 0,
                                    "Actual Startup Time": 102.555,
                                    "Actual Total Time": 232.102,
                                    "Actual Rows": 5196,
                                    "Actual Loops": 3,
                                    "Inner Unique": false,
                                    "Join Filter": "(t.id = mi.movie_id)",
                                    "Rows Removed by Join Filter": 0,
                                    "Workers": [
                                        {
                                            "Worker Number": 0,
                                            "Actual Startup Time": 99.005,
                                            "Actual Total Time": 228.704,
                                            "Actual Rows": 4517,
                                            "Actual Loops": 1
                                        },
                                        {
                                            "Worker Number": 1,
                                            "Actual Startup Time": 98.926,
                                            "Actual Total Time": 228.449,
                                            "Actual Rows": 4445,
                                            "Actual Loops": 1
                                        }
                                    ],
                                    "Plans": [
                                        {
                                            "Node Type": "Hash Join",
                                            "Parent Relationship": "Outer",
                                            "Parallel Aware": true,
                                            "Join Type": "Inner",
                                            "Startup Cost": 43974.59,
                                            "Total Cost": 59169.15,
                                            "Plan Rows": 5501,
                                            "Plan Width": 8,
                                            "Actual Startup Time": 102.446,
                                            "Actual Total Time": 173.282,
                                            "Actual Rows": 5706,
                                            "Actual Loops": 3,
                                            "Output": [
                                                "t.id",
                                                "mi_idx.movie_id"
                                            ],
                                            "Inner Unique": true,
                                            "Hash Cond": "(mi_idx.movie_id = t.id)",
                                            "Workers": [
                                                {
                                                    "Worker Number": 0,
                                                    "Actual Startup Time": 98.872,
                                                    "Actual Total Time": 162.898,
                                                    "Actual Rows": 5194,
                                                    "Actual Loops": 1
                                                },
                                                {
                                                    "Worker Number": 1,
                                                    "Actual Startup Time": 98.781,
                                                    "Actual Total Time": 163.253,
                                                    "Actual Rows": 4827,
                                                    "Actual Loops": 1
                                                }
                                            ],
                                            "Plans": [
                                                {
                                                    "Node Type": "Seq Scan",
                                                    "Parent Relationship": "Outer",
                                                    "Parallel Aware": true,
                                                    "Relation Name": "movie_info_idx",
                                                    "Schema": "public",
                                                    "Alias": "mi_idx",
                                                    "Startup Cost": 0.0,
                                                    "Total Cost": 13685.15,
                                                    "Plan Rows": 575015,
                                                    "Plan Width": 4,
                                                    "Actual Startup Time": 0.018,
                                                    "Actual Total Time": 33.11,
                                                    "Actual Rows": 460012,
                                                    "Actual Loops": 3,
                                                    "Output": [
                                                        "mi_idx.id",
                                                        "mi_idx.movie_id",
                                                        "mi_idx.info_type_id",
                                                        "mi_idx.info",
                                                        "mi_idx.note"
                                                    ],
                                                    "Workers": [
                                                        {
                                                            "Worker Number": 0,
                                                            "Actual Startup Time": 0.021,
                                                            "Actual Total Time": 30.6,
                                                            "Actual Rows": 395189,
                                                            "Actual Loops": 1
                                                        },
                                                        {
                                                            "Worker Number": 1,
                                                            "Actual Startup Time": 0.025,
                                                            "Actual Total Time": 30.677,
                                                            "Actual Rows": 394192,
                                                            "Actual Loops": 1
                                                        }
                                                    ]
                                                },
                                                {
                                                    "Node Type": "Hash",
                                                    "Parent Relationship": "Inner",
                                                    "Parallel Aware": true,
                                                    "Startup Cost": 43899.01,
                                                    "Total Cost": 43899.01,
                                                    "Plan Rows": 6047,
                                                    "Plan Width": 4,
                                                    "Actual Startup Time": 101.423,
                                                    "Actual Total Time": 101.423,
                                                    "Actual Rows": 7933,
                                                    "Actual Loops": 3,
                                                    "Output": [
                                                        "t.id"
                                                    ],
                                                    "Hash Buckets": 32768,
                                                    "Original Hash Buckets": 32768,
                                                    "Hash Batches": 1,
                                                    "Original Hash Batches": 1,
                                                    "Peak Memory Usage": 1216,
                                                    "Workers": [
                                                        {
                                                            "Worker Number": 0,
                                                            "Actual Startup Time": 98.394,
                                                            "Actual Total Time": 98.394,
                                                            "Actual Rows": 7038,
                                                            "Actual Loops": 1
                                                        },
                                                        {
                                                            "Worker Number": 1,
                                                            "Actual Startup Time": 98.319,
                                                            "Actual Total Time": 98.32,
                                                            "Actual Rows": 7012,
                                                            "Actual Loops": 1
                                                        }
                                                    ],
                                                    "Plans": [
                                                        {
                                                            "Node Type": "Seq Scan",
                                                            "Parent Relationship": "Outer",
                                                            "Parallel Aware": true,
                                                            "Relation Name": "title",
                                                            "Schema": "public",
                                                            "Alias": "t",
                                                            "Startup Cost": 0.0,
                                                            "Total Cost": 43899.01,
                                                            "Plan Rows": 6047,
                                                            "Plan Width": 4,
                                                            "Actual Startup Time": 0.069,
                                                            "Actual Total Time": 97.595,
                                                            "Actual Rows": 7933,
                                                            "Actual Loops": 3,
                                                            "Output": [
                                                                "t.id"
                                                            ],
                                                            "Filter": "(t.production_year = 1991)",
                                                            "Rows Removed by Filter": 834838,
                                                            "Workers": [
                                                                {
                                                                    "Worker Number": 0,
                                                                    "Actual Startup Time": 0.049,
                                                                    "Actual Total Time": 94.371,
                                                                    "Actual Rows": 7038,
                                                                    "Actual Loops": 1
                                                                },
                                                                {
                                                                    "Worker Number": 1,
                                                                    "Actual Startup Time": 0.109,
                                                                    "Actual Total Time": 94.638,
                                                                    "Actual Rows": 7012,
                                                                    "Actual Loops": 1
                                                                }
                                                            ]
                                                        }
                                                    ]
                                                }
                                            ]
                                        },
                                        {
                                            "Node Type": "Index Scan",
                                            "Parent Relationship": "Inner",
                                            "Parallel Aware": false,
                                            "Scan Direction": "Forward",
                                            "Index Name": "movie_id_movie_info",
                                            "Relation Name": "movie_info",
                                            "Schema": "public",
                                            "Alias": "mi",
                                            "Startup Cost": 0.43,
                                            "Total Cost": 1.84,
                                            "Plan Rows": 3,
                                            "Plan Width": 4,
                                            "Actual Startup Time": 0.005,
                                            "Actual Total Time": 0.01,
                                            "Actual Rows": 1,
                                            "Actual Loops": 17118,
                                            "Output": [
                                                "mi.id",
                                                "mi.movie_id",
                                                "mi.info_type_id",
                                                "mi.info",
                                                "mi.note"
                                            ],
                                            "Index Cond": "(mi.movie_id = mi_idx.movie_id)",
                                            "Rows Removed by Index Recheck": 0,
                                            "Filter": "(mi.info_type_id = 4)",
                                            "Rows Removed by Filter": 14,
                                            "Workers": [
                                                {
                                                    "Worker Number": 0,
                                                    "Actual Startup Time": 0.006,
                                                    "Actual Total Time": 0.012,
                                                    "Actual Rows": 1,
                                                    "Actual Loops": 5194
                                                },
                                                {
                                                    "Worker Number": 1,
                                                    "Actual Startup Time": 0.006,
                                                    "Actual Total Time": 0.013,
                                                    "Actual Rows": 1,
                                                    "Actual Loops": 4827
                                                }
                                            ]
                                        }
                                    ]
                                }
                            ]
                        }
                    ]
                }
            ]
        },
        "Planning Time": 213.895,
        "Triggers": [],
        "Execution Time": 261.28
    }
]