[
  {
    "Plan": {
      "Node Type": "Aggregate",
      "Strategy": "Plain",
      "Partial Mode": "Finalize",
      "Parallel Aware": false,
      "Startup Cost": 97195.52,
      "Total Cost": 97195.53,
      "Plan Rows": 1,
      "Plan Width": 8,
      "Actual Startup Time": 424.385,
      "Actual Total Time": 437.641,
      "Actual Rows": 1,
      "Actual Loops": 1,
      "Plans": [
        {
          "Node Type": "Gather",
          "Parent Relationship": "Outer",
          "Parallel Aware": false,
          "Startup Cost": 97195.21,
          "Total Cost": 97195.52,
          "Plan Rows": 3,
          "Plan Width": 8,
          "Actual Startup Time": 417.87,
          "Actual Total Time": 437.631,
          "Actual Rows": 4,
          "Actual Loops": 1,
          "Workers Planned": 3,
          "Workers Launched": 3,
          "Single Copy": false,
          "Plans": [
            {
              "Node Type": "Aggregate",
              "Strategy": "Plain",
              "Partial Mode": "Partial",
              "Parent Relationship": "Outer",
              "Parallel Aware": false,
              "Startup Cost": 96195.21,
              "Total Cost": 96195.22,
              "Plan Rows": 1,
              "Plan Width": 8,
              "Actual Startup Time": 411.243,
              "Actual Total Time": 411.247,
              "Actual Rows": 1,
              "Actual Loops": 4,
              "Plans": [
                {
                  "Node Type": "Hash Join",
                  "Parent Relationship": "Outer",
                  "Parallel Aware": true,
                  "Join Type": "Inner",
                  "Startup Cost": 50158.95,
                  "Total Cost": 94990.5,
                  "Plan Rows": 481881,
                  "Plan Width": 0,
                  "Actual Startup Time": 225.925,
                  "Actual Total Time": 407.043,
                  "Actual Rows": 92872,
                  "Actual Loops": 4,
                  "Inner Unique": true,
                  "Hash Cond": "(mk.movie_id = t.id)",
                  "Plans": [
                    {
                      "Node Type": "Seq Scan",
                      "Parent Relationship": "Outer",
                      "Parallel Aware": true,
                      "Relation Name": "movie_keyword",
                      "Alias": "mk",
                      "Startup Cost": 0.0,
                      "Total Cost": 42695.65,
                      "Plan Rows": 813677,
                      "Plan Width": 4,
                      "Actual Startup Time": 0.231,
                      "Actual Total Time": 105.382,
                      "Actual Rows": 629155,
                      "Actual Loops": 4,
                      "Filter": "(keyword_id > 3573)",
                      "Rows Removed by Filter": 501828
                    },
                    {
                      "Node Type": "Hash",
                      "Parent Relationship": "Inner",
                      "Parallel Aware": true,
                      "Startup Cost": 45479.59,
                      "Total Cost": 45479.59,
                      "Plan Rows": 374349,
                      "Plan Width": 4,
                      "Actual Startup Time": 220.59,
                      "Actual Total Time": 220.591,
                      "Actual Rows": 369610,
                      "Actual Loops": 4,
                      "Hash Buckets": 2097152,
                      "Original Hash Buckets": 2097152,
                      "Hash Batches": 1,
                      "Original Hash Batches": 1,
                      "Peak Memory Usage": 74272,
                      "Plans": [
                        {
                          "Node Type": "Seq Scan",
                          "Parent Relationship": "Outer",
                          "Parallel Aware": true,
                          "Relation Name": "title",
                          "Alias": "t",
                          "Startup Cost": 0.0,
                          "Total Cost": 45479.59,
                          "Plan Rows": 374349,
                          "Plan Width": 4,
                          "Actual Startup Time": 0.023,
                          "Actual Total Time": 104.273,
                          "Actual Rows": 369610,
                          "Actual Loops": 4,
                          "Filter": "((production_year > 0) AND (kind_id = 7))",
                          "Rows Removed by Filter": 262468
                        }
                      ]
                    }
                  ]
                }
              ]
            }
          ]
        }
      ]
    },
    "Planning Time": 0.278,
    "Triggers": [],
    "Execution Time": 437.681
  }
]