{
  "Plan": {
    "Node Type": "Aggregate",
    "Strategy": "Plain",
    "Partial Mode": "Finalize",
    "Parallel Aware": false,
    "Startup Cost": 93518.26,
    "Total Cost": 93518.27,
    "Plan Rows": 1,
    "Plan Width": 8,
    "Actual Startup Time": 268.31,
    "Actual Total Time": 281.752,
    "Actual Rows": 1,
    "Actual Loops": 1,
    "Plans": [
      {
        "Node Type": "Gather",
        "Parent Relationship": "Outer",
        "Parallel Aware": false,
        "Startup Cost": 93518.14,
        "Total Cost": 93518.25,
        "Plan Rows": 1,
        "Plan Width": 8,
        "Actual Startup Time": 268.029,
        "Actual Total Time": 281.743,
        "Actual Rows": 2,
        "Actual Loops": 1,
        "Workers Planned": 1,
        "Workers Launched": 1,
        "Single Copy": false,
        "Plans": [
          {
            "Node Type": "Aggregate",
            "Strategy": "Plain",
            "Partial Mode": "Partial",
            "Parent Relationship": "Outer",
            "Parallel Aware": false,
            "Startup Cost": 92518.14,
            "Total Cost": 92518.15,
            "Plan Rows": 1,
            "Plan Width": 8,
            "Actual Startup Time": 262.303,
            "Actual Total Time": 262.306,
            "Actual Rows": 1,
            "Actual Loops": 2,
            "Plans": [
              {
                "Node Type": "Hash Join",
                "Parent Relationship": "Outer",
                "Parallel Aware": true,
                "Join Type": "Inner",
                "Startup Cost": 58389.15,
                "Total Cost": 92511.26,
                "Plan Rows": 2752,
                "Plan Width": 0,
                "Actual Startup Time": 140.695,
                "Actual Total Time": 262.2,
                "Actual Rows": 1662,
                "Actual Loops": 2,
                "Inner Unique": true,
                "Hash Cond": "(ci.movie_id = t.id)",
                "Plans": [
                  {
                    "Node Type": "Index Scan",
                    "Parent Relationship": "Outer",
                    "Parallel Aware": true,
                    "Scan Direction": "Forward",
                    "Index Name": "role_id_cast_info",
                    "Relation Name": "cast_info",
                    "Alias": "ci",
                    "Startup Cost": 0.56,
                    "Total Cost": 32487.36,
                    "Plan Rows": 622980,
                    "Plan Width": 4,
                    "Actual Startup Time": 0.142,
                    "Actual Total Time": 70.137,
                    "Actual Rows": 546779,
                    "Actual Loops": 2,
                    "Index Cond": "(role_id = 9)",
                    "Rows Removed by Index Recheck": 0
                  },
                  {
                    "Node Type": "Hash",
                    "Parent Relationship": "Inner",
                    "Parallel Aware": true,
                    "Startup Cost": 58306.47,
                    "Total Cost": 58306.47,
                    "Plan Rows": 6569,
                    "Plan Width": 4,
                    "Actual Startup Time": 139.104,
                    "Actual Total Time": 139.105,
                    "Actual Rows": 5998,
                    "Actual Loops": 2,
                    "Hash Buckets": 16384,
                    "Original Hash Buckets": 16384,
                    "Hash Batches": 1,
                    "Original Hash Batches": 1,
                    "Peak Memory Usage": 640,
                    "Plans": [
                      {
                        "Node Type": "Seq Scan",
                        "Parent Relationship": "Outer",
                        "Parallel Aware": true,
                        "Relation Name": "title",
                        "Alias": "t",
                        "Startup Cost": 0.0,
                        "Total Cost": 58306.47,
                        "Plan Rows": 6569,
                        "Plan Width": 4,
                        "Actual Startup Time": 0.239,
                        "Actual Total Time": 136.891,
                        "Actual Rows": 5998,
                        "Actual Loops": 2,
                        "Filter": "((kind_id = 7) AND (production_year = 1987))",
                        "Rows Removed by Filter": 1258158
                      }
                    ]
                  }
                ]
              }
            ]
          }
        ]
      }
    ]
  },
  "Planning Time": 0.477,
  "Triggers": [],
  "Execution Time": 281.826
}