{
  "Plan": {
    "Node Type": "Aggregate",
    "Strategy": "Plain",
    "Partial Mode": "Finalize",
    "Parallel Aware": false,
    "Startup Cost": 126702.91,
    "Total Cost": 126702.92,
    "Plan Rows": 1,
    "Plan Width": 8,
    "Actual Startup Time": 860.695,
    "Actual Total Time": 877.865,
    "Actual Rows": 1,
    "Actual Loops": 1,
    "Plans": [
      {
        "Node Type": "Gather",
        "Parent Relationship": "Outer",
        "Parallel Aware": false,
        "Startup Cost": 126702.79,
        "Total Cost": 126702.9,
        "Plan Rows": 1,
        "Plan Width": 8,
        "Actual Startup Time": 858.231,
        "Actual Total Time": 877.858,
        "Actual Rows": 2,
        "Actual Loops": 1,
        "Workers Planned": 1,
        "Workers Launched": 1,
        "Single Copy": false,
        "Plans": [
          {
            "Node Type": "Aggregate",
            "Strategy": "Plain",
            "Partial Mode": "Partial",
            "Parent Relationship": "Outer",
            "Parallel Aware": false,
            "Startup Cost": 125702.79,
            "Total Cost": 125702.8,
            "Plan Rows": 1,
            "Plan Width": 8,
            "Actual Startup Time": 853.011,
            "Actual Total Time": 853.014,
            "Actual Rows": 1,
            "Actual Loops": 2,
            "Plans": [
              {
                "Node Type": "Hash Join",
                "Parent Relationship": "Outer",
                "Parallel Aware": true,
                "Join Type": "Inner",
                "Startup Cost": 65188.96,
                "Total Cost": 123239.8,
                "Plan Rows": 985198,
                "Plan Width": 0,
                "Actual Startup Time": 271.4,
                "Actual Total Time": 774.255,
                "Actual Rows": 1918426,
                "Actual Loops": 2,
                "Inner Unique": true,
                "Hash Cond": "(mk.movie_id = t.id)",
                "Plans": [
                  {
                    "Node Type": "Seq Scan",
                    "Parent Relationship": "Outer",
                    "Parallel Aware": true,
                    "Relation Name": "movie_keyword",
                    "Alias": "mk",
                    "Startup Cost": 0.0,
                    "Total Cost": 51065.35,
                    "Plan Rows": 2661135,
                    "Plan Width": 4,
                    "Actual Startup Time": 0.014,
                    "Actual Total Time": 157.628,
                    "Actual Rows": 2261965,
                    "Actual Loops": 2
                  },
                  {
                    "Node Type": "Hash",
                    "Parent Relationship": "Inner",
                    "Parallel Aware": true,
                    "Startup Cost": 58306.47,
                    "Total Cost": 58306.47,
                    "Plan Rows": 550599,
                    "Plan Width": 4,
                    "Actual Startup Time": 264.698,
                    "Actual Total Time": 264.699,
                    "Actual Rows": 452214,
                    "Actual Loops": 2,
                    "Hash Buckets": 1048576,
                    "Original Hash Buckets": 1048576,
                    "Hash Batches": 1,
                    "Original Hash Batches": 1,
                    "Peak Memory Usage": 43584,
                    "Plans": [
                      {
                        "Node Type": "Seq Scan",
                        "Parent Relationship": "Outer",
                        "Parallel Aware": true,
                        "Relation Name": "title",
                        "Alias": "t",
                        "Startup Cost": 0.0,
                        "Total Cost": 58306.47,
                        "Plan Rows": 550599,
                        "Plan Width": 4,
                        "Actual Startup Time": 0.038,
                        "Actual Total Time": 159.654,
                        "Actual Rows": 452214,
                        "Actual Loops": 2,
                        "Filter": "((kind_id < 7) AND (production_year > 1916))",
                        "Rows Removed by Filter": 811942
                      }
                    ]
                  }
                ]
              }
            ]
          }
        ]
      }
    ]
  },
  "Planning Time": 0.289,
  "Triggers": [],
  "Execution Time": 877.913
}