[
    {
        "Bao": {
            "Bao prediction": "NaN",
            "Bao recommended hint": "(no hint)"
        }
    },
    {
        "Plan": {
            "Node Type": "Aggregate",
            "Strategy": "Plain",
            "Partial Mode": "Simple",
            "Parallel Aware": false,
            "Startup Cost": 63058.53,
            "Total Cost": 63058.54,
            "Plan Rows": 1,
            "Plan Width": 8,
            "Actual Startup Time": 14.476,
            "Actual Total Time": 14.478,
            "Actual Rows": 1,
            "Actual Loops": 1,
            "Output": [
                "count(*)"
            ],
            "Plans": [
                {
                    "Node Type": "Bitmap Heap Scan",
                    "Parent Relationship": "Outer",
                    "Parallel Aware": false,
                    "Relation Name": "movie_info",
                    "Schema": "public",
                    "Alias": "mi",
                    "Startup Cost": 418.13,
                    "Total Cost": 63001.21,
                    "Plan Rows": 22928,
                    "Plan Width": 0,
                    "Actual Startup Time": 2.211,
                    "Actual Total Time": 12.355,
                    "Actual Rows": 32053,
                    "Actual Loops": 1,
                    "Recheck Cond": "(mi.info_type_id > 108)",
                    "Rows Removed by Index Recheck": 0,
                    "Exact Heap Blocks": 3651,
                    "Lossy Heap Blocks": 0,
                    "Plans": [
                        {
                            "Node Type": "Bitmap Index Scan",
                            "Parent Relationship": "Outer",
                            "Parallel Aware": false,
                            "Index Name": "info_type_id_movie_info",
                            "Startup Cost": 0.0,
                            "Total Cost": 412.39,
                            "Plan Rows": 22928,
                            "Plan Width": 0,
                            "Actual Startup Time": 1.676,
                            "Actual Total Time": 1.676,
                            "Actual Rows": 32053,
                            "Actual Loops": 1,
                            "Index Cond": "(mi.info_type_id > 108)"
                        }
                    ]
                }
            ]
        },
        "Planning Time": 180.571,
        "Triggers": [],
        "Execution Time": 14.557
    }
]