{
    "Plan": {
        "Node Type": "Aggregate",
        "Strategy": "Plain",
        "Partial Mode": "Finalize",
        "Parallel Aware": false,
        "Startup Cost": 583374.81,
        "Total Cost": 583374.82,
        "Plan Rows": 1,
        "Plan Width": 8,
        "Actual Startup Time": 2240.054,
        "Actual Total Time": 2306.842,
        "Actual Rows": 1,
        "Actual Loops": 1,
        "Output": [
            "count(*)"
        ],
        "Plans": [
            {
                "Node Type": "Gather",
                "Parent Relationship": "Outer",
                "Parallel Aware": false,
                "Startup Cost": 583374.29,
                "Total Cost": 583374.8,
                "Plan Rows": 5,
                "Plan Width": 8,
                "Actual Startup Time": 2234.812,
                "Actual Total Time": 2306.834,
                "Actual Rows": 6,
                "Actual Loops": 1,
                "Output": [
                    "(PARTIAL count(*))"
                ],
                "Workers Planned": 5,
                "Workers Launched": 5,
                "Single Copy": false,
                "Plans": [
                    {
                        "Node Type": "Aggregate",
                        "Strategy": "Plain",
                        "Partial Mode": "Partial",
                        "Parent Relationship": "Outer",
                        "Parallel Aware": false,
                        "Startup Cost": 582374.29,
                        "Total Cost": 582374.3,
                        "Plan Rows": 1,
                        "Plan Width": 8,
                        "Actual Startup Time": 2220.837,
                        "Actual Total Time": 2220.842,
                        "Actual Rows": 1,
                        "Actual Loops": 6,
                        "Output": [
                            "PARTIAL count(*)"
                        ],
                        "Workers": [
                            {
                                "Worker Number": 0,
                                "Actual Startup Time": 2218.151,
                                "Actual Total Time": 2218.156,
                                "Actual Rows": 1,
                                "Actual Loops": 1
                            },
                            {
                                "Worker Number": 1,
                                "Actual Startup Time": 2218.275,
                                "Actual Total Time": 2218.279,
                                "Actual Rows": 1,
                                "Actual Loops": 1
                            },
                            {
                                "Worker Number": 2,
                                "Actual Startup Time": 2218.251,
                                "Actual Total Time": 2218.257,
                                "Actual Rows": 1,
                                "Actual Loops": 1
                            },
                            {
                                "Worker Number": 3,
                                "Actual Startup Time": 2218.238,
                                "Actual Total Time": 2218.243,
                                "Actual Rows": 1,
                                "Actual Loops": 1
                            },
                            {
                                "Worker Number": 4,
                                "Actual Startup Time": 2218.224,
                                "Actual Total Time": 2218.228,
                                "Actual Rows": 1,
                                "Actual Loops": 1
                            }
                        ],
                        "Plans": [
                            {
                                "Node Type": "Hash Join",
                                "Parent Relationship": "Outer",
                                "Parallel Aware": true,
                                "Join Type": "Inner",
                                "Startup Cost": 374369.28,
                                "Total Cost": 579112.99,
                                "Plan Rows": 1304519,
                                "Plan Width": 0,
                                "Actual Startup Time": 787.697,
                                "Actual Total Time": 2035.586,
                                "Actual Rows": 4158220,
                                "Actual Loops": 6,
                                "Inner Unique": false,
                                "Hash Cond": "(mi.movie_id = t.id)",
                                "Workers": [
                                    {
                                        "Worker Number": 0,
                                        "Actual Startup Time": 785.383,
                                        "Actual Total Time": 2033.72,
                                        "Actual Rows": 3159076,
                                        "Actual Loops": 1
                                    },
                                    {
                                        "Worker Number": 1,
                                        "Actual Startup Time": 785.146,
                                        "Actual Total Time": 2037.338,
                                        "Actual Rows": 4758128,
                                        "Actual Loops": 1
                                    },
                                    {
                                        "Worker Number": 2,
                                        "Actual Startup Time": 785.232,
                                        "Actual Total Time": 2028.679,
                                        "Actual Rows": 3060773,
                                        "Actual Loops": 1
                                    },
                                    {
                                        "Worker Number": 3,
                                        "Actual Startup Time": 785.127,
                                        "Actual Total Time": 2044.652,
                                        "Actual Rows": 4398940,
                                        "Actual Loops": 1
                                    },
                                    {
                                        "Worker Number": 4,
                                        "Actual Startup Time": 785.134,
                                        "Actual Total Time": 2037.555,
                                        "Actual Rows": 4594426,
                                        "Actual Loops": 1
                                    }
                                ],
                                "Plans": [
                                    {
                                        "Node Type": "Seq Scan",
                                        "Parent Relationship": "Outer",
                                        "Parallel Aware": true,
                                        "Relation Name": "movie_info",
                                        "Schema": "public",
                                        "Alias": "mi",
                                        "Startup Cost": 0.0,
                                        "Total Cost": 191503.19,
                                        "Plan Rows": 2951019,
                                        "Plan Width": 4,
                                        "Actual Startup Time": 0.034,
                                        "Actual Total Time": 308.357,
                                        "Actual Rows": 2472620,
                                        "Actual Loops": 6,
                                        "Output": [
                                            "mi.id",
                                            "mi.movie_id",
                                            "mi.info_type_id",
                                            "mi.info",
                                            "mi.note"
                                        ],
                                        "Workers": [
                                            {
                                                "Worker Number": 0,
                                                "Actual Startup Time": 0.04,
                                                "Actual Total Time": 328.463,
                                                "Actual Rows": 1957746,
                                                "Actual Loops": 1
                                            },
                                            {
                                                "Worker Number": 1,
                                                "Actual Startup Time": 0.034,
                                                "Actual Total Time": 314.789,
                                                "Actual Rows": 2786860,
                                                "Actual Loops": 1
                                            },
                                            {
                                                "Worker Number": 2,
                                                "Actual Startup Time": 0.044,
                                                "Actual Total Time": 333.814,
                                                "Actual Rows": 1815462,
                                                "Actual Loops": 1
                                            },
                                            {
                                                "Worker Number": 3,
                                                "Actual Startup Time": 0.031,
                                                "Actual Total Time": 317.769,
                                                "Actual Rows": 2514009,
                                                "Actual Loops": 1
                                            },
                                            {
                                                "Worker Number": 4,
                                                "Actual Startup Time": 0.043,
                                                "Actual Total Time": 315.062,
                                                "Actual Rows": 2726982,
                                                "Actual Loops": 1
                                            }
                                        ]
                                    },
                                    {
                                        "Node Type": "Hash",
                                        "Parent Relationship": "Inner",
                                        "Parallel Aware": true,
                                        "Startup Cost": 372040.82,
                                        "Total Cost": 372040.82,
                                        "Plan Rows": 186277,
                                        "Plan Width": 8,
                                        "Actual Startup Time": 781.522,
                                        "Actual Total Time": 781.526,
                                        "Actual Rows": 139665,
                                        "Actual Loops": 6,
                                        "Output": [
                                            "t.id",
                                            "ci.movie_id"
                                        ],
                                        "Hash Buckets": 2097152,
                                        "Original Hash Buckets": 2097152,
                                        "Hash Batches": 1,
                                        "Original Hash Batches": 1,
                                        "Peak Memory Usage": 49248,
                                        "Workers": [
                                            {
                                                "Worker Number": 0,
                                                "Actual Startup Time": 783.45,
                                                "Actual Total Time": 783.454,
                                                "Actual Rows": 106195,
                                                "Actual Loops": 1
                                            },
                                            {
                                                "Worker Number": 1,
                                                "Actual Startup Time": 783.566,
                                                "Actual Total Time": 783.569,
                                                "Actual Rows": 155147,
                                                "Actual Loops": 1
                                            },
                                            {
                                                "Worker Number": 2,
                                                "Actual Startup Time": 783.38,
                                                "Actual Total Time": 783.385,
                                                "Actual Rows": 102396,
                                                "Actual Loops": 1
                                            },
                                            {
                                                "Worker Number": 3,
                                                "Actual Startup Time": 783.471,
                                                "Actual Total Time": 783.475,
                                                "Actual Rows": 141357,
                                                "Actual Loops": 1
                                            },
                                            {
                                                "Worker Number": 4,
                                                "Actual Startup Time": 783.47,
                                                "Actual Total Time": 783.473,
                                                "Actual Rows": 150378,
                                                "Actual Loops": 1
                                            }
                                        ],
                                        "Plans": [
                                            {
                                                "Node Type": "Hash Join",
                                                "Parent Relationship": "Outer",
                                                "Parallel Aware": true,
                                                "Join Type": "Inner",
                                                "Startup Cost": 47854.36,
                                                "Total Cost": 372040.82,
                                                "Plan Rows": 186277,
                                                "Plan Width": 8,
                                                "Actual Startup Time": 141.395,
                                                "Actual Total Time": 714.558,
                                                "Actual Rows": 139665,
                                                "Actual Loops": 6,
                                                "Output": [
                                                    "t.id",
                                                    "ci.movie_id"
                                                ],
                                                "Inner Unique": true,
                                                "Hash Cond": "(ci.movie_id = t.id)",
                                                "Workers": [
                                                    {
                                                        "Worker Number": 0,
                                                        "Actual Startup Time": 141.245,
                                                        "Actual Total Time": 717.928,
                                                        "Actual Rows": 106195,
                                                        "Actual Loops": 1
                                                    },
                                                    {
                                                        "Worker Number": 1,
                                                        "Actual Startup Time": 141.483,
                                                        "Actual Total Time": 716.515,
                                                        "Actual Rows": 155147,
                                                        "Actual Loops": 1
                                                    },
                                                    {
                                                        "Worker Number": 2,
                                                        "Actual Startup Time": 141.443,
                                                        "Actual Total Time": 718.711,
                                                        "Actual Rows": 102396,
                                                        "Actual Loops": 1
                                                    },
                                                    {
                                                        "Worker Number": 3,
                                                        "Actual Startup Time": 141.287,
                                                        "Actual Total Time": 711.463,
                                                        "Actual Rows": 141357,
                                                        "Actual Loops": 1
                                                    },
                                                    {
                                                        "Worker Number": 4,
                                                        "Actual Startup Time": 141.3,
                                                        "Actual Total Time": 713.758,
                                                        "Actual Rows": 150378,
                                                        "Actual Loops": 1
                                                    }
                                                ],
                                                "Plans": [
                                                    {
                                                        "Node Type": "Index Scan",
                                                        "Parent Relationship": "Outer",
                                                        "Parallel Aware": true,
                                                        "Scan Direction": "Forward",
                                                        "Index Name": "role_id_cast_info",
                                                        "Relation Name": "cast_info",
                                                        "Schema": "public",
                                                        "Alias": "ci",
                                                        "Startup Cost": 0.56,
                                                        "Total Cost": 322560.04,
                                                        "Plan Rows": 619804,
                                                        "Plan Width": 4,
                                                        "Actual Startup Time": 0.148,
                                                        "Actual Total Time": 421.817,
                                                        "Actual Rows": 379494,
                                                        "Actual Loops": 6,
                                                        "Output": [
                                                            "ci.id",
                                                            "ci.person_id",
                                                            "ci.movie_id",
                                                            "ci.person_role_id",
                                                            "ci.note",
                                                            "ci.nr_order",
                                                            "ci.role_id"
                                                        ],
                                                        "Index Cond": "(ci.role_id > 3)",
                                                        "Rows Removed by Index Recheck": 0,
                                                        "Filter": "(ci.person_id < 1105884)",
                                                        "Rows Removed by Filter": 1639447,
                                                        "Workers": [
                                                            {
                                                                "Worker Number": 0,
                                                                "Actual Startup Time": 0.128,
                                                                "Actual Total Time": 432.184,
                                                                "Actual Rows": 286216,
                                                                "Actual Loops": 1
                                                            },
                                                            {
                                                                "Worker Number": 1,
                                                                "Actual Startup Time": 0.21,
                                                                "Actual Total Time": 425.203,
                                                                "Actual Rows": 422229,
                                                                "Actual Loops": 1
                                                            },
                                                            {
                                                                "Worker Number": 2,
                                                                "Actual Startup Time": 0.177,
                                                                "Actual Total Time": 434.924,
                                                                "Actual Rows": 289011,
                                                                "Actual Loops": 1
                                                            },
                                                            {
                                                                "Worker Number": 3,
                                                                "Actual Startup Time": 0.069,
                                                                "Actual Total Time": 416.99,
                                                                "Actual Rows": 381444,
                                                                "Actual Loops": 1
                                                            },
                                                            {
                                                                "Worker Number": 4,
                                                                "Actual Startup Time": 0.085,
                                                                "Actual Total Time": 423.622,
                                                                "Actual Rows": 402316,
                                                                "Actual Loops": 1
                                                            }
                                                        ]
                                                    },
                                                    {
                                                        "Node Type": "Hash",
                                                        "Parent Relationship": "Inner",
                                                        "Parallel Aware": true,
                                                        "Startup Cost": 45479.21,
                                                        "Total Cost": 45479.21,
                                                        "Plan Rows": 189967,
                                                        "Plan Width": 4,
                                                        "Actual Startup Time": 139.852,
                                                        "Actual Total Time": 139.853,
                                                        "Actual Rows": 128883,
                                                        "Actual Loops": 6,
                                                        "Output": [
                                                            "t.id"
                                                        ],
                                                        "Hash Buckets": 1048576,
                                                        "Original Hash Buckets": 1048576,
                                                        "Hash Batches": 1,
                                                        "Original Hash Batches": 1,
                                                        "Peak Memory Usage": 38560,
                                                        "Workers": [
                                                            {
                                                                "Worker Number": 0,
                                                                "Actual Startup Time": 141.047,
                                                                "Actual Total Time": 141.048,
                                                                "Actual Rows": 95342,
                                                                "Actual Loops": 1
                                                            },
                                                            {
                                                                "Worker Number": 1,
                                                                "Actual Startup Time": 141.021,
                                                                "Actual Total Time": 141.022,
                                                                "Actual Rows": 139976,
                                                                "Actual Loops": 1
                                                            },
                                                            {
                                                                "Worker Number": 2,
                                                                "Actual Startup Time": 140.976,
                                                                "Actual Total Time": 140.978,
                                                                "Actual Rows": 95551,
                                                                "Actual Loops": 1
                                                            },
                                                            {
                                                                "Worker Number": 3,
                                                                "Actual Startup Time": 140.958,
                                                                "Actual Total Time": 140.96,
                                                                "Actual Rows": 127792,
                                                                "Actual Loops": 1
                                                            },
                                                            {
                                                                "Worker Number": 4,
                                                                "Actual Startup Time": 140.979,
                                                                "Actual Total Time": 140.98,
                                                                "Actual Rows": 138750,
                                                                "Actual Loops": 1
                                                            }
                                                        ],
                                                        "Plans": [
                                                            {
                                                                "Node Type": "Seq Scan",
                                                                "Parent Relationship": "Outer",
                                                                "Parallel Aware": true,
                                                                "Relation Name": "title",
                                                                "Schema": "public",
                                                                "Alias": "t",
                                                                "Startup Cost": 0.0,
                                                                "Total Cost": 45479.21,
                                                                "Plan Rows": 189967,
                                                                "Plan Width": 4,
                                                                "Actual Startup Time": 0.069,
                                                                "Actual Total Time": 86.073,
                                                                "Actual Rows": 128883,
                                                                "Actual Loops": 6,
                                                                "Output": [
                                                                    "t.id"
                                                                ],
                                                                "Filter": "((t.kind_id < 4) AND (t.production_year < 2012))",
                                                                "Rows Removed by Filter": 292502,
                                                                "Workers": [
                                                                    {
                                                                        "Worker Number": 0,
                                                                        "Actual Startup Time": 0.081,
                                                                        "Actual Total Time": 87.753,
                                                                        "Actual Rows": 95342,
                                                                        "Actual Loops": 1
                                                                    },
                                                                    {
                                                                        "Worker Number": 1,
                                                                        "Actual Startup Time": 0.076,
                                                                        "Actual Total Time": 86.361,
                                                                        "Actual Rows": 139976,
                                                                        "Actual Loops": 1
                                                                    },
                                                                    {
                                                                        "Worker Number": 2,
                                                                        "Actual Startup Time": 0.075,
                                                                        "Actual Total Time": 87.246,
                                                                        "Actual Rows": 95551,
                                                                        "Actual Loops": 1
                                                                    },
                                                                    {
                                                                        "Worker Number": 3,
                                                                        "Actual Startup Time": 0.077,
                                                                        "Actual Total Time": 86.355,
                                                                        "Actual Rows": 127792,
                                                                        "Actual Loops": 1
                                                                    },
                                                                    {
                                                                        "Worker Number": 4,
                                                                        "Actual Startup Time": 0.086,
                                                                        "Actual Total Time": 86.661,
                                                                        "Actual Rows": 138750,
                                                                        "Actual Loops": 1
                                                                    }
                                                                ]
                                                            }
                                                        ]
                                                    }
                                                ]
                                            }
                                        ]
                                    }
                                ]
                            }
                        ]
                    }
                ]
            }
        ]
    },
    "Planning Time": 1.625,
    "Triggers": [],
    "Execution Time": 2306.989
}