[
  {
    "Plan": {
      "Node Type": "Aggregate",
      "Strategy": "Plain",
      "Partial Mode": "Finalize",
      "Parallel Aware": false,
      "Startup Cost": 247259.01,
      "Total Cost": 247259.02,
      "Plan Rows": 1,
      "Plan Width": 8,
      "Actual Startup Time": 873.154,
      "Actual Total Time": 916.427,
      "Actual Rows": 1,
      "Actual Loops": 1,
      "Plans": [
        {
          "Node Type": "Gather",
          "Parent Relationship": "Outer",
          "Parallel Aware": false,
          "Startup Cost": 247258.49,
          "Total Cost": 247259.0,
          "Plan Rows": 5,
          "Plan Width": 8,
          "Actual Startup Time": 869.762,
          "Actual Total Time": 916.416,
          "Actual Rows": 6,
          "Actual Loops": 1,
          "Workers Planned": 5,
          "Workers Launched": 5,
          "Single Copy": false,
          "Plans": [
            {
              "Node Type": "Aggregate",
              "Strategy": "Plain",
              "Partial Mode": "Partial",
              "Parent Relationship": "Outer",
              "Parallel Aware": false,
              "Startup Cost": 246258.49,
              "Total Cost": 246258.5,
              "Plan Rows": 1,
              "Plan Width": 8,
              "Actual Startup Time": 859.84,
              "Actual Total Time": 859.902,
              "Actual Rows": 1,
              "Actual Loops": 6,
              "Plans": [
                {
                  "Node Type": "Hash Join",
                  "Parent Relationship": "Outer",
                  "Parallel Aware": true,
                  "Join Type": "Inner",
                  "Startup Cost": 46232.17,
                  "Total Cost": 245553.94,
                  "Plan Rows": 281820,
                  "Plan Width": 0,
                  "Actual Startup Time": 127.147,
                  "Actual Total Time": 827.484,
                  "Actual Rows": 732714,
                  "Actual Loops": 6,
                  "Inner Unique": true,
                  "Hash Cond": "(mi.movie_id = t.id)",
                  "Plans": [
                    {
                      "Node Type": "Seq Scan",
                      "Parent Relationship": "Outer",
                      "Parallel Aware": true,
                      "Relation Name": "movie_info",
                      "Alias": "mi",
                      "Startup Cost": 0.0,
                      "Total Cost": 191560.33,
                      "Plan Rows": 2956733,
                      "Plan Width": 4,
                      "Actual Startup Time": 0.027,
                      "Actual Total Time": 304.063,
                      "Actual Rows": 2472620,
                      "Actual Loops": 6
                    },
                    {
                      "Node Type": "Hash",
                      "Parent Relationship": "Inner",
                      "Parallel Aware": true,
                      "Startup Cost": 45479.1,
                      "Total Cost": 45479.1,
                      "Plan Rows": 60246,
                      "Plan Width": 4,
                      "Actual Startup Time": 113.362,
                      "Actual Total Time": 113.363,
                      "Actual Rows": 59924,
                      "Actual Loops": 6,
                      "Hash Buckets": 524288,
                      "Original Hash Buckets": 262144,
                      "Hash Batches": 1,
                      "Original Hash Batches": 1,
                      "Peak Memory Usage": 20384,
                      "Plans": [
                        {
                          "Node Type": "Seq Scan",
                          "Parent Relationship": "Outer",
                          "Parallel Aware": true,
                          "Relation Name": "title",
                          "Alias": "t",
                          "Startup Cost": 0.0,
                          "Total Cost": 45479.1,
                          "Plan Rows": 60246,
                          "Plan Width": 4,
                          "Actual Startup Time": 53.028,
                          "Actual Total Time": 85.373,
                          "Actual Rows": 59924,
                          "Actual Loops": 6,
                          "Filter": "((kind_id < 2) AND (production_year < 1998))",
                          "Rows Removed by Filter": 361462
                        }
                      ]
                    }
                  ]
                }
              ]
            }
          ]
        }
      ]
    },
    "Planning Time": 0.651,
    "Triggers": [],
    "Execution Time": 916.513
  }
]