{
  "Plan": {
    "Node Type": "Aggregate",
    "Strategy": "Plain",
    "Partial Mode": "Finalize",
    "Parallel Aware": false,
    "Startup Cost": 101921.82,
    "Total Cost": 101921.83,
    "Plan Rows": 1,
    "Plan Width": 8,
    "Actual Startup Time": 620.773,
    "Actual Total Time": 635.945,
    "Actual Rows": 1,
    "Actual Loops": 1,
    "Plans": [
      {
        "Node Type": "Gather",
        "Parent Relationship": "Outer",
        "Parallel Aware": false,
        "Startup Cost": 101921.71,
        "Total Cost": 101921.82,
        "Plan Rows": 1,
        "Plan Width": 8,
        "Actual Startup Time": 618.613,
        "Actual Total Time": 635.937,
        "Actual Rows": 2,
        "Actual Loops": 1,
        "Workers Planned": 1,
        "Workers Launched": 1,
        "Single Copy": false,
        "Plans": [
          {
            "Node Type": "Aggregate",
            "Strategy": "Plain",
            "Partial Mode": "Partial",
            "Parent Relationship": "Outer",
            "Parallel Aware": false,
            "Startup Cost": 100921.71,
            "Total Cost": 100921.72,
            "Plan Rows": 1,
            "Plan Width": 8,
            "Actual Startup Time": 612.44,
            "Actual Total Time": 612.444,
            "Actual Rows": 1,
            "Actual Loops": 2,
            "Plans": [
              {
                "Node Type": "Hash Join",
                "Parent Relationship": "Outer",
                "Parallel Aware": true,
                "Join Type": "Inner",
                "Startup Cost": 37806.93,
                "Total Cost": 100589.62,
                "Plan Rows": 132836,
                "Plan Width": 0,
                "Actual Startup Time": 190.186,
                "Actual Total Time": 601.114,
                "Actual Rows": 211067,
                "Actual Loops": 2,
                "Inner Unique": false,
                "Hash Cond": "(t.id = mc.movie_id)",
                "Plans": [
                  {
                    "Node Type": "Seq Scan",
                    "Parent Relationship": "Outer",
                    "Parallel Aware": true,
                    "Relation Name": "title",
                    "Alias": "t",
                    "Startup Cost": 0.0,
                    "Total Cost": 54588.39,
                    "Plan Rows": 1186066,
                    "Plan Width": 4,
                    "Actual Startup Time": 0.013,
                    "Actual Total Time": 180.244,
                    "Actual Rows": 1002324,
                    "Actual Loops": 2,
                    "Filter": "(production_year > 1975)",
                    "Rows Removed by Filter": 261832
                  },
                  {
                    "Node Type": "Hash",
                    "Parent Relationship": "Inner",
                    "Parallel Aware": true,
                    "Startup Cost": 35724.85,
                    "Total Cost": 35724.85,
                    "Plan Rows": 166566,
                    "Plan Width": 4,
                    "Actual Startup Time": 184.262,
                    "Actual Total Time": 184.264,
                    "Actual Rows": 285769,
                    "Actual Loops": 2,
                    "Hash Buckets": 1048576,
                    "Original Hash Buckets": 524288,
                    "Hash Batches": 1,
                    "Original Hash Batches": 1,
                    "Peak Memory Usage": 34656,
                    "Plans": [
                      {
                        "Node Type": "Bitmap Heap Scan",
                        "Parent Relationship": "Outer",
                        "Parallel Aware": true,
                        "Relation Name": "movie_companies",
                        "Alias": "mc",
                        "Startup Cost": 12013.97,
                        "Total Cost": 35724.85,
                        "Plan Rows": 166566,
                        "Plan Width": 4,
                        "Actual Startup Time": 39.949,
                        "Actual Total Time": 104.598,
                        "Actual Rows": 285769,
                        "Actual Loops": 2,
                        "Recheck Cond": "(company_id > 71318)",
                        "Rows Removed by Index Recheck": 0,
                        "Filter": "(company_type_id > 1)",
                        "Rows Removed by Filter": 0,
                        "Exact Heap Blocks": 5076,
                        "Lossy Heap Blocks": 0,
                        "Plans": [
                          {
                            "Node Type": "Bitmap Index Scan",
                            "Parent Relationship": "Outer",
                            "Parallel Aware": false,
                            "Index Name": "company_id_movie_companies",
                            "Startup Cost": 0.0,
                            "Total Cost": 11943.18,
                            "Plan Rows": 557700,
                            "Plan Width": 0,
                            "Actual Startup Time": 38.922,
                            "Actual Total Time": 38.923,
                            "Actual Rows": 571538,
                            "Actual Loops": 1,
                            "Index Cond": "(company_id > 71318)"
                          }
                        ]
                      }
                    ]
                  }
                ]
              }
            ]
          }
        ]
      }
    ]
  },
  "Planning Time": 0.48,
  "Triggers": [],
  "Execution Time": 636.043
}