[
  {
    "Plan": {
      "Node Type": "Aggregate",
      "Strategy": "Plain",
      "Partial Mode": "Finalize",
      "Parallel Aware": false,
      "Startup Cost": 41955.16,
      "Total Cost": 41955.17,
      "Plan Rows": 1,
      "Plan Width": 8,
      "Actual Startup Time": 140.343,
      "Actual Total Time": 148.969,
      "Actual Rows": 1,
      "Actual Loops": 1,
      "Plans": [
        {
          "Node Type": "Gather",
          "Parent Relationship": "Outer",
          "Parallel Aware": false,
          "Startup Cost": 41954.84,
          "Total Cost": 41955.15,
          "Plan Rows": 3,
          "Plan Width": 8,
          "Actual Startup Time": 139.999,
          "Actual Total Time": 148.96,
          "Actual Rows": 4,
          "Actual Loops": 1,
          "Workers Planned": 3,
          "Workers Launched": 3,
          "Single Copy": false,
          "Plans": [
            {
              "Node Type": "Aggregate",
              "Strategy": "Plain",
              "Partial Mode": "Partial",
              "Parent Relationship": "Outer",
              "Parallel Aware": false,
              "Startup Cost": 40954.84,
              "Total Cost": 40954.85,
              "Plan Rows": 1,
              "Plan Width": 8,
              "Actual Startup Time": 133.064,
              "Actual Total Time": 133.066,
              "Actual Rows": 1,
              "Actual Loops": 4,
              "Plans": [
                {
                  "Node Type": "Bitmap Heap Scan",
                  "Parent Relationship": "Outer",
                  "Parallel Aware": true,
                  "Relation Name": "movie_keyword",
                  "Alias": "mk",
                  "Startup Cost": 13436.49,
                  "Total Cost": 40444.11,
                  "Plan Rows": 204290,
                  "Plan Width": 0,
                  "Actual Startup Time": 52.712,
                  "Actual Total Time": 124.785,
                  "Actual Rows": 153896,
                  "Actual Loops": 4,
                  "Recheck Cond": "(keyword_id > 29654)",
                  "Rows Removed by Index Recheck": 0,
                  "Exact Heap Blocks": 10328,
                  "Lossy Heap Blocks": 0,
                  "Plans": [
                    {
                      "Node Type": "Bitmap Index Scan",
                      "Parent Relationship": "Outer",
                      "Parallel Aware": false,
                      "Index Name": "keyword_id_movie_keyword",
                      "Startup Cost": 0.0,
                      "Total Cost": 13278.17,
                      "Plan Rows": 633298,
                      "Plan Width": 0,
                      "Actual Startup Time": 55.322,
                      "Actual Total Time": 55.322,
                      "Actual Rows": 615582,
                      "Actual Loops": 1,
                      "Index Cond": "(keyword_id > 29654)"
                    }
                  ]
                }
              ]
            }
          ]
        }
      ]
    },
    "Planning Time": 0.179,
    "Triggers": [],
    "Execution Time": 149.052
  }
]