[
  {
    "Plan": {
      "Node Type": "Aggregate",
      "Strategy": "Plain",
      "Partial Mode": "Finalize",
      "Parallel Aware": false,
      "Startup Cost": 336140.05,
      "Total Cost": 336140.06,
      "Plan Rows": 1,
      "Plan Width": 8,
      "Actual Startup Time": 672.337,
      "Actual Total Time": 714.337,
      "Actual Rows": 1,
      "Actual Loops": 1,
      "Plans": [
        {
          "Node Type": "Gather",
          "Parent Relationship": "Outer",
          "Parallel Aware": false,
          "Startup Cost": 336139.43,
          "Total Cost": 336140.04,
          "Plan Rows": 6,
          "Plan Width": 8,
          "Actual Startup Time": 672.133,
          "Actual Total Time": 714.319,
          "Actual Rows": 7,
          "Actual Loops": 1,
          "Workers Planned": 6,
          "Workers Launched": 6,
          "Single Copy": false,
          "Plans": [
            {
              "Node Type": "Aggregate",
              "Strategy": "Plain",
              "Partial Mode": "Partial",
              "Parent Relationship": "Outer",
              "Parallel Aware": false,
              "Startup Cost": 335139.43,
              "Total Cost": 335139.44,
              "Plan Rows": 1,
              "Plan Width": 8,
              "Actual Startup Time": 664.868,
              "Actual Total Time": 664.869,
              "Actual Rows": 1,
              "Actual Loops": 7,
              "Plans": [
                {
                  "Node Type": "Seq Scan",
                  "Parent Relationship": "Outer",
                  "Parallel Aware": true,
                  "Relation Name": "cast_info",
                  "Alias": "ci",
                  "Startup Cost": 0.0,
                  "Total Cost": 328211.39,
                  "Plan Rows": 2771215,
                  "Plan Width": 0,
                  "Actual Startup Time": 206.448,
                  "Actual Total Time": 558.486,
                  "Actual Rows": 2340790,
                  "Actual Loops": 7,
                  "Filter": "(person_id > 1993642)",
                  "Rows Removed by Filter": 2836973
                }
              ]
            }
          ]
        }
      ]
    },
    "Planning Time": 0.089,
    "Triggers": [],
    "Execution Time": 714.391
  }
]