[
  {
    "Plan": {
      "Node Type": "Aggregate",
      "Strategy": "Plain",
      "Partial Mode": "Finalize",
      "Parallel Aware": false,
      "Startup Cost": 335999.89,
      "Total Cost": 335999.9,
      "Plan Rows": 1,
      "Plan Width": 8,
      "Actual Startup Time": 743.664,
      "Actual Total Time": 805.053,
      "Actual Rows": 1,
      "Actual Loops": 1,
      "Plans": [
        {
          "Node Type": "Gather",
          "Parent Relationship": "Outer",
          "Parallel Aware": false,
          "Startup Cost": 335999.27,
          "Total Cost": 335999.88,
          "Plan Rows": 6,
          "Plan Width": 8,
          "Actual Startup Time": 743.514,
          "Actual Total Time": 805.041,
          "Actual Rows": 7,
          "Actual Loops": 1,
          "Workers Planned": 6,
          "Workers Launched": 6,
          "Single Copy": false,
          "Plans": [
            {
              "Node Type": "Aggregate",
              "Strategy": "Plain",
              "Partial Mode": "Partial",
              "Parent Relationship": "Outer",
              "Parallel Aware": false,
              "Startup Cost": 334999.27,
              "Total Cost": 334999.28,
              "Plan Rows": 1,
              "Plan Width": 8,
              "Actual Startup Time": 733.682,
              "Actual Total Time": 733.683,
              "Actual Rows": 1,
              "Actual Loops": 7,
              "Plans": [
                {
                  "Node Type": "Seq Scan",
                  "Parent Relationship": "Outer",
                  "Parallel Aware": true,
                  "Relation Name": "cast_info",
                  "Alias": "ci",
                  "Startup Cost": 0.0,
                  "Total Cost": 328162.03,
                  "Plan Rows": 2734897,
                  "Plan Width": 0,
                  "Actual Startup Time": 232.891,
                  "Actual Total Time": 625.253,
                  "Actual Rows": 2340790,
                  "Actual Loops": 7,
                  "Filter": "(person_id > 1993642)",
                  "Rows Removed by Filter": 2836973
                }
              ]
            }
          ]
        }
      ]
    },
    "Planning Time": 0.202,
    "Triggers": [],
    "Execution Time": 805.13
  }
]