{
  "Plan": {
    "Node Type": "Aggregate",
    "Strategy": "Plain",
    "Partial Mode": "Finalize",
    "Parallel Aware": false,
    "Startup Cost": 176561.46,
    "Total Cost": 176561.47,
    "Plan Rows": 1,
    "Plan Width": 8,
    "Actual Startup Time": 1309.008,
    "Actual Total Time": 1329.991,
    "Actual Rows": 1,
    "Actual Loops": 1,
    "Plans": [
      {
        "Node Type": "Gather",
        "Parent Relationship": "Outer",
        "Parallel Aware": false,
        "Startup Cost": 176561.35,
        "Total Cost": 176561.46,
        "Plan Rows": 1,
        "Plan Width": 8,
        "Actual Startup Time": 1308.16,
        "Actual Total Time": 1329.984,
        "Actual Rows": 2,
        "Actual Loops": 1,
        "Workers Planned": 1,
        "Workers Launched": 1,
        "Single Copy": false,
        "Plans": [
          {
            "Node Type": "Aggregate",
            "Strategy": "Plain",
            "Partial Mode": "Partial",
            "Parent Relationship": "Outer",
            "Parallel Aware": false,
            "Startup Cost": 175561.35,
            "Total Cost": 175561.36,
            "Plan Rows": 1,
            "Plan Width": 8,
            "Actual Startup Time": 1301.895,
            "Actual Total Time": 1301.9,
            "Actual Rows": 1,
            "Actual Loops": 2,
            "Plans": [
              {
                "Node Type": "Nested Loop",
                "Parent Relationship": "Outer",
                "Parallel Aware": false,
                "Join Type": "Inner",
                "Startup Cost": 58172.45,
                "Total Cost": 175420.49,
                "Plan Rows": 56341,
                "Plan Width": 0,
                "Actual Startup Time": 213.342,
                "Actual Total Time": 1268.615,
                "Actual Rows": 794882,
                "Actual Loops": 2,
                "Inner Unique": false,
                "Join Filter": "(t.id = mi_idx.movie_id)",
                "Rows Removed by Join Filter": 0,
                "Plans": [
                  {
                    "Node Type": "Hash Join",
                    "Parent Relationship": "Outer",
                    "Parallel Aware": true,
                    "Join Type": "Inner",
                    "Startup Cost": 58172.03,
                    "Total Cost": 118391.0,
                    "Plan Rows": 103219,
                    "Plan Width": 8,
                    "Actual Startup Time": 213.262,
                    "Actual Total Time": 518.038,
                    "Actual Rows": 298576,
                    "Actual Loops": 2,
                    "Inner Unique": true,
                    "Hash Cond": "(mk.movie_id = t.id)",
                    "Plans": [
                      {
                        "Node Type": "Seq Scan",
                        "Parent Relationship": "Outer",
                        "Parallel Aware": true,
                        "Relation Name": "movie_keyword",
                        "Alias": "mk",
                        "Startup Cost": 0.0,
                        "Total Cost": 57718.19,
                        "Plan Rows": 952678,
                        "Plan Width": 4,
                        "Actual Startup Time": 0.951,
                        "Actual Total Time": 183.893,
                        "Actual Rows": 812681,
                        "Actual Loops": 2,
                        "Filter": "(keyword_id > 9217)",
                        "Rows Removed by Filter": 1449284
                      },
                      {
                        "Node Type": "Hash",
                        "Parent Relationship": "Inner",
                        "Parallel Aware": true,
                        "Startup Cost": 56157.83,
                        "Total Cost": 56157.83,
                        "Plan Rows": 161136,
                        "Plan Width": 4,
                        "Actual Startup Time": 206.656,
                        "Actual Total Time": 206.657,
                        "Actual Rows": 197192,
                        "Actual Loops": 2,
                        "Hash Buckets": 524288,
                        "Original Hash Buckets": 524288,
                        "Hash Batches": 1,
                        "Original Hash Batches": 1,
                        "Peak Memory Usage": 19552,
                        "Plans": [
                          {
                            "Node Type": "Bitmap Heap Scan",
                            "Parent Relationship": "Outer",
                            "Parallel Aware": true,
                            "Relation Name": "title",
                            "Alias": "t",
                            "Startup Cost": 13507.44,
                            "Total Cost": 56157.83,
                            "Plan Rows": 161136,
                            "Plan Width": 4,
                            "Actual Startup Time": 45.872,
                            "Actual Total Time": 153.56,
                            "Actual Rows": 197192,
                            "Actual Loops": 2,
                            "Recheck Cond": "(kind_id < 3)",
                            "Rows Removed by Index Recheck": 0,
                            "Filter": "(production_year < 1998)",
                            "Rows Removed by Filter": 179647,
                            "Exact Heap Blocks": 25399,
                            "Lossy Heap Blocks": 0,
                            "Plans": [
                              {
                                "Node Type": "Bitmap Index Scan",
                                "Parent Relationship": "Outer",
                                "Parallel Aware": false,
                                "Index Name": "kind_id_title",
                                "Startup Cost": 0.0,
                                "Total Cost": 13438.96,
                                "Plan Rows": 753937,
                                "Plan Width": 0,
                                "Actual Startup Time": 40.571,
                                "Actual Total Time": 40.572,
                                "Actual Rows": 753677,
                                "Actual Loops": 1,
                                "Index Cond": "(kind_id < 3)"
                              }
                            ]
                          }
                        ]
                      }
                    ]
                  },
                  {
                    "Node Type": "Index Only Scan",
                    "Parent Relationship": "Inner",
                    "Parallel Aware": false,
                    "Scan Direction": "Forward",
                    "Index Name": "movie_id_movie_info_idx",
                    "Relation Name": "movie_info_idx",
                    "Alias": "mi_idx",
                    "Startup Cost": 0.43,
                    "Total Cost": 0.52,
                    "Plan Rows": 3,
                    "Plan Width": 4,
                    "Actual Startup Time": 0.002,
                    "Actual Total Time": 0.002,
                    "Actual Rows": 3,
                    "Actual Loops": 597152,
                    "Index Cond": "(movie_id = mk.movie_id)",
                    "Rows Removed by Index Recheck": 0,
                    "Heap Fetches": 1589763
                  }
                ]
              }
            ]
          }
        ]
      }
    ]
  },
  "Planning Time": 1.078,
  "Triggers": [],
  "Execution Time": 1330.104
}