[
  {
    "Plan": {
      "Node Type": "Aggregate",
      "Strategy": "Plain",
      "Partial Mode": "Finalize",
      "Parallel Aware": false,
      "Startup Cost": 546932.94,
      "Total Cost": 546932.95,
      "Plan Rows": 1,
      "Plan Width": 8,
      "Actual Startup Time": 1066.741,
      "Actual Total Time": 1121.197,
      "Actual Rows": 1,
      "Actual Loops": 1,
      "Plans": [
        {
          "Node Type": "Gather",
          "Parent Relationship": "Outer",
          "Parallel Aware": false,
          "Startup Cost": 546932.42,
          "Total Cost": 546932.93,
          "Plan Rows": 5,
          "Plan Width": 8,
          "Actual Startup Time": 1047.223,
          "Actual Total Time": 1121.182,
          "Actual Rows": 6,
          "Actual Loops": 1,
          "Workers Planned": 5,
          "Workers Launched": 5,
          "Single Copy": false,
          "Plans": [
            {
              "Node Type": "Aggregate",
              "Strategy": "Plain",
              "Partial Mode": "Partial",
              "Parent Relationship": "Outer",
              "Parallel Aware": false,
              "Startup Cost": 545932.42,
              "Total Cost": 545932.43,
              "Plan Rows": 1,
              "Plan Width": 8,
              "Actual Startup Time": 1036.382,
              "Actual Total Time": 1036.856,
              "Actual Rows": 1,
              "Actual Loops": 6,
              "Plans": [
                {
                  "Node Type": "Hash Join",
                  "Parent Relationship": "Outer",
                  "Parallel Aware": true,
                  "Join Type": "Inner",
                  "Startup Cost": 344723.85,
                  "Total Cost": 545672.75,
                  "Plan Rows": 103866,
                  "Plan Width": 0,
                  "Actual Startup Time": 592.065,
                  "Actual Total Time": 1008.682,
                  "Actual Rows": 659163,
                  "Actual Loops": 6,
                  "Inner Unique": false,
                  "Hash Cond": "(mi.movie_id = t.id)",
                  "Plans": [
                    {
                      "Node Type": "Seq Scan",
                      "Parent Relationship": "Outer",
                      "Parallel Aware": true,
                      "Relation Name": "movie_info",
                      "Alias": "mi",
                      "Startup Cost": 0.0,
                      "Total Cost": 198952.16,
                      "Plan Rows": 463221,
                      "Plan Width": 4,
                      "Actual Startup Time": 16.684,
                      "Actual Total Time": 300.724,
                      "Actual Rows": 372308,
                      "Actual Loops": 6,
                      "Filter": "(info_type_id > 16)",
                      "Rows Removed by Filter": 2100312
                    },
                    {
                      "Node Type": "Hash",
                      "Parent Relationship": "Inner",
                      "Parallel Aware": true,
                      "Startup Cost": 342952.27,
                      "Total Cost": 342952.27,
                      "Plan Rows": 141726,
                      "Plan Width": 8,
                      "Actual Startup Time": 571.918,
                      "Actual Total Time": 572.389,
                      "Actual Rows": 200900,
                      "Actual Loops": 6,
                      "Hash Buckets": 2097152,
                      "Original Hash Buckets": 1048576,
                      "Hash Batches": 1,
                      "Original Hash Batches": 1,
                      "Peak Memory Usage": 71808,
                      "Plans": [
                        {
                          "Node Type": "Hash Join",
                          "Parent Relationship": "Outer",
                          "Parallel Aware": true,
                          "Join Type": "Inner",
                          "Startup Cost": 294076.6,
                          "Total Cost": 342952.27,
                          "Plan Rows": 141726,
                          "Plan Width": 8,
                          "Actual Startup Time": 243.543,
                          "Actual Total Time": 478.388,
                          "Actual Rows": 200900,
                          "Actual Loops": 6,
                          "Inner Unique": false,
                          "Hash Cond": "(t.id = ci.movie_id)",
                          "Plans": [
                            {
                              "Node Type": "Seq Scan",
                              "Parent Relationship": "Outer",
                              "Parallel Aware": true,
                              "Relation Name": "title",
                              "Alias": "t",
                              "Startup Cost": 0.0,
                              "Total Cost": 42318.73,
                              "Plan Rows": 632073,
                              "Plan Width": 4,
                              "Actual Startup Time": 0.011,
                              "Actual Total Time": 62.486,
                              "Actual Rows": 421385,
                              "Actual Loops": 6
                            },
                            {
                              "Node Type": "Hash",
                              "Parent Relationship": "Inner",
                              "Parallel Aware": true,
                              "Startup Cost": 292895.55,
                              "Total Cost": 292895.55,
                              "Plan Rows": 94484,
                              "Plan Width": 4,
                              "Actual Startup Time": 241.764,
                              "Actual Total Time": 241.766,
                              "Actual Rows": 200900,
                              "Actual Loops": 6,
                              "Hash Buckets": 2097152,
                              "Original Hash Buckets": 1048576,
                              "Hash Batches": 1,
                              "Original Hash Batches": 1,
                              "Peak Memory Usage": 71808,
                              "Plans": [
                                {
                                  "Node Type": "Bitmap Heap Scan",
                                  "Parent Relationship": "Outer",
                                  "Parallel Aware": true,
                                  "Relation Name": "cast_info",
                                  "Alias": "ci",
                                  "Startup Cost": 36092.99,
                                  "Total Cost": 292895.55,
                                  "Plan Rows": 94484,
                                  "Plan Width": 4,
                                  "Actual Startup Time": 62.586,
                                  "Actual Total Time": 133.372,
                                  "Actual Rows": 200900,
                                  "Actual Loops": 6,
                                  "Recheck Cond": "(person_id < 167281)",
                                  "Rows Removed by Index Recheck": 0,
                                  "Filter": "(role_id = 1)",
                                  "Rows Removed by Filter": 79214,
                                  "Exact Heap Blocks": 4300,
                                  "Lossy Heap Blocks": 0,
                                  "Plans": [
                                    {
                                      "Node Type": "Bitmap Index Scan",
                                      "Parent Relationship": "Outer",
                                      "Parallel Aware": false,
                                      "Index Name": "person_id_cast_info",
                                      "Startup Cost": 0.0,
                                      "Total Cost": 35951.26,
                                      "Plan Rows": 1646226,
                                      "Plan Width": 0,
                                      "Actual Startup Time": 59.632,
                                      "Actual Total Time": 59.633,
                                      "Actual Rows": 1680683,
                                      "Actual Loops": 1,
                                      "Index Cond": "(person_id < 167281)"
                                    }
                                  ]
                                }
                              ]
                            }
                          ]
                        }
                      ]
                    }
                  ]
                }
              ]
            }
          ]
        }
      ]
    },
    "Planning Time": 1.458,
    "Triggers": [],
    "Execution Time": 1121.322
  }
]