[
  {
    "Plan": {
      "Node Type": "Aggregate",
      "Strategy": "Plain",
      "Partial Mode": "Finalize",
      "Parallel Aware": false,
      "Startup Cost": 304765.06,
      "Total Cost": 304765.07,
      "Plan Rows": 1,
      "Plan Width": 96,
      "Actual Startup Time": 3107.958,
      "Actual Total Time": 3163.451,
      "Actual Rows": 1,
      "Actual Loops": 1,
      "Plans": [
        {
          "Node Type": "Gather",
          "Parent Relationship": "Outer",
          "Parallel Aware": false,
          "Startup Cost": 304764.94,
          "Total Cost": 304765.05,
          "Plan Rows": 1,
          "Plan Width": 96,
          "Actual Startup Time": 3107.322,
          "Actual Total Time": 3163.437,
          "Actual Rows": 2,
          "Actual Loops": 1,
          "Workers Planned": 1,
          "Workers Launched": 1,
          "Single Copy": false,
          "Plans": [
            {
              "Node Type": "Aggregate",
              "Strategy": "Plain",
              "Partial Mode": "Partial",
              "Parent Relationship": "Outer",
              "Parallel Aware": false,
              "Startup Cost": 303764.94,
              "Total Cost": 303764.95,
              "Plan Rows": 1,
              "Plan Width": 96,
              "Actual Startup Time": 3099.474,
              "Actual Total Time": 3099.495,
              "Actual Rows": 1,
              "Actual Loops": 2,
              "Plans": [
                {
                  "Node Type": "Hash Join",
                  "Parent Relationship": "Outer",
                  "Parallel Aware": true,
                  "Join Type": "Inner",
                  "Startup Cost": 298854.66,
                  "Total Cost": 303764.94,
                  "Plan Rows": 1,
                  "Plan Width": 42,
                  "Actual Startup Time": 3064.092,
                  "Actual Total Time": 3098.969,
                  "Actual Rows": 2356,
                  "Actual Loops": 2,
                  "Inner Unique": false,
                  "Hash Cond": "(cn.id = mc.company_id)",
                  "Plans": [
                    {
                      "Node Type": "Seq Scan",
                      "Parent Relationship": "Outer",
                      "Parallel Aware": true,
                      "Relation Name": "company_name",
                      "Alias": "cn",
                      "Startup Cost": 0.0,
                      "Total Cost": 4722.92,
                      "Plan Rows": 49958,
                      "Plan Width": 23,
                      "Actual Startup Time": 0.022,
                      "Actual Total Time": 27.357,
                      "Actual Rows": 42422,
                      "Actual Loops": 2,
                      "Filter": "((country_code)::text = '[us]'::text)",
                      "Rows Removed by Filter": 75077
                    },
                    {
                      "Node Type": "Hash",
                      "Parent Relationship": "Inner",
                      "Parallel Aware": true,
                      "Startup Cost": 298854.64,
                      "Total Cost": 298854.64,
                      "Plan Rows": 2,
                      "Plan Width": 27,
                      "Actual Startup Time": 3063.119,
                      "Actual Total Time": 3063.138,
                      "Actual Rows": 7768,
                      "Actual Loops": 2,
                      "Hash Buckets": 16384,
                      "Original Hash Buckets": 1024,
                      "Hash Batches": 1,
                      "Original Hash Batches": 1,
                      "Peak Memory Usage": 1208,
                      "Plans": [
                        {
                          "Node Type": "Hash Join",
                          "Parent Relationship": "Outer",
                          "Parallel Aware": false,
                          "Join Type": "Inner",
                          "Startup Cost": 268491.84,
                          "Total Cost": 298854.64,
                          "Plan Rows": 2,
                          "Plan Width": 27,
                          "Actual Startup Time": 2890.19,
                          "Actual Total Time": 3047.23,
                          "Actual Rows": 7768,
                          "Actual Loops": 2,
                          "Inner Unique": true,
                          "Hash Cond": "(mc.company_type_id = ct.id)",
                          "Plans": [
                            {
                              "Node Type": "Hash Join",
                              "Parent Relationship": "Outer",
                              "Parallel Aware": true,
                              "Join Type": "Inner",
                              "Startup Cost": 268490.77,
                              "Total Cost": 298853.54,
                              "Plan Rows": 7,
                              "Plan Width": 31,
                              "Actual Startup Time": 2705.09,
                              "Actual Total Time": 3044.473,
                              "Actual Rows": 22503,
                              "Actual Loops": 2,
                              "Inner Unique": false,
                              "Hash Cond": "(mc.movie_id = t.id)",
                              "Plans": [
                                {
                                  "Node Type": "Seq Scan",
                                  "Parent Relationship": "Outer",
                                  "Parallel Aware": true,
                                  "Relation Name": "movie_companies",
                                  "Alias": "mc",
                                  "Startup Cost": 0.0,
                                  "Total Cost": 27206.55,
                                  "Plan Rows": 841655,
                                  "Plan Width": 12,
                                  "Actual Startup Time": 0.022,
                                  "Actual Total Time": 194.198,
                                  "Actual Rows": 1304564,
                                  "Actual Loops": 2
                                },
                                {
                                  "Node Type": "Hash",
                                  "Parent Relationship": "Inner",
                                  "Parallel Aware": true,
                                  "Startup Cost": 268490.76,
                                  "Total Cost": 268490.76,
                                  "Plan Rows": 1,
                                  "Plan Width": 35,
                                  "Actual Startup Time": 2704.862,
                                  "Actual Total Time": 2704.876,
                                  "Actual Rows": 3982,
                                  "Actual Loops": 2,
                                  "Hash Buckets": 8192,
                                  "Original Hash Buckets": 1024,
                                  "Hash Batches": 1,
                                  "Original Hash Batches": 1,
                                  "Peak Memory Usage": 696,
                                  "Plans": [
                                    {
                                      "Node Type": "Hash Join",
                                      "Parent Relationship": "Outer",
                                      "Parallel Aware": true,
                                      "Join Type": "Inner",
                                      "Startup Cost": 222047.79,
                                      "Total Cost": 268490.76,
                                      "Plan Rows": 1,
                                      "Plan Width": 35,
                                      "Actual Startup Time": 2259.22,
                                      "Actual Total Time": 2693.614,
                                      "Actual Rows": 3982,
                                      "Actual Loops": 2,
                                      "Inner Unique": false,
                                      "Hash Cond": "(t.id = mi.movie_id)",
                                      "Plans": [
                                        {
                                          "Node Type": "Seq Scan",
                                          "Parent Relationship": "Outer",
                                          "Parallel Aware": true,
                                          "Relation Name": "title",
                                          "Alias": "t",
                                          "Startup Cost": 0.0,
                                          "Total Cost": 45478.94,
                                          "Plan Rows": 257070,
                                          "Plan Width": 21,
                                          "Actual Startup Time": 0.029,
                                          "Actual Total Time": 347.189,
                                          "Actual Rows": 521400,
                                          "Actual Loops": 2,
                                          "Filter": "((production_year >= 2000) AND (production_year <= 2010))",
                                          "Rows Removed by Filter": 742756
                                        },
                                        {
                                          "Node Type": "Hash",
                                          "Parent Relationship": "Inner",
                                          "Parallel Aware": true,
                                          "Startup Cost": 222047.77,
                                          "Total Cost": 222047.77,
                                          "Plan Rows": 2,
                                          "Plan Width": 14,
                                          "Actual Startup Time": 2258.53,
                                          "Actual Total Time": 2258.54,
                                          "Actual Rows": 11094,
                                          "Actual Loops": 2,
                                          "Hash Buckets": 32768,
                                          "Original Hash Buckets": 1024,
                                          "Hash Batches": 1,
                                          "Original Hash Batches": 1,
                                          "Peak Memory Usage": 1560,
                                          "Plans": [
                                            {
                                              "Node Type": "Hash Join",
                                              "Parent Relationship": "Outer",
                                              "Parallel Aware": true,
                                              "Join Type": "Inner",
                                              "Startup Cost": 15357.35,
                                              "Total Cost": 222047.77,
                                              "Plan Rows": 2,
                                              "Plan Width": 14,
                                              "Actual Startup Time": 1944.187,
                                              "Actual Total Time": 2227.471,
                                              "Actual Rows": 11094,
                                              "Actual Loops": 2,
                                              "Inner Unique": false,
                                              "Hash Cond": "(mi.movie_id = mi_idx.movie_id)",
                                              "Plans": [
                                                {
                                                  "Node Type": "Hash Join",
                                                  "Parent Relationship": "Outer",
                                                  "Parallel Aware": false,
                                                  "Join Type": "Inner",
                                                  "Startup Cost": 2.43,
                                                  "Total Cost": 206690.73,
                                                  "Plan Rows": 560,
                                                  "Plan Width": 4,
                                                  "Actual Startup Time": 1790.512,
                                                  "Actual Total Time": 2020.743,
                                                  "Actual Rows": 162628,
                                                  "Actual Loops": 2,
                                                  "Inner Unique": true,
                                                  "Hash Cond": "(mi.info_type_id = it1.id)",
                                                  "Plans": [
                                                    {
                                                      "Node Type": "Seq Scan",
                                                      "Parent Relationship": "Outer",
                                                      "Parallel Aware": true,
                                                      "Relation Name": "movie_info",
                                                      "Alias": "mi",
                                                      "Startup Cost": 0.0,
                                                      "Total Cost": 206515.92,
                                                      "Plan Rows": 63300,
                                                      "Plan Width": 8,
                                                      "Actual Startup Time": 1262.868,
                                                      "Actual Total Time": 1992.58,
                                                      "Actual Rows": 163656,
                                                      "Actual Loops": 2,
                                                      "Filter": "(info = ANY ('{Drama,Horror,Western,Family}'::text[]))",
                                                      "Rows Removed by Filter": 7254204
                                                    },
                                                    {
                                                      "Node Type": "Hash",
                                                      "Parent Relationship": "Inner",
                                                      "Parallel Aware": false,
                                                      "Startup Cost": 2.41,
                                                      "Total Cost": 2.41,
                                                      "Plan Rows": 1,
                                                      "Plan Width": 4,
                                                      "Actual Startup Time": 0.048,
                                                      "Actual Total Time": 0.049,
                                                      "Actual Rows": 1,
                                                      "Actual Loops": 2,
                                                      "Hash Buckets": 1024,
                                                      "Original Hash Buckets": 1024,
                                                      "Hash Batches": 1,
                                                      "Original Hash Batches": 1,
                                                      "Peak Memory Usage": 9,
                                                      "Plans": [
                                                        {
                                                          "Node Type": "Seq Scan",
                                                          "Parent Relationship": "Outer",
                                                          "Parallel Aware": false,
                                                          "Relation Name": "info_type",
                                                          "Alias": "it1",
                                                          "Startup Cost": 0.0,
                                                          "Total Cost": 2.41,
                                                          "Plan Rows": 1,
                                                          "Plan Width": 4,
                                                          "Actual Startup Time": 0.026,
                                                          "Actual Total Time": 0.034,
                                                          "Actual Rows": 1,
                                                          "Actual Loops": 2,
                                                          "Filter": "((info)::text = 'genres'::text)",
                                                          "Rows Removed by Filter": 112
                                                        }
                                                      ]
                                                    }
                                                  ]
                                                },
                                                {
                                                  "Node Type": "Hash",
                                                  "Parent Relationship": "Inner",
                                                  "Parallel Aware": true,
                                                  "Startup Cost": 15345.95,
                                                  "Total Cost": 15345.95,
                                                  "Plan Rows": 718,
                                                  "Plan Width": 10,
                                                  "Actual Startup Time": 153.58,
                                                  "Actual Total Time": 153.584,
                                                  "Actual Rows": 60786,
                                                  "Actual Loops": 2,
                                                  "Hash Buckets": 131072,
                                                  "Original Hash Buckets": 2048,
                                                  "Hash Batches": 1,
                                                  "Original Hash Batches": 1,
                                                  "Peak Memory Usage": 6832,
                                                  "Plans": [
                                                    {
                                                      "Node Type": "Hash Join",
                                                      "Parent Relationship": "Outer",
                                                      "Parallel Aware": false,
                                                      "Join Type": "Inner",
                                                      "Startup Cost": 2.43,
                                                      "Total Cost": 15345.95,
                                                      "Plan Rows": 718,
                                                      "Plan Width": 10,
                                                      "Actual Startup Time": 0.172,
                                                      "Actual Total Time": 128.64,
                                                      "Actual Rows": 60786,
                                                      "Actual Loops": 2,
                                                      "Inner Unique": true,
                                                      "Hash Cond": "(mi_idx.info_type_id = it2.id)",
                                                      "Plans": [
                                                        {
                                                          "Node Type": "Seq Scan",
                                                          "Parent Relationship": "Outer",
                                                          "Parallel Aware": true,
                                                          "Relation Name": "movie_info_idx",
                                                          "Alias": "mi_idx",
                                                          "Startup Cost": 0.0,
                                                          "Total Cost": 15122.68,
                                                          "Plan Rows": 81088,
                                                          "Plan Width": 14,
                                                          "Actual Startup Time": 0.057,
                                                          "Actual Total Time": 113.416,
                                                          "Actual Rows": 96420,
                                                          "Actual Loops": 2,
                                                          "Filter": "(info > '7.0'::text)",
                                                          "Rows Removed by Filter": 593598
                                                        },
                                                        {
                                                          "Node Type": "Hash",
                                                          "Parent Relationship": "Inner",
                                                          "Parallel Aware": false,
                                                          "Startup Cost": 2.41,
                                                          "Total Cost": 2.41,
                                                          "Plan Rows": 1,
                                                          "Plan Width": 4,
                                                          "Actual Startup Time": 0.069,
                                                          "Actual Total Time": 0.07,
                                                          "Actual Rows": 1,
                                                          "Actual Loops": 2,
                                                          "Hash Buckets": 1024,
                                                          "Original Hash Buckets": 1024,
                                                          "Hash Batches": 1,
                                                          "Original Hash Batches": 1,
                                                          "Peak Memory Usage": 9,
                                                          "Plans": [
                                                            {
                                                              "Node Type": "Seq Scan",
                                                              "Parent Relationship": "Outer",
                                                              "Parallel Aware": false,
                                                              "Relation Name": "info_type",
                                                              "Alias": "it2",
                                                              "Startup Cost": 0.0,
                                                              "Total Cost": 2.41,
                                                              "Plan Rows": 1,
                                                              "Plan Width": 4,
                                                              "Actual Startup Time": 0.055,
                                                              "Actual Total Time": 0.059,
                                                              "Actual Rows": 1,
                                                              "Actual Loops": 2,
                                                              "Filter": "((info)::text = 'rating'::text)",
                                                              "Rows Removed by Filter": 112
                                                            }
                                                          ]
                                                        }
                                                      ]
                                                    }
                                                  ]
                                                }
                                              ]
                                            }
                                          ]
                                        }
                                      ]
                                    }
                                  ]
                                }
                              ]
                            },
                            {
                              "Node Type": "Hash",
                              "Parent Relationship": "Inner",
                              "Parallel Aware": false,
                              "Startup Cost": 1.05,
                              "Total Cost": 1.05,
                              "Plan Rows": 1,
                              "Plan Width": 4,
                              "Actual Startup Time": 0.074,
                              "Actual Total Time": 0.074,
                              "Actual Rows": 1,
                              "Actual Loops": 2,
                              "Hash Buckets": 1024,
                              "Original Hash Buckets": 1024,
                              "Hash Batches": 1,
                              "Original Hash Batches": 1,
                              "Peak Memory Usage": 9,
                              "Plans": [
                                {
                                  "Node Type": "Seq Scan",
                                  "Parent Relationship": "Outer",
                                  "Parallel Aware": false,
                                  "Relation Name": "company_type",
                                  "Alias": "ct",
                                  "Startup Cost": 0.0,
                                  "Total Cost": 1.05,
                                  "Plan Rows": 1,
                                  "Plan Width": 4,
                                  "Actual Startup Time": 0.05,
                                  "Actual Total Time": 0.053,
                                  "Actual Rows": 1,
                                  "Actual Loops": 2,
                                  "Filter": "((kind)::text = 'production companies'::text)",
                                  "Rows Removed by Filter": 3
                                }
                              ]
                            }
                          ]
                        }
                      ]
                    }
                  ]
                }
              ]
            }
          ]
        }
      ]
    },
    "Planning Time": 15.354,
    "Triggers": [],
    "Execution Time": 3164.246
  }
]