[
  {
    "Plan": {
      "Node Type": "Aggregate",
      "Strategy": "Plain",
      "Partial Mode": "Finalize",
      "Parallel Aware": false,
      "Startup Cost": 33171.26,
      "Total Cost": 33171.27,
      "Plan Rows": 1,
      "Plan Width": 8,
      "Actual Startup Time": 98.795,
      "Actual Total Time": 106.66,
      "Actual Rows": 1,
      "Actual Loops": 1,
      "Plans": [
        {
          "Node Type": "Gather",
          "Parent Relationship": "Outer",
          "Parallel Aware": false,
          "Startup Cost": 33170.94,
          "Total Cost": 33171.25,
          "Plan Rows": 3,
          "Plan Width": 8,
          "Actual Startup Time": 98.548,
          "Actual Total Time": 106.651,
          "Actual Rows": 4,
          "Actual Loops": 1,
          "Workers Planned": 3,
          "Workers Launched": 3,
          "Single Copy": false,
          "Plans": [
            {
              "Node Type": "Aggregate",
              "Strategy": "Plain",
              "Partial Mode": "Partial",
              "Parent Relationship": "Outer",
              "Parallel Aware": false,
              "Startup Cost": 32170.94,
              "Total Cost": 32170.95,
              "Plan Rows": 1,
              "Plan Width": 8,
              "Actual Startup Time": 93.196,
              "Actual Total Time": 93.197,
              "Actual Rows": 1,
              "Actual Loops": 4,
              "Plans": [
                {
                  "Node Type": "Seq Scan",
                  "Parent Relationship": "Outer",
                  "Parallel Aware": true,
                  "Relation Name": "movie_companies",
                  "Alias": "mc",
                  "Startup Cost": 0.0,
                  "Total Cost": 31414.82,
                  "Plan Rows": 302448,
                  "Plan Width": 0,
                  "Actual Startup Time": 0.028,
                  "Actual Total Time": 77.335,
                  "Actual Rows": 311076,
                  "Actual Loops": 4,
                  "Filter": "((company_id < 47789) AND (company_type_id < 2))",
                  "Rows Removed by Filter": 341206
                }
              ]
            }
          ]
        }
      ]
    },
    "Planning Time": 0.223,
    "Triggers": [],
    "Execution Time": 106.724
  }
]