[
  {
    "Plan": {
      "Node Type": "Aggregate",
      "Strategy": "Plain",
      "Partial Mode": "Finalize",
      "Parallel Aware": false,
      "Startup Cost": 33183.91,
      "Total Cost": 33183.92,
      "Plan Rows": 1,
      "Plan Width": 8,
      "Actual Startup Time": 115.7,
      "Actual Total Time": 124.302,
      "Actual Rows": 1,
      "Actual Loops": 1,
      "Plans": [
        {
          "Node Type": "Gather",
          "Parent Relationship": "Outer",
          "Parallel Aware": false,
          "Startup Cost": 33183.59,
          "Total Cost": 33183.9,
          "Plan Rows": 3,
          "Plan Width": 8,
          "Actual Startup Time": 115.566,
          "Actual Total Time": 124.292,
          "Actual Rows": 4,
          "Actual Loops": 1,
          "Workers Planned": 3,
          "Workers Launched": 3,
          "Single Copy": false,
          "Plans": [
            {
              "Node Type": "Aggregate",
              "Strategy": "Plain",
              "Partial Mode": "Partial",
              "Parent Relationship": "Outer",
              "Parallel Aware": false,
              "Startup Cost": 32183.59,
              "Total Cost": 32183.6,
              "Plan Rows": 1,
              "Plan Width": 8,
              "Actual Startup Time": 107.674,
              "Actual Total Time": 107.675,
              "Actual Rows": 1,
              "Actual Loops": 4,
              "Plans": [
                {
                  "Node Type": "Seq Scan",
                  "Parent Relationship": "Outer",
                  "Parallel Aware": true,
                  "Relation Name": "movie_companies",
                  "Alias": "mc",
                  "Startup Cost": 0.0,
                  "Total Cost": 31414.82,
                  "Plan Rows": 307509,
                  "Plan Width": 0,
                  "Actual Startup Time": 0.044,
                  "Actual Total Time": 89.518,
                  "Actual Rows": 311076,
                  "Actual Loops": 4,
                  "Filter": "((company_id < 47789) AND (company_type_id < 2))",
                  "Rows Removed by Filter": 341206
                }
              ]
            }
          ]
        }
      ]
    },
    "Planning Time": 0.145,
    "Triggers": [],
    "Execution Time": 124.343
  }
]