{
  "Plan": {
    "Node Type": "Aggregate",
    "Strategy": "Plain",
    "Partial Mode": "Simple",
    "Parallel Aware": false,
    "Startup Cost": 26265.41,
    "Total Cost": 26265.42,
    "Plan Rows": 1,
    "Plan Width": 128,
    "Actual Startup Time": 876.493,
    "Actual Total Time": 876.5,
    "Actual Rows": 1,
    "Actual Loops": 1,
    "Plans": [
      {
        "Node Type": "Nested Loop",
        "Parent Relationship": "Outer",
        "Parallel Aware": false,
        "Join Type": "Inner",
        "Startup Cost": 4994.34,
        "Total Cost": 26265.4,
        "Plan Rows": 1,
        "Plan Width": 80,
        "Actual Startup Time": 839.002,
        "Actual Total Time": 876.475,
        "Actual Rows": 25,
        "Actual Loops": 1,
        "Inner Unique": true,
        "Plans": [
          {
            "Node Type": "Nested Loop",
            "Parent Relationship": "Outer",
            "Parallel Aware": false,
            "Join Type": "Inner",
            "Startup Cost": 4993.91,
            "Total Cost": 26264.71,
            "Plan Rows": 1,
            "Plan Width": 69,
            "Actual Startup Time": 838.978,
            "Actual Total Time": 876.164,
            "Actual Rows": 39,
            "Actual Loops": 1,
            "Inner Unique": false,
            "Join Filter": "(t.id = ci.movie_id)",
            "Rows Removed by Join Filter": 0,
            "Plans": [
              {
                "Node Type": "Nested Loop",
                "Parent Relationship": "Outer",
                "Parallel Aware": false,
                "Join Type": "Inner",
                "Startup Cost": 4993.34,
                "Total Cost": 26262.97,
                "Plan Rows": 1,
                "Plan Width": 81,
                "Actual Startup Time": 838.509,
                "Actual Total Time": 872.779,
                "Actual Rows": 51,
                "Actual Loops": 1,
                "Inner Unique": true,
                "Plans": [
                  {
                    "Node Type": "Nested Loop",
                    "Parent Relationship": "Outer",
                    "Parallel Aware": false,
                    "Join Type": "Inner",
                    "Startup Cost": 4993.2,
                    "Total Cost": 26262.78,
                    "Plan Rows": 1,
                    "Plan Width": 85,
                    "Actual Startup Time": 838.497,
                    "Actual Total Time": 872.714,
                    "Actual Rows": 51,
                    "Actual Loops": 1,
                    "Inner Unique": false,
                    "Join Filter": "(t.id = mi.movie_id)",
                    "Rows Removed by Join Filter": 0,
                    "Plans": [
                      {
                        "Node Type": "Nested Loop",
                        "Parent Relationship": "Outer",
                        "Parallel Aware": false,
                        "Join Type": "Inner",
                        "Startup Cost": 4992.76,
                        "Total Cost": 26261.3,
                        "Plan Rows": 1,
                        "Plan Width": 34,
                        "Actual Startup Time": 94.566,
                        "Actual Total Time": 871.696,
                        "Actual Rows": 57,
                        "Actual Loops": 1,
                        "Inner Unique": true,
                        "Plans": [
                          {
                            "Node Type": "Nested Loop",
                            "Parent Relationship": "Outer",
                            "Parallel Aware": false,
                            "Join Type": "Inner",
                            "Startup Cost": 4992.34,
                            "Total Cost": 26260.41,
                            "Plan Rows": 2,
                            "Plan Width": 38,
                            "Actual Startup Time": 94.549,
                            "Actual Total Time": 868.753,
                            "Actual Rows": 1202,
                            "Actual Loops": 1,
                            "Inner Unique": false,
                            "Join Filter": "(t.id = mk.movie_id)",
                            "Rows Removed by Join Filter": 0,
                            "Plans": [
                              {
                                "Node Type": "Nested Loop",
                                "Parent Relationship": "Outer",
                                "Parallel Aware": false,
                                "Join Type": "Inner",
                                "Startup Cost": 4991.91,
                                "Total Cost": 26258.43,
                                "Plan Rows": 1,
                                "Plan Width": 30,
                                "Actual Startup Time": 59.366,
                                "Actual Total Time": 868.017,
                                "Actual Rows": 107,
                                "Actual Loops": 1,
                                "Inner Unique": true,
                                "Plans": [
                                  {
                                    "Node Type": "Nested Loop",
                                    "Parent Relationship": "Outer",
                                    "Parallel Aware": false,
                                    "Join Type": "Inner",
                                    "Startup Cost": 4991.48,
                                    "Total Cost": 19139.05,
                                    "Plan Rows": 12213,
                                    "Plan Width": 9,
                                    "Actual Startup Time": 35.159,
                                    "Actual Total Time": 134.269,
                                    "Actual Rows": 459925,
                                    "Actual Loops": 1,
                                    "Inner Unique": false,
                                    "Plans": [
                                      {
                                        "Node Type": "Seq Scan",
                                        "Parent Relationship": "Outer",
                                        "Parallel Aware": false,
                                        "Relation Name": "info_type",
                                        "Alias": "it2",
                                        "Startup Cost": 0.0,
                                        "Total Cost": 2.41,
                                        "Plan Rows": 1,
                                        "Plan Width": 4,
                                        "Actual Startup Time": 0.042,
                                        "Actual Total Time": 0.048,
                                        "Actual Rows": 1,
                                        "Actual Loops": 1,
                                        "Filter": "((info)::text = 'votes'::text)",
                                        "Rows Removed by Filter": 112
                                      },
                                      {
                                        "Node Type": "Bitmap Heap Scan",
                                        "Parent Relationship": "Inner",
                                        "Parallel Aware": false,
                                        "Relation Name": "movie_info_idx",
                                        "Alias": "mi_idx",
                                        "Startup Cost": 4991.48,
                                        "Total Cost": 16376.57,
                                        "Plan Rows": 276007,
                                        "Plan Width": 13,
                                        "Actual Startup Time": 35.104,
                                        "Actual Total Time": 85.809,
                                        "Actual Rows": 459925,
                                        "Actual Loops": 1,
                                        "Recheck Cond": "(info_type_id = it2.id)",
                                        "Rows Removed by Index Recheck": 0,
                                        "Exact Heap Blocks": 7934,
                                        "Lossy Heap Blocks": 0,
                                        "Plans": [
                                          {
                                            "Node Type": "Bitmap Index Scan",
                                            "Parent Relationship": "Outer",
                                            "Parallel Aware": false,
                                            "Index Name": "info_type_id_movie_info_idx",
                                            "Startup Cost": 0.0,
                                            "Total Cost": 4922.48,
                                            "Plan Rows": 276007,
                                            "Plan Width": 0,
                                            "Actual Startup Time": 33.922,
                                            "Actual Total Time": 33.923,
                                            "Actual Rows": 459925,
                                            "Actual Loops": 1,
                                            "Index Cond": "(info_type_id = it2.id)"
                                          }
                                        ]
                                      }
                                    ]
                                  },
                                  {
                                    "Node Type": "Index Scan",
                                    "Parent Relationship": "Inner",
                                    "Parallel Aware": false,
                                    "Scan Direction": "Forward",
                                    "Index Name": "title_pkey",
                                    "Relation Name": "title",
                                    "Alias": "t",
                                    "Startup Cost": 0.43,
                                    "Total Cost": 0.58,
                                    "Plan Rows": 1,
                                    "Plan Width": 21,
                                    "Actual Startup Time": 0.001,
                                    "Actual Total Time": 0.001,
                                    "Actual Rows": 0,
                                    "Actual Loops": 459925,
                                    "Index Cond": "(id = mi_idx.movie_id)",
                                    "Rows Removed by Index Recheck": 0,
                                    "Filter": "((production_year < 2013) AND (title ~~ 'Vampire%'::text))",
                                    "Rows Removed by Filter": 1
                                  }
                                ]
                              },
                              {
                                "Node Type": "Index Scan",
                                "Parent Relationship": "Inner",
                                "Parallel Aware": false,
                                "Scan Direction": "Forward",
                                "Index Name": "movie_id_movie_keyword",
                                "Relation Name": "movie_keyword",
                                "Alias": "mk",
                                "Startup Cost": 0.43,
                                "Total Cost": 1.39,
                                "Plan Rows": 47,
                                "Plan Width": 8,
                                "Actual Startup Time": 0.003,
                                "Actual Total Time": 0.005,
                                "Actual Rows": 11,
                                "Actual Loops": 107,
                                "Index Cond": "(movie_id = mi_idx.movie_id)",
                                "Rows Removed by Index Recheck": 0
                              }
                            ]
                          },
                          {
                            "Node Type": "Index Scan",
                            "Parent Relationship": "Inner",
                            "Parallel Aware": false,
                            "Scan Direction": "Forward",
                            "Index Name": "keyword_pkey",
                            "Relation Name": "keyword",
                            "Alias": "k",
                            "Startup Cost": 0.42,
                            "Total Cost": 0.45,
                            "Plan Rows": 1,
                            "Plan Width": 4,
                            "Actual Startup Time": 0.002,
                            "Actual Total Time": 0.002,
                            "Actual Rows": 0,
                            "Actual Loops": 1202,
                            "Index Cond": "(id = mk.keyword_id)",
                            "Rows Removed by Index Recheck": 0,
                            "Filter": "(keyword = ANY ('{murder,blood,gore,death,female-nudity}'::text[]))",
                            "Rows Removed by Filter": 1
                          }
                        ]
                      },
                      {
                        "Node Type": "Index Scan",
                        "Parent Relationship": "Inner",
                        "Parallel Aware": false,
                        "Scan Direction": "Forward",
                        "Index Name": "movie_id_movie_info",
                        "Relation Name": "movie_info",
                        "Alias": "mi",
                        "Startup Cost": 0.43,
                        "Total Cost": 1.47,
                        "Plan Rows": 1,
                        "Plan Width": 51,
                        "Actual Startup Time": 0.017,
                        "Actual Total Time": 0.017,
                        "Actual Rows": 1,
                        "Actual Loops": 57,
                        "Index Cond": "(movie_id = mk.movie_id)",
                        "Rows Removed by Index Recheck": 0,
                        "Filter": "(info = 'Horror'::text)",
                        "Rows Removed by Filter": 49
                      }
                    ]
                  },
                  {
                    "Node Type": "Index Scan",
                    "Parent Relationship": "Inner",
                    "Parallel Aware": false,
                    "Scan Direction": "Forward",
                    "Index Name": "info_type_pkey",
                    "Relation Name": "info_type",
                    "Alias": "it1",
                    "Startup Cost": 0.14,
                    "Total Cost": 0.16,
                    "Plan Rows": 1,
                    "Plan Width": 4,
                    "Actual Startup Time": 0.001,
                    "Actual Total Time": 0.001,
                    "Actual Rows": 1,
                    "Actual Loops": 51,
                    "Index Cond": "(id = mi.info_type_id)",
                    "Rows Removed by Index Recheck": 0,
                    "Filter": "((info)::text = 'genres'::text)",
                    "Rows Removed by Filter": 0
                  }
                ]
              },
              {
                "Node Type": "Index Scan",
                "Parent Relationship": "Inner",
                "Parallel Aware": false,
                "Scan Direction": "Forward",
                "Index Name": "movie_id_cast_info",
                "Relation Name": "cast_info",
                "Alias": "ci",
                "Startup Cost": 0.56,
                "Total Cost": 1.73,
                "Plan Rows": 1,
                "Plan Width": 8,
                "Actual Startup Time": 0.055,
                "Actual Total Time": 0.066,
                "Actual Rows": 1,
                "Actual Loops": 51,
                "Index Cond": "(movie_id = mk.movie_id)",
                "Rows Removed by Index Recheck": 0,
                "Filter": "(note = ANY ('{(writer),\"(head writer)\",\"(written by)\",(story),\"(story editor)\"}'::text[]))",
                "Rows Removed by Filter": 45
              }
            ]
          },
          {
            "Node Type": "Index Scan",
            "Parent Relationship": "Inner",
            "Parallel Aware": false,
            "Scan Direction": "Forward",
            "Index Name": "name_pkey",
            "Relation Name": "name",
            "Alias": "n",
            "Startup Cost": 0.43,
            "Total Cost": 0.68,
            "Plan Rows": 1,
            "Plan Width": 19,
            "Actual Startup Time": 0.008,
            "Actual Total Time": 0.008,
            "Actual Rows": 1,
            "Actual Loops": 39,
            "Index Cond": "(id = ci.person_id)",
            "Rows Removed by Index Recheck": 0,
            "Filter": "((gender)::text = 'm'::text)",
            "Rows Removed by Filter": 0
          }
        ]
      }
    ]
  },
  "Planning Time": 3.145,
  "Triggers": [],
  "Execution Time": 876.675
}