[
  {
    "Plan": {
      "Node Type": "Aggregate",
      "Strategy": "Plain",
      "Partial Mode": "Finalize",
      "Parallel Aware": false,
      "Startup Cost": 46935.78,
      "Total Cost": 46935.79,
      "Plan Rows": 1,
      "Plan Width": 8,
      "Actual Startup Time": 118.628,
      "Actual Total Time": 129.257,
      "Actual Rows": 1,
      "Actual Loops": 1,
      "Plans": [
        {
          "Node Type": "Gather",
          "Parent Relationship": "Outer",
          "Parallel Aware": false,
          "Startup Cost": 46935.36,
          "Total Cost": 46935.77,
          "Plan Rows": 4,
          "Plan Width": 8,
          "Actual Startup Time": 118.315,
          "Actual Total Time": 129.242,
          "Actual Rows": 5,
          "Actual Loops": 1,
          "Workers Planned": 4,
          "Workers Launched": 4,
          "Single Copy": false,
          "Plans": [
            {
              "Node Type": "Aggregate",
              "Strategy": "Plain",
              "Partial Mode": "Partial",
              "Parent Relationship": "Outer",
              "Parallel Aware": false,
              "Startup Cost": 45935.36,
              "Total Cost": 45935.37,
              "Plan Rows": 1,
              "Plan Width": 8,
              "Actual Startup Time": 112.862,
              "Actual Total Time": 112.864,
              "Actual Rows": 1,
              "Actual Loops": 5,
              "Plans": [
                {
                  "Node Type": "Seq Scan",
                  "Parent Relationship": "Outer",
                  "Parallel Aware": true,
                  "Relation Name": "title",
                  "Alias": "t",
                  "Startup Cost": 0.0,
                  "Total Cost": 45479.59,
                  "Plan Rows": 182310,
                  "Plan Width": 0,
                  "Actual Startup Time": 0.034,
                  "Actual Total Time": 102.404,
                  "Actual Rows": 159232,
                  "Actual Loops": 5,
                  "Filter": "((production_year > 2003) AND (kind_id = 7))",
                  "Rows Removed by Filter": 346431
                }
              ]
            }
          ]
        }
      ]
    },
    "Planning Time": 0.103,
    "Triggers": [],
    "Execution Time": 129.301
  }
]