[
  {
    "Plan": {
      "Node Type": "Aggregate",
      "Strategy": "Plain",
      "Partial Mode": "Finalize",
      "Parallel Aware": false,
      "Startup Cost": 47067.72,
      "Total Cost": 47067.73,
      "Plan Rows": 1,
      "Plan Width": 8,
      "Actual Startup Time": 178.128,
      "Actual Total Time": 187.938,
      "Actual Rows": 1,
      "Actual Loops": 1,
      "Plans": [
        {
          "Node Type": "Gather",
          "Parent Relationship": "Outer",
          "Parallel Aware": false,
          "Startup Cost": 47067.41,
          "Total Cost": 47067.72,
          "Plan Rows": 3,
          "Plan Width": 8,
          "Actual Startup Time": 177.978,
          "Actual Total Time": 187.928,
          "Actual Rows": 4,
          "Actual Loops": 1,
          "Workers Planned": 3,
          "Workers Launched": 3,
          "Single Copy": false,
          "Plans": [
            {
              "Node Type": "Aggregate",
              "Strategy": "Plain",
              "Partial Mode": "Partial",
              "Parent Relationship": "Outer",
              "Parallel Aware": false,
              "Startup Cost": 46067.41,
              "Total Cost": 46067.42,
              "Plan Rows": 1,
              "Plan Width": 8,
              "Actual Startup Time": 172.276,
              "Actual Total Time": 172.277,
              "Actual Rows": 1,
              "Actual Loops": 4,
              "Plans": [
                {
                  "Node Type": "Seq Scan",
                  "Parent Relationship": "Outer",
                  "Parallel Aware": true,
                  "Relation Name": "movie_keyword",
                  "Alias": "mk",
                  "Startup Cost": 0.0,
                  "Total Cost": 42695.65,
                  "Plan Rows": 1348701,
                  "Plan Width": 0,
                  "Actual Startup Time": 0.054,
                  "Actual Total Time": 124.961,
                  "Actual Rows": 1044468,
                  "Actual Loops": 4,
                  "Filter": "(keyword_id > 287)",
                  "Rows Removed by Filter": 86514
                }
              ]
            }
          ]
        }
      ]
    },
    "Planning Time": 0.26,
    "Triggers": [],
    "Execution Time": 187.992
  }
]