[
  {
    "Plan": {
      "Node Type": "Aggregate",
      "Strategy": "Plain",
      "Partial Mode": "Finalize",
      "Parallel Aware": false,
      "Startup Cost": 47080.79,
      "Total Cost": 47080.8,
      "Plan Rows": 1,
      "Plan Width": 8,
      "Actual Startup Time": 186.572,
      "Actual Total Time": 196.566,
      "Actual Rows": 1,
      "Actual Loops": 1,
      "Plans": [
        {
          "Node Type": "Gather",
          "Parent Relationship": "Outer",
          "Parallel Aware": false,
          "Startup Cost": 47080.47,
          "Total Cost": 47080.78,
          "Plan Rows": 3,
          "Plan Width": 8,
          "Actual Startup Time": 186.44,
          "Actual Total Time": 196.555,
          "Actual Rows": 4,
          "Actual Loops": 1,
          "Workers Planned": 3,
          "Workers Launched": 3,
          "Single Copy": false,
          "Plans": [
            {
              "Node Type": "Aggregate",
              "Strategy": "Plain",
              "Partial Mode": "Partial",
              "Parent Relationship": "Outer",
              "Parallel Aware": false,
              "Startup Cost": 46080.47,
              "Total Cost": 46080.48,
              "Plan Rows": 1,
              "Plan Width": 8,
              "Actual Startup Time": 181.449,
              "Actual Total Time": 181.45,
              "Actual Rows": 1,
              "Actual Loops": 4,
              "Plans": [
                {
                  "Node Type": "Seq Scan",
                  "Parent Relationship": "Outer",
                  "Parallel Aware": true,
                  "Relation Name": "movie_keyword",
                  "Alias": "mk",
                  "Startup Cost": 0.0,
                  "Total Cost": 42695.65,
                  "Plan Rows": 1353927,
                  "Plan Width": 0,
                  "Actual Startup Time": 0.054,
                  "Actual Total Time": 131.374,
                  "Actual Rows": 1044468,
                  "Actual Loops": 4,
                  "Filter": "(keyword_id > 287)",
                  "Rows Removed by Filter": 86514
                }
              ]
            }
          ]
        }
      ]
    },
    "Planning Time": 0.184,
    "Triggers": [],
    "Execution Time": 196.62
  }
]