[
  {
    "Plan": {
      "Node Type": "Aggregate",
      "Strategy": "Plain",
      "Partial Mode": "Simple",
      "Parallel Aware": false,
      "Startup Cost": 26805.29,
      "Total Cost": 26805.3,
      "Plan Rows": 1,
      "Plan Width": 8,
      "Actual Startup Time": 55.891,
      "Actual Total Time": 55.892,
      "Actual Rows": 1,
      "Actual Loops": 1,
      "Plans": [
        {
          "Node Type": "Bitmap Heap Scan",
          "Parent Relationship": "Outer",
          "Parallel Aware": false,
          "Relation Name": "movie_keyword",
          "Alias": "mk",
          "Startup Cost": 1378.86,
          "Total Cost": 26643.22,
          "Plan Rows": 64829,
          "Plan Width": 0,
          "Actual Startup Time": 19.949,
          "Actual Total Time": 52.312,
          "Actual Rows": 63806,
          "Actual Loops": 1,
          "Recheck Cond": "(keyword_id > 93601)",
          "Rows Removed by Index Recheck": 0,
          "Exact Heap Blocks": 14153,
          "Lossy Heap Blocks": 0,
          "Plans": [
            {
              "Node Type": "Bitmap Index Scan",
              "Parent Relationship": "Outer",
              "Parallel Aware": false,
              "Index Name": "keyword_id_movie_keyword",
              "Startup Cost": 0.0,
              "Total Cost": 1362.65,
              "Plan Rows": 64829,
              "Plan Width": 0,
              "Actual Startup Time": 14.795,
              "Actual Total Time": 14.796,
              "Actual Rows": 63806,
              "Actual Loops": 1,
              "Index Cond": "(keyword_id > 93601)"
            }
          ]
        }
      ]
    },
    "Planning Time": 0.287,
    "Triggers": [],
    "Execution Time": 55.951
  }
]