[
  {
    "Plan": {
      "Node Type": "Aggregate",
      "Strategy": "Plain",
      "Partial Mode": "Finalize",
      "Parallel Aware": false,
      "Startup Cost": 347713.23,
      "Total Cost": 347713.24,
      "Plan Rows": 1,
      "Plan Width": 8,
      "Actual Startup Time": 730.579,
      "Actual Total Time": 790.211,
      "Actual Rows": 1,
      "Actual Loops": 1,
      "Plans": [
        {
          "Node Type": "Gather",
          "Parent Relationship": "Outer",
          "Parallel Aware": false,
          "Startup Cost": 347712.61,
          "Total Cost": 347713.22,
          "Plan Rows": 6,
          "Plan Width": 8,
          "Actual Startup Time": 730.42,
          "Actual Total Time": 790.2,
          "Actual Rows": 7,
          "Actual Loops": 1,
          "Workers Planned": 6,
          "Workers Launched": 6,
          "Single Copy": false,
          "Plans": [
            {
              "Node Type": "Aggregate",
              "Strategy": "Plain",
              "Partial Mode": "Partial",
              "Parent Relationship": "Outer",
              "Parallel Aware": false,
              "Startup Cost": 346712.61,
              "Total Cost": 346712.62,
              "Plan Rows": 1,
              "Plan Width": 8,
              "Actual Startup Time": 720.367,
              "Actual Total Time": 720.369,
              "Actual Rows": 1,
              "Actual Loops": 7,
              "Plans": [
                {
                  "Node Type": "Seq Scan",
                  "Parent Relationship": "Outer",
                  "Parallel Aware": true,
                  "Relation Name": "cast_info",
                  "Alias": "ci",
                  "Startup Cost": 0.0,
                  "Total Cost": 343316.27,
                  "Plan Rows": 1358535,
                  "Plan Width": 0,
                  "Actual Startup Time": 341.209,
                  "Actual Total Time": 688.837,
                  "Actual Rows": 582738,
                  "Actual Loops": 7,
                  "Filter": "((person_id > 2480667) AND (role_id < 4))",
                  "Rows Removed by Filter": 4595026
                }
              ]
            }
          ]
        }
      ]
    },
    "Planning Time": 0.12,
    "Triggers": [],
    "Execution Time": 790.262
  }
]