{
  "Plan": {
    "Node Type": "Aggregate",
    "Strategy": "Plain",
    "Partial Mode": "Finalize",
    "Parallel Aware": false,
    "Startup Cost": 316372.31,
    "Total Cost": 316372.32,
    "Plan Rows": 1,
    "Plan Width": 8,
    "Actual Startup Time": 176.735,
    "Actual Total Time": 181.961,
    "Actual Rows": 1,
    "Actual Loops": 1,
    "Plans": [
      {
        "Node Type": "Gather",
        "Parent Relationship": "Outer",
        "Parallel Aware": false,
        "Startup Cost": 316372.2,
        "Total Cost": 316372.31,
        "Plan Rows": 1,
        "Plan Width": 8,
        "Actual Startup Time": 176.523,
        "Actual Total Time": 181.954,
        "Actual Rows": 2,
        "Actual Loops": 1,
        "Workers Planned": 1,
        "Workers Launched": 1,
        "Single Copy": false,
        "Plans": [
          {
            "Node Type": "Aggregate",
            "Strategy": "Plain",
            "Partial Mode": "Partial",
            "Parent Relationship": "Outer",
            "Parallel Aware": false,
            "Startup Cost": 315372.2,
            "Total Cost": 315372.21,
            "Plan Rows": 1,
            "Plan Width": 8,
            "Actual Startup Time": 170.397,
            "Actual Total Time": 170.401,
            "Actual Rows": 1,
            "Actual Loops": 2,
            "Plans": [
              {
                "Node Type": "Hash Join",
                "Parent Relationship": "Outer",
                "Parallel Aware": true,
                "Join Type": "Inner",
                "Startup Cost": 55972.86,
                "Total Cost": 315368.79,
                "Plan Rows": 1365,
                "Plan Width": 0,
                "Actual Startup Time": 87.064,
                "Actual Total Time": 170.365,
                "Actual Rows": 208,
                "Actual Loops": 2,
                "Inner Unique": true,
                "Hash Cond": "(ci.movie_id = t.id)",
                "Plans": [
                  {
                    "Node Type": "Bitmap Heap Scan",
                    "Parent Relationship": "Outer",
                    "Parallel Aware": true,
                    "Relation Name": "cast_info",
                    "Alias": "ci",
                    "Startup Cost": 16656.54,
                    "Total Cost": 274888.1,
                    "Plan Rows": 443565,
                    "Plan Width": 4,
                    "Actual Startup Time": 29.933,
                    "Actual Total Time": 82.315,
                    "Actual Rows": 360341,
                    "Actual Loops": 2,
                    "Recheck Cond": "(person_id > 3923507)",
                    "Rows Removed by Index Recheck": 0,
                    "Exact Heap Blocks": 6404,
                    "Lossy Heap Blocks": 0,
                    "Plans": [
                      {
                        "Node Type": "Bitmap Index Scan",
                        "Parent Relationship": "Outer",
                        "Parallel Aware": false,
                        "Index Name": "person_id_cast_info",
                        "Startup Cost": 0.0,
                        "Total Cost": 16468.02,
                        "Plan Rows": 754061,
                        "Plan Width": 0,
                        "Actual Startup Time": 28.35,
                        "Actual Total Time": 28.351,
                        "Actual Rows": 720682,
                        "Actual Loops": 1,
                        "Index Cond": "(person_id > 3923507)"
                      }
                    ]
                  },
                  {
                    "Node Type": "Hash",
                    "Parent Relationship": "Inner",
                    "Parallel Aware": true,
                    "Startup Cost": 39259.13,
                    "Total Cost": 39259.13,
                    "Plan Rows": 4576,
                    "Plan Width": 4,
                    "Actual Startup Time": 53.646,
                    "Actual Total Time": 53.647,
                    "Actual Rows": 2593,
                    "Actual Loops": 2,
                    "Hash Buckets": 8192,
                    "Original Hash Buckets": 8192,
                    "Hash Batches": 1,
                    "Original Hash Batches": 1,
                    "Peak Memory Usage": 288,
                    "Plans": [
                      {
                        "Node Type": "Bitmap Heap Scan",
                        "Parent Relationship": "Outer",
                        "Parallel Aware": true,
                        "Relation Name": "title",
                        "Alias": "t",
                        "Startup Cost": 2182.88,
                        "Total Cost": 39259.13,
                        "Plan Rows": 4576,
                        "Plan Width": 4,
                        "Actual Startup Time": 16.601,
                        "Actual Total Time": 52.672,
                        "Actual Rows": 2593,
                        "Actual Loops": 2,
                        "Recheck Cond": "(kind_id = 4)",
                        "Rows Removed by Index Recheck": 0,
                        "Filter": "(production_year = 2012)",
                        "Rows Removed by Filter": 56524,
                        "Exact Heap Blocks": 10939,
                        "Lossy Heap Blocks": 0,
                        "Plans": [
                          {
                            "Node Type": "Bitmap Index Scan",
                            "Parent Relationship": "Outer",
                            "Parallel Aware": false,
                            "Index Name": "kind_id_title",
                            "Startup Cost": 0.0,
                            "Total Cost": 2180.94,
                            "Plan Rows": 122201,
                            "Plan Width": 0,
                            "Actual Startup Time": 17.181,
                            "Actual Total Time": 17.181,
                            "Actual Rows": 118234,
                            "Actual Loops": 1,
                            "Index Cond": "(kind_id = 4)"
                          }
                        ]
                      }
                    ]
                  }
                ]
              }
            ]
          }
        ]
      }
    ]
  },
  "Planning Time": 0.639,
  "Triggers": [],
  "Execution Time": 182.063
}