[
    {
        "Bao": {
            "Bao prediction": "NaN",
            "Bao recommended hint": "(no hint)"
        }
    },
    {
        "Plan": {
            "Node Type": "Aggregate",
            "Strategy": "Plain",
            "Partial Mode": "Finalize",
            "Parallel Aware": false,
            "Startup Cost": 247767.73,
            "Total Cost": 247767.74,
            "Plan Rows": 1,
            "Plan Width": 8,
            "Actual Startup Time": 269.814,
            "Actual Total Time": 285.026,
            "Actual Rows": 1,
            "Actual Loops": 1,
            "Output": [
                "count(*)"
            ],
            "Plans": [
                {
                    "Node Type": "Gather",
                    "Parent Relationship": "Outer",
                    "Parallel Aware": false,
                    "Startup Cost": 247767.21,
                    "Total Cost": 247767.72,
                    "Plan Rows": 5,
                    "Plan Width": 8,
                    "Actual Startup Time": 269.045,
                    "Actual Total Time": 285.006,
                    "Actual Rows": 6,
                    "Actual Loops": 1,
                    "Output": [
                        "(PARTIAL count(*))"
                    ],
                    "Workers Planned": 5,
                    "Workers Launched": 5,
                    "Single Copy": false,
                    "Plans": [
                        {
                            "Node Type": "Aggregate",
                            "Strategy": "Plain",
                            "Partial Mode": "Partial",
                            "Parent Relationship": "Outer",
                            "Parallel Aware": false,
                            "Startup Cost": 246767.21,
                            "Total Cost": 246767.22,
                            "Plan Rows": 1,
                            "Plan Width": 8,
                            "Actual Startup Time": 258.522,
                            "Actual Total Time": 258.528,
                            "Actual Rows": 1,
                            "Actual Loops": 6,
                            "Output": [
                                "PARTIAL count(*)"
                            ],
                            "Workers": [
                                {
                                    "Worker Number": 0,
                                    "Actual Startup Time": 255.843,
                                    "Actual Total Time": 255.847,
                                    "Actual Rows": 1,
                                    "Actual Loops": 1
                                },
                                {
                                    "Worker Number": 1,
                                    "Actual Startup Time": 256.12,
                                    "Actual Total Time": 256.125,
                                    "Actual Rows": 1,
                                    "Actual Loops": 1
                                },
                                {
                                    "Worker Number": 2,
                                    "Actual Startup Time": 256.724,
                                    "Actual Total Time": 256.736,
                                    "Actual Rows": 1,
                                    "Actual Loops": 1
                                },
                                {
                                    "Worker Number": 3,
                                    "Actual Startup Time": 256.771,
                                    "Actual Total Time": 256.775,
                                    "Actual Rows": 1,
                                    "Actual Loops": 1
                                },
                                {
                                    "Worker Number": 4,
                                    "Actual Startup Time": 257.088,
                                    "Actual Total Time": 257.092,
                                    "Actual Rows": 1,
                                    "Actual Loops": 1
                                }
                            ],
                            "Plans": [
                                {
                                    "Node Type": "Nested Loop",
                                    "Parent Relationship": "Outer",
                                    "Parallel Aware": false,
                                    "Join Type": "Inner",
                                    "Startup Cost": 69342.35,
                                    "Total Cost": 246728.95,
                                    "Plan Rows": 15303,
                                    "Plan Width": 0,
                                    "Actual Startup Time": 151.032,
                                    "Actual Total Time": 258.232,
                                    "Actual Rows": 1902,
                                    "Actual Loops": 6,
                                    "Inner Unique": false,
                                    "Join Filter": "(t.id = ci.movie_id)",
                                    "Rows Removed by Join Filter": 0,
                                    "Workers": [
                                        {
                                            "Worker Number": 0,
                                            "Actual Startup Time": 149.747,
                                            "Actual Total Time": 255.601,
                                            "Actual Rows": 1197,
                                            "Actual Loops": 1
                                        },
                                        {
                                            "Worker Number": 1,
                                            "Actual Startup Time": 148.649,
                                            "Actual Total Time": 255.801,
                                            "Actual Rows": 1611,
                                            "Actual Loops": 1
                                        },
                                        {
                                            "Worker Number": 2,
                                            "Actual Startup Time": 149.848,
                                            "Actual Total Time": 256.387,
                                            "Actual Rows": 1613,
                                            "Actual Loops": 1
                                        },
                                        {
                                            "Worker Number": 3,
                                            "Actual Startup Time": 149.153,
                                            "Actual Total Time": 256.54,
                                            "Actual Rows": 1664,
                                            "Actual Loops": 1
                                        },
                                        {
                                            "Worker Number": 4,
                                            "Actual Startup Time": 149.131,
                                            "Actual Total Time": 256.773,
                                            "Actual Rows": 1525,
                                            "Actual Loops": 1
                                        }
                                    ],
                                    "Plans": [
                                        {
                                            "Node Type": "Hash Join",
                                            "Parent Relationship": "Outer",
                                            "Parallel Aware": true,
                                            "Join Type": "Inner",
                                            "Startup Cost": 69341.79,
                                            "Total Cost": 235293.84,
                                            "Plan Rows": 4212,
                                            "Plan Width": 8,
                                            "Actual Startup Time": 149.876,
                                            "Actual Total Time": 219.022,
                                            "Actual Rows": 370,
                                            "Actual Loops": 6,
                                            "Output": [
                                                "t.id",
                                                "mi.movie_id"
                                            ],
                                            "Inner Unique": true,
                                            "Hash Cond": "(mi.movie_id = t.id)",
                                            "Workers": [
                                                {
                                                    "Worker Number": 0,
                                                    "Actual Startup Time": 147.758,
                                                    "Actual Total Time": 215.634,
                                                    "Actual Rows": 231,
                                                    "Actual Loops": 1
                                                },
                                                {
                                                    "Worker Number": 1,
                                                    "Actual Startup Time": 147.478,
                                                    "Actual Total Time": 211.664,
                                                    "Actual Rows": 300,
                                                    "Actual Loops": 1
                                                },
                                                {
                                                    "Worker Number": 2,
                                                    "Actual Startup Time": 148.312,
                                                    "Actual Total Time": 213.161,
                                                    "Actual Rows": 294,
                                                    "Actual Loops": 1
                                                },
                                                {
                                                    "Worker Number": 3,
                                                    "Actual Startup Time": 148.014,
                                                    "Actual Total Time": 218.534,
                                                    "Actual Rows": 351,
                                                    "Actual Loops": 1
                                                },
                                                {
                                                    "Worker Number": 4,
                                                    "Actual Startup Time": 148.111,
                                                    "Actual Total Time": 211.745,
                                                    "Actual Rows": 306,
                                                    "Actual Loops": 1
                                                }
                                            ],
                                            "Plans": [
                                                {
                                                    "Node Type": "Bitmap Heap Scan",
                                                    "Parent Relationship": "Outer",
                                                    "Parallel Aware": true,
                                                    "Relation Name": "movie_info",
                                                    "Schema": "public",
                                                    "Alias": "mi",
                                                    "Startup Cost": 23735.46,
                                                    "Total Cost": 189000.4,
                                                    "Plan Rows": 261755,
                                                    "Plan Width": 4,
                                                    "Actual Startup Time": 60.82,
                                                    "Actual Total Time": 95.875,
                                                    "Actual Rows": 214821,
                                                    "Actual Loops": 6,
                                                    "Output": [
                                                        "mi.id",
                                                        "mi.movie_id",
                                                        "mi.info_type_id",
                                                        "mi.info",
                                                        "mi.note"
                                                    ],
                                                    "Recheck Cond": "(mi.info_type_id = 2)",
                                                    "Rows Removed by Index Recheck": 0,
                                                    "Exact Heap Blocks": 1909,
                                                    "Lossy Heap Blocks": 0,
                                                    "Workers": [
                                                        {
                                                            "Worker Number": 0,
                                                            "Actual Startup Time": 60.913,
                                                            "Actual Total Time": 95.858,
                                                            "Actual Rows": 192677,
                                                            "Actual Loops": 1
                                                        },
                                                        {
                                                            "Worker Number": 1,
                                                            "Actual Startup Time": 60.879,
                                                            "Actual Total Time": 94.185,
                                                            "Actual Rows": 175953,
                                                            "Actual Loops": 1
                                                        },
                                                        {
                                                            "Worker Number": 2,
                                                            "Actual Startup Time": 60.96,
                                                            "Actual Total Time": 94.35,
                                                            "Actual Rows": 178390,
                                                            "Actual Loops": 1
                                                        },
                                                        {
                                                            "Worker Number": 3,
                                                            "Actual Startup Time": 60.836,
                                                            "Actual Total Time": 95.983,
                                                            "Actual Rows": 281260,
                                                            "Actual Loops": 1
                                                        },
                                                        {
                                                            "Worker Number": 4,
                                                            "Actual Startup Time": 60.824,
                                                            "Actual Total Time": 93.661,
                                                            "Actual Rows": 172603,
                                                            "Actual Loops": 1
                                                        }
                                                    ],
                                                    "Plans": [
                                                        {
                                                            "Node Type": "Bitmap Index Scan",
                                                            "Parent Relationship": "Outer",
                                                            "Parallel Aware": false,
                                                            "Index Name": "info_type_id_movie_info",
                                                            "Startup Cost": 0.0,
                                                            "Total Cost": 23408.26,
                                                            "Plan Rows": 1308777,
                                                            "Plan Width": 0,
                                                            "Actual Startup Time": 58.584,
                                                            "Actual Total Time": 58.585,
                                                            "Actual Rows": 1288928,
                                                            "Actual Loops": 1,
                                                            "Index Cond": "(mi.info_type_id = 2)"
                                                        }
                                                    ]
                                                },
                                                {
                                                    "Node Type": "Hash",
                                                    "Parent Relationship": "Inner",
                                                    "Parallel Aware": true,
                                                    "Startup Cost": 45479.21,
                                                    "Total Cost": 45479.21,
                                                    "Plan Rows": 10170,
                                                    "Plan Width": 4,
                                                    "Actual Startup Time": 87.755,
                                                    "Actual Total Time": 87.756,
                                                    "Actual Rows": 6710,
                                                    "Actual Loops": 6,
                                                    "Output": [
                                                        "t.id"
                                                    ],
                                                    "Hash Buckets": 65536,
                                                    "Original Hash Buckets": 65536,
                                                    "Hash Batches": 1,
                                                    "Original Hash Batches": 1,
                                                    "Peak Memory Usage": 2176,
                                                    "Workers": [
                                                        {
                                                            "Worker Number": 0,
                                                            "Actual Startup Time": 85.162,
                                                            "Actual Total Time": 85.163,
                                                            "Actual Rows": 4993,
                                                            "Actual Loops": 1
                                                        },
                                                        {
                                                            "Worker Number": 1,
                                                            "Actual Startup Time": 85.423,
                                                            "Actual Total Time": 85.424,
                                                            "Actual Rows": 4808,
                                                            "Actual Loops": 1
                                                        },
                                                        {
                                                            "Worker Number": 2,
                                                            "Actual Startup Time": 85.959,
                                                            "Actual Total Time": 85.96,
                                                            "Actual Rows": 4791,
                                                            "Actual Loops": 1
                                                        },
                                                        {
                                                            "Worker Number": 3,
                                                            "Actual Startup Time": 86.039,
                                                            "Actual Total Time": 86.04,
                                                            "Actual Rows": 6551,
                                                            "Actual Loops": 1
                                                        },
                                                        {
                                                            "Worker Number": 4,
                                                            "Actual Startup Time": 86.365,
                                                            "Actual Total Time": 86.366,
                                                            "Actual Rows": 4766,
                                                            "Actual Loops": 1
                                                        }
                                                    ],
                                                    "Plans": [
                                                        {
                                                            "Node Type": "Seq Scan",
                                                            "Parent Relationship": "Outer",
                                                            "Parallel Aware": true,
                                                            "Relation Name": "title",
                                                            "Schema": "public",
                                                            "Alias": "t",
                                                            "Startup Cost": 0.0,
                                                            "Total Cost": 45479.21,
                                                            "Plan Rows": 10170,
                                                            "Plan Width": 4,
                                                            "Actual Startup Time": 0.066,
                                                            "Actual Total Time": 83.594,
                                                            "Actual Rows": 6710,
                                                            "Actual Loops": 6,
                                                            "Output": [
                                                                "t.id"
                                                            ],
                                                            "Filter": "((t.production_year > 2012) AND (t.kind_id = 7))",
                                                            "Rows Removed by Filter": 414676,
                                                            "Workers": [
                                                                {
                                                                    "Worker Number": 0,
                                                                    "Actual Startup Time": 0.052,
                                                                    "Actual Total Time": 81.156,
                                                                    "Actual Rows": 4993,
                                                                    "Actual Loops": 1
                                                                },
                                                                {
                                                                    "Worker Number": 1,
                                                                    "Actual Startup Time": 0.055,
                                                                    "Actual Total Time": 81.611,
                                                                    "Actual Rows": 4808,
                                                                    "Actual Loops": 1
                                                                },
                                                                {
                                                                    "Worker Number": 2,
                                                                    "Actual Startup Time": 0.063,
                                                                    "Actual Total Time": 82.079,
                                                                    "Actual Rows": 4791,
                                                                    "Actual Loops": 1
                                                                },
                                                                {
                                                                    "Worker Number": 3,
                                                                    "Actual Startup Time": 0.065,
                                                                    "Actual Total Time": 82.025,
                                                                    "Actual Rows": 6551,
                                                                    "Actual Loops": 1
                                                                },
                                                                {
                                                                    "Worker Number": 4,
                                                                    "Actual Startup Time": 0.128,
                                                                    "Actual Total Time": 81.977,
                                                                    "Actual Rows": 4766,
                                                                    "Actual Loops": 1
                                                                }
                                                            ]
                                                        }
                                                    ]
                                                }
                                            ]
                                        },
                                        {
                                            "Node Type": "Index Scan",
                                            "Parent Relationship": "Inner",
                                            "Parallel Aware": false,
                                            "Scan Direction": "Forward",
                                            "Index Name": "movie_id_cast_info",
                                            "Relation Name": "cast_info",
                                            "Schema": "public",
                                            "Alias": "ci",
                                            "Startup Cost": 0.56,
                                            "Total Cost": 2.59,
                                            "Plan Rows": 10,
                                            "Plan Width": 4,
                                            "Actual Startup Time": 0.076,
                                            "Actual Total Time": 0.104,
                                            "Actual Rows": 5,
                                            "Actual Loops": 2219,
                                            "Output": [
                                                "ci.id",
                                                "ci.person_id",
                                                "ci.movie_id",
                                                "ci.person_role_id",
                                                "ci.note",
                                                "ci.nr_order",
                                                "ci.role_id"
                                            ],
                                            "Index Cond": "(ci.movie_id = mi.movie_id)",
                                            "Rows Removed by Index Recheck": 0,
                                            "Filter": "((ci.person_id < 2837195) AND (ci.role_id > 3))",
                                            "Rows Removed by Filter": 28,
                                            "Workers": [
                                                {
                                                    "Worker Number": 0,
                                                    "Actual Startup Time": 0.124,
                                                    "Actual Total Time": 0.171,
                                                    "Actual Rows": 5,
                                                    "Actual Loops": 231
                                                },
                                                {
                                                    "Worker Number": 1,
                                                    "Actual Startup Time": 0.106,
                                                    "Actual Total Time": 0.145,
                                                    "Actual Rows": 5,
                                                    "Actual Loops": 300
                                                },
                                                {
                                                    "Worker Number": 2,
                                                    "Actual Startup Time": 0.105,
                                                    "Actual Total Time": 0.145,
                                                    "Actual Rows": 5,
                                                    "Actual Loops": 294
                                                },
                                                {
                                                    "Worker Number": 3,
                                                    "Actual Startup Time": 0.077,
                                                    "Actual Total Time": 0.107,
                                                    "Actual Rows": 5,
                                                    "Actual Loops": 351
                                                },
                                                {
                                                    "Worker Number": 4,
                                                    "Actual Startup Time": 0.104,
                                                    "Actual Total Time": 0.145,
                                                    "Actual Rows": 5,
                                                    "Actual Loops": 306
                                                }
                                            ]
                                        }
                                    ]
                                }
                            ]
                        }
                    ]
                }
            ]
        },
        "Planning Time": 307.992,
        "Triggers": [],
        "Execution Time": 285.117
    }
]