{
    "Plan": {
        "Node Type": "Aggregate",
        "Strategy": "Plain",
        "Partial Mode": "Simple",
        "Parallel Aware": false,
        "Startup Cost": 60001709681.5,
        "Total Cost": 60001709681.51,
        "Plan Rows": 1,
        "Plan Width": 96,
        "Actual Startup Time": 5288.201,
        "Actual Total Time": 5328.122,
        "Actual Rows": 1,
        "Actual Loops": 1,
        "Output": [
            "min(chn.name)",
            "min(n.name)",
            "min(t.title)"
        ],
        "Plans": [
            {
                "Node Type": "Nested Loop",
                "Parent Relationship": "Outer",
                "Parallel Aware": false,
                "Join Type": "Inner",
                "Startup Cost": 60001635410.76,
                "Total Cost": 60001709681.49,
                "Plan Rows": 1,
                "Plan Width": 48,
                "Actual Startup Time": 5280.707,
                "Actual Total Time": 5328.105,
                "Actual Rows": 5,
                "Actual Loops": 1,
                "Output": [
                    "chn.name",
                    "n.name",
                    "t.title"
                ],
                "Inner Unique": true,
                "Plans": [
                    {
                        "Node Type": "Merge Join",
                        "Parent Relationship": "Outer",
                        "Parallel Aware": false,
                        "Join Type": "Inner",
                        "Startup Cost": 50001635410.33,
                        "Total Cost": 50001709675.44,
                        "Plan Rows": 1,
                        "Plan Width": 52,
                        "Actual Startup Time": 5280.089,
                        "Actual Total Time": 5320.522,
                        "Actual Rows": 985,
                        "Actual Loops": 1,
                        "Output": [
                            "chn.name",
                            "mk.keyword_id",
                            "n.name",
                            "t.title"
                        ],
                        "Inner Unique": false,
                        "Merge Cond": "(an.person_id = n.id)",
                        "Plans": [
                            {
                                "Node Type": "Index Scan",
                                "Parent Relationship": "Outer",
                                "Parallel Aware": false,
                                "Scan Direction": "Forward",
                                "Index Name": "person_id_aka_name",
                                "Relation Name": "aka_name",
                                "Schema": "public",
                                "Alias": "an",
                                "Startup Cost": 0.42,
                                "Total Cost": 72012.16,
                                "Plan Rows": 901343,
                                "Plan Width": 4,
                                "Actual Startup Time": 0.012,
                                "Actual Total Time": 162.818,
                                "Actual Rows": 469059,
                                "Actual Loops": 1,
                                "Output": [
                                    "an.id",
                                    "an.person_id",
                                    "an.name",
                                    "an.imdb_index",
                                    "an.name_pcode_cf",
                                    "an.name_pcode_nf",
                                    "an.surname_pcode",
                                    "an.md5sum"
                                ]
                            },
                            {
                                "Node Type": "Sort",
                                "Parent Relationship": "Inner",
                                "Parallel Aware": false,
                                "Startup Cost": 50001635409.9,
                                "Total Cost": 50001635409.91,
                                "Plan Rows": 1,
                                "Plan Width": 60,
                                "Actual Startup Time": 5072.518,
                                "Actual Total Time": 5112.644,
                                "Actual Rows": 981,
                                "Actual Loops": 1,
                                "Output": [
                                    "chn.name",
                                    "ci.person_id",
                                    "mk.keyword_id",
                                    "n.name",
                                    "n.id",
                                    "t.title"
                                ],
                                "Sort Key": [
                                    "ci.person_id"
                                ],
                                "Sort Method": "quicksort",
                                "Sort Space Used": 52,
                                "Sort Space Type": "Memory",
                                "Plans": [
                                    {
                                        "Node Type": "Hash Join",
                                        "Parent Relationship": "Outer",
                                        "Parallel Aware": false,
                                        "Join Type": "Inner",
                                        "Startup Cost": 50001635409.85,
                                        "Total Cost": 50001635409.89,
                                        "Plan Rows": 1,
                                        "Plan Width": 60,
                                        "Actual Startup Time": 5072.077,
                                        "Actual Total Time": 5112.293,
                                        "Actual Rows": 197,
                                        "Actual Loops": 1,
                                        "Output": [
                                            "chn.name",
                                            "ci.person_id",
                                            "mk.keyword_id",
                                            "n.name",
                                            "n.id",
                                            "t.title"
                                        ],
                                        "Inner Unique": false,
                                        "Hash Cond": "(mi.movie_id = t.id)",
                                        "Plans": [
                                            {
                                                "Node Type": "Merge Join",
                                                "Parent Relationship": "Outer",
                                                "Parallel Aware": false,
                                                "Join Type": "Inner",
                                                "Startup Cost": 50001588923.67,
                                                "Total Cost": 50001588923.7,
                                                "Plan Rows": 1,
                                                "Plan Width": 59,
                                                "Actual Startup Time": 4957.974,
                                                "Actual Total Time": 4998.021,
                                                "Actual Rows": 767,
                                                "Actual Loops": 1,
                                                "Output": [
                                                    "chn.name",
                                                    "ci.movie_id",
                                                    "ci.person_id",
                                                    "mc.movie_id",
                                                    "mi.movie_id",
                                                    "mk.movie_id",
                                                    "mk.keyword_id",
                                                    "n.name",
                                                    "n.id"
                                                ],
                                                "Inner Unique": false,
                                                "Merge Cond": "(it.id = mi.info_type_id)",
                                                "Plans": [
                                                    {
                                                        "Node Type": "Sort",
                                                        "Parent Relationship": "Outer",
                                                        "Parallel Aware": false,
                                                        "Startup Cost": 10000000002.42,
                                                        "Total Cost": 10000000002.43,
                                                        "Plan Rows": 1,
                                                        "Plan Width": 4,
                                                        "Actual Startup Time": 0.041,
                                                        "Actual Total Time": 0.042,
                                                        "Actual Rows": 1,
                                                        "Actual Loops": 1,
                                                        "Output": [
                                                            "it.id"
                                                        ],
                                                        "Sort Key": [
                                                            "it.id"
                                                        ],
                                                        "Sort Method": "quicksort",
                                                        "Sort Space Used": 25,
                                                        "Sort Space Type": "Memory",
                                                        "Plans": [
                                                            {
                                                                "Node Type": "Seq Scan",
                                                                "Parent Relationship": "Outer",
                                                                "Parallel Aware": false,
                                                                "Relation Name": "info_type",
                                                                "Schema": "public",
                                                                "Alias": "it",
                                                                "Startup Cost": 10000000000.0,
                                                                "Total Cost": 10000000002.41,
                                                                "Plan Rows": 1,
                                                                "Plan Width": 4,
                                                                "Actual Startup Time": 0.019,
                                                                "Actual Total Time": 0.026,
                                                                "Actual Rows": 1,
                                                                "Actual Loops": 1,
                                                                "Output": [
                                                                    "it.id"
                                                                ],
                                                                "Filter": "((it.info)::text = 'release dates'::text)",
                                                                "Rows Removed by Filter": 112
                                                            }
                                                        ]
                                                    },
                                                    {
                                                        "Node Type": "Sort",
                                                        "Parent Relationship": "Inner",
                                                        "Parallel Aware": false,
                                                        "Startup Cost": 40001588921.25,
                                                        "Total Cost": 40001588921.25,
                                                        "Plan Rows": 1,
                                                        "Plan Width": 63,
                                                        "Actual Startup Time": 4957.923,
                                                        "Actual Total Time": 4997.804,
                                                        "Actual Rows": 767,
                                                        "Actual Loops": 1,
                                                        "Output": [
                                                            "chn.name",
                                                            "ci.movie_id",
                                                            "ci.person_id",
                                                            "mc.movie_id",
                                                            "mi.movie_id",
                                                            "mi.info_type_id",
                                                            "mk.movie_id",
                                                            "mk.keyword_id",
                                                            "n.name",
                                                            "n.id"
                                                        ],
                                                        "Sort Key": [
                                                            "mi.info_type_id"
                                                        ],
                                                        "Sort Method": "quicksort",
                                                        "Sort Space Used": 132,
                                                        "Sort Space Type": "Memory",
                                                        "Plans": [
                                                            {
                                                                "Node Type": "Gather",
                                                                "Parent Relationship": "Outer",
                                                                "Parallel Aware": false,
                                                                "Startup Cost": 40001517644.37,
                                                                "Total Cost": 40001588921.24,
                                                                "Plan Rows": 1,
                                                                "Plan Width": 63,
                                                                "Actual Startup Time": 4853.442,
                                                                "Actual Total Time": 4997.614,
                                                                "Actual Rows": 767,
                                                                "Actual Loops": 1,
                                                                "Output": [
                                                                    "chn.name",
                                                                    "ci.movie_id",
                                                                    "ci.person_id",
                                                                    "mc.movie_id",
                                                                    "mi.movie_id",
                                                                    "mi.info_type_id",
                                                                    "mk.movie_id",
                                                                    "mk.keyword_id",
                                                                    "n.name",
                                                                    "n.id"
                                                                ],
                                                                "Workers Planned": 4,
                                                                "Workers Launched": 3,
                                                                "Single Copy": false,
                                                                "Plans": [
                                                                    {
                                                                        "Node Type": "Hash Join",
                                                                        "Parent Relationship": "Outer",
                                                                        "Parallel Aware": true,
                                                                        "Join Type": "Inner",
                                                                        "Startup Cost": 40001516644.37,
                                                                        "Total Cost": 40001587921.14,
                                                                        "Plan Rows": 1,
                                                                        "Plan Width": 63,
                                                                        "Actual Startup Time": 4872.717,
                                                                        "Actual Total Time": 4923.741,
                                                                        "Actual Rows": 192,
                                                                        "Actual Loops": 4,
                                                                        "Output": [
                                                                            "chn.name",
                                                                            "ci.movie_id",
                                                                            "ci.person_id",
                                                                            "mc.movie_id",
                                                                            "mi.movie_id",
                                                                            "mi.info_type_id",
                                                                            "mk.movie_id",
                                                                            "mk.keyword_id",
                                                                            "n.name",
                                                                            "n.id"
                                                                        ],
                                                                        "Inner Unique": false,
                                                                        "Hash Cond": "(n.id = ci.person_id)",
                                                                        "Workers": [
                                                                            {
                                                                                "Worker Number": 0,
                                                                                "Actual Startup Time": 4916.82,
                                                                                "Actual Total Time": 4916.838,
                                                                                "Actual Rows": 0,
                                                                                "Actual Loops": 1
                                                                            },
                                                                            {
                                                                                "Worker Number": 1,
                                                                                "Actual Startup Time": 4916.796,
                                                                                "Actual Total Time": 4916.814,
                                                                                "Actual Rows": 0,
                                                                                "Actual Loops": 1
                                                                            },
                                                                            {
                                                                                "Worker Number": 2,
                                                                                "Actual Startup Time": 4804.629,
                                                                                "Actual Total Time": 4916.631,
                                                                                "Actual Rows": 570,
                                                                                "Actual Loops": 1
                                                                            }
                                                                        ],
                                                                        "Plans": [
                                                                            {
                                                                                "Node Type": "Seq Scan",
                                                                                "Parent Relationship": "Outer",
                                                                                "Parallel Aware": true,
                                                                                "Relation Name": "name",
                                                                                "Schema": "public",
                                                                                "Alias": "n",
                                                                                "Startup Cost": 0.0,
                                                                                "Total Cost": 71241.31,
                                                                                "Plan Rows": 9452,
                                                                                "Plan Width": 19,
                                                                                "Actual Startup Time": 100.272,
                                                                                "Actual Total Time": 211.471,
                                                                                "Actual Rows": 12503,
                                                                                "Actual Loops": 4,
                                                                                "Output": [
                                                                                    "n.id",
                                                                                    "n.name",
                                                                                    "n.imdb_index",
                                                                                    "n.imdb_id",
                                                                                    "n.gender",
                                                                                    "n.name_pcode_cf",
                                                                                    "n.name_pcode_nf",
                                                                                    "n.surname_pcode",
                                                                                    "n.md5sum"
                                                                                ],
                                                                                "Filter": "((n.name ~~ '%An%'::text) AND ((n.gender)::text = 'f'::text))",
                                                                                "Rows Removed by Filter": 1029370,
                                                                                "Workers": [
                                                                                    {
                                                                                        "Worker Number": 0,
                                                                                        "Actual Startup Time": 100.298,
                                                                                        "Actual Total Time": 211.446,
                                                                                        "Actual Rows": 13436,
                                                                                        "Actual Loops": 1
                                                                                    },
                                                                                    {
                                                                                        "Worker Number": 1,
                                                                                        "Actual Startup Time": 100.267,
                                                                                        "Actual Total Time": 211.406,
                                                                                        "Actual Rows": 12718,
                                                                                        "Actual Loops": 1
                                                                                    },
                                                                                    {
                                                                                        "Worker Number": 2,
                                                                                        "Actual Startup Time": 100.275,
                                                                                        "Actual Total Time": 211.541,
                                                                                        "Actual Rows": 12115,
                                                                                        "Actual Loops": 1
                                                                                    }
                                                                                ]
                                                                            },
                                                                            {
                                                                                "Node Type": "Hash",
                                                                                "Parent Relationship": "Inner",
                                                                                "Parallel Aware": true,
                                                                                "Startup Cost": 40001516644.36,
                                                                                "Total Cost": 40001516644.36,
                                                                                "Plan Rows": 1,
                                                                                "Plan Width": 44,
                                                                                "Actual Startup Time": 4709.369,
                                                                                "Actual Total Time": 4709.389,
                                                                                "Actual Rows": 5567,
                                                                                "Actual Loops": 4,
                                                                                "Output": [
                                                                                    "chn.name",
                                                                                    "ci.movie_id",
                                                                                    "ci.person_id",
                                                                                    "mc.movie_id",
                                                                                    "mi.movie_id",
                                                                                    "mi.info_type_id",
                                                                                    "mk.movie_id",
                                                                                    "mk.keyword_id"
                                                                                ],
                                                                                "Hash Buckets": 32768,
                                                                                "Original Hash Buckets": 1024,
                                                                                "Hash Batches": 1,
                                                                                "Original Hash Batches": 1,
                                                                                "Peak Memory Usage": 2200,
                                                                                "Workers": [
                                                                                    {
                                                                                        "Worker Number": 0,
                                                                                        "Actual Startup Time": 4702.269,
                                                                                        "Actual Total Time": 4702.284,
                                                                                        "Actual Rows": 5201,
                                                                                        "Actual Loops": 1
                                                                                    },
                                                                                    {
                                                                                        "Worker Number": 1,
                                                                                        "Actual Startup Time": 4702.234,
                                                                                        "Actual Total Time": 4702.251,
                                                                                        "Actual Rows": 13240,
                                                                                        "Actual Loops": 1
                                                                                    },
                                                                                    {
                                                                                        "Worker Number": 2,
                                                                                        "Actual Startup Time": 4702.328,
                                                                                        "Actual Total Time": 4702.345,
                                                                                        "Actual Rows": 2875,
                                                                                        "Actual Loops": 1
                                                                                    }
                                                                                ],
                                                                                "Plans": [
                                                                                    {
                                                                                        "Node Type": "Nested Loop",
                                                                                        "Parent Relationship": "Outer",
                                                                                        "Parallel Aware": false,
                                                                                        "Join Type": "Inner",
                                                                                        "Startup Cost": 40001516639.19,
                                                                                        "Total Cost": 40001516644.36,
                                                                                        "Plan Rows": 1,
                                                                                        "Plan Width": 44,
                                                                                        "Actual Startup Time": 4453.332,
                                                                                        "Actual Total Time": 4546.815,
                                                                                        "Actual Rows": 5567,
                                                                                        "Actual Loops": 4,
                                                                                        "Output": [
                                                                                            "chn.name",
                                                                                            "ci.movie_id",
                                                                                            "ci.person_id",
                                                                                            "mc.movie_id",
                                                                                            "mi.movie_id",
                                                                                            "mi.info_type_id",
                                                                                            "mk.movie_id",
                                                                                            "mk.keyword_id"
                                                                                        ],
                                                                                        "Inner Unique": false,
                                                                                        "Join Filter": "(mi.movie_id = mk.movie_id)",
                                                                                        "Rows Removed by Join Filter": 0,
                                                                                        "Workers": [
                                                                                            {
                                                                                                "Worker Number": 0,
                                                                                                "Actual Startup Time": 4491.576,
                                                                                                "Actual Total Time": 4601.72,
                                                                                                "Actual Rows": 5201,
                                                                                                "Actual Loops": 1
                                                                                            },
                                                                                            {
                                                                                                "Worker Number": 1,
                                                                                                "Actual Startup Time": 4463.972,
                                                                                                "Actual Total Time": 4537.046,
                                                                                                "Actual Rows": 13240,
                                                                                                "Actual Loops": 1
                                                                                            },
                                                                                            {
                                                                                                "Worker Number": 2,
                                                                                                "Actual Startup Time": 4425.454,
                                                                                                "Actual Total Time": 4565.323,
                                                                                                "Actual Rows": 2875,
                                                                                                "Actual Loops": 1
                                                                                            }
                                                                                        ],
                                                                                        "Plans": [
                                                                                            {
                                                                                                "Node Type": "Merge Join",
                                                                                                "Parent Relationship": "Outer",
                                                                                                "Parallel Aware": false,
                                                                                                "Join Type": "Inner",
                                                                                                "Startup Cost": 30001516638.37,
                                                                                                "Total Cost": 30001516638.39,
                                                                                                "Plan Rows": 1,
                                                                                                "Plan Width": 36,
                                                                                                "Actual Startup Time": 4390.866,
                                                                                                "Actual Total Time": 4391.067,
                                                                                                "Actual Rows": 70,
                                                                                                "Actual Loops": 4,
                                                                                                "Output": [
                                                                                                    "chn.name",
                                                                                                    "ci.movie_id",
                                                                                                    "ci.person_id",
                                                                                                    "mc.movie_id",
                                                                                                    "mi.movie_id",
                                                                                                    "mi.info_type_id"
                                                                                                ],
                                                                                                "Inner Unique": false,
                                                                                                "Merge Cond": "(ci.role_id = rt.id)",
                                                                                                "Workers": [
                                                                                                    {
                                                                                                        "Worker Number": 0,
                                                                                                        "Actual Startup Time": 4381.869,
                                                                                                        "Actual Total Time": 4382.074,
                                                                                                        "Actual Rows": 67,
                                                                                                        "Actual Loops": 1
                                                                                                    },
                                                                                                    {
                                                                                                        "Worker Number": 1,
                                                                                                        "Actual Startup Time": 4389.326,
                                                                                                        "Actual Total Time": 4389.687,
                                                                                                        "Actual Rows": 131,
                                                                                                        "Actual Loops": 1
                                                                                                    },
                                                                                                    {
                                                                                                        "Worker Number": 2,
                                                                                                        "Actual Startup Time": 4381.96,
                                                                                                        "Actual Total Time": 4382.076,
                                                                                                        "Actual Rows": 40,
                                                                                                        "Actual Loops": 1
                                                                                                    }
                                                                                                ],
                                                                                                "Plans": [
                                                                                                    {
                                                                                                        "Node Type": "Sort",
                                                                                                        "Parent Relationship": "Outer",
                                                                                                        "Parallel Aware": false,
                                                                                                        "Startup Cost": 20001516637.21,
                                                                                                        "Total Cost": 20001516637.21,
                                                                                                        "Plan Rows": 1,
                                                                                                        "Plan Width": 40,
                                                                                                        "Actual Startup Time": 4390.79,
                                                                                                        "Actual Total Time": 4390.845,
                                                                                                        "Actual Rows": 251,
                                                                                                        "Actual Loops": 4,
                                                                                                        "Output": [
                                                                                                            "chn.name",
                                                                                                            "ci.movie_id",
                                                                                                            "ci.person_id",
                                                                                                            "ci.role_id",
                                                                                                            "mc.movie_id",
                                                                                                            "mi.movie_id",
                                                                                                            "mi.info_type_id"
                                                                                                        ],
                                                                                                        "Sort Key": [
                                                                                                            "ci.role_id"
                                                                                                        ],
                                                                                                        "Sort Method": "quicksort",
                                                                                                        "Sort Space Used": 36,
                                                                                                        "Sort Space Type": "Memory",
                                                                                                        "Workers": [
                                                                                                            {
                                                                                                                "Worker Number": 0,
                                                                                                                "Actual Startup Time": 4381.789,
                                                                                                                "Actual Total Time": 4381.844,
                                                                                                                "Actual Rows": 270,
                                                                                                                "Actual Loops": 1
                                                                                                            },
                                                                                                            {
                                                                                                                "Worker Number": 1,
                                                                                                                "Actual Startup Time": 4389.229,
                                                                                                                "Actual Total Time": 4389.313,
                                                                                                                "Actual Rows": 428,
                                                                                                                "Actual Loops": 1
                                                                                                            },
                                                                                                            {
                                                                                                                "Worker Number": 2,
                                                                                                                "Actual Startup Time": 4381.891,
                                                                                                                "Actual Total Time": 4381.926,
                                                                                                                "Actual Rows": 155,
                                                                                                                "Actual Loops": 1
                                                                                                            }
                                                                                                        ],
                                                                                                        "Plans": [
                                                                                                            {
                                                                                                                "Node Type": "Hash Join",
                                                                                                                "Parent Relationship": "Outer",
                                                                                                                "Parallel Aware": true,
                                                                                                                "Join Type": "Inner",
                                                                                                                "Startup Cost": 20001502158.96,
                                                                                                                "Total Cost": 20001516637.2,
                                                                                                                "Plan Rows": 1,
                                                                                                                "Plan Width": 40,
                                                                                                                "Actual Startup Time": 4262.323,
                                                                                                                "Actual Total Time": 4390.656,
                                                                                                                "Actual Rows": 251,
                                                                                                                "Actual Loops": 4,
                                                                                                                "Output": [
                                                                                                                    "chn.name",
                                                                                                                    "ci.movie_id",
                                                                                                                    "ci.person_id",
                                                                                                                    "ci.role_id",
                                                                                                                    "mc.movie_id",
                                                                                                                    "mi.movie_id",
                                                                                                                    "mi.info_type_id"
                                                                                                                ],
                                                                                                                "Inner Unique": true,
                                                                                                                "Hash Cond": "(ci.person_role_id = chn.id)",
                                                                                                                "Workers": [
                                                                                                                    {
                                                                                                                        "Worker Number": 0,
                                                                                                                        "Actual Startup Time": 4254.058,
                                                                                                                        "Actual Total Time": 4381.626,
                                                                                                                        "Actual Rows": 270,
                                                                                                                        "Actual Loops": 1
                                                                                                                    },
                                                                                                                    {
                                                                                                                        "Worker Number": 1,
                                                                                                                        "Actual Startup Time": 4253.834,
                                                                                                                        "Actual Total Time": 4389.034,
                                                                                                                        "Actual Rows": 428,
                                                                                                                        "Actual Loops": 1
                                                                                                                    },
                                                                                                                    {
                                                                                                                        "Worker Number": 2,
                                                                                                                        "Actual Startup Time": 4258.691,
                                                                                                                        "Actual Total Time": 4381.774,
                                                                                                                        "Actual Rows": 155,
                                                                                                                        "Actual Loops": 1
                                                                                                                    }
                                                                                                                ],
                                                                                                                "Plans": [
                                                                                                                    {
                                                                                                                        "Node Type": "Merge Join",
                                                                                                                        "Parent Relationship": "Outer",
                                                                                                                        "Parallel Aware": false,
                                                                                                                        "Join Type": "Inner",
                                                                                                                        "Startup Cost": 20001387181.82,
                                                                                                                        "Total Cost": 20001401660.05,
                                                                                                                        "Plan Rows": 1,
                                                                                                                        "Plan Width": 28,
                                                                                                                        "Actual Startup Time": 3063.847,
                                                                                                                        "Actual Total Time": 3189.704,
                                                                                                                        "Actual Rows": 256,
                                                                                                                        "Actual Loops": 4,
                                                                                                                        "Output": [
                                                                                                                            "ci.movie_id",
                                                                                                                            "ci.person_id",
                                                                                                                            "ci.role_id",
                                                                                                                            "ci.person_role_id",
                                                                                                                            "mc.movie_id",
                                                                                                                            "mi.movie_id",
                                                                                                                            "mi.info_type_id"
                                                                                                                        ],
                                                                                                                        "Inner Unique": true,
                                                                                                                        "Merge Cond": "(mc.company_id = cn.id)",
                                                                                                                        "Workers": [
                                                                                                                            {
                                                                                                                                "Worker Number": 0,
                                                                                                                                "Actual Startup Time": 3062.772,
                                                                                                                                "Actual Total Time": 3189.522,
                                                                                                                                "Actual Rows": 272,
                                                                                                                                "Actual Loops": 1
                                                                                                                            },
                                                                                                                            {
                                                                                                                                "Worker Number": 1,
                                                                                                                                "Actual Startup Time": 3062.496,
                                                                                                                                "Actual Total Time": 3189.451,
                                                                                                                                "Actual Rows": 442,
                                                                                                                                "Actual Loops": 1
                                                                                                                            },
                                                                                                                            {
                                                                                                                                "Worker Number": 2,
                                                                                                                                "Actual Startup Time": 3067.195,
                                                                                                                                "Actual Total Time": 3189.879,
                                                                                                                                "Actual Rows": 156,
                                                                                                                                "Actual Loops": 1
                                                                                                                            }
                                                                                                                        ],
                                                                                                                        "Plans": [
                                                                                                                            {
                                                                                                                                "Node Type": "Sort",
                                                                                                                                "Parent Relationship": "Outer",
                                                                                                                                "Parallel Aware": false,
                                                                                                                                "Startup Cost": 20001387145.34,
                                                                                                                                "Total Cost": 20001387881.72,
                                                                                                                                "Plan Rows": 294552,
                                                                                                                                "Plan Width": 32,
                                                                                                                                "Actual Startup Time": 3033.651,
                                                                                                                                "Actual Total Time": 3041.933,
                                                                                                                                "Actual Rows": 88296,
                                                                                                                                "Actual Loops": 4,
                                                                                                                                "Output": [
                                                                                                                                    "ci.movie_id",
                                                                                                                                    "ci.person_id",
                                                                                                                                    "ci.role_id",
                                                                                                                                    "ci.person_role_id",
                                                                                                                                    "mc.movie_id",
                                                                                                                                    "mc.company_id",
                                                                                                                                    "mi.movie_id",
                                                                                                                                    "mi.info_type_id"
                                                                                                                                ],
                                                                                                                                "Sort Key": [
                                                                                                                                    "mc.company_id"
                                                                                                                                ],
                                                                                                                                "Sort Method": "quicksort",
                                                                                                                                "Sort Space Used": 10268,
                                                                                                                                "Sort Space Type": "Memory",
                                                                                                                                "Workers": [
                                                                                                                                    {
                                                                                                                                        "Worker Number": 0,
                                                                                                                                        "Actual Startup Time": 3033.235,
                                                                                                                                        "Actual Total Time": 3040.97,
                                                                                                                                        "Actual Rows": 88503,
                                                                                                                                        "Actual Loops": 1
                                                                                                                                    },
                                                                                                                                    {
                                                                                                                                        "Worker Number": 1,
                                                                                                                                        "Actual Startup Time": 3032.803,
                                                                                                                                        "Actual Total Time": 3040.61,
                                                                                                                                        "Actual Rows": 86535,
                                                                                                                                        "Actual Loops": 1
                                                                                                                                    },
                                                                                                                                    {
                                                                                                                                        "Worker Number": 2,
                                                                                                                                        "Actual Startup Time": 3034.573,
                                                                                                                                        "Actual Total Time": 3044.941,
                                                                                                                                        "Actual Rows": 108397,
                                                                                                                                        "Actual Loops": 1
                                                                                                                                    }
                                                                                                                                ],
                                                                                                                                "Plans": [
                                                                                                                                    {
                                                                                                                                        "Node Type": "Nested Loop",
                                                                                                                                        "Parent Relationship": "Outer",
                                                                                                                                        "Parallel Aware": false,
                                                                                                                                        "Join Type": "Inner",
                                                                                                                                        "Startup Cost": 20000899931.11,
                                                                                                                                        "Total Cost": 20001360388.0,
                                                                                                                                        "Plan Rows": 294552,
                                                                                                                                        "Plan Width": 32,
                                                                                                                                        "Actual Startup Time": 2268.981,
                                                                                                                                        "Actual Total Time": 2995.223,
                                                                                                                                        "Actual Rows": 121704,
                                                                                                                                        "Actual Loops": 4,
                                                                                                                                        "Output": [
                                                                                                                                            "ci.movie_id",
                                                                                                                                            "ci.person_id",
                                                                                                                                            "ci.role_id",
                                                                                                                                            "ci.person_role_id",
                                                                                                                                            "mc.movie_id",
                                                                                                                                            "mc.company_id",
                                                                                                                                            "mi.movie_id",
                                                                                                                                            "mi.info_type_id"
                                                                                                                                        ],
                                                                                                                                        "Inner Unique": false,
                                                                                                                                        "Join Filter": "(mi.movie_id = mc.movie_id)",
                                                                                                                                        "Rows Removed by Join Filter": 0,
                                                                                                                                        "Workers": [
                                                                                                                                            {
                                                                                                                                                "Worker Number": 0,
                                                                                                                                                "Actual Startup Time": 2269.639,
                                                                                                                                                "Actual Total Time": 2993.928,
                                                                                                                                                "Actual Rows": 129123,
                                                                                                                                                "Actual Loops": 1
                                                                                                                                            },
                                                                                                                                            {
                                                                                                                                                "Worker Number": 1,
                                                                                                                                                "Actual Startup Time": 2268.81,
                                                                                                                                                "Actual Total Time": 2995.397,
                                                                                                                                                "Actual Rows": 124746,
                                                                                                                                                "Actual Loops": 1
                                                                                                                                            },
                                                                                                                                            {
                                                                                                                                                "Worker Number": 2,
                                                                                                                                                "Actual Startup Time": 2268.647,
                                                                                                                                                "Actual Total Time": 2991.766,
                                                                                                                                                "Actual Rows": 140842,
                                                                                                                                                "Actual Loops": 1
                                                                                                                                            }
                                                                                                                                        ],
                                                                                                                                        "Plans": [
                                                                                                                                            {
                                                                                                                                                "Node Type": "Hash Join",
                                                                                                                                                "Parent Relationship": "Outer",
                                                                                                                                                "Parallel Aware": true,
                                                                                                                                                "Join Type": "Inner",
                                                                                                                                                "Startup Cost": 10000899930.6,
                                                                                                                                                "Total Cost": 10001106893.06,
                                                                                                                                                "Plan Rows": 54644,
                                                                                                                                                "Plan Width": 24,
                                                                                                                                                "Actual Startup Time": 2268.824,
                                                                                                                                                "Actual Total Time": 2764.958,
                                                                                                                                                "Actual Rows": 33446,
                                                                                                                                                "Actual Loops": 4,
                                                                                                                                                "Output": [
                                                                                                                                                    "ci.movie_id",
                                                                                                                                                    "ci.person_id",
                                                                                                                                                    "ci.role_id",
                                                                                                                                                    "ci.person_role_id",
                                                                                                                                                    "mi.movie_id",
                                                                                                                                                    "mi.info_type_id"
                                                                                                                                                ],
                                                                                                                                                "Inner Unique": false,
                                                                                                                                                "Hash Cond": "(mi.movie_id = ci.movie_id)",
                                                                                                                                                "Workers": [
                                                                                                                                                    {
                                                                                                                                                        "Worker Number": 0,
                                                                                                                                                        "Actual Startup Time": 2269.269,
                                                                                                                                                        "Actual Total Time": 2765.009,
                                                                                                                                                        "Actual Rows": 37919,
                                                                                                                                                        "Actual Loops": 1
                                                                                                                                                    },
                                                                                                                                                    {
                                                                                                                                                        "Worker Number": 1,
                                                                                                                                                        "Actual Startup Time": 2268.707,
                                                                                                                                                        "Actual Total Time": 2775.119,
                                                                                                                                                        "Actual Rows": 34762,
                                                                                                                                                        "Actual Loops": 1
                                                                                                                                                    },
                                                                                                                                                    {
                                                                                                                                                        "Worker Number": 2,
                                                                                                                                                        "Actual Startup Time": 2268.532,
                                                                                                                                                        "Actual Total Time": 2769.517,
                                                                                                                                                        "Actual Rows": 34709,
                                                                                                                                                        "Actual Loops": 1
                                                                                                                                                    }
                                                                                                                                                ],
                                                                                                                                                "Plans": [
                                                                                                                                                    {
                                                                                                                                                        "Node Type": "Seq Scan",
                                                                                                                                                        "Parent Relationship": "Outer",
                                                                                                                                                        "Parallel Aware": true,
                                                                                                                                                        "Relation Name": "movie_info",
                                                                                                                                                        "Schema": "public",
                                                                                                                                                        "Alias": "mi",
                                                                                                                                                        "Startup Cost": 10000000000.0,
                                                                                                                                                        "Total Cost": 10000206258.28,
                                                                                                                                                        "Plan Rows": 61311,
                                                                                                                                                        "Plan Width": 8,
                                                                                                                                                        "Actual Startup Time": 102.749,
                                                                                                                                                        "Actual Total Time": 624.555,
                                                                                                                                                        "Actual Rows": 75312,
                                                                                                                                                        "Actual Loops": 4,
                                                                                                                                                        "Output": [
                                                                                                                                                            "mi.id",
                                                                                                                                                            "mi.movie_id",
                                                                                                                                                            "mi.info_type_id",
                                                                                                                                                            "mi.info",
                                                                                                                                                            "mi.note"
                                                                                                                                                        ],
                                                                                                                                                        "Filter": "((mi.info IS NOT NULL) AND ((mi.info ~~ 'Japan:%201%'::text) OR (mi.info ~~ 'USA:%201%'::text)))",
                                                                                                                                                        "Rows Removed by Filter": 3633618,
                                                                                                                                                        "Workers": [
                                                                                                                                                            {
                                                                                                                                                                "Worker Number": 0,
                                                                                                                                                                "Actual Startup Time": 78.657,
                                                                                                                                                                "Actual Total Time": 625.924,
                                                                                                                                                                "Actual Rows": 79327,
                                                                                                                                                                "Actual Loops": 1
                                                                                                                                                            },
                                                                                                                                                            {
                                                                                                                                                                "Worker Number": 1,
                                                                                                                                                                "Actual Startup Time": 80.973,
                                                                                                                                                                "Actual Total Time": 631.871,
                                                                                                                                                                "Actual Rows": 82515,
                                                                                                                                                                "Actual Loops": 1
                                                                                                                                                            },
                                                                                                                                                            {
                                                                                                                                                                "Worker Number": 2,
                                                                                                                                                                "Actual Startup Time": 171.079,
                                                                                                                                                                "Actual Total Time": 629.004,
                                                                                                                                                                "Actual Rows": 80380,
                                                                                                                                                                "Actual Loops": 1
                                                                                                                                                            }
                                                                                                                                                        ]
                                                                                                                                                    },
                                                                                                                                                    {
                                                                                                                                                        "Node Type": "Hash",
                                                                                                                                                        "Parent Relationship": "Inner",
                                                                                                                                                        "Parallel Aware": true,
                                                                                                                                                        "Startup Cost": 898178.39,
                                                                                                                                                        "Total Cost": 898178.39,
                                                                                                                                                        "Plan Rows": 140177,
                                                                                                                                                        "Plan Width": 16,
                                                                                                                                                        "Actual Startup Time": 2096.065,
                                                                                                                                                        "Actual Total Time": 2096.067,
                                                                                                                                                        "Actual Rows": 216869,
                                                                                                                                                        "Actual Loops": 4,
                                                                                                                                                        "Output": [
                                                                                                                                                            "ci.movie_id",
                                                                                                                                                            "ci.person_id",
                                                                                                                                                            "ci.role_id",
                                                                                                                                                            "ci.person_role_id"
                                                                                                                                                        ],
                                                                                                                                                        "Hash Buckets": 1048576,
                                                                                                                                                        "Original Hash Buckets": 1048576,
                                                                                                                                                        "Hash Batches": 1,
                                                                                                                                                        "Original Hash Batches": 1,
                                                                                                                                                        "Peak Memory Usage": 48960,
                                                                                                                                                        "Workers": [
                                                                                                                                                            {
                                                                                                                                                                "Worker Number": 0,
                                                                                                                                                                "Actual Startup Time": 2097.472,
                                                                                                                                                                "Actual Total Time": 2097.473,
                                                                                                                                                                "Actual Rows": 226848,
                                                                                                                                                                "Actual Loops": 1
                                                                                                                                                            },
                                                                                                                                                            {
                                                                                                                                                                "Worker Number": 1,
                                                                                                                                                                "Actual Startup Time": 2097.494,
                                                                                                                                                                "Actual Total Time": 2097.496,
                                                                                                                                                                "Actual Rows": 222224,
                                                                                                                                                                "Actual Loops": 1
                                                                                                                                                            },
                                                                                                                                                            {
                                                                                                                                                                "Worker Number": 2,
                                                                                                                                                                "Actual Startup Time": 2097.376,
                                                                                                                                                                "Actual Total Time": 2097.378,
                                                                                                                                                                "Actual Rows": 193847,
                                                                                                                                                                "Actual Loops": 1
                                                                                                                                                            }
                                                                                                                                                        ],
                                                                                                                                                        "Plans": [
                                                                                                                                                            {
                                                                                                                                                                "Node Type": "Index Scan",
                                                                                                                                                                "Parent Relationship": "Outer",
                                                                                                                                                                "Parallel Aware": true,
                                                                                                                                                                "Scan Direction": "Forward",
                                                                                                                                                                "Index Name": "role_id_cast_info",
                                                                                                                                                                "Relation Name": "cast_info",
                                                                                                                                                                "Schema": "public",
                                                                                                                                                                "Alias": "ci",
                                                                                                                                                                "Startup Cost": 0.56,
                                                                                                                                                                "Total Cost": 898178.39,
                                                                                                                                                                "Plan Rows": 140177,
                                                                                                                                                                "Plan Width": 16,
                                                                                                                                                                "Actual Startup Time": 0.118,
                                                                                                                                                                "Actual Total Time": 1989.311,
                                                                                                                                                                "Actual Rows": 216869,
                                                                                                                                                                "Actual Loops": 4,
                                                                                                                                                                "Output": [
                                                                                                                                                                    "ci.movie_id",
                                                                                                                                                                    "ci.person_id",
                                                                                                                                                                    "ci.role_id",
                                                                                                                                                                    "ci.person_role_id"
                                                                                                                                                                ],
                                                                                                                                                                "Filter": "(ci.note = ANY ('{(voice),\"(voice: Japanese version)\",\"(voice) (uncredited)\",\"(voice: English version)\"}'::text[]))",
                                                                                                                                                                "Rows Removed by Filter": 8844217,
                                                                                                                                                                "Workers": [
                                                                                                                                                                    {
                                                                                                                                                                        "Worker Number": 0,
                                                                                                                                                                        "Actual Startup Time": 0.095,
                                                                                                                                                                        "Actual Total Time": 1990.509,
                                                                                                                                                                        "Actual Rows": 226848,
                                                                                                                                                                        "Actual Loops": 1
                                                                                                                                                                    },
                                                                                                                                                                    {
                                                                                                                                                                        "Worker Number": 1,
                                                                                                                                                                        "Actual Startup Time": 0.148,
                                                                                                                                                                        "Actual Total Time": 1986.42,
                                                                                                                                                                        "Actual Rows": 222224,
                                                                                                                                                                        "Actual Loops": 1
                                                                                                                                                                    },
                                                                                                                                                                    {
                                                                                                                                                                        "Worker Number": 2,
                                                                                                                                                                        "Actual Startup Time": 0.168,
                                                                                                                                                                        "Actual Total Time": 1993.029,
                                                                                                                                                                        "Actual Rows": 193847,
                                                                                                                                                                        "Actual Loops": 1
                                                                                                                                                                    }
                                                                                                                                                                ]
                                                                                                                                                            }
                                                                                                                                                        ]
                                                                                                                                                    }
                                                                                                                                                ]
                                                                                                                                            },
                                                                                                                                            {
                                                                                                                                                "Node Type": "Bitmap Heap Scan",
                                                                                                                                                "Parent Relationship": "Inner",
                                                                                                                                                "Parallel Aware": false,
                                                                                                                                                "Relation Name": "movie_companies",
                                                                                                                                                "Schema": "public",
                                                                                                                                                "Alias": "mc",
                                                                                                                                                "Startup Cost": 0.51,
                                                                                                                                                "Total Cost": 4.58,
                                                                                                                                                "Plan Rows": 5,
                                                                                                                                                "Plan Width": 8,
                                                                                                                                                "Actual Startup Time": 0.004,
                                                                                                                                                "Actual Total Time": 0.004,
                                                                                                                                                "Actual Rows": 4,
                                                                                                                                                "Actual Loops": 133783,
                                                                                                                                                "Output": [
                                                                                                                                                    "mc.id",
                                                                                                                                                    "mc.movie_id",
                                                                                                                                                    "mc.company_id",
                                                                                                                                                    "mc.company_type_id",
                                                                                                                                                    "mc.note"
                                                                                                                                                ],
                                                                                                                                                "Recheck Cond": "(mc.movie_id = ci.movie_id)",
                                                                                                                                                "Rows Removed by Index Recheck": 0,
                                                                                                                                                "Exact Heap Blocks": 27806,
                                                                                                                                                "Lossy Heap Blocks": 0,
                                                                                                                                                "Workers": [
                                                                                                                                                    {
                                                                                                                                                        "Worker Number": 0,
                                                                                                                                                        "Actual Startup Time": 0.003,
                                                                                                                                                        "Actual Total Time": 0.004,
                                                                                                                                                        "Actual Rows": 3,
                                                                                                                                                        "Actual Loops": 37919
                                                                                                                                                    },
                                                                                                                                                    {
                                                                                                                                                        "Worker Number": 1,
                                                                                                                                                        "Actual Startup Time": 0.004,
                                                                                                                                                        "Actual Total Time": 0.004,
                                                                                                                                                        "Actual Rows": 4,
                                                                                                                                                        "Actual Loops": 34762
                                                                                                                                                    },
                                                                                                                                                    {
                                                                                                                                                        "Worker Number": 2,
                                                                                                                                                        "Actual Startup Time": 0.004,
                                                                                                                                                        "Actual Total Time": 0.004,
                                                                                                                                                        "Actual Rows": 4,
                                                                                                                                                        "Actual Loops": 34709
                                                                                                                                                    }
                                                                                                                                                ],
                                                                                                                                                "Plans": [
                                                                                                                                                    {
                                                                                                                                                        "Node Type": "Bitmap Index Scan",
                                                                                                                                                        "Parent Relationship": "Outer",
                                                                                                                                                        "Parallel Aware": false,
                                                                                                                                                        "Index Name": "movie_id_movie_companies",
                                                                                                                                                        "Startup Cost": 0.0,
                                                                                                                                                        "Total Cost": 0.51,
                                                                                                                                                        "Plan Rows": 5,
                                                                                                                                                        "Plan Width": 0,
                                                                                                                                                        "Actual Startup Time": 0.003,
                                                                                                                                                        "Actual Total Time": 0.003,
                                                                                                                                                        "Actual Rows": 4,
                                                                                                                                                        "Actual Loops": 133783,
                                                                                                                                                        "Index Cond": "(mc.movie_id = ci.movie_id)",
                                                                                                                                                        "Workers": [
                                                                                                                                                            {
                                                                                                                                                                "Worker Number": 0,
                                                                                                                                                                "Actual Startup Time": 0.003,
                                                                                                                                                                "Actual Total Time": 0.003,
                                                                                                                                                                "Actual Rows": 3,
                                                                                                                                                                "Actual Loops": 37919
                                                                                                                                                            },
                                                                                                                                                            {
                                                                                                                                                                "Worker Number": 1,
                                                                                                                                                                "Actual Startup Time": 0.003,
                                                                                                                                                                "Actual Total Time": 0.003,
                                                                                                                                                                "Actual Rows": 4,
                                                                                                                                                                "Actual Loops": 34762
                                                                                                                                                            },
                                                                                                                                                            {
                                                                                                                                                                "Worker Number": 2,
                                                                                                                                                                "Actual Startup Time": 0.003,
                                                                                                                                                                "Actual Total Time": 0.003,
                                                                                                                                                                "Actual Rows": 4,
                                                                                                                                                                "Actual Loops": 34709
                                                                                                                                                            }
                                                                                                                                                        ]
                                                                                                                                                    }
                                                                                                                                                ]
                                                                                                                                            }
                                                                                                                                        ]
                                                                                                                                    }
                                                                                                                                ]
                                                                                                                            },
                                                                                                                            {
                                                                                                                                "Node Type": "Index Scan",
                                                                                                                                "Parent Relationship": "Inner",
                                                                                                                                "Parallel Aware": false,
                                                                                                                                "Scan Direction": "Forward",
                                                                                                                                "Index Name": "company_name_pkey",
                                                                                                                                "Relation Name": "company_name",
                                                                                                                                "Schema": "public",
                                                                                                                                "Alias": "cn",
                                                                                                                                "Startup Cost": 0.42,
                                                                                                                                "Total Cost": 13041.93,
                                                                                                                                "Plan Rows": 1,
                                                                                                                                "Plan Width": 4,
                                                                                                                                "Actual Startup Time": 14.593,
                                                                                                                                "Actual Total Time": 140.358,
                                                                                                                                "Actual Rows": 1,
                                                                                                                                "Actual Loops": 4,
                                                                                                                                "Output": [
                                                                                                                                    "cn.id",
                                                                                                                                    "cn.name",
                                                                                                                                    "cn.country_code",
                                                                                                                                    "cn.imdb_id",
                                                                                                                                    "cn.name_pcode_nf",
                                                                                                                                    "cn.name_pcode_sf",
                                                                                                                                    "cn.md5sum"
                                                                                                                                ],
                                                                                                                                "Filter": "(((cn.country_code)::text = '[us]'::text) AND (cn.name = 'DreamWorks Animation'::text))",
                                                                                                                                "Rows Removed by Filter": 234996,
                                                                                                                                "Workers": [
                                                                                                                                    {
                                                                                                                                        "Worker Number": 0,
                                                                                                                                        "Actual Startup Time": 15.125,
                                                                                                                                        "Actual Total Time": 141.784,
                                                                                                                                        "Actual Rows": 1,
                                                                                                                                        "Actual Loops": 1
                                                                                                                                    },
                                                                                                                                    {
                                                                                                                                        "Worker Number": 1,
                                                                                                                                        "Actual Startup Time": 15.185,
                                                                                                                                        "Actual Total Time": 142.006,
                                                                                                                                        "Actual Rows": 1,
                                                                                                                                        "Actual Loops": 1
                                                                                                                                    },
                                                                                                                                    {
                                                                                                                                        "Worker Number": 2,
                                                                                                                                        "Actual Startup Time": 13.675,
                                                                                                                                        "Actual Total Time": 136.301,
                                                                                                                                        "Actual Rows": 1,
                                                                                                                                        "Actual Loops": 1
                                                                                                                                    }
                                                                                                                                ]
                                                                                                                            }
                                                                                                                        ]
                                                                                                                    },
                                                                                                                    {
                                                                                                                        "Node Type": "Hash",
                                                                                                                        "Parent Relationship": "Inner",
                                                                                                                        "Parallel Aware": true,
                                                                                                                        "Startup Cost": 105163.93,
                                                                                                                        "Total Cost": 105163.93,
                                                                                                                        "Plan Rows": 785057,
                                                                                                                        "Plan Width": 20,
                                                                                                                        "Actual Startup Time": 1186.903,
                                                                                                                        "Actual Total Time": 1186.904,
                                                                                                                        "Actual Rows": 785085,
                                                                                                                        "Actual Loops": 4,
                                                                                                                        "Output": [
                                                                                                                            "chn.name",
                                                                                                                            "chn.id"
                                                                                                                        ],
                                                                                                                        "Hash Buckets": 4194304,
                                                                                                                        "Original Hash Buckets": 4194304,
                                                                                                                        "Hash Batches": 1,
                                                                                                                        "Original Hash Batches": 1,
                                                                                                                        "Peak Memory Usage": 205088,
                                                                                                                        "Workers": [
                                                                                                                            {
                                                                                                                                "Worker Number": 0,
                                                                                                                                "Actual Startup Time": 1191.206,
                                                                                                                                "Actual Total Time": 1191.207,
                                                                                                                                "Actual Rows": 804226,
                                                                                                                                "Actual Loops": 1
                                                                                                                            },
                                                                                                                            {
                                                                                                                                "Worker Number": 1,
                                                                                                                                "Actual Startup Time": 1191.253,
                                                                                                                                "Actual Total Time": 1191.254,
                                                                                                                                "Actual Rows": 710009,
                                                                                                                                "Actual Loops": 1
                                                                                                                            },
                                                                                                                            {
                                                                                                                                "Worker Number": 2,
                                                                                                                                "Actual Startup Time": 1191.195,
                                                                                                                                "Actual Total Time": 1191.196,
                                                                                                                                "Actual Rows": 793557,
                                                                                                                                "Actual Loops": 1
                                                                                                                            }
                                                                                                                        ],
                                                                                                                        "Plans": [
                                                                                                                            {
                                                                                                                                "Node Type": "Index Scan",
                                                                                                                                "Parent Relationship": "Outer",
                                                                                                                                "Parallel Aware": true,
                                                                                                                                "Scan Direction": "Forward",
                                                                                                                                "Index Name": "char_name_pkey",
                                                                                                                                "Relation Name": "char_name",
                                                                                                                                "Schema": "public",
                                                                                                                                "Alias": "chn",
                                                                                                                                "Startup Cost": 0.43,
                                                                                                                                "Total Cost": 105163.93,
                                                                                                                                "Plan Rows": 785057,
                                                                                                                                "Plan Width": 20,
                                                                                                                                "Actual Startup Time": 0.136,
                                                                                                                                "Actual Total Time": 707.981,
                                                                                                                                "Actual Rows": 785085,
                                                                                                                                "Actual Loops": 4,
                                                                                                                                "Output": [
                                                                                                                                    "chn.name",
                                                                                                                                    "chn.id"
                                                                                                                                ],
                                                                                                                                "Workers": [
                                                                                                                                    {
                                                                                                                                        "Worker Number": 0,
                                                                                                                                        "Actual Startup Time": 0.097,
                                                                                                                                        "Actual Total Time": 705.35,
                                                                                                                                        "Actual Rows": 804226,
                                                                                                                                        "Actual Loops": 1
                                                                                                                                    },
                                                                                                                                    {
                                                                                                                                        "Worker Number": 1,
                                                                                                                                        "Actual Startup Time": 0.181,
                                                                                                                                        "Actual Total Time": 722.388,
                                                                                                                                        "Actual Rows": 710009,
                                                                                                                                        "Actual Loops": 1
                                                                                                                                    },
                                                                                                                                    {
                                                                                                                                        "Worker Number": 2,
                                                                                                                                        "Actual Startup Time": 0.241,
                                                                                                                                        "Actual Total Time": 706.474,
                                                                                                                                        "Actual Rows": 793557,
                                                                                                                                        "Actual Loops": 1
                                                                                                                                    }
                                                                                                                                ]
                                                                                                                            }
                                                                                                                        ]
                                                                                                                    }
                                                                                                                ]
                                                                                                            }
                                                                                                        ]
                                                                                                    },
                                                                                                    {
                                                                                                        "Node Type": "Sort",
                                                                                                        "Parent Relationship": "Inner",
                                                                                                        "Parallel Aware": false,
                                                                                                        "Startup Cost": 10000000001.16,
                                                                                                        "Total Cost": 10000000001.16,
                                                                                                        "Plan Rows": 1,
                                                                                                        "Plan Width": 4,
                                                                                                        "Actual Startup Time": 0.048,
                                                                                                        "Actual Total Time": 0.084,
                                                                                                        "Actual Rows": 1,
                                                                                                        "Actual Loops": 4,
                                                                                                        "Output": [
                                                                                                            "rt.id"
                                                                                                        ],
                                                                                                        "Sort Key": [
                                                                                                            "rt.id"
                                                                                                        ],
                                                                                                        "Sort Method": "quicksort",
                                                                                                        "Sort Space Used": 25,
                                                                                                        "Sort Space Type": "Memory",
                                                                                                        "Workers": [
                                                                                                            {
                                                                                                                "Worker Number": 0,
                                                                                                                "Actual Startup Time": 0.052,
                                                                                                                "Actual Total Time": 0.086,
                                                                                                                "Actual Rows": 1,
                                                                                                                "Actual Loops": 1
                                                                                                            },
                                                                                                            {
                                                                                                                "Worker Number": 1,
                                                                                                                "Actual Startup Time": 0.057,
                                                                                                                "Actual Total Time": 0.129,
                                                                                                                "Actual Rows": 1,
                                                                                                                "Actual Loops": 1
                                                                                                            },
                                                                                                            {
                                                                                                                "Worker Number": 2,
                                                                                                                "Actual Startup Time": 0.051,
                                                                                                                "Actual Total Time": 0.07,
                                                                                                                "Actual Rows": 1,
                                                                                                                "Actual Loops": 1
                                                                                                            }
                                                                                                        ],
                                                                                                        "Plans": [
                                                                                                            {
                                                                                                                "Node Type": "Seq Scan",
                                                                                                                "Parent Relationship": "Outer",
                                                                                                                "Parallel Aware": false,
                                                                                                                "Relation Name": "role_type",
                                                                                                                "Schema": "public",
                                                                                                                "Alias": "rt",
                                                                                                                "Startup Cost": 10000000000.0,
                                                                                                                "Total Cost": 10000000001.15,
                                                                                                                "Plan Rows": 1,
                                                                                                                "Plan Width": 4,
                                                                                                                "Actual Startup Time": 0.034,
                                                                                                                "Actual Total Time": 0.036,
                                                                                                                "Actual Rows": 1,
                                                                                                                "Actual Loops": 4,
                                                                                                                "Output": [
                                                                                                                    "rt.id"
                                                                                                                ],
                                                                                                                "Filter": "((rt.role)::text = 'actress'::text)",
                                                                                                                "Rows Removed by Filter": 11,
                                                                                                                "Workers": [
                                                                                                                    {
                                                                                                                        "Worker Number": 0,
                                                                                                                        "Actual Startup Time": 0.04,
                                                                                                                        "Actual Total Time": 0.041,
                                                                                                                        "Actual Rows": 1,
                                                                                                                        "Actual Loops": 1
                                                                                                                    },
                                                                                                                    {
                                                                                                                        "Worker Number": 1,
                                                                                                                        "Actual Startup Time": 0.039,
                                                                                                                        "Actual Total Time": 0.04,
                                                                                                                        "Actual Rows": 1,
                                                                                                                        "Actual Loops": 1
                                                                                                                    },
                                                                                                                    {
                                                                                                                        "Worker Number": 2,
                                                                                                                        "Actual Startup Time": 0.04,
                                                                                                                        "Actual Total Time": 0.042,
                                                                                                                        "Actual Rows": 1,
                                                                                                                        "Actual Loops": 1
                                                                                                                    }
                                                                                                                ]
                                                                                                            }
                                                                                                        ]
                                                                                                    }
                                                                                                ]
                                                                                            },
                                                                                            {
                                                                                                "Node Type": "Bitmap Heap Scan",
                                                                                                "Parent Relationship": "Inner",
                                                                                                "Parallel Aware": false,
                                                                                                "Relation Name": "movie_keyword",
                                                                                                "Schema": "public",
                                                                                                "Alias": "mk",
                                                                                                "Startup Cost": 0.82,
                                                                                                "Total Cost": 5.4,
                                                                                                "Plan Rows": 46,
                                                                                                "Plan Width": 8,
                                                                                                "Actual Startup Time": 2.153,
                                                                                                "Actual Total Time": 2.171,
                                                                                                "Actual Rows": 79,
                                                                                                "Actual Loops": 281,
                                                                                                "Output": [
                                                                                                    "mk.id",
                                                                                                    "mk.movie_id",
                                                                                                    "mk.keyword_id"
                                                                                                ],
                                                                                                "Recheck Cond": "(mk.movie_id = mc.movie_id)",
                                                                                                "Rows Removed by Index Recheck": 0,
                                                                                                "Exact Heap Blocks": 39,
                                                                                                "Lossy Heap Blocks": 0,
                                                                                                "Workers": [
                                                                                                    {
                                                                                                        "Worker Number": 0,
                                                                                                        "Actual Startup Time": 3.218,
                                                                                                        "Actual Total Time": 3.233,
                                                                                                        "Actual Rows": 78,
                                                                                                        "Actual Loops": 67
                                                                                                    },
                                                                                                    {
                                                                                                        "Worker Number": 1,
                                                                                                        "Actual Startup Time": 1.044,
                                                                                                        "Actual Total Time": 1.068,
                                                                                                        "Actual Rows": 101,
                                                                                                        "Actual Loops": 131
                                                                                                    },
                                                                                                    {
                                                                                                        "Worker Number": 2,
                                                                                                        "Actual Startup Time": 4.519,
                                                                                                        "Actual Total Time": 4.539,
                                                                                                        "Actual Rows": 72,
                                                                                                        "Actual Loops": 40
                                                                                                    }
                                                                                                ],
                                                                                                "Plans": [
                                                                                                    {
                                                                                                        "Node Type": "Bitmap Index Scan",
                                                                                                        "Parent Relationship": "Outer",
                                                                                                        "Parallel Aware": false,
                                                                                                        "Index Name": "movie_id_movie_keyword",
                                                                                                        "Startup Cost": 0.0,
                                                                                                        "Total Cost": 0.81,
                                                                                                        "Plan Rows": 46,
                                                                                                        "Plan Width": 0,
                                                                                                        "Actual Startup Time": 2.142,
                                                                                                        "Actual Total Time": 2.142,
                                                                                                        "Actual Rows": 79,
                                                                                                        "Actual Loops": 281,
                                                                                                        "Index Cond": "(mk.movie_id = mc.movie_id)",
                                                                                                        "Workers": [
                                                                                                            {
                                                                                                                "Worker Number": 0,
                                                                                                                "Actual Startup Time": 3.203,
                                                                                                                "Actual Total Time": 3.203,
                                                                                                                "Actual Rows": 78,
                                                                                                                "Actual Loops": 67
                                                                                                            },
                                                                                                            {
                                                                                                                "Worker Number": 1,
                                                                                                                "Actual Startup Time": 1.034,
                                                                                                                "Actual Total Time": 1.034,
                                                                                                                "Actual Rows": 101,
                                                                                                                "Actual Loops": 131
                                                                                                            },
                                                                                                            {
                                                                                                                "Worker Number": 2,
                                                                                                                "Actual Startup Time": 4.505,
                                                                                                                "Actual Total Time": 4.505,
                                                                                                                "Actual Rows": 72,
                                                                                                                "Actual Loops": 40
                                                                                                            }
                                                                                                        ]
                                                                                                    }
                                                                                                ]
                                                                                            }
                                                                                        ]
                                                                                    }
                                                                                ]
                                                                            }
                                                                        ]
                                                                    }
                                                                ]
                                                            }
                                                        ]
                                                    }
                                                ]
                                            },
                                            {
                                                "Node Type": "Hash",
                                                "Parent Relationship": "Inner",
                                                "Parallel Aware": false,
                                                "Startup Cost": 46485.41,
                                                "Total Cost": 46485.41,
                                                "Plan Rows": 62,
                                                "Plan Width": 21,
                                                "Actual Startup Time": 114.076,
                                                "Actual Total Time": 114.148,
                                                "Actual Rows": 9,
                                                "Actual Loops": 1,
                                                "Output": [
                                                    "t.title",
                                                    "t.id"
                                                ],
                                                "Hash Buckets": 1024,
                                                "Original Hash Buckets": 1024,
                                                "Hash Batches": 1,
                                                "Original Hash Batches": 1,
                                                "Peak Memory Usage": 9,
                                                "Plans": [
                                                    {
                                                        "Node Type": "Gather",
                                                        "Parent Relationship": "Outer",
                                                        "Parallel Aware": false,
                                                        "Startup Cost": 1000.0,
                                                        "Total Cost": 46485.41,
                                                        "Plan Rows": 62,
                                                        "Plan Width": 21,
                                                        "Actual Startup Time": 46.149,
                                                        "Actual Total Time": 114.118,
                                                        "Actual Rows": 9,
                                                        "Actual Loops": 1,
                                                        "Output": [
                                                            "t.title",
                                                            "t.id"
                                                        ],
                                                        "Workers Planned": 4,
                                                        "Workers Launched": 4,
                                                        "Single Copy": false,
                                                        "Plans": [
                                                            {
                                                                "Node Type": "Seq Scan",
                                                                "Parent Relationship": "Outer",
                                                                "Parallel Aware": true,
                                                                "Relation Name": "title",
                                                                "Schema": "public",
                                                                "Alias": "t",
                                                                "Startup Cost": 0.0,
                                                                "Total Cost": 45479.21,
                                                                "Plan Rows": 16,
                                                                "Plan Width": 21,
                                                                "Actual Startup Time": 67.983,
                                                                "Actual Total Time": 104.627,
                                                                "Actual Rows": 2,
                                                                "Actual Loops": 5,
                                                                "Output": [
                                                                    "t.title",
                                                                    "t.id"
                                                                ],
                                                                "Filter": "((t.title ~~ 'Kung Fu Panda%'::text) AND (t.production_year > 2008))",
                                                                "Rows Removed by Filter": 505661,
                                                                "Workers": [
                                                                    {
                                                                        "Worker Number": 0,
                                                                        "Actual Startup Time": 60.162,
                                                                        "Actual Total Time": 101.999,
                                                                        "Actual Rows": 1,
                                                                        "Actual Loops": 1
                                                                    },
                                                                    {
                                                                        "Worker Number": 1,
                                                                        "Actual Startup Time": 102.047,
                                                                        "Actual Total Time": 102.048,
                                                                        "Actual Rows": 0,
                                                                        "Actual Loops": 1
                                                                    },
                                                                    {
                                                                        "Worker Number": 2,
                                                                        "Actual Startup Time": 28.885,
                                                                        "Actual Total Time": 102.51,
                                                                        "Actual Rows": 2,
                                                                        "Actual Loops": 1
                                                                    },
                                                                    {
                                                                        "Worker Number": 3,
                                                                        "Actual Startup Time": 103.086,
                                                                        "Actual Total Time": 103.086,
                                                                        "Actual Rows": 0,
                                                                        "Actual Loops": 1
                                                                    }
                                                                ]
                                                            }
                                                        ]
                                                    }
                                                ]
                                            }
                                        ]
                                    }
                                ]
                            }
                        ]
                    },
                    {
                        "Node Type": "Bitmap Heap Scan",
                        "Parent Relationship": "Inner",
                        "Parallel Aware": false,
                        "Relation Name": "keyword",
                        "Schema": "public",
                        "Alias": "k",
                        "Startup Cost": 0.43,
                        "Total Cost": 4.45,
                        "Plan Rows": 1,
                        "Plan Width": 4,
                        "Actual Startup Time": 0.005,
                        "Actual Total Time": 0.005,
                        "Actual Rows": 0,
                        "Actual Loops": 985,
                        "Output": [
                            "k.id",
                            "k.keyword",
                            "k.phonetic_code"
                        ],
                        "Recheck Cond": "(k.id = mk.keyword_id)",
                        "Rows Removed by Index Recheck": 0,
                        "Filter": "(k.keyword = ANY ('{fight,hospital,female-nudity,action-hero}'::text[]))",
                        "Rows Removed by Filter": 1,
                        "Exact Heap Blocks": 985,
                        "Lossy Heap Blocks": 0,
                        "Plans": [
                            {
                                "Node Type": "Bitmap Index Scan",
                                "Parent Relationship": "Outer",
                                "Parallel Aware": false,
                                "Index Name": "keyword_pkey",
                                "Startup Cost": 0.0,
                                "Total Cost": 0.43,
                                "Plan Rows": 1,
                                "Plan Width": 0,
                                "Actual Startup Time": 0.003,
                                "Actual Total Time": 0.003,
                                "Actual Rows": 1,
                                "Actual Loops": 985,
                                "Index Cond": "(k.id = mk.keyword_id)"
                            }
                        ]
                    }
                ]
            }
        ]
    },
    "Planning Time": 59.8,
    "Triggers": [],
    "Execution Time": 5328.342
}