[
  {
    "Plan": {
      "Node Type": "Aggregate",
      "Strategy": "Plain",
      "Partial Mode": "Finalize",
      "Parallel Aware": false,
      "Startup Cost": 55737.16,
      "Total Cost": 55737.17,
      "Plan Rows": 1,
      "Plan Width": 8,
      "Actual Startup Time": 156.397,
      "Actual Total Time": 170.634,
      "Actual Rows": 1,
      "Actual Loops": 1,
      "Plans": [
        {
          "Node Type": "Gather",
          "Parent Relationship": "Outer",
          "Parallel Aware": false,
          "Startup Cost": 55736.84,
          "Total Cost": 55737.15,
          "Plan Rows": 3,
          "Plan Width": 8,
          "Actual Startup Time": 154.804,
          "Actual Total Time": 170.625,
          "Actual Rows": 4,
          "Actual Loops": 1,
          "Workers Planned": 3,
          "Workers Launched": 3,
          "Single Copy": false,
          "Plans": [
            {
              "Node Type": "Aggregate",
              "Strategy": "Plain",
              "Partial Mode": "Partial",
              "Parent Relationship": "Outer",
              "Parallel Aware": false,
              "Startup Cost": 54736.84,
              "Total Cost": 54736.85,
              "Plan Rows": 1,
              "Plan Width": 8,
              "Actual Startup Time": 145.534,
              "Actual Total Time": 145.538,
              "Actual Rows": 1,
              "Actual Loops": 4,
              "Plans": [
                {
                  "Node Type": "Nested Loop",
                  "Parent Relationship": "Outer",
                  "Parallel Aware": false,
                  "Join Type": "Inner",
                  "Startup Cost": 18378.79,
                  "Total Cost": 54730.94,
                  "Plan Rows": 2363,
                  "Plan Width": 0,
                  "Actual Startup Time": 89.472,
                  "Actual Total Time": 144.978,
                  "Actual Rows": 5020,
                  "Actual Loops": 4,
                  "Inner Unique": true,
                  "Plans": [
                    {
                      "Node Type": "Hash Join",
                      "Parent Relationship": "Outer",
                      "Parallel Aware": true,
                      "Join Type": "Inner",
                      "Startup Cost": 18378.36,
                      "Total Cost": 44024.05,
                      "Plan Rows": 12774,
                      "Plan Width": 8,
                      "Actual Startup Time": 89.41,
                      "Actual Total Time": 110.048,
                      "Actual Rows": 5020,
                      "Actual Loops": 4,
                      "Inner Unique": false,
                      "Hash Cond": "(mk.movie_id = mi_idx.movie_id)",
                      "Plans": [
                        {
                          "Node Type": "Bitmap Heap Scan",
                          "Parent Relationship": "Outer",
                          "Parallel Aware": true,
                          "Relation Name": "movie_keyword",
                          "Alias": "mk",
                          "Startup Cost": 855.95,
                          "Total Cost": 26399.8,
                          "Plan Rows": 12966,
                          "Plan Width": 4,
                          "Actual Startup Time": 5.136,
                          "Actual Total Time": 20.048,
                          "Actual Rows": 8300,
                          "Actual Loops": 4,
                          "Recheck Cond": "(keyword_id < 41)",
                          "Rows Removed by Index Recheck": 0,
                          "Exact Heap Blocks": 6163,
                          "Lossy Heap Blocks": 0,
                          "Plans": [
                            {
                              "Node Type": "Bitmap Index Scan",
                              "Parent Relationship": "Outer",
                              "Parallel Aware": false,
                              "Index Name": "keyword_id_movie_keyword",
                              "Startup Cost": 0.0,
                              "Total Cost": 845.9,
                              "Plan Rows": 40196,
                              "Plan Width": 0,
                              "Actual Startup Time": 3.515,
                              "Actual Total Time": 3.516,
                              "Actual Rows": 33199,
                              "Actual Loops": 1,
                              "Index Cond": "(keyword_id < 41)"
                            }
                          ]
                        },
                        {
                          "Node Type": "Hash",
                          "Parent Relationship": "Inner",
                          "Parallel Aware": true,
                          "Startup Cost": 15122.68,
                          "Total Cost": 15122.68,
                          "Plan Rows": 191978,
                          "Plan Width": 4,
                          "Actual Startup Time": 80.923,
                          "Actual Total Time": 80.923,
                          "Actual Rows": 114981,
                          "Actual Loops": 4,
                          "Hash Buckets": 524288,
                          "Original Hash Buckets": 524288,
                          "Hash Batches": 1,
                          "Original Hash Batches": 1,
                          "Peak Memory Usage": 22144,
                          "Plans": [
                            {
                              "Node Type": "Seq Scan",
                              "Parent Relationship": "Outer",
                              "Parallel Aware": true,
                              "Relation Name": "movie_info_idx",
                              "Alias": "mi_idx",
                              "Startup Cost": 0.0,
                              "Total Cost": 15122.68,
                              "Plan Rows": 191978,
                              "Plan Width": 4,
                              "Actual Startup Time": 0.062,
                              "Actual Total Time": 42.644,
                              "Actual Rows": 114981,
                              "Actual Loops": 4,
                              "Filter": "(info_type_id = 101)",
                              "Rows Removed by Filter": 230028
                            }
                          ]
                        }
                      ]
                    },
                    {
                      "Node Type": "Index Only Scan",
                      "Parent Relationship": "Inner",
                      "Parallel Aware": false,
                      "Scan Direction": "Forward",
                      "Index Name": "title_pkey",
                      "Relation Name": "title",
                      "Alias": "t",
                      "Startup Cost": 0.43,
                      "Total Cost": 0.84,
                      "Plan Rows": 1,
                      "Plan Width": 4,
                      "Actual Startup Time": 0.006,
                      "Actual Total Time": 0.006,
                      "Actual Rows": 1,
                      "Actual Loops": 20079,
                      "Index Cond": "(id = mi_idx.movie_id)",
                      "Rows Removed by Index Recheck": 0,
                      "Heap Fetches": 20079
                    }
                  ]
                }
              ]
            }
          ]
        }
      ]
    },
    "Planning Time": 1.385,
    "Triggers": [],
    "Execution Time": 170.784
  }
]