[
  {
    "Plan": {
      "Node Type": "Aggregate",
      "Strategy": "Plain",
      "Partial Mode": "Finalize",
      "Parallel Aware": false,
      "Startup Cost": 176494.35,
      "Total Cost": 176494.36,
      "Plan Rows": 1,
      "Plan Width": 8,
      "Actual Startup Time": 598.095,
      "Actual Total Time": 635.804,
      "Actual Rows": 1,
      "Actual Loops": 1,
      "Plans": [
        {
          "Node Type": "Gather",
          "Parent Relationship": "Outer",
          "Parallel Aware": false,
          "Startup Cost": 176494.03,
          "Total Cost": 176494.34,
          "Plan Rows": 3,
          "Plan Width": 8,
          "Actual Startup Time": 592.119,
          "Actual Total Time": 635.795,
          "Actual Rows": 4,
          "Actual Loops": 1,
          "Workers Planned": 3,
          "Workers Launched": 3,
          "Single Copy": false,
          "Plans": [
            {
              "Node Type": "Aggregate",
              "Strategy": "Plain",
              "Partial Mode": "Partial",
              "Parent Relationship": "Outer",
              "Parallel Aware": false,
              "Startup Cost": 175494.03,
              "Total Cost": 175494.04,
              "Plan Rows": 1,
              "Plan Width": 8,
              "Actual Startup Time": 584.963,
              "Actual Total Time": 584.967,
              "Actual Rows": 1,
              "Actual Loops": 4,
              "Plans": [
                {
                  "Node Type": "Nested Loop",
                  "Parent Relationship": "Outer",
                  "Parallel Aware": false,
                  "Join Type": "Inner",
                  "Startup Cost": 54873.34,
                  "Total Cost": 175433.6,
                  "Plan Rows": 24173,
                  "Plan Width": 0,
                  "Actual Startup Time": 206.283,
                  "Actual Total Time": 582.187,
                  "Actual Rows": 32244,
                  "Actual Loops": 4,
                  "Inner Unique": false,
                  "Plans": [
                    {
                      "Node Type": "Hash Join",
                      "Parent Relationship": "Outer",
                      "Parallel Aware": true,
                      "Join Type": "Inner",
                      "Startup Cost": 54872.9,
                      "Total Cost": 75422.71,
                      "Plan Rows": 46500,
                      "Plan Width": 8,
                      "Actual Startup Time": 206.062,
                      "Actual Total Time": 266.826,
                      "Actual Rows": 32549,
                      "Actual Loops": 4,
                      "Inner Unique": true,
                      "Hash Cond": "(mc.movie_id = t.id)",
                      "Plans": [
                        {
                          "Node Type": "Bitmap Heap Scan",
                          "Parent Relationship": "Outer",
                          "Parallel Aware": true,
                          "Relation Name": "movie_companies",
                          "Alias": "mc",
                          "Startup Cost": 7815.75,
                          "Total Cost": 28060.14,
                          "Plan Rows": 116351,
                          "Plan Width": 4,
                          "Actual Startup Time": 16.595,
                          "Actual Total Time": 33.631,
                          "Actual Rows": 89762,
                          "Actual Loops": 4,
                          "Recheck Cond": "(company_id > 87141)",
                          "Rows Removed by Index Recheck": 0,
                          "Exact Heap Blocks": 1681,
                          "Lossy Heap Blocks": 0,
                          "Plans": [
                            {
                              "Node Type": "Bitmap Index Scan",
                              "Parent Relationship": "Outer",
                              "Parallel Aware": false,
                              "Index Name": "company_id_movie_companies",
                              "Startup Cost": 0.0,
                              "Total Cost": 7725.58,
                              "Plan Rows": 360687,
                              "Plan Width": 0,
                              "Actual Startup Time": 15.777,
                              "Actual Total Time": 15.778,
                              "Actual Rows": 359049,
                              "Actual Loops": 1,
                              "Index Cond": "(company_id > 87141)"
                            }
                          ]
                        },
                        {
                          "Node Type": "Hash",
                          "Parent Relationship": "Inner",
                          "Parallel Aware": true,
                          "Startup Cost": 43899.32,
                          "Total Cost": 43899.32,
                          "Plan Rows": 252626,
                          "Plan Width": 4,
                          "Actual Startup Time": 186.423,
                          "Actual Total Time": 186.424,
                          "Actual Rows": 253230,
                          "Actual Loops": 4,
                          "Hash Buckets": 1048576,
                          "Original Hash Buckets": 1048576,
                          "Hash Batches": 1,
                          "Original Hash Batches": 1,
                          "Peak Memory Usage": 47904,
                          "Plans": [
                            {
                              "Node Type": "Seq Scan",
                              "Parent Relationship": "Outer",
                              "Parallel Aware": true,
                              "Relation Name": "title",
                              "Alias": "t",
                              "Startup Cost": 0.0,
                              "Total Cost": 43899.32,
                              "Plan Rows": 252626,
                              "Plan Width": 4,
                              "Actual Startup Time": 0.025,
                              "Actual Total Time": 99.281,
                              "Actual Rows": 253230,
                              "Actual Loops": 4,
                              "Filter": "(production_year > 2005)",
                              "Rows Removed by Filter": 378848
                            }
                          ]
                        }
                      ]
                    },
                    {
                      "Node Type": "Index Scan",
                      "Parent Relationship": "Inner",
                      "Parallel Aware": false,
                      "Scan Direction": "Forward",
                      "Index Name": "movie_id_movie_info",
                      "Relation Name": "movie_info",
                      "Alias": "mi",
                      "Startup Cost": 0.43,
                      "Total Cost": 2.11,
                      "Plan Rows": 4,
                      "Plan Width": 4,
                      "Actual Startup Time": 0.008,
                      "Actual Total Time": 0.009,
                      "Actual Rows": 1,
                      "Actual Loops": 130196,
                      "Index Cond": "(movie_id = t.id)",
                      "Rows Removed by Index Recheck": 0,
                      "Filter": "(info_type_id = 2)",
                      "Rows Removed by Filter": 16
                    }
                  ]
                }
              ]
            }
          ]
        }
      ]
    },
    "Planning Time": 0.578,
    "Triggers": [],
    "Execution Time": 635.883
  }
]