[
  {
    "Plan": {
      "Node Type": "Aggregate",
      "Strategy": "Plain",
      "Partial Mode": "Finalize",
      "Parallel Aware": false,
      "Startup Cost": 31949.56,
      "Total Cost": 31949.57,
      "Plan Rows": 1,
      "Plan Width": 8,
      "Actual Startup Time": 120.743,
      "Actual Total Time": 126.441,
      "Actual Rows": 1,
      "Actual Loops": 1,
      "Plans": [
        {
          "Node Type": "Gather",
          "Parent Relationship": "Outer",
          "Parallel Aware": false,
          "Startup Cost": 31949.24,
          "Total Cost": 31949.55,
          "Plan Rows": 3,
          "Plan Width": 8,
          "Actual Startup Time": 120.641,
          "Actual Total Time": 126.432,
          "Actual Rows": 4,
          "Actual Loops": 1,
          "Workers Planned": 3,
          "Workers Launched": 3,
          "Single Copy": false,
          "Plans": [
            {
              "Node Type": "Aggregate",
              "Strategy": "Plain",
              "Partial Mode": "Partial",
              "Parent Relationship": "Outer",
              "Parallel Aware": false,
              "Startup Cost": 30949.24,
              "Total Cost": 30949.25,
              "Plan Rows": 1,
              "Plan Width": 8,
              "Actual Startup Time": 113.18,
              "Actual Total Time": 113.182,
              "Actual Rows": 1,
              "Actual Loops": 4,
              "Plans": [
                {
                  "Node Type": "Seq Scan",
                  "Parent Relationship": "Outer",
                  "Parallel Aware": true,
                  "Relation Name": "movie_companies",
                  "Alias": "mc",
                  "Startup Cost": 0.0,
                  "Total Cost": 29310.68,
                  "Plan Rows": 655424,
                  "Plan Width": 0,
                  "Actual Startup Time": 0.353,
                  "Actual Total Time": 87.801,
                  "Actual Rows": 509193,
                  "Actual Loops": 4,
                  "Filter": "(company_id > 601)",
                  "Rows Removed by Filter": 143089
                }
              ]
            }
          ]
        }
      ]
    },
    "Planning Time": 0.124,
    "Triggers": [],
    "Execution Time": 126.487
  }
]