{
  "Plan": {
    "Node Type": "Aggregate",
    "Strategy": "Plain",
    "Partial Mode": "Finalize",
    "Parallel Aware": false,
    "Startup Cost": 2791705.75,
    "Total Cost": 2791705.76,
    "Plan Rows": 1,
    "Plan Width": 8,
    "Actual Startup Time": 21741.685,
    "Actual Total Time": 21831.022,
    "Actual Rows": 1,
    "Actual Loops": 1,
    "Plans": [
      {
        "Node Type": "Gather",
        "Parent Relationship": "Outer",
        "Parallel Aware": false,
        "Startup Cost": 2791705.63,
        "Total Cost": 2791705.74,
        "Plan Rows": 1,
        "Plan Width": 8,
        "Actual Startup Time": 21735.335,
        "Actual Total Time": 21831.015,
        "Actual Rows": 2,
        "Actual Loops": 1,
        "Workers Planned": 1,
        "Workers Launched": 1,
        "Single Copy": false,
        "Plans": [
          {
            "Node Type": "Aggregate",
            "Strategy": "Plain",
            "Partial Mode": "Partial",
            "Parent Relationship": "Outer",
            "Parallel Aware": false,
            "Startup Cost": 2790705.63,
            "Total Cost": 2790705.64,
            "Plan Rows": 1,
            "Plan Width": 8,
            "Actual Startup Time": 21728.881,
            "Actual Total Time": 21728.884,
            "Actual Rows": 1,
            "Actual Loops": 2,
            "Plans": [
              {
                "Node Type": "Merge Join",
                "Parent Relationship": "Outer",
                "Parallel Aware": false,
                "Join Type": "Inner",
                "Startup Cost": 340220.05,
                "Total Cost": 2771163.81,
                "Plan Rows": 7816728,
                "Plan Width": 0,
                "Actual Startup Time": 498.04,
                "Actual Total Time": 21241.519,
                "Actual Rows": 11547754,
                "Actual Loops": 2,
                "Inner Unique": false,
                "Merge Cond": "(t.id = mi.movie_id)",
                "Plans": [
                  {
                    "Node Type": "Merge Join",
                    "Parent Relationship": "Outer",
                    "Parallel Aware": false,
                    "Join Type": "Inner",
                    "Startup Cost": 43.8,
                    "Total Cost": 2278802.7,
                    "Plan Rows": 14690245,
                    "Plan Width": 8,
                    "Actual Startup Time": 0.348,
                    "Actual Total Time": 18543.723,
                    "Actual Rows": 12538292,
                    "Actual Loops": 2,
                    "Inner Unique": true,
                    "Merge Cond": "(ci.movie_id = t.id)",
                    "Plans": [
                      {
                        "Node Type": "Index Scan",
                        "Parent Relationship": "Outer",
                        "Parallel Aware": true,
                        "Scan Direction": "Forward",
                        "Index Name": "movie_id_cast_info",
                        "Relation Name": "cast_info",
                        "Alias": "ci",
                        "Startup Cost": 0.56,
                        "Total Cost": 1978621.64,
                        "Plan Rows": 14690245,
                        "Plan Width": 4,
                        "Actual Startup Time": 0.111,
                        "Actual Total Time": 15215.017,
                        "Actual Rows": 12538292,
                        "Actual Loops": 2,
                        "Filter": "(person_id < 2585274)",
                        "Rows Removed by Filter": 5583876
                      },
                      {
                        "Node Type": "Index Only Scan",
                        "Parent Relationship": "Inner",
                        "Parallel Aware": false,
                        "Scan Direction": "Forward",
                        "Index Name": "title_pkey",
                        "Relation Name": "title",
                        "Alias": "t",
                        "Startup Cost": 0.43,
                        "Total Cost": 110339.97,
                        "Plan Rows": 2528293,
                        "Plan Width": 4,
                        "Actual Startup Time": 0.134,
                        "Actual Total Time": 1813.432,
                        "Actual Rows": 2525912,
                        "Actual Loops": 2,
                        "Heap Fetches": 5051823
                      }
                    ]
                  },
                  {
                    "Node Type": "Sort",
                    "Parent Relationship": "Inner",
                    "Parallel Aware": false,
                    "Startup Cost": 340129.59,
                    "Total Cost": 343492.88,
                    "Plan Rows": 1345313,
                    "Plan Width": 4,
                    "Actual Startup Time": 494.447,
                    "Actual Total Time": 964.965,
                    "Actual Rows": 12324674,
                    "Actual Loops": 2,
                    "Sort Key": [
                      "mi.movie_id"
                    ],
                    "Sort Method": "quicksort",
                    "Sort Space Used": 114867,
                    "Sort Space Type": "Memory",
                    "Workers": [
                      {
                        "Worker Number": 0,
                        "Sort Method": "quicksort",
                        "Sort Space Used": 114867,
                        "Sort Space Type": "Memory"
                      }
                    ],
                    "Plans": [
                      {
                        "Node Type": "Bitmap Heap Scan",
                        "Parent Relationship": "Outer",
                        "Parallel Aware": false,
                        "Relation Name": "movie_info",
                        "Alias": "mi",
                        "Startup Cost": 24370.61,
                        "Total Cost": 203180.02,
                        "Plan Rows": 1345313,
                        "Plan Width": 4,
                        "Actual Startup Time": 64.942,
                        "Actual Total Time": 213.179,
                        "Actual Rows": 1401902,
                        "Actual Loops": 2,
                        "Recheck Cond": "(info_type_id = 7)",
                        "Rows Removed by Index Recheck": 0,
                        "Exact Heap Blocks": 10036,
                        "Lossy Heap Blocks": 0,
                        "Plans": [
                          {
                            "Node Type": "Bitmap Index Scan",
                            "Parent Relationship": "Outer",
                            "Parallel Aware": false,
                            "Index Name": "info_type_id_movie_info",
                            "Startup Cost": 0.0,
                            "Total Cost": 24034.28,
                            "Plan Rows": 1345313,
                            "Plan Width": 0,
                            "Actual Startup Time": 63.757,
                            "Actual Total Time": 63.757,
                            "Actual Rows": 1401902,
                            "Actual Loops": 2,
                            "Index Cond": "(info_type_id = 7)"
                          }
                        ]
                      }
                    ]
                  }
                ]
              }
            ]
          }
        ]
      }
    ]
  },
  "Planning Time": 1.014,
  "Triggers": [],
  "Execution Time": 21848.621
}