[
  {
    "Plan": {
      "Node Type": "Aggregate",
      "Strategy": "Plain",
      "Partial Mode": "Finalize",
      "Parallel Aware": false,
      "Startup Cost": 337889.93,
      "Total Cost": 337889.94,
      "Plan Rows": 1,
      "Plan Width": 8,
      "Actual Startup Time": 688.193,
      "Actual Total Time": 745.947,
      "Actual Rows": 1,
      "Actual Loops": 1,
      "Plans": [
        {
          "Node Type": "Gather",
          "Parent Relationship": "Outer",
          "Parallel Aware": false,
          "Startup Cost": 337889.3,
          "Total Cost": 337889.91,
          "Plan Rows": 6,
          "Plan Width": 8,
          "Actual Startup Time": 688.081,
          "Actual Total Time": 745.938,
          "Actual Rows": 7,
          "Actual Loops": 1,
          "Workers Planned": 6,
          "Workers Launched": 6,
          "Single Copy": false,
          "Plans": [
            {
              "Node Type": "Aggregate",
              "Strategy": "Plain",
              "Partial Mode": "Partial",
              "Parent Relationship": "Outer",
              "Parallel Aware": false,
              "Startup Cost": 336889.3,
              "Total Cost": 336889.31,
              "Plan Rows": 1,
              "Plan Width": 8,
              "Actual Startup Time": 679.407,
              "Actual Total Time": 679.408,
              "Actual Rows": 1,
              "Actual Loops": 7,
              "Plans": [
                {
                  "Node Type": "Seq Scan",
                  "Parent Relationship": "Outer",
                  "Parallel Aware": true,
                  "Relation Name": "cast_info",
                  "Alias": "ci",
                  "Startup Cost": 0.0,
                  "Total Cost": 328162.03,
                  "Plan Rows": 3490910,
                  "Plan Width": 0,
                  "Actual Startup Time": 158.571,
                  "Actual Total Time": 563.542,
                  "Actual Rows": 2999788,
                  "Actual Loops": 7,
                  "Filter": "(person_id > 1501418)",
                  "Rows Removed by Filter": 2177975
                }
              ]
            }
          ]
        }
      ]
    },
    "Planning Time": 0.216,
    "Triggers": [],
    "Execution Time": 746.009
  }
]