[
  {
    "Plan": {
      "Node Type": "Aggregate",
      "Strategy": "Plain",
      "Partial Mode": "Finalize",
      "Parallel Aware": false,
      "Startup Cost": 341032.69,
      "Total Cost": 341032.7,
      "Plan Rows": 1,
      "Plan Width": 8,
      "Actual Startup Time": 887.589,
      "Actual Total Time": 943.188,
      "Actual Rows": 1,
      "Actual Loops": 1,
      "Plans": [
        {
          "Node Type": "Gather",
          "Parent Relationship": "Outer",
          "Parallel Aware": false,
          "Startup Cost": 341032.07,
          "Total Cost": 341032.68,
          "Plan Rows": 6,
          "Plan Width": 8,
          "Actual Startup Time": 887.394,
          "Actual Total Time": 943.177,
          "Actual Rows": 7,
          "Actual Loops": 1,
          "Workers Planned": 6,
          "Workers Launched": 6,
          "Single Copy": false,
          "Plans": [
            {
              "Node Type": "Aggregate",
              "Strategy": "Plain",
              "Partial Mode": "Partial",
              "Parent Relationship": "Outer",
              "Parallel Aware": false,
              "Startup Cost": 340032.07,
              "Total Cost": 340032.08,
              "Plan Rows": 1,
              "Plan Width": 8,
              "Actual Startup Time": 878.8,
              "Actual Total Time": 878.802,
              "Actual Rows": 1,
              "Actual Loops": 7,
              "Plans": [
                {
                  "Node Type": "Seq Scan",
                  "Parent Relationship": "Outer",
                  "Parallel Aware": true,
                  "Relation Name": "cast_info",
                  "Alias": "ci",
                  "Startup Cost": 0.0,
                  "Total Cost": 328211.39,
                  "Plan Rows": 4728271,
                  "Plan Width": 0,
                  "Actual Startup Time": 103.212,
                  "Actual Total Time": 671.056,
                  "Actual Rows": 4036092,
                  "Actual Loops": 7,
                  "Filter": "(person_id > 781480)",
                  "Rows Removed by Filter": 1141671
                }
              ]
            }
          ]
        }
      ]
    },
    "Planning Time": 0.118,
    "Triggers": [],
    "Execution Time": 943.244
  }
]