[
  {
    "Plan": {
      "Node Type": "Aggregate",
      "Strategy": "Plain",
      "Partial Mode": "Finalize",
      "Parallel Aware": false,
      "Startup Cost": 484857.77,
      "Total Cost": 484857.78,
      "Plan Rows": 1,
      "Plan Width": 8,
      "Actual Startup Time": 3860.839,
      "Actual Total Time": 3925.177,
      "Actual Rows": 1,
      "Actual Loops": 1,
      "Plans": [
        {
          "Node Type": "Gather",
          "Parent Relationship": "Outer",
          "Parallel Aware": false,
          "Startup Cost": 484857.15,
          "Total Cost": 484857.76,
          "Plan Rows": 6,
          "Plan Width": 8,
          "Actual Startup Time": 3828.719,
          "Actual Total Time": 3925.163,
          "Actual Rows": 7,
          "Actual Loops": 1,
          "Workers Planned": 6,
          "Workers Launched": 6,
          "Single Copy": false,
          "Plans": [
            {
              "Node Type": "Aggregate",
              "Strategy": "Plain",
              "Partial Mode": "Partial",
              "Parent Relationship": "Outer",
              "Parallel Aware": false,
              "Startup Cost": 483857.15,
              "Total Cost": 483857.16,
              "Plan Rows": 1,
              "Plan Width": 8,
              "Actual Startup Time": 3807.709,
              "Actual Total Time": 3808.523,
              "Actual Rows": 1,
              "Actual Loops": 7,
              "Plans": [
                {
                  "Node Type": "Hash Join",
                  "Parent Relationship": "Outer",
                  "Parallel Aware": true,
                  "Join Type": "Inner",
                  "Startup Cost": 109679.52,
                  "Total Cost": 469686.4,
                  "Plan Rows": 5668298,
                  "Plan Width": 0,
                  "Actual Startup Time": 588.419,
                  "Actual Total Time": 3162.996,
                  "Actual Rows": 15953901,
                  "Actual Loops": 7,
                  "Inner Unique": false,
                  "Hash Cond": "(ci.movie_id = t.id)",
                  "Plans": [
                    {
                      "Node Type": "Seq Scan",
                      "Parent Relationship": "Outer",
                      "Parallel Aware": true,
                      "Relation Name": "cast_info",
                      "Alias": "ci",
                      "Startup Cost": 0.0,
                      "Total Cost": 328162.03,
                      "Plan Rows": 3616007,
                      "Plan Width": 4,
                      "Actual Startup Time": 0.021,
                      "Actual Total Time": 540.924,
                      "Actual Rows": 3107915,
                      "Actual Loops": 7,
                      "Filter": "(person_id < 2211412)",
                      "Rows Removed by Filter": 2069848
                    },
                    {
                      "Node Type": "Hash",
                      "Parent Relationship": "Inner",
                      "Parallel Aware": true,
                      "Startup Cost": 93698.7,
                      "Total Cost": 93698.7,
                      "Plan Rows": 1278466,
                      "Plan Width": 8,
                      "Actual Startup Time": 581.261,
                      "Actual Total Time": 582.073,
                      "Actual Rows": 536731,
                      "Actual Loops": 7,
                      "Hash Buckets": 4194304,
                      "Original Hash Buckets": 4194304,
                      "Hash Batches": 1,
                      "Original Hash Batches": 1,
                      "Peak Memory Usage": 179840,
                      "Plans": [
                        {
                          "Node Type": "Hash Join",
                          "Parent Relationship": "Outer",
                          "Parallel Aware": true,
                          "Join Type": "Inner",
                          "Startup Cost": 50820.62,
                          "Total Cost": 93698.7,
                          "Plan Rows": 1278466,
                          "Plan Width": 8,
                          "Actual Startup Time": 241.317,
                          "Actual Total Time": 429.233,
                          "Actual Rows": 536731,
                          "Actual Loops": 7,
                          "Inner Unique": true,
                          "Hash Cond": "(mk.movie_id = t.id)",
                          "Plans": [
                            {
                              "Node Type": "Seq Scan",
                              "Parent Relationship": "Outer",
                              "Parallel Aware": true,
                              "Relation Name": "movie_keyword",
                              "Alias": "mk",
                              "Startup Cost": 0.0,
                              "Total Cost": 39047.32,
                              "Plan Rows": 1459332,
                              "Plan Width": 4,
                              "Actual Startup Time": 0.028,
                              "Actual Total Time": 61.694,
                              "Actual Rows": 646276,
                              "Actual Loops": 7
                            },
                            {
                              "Node Type": "Hash",
                              "Parent Relationship": "Inner",
                              "Parallel Aware": true,
                              "Startup Cost": 43898.92,
                              "Total Cost": 43898.92,
                              "Plan Rows": 553736,
                              "Plan Width": 4,
                              "Actual Startup Time": 236.672,
                              "Actual Total Time": 236.673,
                              "Actual Rows": 314814,
                              "Actual Loops": 7,
                              "Hash Buckets": 4194304,
                              "Original Hash Buckets": 4194304,
                              "Hash Batches": 1,
                              "Original Hash Batches": 1,
                              "Peak Memory Usage": 119072,
                              "Plans": [
                                {
                                  "Node Type": "Seq Scan",
                                  "Parent Relationship": "Outer",
                                  "Parallel Aware": true,
                                  "Relation Name": "title",
                                  "Alias": "t",
                                  "Startup Cost": 0.0,
                                  "Total Cost": 43898.92,
                                  "Plan Rows": 553736,
                                  "Plan Width": 4,
                                  "Actual Startup Time": 0.06,
                                  "Actual Total Time": 80.22,
                                  "Actual Rows": 314814,
                                  "Actual Loops": 7,
                                  "Filter": "(production_year > 1960)",
                                  "Rows Removed by Filter": 46374
                                }
                              ]
                            }
                          ]
                        }
                      ]
                    }
                  ]
                }
              ]
            }
          ]
        }
      ]
    },
    "Planning Time": 1.296,
    "Triggers": [],
    "Execution Time": 3925.27
  }
]