[
  {
    "Plan": {
      "Node Type": "Aggregate",
      "Strategy": "Plain",
      "Partial Mode": "Finalize",
      "Parallel Aware": false,
      "Startup Cost": 353059.23,
      "Total Cost": 353059.24,
      "Plan Rows": 1,
      "Plan Width": 8,
      "Actual Startup Time": 807.127,
      "Actual Total Time": 857.139,
      "Actual Rows": 1,
      "Actual Loops": 1,
      "Plans": [
        {
          "Node Type": "Gather",
          "Parent Relationship": "Outer",
          "Parallel Aware": false,
          "Startup Cost": 353058.6,
          "Total Cost": 353059.21,
          "Plan Rows": 6,
          "Plan Width": 8,
          "Actual Startup Time": 806.903,
          "Actual Total Time": 857.126,
          "Actual Rows": 7,
          "Actual Loops": 1,
          "Workers Planned": 6,
          "Workers Launched": 6,
          "Single Copy": false,
          "Plans": [
            {
              "Node Type": "Aggregate",
              "Strategy": "Plain",
              "Partial Mode": "Partial",
              "Parent Relationship": "Outer",
              "Parallel Aware": false,
              "Startup Cost": 352058.6,
              "Total Cost": 352058.61,
              "Plan Rows": 1,
              "Plan Width": 8,
              "Actual Startup Time": 798.727,
              "Actual Total Time": 798.728,
              "Actual Rows": 1,
              "Actual Loops": 7,
              "Plans": [
                {
                  "Node Type": "Seq Scan",
                  "Parent Relationship": "Outer",
                  "Parallel Aware": true,
                  "Relation Name": "cast_info",
                  "Alias": "ci",
                  "Startup Cost": 0.0,
                  "Total Cost": 343316.27,
                  "Plan Rows": 3496932,
                  "Plan Width": 0,
                  "Actual Startup Time": 103.448,
                  "Actual Total Time": 669.518,
                  "Actual Rows": 2843993,
                  "Actual Loops": 7,
                  "Filter": "((person_id > 782394) AND (role_id < 5))",
                  "Rows Removed by Filter": 2333770
                }
              ]
            }
          ]
        }
      ]
    },
    "Planning Time": 0.233,
    "Triggers": [],
    "Execution Time": 857.208
  }
]