[
  {
    "Plan": {
      "Node Type": "Aggregate",
      "Strategy": "Plain",
      "Partial Mode": "Finalize",
      "Parallel Aware": false,
      "Startup Cost": 432280.28,
      "Total Cost": 432280.29,
      "Plan Rows": 1,
      "Plan Width": 8,
      "Actual Startup Time": 2592.673,
      "Actual Total Time": 2655.491,
      "Actual Rows": 1,
      "Actual Loops": 1,
      "Plans": [
        {
          "Node Type": "Gather",
          "Parent Relationship": "Outer",
          "Parallel Aware": false,
          "Startup Cost": 432279.66,
          "Total Cost": 432280.27,
          "Plan Rows": 6,
          "Plan Width": 8,
          "Actual Startup Time": 2584.047,
          "Actual Total Time": 2655.478,
          "Actual Rows": 7,
          "Actual Loops": 1,
          "Workers Planned": 6,
          "Workers Launched": 6,
          "Single Copy": false,
          "Plans": [
            {
              "Node Type": "Aggregate",
              "Strategy": "Plain",
              "Partial Mode": "Partial",
              "Parent Relationship": "Outer",
              "Parallel Aware": false,
              "Startup Cost": 431279.66,
              "Total Cost": 431279.67,
              "Plan Rows": 1,
              "Plan Width": 8,
              "Actual Startup Time": 2572.135,
              "Actual Total Time": 2572.199,
              "Actual Rows": 1,
              "Actual Loops": 7,
              "Plans": [
                {
                  "Node Type": "Hash Join",
                  "Parent Relationship": "Outer",
                  "Parallel Aware": true,
                  "Join Type": "Inner",
                  "Startup Cost": 84366.16,
                  "Total Cost": 425677.68,
                  "Plan Rows": 2240792,
                  "Plan Width": 0,
                  "Actual Startup Time": 341.478,
                  "Actual Total Time": 2370.943,
                  "Actual Rows": 4368019,
                  "Actual Loops": 7,
                  "Inner Unique": false,
                  "Hash Cond": "(ci.movie_id = t.id)",
                  "Plans": [
                    {
                      "Node Type": "Seq Scan",
                      "Parent Relationship": "Outer",
                      "Parallel Aware": true,
                      "Relation Name": "cast_info",
                      "Alias": "ci",
                      "Startup Cost": 0.0,
                      "Total Cost": 313067.02,
                      "Plan Rows": 6038002,
                      "Plan Width": 4,
                      "Actual Startup Time": 0.027,
                      "Actual Total Time": 550.05,
                      "Actual Rows": 5177763,
                      "Actual Loops": 7
                    },
                    {
                      "Node Type": "Hash",
                      "Parent Relationship": "Inner",
                      "Parallel Aware": true,
                      "Startup Cost": 81434.01,
                      "Total Cost": 81434.01,
                      "Plan Rows": 234572,
                      "Plan Width": 8,
                      "Actual Startup Time": 337.954,
                      "Actual Total Time": 338.017,
                      "Actual Rows": 111420,
                      "Actual Loops": 7,
                      "Hash Buckets": 1048576,
                      "Original Hash Buckets": 1048576,
                      "Hash Batches": 1,
                      "Original Hash Batches": 1,
                      "Peak Memory Usage": 38784,
                      "Plans": [
                        {
                          "Node Type": "Hash Join",
                          "Parent Relationship": "Outer",
                          "Parallel Aware": true,
                          "Join Type": "Inner",
                          "Startup Cost": 35198.23,
                          "Total Cost": 81434.01,
                          "Plan Rows": 234572,
                          "Plan Width": 8,
                          "Actual Startup Time": 118.037,
                          "Actual Total Time": 289.945,
                          "Actual Rows": 111420,
                          "Actual Loops": 7,
                          "Inner Unique": false,
                          "Hash Cond": "(t.id = mc.movie_id)",
                          "Plans": [
                            {
                              "Node Type": "Seq Scan",
                              "Parent Relationship": "Outer",
                              "Parallel Aware": true,
                              "Relation Name": "title",
                              "Alias": "t",
                              "Startup Cost": 0.0,
                              "Total Cost": 42318.73,
                              "Plan Rows": 632073,
                              "Plan Width": 4,
                              "Actual Startup Time": 0.016,
                              "Actual Total Time": 58.664,
                              "Actual Rows": 361187,
                              "Actual Loops": 7
                            },
                            {
                              "Node Type": "Hash",
                              "Parent Relationship": "Inner",
                              "Parallel Aware": true,
                              "Startup Cost": 31414.82,
                              "Total Cost": 31414.82,
                              "Plan Rows": 302673,
                              "Plan Width": 4,
                              "Actual Startup Time": 116.203,
                              "Actual Total Time": 116.204,
                              "Actual Rows": 111420,
                              "Actual Loops": 7,
                              "Hash Buckets": 1048576,
                              "Original Hash Buckets": 1048576,
                              "Hash Batches": 1,
                              "Original Hash Batches": 1,
                              "Peak Memory Usage": 38816,
                              "Plans": [
                                {
                                  "Node Type": "Seq Scan",
                                  "Parent Relationship": "Outer",
                                  "Parallel Aware": true,
                                  "Relation Name": "movie_companies",
                                  "Alias": "mc",
                                  "Startup Cost": 0.0,
                                  "Total Cost": 31414.82,
                                  "Plan Rows": 302673,
                                  "Plan Width": 4,
                                  "Actual Startup Time": 0.693,
                                  "Actual Total Time": 61.48,
                                  "Actual Rows": 111420,
                                  "Actual Loops": 7,
                                  "Filter": "((company_id > 1284) AND (company_type_id < 2))",
                                  "Rows Removed by Filter": 261313
                                }
                              ]
                            }
                          ]
                        }
                      ]
                    }
                  ]
                }
              ]
            }
          ]
        }
      ]
    },
    "Planning Time": 1.43,
    "Triggers": [],
    "Execution Time": 2655.593
  }
]