[
    {
        "Bao": {
            "Bao prediction": 622.96,
            "Bao recommended hint": "SET enable_nestloop TO off; SET enable_mergejoin TO off; SET enable_indexscan TO off; "
        }
    },
    {
        "Plan": {
            "Node Type": "Aggregate",
            "Strategy": "Plain",
            "Partial Mode": "Finalize",
            "Parallel Aware": false,
            "Startup Cost": 398565.29,
            "Total Cost": 398565.3,
            "Plan Rows": 1,
            "Plan Width": 8,
            "Actual Startup Time": 1127.334,
            "Actual Total Time": 1159.437,
            "Actual Rows": 1,
            "Actual Loops": 1,
            "Output": [
                "count(*)"
            ],
            "Plans": [
                {
                    "Node Type": "Gather",
                    "Parent Relationship": "Outer",
                    "Parallel Aware": false,
                    "Startup Cost": 398564.66,
                    "Total Cost": 398565.27,
                    "Plan Rows": 6,
                    "Plan Width": 8,
                    "Actual Startup Time": 1127.228,
                    "Actual Total Time": 1159.428,
                    "Actual Rows": 7,
                    "Actual Loops": 1,
                    "Output": [
                        "(PARTIAL count(*))"
                    ],
                    "Workers Planned": 6,
                    "Workers Launched": 6,
                    "Single Copy": false,
                    "Plans": [
                        {
                            "Node Type": "Aggregate",
                            "Strategy": "Plain",
                            "Partial Mode": "Partial",
                            "Parent Relationship": "Outer",
                            "Parallel Aware": false,
                            "Startup Cost": 397564.66,
                            "Total Cost": 397564.67,
                            "Plan Rows": 1,
                            "Plan Width": 8,
                            "Actual Startup Time": 1116.753,
                            "Actual Total Time": 1116.757,
                            "Actual Rows": 1,
                            "Actual Loops": 7,
                            "Output": [
                                "PARTIAL count(*)"
                            ],
                            "Workers": [
                                {
                                    "Worker Number": 0,
                                    "Actual Startup Time": 1114.36,
                                    "Actual Total Time": 1114.365,
                                    "Actual Rows": 1,
                                    "Actual Loops": 1
                                },
                                {
                                    "Worker Number": 1,
                                    "Actual Startup Time": 1114.736,
                                    "Actual Total Time": 1114.74,
                                    "Actual Rows": 1,
                                    "Actual Loops": 1
                                },
                                {
                                    "Worker Number": 2,
                                    "Actual Startup Time": 1115.162,
                                    "Actual Total Time": 1115.167,
                                    "Actual Rows": 1,
                                    "Actual Loops": 1
                                },
                                {
                                    "Worker Number": 3,
                                    "Actual Startup Time": 1115.509,
                                    "Actual Total Time": 1115.514,
                                    "Actual Rows": 1,
                                    "Actual Loops": 1
                                },
                                {
                                    "Worker Number": 4,
                                    "Actual Startup Time": 1115.626,
                                    "Actual Total Time": 1115.63,
                                    "Actual Rows": 1,
                                    "Actual Loops": 1
                                },
                                {
                                    "Worker Number": 5,
                                    "Actual Startup Time": 1115.694,
                                    "Actual Total Time": 1115.698,
                                    "Actual Rows": 1,
                                    "Actual Loops": 1
                                }
                            ],
                            "Plans": [
                                {
                                    "Node Type": "Hash Join",
                                    "Parent Relationship": "Outer",
                                    "Parallel Aware": true,
                                    "Join Type": "Inner",
                                    "Startup Cost": 46773.01,
                                    "Total Cost": 397563.84,
                                    "Plan Rows": 329,
                                    "Plan Width": 0,
                                    "Actual Startup Time": 99.657,
                                    "Actual Total Time": 1116.173,
                                    "Actual Rows": 4592,
                                    "Actual Loops": 7,
                                    "Inner Unique": false,
                                    "Hash Cond": "(ci.movie_id = t.id)",
                                    "Workers": [
                                        {
                                            "Worker Number": 0,
                                            "Actual Startup Time": 97.199,
                                            "Actual Total Time": 1113.75,
                                            "Actual Rows": 3516,
                                            "Actual Loops": 1
                                        },
                                        {
                                            "Worker Number": 1,
                                            "Actual Startup Time": 98.149,
                                            "Actual Total Time": 1114.15,
                                            "Actual Rows": 3377,
                                            "Actual Loops": 1
                                        },
                                        {
                                            "Worker Number": 2,
                                            "Actual Startup Time": 98.253,
                                            "Actual Total Time": 1114.542,
                                            "Actual Rows": 5051,
                                            "Actual Loops": 1
                                        },
                                        {
                                            "Worker Number": 3,
                                            "Actual Startup Time": 98.304,
                                            "Actual Total Time": 1114.922,
                                            "Actual Rows": 4737,
                                            "Actual Loops": 1
                                        },
                                        {
                                            "Worker Number": 4,
                                            "Actual Startup Time": 98.245,
                                            "Actual Total Time": 1115.003,
                                            "Actual Rows": 4885,
                                            "Actual Loops": 1
                                        },
                                        {
                                            "Worker Number": 5,
                                            "Actual Startup Time": 98.637,
                                            "Actual Total Time": 1115.075,
                                            "Actual Rows": 4955,
                                            "Actual Loops": 1
                                        }
                                    ],
                                    "Plans": [
                                        {
                                            "Node Type": "Seq Scan",
                                            "Parent Relationship": "Outer",
                                            "Parallel Aware": true,
                                            "Relation Name": "cast_info",
                                            "Schema": "public",
                                            "Alias": "ci",
                                            "Startup Cost": 0.0,
                                            "Total Cost": 328213.62,
                                            "Plan Rows": 6020373,
                                            "Plan Width": 4,
                                            "Actual Startup Time": 1.228,
                                            "Actual Total Time": 618.828,
                                            "Actual Rows": 5159584,
                                            "Actual Loops": 7,
                                            "Output": [
                                                "ci.id",
                                                "ci.person_id",
                                                "ci.movie_id",
                                                "ci.person_role_id",
                                                "ci.note",
                                                "ci.nr_order",
                                                "ci.role_id"
                                            ],
                                            "Filter": "(ci.person_id > 15243)",
                                            "Rows Removed by Filter": 18180,
                                            "Workers": [
                                                {
                                                    "Worker Number": 0,
                                                    "Actual Startup Time": 1.165,
                                                    "Actual Total Time": 627.176,
                                                    "Actual Rows": 3932447,
                                                    "Actual Loops": 1
                                                },
                                                {
                                                    "Worker Number": 1,
                                                    "Actual Startup Time": 1.301,
                                                    "Actual Total Time": 627.469,
                                                    "Actual Rows": 3929167,
                                                    "Actual Loops": 1
                                                },
                                                {
                                                    "Worker Number": 2,
                                                    "Actual Startup Time": 1.165,
                                                    "Actual Total Time": 624.54,
                                                    "Actual Rows": 5482748,
                                                    "Actual Loops": 1
                                                },
                                                {
                                                    "Worker Number": 3,
                                                    "Actual Startup Time": 1.171,
                                                    "Actual Total Time": 625.071,
                                                    "Actual Rows": 5484244,
                                                    "Actual Loops": 1
                                                },
                                                {
                                                    "Worker Number": 4,
                                                    "Actual Startup Time": 1.168,
                                                    "Actual Total Time": 624.33,
                                                    "Actual Rows": 5494454,
                                                    "Actual Loops": 1
                                                },
                                                {
                                                    "Worker Number": 5,
                                                    "Actual Startup Time": 1.305,
                                                    "Actual Total Time": 625.397,
                                                    "Actual Rows": 5479696,
                                                    "Actual Loops": 1
                                                }
                                            ]
                                        },
                                        {
                                            "Node Type": "Hash",
                                            "Parent Relationship": "Inner",
                                            "Parallel Aware": true,
                                            "Startup Cost": 46772.59,
                                            "Total Cost": 46772.59,
                                            "Plan Rows": 34,
                                            "Plan Width": 8,
                                            "Actual Startup Time": 97.138,
                                            "Actual Total Time": 97.141,
                                            "Actual Rows": 37,
                                            "Actual Loops": 7,
                                            "Output": [
                                                "t.id",
                                                "mi_idx.movie_id"
                                            ],
                                            "Hash Buckets": 1024,
                                            "Original Hash Buckets": 1024,
                                            "Hash Batches": 1,
                                            "Original Hash Batches": 1,
                                            "Peak Memory Usage": 232,
                                            "Workers": [
                                                {
                                                    "Worker Number": 0,
                                                    "Actual Startup Time": 95.255,
                                                    "Actual Total Time": 95.259,
                                                    "Actual Rows": 33,
                                                    "Actual Loops": 1
                                                },
                                                {
                                                    "Worker Number": 1,
                                                    "Actual Startup Time": 95.585,
                                                    "Actual Total Time": 95.588,
                                                    "Actual Rows": 32,
                                                    "Actual Loops": 1
                                                },
                                                {
                                                    "Worker Number": 2,
                                                    "Actual Startup Time": 95.989,
                                                    "Actual Total Time": 95.993,
                                                    "Actual Rows": 34,
                                                    "Actual Loops": 1
                                                },
                                                {
                                                    "Worker Number": 3,
                                                    "Actual Startup Time": 96.404,
                                                    "Actual Total Time": 96.407,
                                                    "Actual Rows": 38,
                                                    "Actual Loops": 1
                                                },
                                                {
                                                    "Worker Number": 4,
                                                    "Actual Startup Time": 96.479,
                                                    "Actual Total Time": 96.482,
                                                    "Actual Rows": 32,
                                                    "Actual Loops": 1
                                                },
                                                {
                                                    "Worker Number": 5,
                                                    "Actual Startup Time": 96.55,
                                                    "Actual Total Time": 96.553,
                                                    "Actual Rows": 38,
                                                    "Actual Loops": 1
                                                }
                                            ],
                                            "Plans": [
                                                {
                                                    "Node Type": "Hash Join",
                                                    "Parent Relationship": "Outer",
                                                    "Parallel Aware": false,
                                                    "Join Type": "Inner",
                                                    "Startup Cost": 502.94,
                                                    "Total Cost": 46772.59,
                                                    "Plan Rows": 34,
                                                    "Plan Width": 8,
                                                    "Actual Startup Time": 68.336,
                                                    "Actual Total Time": 97.048,
                                                    "Actual Rows": 37,
                                                    "Actual Loops": 7,
                                                    "Output": [
                                                        "t.id",
                                                        "mi_idx.movie_id"
                                                    ],
                                                    "Inner Unique": false,
                                                    "Hash Cond": "(t.id = mi_idx.movie_id)",
                                                    "Workers": [
                                                        {
                                                            "Worker Number": 0,
                                                            "Actual Startup Time": 70.525,
                                                            "Actual Total Time": 95.178,
                                                            "Actual Rows": 33,
                                                            "Actual Loops": 1
                                                        },
                                                        {
                                                            "Worker Number": 1,
                                                            "Actual Startup Time": 66.937,
                                                            "Actual Total Time": 95.486,
                                                            "Actual Rows": 32,
                                                            "Actual Loops": 1
                                                        },
                                                        {
                                                            "Worker Number": 2,
                                                            "Actual Startup Time": 65.532,
                                                            "Actual Total Time": 95.892,
                                                            "Actual Rows": 34,
                                                            "Actual Loops": 1
                                                        },
                                                        {
                                                            "Worker Number": 3,
                                                            "Actual Startup Time": 68.84,
                                                            "Actual Total Time": 96.316,
                                                            "Actual Rows": 38,
                                                            "Actual Loops": 1
                                                        },
                                                        {
                                                            "Worker Number": 4,
                                                            "Actual Startup Time": 66.446,
                                                            "Actual Total Time": 96.386,
                                                            "Actual Rows": 32,
                                                            "Actual Loops": 1
                                                        },
                                                        {
                                                            "Worker Number": 5,
                                                            "Actual Startup Time": 66.432,
                                                            "Actual Total Time": 96.456,
                                                            "Actual Rows": 38,
                                                            "Actual Loops": 1
                                                        }
                                                    ],
                                                    "Plans": [
                                                        {
                                                            "Node Type": "Seq Scan",
                                                            "Parent Relationship": "Outer",
                                                            "Parallel Aware": true,
                                                            "Relation Name": "title",
                                                            "Schema": "public",
                                                            "Alias": "t",
                                                            "Startup Cost": 0.0,
                                                            "Total Cost": 42318.81,
                                                            "Plan Rows": 632080,
                                                            "Plan Width": 4,
                                                            "Actual Startup Time": 0.032,
                                                            "Actual Total Time": 61.031,
                                                            "Actual Rows": 361187,
                                                            "Actual Loops": 7,
                                                            "Output": [
                                                                "t.id",
                                                                "t.title",
                                                                "t.imdb_index",
                                                                "t.kind_id",
                                                                "t.production_year",
                                                                "t.imdb_id",
                                                                "t.phonetic_code",
                                                                "t.episode_of_id",
                                                                "t.season_nr",
                                                                "t.episode_nr",
                                                                "t.series_years",
                                                                "t.md5sum"
                                                            ],
                                                            "Workers": [
                                                                {
                                                                    "Worker Number": 0,
                                                                    "Actual Startup Time": 0.023,
                                                                    "Actual Total Time": 61.58,
                                                                    "Actual Rows": 294609,
                                                                    "Actual Loops": 1
                                                                },
                                                                {
                                                                    "Worker Number": 1,
                                                                    "Actual Startup Time": 0.039,
                                                                    "Actual Total Time": 61.92,
                                                                    "Actual Rows": 287100,
                                                                    "Actual Loops": 1
                                                                },
                                                                {
                                                                    "Worker Number": 2,
                                                                    "Actual Startup Time": 0.04,
                                                                    "Actual Total Time": 62.202,
                                                                    "Actual Rows": 351677,
                                                                    "Actual Loops": 1
                                                                },
                                                                {
                                                                    "Worker Number": 3,
                                                                    "Actual Startup Time": 0.038,
                                                                    "Actual Total Time": 62.223,
                                                                    "Actual Rows": 354321,
                                                                    "Actual Loops": 1
                                                                },
                                                                {
                                                                    "Worker Number": 4,
                                                                    "Actual Startup Time": 0.037,
                                                                    "Actual Total Time": 62.274,
                                                                    "Actual Rows": 354111,
                                                                    "Actual Loops": 1
                                                                },
                                                                {
                                                                    "Worker Number": 5,
                                                                    "Actual Startup Time": 0.03,
                                                                    "Actual Total Time": 62.592,
                                                                    "Actual Rows": 351507,
                                                                    "Actual Loops": 1
                                                                }
                                                            ]
                                                        },
                                                        {
                                                            "Node Type": "Hash",
                                                            "Parent Relationship": "Inner",
                                                            "Parallel Aware": false,
                                                            "Startup Cost": 501.22,
                                                            "Total Cost": 501.22,
                                                            "Plan Rows": 138,
                                                            "Plan Width": 4,
                                                            "Actual Startup Time": 0.448,
                                                            "Actual Total Time": 0.449,
                                                            "Actual Rows": 260,
                                                            "Actual Loops": 7,
                                                            "Output": [
                                                                "mi_idx.movie_id"
                                                            ],
                                                            "Hash Buckets": 1024,
                                                            "Original Hash Buckets": 1024,
                                                            "Hash Batches": 1,
                                                            "Original Hash Batches": 1,
                                                            "Peak Memory Usage": 18,
                                                            "Workers": [
                                                                {
                                                                    "Worker Number": 0,
                                                                    "Actual Startup Time": 0.284,
                                                                    "Actual Total Time": 0.286,
                                                                    "Actual Rows": 260,
                                                                    "Actual Loops": 1
                                                                },
                                                                {
                                                                    "Worker Number": 1,
                                                                    "Actual Startup Time": 0.493,
                                                                    "Actual Total Time": 0.494,
                                                                    "Actual Rows": 260,
                                                                    "Actual Loops": 1
                                                                },
                                                                {
                                                                    "Worker Number": 2,
                                                                    "Actual Startup Time": 0.476,
                                                                    "Actual Total Time": 0.477,
                                                                    "Actual Rows": 260,
                                                                    "Actual Loops": 1
                                                                },
                                                                {
                                                                    "Worker Number": 3,
                                                                    "Actual Startup Time": 0.516,
                                                                    "Actual Total Time": 0.517,
                                                                    "Actual Rows": 260,
                                                                    "Actual Loops": 1
                                                                },
                                                                {
                                                                    "Worker Number": 4,
                                                                    "Actual Startup Time": 0.546,
                                                                    "Actual Total Time": 0.547,
                                                                    "Actual Rows": 260,
                                                                    "Actual Loops": 1
                                                                },
                                                                {
                                                                    "Worker Number": 5,
                                                                    "Actual Startup Time": 0.524,
                                                                    "Actual Total Time": 0.525,
                                                                    "Actual Rows": 260,
                                                                    "Actual Loops": 1
                                                                }
                                                            ],
                                                            "Plans": [
                                                                {
                                                                    "Node Type": "Bitmap Heap Scan",
                                                                    "Parent Relationship": "Outer",
                                                                    "Parallel Aware": false,
                                                                    "Relation Name": "movie_info_idx",
                                                                    "Schema": "public",
                                                                    "Alias": "mi_idx",
                                                                    "Startup Cost": 5.5,
                                                                    "Total Cost": 501.22,
                                                                    "Plan Rows": 138,
                                                                    "Plan Width": 4,
                                                                    "Actual Startup Time": 0.228,
                                                                    "Actual Total Time": 0.325,
                                                                    "Actual Rows": 260,
                                                                    "Actual Loops": 7,
                                                                    "Output": [
                                                                        "mi_idx.movie_id"
                                                                    ],
                                                                    "Recheck Cond": "(mi_idx.info_type_id > 101)",
                                                                    "Rows Removed by Index Recheck": 0,
                                                                    "Exact Heap Blocks": 2,
                                                                    "Lossy Heap Blocks": 0,
                                                                    "Workers": [
                                                                        {
                                                                            "Worker Number": 0,
                                                                            "Actual Startup Time": 0.149,
                                                                            "Actual Total Time": 0.21,
                                                                            "Actual Rows": 260,
                                                                            "Actual Loops": 1
                                                                        },
                                                                        {
                                                                            "Worker Number": 1,
                                                                            "Actual Startup Time": 0.243,
                                                                            "Actual Total Time": 0.349,
                                                                            "Actual Rows": 260,
                                                                            "Actual Loops": 1
                                                                        },
                                                                        {
                                                                            "Worker Number": 2,
                                                                            "Actual Startup Time": 0.241,
                                                                            "Actual Total Time": 0.347,
                                                                            "Actual Rows": 260,
                                                                            "Actual Loops": 1
                                                                        },
                                                                        {
                                                                            "Worker Number": 3,
                                                                            "Actual Startup Time": 0.28,
                                                                            "Actual Total Time": 0.385,
                                                                            "Actual Rows": 260,
                                                                            "Actual Loops": 1
                                                                        },
                                                                        {
                                                                            "Worker Number": 4,
                                                                            "Actual Startup Time": 0.31,
                                                                            "Actual Total Time": 0.416,
                                                                            "Actual Rows": 260,
                                                                            "Actual Loops": 1
                                                                        },
                                                                        {
                                                                            "Worker Number": 5,
                                                                            "Actual Startup Time": 0.288,
                                                                            "Actual Total Time": 0.394,
                                                                            "Actual Rows": 260,
                                                                            "Actual Loops": 1
                                                                        }
                                                                    ],
                                                                    "Plans": [
                                                                        {
                                                                            "Node Type": "Bitmap Index Scan",
                                                                            "Parent Relationship": "Outer",
                                                                            "Parallel Aware": false,
                                                                            "Index Name": "info_type_id_movie_info_idx",
                                                                            "Startup Cost": 0.0,
                                                                            "Total Cost": 5.46,
                                                                            "Plan Rows": 138,
                                                                            "Plan Width": 0,
                                                                            "Actual Startup Time": 0.169,
                                                                            "Actual Total Time": 0.17,
                                                                            "Actual Rows": 260,
                                                                            "Actual Loops": 7,
                                                                            "Index Cond": "(mi_idx.info_type_id > 101)",
                                                                            "Workers": [
                                                                                {
                                                                                    "Worker Number": 0,
                                                                                    "Actual Startup Time": 0.112,
                                                                                    "Actual Total Time": 0.112,
                                                                                    "Actual Rows": 260,
                                                                                    "Actual Loops": 1
                                                                                },
                                                                                {
                                                                                    "Worker Number": 1,
                                                                                    "Actual Startup Time": 0.181,
                                                                                    "Actual Total Time": 0.181,
                                                                                    "Actual Rows": 260,
                                                                                    "Actual Loops": 1
                                                                                },
                                                                                {
                                                                                    "Worker Number": 2,
                                                                                    "Actual Startup Time": 0.18,
                                                                                    "Actual Total Time": 0.18,
                                                                                    "Actual Rows": 260,
                                                                                    "Actual Loops": 1
                                                                                },
                                                                                {
                                                                                    "Worker Number": 3,
                                                                                    "Actual Startup Time": 0.219,
                                                                                    "Actual Total Time": 0.219,
                                                                                    "Actual Rows": 260,
                                                                                    "Actual Loops": 1
                                                                                },
                                                                                {
                                                                                    "Worker Number": 4,
                                                                                    "Actual Startup Time": 0.247,
                                                                                    "Actual Total Time": 0.248,
                                                                                    "Actual Rows": 260,
                                                                                    "Actual Loops": 1
                                                                                },
                                                                                {
                                                                                    "Worker Number": 5,
                                                                                    "Actual Startup Time": 0.188,
                                                                                    "Actual Total Time": 0.189,
                                                                                    "Actual Rows": 260,
                                                                                    "Actual Loops": 1
                                                                                }
                                                                            ]
                                                                        }
                                                                    ]
                                                                }
                                                            ]
                                                        }
                                                    ]
                                                }
                                            ]
                                        }
                                    ]
                                }
                            ]
                        }
                    ]
                }
            ]
        },
        "Planning Time": 328.313,
        "Triggers": [],
        "Execution Time": 1159.598
    }
]