[
  {
    "Plan": {
      "Node Type": "Aggregate",
      "Strategy": "Plain",
      "Partial Mode": "Finalize",
      "Parallel Aware": false,
      "Startup Cost": 432333.31,
      "Total Cost": 432333.32,
      "Plan Rows": 1,
      "Plan Width": 8,
      "Actual Startup Time": 1183.613,
      "Actual Total Time": 1215.092,
      "Actual Rows": 1,
      "Actual Loops": 1,
      "Plans": [
        {
          "Node Type": "Gather",
          "Parent Relationship": "Outer",
          "Parallel Aware": false,
          "Startup Cost": 432332.69,
          "Total Cost": 432333.3,
          "Plan Rows": 6,
          "Plan Width": 8,
          "Actual Startup Time": 1172.541,
          "Actual Total Time": 1214.998,
          "Actual Rows": 7,
          "Actual Loops": 1,
          "Workers Planned": 6,
          "Workers Launched": 6,
          "Single Copy": false,
          "Plans": [
            {
              "Node Type": "Aggregate",
              "Strategy": "Plain",
              "Partial Mode": "Partial",
              "Parent Relationship": "Outer",
              "Parallel Aware": false,
              "Startup Cost": 431332.69,
              "Total Cost": 431332.7,
              "Plan Rows": 1,
              "Plan Width": 8,
              "Actual Startup Time": 1157.596,
              "Actual Total Time": 1157.966,
              "Actual Rows": 1,
              "Actual Loops": 7,
              "Plans": [
                {
                  "Node Type": "Hash Join",
                  "Parent Relationship": "Outer",
                  "Parallel Aware": true,
                  "Join Type": "Inner",
                  "Startup Cost": 86095.12,
                  "Total Cost": 429439.19,
                  "Plan Rows": 757401,
                  "Plan Width": 0,
                  "Actual Startup Time": 549.528,
                  "Actual Total Time": 1123.152,
                  "Actual Rows": 839393,
                  "Actual Loops": 7,
                  "Inner Unique": false,
                  "Hash Cond": "(ci.movie_id = t.id)",
                  "Plans": [
                    {
                      "Node Type": "Index Scan",
                      "Parent Relationship": "Outer",
                      "Parallel Aware": true,
                      "Scan Direction": "Forward",
                      "Index Name": "role_id_cast_info",
                      "Relation Name": "cast_info",
                      "Alias": "ci",
                      "Startup Cost": 0.56,
                      "Total Cost": 335235.55,
                      "Plan Rows": 1657490,
                      "Plan Width": 4,
                      "Actual Startup Time": 140.961,
                      "Actual Total Time": 343.732,
                      "Actual Rows": 1031682,
                      "Actual Loops": 7,
                      "Index Cond": "(role_id < 2)",
                      "Rows Removed by Index Recheck": 0,
                      "Filter": "(person_id > 731701)",
                      "Rows Removed by Filter": 778416
                    },
                    {
                      "Node Type": "Hash",
                      "Parent Relationship": "Inner",
                      "Parallel Aware": true,
                      "Startup Cost": 82484.18,
                      "Total Cost": 82484.18,
                      "Plan Rows": 288830,
                      "Plan Width": 8,
                      "Actual Startup Time": 403.857,
                      "Actual Total Time": 404.225,
                      "Actual Rows": 180824,
                      "Actual Loops": 7,
                      "Hash Buckets": 2097152,
                      "Original Hash Buckets": 2097152,
                      "Hash Batches": 1,
                      "Original Hash Batches": 1,
                      "Peak Memory Usage": 66048,
                      "Plans": [
                        {
                          "Node Type": "Hash Join",
                          "Parent Relationship": "Outer",
                          "Parallel Aware": true,
                          "Join Type": "Inner",
                          "Startup Cost": 36073.37,
                          "Total Cost": 82484.18,
                          "Plan Rows": 288830,
                          "Plan Width": 8,
                          "Actual Startup Time": 139.326,
                          "Actual Total Time": 328.844,
                          "Actual Rows": 180824,
                          "Actual Loops": 7,
                          "Inner Unique": false,
                          "Hash Cond": "(t.id = mc.movie_id)",
                          "Plans": [
                            {
                              "Node Type": "Seq Scan",
                              "Parent Relationship": "Outer",
                              "Parallel Aware": true,
                              "Relation Name": "title",
                              "Alias": "t",
                              "Startup Cost": 0.0,
                              "Total Cost": 42318.73,
                              "Plan Rows": 632073,
                              "Plan Width": 4,
                              "Actual Startup Time": 0.016,
                              "Actual Total Time": 53.905,
                              "Actual Rows": 361187,
                              "Actual Loops": 7
                            },
                            {
                              "Node Type": "Hash",
                              "Parent Relationship": "Inner",
                              "Parallel Aware": true,
                              "Startup Cost": 31414.82,
                              "Total Cost": 31414.82,
                              "Plan Rows": 372684,
                              "Plan Width": 4,
                              "Actual Startup Time": 137.13,
                              "Actual Total Time": 137.131,
                              "Actual Rows": 180824,
                              "Actual Loops": 7,
                              "Hash Buckets": 2097152,
                              "Original Hash Buckets": 2097152,
                              "Hash Batches": 1,
                              "Original Hash Batches": 1,
                              "Peak Memory Usage": 66016,
                              "Plans": [
                                {
                                  "Node Type": "Seq Scan",
                                  "Parent Relationship": "Outer",
                                  "Parallel Aware": true,
                                  "Relation Name": "movie_companies",
                                  "Alias": "mc",
                                  "Startup Cost": 0.0,
                                  "Total Cost": 31414.82,
                                  "Plan Rows": 372684,
                                  "Plan Width": 4,
                                  "Actual Startup Time": 38.636,
                                  "Actual Total Time": 66.744,
                                  "Actual Rows": 180824,
                                  "Actual Loops": 7,
                                  "Filter": "((company_id > 160) AND (company_type_id > 1))",
                                  "Rows Removed by Filter": 191908
                                }
                              ]
                            }
                          ]
                        }
                      ]
                    }
                  ]
                }
              ]
            }
          ]
        }
      ]
    },
    "Planning Time": 1.41,
    "Triggers": [],
    "Execution Time": 1215.183
  }
]