[
  {
    "Plan": {
      "Node Type": "Aggregate",
      "Strategy": "Plain",
      "Partial Mode": "Finalize",
      "Parallel Aware": false,
      "Startup Cost": 42646.16,
      "Total Cost": 42646.17,
      "Plan Rows": 1,
      "Plan Width": 8,
      "Actual Startup Time": 129.271,
      "Actual Total Time": 138.238,
      "Actual Rows": 1,
      "Actual Loops": 1,
      "Plans": [
        {
          "Node Type": "Gather",
          "Parent Relationship": "Outer",
          "Parallel Aware": false,
          "Startup Cost": 42645.85,
          "Total Cost": 42646.16,
          "Plan Rows": 3,
          "Plan Width": 8,
          "Actual Startup Time": 128.926,
          "Actual Total Time": 138.226,
          "Actual Rows": 4,
          "Actual Loops": 1,
          "Workers Planned": 3,
          "Workers Launched": 3,
          "Single Copy": false,
          "Plans": [
            {
              "Node Type": "Aggregate",
              "Strategy": "Plain",
              "Partial Mode": "Partial",
              "Parent Relationship": "Outer",
              "Parallel Aware": false,
              "Startup Cost": 41645.85,
              "Total Cost": 41645.86,
              "Plan Rows": 1,
              "Plan Width": 8,
              "Actual Startup Time": 124.374,
              "Actual Total Time": 124.376,
              "Actual Rows": 1,
              "Actual Loops": 4,
              "Plans": [
                {
                  "Node Type": "Bitmap Heap Scan",
                  "Parent Relationship": "Outer",
                  "Parallel Aware": true,
                  "Relation Name": "movie_keyword",
                  "Alias": "mk",
                  "Startup Cost": 13998.74,
                  "Total Cost": 41113.66,
                  "Plan Rows": 212874,
                  "Plan Width": 0,
                  "Actual Startup Time": 33.102,
                  "Actual Total Time": 115.54,
                  "Actual Rows": 166454,
                  "Actual Loops": 4,
                  "Recheck Cond": "(keyword_id < 520)",
                  "Rows Removed by Index Recheck": 0,
                  "Exact Heap Blocks": 10406,
                  "Lossy Heap Blocks": 0,
                  "Plans": [
                    {
                      "Node Type": "Bitmap Index Scan",
                      "Parent Relationship": "Outer",
                      "Parallel Aware": false,
                      "Index Name": "keyword_id_movie_keyword",
                      "Startup Cost": 0.0,
                      "Total Cost": 13833.76,
                      "Plan Rows": 659910,
                      "Plan Width": 0,
                      "Actual Startup Time": 33.601,
                      "Actual Total Time": 33.602,
                      "Actual Rows": 665815,
                      "Actual Loops": 1,
                      "Index Cond": "(keyword_id < 520)"
                    }
                  ]
                }
              ]
            }
          ]
        }
      ]
    },
    "Planning Time": 0.078,
    "Triggers": [],
    "Execution Time": 138.273
  }
]