[
  {
    "Plan": {
      "Node Type": "Aggregate",
      "Strategy": "Plain",
      "Partial Mode": "Finalize",
      "Parallel Aware": false,
      "Startup Cost": 378525.34,
      "Total Cost": 378525.35,
      "Plan Rows": 1,
      "Plan Width": 8,
      "Actual Startup Time": 818.334,
      "Actual Total Time": 870.027,
      "Actual Rows": 1,
      "Actual Loops": 1,
      "Plans": [
        {
          "Node Type": "Gather",
          "Parent Relationship": "Outer",
          "Parallel Aware": false,
          "Startup Cost": 378524.72,
          "Total Cost": 378525.33,
          "Plan Rows": 6,
          "Plan Width": 8,
          "Actual Startup Time": 815.155,
          "Actual Total Time": 870.018,
          "Actual Rows": 7,
          "Actual Loops": 1,
          "Workers Planned": 6,
          "Workers Launched": 6,
          "Single Copy": false,
          "Plans": [
            {
              "Node Type": "Aggregate",
              "Strategy": "Plain",
              "Partial Mode": "Partial",
              "Parent Relationship": "Outer",
              "Parallel Aware": false,
              "Startup Cost": 377524.72,
              "Total Cost": 377524.73,
              "Plan Rows": 1,
              "Plan Width": 8,
              "Actual Startup Time": 806.839,
              "Actual Total Time": 806.842,
              "Actual Rows": 1,
              "Actual Loops": 7,
              "Plans": [
                {
                  "Node Type": "Hash Join",
                  "Parent Relationship": "Outer",
                  "Parallel Aware": true,
                  "Join Type": "Inner",
                  "Startup Cost": 47048.84,
                  "Total Cost": 377164.52,
                  "Plan Rows": 144078,
                  "Plan Width": 0,
                  "Actual Startup Time": 503.813,
                  "Actual Total Time": 800.26,
                  "Actual Rows": 132819,
                  "Actual Loops": 7,
                  "Inner Unique": true,
                  "Hash Cond": "(ci.movie_id = t.id)",
                  "Plans": [
                    {
                      "Node Type": "Seq Scan",
                      "Parent Relationship": "Outer",
                      "Parallel Aware": true,
                      "Relation Name": "cast_info",
                      "Alias": "ci",
                      "Startup Cost": 0.0,
                      "Total Cost": 328211.39,
                      "Plan Rows": 725446,
                      "Plan Width": 4,
                      "Actual Startup Time": 395.071,
                      "Actual Total Time": 539.171,
                      "Actual Rows": 615163,
                      "Actual Loops": 7,
                      "Filter": "(person_id > 3272570)",
                      "Rows Removed by Filter": 4562601
                    },
                    {
                      "Node Type": "Hash",
                      "Parent Relationship": "Inner",
                      "Parallel Aware": true,
                      "Startup Cost": 45479.59,
                      "Total Cost": 45479.59,
                      "Plan Rows": 125540,
                      "Plan Width": 4,
                      "Actual Startup Time": 107.127,
                      "Actual Total Time": 107.128,
                      "Actual Rows": 74876,
                      "Actual Loops": 7,
                      "Hash Buckets": 524288,
                      "Original Hash Buckets": 524288,
                      "Hash Batches": 1,
                      "Original Hash Batches": 1,
                      "Peak Memory Usage": 24736,
                      "Plans": [
                        {
                          "Node Type": "Seq Scan",
                          "Parent Relationship": "Outer",
                          "Parallel Aware": true,
                          "Relation Name": "title",
                          "Alias": "t",
                          "Startup Cost": 0.0,
                          "Total Cost": 45479.59,
                          "Plan Rows": 125540,
                          "Plan Width": 4,
                          "Actual Startup Time": 43.802,
                          "Actual Total Time": 75.909,
                          "Actual Rows": 74876,
                          "Actual Loops": 7,
                          "Filter": "((production_year < 2010) AND (kind_id = 1))",
                          "Rows Removed by Filter": 286312
                        }
                      ]
                    }
                  ]
                }
              ]
            }
          ]
        }
      ]
    },
    "Planning Time": 0.423,
    "Triggers": [],
    "Execution Time": 870.078
  }
]