[
  {
    "Plan": {
      "Node Type": "Aggregate",
      "Strategy": "Plain",
      "Partial Mode": "Finalize",
      "Parallel Aware": false,
      "Startup Cost": 114630.7,
      "Total Cost": 114630.71,
      "Plan Rows": 1,
      "Plan Width": 8,
      "Actual Startup Time": 784.118,
      "Actual Total Time": 823.299,
      "Actual Rows": 1,
      "Actual Loops": 1,
      "Plans": [
        {
          "Node Type": "Gather",
          "Parent Relationship": "Outer",
          "Parallel Aware": false,
          "Startup Cost": 114630.49,
          "Total Cost": 114630.7,
          "Plan Rows": 2,
          "Plan Width": 8,
          "Actual Startup Time": 784.11,
          "Actual Total Time": 823.293,
          "Actual Rows": 3,
          "Actual Loops": 1,
          "Workers Planned": 2,
          "Workers Launched": 2,
          "Single Copy": false,
          "Plans": [
            {
              "Node Type": "Aggregate",
              "Strategy": "Plain",
              "Partial Mode": "Partial",
              "Parent Relationship": "Outer",
              "Parallel Aware": false,
              "Startup Cost": 113630.49,
              "Total Cost": 113630.5,
              "Plan Rows": 1,
              "Plan Width": 8,
              "Actual Startup Time": 772.708,
              "Actual Total Time": 772.711,
              "Actual Rows": 1,
              "Actual Loops": 3,
              "Plans": [
                {
                  "Node Type": "Nested Loop",
                  "Parent Relationship": "Outer",
                  "Parallel Aware": false,
                  "Join Type": "Inner",
                  "Startup Cost": 45789.18,
                  "Total Cost": 113301.06,
                  "Plan Rows": 131772,
                  "Plan Width": 0,
                  "Actual Startup Time": 139.859,
                  "Actual Total Time": 736.172,
                  "Actual Rows": 866788,
                  "Actual Loops": 3,
                  "Inner Unique": false,
                  "Join Filter": "(t.id = mi.movie_id)",
                  "Rows Removed by Join Filter": 0,
                  "Plans": [
                    {
                      "Node Type": "Hash Join",
                      "Parent Relationship": "Outer",
                      "Parallel Aware": true,
                      "Join Type": "Inner",
                      "Startup Cost": 45788.75,
                      "Total Cost": 60983.31,
                      "Plan Rows": 22535,
                      "Plan Width": 8,
                      "Actual Startup Time": 139.787,
                      "Actual Total Time": 242.706,
                      "Actual Rows": 43219,
                      "Actual Loops": 3,
                      "Inner Unique": true,
                      "Hash Cond": "(mi_idx.movie_id = t.id)",
                      "Plans": [
                        {
                          "Node Type": "Seq Scan",
                          "Parent Relationship": "Outer",
                          "Parallel Aware": true,
                          "Relation Name": "movie_info_idx",
                          "Alias": "mi_idx",
                          "Startup Cost": 0.0,
                          "Total Cost": 13685.15,
                          "Plan Rows": 575015,
                          "Plan Width": 4,
                          "Actual Startup Time": 0.027,
                          "Actual Total Time": 34.838,
                          "Actual Rows": 460012,
                          "Actual Loops": 3
                        },
                        {
                          "Node Type": "Hash",
                          "Parent Relationship": "Inner",
                          "Parallel Aware": true,
                          "Startup Cost": 45479.1,
                          "Total Cost": 45479.1,
                          "Plan Rows": 24772,
                          "Plan Width": 4,
                          "Actual Startup Time": 137.603,
                          "Actual Total Time": 137.604,
                          "Actual Rows": 67811,
                          "Actual Loops": 3,
                          "Hash Buckets": 262144,
                          "Original Hash Buckets": 131072,
                          "Hash Batches": 1,
                          "Original Hash Batches": 1,
                          "Peak Memory Usage": 11104,
                          "Plans": [
                            {
                              "Node Type": "Seq Scan",
                              "Parent Relationship": "Outer",
                              "Parallel Aware": true,
                              "Relation Name": "title",
                              "Alias": "t",
                              "Startup Cost": 0.0,
                              "Total Cost": 45479.1,
                              "Plan Rows": 24772,
                              "Plan Width": 4,
                              "Actual Startup Time": 0.254,
                              "Actual Total Time": 113.108,
                              "Actual Rows": 67811,
                              "Actual Loops": 3,
                              "Filter": "((kind_id < 7) AND (production_year < 1962))",
                              "Rows Removed by Filter": 774959
                            }
                          ]
                        }
                      ]
                    },
                    {
                      "Node Type": "Index Only Scan",
                      "Parent Relationship": "Inner",
                      "Parallel Aware": false,
                      "Scan Direction": "Forward",
                      "Index Name": "movie_id_movie_info",
                      "Relation Name": "movie_info",
                      "Alias": "mi",
                      "Startup Cost": 0.43,
                      "Total Cost": 1.8,
                      "Plan Rows": 42,
                      "Plan Width": 4,
                      "Actual Startup Time": 0.003,
                      "Actual Total Time": 0.01,
                      "Actual Rows": 20,
                      "Actual Loops": 129658,
                      "Index Cond": "(movie_id = mi_idx.movie_id)",
                      "Rows Removed by Index Recheck": 0,
                      "Heap Fetches": 2600364
                    }
                  ]
                }
              ]
            }
          ]
        }
      ]
    },
    "Planning Time": 1.443,
    "Triggers": [],
    "Execution Time": 823.391
  }
]