{
  "Plan": {
    "Node Type": "Aggregate",
    "Strategy": "Plain",
    "Partial Mode": "Finalize",
    "Parallel Aware": false,
    "Startup Cost": 81314.04,
    "Total Cost": 81314.05,
    "Plan Rows": 1,
    "Plan Width": 8,
    "Actual Startup Time": 184.111,
    "Actual Total Time": 199.719,
    "Actual Rows": 1,
    "Actual Loops": 1,
    "Plans": [
      {
        "Node Type": "Gather",
        "Parent Relationship": "Outer",
        "Parallel Aware": false,
        "Startup Cost": 81313.92,
        "Total Cost": 81314.03,
        "Plan Rows": 1,
        "Plan Width": 8,
        "Actual Startup Time": 183.705,
        "Actual Total Time": 199.713,
        "Actual Rows": 2,
        "Actual Loops": 1,
        "Workers Planned": 1,
        "Workers Launched": 1,
        "Single Copy": false,
        "Plans": [
          {
            "Node Type": "Aggregate",
            "Strategy": "Plain",
            "Partial Mode": "Partial",
            "Parent Relationship": "Outer",
            "Parallel Aware": false,
            "Startup Cost": 80313.92,
            "Total Cost": 80313.93,
            "Plan Rows": 1,
            "Plan Width": 8,
            "Actual Startup Time": 178.062,
            "Actual Total Time": 178.065,
            "Actual Rows": 1,
            "Actual Loops": 2,
            "Plans": [
              {
                "Node Type": "Nested Loop",
                "Parent Relationship": "Outer",
                "Parallel Aware": false,
                "Join Type": "Inner",
                "Startup Cost": 55878.44,
                "Total Cost": 80313.21,
                "Plan Rows": 284,
                "Plan Width": 0,
                "Actual Startup Time": 157.457,
                "Actual Total Time": 178.017,
                "Actual Rows": 591,
                "Actual Loops": 2,
                "Inner Unique": false,
                "Plans": [
                  {
                    "Node Type": "Hash Join",
                    "Parent Relationship": "Outer",
                    "Parallel Aware": true,
                    "Join Type": "Inner",
                    "Startup Cost": 55878.01,
                    "Total Cost": 79808.04,
                    "Plan Rows": 519,
                    "Plan Width": 8,
                    "Actual Startup Time": 157.333,
                    "Actual Total Time": 174.926,
                    "Actual Rows": 378,
                    "Actual Loops": 2,
                    "Inner Unique": true,
                    "Hash Cond": "(mk.movie_id = t.id)",
                    "Plans": [
                      {
                        "Node Type": "Bitmap Heap Scan",
                        "Parent Relationship": "Outer",
                        "Parallel Aware": true,
                        "Relation Name": "movie_keyword",
                        "Alias": "mk",
                        "Startup Cost": 389.85,
                        "Total Cost": 24291.7,
                        "Plan Rows": 10734,
                        "Plan Width": 4,
                        "Actual Startup Time": 4.449,
                        "Actual Total Time": 19.33,
                        "Actual Rows": 10261,
                        "Actual Loops": 2,
                        "Recheck Cond": "(keyword_id = 382)",
                        "Rows Removed by Index Recheck": 0,
                        "Exact Heap Blocks": 8500,
                        "Lossy Heap Blocks": 0,
                        "Plans": [
                          {
                            "Node Type": "Bitmap Index Scan",
                            "Parent Relationship": "Outer",
                            "Parallel Aware": false,
                            "Index Name": "keyword_id_movie_keyword",
                            "Startup Cost": 0.0,
                            "Total Cost": 385.28,
                            "Plan Rows": 18247,
                            "Plan Width": 0,
                            "Actual Startup Time": 2.932,
                            "Actual Total Time": 2.933,
                            "Actual Rows": 20522,
                            "Actual Loops": 1,
                            "Index Cond": "(keyword_id = 382)"
                          }
                        ]
                      },
                      {
                        "Node Type": "Hash",
                        "Parent Relationship": "Inner",
                        "Parallel Aware": true,
                        "Startup Cost": 54588.39,
                        "Total Cost": 54588.39,
                        "Plan Rows": 71982,
                        "Plan Width": 4,
                        "Actual Startup Time": 150.393,
                        "Actual Total Time": 150.394,
                        "Actual Rows": 61430,
                        "Actual Loops": 2,
                        "Hash Buckets": 131072,
                        "Original Hash Buckets": 131072,
                        "Hash Batches": 1,
                        "Original Hash Batches": 1,
                        "Peak Memory Usage": 5856,
                        "Plans": [
                          {
                            "Node Type": "Seq Scan",
                            "Parent Relationship": "Outer",
                            "Parallel Aware": true,
                            "Relation Name": "title",
                            "Alias": "t",
                            "Startup Cost": 0.0,
                            "Total Cost": 54588.39,
                            "Plan Rows": 71982,
                            "Plan Width": 4,
                            "Actual Startup Time": 0.036,
                            "Actual Total Time": 134.495,
                            "Actual Rows": 61430,
                            "Actual Loops": 2,
                            "Filter": "(production_year = 2008)",
                            "Rows Removed by Filter": 1202726
                          }
                        ]
                      }
                    ]
                  },
                  {
                    "Node Type": "Index Only Scan",
                    "Parent Relationship": "Inner",
                    "Parallel Aware": false,
                    "Scan Direction": "Forward",
                    "Index Name": "movie_id_movie_info_idx",
                    "Relation Name": "movie_info_idx",
                    "Alias": "mi_idx",
                    "Startup Cost": 0.43,
                    "Total Cost": 0.94,
                    "Plan Rows": 3,
                    "Plan Width": 4,
                    "Actual Startup Time": 0.007,
                    "Actual Total Time": 0.008,
                    "Actual Rows": 2,
                    "Actual Loops": 757,
                    "Index Cond": "(movie_id = t.id)",
                    "Rows Removed by Index Recheck": 0,
                    "Heap Fetches": 1182
                  }
                ]
              }
            ]
          }
        ]
      }
    ]
  },
  "Planning Time": 0.884,
  "Triggers": [],
  "Execution Time": 199.864
}