{
  "Plan": {
    "Node Type": "Aggregate",
    "Strategy": "Plain",
    "Partial Mode": "Simple",
    "Parallel Aware": false,
    "Startup Cost": 906775.22,
    "Total Cost": 906775.23,
    "Plan Rows": 1,
    "Plan Width": 96,
    "Actual Startup Time": 4606.093,
    "Actual Total Time": 4682.386,
    "Actual Rows": 1,
    "Actual Loops": 1,
    "Plans": [
      {
        "Node Type": "Gather",
        "Parent Relationship": "Outer",
        "Parallel Aware": false,
        "Startup Cost": 906148.13,
        "Total Cost": 906775.22,
        "Plan Rows": 1,
        "Plan Width": 42,
        "Actual Startup Time": 4579.052,
        "Actual Total Time": 4680.203,
        "Actual Rows": 21489,
        "Actual Loops": 1,
        "Workers Planned": 1,
        "Workers Launched": 1,
        "Single Copy": false,
        "Plans": [
          {
            "Node Type": "Merge Join",
            "Parent Relationship": "Outer",
            "Parallel Aware": false,
            "Join Type": "Inner",
            "Startup Cost": 905148.13,
            "Total Cost": 905775.12,
            "Plan Rows": 1,
            "Plan Width": 42,
            "Actual Startup Time": 4574.955,
            "Actual Total Time": 4586.183,
            "Actual Rows": 10744,
            "Actual Loops": 2,
            "Inner Unique": true,
            "Merge Cond": "(mc.company_id = cn.id)",
            "Plans": [
              {
                "Node Type": "Sort",
                "Parent Relationship": "Outer",
                "Parallel Aware": false,
                "Startup Cost": 888589.97,
                "Total Cost": 888589.98,
                "Plan Rows": 1,
                "Plan Width": 27,
                "Actual Startup Time": 4511.66,
                "Actual Total Time": 4513.009,
                "Actual Rows": 11608,
                "Actual Loops": 2,
                "Sort Key": [
                  "mc.company_id"
                ],
                "Sort Method": "quicksort",
                "Sort Space Used": 1462,
                "Sort Space Type": "Memory",
                "Workers": [
                  {
                    "Worker Number": 0,
                    "Sort Method": "quicksort",
                    "Sort Space Used": 1051,
                    "Sort Space Type": "Memory"
                  }
                ],
                "Plans": [
                  {
                    "Node Type": "Merge Join",
                    "Parent Relationship": "Outer",
                    "Parallel Aware": false,
                    "Join Type": "Inner",
                    "Startup Cost": 888589.93,
                    "Total Cost": 888589.96,
                    "Plan Rows": 1,
                    "Plan Width": 27,
                    "Actual Startup Time": 4507.42,
                    "Actual Total Time": 4509.229,
                    "Actual Rows": 11608,
                    "Actual Loops": 2,
                    "Inner Unique": true,
                    "Merge Cond": "(mc.company_type_id = ct.id)",
                    "Plans": [
                      {
                        "Node Type": "Sort",
                        "Parent Relationship": "Outer",
                        "Parallel Aware": false,
                        "Startup Cost": 888588.85,
                        "Total Cost": 888588.85,
                        "Plan Rows": 1,
                        "Plan Width": 31,
                        "Actual Startup Time": 4507.391,
                        "Actual Total Time": 4507.839,
                        "Actual Rows": 11608,
                        "Actual Loops": 2,
                        "Sort Key": [
                          "mc.company_type_id"
                        ],
                        "Sort Method": "quicksort",
                        "Sort Space Used": 1518,
                        "Sort Space Type": "Memory",
                        "Workers": [
                          {
                            "Worker Number": 0,
                            "Sort Method": "quicksort",
                            "Sort Space Used": 1106,
                            "Sort Space Type": "Memory"
                          }
                        ],
                        "Plans": [
                          {
                            "Node Type": "Merge Join",
                            "Parent Relationship": "Outer",
                            "Parallel Aware": false,
                            "Join Type": "Inner",
                            "Startup Cost": 888588.81,
                            "Total Cost": 888588.84,
                            "Plan Rows": 1,
                            "Plan Width": 31,
                            "Actual Startup Time": 4503.655,
                            "Actual Total Time": 4505.567,
                            "Actual Rows": 11608,
                            "Actual Loops": 2,
                            "Inner Unique": true,
                            "Merge Cond": "(mi.info_type_id = it1.id)",
                            "Plans": [
                              {
                                "Node Type": "Sort",
                                "Parent Relationship": "Outer",
                                "Parallel Aware": false,
                                "Startup Cost": 888586.39,
                                "Total Cost": 888586.39,
                                "Plan Rows": 1,
                                "Plan Width": 35,
                                "Actual Startup Time": 4503.489,
                                "Actual Total Time": 4503.993,
                                "Actual Rows": 12902,
                                "Actual Loops": 2,
                                "Sort Key": [
                                  "mi.info_type_id"
                                ],
                                "Sort Method": "quicksort",
                                "Sort Space Used": 1686,
                                "Sort Space Type": "Memory",
                                "Workers": [
                                  {
                                    "Worker Number": 0,
                                    "Sort Method": "quicksort",
                                    "Sort Space Used": 1233,
                                    "Sort Space Type": "Memory"
                                  }
                                ],
                                "Plans": [
                                  {
                                    "Node Type": "Merge Join",
                                    "Parent Relationship": "Outer",
                                    "Parallel Aware": false,
                                    "Join Type": "Inner",
                                    "Startup Cost": 887908.08,
                                    "Total Cost": 888586.38,
                                    "Plan Rows": 1,
                                    "Plan Width": 35,
                                    "Actual Startup Time": 4475.536,
                                    "Actual Total Time": 4501.009,
                                    "Actual Rows": 13224,
                                    "Actual Loops": 2,
                                    "Inner Unique": false,
                                    "Merge Cond": "(t.id = mc.movie_id)",
                                    "Plans": [
                                      {
                                        "Node Type": "Sort",
                                        "Parent Relationship": "Outer",
                                        "Parallel Aware": false,
                                        "Startup Cost": 818416.65,
                                        "Total Cost": 818416.66,
                                        "Plan Rows": 1,
                                        "Plan Width": 43,
                                        "Actual Startup Time": 4114.699,
                                        "Actual Total Time": 4114.824,
                                        "Actual Rows": 2354,
                                        "Actual Loops": 2,
                                        "Sort Key": [
                                          "mk.movie_id"
                                        ],
                                        "Sort Method": "quicksort",
                                        "Sort Space Used": 356,
                                        "Sort Space Type": "Memory",
                                        "Workers": [
                                          {
                                            "Worker Number": 0,
                                            "Sort Method": "quicksort",
                                            "Sort Space Used": 195,
                                            "Sort Space Type": "Memory"
                                          }
                                        ],
                                        "Plans": [
                                          {
                                            "Node Type": "Merge Join",
                                            "Parent Relationship": "Outer",
                                            "Parallel Aware": false,
                                            "Join Type": "Inner",
                                            "Startup Cost": 818416.61,
                                            "Total Cost": 818416.64,
                                            "Plan Rows": 1,
                                            "Plan Width": 43,
                                            "Actual Startup Time": 4113.685,
                                            "Actual Total Time": 4114.168,
                                            "Actual Rows": 2354,
                                            "Actual Loops": 2,
                                            "Inner Unique": true,
                                            "Merge Cond": "(t.kind_id = kt.id)",
                                            "Plans": [
                                              {
                                                "Node Type": "Sort",
                                                "Parent Relationship": "Outer",
                                                "Parallel Aware": false,
                                                "Startup Cost": 818415.52,
                                                "Total Cost": 818415.52,
                                                "Plan Rows": 1,
                                                "Plan Width": 47,
                                                "Actual Startup Time": 4113.651,
                                                "Actual Total Time": 4113.772,
                                                "Actual Rows": 2916,
                                                "Actual Loops": 2,
                                                "Sort Key": [
                                                  "t.kind_id"
                                                ],
                                                "Sort Method": "quicksort",
                                                "Sort Space Used": 447,
                                                "Sort Space Type": "Memory",
                                                "Workers": [
                                                  {
                                                    "Worker Number": 0,
                                                    "Sort Method": "quicksort",
                                                    "Sort Space Used": 289,
                                                    "Sort Space Type": "Memory"
                                                  }
                                                ],
                                                "Plans": [
                                                  {
                                                    "Node Type": "Merge Join",
                                                    "Parent Relationship": "Outer",
                                                    "Parallel Aware": false,
                                                    "Join Type": "Inner",
                                                    "Startup Cost": 816413.24,
                                                    "Total Cost": 818415.51,
                                                    "Plan Rows": 1,
                                                    "Plan Width": 47,
                                                    "Actual Startup Time": 4083.238,
                                                    "Actual Total Time": 4113.026,
                                                    "Actual Rows": 2916,
                                                    "Actual Loops": 2,
                                                    "Inner Unique": false,
                                                    "Merge Cond": "(mi.movie_id = t.id)",
                                                    "Plans": [
                                                      {
                                                        "Node Type": "Sort",
                                                        "Parent Relationship": "Outer",
                                                        "Parallel Aware": false,
                                                        "Startup Cost": 396046.35,
                                                        "Total Cost": 397047.47,
                                                        "Plan Rows": 400449,
                                                        "Plan Width": 8,
                                                        "Actual Startup Time": 1858.368,
                                                        "Actual Total Time": 1870.233,
                                                        "Actual Rows": 358079,
                                                        "Actual Loops": 2,
                                                        "Sort Key": [
                                                          "mi.movie_id"
                                                        ],
                                                        "Sort Method": "quicksort",
                                                        "Sort Space Used": 33674,
                                                        "Sort Space Type": "Memory",
                                                        "Workers": [
                                                          {
                                                            "Worker Number": 0,
                                                            "Sort Method": "quicksort",
                                                            "Sort Space Used": 18331,
                                                            "Sort Space Type": "Memory"
                                                          }
                                                        ],
                                                        "Plans": [
                                                          {
                                                            "Node Type": "Seq Scan",
                                                            "Parent Relationship": "Outer",
                                                            "Parallel Aware": true,
                                                            "Relation Name": "movie_info",
                                                            "Alias": "mi",
                                                            "Startup Cost": 0.0,
                                                            "Total Cost": 358782.05,
                                                            "Plan Rows": 400449,
                                                            "Plan Width": 8,
                                                            "Actual Startup Time": 2.292,
                                                            "Actual Total Time": 1782.29,
                                                            "Actual Rows": 358105,
                                                            "Actual Loops": 2,
                                                            "Filter": "(info = ANY ('{Sweden,Norway,Germany,Denmark,Swedish,Danish,Norwegian,German,USA,American}'::text[]))",
                                                            "Rows Removed by Filter": 7059755
                                                          }
                                                        ]
                                                      },
                                                      {
                                                        "Node Type": "Sort",
                                                        "Parent Relationship": "Inner",
                                                        "Parallel Aware": false,
                                                        "Startup Cost": 420366.89,
                                                        "Total Cost": 420366.9,
                                                        "Plan Rows": 1,
                                                        "Plan Width": 39,
                                                        "Actual Startup Time": 2224.826,
                                                        "Actual Total Time": 2225.107,
                                                        "Actual Rows": 7662,
                                                        "Actual Loops": 2,
                                                        "Sort Key": [
                                                          "mk.movie_id"
                                                        ],
                                                        "Sort Method": "quicksort",
                                                        "Sort Space Used": 801,
                                                        "Sort Space Type": "Memory",
                                                        "Workers": [
                                                          {
                                                            "Worker Number": 0,
                                                            "Sort Method": "quicksort",
                                                            "Sort Space Used": 801,
                                                            "Sort Space Type": "Memory"
                                                          }
                                                        ],
                                                        "Plans": [
                                                          {
                                                            "Node Type": "Merge Join",
                                                            "Parent Relationship": "Outer",
                                                            "Parallel Aware": false,
                                                            "Join Type": "Inner",
                                                            "Startup Cost": 420366.73,
                                                            "Total Cost": 420366.88,
                                                            "Plan Rows": 1,
                                                            "Plan Width": 39,
                                                            "Actual Startup Time": 2222.096,
                                                            "Actual Total Time": 2223.314,
                                                            "Actual Rows": 7271,
                                                            "Actual Loops": 2,
                                                            "Inner Unique": true,
                                                            "Merge Cond": "(mi_idx.info_type_id = it2.id)",
                                                            "Plans": [
                                                              {
                                                                "Node Type": "Sort",
                                                                "Parent Relationship": "Outer",
                                                                "Parallel Aware": false,
                                                                "Startup Cost": 420364.3,
                                                                "Total Cost": 420364.37,
                                                                "Plan Rows": 29,
                                                                "Plan Width": 43,
                                                                "Actual Startup Time": 2220.295,
                                                                "Actual Total Time": 2221.288,
                                                                "Actual Rows": 21712,
                                                                "Actual Loops": 2,
                                                                "Sort Key": [
                                                                  "mi_idx.info_type_id"
                                                                ],
                                                                "Sort Method": "quicksort",
                                                                "Sort Space Used": 2787,
                                                                "Sort Space Type": "Memory",
                                                                "Workers": [
                                                                  {
                                                                    "Worker Number": 0,
                                                                    "Sort Method": "quicksort",
                                                                    "Sort Space Used": 2787,
                                                                    "Sort Space Type": "Memory"
                                                                  }
                                                                ],
                                                                "Plans": [
                                                                  {
                                                                    "Node Type": "Merge Join",
                                                                    "Parent Relationship": "Outer",
                                                                    "Parallel Aware": false,
                                                                    "Join Type": "Inner",
                                                                    "Startup Cost": 240842.65,
                                                                    "Total Cost": 420363.59,
                                                                    "Plan Rows": 29,
                                                                    "Plan Width": 43,
                                                                    "Actual Startup Time": 659.862,
                                                                    "Actual Total Time": 2213.195,
                                                                    "Actual Rows": 21769,
                                                                    "Actual Loops": 2,
                                                                    "Inner Unique": false,
                                                                    "Merge Cond": "(t.id = mi_idx.movie_id)",
                                                                    "Plans": [
                                                                      {
                                                                        "Node Type": "Merge Join",
                                                                        "Parent Relationship": "Outer",
                                                                        "Parallel Aware": false,
                                                                        "Join Type": "Inner",
                                                                        "Startup Cost": 240842.22,
                                                                        "Total Cost": 359936.7,
                                                                        "Plan Rows": 55,
                                                                        "Plan Width": 29,
                                                                        "Actual Startup Time": 659.752,
                                                                        "Actual Total Time": 1881.656,
                                                                        "Actual Rows": 9739,
                                                                        "Actual Loops": 2,
                                                                        "Inner Unique": false,
                                                                        "Merge Cond": "(t.id = mk.movie_id)",
                                                                        "Plans": [
                                                                          {
                                                                            "Node Type": "Index Scan",
                                                                            "Parent Relationship": "Outer",
                                                                            "Parallel Aware": false,
                                                                            "Scan Direction": "Forward",
                                                                            "Index Name": "title_pkey",
                                                                            "Relation Name": "title",
                                                                            "Alias": "t",
                                                                            "Startup Cost": 0.43,
                                                                            "Total Cost": 116680.33,
                                                                            "Plan Rows": 1022218,
                                                                            "Plan Width": 25,
                                                                            "Actual Startup Time": 0.05,
                                                                            "Actual Total Time": 1164.43,
                                                                            "Actual Rows": 1012614,
                                                                            "Actual Loops": 2,
                                                                            "Filter": "(production_year > 2005)",
                                                                            "Rows Removed by Filter": 1513057
                                                                          },
                                                                          {
                                                                            "Node Type": "Sort",
                                                                            "Parent Relationship": "Inner",
                                                                            "Parallel Aware": false,
                                                                            "Startup Cost": 240828.26,
                                                                            "Total Cost": 240828.59,
                                                                            "Plan Rows": 135,
                                                                            "Plan Width": 4,
                                                                            "Actual Startup Time": 658.618,
                                                                            "Actual Total Time": 662.842,
                                                                            "Actual Rows": 37091,
                                                                            "Actual Loops": 2,
                                                                            "Sort Key": [
                                                                              "mk.movie_id"
                                                                            ],
                                                                            "Sort Method": "quicksort",
                                                                            "Sort Space Used": 3275,
                                                                            "Sort Space Type": "Memory",
                                                                            "Workers": [
                                                                              {
                                                                                "Worker Number": 0,
                                                                                "Sort Method": "quicksort",
                                                                                "Sort Space Used": 3275,
                                                                                "Sort Space Type": "Memory"
                                                                              }
                                                                            ],
                                                                            "Plans": [
                                                                              {
                                                                                "Node Type": "Merge Join",
                                                                                "Parent Relationship": "Outer",
                                                                                "Parallel Aware": false,
                                                                                "Join Type": "Inner",
                                                                                "Startup Cost": 3803.8,
                                                                                "Total Cost": 240823.48,
                                                                                "Plan Rows": 135,
                                                                                "Plan Width": 4,
                                                                                "Actual Startup Time": 141.09,
                                                                                "Actual Total Time": 651.806,
                                                                                "Actual Rows": 37091,
                                                                                "Actual Loops": 2,
                                                                                "Inner Unique": true,
                                                                                "Merge Cond": "(mk.keyword_id = k.id)",
                                                                                "Plans": [
                                                                                  {
                                                                                    "Node Type": "Index Scan",
                                                                                    "Parent Relationship": "Outer",
                                                                                    "Parallel Aware": false,
                                                                                    "Scan Direction": "Forward",
                                                                                    "Index Name": "keyword_id_movie_keyword",
                                                                                    "Relation Name": "movie_keyword",
                                                                                    "Alias": "mk",
                                                                                    "Startup Cost": 0.43,
                                                                                    "Total Cost": 226550.7,
                                                                                    "Plan Rows": 4523930,
                                                                                    "Plan Width": 8,
                                                                                    "Actual Startup Time": 0.032,
                                                                                    "Actual Total Time": 575.703,
                                                                                    "Actual Rows": 943582,
                                                                                    "Actual Loops": 2
                                                                                  },
                                                                                  {
                                                                                    "Node Type": "Sort",
                                                                                    "Parent Relationship": "Inner",
                                                                                    "Parallel Aware": false,
                                                                                    "Startup Cost": 2961.59,
                                                                                    "Total Cost": 2961.6,
                                                                                    "Plan Rows": 4,
                                                                                    "Plan Width": 4,
                                                                                    "Actual Startup Time": 15.07,
                                                                                    "Actual Total Time": 15.074,
                                                                                    "Actual Rows": 3,
                                                                                    "Actual Loops": 2,
                                                                                    "Sort Key": [
                                                                                      "k.id"
                                                                                    ],
                                                                                    "Sort Method": "quicksort",
                                                                                    "Sort Space Used": 25,
                                                                                    "Sort Space Type": "Memory",
                                                                                    "Workers": [
                                                                                      {
                                                                                        "Worker Number": 0,
                                                                                        "Sort Method": "quicksort",
                                                                                        "Sort Space Used": 25,
                                                                                        "Sort Space Type": "Memory"
                                                                                      }
                                                                                    ],
                                                                                    "Plans": [
                                                                                      {
                                                                                        "Node Type": "Seq Scan",
                                                                                        "Parent Relationship": "Outer",
                                                                                        "Parallel Aware": false,
                                                                                        "Relation Name": "keyword",
                                                                                        "Alias": "k",
                                                                                        "Startup Cost": 0.0,
                                                                                        "Total Cost": 2961.55,
                                                                                        "Plan Rows": 4,
                                                                                        "Plan Width": 4,
                                                                                        "Actual Startup Time": 0.717,
                                                                                        "Actual Total Time": 15.064,
                                                                                        "Actual Rows": 3,
                                                                                        "Actual Loops": 2,
                                                                                        "Filter": "(keyword = ANY ('{murder,murder-in-title,blood,violence}'::text[]))",
                                                                                        "Rows Removed by Filter": 134167
                                                                                      }
                                                                                    ]
                                                                                  }
                                                                                ]
                                                                              }
                                                                            ]
                                                                          }
                                                                        ]
                                                                      },
                                                                      {
                                                                        "Node Type": "Index Scan",
                                                                        "Parent Relationship": "Inner",
                                                                        "Parallel Aware": false,
                                                                        "Scan Direction": "Forward",
                                                                        "Index Name": "movie_id_movie_info_idx",
                                                                        "Relation Name": "movie_info_idx",
                                                                        "Alias": "mi_idx",
                                                                        "Startup Cost": 0.43,
                                                                        "Total Cost": 57072.82,
                                                                        "Plan Rows": 1341456,
                                                                        "Plan Width": 14,
                                                                        "Actual Startup Time": 0.024,
                                                                        "Actual Total Time": 267.559,
                                                                        "Actual Rows": 1344192,
                                                                        "Actual Loops": 2,
                                                                        "Filter": "(info < '8.5'::text)",
                                                                        "Rows Removed by Filter": 42678
                                                                      }
                                                                    ]
                                                                  }
                                                                ]
                                                              },
                                                              {
                                                                "Node Type": "Sort",
                                                                "Parent Relationship": "Inner",
                                                                "Parallel Aware": false,
                                                                "Startup Cost": 2.42,
                                                                "Total Cost": 2.43,
                                                                "Plan Rows": 1,
                                                                "Plan Width": 4,
                                                                "Actual Startup Time": 0.042,
                                                                "Actual Total Time": 0.043,
                                                                "Actual Rows": 1,
                                                                "Actual Loops": 2,
                                                                "Sort Key": [
                                                                  "it2.id"
                                                                ],
                                                                "Sort Method": "quicksort",
                                                                "Sort Space Used": 25,
                                                                "Sort Space Type": "Memory",
                                                                "Workers": [
                                                                  {
                                                                    "Worker Number": 0,
                                                                    "Sort Method": "quicksort",
                                                                    "Sort Space Used": 25,
                                                                    "Sort Space Type": "Memory"
                                                                  }
                                                                ],
                                                                "Plans": [
                                                                  {
                                                                    "Node Type": "Seq Scan",
                                                                    "Parent Relationship": "Outer",
                                                                    "Parallel Aware": false,
                                                                    "Relation Name": "info_type",
                                                                    "Alias": "it2",
                                                                    "Startup Cost": 0.0,
                                                                    "Total Cost": 2.41,
                                                                    "Plan Rows": 1,
                                                                    "Plan Width": 4,
                                                                    "Actual Startup Time": 0.033,
                                                                    "Actual Total Time": 0.035,
                                                                    "Actual Rows": 1,
                                                                    "Actual Loops": 2,
                                                                    "Filter": "((info)::text = 'rating'::text)",
                                                                    "Rows Removed by Filter": 112
                                                                  }
                                                                ]
                                                              }
                                                            ]
                                                          }
                                                        ]
                                                      }
                                                    ]
                                                  }
                                                ]
                                              },
                                              {
                                                "Node Type": "Sort",
                                                "Parent Relationship": "Inner",
                                                "Parallel Aware": false,
                                                "Startup Cost": 1.1,
                                                "Total Cost": 1.1,
                                                "Plan Rows": 2,
                                                "Plan Width": 4,
                                                "Actual Startup Time": 0.031,
                                                "Actual Total Time": 0.032,
                                                "Actual Rows": 2,
                                                "Actual Loops": 2,
                                                "Sort Key": [
                                                  "kt.id"
                                                ],
                                                "Sort Method": "quicksort",
                                                "Sort Space Used": 25,
                                                "Sort Space Type": "Memory",
                                                "Workers": [
                                                  {
                                                    "Worker Number": 0,
                                                    "Sort Method": "quicksort",
                                                    "Sort Space Used": 25,
                                                    "Sort Space Type": "Memory"
                                                  }
                                                ],
                                                "Plans": [
                                                  {
                                                    "Node Type": "Seq Scan",
                                                    "Parent Relationship": "Outer",
                                                    "Parallel Aware": false,
                                                    "Relation Name": "kind_type",
                                                    "Alias": "kt",
                                                    "Startup Cost": 0.0,
                                                    "Total Cost": 1.09,
                                                    "Plan Rows": 2,
                                                    "Plan Width": 4,
                                                    "Actual Startup Time": 0.024,
                                                    "Actual Total Time": 0.025,
                                                    "Actual Rows": 2,
                                                    "Actual Loops": 2,
                                                    "Filter": "((kind)::text = ANY ('{movie,episode}'::text[]))",
                                                    "Rows Removed by Filter": 5
                                                  }
                                                ]
                                              }
                                            ]
                                          }
                                        ]
                                      },
                                      {
                                        "Node Type": "Sort",
                                        "Parent Relationship": "Inner",
                                        "Parallel Aware": false,
                                        "Startup Cost": 69491.43,
                                        "Total Cost": 69830.57,
                                        "Plan Rows": 135657,
                                        "Plan Width": 12,
                                        "Actual Startup Time": 359.608,
                                        "Actual Total Time": 370.095,
                                        "Actual Rows": 310522,
                                        "Actual Loops": 2,
                                        "Sort Key": [
                                          "mc.movie_id"
                                        ],
                                        "Sort Method": "quicksort",
                                        "Sort Space Used": 26504,
                                        "Sort Space Type": "Memory",
                                        "Workers": [
                                          {
                                            "Worker Number": 0,
                                            "Sort Method": "quicksort",
                                            "Sort Space Used": 26504,
                                            "Sort Space Type": "Memory"
                                          }
                                        ],
                                        "Plans": [
                                          {
                                            "Node Type": "Seq Scan",
                                            "Parent Relationship": "Outer",
                                            "Parallel Aware": false,
                                            "Relation Name": "movie_companies",
                                            "Alias": "mc",
                                            "Startup Cost": 0.0,
                                            "Total Cost": 57926.93,
                                            "Plan Rows": 135657,
                                            "Plan Width": 12,
                                            "Actual Startup Time": 0.026,
                                            "Actual Total Time": 301.639,
                                            "Actual Rows": 303271,
                                            "Actual Loops": 2,
                                            "Filter": "((note !~~ '%(USA)%'::text) AND (note ~~ '%(200%)%'::text))",
                                            "Rows Removed by Filter": 2305858
                                          }
                                        ]
                                      }
                                    ]
                                  }
                                ]
                              },
                              {
                                "Node Type": "Sort",
                                "Parent Relationship": "Inner",
                                "Parallel Aware": false,
                                "Startup Cost": 2.42,
                                "Total Cost": 2.43,
                                "Plan Rows": 1,
                                "Plan Width": 4,
                                "Actual Startup Time": 0.028,
                                "Actual Total Time": 0.029,
                                "Actual Rows": 1,
                                "Actual Loops": 2,
                                "Sort Key": [
                                  "it1.id"
                                ],
                                "Sort Method": "quicksort",
                                "Sort Space Used": 25,
                                "Sort Space Type": "Memory",
                                "Workers": [
                                  {
                                    "Worker Number": 0,
                                    "Sort Method": "quicksort",
                                    "Sort Space Used": 25,
                                    "Sort Space Type": "Memory"
                                  }
                                ],
                                "Plans": [
                                  {
                                    "Node Type": "Seq Scan",
                                    "Parent Relationship": "Outer",
                                    "Parallel Aware": false,
                                    "Relation Name": "info_type",
                                    "Alias": "it1",
                                    "Startup Cost": 0.0,
                                    "Total Cost": 2.41,
                                    "Plan Rows": 1,
                                    "Plan Width": 4,
                                    "Actual Startup Time": 0.017,
                                    "Actual Total Time": 0.021,
                                    "Actual Rows": 1,
                                    "Actual Loops": 2,
                                    "Filter": "((info)::text = 'countries'::text)",
                                    "Rows Removed by Filter": 112
                                  }
                                ]
                              }
                            ]
                          }
                        ]
                      },
                      {
                        "Node Type": "Sort",
                        "Parent Relationship": "Inner",
                        "Parallel Aware": false,
                        "Startup Cost": 1.08,
                        "Total Cost": 1.09,
                        "Plan Rows": 4,
                        "Plan Width": 4,
                        "Actual Startup Time": 0.027,
                        "Actual Total Time": 0.027,
                        "Actual Rows": 1,
                        "Actual Loops": 2,
                        "Sort Key": [
                          "ct.id"
                        ],
                        "Sort Method": "quicksort",
                        "Sort Space Used": 25,
                        "Sort Space Type": "Memory",
                        "Workers": [
                          {
                            "Worker Number": 0,
                            "Sort Method": "quicksort",
                            "Sort Space Used": 25,
                            "Sort Space Type": "Memory"
                          }
                        ],
                        "Plans": [
                          {
                            "Node Type": "Seq Scan",
                            "Parent Relationship": "Outer",
                            "Parallel Aware": false,
                            "Relation Name": "company_type",
                            "Alias": "ct",
                            "Startup Cost": 0.0,
                            "Total Cost": 1.04,
                            "Plan Rows": 4,
                            "Plan Width": 4,
                            "Actual Startup Time": 0.022,
                            "Actual Total Time": 0.023,
                            "Actual Rows": 4,
                            "Actual Loops": 2
                          }
                        ]
                      }
                    ]
                  }
                ]
              },
              {
                "Node Type": "Sort",
                "Parent Relationship": "Inner",
                "Parallel Aware": false,
                "Startup Cost": 16558.15,
                "Total Cost": 16871.84,
                "Plan Rows": 125473,
                "Plan Width": 23,
                "Actual Startup Time": 63.283,
                "Actual Total Time": 67.877,
                "Actual Rows": 38065,
                "Actual Loops": 2,
                "Sort Key": [
                  "cn.id"
                ],
                "Sort Method": "quicksort",
                "Sort Space Used": 12078,
                "Sort Space Type": "Memory",
                "Workers": [
                  {
                    "Worker Number": 0,
                    "Sort Method": "quicksort",
                    "Sort Space Used": 12078,
                    "Sort Space Type": "Memory"
                  }
                ],
                "Plans": [
                  {
                    "Node Type": "Seq Scan",
                    "Parent Relationship": "Outer",
                    "Parallel Aware": false,
                    "Relation Name": "company_name",
                    "Alias": "cn",
                    "Startup Cost": 0.0,
                    "Total Cost": 5932.46,
                    "Plan Rows": 125473,
                    "Plan Width": 23,
                    "Actual Startup Time": 0.023,
                    "Actual Total Time": 28.376,
                    "Actual Rows": 126230,
                    "Actual Loops": 2,
                    "Filter": "((country_code)::text <> '[us]'::text)",
                    "Rows Removed by Filter": 108767
                  }
                ]
              }
            ]
          }
        ]
      }
    ]
  },
  "Planning Time": 4.112,
  "Triggers": [],
  "Execution Time": 4682.694
}