[
  {
    "Plan": {
      "Node Type": "Aggregate",
      "Strategy": "Plain",
      "Partial Mode": "Finalize",
      "Parallel Aware": false,
      "Startup Cost": 37120.86,
      "Total Cost": 37120.87,
      "Plan Rows": 1,
      "Plan Width": 8,
      "Actual Startup Time": 59.287,
      "Actual Total Time": 67.096,
      "Actual Rows": 1,
      "Actual Loops": 1,
      "Plans": [
        {
          "Node Type": "Gather",
          "Parent Relationship": "Outer",
          "Parallel Aware": false,
          "Startup Cost": 37120.64,
          "Total Cost": 37120.85,
          "Plan Rows": 2,
          "Plan Width": 8,
          "Actual Startup Time": 58.919,
          "Actual Total Time": 67.087,
          "Actual Rows": 3,
          "Actual Loops": 1,
          "Workers Planned": 2,
          "Workers Launched": 2,
          "Single Copy": false,
          "Plans": [
            {
              "Node Type": "Aggregate",
              "Strategy": "Plain",
              "Partial Mode": "Partial",
              "Parent Relationship": "Outer",
              "Parallel Aware": false,
              "Startup Cost": 36120.64,
              "Total Cost": 36120.65,
              "Plan Rows": 1,
              "Plan Width": 8,
              "Actual Startup Time": 50.527,
              "Actual Total Time": 50.532,
              "Actual Rows": 1,
              "Actual Loops": 3,
              "Plans": [
                {
                  "Node Type": "Nested Loop",
                  "Parent Relationship": "Outer",
                  "Parallel Aware": false,
                  "Join Type": "Inner",
                  "Startup Cost": 145.88,
                  "Total Cost": 36117.96,
                  "Plan Rows": 1074,
                  "Plan Width": 0,
                  "Actual Startup Time": 3.011,
                  "Actual Total Time": 50.326,
                  "Actual Rows": 850,
                  "Actual Loops": 3,
                  "Inner Unique": false,
                  "Plans": [
                    {
                      "Node Type": "Nested Loop",
                      "Parent Relationship": "Outer",
                      "Parallel Aware": false,
                      "Join Type": "Inner",
                      "Startup Cost": 145.45,
                      "Total Cost": 35020.86,
                      "Plan Rows": 1733,
                      "Plan Width": 8,
                      "Actual Startup Time": 2.624,
                      "Actual Total Time": 40.832,
                      "Actual Rows": 662,
                      "Actual Loops": 3,
                      "Inner Unique": true,
                      "Plans": [
                        {
                          "Node Type": "Bitmap Heap Scan",
                          "Parent Relationship": "Outer",
                          "Parallel Aware": true,
                          "Relation Name": "movie_keyword",
                          "Alias": "mk",
                          "Startup Cost": 145.02,
                          "Total Cost": 15193.32,
                          "Plan Rows": 2828,
                          "Plan Width": 4,
                          "Actual Startup Time": 2.422,
                          "Actual Total Time": 12.789,
                          "Actual Rows": 1957,
                          "Actual Loops": 3,
                          "Recheck Cond": "(keyword_id = 2860)",
                          "Rows Removed by Index Recheck": 0,
                          "Exact Heap Blocks": 3117,
                          "Lossy Heap Blocks": 0,
                          "Plans": [
                            {
                              "Node Type": "Bitmap Index Scan",
                              "Parent Relationship": "Outer",
                              "Parallel Aware": false,
                              "Index Name": "keyword_id_movie_keyword",
                              "Startup Cost": 0.0,
                              "Total Cost": 143.33,
                              "Plan Rows": 6786,
                              "Plan Width": 0,
                              "Actual Startup Time": 4.478,
                              "Actual Total Time": 4.478,
                              "Actual Rows": 5871,
                              "Actual Loops": 1,
                              "Index Cond": "(keyword_id = 2860)"
                            }
                          ]
                        },
                        {
                          "Node Type": "Index Scan",
                          "Parent Relationship": "Inner",
                          "Parallel Aware": false,
                          "Scan Direction": "Forward",
                          "Index Name": "title_pkey",
                          "Relation Name": "title",
                          "Alias": "t",
                          "Startup Cost": 0.43,
                          "Total Cost": 7.01,
                          "Plan Rows": 1,
                          "Plan Width": 4,
                          "Actual Startup Time": 0.013,
                          "Actual Total Time": 0.013,
                          "Actual Rows": 0,
                          "Actual Loops": 5871,
                          "Index Cond": "(id = mk.movie_id)",
                          "Rows Removed by Index Recheck": 0,
                          "Filter": "(kind_id > 4)",
                          "Rows Removed by Filter": 1
                        }
                      ]
                    },
                    {
                      "Node Type": "Index Scan",
                      "Parent Relationship": "Inner",
                      "Parallel Aware": false,
                      "Scan Direction": "Forward",
                      "Index Name": "movie_id_movie_companies",
                      "Relation Name": "movie_companies",
                      "Alias": "mc",
                      "Startup Cost": 0.43,
                      "Total Cost": 0.6,
                      "Plan Rows": 3,
                      "Plan Width": 4,
                      "Actual Startup Time": 0.011,
                      "Actual Total Time": 0.013,
                      "Actual Rows": 1,
                      "Actual Loops": 1985,
                      "Index Cond": "(movie_id = t.id)",
                      "Rows Removed by Index Recheck": 0,
                      "Filter": "(company_id < 14915)",
                      "Rows Removed by Filter": 0
                    }
                  ]
                }
              ]
            }
          ]
        }
      ]
    },
    "Planning Time": 1.535,
    "Triggers": [],
    "Execution Time": 67.23
  }
]