[
  {
    "Plan": {
      "Node Type": "Aggregate",
      "Strategy": "Plain",
      "Partial Mode": "Finalize",
      "Parallel Aware": false,
      "Startup Cost": 403143.04,
      "Total Cost": 403143.05,
      "Plan Rows": 1,
      "Plan Width": 8,
      "Actual Startup Time": 1335.785,
      "Actual Total Time": 1398.367,
      "Actual Rows": 1,
      "Actual Loops": 1,
      "Plans": [
        {
          "Node Type": "Gather",
          "Parent Relationship": "Outer",
          "Parallel Aware": false,
          "Startup Cost": 403142.42,
          "Total Cost": 403143.03,
          "Plan Rows": 6,
          "Plan Width": 8,
          "Actual Startup Time": 1329.51,
          "Actual Total Time": 1398.344,
          "Actual Rows": 7,
          "Actual Loops": 1,
          "Workers Planned": 6,
          "Workers Launched": 6,
          "Single Copy": false,
          "Plans": [
            {
              "Node Type": "Aggregate",
              "Strategy": "Plain",
              "Partial Mode": "Partial",
              "Parent Relationship": "Outer",
              "Parallel Aware": false,
              "Startup Cost": 402142.42,
              "Total Cost": 402142.43,
              "Plan Rows": 1,
              "Plan Width": 8,
              "Actual Startup Time": 1318.494,
              "Actual Total Time": 1318.5,
              "Actual Rows": 1,
              "Actual Loops": 7,
              "Plans": [
                {
                  "Node Type": "Hash Join",
                  "Parent Relationship": "Outer",
                  "Parallel Aware": true,
                  "Join Type": "Inner",
                  "Startup Cost": 47308.66,
                  "Total Cost": 400050.64,
                  "Plan Rows": 836710,
                  "Plan Width": 0,
                  "Actual Startup Time": 325.469,
                  "Actual Total Time": 1297.13,
                  "Actual Rows": 488561,
                  "Actual Loops": 7,
                  "Inner Unique": true,
                  "Hash Cond": "(ci.movie_id = t.id)",
                  "Plans": [
                    {
                      "Node Type": "Seq Scan",
                      "Parent Relationship": "Outer",
                      "Parallel Aware": true,
                      "Relation Name": "cast_info",
                      "Alias": "ci",
                      "Startup Cost": 0.0,
                      "Total Cost": 343257.03,
                      "Plan Rows": 3613311,
                      "Plan Width": 4,
                      "Actual Startup Time": 207.826,
                      "Actual Total Time": 679.924,
                      "Actual Rows": 2930335,
                      "Actual Loops": 7,
                      "Filter": "((person_id < 3496818) AND (role_id > 1))",
                      "Rows Removed by Filter": 2247428
                    },
                    {
                      "Node Type": "Hash",
                      "Parent Relationship": "Inner",
                      "Parallel Aware": true,
                      "Startup Cost": 45479.1,
                      "Total Cost": 45479.1,
                      "Plan Rows": 146365,
                      "Plan Width": 4,
                      "Actual Startup Time": 113.923,
                      "Actual Total Time": 113.926,
                      "Actual Rows": 69481,
                      "Actual Loops": 7,
                      "Hash Buckets": 1048576,
                      "Original Hash Buckets": 1048576,
                      "Hash Batches": 1,
                      "Original Hash Batches": 1,
                      "Peak Memory Usage": 27360,
                      "Plans": [
                        {
                          "Node Type": "Seq Scan",
                          "Parent Relationship": "Outer",
                          "Parallel Aware": true,
                          "Relation Name": "title",
                          "Alias": "t",
                          "Startup Cost": 0.0,
                          "Total Cost": 45479.1,
                          "Plan Rows": 146365,
                          "Plan Width": 4,
                          "Actual Startup Time": 0.044,
                          "Actual Total Time": 76.573,
                          "Actual Rows": 69481,
                          "Actual Loops": 7,
                          "Filter": "((production_year < 1999) AND (kind_id = 7))",
                          "Rows Removed by Filter": 291706
                        }
                      ]
                    }
                  ]
                }
              ]
            }
          ]
        }
      ]
    },
    "Planning Time": 0.702,
    "Triggers": [],
    "Execution Time": 1398.457
  }
]