[
  {
    "Plan": {
      "Node Type": "Aggregate",
      "Strategy": "Plain",
      "Partial Mode": "Finalize",
      "Parallel Aware": false,
      "Startup Cost": 62649.19,
      "Total Cost": 62649.2,
      "Plan Rows": 1,
      "Plan Width": 8,
      "Actual Startup Time": 77.582,
      "Actual Total Time": 86.894,
      "Actual Rows": 1,
      "Actual Loops": 1,
      "Plans": [
        {
          "Node Type": "Gather",
          "Parent Relationship": "Outer",
          "Parallel Aware": false,
          "Startup Cost": 62648.77,
          "Total Cost": 62649.18,
          "Plan Rows": 4,
          "Plan Width": 8,
          "Actual Startup Time": 77.115,
          "Actual Total Time": 86.883,
          "Actual Rows": 5,
          "Actual Loops": 1,
          "Workers Planned": 4,
          "Workers Launched": 4,
          "Single Copy": false,
          "Plans": [
            {
              "Node Type": "Aggregate",
              "Strategy": "Plain",
              "Partial Mode": "Partial",
              "Parent Relationship": "Outer",
              "Parallel Aware": false,
              "Startup Cost": 61648.77,
              "Total Cost": 61648.78,
              "Plan Rows": 1,
              "Plan Width": 8,
              "Actual Startup Time": 68.902,
              "Actual Total Time": 68.904,
              "Actual Rows": 1,
              "Actual Loops": 5,
              "Plans": [
                {
                  "Node Type": "Nested Loop",
                  "Parent Relationship": "Outer",
                  "Parallel Aware": false,
                  "Join Type": "Inner",
                  "Startup Cost": 1729.34,
                  "Total Cost": 61645.89,
                  "Plan Rows": 1152,
                  "Plan Width": 0,
                  "Actual Startup Time": 13.278,
                  "Actual Total Time": 68.751,
                  "Actual Rows": 396,
                  "Actual Loops": 5,
                  "Inner Unique": false,
                  "Plans": [
                    {
                      "Node Type": "Bitmap Heap Scan",
                      "Parent Relationship": "Outer",
                      "Parallel Aware": true,
                      "Relation Name": "title",
                      "Alias": "t",
                      "Startup Cost": 1728.91,
                      "Total Cost": 38090.05,
                      "Plan Rows": 2184,
                      "Plan Width": 4,
                      "Actual Startup Time": 12.971,
                      "Actual Total Time": 44.788,
                      "Actual Rows": 538,
                      "Actual Loops": 5,
                      "Recheck Cond": "(kind_id = 3)",
                      "Rows Removed by Index Recheck": 0,
                      "Filter": "(production_year < 1960)",
                      "Rows Removed by Filter": 19570,
                      "Exact Heap Blocks": 2991,
                      "Lossy Heap Blocks": 0,
                      "Plans": [
                        {
                          "Node Type": "Bitmap Index Scan",
                          "Parent Relationship": "Outer",
                          "Parallel Aware": false,
                          "Index Name": "kind_id_title",
                          "Startup Cost": 0.0,
                          "Total Cost": 1726.72,
                          "Plan Rows": 96839,
                          "Plan Width": 0,
                          "Actual Startup Time": 15.599,
                          "Actual Total Time": 15.6,
                          "Actual Rows": 100537,
                          "Actual Loops": 1,
                          "Index Cond": "(kind_id = 3)"
                        }
                      ]
                    },
                    {
                      "Node Type": "Index Scan",
                      "Parent Relationship": "Inner",
                      "Parallel Aware": false,
                      "Scan Direction": "Forward",
                      "Index Name": "movie_id_movie_companies",
                      "Relation Name": "movie_companies",
                      "Alias": "mc",
                      "Startup Cost": 0.43,
                      "Total Cost": 10.76,
                      "Plan Rows": 3,
                      "Plan Width": 4,
                      "Actual Startup Time": 0.043,
                      "Actual Total Time": 0.043,
                      "Actual Rows": 1,
                      "Actual Loops": 2689,
                      "Index Cond": "(movie_id = t.id)",
                      "Rows Removed by Index Recheck": 0,
                      "Filter": "(company_type_id > 1)",
                      "Rows Removed by Filter": 1
                    }
                  ]
                }
              ]
            }
          ]
        }
      ]
    },
    "Planning Time": 0.574,
    "Triggers": [],
    "Execution Time": 86.975
  }
]