[
  {
    "Plan": {
      "Node Type": "Aggregate",
      "Strategy": "Plain",
      "Partial Mode": "Finalize",
      "Parallel Aware": false,
      "Startup Cost": 216997.14,
      "Total Cost": 216997.15,
      "Plan Rows": 1,
      "Plan Width": 8,
      "Actual Startup Time": 137.589,
      "Actual Total Time": 158.191,
      "Actual Rows": 1,
      "Actual Loops": 1,
      "Plans": [
        {
          "Node Type": "Gather",
          "Parent Relationship": "Outer",
          "Parallel Aware": false,
          "Startup Cost": 216996.72,
          "Total Cost": 216997.13,
          "Plan Rows": 4,
          "Plan Width": 8,
          "Actual Startup Time": 137.472,
          "Actual Total Time": 158.183,
          "Actual Rows": 5,
          "Actual Loops": 1,
          "Workers Planned": 4,
          "Workers Launched": 4,
          "Single Copy": false,
          "Plans": [
            {
              "Node Type": "Aggregate",
              "Strategy": "Plain",
              "Partial Mode": "Partial",
              "Parent Relationship": "Outer",
              "Parallel Aware": false,
              "Startup Cost": 215996.72,
              "Total Cost": 215996.73,
              "Plan Rows": 1,
              "Plan Width": 8,
              "Actual Startup Time": 127.814,
              "Actual Total Time": 127.816,
              "Actual Rows": 1,
              "Actual Loops": 5,
              "Plans": [
                {
                  "Node Type": "Nested Loop",
                  "Parent Relationship": "Outer",
                  "Parallel Aware": false,
                  "Join Type": "Inner",
                  "Startup Cost": 0.43,
                  "Total Cost": 215978.64,
                  "Plan Rows": 7232,
                  "Plan Width": 0,
                  "Actual Startup Time": 0.338,
                  "Actual Total Time": 127.161,
                  "Actual Rows": 6505,
                  "Actual Loops": 5,
                  "Inner Unique": false,
                  "Plans": [
                    {
                      "Node Type": "Seq Scan",
                      "Parent Relationship": "Outer",
                      "Parallel Aware": true,
                      "Relation Name": "title",
                      "Alias": "t",
                      "Startup Cost": 0.0,
                      "Total Cost": 43898.92,
                      "Plan Rows": 2402,
                      "Plan Width": 4,
                      "Actual Startup Time": 0.091,
                      "Actual Total Time": 73.861,
                      "Actual Rows": 2062,
                      "Actual Loops": 5,
                      "Filter": "(production_year = 1962)",
                      "Rows Removed by Filter": 503601
                    },
                    {
                      "Node Type": "Index Scan",
                      "Parent Relationship": "Inner",
                      "Parallel Aware": false,
                      "Scan Direction": "Forward",
                      "Index Name": "movie_id_movie_info",
                      "Relation Name": "movie_info",
                      "Alias": "mi",
                      "Startup Cost": 0.43,
                      "Total Cost": 71.42,
                      "Plan Rows": 22,
                      "Plan Width": 4,
                      "Actual Startup Time": 0.015,
                      "Actual Total Time": 0.025,
                      "Actual Rows": 3,
                      "Actual Loops": 10308,
                      "Index Cond": "(movie_id = t.id)",
                      "Rows Removed by Index Recheck": 0,
                      "Filter": "(info_type_id > 7)",
                      "Rows Removed by Filter": 5
                    }
                  ]
                }
              ]
            }
          ]
        }
      ]
    },
    "Planning Time": 0.628,
    "Triggers": [],
    "Execution Time": 158.266
  }
]