{
  "Plan": {
    "Node Type": "Aggregate",
    "Strategy": "Plain",
    "Partial Mode": "Finalize",
    "Parallel Aware": false,
    "Startup Cost": 305251.17,
    "Total Cost": 305251.18,
    "Plan Rows": 1,
    "Plan Width": 8,
    "Actual Startup Time": 1037.858,
    "Actual Total Time": 1059.511,
    "Actual Rows": 1,
    "Actual Loops": 1,
    "Plans": [
      {
        "Node Type": "Gather",
        "Parent Relationship": "Outer",
        "Parallel Aware": false,
        "Startup Cost": 305251.05,
        "Total Cost": 305251.16,
        "Plan Rows": 1,
        "Plan Width": 8,
        "Actual Startup Time": 1034.883,
        "Actual Total Time": 1059.497,
        "Actual Rows": 2,
        "Actual Loops": 1,
        "Workers Planned": 1,
        "Workers Launched": 1,
        "Single Copy": false,
        "Plans": [
          {
            "Node Type": "Aggregate",
            "Strategy": "Plain",
            "Partial Mode": "Partial",
            "Parent Relationship": "Outer",
            "Parallel Aware": false,
            "Startup Cost": 304251.05,
            "Total Cost": 304251.06,
            "Plan Rows": 1,
            "Plan Width": 8,
            "Actual Startup Time": 1027.278,
            "Actual Total Time": 1027.286,
            "Actual Rows": 1,
            "Actual Loops": 2,
            "Plans": [
              {
                "Node Type": "Hash Join",
                "Parent Relationship": "Outer",
                "Parallel Aware": true,
                "Join Type": "Inner",
                "Startup Cost": 241618.51,
                "Total Cost": 303777.46,
                "Plan Rows": 189438,
                "Plan Width": 0,
                "Actual Startup Time": 543.001,
                "Actual Total Time": 1022.728,
                "Actual Rows": 66876,
                "Actual Loops": 2,
                "Inner Unique": false,
                "Hash Cond": "(mk.movie_id = t.id)",
                "Plans": [
                  {
                    "Node Type": "Seq Scan",
                    "Parent Relationship": "Outer",
                    "Parallel Aware": true,
                    "Relation Name": "movie_keyword",
                    "Alias": "mk",
                    "Startup Cost": 0.0,
                    "Total Cost": 51065.35,
                    "Plan Rows": 2661135,
                    "Plan Width": 4,
                    "Actual Startup Time": 0.022,
                    "Actual Total Time": 235.31,
                    "Actual Rows": 2261965,
                    "Actual Loops": 2
                  },
                  {
                    "Node Type": "Hash",
                    "Parent Relationship": "Inner",
                    "Parallel Aware": true,
                    "Startup Cost": 240295.12,
                    "Total Cost": 240295.12,
                    "Plan Rows": 105871,
                    "Plan Width": 8,
                    "Actual Startup Time": 539.389,
                    "Actual Total Time": 539.395,
                    "Actual Rows": 19294,
                    "Actual Loops": 2,
                    "Hash Buckets": 262144,
                    "Original Hash Buckets": 262144,
                    "Hash Batches": 1,
                    "Original Hash Batches": 1,
                    "Peak Memory Usage": 3584,
                    "Plans": [
                      {
                        "Node Type": "Hash Join",
                        "Parent Relationship": "Outer",
                        "Parallel Aware": true,
                        "Join Type": "Inner",
                        "Startup Cost": 73992.29,
                        "Total Cost": 240295.12,
                        "Plan Rows": 105871,
                        "Plan Width": 8,
                        "Actual Startup Time": 419.031,
                        "Actual Total Time": 532.243,
                        "Actual Rows": 19294,
                        "Actual Loops": 2,
                        "Inner Unique": true,
                        "Hash Cond": "(mi.movie_id = t.id)",
                        "Plans": [
                          {
                            "Node Type": "Bitmap Heap Scan",
                            "Parent Relationship": "Outer",
                            "Parallel Aware": true,
                            "Relation Name": "movie_info",
                            "Alias": "mi",
                            "Startup Cost": 8778.62,
                            "Total Cost": 174333.47,
                            "Plan Rows": 284948,
                            "Plan Width": 4,
                            "Actual Startup Time": 35.705,
                            "Actual Total Time": 76.204,
                            "Actual Rows": 243277,
                            "Actual Loops": 2,
                            "Recheck Cond": "(info_type_id = 5)",
                            "Rows Removed by Index Recheck": 0,
                            "Exact Heap Blocks": 2944,
                            "Lossy Heap Blocks": 0,
                            "Plans": [
                              {
                                "Node Type": "Bitmap Index Scan",
                                "Parent Relationship": "Outer",
                                "Parallel Aware": false,
                                "Index Name": "info_type_id_movie_info",
                                "Startup Cost": 0.0,
                                "Total Cost": 8657.52,
                                "Plan Rows": 484411,
                                "Plan Width": 0,
                                "Actual Startup Time": 34.507,
                                "Actual Total Time": 34.508,
                                "Actual Rows": 486554,
                                "Actual Loops": 1,
                                "Index Cond": "(info_type_id = 5)"
                              }
                            ]
                          },
                          {
                            "Node Type": "Hash",
                            "Parent Relationship": "Inner",
                            "Parallel Aware": true,
                            "Startup Cost": 58306.47,
                            "Total Cost": 58306.47,
                            "Plan Rows": 552576,
                            "Plan Width": 4,
                            "Actual Startup Time": 376.248,
                            "Actual Total Time": 376.249,
                            "Actual Rows": 438018,
                            "Actual Loops": 2,
                            "Hash Buckets": 1048576,
                            "Original Hash Buckets": 1048576,
                            "Hash Batches": 1,
                            "Original Hash Batches": 1,
                            "Peak Memory Usage": 42496,
                            "Plans": [
                              {
                                "Node Type": "Seq Scan",
                                "Parent Relationship": "Outer",
                                "Parallel Aware": true,
                                "Relation Name": "title",
                                "Alias": "t",
                                "Startup Cost": 0.0,
                                "Total Cost": 58306.47,
                                "Plan Rows": 552576,
                                "Plan Width": 4,
                                "Actual Startup Time": 0.029,
                                "Actual Total Time": 228.165,
                                "Actual Rows": 438018,
                                "Actual Loops": 2,
                                "Filter": "((production_year < 2007) AND (kind_id = 7))",
                                "Rows Removed by Filter": 826138
                              }
                            ]
                          }
                        ]
                      }
                    ]
                  }
                ]
              }
            ]
          }
        ]
      }
    ]
  },
  "Planning Time": 1.06,
  "Triggers": [],
  "Execution Time": 1059.625
}