[
    {
        "Bao": {
            "Bao prediction": 521.07,
            "Bao recommended hint": "(no hint)"
        }
    },
    {
        "Plan": {
            "Node Type": "Aggregate",
            "Strategy": "Plain",
            "Partial Mode": "Finalize",
            "Parallel Aware": false,
            "Startup Cost": 343155.38,
            "Total Cost": 343155.39,
            "Plan Rows": 1,
            "Plan Width": 8,
            "Actual Startup Time": 929.134,
            "Actual Total Time": 973.446,
            "Actual Rows": 1,
            "Actual Loops": 1,
            "Output": [
                "count(*)"
            ],
            "Plans": [
                {
                    "Node Type": "Gather",
                    "Parent Relationship": "Outer",
                    "Parallel Aware": false,
                    "Startup Cost": 343154.75,
                    "Total Cost": 343155.36,
                    "Plan Rows": 6,
                    "Plan Width": 8,
                    "Actual Startup Time": 929.029,
                    "Actual Total Time": 973.438,
                    "Actual Rows": 7,
                    "Actual Loops": 1,
                    "Output": [
                        "(PARTIAL count(*))"
                    ],
                    "Workers Planned": 6,
                    "Workers Launched": 6,
                    "Single Copy": false,
                    "Plans": [
                        {
                            "Node Type": "Aggregate",
                            "Strategy": "Plain",
                            "Partial Mode": "Partial",
                            "Parent Relationship": "Outer",
                            "Parallel Aware": false,
                            "Startup Cost": 342154.75,
                            "Total Cost": 342154.76,
                            "Plan Rows": 1,
                            "Plan Width": 8,
                            "Actual Startup Time": 919.501,
                            "Actual Total Time": 919.502,
                            "Actual Rows": 1,
                            "Actual Loops": 7,
                            "Output": [
                                "PARTIAL count(*)"
                            ],
                            "Workers": [
                                {
                                    "Worker Number": 0,
                                    "Actual Startup Time": 917.529,
                                    "Actual Total Time": 917.53,
                                    "Actual Rows": 1,
                                    "Actual Loops": 1
                                },
                                {
                                    "Worker Number": 1,
                                    "Actual Startup Time": 918.029,
                                    "Actual Total Time": 918.03,
                                    "Actual Rows": 1,
                                    "Actual Loops": 1
                                },
                                {
                                    "Worker Number": 2,
                                    "Actual Startup Time": 918.041,
                                    "Actual Total Time": 918.042,
                                    "Actual Rows": 1,
                                    "Actual Loops": 1
                                },
                                {
                                    "Worker Number": 3,
                                    "Actual Startup Time": 918.096,
                                    "Actual Total Time": 918.096,
                                    "Actual Rows": 1,
                                    "Actual Loops": 1
                                },
                                {
                                    "Worker Number": 4,
                                    "Actual Startup Time": 918.022,
                                    "Actual Total Time": 918.023,
                                    "Actual Rows": 1,
                                    "Actual Loops": 1
                                },
                                {
                                    "Worker Number": 5,
                                    "Actual Startup Time": 918.635,
                                    "Actual Total Time": 918.637,
                                    "Actual Rows": 1,
                                    "Actual Loops": 1
                                }
                            ],
                            "Plans": [
                                {
                                    "Node Type": "Seq Scan",
                                    "Parent Relationship": "Outer",
                                    "Parallel Aware": true,
                                    "Relation Name": "cast_info",
                                    "Schema": "public",
                                    "Alias": "ci",
                                    "Startup Cost": 0.0,
                                    "Total Cost": 328213.62,
                                    "Plan Rows": 5576454,
                                    "Plan Width": 0,
                                    "Actual Startup Time": 45.224,
                                    "Actual Total Time": 674.439,
                                    "Actual Rows": 4771167,
                                    "Actual Loops": 7,
                                    "Output": [
                                        "id",
                                        "person_id",
                                        "movie_id",
                                        "person_role_id",
                                        "note",
                                        "nr_order",
                                        "role_id"
                                    ],
                                    "Filter": "(ci.person_id > 275248)",
                                    "Rows Removed by Filter": 406597,
                                    "Workers": [
                                        {
                                            "Worker Number": 0,
                                            "Actual Startup Time": 43.254,
                                            "Actual Total Time": 676.158,
                                            "Actual Rows": 3671735,
                                            "Actual Loops": 1
                                        },
                                        {
                                            "Worker Number": 1,
                                            "Actual Startup Time": 43.754,
                                            "Actual Total Time": 674.613,
                                            "Actual Rows": 3705566,
                                            "Actual Loops": 1
                                        },
                                        {
                                            "Worker Number": 2,
                                            "Actual Startup Time": 43.768,
                                            "Actual Total Time": 675.209,
                                            "Actual Rows": 3696076,
                                            "Actual Loops": 1
                                        },
                                        {
                                            "Worker Number": 3,
                                            "Actual Startup Time": 43.808,
                                            "Actual Total Time": 675.057,
                                            "Actual Rows": 3700041,
                                            "Actual Loops": 1
                                        },
                                        {
                                            "Worker Number": 4,
                                            "Actual Startup Time": 43.745,
                                            "Actual Total Time": 673.126,
                                            "Actual Rows": 5621082,
                                            "Actual Loops": 1
                                        },
                                        {
                                            "Worker Number": 5,
                                            "Actual Startup Time": 44.361,
                                            "Actual Total Time": 683.274,
                                            "Actual Rows": 5826148,
                                            "Actual Loops": 1
                                        }
                                    ]
                                }
                            ]
                        }
                    ]
                }
            ]
        },
        "Planning Time": 629.197,
        "Triggers": [],
        "Execution Time": 973.545
    }
]