[
  {
    "Plan": {
      "Node Type": "Aggregate",
      "Strategy": "Plain",
      "Partial Mode": "Finalize",
      "Parallel Aware": false,
      "Startup Cost": 67087.31,
      "Total Cost": 67087.32,
      "Plan Rows": 1,
      "Plan Width": 8,
      "Actual Startup Time": 133.681,
      "Actual Total Time": 151.291,
      "Actual Rows": 1,
      "Actual Loops": 1,
      "Plans": [
        {
          "Node Type": "Gather",
          "Parent Relationship": "Outer",
          "Parallel Aware": false,
          "Startup Cost": 67086.99,
          "Total Cost": 67087.3,
          "Plan Rows": 3,
          "Plan Width": 8,
          "Actual Startup Time": 133.391,
          "Actual Total Time": 151.281,
          "Actual Rows": 4,
          "Actual Loops": 1,
          "Workers Planned": 3,
          "Workers Launched": 3,
          "Single Copy": false,
          "Plans": [
            {
              "Node Type": "Aggregate",
              "Strategy": "Plain",
              "Partial Mode": "Partial",
              "Parent Relationship": "Outer",
              "Parallel Aware": false,
              "Startup Cost": 66086.99,
              "Total Cost": 66087.0,
              "Plan Rows": 1,
              "Plan Width": 8,
              "Actual Startup Time": 125.737,
              "Actual Total Time": 125.742,
              "Actual Rows": 1,
              "Actual Loops": 4,
              "Plans": [
                {
                  "Node Type": "Hash Join",
                  "Parent Relationship": "Outer",
                  "Parallel Aware": true,
                  "Join Type": "Inner",
                  "Startup Cost": 46954.72,
                  "Total Cost": 66086.73,
                  "Plan Rows": 103,
                  "Plan Width": 0,
                  "Actual Startup Time": 124.894,
                  "Actual Total Time": 125.734,
                  "Actual Rows": 6,
                  "Actual Loops": 4,
                  "Inner Unique": true,
                  "Hash Cond": "(mc.movie_id = t.id)",
                  "Plans": [
                    {
                      "Node Type": "Bitmap Heap Scan",
                      "Parent Relationship": "Outer",
                      "Parallel Aware": true,
                      "Relation Name": "movie_companies",
                      "Alias": "mc",
                      "Startup Cost": 1399.32,
                      "Total Cost": 20503.25,
                      "Plan Rows": 10696,
                      "Plan Width": 4,
                      "Actual Startup Time": 12.585,
                      "Actual Total Time": 13.831,
                      "Actual Rows": 1644,
                      "Actual Loops": 4,
                      "Recheck Cond": "(company_id = 6)",
                      "Rows Removed by Index Recheck": 0,
                      "Filter": "(company_type_id > 1)",
                      "Rows Removed by Filter": 13874,
                      "Exact Heap Blocks": 2728,
                      "Lossy Heap Blocks": 0,
                      "Plans": [
                        {
                          "Node Type": "Bitmap Index Scan",
                          "Parent Relationship": "Outer",
                          "Parallel Aware": false,
                          "Index Name": "company_id_movie_companies",
                          "Startup Cost": 0.0,
                          "Total Cost": 1391.03,
                          "Plan Rows": 64880,
                          "Plan Width": 0,
                          "Actual Startup Time": 3.327,
                          "Actual Total Time": 3.328,
                          "Actual Rows": 62075,
                          "Actual Loops": 1,
                          "Index Cond": "(company_id = 6)"
                        }
                      ]
                    },
                    {
                      "Node Type": "Hash",
                      "Parent Relationship": "Inner",
                      "Parallel Aware": true,
                      "Startup Cost": 45479.59,
                      "Total Cost": 45479.59,
                      "Plan Rows": 6065,
                      "Plan Width": 4,
                      "Actual Startup Time": 110.427,
                      "Actual Total Time": 110.428,
                      "Actual Rows": 6496,
                      "Actual Loops": 4,
                      "Hash Buckets": 32768,
                      "Original Hash Buckets": 32768,
                      "Hash Batches": 1,
                      "Original Hash Batches": 1,
                      "Peak Memory Usage": 1376,
                      "Plans": [
                        {
                          "Node Type": "Seq Scan",
                          "Parent Relationship": "Outer",
                          "Parallel Aware": true,
                          "Relation Name": "title",
                          "Alias": "t",
                          "Startup Cost": 0.0,
                          "Total Cost": 45479.59,
                          "Plan Rows": 6065,
                          "Plan Width": 4,
                          "Actual Startup Time": 0.042,
                          "Actual Total Time": 106.838,
                          "Actual Rows": 6496,
                          "Actual Loops": 4,
                          "Filter": "((kind_id = 7) AND (production_year = 1997))",
                          "Rows Removed by Filter": 625582
                        }
                      ]
                    }
                  ]
                }
              ]
            }
          ]
        }
      ]
    },
    "Planning Time": 0.522,
    "Triggers": [],
    "Execution Time": 151.378
  }
]