[
  {
    "Plan": {
      "Node Type": "Aggregate",
      "Strategy": "Plain",
      "Partial Mode": "Finalize",
      "Parallel Aware": false,
      "Startup Cost": 34762.18,
      "Total Cost": 34762.19,
      "Plan Rows": 1,
      "Plan Width": 8,
      "Actual Startup Time": 94.333,
      "Actual Total Time": 111.517,
      "Actual Rows": 1,
      "Actual Loops": 1,
      "Plans": [
        {
          "Node Type": "Gather",
          "Parent Relationship": "Outer",
          "Parallel Aware": false,
          "Startup Cost": 34761.97,
          "Total Cost": 34762.18,
          "Plan Rows": 2,
          "Plan Width": 8,
          "Actual Startup Time": 94.01,
          "Actual Total Time": 111.507,
          "Actual Rows": 3,
          "Actual Loops": 1,
          "Workers Planned": 2,
          "Workers Launched": 2,
          "Single Copy": false,
          "Plans": [
            {
              "Node Type": "Aggregate",
              "Strategy": "Plain",
              "Partial Mode": "Partial",
              "Parent Relationship": "Outer",
              "Parallel Aware": false,
              "Startup Cost": 33761.97,
              "Total Cost": 33761.98,
              "Plan Rows": 1,
              "Plan Width": 8,
              "Actual Startup Time": 85.867,
              "Actual Total Time": 85.869,
              "Actual Rows": 1,
              "Actual Loops": 3,
              "Plans": [
                {
                  "Node Type": "Nested Loop",
                  "Parent Relationship": "Outer",
                  "Parallel Aware": false,
                  "Join Type": "Inner",
                  "Startup Cost": 114.33,
                  "Total Cost": 33683.19,
                  "Plan Rows": 31512,
                  "Plan Width": 0,
                  "Actual Startup Time": 2.264,
                  "Actual Total Time": 83.99,
                  "Actual Rows": 20621,
                  "Actual Loops": 3,
                  "Inner Unique": false,
                  "Plans": [
                    {
                      "Node Type": "Nested Loop",
                      "Parent Relationship": "Outer",
                      "Parallel Aware": false,
                      "Join Type": "Inner",
                      "Startup Cost": 113.77,
                      "Total Cost": 28871.56,
                      "Plan Rows": 2199,
                      "Plan Width": 8,
                      "Actual Startup Time": 2.057,
                      "Actual Total Time": 18.76,
                      "Actual Rows": 1653,
                      "Actual Loops": 3,
                      "Inner Unique": true,
                      "Plans": [
                        {
                          "Node Type": "Bitmap Heap Scan",
                          "Parent Relationship": "Outer",
                          "Parallel Aware": true,
                          "Relation Name": "movie_keyword",
                          "Alias": "mk",
                          "Startup Cost": 113.34,
                          "Total Cost": 12888.65,
                          "Plan Rows": 2199,
                          "Plan Width": 4,
                          "Actual Startup Time": 1.866,
                          "Actual Total Time": 6.251,
                          "Actual Rows": 1653,
                          "Actual Loops": 3,
                          "Recheck Cond": "(keyword_id = 2632)",
                          "Rows Removed by Index Recheck": 0,
                          "Exact Heap Blocks": 1857,
                          "Lossy Heap Blocks": 0,
                          "Plans": [
                            {
                              "Node Type": "Bitmap Index Scan",
                              "Parent Relationship": "Outer",
                              "Parallel Aware": false,
                              "Index Name": "keyword_id_movie_keyword",
                              "Startup Cost": 0.0,
                              "Total Cost": 112.02,
                              "Plan Rows": 5278,
                              "Plan Width": 0,
                              "Actual Startup Time": 3.937,
                              "Actual Total Time": 3.938,
                              "Actual Rows": 4958,
                              "Actual Loops": 1,
                              "Index Cond": "(keyword_id = 2632)"
                            }
                          ]
                        },
                        {
                          "Node Type": "Index Only Scan",
                          "Parent Relationship": "Inner",
                          "Parallel Aware": false,
                          "Scan Direction": "Forward",
                          "Index Name": "title_pkey",
                          "Relation Name": "title",
                          "Alias": "t",
                          "Startup Cost": 0.43,
                          "Total Cost": 7.27,
                          "Plan Rows": 1,
                          "Plan Width": 4,
                          "Actual Startup Time": 0.007,
                          "Actual Total Time": 0.007,
                          "Actual Rows": 1,
                          "Actual Loops": 4958,
                          "Index Cond": "(id = mk.movie_id)",
                          "Rows Removed by Index Recheck": 0,
                          "Heap Fetches": 4958
                        }
                      ]
                    },
                    {
                      "Node Type": "Index Only Scan",
                      "Parent Relationship": "Inner",
                      "Parallel Aware": false,
                      "Scan Direction": "Forward",
                      "Index Name": "movie_id_cast_info",
                      "Relation Name": "cast_info",
                      "Alias": "ci",
                      "Startup Cost": 0.56,
                      "Total Cost": 1.82,
                      "Plan Rows": 37,
                      "Plan Width": 4,
                      "Actual Startup Time": 0.008,
                      "Actual Total Time": 0.038,
                      "Actual Rows": 12,
                      "Actual Loops": 4958,
                      "Index Cond": "(movie_id = t.id)",
                      "Rows Removed by Index Recheck": 0,
                      "Heap Fetches": 61862
                    }
                  ]
                }
              ]
            }
          ]
        }
      ]
    },
    "Planning Time": 1.405,
    "Triggers": [],
    "Execution Time": 111.629
  }
]