{
  "Plan": {
    "Node Type": "Aggregate",
    "Strategy": "Plain",
    "Partial Mode": "Simple",
    "Parallel Aware": false,
    "Startup Cost": 1517756.17,
    "Total Cost": 1517756.18,
    "Plan Rows": 1,
    "Plan Width": 96,
    "Actual Startup Time": 28859.344,
    "Actual Total Time": 28859.552,
    "Actual Rows": 1,
    "Actual Loops": 1,
    "Plans": [
      {
        "Node Type": "Nested Loop",
        "Parent Relationship": "Outer",
        "Parallel Aware": false,
        "Join Type": "Inner",
        "Startup Cost": 1428135.4,
        "Total Cost": 1517756.16,
        "Plan Rows": 1,
        "Plan Width": 39,
        "Actual Startup Time": 28830.876,
        "Actual Total Time": 28859.532,
        "Actual Rows": 58,
        "Actual Loops": 1,
        "Inner Unique": false,
        "Join Filter": "(mk.keyword_id = k.id)",
        "Rows Removed by Join Filter": 384514,
        "Plans": [
          {
            "Node Type": "Seq Scan",
            "Parent Relationship": "Outer",
            "Parallel Aware": false,
            "Relation Name": "keyword",
            "Alias": "k",
            "Startup Cost": 0.0,
            "Total Cost": 2961.55,
            "Plan Rows": 4,
            "Plan Width": 4,
            "Actual Startup Time": 0.082,
            "Actual Total Time": 14.778,
            "Actual Rows": 4,
            "Actual Loops": 1,
            "Filter": "(keyword = ANY ('{superhero,marvel-comics,based-on-comic,fight}'::text[]))",
            "Rows Removed by Filter": 134166
          },
          {
            "Node Type": "Materialize",
            "Parent Relationship": "Inner",
            "Parallel Aware": false,
            "Startup Cost": 1428135.4,
            "Total Cost": 1514794.55,
            "Plan Rows": 1,
            "Plan Width": 43,
            "Actual Startup Time": 7078.051,
            "Actual Total Time": 7205.832,
            "Actual Rows": 96143,
            "Actual Loops": 4,
            "Plans": [
              {
                "Node Type": "Nested Loop",
                "Parent Relationship": "Outer",
                "Parallel Aware": false,
                "Join Type": "Inner",
                "Startup Cost": 1428135.4,
                "Total Cost": 1514794.55,
                "Plan Rows": 1,
                "Plan Width": 43,
                "Actual Startup Time": 28312.192,
                "Actual Total Time": 28778.941,
                "Actual Rows": 96143,
                "Actual Loops": 1,
                "Inner Unique": false,
                "Join Filter": "(cc.subject_id = cct1.id)",
                "Rows Removed by Join Filter": 96239,
                "Plans": [
                  {
                    "Node Type": "Seq Scan",
                    "Parent Relationship": "Outer",
                    "Parallel Aware": false,
                    "Relation Name": "comp_cast_type",
                    "Alias": "cct1",
                    "Startup Cost": 0.0,
                    "Total Cost": 1.05,
                    "Plan Rows": 1,
                    "Plan Width": 4,
                    "Actual Startup Time": 0.005,
                    "Actual Total Time": 0.008,
                    "Actual Rows": 1,
                    "Actual Loops": 1,
                    "Filter": "((kind)::text = 'cast'::text)",
                    "Rows Removed by Filter": 3
                  },
                  {
                    "Node Type": "Hash Join",
                    "Parent Relationship": "Inner",
                    "Parallel Aware": false,
                    "Join Type": "Inner",
                    "Startup Cost": 1428135.4,
                    "Total Cost": 1514793.46,
                    "Plan Rows": 3,
                    "Plan Width": 47,
                    "Actual Startup Time": 28312.184,
                    "Actual Total Time": 28767.07,
                    "Actual Rows": 192382,
                    "Actual Loops": 1,
                    "Inner Unique": false,
                    "Hash Cond": "(mk.movie_id = t.id)",
                    "Plans": [
                      {
                        "Node Type": "Seq Scan",
                        "Parent Relationship": "Outer",
                        "Parallel Aware": false,
                        "Relation Name": "movie_keyword",
                        "Alias": "mk",
                        "Startup Cost": 0.0,
                        "Total Cost": 69693.3,
                        "Plan Rows": 4523930,
                        "Plan Width": 8,
                        "Actual Startup Time": 0.007,
                        "Actual Total Time": 285.498,
                        "Actual Rows": 4523930,
                        "Actual Loops": 1
                      },
                      {
                        "Node Type": "Hash",
                        "Parent Relationship": "Inner",
                        "Parallel Aware": false,
                        "Startup Cost": 1428135.39,
                        "Total Cost": 1428135.39,
                        "Plan Rows": 1,
                        "Plan Width": 59,
                        "Actual Startup Time": 28197.955,
                        "Actual Total Time": 28198.16,
                        "Actual Rows": 1538,
                        "Actual Loops": 1,
                        "Hash Buckets": 2048,
                        "Original Hash Buckets": 1024,
                        "Hash Batches": 1,
                        "Original Hash Batches": 1,
                        "Peak Memory Usage": 157,
                        "Plans": [
                          {
                            "Node Type": "Nested Loop",
                            "Parent Relationship": "Outer",
                            "Parallel Aware": false,
                            "Join Type": "Inner",
                            "Startup Cost": 1320545.15,
                            "Total Cost": 1428135.39,
                            "Plan Rows": 1,
                            "Plan Width": 59,
                            "Actual Startup Time": 20693.763,
                            "Actual Total Time": 28197.138,
                            "Actual Rows": 1538,
                            "Actual Loops": 1,
                            "Inner Unique": false,
                            "Join Filter": "(cc.status_id = cct2.id)",
                            "Rows Removed by Join Filter": 1538,
                            "Plans": [
                              {
                                "Node Type": "Seq Scan",
                                "Parent Relationship": "Outer",
                                "Parallel Aware": false,
                                "Relation Name": "comp_cast_type",
                                "Alias": "cct2",
                                "Startup Cost": 0.0,
                                "Total Cost": 1.05,
                                "Plan Rows": 1,
                                "Plan Width": 4,
                                "Actual Startup Time": 0.004,
                                "Actual Total Time": 0.007,
                                "Actual Rows": 2,
                                "Actual Loops": 1,
                                "Filter": "((kind)::text ~~ '%complete%'::text)",
                                "Rows Removed by Filter": 2
                              },
                              {
                                "Node Type": "Hash Join",
                                "Parent Relationship": "Inner",
                                "Parallel Aware": false,
                                "Join Type": "Inner",
                                "Startup Cost": 1320545.15,
                                "Total Cost": 1428134.3,
                                "Plan Rows": 3,
                                "Plan Width": 63,
                                "Actual Startup Time": 10221.311,
                                "Actual Total Time": 14098.353,
                                "Actual Rows": 1538,
                                "Actual Loops": 2,
                                "Inner Unique": true,
                                "Hash Cond": "(t.kind_id = kt.id)",
                                "Plans": [
                                  {
                                    "Node Type": "Nested Loop",
                                    "Parent Relationship": "Outer",
                                    "Parallel Aware": false,
                                    "Join Type": "Inner",
                                    "Startup Cost": 1320544.05,
                                    "Total Cost": 1428133.12,
                                    "Plan Rows": 19,
                                    "Plan Width": 67,
                                    "Actual Startup Time": 10221.291,
                                    "Actual Total Time": 14097.922,
                                    "Actual Rows": 1571,
                                    "Actual Loops": 2,
                                    "Inner Unique": true,
                                    "Plans": [
                                      {
                                        "Node Type": "Nested Loop",
                                        "Parent Relationship": "Outer",
                                        "Parallel Aware": false,
                                        "Join Type": "Inner",
                                        "Startup Cost": 1320543.62,
                                        "Total Cost": 1428040.76,
                                        "Plan Rows": 203,
                                        "Plan Width": 42,
                                        "Actual Startup Time": 10190.657,
                                        "Actual Total Time": 14076.653,
                                        "Actual Rows": 6766,
                                        "Actual Loops": 2,
                                        "Inner Unique": false,
                                        "Join Filter": "(mi_idx.info_type_id = it2.id)",
                                        "Rows Removed by Join Filter": 14117,
                                        "Plans": [
                                          {
                                            "Node Type": "Seq Scan",
                                            "Parent Relationship": "Outer",
                                            "Parallel Aware": false,
                                            "Relation Name": "info_type",
                                            "Alias": "it2",
                                            "Startup Cost": 0.0,
                                            "Total Cost": 2.41,
                                            "Plan Rows": 1,
                                            "Plan Width": 4,
                                            "Actual Startup Time": 0.009,
                                            "Actual Total Time": 0.014,
                                            "Actual Rows": 1,
                                            "Actual Loops": 2,
                                            "Filter": "((info)::text = 'rating'::text)",
                                            "Rows Removed by Filter": 112
                                          },
                                          {
                                            "Node Type": "Hash Join",
                                            "Parent Relationship": "Inner",
                                            "Parallel Aware": false,
                                            "Join Type": "Inner",
                                            "Startup Cost": 1320543.62,
                                            "Total Cost": 1427751.52,
                                            "Plan Rows": 22946,
                                            "Plan Width": 46,
                                            "Actual Startup Time": 10183.099,
                                            "Actual Total Time": 14074.758,
                                            "Actual Rows": 20883,
                                            "Actual Loops": 2,
                                            "Inner Unique": true,
                                            "Hash Cond": "(ci.person_role_id = chn.id)",
                                            "Plans": [
                                              {
                                                "Node Type": "Hash Join",
                                                "Parent Relationship": "Outer",
                                                "Parallel Aware": false,
                                                "Join Type": "Inner",
                                                "Startup Cost": 1239491.85,
                                                "Total Cost": 1346031.2,
                                                "Plan Rows": 254688,
                                                "Plan Width": 34,
                                                "Actual Startup Time": 10070.611,
                                                "Actual Total Time": 13882.672,
                                                "Actual Rows": 598189,
                                                "Actual Loops": 2,
                                                "Inner Unique": false,
                                                "Hash Cond": "(ci.movie_id = mi_idx.movie_id)",
                                                "Plans": [
                                                  {
                                                    "Node Type": "Hash Join",
                                                    "Parent Relationship": "Outer",
                                                    "Parallel Aware": false,
                                                    "Join Type": "Inner",
                                                    "Startup Cost": 1217867.02,
                                                    "Total Cost": 1290294.87,
                                                    "Plan Rows": 5050339,
                                                    "Plan Width": 20,
                                                    "Actual Startup Time": 10027.542,
                                                    "Actual Total Time": 13478.35,
                                                    "Actual Rows": 5212164,
                                                    "Actual Loops": 2,
                                                    "Inner Unique": true,
                                                    "Hash Cond": "(ci.person_id = n.id)",
                                                    "Plans": [
                                                      {
                                                        "Node Type": "Hash Join",
                                                        "Parent Relationship": "Outer",
                                                        "Parallel Aware": false,
                                                        "Join Type": "Inner",
                                                        "Startup Cost": 1068488.04,
                                                        "Total Cost": 1127658.73,
                                                        "Plan Rows": 5050339,
                                                        "Plan Width": 24,
                                                        "Actual Startup Time": 9169.422,
                                                        "Actual Total Time": 10623.793,
                                                        "Actual Rows": 5212164,
                                                        "Actual Loops": 2,
                                                        "Inner Unique": false,
                                                        "Hash Cond": "(cc.movie_id = ci.movie_id)",
                                                        "Plans": [
                                                          {
                                                            "Node Type": "Seq Scan",
                                                            "Parent Relationship": "Outer",
                                                            "Parallel Aware": false,
                                                            "Relation Name": "complete_cast",
                                                            "Alias": "cc",
                                                            "Startup Cost": 0.0,
                                                            "Total Cost": 2081.86,
                                                            "Plan Rows": 135086,
                                                            "Plan Width": 12,
                                                            "Actual Startup Time": 0.021,
                                                            "Actual Total Time": 12.616,
                                                            "Actual Rows": 135086,
                                                            "Actual Loops": 2
                                                          },
                                                          {
                                                            "Node Type": "Hash",
                                                            "Parent Relationship": "Inner",
                                                            "Parallel Aware": false,
                                                            "Startup Cost": 615265.24,
                                                            "Total Cost": 615265.24,
                                                            "Plan Rows": 36257824,
                                                            "Plan Width": 12,
                                                            "Actual Startup Time": 18007.189,
                                                            "Actual Total Time": 18007.189,
                                                            "Actual Rows": 36244344,
                                                            "Actual Loops": 1,
                                                            "Hash Buckets": 67108864,
                                                            "Original Hash Buckets": 67108864,
                                                            "Hash Batches": 1,
                                                            "Original Hash Batches": 1,
                                                            "Peak Memory Usage": 2008722,
                                                            "Plans": [
                                                              {
                                                                "Node Type": "Seq Scan",
                                                                "Parent Relationship": "Outer",
                                                                "Parallel Aware": false,
                                                                "Relation Name": "cast_info",
                                                                "Alias": "ci",
                                                                "Startup Cost": 0.0,
                                                                "Total Cost": 615265.24,
                                                                "Plan Rows": 36257824,
                                                                "Plan Width": 12,
                                                                "Actual Startup Time": 0.026,
                                                                "Actual Total Time": 4146.574,
                                                                "Actual Rows": 36244344,
                                                                "Actual Loops": 1
                                                              }
                                                            ]
                                                          }
                                                        ]
                                                      },
                                                      {
                                                        "Node Type": "Hash",
                                                        "Parent Relationship": "Inner",
                                                        "Parallel Aware": false,
                                                        "Startup Cost": 97286.77,
                                                        "Total Cost": 97286.77,
                                                        "Plan Rows": 4167377,
                                                        "Plan Width": 4,
                                                        "Actual Startup Time": 1695.25,
                                                        "Actual Total Time": 1695.251,
                                                        "Actual Rows": 4167491,
                                                        "Actual Loops": 1,
                                                        "Hash Buckets": 4194304,
                                                        "Original Hash Buckets": 4194304,
                                                        "Hash Batches": 1,
                                                        "Original Hash Batches": 1,
                                                        "Peak Memory Usage": 179282,
                                                        "Plans": [
                                                          {
                                                            "Node Type": "Seq Scan",
                                                            "Parent Relationship": "Outer",
                                                            "Parallel Aware": false,
                                                            "Relation Name": "name",
                                                            "Alias": "n",
                                                            "Startup Cost": 0.0,
                                                            "Total Cost": 97286.77,
                                                            "Plan Rows": 4167377,
                                                            "Plan Width": 4,
                                                            "Actual Startup Time": 0.037,
                                                            "Actual Total Time": 529.478,
                                                            "Actual Rows": 4167491,
                                                            "Actual Loops": 1
                                                          }
                                                        ]
                                                      }
                                                    ]
                                                  },
                                                  {
                                                    "Node Type": "Hash",
                                                    "Parent Relationship": "Inner",
                                                    "Parallel Aware": false,
                                                    "Startup Cost": 21013.48,
                                                    "Total Cost": 21013.48,
                                                    "Plan Rows": 48908,
                                                    "Plan Width": 14,
                                                    "Actual Startup Time": 82.199,
                                                    "Actual Total Time": 82.307,
                                                    "Actual Rows": 52629,
                                                    "Actual Loops": 1,
                                                    "Hash Buckets": 65536,
                                                    "Original Hash Buckets": 65536,
                                                    "Hash Batches": 1,
                                                    "Original Hash Batches": 1,
                                                    "Peak Memory Usage": 2782,
                                                    "Plans": [
                                                      {
                                                        "Node Type": "Gather",
                                                        "Parent Relationship": "Outer",
                                                        "Parallel Aware": false,
                                                        "Startup Cost": 1000.0,
                                                        "Total Cost": 21013.48,
                                                        "Plan Rows": 48908,
                                                        "Plan Width": 14,
                                                        "Actual Startup Time": 0.366,
                                                        "Actual Total Time": 71.295,
                                                        "Actual Rows": 52629,
                                                        "Actual Loops": 1,
                                                        "Workers Planned": 2,
                                                        "Workers Launched": 2,
                                                        "Single Copy": false,
                                                        "Plans": [
                                                          {
                                                            "Node Type": "Seq Scan",
                                                            "Parent Relationship": "Outer",
                                                            "Parallel Aware": true,
                                                            "Relation Name": "movie_info_idx",
                                                            "Alias": "mi_idx",
                                                            "Startup Cost": 0.0,
                                                            "Total Cost": 15122.68,
                                                            "Plan Rows": 20378,
                                                            "Plan Width": 14,
                                                            "Actual Startup Time": 0.07,
                                                            "Actual Total Time": 63.883,
                                                            "Actual Rows": 17543,
                                                            "Actual Loops": 3,
                                                            "Filter": "(info > '8.0'::text)",
                                                            "Rows Removed by Filter": 442469
                                                          }
                                                        ]
                                                      }
                                                    ]
                                                  }
                                                ]
                                              },
                                              {
                                                "Node Type": "Hash",
                                                "Parent Relationship": "Inner",
                                                "Parallel Aware": false,
                                                "Startup Cost": 77515.35,
                                                "Total Cost": 77515.35,
                                                "Plan Rows": 282914,
                                                "Plan Width": 20,
                                                "Actual Startup Time": 222.46,
                                                "Actual Total Time": 222.543,
                                                "Actual Rows": 180152,
                                                "Actual Loops": 1,
                                                "Hash Buckets": 524288,
                                                "Original Hash Buckets": 524288,
                                                "Hash Batches": 1,
                                                "Original Hash Batches": 1,
                                                "Peak Memory Usage": 14028,
                                                "Plans": [
                                                  {
                                                    "Node Type": "Gather",
                                                    "Parent Relationship": "Outer",
                                                    "Parallel Aware": false,
                                                    "Startup Cost": 1000.0,
                                                    "Total Cost": 77515.35,
                                                    "Plan Rows": 282914,
                                                    "Plan Width": 20,
                                                    "Actual Startup Time": 0.556,
                                                    "Actual Total Time": 171.553,
                                                    "Actual Rows": 180152,
                                                    "Actual Loops": 1,
                                                    "Workers Planned": 4,
                                                    "Workers Launched": 4,
                                                    "Single Copy": false,
                                                    "Plans": [
                                                      {
                                                        "Node Type": "Seq Scan",
                                                        "Parent Relationship": "Outer",
                                                        "Parallel Aware": true,
                                                        "Relation Name": "char_name",
                                                        "Alias": "chn",
                                                        "Startup Cost": 0.0,
                                                        "Total Cost": 48223.94,
                                                        "Plan Rows": 70728,
                                                        "Plan Width": 20,
                                                        "Actual Startup Time": 0.065,
                                                        "Actual Total Time": 180.387,
                                                        "Actual Rows": 36030,
                                                        "Actual Loops": 5,
                                                        "Filter": "((name IS NOT NULL) AND ((name ~~ '%man%'::text) OR (name ~~ '%Man%'::text)))",
                                                        "Rows Removed by Filter": 592037
                                                      }
                                                    ]
                                                  }
                                                ]
                                              }
                                            ]
                                          }
                                        ]
                                      },
                                      {
                                        "Node Type": "Index Scan",
                                        "Parent Relationship": "Inner",
                                        "Parallel Aware": false,
                                        "Scan Direction": "Forward",
                                        "Index Name": "title_pkey",
                                        "Relation Name": "title",
                                        "Alias": "t",
                                        "Startup Cost": 0.43,
                                        "Total Cost": 0.45,
                                        "Plan Rows": 1,
                                        "Plan Width": 25,
                                        "Actual Startup Time": 0.003,
                                        "Actual Total Time": 0.003,
                                        "Actual Rows": 0,
                                        "Actual Loops": 13532,
                                        "Index Cond": "(id = ci.movie_id)",
                                        "Rows Removed by Index Recheck": 0,
                                        "Filter": "(production_year < 1960)",
                                        "Rows Removed by Filter": 1
                                      }
                                    ]
                                  },
                                  {
                                    "Node Type": "Hash",
                                    "Parent Relationship": "Inner",
                                    "Parallel Aware": false,
                                    "Startup Cost": 1.09,
                                    "Total Cost": 1.09,
                                    "Plan Rows": 1,
                                    "Plan Width": 4,
                                    "Actual Startup Time": 0.009,
                                    "Actual Total Time": 0.01,
                                    "Actual Rows": 1,
                                    "Actual Loops": 1,
                                    "Hash Buckets": 1024,
                                    "Original Hash Buckets": 1024,
                                    "Hash Batches": 1,
                                    "Original Hash Batches": 1,
                                    "Peak Memory Usage": 9,
                                    "Plans": [
                                      {
                                        "Node Type": "Seq Scan",
                                        "Parent Relationship": "Outer",
                                        "Parallel Aware": false,
                                        "Relation Name": "kind_type",
                                        "Alias": "kt",
                                        "Startup Cost": 0.0,
                                        "Total Cost": 1.09,
                                        "Plan Rows": 1,
                                        "Plan Width": 4,
                                        "Actual Startup Time": 0.004,
                                        "Actual Total Time": 0.006,
                                        "Actual Rows": 1,
                                        "Actual Loops": 1,
                                        "Filter": "((kind)::text = 'movie'::text)",
                                        "Rows Removed by Filter": 6
                                      }
                                    ]
                                  }
                                ]
                              }
                            ]
                          }
                        ]
                      }
                    ]
                  }
                ]
              }
            ]
          }
        ]
      }
    ]
  },
  "Planning Time": 58.324,
  "Triggers": [],
  "Execution Time": 28924.236
}