{
  "Plan": {
    "Node Type": "Aggregate",
    "Strategy": "Plain",
    "Partial Mode": "Finalize",
    "Parallel Aware": false,
    "Startup Cost": 767413.8,
    "Total Cost": 767413.81,
    "Plan Rows": 1,
    "Plan Width": 8,
    "Actual Startup Time": 6400.609,
    "Actual Total Time": 6470.475,
    "Actual Rows": 1,
    "Actual Loops": 1,
    "Plans": [
      {
        "Node Type": "Gather",
        "Parent Relationship": "Outer",
        "Parallel Aware": false,
        "Startup Cost": 767413.69,
        "Total Cost": 767413.8,
        "Plan Rows": 1,
        "Plan Width": 8,
        "Actual Startup Time": 6396.85,
        "Actual Total Time": 6470.464,
        "Actual Rows": 2,
        "Actual Loops": 1,
        "Workers Planned": 1,
        "Workers Launched": 1,
        "Single Copy": false,
        "Plans": [
          {
            "Node Type": "Aggregate",
            "Strategy": "Plain",
            "Partial Mode": "Partial",
            "Parent Relationship": "Outer",
            "Parallel Aware": false,
            "Startup Cost": 766413.69,
            "Total Cost": 766413.7,
            "Plan Rows": 1,
            "Plan Width": 8,
            "Actual Startup Time": 6390.926,
            "Actual Total Time": 6391.845,
            "Actual Rows": 1,
            "Actual Loops": 2,
            "Plans": [
              {
                "Node Type": "Hash Join",
                "Parent Relationship": "Outer",
                "Parallel Aware": true,
                "Join Type": "Inner",
                "Startup Cost": 121004.03,
                "Total Cost": 757387.09,
                "Plan Rows": 3610637,
                "Plan Width": 0,
                "Actual Startup Time": 1228.592,
                "Actual Total Time": 5488.938,
                "Actual Rows": 23025582,
                "Actual Loops": 2,
                "Inner Unique": false,
                "Hash Cond": "(ci.movie_id = t.id)",
                "Plans": [
                  {
                    "Node Type": "Seq Scan",
                    "Parent Relationship": "Outer",
                    "Parallel Aware": true,
                    "Relation Name": "cast_info",
                    "Alias": "ci",
                    "Startup Cost": 0.0,
                    "Total Cost": 572345.93,
                    "Plan Rows": 11412819,
                    "Plan Width": 4,
                    "Actual Startup Time": 538.057,
                    "Actual Total Time": 1795.753,
                    "Actual Rows": 8549333,
                    "Actual Loops": 2,
                    "Filter": "((person_id < 3008985) AND (role_id > 1))",
                    "Rows Removed by Filter": 9572839
                  },
                  {
                    "Node Type": "Hash",
                    "Parent Relationship": "Inner",
                    "Parallel Aware": true,
                    "Startup Cost": 115122.65,
                    "Total Cost": 115122.65,
                    "Plan Rows": 470511,
                    "Plan Width": 8,
                    "Actual Startup Time": 681.705,
                    "Actual Total Time": 682.622,
                    "Actual Rows": 705202,
                    "Actual Loops": 2,
                    "Hash Buckets": 2097152,
                    "Original Hash Buckets": 1048576,
                    "Hash Batches": 1,
                    "Original Hash Batches": 1,
                    "Peak Memory Usage": 79776,
                    "Plans": [
                      {
                        "Node Type": "Hash Join",
                        "Parent Relationship": "Outer",
                        "Parallel Aware": true,
                        "Join Type": "Inner",
                        "Startup Cost": 57071.8,
                        "Total Cost": 115122.65,
                        "Plan Rows": 470511,
                        "Plan Width": 8,
                        "Actual Startup Time": 200.173,
                        "Actual Total Time": 543.805,
                        "Actual Rows": 705202,
                        "Actual Loops": 2,
                        "Inner Unique": true,
                        "Hash Cond": "(mk.movie_id = t.id)",
                        "Plans": [
                          {
                            "Node Type": "Seq Scan",
                            "Parent Relationship": "Outer",
                            "Parallel Aware": true,
                            "Relation Name": "movie_keyword",
                            "Alias": "mk",
                            "Startup Cost": 0.0,
                            "Total Cost": 51065.35,
                            "Plan Rows": 2661135,
                            "Plan Width": 4,
                            "Actual Startup Time": 0.02,
                            "Actual Total Time": 163.142,
                            "Actual Rows": 2261965,
                            "Actual Loops": 2
                          },
                          {
                            "Node Type": "Hash",
                            "Parent Relationship": "Inner",
                            "Parallel Aware": true,
                            "Startup Cost": 53784.86,
                            "Total Cost": 53784.86,
                            "Plan Rows": 262955,
                            "Plan Width": 4,
                            "Actual Startup Time": 133.243,
                            "Actual Total Time": 133.244,
                            "Actual Rows": 162544,
                            "Actual Loops": 2,
                            "Hash Buckets": 524288,
                            "Original Hash Buckets": 524288,
                            "Hash Batches": 1,
                            "Original Hash Batches": 1,
                            "Peak Memory Usage": 16832,
                            "Plans": [
                              {
                                "Node Type": "Bitmap Heap Scan",
                                "Parent Relationship": "Outer",
                                "Parallel Aware": true,
                                "Relation Name": "title",
                                "Alias": "t",
                                "Startup Cost": 11934.61,
                                "Total Cost": 53784.86,
                                "Plan Rows": 262955,
                                "Plan Width": 4,
                                "Actual Startup Time": 28.881,
                                "Actual Total Time": 95.771,
                                "Actual Rows": 162544,
                                "Actual Loops": 2,
                                "Recheck Cond": "(kind_id = 1)",
                                "Rows Removed by Index Recheck": 0,
                                "Filter": "(production_year > 1992)",
                                "Rows Removed by Filter": 168868,
                                "Exact Heap Blocks": 8101,
                                "Lossy Heap Blocks": 0,
                                "Plans": [
                                  {
                                    "Node Type": "Bitmap Index Scan",
                                    "Parent Relationship": "Outer",
                                    "Parallel Aware": false,
                                    "Index Name": "kind_id_title",
                                    "Startup Cost": 0.0,
                                    "Total Cost": 11822.85,
                                    "Plan Rows": 663256,
                                    "Plan Width": 0,
                                    "Actual Startup Time": 26.988,
                                    "Actual Total Time": 26.988,
                                    "Actual Rows": 662825,
                                    "Actual Loops": 1,
                                    "Index Cond": "(kind_id = 1)"
                                  }
                                ]
                              }
                            ]
                          }
                        ]
                      }
                    ]
                  }
                ]
              }
            ]
          }
        ]
      }
    ]
  },
  "Planning Time": 0.979,
  "Triggers": [],
  "Execution Time": 6470.6
}