[
    {
        "Bao": {
            "Bao prediction": "NaN",
            "Bao recommended hint": "(no hint)"
        }
    },
    {
        "Plan": {
            "Node Type": "Aggregate",
            "Strategy": "Plain",
            "Partial Mode": "Finalize",
            "Parallel Aware": false,
            "Startup Cost": 39039.38,
            "Total Cost": 39039.39,
            "Plan Rows": 1,
            "Plan Width": 8,
            "Actual Startup Time": 128.025,
            "Actual Total Time": 134.905,
            "Actual Rows": 1,
            "Actual Loops": 1,
            "Output": [
                "count(*)"
            ],
            "Plans": [
                {
                    "Node Type": "Gather",
                    "Parent Relationship": "Outer",
                    "Parallel Aware": false,
                    "Startup Cost": 39039.07,
                    "Total Cost": 39039.38,
                    "Plan Rows": 3,
                    "Plan Width": 8,
                    "Actual Startup Time": 127.741,
                    "Actual Total Time": 134.895,
                    "Actual Rows": 4,
                    "Actual Loops": 1,
                    "Output": [
                        "(PARTIAL count(*))"
                    ],
                    "Workers Planned": 3,
                    "Workers Launched": 3,
                    "Single Copy": false,
                    "Plans": [
                        {
                            "Node Type": "Aggregate",
                            "Strategy": "Plain",
                            "Partial Mode": "Partial",
                            "Parent Relationship": "Outer",
                            "Parallel Aware": false,
                            "Startup Cost": 38039.07,
                            "Total Cost": 38039.08,
                            "Plan Rows": 1,
                            "Plan Width": 8,
                            "Actual Startup Time": 119.157,
                            "Actual Total Time": 119.158,
                            "Actual Rows": 1,
                            "Actual Loops": 4,
                            "Output": [
                                "PARTIAL count(*)"
                            ],
                            "Workers": [
                                {
                                    "Worker Number": 0,
                                    "Actual Startup Time": 116.113,
                                    "Actual Total Time": 116.114,
                                    "Actual Rows": 1,
                                    "Actual Loops": 1
                                },
                                {
                                    "Worker Number": 1,
                                    "Actual Startup Time": 116.377,
                                    "Actual Total Time": 116.378,
                                    "Actual Rows": 1,
                                    "Actual Loops": 1
                                },
                                {
                                    "Worker Number": 2,
                                    "Actual Startup Time": 116.824,
                                    "Actual Total Time": 116.825,
                                    "Actual Rows": 1,
                                    "Actual Loops": 1
                                }
                            ],
                            "Plans": [
                                {
                                    "Node Type": "Bitmap Heap Scan",
                                    "Parent Relationship": "Outer",
                                    "Parallel Aware": true,
                                    "Relation Name": "movie_keyword",
                                    "Schema": "public",
                                    "Alias": "mk",
                                    "Startup Cost": 11061.83,
                                    "Total Cost": 37618.53,
                                    "Plan Rows": 168216,
                                    "Plan Width": 0,
                                    "Actual Startup Time": 40.757,
                                    "Actual Total Time": 112.023,
                                    "Actual Rows": 129331,
                                    "Actual Loops": 4,
                                    "Recheck Cond": "(mk.keyword_id < 377)",
                                    "Rows Removed by Index Recheck": 0,
                                    "Exact Heap Blocks": 10664,
                                    "Lossy Heap Blocks": 0,
                                    "Workers": [
                                        {
                                            "Worker Number": 0,
                                            "Actual Startup Time": 37.742,
                                            "Actual Total Time": 109.596,
                                            "Actual Rows": 96764,
                                            "Actual Loops": 1
                                        },
                                        {
                                            "Worker Number": 1,
                                            "Actual Startup Time": 38.092,
                                            "Actual Total Time": 109.805,
                                            "Actual Rows": 103075,
                                            "Actual Loops": 1
                                        },
                                        {
                                            "Worker Number": 2,
                                            "Actual Startup Time": 38.541,
                                            "Actual Total Time": 110.741,
                                            "Actual Rows": 89962,
                                            "Actual Loops": 1
                                        }
                                    ],
                                    "Plans": [
                                        {
                                            "Node Type": "Bitmap Index Scan",
                                            "Parent Relationship": "Outer",
                                            "Parallel Aware": false,
                                            "Index Name": "keyword_id_movie_keyword",
                                            "Startup Cost": 0.0,
                                            "Total Cost": 10931.46,
                                            "Plan Rows": 521470,
                                            "Plan Width": 0,
                                            "Actual Startup Time": 45.156,
                                            "Actual Total Time": 45.157,
                                            "Actual Rows": 517323,
                                            "Actual Loops": 1,
                                            "Index Cond": "(mk.keyword_id < 377)"
                                        }
                                    ]
                                }
                            ]
                        }
                    ]
                }
            ]
        },
        "Planning Time": 191.866,
        "Triggers": [],
        "Execution Time": 134.996
    }
]