{
    "Plan": {
        "Node Type": "Aggregate",
        "Strategy": "Plain",
        "Partial Mode": "Simple",
        "Parallel Aware": false,
        "Startup Cost": 40000906567.89,
        "Total Cost": 40000906567.9,
        "Plan Rows": 1,
        "Plan Width": 32,
        "Actual Startup Time": 12764.03,
        "Actual Total Time": 12764.035,
        "Actual Rows": 1,
        "Actual Loops": 1,
        "Output": [
            "min(t.title)"
        ],
        "Plans": [
            {
                "Node Type": "Nested Loop",
                "Parent Relationship": "Outer",
                "Parallel Aware": false,
                "Join Type": "Inner",
                "Startup Cost": 40000499142.76,
                "Total Cost": 40000906567.88,
                "Plan Rows": 1,
                "Plan Width": 17,
                "Actual Startup Time": 3740.551,
                "Actual Total Time": 12763.844,
                "Actual Rows": 432,
                "Actual Loops": 1,
                "Output": [
                    "t.title"
                ],
                "Inner Unique": true,
                "Plans": [
                    {
                        "Node Type": "Hash Join",
                        "Parent Relationship": "Outer",
                        "Parallel Aware": false,
                        "Join Type": "Inner",
                        "Startup Cost": 30000499142.33,
                        "Total Cost": 30000905754.61,
                        "Plan Rows": 183,
                        "Plan Width": 21,
                        "Actual Startup Time": 3713.047,
                        "Actual Total Time": 11907.584,
                        "Actual Rows": 148552,
                        "Actual Loops": 1,
                        "Output": [
                            "mc.company_id",
                            "t.title"
                        ],
                        "Inner Unique": true,
                        "Hash Cond": "(mk.keyword_id = k.id)",
                        "Plans": [
                            {
                                "Node Type": "Hash Join",
                                "Parent Relationship": "Outer",
                                "Parallel Aware": false,
                                "Join Type": "Inner",
                                "Startup Cost": 20000493799.4,
                                "Total Cost": 20000836397.79,
                                "Plan Rows": 24385467,
                                "Plan Width": 25,
                                "Actual Startup Time": 3656.471,
                                "Actual Total Time": 9859.226,
                                "Actual Rows": 34863638,
                                "Actual Loops": 1,
                                "Output": [
                                    "mc.company_id",
                                    "mk.keyword_id",
                                    "t.title"
                                ],
                                "Inner Unique": false,
                                "Hash Cond": "(t.id = mc.movie_id)",
                                "Plans": [
                                    {
                                        "Node Type": "Merge Join",
                                        "Parent Relationship": "Outer",
                                        "Parallel Aware": false,
                                        "Join Type": "Inner",
                                        "Startup Cost": 10000330169.08,
                                        "Total Cost": 10000586497.91,
                                        "Plan Rows": 4523930,
                                        "Plan Width": 29,
                                        "Actual Startup Time": 994.494,
                                        "Actual Total Time": 3474.765,
                                        "Actual Rows": 4523930,
                                        "Actual Loops": 1,
                                        "Output": [
                                            "mk.movie_id",
                                            "mk.keyword_id",
                                            "t.title",
                                            "t.id"
                                        ],
                                        "Inner Unique": false,
                                        "Merge Cond": "(mk.movie_id = t.id)",
                                        "Plans": [
                                            {
                                                "Node Type": "Index Scan",
                                                "Parent Relationship": "Outer",
                                                "Parallel Aware": false,
                                                "Scan Direction": "Forward",
                                                "Index Name": "movie_id_movie_keyword",
                                                "Relation Name": "movie_keyword",
                                                "Schema": "public",
                                                "Alias": "mk",
                                                "Startup Cost": 10000000000.43,
                                                "Total Cost": 10000177177.46,
                                                "Plan Rows": 4523930,
                                                "Plan Width": 8,
                                                "Actual Startup Time": 0.023,
                                                "Actual Total Time": 649.059,
                                                "Actual Rows": 4523930,
                                                "Actual Loops": 1,
                                                "Output": [
                                                    "mk.id",
                                                    "mk.movie_id",
                                                    "mk.keyword_id"
                                                ]
                                            },
                                            {
                                                "Node Type": "Sort",
                                                "Parent Relationship": "Inner",
                                                "Parallel Aware": false,
                                                "Startup Cost": 330165.09,
                                                "Total Cost": 336485.89,
                                                "Plan Rows": 2528322,
                                                "Plan Width": 21,
                                                "Actual Startup Time": 994.448,
                                                "Actual Total Time": 1583.586,
                                                "Actual Rows": 6573108,
                                                "Actual Loops": 1,
                                                "Output": [
                                                    "t.title",
                                                    "t.id"
                                                ],
                                                "Sort Key": [
                                                    "t.id"
                                                ],
                                                "Sort Method": "quicksort",
                                                "Sort Space Used": 275055,
                                                "Sort Space Type": "Memory",
                                                "Plans": [
                                                    {
                                                        "Node Type": "Seq Scan",
                                                        "Parent Relationship": "Outer",
                                                        "Parallel Aware": false,
                                                        "Relation Name": "title",
                                                        "Schema": "public",
                                                        "Alias": "t",
                                                        "Startup Cost": 0.0,
                                                        "Total Cost": 61281.22,
                                                        "Plan Rows": 2528322,
                                                        "Plan Width": 21,
                                                        "Actual Startup Time": 0.032,
                                                        "Actual Total Time": 318.856,
                                                        "Actual Rows": 2528312,
                                                        "Actual Loops": 1,
                                                        "Output": [
                                                            "t.title",
                                                            "t.id"
                                                        ]
                                                    }
                                                ]
                                            }
                                        ]
                                    },
                                    {
                                        "Node Type": "Hash",
                                        "Parent Relationship": "Inner",
                                        "Parallel Aware": false,
                                        "Startup Cost": 10000131016.21,
                                        "Total Cost": 10000131016.21,
                                        "Plan Rows": 2609129,
                                        "Plan Width": 8,
                                        "Actual Startup Time": 2657.436,
                                        "Actual Total Time": 2657.436,
                                        "Actual Rows": 2609129,
                                        "Actual Loops": 1,
                                        "Output": [
                                            "mc.company_id",
                                            "mc.movie_id"
                                        ],
                                        "Hash Buckets": 4194304,
                                        "Original Hash Buckets": 4194304,
                                        "Hash Batches": 1,
                                        "Original Hash Batches": 1,
                                        "Peak Memory Usage": 134688,
                                        "Plans": [
                                            {
                                                "Node Type": "Index Scan",
                                                "Parent Relationship": "Outer",
                                                "Parallel Aware": false,
                                                "Scan Direction": "Forward",
                                                "Index Name": "company_id_movie_companies",
                                                "Relation Name": "movie_companies",
                                                "Schema": "public",
                                                "Alias": "mc",
                                                "Startup Cost": 10000000000.43,
                                                "Total Cost": 10000131016.21,
                                                "Plan Rows": 2609129,
                                                "Plan Width": 8,
                                                "Actual Startup Time": 0.028,
                                                "Actual Total Time": 1863.37,
                                                "Actual Rows": 2609129,
                                                "Actual Loops": 1,
                                                "Output": [
                                                    "mc.company_id",
                                                    "mc.movie_id"
                                                ]
                                            }
                                        ]
                                    }
                                ]
                            },
                            {
                                "Node Type": "Hash",
                                "Parent Relationship": "Inner",
                                "Parallel Aware": false,
                                "Startup Cost": 10000005342.92,
                                "Total Cost": 10000005342.92,
                                "Plan Rows": 1,
                                "Plan Width": 4,
                                "Actual Startup Time": 55.659,
                                "Actual Total Time": 55.659,
                                "Actual Rows": 1,
                                "Actual Loops": 1,
                                "Output": [
                                    "k.id"
                                ],
                                "Hash Buckets": 1024,
                                "Original Hash Buckets": 1024,
                                "Hash Batches": 1,
                                "Original Hash Batches": 1,
                                "Peak Memory Usage": 9,
                                "Plans": [
                                    {
                                        "Node Type": "Index Scan",
                                        "Parent Relationship": "Outer",
                                        "Parallel Aware": false,
                                        "Scan Direction": "Forward",
                                        "Index Name": "keyword_pkey",
                                        "Relation Name": "keyword",
                                        "Schema": "public",
                                        "Alias": "k",
                                        "Startup Cost": 10000000000.42,
                                        "Total Cost": 10000005342.92,
                                        "Plan Rows": 1,
                                        "Plan Width": 4,
                                        "Actual Startup Time": 0.297,
                                        "Actual Total Time": 55.652,
                                        "Actual Rows": 1,
                                        "Actual Loops": 1,
                                        "Output": [
                                            "k.id"
                                        ],
                                        "Filter": "(k.keyword = 'character-name-in-title'::text)",
                                        "Rows Removed by Filter": 134169
                                    }
                                ]
                            }
                        ]
                    },
                    {
                        "Node Type": "Bitmap Heap Scan",
                        "Parent Relationship": "Inner",
                        "Parallel Aware": false,
                        "Relation Name": "company_name",
                        "Schema": "public",
                        "Alias": "cn",
                        "Startup Cost": 0.43,
                        "Total Cost": 4.44,
                        "Plan Rows": 1,
                        "Plan Width": 4,
                        "Actual Startup Time": 0.004,
                        "Actual Total Time": 0.004,
                        "Actual Rows": 0,
                        "Actual Loops": 148552,
                        "Output": [
                            "cn.id",
                            "cn.name",
                            "cn.country_code",
                            "cn.imdb_id",
                            "cn.name_pcode_nf",
                            "cn.name_pcode_sf",
                            "cn.md5sum"
                        ],
                        "Recheck Cond": "(cn.id = mc.company_id)",
                        "Rows Removed by Index Recheck": 0,
                        "Filter": "((cn.country_code)::text = '[hk]'::text)",
                        "Rows Removed by Filter": 1,
                        "Exact Heap Blocks": 148552,
                        "Lossy Heap Blocks": 0,
                        "Plans": [
                            {
                                "Node Type": "Bitmap Index Scan",
                                "Parent Relationship": "Outer",
                                "Parallel Aware": false,
                                "Index Name": "company_name_pkey",
                                "Startup Cost": 0.0,
                                "Total Cost": 0.43,
                                "Plan Rows": 1,
                                "Plan Width": 0,
                                "Actual Startup Time": 0.002,
                                "Actual Total Time": 0.002,
                                "Actual Rows": 1,
                                "Actual Loops": 148552,
                                "Index Cond": "(cn.id = mc.company_id)"
                            }
                        ]
                    }
                ]
            }
        ]
    },
    "Planning Time": 1.963,
    "Triggers": [],
    "Execution Time": 12764.974
}