{
  "Plan": {
    "Node Type": "Aggregate",
    "Strategy": "Plain",
    "Partial Mode": "Simple",
    "Parallel Aware": false,
    "Startup Cost": 33390.19,
    "Total Cost": 33390.2,
    "Plan Rows": 1,
    "Plan Width": 68,
    "Actual Startup Time": 0.534,
    "Actual Total Time": 0.538,
    "Actual Rows": 1,
    "Actual Loops": 1,
    "Plans": [
      {
        "Node Type": "Nested Loop",
        "Parent Relationship": "Outer",
        "Parallel Aware": false,
        "Join Type": "Inner",
        "Startup Cost": 6243.11,
        "Total Cost": 33383.53,
        "Plan Rows": 889,
        "Plan Width": 45,
        "Actual Startup Time": 0.437,
        "Actual Total Time": 0.519,
        "Actual Rows": 4,
        "Actual Loops": 1,
        "Inner Unique": false,
        "Join Filter": "(mc.company_type_id = ct.id)",
        "Rows Removed by Join Filter": 74,
        "Plans": [
          {
            "Node Type": "Seq Scan",
            "Parent Relationship": "Outer",
            "Parallel Aware": false,
            "Relation Name": "company_type",
            "Alias": "ct",
            "Startup Cost": 0.0,
            "Total Cost": 1.05,
            "Plan Rows": 1,
            "Plan Width": 4,
            "Actual Startup Time": 0.026,
            "Actual Total Time": 0.028,
            "Actual Rows": 1,
            "Actual Loops": 1,
            "Filter": "((kind)::text = 'production companies'::text)",
            "Rows Removed by Filter": 3
          },
          {
            "Node Type": "Nested Loop",
            "Parent Relationship": "Inner",
            "Parallel Aware": false,
            "Join Type": "Inner",
            "Startup Cost": 6243.11,
            "Total Cost": 33338.03,
            "Plan Rows": 3556,
            "Plan Width": 49,
            "Actual Startup Time": 0.155,
            "Actual Total Time": 0.47,
            "Actual Rows": 78,
            "Actual Loops": 1,
            "Inner Unique": false,
            "Plans": [
              {
                "Node Type": "Nested Loop",
                "Parent Relationship": "Outer",
                "Parallel Aware": false,
                "Join Type": "Inner",
                "Startup Cost": 6242.68,
                "Total Cost": 29031.21,
                "Plan Rows": 6714,
                "Plan Width": 29,
                "Actual Startup Time": 0.127,
                "Actual Total Time": 0.235,
                "Actual Rows": 6,
                "Actual Loops": 1,
                "Inner Unique": true,
                "Plans": [
                  {
                    "Node Type": "Nested Loop",
                    "Parent Relationship": "Outer",
                    "Parallel Aware": false,
                    "Join Type": "Inner",
                    "Startup Cost": 6242.25,
                    "Total Cost": 21942.36,
                    "Plan Rows": 12213,
                    "Plan Width": 4,
                    "Actual Startup Time": 0.084,
                    "Actual Total Time": 0.095,
                    "Actual Rows": 10,
                    "Actual Loops": 1,
                    "Inner Unique": false,
                    "Plans": [
                      {
                        "Node Type": "Seq Scan",
                        "Parent Relationship": "Outer",
                        "Parallel Aware": false,
                        "Relation Name": "info_type",
                        "Alias": "it",
                        "Startup Cost": 0.0,
                        "Total Cost": 2.41,
                        "Plan Rows": 1,
                        "Plan Width": 4,
                        "Actual Startup Time": 0.036,
                        "Actual Total Time": 0.038,
                        "Actual Rows": 1,
                        "Actual Loops": 1,
                        "Filter": "((info)::text = 'bottom 10 rank'::text)",
                        "Rows Removed by Filter": 112
                      },
                      {
                        "Node Type": "Bitmap Heap Scan",
                        "Parent Relationship": "Inner",
                        "Parallel Aware": false,
                        "Relation Name": "movie_info_idx",
                        "Alias": "mi_idx",
                        "Startup Cost": 6242.25,
                        "Total Cost": 18489.86,
                        "Plan Rows": 345009,
                        "Plan Width": 8,
                        "Actual Startup Time": 0.038,
                        "Actual Total Time": 0.042,
                        "Actual Rows": 10,
                        "Actual Loops": 1,
                        "Recheck Cond": "(info_type_id = it.id)",
                        "Rows Removed by Index Recheck": 0,
                        "Exact Heap Blocks": 1,
                        "Lossy Heap Blocks": 0,
                        "Plans": [
                          {
                            "Node Type": "Bitmap Index Scan",
                            "Parent Relationship": "Outer",
                            "Parallel Aware": false,
                            "Index Name": "info_type_id_movie_info_idx",
                            "Startup Cost": 0.0,
                            "Total Cost": 6155.99,
                            "Plan Rows": 345009,
                            "Plan Width": 0,
                            "Actual Startup Time": 0.025,
                            "Actual Total Time": 0.026,
                            "Actual Rows": 10,
                            "Actual Loops": 1,
                            "Index Cond": "(info_type_id = it.id)"
                          }
                        ]
                      }
                    ]
                  },
                  {
                    "Node Type": "Index Scan",
                    "Parent Relationship": "Inner",
                    "Parallel Aware": false,
                    "Scan Direction": "Forward",
                    "Index Name": "title_pkey",
                    "Relation Name": "title",
                    "Alias": "t",
                    "Startup Cost": 0.43,
                    "Total Cost": 0.58,
                    "Plan Rows": 1,
                    "Plan Width": 25,
                    "Actual Startup Time": 0.013,
                    "Actual Total Time": 0.013,
                    "Actual Rows": 1,
                    "Actual Loops": 10,
                    "Index Cond": "(id = mi_idx.movie_id)",
                    "Rows Removed by Index Recheck": 0,
                    "Filter": "(production_year > 2000)",
                    "Rows Removed by Filter": 0
                  }
                ]
              },
              {
                "Node Type": "Index Scan",
                "Parent Relationship": "Inner",
                "Parallel Aware": false,
                "Scan Direction": "Forward",
                "Index Name": "movie_id_movie_companies",
                "Relation Name": "movie_companies",
                "Alias": "mc",
                "Startup Cost": 0.43,
                "Total Cost": 0.61,
                "Plan Rows": 3,
                "Plan Width": 32,
                "Actual Startup Time": 0.018,
                "Actual Total Time": 0.034,
                "Actual Rows": 13,
                "Actual Loops": 6,
                "Index Cond": "(movie_id = t.id)",
                "Rows Removed by Index Recheck": 0,
                "Filter": "(note !~~ '%(as Metro-Goldwyn-Mayer Pictures)%'::text)",
                "Rows Removed by Filter": 2
              }
            ]
          }
        ]
      }
    ]
  },
  "Planning Time": 1.177,
  "Triggers": [],
  "Execution Time": 0.659
}