[
  {
    "Plan": {
      "Node Type": "Aggregate",
      "Strategy": "Plain",
      "Partial Mode": "Finalize",
      "Parallel Aware": false,
      "Startup Cost": 95935.66,
      "Total Cost": 95935.67,
      "Plan Rows": 1,
      "Plan Width": 8,
      "Actual Startup Time": 463.032,
      "Actual Total Time": 479.674,
      "Actual Rows": 1,
      "Actual Loops": 1,
      "Plans": [
        {
          "Node Type": "Gather",
          "Parent Relationship": "Outer",
          "Parallel Aware": false,
          "Startup Cost": 95935.34,
          "Total Cost": 95935.65,
          "Plan Rows": 3,
          "Plan Width": 8,
          "Actual Startup Time": 460.54,
          "Actual Total Time": 479.661,
          "Actual Rows": 4,
          "Actual Loops": 1,
          "Workers Planned": 3,
          "Workers Launched": 3,
          "Single Copy": false,
          "Plans": [
            {
              "Node Type": "Aggregate",
              "Strategy": "Plain",
              "Partial Mode": "Partial",
              "Parent Relationship": "Outer",
              "Parallel Aware": false,
              "Startup Cost": 94935.34,
              "Total Cost": 94935.35,
              "Plan Rows": 1,
              "Plan Width": 8,
              "Actual Startup Time": 455.883,
              "Actual Total Time": 455.887,
              "Actual Rows": 1,
              "Actual Loops": 4,
              "Plans": [
                {
                  "Node Type": "Hash Join",
                  "Parent Relationship": "Outer",
                  "Parallel Aware": true,
                  "Join Type": "Inner",
                  "Startup Cost": 47671.21,
                  "Total Cost": 93980.69,
                  "Plan Rows": 381859,
                  "Plan Width": 0,
                  "Actual Startup Time": 166.263,
                  "Actual Total Time": 423.627,
                  "Actual Rows": 791512,
                  "Actual Loops": 4,
                  "Inner Unique": true,
                  "Hash Cond": "(mk.movie_id = t.id)",
                  "Plans": [
                    {
                      "Node Type": "Seq Scan",
                      "Parent Relationship": "Outer",
                      "Parallel Aware": true,
                      "Relation Name": "movie_keyword",
                      "Alias": "mk",
                      "Startup Cost": 0.0,
                      "Total Cost": 42695.65,
                      "Plan Rows": 1376693,
                      "Plan Width": 4,
                      "Actual Startup Time": 0.035,
                      "Actual Total Time": 112.524,
                      "Actual Rows": 1068546,
                      "Actual Loops": 4,
                      "Filter": "(keyword_id > 213)",
                      "Rows Removed by Filter": 62437
                    },
                    {
                      "Node Type": "Hash",
                      "Parent Relationship": "Inner",
                      "Parallel Aware": true,
                      "Startup Cost": 45479.59,
                      "Total Cost": 45479.59,
                      "Plan Rows": 175330,
                      "Plan Width": 4,
                      "Actual Startup Time": 162.932,
                      "Actual Total Time": 162.933,
                      "Actual Rows": 187483,
                      "Actual Loops": 4,
                      "Hash Buckets": 1048576,
                      "Original Hash Buckets": 1048576,
                      "Hash Batches": 1,
                      "Original Hash Batches": 1,
                      "Peak Memory Usage": 37600,
                      "Plans": [
                        {
                          "Node Type": "Seq Scan",
                          "Parent Relationship": "Outer",
                          "Parallel Aware": true,
                          "Relation Name": "title",
                          "Alias": "t",
                          "Startup Cost": 0.0,
                          "Total Cost": 45479.59,
                          "Plan Rows": 175330,
                          "Plan Width": 4,
                          "Actual Startup Time": 0.021,
                          "Actual Total Time": 96.728,
                          "Actual Rows": 187483,
                          "Actual Loops": 4,
                          "Filter": "((kind_id < 7) AND (production_year < 2009))",
                          "Rows Removed by Filter": 444595
                        }
                      ]
                    }
                  ]
                }
              ]
            }
          ]
        }
      ]
    },
    "Planning Time": 0.354,
    "Triggers": [],
    "Execution Time": 479.718
  }
]