[
  {
    "Plan": {
      "Node Type": "Aggregate",
      "Strategy": "Plain",
      "Partial Mode": "Finalize",
      "Parallel Aware": false,
      "Startup Cost": 239366.25,
      "Total Cost": 239366.26,
      "Plan Rows": 1,
      "Plan Width": 8,
      "Actual Startup Time": 762.97,
      "Actual Total Time": 802.977,
      "Actual Rows": 1,
      "Actual Loops": 1,
      "Plans": [
        {
          "Node Type": "Gather",
          "Parent Relationship": "Outer",
          "Parallel Aware": false,
          "Startup Cost": 239365.72,
          "Total Cost": 239366.23,
          "Plan Rows": 5,
          "Plan Width": 8,
          "Actual Startup Time": 762.066,
          "Actual Total Time": 802.968,
          "Actual Rows": 6,
          "Actual Loops": 1,
          "Workers Planned": 5,
          "Workers Launched": 5,
          "Single Copy": false,
          "Plans": [
            {
              "Node Type": "Aggregate",
              "Strategy": "Plain",
              "Partial Mode": "Partial",
              "Parent Relationship": "Outer",
              "Parallel Aware": false,
              "Startup Cost": 238365.72,
              "Total Cost": 238365.73,
              "Plan Rows": 1,
              "Plan Width": 8,
              "Actual Startup Time": 751.323,
              "Actual Total Time": 751.326,
              "Actual Rows": 1,
              "Actual Loops": 6,
              "Plans": [
                {
                  "Node Type": "Hash Join",
                  "Parent Relationship": "Outer",
                  "Parallel Aware": true,
                  "Join Type": "Inner",
                  "Startup Cost": 38855.15,
                  "Total Cost": 238176.91,
                  "Plan Rows": 75524,
                  "Plan Width": 0,
                  "Actual Startup Time": 66.252,
                  "Actual Total Time": 746.817,
                  "Actual Rows": 64725,
                  "Actual Loops": 6,
                  "Inner Unique": true,
                  "Hash Cond": "(mi.movie_id = t.id)",
                  "Plans": [
                    {
                      "Node Type": "Seq Scan",
                      "Parent Relationship": "Outer",
                      "Parallel Aware": true,
                      "Relation Name": "movie_info",
                      "Alias": "mi",
                      "Startup Cost": 0.0,
                      "Total Cost": 191560.33,
                      "Plan Rows": 2956733,
                      "Plan Width": 4,
                      "Actual Startup Time": 0.028,
                      "Actual Total Time": 350.986,
                      "Actual Rows": 2472620,
                      "Actual Loops": 6
                    },
                    {
                      "Node Type": "Hash",
                      "Parent Relationship": "Inner",
                      "Parallel Aware": true,
                      "Startup Cost": 38653.34,
                      "Total Cost": 38653.34,
                      "Plan Rows": 16145,
                      "Plan Width": 4,
                      "Actual Startup Time": 54.387,
                      "Actual Total Time": 54.389,
                      "Actual Rows": 8896,
                      "Actual Loops": 6,
                      "Hash Buckets": 65536,
                      "Original Hash Buckets": 65536,
                      "Hash Batches": 1,
                      "Original Hash Batches": 1,
                      "Peak Memory Usage": 2688,
                      "Plans": [
                        {
                          "Node Type": "Bitmap Heap Scan",
                          "Parent Relationship": "Outer",
                          "Parallel Aware": true,
                          "Relation Name": "title",
                          "Alias": "t",
                          "Startup Cost": 2197.08,
                          "Total Cost": 38653.34,
                          "Plan Rows": 16145,
                          "Plan Width": 4,
                          "Actual Startup Time": 13.51,
                          "Actual Total Time": 49.121,
                          "Actual Rows": 8896,
                          "Actual Loops": 6,
                          "Recheck Cond": "(kind_id = 4)",
                          "Rows Removed by Index Recheck": 0,
                          "Filter": "(production_year < 2005)",
                          "Rows Removed by Filter": 10809,
                          "Exact Heap Blocks": 5462,
                          "Lossy Heap Blocks": 0,
                          "Plans": [
                            {
                              "Node Type": "Bitmap Index Scan",
                              "Parent Relationship": "Outer",
                              "Parallel Aware": false,
                              "Index Name": "kind_id_title",
                              "Startup Cost": 0.0,
                              "Total Cost": 2180.94,
                              "Plan Rows": 122201,
                              "Plan Width": 0,
                              "Actual Startup Time": 15.081,
                              "Actual Total Time": 15.082,
                              "Actual Rows": 118234,
                              "Actual Loops": 1,
                              "Index Cond": "(kind_id = 4)"
                            }
                          ]
                        }
                      ]
                    }
                  ]
                }
              ]
            }
          ]
        }
      ]
    },
    "Planning Time": 0.61,
    "Triggers": [],
    "Execution Time": 803.077
  }
]