[
  {
    "Plan": {
      "Node Type": "Aggregate",
      "Strategy": "Plain",
      "Partial Mode": "Finalize",
      "Parallel Aware": false,
      "Startup Cost": 340208.92,
      "Total Cost": 340208.93,
      "Plan Rows": 1,
      "Plan Width": 8,
      "Actual Startup Time": 921.102,
      "Actual Total Time": 976.823,
      "Actual Rows": 1,
      "Actual Loops": 1,
      "Plans": [
        {
          "Node Type": "Gather",
          "Parent Relationship": "Outer",
          "Parallel Aware": false,
          "Startup Cost": 340208.3,
          "Total Cost": 340208.91,
          "Plan Rows": 6,
          "Plan Width": 8,
          "Actual Startup Time": 920.87,
          "Actual Total Time": 976.806,
          "Actual Rows": 7,
          "Actual Loops": 1,
          "Workers Planned": 6,
          "Workers Launched": 6,
          "Single Copy": false,
          "Plans": [
            {
              "Node Type": "Aggregate",
              "Strategy": "Plain",
              "Partial Mode": "Partial",
              "Parent Relationship": "Outer",
              "Parallel Aware": false,
              "Startup Cost": 339208.3,
              "Total Cost": 339208.31,
              "Plan Rows": 1,
              "Plan Width": 8,
              "Actual Startup Time": 912.535,
              "Actual Total Time": 912.537,
              "Actual Rows": 1,
              "Actual Loops": 7,
              "Plans": [
                {
                  "Node Type": "Seq Scan",
                  "Parent Relationship": "Outer",
                  "Parallel Aware": true,
                  "Relation Name": "cast_info",
                  "Alias": "ci",
                  "Startup Cost": 0.0,
                  "Total Cost": 328211.39,
                  "Plan Rows": 4398762,
                  "Plan Width": 0,
                  "Actual Startup Time": 0.05,
                  "Actual Total Time": 709.688,
                  "Actual Rows": 3784254,
                  "Actual Loops": 7,
                  "Filter": "(person_id < 2734706)",
                  "Rows Removed by Filter": 1393509
                }
              ]
            }
          ]
        }
      ]
    },
    "Planning Time": 0.11,
    "Triggers": [],
    "Execution Time": 976.874
  }
]