[
  {
    "Plan": {
      "Node Type": "Aggregate",
      "Strategy": "Plain",
      "Partial Mode": "Finalize",
      "Parallel Aware": false,
      "Startup Cost": 394221.13,
      "Total Cost": 394221.14,
      "Plan Rows": 1,
      "Plan Width": 8,
      "Actual Startup Time": 3653.393,
      "Actual Total Time": 3738.949,
      "Actual Rows": 1,
      "Actual Loops": 1,
      "Plans": [
        {
          "Node Type": "Gather",
          "Parent Relationship": "Outer",
          "Parallel Aware": false,
          "Startup Cost": 394220.71,
          "Total Cost": 394221.12,
          "Plan Rows": 4,
          "Plan Width": 8,
          "Actual Startup Time": 3650.438,
          "Actual Total Time": 3738.938,
          "Actual Rows": 5,
          "Actual Loops": 1,
          "Workers Planned": 4,
          "Workers Launched": 4,
          "Single Copy": false,
          "Plans": [
            {
              "Node Type": "Aggregate",
              "Strategy": "Plain",
              "Partial Mode": "Partial",
              "Parent Relationship": "Outer",
              "Parallel Aware": false,
              "Startup Cost": 393220.71,
              "Total Cost": 393220.72,
              "Plan Rows": 1,
              "Plan Width": 8,
              "Actual Startup Time": 3643.494,
              "Actual Total Time": 3643.496,
              "Actual Rows": 1,
              "Actual Loops": 5,
              "Plans": [
                {
                  "Node Type": "Nested Loop",
                  "Parent Relationship": "Outer",
                  "Parallel Aware": false,
                  "Join Type": "Inner",
                  "Startup Cost": 12.74,
                  "Total Cost": 391051.78,
                  "Plan Rows": 867575,
                  "Plan Width": 0,
                  "Actual Startup Time": 337.955,
                  "Actual Total Time": 3529.949,
                  "Actual Rows": 2367881,
                  "Actual Loops": 5,
                  "Inner Unique": false,
                  "Join Filter": "(t.id = ci.movie_id)",
                  "Rows Removed by Join Filter": 0,
                  "Plans": [
                    {
                      "Node Type": "Merge Join",
                      "Parent Relationship": "Outer",
                      "Parallel Aware": false,
                      "Join Type": "Inner",
                      "Startup Cost": 12.17,
                      "Total Cost": 151255.11,
                      "Plan Rows": 90082,
                      "Plan Width": 8,
                      "Actual Startup Time": 337.812,
                      "Actual Total Time": 696.755,
                      "Actual Rows": 125980,
                      "Actual Loops": 5,
                      "Inner Unique": false,
                      "Merge Cond": "(t.id = mi_idx.movie_id)",
                      "Plans": [
                        {
                          "Node Type": "Index Scan",
                          "Parent Relationship": "Outer",
                          "Parallel Aware": true,
                          "Scan Direction": "Forward",
                          "Index Name": "title_pkey",
                          "Relation Name": "title",
                          "Alias": "t",
                          "Startup Cost": 0.43,
                          "Total Cost": 92969.49,
                          "Plan Rows": 165043,
                          "Plan Width": 4,
                          "Actual Startup Time": 180.503,
                          "Actual Total Time": 355.082,
                          "Actual Rows": 132332,
                          "Actual Loops": 5,
                          "Filter": "(kind_id = 1)",
                          "Rows Removed by Filter": 372833
                        },
                        {
                          "Node Type": "Index Only Scan",
                          "Parent Relationship": "Inner",
                          "Parallel Aware": false,
                          "Scan Direction": "Forward",
                          "Index Name": "movie_id_movie_info_idx",
                          "Relation Name": "movie_info_idx",
                          "Alias": "mi_idx",
                          "Startup Cost": 0.43,
                          "Total Cost": 53621.69,
                          "Plan Rows": 1380035,
                          "Plan Width": 4,
                          "Actual Startup Time": 0.054,
                          "Actual Total Time": 255.967,
                          "Actual Rows": 1380035,
                          "Actual Loops": 5,
                          "Heap Fetches": 6900175
                        }
                      ]
                    },
                    {
                      "Node Type": "Index Scan",
                      "Parent Relationship": "Inner",
                      "Parallel Aware": false,
                      "Scan Direction": "Forward",
                      "Index Name": "movie_id_cast_info",
                      "Relation Name": "cast_info",
                      "Alias": "ci",
                      "Startup Cost": 0.56,
                      "Total Cost": 2.37,
                      "Plan Rows": 23,
                      "Plan Width": 4,
                      "Actual Startup Time": 0.008,
                      "Actual Total Time": 0.021,
                      "Actual Rows": 19,
                      "Actual Loops": 629900,
                      "Index Cond": "(movie_id = mi_idx.movie_id)",
                      "Rows Removed by Index Recheck": 0,
                      "Filter": "(person_id > 1182872)",
                      "Rows Removed by Filter": 11
                    }
                  ]
                }
              ]
            }
          ]
        }
      ]
    },
    "Planning Time": 1.413,
    "Triggers": [],
    "Execution Time": 3739.152
  }
]