[
  {
    "Plan": {
      "Node Type": "Aggregate",
      "Strategy": "Plain",
      "Partial Mode": "Finalize",
      "Parallel Aware": false,
      "Startup Cost": 47393.43,
      "Total Cost": 47393.44,
      "Plan Rows": 1,
      "Plan Width": 8,
      "Actual Startup Time": 121.627,
      "Actual Total Time": 134.259,
      "Actual Rows": 1,
      "Actual Loops": 1,
      "Plans": [
        {
          "Node Type": "Gather",
          "Parent Relationship": "Outer",
          "Parallel Aware": false,
          "Startup Cost": 47393.01,
          "Total Cost": 47393.42,
          "Plan Rows": 4,
          "Plan Width": 8,
          "Actual Startup Time": 121.452,
          "Actual Total Time": 134.249,
          "Actual Rows": 5,
          "Actual Loops": 1,
          "Workers Planned": 4,
          "Workers Launched": 4,
          "Single Copy": false,
          "Plans": [
            {
              "Node Type": "Aggregate",
              "Strategy": "Plain",
              "Partial Mode": "Partial",
              "Parent Relationship": "Outer",
              "Parallel Aware": false,
              "Startup Cost": 46393.01,
              "Total Cost": 46393.02,
              "Plan Rows": 1,
              "Plan Width": 8,
              "Actual Startup Time": 115.925,
              "Actual Total Time": 115.927,
              "Actual Rows": 1,
              "Actual Loops": 5,
              "Plans": [
                {
                  "Node Type": "Seq Scan",
                  "Parent Relationship": "Outer",
                  "Parallel Aware": true,
                  "Relation Name": "title",
                  "Alias": "t",
                  "Startup Cost": 0.0,
                  "Total Cost": 45479.59,
                  "Plan Rows": 365370,
                  "Plan Width": 0,
                  "Actual Startup Time": 0.033,
                  "Actual Total Time": 98.895,
                  "Actual Rows": 295688,
                  "Actual Loops": 5,
                  "Filter": "((production_year > 1914) AND (kind_id = 7))",
                  "Rows Removed by Filter": 209975
                }
              ]
            }
          ]
        }
      ]
    },
    "Planning Time": 0.103,
    "Triggers": [],
    "Execution Time": 134.294
  }
]