[
    {
        "Bao": {
            "Bao prediction": "NaN",
            "Bao recommended hint": "(no hint)"
        }
    },
    {
        "Plan": {
            "Node Type": "Aggregate",
            "Strategy": "Plain",
            "Partial Mode": "Finalize",
            "Parallel Aware": false,
            "Startup Cost": 29842.63,
            "Total Cost": 29842.64,
            "Plan Rows": 1,
            "Plan Width": 8,
            "Actual Startup Time": 65.651,
            "Actual Total Time": 69.278,
            "Actual Rows": 1,
            "Actual Loops": 1,
            "Output": [
                "count(*)"
            ],
            "Plans": [
                {
                    "Node Type": "Gather",
                    "Parent Relationship": "Outer",
                    "Parallel Aware": false,
                    "Startup Cost": 29842.31,
                    "Total Cost": 29842.62,
                    "Plan Rows": 3,
                    "Plan Width": 8,
                    "Actual Startup Time": 65.46,
                    "Actual Total Time": 69.271,
                    "Actual Rows": 4,
                    "Actual Loops": 1,
                    "Output": [
                        "(PARTIAL count(*))"
                    ],
                    "Workers Planned": 3,
                    "Workers Launched": 3,
                    "Single Copy": false,
                    "Plans": [
                        {
                            "Node Type": "Aggregate",
                            "Strategy": "Plain",
                            "Partial Mode": "Partial",
                            "Parent Relationship": "Outer",
                            "Parallel Aware": false,
                            "Startup Cost": 28842.31,
                            "Total Cost": 28842.32,
                            "Plan Rows": 1,
                            "Plan Width": 8,
                            "Actual Startup Time": 57.189,
                            "Actual Total Time": 57.191,
                            "Actual Rows": 1,
                            "Actual Loops": 4,
                            "Output": [
                                "PARTIAL count(*)"
                            ],
                            "Workers": [
                                {
                                    "Worker Number": 0,
                                    "Actual Startup Time": 54.284,
                                    "Actual Total Time": 54.285,
                                    "Actual Rows": 1,
                                    "Actual Loops": 1
                                },
                                {
                                    "Worker Number": 1,
                                    "Actual Startup Time": 54.594,
                                    "Actual Total Time": 54.595,
                                    "Actual Rows": 1,
                                    "Actual Loops": 1
                                },
                                {
                                    "Worker Number": 2,
                                    "Actual Startup Time": 54.654,
                                    "Actual Total Time": 54.656,
                                    "Actual Rows": 1,
                                    "Actual Loops": 1
                                }
                            ],
                            "Plans": [
                                {
                                    "Node Type": "Bitmap Heap Scan",
                                    "Parent Relationship": "Outer",
                                    "Parallel Aware": true,
                                    "Relation Name": "movie_keyword",
                                    "Schema": "public",
                                    "Alias": "mk",
                                    "Startup Cost": 3573.49,
                                    "Total Cost": 28706.51,
                                    "Plan Rows": 54321,
                                    "Plan Width": 0,
                                    "Actual Startup Time": 7.179,
                                    "Actual Total Time": 54.384,
                                    "Actual Rows": 39733,
                                    "Actual Loops": 4,
                                    "Recheck Cond": "(mk.keyword_id > 72935)",
                                    "Rows Removed by Index Recheck": 0,
                                    "Exact Heap Blocks": 10609,
                                    "Lossy Heap Blocks": 0,
                                    "Workers": [
                                        {
                                            "Worker Number": 0,
                                            "Actual Startup Time": 4.458,
                                            "Actual Total Time": 51.761,
                                            "Actual Rows": 24312,
                                            "Actual Loops": 1
                                        },
                                        {
                                            "Worker Number": 1,
                                            "Actual Startup Time": 4.697,
                                            "Actual Total Time": 52.093,
                                            "Actual Rows": 24405,
                                            "Actual Loops": 1
                                        },
                                        {
                                            "Worker Number": 2,
                                            "Actual Startup Time": 4.663,
                                            "Actual Total Time": 52.168,
                                            "Actual Rows": 23964,
                                            "Actual Loops": 1
                                        }
                                    ],
                                    "Plans": [
                                        {
                                            "Node Type": "Bitmap Index Scan",
                                            "Parent Relationship": "Outer",
                                            "Parallel Aware": false,
                                            "Index Name": "keyword_id_movie_keyword",
                                            "Startup Cost": 0.0,
                                            "Total Cost": 3531.39,
                                            "Plan Rows": 168395,
                                            "Plan Width": 0,
                                            "Actual Startup Time": 11.203,
                                            "Actual Total Time": 11.204,
                                            "Actual Rows": 158932,
                                            "Actual Loops": 1,
                                            "Index Cond": "(mk.keyword_id > 72935)"
                                        }
                                    ]
                                }
                            ]
                        }
                    ]
                }
            ]
        },
        "Planning Time": 186.54,
        "Triggers": [],
        "Execution Time": 69.321
    }
]