{
  "Plan": {
    "Node Type": "Aggregate",
    "Strategy": "Plain",
    "Partial Mode": "Finalize",
    "Parallel Aware": false,
    "Startup Cost": 478777.62,
    "Total Cost": 478777.63,
    "Plan Rows": 1,
    "Plan Width": 8,
    "Actual Startup Time": 1624.998,
    "Actual Total Time": 1655.456,
    "Actual Rows": 1,
    "Actual Loops": 1,
    "Plans": [
      {
        "Node Type": "Gather",
        "Parent Relationship": "Outer",
        "Parallel Aware": false,
        "Startup Cost": 478777.5,
        "Total Cost": 478777.61,
        "Plan Rows": 1,
        "Plan Width": 8,
        "Actual Startup Time": 1624.759,
        "Actual Total Time": 1655.447,
        "Actual Rows": 2,
        "Actual Loops": 1,
        "Workers Planned": 1,
        "Workers Launched": 1,
        "Single Copy": false,
        "Plans": [
          {
            "Node Type": "Aggregate",
            "Strategy": "Plain",
            "Partial Mode": "Partial",
            "Parent Relationship": "Outer",
            "Parallel Aware": false,
            "Startup Cost": 477777.5,
            "Total Cost": 477777.51,
            "Plan Rows": 1,
            "Plan Width": 8,
            "Actual Startup Time": 1621.598,
            "Actual Total Time": 1621.6,
            "Actual Rows": 1,
            "Actual Loops": 2,
            "Plans": [
              {
                "Node Type": "Hash Join",
                "Parent Relationship": "Outer",
                "Parallel Aware": true,
                "Join Type": "Inner",
                "Startup Cost": 58771.16,
                "Total Cost": 477358.78,
                "Plan Rows": 167489,
                "Plan Width": 0,
                "Actual Startup Time": 265.866,
                "Actual Total Time": 1616.248,
                "Actual Rows": 102320,
                "Actual Loops": 2,
                "Inner Unique": true,
                "Hash Cond": "(ci.movie_id = t.id)",
                "Plans": [
                  {
                    "Node Type": "Index Scan",
                    "Parent Relationship": "Outer",
                    "Parallel Aware": true,
                    "Scan Direction": "Forward",
                    "Index Name": "role_id_cast_info",
                    "Relation Name": "cast_info",
                    "Alias": "ci",
                    "Startup Cost": 0.56,
                    "Total Cost": 400977.7,
                    "Plan Rows": 6708745,
                    "Plan Width": 4,
                    "Actual Startup Time": 131.325,
                    "Actual Total Time": 928.776,
                    "Actual Rows": 5190896,
                    "Actual Loops": 2,
                    "Index Cond": "(role_id < 2)",
                    "Rows Removed by Index Recheck": 0,
                    "Filter": "(person_id > 307839)",
                    "Rows Removed by Filter": 1144448
                  },
                  {
                    "Node Type": "Hash",
                    "Parent Relationship": "Inner",
                    "Parallel Aware": true,
                    "Startup Cost": 58306.47,
                    "Total Cost": 58306.47,
                    "Plan Rows": 37130,
                    "Plan Width": 4,
                    "Actual Startup Time": 133.892,
                    "Actual Total Time": 133.892,
                    "Actual Rows": 26952,
                    "Actual Loops": 2,
                    "Hash Buckets": 65536,
                    "Original Hash Buckets": 65536,
                    "Hash Batches": 1,
                    "Original Hash Batches": 1,
                    "Peak Memory Usage": 2624,
                    "Plans": [
                      {
                        "Node Type": "Seq Scan",
                        "Parent Relationship": "Outer",
                        "Parallel Aware": true,
                        "Relation Name": "title",
                        "Alias": "t",
                        "Startup Cost": 0.0,
                        "Total Cost": 58306.47,
                        "Plan Rows": 37130,
                        "Plan Width": 4,
                        "Actual Startup Time": 0.085,
                        "Actual Total Time": 127.306,
                        "Actual Rows": 26952,
                        "Actual Loops": 2,
                        "Filter": "((kind_id < 7) AND (production_year = 2012))",
                        "Rows Removed by Filter": 1237204
                      }
                    ]
                  }
                ]
              }
            ]
          }
        ]
      }
    ]
  },
  "Planning Time": 0.337,
  "Triggers": [],
  "Execution Time": 1655.516
}