{
    "Plan": {
        "Node Type": "Aggregate",
        "Strategy": "Plain",
        "Partial Mode": "Simple",
        "Parallel Aware": false,
        "Startup Cost": 60000672732.88,
        "Total Cost": 60000672732.89,
        "Plan Rows": 1,
        "Plan Width": 96,
        "Actual Startup Time": 3728.333,
        "Actual Total Time": 3728.612,
        "Actual Rows": 1,
        "Actual Loops": 1,
        "Output": [
            "min(cn.name)",
            "min(mi_idx.info)",
            "min(t.title)"
        ],
        "Plans": [
            {
                "Node Type": "Nested Loop",
                "Parent Relationship": "Outer",
                "Parallel Aware": false,
                "Join Type": "Inner",
                "Startup Cost": 60000672727.23,
                "Total Cost": 60000672732.88,
                "Plan Rows": 1,
                "Plan Width": 41,
                "Actual Startup Time": 3685.171,
                "Actual Total Time": 3726.022,
                "Actual Rows": 6096,
                "Actual Loops": 1,
                "Output": [
                    "cn.name",
                    "mi_idx.info",
                    "t.title"
                ],
                "Inner Unique": true,
                "Plans": [
                    {
                        "Node Type": "Merge Join",
                        "Parent Relationship": "Outer",
                        "Parallel Aware": false,
                        "Join Type": "Inner",
                        "Startup Cost": 50000672727.09,
                        "Total Cost": 50000672727.12,
                        "Plan Rows": 1,
                        "Plan Width": 45,
                        "Actual Startup Time": 3685.148,
                        "Actual Total Time": 3690.389,
                        "Actual Rows": 6096,
                        "Actual Loops": 1,
                        "Output": [
                            "mc.company_type_id",
                            "cn.name",
                            "mi_idx.info",
                            "t.title"
                        ],
                        "Inner Unique": false,
                        "Merge Cond": "(t.kind_id = kt.id)",
                        "Plans": [
                            {
                                "Node Type": "Sort",
                                "Parent Relationship": "Outer",
                                "Parallel Aware": false,
                                "Startup Cost": 40000672726.0,
                                "Total Cost": 40000672726.0,
                                "Plan Rows": 1,
                                "Plan Width": 49,
                                "Actual Startup Time": 3685.108,
                                "Actual Total Time": 3686.393,
                                "Actual Rows": 6296,
                                "Actual Loops": 1,
                                "Output": [
                                    "mc.company_type_id",
                                    "cn.name",
                                    "mi_idx.info",
                                    "t.title",
                                    "t.kind_id"
                                ],
                                "Sort Key": [
                                    "t.kind_id"
                                ],
                                "Sort Method": "quicksort",
                                "Sort Space Used": 847,
                                "Sort Space Type": "Memory",
                                "Plans": [
                                    {
                                        "Node Type": "Hash Join",
                                        "Parent Relationship": "Outer",
                                        "Parallel Aware": false,
                                        "Join Type": "Inner",
                                        "Startup Cost": 40000672725.94,
                                        "Total Cost": 40000672725.99,
                                        "Plan Rows": 1,
                                        "Plan Width": 49,
                                        "Actual Startup Time": 3673.67,
                                        "Actual Total Time": 3683.653,
                                        "Actual Rows": 6296,
                                        "Actual Loops": 1,
                                        "Output": [
                                            "mc.company_type_id",
                                            "cn.name",
                                            "mi_idx.info",
                                            "t.title",
                                            "t.kind_id"
                                        ],
                                        "Inner Unique": false,
                                        "Hash Cond": "(cc.subject_id = cct1.id)",
                                        "Plans": [
                                            {
                                                "Node Type": "Merge Join",
                                                "Parent Relationship": "Outer",
                                                "Parallel Aware": false,
                                                "Join Type": "Inner",
                                                "Startup Cost": 30000672724.88,
                                                "Total Cost": 30000672724.91,
                                                "Plan Rows": 1,
                                                "Plan Width": 53,
                                                "Actual Startup Time": 3673.626,
                                                "Actual Total Time": 3680.636,
                                                "Actual Rows": 26883,
                                                "Actual Loops": 1,
                                                "Output": [
                                                    "cc.subject_id",
                                                    "mc.company_type_id",
                                                    "cn.name",
                                                    "mi_idx.info",
                                                    "t.title",
                                                    "t.kind_id"
                                                ],
                                                "Inner Unique": false,
                                                "Merge Cond": "(cct2.id = cc.status_id)",
                                                "Plans": [
                                                    {
                                                        "Node Type": "Sort",
                                                        "Parent Relationship": "Outer",
                                                        "Parallel Aware": false,
                                                        "Startup Cost": 1.07,
                                                        "Total Cost": 1.08,
                                                        "Plan Rows": 3,
                                                        "Plan Width": 4,
                                                        "Actual Startup Time": 0.01,
                                                        "Actual Total Time": 0.013,
                                                        "Actual Rows": 3,
                                                        "Actual Loops": 1,
                                                        "Output": [
                                                            "cct2.id"
                                                        ],
                                                        "Sort Key": [
                                                            "cct2.id"
                                                        ],
                                                        "Sort Method": "quicksort",
                                                        "Sort Space Used": 25,
                                                        "Sort Space Type": "Memory",
                                                        "Plans": [
                                                            {
                                                                "Node Type": "Seq Scan",
                                                                "Parent Relationship": "Outer",
                                                                "Parallel Aware": false,
                                                                "Relation Name": "comp_cast_type",
                                                                "Schema": "public",
                                                                "Alias": "cct2",
                                                                "Startup Cost": 0.0,
                                                                "Total Cost": 1.05,
                                                                "Plan Rows": 3,
                                                                "Plan Width": 4,
                                                                "Actual Startup Time": 0.004,
                                                                "Actual Total Time": 0.006,
                                                                "Actual Rows": 3,
                                                                "Actual Loops": 1,
                                                                "Output": [
                                                                    "cct2.id"
                                                                ],
                                                                "Filter": "((cct2.kind)::text <> 'complete+verified'::text)",
                                                                "Rows Removed by Filter": 1
                                                            }
                                                        ]
                                                    },
                                                    {
                                                        "Node Type": "Sort",
                                                        "Parent Relationship": "Inner",
                                                        "Parallel Aware": false,
                                                        "Startup Cost": 30000672723.8,
                                                        "Total Cost": 30000672723.81,
                                                        "Plan Rows": 1,
                                                        "Plan Width": 57,
                                                        "Actual Startup Time": 3673.61,
                                                        "Actual Total Time": 3675.436,
                                                        "Actual Rows": 26884,
                                                        "Actual Loops": 1,
                                                        "Output": [
                                                            "cc.subject_id",
                                                            "cc.status_id",
                                                            "mc.company_type_id",
                                                            "cn.name",
                                                            "mi_idx.info",
                                                            "t.title",
                                                            "t.kind_id"
                                                        ],
                                                        "Sort Key": [
                                                            "cc.status_id"
                                                        ],
                                                        "Sort Method": "quicksort",
                                                        "Sort Space Used": 7677,
                                                        "Sort Space Type": "Memory",
                                                        "Plans": [
                                                            {
                                                                "Node Type": "Hash Join",
                                                                "Parent Relationship": "Outer",
                                                                "Parallel Aware": false,
                                                                "Join Type": "Inner",
                                                                "Startup Cost": 30000672723.76,
                                                                "Total Cost": 30000672723.79,
                                                                "Plan Rows": 1,
                                                                "Plan Width": 57,
                                                                "Actual Startup Time": 3617.007,
                                                                "Actual Total Time": 3659.034,
                                                                "Actual Rows": 50155,
                                                                "Actual Loops": 1,
                                                                "Output": [
                                                                    "cc.subject_id",
                                                                    "cc.status_id",
                                                                    "mc.company_type_id",
                                                                    "cn.name",
                                                                    "mi_idx.info",
                                                                    "t.title",
                                                                    "t.kind_id"
                                                                ],
                                                                "Inner Unique": false,
                                                                "Hash Cond": "(mi.movie_id = t.id)",
                                                                "Plans": [
                                                                    {
                                                                        "Node Type": "Merge Join",
                                                                        "Parent Relationship": "Outer",
                                                                        "Parallel Aware": false,
                                                                        "Join Type": "Inner",
                                                                        "Startup Cost": 20000584617.17,
                                                                        "Total Cost": 20000584617.19,
                                                                        "Plan Rows": 1,
                                                                        "Plan Width": 56,
                                                                        "Actual Startup Time": 2576.121,
                                                                        "Actual Total Time": 2602.864,
                                                                        "Actual Rows": 64909,
                                                                        "Actual Loops": 1,
                                                                        "Output": [
                                                                            "cc.movie_id",
                                                                            "cc.subject_id",
                                                                            "cc.status_id",
                                                                            "mc.movie_id",
                                                                            "mc.company_type_id",
                                                                            "cn.name",
                                                                            "mi.movie_id",
                                                                            "mi_idx.info",
                                                                            "mi_idx.movie_id",
                                                                            "mk.movie_id"
                                                                        ],
                                                                        "Inner Unique": false,
                                                                        "Merge Cond": "(mi_idx.info_type_id = it2.id)",
                                                                        "Plans": [
                                                                            {
                                                                                "Node Type": "Sort",
                                                                                "Parent Relationship": "Outer",
                                                                                "Parallel Aware": false,
                                                                                "Startup Cost": 20000584614.74,
                                                                                "Total Cost": 20000584614.75,
                                                                                "Plan Rows": 1,
                                                                                "Plan Width": 60,
                                                                                "Actual Startup Time": 2553.346,
                                                                                "Actual Total Time": 2565.931,
                                                                                "Actual Rows": 193364,
                                                                                "Actual Loops": 1,
                                                                                "Output": [
                                                                                    "cc.movie_id",
                                                                                    "cc.subject_id",
                                                                                    "cc.status_id",
                                                                                    "mc.movie_id",
                                                                                    "mc.company_type_id",
                                                                                    "cn.name",
                                                                                    "mi.movie_id",
                                                                                    "mi_idx.info",
                                                                                    "mi_idx.movie_id",
                                                                                    "mi_idx.info_type_id",
                                                                                    "mk.movie_id"
                                                                                ],
                                                                                "Sort Key": [
                                                                                    "mi_idx.info_type_id"
                                                                                ],
                                                                                "Sort Method": "quicksort",
                                                                                "Sort Space Used": 33797,
                                                                                "Sort Space Type": "Memory",
                                                                                "Plans": [
                                                                                    {
                                                                                        "Node Type": "Hash Join",
                                                                                        "Parent Relationship": "Outer",
                                                                                        "Parallel Aware": false,
                                                                                        "Join Type": "Inner",
                                                                                        "Startup Cost": 20000522775.29,
                                                                                        "Total Cost": 20000584614.73,
                                                                                        "Plan Rows": 1,
                                                                                        "Plan Width": 60,
                                                                                        "Actual Startup Time": 1721.784,
                                                                                        "Actual Total Time": 2473.015,
                                                                                        "Actual Rows": 199662,
                                                                                        "Actual Loops": 1,
                                                                                        "Output": [
                                                                                            "cc.movie_id",
                                                                                            "cc.subject_id",
                                                                                            "cc.status_id",
                                                                                            "mc.movie_id",
                                                                                            "mc.company_type_id",
                                                                                            "cn.name",
                                                                                            "mi.movie_id",
                                                                                            "mi_idx.info",
                                                                                            "mi_idx.movie_id",
                                                                                            "mi_idx.info_type_id",
                                                                                            "mk.movie_id"
                                                                                        ],
                                                                                        "Inner Unique": false,
                                                                                        "Hash Cond": "(mc.company_id = cn.id)",
                                                                                        "Plans": [
                                                                                            {
                                                                                                "Node Type": "Merge Join",
                                                                                                "Parent Relationship": "Outer",
                                                                                                "Parallel Aware": false,
                                                                                                "Join Type": "Inner",
                                                                                                "Startup Cost": 10000515266.49,
                                                                                                "Total Cost": 10000577105.92,
                                                                                                "Plan Rows": 1,
                                                                                                "Plan Width": 45,
                                                                                                "Actual Startup Time": 1647.748,
                                                                                                "Actual Total Time": 2339.16,
                                                                                                "Actual Rows": 210858,
                                                                                                "Actual Loops": 1,
                                                                                                "Output": [
                                                                                                    "cc.movie_id",
                                                                                                    "cc.subject_id",
                                                                                                    "cc.status_id",
                                                                                                    "mc.movie_id",
                                                                                                    "mc.company_type_id",
                                                                                                    "mc.company_id",
                                                                                                    "mi.movie_id",
                                                                                                    "mi_idx.info",
                                                                                                    "mi_idx.movie_id",
                                                                                                    "mi_idx.info_type_id",
                                                                                                    "mk.movie_id"
                                                                                                ],
                                                                                                "Inner Unique": false,
                                                                                                "Merge Cond": "(mi.movie_id = cc.movie_id)",
                                                                                                "Plans": [
                                                                                                    {
                                                                                                        "Node Type": "Merge Join",
                                                                                                        "Parent Relationship": "Outer",
                                                                                                        "Parallel Aware": false,
                                                                                                        "Join Type": "Inner",
                                                                                                        "Startup Cost": 10000501672.86,
                                                                                                        "Total Cost": 10000562845.63,
                                                                                                        "Plan Rows": 4,
                                                                                                        "Plan Width": 33,
                                                                                                        "Actual Startup Time": 1584.906,
                                                                                                        "Actual Total Time": 2191.8,
                                                                                                        "Actual Rows": 212304,
                                                                                                        "Actual Loops": 1,
                                                                                                        "Output": [
                                                                                                            "mi.movie_id",
                                                                                                            "mc.movie_id",
                                                                                                            "mc.company_type_id",
                                                                                                            "mc.company_id",
                                                                                                            "mi_idx.info",
                                                                                                            "mi_idx.movie_id",
                                                                                                            "mi_idx.info_type_id",
                                                                                                            "mk.movie_id"
                                                                                                        ],
                                                                                                        "Inner Unique": false,
                                                                                                        "Merge Cond": "(mi_idx.movie_id = mi.movie_id)",
                                                                                                        "Plans": [
                                                                                                            {
                                                                                                                "Node Type": "Index Scan",
                                                                                                                "Parent Relationship": "Outer",
                                                                                                                "Parallel Aware": false,
                                                                                                                "Scan Direction": "Forward",
                                                                                                                "Index Name": "movie_id_movie_info_idx",
                                                                                                                "Relation Name": "movie_info_idx",
                                                                                                                "Schema": "public",
                                                                                                                "Alias": "mi_idx",
                                                                                                                "Startup Cost": 0.43,
                                                                                                                "Total Cost": 57080.9,
                                                                                                                "Plan Rows": 1339166,
                                                                                                                "Plan Width": 13,
                                                                                                                "Actual Startup Time": 0.022,
                                                                                                                "Actual Total Time": 373.864,
                                                                                                                "Actual Rows": 1337425,
                                                                                                                "Actual Loops": 1,
                                                                                                                "Output": [
                                                                                                                    "mi_idx.id",
                                                                                                                    "mi_idx.movie_id",
                                                                                                                    "mi_idx.info_type_id",
                                                                                                                    "mi_idx.info",
                                                                                                                    "mi_idx.note"
                                                                                                                ],
                                                                                                                "Filter": "(mi_idx.info < '8.5'::text)",
                                                                                                                "Rows Removed by Filter": 42395
                                                                                                            },
                                                                                                            {
                                                                                                                "Node Type": "Materialize",
                                                                                                                "Parent Relationship": "Inner",
                                                                                                                "Parallel Aware": false,
                                                                                                                "Startup Cost": 10000501672.43,
                                                                                                                "Total Cost": 10000502416.77,
                                                                                                                "Plan Rows": 1,
                                                                                                                "Plan Width": 20,
                                                                                                                "Actual Startup Time": 1584.729,
                                                                                                                "Actual Total Time": 1680.549,
                                                                                                                "Actual Rows": 212460,
                                                                                                                "Actual Loops": 1,
                                                                                                                "Output": [
                                                                                                                    "mi.movie_id",
                                                                                                                    "mc.movie_id",
                                                                                                                    "mc.company_type_id",
                                                                                                                    "mc.company_id",
                                                                                                                    "mk.movie_id"
                                                                                                                ],
                                                                                                                "Plans": [
                                                                                                                    {
                                                                                                                        "Node Type": "Merge Join",
                                                                                                                        "Parent Relationship": "Outer",
                                                                                                                        "Parallel Aware": false,
                                                                                                                        "Join Type": "Inner",
                                                                                                                        "Startup Cost": 10000501672.43,
                                                                                                                        "Total Cost": 10000502416.76,
                                                                                                                        "Plan Rows": 1,
                                                                                                                        "Plan Width": 20,
                                                                                                                        "Actual Startup Time": 1584.723,
                                                                                                                        "Actual Total Time": 1649.29,
                                                                                                                        "Actual Rows": 72594,
                                                                                                                        "Actual Loops": 1,
                                                                                                                        "Output": [
                                                                                                                            "mi.movie_id",
                                                                                                                            "mc.movie_id",
                                                                                                                            "mc.company_type_id",
                                                                                                                            "mc.company_id",
                                                                                                                            "mk.movie_id"
                                                                                                                        ],
                                                                                                                        "Inner Unique": false,
                                                                                                                        "Merge Cond": "(mi.movie_id = mc.movie_id)",
                                                                                                                        "Plans": [
                                                                                                                            {
                                                                                                                                "Node Type": "Sort",
                                                                                                                                "Parent Relationship": "Outer",
                                                                                                                                "Parallel Aware": false,
                                                                                                                                "Startup Cost": 10000401633.37,
                                                                                                                                "Total Cost": 10000401633.38,
                                                                                                                                "Plan Rows": 5,
                                                                                                                                "Plan Width": 8,
                                                                                                                                "Actual Startup Time": 1277.767,
                                                                                                                                "Actual Total Time": 1280.969,
                                                                                                                                "Actual Rows": 23720,
                                                                                                                                "Actual Loops": 1,
                                                                                                                                "Output": [
                                                                                                                                    "mi.movie_id",
                                                                                                                                    "mk.movie_id"
                                                                                                                                ],
                                                                                                                                "Sort Key": [
                                                                                                                                    "mi.movie_id"
                                                                                                                                ],
                                                                                                                                "Sort Method": "quicksort",
                                                                                                                                "Sort Space Used": 1880,
                                                                                                                                "Sort Space Type": "Memory",
                                                                                                                                "Plans": [
                                                                                                                                    {
                                                                                                                                        "Node Type": "Hash Join",
                                                                                                                                        "Parent Relationship": "Outer",
                                                                                                                                        "Parallel Aware": false,
                                                                                                                                        "Join Type": "Inner",
                                                                                                                                        "Startup Cost": 10000399646.04,
                                                                                                                                        "Total Cost": 10000401633.31,
                                                                                                                                        "Plan Rows": 5,
                                                                                                                                        "Plan Width": 8,
                                                                                                                                        "Actual Startup Time": 1114.283,
                                                                                                                                        "Actual Total Time": 1271.399,
                                                                                                                                        "Actual Rows": 23720,
                                                                                                                                        "Actual Loops": 1,
                                                                                                                                        "Output": [
                                                                                                                                            "mi.movie_id",
                                                                                                                                            "mk.movie_id"
                                                                                                                                        ],
                                                                                                                                        "Inner Unique": false,
                                                                                                                                        "Hash Cond": "(mi.movie_id = mk.movie_id)",
                                                                                                                                        "Plans": [
                                                                                                                                            {
                                                                                                                                                "Node Type": "Hash Join",
                                                                                                                                                "Parent Relationship": "Outer",
                                                                                                                                                "Parallel Aware": false,
                                                                                                                                                "Join Type": "Inner",
                                                                                                                                                "Startup Cost": 389592.84,
                                                                                                                                                "Total Cost": 391501.3,
                                                                                                                                                "Plan Rows": 12602,
                                                                                                                                                "Plan Width": 4,
                                                                                                                                                "Actual Startup Time": 975.656,
                                                                                                                                                "Actual Total Time": 1048.401,
                                                                                                                                                "Actual Rows": 610474,
                                                                                                                                                "Actual Loops": 1,
                                                                                                                                                "Output": [
                                                                                                                                                    "mi.movie_id"
                                                                                                                                                ],
                                                                                                                                                "Inner Unique": false,
                                                                                                                                                "Hash Cond": "(it1.id = mi.info_type_id)",
                                                                                                                                                "Plans": [
                                                                                                                                                    {
                                                                                                                                                        "Node Type": "Seq Scan",
                                                                                                                                                        "Parent Relationship": "Outer",
                                                                                                                                                        "Parallel Aware": false,
                                                                                                                                                        "Relation Name": "info_type",
                                                                                                                                                        "Schema": "public",
                                                                                                                                                        "Alias": "it1",
                                                                                                                                                        "Startup Cost": 0.0,
                                                                                                                                                        "Total Cost": 2.41,
                                                                                                                                                        "Plan Rows": 1,
                                                                                                                                                        "Plan Width": 4,
                                                                                                                                                        "Actual Startup Time": 0.014,
                                                                                                                                                        "Actual Total Time": 0.032,
                                                                                                                                                        "Actual Rows": 1,
                                                                                                                                                        "Actual Loops": 1,
                                                                                                                                                        "Output": [
                                                                                                                                                            "it1.id",
                                                                                                                                                            "it1.info"
                                                                                                                                                        ],
                                                                                                                                                        "Filter": "((it1.info)::text = 'countries'::text)",
                                                                                                                                                        "Rows Removed by Filter": 112
                                                                                                                                                    },
                                                                                                                                                    {
                                                                                                                                                        "Node Type": "Hash",
                                                                                                                                                        "Parent Relationship": "Inner",
                                                                                                                                                        "Parallel Aware": false,
                                                                                                                                                        "Startup Cost": 371792.63,
                                                                                                                                                        "Total Cost": 371792.63,
                                                                                                                                                        "Plan Rows": 1424017,
                                                                                                                                                        "Plan Width": 8,
                                                                                                                                                        "Actual Startup Time": 973.305,
                                                                                                                                                        "Actual Total Time": 973.481,
                                                                                                                                                        "Actual Rows": 1491323,
                                                                                                                                                        "Actual Loops": 1,
                                                                                                                                                        "Output": [
                                                                                                                                                            "mi.movie_id",
                                                                                                                                                            "mi.info_type_id"
                                                                                                                                                        ],
                                                                                                                                                        "Hash Buckets": 2097152,
                                                                                                                                                        "Original Hash Buckets": 2097152,
                                                                                                                                                        "Hash Batches": 1,
                                                                                                                                                        "Original Hash Batches": 1,
                                                                                                                                                        "Peak Memory Usage": 74639,
                                                                                                                                                        "Plans": [
                                                                                                                                                            {
                                                                                                                                                                "Node Type": "Gather",
                                                                                                                                                                "Parent Relationship": "Outer",
                                                                                                                                                                "Parallel Aware": false,
                                                                                                                                                                "Startup Cost": 1000.0,
                                                                                                                                                                "Total Cost": 371792.63,
                                                                                                                                                                "Plan Rows": 1424017,
                                                                                                                                                                "Plan Width": 8,
                                                                                                                                                                "Actual Startup Time": 0.502,
                                                                                                                                                                "Actual Total Time": 825.127,
                                                                                                                                                                "Actual Rows": 1491323,
                                                                                                                                                                "Actual Loops": 1,
                                                                                                                                                                "Output": [
                                                                                                                                                                    "mi.movie_id",
                                                                                                                                                                    "mi.info_type_id"
                                                                                                                                                                ],
                                                                                                                                                                "Workers Planned": 5,
                                                                                                                                                                "Workers Launched": 5,
                                                                                                                                                                "Single Copy": false,
                                                                                                                                                                "Plans": [
                                                                                                                                                                    {
                                                                                                                                                                        "Node Type": "Seq Scan",
                                                                                                                                                                        "Parent Relationship": "Outer",
                                                                                                                                                                        "Parallel Aware": true,
                                                                                                                                                                        "Relation Name": "movie_info",
                                                                                                                                                                        "Schema": "public",
                                                                                                                                                                        "Alias": "mi",
                                                                                                                                                                        "Startup Cost": 0.0,
                                                                                                                                                                        "Total Cost": 228390.93,
                                                                                                                                                                        "Plan Rows": 284803,
                                                                                                                                                                        "Plan Width": 8,
                                                                                                                                                                        "Actual Startup Time": 0.093,
                                                                                                                                                                        "Actual Total Time": 815.776,
                                                                                                                                                                        "Actual Rows": 248554,
                                                                                                                                                                        "Actual Loops": 6,
                                                                                                                                                                        "Output": [
                                                                                                                                                                            "mi.movie_id",
                                                                                                                                                                            "mi.info_type_id"
                                                                                                                                                                        ],
                                                                                                                                                                        "Filter": "(mi.info = ANY ('{Denish,German,Denmark,USA,Sweden,English,Danish,American,Germany,Swedish}'::text[]))",
                                                                                                                                                                        "Rows Removed by Filter": 2224066,
                                                                                                                                                                        "Workers": [
                                                                                                                                                                            {
                                                                                                                                                                                "Worker Number": 0,
                                                                                                                                                                                "Actual Startup Time": 0.136,
                                                                                                                                                                                "Actual Total Time": 847.156,
                                                                                                                                                                                "Actual Rows": 283150,
                                                                                                                                                                                "Actual Loops": 1
                                                                                                                                                                            },
                                                                                                                                                                            {
                                                                                                                                                                                "Worker Number": 1,
                                                                                                                                                                                "Actual Startup Time": 0.063,
                                                                                                                                                                                "Actual Total Time": 843.792,
                                                                                                                                                                                "Actual Rows": 352220,
                                                                                                                                                                                "Actual Loops": 1
                                                                                                                                                                            },
                                                                                                                                                                            {
                                                                                                                                                                                "Worker Number": 2,
                                                                                                                                                                                "Actual Startup Time": 0.114,
                                                                                                                                                                                "Actual Total Time": 839.487,
                                                                                                                                                                                "Actual Rows": 269281,
                                                                                                                                                                                "Actual Loops": 1
                                                                                                                                                                            },
                                                                                                                                                                            {
                                                                                                                                                                                "Worker Number": 3,
                                                                                                                                                                                "Actual Startup Time": 0.12,
                                                                                                                                                                                "Actual Total Time": 851.047,
                                                                                                                                                                                "Actual Rows": 282712,
                                                                                                                                                                                "Actual Loops": 1
                                                                                                                                                                            },
                                                                                                                                                                            {
                                                                                                                                                                                "Worker Number": 4,
                                                                                                                                                                                "Actual Startup Time": 0.111,
                                                                                                                                                                                "Actual Total Time": 849.542,
                                                                                                                                                                                "Actual Rows": 283800,
                                                                                                                                                                                "Actual Loops": 1
                                                                                                                                                                            }
                                                                                                                                                                        ]
                                                                                                                                                                    }
                                                                                                                                                                ]
                                                                                                                                                            }
                                                                                                                                                        ]
                                                                                                                                                    }
                                                                                                                                                ]
                                                                                                                                            },
                                                                                                                                            {
                                                                                                                                                "Node Type": "Hash",
                                                                                                                                                "Parent Relationship": "Inner",
                                                                                                                                                "Parallel Aware": false,
                                                                                                                                                "Startup Cost": 10000010051.52,
                                                                                                                                                "Total Cost": 10000010051.52,
                                                                                                                                                "Plan Rows": 135,
                                                                                                                                                "Plan Width": 4,
                                                                                                                                                "Actual Startup Time": 138.586,
                                                                                                                                                "Actual Total Time": 138.59,
                                                                                                                                                "Actual Rows": 37091,
                                                                                                                                                "Actual Loops": 1,
                                                                                                                                                "Output": [
                                                                                                                                                    "mk.movie_id"
                                                                                                                                                ],
                                                                                                                                                "Hash Buckets": 65536,
                                                                                                                                                "Original Hash Buckets": 1024,
                                                                                                                                                "Hash Batches": 1,
                                                                                                                                                "Original Hash Batches": 1,
                                                                                                                                                "Peak Memory Usage": 1816,
                                                                                                                                                "Plans": [
                                                                                                                                                    {
                                                                                                                                                        "Node Type": "Nested Loop",
                                                                                                                                                        "Parent Relationship": "Outer",
                                                                                                                                                        "Parallel Aware": false,
                                                                                                                                                        "Join Type": "Inner",
                                                                                                                                                        "Startup Cost": 10000000011.18,
                                                                                                                                                        "Total Cost": 10000010051.52,
                                                                                                                                                        "Plan Rows": 135,
                                                                                                                                                        "Plan Width": 4,
                                                                                                                                                        "Actual Startup Time": 4.854,
                                                                                                                                                        "Actual Total Time": 132.599,
                                                                                                                                                        "Actual Rows": 37091,
                                                                                                                                                        "Actual Loops": 1,
                                                                                                                                                        "Output": [
                                                                                                                                                            "mk.movie_id"
                                                                                                                                                        ],
                                                                                                                                                        "Inner Unique": false,
                                                                                                                                                        "Plans": [
                                                                                                                                                            {
                                                                                                                                                                "Node Type": "Index Scan",
                                                                                                                                                                "Parent Relationship": "Outer",
                                                                                                                                                                "Parallel Aware": false,
                                                                                                                                                                "Scan Direction": "Forward",
                                                                                                                                                                "Index Name": "keyword_pkey",
                                                                                                                                                                "Relation Name": "keyword",
                                                                                                                                                                "Schema": "public",
                                                                                                                                                                "Alias": "k",
                                                                                                                                                                "Startup Cost": 0.42,
                                                                                                                                                                "Total Cost": 5678.35,
                                                                                                                                                                "Plan Rows": 4,
                                                                                                                                                                "Plan Width": 4,
                                                                                                                                                                "Actual Startup Time": 0.305,
                                                                                                                                                                "Actual Total Time": 69.378,
                                                                                                                                                                "Actual Rows": 3,
                                                                                                                                                                "Actual Loops": 1,
                                                                                                                                                                "Output": [
                                                                                                                                                                    "k.id",
                                                                                                                                                                    "k.keyword",
                                                                                                                                                                    "k.phonetic_code"
                                                                                                                                                                ],
                                                                                                                                                                "Filter": "(k.keyword = ANY ('{murder,murder-in-title,blood,violence}'::text[]))",
                                                                                                                                                                "Rows Removed by Filter": 134167
                                                                                                                                                            },
                                                                                                                                                            {
                                                                                                                                                                "Node Type": "Bitmap Heap Scan",
                                                                                                                                                                "Parent Relationship": "Inner",
                                                                                                                                                                "Parallel Aware": false,
                                                                                                                                                                "Relation Name": "movie_keyword",
                                                                                                                                                                "Schema": "public",
                                                                                                                                                                "Alias": "mk",
                                                                                                                                                                "Startup Cost": 10.76,
                                                                                                                                                                "Total Cost": 1090.29,
                                                                                                                                                                "Plan Rows": 300,
                                                                                                                                                                "Plan Width": 8,
                                                                                                                                                                "Actual Startup Time": 3.102,
                                                                                                                                                                "Actual Total Time": 19.478,
                                                                                                                                                                "Actual Rows": 12364,
                                                                                                                                                                "Actual Loops": 3,
                                                                                                                                                                "Output": [
                                                                                                                                                                    "mk.id",
                                                                                                                                                                    "mk.movie_id",
                                                                                                                                                                    "mk.keyword_id"
                                                                                                                                                                ],
                                                                                                                                                                "Recheck Cond": "(mk.keyword_id = k.id)",
                                                                                                                                                                "Rows Removed by Index Recheck": 0,
                                                                                                                                                                "Exact Heap Blocks": 26312,
                                                                                                                                                                "Lossy Heap Blocks": 0,
                                                                                                                                                                "Plans": [
                                                                                                                                                                    {
                                                                                                                                                                        "Node Type": "Bitmap Index Scan",
                                                                                                                                                                        "Parent Relationship": "Outer",
                                                                                                                                                                        "Parallel Aware": false,
                                                                                                                                                                        "Index Name": "keyword_id_movie_keyword",
                                                                                                                                                                        "Startup Cost": 0.0,
                                                                                                                                                                        "Total Cost": 10.68,
                                                                                                                                                                        "Plan Rows": 300,
                                                                                                                                                                        "Plan Width": 0,
                                                                                                                                                                        "Actual Startup Time": 1.515,
                                                                                                                                                                        "Actual Total Time": 1.515,
                                                                                                                                                                        "Actual Rows": 12364,
                                                                                                                                                                        "Actual Loops": 3,
                                                                                                                                                                        "Index Cond": "(mk.keyword_id = k.id)"
                                                                                                                                                                    }
                                                                                                                                                                ]
                                                                                                                                                            }
                                                                                                                                                        ]
                                                                                                                                                    }
                                                                                                                                                ]
                                                                                                                                            }
                                                                                                                                        ]
                                                                                                                                    }
                                                                                                                                ]
                                                                                                                            },
                                                                                                                            {
                                                                                                                                "Node Type": "Sort",
                                                                                                                                "Parent Relationship": "Inner",
                                                                                                                                "Parallel Aware": false,
                                                                                                                                "Startup Cost": 100039.06,
                                                                                                                                "Total Cost": 100411.21,
                                                                                                                                "Plan Rows": 148857,
                                                                                                                                "Plan Width": 12,
                                                                                                                                "Actual Startup Time": 306.938,
                                                                                                                                "Actual Total Time": 329.998,
                                                                                                                                "Actual Rows": 340467,
                                                                                                                                "Actual Loops": 1,
                                                                                                                                "Output": [
                                                                                                                                    "mc.movie_id",
                                                                                                                                    "mc.company_type_id",
                                                                                                                                    "mc.company_id"
                                                                                                                                ],
                                                                                                                                "Sort Key": [
                                                                                                                                    "mc.movie_id"
                                                                                                                                ],
                                                                                                                                "Sort Method": "quicksort",
                                                                                                                                "Sort Space Used": 26504,
                                                                                                                                "Sort Space Type": "Memory",
                                                                                                                                "Plans": [
                                                                                                                                    {
                                                                                                                                        "Node Type": "Gather",
                                                                                                                                        "Parent Relationship": "Outer",
                                                                                                                                        "Parallel Aware": false,
                                                                                                                                        "Startup Cost": 1000.43,
                                                                                                                                        "Total Cost": 87249.59,
                                                                                                                                        "Plan Rows": 148857,
                                                                                                                                        "Plan Width": 12,
                                                                                                                                        "Actual Startup Time": 0.513,
                                                                                                                                        "Actual Total Time": 232.028,
                                                                                                                                        "Actual Rows": 303271,
                                                                                                                                        "Actual Loops": 1,
                                                                                                                                        "Output": [
                                                                                                                                            "mc.movie_id",
                                                                                                                                            "mc.company_type_id",
                                                                                                                                            "mc.company_id"
                                                                                                                                        ],
                                                                                                                                        "Workers Planned": 3,
                                                                                                                                        "Workers Launched": 3,
                                                                                                                                        "Single Copy": false,
                                                                                                                                        "Plans": [
                                                                                                                                            {
                                                                                                                                                "Node Type": "Index Scan",
                                                                                                                                                "Parent Relationship": "Outer",
                                                                                                                                                "Parallel Aware": true,
                                                                                                                                                "Scan Direction": "Forward",
                                                                                                                                                "Index Name": "company_type_id_movie_companies",
                                                                                                                                                "Relation Name": "movie_companies",
                                                                                                                                                "Schema": "public",
                                                                                                                                                "Alias": "mc",
                                                                                                                                                "Startup Cost": 0.43,
                                                                                                                                                "Total Cost": 71363.89,
                                                                                                                                                "Plan Rows": 48018,
                                                                                                                                                "Plan Width": 12,
                                                                                                                                                "Actual Startup Time": 0.372,
                                                                                                                                                "Actual Total Time": 215.679,
                                                                                                                                                "Actual Rows": 75818,
                                                                                                                                                "Actual Loops": 4,
                                                                                                                                                "Output": [
                                                                                                                                                    "mc.movie_id",
                                                                                                                                                    "mc.company_type_id",
                                                                                                                                                    "mc.company_id"
                                                                                                                                                ],
                                                                                                                                                "Filter": "((mc.note !~~ '%(USA)%'::text) AND (mc.note ~~ '%(200%)%'::text))",
                                                                                                                                                "Rows Removed by Filter": 576464,
                                                                                                                                                "Workers": [
                                                                                                                                                    {
                                                                                                                                                        "Worker Number": 0,
                                                                                                                                                        "Actual Startup Time": 0.68,
                                                                                                                                                        "Actual Total Time": 229.404,
                                                                                                                                                        "Actual Rows": 100783,
                                                                                                                                                        "Actual Loops": 1
                                                                                                                                                    },
                                                                                                                                                    {
                                                                                                                                                        "Worker Number": 1,
                                                                                                                                                        "Actual Startup Time": 0.212,
                                                                                                                                                        "Actual Total Time": 229.863,
                                                                                                                                                        "Actual Rows": 70415,
                                                                                                                                                        "Actual Loops": 1
                                                                                                                                                    },
                                                                                                                                                    {
                                                                                                                                                        "Worker Number": 2,
                                                                                                                                                        "Actual Startup Time": 0.564,
                                                                                                                                                        "Actual Total Time": 229.627,
                                                                                                                                                        "Actual Rows": 71837,
                                                                                                                                                        "Actual Loops": 1
                                                                                                                                                    }
                                                                                                                                                ]
                                                                                                                                            }
                                                                                                                                        ]
                                                                                                                                    }
                                                                                                                                ]
                                                                                                                            }
                                                                                                                        ]
                                                                                                                    }
                                                                                                                ]
                                                                                                            }
                                                                                                        ]
                                                                                                    },
                                                                                                    {
                                                                                                        "Node Type": "Sort",
                                                                                                        "Parent Relationship": "Inner",
                                                                                                        "Parallel Aware": false,
                                                                                                        "Startup Cost": 13593.56,
                                                                                                        "Total Cost": 13931.28,
                                                                                                        "Plan Rows": 135086,
                                                                                                        "Plan Width": 12,
                                                                                                        "Actual Startup Time": 57.233,
                                                                                                        "Actual Total Time": 78.879,
                                                                                                        "Actual Rows": 337636,
                                                                                                        "Actual Loops": 1,
                                                                                                        "Output": [
                                                                                                            "cc.movie_id",
                                                                                                            "cc.subject_id",
                                                                                                            "cc.status_id"
                                                                                                        ],
                                                                                                        "Sort Key": [
                                                                                                            "cc.movie_id"
                                                                                                        ],
                                                                                                        "Sort Method": "quicksort",
                                                                                                        "Sort Space Used": 12477,
                                                                                                        "Sort Space Type": "Memory",
                                                                                                        "Plans": [
                                                                                                            {
                                                                                                                "Node Type": "Seq Scan",
                                                                                                                "Parent Relationship": "Outer",
                                                                                                                "Parallel Aware": false,
                                                                                                                "Relation Name": "complete_cast",
                                                                                                                "Schema": "public",
                                                                                                                "Alias": "cc",
                                                                                                                "Startup Cost": 0.0,
                                                                                                                "Total Cost": 2081.86,
                                                                                                                "Plan Rows": 135086,
                                                                                                                "Plan Width": 12,
                                                                                                                "Actual Startup Time": 0.019,
                                                                                                                "Actual Total Time": 19.644,
                                                                                                                "Actual Rows": 135086,
                                                                                                                "Actual Loops": 1,
                                                                                                                "Output": [
                                                                                                                    "cc.movie_id",
                                                                                                                    "cc.subject_id",
                                                                                                                    "cc.status_id"
                                                                                                                ]
                                                                                                            }
                                                                                                        ]
                                                                                                    }
                                                                                                ]
                                                                                            },
                                                                                            {
                                                                                                "Node Type": "Hash",
                                                                                                "Parent Relationship": "Inner",
                                                                                                "Parallel Aware": false,
                                                                                                "Startup Cost": 10000005932.46,
                                                                                                "Total Cost": 10000005932.46,
                                                                                                "Plan Rows": 126107,
                                                                                                "Plan Width": 23,
                                                                                                "Actual Startup Time": 73.895,
                                                                                                "Actual Total Time": 73.896,
                                                                                                "Actual Rows": 126230,
                                                                                                "Actual Loops": 1,
                                                                                                "Output": [
                                                                                                    "cn.name",
                                                                                                    "cn.id"
                                                                                                ],
                                                                                                "Hash Buckets": 131072,
                                                                                                "Original Hash Buckets": 131072,
                                                                                                "Hash Batches": 1,
                                                                                                "Original Hash Batches": 1,
                                                                                                "Peak Memory Usage": 7968,
                                                                                                "Plans": [
                                                                                                    {
                                                                                                        "Node Type": "Seq Scan",
                                                                                                        "Parent Relationship": "Outer",
                                                                                                        "Parallel Aware": false,
                                                                                                        "Relation Name": "company_name",
                                                                                                        "Schema": "public",
                                                                                                        "Alias": "cn",
                                                                                                        "Startup Cost": 10000000000.0,
                                                                                                        "Total Cost": 10000005932.46,
                                                                                                        "Plan Rows": 126107,
                                                                                                        "Plan Width": 23,
                                                                                                        "Actual Startup Time": 0.019,
                                                                                                        "Actual Total Time": 44.265,
                                                                                                        "Actual Rows": 126230,
                                                                                                        "Actual Loops": 1,
                                                                                                        "Output": [
                                                                                                            "cn.name",
                                                                                                            "cn.id"
                                                                                                        ],
                                                                                                        "Filter": "((cn.country_code)::text <> '[us]'::text)",
                                                                                                        "Rows Removed by Filter": 108767
                                                                                                    }
                                                                                                ]
                                                                                            }
                                                                                        ]
                                                                                    }
                                                                                ]
                                                                            },
                                                                            {
                                                                                "Node Type": "Sort",
                                                                                "Parent Relationship": "Inner",
                                                                                "Parallel Aware": false,
                                                                                "Startup Cost": 2.42,
                                                                                "Total Cost": 2.43,
                                                                                "Plan Rows": 1,
                                                                                "Plan Width": 4,
                                                                                "Actual Startup Time": 0.04,
                                                                                "Actual Total Time": 3.438,
                                                                                "Actual Rows": 1,
                                                                                "Actual Loops": 1,
                                                                                "Output": [
                                                                                    "it2.id"
                                                                                ],
                                                                                "Sort Key": [
                                                                                    "it2.id"
                                                                                ],
                                                                                "Sort Method": "quicksort",
                                                                                "Sort Space Used": 25,
                                                                                "Sort Space Type": "Memory",
                                                                                "Plans": [
                                                                                    {
                                                                                        "Node Type": "Seq Scan",
                                                                                        "Parent Relationship": "Outer",
                                                                                        "Parallel Aware": false,
                                                                                        "Relation Name": "info_type",
                                                                                        "Schema": "public",
                                                                                        "Alias": "it2",
                                                                                        "Startup Cost": 0.0,
                                                                                        "Total Cost": 2.41,
                                                                                        "Plan Rows": 1,
                                                                                        "Plan Width": 4,
                                                                                        "Actual Startup Time": 0.027,
                                                                                        "Actual Total Time": 0.029,
                                                                                        "Actual Rows": 1,
                                                                                        "Actual Loops": 1,
                                                                                        "Output": [
                                                                                            "it2.id"
                                                                                        ],
                                                                                        "Filter": "((it2.info)::text = 'rating'::text)",
                                                                                        "Rows Removed by Filter": 112
                                                                                    }
                                                                                ]
                                                                            }
                                                                        ]
                                                                    },
                                                                    {
                                                                        "Node Type": "Hash",
                                                                        "Parent Relationship": "Inner",
                                                                        "Parallel Aware": false,
                                                                        "Startup Cost": 10000067602.02,
                                                                        "Total Cost": 10000067602.02,
                                                                        "Plan Rows": 1640365,
                                                                        "Plan Width": 25,
                                                                        "Actual Startup Time": 1037.041,
                                                                        "Actual Total Time": 1037.042,
                                                                        "Actual Rows": 1643514,
                                                                        "Actual Loops": 1,
                                                                        "Output": [
                                                                            "t.title",
                                                                            "t.kind_id",
                                                                            "t.id"
                                                                        ],
                                                                        "Hash Buckets": 2097152,
                                                                        "Original Hash Buckets": 2097152,
                                                                        "Hash Batches": 1,
                                                                        "Original Hash Batches": 1,
                                                                        "Peak Memory Usage": 110759,
                                                                        "Plans": [
                                                                            {
                                                                                "Node Type": "Seq Scan",
                                                                                "Parent Relationship": "Outer",
                                                                                "Parallel Aware": false,
                                                                                "Relation Name": "title",
                                                                                "Schema": "public",
                                                                                "Alias": "t",
                                                                                "Startup Cost": 10000000000.0,
                                                                                "Total Cost": 10000067602.02,
                                                                                "Plan Rows": 1640365,
                                                                                "Plan Width": 25,
                                                                                "Actual Startup Time": 0.016,
                                                                                "Actual Total Time": 476.257,
                                                                                "Actual Rows": 1643514,
                                                                                "Actual Loops": 1,
                                                                                "Output": [
                                                                                    "t.title",
                                                                                    "t.kind_id",
                                                                                    "t.id"
                                                                                ],
                                                                                "Filter": "(t.production_year > 1994)",
                                                                                "Rows Removed by Filter": 884798
                                                                            }
                                                                        ]
                                                                    }
                                                                ]
                                                            }
                                                        ]
                                                    }
                                                ]
                                            },
                                            {
                                                "Node Type": "Hash",
                                                "Parent Relationship": "Inner",
                                                "Parallel Aware": false,
                                                "Startup Cost": 10000000001.05,
                                                "Total Cost": 10000000001.05,
                                                "Plan Rows": 1,
                                                "Plan Width": 4,
                                                "Actual Startup Time": 0.019,
                                                "Actual Total Time": 0.02,
                                                "Actual Rows": 1,
                                                "Actual Loops": 1,
                                                "Output": [
                                                    "cct1.id"
                                                ],
                                                "Hash Buckets": 1024,
                                                "Original Hash Buckets": 1024,
                                                "Hash Batches": 1,
                                                "Original Hash Batches": 1,
                                                "Peak Memory Usage": 9,
                                                "Plans": [
                                                    {
                                                        "Node Type": "Seq Scan",
                                                        "Parent Relationship": "Outer",
                                                        "Parallel Aware": false,
                                                        "Relation Name": "comp_cast_type",
                                                        "Schema": "public",
                                                        "Alias": "cct1",
                                                        "Startup Cost": 10000000000.0,
                                                        "Total Cost": 10000000001.05,
                                                        "Plan Rows": 1,
                                                        "Plan Width": 4,
                                                        "Actual Startup Time": 0.015,
                                                        "Actual Total Time": 0.017,
                                                        "Actual Rows": 1,
                                                        "Actual Loops": 1,
                                                        "Output": [
                                                            "cct1.id"
                                                        ],
                                                        "Filter": "((cct1.kind)::text = 'crew'::text)",
                                                        "Rows Removed by Filter": 3
                                                    }
                                                ]
                                            }
                                        ]
                                    }
                                ]
                            },
                            {
                                "Node Type": "Sort",
                                "Parent Relationship": "Inner",
                                "Parallel Aware": false,
                                "Startup Cost": 10000000001.1,
                                "Total Cost": 10000000001.1,
                                "Plan Rows": 2,
                                "Plan Width": 4,
                                "Actual Startup Time": 0.035,
                                "Actual Total Time": 1.084,
                                "Actual Rows": 5967,
                                "Actual Loops": 1,
                                "Output": [
                                    "kt.id"
                                ],
                                "Sort Key": [
                                    "kt.id"
                                ],
                                "Sort Method": "quicksort",
                                "Sort Space Used": 25,
                                "Sort Space Type": "Memory",
                                "Plans": [
                                    {
                                        "Node Type": "Seq Scan",
                                        "Parent Relationship": "Outer",
                                        "Parallel Aware": false,
                                        "Relation Name": "kind_type",
                                        "Schema": "public",
                                        "Alias": "kt",
                                        "Startup Cost": 10000000000.0,
                                        "Total Cost": 10000000001.09,
                                        "Plan Rows": 2,
                                        "Plan Width": 4,
                                        "Actual Startup Time": 0.024,
                                        "Actual Total Time": 0.026,
                                        "Actual Rows": 2,
                                        "Actual Loops": 1,
                                        "Output": [
                                            "kt.id"
                                        ],
                                        "Filter": "((kt.kind)::text = ANY ('{movie,episode}'::text[]))",
                                        "Rows Removed by Filter": 5
                                    }
                                ]
                            }
                        ]
                    },
                    {
                        "Node Type": "Bitmap Heap Scan",
                        "Parent Relationship": "Inner",
                        "Parallel Aware": false,
                        "Relation Name": "company_type",
                        "Schema": "public",
                        "Alias": "ct",
                        "Startup Cost": 0.14,
                        "Total Cost": 4.15,
                        "Plan Rows": 1,
                        "Plan Width": 4,
                        "Actual Startup Time": 0.003,
                        "Actual Total Time": 0.003,
                        "Actual Rows": 1,
                        "Actual Loops": 6096,
                        "Output": [
                            "ct.id",
                            "ct.kind"
                        ],
                        "Recheck Cond": "(ct.id = mc.company_type_id)",
                        "Rows Removed by Index Recheck": 0,
                        "Exact Heap Blocks": 6096,
                        "Lossy Heap Blocks": 0,
                        "Plans": [
                            {
                                "Node Type": "Bitmap Index Scan",
                                "Parent Relationship": "Outer",
                                "Parallel Aware": false,
                                "Index Name": "company_type_pkey",
                                "Startup Cost": 0.0,
                                "Total Cost": 0.14,
                                "Plan Rows": 1,
                                "Plan Width": 0,
                                "Actual Startup Time": 0.002,
                                "Actual Total Time": 0.002,
                                "Actual Rows": 1,
                                "Actual Loops": 6096,
                                "Index Cond": "(ct.id = mc.company_type_id)"
                            }
                        ]
                    }
                ]
            }
        ]
    },
    "Planning Time": 140.694,
    "Triggers": [],
    "Execution Time": 3730.302
}