[
  {
    "Plan": {
      "Node Type": "Aggregate",
      "Strategy": "Plain",
      "Partial Mode": "Finalize",
      "Parallel Aware": false,
      "Startup Cost": 46781.33,
      "Total Cost": 46781.34,
      "Plan Rows": 1,
      "Plan Width": 8,
      "Actual Startup Time": 103.095,
      "Actual Total Time": 117.085,
      "Actual Rows": 1,
      "Actual Loops": 1,
      "Plans": [
        {
          "Node Type": "Gather",
          "Parent Relationship": "Outer",
          "Parallel Aware": false,
          "Startup Cost": 46780.91,
          "Total Cost": 46781.32,
          "Plan Rows": 4,
          "Plan Width": 8,
          "Actual Startup Time": 102.795,
          "Actual Total Time": 117.066,
          "Actual Rows": 5,
          "Actual Loops": 1,
          "Workers Planned": 4,
          "Workers Launched": 4,
          "Single Copy": false,
          "Plans": [
            {
              "Node Type": "Aggregate",
              "Strategy": "Plain",
              "Partial Mode": "Partial",
              "Parent Relationship": "Outer",
              "Parallel Aware": false,
              "Startup Cost": 45780.91,
              "Total Cost": 45780.92,
              "Plan Rows": 1,
              "Plan Width": 8,
              "Actual Startup Time": 94.711,
              "Actual Total Time": 94.713,
              "Actual Rows": 1,
              "Actual Loops": 5,
              "Plans": [
                {
                  "Node Type": "Seq Scan",
                  "Parent Relationship": "Outer",
                  "Parallel Aware": true,
                  "Relation Name": "title",
                  "Alias": "t",
                  "Startup Cost": 0.0,
                  "Total Cost": 45479.59,
                  "Plan Rows": 120530,
                  "Plan Width": 0,
                  "Actual Startup Time": 45.164,
                  "Actual Total Time": 91.465,
                  "Actual Rows": 71045,
                  "Actual Loops": 5,
                  "Filter": "((production_year > 1986) AND (kind_id = 1))",
                  "Rows Removed by Filter": 434617
                }
              ]
            }
          ]
        }
      ]
    },
    "Planning Time": 0.086,
    "Triggers": [],
    "Execution Time": 117.12
  }
]