[
    {
        "Bao": {
            "Bao prediction": 455.231,
            "Bao recommended hint": "SET enable_mergejoin TO off; SET enable_indexscan TO off; "
        }
    },
    {
        "Plan": {
            "Node Type": "Aggregate",
            "Strategy": "Plain",
            "Partial Mode": "Finalize",
            "Parallel Aware": false,
            "Startup Cost": 345881.63,
            "Total Cost": 345881.64,
            "Plan Rows": 1,
            "Plan Width": 8,
            "Actual Startup Time": 820.006,
            "Actual Total Time": 859.296,
            "Actual Rows": 1,
            "Actual Loops": 1,
            "Output": [
                "count(*)"
            ],
            "Plans": [
                {
                    "Node Type": "Gather",
                    "Parent Relationship": "Outer",
                    "Parallel Aware": false,
                    "Startup Cost": 345881.01,
                    "Total Cost": 345881.62,
                    "Plan Rows": 6,
                    "Plan Width": 8,
                    "Actual Startup Time": 819.914,
                    "Actual Total Time": 859.286,
                    "Actual Rows": 7,
                    "Actual Loops": 1,
                    "Output": [
                        "(PARTIAL count(*))"
                    ],
                    "Workers Planned": 6,
                    "Workers Launched": 6,
                    "Single Copy": false,
                    "Plans": [
                        {
                            "Node Type": "Aggregate",
                            "Strategy": "Plain",
                            "Partial Mode": "Partial",
                            "Parent Relationship": "Outer",
                            "Parallel Aware": false,
                            "Startup Cost": 344881.01,
                            "Total Cost": 344881.02,
                            "Plan Rows": 1,
                            "Plan Width": 8,
                            "Actual Startup Time": 810.476,
                            "Actual Total Time": 810.477,
                            "Actual Rows": 1,
                            "Actual Loops": 7,
                            "Output": [
                                "PARTIAL count(*)"
                            ],
                            "Workers": [
                                {
                                    "Worker Number": 0,
                                    "Actual Startup Time": 808.641,
                                    "Actual Total Time": 808.641,
                                    "Actual Rows": 1,
                                    "Actual Loops": 1
                                },
                                {
                                    "Worker Number": 1,
                                    "Actual Startup Time": 808.683,
                                    "Actual Total Time": 808.684,
                                    "Actual Rows": 1,
                                    "Actual Loops": 1
                                },
                                {
                                    "Worker Number": 2,
                                    "Actual Startup Time": 808.598,
                                    "Actual Total Time": 808.6,
                                    "Actual Rows": 1,
                                    "Actual Loops": 1
                                },
                                {
                                    "Worker Number": 3,
                                    "Actual Startup Time": 809.144,
                                    "Actual Total Time": 809.145,
                                    "Actual Rows": 1,
                                    "Actual Loops": 1
                                },
                                {
                                    "Worker Number": 4,
                                    "Actual Startup Time": 809.43,
                                    "Actual Total Time": 809.431,
                                    "Actual Rows": 1,
                                    "Actual Loops": 1
                                },
                                {
                                    "Worker Number": 5,
                                    "Actual Startup Time": 809.73,
                                    "Actual Total Time": 809.731,
                                    "Actual Rows": 1,
                                    "Actual Loops": 1
                                }
                            ],
                            "Plans": [
                                {
                                    "Node Type": "Seq Scan",
                                    "Parent Relationship": "Outer",
                                    "Parallel Aware": true,
                                    "Relation Name": "cast_info",
                                    "Schema": "public",
                                    "Alias": "ci",
                                    "Startup Cost": 0.0,
                                    "Total Cost": 343318.94,
                                    "Plan Rows": 624827,
                                    "Plan Width": 0,
                                    "Actual Startup Time": 667.879,
                                    "Actual Total Time": 798.249,
                                    "Actual Rows": 177580,
                                    "Actual Loops": 7,
                                    "Output": [
                                        "id",
                                        "person_id",
                                        "movie_id",
                                        "person_role_id",
                                        "note",
                                        "nr_order",
                                        "role_id"
                                    ],
                                    "Filter": "((ci.person_id < 2436935) AND (ci.role_id > 8))",
                                    "Rows Removed by Filter": 5000184,
                                    "Workers": [
                                        {
                                            "Worker Number": 0,
                                            "Actual Startup Time": 666.062,
                                            "Actual Total Time": 796.888,
                                            "Actual Rows": 167400,
                                            "Actual Loops": 1
                                        },
                                        {
                                            "Worker Number": 1,
                                            "Actual Startup Time": 666.062,
                                            "Actual Total Time": 796.927,
                                            "Actual Rows": 168000,
                                            "Actual Loops": 1
                                        },
                                        {
                                            "Worker Number": 2,
                                            "Actual Startup Time": 665.979,
                                            "Actual Total Time": 796.849,
                                            "Actual Rows": 165715,
                                            "Actual Loops": 1
                                        },
                                        {
                                            "Worker Number": 3,
                                            "Actual Startup Time": 666.535,
                                            "Actual Total Time": 797.476,
                                            "Actual Rows": 167662,
                                            "Actual Loops": 1
                                        },
                                        {
                                            "Worker Number": 4,
                                            "Actual Startup Time": 666.854,
                                            "Actual Total Time": 797.933,
                                            "Actual Rows": 164670,
                                            "Actual Loops": 1
                                        },
                                        {
                                            "Worker Number": 5,
                                            "Actual Startup Time": 667.137,
                                            "Actual Total Time": 797.879,
                                            "Actual Rows": 169191,
                                            "Actual Loops": 1
                                        }
                                    ]
                                }
                            ]
                        }
                    ]
                }
            ]
        },
        "Planning Time": 1955.089,
        "Triggers": [],
        "Execution Time": 859.4
    }
]