[
  {
    "Plan": {
      "Node Type": "Aggregate",
      "Strategy": "Plain",
      "Partial Mode": "Finalize",
      "Parallel Aware": false,
      "Startup Cost": 80419.07,
      "Total Cost": 80419.08,
      "Plan Rows": 1,
      "Plan Width": 8,
      "Actual Startup Time": 518.876,
      "Actual Total Time": 533.456,
      "Actual Rows": 1,
      "Actual Loops": 1,
      "Plans": [
        {
          "Node Type": "Gather",
          "Parent Relationship": "Outer",
          "Parallel Aware": false,
          "Startup Cost": 80418.75,
          "Total Cost": 80419.06,
          "Plan Rows": 3,
          "Plan Width": 8,
          "Actual Startup Time": 511.219,
          "Actual Total Time": 533.444,
          "Actual Rows": 4,
          "Actual Loops": 1,
          "Workers Planned": 3,
          "Workers Launched": 3,
          "Single Copy": false,
          "Plans": [
            {
              "Node Type": "Aggregate",
              "Strategy": "Plain",
              "Partial Mode": "Partial",
              "Parent Relationship": "Outer",
              "Parallel Aware": false,
              "Startup Cost": 79418.75,
              "Total Cost": 79418.76,
              "Plan Rows": 1,
              "Plan Width": 8,
              "Actual Startup Time": 498.923,
              "Actual Total Time": 498.926,
              "Actual Rows": 1,
              "Actual Loops": 4,
              "Plans": [
                {
                  "Node Type": "Hash Join",
                  "Parent Relationship": "Outer",
                  "Parallel Aware": true,
                  "Join Type": "Inner",
                  "Startup Cost": 49051.62,
                  "Total Cost": 78467.51,
                  "Plan Rows": 380496,
                  "Plan Width": 0,
                  "Actual Startup Time": 270.109,
                  "Actual Total Time": 490.098,
                  "Actual Rows": 189786,
                  "Actual Loops": 4,
                  "Inner Unique": true,
                  "Hash Cond": "(mc.movie_id = t.id)",
                  "Plans": [
                    {
                      "Node Type": "Seq Scan",
                      "Parent Relationship": "Outer",
                      "Parallel Aware": true,
                      "Relation Name": "movie_companies",
                      "Alias": "mc",
                      "Startup Cost": 0.0,
                      "Total Cost": 27206.55,
                      "Plan Rows": 841655,
                      "Plan Width": 4,
                      "Actual Startup Time": 0.008,
                      "Actual Total Time": 60.081,
                      "Actual Rows": 652282,
                      "Actual Loops": 4
                    },
                    {
                      "Node Type": "Hash",
                      "Parent Relationship": "Inner",
                      "Parallel Aware": true,
                      "Startup Cost": 45479.59,
                      "Total Cost": 45479.59,
                      "Plan Rows": 285763,
                      "Plan Width": 4,
                      "Actual Startup Time": 261.848,
                      "Actual Total Time": 261.849,
                      "Actual Rows": 308711,
                      "Actual Loops": 4,
                      "Hash Buckets": 2097152,
                      "Original Hash Buckets": 2097152,
                      "Hash Batches": 1,
                      "Original Hash Batches": 1,
                      "Peak Memory Usage": 64768,
                      "Plans": [
                        {
                          "Node Type": "Seq Scan",
                          "Parent Relationship": "Outer",
                          "Parallel Aware": true,
                          "Relation Name": "title",
                          "Alias": "t",
                          "Startup Cost": 0.0,
                          "Total Cost": 45479.59,
                          "Plan Rows": 285763,
                          "Plan Width": 4,
                          "Actual Startup Time": 0.047,
                          "Actual Total Time": 125.234,
                          "Actual Rows": 308711,
                          "Actual Loops": 4,
                          "Filter": "((kind_id > 1) AND (production_year > 1997))",
                          "Rows Removed by Filter": 323367
                        }
                      ]
                    }
                  ]
                }
              ]
            }
          ]
        }
      ]
    },
    "Planning Time": 0.702,
    "Triggers": [],
    "Execution Time": 533.542
  }
]