{
    "Plan": {
        "Node Type": "Aggregate",
        "Strategy": "Plain",
        "Partial Mode": "Simple",
        "Parallel Aware": false,
        "Startup Cost": 110002284733.75,
        "Total Cost": 110002284733.76,
        "Plan Rows": 1,
        "Plan Width": 128,
        "Actual Startup Time": 17841.369,
        "Actual Total Time": 17841.38,
        "Actual Rows": 1,
        "Actual Loops": 1,
        "Output": [
            "min(mi.info)",
            "min(mi_idx.info)",
            "min(n.name)",
            "min(t.title)"
        ],
        "Plans": [
            {
                "Node Type": "Nested Loop",
                "Parent Relationship": "Outer",
                "Parallel Aware": false,
                "Join Type": "Inner",
                "Startup Cost": 110000000005.61,
                "Total Cost": 110002284733.74,
                "Plan Rows": 1,
                "Plan Width": 80,
                "Actual Startup Time": 2982.992,
                "Actual Total Time": 17840.895,
                "Actual Rows": 807,
                "Actual Loops": 1,
                "Output": [
                    "mi.info",
                    "mi_idx.info",
                    "n.name",
                    "t.title"
                ],
                "Inner Unique": true,
                "Join Filter": "(mi.movie_id = t.id)",
                "Rows Removed by Join Filter": 0,
                "Plans": [
                    {
                        "Node Type": "Nested Loop",
                        "Parent Relationship": "Outer",
                        "Parallel Aware": false,
                        "Join Type": "Inner",
                        "Startup Cost": 100000000005.17,
                        "Total Cost": 100002284729.27,
                        "Plan Rows": 1,
                        "Plan Width": 83,
                        "Actual Startup Time": 2982.955,
                        "Actual Total Time": 17835.564,
                        "Actual Rows": 807,
                        "Actual Loops": 1,
                        "Output": [
                            "ci.movie_id",
                            "mc.movie_id",
                            "mi.info",
                            "mi.movie_id",
                            "mi_idx.info",
                            "mi_idx.movie_id",
                            "mk.movie_id",
                            "n.name"
                        ],
                        "Inner Unique": true,
                        "Plans": [
                            {
                                "Node Type": "Nested Loop",
                                "Parent Relationship": "Outer",
                                "Parallel Aware": false,
                                "Join Type": "Inner",
                                "Startup Cost": 90000000004.74,
                                "Total Cost": 90002284706.02,
                                "Plan Rows": 5,
                                "Plan Width": 87,
                                "Actual Startup Time": 2982.827,
                                "Actual Total Time": 17673.915,
                                "Actual Rows": 32711,
                                "Actual Loops": 1,
                                "Output": [
                                    "ci.movie_id",
                                    "mc.movie_id",
                                    "mi.info",
                                    "mi.movie_id",
                                    "mi_idx.info",
                                    "mi_idx.movie_id",
                                    "mk.movie_id",
                                    "mk.keyword_id",
                                    "n.name"
                                ],
                                "Inner Unique": false,
                                "Join Filter": "(mi.movie_id = mk.movie_id)",
                                "Rows Removed by Join Filter": 0,
                                "Plans": [
                                    {
                                        "Node Type": "Nested Loop",
                                        "Parent Relationship": "Outer",
                                        "Parallel Aware": false,
                                        "Join Type": "Inner",
                                        "Startup Cost": 80000000003.92,
                                        "Total Cost": 80002284700.05,
                                        "Plan Rows": 1,
                                        "Plan Width": 79,
                                        "Actual Startup Time": 2982.774,
                                        "Actual Total Time": 17658.244,
                                        "Actual Rows": 348,
                                        "Actual Loops": 1,
                                        "Output": [
                                            "ci.movie_id",
                                            "mc.movie_id",
                                            "mi.info",
                                            "mi.movie_id",
                                            "mi_idx.info",
                                            "mi_idx.movie_id",
                                            "n.name"
                                        ],
                                        "Inner Unique": true,
                                        "Plans": [
                                            {
                                                "Node Type": "Nested Loop",
                                                "Parent Relationship": "Outer",
                                                "Parallel Aware": false,
                                                "Join Type": "Inner",
                                                "Startup Cost": 70000000003.49,
                                                "Total Cost": 70002284304.19,
                                                "Plan Rows": 89,
                                                "Plan Width": 83,
                                                "Actual Startup Time": 15.716,
                                                "Actual Total Time": 16790.449,
                                                "Actual Rows": 155125,
                                                "Actual Loops": 1,
                                                "Output": [
                                                    "ci.movie_id",
                                                    "mc.movie_id",
                                                    "mc.company_id",
                                                    "mi.info",
                                                    "mi.movie_id",
                                                    "mi_idx.info",
                                                    "mi_idx.movie_id",
                                                    "n.name"
                                                ],
                                                "Inner Unique": false,
                                                "Join Filter": "(mi.movie_id = mc.movie_id)",
                                                "Rows Removed by Join Filter": 0,
                                                "Plans": [
                                                    {
                                                        "Node Type": "Nested Loop",
                                                        "Parent Relationship": "Outer",
                                                        "Parallel Aware": false,
                                                        "Join Type": "Inner",
                                                        "Startup Cost": 60000000002.99,
                                                        "Total Cost": 60002284156.31,
                                                        "Plan Rows": 32,
                                                        "Plan Width": 75,
                                                        "Actual Startup Time": 15.628,
                                                        "Actual Total Time": 16495.144,
                                                        "Actual Rows": 26205,
                                                        "Actual Loops": 1,
                                                        "Output": [
                                                            "ci.movie_id",
                                                            "mi.info",
                                                            "mi.movie_id",
                                                            "mi_idx.info",
                                                            "mi_idx.movie_id",
                                                            "n.name"
                                                        ],
                                                        "Inner Unique": true,
                                                        "Plans": [
                                                            {
                                                                "Node Type": "Nested Loop",
                                                                "Parent Relationship": "Outer",
                                                                "Parallel Aware": false,
                                                                "Join Type": "Inner",
                                                                "Startup Cost": 50000000002.51,
                                                                "Total Cost": 50002283809.63,
                                                                "Plan Rows": 77,
                                                                "Plan Width": 64,
                                                                "Actual Startup Time": 1.762,
                                                                "Actual Total Time": 15952.492,
                                                                "Actual Rows": 55396,
                                                                "Actual Loops": 1,
                                                                "Output": [
                                                                    "ci.movie_id",
                                                                    "ci.person_id",
                                                                    "mi.info",
                                                                    "mi.movie_id",
                                                                    "mi_idx.info",
                                                                    "mi_idx.movie_id"
                                                                ],
                                                                "Inner Unique": false,
                                                                "Join Filter": "(mi.movie_id = ci.movie_id)",
                                                                "Rows Removed by Join Filter": 0,
                                                                "Plans": [
                                                                    {
                                                                        "Node Type": "Nested Loop",
                                                                        "Parent Relationship": "Outer",
                                                                        "Parallel Aware": false,
                                                                        "Join Type": "Inner",
                                                                        "Startup Cost": 40000000001.28,
                                                                        "Total Cost": 40002283452.49,
                                                                        "Plan Rows": 60,
                                                                        "Plan Width": 56,
                                                                        "Actual Startup Time": 0.417,
                                                                        "Actual Total Time": 9325.984,
                                                                        "Actual Rows": 116898,
                                                                        "Actual Loops": 1,
                                                                        "Output": [
                                                                            "mi.info",
                                                                            "mi.movie_id",
                                                                            "mi_idx.info",
                                                                            "mi_idx.movie_id"
                                                                        ],
                                                                        "Inner Unique": true,
                                                                        "Plans": [
                                                                            {
                                                                                "Node Type": "Nested Loop",
                                                                                "Parent Relationship": "Outer",
                                                                                "Parallel Aware": false,
                                                                                "Join Type": "Inner",
                                                                                "Startup Cost": 30000000001.13,
                                                                                "Total Cost": 30002255194.8,
                                                                                "Plan Rows": 6784,
                                                                                "Plan Width": 60,
                                                                                "Actual Startup Time": 0.402,
                                                                                "Actual Total Time": 7989.422,
                                                                                "Actual Rows": 350867,
                                                                                "Actual Loops": 1,
                                                                                "Output": [
                                                                                    "mi.info",
                                                                                    "mi.movie_id",
                                                                                    "mi_idx.info",
                                                                                    "mi_idx.movie_id",
                                                                                    "mi_idx.info_type_id"
                                                                                ],
                                                                                "Inner Unique": false,
                                                                                "Plans": [
                                                                                    {
                                                                                        "Node Type": "Nested Loop",
                                                                                        "Parent Relationship": "Outer",
                                                                                        "Parallel Aware": false,
                                                                                        "Join Type": "Inner",
                                                                                        "Startup Cost": 20000000000.59,
                                                                                        "Total Cost": 20002244139.17,
                                                                                        "Plan Rows": 2398,
                                                                                        "Plan Width": 47,
                                                                                        "Actual Startup Time": 0.341,
                                                                                        "Actual Total Time": 6686.603,
                                                                                        "Actual Rows": 272720,
                                                                                        "Actual Loops": 1,
                                                                                        "Output": [
                                                                                            "mi.info",
                                                                                            "mi.movie_id"
                                                                                        ],
                                                                                        "Inner Unique": true,
                                                                                        "Plans": [
                                                                                            {
                                                                                                "Node Type": "Index Scan",
                                                                                                "Parent Relationship": "Outer",
                                                                                                "Parallel Aware": false,
                                                                                                "Scan Direction": "Forward",
                                                                                                "Index Name": "movie_id_movie_info",
                                                                                                "Relation Name": "movie_info",
                                                                                                "Schema": "public",
                                                                                                "Alias": "mi",
                                                                                                "Startup Cost": 10000000000.43,
                                                                                                "Total Cost": 10001115316.11,
                                                                                                "Plan Rows": 271002,
                                                                                                "Plan Width": 51,
                                                                                                "Actual Startup Time": 0.322,
                                                                                                "Actual Total Time": 5613.881,
                                                                                                "Actual Rows": 274644,
                                                                                                "Actual Loops": 1,
                                                                                                "Output": [
                                                                                                    "mi.id",
                                                                                                    "mi.movie_id",
                                                                                                    "mi.info_type_id",
                                                                                                    "mi.info",
                                                                                                    "mi.note"
                                                                                                ],
                                                                                                "Filter": "(mi.info = ANY ('{Drama,Horror}'::text[]))",
                                                                                                "Rows Removed by Filter": 14561076
                                                                                            },
                                                                                            {
                                                                                                "Node Type": "Bitmap Heap Scan",
                                                                                                "Parent Relationship": "Inner",
                                                                                                "Parallel Aware": false,
                                                                                                "Relation Name": "info_type",
                                                                                                "Schema": "public",
                                                                                                "Alias": "it1",
                                                                                                "Startup Cost": 0.15,
                                                                                                "Total Cost": 4.17,
                                                                                                "Plan Rows": 1,
                                                                                                "Plan Width": 4,
                                                                                                "Actual Startup Time": 0.002,
                                                                                                "Actual Total Time": 0.002,
                                                                                                "Actual Rows": 1,
                                                                                                "Actual Loops": 274644,
                                                                                                "Output": [
                                                                                                    "it1.id",
                                                                                                    "it1.info"
                                                                                                ],
                                                                                                "Recheck Cond": "(it1.id = mi.info_type_id)",
                                                                                                "Rows Removed by Index Recheck": 0,
                                                                                                "Filter": "((it1.info)::text = 'genres'::text)",
                                                                                                "Rows Removed by Filter": 0,
                                                                                                "Exact Heap Blocks": 274644,
                                                                                                "Lossy Heap Blocks": 0,
                                                                                                "Plans": [
                                                                                                    {
                                                                                                        "Node Type": "Bitmap Index Scan",
                                                                                                        "Parent Relationship": "Outer",
                                                                                                        "Parallel Aware": false,
                                                                                                        "Index Name": "info_type_pkey",
                                                                                                        "Startup Cost": 0.0,
                                                                                                        "Total Cost": 0.15,
                                                                                                        "Plan Rows": 1,
                                                                                                        "Plan Width": 0,
                                                                                                        "Actual Startup Time": 0.001,
                                                                                                        "Actual Total Time": 0.001,
                                                                                                        "Actual Rows": 1,
                                                                                                        "Actual Loops": 274644,
                                                                                                        "Index Cond": "(it1.id = mi.info_type_id)"
                                                                                                    }
                                                                                                ]
                                                                                            }
                                                                                        ]
                                                                                    },
                                                                                    {
                                                                                        "Node Type": "Bitmap Heap Scan",
                                                                                        "Parent Relationship": "Inner",
                                                                                        "Parallel Aware": false,
                                                                                        "Relation Name": "movie_info_idx",
                                                                                        "Schema": "public",
                                                                                        "Alias": "mi_idx",
                                                                                        "Startup Cost": 0.54,
                                                                                        "Total Cost": 4.58,
                                                                                        "Plan Rows": 3,
                                                                                        "Plan Width": 13,
                                                                                        "Actual Startup Time": 0.003,
                                                                                        "Actual Total Time": 0.003,
                                                                                        "Actual Rows": 1,
                                                                                        "Actual Loops": 272720,
                                                                                        "Output": [
                                                                                            "mi_idx.id",
                                                                                            "mi_idx.movie_id",
                                                                                            "mi_idx.info_type_id",
                                                                                            "mi_idx.info",
                                                                                            "mi_idx.note"
                                                                                        ],
                                                                                        "Recheck Cond": "(mi_idx.movie_id = mi.movie_id)",
                                                                                        "Rows Removed by Index Recheck": 0,
                                                                                        "Exact Heap Blocks": 118048,
                                                                                        "Lossy Heap Blocks": 0,
                                                                                        "Plans": [
                                                                                            {
                                                                                                "Node Type": "Bitmap Index Scan",
                                                                                                "Parent Relationship": "Outer",
                                                                                                "Parallel Aware": false,
                                                                                                "Index Name": "movie_id_movie_info_idx",
                                                                                                "Startup Cost": 0.0,
                                                                                                "Total Cost": 0.54,
                                                                                                "Plan Rows": 3,
                                                                                                "Plan Width": 0,
                                                                                                "Actual Startup Time": 0.002,
                                                                                                "Actual Total Time": 0.002,
                                                                                                "Actual Rows": 1,
                                                                                                "Actual Loops": 272720,
                                                                                                "Index Cond": "(mi_idx.movie_id = mi.movie_id)"
                                                                                            }
                                                                                        ]
                                                                                    }
                                                                                ]
                                                                            },
                                                                            {
                                                                                "Node Type": "Bitmap Heap Scan",
                                                                                "Parent Relationship": "Inner",
                                                                                "Parallel Aware": false,
                                                                                "Relation Name": "info_type",
                                                                                "Schema": "public",
                                                                                "Alias": "it2",
                                                                                "Startup Cost": 0.15,
                                                                                "Total Cost": 4.17,
                                                                                "Plan Rows": 1,
                                                                                "Plan Width": 4,
                                                                                "Actual Startup Time": 0.002,
                                                                                "Actual Total Time": 0.002,
                                                                                "Actual Rows": 0,
                                                                                "Actual Loops": 350867,
                                                                                "Output": [
                                                                                    "it2.id",
                                                                                    "it2.info"
                                                                                ],
                                                                                "Recheck Cond": "(it2.id = mi_idx.info_type_id)",
                                                                                "Rows Removed by Index Recheck": 0,
                                                                                "Filter": "((it2.info)::text = 'votes'::text)",
                                                                                "Rows Removed by Filter": 1,
                                                                                "Exact Heap Blocks": 350867,
                                                                                "Lossy Heap Blocks": 0,
                                                                                "Plans": [
                                                                                    {
                                                                                        "Node Type": "Bitmap Index Scan",
                                                                                        "Parent Relationship": "Outer",
                                                                                        "Parallel Aware": false,
                                                                                        "Index Name": "info_type_pkey",
                                                                                        "Startup Cost": 0.0,
                                                                                        "Total Cost": 0.15,
                                                                                        "Plan Rows": 1,
                                                                                        "Plan Width": 0,
                                                                                        "Actual Startup Time": 0.001,
                                                                                        "Actual Total Time": 0.001,
                                                                                        "Actual Rows": 1,
                                                                                        "Actual Loops": 350867,
                                                                                        "Index Cond": "(it2.id = mi_idx.info_type_id)"
                                                                                    }
                                                                                ]
                                                                            }
                                                                        ]
                                                                    },
                                                                    {
                                                                        "Node Type": "Bitmap Heap Scan",
                                                                        "Parent Relationship": "Inner",
                                                                        "Parallel Aware": false,
                                                                        "Relation Name": "cast_info",
                                                                        "Schema": "public",
                                                                        "Alias": "ci",
                                                                        "Startup Cost": 1.23,
                                                                        "Total Cost": 5.94,
                                                                        "Plan Rows": 1,
                                                                        "Plan Width": 8,
                                                                        "Actual Startup Time": 0.049,
                                                                        "Actual Total Time": 0.055,
                                                                        "Actual Rows": 0,
                                                                        "Actual Loops": 116898,
                                                                        "Output": [
                                                                            "ci.id",
                                                                            "ci.person_id",
                                                                            "ci.movie_id",
                                                                            "ci.person_role_id",
                                                                            "ci.note",
                                                                            "ci.nr_order",
                                                                            "ci.role_id"
                                                                        ],
                                                                        "Recheck Cond": "(ci.movie_id = mi_idx.movie_id)",
                                                                        "Rows Removed by Index Recheck": 0,
                                                                        "Filter": "(ci.note = ANY ('{(writer),\"(head writer)\",\"(written by)\",(story),\"(story editor)\"}'::text[]))",
                                                                        "Rows Removed by Filter": 34,
                                                                        "Exact Heap Blocks": 3949202,
                                                                        "Lossy Heap Blocks": 0,
                                                                        "Plans": [
                                                                            {
                                                                                "Node Type": "Bitmap Index Scan",
                                                                                "Parent Relationship": "Outer",
                                                                                "Parallel Aware": false,
                                                                                "Index Name": "movie_id_cast_info",
                                                                                "Startup Cost": 0.0,
                                                                                "Total Cost": 1.23,
                                                                                "Plan Rows": 38,
                                                                                "Plan Width": 0,
                                                                                "Actual Startup Time": 0.008,
                                                                                "Actual Total Time": 0.008,
                                                                                "Actual Rows": 35,
                                                                                "Actual Loops": 116898,
                                                                                "Index Cond": "(ci.movie_id = mi_idx.movie_id)"
                                                                            }
                                                                        ]
                                                                    }
                                                                ]
                                                            },
                                                            {
                                                                "Node Type": "Bitmap Heap Scan",
                                                                "Parent Relationship": "Inner",
                                                                "Parallel Aware": false,
                                                                "Relation Name": "name",
                                                                "Schema": "public",
                                                                "Alias": "n",
                                                                "Startup Cost": 0.49,
                                                                "Total Cost": 4.5,
                                                                "Plan Rows": 1,
                                                                "Plan Width": 19,
                                                                "Actual Startup Time": 0.008,
                                                                "Actual Total Time": 0.008,
                                                                "Actual Rows": 0,
                                                                "Actual Loops": 55396,
                                                                "Output": [
                                                                    "n.id",
                                                                    "n.name",
                                                                    "n.imdb_index",
                                                                    "n.imdb_id",
                                                                    "n.gender",
                                                                    "n.name_pcode_cf",
                                                                    "n.name_pcode_nf",
                                                                    "n.surname_pcode",
                                                                    "n.md5sum"
                                                                ],
                                                                "Recheck Cond": "(n.id = ci.person_id)",
                                                                "Rows Removed by Index Recheck": 0,
                                                                "Filter": "((n.gender)::text = 'm'::text)",
                                                                "Rows Removed by Filter": 1,
                                                                "Exact Heap Blocks": 55396,
                                                                "Lossy Heap Blocks": 0,
                                                                "Plans": [
                                                                    {
                                                                        "Node Type": "Bitmap Index Scan",
                                                                        "Parent Relationship": "Outer",
                                                                        "Parallel Aware": false,
                                                                        "Index Name": "name_pkey",
                                                                        "Startup Cost": 0.0,
                                                                        "Total Cost": 0.49,
                                                                        "Plan Rows": 1,
                                                                        "Plan Width": 0,
                                                                        "Actual Startup Time": 0.005,
                                                                        "Actual Total Time": 0.005,
                                                                        "Actual Rows": 1,
                                                                        "Actual Loops": 55396,
                                                                        "Index Cond": "(n.id = ci.person_id)"
                                                                    }
                                                                ]
                                                            }
                                                        ]
                                                    },
                                                    {
                                                        "Node Type": "Bitmap Heap Scan",
                                                        "Parent Relationship": "Inner",
                                                        "Parallel Aware": false,
                                                        "Relation Name": "movie_companies",
                                                        "Schema": "public",
                                                        "Alias": "mc",
                                                        "Startup Cost": 0.5,
                                                        "Total Cost": 4.56,
                                                        "Plan Rows": 5,
                                                        "Plan Width": 8,
                                                        "Actual Startup Time": 0.007,
                                                        "Actual Total Time": 0.008,
                                                        "Actual Rows": 6,
                                                        "Actual Loops": 26205,
                                                        "Output": [
                                                            "mc.id",
                                                            "mc.movie_id",
                                                            "mc.company_id",
                                                            "mc.company_type_id",
                                                            "mc.note"
                                                        ],
                                                        "Recheck Cond": "(mc.movie_id = mi_idx.movie_id)",
                                                        "Rows Removed by Index Recheck": 0,
                                                        "Exact Heap Blocks": 44040,
                                                        "Lossy Heap Blocks": 0,
                                                        "Plans": [
                                                            {
                                                                "Node Type": "Bitmap Index Scan",
                                                                "Parent Relationship": "Outer",
                                                                "Parallel Aware": false,
                                                                "Index Name": "movie_id_movie_companies",
                                                                "Startup Cost": 0.0,
                                                                "Total Cost": 0.5,
                                                                "Plan Rows": 5,
                                                                "Plan Width": 0,
                                                                "Actual Startup Time": 0.005,
                                                                "Actual Total Time": 0.005,
                                                                "Actual Rows": 6,
                                                                "Actual Loops": 26205,
                                                                "Index Cond": "(mc.movie_id = mi_idx.movie_id)"
                                                            }
                                                        ]
                                                    }
                                                ]
                                            },
                                            {
                                                "Node Type": "Bitmap Heap Scan",
                                                "Parent Relationship": "Inner",
                                                "Parallel Aware": false,
                                                "Relation Name": "company_name",
                                                "Schema": "public",
                                                "Alias": "cn",
                                                "Startup Cost": 0.43,
                                                "Total Cost": 4.44,
                                                "Plan Rows": 1,
                                                "Plan Width": 4,
                                                "Actual Startup Time": 0.004,
                                                "Actual Total Time": 0.004,
                                                "Actual Rows": 0,
                                                "Actual Loops": 155125,
                                                "Output": [
                                                    "cn.id",
                                                    "cn.name",
                                                    "cn.country_code",
                                                    "cn.imdb_id",
                                                    "cn.name_pcode_nf",
                                                    "cn.name_pcode_sf",
                                                    "cn.md5sum"
                                                ],
                                                "Recheck Cond": "(cn.id = mc.company_id)",
                                                "Rows Removed by Index Recheck": 0,
                                                "Filter": "(cn.name ~~ 'Lionsgate%'::text)",
                                                "Rows Removed by Filter": 1,
                                                "Exact Heap Blocks": 155125,
                                                "Lossy Heap Blocks": 0,
                                                "Plans": [
                                                    {
                                                        "Node Type": "Bitmap Index Scan",
                                                        "Parent Relationship": "Outer",
                                                        "Parallel Aware": false,
                                                        "Index Name": "company_name_pkey",
                                                        "Startup Cost": 0.0,
                                                        "Total Cost": 0.43,
                                                        "Plan Rows": 1,
                                                        "Plan Width": 0,
                                                        "Actual Startup Time": 0.002,
                                                        "Actual Total Time": 0.002,
                                                        "Actual Rows": 1,
                                                        "Actual Loops": 155125,
                                                        "Index Cond": "(cn.id = mc.company_id)"
                                                    }
                                                ]
                                            }
                                        ]
                                    },
                                    {
                                        "Node Type": "Bitmap Heap Scan",
                                        "Parent Relationship": "Inner",
                                        "Parallel Aware": false,
                                        "Relation Name": "movie_keyword",
                                        "Schema": "public",
                                        "Alias": "mk",
                                        "Startup Cost": 0.82,
                                        "Total Cost": 5.4,
                                        "Plan Rows": 46,
                                        "Plan Width": 8,
                                        "Actual Startup Time": 0.015,
                                        "Actual Total Time": 0.026,
                                        "Actual Rows": 94,
                                        "Actual Loops": 348,
                                        "Output": [
                                            "mk.id",
                                            "mk.movie_id",
                                            "mk.keyword_id"
                                        ],
                                        "Recheck Cond": "(mk.movie_id = mc.movie_id)",
                                        "Rows Removed by Index Recheck": 0,
                                        "Exact Heap Blocks": 497,
                                        "Lossy Heap Blocks": 0,
                                        "Plans": [
                                            {
                                                "Node Type": "Bitmap Index Scan",
                                                "Parent Relationship": "Outer",
                                                "Parallel Aware": false,
                                                "Index Name": "movie_id_movie_keyword",
                                                "Startup Cost": 0.0,
                                                "Total Cost": 0.81,
                                                "Plan Rows": 46,
                                                "Plan Width": 0,
                                                "Actual Startup Time": 0.009,
                                                "Actual Total Time": 0.009,
                                                "Actual Rows": 94,
                                                "Actual Loops": 348,
                                                "Index Cond": "(mk.movie_id = mc.movie_id)"
                                            }
                                        ]
                                    }
                                ]
                            },
                            {
                                "Node Type": "Bitmap Heap Scan",
                                "Parent Relationship": "Inner",
                                "Parallel Aware": false,
                                "Relation Name": "keyword",
                                "Schema": "public",
                                "Alias": "k",
                                "Startup Cost": 0.43,
                                "Total Cost": 4.45,
                                "Plan Rows": 1,
                                "Plan Width": 4,
                                "Actual Startup Time": 0.004,
                                "Actual Total Time": 0.004,
                                "Actual Rows": 0,
                                "Actual Loops": 32711,
                                "Output": [
                                    "k.id",
                                    "k.keyword",
                                    "k.phonetic_code"
                                ],
                                "Recheck Cond": "(k.id = mk.keyword_id)",
                                "Rows Removed by Index Recheck": 0,
                                "Filter": "(k.keyword = ANY ('{murder,violence,blood,gore,death,female-nudity,hospital}'::text[]))",
                                "Rows Removed by Filter": 1,
                                "Exact Heap Blocks": 32711,
                                "Lossy Heap Blocks": 0,
                                "Plans": [
                                    {
                                        "Node Type": "Bitmap Index Scan",
                                        "Parent Relationship": "Outer",
                                        "Parallel Aware": false,
                                        "Index Name": "keyword_pkey",
                                        "Startup Cost": 0.0,
                                        "Total Cost": 0.43,
                                        "Plan Rows": 1,
                                        "Plan Width": 0,
                                        "Actual Startup Time": 0.002,
                                        "Actual Total Time": 0.002,
                                        "Actual Rows": 1,
                                        "Actual Loops": 32711,
                                        "Index Cond": "(k.id = mk.keyword_id)"
                                    }
                                ]
                            }
                        ]
                    },
                    {
                        "Node Type": "Bitmap Heap Scan",
                        "Parent Relationship": "Inner",
                        "Parallel Aware": false,
                        "Relation Name": "title",
                        "Schema": "public",
                        "Alias": "t",
                        "Startup Cost": 0.45,
                        "Total Cost": 4.46,
                        "Plan Rows": 1,
                        "Plan Width": 21,
                        "Actual Startup Time": 0.004,
                        "Actual Total Time": 0.004,
                        "Actual Rows": 1,
                        "Actual Loops": 807,
                        "Output": [
                            "t.id",
                            "t.title",
                            "t.imdb_index",
                            "t.kind_id",
                            "t.production_year",
                            "t.imdb_id",
                            "t.phonetic_code",
                            "t.episode_of_id",
                            "t.season_nr",
                            "t.episode_nr",
                            "t.series_years",
                            "t.md5sum"
                        ],
                        "Recheck Cond": "(t.id = mk.movie_id)",
                        "Rows Removed by Index Recheck": 0,
                        "Exact Heap Blocks": 807,
                        "Lossy Heap Blocks": 0,
                        "Plans": [
                            {
                                "Node Type": "Bitmap Index Scan",
                                "Parent Relationship": "Outer",
                                "Parallel Aware": false,
                                "Index Name": "title_pkey",
                                "Startup Cost": 0.0,
                                "Total Cost": 0.45,
                                "Plan Rows": 1,
                                "Plan Width": 0,
                                "Actual Startup Time": 0.003,
                                "Actual Total Time": 0.003,
                                "Actual Rows": 1,
                                "Actual Loops": 807,
                                "Index Cond": "(t.id = mk.movie_id)"
                            }
                        ]
                    }
                ]
            }
        ]
    },
    "Planning Time": 48.494,
    "Triggers": [],
    "Execution Time": 17841.94
}