{
  "Plan": {
    "Node Type": "Aggregate",
    "Strategy": "Plain",
    "Partial Mode": "Finalize",
    "Parallel Aware": false,
    "Startup Cost": 50481.98,
    "Total Cost": 50481.99,
    "Plan Rows": 1,
    "Plan Width": 8,
    "Actual Startup Time": 53.056,
    "Actual Total Time": 60.638,
    "Actual Rows": 1,
    "Actual Loops": 1,
    "Plans": [
      {
        "Node Type": "Gather",
        "Parent Relationship": "Outer",
        "Parallel Aware": false,
        "Startup Cost": 50481.87,
        "Total Cost": 50481.98,
        "Plan Rows": 1,
        "Plan Width": 8,
        "Actual Startup Time": 52.776,
        "Actual Total Time": 60.631,
        "Actual Rows": 2,
        "Actual Loops": 1,
        "Workers Planned": 1,
        "Workers Launched": 1,
        "Single Copy": false,
        "Plans": [
          {
            "Node Type": "Aggregate",
            "Strategy": "Plain",
            "Partial Mode": "Partial",
            "Parent Relationship": "Outer",
            "Parallel Aware": false,
            "Startup Cost": 49481.87,
            "Total Cost": 49481.88,
            "Plan Rows": 1,
            "Plan Width": 8,
            "Actual Startup Time": 46.399,
            "Actual Total Time": 46.401,
            "Actual Rows": 1,
            "Actual Loops": 2,
            "Plans": [
              {
                "Node Type": "Nested Loop",
                "Parent Relationship": "Outer",
                "Parallel Aware": false,
                "Join Type": "Inner",
                "Startup Cost": 164.9,
                "Total Cost": 49477.66,
                "Plan Rows": 1685,
                "Plan Width": 0,
                "Actual Startup Time": 5.062,
                "Actual Total Time": 46.186,
                "Actual Rows": 2174,
                "Actual Loops": 2,
                "Inner Unique": false,
                "Plans": [
                  {
                    "Node Type": "Nested Loop",
                    "Parent Relationship": "Outer",
                    "Parallel Aware": false,
                    "Join Type": "Inner",
                    "Startup Cost": 164.47,
                    "Total Cost": 47478.48,
                    "Plan Rows": 288,
                    "Plan Width": 8,
                    "Actual Startup Time": 4.957,
                    "Actual Total Time": 41.341,
                    "Actual Rows": 82,
                    "Actual Loops": 2,
                    "Inner Unique": true,
                    "Plans": [
                      {
                        "Node Type": "Bitmap Heap Scan",
                        "Parent Relationship": "Outer",
                        "Parallel Aware": true,
                        "Relation Name": "movie_keyword",
                        "Alias": "mk",
                        "Startup Cost": 164.04,
                        "Total Cost": 16410.49,
                        "Plan Rows": 4524,
                        "Plan Width": 4,
                        "Actual Startup Time": 3.527,
                        "Actual Total Time": 14.518,
                        "Actual Rows": 3836,
                        "Actual Loops": 2,
                        "Recheck Cond": "(keyword_id = 7078)",
                        "Rows Removed by Index Recheck": 0,
                        "Exact Heap Blocks": 4676,
                        "Lossy Heap Blocks": 0,
                        "Plans": [
                          {
                            "Node Type": "Bitmap Index Scan",
                            "Parent Relationship": "Outer",
                            "Parallel Aware": false,
                            "Index Name": "keyword_id_movie_keyword",
                            "Startup Cost": 0.0,
                            "Total Cost": 162.12,
                            "Plan Rows": 7691,
                            "Plan Width": 0,
                            "Actual Startup Time": 3.966,
                            "Actual Total Time": 3.967,
                            "Actual Rows": 7673,
                            "Actual Loops": 1,
                            "Index Cond": "(keyword_id = 7078)"
                          }
                        ]
                      },
                      {
                        "Node Type": "Index Scan",
                        "Parent Relationship": "Inner",
                        "Parallel Aware": false,
                        "Scan Direction": "Forward",
                        "Index Name": "title_pkey",
                        "Relation Name": "title",
                        "Alias": "t",
                        "Startup Cost": 0.43,
                        "Total Cost": 6.87,
                        "Plan Rows": 1,
                        "Plan Width": 4,
                        "Actual Startup Time": 0.007,
                        "Actual Total Time": 0.007,
                        "Actual Rows": 0,
                        "Actual Loops": 7673,
                        "Index Cond": "(id = mk.movie_id)",
                        "Rows Removed by Index Recheck": 0,
                        "Filter": "(production_year = 2012)",
                        "Rows Removed by Filter": 1
                      }
                    ]
                  },
                  {
                    "Node Type": "Index Only Scan",
                    "Parent Relationship": "Inner",
                    "Parallel Aware": false,
                    "Scan Direction": "Forward",
                    "Index Name": "movie_id_movie_info",
                    "Relation Name": "movie_info",
                    "Alias": "mi",
                    "Startup Cost": 0.43,
                    "Total Cost": 6.52,
                    "Plan Rows": 42,
                    "Plan Width": 4,
                    "Actual Startup Time": 0.016,
                    "Actual Total Time": 0.054,
                    "Actual Rows": 26,
                    "Actual Loops": 165,
                    "Index Cond": "(movie_id = t.id)",
                    "Rows Removed by Index Recheck": 0,
                    "Heap Fetches": 4347
                  }
                ]
              }
            ]
          }
        ]
      }
    ]
  },
  "Planning Time": 0.965,
  "Triggers": [],
  "Execution Time": 60.738
}