[
  {
    "Plan": {
      "Node Type": "Aggregate",
      "Strategy": "Plain",
      "Partial Mode": "Finalize",
      "Parallel Aware": false,
      "Startup Cost": 13569.48,
      "Total Cost": 13569.49,
      "Plan Rows": 1,
      "Plan Width": 8,
      "Actual Startup Time": 10.49,
      "Actual Total Time": 12.341,
      "Actual Rows": 1,
      "Actual Loops": 1,
      "Plans": [
        {
          "Node Type": "Gather",
          "Parent Relationship": "Outer",
          "Parallel Aware": false,
          "Startup Cost": 13569.36,
          "Total Cost": 13569.47,
          "Plan Rows": 1,
          "Plan Width": 8,
          "Actual Startup Time": 2.577,
          "Actual Total Time": 12.327,
          "Actual Rows": 2,
          "Actual Loops": 1,
          "Workers Planned": 1,
          "Workers Launched": 1,
          "Single Copy": false,
          "Plans": [
            {
              "Node Type": "Aggregate",
              "Strategy": "Plain",
              "Partial Mode": "Partial",
              "Parent Relationship": "Outer",
              "Parallel Aware": false,
              "Startup Cost": 12569.36,
              "Total Cost": 12569.37,
              "Plan Rows": 1,
              "Plan Width": 8,
              "Actual Startup Time": 1.121,
              "Actual Total Time": 1.124,
              "Actual Rows": 1,
              "Actual Loops": 2,
              "Plans": [
                {
                  "Node Type": "Nested Loop",
                  "Parent Relationship": "Outer",
                  "Parallel Aware": false,
                  "Join Type": "Inner",
                  "Startup Cost": 55.42,
                  "Total Cost": 12567.6,
                  "Plan Rows": 705,
                  "Plan Width": 0,
                  "Actual Startup Time": 0.782,
                  "Actual Total Time": 1.117,
                  "Actual Rows": 0,
                  "Actual Loops": 2,
                  "Inner Unique": true,
                  "Plans": [
                    {
                      "Node Type": "Bitmap Heap Scan",
                      "Parent Relationship": "Outer",
                      "Parallel Aware": true,
                      "Relation Name": "movie_companies",
                      "Alias": "mc",
                      "Startup Cost": 54.99,
                      "Total Cost": 6830.85,
                      "Plan Rows": 705,
                      "Plan Width": 4,
                      "Actual Startup Time": 0.767,
                      "Actual Total Time": 1.1,
                      "Actual Rows": 0,
                      "Actual Loops": 2,
                      "Recheck Cond": "(company_id = 43863)",
                      "Rows Removed by Index Recheck": 0,
                      "Filter": "(company_type_id < 2)",
                      "Rows Removed by Filter": 961,
                      "Exact Heap Blocks": 67,
                      "Lossy Heap Blocks": 0,
                      "Plans": [
                        {
                          "Node Type": "Bitmap Index Scan",
                          "Parent Relationship": "Outer",
                          "Parallel Aware": false,
                          "Index Name": "company_id_movie_companies",
                          "Startup Cost": 0.0,
                          "Total Cost": 54.69,
                          "Plan Rows": 2435,
                          "Plan Width": 0,
                          "Actual Startup Time": 1.421,
                          "Actual Total Time": 1.422,
                          "Actual Rows": 1923,
                          "Actual Loops": 1,
                          "Index Cond": "(company_id = 43863)"
                        }
                      ]
                    },
                    {
                      "Node Type": "Index Only Scan",
                      "Parent Relationship": "Inner",
                      "Parallel Aware": false,
                      "Scan Direction": "Forward",
                      "Index Name": "title_pkey",
                      "Relation Name": "title",
                      "Alias": "t",
                      "Startup Cost": 0.43,
                      "Total Cost": 8.14,
                      "Plan Rows": 1,
                      "Plan Width": 4,
                      "Actual Startup Time": 0.023,
                      "Actual Total Time": 0.023,
                      "Actual Rows": 1,
                      "Actual Loops": 1,
                      "Index Cond": "(id = mc.movie_id)",
                      "Rows Removed by Index Recheck": 0,
                      "Heap Fetches": 1
                    }
                  ]
                }
              ]
            }
          ]
        }
      ]
    },
    "Planning Time": 0.555,
    "Triggers": [],
    "Execution Time": 12.42
  }
]