{
  "Plan": {
    "Node Type": "Aggregate",
    "Strategy": "Plain",
    "Partial Mode": "Finalize",
    "Parallel Aware": false,
    "Startup Cost": 138419.62,
    "Total Cost": 138419.63,
    "Plan Rows": 1,
    "Plan Width": 8,
    "Actual Startup Time": 875.744,
    "Actual Total Time": 897.594,
    "Actual Rows": 1,
    "Actual Loops": 1,
    "Plans": [
      {
        "Node Type": "Gather",
        "Parent Relationship": "Outer",
        "Parallel Aware": false,
        "Startup Cost": 138419.51,
        "Total Cost": 138419.62,
        "Plan Rows": 1,
        "Plan Width": 8,
        "Actual Startup Time": 869.422,
        "Actual Total Time": 897.587,
        "Actual Rows": 2,
        "Actual Loops": 1,
        "Workers Planned": 1,
        "Workers Launched": 1,
        "Single Copy": false,
        "Plans": [
          {
            "Node Type": "Aggregate",
            "Strategy": "Plain",
            "Partial Mode": "Partial",
            "Parent Relationship": "Outer",
            "Parallel Aware": false,
            "Startup Cost": 137419.51,
            "Total Cost": 137419.52,
            "Plan Rows": 1,
            "Plan Width": 8,
            "Actual Startup Time": 862.844,
            "Actual Total Time": 862.851,
            "Actual Rows": 1,
            "Actual Loops": 2,
            "Plans": [
              {
                "Node Type": "Hash Join",
                "Parent Relationship": "Outer",
                "Parallel Aware": true,
                "Join Type": "Inner",
                "Startup Cost": 105821.16,
                "Total Cost": 137137.44,
                "Plan Rows": 112828,
                "Plan Width": 0,
                "Actual Startup Time": 717.183,
                "Actual Total Time": 860.11,
                "Actual Rows": 51006,
                "Actual Loops": 2,
                "Inner Unique": false,
                "Hash Cond": "(mk.movie_id = t.id)",
                "Plans": [
                  {
                    "Node Type": "Bitmap Heap Scan",
                    "Parent Relationship": "Outer",
                    "Parallel Aware": true,
                    "Relation Name": "movie_keyword",
                    "Alias": "mk",
                    "Startup Cost": 13758.04,
                    "Total Cost": 42980.18,
                    "Plan Rows": 381451,
                    "Plan Width": 4,
                    "Actual Startup Time": 37.15,
                    "Actual Total Time": 123.135,
                    "Actual Rows": 327966,
                    "Actual Loops": 2,
                    "Recheck Cond": "(keyword_id < 508)",
                    "Rows Removed by Index Recheck": 0,
                    "Exact Heap Blocks": 16343,
                    "Lossy Heap Blocks": 0,
                    "Plans": [
                      {
                        "Node Type": "Bitmap Index Scan",
                        "Parent Relationship": "Outer",
                        "Parallel Aware": false,
                        "Index Name": "keyword_id_movie_keyword",
                        "Startup Cost": 0.0,
                        "Total Cost": 13595.93,
                        "Plan Rows": 648466,
                        "Plan Width": 0,
                        "Actual Startup Time": 33.531,
                        "Actual Total Time": 33.532,
                        "Actual Rows": 655932,
                        "Actual Loops": 1,
                        "Index Cond": "(keyword_id < 508)"
                      }
                    ]
                  },
                  {
                    "Node Type": "Hash",
                    "Parent Relationship": "Inner",
                    "Parallel Aware": true,
                    "Startup Cost": 86564.32,
                    "Total Cost": 86564.32,
                    "Plan Rows": 439904,
                    "Plan Width": 8,
                    "Actual Startup Time": 670.655,
                    "Actual Total Time": 670.66,
                    "Actual Rows": 209840,
                    "Actual Loops": 2,
                    "Hash Buckets": 1048576,
                    "Original Hash Buckets": 1048576,
                    "Hash Batches": 1,
                    "Original Hash Batches": 1,
                    "Peak Memory Usage": 24672,
                    "Plans": [
                      {
                        "Node Type": "Hash Join",
                        "Parent Relationship": "Outer",
                        "Parallel Aware": true,
                        "Join Type": "Inner",
                        "Startup Cost": 68380.53,
                        "Total Cost": 86564.32,
                        "Plan Rows": 439904,
                        "Plan Width": 8,
                        "Actual Startup Time": 414.539,
                        "Actual Total Time": 619.293,
                        "Actual Rows": 209840,
                        "Actual Loops": 2,
                        "Inner Unique": true,
                        "Hash Cond": "(mi_idx.movie_id = t.id)",
                        "Plans": [
                          {
                            "Node Type": "Seq Scan",
                            "Parent Relationship": "Outer",
                            "Parallel Aware": true,
                            "Relation Name": "movie_info_idx",
                            "Alias": "mi_idx",
                            "Startup Cost": 0.0,
                            "Total Cost": 16052.85,
                            "Plan Rows": 811785,
                            "Plan Width": 4,
                            "Actual Startup Time": 0.022,
                            "Actual Total Time": 59.788,
                            "Actual Rows": 690018,
                            "Actual Loops": 2
                          },
                          {
                            "Node Type": "Hash",
                            "Parent Relationship": "Inner",
                            "Parallel Aware": true,
                            "Startup Cost": 58306.47,
                            "Total Cost": 58306.47,
                            "Plan Rows": 805925,
                            "Plan Width": 4,
                            "Actual Startup Time": 404.903,
                            "Actual Total Time": 404.904,
                            "Actual Rows": 725316,
                            "Actual Loops": 2,
                            "Hash Buckets": 2097152,
                            "Original Hash Buckets": 2097152,
                            "Hash Batches": 1,
                            "Original Hash Batches": 1,
                            "Peak Memory Usage": 73152,
                            "Plans": [
                              {
                                "Node Type": "Seq Scan",
                                "Parent Relationship": "Outer",
                                "Parallel Aware": true,
                                "Relation Name": "title",
                                "Alias": "t",
                                "Startup Cost": 0.0,
                                "Total Cost": 58306.47,
                                "Plan Rows": 805925,
                                "Plan Width": 4,
                                "Actual Startup Time": 0.037,
                                "Actual Total Time": 196.665,
                                "Actual Rows": 725316,
                                "Actual Loops": 2,
                                "Filter": "((production_year > 1956) AND (kind_id = 7))",
                                "Rows Removed by Filter": 538840
                              }
                            ]
                          }
                        ]
                      }
                    ]
                  }
                ]
              }
            ]
          }
        ]
      }
    ]
  },
  "Planning Time": 1.03,
  "Triggers": [],
  "Execution Time": 897.697
}