[
  {
    "Plan": {
      "Node Type": "Aggregate",
      "Strategy": "Plain",
      "Partial Mode": "Finalize",
      "Parallel Aware": false,
      "Startup Cost": 411697.96,
      "Total Cost": 411697.97,
      "Plan Rows": 1,
      "Plan Width": 68,
      "Actual Startup Time": 1518.234,
      "Actual Total Time": 1615.111,
      "Actual Rows": 1,
      "Actual Loops": 1,
      "Plans": [
        {
          "Node Type": "Gather",
          "Parent Relationship": "Outer",
          "Parallel Aware": false,
          "Startup Cost": 411697.3,
          "Total Cost": 411697.91,
          "Plan Rows": 6,
          "Plan Width": 68,
          "Actual Startup Time": 1516.704,
          "Actual Total Time": 1615.085,
          "Actual Rows": 7,
          "Actual Loops": 1,
          "Workers Planned": 6,
          "Workers Launched": 6,
          "Single Copy": false,
          "Plans": [
            {
              "Node Type": "Aggregate",
              "Strategy": "Plain",
              "Partial Mode": "Partial",
              "Parent Relationship": "Outer",
              "Parallel Aware": false,
              "Startup Cost": 410697.3,
              "Total Cost": 410697.31,
              "Plan Rows": 1,
              "Plan Width": 68,
              "Actual Startup Time": 1506.208,
              "Actual Total Time": 1506.215,
              "Actual Rows": 1,
              "Actual Loops": 7,
              "Plans": [
                {
                  "Node Type": "Nested Loop",
                  "Parent Relationship": "Outer",
                  "Parallel Aware": false,
                  "Join Type": "Inner",
                  "Startup Cost": 38389.35,
                  "Total Cost": 410081.49,
                  "Plan Rows": 82108,
                  "Plan Width": 37,
                  "Actual Startup Time": 62.581,
                  "Actual Total Time": 1489.904,
                  "Actual Rows": 98014,
                  "Actual Loops": 7,
                  "Inner Unique": true,
                  "Plans": [
                    {
                      "Node Type": "Hash Join",
                      "Parent Relationship": "Outer",
                      "Parallel Aware": true,
                      "Join Type": "Inner",
                      "Startup Cost": 38388.92,
                      "Total Cost": 372103.1,
                      "Plan Rows": 82108,
                      "Plan Width": 25,
                      "Actual Startup Time": 62.512,
                      "Actual Total Time": 1098.176,
                      "Actual Rows": 111823,
                      "Actual Loops": 7,
                      "Inner Unique": true,
                      "Hash Cond": "(ci.movie_id = t.id)",
                      "Plans": [
                        {
                          "Node Type": "Seq Scan",
                          "Parent Relationship": "Outer",
                          "Parallel Aware": true,
                          "Relation Name": "cast_info",
                          "Alias": "ci",
                          "Startup Cost": 0.0,
                          "Total Cost": 328163.97,
                          "Plan Rows": 2114362,
                          "Plan Width": 8,
                          "Actual Startup Time": 0.016,
                          "Actual Total Time": 755.591,
                          "Actual Rows": 1810098,
                          "Actual Loops": 7,
                          "Filter": "(role_id = 1)",
                          "Rows Removed by Filter": 3367665
                        },
                        {
                          "Node Type": "Hash",
                          "Parent Relationship": "Inner",
                          "Parallel Aware": true,
                          "Startup Cost": 38082.12,
                          "Total Cost": 38082.12,
                          "Plan Rows": 24544,
                          "Plan Width": 25,
                          "Actual Startup Time": 61.313,
                          "Actual Total Time": 61.315,
                          "Actual Rows": 14362,
                          "Actual Loops": 7,
                          "Hash Buckets": 131072,
                          "Original Hash Buckets": 131072,
                          "Hash Batches": 1,
                          "Original Hash Batches": 1,
                          "Peak Memory Usage": 7776,
                          "Plans": [
                            {
                              "Node Type": "Bitmap Heap Scan",
                              "Parent Relationship": "Outer",
                              "Parallel Aware": true,
                              "Relation Name": "title",
                              "Alias": "t",
                              "Startup Cost": 1777.31,
                              "Total Cost": 38082.12,
                              "Plan Rows": 24544,
                              "Plan Width": 25,
                              "Actual Startup Time": 9.278,
                              "Actual Total Time": 51.192,
                              "Actual Rows": 14362,
                              "Actual Loops": 7,
                              "Recheck Cond": "(kind_id = 3)",
                              "Rows Removed by Index Recheck": 0,
                              "Exact Heap Blocks": 2946,
                              "Lossy Heap Blocks": 0,
                              "Plans": [
                                {
                                  "Node Type": "Bitmap Index Scan",
                                  "Parent Relationship": "Outer",
                                  "Parallel Aware": false,
                                  "Index Name": "kind_id_title",
                                  "Startup Cost": 0.0,
                                  "Total Cost": 1752.77,
                                  "Plan Rows": 98178,
                                  "Plan Width": 0,
                                  "Actual Startup Time": 11.618,
                                  "Actual Total Time": 11.619,
                                  "Actual Rows": 100537,
                                  "Actual Loops": 1,
                                  "Index Cond": "(kind_id = 3)"
                                }
                              ]
                            }
                          ]
                        }
                      ]
                    },
                    {
                      "Node Type": "Index Scan",
                      "Parent Relationship": "Inner",
                      "Parallel Aware": false,
                      "Scan Direction": "Forward",
                      "Index Name": "char_name_pkey",
                      "Relation Name": "char_name",
                      "Alias": "cn",
                      "Startup Cost": 0.43,
                      "Total Cost": 0.46,
                      "Plan Rows": 1,
                      "Plan Width": 20,
                      "Actual Startup Time": 0.003,
                      "Actual Total Time": 0.003,
                      "Actual Rows": 1,
                      "Actual Loops": 782764,
                      "Index Cond": "(id = ci.person_role_id)",
                      "Rows Removed by Index Recheck": 0
                    }
                  ]
                }
              ]
            }
          ]
        }
      ]
    },
    "Planning Time": 5.216,
    "Triggers": [],
    "Execution Time": 1615.558
  }
]