[
    {
        "Bao": {
            "Bao prediction": 1936.734,
            "Bao recommended hint": "SET enable_nestloop TO off; "
        }
    },
    {
        "Plan": {
            "Node Type": "Aggregate",
            "Strategy": "Plain",
            "Partial Mode": "Simple",
            "Parallel Aware": false,
            "Startup Cost": 559606.32,
            "Total Cost": 559606.33,
            "Plan Rows": 1,
            "Plan Width": 96,
            "Actual Startup Time": 3048.035,
            "Actual Total Time": 3257.994,
            "Actual Rows": 1,
            "Actual Loops": 1,
            "Output": [
                "min(chn.name)",
                "min(mi_idx.info)",
                "min(t.title)"
            ],
            "Plans": [
                {
                    "Node Type": "Hash Join",
                    "Parent Relationship": "Outer",
                    "Parallel Aware": false,
                    "Join Type": "Inner",
                    "Startup Cost": 489667.14,
                    "Total Cost": 559606.31,
                    "Plan Rows": 1,
                    "Plan Width": 38,
                    "Actual Startup Time": 2772.25,
                    "Actual Total Time": 3257.161,
                    "Actual Rows": 3092,
                    "Actual Loops": 1,
                    "Output": [
                        "chn.name",
                        "mi_idx.info",
                        "t.title"
                    ],
                    "Inner Unique": false,
                    "Hash Cond": "(t.id = cc.movie_id)",
                    "Plans": [
                        {
                            "Node Type": "Gather",
                            "Parent Relationship": "Outer",
                            "Parallel Aware": false,
                            "Startup Cost": 486564.73,
                            "Total Cost": 556503.88,
                            "Plan Rows": 1,
                            "Plan Width": 54,
                            "Actual Startup Time": 2681.899,
                            "Actual Total Time": 3163.225,
                            "Actual Rows": 9753,
                            "Actual Loops": 1,
                            "Output": [
                                "chn.name",
                                "ci.movie_id",
                                "mi_idx.info",
                                "mi_idx.movie_id",
                                "mk.movie_id",
                                "t.title",
                                "t.id"
                            ],
                            "Workers Planned": 4,
                            "Workers Launched": 4,
                            "Single Copy": false,
                            "Plans": [
                                {
                                    "Node Type": "Hash Join",
                                    "Parent Relationship": "Outer",
                                    "Parallel Aware": false,
                                    "Join Type": "Inner",
                                    "Startup Cost": 485564.73,
                                    "Total Cost": 555503.78,
                                    "Plan Rows": 1,
                                    "Plan Width": 54,
                                    "Actual Startup Time": 2670.356,
                                    "Actual Total Time": 2941.454,
                                    "Actual Rows": 1951,
                                    "Actual Loops": 5,
                                    "Output": [
                                        "chn.name",
                                        "ci.movie_id",
                                        "mi_idx.info",
                                        "mi_idx.movie_id",
                                        "mk.movie_id",
                                        "t.title",
                                        "t.id"
                                    ],
                                    "Inner Unique": true,
                                    "Hash Cond": "(t.kind_id = kt.id)",
                                    "Workers": [
                                        {
                                            "Worker Number": 0,
                                            "Actual Startup Time": 2667.689,
                                            "Actual Total Time": 2939.887,
                                            "Actual Rows": 1765,
                                            "Actual Loops": 1
                                        },
                                        {
                                            "Worker Number": 1,
                                            "Actual Startup Time": 2667.498,
                                            "Actual Total Time": 2939.454,
                                            "Actual Rows": 1775,
                                            "Actual Loops": 1
                                        },
                                        {
                                            "Worker Number": 2,
                                            "Actual Startup Time": 2667.361,
                                            "Actual Total Time": 2939.213,
                                            "Actual Rows": 2463,
                                            "Actual Loops": 1
                                        },
                                        {
                                            "Worker Number": 3,
                                            "Actual Startup Time": 2668.403,
                                            "Actual Total Time": 2940.451,
                                            "Actual Rows": 1960,
                                            "Actual Loops": 1
                                        }
                                    ],
                                    "Plans": [
                                        {
                                            "Node Type": "Hash Join",
                                            "Parent Relationship": "Outer",
                                            "Parallel Aware": true,
                                            "Join Type": "Inner",
                                            "Startup Cost": 485563.63,
                                            "Total Cost": 555502.68,
                                            "Plan Rows": 1,
                                            "Plan Width": 58,
                                            "Actual Startup Time": 2669.563,
                                            "Actual Total Time": 2940.016,
                                            "Actual Rows": 2475,
                                            "Actual Loops": 5,
                                            "Output": [
                                                "chn.name",
                                                "ci.movie_id",
                                                "mi_idx.info",
                                                "mi_idx.movie_id",
                                                "mk.movie_id",
                                                "t.title",
                                                "t.kind_id",
                                                "t.id"
                                            ],
                                            "Inner Unique": false,
                                            "Hash Cond": "(n.id = ci.person_id)",
                                            "Workers": [
                                                {
                                                    "Worker Number": 0,
                                                    "Actual Startup Time": 2666.597,
                                                    "Actual Total Time": 2938.285,
                                                    "Actual Rows": 2252,
                                                    "Actual Loops": 1
                                                },
                                                {
                                                    "Worker Number": 1,
                                                    "Actual Startup Time": 2666.59,
                                                    "Actual Total Time": 2937.82,
                                                    "Actual Rows": 2327,
                                                    "Actual Loops": 1
                                                },
                                                {
                                                    "Worker Number": 2,
                                                    "Actual Startup Time": 2666.494,
                                                    "Actual Total Time": 2937.566,
                                                    "Actual Rows": 3149,
                                                    "Actual Loops": 1
                                                },
                                                {
                                                    "Worker Number": 3,
                                                    "Actual Startup Time": 2667.565,
                                                    "Actual Total Time": 2938.858,
                                                    "Actual Rows": 2384,
                                                    "Actual Loops": 1
                                                }
                                            ],
                                            "Plans": [
                                                {
                                                    "Node Type": "Seq Scan",
                                                    "Parent Relationship": "Outer",
                                                    "Parallel Aware": true,
                                                    "Relation Name": "name",
                                                    "Schema": "public",
                                                    "Alias": "n",
                                                    "Startup Cost": 0.0,
                                                    "Total Cost": 66031.94,
                                                    "Plan Rows": 1041894,
                                                    "Plan Width": 4,
                                                    "Actual Startup Time": 0.03,
                                                    "Actual Total Time": 151.212,
                                                    "Actual Rows": 833498,
                                                    "Actual Loops": 5,
                                                    "Output": [
                                                        "n.id",
                                                        "n.name",
                                                        "n.imdb_index",
                                                        "n.imdb_id",
                                                        "n.gender",
                                                        "n.name_pcode_cf",
                                                        "n.name_pcode_nf",
                                                        "n.surname_pcode",
                                                        "n.md5sum"
                                                    ],
                                                    "Workers": [
                                                        {
                                                            "Worker Number": 0,
                                                            "Actual Startup Time": 0.025,
                                                            "Actual Total Time": 151.475,
                                                            "Actual Rows": 780202,
                                                            "Actual Loops": 1
                                                        },
                                                        {
                                                            "Worker Number": 1,
                                                            "Actual Startup Time": 0.035,
                                                            "Actual Total Time": 152.038,
                                                            "Actual Rows": 786816,
                                                            "Actual Loops": 1
                                                        },
                                                        {
                                                            "Worker Number": 2,
                                                            "Actual Startup Time": 0.027,
                                                            "Actual Total Time": 154.298,
                                                            "Actual Rows": 1017098,
                                                            "Actual Loops": 1
                                                        },
                                                        {
                                                            "Worker Number": 3,
                                                            "Actual Startup Time": 0.042,
                                                            "Actual Total Time": 151.176,
                                                            "Actual Rows": 799530,
                                                            "Actual Loops": 1
                                                        }
                                                    ]
                                                },
                                                {
                                                    "Node Type": "Hash",
                                                    "Parent Relationship": "Inner",
                                                    "Parallel Aware": true,
                                                    "Startup Cost": 485563.61,
                                                    "Total Cost": 485563.61,
                                                    "Plan Rows": 1,
                                                    "Plan Width": 62,
                                                    "Actual Startup Time": 2669.071,
                                                    "Actual Total Time": 2669.323,
                                                    "Actual Rows": 2475,
                                                    "Actual Loops": 5,
                                                    "Output": [
                                                        "chn.name",
                                                        "ci.movie_id",
                                                        "ci.person_id",
                                                        "mi_idx.info",
                                                        "mi_idx.movie_id",
                                                        "mk.movie_id",
                                                        "t.title",
                                                        "t.kind_id",
                                                        "t.id"
                                                    ],
                                                    "Hash Buckets": 16384,
                                                    "Original Hash Buckets": 1024,
                                                    "Hash Batches": 1,
                                                    "Original Hash Batches": 1,
                                                    "Peak Memory Usage": 1496,
                                                    "Workers": [
                                                        {
                                                            "Worker Number": 0,
                                                            "Actual Startup Time": 2666.015,
                                                            "Actual Total Time": 2666.032,
                                                            "Actual Rows": 2532,
                                                            "Actual Loops": 1
                                                        },
                                                        {
                                                            "Worker Number": 1,
                                                            "Actual Startup Time": 2666.185,
                                                            "Actual Total Time": 2666.206,
                                                            "Actual Rows": 1919,
                                                            "Actual Loops": 1
                                                        },
                                                        {
                                                            "Worker Number": 2,
                                                            "Actual Startup Time": 2666.157,
                                                            "Actual Total Time": 2666.174,
                                                            "Actual Rows": 3294,
                                                            "Actual Loops": 1
                                                        },
                                                        {
                                                            "Worker Number": 3,
                                                            "Actual Startup Time": 2667.339,
                                                            "Actual Total Time": 2667.356,
                                                            "Actual Rows": 2118,
                                                            "Actual Loops": 1
                                                        }
                                                    ],
                                                    "Plans": [
                                                        {
                                                            "Node Type": "Hash Join",
                                                            "Parent Relationship": "Outer",
                                                            "Parallel Aware": true,
                                                            "Join Type": "Inner",
                                                            "Startup Cost": 440931.58,
                                                            "Total Cost": 485563.61,
                                                            "Plan Rows": 1,
                                                            "Plan Width": 62,
                                                            "Actual Startup Time": 2502.871,
                                                            "Actual Total Time": 2651.867,
                                                            "Actual Rows": 2475,
                                                            "Actual Loops": 5,
                                                            "Output": [
                                                                "chn.name",
                                                                "ci.movie_id",
                                                                "ci.person_id",
                                                                "mi_idx.info",
                                                                "mi_idx.movie_id",
                                                                "mk.movie_id",
                                                                "t.title",
                                                                "t.kind_id",
                                                                "t.id"
                                                            ],
                                                            "Inner Unique": false,
                                                            "Hash Cond": "(t.id = mk.movie_id)",
                                                            "Workers": [
                                                                {
                                                                    "Worker Number": 0,
                                                                    "Actual Startup Time": 2499.436,
                                                                    "Actual Total Time": 2648.665,
                                                                    "Actual Rows": 2532,
                                                                    "Actual Loops": 1
                                                                },
                                                                {
                                                                    "Worker Number": 1,
                                                                    "Actual Startup Time": 2501.381,
                                                                    "Actual Total Time": 2643.757,
                                                                    "Actual Rows": 1919,
                                                                    "Actual Loops": 1
                                                                },
                                                                {
                                                                    "Worker Number": 2,
                                                                    "Actual Startup Time": 2499.505,
                                                                    "Actual Total Time": 2648.665,
                                                                    "Actual Rows": 3294,
                                                                    "Actual Loops": 1
                                                                },
                                                                {
                                                                    "Worker Number": 3,
                                                                    "Actual Startup Time": 2501.726,
                                                                    "Actual Total Time": 2652.001,
                                                                    "Actual Rows": 2118,
                                                                    "Actual Loops": 1
                                                                }
                                                            ],
                                                            "Plans": [
                                                                {
                                                                    "Node Type": "Seq Scan",
                                                                    "Parent Relationship": "Outer",
                                                                    "Parallel Aware": true,
                                                                    "Relation Name": "title",
                                                                    "Schema": "public",
                                                                    "Alias": "t",
                                                                    "Startup Cost": 0.0,
                                                                    "Total Cost": 43899.32,
                                                                    "Plan Rows": 195388,
                                                                    "Plan Width": 25,
                                                                    "Actual Startup Time": 0.037,
                                                                    "Actual Total Time": 113.522,
                                                                    "Actual Rows": 156985,
                                                                    "Actual Loops": 5,
                                                                    "Output": [
                                                                        "t.id",
                                                                        "t.title",
                                                                        "t.imdb_index",
                                                                        "t.kind_id",
                                                                        "t.production_year",
                                                                        "t.imdb_id",
                                                                        "t.phonetic_code",
                                                                        "t.episode_of_id",
                                                                        "t.season_nr",
                                                                        "t.episode_nr",
                                                                        "t.series_years",
                                                                        "t.md5sum"
                                                                    ],
                                                                    "Filter": "(t.production_year > 2007)",
                                                                    "Rows Removed by Filter": 348677,
                                                                    "Workers": [
                                                                        {
                                                                            "Worker Number": 0,
                                                                            "Actual Startup Time": 0.034,
                                                                            "Actual Total Time": 113.957,
                                                                            "Actual Rows": 152388,
                                                                            "Actual Loops": 1
                                                                        },
                                                                        {
                                                                            "Worker Number": 1,
                                                                            "Actual Startup Time": 0.05,
                                                                            "Actual Total Time": 109.961,
                                                                            "Actual Rows": 137507,
                                                                            "Actual Loops": 1
                                                                        },
                                                                        {
                                                                            "Worker Number": 2,
                                                                            "Actual Startup Time": 0.03,
                                                                            "Actual Total Time": 112.023,
                                                                            "Actual Rows": 178343,
                                                                            "Actual Loops": 1
                                                                        },
                                                                        {
                                                                            "Worker Number": 3,
                                                                            "Actual Startup Time": 0.044,
                                                                            "Actual Total Time": 115.955,
                                                                            "Actual Rows": 157190,
                                                                            "Actual Loops": 1
                                                                        }
                                                                    ]
                                                                },
                                                                {
                                                                    "Node Type": "Hash",
                                                                    "Parent Relationship": "Inner",
                                                                    "Parallel Aware": true,
                                                                    "Startup Cost": 440931.57,
                                                                    "Total Cost": 440931.57,
                                                                    "Plan Rows": 1,
                                                                    "Plan Width": 37,
                                                                    "Actual Startup Time": 2500.873,
                                                                    "Actual Total Time": 2501.121,
                                                                    "Actual Rows": 15744,
                                                                    "Actual Loops": 5,
                                                                    "Output": [
                                                                        "chn.name",
                                                                        "ci.movie_id",
                                                                        "ci.person_id",
                                                                        "mi_idx.info",
                                                                        "mi_idx.movie_id",
                                                                        "mk.movie_id"
                                                                    ],
                                                                    "Hash Buckets": 131072,
                                                                    "Original Hash Buckets": 1024,
                                                                    "Hash Batches": 1,
                                                                    "Original Hash Batches": 1,
                                                                    "Peak Memory Usage": 7576,
                                                                    "Workers": [
                                                                        {
                                                                            "Worker Number": 0,
                                                                            "Actual Startup Time": 2497.842,
                                                                            "Actual Total Time": 2497.856,
                                                                            "Actual Rows": 14059,
                                                                            "Actual Loops": 1
                                                                        },
                                                                        {
                                                                            "Worker Number": 1,
                                                                            "Actual Startup Time": 2497.892,
                                                                            "Actual Total Time": 2497.908,
                                                                            "Actual Rows": 14156,
                                                                            "Actual Loops": 1
                                                                        },
                                                                        {
                                                                            "Worker Number": 2,
                                                                            "Actual Startup Time": 2497.963,
                                                                            "Actual Total Time": 2497.977,
                                                                            "Actual Rows": 20157,
                                                                            "Actual Loops": 1
                                                                        },
                                                                        {
                                                                            "Worker Number": 3,
                                                                            "Actual Startup Time": 2499.099,
                                                                            "Actual Total Time": 2499.113,
                                                                            "Actual Rows": 15388,
                                                                            "Actual Loops": 1
                                                                        }
                                                                    ],
                                                                    "Plans": [
                                                                        {
                                                                            "Node Type": "Hash Join",
                                                                            "Parent Relationship": "Outer",
                                                                            "Parallel Aware": true,
                                                                            "Join Type": "Inner",
                                                                            "Startup Cost": 110834.47,
                                                                            "Total Cost": 440931.57,
                                                                            "Plan Rows": 1,
                                                                            "Plan Width": 37,
                                                                            "Actual Startup Time": 575.493,
                                                                            "Actual Total Time": 2379.752,
                                                                            "Actual Rows": 15744,
                                                                            "Actual Loops": 5,
                                                                            "Output": [
                                                                                "chn.name",
                                                                                "ci.movie_id",
                                                                                "ci.person_id",
                                                                                "mi_idx.info",
                                                                                "mi_idx.movie_id",
                                                                                "mk.movie_id"
                                                                            ],
                                                                            "Inner Unique": false,
                                                                            "Hash Cond": "(ci.movie_id = mk.movie_id)",
                                                                            "Workers": [
                                                                                {
                                                                                    "Worker Number": 0,
                                                                                    "Actual Startup Time": 572.502,
                                                                                    "Actual Total Time": 2367.185,
                                                                                    "Actual Rows": 14059,
                                                                                    "Actual Loops": 1
                                                                                },
                                                                                {
                                                                                    "Worker Number": 1,
                                                                                    "Actual Startup Time": 572.206,
                                                                                    "Actual Total Time": 2341.189,
                                                                                    "Actual Rows": 14156,
                                                                                    "Actual Loops": 1
                                                                                },
                                                                                {
                                                                                    "Worker Number": 2,
                                                                                    "Actual Startup Time": 572.315,
                                                                                    "Actual Total Time": 2387.94,
                                                                                    "Actual Rows": 20157,
                                                                                    "Actual Loops": 1
                                                                                },
                                                                                {
                                                                                    "Worker Number": 3,
                                                                                    "Actual Startup Time": 573.767,
                                                                                    "Actual Total Time": 2405.895,
                                                                                    "Actual Rows": 15388,
                                                                                    "Actual Loops": 1
                                                                                }
                                                                            ],
                                                                            "Plans": [
                                                                                {
                                                                                    "Node Type": "Hash Join",
                                                                                    "Parent Relationship": "Outer",
                                                                                    "Parallel Aware": true,
                                                                                    "Join Type": "Inner",
                                                                                    "Startup Cost": 48714.22,
                                                                                    "Total Cost": 377680.87,
                                                                                    "Plan Rows": 301451,
                                                                                    "Plan Width": 24,
                                                                                    "Actual Startup Time": 202.219,
                                                                                    "Actual Total Time": 1968.745,
                                                                                    "Actual Rows": 124717,
                                                                                    "Actual Loops": 5,
                                                                                    "Output": [
                                                                                        "chn.name",
                                                                                        "ci.movie_id",
                                                                                        "ci.person_id"
                                                                                    ],
                                                                                    "Inner Unique": true,
                                                                                    "Hash Cond": "(ci.person_role_id = chn.id)",
                                                                                    "Workers": [
                                                                                        {
                                                                                            "Worker Number": 0,
                                                                                            "Actual Startup Time": 202.175,
                                                                                            "Actual Total Time": 1961.34,
                                                                                            "Actual Rows": 110312,
                                                                                            "Actual Loops": 1
                                                                                        },
                                                                                        {
                                                                                            "Worker Number": 1,
                                                                                            "Actual Startup Time": 202.16,
                                                                                            "Actual Total Time": 1935.198,
                                                                                            "Actual Rows": 113751,
                                                                                            "Actual Loops": 1
                                                                                        },
                                                                                        {
                                                                                            "Worker Number": 2,
                                                                                            "Actual Startup Time": 202.206,
                                                                                            "Actual Total Time": 1977.206,
                                                                                            "Actual Rows": 158809,
                                                                                            "Actual Loops": 1
                                                                                        },
                                                                                        {
                                                                                            "Worker Number": 3,
                                                                                            "Actual Startup Time": 202.157,
                                                                                            "Actual Total Time": 1996.096,
                                                                                            "Actual Rows": 122255,
                                                                                            "Actual Loops": 1
                                                                                        }
                                                                                    ],
                                                                                    "Plans": [
                                                                                        {
                                                                                            "Node Type": "Seq Scan",
                                                                                            "Parent Relationship": "Outer",
                                                                                            "Parallel Aware": true,
                                                                                            "Relation Name": "cast_info",
                                                                                            "Schema": "public",
                                                                                            "Alias": "ci",
                                                                                            "Startup Cost": 0.0,
                                                                                            "Total Cost": 313106.51,
                                                                                            "Plan Rows": 6041951,
                                                                                            "Plan Width": 12,
                                                                                            "Actual Startup Time": 0.011,
                                                                                            "Actual Total Time": 898.209,
                                                                                            "Actual Rows": 7248869,
                                                                                            "Actual Loops": 5,
                                                                                            "Output": [
                                                                                                "ci.id",
                                                                                                "ci.person_id",
                                                                                                "ci.movie_id",
                                                                                                "ci.person_role_id",
                                                                                                "ci.note",
                                                                                                "ci.nr_order",
                                                                                                "ci.role_id"
                                                                                            ],
                                                                                            "Workers": [
                                                                                                {
                                                                                                    "Worker Number": 0,
                                                                                                    "Actual Startup Time": 0.009,
                                                                                                    "Actual Total Time": 886.282,
                                                                                                    "Actual Rows": 6502008,
                                                                                                    "Actual Loops": 1
                                                                                                },
                                                                                                {
                                                                                                    "Worker Number": 1,
                                                                                                    "Actual Startup Time": 0.01,
                                                                                                    "Actual Total Time": 892.963,
                                                                                                    "Actual Rows": 6547340,
                                                                                                    "Actual Loops": 1
                                                                                                },
                                                                                                {
                                                                                                    "Worker Number": 2,
                                                                                                    "Actual Startup Time": 0.008,
                                                                                                    "Actual Total Time": 912.868,
                                                                                                    "Actual Rows": 9632188,
                                                                                                    "Actual Loops": 1
                                                                                                },
                                                                                                {
                                                                                                    "Worker Number": 3,
                                                                                                    "Actual Startup Time": 0.01,
                                                                                                    "Actual Total Time": 903.993,
                                                                                                    "Actual Rows": 6831049,
                                                                                                    "Actual Loops": 1
                                                                                                }
                                                                                            ]
                                                                                        },
                                                                                        {
                                                                                            "Node Type": "Hash",
                                                                                            "Parent Relationship": "Inner",
                                                                                            "Parallel Aware": true,
                                                                                            "Startup Cost": 48224.58,
                                                                                            "Total Cost": 48224.58,
                                                                                            "Plan Rows": 39171,
                                                                                            "Plan Width": 20,
                                                                                            "Actual Startup Time": 201.677,
                                                                                            "Actual Total Time": 201.679,
                                                                                            "Actual Rows": 36030,
                                                                                            "Actual Loops": 5,
                                                                                            "Output": [
                                                                                                "chn.name",
                                                                                                "chn.id"
                                                                                            ],
                                                                                            "Hash Buckets": 262144,
                                                                                            "Original Hash Buckets": 262144,
                                                                                            "Hash Batches": 1,
                                                                                            "Original Hash Batches": 1,
                                                                                            "Peak Memory Usage": 12416,
                                                                                            "Workers": [
                                                                                                {
                                                                                                    "Worker Number": 0,
                                                                                                    "Actual Startup Time": 202.023,
                                                                                                    "Actual Total Time": 202.024,
                                                                                                    "Actual Rows": 32254,
                                                                                                    "Actual Loops": 1
                                                                                                },
                                                                                                {
                                                                                                    "Worker Number": 1,
                                                                                                    "Actual Startup Time": 201.997,
                                                                                                    "Actual Total Time": 201.999,
                                                                                                    "Actual Rows": 32842,
                                                                                                    "Actual Loops": 1
                                                                                                },
                                                                                                {
                                                                                                    "Worker Number": 2,
                                                                                                    "Actual Startup Time": 200.375,
                                                                                                    "Actual Total Time": 200.377,
                                                                                                    "Actual Rows": 49610,
                                                                                                    "Actual Loops": 1
                                                                                                },
                                                                                                {
                                                                                                    "Worker Number": 3,
                                                                                                    "Actual Startup Time": 201.973,
                                                                                                    "Actual Total Time": 201.974,
                                                                                                    "Actual Rows": 32733,
                                                                                                    "Actual Loops": 1
                                                                                                }
                                                                                            ],
                                                                                            "Plans": [
                                                                                                {
                                                                                                    "Node Type": "Seq Scan",
                                                                                                    "Parent Relationship": "Outer",
                                                                                                    "Parallel Aware": true,
                                                                                                    "Relation Name": "char_name",
                                                                                                    "Schema": "public",
                                                                                                    "Alias": "chn",
                                                                                                    "Startup Cost": 0.0,
                                                                                                    "Total Cost": 48224.58,
                                                                                                    "Plan Rows": 39171,
                                                                                                    "Plan Width": 20,
                                                                                                    "Actual Startup Time": 0.04,
                                                                                                    "Actual Total Time": 179.48,
                                                                                                    "Actual Rows": 36030,
                                                                                                    "Actual Loops": 5,
                                                                                                    "Output": [
                                                                                                        "chn.name",
                                                                                                        "chn.id"
                                                                                                    ],
                                                                                                    "Filter": "((chn.name IS NOT NULL) AND ((chn.name ~~ '%man%'::text) OR (chn.name ~~ '%Man%'::text)))",
                                                                                                    "Rows Removed by Filter": 592037,
                                                                                                    "Workers": [
                                                                                                        {
                                                                                                            "Worker Number": 0,
                                                                                                            "Actual Startup Time": 0.043,
                                                                                                            "Actual Total Time": 178.052,
                                                                                                            "Actual Rows": 32254,
                                                                                                            "Actual Loops": 1
                                                                                                        },
                                                                                                        {
                                                                                                            "Worker Number": 1,
                                                                                                            "Actual Startup Time": 0.045,
                                                                                                            "Actual Total Time": 179.551,
                                                                                                            "Actual Rows": 32842,
                                                                                                            "Actual Loops": 1
                                                                                                        },
                                                                                                        {
                                                                                                            "Worker Number": 2,
                                                                                                            "Actual Startup Time": 0.038,
                                                                                                            "Actual Total Time": 179.032,
                                                                                                            "Actual Rows": 49610,
                                                                                                            "Actual Loops": 1
                                                                                                        },
                                                                                                        {
                                                                                                            "Worker Number": 3,
                                                                                                            "Actual Startup Time": 0.042,
                                                                                                            "Actual Total Time": 179.748,
                                                                                                            "Actual Rows": 32733,
                                                                                                            "Actual Loops": 1
                                                                                                        }
                                                                                                    ]
                                                                                                }
                                                                                            ]
                                                                                        }
                                                                                    ]
                                                                                },
                                                                                {
                                                                                    "Node Type": "Hash",
                                                                                    "Parent Relationship": "Inner",
                                                                                    "Parallel Aware": true,
                                                                                    "Startup Cost": 62120.2,
                                                                                    "Total Cost": 62120.2,
                                                                                    "Plan Rows": 4,
                                                                                    "Plan Width": 13,
                                                                                    "Actual Startup Time": 372.742,
                                                                                    "Actual Total Time": 372.749,
                                                                                    "Actual Rows": 7813,
                                                                                    "Actual Loops": 5,
                                                                                    "Output": [
                                                                                        "mi_idx.info",
                                                                                        "mi_idx.movie_id",
                                                                                        "mk.movie_id"
                                                                                    ],
                                                                                    "Hash Buckets": 65536,
                                                                                    "Original Hash Buckets": 1024,
                                                                                    "Hash Batches": 1,
                                                                                    "Original Hash Batches": 1,
                                                                                    "Peak Memory Usage": 2904,
                                                                                    "Workers": [
                                                                                        {
                                                                                            "Worker Number": 0,
                                                                                            "Actual Startup Time": 369.663,
                                                                                            "Actual Total Time": 369.672,
                                                                                            "Actual Rows": 7300,
                                                                                            "Actual Loops": 1
                                                                                        },
                                                                                        {
                                                                                            "Worker Number": 1,
                                                                                            "Actual Startup Time": 369.828,
                                                                                            "Actual Total Time": 369.836,
                                                                                            "Actual Rows": 6702,
                                                                                            "Actual Loops": 1
                                                                                        },
                                                                                        {
                                                                                            "Worker Number": 2,
                                                                                            "Actual Startup Time": 369.786,
                                                                                            "Actual Total Time": 369.794,
                                                                                            "Actual Rows": 10482,
                                                                                            "Actual Loops": 1
                                                                                        },
                                                                                        {
                                                                                            "Worker Number": 3,
                                                                                            "Actual Startup Time": 370.922,
                                                                                            "Actual Total Time": 370.929,
                                                                                            "Actual Rows": 7255,
                                                                                            "Actual Loops": 1
                                                                                        }
                                                                                    ],
                                                                                    "Plans": [
                                                                                        {
                                                                                            "Node Type": "Hash Join",
                                                                                            "Parent Relationship": "Outer",
                                                                                            "Parallel Aware": true,
                                                                                            "Join Type": "Inner",
                                                                                            "Startup Cost": 46849.93,
                                                                                            "Total Cost": 62120.2,
                                                                                            "Plan Rows": 4,
                                                                                            "Plan Width": 13,
                                                                                            "Actual Startup Time": 260.716,
                                                                                            "Actual Total Time": 346.992,
                                                                                            "Actual Rows": 7813,
                                                                                            "Actual Loops": 5,
                                                                                            "Output": [
                                                                                                "mi_idx.info",
                                                                                                "mi_idx.movie_id",
                                                                                                "mk.movie_id"
                                                                                            ],
                                                                                            "Inner Unique": false,
                                                                                            "Hash Cond": "(mi_idx.movie_id = mk.movie_id)",
                                                                                            "Workers": [
                                                                                                {
                                                                                                    "Worker Number": 0,
                                                                                                    "Actual Startup Time": 257.623,
                                                                                                    "Actual Total Time": 346.947,
                                                                                                    "Actual Rows": 7300,
                                                                                                    "Actual Loops": 1
                                                                                                },
                                                                                                {
                                                                                                    "Worker Number": 1,
                                                                                                    "Actual Startup Time": 257.68,
                                                                                                    "Actual Total Time": 339.971,
                                                                                                    "Actual Rows": 6702,
                                                                                                    "Actual Loops": 1
                                                                                                },
                                                                                                {
                                                                                                    "Worker Number": 2,
                                                                                                    "Actual Startup Time": 257.692,
                                                                                                    "Actual Total Time": 346.407,
                                                                                                    "Actual Rows": 10482,
                                                                                                    "Actual Loops": 1
                                                                                                },
                                                                                                {
                                                                                                    "Worker Number": 3,
                                                                                                    "Actual Startup Time": 258.94,
                                                                                                    "Actual Total Time": 345.367,
                                                                                                    "Actual Rows": 7255,
                                                                                                    "Actual Loops": 1
                                                                                                }
                                                                                            ],
                                                                                            "Plans": [
                                                                                                {
                                                                                                    "Node Type": "Hash Join",
                                                                                                    "Parent Relationship": "Outer",
                                                                                                    "Parallel Aware": false,
                                                                                                    "Join Type": "Inner",
                                                                                                    "Startup Cost": 2.43,
                                                                                                    "Total Cost": 15253.6,
                                                                                                    "Plan Rows": 5089,
                                                                                                    "Plan Width": 9,
                                                                                                    "Actual Startup Time": 0.123,
                                                                                                    "Actual Total Time": 69.698,
                                                                                                    "Actual Rows": 91985,
                                                                                                    "Actual Loops": 5,
                                                                                                    "Output": [
                                                                                                        "mi_idx.info",
                                                                                                        "mi_idx.movie_id"
                                                                                                    ],
                                                                                                    "Inner Unique": true,
                                                                                                    "Hash Cond": "(mi_idx.info_type_id = it2.id)",
                                                                                                    "Workers": [
                                                                                                        {
                                                                                                            "Worker Number": 0,
                                                                                                            "Actual Startup Time": 0.135,
                                                                                                            "Actual Total Time": 72.335,
                                                                                                            "Actual Rows": 87192,
                                                                                                            "Actual Loops": 1
                                                                                                        },
                                                                                                        {
                                                                                                            "Worker Number": 1,
                                                                                                            "Actual Startup Time": 0.126,
                                                                                                            "Actual Total Time": 66.543,
                                                                                                            "Actual Rows": 79294,
                                                                                                            "Actual Loops": 1
                                                                                                        },
                                                                                                        {
                                                                                                            "Worker Number": 2,
                                                                                                            "Actual Startup Time": 0.129,
                                                                                                            "Actual Total Time": 71.034,
                                                                                                            "Actual Rows": 125535,
                                                                                                            "Actual Loops": 1
                                                                                                        },
                                                                                                        {
                                                                                                            "Worker Number": 3,
                                                                                                            "Actual Startup Time": 0.138,
                                                                                                            "Actual Total Time": 70.258,
                                                                                                            "Actual Rows": 84429,
                                                                                                            "Actual Loops": 1
                                                                                                        }
                                                                                                    ],
                                                                                                    "Plans": [
                                                                                                        {
                                                                                                            "Node Type": "Seq Scan",
                                                                                                            "Parent Relationship": "Outer",
                                                                                                            "Parallel Aware": true,
                                                                                                            "Relation Name": "movie_info_idx",
                                                                                                            "Schema": "public",
                                                                                                            "Alias": "mi_idx",
                                                                                                            "Startup Cost": 0.0,
                                                                                                            "Total Cost": 13685.15,
                                                                                                            "Plan Rows": 575015,
                                                                                                            "Plan Width": 13,
                                                                                                            "Actual Startup Time": 0.025,
                                                                                                            "Actual Total Time": 31.606,
                                                                                                            "Actual Rows": 276007,
                                                                                                            "Actual Loops": 5,
                                                                                                            "Output": [
                                                                                                                "mi_idx.id",
                                                                                                                "mi_idx.movie_id",
                                                                                                                "mi_idx.info_type_id",
                                                                                                                "mi_idx.info",
                                                                                                                "mi_idx.note"
                                                                                                            ],
                                                                                                            "Workers": [
                                                                                                                {
                                                                                                                    "Worker Number": 0,
                                                                                                                    "Actual Startup Time": 0.03,
                                                                                                                    "Actual Total Time": 32.345,
                                                                                                                    "Actual Rows": 261594,
                                                                                                                    "Actual Loops": 1
                                                                                                                },
                                                                                                                {
                                                                                                                    "Worker Number": 1,
                                                                                                                    "Actual Startup Time": 0.027,
                                                                                                                    "Actual Total Time": 30.464,
                                                                                                                    "Actual Rows": 238005,
                                                                                                                    "Actual Loops": 1
                                                                                                                },
                                                                                                                {
                                                                                                                    "Worker Number": 2,
                                                                                                                    "Actual Startup Time": 0.028,
                                                                                                                    "Actual Total Time": 32.934,
                                                                                                                    "Actual Rows": 376587,
                                                                                                                    "Actual Loops": 1
                                                                                                                },
                                                                                                                {
                                                                                                                    "Worker Number": 3,
                                                                                                                    "Actual Startup Time": 0.028,
                                                                                                                    "Actual Total Time": 31.579,
                                                                                                                    "Actual Rows": 253425,
                                                                                                                    "Actual Loops": 1
                                                                                                                }
                                                                                                            ]
                                                                                                        },
                                                                                                        {
                                                                                                            "Node Type": "Hash",
                                                                                                            "Parent Relationship": "Inner",
                                                                                                            "Parallel Aware": false,
                                                                                                            "Startup Cost": 2.41,
                                                                                                            "Total Cost": 2.41,
                                                                                                            "Plan Rows": 1,
                                                                                                            "Plan Width": 4,
                                                                                                            "Actual Startup Time": 0.051,
                                                                                                            "Actual Total Time": 0.052,
                                                                                                            "Actual Rows": 1,
                                                                                                            "Actual Loops": 5,
                                                                                                            "Output": [
                                                                                                                "it2.id"
                                                                                                            ],
                                                                                                            "Hash Buckets": 1024,
                                                                                                            "Original Hash Buckets": 1024,
                                                                                                            "Hash Batches": 1,
                                                                                                            "Original Hash Batches": 1,
                                                                                                            "Peak Memory Usage": 9,
                                                                                                            "Workers": [
                                                                                                                {
                                                                                                                    "Worker Number": 0,
                                                                                                                    "Actual Startup Time": 0.058,
                                                                                                                    "Actual Total Time": 0.06,
                                                                                                                    "Actual Rows": 1,
                                                                                                                    "Actual Loops": 1
                                                                                                                },
                                                                                                                {
                                                                                                                    "Worker Number": 1,
                                                                                                                    "Actual Startup Time": 0.053,
                                                                                                                    "Actual Total Time": 0.054,
                                                                                                                    "Actual Rows": 1,
                                                                                                                    "Actual Loops": 1
                                                                                                                },
                                                                                                                {
                                                                                                                    "Worker Number": 2,
                                                                                                                    "Actual Startup Time": 0.049,
                                                                                                                    "Actual Total Time": 0.051,
                                                                                                                    "Actual Rows": 1,
                                                                                                                    "Actual Loops": 1
                                                                                                                },
                                                                                                                {
                                                                                                                    "Worker Number": 3,
                                                                                                                    "Actual Startup Time": 0.059,
                                                                                                                    "Actual Total Time": 0.06,
                                                                                                                    "Actual Rows": 1,
                                                                                                                    "Actual Loops": 1
                                                                                                                }
                                                                                                            ],
                                                                                                            "Plans": [
                                                                                                                {
                                                                                                                    "Node Type": "Seq Scan",
                                                                                                                    "Parent Relationship": "Outer",
                                                                                                                    "Parallel Aware": false,
                                                                                                                    "Relation Name": "info_type",
                                                                                                                    "Schema": "public",
                                                                                                                    "Alias": "it2",
                                                                                                                    "Startup Cost": 0.0,
                                                                                                                    "Total Cost": 2.41,
                                                                                                                    "Plan Rows": 1,
                                                                                                                    "Plan Width": 4,
                                                                                                                    "Actual Startup Time": 0.038,
                                                                                                                    "Actual Total Time": 0.04,
                                                                                                                    "Actual Rows": 1,
                                                                                                                    "Actual Loops": 5,
                                                                                                                    "Output": [
                                                                                                                        "it2.id"
                                                                                                                    ],
                                                                                                                    "Filter": "((it2.info)::text = 'rating'::text)",
                                                                                                                    "Rows Removed by Filter": 112,
                                                                                                                    "Workers": [
                                                                                                                        {
                                                                                                                            "Worker Number": 0,
                                                                                                                            "Actual Startup Time": 0.043,
                                                                                                                            "Actual Total Time": 0.046,
                                                                                                                            "Actual Rows": 1,
                                                                                                                            "Actual Loops": 1
                                                                                                                        },
                                                                                                                        {
                                                                                                                            "Worker Number": 1,
                                                                                                                            "Actual Startup Time": 0.039,
                                                                                                                            "Actual Total Time": 0.042,
                                                                                                                            "Actual Rows": 1,
                                                                                                                            "Actual Loops": 1
                                                                                                                        },
                                                                                                                        {
                                                                                                                            "Worker Number": 2,
                                                                                                                            "Actual Startup Time": 0.037,
                                                                                                                            "Actual Total Time": 0.039,
                                                                                                                            "Actual Rows": 1,
                                                                                                                            "Actual Loops": 1
                                                                                                                        },
                                                                                                                        {
                                                                                                                            "Worker Number": 3,
                                                                                                                            "Actual Startup Time": 0.043,
                                                                                                                            "Actual Total Time": 0.045,
                                                                                                                            "Actual Rows": 1,
                                                                                                                            "Actual Loops": 1
                                                                                                                        }
                                                                                                                    ]
                                                                                                                }
                                                                                                            ]
                                                                                                        }
                                                                                                    ]
                                                                                                },
                                                                                                {
                                                                                                    "Node Type": "Hash",
                                                                                                    "Parent Relationship": "Inner",
                                                                                                    "Parallel Aware": true,
                                                                                                    "Startup Cost": 46846.14,
                                                                                                    "Total Cost": 46846.14,
                                                                                                    "Plan Rows": 109,
                                                                                                    "Plan Width": 4,
                                                                                                    "Actual Startup Time": 260.267,
                                                                                                    "Actual Total Time": 260.27,
                                                                                                    "Actual Rows": 9446,
                                                                                                    "Actual Loops": 5,
                                                                                                    "Output": [
                                                                                                        "mk.movie_id"
                                                                                                    ],
                                                                                                    "Hash Buckets": 65536,
                                                                                                    "Original Hash Buckets": 1024,
                                                                                                    "Hash Batches": 1,
                                                                                                    "Original Hash Batches": 1,
                                                                                                    "Peak Memory Usage": 2968,
                                                                                                    "Workers": [
                                                                                                        {
                                                                                                            "Worker Number": 0,
                                                                                                            "Actual Startup Time": 257.196,
                                                                                                            "Actual Total Time": 257.199,
                                                                                                            "Actual Rows": 9227,
                                                                                                            "Actual Loops": 1
                                                                                                        },
                                                                                                        {
                                                                                                            "Worker Number": 1,
                                                                                                            "Actual Startup Time": 257.381,
                                                                                                            "Actual Total Time": 257.384,
                                                                                                            "Actual Rows": 7547,
                                                                                                            "Actual Loops": 1
                                                                                                        },
                                                                                                        {
                                                                                                            "Worker Number": 2,
                                                                                                            "Actual Startup Time": 257.335,
                                                                                                            "Actual Total Time": 257.337,
                                                                                                            "Actual Rows": 10924,
                                                                                                            "Actual Loops": 1
                                                                                                        },
                                                                                                        {
                                                                                                            "Worker Number": 3,
                                                                                                            "Actual Startup Time": 258.475,
                                                                                                            "Actual Total Time": 258.478,
                                                                                                            "Actual Rows": 9326,
                                                                                                            "Actual Loops": 1
                                                                                                        }
                                                                                                    ],
                                                                                                    "Plans": [
                                                                                                        {
                                                                                                            "Node Type": "Hash Join",
                                                                                                            "Parent Relationship": "Outer",
                                                                                                            "Parallel Aware": false,
                                                                                                            "Join Type": "Inner",
                                                                                                            "Startup Cost": 3967.95,
                                                                                                            "Total Cost": 46846.14,
                                                                                                            "Plan Rows": 109,
                                                                                                            "Plan Width": 4,
                                                                                                            "Actual Startup Time": 48.679,
                                                                                                            "Actual Total Time": 233.342,
                                                                                                            "Actual Rows": 9446,
                                                                                                            "Actual Loops": 5,
                                                                                                            "Output": [
                                                                                                                "mk.movie_id"
                                                                                                            ],
                                                                                                            "Inner Unique": true,
                                                                                                            "Hash Cond": "(mk.keyword_id = k.id)",
                                                                                                            "Workers": [
                                                                                                                {
                                                                                                                    "Worker Number": 0,
                                                                                                                    "Actual Startup Time": 51.077,
                                                                                                                    "Actual Total Time": 243.46,
                                                                                                                    "Actual Rows": 9227,
                                                                                                                    "Actual Loops": 1
                                                                                                                },
                                                                                                                {
                                                                                                                    "Worker Number": 1,
                                                                                                                    "Actual Startup Time": 52.459,
                                                                                                                    "Actual Total Time": 215.949,
                                                                                                                    "Actual Rows": 7547,
                                                                                                                    "Actual Loops": 1
                                                                                                                },
                                                                                                                {
                                                                                                                    "Worker Number": 2,
                                                                                                                    "Actual Startup Time": 46.344,
                                                                                                                    "Actual Total Time": 205.306,
                                                                                                                    "Actual Rows": 10924,
                                                                                                                    "Actual Loops": 1
                                                                                                                },
                                                                                                                {
                                                                                                                    "Worker Number": 3,
                                                                                                                    "Actual Startup Time": 52.829,
                                                                                                                    "Actual Total Time": 243.527,
                                                                                                                    "Actual Rows": 9326,
                                                                                                                    "Actual Loops": 1
                                                                                                                }
                                                                                                            ],
                                                                                                            "Plans": [
                                                                                                                {
                                                                                                                    "Node Type": "Seq Scan",
                                                                                                                    "Parent Relationship": "Outer",
                                                                                                                    "Parallel Aware": true,
                                                                                                                    "Relation Name": "movie_keyword",
                                                                                                                    "Schema": "public",
                                                                                                                    "Alias": "mk",
                                                                                                                    "Startup Cost": 0.0,
                                                                                                                    "Total Cost": 39047.32,
                                                                                                                    "Plan Rows": 1459332,
                                                                                                                    "Plan Width": 8,
                                                                                                                    "Actual Startup Time": 0.056,
                                                                                                                    "Actual Total Time": 101.124,
                                                                                                                    "Actual Rows": 904786,
                                                                                                                    "Actual Loops": 5,
                                                                                                                    "Output": [
                                                                                                                        "mk.id",
                                                                                                                        "mk.movie_id",
                                                                                                                        "mk.keyword_id"
                                                                                                                    ],
                                                                                                                    "Workers": [
                                                                                                                        {
                                                                                                                            "Worker Number": 0,
                                                                                                                            "Actual Startup Time": 0.071,
                                                                                                                            "Actual Total Time": 105.366,
                                                                                                                            "Actual Rows": 875235,
                                                                                                                            "Actual Loops": 1
                                                                                                                        },
                                                                                                                        {
                                                                                                                            "Worker Number": 1,
                                                                                                                            "Actual Startup Time": 0.069,
                                                                                                                            "Actual Total Time": 90.047,
                                                                                                                            "Actual Rows": 719280,
                                                                                                                            "Actual Loops": 1
                                                                                                                        },
                                                                                                                        {
                                                                                                                            "Worker Number": 2,
                                                                                                                            "Actual Startup Time": 0.066,
                                                                                                                            "Actual Total Time": 89.016,
                                                                                                                            "Actual Rows": 1032425,
                                                                                                                            "Actual Loops": 1
                                                                                                                        },
                                                                                                                        {
                                                                                                                            "Worker Number": 3,
                                                                                                                            "Actual Startup Time": 0.063,
                                                                                                                            "Actual Total Time": 104.47,
                                                                                                                            "Actual Rows": 873385,
                                                                                                                            "Actual Loops": 1
                                                                                                                        }
                                                                                                                    ]
                                                                                                                },
                                                                                                                {
                                                                                                                    "Node Type": "Hash",
                                                                                                                    "Parent Relationship": "Inner",
                                                                                                                    "Parallel Aware": false,
                                                                                                                    "Startup Cost": 3967.82,
                                                                                                                    "Total Cost": 3967.82,
                                                                                                                    "Plan Rows": 10,
                                                                                                                    "Plan Width": 4,
                                                                                                                    "Actual Startup Time": 48.399,
                                                                                                                    "Actual Total Time": 48.4,
                                                                                                                    "Actual Rows": 9,
                                                                                                                    "Actual Loops": 5,
                                                                                                                    "Output": [
                                                                                                                        "k.id"
                                                                                                                    ],
                                                                                                                    "Hash Buckets": 1024,
                                                                                                                    "Original Hash Buckets": 1024,
                                                                                                                    "Hash Batches": 1,
                                                                                                                    "Original Hash Batches": 1,
                                                                                                                    "Peak Memory Usage": 9,
                                                                                                                    "Workers": [
                                                                                                                        {
                                                                                                                            "Worker Number": 0,
                                                                                                                            "Actual Startup Time": 50.938,
                                                                                                                            "Actual Total Time": 50.939,
                                                                                                                            "Actual Rows": 9,
                                                                                                                            "Actual Loops": 1
                                                                                                                        },
                                                                                                                        {
                                                                                                                            "Worker Number": 1,
                                                                                                                            "Actual Startup Time": 52.234,
                                                                                                                            "Actual Total Time": 52.235,
                                                                                                                            "Actual Rows": 9,
                                                                                                                            "Actual Loops": 1
                                                                                                                        },
                                                                                                                        {
                                                                                                                            "Worker Number": 2,
                                                                                                                            "Actual Startup Time": 46.211,
                                                                                                                            "Actual Total Time": 46.212,
                                                                                                                            "Actual Rows": 9,
                                                                                                                            "Actual Loops": 1
                                                                                                                        },
                                                                                                                        {
                                                                                                                            "Worker Number": 3,
                                                                                                                            "Actual Startup Time": 52.082,
                                                                                                                            "Actual Total Time": 52.083,
                                                                                                                            "Actual Rows": 9,
                                                                                                                            "Actual Loops": 1
                                                                                                                        }
                                                                                                                    ],
                                                                                                                    "Plans": [
                                                                                                                        {
                                                                                                                            "Node Type": "Seq Scan",
                                                                                                                            "Parent Relationship": "Outer",
                                                                                                                            "Parallel Aware": false,
                                                                                                                            "Relation Name": "keyword",
                                                                                                                            "Schema": "public",
                                                                                                                            "Alias": "k",
                                                                                                                            "Startup Cost": 0.0,
                                                                                                                            "Total Cost": 3967.82,
                                                                                                                            "Plan Rows": 10,
                                                                                                                            "Plan Width": 4,
                                                                                                                            "Actual Startup Time": 0.099,
                                                                                                                            "Actual Total Time": 48.369,
                                                                                                                            "Actual Rows": 9,
                                                                                                                            "Actual Loops": 5,
                                                                                                                            "Output": [
                                                                                                                                "k.id"
                                                                                                                            ],
                                                                                                                            "Filter": "(k.keyword = ANY ('{sequel,hero,blood,fight,hospital,blood,magnet,violence,marvel-comics,martial-arts}'::text[]))",
                                                                                                                            "Rows Removed by Filter": 134161,
                                                                                                                            "Workers": [
                                                                                                                                {
                                                                                                                                    "Worker Number": 0,
                                                                                                                                    "Actual Startup Time": 0.119,
                                                                                                                                    "Actual Total Time": 50.906,
                                                                                                                                    "Actual Rows": 9,
                                                                                                                                    "Actual Loops": 1
                                                                                                                                },
                                                                                                                                {
                                                                                                                                    "Worker Number": 1,
                                                                                                                                    "Actual Startup Time": 0.122,
                                                                                                                                    "Actual Total Time": 52.197,
                                                                                                                                    "Actual Rows": 9,
                                                                                                                                    "Actual Loops": 1
                                                                                                                                },
                                                                                                                                {
                                                                                                                                    "Worker Number": 2,
                                                                                                                                    "Actual Startup Time": 0.116,
                                                                                                                                    "Actual Total Time": 46.175,
                                                                                                                                    "Actual Rows": 9,
                                                                                                                                    "Actual Loops": 1
                                                                                                                                },
                                                                                                                                {
                                                                                                                                    "Worker Number": 3,
                                                                                                                                    "Actual Startup Time": 0.105,
                                                                                                                                    "Actual Total Time": 52.048,
                                                                                                                                    "Actual Rows": 9,
                                                                                                                                    "Actual Loops": 1
                                                                                                                                }
                                                                                                                            ]
                                                                                                                        }
                                                                                                                    ]
                                                                                                                }
                                                                                                            ]
                                                                                                        }
                                                                                                    ]
                                                                                                }
                                                                                            ]
                                                                                        }
                                                                                    ]
                                                                                }
                                                                            ]
                                                                        }
                                                                    ]
                                                                }
                                                            ]
                                                        }
                                                    ]
                                                }
                                            ]
                                        },
                                        {
                                            "Node Type": "Hash",
                                            "Parent Relationship": "Inner",
                                            "Parallel Aware": false,
                                            "Startup Cost": 1.09,
                                            "Total Cost": 1.09,
                                            "Plan Rows": 1,
                                            "Plan Width": 4,
                                            "Actual Startup Time": 0.082,
                                            "Actual Total Time": 0.083,
                                            "Actual Rows": 1,
                                            "Actual Loops": 5,
                                            "Output": [
                                                "kt.id"
                                            ],
                                            "Hash Buckets": 1024,
                                            "Original Hash Buckets": 1024,
                                            "Hash Batches": 1,
                                            "Original Hash Batches": 1,
                                            "Peak Memory Usage": 9,
                                            "Workers": [
                                                {
                                                    "Worker Number": 0,
                                                    "Actual Startup Time": 0.098,
                                                    "Actual Total Time": 0.099,
                                                    "Actual Rows": 1,
                                                    "Actual Loops": 1
                                                },
                                                {
                                                    "Worker Number": 1,
                                                    "Actual Startup Time": 0.101,
                                                    "Actual Total Time": 0.102,
                                                    "Actual Rows": 1,
                                                    "Actual Loops": 1
                                                },
                                                {
                                                    "Worker Number": 2,
                                                    "Actual Startup Time": 0.1,
                                                    "Actual Total Time": 0.101,
                                                    "Actual Rows": 1,
                                                    "Actual Loops": 1
                                                },
                                                {
                                                    "Worker Number": 3,
                                                    "Actual Startup Time": 0.088,
                                                    "Actual Total Time": 0.089,
                                                    "Actual Rows": 1,
                                                    "Actual Loops": 1
                                                }
                                            ],
                                            "Plans": [
                                                {
                                                    "Node Type": "Seq Scan",
                                                    "Parent Relationship": "Outer",
                                                    "Parallel Aware": false,
                                                    "Relation Name": "kind_type",
                                                    "Schema": "public",
                                                    "Alias": "kt",
                                                    "Startup Cost": 0.0,
                                                    "Total Cost": 1.09,
                                                    "Plan Rows": 1,
                                                    "Plan Width": 4,
                                                    "Actual Startup Time": 0.058,
                                                    "Actual Total Time": 0.063,
                                                    "Actual Rows": 1,
                                                    "Actual Loops": 5,
                                                    "Output": [
                                                        "kt.id"
                                                    ],
                                                    "Filter": "((kt.kind)::text = 'movie'::text)",
                                                    "Rows Removed by Filter": 6,
                                                    "Workers": [
                                                        {
                                                            "Worker Number": 0,
                                                            "Actual Startup Time": 0.069,
                                                            "Actual Total Time": 0.075,
                                                            "Actual Rows": 1,
                                                            "Actual Loops": 1
                                                        },
                                                        {
                                                            "Worker Number": 1,
                                                            "Actual Startup Time": 0.072,
                                                            "Actual Total Time": 0.078,
                                                            "Actual Rows": 1,
                                                            "Actual Loops": 1
                                                        },
                                                        {
                                                            "Worker Number": 2,
                                                            "Actual Startup Time": 0.071,
                                                            "Actual Total Time": 0.077,
                                                            "Actual Rows": 1,
                                                            "Actual Loops": 1
                                                        },
                                                        {
                                                            "Worker Number": 3,
                                                            "Actual Startup Time": 0.063,
                                                            "Actual Total Time": 0.068,
                                                            "Actual Rows": 1,
                                                            "Actual Loops": 1
                                                        }
                                                    ]
                                                }
                                            ]
                                        }
                                    ]
                                }
                            ]
                        },
                        {
                            "Node Type": "Hash",
                            "Parent Relationship": "Inner",
                            "Parallel Aware": false,
                            "Startup Cost": 2996.88,
                            "Total Cost": 2996.88,
                            "Plan Rows": 8443,
                            "Plan Width": 4,
                            "Actual Startup Time": 90.028,
                            "Actual Total Time": 90.054,
                            "Actual Rows": 85941,
                            "Actual Loops": 1,
                            "Output": [
                                "cc.movie_id"
                            ],
                            "Hash Buckets": 131072,
                            "Original Hash Buckets": 16384,
                            "Hash Batches": 1,
                            "Original Hash Batches": 1,
                            "Peak Memory Usage": 4046,
                            "Plans": [
                                {
                                    "Node Type": "Hash Join",
                                    "Parent Relationship": "Outer",
                                    "Parallel Aware": false,
                                    "Join Type": "Inner",
                                    "Startup Cost": 2.12,
                                    "Total Cost": 2996.88,
                                    "Plan Rows": 8443,
                                    "Plan Width": 4,
                                    "Actual Startup Time": 0.245,
                                    "Actual Total Time": 68.447,
                                    "Actual Rows": 85941,
                                    "Actual Loops": 1,
                                    "Output": [
                                        "cc.movie_id"
                                    ],
                                    "Inner Unique": true,
                                    "Hash Cond": "(cc.status_id = cct2.id)",
                                    "Plans": [
                                        {
                                            "Node Type": "Hash Join",
                                            "Parent Relationship": "Outer",
                                            "Parallel Aware": false,
                                            "Join Type": "Inner",
                                            "Startup Cost": 1.06,
                                            "Total Cost": 2813.24,
                                            "Plan Rows": 33772,
                                            "Plan Width": 8,
                                            "Actual Startup Time": 0.138,
                                            "Actual Total Time": 49.046,
                                            "Actual Rows": 85941,
                                            "Actual Loops": 1,
                                            "Output": [
                                                "cc.movie_id",
                                                "cc.status_id"
                                            ],
                                            "Inner Unique": true,
                                            "Hash Cond": "(cc.subject_id = cct1.id)",
                                            "Plans": [
                                                {
                                                    "Node Type": "Seq Scan",
                                                    "Parent Relationship": "Outer",
                                                    "Parallel Aware": false,
                                                    "Relation Name": "complete_cast",
                                                    "Schema": "public",
                                                    "Alias": "cc",
                                                    "Startup Cost": 0.0,
                                                    "Total Cost": 2081.86,
                                                    "Plan Rows": 135086,
                                                    "Plan Width": 12,
                                                    "Actual Startup Time": 0.049,
                                                    "Actual Total Time": 19.133,
                                                    "Actual Rows": 135086,
                                                    "Actual Loops": 1,
                                                    "Output": [
                                                        "cc.id",
                                                        "cc.movie_id",
                                                        "cc.subject_id",
                                                        "cc.status_id"
                                                    ]
                                                },
                                                {
                                                    "Node Type": "Hash",
                                                    "Parent Relationship": "Inner",
                                                    "Parallel Aware": false,
                                                    "Startup Cost": 1.05,
                                                    "Total Cost": 1.05,
                                                    "Plan Rows": 1,
                                                    "Plan Width": 4,
                                                    "Actual Startup Time": 0.036,
                                                    "Actual Total Time": 0.038,
                                                    "Actual Rows": 1,
                                                    "Actual Loops": 1,
                                                    "Output": [
                                                        "cct1.id"
                                                    ],
                                                    "Hash Buckets": 1024,
                                                    "Original Hash Buckets": 1024,
                                                    "Hash Batches": 1,
                                                    "Original Hash Batches": 1,
                                                    "Peak Memory Usage": 9,
                                                    "Plans": [
                                                        {
                                                            "Node Type": "Seq Scan",
                                                            "Parent Relationship": "Outer",
                                                            "Parallel Aware": false,
                                                            "Relation Name": "comp_cast_type",
                                                            "Schema": "public",
                                                            "Alias": "cct1",
                                                            "Startup Cost": 0.0,
                                                            "Total Cost": 1.05,
                                                            "Plan Rows": 1,
                                                            "Plan Width": 4,
                                                            "Actual Startup Time": 0.021,
                                                            "Actual Total Time": 0.025,
                                                            "Actual Rows": 1,
                                                            "Actual Loops": 1,
                                                            "Output": [
                                                                "cct1.id"
                                                            ],
                                                            "Filter": "((cct1.kind)::text = 'cast'::text)",
                                                            "Rows Removed by Filter": 3
                                                        }
                                                    ]
                                                }
                                            ]
                                        },
                                        {
                                            "Node Type": "Hash",
                                            "Parent Relationship": "Inner",
                                            "Parallel Aware": false,
                                            "Startup Cost": 1.05,
                                            "Total Cost": 1.05,
                                            "Plan Rows": 1,
                                            "Plan Width": 4,
                                            "Actual Startup Time": 0.058,
                                            "Actual Total Time": 0.06,
                                            "Actual Rows": 2,
                                            "Actual Loops": 1,
                                            "Output": [
                                                "cct2.id"
                                            ],
                                            "Hash Buckets": 1024,
                                            "Original Hash Buckets": 1024,
                                            "Hash Batches": 1,
                                            "Original Hash Batches": 1,
                                            "Peak Memory Usage": 9,
                                            "Plans": [
                                                {
                                                    "Node Type": "Seq Scan",
                                                    "Parent Relationship": "Outer",
                                                    "Parallel Aware": false,
                                                    "Relation Name": "comp_cast_type",
                                                    "Schema": "public",
                                                    "Alias": "cct2",
                                                    "Startup Cost": 0.0,
                                                    "Total Cost": 1.05,
                                                    "Plan Rows": 1,
                                                    "Plan Width": 4,
                                                    "Actual Startup Time": 0.032,
                                                    "Actual Total Time": 0.037,
                                                    "Actual Rows": 2,
                                                    "Actual Loops": 1,
                                                    "Output": [
                                                        "cct2.id"
                                                    ],
                                                    "Filter": "((cct2.kind)::text ~~ '%complete%'::text)",
                                                    "Rows Removed by Filter": 2
                                                }
                                            ]
                                        }
                                    ]
                                }
                            ]
                        }
                    ]
                }
            ]
        },
        "Planning Time": 1363.402,
        "Triggers": [],
        "Execution Time": 3259.548
    }
]