[
  {
    "Plan": {
      "Node Type": "Aggregate",
      "Strategy": "Plain",
      "Partial Mode": "Finalize",
      "Parallel Aware": false,
      "Startup Cost": 376235.96,
      "Total Cost": 376235.97,
      "Plan Rows": 1,
      "Plan Width": 8,
      "Actual Startup Time": 1428.773,
      "Actual Total Time": 1493.353,
      "Actual Rows": 1,
      "Actual Loops": 1,
      "Plans": [
        {
          "Node Type": "Gather",
          "Parent Relationship": "Outer",
          "Parallel Aware": false,
          "Startup Cost": 376235.34,
          "Total Cost": 376235.95,
          "Plan Rows": 6,
          "Plan Width": 8,
          "Actual Startup Time": 1427.645,
          "Actual Total Time": 1493.344,
          "Actual Rows": 7,
          "Actual Loops": 1,
          "Workers Planned": 6,
          "Workers Launched": 6,
          "Single Copy": false,
          "Plans": [
            {
              "Node Type": "Aggregate",
              "Strategy": "Plain",
              "Partial Mode": "Partial",
              "Parent Relationship": "Outer",
              "Parallel Aware": false,
              "Startup Cost": 375235.34,
              "Total Cost": 375235.35,
              "Plan Rows": 1,
              "Plan Width": 8,
              "Actual Startup Time": 1419.949,
              "Actual Total Time": 1419.952,
              "Actual Rows": 1,
              "Actual Loops": 7,
              "Plans": [
                {
                  "Node Type": "Hash Join",
                  "Parent Relationship": "Outer",
                  "Parallel Aware": true,
                  "Join Type": "Inner",
                  "Startup Cost": 45767.51,
                  "Total Cost": 374684.31,
                  "Plan Rows": 220412,
                  "Plan Width": 0,
                  "Actual Startup Time": 85.684,
                  "Actual Total Time": 1403.579,
                  "Actual Rows": 325487,
                  "Actual Loops": 7,
                  "Inner Unique": true,
                  "Hash Cond": "(ci.movie_id = t.id)",
                  "Plans": [
                    {
                      "Node Type": "Seq Scan",
                      "Parent Relationship": "Outer",
                      "Parallel Aware": true,
                      "Relation Name": "cast_info",
                      "Alias": "ci",
                      "Startup Cost": 0.0,
                      "Total Cost": 313067.02,
                      "Plan Rows": 6038002,
                      "Plan Width": 4,
                      "Actual Startup Time": 0.018,
                      "Actual Total Time": 540.906,
                      "Actual Rows": 5177763,
                      "Actual Loops": 7
                    },
                    {
                      "Node Type": "Hash",
                      "Parent Relationship": "Inner",
                      "Parallel Aware": true,
                      "Startup Cost": 45479.1,
                      "Total Cost": 45479.1,
                      "Plan Rows": 23073,
                      "Plan Width": 4,
                      "Actual Startup Time": 84.39,
                      "Actual Total Time": 84.391,
                      "Actual Rows": 30345,
                      "Actual Loops": 7,
                      "Hash Buckets": 262144,
                      "Original Hash Buckets": 131072,
                      "Hash Batches": 1,
                      "Original Hash Batches": 1,
                      "Peak Memory Usage": 11552,
                      "Plans": [
                        {
                          "Node Type": "Seq Scan",
                          "Parent Relationship": "Outer",
                          "Parallel Aware": true,
                          "Relation Name": "title",
                          "Alias": "t",
                          "Startup Cost": 0.0,
                          "Total Cost": 45479.1,
                          "Plan Rows": 23073,
                          "Plan Width": 4,
                          "Actual Startup Time": 0.187,
                          "Actual Total Time": 68.939,
                          "Actual Rows": 30345,
                          "Actual Loops": 7,
                          "Filter": "((kind_id < 4) AND (production_year < 1964))",
                          "Rows Removed by Filter": 330843
                        }
                      ]
                    }
                  ]
                }
              ]
            }
          ]
        }
      ]
    },
    "Planning Time": 0.456,
    "Triggers": [],
    "Execution Time": 1493.429
  }
]