[
  {
    "Plan": {
      "Node Type": "Aggregate",
      "Strategy": "Plain",
      "Partial Mode": "Finalize",
      "Parallel Aware": false,
      "Startup Cost": 31735.27,
      "Total Cost": 31735.28,
      "Plan Rows": 1,
      "Plan Width": 8,
      "Actual Startup Time": 112.719,
      "Actual Total Time": 120.415,
      "Actual Rows": 1,
      "Actual Loops": 1,
      "Plans": [
        {
          "Node Type": "Gather",
          "Parent Relationship": "Outer",
          "Parallel Aware": false,
          "Startup Cost": 31734.95,
          "Total Cost": 31735.26,
          "Plan Rows": 3,
          "Plan Width": 8,
          "Actual Startup Time": 112.579,
          "Actual Total Time": 120.406,
          "Actual Rows": 4,
          "Actual Loops": 1,
          "Workers Planned": 3,
          "Workers Launched": 3,
          "Single Copy": false,
          "Plans": [
            {
              "Node Type": "Aggregate",
              "Strategy": "Plain",
              "Partial Mode": "Partial",
              "Parent Relationship": "Outer",
              "Parallel Aware": false,
              "Startup Cost": 30734.95,
              "Total Cost": 30734.96,
              "Plan Rows": 1,
              "Plan Width": 8,
              "Actual Startup Time": 104.207,
              "Actual Total Time": 104.208,
              "Actual Rows": 1,
              "Actual Loops": 4,
              "Plans": [
                {
                  "Node Type": "Seq Scan",
                  "Parent Relationship": "Outer",
                  "Parallel Aware": true,
                  "Relation Name": "movie_companies",
                  "Alias": "mc",
                  "Startup Cost": 0.0,
                  "Total Cost": 29310.68,
                  "Plan Rows": 569707,
                  "Plan Width": 0,
                  "Actual Startup Time": 0.049,
                  "Actual Total Time": 81.211,
                  "Actual Rows": 438167,
                  "Actual Loops": 4,
                  "Filter": "(company_id < 24649)",
                  "Rows Removed by Filter": 214115
                }
              ]
            }
          ]
        }
      ]
    },
    "Planning Time": 0.214,
    "Triggers": [],
    "Execution Time": 120.468
  }
]