{
  "Plan": {
    "Node Type": "Aggregate",
    "Strategy": "Plain",
    "Partial Mode": "Finalize",
    "Parallel Aware": false,
    "Startup Cost": 407208.1,
    "Total Cost": 407208.11,
    "Plan Rows": 1,
    "Plan Width": 8,
    "Actual Startup Time": 4027.78,
    "Actual Total Time": 4106.306,
    "Actual Rows": 1,
    "Actual Loops": 1,
    "Plans": [
      {
        "Node Type": "Gather",
        "Parent Relationship": "Outer",
        "Parallel Aware": false,
        "Startup Cost": 407207.99,
        "Total Cost": 407208.1,
        "Plan Rows": 1,
        "Plan Width": 8,
        "Actual Startup Time": 4026.959,
        "Actual Total Time": 4106.296,
        "Actual Rows": 2,
        "Actual Loops": 1,
        "Workers Planned": 1,
        "Workers Launched": 1,
        "Single Copy": false,
        "Plans": [
          {
            "Node Type": "Aggregate",
            "Strategy": "Plain",
            "Partial Mode": "Partial",
            "Parent Relationship": "Outer",
            "Parallel Aware": false,
            "Startup Cost": 406207.99,
            "Total Cost": 406208.0,
            "Plan Rows": 1,
            "Plan Width": 8,
            "Actual Startup Time": 4020.73,
            "Actual Total Time": 4020.735,
            "Actual Rows": 1,
            "Actual Loops": 2,
            "Plans": [
              {
                "Node Type": "Nested Loop",
                "Parent Relationship": "Outer",
                "Parallel Aware": false,
                "Join Type": "Inner",
                "Startup Cost": 27978.19,
                "Total Cost": 404419.89,
                "Plan Rows": 715241,
                "Plan Width": 0,
                "Actual Startup Time": 251.227,
                "Actual Total Time": 3969.462,
                "Actual Rows": 1099036,
                "Actual Loops": 2,
                "Inner Unique": false,
                "Plans": [
                  {
                    "Node Type": "Hash Join",
                    "Parent Relationship": "Outer",
                    "Parallel Aware": true,
                    "Join Type": "Inner",
                    "Startup Cost": 27977.62,
                    "Total Cost": 89017.0,
                    "Plan Rows": 148558,
                    "Plan Width": 8,
                    "Actual Startup Time": 251.135,
                    "Actual Total Time": 514.526,
                    "Actual Rows": 125284,
                    "Actual Loops": 2,
                    "Inner Unique": false,
                    "Hash Cond": "(t.id = mc.movie_id)",
                    "Plans": [
                      {
                        "Node Type": "Seq Scan",
                        "Parent Relationship": "Outer",
                        "Parallel Aware": true,
                        "Relation Name": "title",
                        "Alias": "t",
                        "Startup Cost": 0.0,
                        "Total Cost": 50870.31,
                        "Plan Rows": 1487231,
                        "Plan Width": 4,
                        "Actual Startup Time": 0.01,
                        "Actual Total Time": 116.776,
                        "Actual Rows": 1264156,
                        "Actual Loops": 2
                      },
                      {
                        "Node Type": "Hash",
                        "Parent Relationship": "Inner",
                        "Parallel Aware": true,
                        "Startup Cost": 26120.65,
                        "Total Cost": 26120.65,
                        "Plan Rows": 148558,
                        "Plan Width": 4,
                        "Actual Startup Time": 82.406,
                        "Actual Total Time": 82.407,
                        "Actual Rows": 125284,
                        "Actual Loops": 2,
                        "Hash Buckets": 262144,
                        "Original Hash Buckets": 262144,
                        "Hash Batches": 1,
                        "Original Hash Batches": 1,
                        "Peak Memory Usage": 11872,
                        "Plans": [
                          {
                            "Node Type": "Bitmap Heap Scan",
                            "Parent Relationship": "Outer",
                            "Parallel Aware": true,
                            "Relation Name": "movie_companies",
                            "Alias": "mc",
                            "Startup Cost": 5473.68,
                            "Total Cost": 26120.65,
                            "Plan Rows": 148558,
                            "Plan Width": 4,
                            "Actual Startup Time": 22.803,
                            "Actual Total Time": 55.252,
                            "Actual Rows": 125284,
                            "Actual Loops": 2,
                            "Recheck Cond": "(company_id > 101095)",
                            "Rows Removed by Index Recheck": 0,
                            "Exact Heap Blocks": 3176,
                            "Lossy Heap Blocks": 0,
                            "Plans": [
                              {
                                "Node Type": "Bitmap Index Scan",
                                "Parent Relationship": "Outer",
                                "Parallel Aware": false,
                                "Index Name": "company_id_movie_companies",
                                "Startup Cost": 0.0,
                                "Total Cost": 5410.54,
                                "Plan Rows": 252548,
                                "Plan Width": 0,
                                "Actual Startup Time": 24.241,
                                "Actual Total Time": 24.241,
                                "Actual Rows": 250567,
                                "Actual Loops": 1,
                                "Index Cond": "(company_id > 101095)"
                              }
                            ]
                          }
                        ]
                      }
                    ]
                  },
                  {
                    "Node Type": "Index Scan",
                    "Parent Relationship": "Inner",
                    "Parallel Aware": false,
                    "Scan Direction": "Forward",
                    "Index Name": "movie_id_cast_info",
                    "Relation Name": "cast_info",
                    "Alias": "ci",
                    "Startup Cost": 0.56,
                    "Total Cost": 2.0,
                    "Plan Rows": 12,
                    "Plan Width": 4,
                    "Actual Startup Time": 0.005,
                    "Actual Total Time": 0.027,
                    "Actual Rows": 9,
                    "Actual Loops": 250567,
                    "Index Cond": "(movie_id = t.id)",
                    "Rows Removed by Index Recheck": 0,
                    "Filter": "((person_id > 90705) AND (role_id < 2))",
                    "Rows Removed by Filter": 17
                  }
                ]
              }
            ]
          }
        ]
      }
    ]
  },
  "Planning Time": 1.021,
  "Triggers": [],
  "Execution Time": 4106.435
}