[
  {
    "Plan": {
      "Node Type": "Aggregate",
      "Strategy": "Plain",
      "Partial Mode": "Finalize",
      "Parallel Aware": false,
      "Startup Cost": 46482.66,
      "Total Cost": 46482.67,
      "Plan Rows": 1,
      "Plan Width": 8,
      "Actual Startup Time": 107.765,
      "Actual Total Time": 121.568,
      "Actual Rows": 1,
      "Actual Loops": 1,
      "Plans": [
        {
          "Node Type": "Gather",
          "Parent Relationship": "Outer",
          "Parallel Aware": false,
          "Startup Cost": 46482.24,
          "Total Cost": 46482.65,
          "Plan Rows": 4,
          "Plan Width": 8,
          "Actual Startup Time": 107.443,
          "Actual Total Time": 121.553,
          "Actual Rows": 5,
          "Actual Loops": 1,
          "Workers Planned": 4,
          "Workers Launched": 4,
          "Single Copy": false,
          "Plans": [
            {
              "Node Type": "Aggregate",
              "Strategy": "Plain",
              "Partial Mode": "Partial",
              "Parent Relationship": "Outer",
              "Parallel Aware": false,
              "Startup Cost": 45482.24,
              "Total Cost": 45482.25,
              "Plan Rows": 1,
              "Plan Width": 8,
              "Actual Startup Time": 98.664,
              "Actual Total Time": 98.666,
              "Actual Rows": 1,
              "Actual Loops": 5,
              "Plans": [
                {
                  "Node Type": "Seq Scan",
                  "Parent Relationship": "Outer",
                  "Parallel Aware": true,
                  "Relation Name": "title",
                  "Alias": "t",
                  "Startup Cost": 0.0,
                  "Total Cost": 45479.59,
                  "Plan Rows": 1060,
                  "Plan Width": 0,
                  "Actual Startup Time": 4.257,
                  "Actual Total Time": 98.526,
                  "Actual Rows": 824,
                  "Actual Loops": 5,
                  "Filter": "((kind_id < 7) AND (production_year = 1960))",
                  "Rows Removed by Filter": 504838
                }
              ]
            }
          ]
        }
      ]
    },
    "Planning Time": 0.229,
    "Triggers": [],
    "Execution Time": 121.633
  }
]