{
  "Plan": {
    "Node Type": "Aggregate",
    "Strategy": "Plain",
    "Partial Mode": "Finalize",
    "Parallel Aware": false,
    "Startup Cost": 136595.73,
    "Total Cost": 136595.74,
    "Plan Rows": 1,
    "Plan Width": 8,
    "Actual Startup Time": 821.221,
    "Actual Total Time": 838.032,
    "Actual Rows": 1,
    "Actual Loops": 1,
    "Plans": [
      {
        "Node Type": "Gather",
        "Parent Relationship": "Outer",
        "Parallel Aware": false,
        "Startup Cost": 136595.62,
        "Total Cost": 136595.73,
        "Plan Rows": 1,
        "Plan Width": 8,
        "Actual Startup Time": 819.056,
        "Actual Total Time": 838.023,
        "Actual Rows": 2,
        "Actual Loops": 1,
        "Workers Planned": 1,
        "Workers Launched": 1,
        "Single Copy": false,
        "Plans": [
          {
            "Node Type": "Aggregate",
            "Strategy": "Plain",
            "Partial Mode": "Partial",
            "Parent Relationship": "Outer",
            "Parallel Aware": false,
            "Startup Cost": 135595.62,
            "Total Cost": 135595.63,
            "Plan Rows": 1,
            "Plan Width": 8,
            "Actual Startup Time": 813.051,
            "Actual Total Time": 813.055,
            "Actual Rows": 1,
            "Actual Loops": 2,
            "Plans": [
              {
                "Node Type": "Hash Join",
                "Parent Relationship": "Outer",
                "Parallel Aware": true,
                "Join Type": "Inner",
                "Startup Cost": 67634.49,
                "Total Cost": 132283.56,
                "Plan Rows": 1324826,
                "Plan Width": 0,
                "Actual Startup Time": 387.538,
                "Actual Total Time": 801.964,
                "Actual Rows": 281412,
                "Actual Loops": 2,
                "Inner Unique": true,
                "Hash Cond": "(mk.movie_id = t.id)",
                "Plans": [
                  {
                    "Node Type": "Seq Scan",
                    "Parent Relationship": "Outer",
                    "Parallel Aware": true,
                    "Relation Name": "movie_keyword",
                    "Alias": "mk",
                    "Startup Cost": 0.0,
                    "Total Cost": 57718.19,
                    "Plan Rows": 2640328,
                    "Plan Width": 4,
                    "Actual Startup Time": 0.019,
                    "Actual Total Time": 204.567,
                    "Actual Rows": 2244049,
                    "Actual Loops": 2,
                    "Filter": "(keyword_id < 106994)",
                    "Rows Removed by Filter": 17916
                  },
                  {
                    "Node Type": "Hash",
                    "Parent Relationship": "Inner",
                    "Parallel Aware": true,
                    "Startup Cost": 58306.47,
                    "Total Cost": 58306.47,
                    "Plan Rows": 746242,
                    "Plan Width": 4,
                    "Actual Startup Time": 375.114,
                    "Actual Total Time": 375.116,
                    "Actual Rows": 674442,
                    "Actual Loops": 2,
                    "Hash Buckets": 2097152,
                    "Original Hash Buckets": 2097152,
                    "Hash Batches": 1,
                    "Original Hash Batches": 1,
                    "Peak Memory Usage": 69184,
                    "Plans": [
                      {
                        "Node Type": "Seq Scan",
                        "Parent Relationship": "Outer",
                        "Parallel Aware": true,
                        "Relation Name": "title",
                        "Alias": "t",
                        "Startup Cost": 0.0,
                        "Total Cost": 58306.47,
                        "Plan Rows": 746242,
                        "Plan Width": 4,
                        "Actual Startup Time": 0.047,
                        "Actual Total Time": 169.957,
                        "Actual Rows": 674442,
                        "Actual Loops": 2,
                        "Filter": "((production_year > 1970) AND (kind_id = 7))",
                        "Rows Removed by Filter": 589714
                      }
                    ]
                  }
                ]
              }
            ]
          }
        ]
      }
    ]
  },
  "Planning Time": 0.49,
  "Triggers": [],
  "Execution Time": 838.081
}