[
  {
    "Plan": {
      "Node Type": "Aggregate",
      "Strategy": "Plain",
      "Partial Mode": "Simple",
      "Parallel Aware": false,
      "Startup Cost": 14827.6,
      "Total Cost": 14827.61,
      "Plan Rows": 1,
      "Plan Width": 8,
      "Actual Startup Time": 9.253,
      "Actual Total Time": 9.254,
      "Actual Rows": 1,
      "Actual Loops": 1,
      "Plans": [
        {
          "Node Type": "Bitmap Heap Scan",
          "Parent Relationship": "Outer",
          "Parallel Aware": false,
          "Relation Name": "movie_keyword",
          "Alias": "mk",
          "Startup Cost": 138.68,
          "Total Cost": 14811.39,
          "Plan Rows": 6484,
          "Plan Width": 0,
          "Actual Startup Time": 1.554,
          "Actual Total Time": 8.925,
          "Actual Rows": 5762,
          "Actual Loops": 1,
          "Recheck Cond": "(keyword_id = 750)",
          "Rows Removed by Index Recheck": 0,
          "Exact Heap Blocks": 4266,
          "Lossy Heap Blocks": 0,
          "Plans": [
            {
              "Node Type": "Bitmap Index Scan",
              "Parent Relationship": "Outer",
              "Parallel Aware": false,
              "Index Name": "keyword_id_movie_keyword",
              "Startup Cost": 0.0,
              "Total Cost": 137.06,
              "Plan Rows": 6484,
              "Plan Width": 0,
              "Actual Startup Time": 0.947,
              "Actual Total Time": 0.948,
              "Actual Rows": 5762,
              "Actual Loops": 1,
              "Index Cond": "(keyword_id = 750)"
            }
          ]
        }
      ]
    },
    "Planning Time": 0.088,
    "Triggers": [],
    "Execution Time": 9.282
  }
]