[
  {
    "Plan": {
      "Node Type": "Aggregate",
      "Strategy": "Plain",
      "Partial Mode": "Finalize",
      "Parallel Aware": false,
      "Startup Cost": 69612.2,
      "Total Cost": 69612.21,
      "Plan Rows": 1,
      "Plan Width": 8,
      "Actual Startup Time": 155.102,
      "Actual Total Time": 179.631,
      "Actual Rows": 1,
      "Actual Loops": 1,
      "Plans": [
        {
          "Node Type": "Gather",
          "Parent Relationship": "Outer",
          "Parallel Aware": false,
          "Startup Cost": 69611.78,
          "Total Cost": 69612.19,
          "Plan Rows": 4,
          "Plan Width": 8,
          "Actual Startup Time": 154.754,
          "Actual Total Time": 179.613,
          "Actual Rows": 5,
          "Actual Loops": 1,
          "Workers Planned": 4,
          "Workers Launched": 4,
          "Single Copy": false,
          "Plans": [
            {
              "Node Type": "Aggregate",
              "Strategy": "Plain",
              "Partial Mode": "Partial",
              "Parent Relationship": "Outer",
              "Parallel Aware": false,
              "Startup Cost": 68611.78,
              "Total Cost": 68611.79,
              "Plan Rows": 1,
              "Plan Width": 8,
              "Actual Startup Time": 147.223,
              "Actual Total Time": 147.227,
              "Actual Rows": 1,
              "Actual Loops": 5,
              "Plans": [
                {
                  "Node Type": "Nested Loop",
                  "Parent Relationship": "Outer",
                  "Parallel Aware": false,
                  "Join Type": "Inner",
                  "Startup Cost": 0.43,
                  "Total Cost": 68609.61,
                  "Plan Rows": 869,
                  "Plan Width": 0,
                  "Actual Startup Time": 78.391,
                  "Actual Total Time": 146.579,
                  "Actual Rows": 5930,
                  "Actual Loops": 5,
                  "Inner Unique": false,
                  "Plans": [
                    {
                      "Node Type": "Seq Scan",
                      "Parent Relationship": "Outer",
                      "Parallel Aware": true,
                      "Relation Name": "title",
                      "Alias": "t",
                      "Startup Cost": 0.0,
                      "Total Cost": 45479.59,
                      "Plan Rows": 148,
                      "Plan Width": 4,
                      "Actual Startup Time": 78.188,
                      "Actual Total Time": 117.68,
                      "Actual Rows": 524,
                      "Actual Loops": 5,
                      "Filter": "((kind_id < 7) AND (production_year = 1903))",
                      "Rows Removed by Filter": 505139
                    },
                    {
                      "Node Type": "Index Only Scan",
                      "Parent Relationship": "Inner",
                      "Parallel Aware": false,
                      "Scan Direction": "Forward",
                      "Index Name": "movie_id_movie_info",
                      "Relation Name": "movie_info",
                      "Alias": "mi",
                      "Startup Cost": 0.43,
                      "Total Cost": 155.87,
                      "Plan Rows": 41,
                      "Plan Width": 4,
                      "Actual Startup Time": 0.021,
                      "Actual Total Time": 0.053,
                      "Actual Rows": 11,
                      "Actual Loops": 2618,
                      "Index Cond": "(movie_id = t.id)",
                      "Rows Removed by Index Recheck": 0,
                      "Heap Fetches": 29650
                    }
                  ]
                }
              ]
            }
          ]
        }
      ]
    },
    "Planning Time": 0.3,
    "Triggers": [],
    "Execution Time": 179.683
  }
]