[
  {
    "Plan": {
      "Node Type": "Aggregate",
      "Strategy": "Plain",
      "Partial Mode": "Finalize",
      "Parallel Aware": false,
      "Startup Cost": 346310.55,
      "Total Cost": 346310.57,
      "Plan Rows": 1,
      "Plan Width": 8,
      "Actual Startup Time": 705.18,
      "Actual Total Time": 766.278,
      "Actual Rows": 1,
      "Actual Loops": 1,
      "Plans": [
        {
          "Node Type": "Gather",
          "Parent Relationship": "Outer",
          "Parallel Aware": false,
          "Startup Cost": 346309.93,
          "Total Cost": 346310.54,
          "Plan Rows": 6,
          "Plan Width": 8,
          "Actual Startup Time": 705.058,
          "Actual Total Time": 766.267,
          "Actual Rows": 7,
          "Actual Loops": 1,
          "Workers Planned": 6,
          "Workers Launched": 6,
          "Single Copy": false,
          "Plans": [
            {
              "Node Type": "Aggregate",
              "Strategy": "Plain",
              "Partial Mode": "Partial",
              "Parent Relationship": "Outer",
              "Parallel Aware": false,
              "Startup Cost": 345309.93,
              "Total Cost": 345309.94,
              "Plan Rows": 1,
              "Plan Width": 8,
              "Actual Startup Time": 695.331,
              "Actual Total Time": 695.35,
              "Actual Rows": 1,
              "Actual Loops": 7,
              "Plans": [
                {
                  "Node Type": "Seq Scan",
                  "Parent Relationship": "Outer",
                  "Parallel Aware": true,
                  "Relation Name": "cast_info",
                  "Alias": "ci",
                  "Startup Cost": 0.0,
                  "Total Cost": 343257.03,
                  "Plan Rows": 821160,
                  "Plan Width": 0,
                  "Actual Startup Time": 376.137,
                  "Actual Total Time": 672.978,
                  "Actual Rows": 435929,
                  "Actual Loops": 7,
                  "Filter": "((person_id < 1071159) AND (role_id > 2))",
                  "Rows Removed by Filter": 4741834
                }
              ]
            }
          ]
        }
      ]
    },
    "Planning Time": 0.221,
    "Triggers": [],
    "Execution Time": 766.35
  }
]