[
    {
        "Bao": {
            "Bao prediction": 494.582,
            "Bao recommended hint": "(no hint)"
        }
    },
    {
        "Plan": {
            "Node Type": "Aggregate",
            "Strategy": "Plain",
            "Partial Mode": "Finalize",
            "Parallel Aware": false,
            "Startup Cost": 335180.76,
            "Total Cost": 335180.77,
            "Plan Rows": 1,
            "Plan Width": 8,
            "Actual Startup Time": 891.107,
            "Actual Total Time": 922.315,
            "Actual Rows": 1,
            "Actual Loops": 1,
            "Output": [
                "count(*)"
            ],
            "Plans": [
                {
                    "Node Type": "Gather",
                    "Parent Relationship": "Outer",
                    "Parallel Aware": false,
                    "Startup Cost": 335180.13,
                    "Total Cost": 335180.74,
                    "Plan Rows": 6,
                    "Plan Width": 8,
                    "Actual Startup Time": 890.996,
                    "Actual Total Time": 922.303,
                    "Actual Rows": 7,
                    "Actual Loops": 1,
                    "Output": [
                        "(PARTIAL count(*))"
                    ],
                    "Workers Planned": 6,
                    "Workers Launched": 6,
                    "Single Copy": false,
                    "Plans": [
                        {
                            "Node Type": "Aggregate",
                            "Strategy": "Plain",
                            "Partial Mode": "Partial",
                            "Parent Relationship": "Outer",
                            "Parallel Aware": false,
                            "Startup Cost": 334180.13,
                            "Total Cost": 334180.14,
                            "Plan Rows": 1,
                            "Plan Width": 8,
                            "Actual Startup Time": 881.267,
                            "Actual Total Time": 881.268,
                            "Actual Rows": 1,
                            "Actual Loops": 7,
                            "Output": [
                                "PARTIAL count(*)"
                            ],
                            "Workers": [
                                {
                                    "Worker Number": 0,
                                    "Actual Startup Time": 881.0,
                                    "Actual Total Time": 881.001,
                                    "Actual Rows": 1,
                                    "Actual Loops": 1
                                },
                                {
                                    "Worker Number": 1,
                                    "Actual Startup Time": 880.617,
                                    "Actual Total Time": 880.618,
                                    "Actual Rows": 1,
                                    "Actual Loops": 1
                                },
                                {
                                    "Worker Number": 2,
                                    "Actual Startup Time": 880.41,
                                    "Actual Total Time": 880.411,
                                    "Actual Rows": 1,
                                    "Actual Loops": 1
                                },
                                {
                                    "Worker Number": 3,
                                    "Actual Startup Time": 879.945,
                                    "Actual Total Time": 879.947,
                                    "Actual Rows": 1,
                                    "Actual Loops": 1
                                },
                                {
                                    "Worker Number": 4,
                                    "Actual Startup Time": 879.66,
                                    "Actual Total Time": 879.661,
                                    "Actual Rows": 1,
                                    "Actual Loops": 1
                                },
                                {
                                    "Worker Number": 5,
                                    "Actual Startup Time": 879.351,
                                    "Actual Total Time": 879.351,
                                    "Actual Rows": 1,
                                    "Actual Loops": 1
                                }
                            ],
                            "Plans": [
                                {
                                    "Node Type": "Seq Scan",
                                    "Parent Relationship": "Outer",
                                    "Parallel Aware": true,
                                    "Relation Name": "cast_info",
                                    "Schema": "public",
                                    "Alias": "ci",
                                    "Startup Cost": 0.0,
                                    "Total Cost": 328213.62,
                                    "Plan Rows": 2386606,
                                    "Plan Width": 0,
                                    "Actual Startup Time": 310.254,
                                    "Actual Total Time": 746.606,
                                    "Actual Rows": 2059293,
                                    "Actual Loops": 7,
                                    "Output": [
                                        "id",
                                        "person_id",
                                        "movie_id",
                                        "person_role_id",
                                        "note",
                                        "nr_order",
                                        "role_id"
                                    ],
                                    "Filter": "(ci.person_id > 2219215)",
                                    "Rows Removed by Filter": 3118470,
                                    "Workers": [
                                        {
                                            "Worker Number": 0,
                                            "Actual Startup Time": 309.973,
                                            "Actual Total Time": 750.059,
                                            "Actual Rows": 1982340,
                                            "Actual Loops": 1
                                        },
                                        {
                                            "Worker Number": 1,
                                            "Actual Startup Time": 309.615,
                                            "Actual Total Time": 750.329,
                                            "Actual Rows": 1972381,
                                            "Actual Loops": 1
                                        },
                                        {
                                            "Worker Number": 2,
                                            "Actual Startup Time": 309.412,
                                            "Actual Total Time": 750.195,
                                            "Actual Rows": 1977227,
                                            "Actual Loops": 1
                                        },
                                        {
                                            "Worker Number": 3,
                                            "Actual Startup Time": 308.921,
                                            "Actual Total Time": 749.155,
                                            "Actual Rows": 1981991,
                                            "Actual Loops": 1
                                        },
                                        {
                                            "Worker Number": 4,
                                            "Actual Startup Time": 308.667,
                                            "Actual Total Time": 749.984,
                                            "Actual Rows": 1964324,
                                            "Actual Loops": 1
                                        },
                                        {
                                            "Worker Number": 5,
                                            "Actual Startup Time": 308.317,
                                            "Actual Total Time": 749.265,
                                            "Actual Rows": 1966593,
                                            "Actual Loops": 1
                                        }
                                    ]
                                }
                            ]
                        }
                    ]
                }
            ]
        },
        "Planning Time": 2239.591,
        "Triggers": [],
        "Execution Time": 922.413
    }
]