[
  {
    "Plan": {
      "Node Type": "Aggregate",
      "Strategy": "Plain",
      "Partial Mode": "Finalize",
      "Parallel Aware": false,
      "Startup Cost": 325812.27,
      "Total Cost": 325812.28,
      "Plan Rows": 1,
      "Plan Width": 8,
      "Actual Startup Time": 2415.797,
      "Actual Total Time": 2463.703,
      "Actual Rows": 1,
      "Actual Loops": 1,
      "Plans": [
        {
          "Node Type": "Gather",
          "Parent Relationship": "Outer",
          "Parallel Aware": false,
          "Startup Cost": 325811.75,
          "Total Cost": 325812.26,
          "Plan Rows": 5,
          "Plan Width": 8,
          "Actual Startup Time": 2391.076,
          "Actual Total Time": 2463.688,
          "Actual Rows": 6,
          "Actual Loops": 1,
          "Workers Planned": 5,
          "Workers Launched": 5,
          "Single Copy": false,
          "Plans": [
            {
              "Node Type": "Aggregate",
              "Strategy": "Plain",
              "Partial Mode": "Partial",
              "Parent Relationship": "Outer",
              "Parallel Aware": false,
              "Startup Cost": 324811.75,
              "Total Cost": 324811.76,
              "Plan Rows": 1,
              "Plan Width": 8,
              "Actual Startup Time": 2377.93,
              "Actual Total Time": 2378.579,
              "Actual Rows": 1,
              "Actual Loops": 6,
              "Plans": [
                {
                  "Node Type": "Hash Join",
                  "Parent Relationship": "Outer",
                  "Parallel Aware": true,
                  "Join Type": "Inner",
                  "Startup Cost": 107266.61,
                  "Total Cost": 319661.45,
                  "Plan Rows": 2060119,
                  "Plan Width": 0,
                  "Actual Startup Time": 631.246,
                  "Actual Total Time": 1992.228,
                  "Actual Rows": 7825257,
                  "Actual Loops": 6,
                  "Inner Unique": false,
                  "Hash Cond": "(mi.movie_id = t.id)",
                  "Plans": [
                    {
                      "Node Type": "Seq Scan",
                      "Parent Relationship": "Outer",
                      "Parallel Aware": true,
                      "Relation Name": "movie_info",
                      "Alias": "mi",
                      "Startup Cost": 0.0,
                      "Total Cost": 199108.24,
                      "Plan Rows": 1770951,
                      "Plan Width": 4,
                      "Actual Startup Time": 0.052,
                      "Actual Total Time": 387.864,
                      "Actual Rows": 1464430,
                      "Actual Loops": 6,
                      "Filter": "(info_type_id < 13)",
                      "Rows Removed by Filter": 1008190
                    },
                    {
                      "Node Type": "Hash",
                      "Parent Relationship": "Inner",
                      "Parallel Aware": true,
                      "Startup Cost": 95406.63,
                      "Total Cost": 95406.63,
                      "Plan Rows": 948798,
                      "Plan Width": 8,
                      "Actual Startup Time": 625.211,
                      "Actual Total Time": 625.857,
                      "Actual Rows": 490010,
                      "Actual Loops": 6,
                      "Hash Buckets": 4194304,
                      "Original Hash Buckets": 4194304,
                      "Hash Batches": 1,
                      "Original Hash Batches": 1,
                      "Peak Memory Usage": 147904,
                      "Plans": [
                        {
                          "Node Type": "Hash Join",
                          "Parent Relationship": "Outer",
                          "Parallel Aware": true,
                          "Join Type": "Inner",
                          "Startup Cost": 50220.38,
                          "Total Cost": 95406.63,
                          "Plan Rows": 948798,
                          "Plan Width": 8,
                          "Actual Startup Time": 286.709,
                          "Actual Total Time": 483.047,
                          "Actual Rows": 490010,
                          "Actual Loops": 6,
                          "Inner Unique": true,
                          "Hash Cond": "(mk.movie_id = t.id)",
                          "Plans": [
                            {
                              "Node Type": "Seq Scan",
                              "Parent Relationship": "Outer",
                              "Parallel Aware": true,
                              "Relation Name": "movie_keyword",
                              "Alias": "mk",
                              "Startup Cost": 0.0,
                              "Total Cost": 42695.65,
                              "Plan Rows": 948798,
                              "Plan Width": 4,
                              "Actual Startup Time": 0.135,
                              "Actual Total Time": 91.497,
                              "Actual Rows": 490010,
                              "Actual Loops": 6,
                              "Filter": "(keyword_id > 2409)",
                              "Rows Removed by Filter": 263979
                            },
                            {
                              "Node Type": "Hash",
                              "Parent Relationship": "Inner",
                              "Parallel Aware": true,
                              "Startup Cost": 42319.06,
                              "Total Cost": 42319.06,
                              "Plan Rows": 632106,
                              "Plan Width": 4,
                              "Actual Startup Time": 282.374,
                              "Actual Total Time": 282.376,
                              "Actual Rows": 421385,
                              "Actual Loops": 6,
                              "Hash Buckets": 4194304,
                              "Original Hash Buckets": 4194304,
                              "Hash Batches": 1,
                              "Original Hash Batches": 1,
                              "Peak Memory Usage": 131776,
                              "Plans": [
                                {
                                  "Node Type": "Seq Scan",
                                  "Parent Relationship": "Outer",
                                  "Parallel Aware": true,
                                  "Relation Name": "title",
                                  "Alias": "t",
                                  "Startup Cost": 0.0,
                                  "Total Cost": 42319.06,
                                  "Plan Rows": 632106,
                                  "Plan Width": 4,
                                  "Actual Startup Time": 0.055,
                                  "Actual Total Time": 83.908,
                                  "Actual Rows": 421385,
                                  "Actual Loops": 6
                                }
                              ]
                            }
                          ]
                        }
                      ]
                    }
                  ]
                }
              ]
            }
          ]
        }
      ]
    },
    "Planning Time": 0.461,
    "Triggers": [],
    "Execution Time": 2463.757
  }
]