[
    {
        "Bao": {
            "Bao prediction": 648.819,
            "Bao recommended hint": "(no hint)"
        }
    },
    {
        "Plan": {
            "Node Type": "Aggregate",
            "Strategy": "Plain",
            "Partial Mode": "Finalize",
            "Parallel Aware": false,
            "Startup Cost": 32340.93,
            "Total Cost": 32340.94,
            "Plan Rows": 1,
            "Plan Width": 8,
            "Actual Startup Time": 123.123,
            "Actual Total Time": 128.631,
            "Actual Rows": 1,
            "Actual Loops": 1,
            "Output": [
                "count(*)"
            ],
            "Plans": [
                {
                    "Node Type": "Gather",
                    "Parent Relationship": "Outer",
                    "Parallel Aware": false,
                    "Startup Cost": 32340.61,
                    "Total Cost": 32340.92,
                    "Plan Rows": 3,
                    "Plan Width": 8,
                    "Actual Startup Time": 122.804,
                    "Actual Total Time": 128.621,
                    "Actual Rows": 4,
                    "Actual Loops": 1,
                    "Output": [
                        "(PARTIAL count(*))"
                    ],
                    "Workers Planned": 3,
                    "Workers Launched": 3,
                    "Single Copy": false,
                    "Plans": [
                        {
                            "Node Type": "Aggregate",
                            "Strategy": "Plain",
                            "Partial Mode": "Partial",
                            "Parent Relationship": "Outer",
                            "Parallel Aware": false,
                            "Startup Cost": 31340.61,
                            "Total Cost": 31340.62,
                            "Plan Rows": 1,
                            "Plan Width": 8,
                            "Actual Startup Time": 114.615,
                            "Actual Total Time": 114.617,
                            "Actual Rows": 1,
                            "Actual Loops": 4,
                            "Output": [
                                "PARTIAL count(*)"
                            ],
                            "Workers": [
                                {
                                    "Worker Number": 0,
                                    "Actual Startup Time": 111.926,
                                    "Actual Total Time": 111.928,
                                    "Actual Rows": 1,
                                    "Actual Loops": 1
                                },
                                {
                                    "Worker Number": 1,
                                    "Actual Startup Time": 112.063,
                                    "Actual Total Time": 112.064,
                                    "Actual Rows": 1,
                                    "Actual Loops": 1
                                },
                                {
                                    "Worker Number": 2,
                                    "Actual Startup Time": 112.286,
                                    "Actual Total Time": 112.287,
                                    "Actual Rows": 1,
                                    "Actual Loops": 1
                                }
                            ],
                            "Plans": [
                                {
                                    "Node Type": "Bitmap Heap Scan",
                                    "Parent Relationship": "Outer",
                                    "Parallel Aware": true,
                                    "Relation Name": "movie_keyword",
                                    "Schema": "public",
                                    "Alias": "mk",
                                    "Startup Cost": 5608.13,
                                    "Total Cost": 31127.53,
                                    "Plan Rows": 85232,
                                    "Plan Width": 0,
                                    "Actual Startup Time": 43.394,
                                    "Actual Total Time": 109.605,
                                    "Actual Rows": 65657,
                                    "Actual Loops": 4,
                                    "Recheck Cond": "(mk.keyword_id > 59190)",
                                    "Rows Removed by Index Recheck": 0,
                                    "Exact Heap Blocks": 6920,
                                    "Lossy Heap Blocks": 0,
                                    "Workers": [
                                        {
                                            "Worker Number": 0,
                                            "Actual Startup Time": 40.735,
                                            "Actual Total Time": 107.347,
                                            "Actual Rows": 64821,
                                            "Actual Loops": 1
                                        },
                                        {
                                            "Worker Number": 1,
                                            "Actual Startup Time": 41.012,
                                            "Actual Total Time": 107.301,
                                            "Actual Rows": 49391,
                                            "Actual Loops": 1
                                        },
                                        {
                                            "Worker Number": 2,
                                            "Actual Startup Time": 41.092,
                                            "Actual Total Time": 107.726,
                                            "Actual Rows": 63691,
                                            "Actual Loops": 1
                                        }
                                    ],
                                    "Plans": [
                                        {
                                            "Node Type": "Bitmap Index Scan",
                                            "Parent Relationship": "Outer",
                                            "Parallel Aware": false,
                                            "Index Name": "keyword_id_movie_keyword",
                                            "Startup Cost": 0.0,
                                            "Total Cost": 5542.07,
                                            "Plan Rows": 264219,
                                            "Plan Width": 0,
                                            "Actual Startup Time": 45.773,
                                            "Actual Total Time": 45.773,
                                            "Actual Rows": 262627,
                                            "Actual Loops": 1,
                                            "Index Cond": "(mk.keyword_id > 59190)"
                                        }
                                    ]
                                }
                            ]
                        }
                    ]
                }
            ]
        },
        "Planning Time": 475.487,
        "Triggers": [],
        "Execution Time": 128.73
    }
]