{
  "Plan": {
    "Node Type": "Aggregate",
    "Strategy": "Plain",
    "Partial Mode": "Finalize",
    "Parallel Aware": false,
    "Startup Cost": 258371.48,
    "Total Cost": 258371.49,
    "Plan Rows": 1,
    "Plan Width": 8,
    "Actual Startup Time": 674.788,
    "Actual Total Time": 696.017,
    "Actual Rows": 1,
    "Actual Loops": 1,
    "Plans": [
      {
        "Node Type": "Gather",
        "Parent Relationship": "Outer",
        "Parallel Aware": false,
        "Startup Cost": 258371.36,
        "Total Cost": 258371.47,
        "Plan Rows": 1,
        "Plan Width": 8,
        "Actual Startup Time": 669.067,
        "Actual Total Time": 696.008,
        "Actual Rows": 2,
        "Actual Loops": 1,
        "Workers Planned": 1,
        "Workers Launched": 1,
        "Single Copy": false,
        "Plans": [
          {
            "Node Type": "Aggregate",
            "Strategy": "Plain",
            "Partial Mode": "Partial",
            "Parent Relationship": "Outer",
            "Parallel Aware": false,
            "Startup Cost": 257371.36,
            "Total Cost": 257371.37,
            "Plan Rows": 1,
            "Plan Width": 8,
            "Actual Startup Time": 655.156,
            "Actual Total Time": 655.162,
            "Actual Rows": 1,
            "Actual Loops": 2,
            "Plans": [
              {
                "Node Type": "Hash Join",
                "Parent Relationship": "Outer",
                "Parallel Aware": true,
                "Join Type": "Inner",
                "Startup Cost": 238144.73,
                "Total Cost": 257333.2,
                "Plan Rows": 15266,
                "Plan Width": 0,
                "Actual Startup Time": 572.694,
                "Actual Total Time": 653.215,
                "Actual Rows": 48772,
                "Actual Loops": 2,
                "Inner Unique": false,
                "Hash Cond": "(mi_idx.movie_id = t.id)",
                "Plans": [
                  {
                    "Node Type": "Seq Scan",
                    "Parent Relationship": "Outer",
                    "Parallel Aware": true,
                    "Relation Name": "movie_info_idx",
                    "Alias": "mi_idx",
                    "Startup Cost": 0.0,
                    "Total Cost": 18082.32,
                    "Plan Rows": 271028,
                    "Plan Width": 4,
                    "Actual Startup Time": 0.029,
                    "Actual Total Time": 49.346,
                    "Actual Rows": 229962,
                    "Actual Loops": 2,
                    "Filter": "(info_type_id = 101)",
                    "Rows Removed by Filter": 460055
                  },
                  {
                    "Node Type": "Hash",
                    "Parent Relationship": "Inner",
                    "Parallel Aware": true,
                    "Startup Cost": 237097.55,
                    "Total Cost": 237097.55,
                    "Plan Rows": 83774,
                    "Plan Width": 8,
                    "Actual Startup Time": 569.232,
                    "Actual Total Time": 569.237,
                    "Actual Rows": 70032,
                    "Actual Loops": 2,
                    "Hash Buckets": 262144,
                    "Original Hash Buckets": 262144,
                    "Hash Batches": 1,
                    "Original Hash Batches": 1,
                    "Peak Memory Usage": 7552,
                    "Plans": [
                      {
                        "Node Type": "Hash Join",
                        "Parent Relationship": "Outer",
                        "Parallel Aware": true,
                        "Join Type": "Inner",
                        "Startup Cost": 72044.86,
                        "Total Cost": 237097.55,
                        "Plan Rows": 83774,
                        "Plan Width": 8,
                        "Actual Startup Time": 521.057,
                        "Actual Total Time": 556.211,
                        "Actual Rows": 70032,
                        "Actual Loops": 2,
                        "Inner Unique": true,
                        "Hash Cond": "(mi.movie_id = t.id)",
                        "Plans": [
                          {
                            "Node Type": "Bitmap Heap Scan",
                            "Parent Relationship": "Outer",
                            "Parallel Aware": true,
                            "Relation Name": "movie_info",
                            "Alias": "mi",
                            "Startup Cost": 2584.16,
                            "Total Cost": 167416.95,
                            "Plan Rows": 83774,
                            "Plan Width": 4,
                            "Actual Startup Time": 7.228,
                            "Actual Total Time": 15.424,
                            "Actual Rows": 70032,
                            "Actual Loops": 2,
                            "Recheck Cond": "(info_type_id = 9)",
                            "Rows Removed by Index Recheck": 0,
                            "Exact Heap Blocks": 861,
                            "Lossy Heap Blocks": 0,
                            "Plans": [
                              {
                                "Node Type": "Bitmap Index Scan",
                                "Parent Relationship": "Outer",
                                "Parallel Aware": false,
                                "Index Name": "info_type_id_movie_info",
                                "Startup Cost": 0.0,
                                "Total Cost": 2548.55,
                                "Plan Rows": 142416,
                                "Plan Width": 0,
                                "Actual Startup Time": 7.057,
                                "Actual Total Time": 7.057,
                                "Actual Rows": 140065,
                                "Actual Loops": 1,
                                "Index Cond": "(info_type_id = 9)"
                              }
                            ]
                          },
                          {
                            "Node Type": "Hash",
                            "Parent Relationship": "Inner",
                            "Parallel Aware": true,
                            "Startup Cost": 50870.31,
                            "Total Cost": 50870.31,
                            "Plan Rows": 1487231,
                            "Plan Width": 4,
                            "Actual Startup Time": 493.954,
                            "Actual Total Time": 493.954,
                            "Actual Rows": 1264156,
                            "Actual Loops": 2,
                            "Hash Buckets": 4194304,
                            "Original Hash Buckets": 4194304,
                            "Hash Batches": 1,
                            "Original Hash Batches": 1,
                            "Peak Memory Usage": 131712,
                            "Plans": [
                              {
                                "Node Type": "Seq Scan",
                                "Parent Relationship": "Outer",
                                "Parallel Aware": true,
                                "Relation Name": "title",
                                "Alias": "t",
                                "Startup Cost": 0.0,
                                "Total Cost": 50870.31,
                                "Plan Rows": 1487231,
                                "Plan Width": 4,
                                "Actual Startup Time": 0.026,
                                "Actual Total Time": 151.633,
                                "Actual Rows": 1264156,
                                "Actual Loops": 2
                              }
                            ]
                          }
                        ]
                      }
                    ]
                  }
                ]
              }
            ]
          }
        ]
      }
    ]
  },
  "Planning Time": 0.7,
  "Triggers": [],
  "Execution Time": 696.119
}