[
    {
        "Bao": {
            "Bao prediction": "NaN",
            "Bao recommended hint": "(no hint)"
        }
    },
    {
        "Plan": {
            "Node Type": "Aggregate",
            "Strategy": "Plain",
            "Partial Mode": "Finalize",
            "Parallel Aware": false,
            "Startup Cost": 392737.91,
            "Total Cost": 392737.92,
            "Plan Rows": 1,
            "Plan Width": 8,
            "Actual Startup Time": 2127.136,
            "Actual Total Time": 2159.241,
            "Actual Rows": 1,
            "Actual Loops": 1,
            "Output": [
                "count(*)"
            ],
            "Plans": [
                {
                    "Node Type": "Gather",
                    "Parent Relationship": "Outer",
                    "Parallel Aware": false,
                    "Startup Cost": 392737.28,
                    "Total Cost": 392737.89,
                    "Plan Rows": 6,
                    "Plan Width": 8,
                    "Actual Startup Time": 2122.278,
                    "Actual Total Time": 2159.23,
                    "Actual Rows": 7,
                    "Actual Loops": 1,
                    "Output": [
                        "(PARTIAL count(*))"
                    ],
                    "Workers Planned": 6,
                    "Workers Launched": 6,
                    "Single Copy": false,
                    "Plans": [
                        {
                            "Node Type": "Aggregate",
                            "Strategy": "Plain",
                            "Partial Mode": "Partial",
                            "Parent Relationship": "Outer",
                            "Parallel Aware": false,
                            "Startup Cost": 391737.28,
                            "Total Cost": 391737.29,
                            "Plan Rows": 1,
                            "Plan Width": 8,
                            "Actual Startup Time": 2110.785,
                            "Actual Total Time": 2110.789,
                            "Actual Rows": 1,
                            "Actual Loops": 7,
                            "Output": [
                                "PARTIAL count(*)"
                            ],
                            "Workers": [
                                {
                                    "Worker Number": 0,
                                    "Actual Startup Time": 2108.875,
                                    "Actual Total Time": 2108.879,
                                    "Actual Rows": 1,
                                    "Actual Loops": 1
                                },
                                {
                                    "Worker Number": 1,
                                    "Actual Startup Time": 2105.863,
                                    "Actual Total Time": 2105.866,
                                    "Actual Rows": 1,
                                    "Actual Loops": 1
                                },
                                {
                                    "Worker Number": 2,
                                    "Actual Startup Time": 2106.463,
                                    "Actual Total Time": 2106.466,
                                    "Actual Rows": 1,
                                    "Actual Loops": 1
                                },
                                {
                                    "Worker Number": 3,
                                    "Actual Startup Time": 2110.568,
                                    "Actual Total Time": 2110.571,
                                    "Actual Rows": 1,
                                    "Actual Loops": 1
                                },
                                {
                                    "Worker Number": 4,
                                    "Actual Startup Time": 2110.999,
                                    "Actual Total Time": 2111.003,
                                    "Actual Rows": 1,
                                    "Actual Loops": 1
                                },
                                {
                                    "Worker Number": 5,
                                    "Actual Startup Time": 2111.312,
                                    "Actual Total Time": 2111.317,
                                    "Actual Rows": 1,
                                    "Actual Loops": 1
                                }
                            ],
                            "Plans": [
                                {
                                    "Node Type": "Hash Join",
                                    "Parent Relationship": "Outer",
                                    "Parallel Aware": true,
                                    "Join Type": "Inner",
                                    "Startup Cost": 45996.98,
                                    "Total Cost": 388199.62,
                                    "Plan Rows": 1415065,
                                    "Plan Width": 0,
                                    "Actual Startup Time": 186.813,
                                    "Actual Total Time": 2029.282,
                                    "Actual Rows": 1299345,
                                    "Actual Loops": 7,
                                    "Inner Unique": true,
                                    "Hash Cond": "(ci.movie_id = t.id)",
                                    "Workers": [
                                        {
                                            "Worker Number": 0,
                                            "Actual Startup Time": 185.015,
                                            "Actual Total Time": 2027.663,
                                            "Actual Rows": 1239140,
                                            "Actual Loops": 1
                                        },
                                        {
                                            "Worker Number": 1,
                                            "Actual Startup Time": 181.902,
                                            "Actual Total Time": 2024.33,
                                            "Actual Rows": 1261750,
                                            "Actual Loops": 1
                                        },
                                        {
                                            "Worker Number": 2,
                                            "Actual Startup Time": 182.116,
                                            "Actual Total Time": 2022.332,
                                            "Actual Rows": 1146582,
                                            "Actual Loops": 1
                                        },
                                        {
                                            "Worker Number": 3,
                                            "Actual Startup Time": 186.66,
                                            "Actual Total Time": 2026.614,
                                            "Actual Rows": 1224837,
                                            "Actual Loops": 1
                                        },
                                        {
                                            "Worker Number": 4,
                                            "Actual Startup Time": 187.085,
                                            "Actual Total Time": 2029.206,
                                            "Actual Rows": 1208625,
                                            "Actual Loops": 1
                                        },
                                        {
                                            "Worker Number": 5,
                                            "Actual Startup Time": 187.407,
                                            "Actual Total Time": 2028.818,
                                            "Actual Rows": 1125944,
                                            "Actual Loops": 1
                                        }
                                    ],
                                    "Plans": [
                                        {
                                            "Node Type": "Seq Scan",
                                            "Parent Relationship": "Outer",
                                            "Parallel Aware": true,
                                            "Relation Name": "cast_info",
                                            "Schema": "public",
                                            "Alias": "ci",
                                            "Startup Cost": 0.0,
                                            "Total Cost": 328213.62,
                                            "Plan Rows": 5329142,
                                            "Plan Width": 4,
                                            "Actual Startup Time": 51.138,
                                            "Actual Total Time": 732.685,
                                            "Actual Rows": 4559392,
                                            "Actual Loops": 7,
                                            "Output": [
                                                "ci.id",
                                                "ci.person_id",
                                                "ci.movie_id",
                                                "ci.person_role_id",
                                                "ci.note",
                                                "ci.nr_order",
                                                "ci.role_id"
                                            ],
                                            "Filter": "(ci.person_id > 417505)",
                                            "Rows Removed by Filter": 618372,
                                            "Workers": [
                                                {
                                                    "Worker Number": 0,
                                                    "Actual Startup Time": 51.183,
                                                    "Actual Total Time": 734.236,
                                                    "Actual Rows": 4284771,
                                                    "Actual Loops": 1
                                                },
                                                {
                                                    "Worker Number": 1,
                                                    "Actual Startup Time": 51.063,
                                                    "Actual Total Time": 729.202,
                                                    "Actual Rows": 4387457,
                                                    "Actual Loops": 1
                                                },
                                                {
                                                    "Worker Number": 2,
                                                    "Actual Startup Time": 51.155,
                                                    "Actual Total Time": 747.262,
                                                    "Actual Rows": 4020751,
                                                    "Actual Loops": 1
                                                },
                                                {
                                                    "Worker Number": 3,
                                                    "Actual Startup Time": 51.158,
                                                    "Actual Total Time": 773.543,
                                                    "Actual Rows": 4354103,
                                                    "Actual Loops": 1
                                                },
                                                {
                                                    "Worker Number": 4,
                                                    "Actual Startup Time": 51.077,
                                                    "Actual Total Time": 732.666,
                                                    "Actual Rows": 4235938,
                                                    "Actual Loops": 1
                                                },
                                                {
                                                    "Worker Number": 5,
                                                    "Actual Startup Time": 51.173,
                                                    "Actual Total Time": 738.272,
                                                    "Actual Rows": 3948676,
                                                    "Actual Loops": 1
                                                }
                                            ]
                                        },
                                        {
                                            "Node Type": "Hash",
                                            "Parent Relationship": "Inner",
                                            "Parallel Aware": true,
                                            "Startup Cost": 43899.01,
                                            "Total Cost": 43899.01,
                                            "Plan Rows": 167838,
                                            "Plan Width": 4,
                                            "Actual Startup Time": 132.677,
                                            "Actual Total Time": 132.678,
                                            "Actual Rows": 94689,
                                            "Actual Loops": 7,
                                            "Output": [
                                                "t.id"
                                            ],
                                            "Hash Buckets": 1048576,
                                            "Original Hash Buckets": 1048576,
                                            "Hash Batches": 1,
                                            "Original Hash Batches": 1,
                                            "Peak Memory Usage": 34272,
                                            "Workers": [
                                                {
                                                    "Worker Number": 0,
                                                    "Actual Startup Time": 132.903,
                                                    "Actual Total Time": 132.904,
                                                    "Actual Rows": 97804,
                                                    "Actual Loops": 1
                                                },
                                                {
                                                    "Worker Number": 1,
                                                    "Actual Startup Time": 129.518,
                                                    "Actual Total Time": 129.519,
                                                    "Actual Rows": 65363,
                                                    "Actual Loops": 1
                                                },
                                                {
                                                    "Worker Number": 2,
                                                    "Actual Startup Time": 129.559,
                                                    "Actual Total Time": 129.56,
                                                    "Actual Rows": 58899,
                                                    "Actual Loops": 1
                                                },
                                                {
                                                    "Worker Number": 3,
                                                    "Actual Startup Time": 134.717,
                                                    "Actual Total Time": 134.718,
                                                    "Actual Rows": 94125,
                                                    "Actual Loops": 1
                                                },
                                                {
                                                    "Worker Number": 4,
                                                    "Actual Startup Time": 135.003,
                                                    "Actual Total Time": 135.004,
                                                    "Actual Rows": 97910,
                                                    "Actual Loops": 1
                                                },
                                                {
                                                    "Worker Number": 5,
                                                    "Actual Startup Time": 135.477,
                                                    "Actual Total Time": 135.479,
                                                    "Actual Rows": 96541,
                                                    "Actual Loops": 1
                                                }
                                            ],
                                            "Plans": [
                                                {
                                                    "Node Type": "Seq Scan",
                                                    "Parent Relationship": "Outer",
                                                    "Parallel Aware": true,
                                                    "Relation Name": "title",
                                                    "Schema": "public",
                                                    "Alias": "t",
                                                    "Startup Cost": 0.0,
                                                    "Total Cost": 43899.01,
                                                    "Plan Rows": 167838,
                                                    "Plan Width": 4,
                                                    "Actual Startup Time": 42.55,
                                                    "Actual Total Time": 87.296,
                                                    "Actual Rows": 94689,
                                                    "Actual Loops": 7,
                                                    "Output": [
                                                        "t.id"
                                                    ],
                                                    "Filter": "(t.kind_id = 1)",
                                                    "Rows Removed by Filter": 266498,
                                                    "Workers": [
                                                        {
                                                            "Worker Number": 0,
                                                            "Actual Startup Time": 49.273,
                                                            "Actual Total Time": 87.987,
                                                            "Actual Rows": 97804,
                                                            "Actual Loops": 1
                                                        },
                                                        {
                                                            "Worker Number": 1,
                                                            "Actual Startup Time": 47.407,
                                                            "Actual Total Time": 88.544,
                                                            "Actual Rows": 65363,
                                                            "Actual Loops": 1
                                                        },
                                                        {
                                                            "Worker Number": 2,
                                                            "Actual Startup Time": 47.277,
                                                            "Actual Total Time": 88.791,
                                                            "Actual Rows": 58899,
                                                            "Actual Loops": 1
                                                        },
                                                        {
                                                            "Worker Number": 3,
                                                            "Actual Startup Time": 5.61,
                                                            "Actual Total Time": 88.284,
                                                            "Actual Rows": 94125,
                                                            "Actual Loops": 1
                                                        },
                                                        {
                                                            "Worker Number": 4,
                                                            "Actual Startup Time": 49.821,
                                                            "Actual Total Time": 87.804,
                                                            "Actual Rows": 97910,
                                                            "Actual Loops": 1
                                                        },
                                                        {
                                                            "Worker Number": 5,
                                                            "Actual Startup Time": 49.16,
                                                            "Actual Total Time": 87.643,
                                                            "Actual Rows": 96541,
                                                            "Actual Loops": 1
                                                        }
                                                    ]
                                                }
                                            ]
                                        }
                                    ]
                                }
                            ]
                        }
                    ]
                }
            ]
        },
        "Planning Time": 204.562,
        "Triggers": [],
        "Execution Time": 2159.342
    }
]