{
  "Plan": {
    "Node Type": "Aggregate",
    "Strategy": "Plain",
    "Partial Mode": "Finalize",
    "Parallel Aware": false,
    "Startup Cost": 152042.99,
    "Total Cost": 152043.0,
    "Plan Rows": 1,
    "Plan Width": 8,
    "Actual Startup Time": 213.957,
    "Actual Total Time": 226.524,
    "Actual Rows": 1,
    "Actual Loops": 1,
    "Plans": [
      {
        "Node Type": "Gather",
        "Parent Relationship": "Outer",
        "Parallel Aware": false,
        "Startup Cost": 152042.88,
        "Total Cost": 152042.99,
        "Plan Rows": 1,
        "Plan Width": 8,
        "Actual Startup Time": 212.974,
        "Actual Total Time": 226.516,
        "Actual Rows": 2,
        "Actual Loops": 1,
        "Workers Planned": 1,
        "Workers Launched": 1,
        "Single Copy": false,
        "Plans": [
          {
            "Node Type": "Aggregate",
            "Strategy": "Plain",
            "Partial Mode": "Partial",
            "Parent Relationship": "Outer",
            "Parallel Aware": false,
            "Startup Cost": 151042.88,
            "Total Cost": 151042.89,
            "Plan Rows": 1,
            "Plan Width": 8,
            "Actual Startup Time": 206.995,
            "Actual Total Time": 206.999,
            "Actual Rows": 1,
            "Actual Loops": 2,
            "Plans": [
              {
                "Node Type": "Hash Join",
                "Parent Relationship": "Outer",
                "Parallel Aware": true,
                "Join Type": "Inner",
                "Startup Cost": 60725.48,
                "Total Cost": 151037.65,
                "Plan Rows": 2093,
                "Plan Width": 0,
                "Actual Startup Time": 193.344,
                "Actual Total Time": 206.768,
                "Actual Rows": 4676,
                "Actual Loops": 2,
                "Inner Unique": true,
                "Hash Cond": "(mi.movie_id = t.id)",
                "Plans": [
                  {
                    "Node Type": "Bitmap Heap Scan",
                    "Parent Relationship": "Outer",
                    "Parallel Aware": true,
                    "Relation Name": "movie_info",
                    "Alias": "mi",
                    "Startup Cost": 698.33,
                    "Total Cost": 90951.14,
                    "Plan Rows": 22611,
                    "Plan Width": 4,
                    "Actual Startup Time": 3.92,
                    "Actual Total Time": 12.471,
                    "Actual Rows": 18492,
                    "Actual Loops": 2,
                    "Recheck Cond": "(info_type_id = 104)",
                    "Rows Removed by Index Recheck": 0,
                    "Exact Heap Blocks": 3032,
                    "Lossy Heap Blocks": 0,
                    "Plans": [
                      {
                        "Node Type": "Bitmap Index Scan",
                        "Parent Relationship": "Outer",
                        "Parallel Aware": false,
                        "Index Name": "info_type_id_movie_info",
                        "Startup Cost": 0.0,
                        "Total Cost": 688.72,
                        "Plan Rows": 38438,
                        "Plan Width": 0,
                        "Actual Startup Time": 3.241,
                        "Actual Total Time": 3.241,
                        "Actual Rows": 36985,
                        "Actual Loops": 1,
                        "Index Cond": "(info_type_id = 104)"
                      }
                    ]
                  },
                  {
                    "Node Type": "Hash",
                    "Parent Relationship": "Inner",
                    "Parallel Aware": true,
                    "Startup Cost": 58306.47,
                    "Total Cost": 58306.47,
                    "Plan Rows": 137655,
                    "Plan Width": 4,
                    "Actual Startup Time": 185.96,
                    "Actual Total Time": 185.961,
                    "Actual Rows": 174822,
                    "Actual Loops": 2,
                    "Hash Buckets": 524288,
                    "Original Hash Buckets": 262144,
                    "Hash Batches": 1,
                    "Original Hash Batches": 1,
                    "Peak Memory Usage": 19872,
                    "Plans": [
                      {
                        "Node Type": "Seq Scan",
                        "Parent Relationship": "Outer",
                        "Parallel Aware": true,
                        "Relation Name": "title",
                        "Alias": "t",
                        "Startup Cost": 0.0,
                        "Total Cost": 58306.47,
                        "Plan Rows": 137655,
                        "Plan Width": 4,
                        "Actual Startup Time": 0.089,
                        "Actual Total Time": 144.683,
                        "Actual Rows": 174822,
                        "Actual Loops": 2,
                        "Filter": "((kind_id < 7) AND (production_year < 1986))",
                        "Rows Removed by Filter": 1089334
                      }
                    ]
                  }
                ]
              }
            ]
          }
        ]
      }
    ]
  },
  "Planning Time": 0.623,
  "Triggers": [],
  "Execution Time": 226.612
}