[
  {
    "Plan": {
      "Node Type": "Aggregate",
      "Strategy": "Plain",
      "Partial Mode": "Finalize",
      "Parallel Aware": false,
      "Startup Cost": 81189.97,
      "Total Cost": 81189.98,
      "Plan Rows": 1,
      "Plan Width": 8,
      "Actual Startup Time": 390.771,
      "Actual Total Time": 409.009,
      "Actual Rows": 1,
      "Actual Loops": 1,
      "Plans": [
        {
          "Node Type": "Gather",
          "Parent Relationship": "Outer",
          "Parallel Aware": false,
          "Startup Cost": 81189.55,
          "Total Cost": 81189.96,
          "Plan Rows": 4,
          "Plan Width": 8,
          "Actual Startup Time": 388.225,
          "Actual Total Time": 408.998,
          "Actual Rows": 5,
          "Actual Loops": 1,
          "Workers Planned": 4,
          "Workers Launched": 4,
          "Single Copy": false,
          "Plans": [
            {
              "Node Type": "Aggregate",
              "Strategy": "Plain",
              "Partial Mode": "Partial",
              "Parent Relationship": "Outer",
              "Parallel Aware": false,
              "Startup Cost": 80189.55,
              "Total Cost": 80189.56,
              "Plan Rows": 1,
              "Plan Width": 8,
              "Actual Startup Time": 377.907,
              "Actual Total Time": 377.91,
              "Actual Rows": 1,
              "Actual Loops": 5,
              "Plans": [
                {
                  "Node Type": "Hash Join",
                  "Parent Relationship": "Outer",
                  "Parallel Aware": true,
                  "Join Type": "Inner",
                  "Startup Cost": 33847.02,
                  "Total Cost": 79812.56,
                  "Plan Rows": 150797,
                  "Plan Width": 0,
                  "Actual Startup Time": 143.054,
                  "Actual Total Time": 369.694,
                  "Actual Rows": 175989,
                  "Actual Loops": 5,
                  "Inner Unique": false,
                  "Hash Cond": "(t.id = mc.movie_id)",
                  "Plans": [
                    {
                      "Node Type": "Seq Scan",
                      "Parent Relationship": "Outer",
                      "Parallel Aware": true,
                      "Relation Name": "title",
                      "Alias": "t",
                      "Startup Cost": 0.0,
                      "Total Cost": 42318.73,
                      "Plan Rows": 632073,
                      "Plan Width": 4,
                      "Actual Startup Time": 0.012,
                      "Actual Total Time": 64.825,
                      "Actual Rows": 505662,
                      "Actual Loops": 5
                    },
                    {
                      "Node Type": "Hash",
                      "Parent Relationship": "Inner",
                      "Parallel Aware": true,
                      "Startup Cost": 31414.82,
                      "Total Cost": 31414.82,
                      "Plan Rows": 194576,
                      "Plan Width": 4,
                      "Actual Startup Time": 139.011,
                      "Actual Total Time": 139.012,
                      "Actual Rows": 175989,
                      "Actual Loops": 5,
                      "Hash Buckets": 1048576,
                      "Original Hash Buckets": 1048576,
                      "Hash Batches": 1,
                      "Original Hash Batches": 1,
                      "Peak Memory Usage": 42752,
                      "Plans": [
                        {
                          "Node Type": "Seq Scan",
                          "Parent Relationship": "Outer",
                          "Parallel Aware": true,
                          "Relation Name": "movie_companies",
                          "Alias": "mc",
                          "Startup Cost": 0.0,
                          "Total Cost": 31414.82,
                          "Plan Rows": 194576,
                          "Plan Width": 4,
                          "Actual Startup Time": 46.569,
                          "Actual Total Time": 80.342,
                          "Actual Rows": 175989,
                          "Actual Loops": 5,
                          "Filter": "((company_id > 12481) AND (company_type_id = 2))",
                          "Rows Removed by Filter": 345837
                        }
                      ]
                    }
                  ]
                }
              ]
            }
          ]
        }
      ]
    },
    "Planning Time": 0.746,
    "Triggers": [],
    "Execution Time": 409.079
  }
]