[
  {
    "Plan": {
      "Node Type": "Aggregate",
      "Strategy": "Plain",
      "Partial Mode": "Finalize",
      "Parallel Aware": false,
      "Startup Cost": 339238.74,
      "Total Cost": 339238.75,
      "Plan Rows": 1,
      "Plan Width": 8,
      "Actual Startup Time": 155.224,
      "Actual Total Time": 178.603,
      "Actual Rows": 1,
      "Actual Loops": 1,
      "Plans": [
        {
          "Node Type": "Gather",
          "Parent Relationship": "Outer",
          "Parallel Aware": false,
          "Startup Cost": 339238.32,
          "Total Cost": 339238.73,
          "Plan Rows": 4,
          "Plan Width": 8,
          "Actual Startup Time": 155.026,
          "Actual Total Time": 178.595,
          "Actual Rows": 5,
          "Actual Loops": 1,
          "Workers Planned": 4,
          "Workers Launched": 4,
          "Single Copy": false,
          "Plans": [
            {
              "Node Type": "Aggregate",
              "Strategy": "Plain",
              "Partial Mode": "Partial",
              "Parent Relationship": "Outer",
              "Parallel Aware": false,
              "Startup Cost": 338238.32,
              "Total Cost": 338238.33,
              "Plan Rows": 1,
              "Plan Width": 8,
              "Actual Startup Time": 148.749,
              "Actual Total Time": 148.751,
              "Actual Rows": 1,
              "Actual Loops": 5,
              "Plans": [
                {
                  "Node Type": "Nested Loop",
                  "Parent Relationship": "Outer",
                  "Parallel Aware": false,
                  "Join Type": "Inner",
                  "Startup Cost": 0.56,
                  "Total Cost": 338132.37,
                  "Plan Rows": 42379,
                  "Plan Width": 0,
                  "Actual Startup Time": 57.622,
                  "Actual Total Time": 148.406,
                  "Actual Rows": 3383,
                  "Actual Loops": 5,
                  "Inner Unique": false,
                  "Plans": [
                    {
                      "Node Type": "Seq Scan",
                      "Parent Relationship": "Outer",
                      "Parallel Aware": true,
                      "Relation Name": "title",
                      "Alias": "t",
                      "Startup Cost": 0.0,
                      "Total Cost": 43899.32,
                      "Plan Rows": 8436,
                      "Plan Width": 4,
                      "Actual Startup Time": 52.533,
                      "Actual Total Time": 81.978,
                      "Actual Rows": 7010,
                      "Actual Loops": 5,
                      "Filter": "(production_year < 1912)",
                      "Rows Removed by Filter": 498652
                    },
                    {
                      "Node Type": "Index Scan",
                      "Parent Relationship": "Inner",
                      "Parallel Aware": false,
                      "Scan Direction": "Forward",
                      "Index Name": "movie_id_cast_info",
                      "Relation Name": "cast_info",
                      "Alias": "ci",
                      "Startup Cost": 0.56,
                      "Total Cost": 34.76,
                      "Plan Rows": 12,
                      "Plan Width": 4,
                      "Actual Startup Time": 0.007,
                      "Actual Total Time": 0.009,
                      "Actual Rows": 0,
                      "Actual Loops": 35050,
                      "Index Cond": "(movie_id = t.id)",
                      "Rows Removed by Index Recheck": 0,
                      "Filter": "(role_id < 2)",
                      "Rows Removed by Filter": 1
                    }
                  ]
                }
              ]
            }
          ]
        }
      ]
    },
    "Planning Time": 0.284,
    "Triggers": [],
    "Execution Time": 178.654
  }
]