[
    {
        "Bao": {
            "Bao prediction": "NaN",
            "Bao recommended hint": "(no hint)"
        }
    },
    {
        "Plan": {
            "Node Type": "Aggregate",
            "Strategy": "Plain",
            "Partial Mode": "Finalize",
            "Parallel Aware": false,
            "Startup Cost": 303976.9,
            "Total Cost": 303976.91,
            "Plan Rows": 1,
            "Plan Width": 8,
            "Actual Startup Time": 1581.677,
            "Actual Total Time": 1607.613,
            "Actual Rows": 1,
            "Actual Loops": 1,
            "Output": [
                "count(*)"
            ],
            "Plans": [
                {
                    "Node Type": "Gather",
                    "Parent Relationship": "Outer",
                    "Parallel Aware": false,
                    "Startup Cost": 303976.38,
                    "Total Cost": 303976.89,
                    "Plan Rows": 5,
                    "Plan Width": 8,
                    "Actual Startup Time": 1574.065,
                    "Actual Total Time": 1607.601,
                    "Actual Rows": 6,
                    "Actual Loops": 1,
                    "Output": [
                        "(PARTIAL count(*))"
                    ],
                    "Workers Planned": 5,
                    "Workers Launched": 5,
                    "Single Copy": false,
                    "Plans": [
                        {
                            "Node Type": "Aggregate",
                            "Strategy": "Plain",
                            "Partial Mode": "Partial",
                            "Parent Relationship": "Outer",
                            "Parallel Aware": false,
                            "Startup Cost": 302976.38,
                            "Total Cost": 302976.39,
                            "Plan Rows": 1,
                            "Plan Width": 8,
                            "Actual Startup Time": 1564.315,
                            "Actual Total Time": 1564.633,
                            "Actual Rows": 1,
                            "Actual Loops": 6,
                            "Output": [
                                "PARTIAL count(*)"
                            ],
                            "Workers": [
                                {
                                    "Worker Number": 0,
                                    "Actual Startup Time": 1562.612,
                                    "Actual Total Time": 1562.616,
                                    "Actual Rows": 1,
                                    "Actual Loops": 1
                                },
                                {
                                    "Worker Number": 1,
                                    "Actual Startup Time": 1561.88,
                                    "Actual Total Time": 1561.886,
                                    "Actual Rows": 1,
                                    "Actual Loops": 1
                                },
                                {
                                    "Worker Number": 2,
                                    "Actual Startup Time": 1562.167,
                                    "Actual Total Time": 1562.173,
                                    "Actual Rows": 1,
                                    "Actual Loops": 1
                                },
                                {
                                    "Worker Number": 3,
                                    "Actual Startup Time": 1562.727,
                                    "Actual Total Time": 1562.733,
                                    "Actual Rows": 1,
                                    "Actual Loops": 1
                                },
                                {
                                    "Worker Number": 4,
                                    "Actual Startup Time": 1563.036,
                                    "Actual Total Time": 1563.04,
                                    "Actual Rows": 1,
                                    "Actual Loops": 1
                                }
                            ],
                            "Plans": [
                                {
                                    "Node Type": "Hash Join",
                                    "Parent Relationship": "Outer",
                                    "Parallel Aware": true,
                                    "Join Type": "Inner",
                                    "Startup Cost": 95230.8,
                                    "Total Cost": 300716.4,
                                    "Plan Rows": 903991,
                                    "Plan Width": 0,
                                    "Actual Startup Time": 352.643,
                                    "Actual Total Time": 1341.717,
                                    "Actual Rows": 5284104,
                                    "Actual Loops": 6,
                                    "Inner Unique": false,
                                    "Hash Cond": "(mi.movie_id = t.id)",
                                    "Workers": [
                                        {
                                            "Worker Number": 0,
                                            "Actual Startup Time": 350.092,
                                            "Actual Total Time": 1342.607,
                                            "Actual Rows": 5681102,
                                            "Actual Loops": 1
                                        },
                                        {
                                            "Worker Number": 1,
                                            "Actual Startup Time": 350.365,
                                            "Actual Total Time": 1342.353,
                                            "Actual Rows": 5670806,
                                            "Actual Loops": 1
                                        },
                                        {
                                            "Worker Number": 2,
                                            "Actual Startup Time": 350.676,
                                            "Actual Total Time": 1331.803,
                                            "Actual Rows": 3669456,
                                            "Actual Loops": 1
                                        },
                                        {
                                            "Worker Number": 3,
                                            "Actual Startup Time": 351.289,
                                            "Actual Total Time": 1347.808,
                                            "Actual Rows": 5440734,
                                            "Actual Loops": 1
                                        },
                                        {
                                            "Worker Number": 4,
                                            "Actual Startup Time": 351.474,
                                            "Actual Total Time": 1346.89,
                                            "Actual Rows": 5508386,
                                            "Actual Loops": 1
                                        }
                                    ],
                                    "Plans": [
                                        {
                                            "Node Type": "Seq Scan",
                                            "Parent Relationship": "Outer",
                                            "Parallel Aware": true,
                                            "Relation Name": "movie_info",
                                            "Schema": "public",
                                            "Alias": "mi",
                                            "Startup Cost": 0.0,
                                            "Total Cost": 191503.19,
                                            "Plan Rows": 2951019,
                                            "Plan Width": 4,
                                            "Actual Startup Time": 0.025,
                                            "Actual Total Time": 270.768,
                                            "Actual Rows": 2472620,
                                            "Actual Loops": 6,
                                            "Output": [
                                                "mi.id",
                                                "mi.movie_id",
                                                "mi.info_type_id",
                                                "mi.info",
                                                "mi.note"
                                            ],
                                            "Workers": [
                                                {
                                                    "Worker Number": 0,
                                                    "Actual Startup Time": 0.029,
                                                    "Actual Total Time": 284.198,
                                                    "Actual Rows": 2635162,
                                                    "Actual Loops": 1
                                                },
                                                {
                                                    "Worker Number": 1,
                                                    "Actual Startup Time": 0.025,
                                                    "Actual Total Time": 284.498,
                                                    "Actual Rows": 2618783,
                                                    "Actual Loops": 1
                                                },
                                                {
                                                    "Worker Number": 2,
                                                    "Actual Startup Time": 0.034,
                                                    "Actual Total Time": 282.423,
                                                    "Actual Rows": 1703241,
                                                    "Actual Loops": 1
                                                },
                                                {
                                                    "Worker Number": 3,
                                                    "Actual Startup Time": 0.026,
                                                    "Actual Total Time": 272.608,
                                                    "Actual Rows": 2488966,
                                                    "Actual Loops": 1
                                                },
                                                {
                                                    "Worker Number": 4,
                                                    "Actual Startup Time": 0.024,
                                                    "Actual Total Time": 271.098,
                                                    "Actual Rows": 2496293,
                                                    "Actual Loops": 1
                                                }
                                            ]
                                        },
                                        {
                                            "Node Type": "Hash",
                                            "Parent Relationship": "Inner",
                                            "Parallel Aware": true,
                                            "Startup Cost": 92107.8,
                                            "Total Cost": 92107.8,
                                            "Plan Rows": 249840,
                                            "Plan Width": 8,
                                            "Actual Startup Time": 348.593,
                                            "Actual Total Time": 348.91,
                                            "Actual Rows": 102221,
                                            "Actual Loops": 6,
                                            "Output": [
                                                "t.id",
                                                "mk.movie_id"
                                            ],
                                            "Hash Buckets": 1048576,
                                            "Original Hash Buckets": 1048576,
                                            "Hash Batches": 1,
                                            "Original Hash Batches": 1,
                                            "Peak Memory Usage": 32320,
                                            "Workers": [
                                                {
                                                    "Worker Number": 0,
                                                    "Actual Startup Time": 348.793,
                                                    "Actual Total Time": 348.796,
                                                    "Actual Rows": 111836,
                                                    "Actual Loops": 1
                                                },
                                                {
                                                    "Worker Number": 1,
                                                    "Actual Startup Time": 348.956,
                                                    "Actual Total Time": 348.96,
                                                    "Actual Rows": 111323,
                                                    "Actual Loops": 1
                                                },
                                                {
                                                    "Worker Number": 2,
                                                    "Actual Startup Time": 349.351,
                                                    "Actual Total Time": 349.355,
                                                    "Actual Rows": 73368,
                                                    "Actual Loops": 1
                                                },
                                                {
                                                    "Worker Number": 3,
                                                    "Actual Startup Time": 350.013,
                                                    "Actual Total Time": 350.017,
                                                    "Actual Rows": 101498,
                                                    "Actual Loops": 1
                                                },
                                                {
                                                    "Worker Number": 4,
                                                    "Actual Startup Time": 350.264,
                                                    "Actual Total Time": 350.267,
                                                    "Actual Rows": 103100,
                                                    "Actual Loops": 1
                                                }
                                            ],
                                            "Plans": [
                                                {
                                                    "Node Type": "Hash Join",
                                                    "Parent Relationship": "Outer",
                                                    "Parallel Aware": true,
                                                    "Join Type": "Inner",
                                                    "Startup Cost": 48210.23,
                                                    "Total Cost": 92107.8,
                                                    "Plan Rows": 249840,
                                                    "Plan Width": 8,
                                                    "Actual Startup Time": 193.087,
                                                    "Actual Total Time": 312.615,
                                                    "Actual Rows": 102221,
                                                    "Actual Loops": 6,
                                                    "Output": [
                                                        "t.id",
                                                        "mk.movie_id"
                                                    ],
                                                    "Inner Unique": true,
                                                    "Hash Cond": "(mk.movie_id = t.id)",
                                                    "Workers": [
                                                        {
                                                            "Worker Number": 0,
                                                            "Actual Startup Time": 193.058,
                                                            "Actual Total Time": 312.45,
                                                            "Actual Rows": 111836,
                                                            "Actual Loops": 1
                                                        },
                                                        {
                                                            "Worker Number": 1,
                                                            "Actual Startup Time": 193.063,
                                                            "Actual Total Time": 313.006,
                                                            "Actual Rows": 111323,
                                                            "Actual Loops": 1
                                                        },
                                                        {
                                                            "Worker Number": 2,
                                                            "Actual Startup Time": 193.084,
                                                            "Actual Total Time": 312.772,
                                                            "Actual Rows": 73368,
                                                            "Actual Loops": 1
                                                        },
                                                        {
                                                            "Worker Number": 3,
                                                            "Actual Startup Time": 193.07,
                                                            "Actual Total Time": 312.483,
                                                            "Actual Rows": 101498,
                                                            "Actual Loops": 1
                                                        },
                                                        {
                                                            "Worker Number": 4,
                                                            "Actual Startup Time": 193.058,
                                                            "Actual Total Time": 311.549,
                                                            "Actual Rows": 103100,
                                                            "Actual Loops": 1
                                                        }
                                                    ],
                                                    "Plans": [
                                                        {
                                                            "Node Type": "Seq Scan",
                                                            "Parent Relationship": "Outer",
                                                            "Parallel Aware": true,
                                                            "Relation Name": "movie_keyword",
                                                            "Schema": "public",
                                                            "Alias": "mk",
                                                            "Startup Cost": 0.0,
                                                            "Total Cost": 42695.65,
                                                            "Plan Rows": 457872,
                                                            "Plan Width": 4,
                                                            "Actual Startup Time": 0.016,
                                                            "Actual Total Time": 71.907,
                                                            "Actual Rows": 236972,
                                                            "Actual Loops": 6,
                                                            "Output": [
                                                                "mk.id",
                                                                "mk.movie_id",
                                                                "mk.keyword_id"
                                                            ],
                                                            "Filter": "(mk.keyword_id < 1957)",
                                                            "Rows Removed by Filter": 517016,
                                                            "Workers": [
                                                                {
                                                                    "Worker Number": 0,
                                                                    "Actual Startup Time": 0.014,
                                                                    "Actual Total Time": 72.398,
                                                                    "Actual Rows": 259079,
                                                                    "Actual Loops": 1
                                                                },
                                                                {
                                                                    "Worker Number": 1,
                                                                    "Actual Startup Time": 0.014,
                                                                    "Actual Total Time": 72.162,
                                                                    "Actual Rows": 257051,
                                                                    "Actual Loops": 1
                                                                },
                                                                {
                                                                    "Worker Number": 2,
                                                                    "Actual Startup Time": 0.026,
                                                                    "Actual Total Time": 75.099,
                                                                    "Actual Rows": 171268,
                                                                    "Actual Loops": 1
                                                                },
                                                                {
                                                                    "Worker Number": 3,
                                                                    "Actual Startup Time": 0.015,
                                                                    "Actual Total Time": 72.264,
                                                                    "Actual Rows": 239747,
                                                                    "Actual Loops": 1
                                                                },
                                                                {
                                                                    "Worker Number": 4,
                                                                    "Actual Startup Time": 0.021,
                                                                    "Actual Total Time": 71.512,
                                                                    "Actual Rows": 237263,
                                                                    "Actual Loops": 1
                                                                }
                                                            ]
                                                        },
                                                        {
                                                            "Node Type": "Hash",
                                                            "Parent Relationship": "Inner",
                                                            "Parallel Aware": true,
                                                            "Startup Cost": 43899.01,
                                                            "Total Cost": 43899.01,
                                                            "Plan Rows": 344898,
                                                            "Plan Width": 4,
                                                            "Actual Startup Time": 190.125,
                                                            "Actual Total Time": 190.127,
                                                            "Actual Rows": 230242,
                                                            "Actual Loops": 6,
                                                            "Output": [
                                                                "t.id"
                                                            ],
                                                            "Hash Buckets": 2097152,
                                                            "Original Hash Buckets": 2097152,
                                                            "Hash Batches": 1,
                                                            "Original Hash Batches": 1,
                                                            "Peak Memory Usage": 70528,
                                                            "Workers": [
                                                                {
                                                                    "Worker Number": 0,
                                                                    "Actual Startup Time": 192.983,
                                                                    "Actual Total Time": 192.984,
                                                                    "Actual Rows": 218485,
                                                                    "Actual Loops": 1
                                                                },
                                                                {
                                                                    "Worker Number": 1,
                                                                    "Actual Startup Time": 192.97,
                                                                    "Actual Total Time": 192.971,
                                                                    "Actual Rows": 237730,
                                                                    "Actual Loops": 1
                                                                },
                                                                {
                                                                    "Worker Number": 2,
                                                                    "Actual Startup Time": 192.961,
                                                                    "Actual Total Time": 192.962,
                                                                    "Actual Rows": 173628,
                                                                    "Actual Loops": 1
                                                                },
                                                                {
                                                                    "Worker Number": 3,
                                                                    "Actual Startup Time": 192.972,
                                                                    "Actual Total Time": 192.973,
                                                                    "Actual Rows": 208485,
                                                                    "Actual Loops": 1
                                                                },
                                                                {
                                                                    "Worker Number": 4,
                                                                    "Actual Startup Time": 192.924,
                                                                    "Actual Total Time": 192.925,
                                                                    "Actual Rows": 208091,
                                                                    "Actual Loops": 1
                                                                }
                                                            ],
                                                            "Plans": [
                                                                {
                                                                    "Node Type": "Seq Scan",
                                                                    "Parent Relationship": "Outer",
                                                                    "Parallel Aware": true,
                                                                    "Relation Name": "title",
                                                                    "Schema": "public",
                                                                    "Alias": "t",
                                                                    "Startup Cost": 0.0,
                                                                    "Total Cost": 43899.01,
                                                                    "Plan Rows": 344898,
                                                                    "Plan Width": 4,
                                                                    "Actual Startup Time": 0.048,
                                                                    "Actual Total Time": 84.162,
                                                                    "Actual Rows": 230242,
                                                                    "Actual Loops": 6,
                                                                    "Output": [
                                                                        "t.id"
                                                                    ],
                                                                    "Filter": "(t.production_year > 2000)",
                                                                    "Rows Removed by Filter": 191143,
                                                                    "Workers": [
                                                                        {
                                                                            "Worker Number": 0,
                                                                            "Actual Startup Time": 0.06,
                                                                            "Actual Total Time": 87.037,
                                                                            "Actual Rows": 218485,
                                                                            "Actual Loops": 1
                                                                        },
                                                                        {
                                                                            "Worker Number": 1,
                                                                            "Actual Startup Time": 0.062,
                                                                            "Actual Total Time": 84.974,
                                                                            "Actual Rows": 237730,
                                                                            "Actual Loops": 1
                                                                        },
                                                                        {
                                                                            "Worker Number": 2,
                                                                            "Actual Startup Time": 0.04,
                                                                            "Actual Total Time": 90.98,
                                                                            "Actual Rows": 173628,
                                                                            "Actual Loops": 1
                                                                        },
                                                                        {
                                                                            "Worker Number": 3,
                                                                            "Actual Startup Time": 0.049,
                                                                            "Actual Total Time": 84.26,
                                                                            "Actual Rows": 208485,
                                                                            "Actual Loops": 1
                                                                        },
                                                                        {
                                                                            "Worker Number": 4,
                                                                            "Actual Startup Time": 0.061,
                                                                            "Actual Total Time": 84.975,
                                                                            "Actual Rows": 208091,
                                                                            "Actual Loops": 1
                                                                        }
                                                                    ]
                                                                }
                                                            ]
                                                        }
                                                    ]
                                                }
                                            ]
                                        }
                                    ]
                                }
                            ]
                        }
                    ]
                }
            ]
        },
        "Planning Time": 257.575,
        "Triggers": [],
        "Execution Time": 1607.697
    }
]