[
  {
    "Plan": {
      "Node Type": "Aggregate",
      "Strategy": "Plain",
      "Partial Mode": "Finalize",
      "Parallel Aware": false,
      "Startup Cost": 78744.26,
      "Total Cost": 78744.27,
      "Plan Rows": 1,
      "Plan Width": 8,
      "Actual Startup Time": 262.939,
      "Actual Total Time": 271.198,
      "Actual Rows": 1,
      "Actual Loops": 1,
      "Plans": [
        {
          "Node Type": "Gather",
          "Parent Relationship": "Outer",
          "Parallel Aware": false,
          "Startup Cost": 78743.84,
          "Total Cost": 78744.25,
          "Plan Rows": 4,
          "Plan Width": 8,
          "Actual Startup Time": 260.54,
          "Actual Total Time": 271.189,
          "Actual Rows": 5,
          "Actual Loops": 1,
          "Workers Planned": 4,
          "Workers Launched": 4,
          "Single Copy": false,
          "Plans": [
            {
              "Node Type": "Aggregate",
              "Strategy": "Plain",
              "Partial Mode": "Partial",
              "Parent Relationship": "Outer",
              "Parallel Aware": false,
              "Startup Cost": 77743.84,
              "Total Cost": 77743.85,
              "Plan Rows": 1,
              "Plan Width": 8,
              "Actual Startup Time": 253.487,
              "Actual Total Time": 253.49,
              "Actual Rows": 1,
              "Actual Loops": 5,
              "Plans": [
                {
                  "Node Type": "Hash Join",
                  "Parent Relationship": "Outer",
                  "Parallel Aware": true,
                  "Join Type": "Inner",
                  "Startup Cost": 31490.72,
                  "Total Cost": 77405.93,
                  "Plan Rows": 135162,
                  "Plan Width": 0,
                  "Actual Startup Time": 90.183,
                  "Actual Total Time": 248.544,
                  "Actual Rows": 108254,
                  "Actual Loops": 5,
                  "Inner Unique": false,
                  "Hash Cond": "(t.id = mc.movie_id)",
                  "Plans": [
                    {
                      "Node Type": "Seq Scan",
                      "Parent Relationship": "Outer",
                      "Parallel Aware": true,
                      "Relation Name": "title",
                      "Alias": "t",
                      "Startup Cost": 0.0,
                      "Total Cost": 42318.81,
                      "Plan Rows": 632080,
                      "Plan Width": 4,
                      "Actual Startup Time": 0.009,
                      "Actual Total Time": 55.57,
                      "Actual Rows": 505662,
                      "Actual Loops": 5
                    },
                    {
                      "Node Type": "Hash",
                      "Parent Relationship": "Inner",
                      "Parallel Aware": true,
                      "Startup Cost": 29310.68,
                      "Total Cost": 29310.68,
                      "Plan Rows": 174403,
                      "Plan Width": 4,
                      "Actual Startup Time": 88.039,
                      "Actual Total Time": 88.04,
                      "Actual Rows": 108254,
                      "Actual Loops": 5,
                      "Hash Buckets": 1048576,
                      "Original Hash Buckets": 1048576,
                      "Hash Batches": 1,
                      "Original Hash Batches": 1,
                      "Peak Memory Usage": 29472,
                      "Plans": [
                        {
                          "Node Type": "Seq Scan",
                          "Parent Relationship": "Outer",
                          "Parallel Aware": true,
                          "Relation Name": "movie_companies",
                          "Alias": "mc",
                          "Startup Cost": 0.0,
                          "Total Cost": 29310.68,
                          "Plan Rows": 174403,
                          "Plan Width": 4,
                          "Actual Startup Time": 33.315,
                          "Actual Total Time": 59.242,
                          "Actual Rows": 108254,
                          "Actual Loops": 5,
                          "Filter": "(company_id > 72142)",
                          "Rows Removed by Filter": 413571
                        }
                      ]
                    }
                  ]
                }
              ]
            }
          ]
        }
      ]
    },
    "Planning Time": 0.166,
    "Triggers": [],
    "Execution Time": 271.224
  }
]