{
  "Plan": {
    "Node Type": "Aggregate",
    "Strategy": "Plain",
    "Partial Mode": "Finalize",
    "Parallel Aware": false,
    "Startup Cost": 419147.11,
    "Total Cost": 419147.12,
    "Plan Rows": 1,
    "Plan Width": 8,
    "Actual Startup Time": 1066.183,
    "Actual Total Time": 1082.513,
    "Actual Rows": 1,
    "Actual Loops": 1,
    "Plans": [
      {
        "Node Type": "Gather",
        "Parent Relationship": "Outer",
        "Parallel Aware": false,
        "Startup Cost": 419147.0,
        "Total Cost": 419147.11,
        "Plan Rows": 1,
        "Plan Width": 8,
        "Actual Startup Time": 1064.606,
        "Actual Total Time": 1082.507,
        "Actual Rows": 2,
        "Actual Loops": 1,
        "Workers Planned": 1,
        "Workers Launched": 1,
        "Single Copy": false,
        "Plans": [
          {
            "Node Type": "Aggregate",
            "Strategy": "Plain",
            "Partial Mode": "Partial",
            "Parent Relationship": "Outer",
            "Parallel Aware": false,
            "Startup Cost": 418147.0,
            "Total Cost": 418147.01,
            "Plan Rows": 1,
            "Plan Width": 8,
            "Actual Startup Time": 1058.394,
            "Actual Total Time": 1058.399,
            "Actual Rows": 1,
            "Actual Loops": 2,
            "Plans": [
              {
                "Node Type": "Hash Join",
                "Parent Relationship": "Outer",
                "Parallel Aware": true,
                "Join Type": "Inner",
                "Startup Cost": 134342.7,
                "Total Cost": 416303.73,
                "Plan Rows": 737307,
                "Plan Width": 0,
                "Actual Startup Time": 424.515,
                "Actual Total Time": 1041.782,
                "Actual Rows": 388577,
                "Actual Loops": 2,
                "Inner Unique": true,
                "Hash Cond": "(ci.movie_id = t.id)",
                "Plans": [
                  {
                    "Node Type": "Bitmap Heap Scan",
                    "Parent Relationship": "Outer",
                    "Parallel Aware": true,
                    "Relation Name": "cast_info",
                    "Alias": "ci",
                    "Startup Cost": 72672.41,
                    "Total Cost": 349552.82,
                    "Plan Rows": 1935472,
                    "Plan Width": 4,
                    "Actual Startup Time": 138.085,
                    "Actual Total Time": 316.382,
                    "Actual Rows": 1584244,
                    "Actual Loops": 2,
                    "Recheck Cond": "(person_id > 3478320)",
                    "Rows Removed by Index Recheck": 0,
                    "Exact Heap Blocks": 24319,
                    "Lossy Heap Blocks": 0,
                    "Plans": [
                      {
                        "Node Type": "Bitmap Index Scan",
                        "Parent Relationship": "Outer",
                        "Parallel Aware": false,
                        "Index Name": "person_id_cast_info",
                        "Startup Cost": 0.0,
                        "Total Cost": 71849.84,
                        "Plan Rows": 3290303,
                        "Plan Width": 0,
                        "Actual Startup Time": 130.79,
                        "Actual Total Time": 130.79,
                        "Actual Rows": 3168487,
                        "Actual Loops": 1,
                        "Index Cond": "(person_id > 3478320)"
                      }
                    ]
                  },
                  {
                    "Node Type": "Hash",
                    "Parent Relationship": "Inner",
                    "Parallel Aware": true,
                    "Startup Cost": 54588.39,
                    "Total Cost": 54588.39,
                    "Plan Rows": 566552,
                    "Plan Width": 4,
                    "Actual Startup Time": 277.328,
                    "Actual Total Time": 277.329,
                    "Actual Rows": 485594,
                    "Actual Loops": 2,
                    "Hash Buckets": 1048576,
                    "Original Hash Buckets": 1048576,
                    "Hash Batches": 1,
                    "Original Hash Batches": 1,
                    "Peak Memory Usage": 46240,
                    "Plans": [
                      {
                        "Node Type": "Seq Scan",
                        "Parent Relationship": "Outer",
                        "Parallel Aware": true,
                        "Relation Name": "title",
                        "Alias": "t",
                        "Startup Cost": 0.0,
                        "Total Cost": 54588.39,
                        "Plan Rows": 566552,
                        "Plan Width": 4,
                        "Actual Startup Time": 0.039,
                        "Actual Total Time": 154.651,
                        "Actual Rows": 485594,
                        "Actual Loops": 2,
                        "Filter": "(production_year < 1999)",
                        "Rows Removed by Filter": 778562
                      }
                    ]
                  }
                ]
              }
            ]
          }
        ]
      }
    ]
  },
  "Planning Time": 0.699,
  "Triggers": [],
  "Execution Time": 1082.608
}