{
  "Plan": {
    "Node Type": "Aggregate",
    "Strategy": "Plain",
    "Partial Mode": "Finalize",
    "Parallel Aware": false,
    "Startup Cost": 537815.34,
    "Total Cost": 537815.35,
    "Plan Rows": 1,
    "Plan Width": 8,
    "Actual Startup Time": 9569.034,
    "Actual Total Time": 9624.381,
    "Actual Rows": 1,
    "Actual Loops": 1,
    "Plans": [
      {
        "Node Type": "Gather",
        "Parent Relationship": "Outer",
        "Parallel Aware": false,
        "Startup Cost": 537815.23,
        "Total Cost": 537815.34,
        "Plan Rows": 1,
        "Plan Width": 8,
        "Actual Startup Time": 9556.579,
        "Actual Total Time": 9624.373,
        "Actual Rows": 2,
        "Actual Loops": 1,
        "Workers Planned": 1,
        "Workers Launched": 1,
        "Single Copy": false,
        "Plans": [
          {
            "Node Type": "Aggregate",
            "Strategy": "Plain",
            "Partial Mode": "Partial",
            "Parent Relationship": "Outer",
            "Parallel Aware": false,
            "Startup Cost": 536815.23,
            "Total Cost": 536815.24,
            "Plan Rows": 1,
            "Plan Width": 8,
            "Actual Startup Time": 9535.874,
            "Actual Total Time": 9535.88,
            "Actual Rows": 1,
            "Actual Loops": 2,
            "Plans": [
              {
                "Node Type": "Hash Join",
                "Parent Relationship": "Outer",
                "Parallel Aware": true,
                "Join Type": "Inner",
                "Startup Cost": 393589.58,
                "Total Cost": 516273.45,
                "Plan Rows": 8216711,
                "Plan Width": 0,
                "Actual Startup Time": 3743.084,
                "Actual Total Time": 7500.686,
                "Actual Rows": 51632204,
                "Actual Loops": 2,
                "Inner Unique": false,
                "Hash Cond": "(mk.movie_id = t.id)",
                "Plans": [
                  {
                    "Node Type": "Seq Scan",
                    "Parent Relationship": "Outer",
                    "Parallel Aware": true,
                    "Relation Name": "movie_keyword",
                    "Alias": "mk",
                    "Startup Cost": 0.0,
                    "Total Cost": 51065.35,
                    "Plan Rows": 2661135,
                    "Plan Width": 4,
                    "Actual Startup Time": 0.024,
                    "Actual Total Time": 163.013,
                    "Actual Rows": 2261965,
                    "Actual Loops": 2
                  },
                  {
                    "Node Type": "Hash",
                    "Parent Relationship": "Inner",
                    "Parallel Aware": true,
                    "Startup Cost": 336188.57,
                    "Total Cost": 336188.57,
                    "Plan Rows": 4592081,
                    "Plan Width": 8,
                    "Actual Startup Time": 3709.49,
                    "Actual Total Time": 3709.494,
                    "Actual Rows": 3331371,
                    "Actual Loops": 2,
                    "Hash Buckets": 8388608,
                    "Original Hash Buckets": 8388608,
                    "Hash Batches": 1,
                    "Original Hash Batches": 1,
                    "Peak Memory Usage": 326208,
                    "Plans": [
                      {
                        "Node Type": "Hash Join",
                        "Parent Relationship": "Outer",
                        "Parallel Aware": true,
                        "Join Type": "Inner",
                        "Startup Cost": 64405.08,
                        "Total Cost": 336188.57,
                        "Plan Rows": 4592081,
                        "Plan Width": 8,
                        "Actual Startup Time": 337.779,
                        "Actual Total Time": 2780.24,
                        "Actual Rows": 3331371,
                        "Actual Loops": 2,
                        "Inner Unique": true,
                        "Hash Cond": "(mi.movie_id = t.id)",
                        "Plans": [
                          {
                            "Node Type": "Seq Scan",
                            "Parent Relationship": "Outer",
                            "Parallel Aware": true,
                            "Relation Name": "movie_info",
                            "Alias": "mi",
                            "Startup Cost": 0.0,
                            "Total Cost": 248955.74,
                            "Plan Rows": 8696274,
                            "Plan Width": 4,
                            "Actual Startup Time": 0.011,
                            "Actual Total Time": 651.993,
                            "Actual Rows": 7417860,
                            "Actual Loops": 2
                          },
                          {
                            "Node Type": "Hash",
                            "Parent Relationship": "Inner",
                            "Parallel Aware": true,
                            "Startup Cost": 54588.39,
                            "Total Cost": 54588.39,
                            "Plan Rows": 785335,
                            "Plan Width": 4,
                            "Actual Startup Time": 330.76,
                            "Actual Total Time": 330.761,
                            "Actual Rows": 661432,
                            "Actual Loops": 2,
                            "Hash Buckets": 2097152,
                            "Original Hash Buckets": 2097152,
                            "Hash Batches": 1,
                            "Original Hash Batches": 1,
                            "Peak Memory Usage": 68160,
                            "Plans": [
                              {
                                "Node Type": "Seq Scan",
                                "Parent Relationship": "Outer",
                                "Parallel Aware": true,
                                "Relation Name": "title",
                                "Alias": "t",
                                "Startup Cost": 0.0,
                                "Total Cost": 54588.39,
                                "Plan Rows": 785335,
                                "Plan Width": 4,
                                "Actual Startup Time": 0.039,
                                "Actual Total Time": 162.939,
                                "Actual Rows": 661432,
                                "Actual Loops": 2,
                                "Filter": "(production_year > 2001)",
                                "Rows Removed by Filter": 602724
                              }
                            ]
                          }
                        ]
                      }
                    ]
                  }
                ]
              }
            ]
          }
        ]
      }
    ]
  },
  "Planning Time": 1.073,
  "Triggers": [],
  "Execution Time": 9624.467
}