[
  {
    "Plan": {
      "Node Type": "Aggregate",
      "Strategy": "Plain",
      "Partial Mode": "Finalize",
      "Parallel Aware": false,
      "Startup Cost": 303892.28,
      "Total Cost": 303892.29,
      "Plan Rows": 1,
      "Plan Width": 8,
      "Actual Startup Time": 1802.407,
      "Actual Total Time": 1831.007,
      "Actual Rows": 1,
      "Actual Loops": 1,
      "Plans": [
        {
          "Node Type": "Gather",
          "Parent Relationship": "Outer",
          "Parallel Aware": false,
          "Startup Cost": 303891.76,
          "Total Cost": 303892.27,
          "Plan Rows": 5,
          "Plan Width": 8,
          "Actual Startup Time": 1776.186,
          "Actual Total Time": 1830.987,
          "Actual Rows": 6,
          "Actual Loops": 1,
          "Workers Planned": 5,
          "Workers Launched": 5,
          "Single Copy": false,
          "Plans": [
            {
              "Node Type": "Aggregate",
              "Strategy": "Plain",
              "Partial Mode": "Partial",
              "Parent Relationship": "Outer",
              "Parallel Aware": false,
              "Startup Cost": 302891.76,
              "Total Cost": 302891.77,
              "Plan Rows": 1,
              "Plan Width": 8,
              "Actual Startup Time": 1768.873,
              "Actual Total Time": 1768.98,
              "Actual Rows": 1,
              "Actual Loops": 6,
              "Plans": [
                {
                  "Node Type": "Hash Join",
                  "Parent Relationship": "Outer",
                  "Parallel Aware": true,
                  "Join Type": "Inner",
                  "Startup Cost": 95665.01,
                  "Total Cost": 300858.32,
                  "Plan Rows": 813377,
                  "Plan Width": 0,
                  "Actual Startup Time": 459.949,
                  "Actual Total Time": 1528.251,
                  "Actual Rows": 4602162,
                  "Actual Loops": 6,
                  "Inner Unique": false,
                  "Hash Cond": "(mi.movie_id = t.id)",
                  "Plans": [
                    {
                      "Node Type": "Seq Scan",
                      "Parent Relationship": "Outer",
                      "Parallel Aware": true,
                      "Relation Name": "movie_info",
                      "Alias": "mi",
                      "Startup Cost": 0.0,
                      "Total Cost": 191503.19,
                      "Plan Rows": 2951019,
                      "Plan Width": 4,
                      "Actual Startup Time": 0.022,
                      "Actual Total Time": 289.866,
                      "Actual Rows": 2472620,
                      "Actual Loops": 6
                    },
                    {
                      "Node Type": "Hash",
                      "Parent Relationship": "Inner",
                      "Parallel Aware": true,
                      "Startup Cost": 92855.04,
                      "Total Cost": 92855.04,
                      "Plan Rows": 224797,
                      "Plan Width": 8,
                      "Actual Startup Time": 457.471,
                      "Actual Total Time": 457.577,
                      "Actual Rows": 116579,
                      "Actual Loops": 6,
                      "Hash Buckets": 1048576,
                      "Original Hash Buckets": 1048576,
                      "Hash Batches": 1,
                      "Original Hash Batches": 1,
                      "Peak Memory Usage": 35680,
                      "Plans": [
                        {
                          "Node Type": "Hash Join",
                          "Parent Relationship": "Outer",
                          "Parallel Aware": true,
                          "Join Type": "Inner",
                          "Startup Cost": 65000.99,
                          "Total Cost": 92855.04,
                          "Plan Rows": 224797,
                          "Plan Width": 8,
                          "Actual Startup Time": 307.394,
                          "Actual Total Time": 410.921,
                          "Actual Rows": 116579,
                          "Actual Loops": 6,
                          "Inner Unique": true,
                          "Hash Cond": "(mk.movie_id = t.id)",
                          "Plans": [
                            {
                              "Node Type": "Bitmap Heap Scan",
                              "Parent Relationship": "Outer",
                              "Parallel Aware": true,
                              "Relation Name": "movie_keyword",
                              "Alias": "mk",
                              "Startup Cost": 14781.18,
                              "Total Cost": 42045.15,
                              "Plan Rows": 224797,
                              "Plan Width": 4,
                              "Actual Startup Time": 49.06,
                              "Actual Total Time": 101.709,
                              "Actual Rows": 116579,
                              "Actual Loops": 6,
                              "Recheck Cond": "(keyword_id < 585)",
                              "Rows Removed by Index Recheck": 0,
                              "Exact Heap Blocks": 5122,
                              "Lossy Heap Blocks": 0,
                              "Plans": [
                                {
                                  "Node Type": "Bitmap Index Scan",
                                  "Parent Relationship": "Outer",
                                  "Parallel Aware": false,
                                  "Index Name": "keyword_id_movie_keyword",
                                  "Startup Cost": 0.0,
                                  "Total Cost": 14606.97,
                                  "Plan Rows": 696871,
                                  "Plan Width": 0,
                                  "Actual Startup Time": 45.457,
                                  "Actual Total Time": 45.457,
                                  "Actual Rows": 699472,
                                  "Actual Loops": 1,
                                  "Index Cond": "(keyword_id < 585)"
                                }
                              ]
                            },
                            {
                              "Node Type": "Hash",
                              "Parent Relationship": "Inner",
                              "Parallel Aware": true,
                              "Startup Cost": 42318.81,
                              "Total Cost": 42318.81,
                              "Plan Rows": 632080,
                              "Plan Width": 4,
                              "Actual Startup Time": 254.388,
                              "Actual Total Time": 254.389,
                              "Actual Rows": 421385,
                              "Actual Loops": 6,
                              "Hash Buckets": 4194304,
                              "Original Hash Buckets": 4194304,
                              "Hash Batches": 1,
                              "Original Hash Batches": 1,
                              "Peak Memory Usage": 131776,
                              "Plans": [
                                {
                                  "Node Type": "Seq Scan",
                                  "Parent Relationship": "Outer",
                                  "Parallel Aware": true,
                                  "Relation Name": "title",
                                  "Alias": "t",
                                  "Startup Cost": 0.0,
                                  "Total Cost": 42318.81,
                                  "Plan Rows": 632080,
                                  "Plan Width": 4,
                                  "Actual Startup Time": 0.036,
                                  "Actual Total Time": 76.811,
                                  "Actual Rows": 421385,
                                  "Actual Loops": 6
                                }
                              ]
                            }
                          ]
                        }
                      ]
                    }
                  ]
                }
              ]
            }
          ]
        }
      ]
    },
    "Planning Time": 0.345,
    "Triggers": [],
    "Execution Time": 1831.047
  }
]