[
  {
    "Plan": {
      "Node Type": "Aggregate",
      "Strategy": "Plain",
      "Partial Mode": "Finalize",
      "Parallel Aware": false,
      "Startup Cost": 303824.5,
      "Total Cost": 303824.51,
      "Plan Rows": 1,
      "Plan Width": 8,
      "Actual Startup Time": 2407.276,
      "Actual Total Time": 2468.667,
      "Actual Rows": 1,
      "Actual Loops": 1,
      "Plans": [
        {
          "Node Type": "Gather",
          "Parent Relationship": "Outer",
          "Parallel Aware": false,
          "Startup Cost": 303823.98,
          "Total Cost": 303824.49,
          "Plan Rows": 5,
          "Plan Width": 8,
          "Actual Startup Time": 2377.753,
          "Actual Total Time": 2468.636,
          "Actual Rows": 6,
          "Actual Loops": 1,
          "Workers Planned": 5,
          "Workers Launched": 5,
          "Single Copy": false,
          "Plans": [
            {
              "Node Type": "Aggregate",
              "Strategy": "Plain",
              "Partial Mode": "Partial",
              "Parent Relationship": "Outer",
              "Parallel Aware": false,
              "Startup Cost": 302823.98,
              "Total Cost": 302823.99,
              "Plan Rows": 1,
              "Plan Width": 8,
              "Actual Startup Time": 2362.624,
              "Actual Total Time": 2362.76,
              "Actual Rows": 1,
              "Actual Loops": 6,
              "Plans": [
                {
                  "Node Type": "Hash Join",
                  "Parent Relationship": "Outer",
                  "Parallel Aware": true,
                  "Join Type": "Inner",
                  "Startup Cost": 95538.05,
                  "Total Cost": 300799.0,
                  "Plan Rows": 809992,
                  "Plan Width": 0,
                  "Actual Startup Time": 601.16,
                  "Actual Total Time": 2064.432,
                  "Actual Rows": 4602162,
                  "Actual Loops": 6,
                  "Inner Unique": false,
                  "Hash Cond": "(mi.movie_id = t.id)",
                  "Plans": [
                    {
                      "Node Type": "Seq Scan",
                      "Parent Relationship": "Outer",
                      "Parallel Aware": true,
                      "Relation Name": "movie_info",
                      "Alias": "mi",
                      "Startup Cost": 0.0,
                      "Total Cost": 191560.33,
                      "Plan Rows": 2956733,
                      "Plan Width": 4,
                      "Actual Startup Time": 0.054,
                      "Actual Total Time": 399.928,
                      "Actual Rows": 2472620,
                      "Actual Loops": 6
                    },
                    {
                      "Node Type": "Hash",
                      "Parent Relationship": "Inner",
                      "Parallel Aware": true,
                      "Startup Cost": 92745.22,
                      "Total Cost": 92745.22,
                      "Plan Rows": 223426,
                      "Plan Width": 8,
                      "Actual Startup Time": 596.46,
                      "Actual Total Time": 596.594,
                      "Actual Rows": 116579,
                      "Actual Loops": 6,
                      "Hash Buckets": 1048576,
                      "Original Hash Buckets": 1048576,
                      "Hash Batches": 1,
                      "Original Hash Batches": 1,
                      "Peak Memory Usage": 35680,
                      "Plans": [
                        {
                          "Node Type": "Hash Join",
                          "Parent Relationship": "Outer",
                          "Parallel Aware": true,
                          "Join Type": "Inner",
                          "Startup Cost": 64911.9,
                          "Total Cost": 92745.22,
                          "Plan Rows": 223426,
                          "Plan Width": 8,
                          "Actual Startup Time": 404.534,
                          "Actual Total Time": 534.746,
                          "Actual Rows": 116579,
                          "Actual Loops": 6,
                          "Inner Unique": true,
                          "Hash Cond": "(mk.movie_id = t.id)",
                          "Plans": [
                            {
                              "Node Type": "Bitmap Heap Scan",
                              "Parent Relationship": "Outer",
                              "Parallel Aware": true,
                              "Relation Name": "movie_keyword",
                              "Alias": "mk",
                              "Startup Cost": 14692.25,
                              "Total Cost": 41939.08,
                              "Plan Rows": 223426,
                              "Plan Width": 4,
                              "Actual Startup Time": 61.71,
                              "Actual Total Time": 128.015,
                              "Actual Rows": 116579,
                              "Actual Loops": 6,
                              "Recheck Cond": "(keyword_id < 585)",
                              "Rows Removed by Index Recheck": 0,
                              "Exact Heap Blocks": 4549,
                              "Lossy Heap Blocks": 0,
                              "Plans": [
                                {
                                  "Node Type": "Bitmap Index Scan",
                                  "Parent Relationship": "Outer",
                                  "Parallel Aware": false,
                                  "Index Name": "keyword_id_movie_keyword",
                                  "Startup Cost": 0.0,
                                  "Total Cost": 14519.1,
                                  "Plan Rows": 692622,
                                  "Plan Width": 0,
                                  "Actual Startup Time": 55.701,
                                  "Actual Total Time": 55.701,
                                  "Actual Rows": 699472,
                                  "Actual Loops": 1,
                                  "Index Cond": "(keyword_id < 585)"
                                }
                              ]
                            },
                            {
                              "Node Type": "Hash",
                              "Parent Relationship": "Inner",
                              "Parallel Aware": true,
                              "Startup Cost": 42318.73,
                              "Total Cost": 42318.73,
                              "Plan Rows": 632073,
                              "Plan Width": 4,
                              "Actual Startup Time": 336.889,
                              "Actual Total Time": 336.89,
                              "Actual Rows": 421385,
                              "Actual Loops": 6,
                              "Hash Buckets": 4194304,
                              "Original Hash Buckets": 4194304,
                              "Hash Batches": 1,
                              "Original Hash Batches": 1,
                              "Peak Memory Usage": 131776,
                              "Plans": [
                                {
                                  "Node Type": "Seq Scan",
                                  "Parent Relationship": "Outer",
                                  "Parallel Aware": true,
                                  "Relation Name": "title",
                                  "Alias": "t",
                                  "Startup Cost": 0.0,
                                  "Total Cost": 42318.73,
                                  "Plan Rows": 632073,
                                  "Plan Width": 4,
                                  "Actual Startup Time": 0.048,
                                  "Actual Total Time": 101.51,
                                  "Actual Rows": 421385,
                                  "Actual Loops": 6
                                }
                              ]
                            }
                          ]
                        }
                      ]
                    }
                  ]
                }
              ]
            }
          ]
        }
      ]
    },
    "Planning Time": 1.387,
    "Triggers": [],
    "Execution Time": 2468.801
  }
]