{
  "Plan": {
    "Node Type": "Aggregate",
    "Strategy": "Plain",
    "Partial Mode": "Finalize",
    "Parallel Aware": false,
    "Startup Cost": 1084149.31,
    "Total Cost": 1084149.32,
    "Plan Rows": 1,
    "Plan Width": 8,
    "Actual Startup Time": 6909.093,
    "Actual Total Time": 7010.56,
    "Actual Rows": 1,
    "Actual Loops": 1,
    "Plans": [
      {
        "Node Type": "Gather",
        "Parent Relationship": "Outer",
        "Parallel Aware": false,
        "Startup Cost": 1084149.2,
        "Total Cost": 1084149.31,
        "Plan Rows": 1,
        "Plan Width": 8,
        "Actual Startup Time": 6905.037,
        "Actual Total Time": 7010.547,
        "Actual Rows": 2,
        "Actual Loops": 1,
        "Workers Planned": 1,
        "Workers Launched": 1,
        "Single Copy": false,
        "Plans": [
          {
            "Node Type": "Aggregate",
            "Strategy": "Plain",
            "Partial Mode": "Partial",
            "Parent Relationship": "Outer",
            "Parallel Aware": false,
            "Startup Cost": 1083149.2,
            "Total Cost": 1083149.21,
            "Plan Rows": 1,
            "Plan Width": 8,
            "Actual Startup Time": 6893.753,
            "Actual Total Time": 6893.92,
            "Actual Rows": 1,
            "Actual Loops": 2,
            "Plans": [
              {
                "Node Type": "Hash Join",
                "Parent Relationship": "Outer",
                "Parallel Aware": true,
                "Join Type": "Inner",
                "Startup Cost": 647228.08,
                "Total Cost": 1053323.85,
                "Plan Rows": 11930138,
                "Plan Width": 0,
                "Actual Startup Time": 4091.372,
                "Actual Total Time": 6691.191,
                "Actual Rows": 5052846,
                "Actual Loops": 2,
                "Inner Unique": false,
                "Hash Cond": "(mi.movie_id = t.id)",
                "Plans": [
                  {
                    "Node Type": "Seq Scan",
                    "Parent Relationship": "Outer",
                    "Parallel Aware": true,
                    "Relation Name": "movie_info",
                    "Alias": "mi",
                    "Startup Cost": 0.0,
                    "Total Cost": 248955.74,
                    "Plan Rows": 8696274,
                    "Plan Width": 4,
                    "Actual Startup Time": 0.017,
                    "Actual Total Time": 643.917,
                    "Actual Rows": 7417860,
                    "Actual Loops": 2
                  },
                  {
                    "Node Type": "Hash",
                    "Parent Relationship": "Inner",
                    "Parallel Aware": true,
                    "Startup Cost": 621724.51,
                    "Total Cost": 621724.51,
                    "Plan Rows": 2040285,
                    "Plan Width": 8,
                    "Actual Startup Time": 4068.141,
                    "Actual Total Time": 4068.306,
                    "Actual Rows": 819282,
                    "Actual Loops": 2,
                    "Hash Buckets": 4194304,
                    "Original Hash Buckets": 4194304,
                    "Hash Batches": 1,
                    "Original Hash Batches": 1,
                    "Peak Memory Usage": 96928,
                    "Plans": [
                      {
                        "Node Type": "Hash Join",
                        "Parent Relationship": "Outer",
                        "Parallel Aware": true,
                        "Join Type": "Inner",
                        "Startup Cost": 60678.39,
                        "Total Cost": 621724.51,
                        "Plan Rows": 2040285,
                        "Plan Width": 8,
                        "Actual Startup Time": 448.358,
                        "Actual Total Time": 3774.032,
                        "Actual Rows": 819282,
                        "Actual Loops": 2,
                        "Inner Unique": true,
                        "Hash Cond": "(ci.movie_id = t.id)",
                        "Plans": [
                          {
                            "Node Type": "Seq Scan",
                            "Parent Relationship": "Outer",
                            "Parallel Aware": true,
                            "Relation Name": "cast_info",
                            "Alias": "ci",
                            "Startup Cost": 0.0,
                            "Total Cost": 519069.44,
                            "Plan Rows": 15991091,
                            "Plan Width": 4,
                            "Actual Startup Time": 254.387,
                            "Actual Total Time": 1762.167,
                            "Actual Rows": 13525303,
                            "Actual Loops": 2,
                            "Filter": "(person_id > 903896)",
                            "Rows Removed by Filter": 4596869
                          },
                          {
                            "Node Type": "Hash",
                            "Parent Relationship": "Inner",
                            "Parallel Aware": true,
                            "Startup Cost": 58306.47,
                            "Total Cost": 58306.47,
                            "Plan Rows": 189754,
                            "Plan Width": 4,
                            "Actual Startup Time": 192.308,
                            "Actual Total Time": 192.309,
                            "Actual Rows": 109437,
                            "Actual Loops": 2,
                            "Hash Buckets": 524288,
                            "Original Hash Buckets": 524288,
                            "Hash Batches": 1,
                            "Original Hash Batches": 1,
                            "Peak Memory Usage": 12704,
                            "Plans": [
                              {
                                "Node Type": "Seq Scan",
                                "Parent Relationship": "Outer",
                                "Parallel Aware": true,
                                "Relation Name": "title",
                                "Alias": "t",
                                "Startup Cost": 0.0,
                                "Total Cost": 58306.47,
                                "Plan Rows": 189754,
                                "Plan Width": 4,
                                "Actual Startup Time": 0.05,
                                "Actual Total Time": 159.718,
                                "Actual Rows": 109437,
                                "Actual Loops": 2,
                                "Filter": "((kind_id > 4) AND (production_year < 1982))",
                                "Rows Removed by Filter": 1154719
                              }
                            ]
                          }
                        ]
                      }
                    ]
                  }
                ]
              }
            ]
          }
        ]
      }
    ]
  },
  "Planning Time": 1.009,
  "Triggers": [],
  "Execution Time": 7010.666
}