[
  {
    "Plan": {
      "Node Type": "Aggregate",
      "Strategy": "Plain",
      "Partial Mode": "Finalize",
      "Parallel Aware": false,
      "Startup Cost": 78473.59,
      "Total Cost": 78473.6,
      "Plan Rows": 1,
      "Plan Width": 8,
      "Actual Startup Time": 317.405,
      "Actual Total Time": 339.576,
      "Actual Rows": 1,
      "Actual Loops": 1,
      "Plans": [
        {
          "Node Type": "Gather",
          "Parent Relationship": "Outer",
          "Parallel Aware": false,
          "Startup Cost": 78473.27,
          "Total Cost": 78473.58,
          "Plan Rows": 3,
          "Plan Width": 8,
          "Actual Startup Time": 315.53,
          "Actual Total Time": 339.566,
          "Actual Rows": 4,
          "Actual Loops": 1,
          "Workers Planned": 3,
          "Workers Launched": 3,
          "Single Copy": false,
          "Plans": [
            {
              "Node Type": "Aggregate",
              "Strategy": "Plain",
              "Partial Mode": "Partial",
              "Parent Relationship": "Outer",
              "Parallel Aware": false,
              "Startup Cost": 77473.27,
              "Total Cost": 77473.28,
              "Plan Rows": 1,
              "Plan Width": 8,
              "Actual Startup Time": 306.611,
              "Actual Total Time": 306.615,
              "Actual Rows": 1,
              "Actual Loops": 4,
              "Plans": [
                {
                  "Node Type": "Hash Join",
                  "Parent Relationship": "Outer",
                  "Parallel Aware": true,
                  "Join Type": "Inner",
                  "Startup Cost": 46854.81,
                  "Total Cost": 77287.25,
                  "Plan Rows": 74408,
                  "Plan Width": 0,
                  "Actual Startup Time": 229.404,
                  "Actual Total Time": 302.256,
                  "Actual Rows": 78614,
                  "Actual Loops": 4,
                  "Inner Unique": true,
                  "Hash Cond": "(mc.movie_id = t.id)",
                  "Plans": [
                    {
                      "Node Type": "Seq Scan",
                      "Parent Relationship": "Outer",
                      "Parallel Aware": true,
                      "Relation Name": "movie_companies",
                      "Alias": "mc",
                      "Startup Cost": 0.0,
                      "Total Cost": 29310.68,
                      "Plan Rows": 427336,
                      "Plan Width": 4,
                      "Actual Startup Time": 35.708,
                      "Actual Total Time": 82.387,
                      "Actual Rows": 333721,
                      "Actual Loops": 4,
                      "Filter": "(company_type_id > 1)",
                      "Rows Removed by Filter": 318562
                    },
                    {
                      "Node Type": "Hash",
                      "Parent Relationship": "Inner",
                      "Parallel Aware": true,
                      "Startup Cost": 45479.1,
                      "Total Cost": 45479.1,
                      "Plan Rows": 110057,
                      "Plan Width": 4,
                      "Actual Startup Time": 148.053,
                      "Actual Total Time": 148.054,
                      "Actual Rows": 80005,
                      "Actual Loops": 4,
                      "Hash Buckets": 524288,
                      "Original Hash Buckets": 524288,
                      "Hash Batches": 1,
                      "Original Hash Batches": 1,
                      "Peak Memory Usage": 16672,
                      "Plans": [
                        {
                          "Node Type": "Seq Scan",
                          "Parent Relationship": "Outer",
                          "Parallel Aware": true,
                          "Relation Name": "title",
                          "Alias": "t",
                          "Startup Cost": 0.0,
                          "Total Cost": 45479.1,
                          "Plan Rows": 110057,
                          "Plan Width": 4,
                          "Actual Startup Time": 52.457,
                          "Actual Total Time": 118.139,
                          "Actual Rows": 80005,
                          "Actual Loops": 4,
                          "Filter": "((production_year > 1993) AND (kind_id = 1))",
                          "Rows Removed by Filter": 552073
                        }
                      ]
                    }
                  ]
                }
              ]
            }
          ]
        }
      ]
    },
    "Planning Time": 0.625,
    "Triggers": [],
    "Execution Time": 339.698
  }
]