[
  {
    "Plan": {
      "Node Type": "Aggregate",
      "Strategy": "Plain",
      "Partial Mode": "Finalize",
      "Parallel Aware": false,
      "Startup Cost": 44622.76,
      "Total Cost": 44622.77,
      "Plan Rows": 1,
      "Plan Width": 8,
      "Actual Startup Time": 121.485,
      "Actual Total Time": 131.522,
      "Actual Rows": 1,
      "Actual Loops": 1,
      "Plans": [
        {
          "Node Type": "Gather",
          "Parent Relationship": "Outer",
          "Parallel Aware": false,
          "Startup Cost": 44622.44,
          "Total Cost": 44622.75,
          "Plan Rows": 3,
          "Plan Width": 8,
          "Actual Startup Time": 121.365,
          "Actual Total Time": 131.511,
          "Actual Rows": 4,
          "Actual Loops": 1,
          "Workers Planned": 3,
          "Workers Launched": 3,
          "Single Copy": false,
          "Plans": [
            {
              "Node Type": "Aggregate",
              "Strategy": "Plain",
              "Partial Mode": "Partial",
              "Parent Relationship": "Outer",
              "Parallel Aware": false,
              "Startup Cost": 43622.44,
              "Total Cost": 43622.45,
              "Plan Rows": 1,
              "Plan Width": 8,
              "Actual Startup Time": 116.344,
              "Actual Total Time": 116.345,
              "Actual Rows": 1,
              "Actual Loops": 4,
              "Plans": [
                {
                  "Node Type": "Seq Scan",
                  "Parent Relationship": "Outer",
                  "Parallel Aware": true,
                  "Relation Name": "movie_keyword",
                  "Alias": "mk",
                  "Startup Cost": 0.0,
                  "Total Cost": 42695.65,
                  "Plan Rows": 370716,
                  "Plan Width": 0,
                  "Actual Startup Time": 1.711,
                  "Actual Total Time": 102.626,
                  "Actual Rows": 288024,
                  "Actual Loops": 4,
                  "Filter": "(keyword_id > 16167)",
                  "Rows Removed by Filter": 842958
                }
              ]
            }
          ]
        }
      ]
    },
    "Planning Time": 0.121,
    "Triggers": [],
    "Execution Time": 131.559
  }
]