{
  "Plan": {
    "Node Type": "Aggregate",
    "Strategy": "Plain",
    "Partial Mode": "Finalize",
    "Parallel Aware": false,
    "Startup Cost": 170772.19,
    "Total Cost": 170772.2,
    "Plan Rows": 1,
    "Plan Width": 8,
    "Actual Startup Time": 2089.648,
    "Actual Total Time": 2106.881,
    "Actual Rows": 1,
    "Actual Loops": 1,
    "Plans": [
      {
        "Node Type": "Gather",
        "Parent Relationship": "Outer",
        "Parallel Aware": false,
        "Startup Cost": 170772.08,
        "Total Cost": 170772.19,
        "Plan Rows": 1,
        "Plan Width": 8,
        "Actual Startup Time": 2084.541,
        "Actual Total Time": 2106.871,
        "Actual Rows": 2,
        "Actual Loops": 1,
        "Workers Planned": 1,
        "Workers Launched": 1,
        "Single Copy": false,
        "Plans": [
          {
            "Node Type": "Aggregate",
            "Strategy": "Plain",
            "Partial Mode": "Partial",
            "Parent Relationship": "Outer",
            "Parallel Aware": false,
            "Startup Cost": 169772.08,
            "Total Cost": 169772.09,
            "Plan Rows": 1,
            "Plan Width": 8,
            "Actual Startup Time": 2079.075,
            "Actual Total Time": 2079.984,
            "Actual Rows": 1,
            "Actual Loops": 2,
            "Plans": [
              {
                "Node Type": "Hash Join",
                "Parent Relationship": "Outer",
                "Parallel Aware": true,
                "Join Type": "Inner",
                "Startup Cost": 121851.84,
                "Total Cost": 168480.02,
                "Plan Rows": 516825,
                "Plan Width": 0,
                "Actual Startup Time": 760.638,
                "Actual Total Time": 1689.041,
                "Actual Rows": 10137068,
                "Actual Loops": 2,
                "Inner Unique": false,
                "Hash Cond": "(mc.movie_id = t.id)",
                "Plans": [
                  {
                    "Node Type": "Seq Scan",
                    "Parent Relationship": "Outer",
                    "Parallel Aware": true,
                    "Relation Name": "movie_companies",
                    "Alias": "mc",
                    "Startup Cost": 0.0,
                    "Total Cost": 37974.77,
                    "Plan Rows": 1496870,
                    "Plan Width": 4,
                    "Actual Startup Time": 0.017,
                    "Actual Total Time": 125.383,
                    "Actual Rows": 1271171,
                    "Actual Loops": 2,
                    "Filter": "(company_id > 6)",
                    "Rows Removed by Filter": 33394
                  },
                  {
                    "Node Type": "Hash",
                    "Parent Relationship": "Inner",
                    "Parallel Aware": true,
                    "Startup Cost": 115433.14,
                    "Total Cost": 115433.14,
                    "Plan Rows": 513496,
                    "Plan Width": 8,
                    "Actual Startup Time": 705.237,
                    "Actual Total Time": 706.144,
                    "Actual Rows": 811938,
                    "Actual Loops": 2,
                    "Hash Buckets": 2097152,
                    "Original Hash Buckets": 1048576,
                    "Hash Batches": 1,
                    "Original Hash Batches": 1,
                    "Peak Memory Usage": 88128,
                    "Plans": [
                      {
                        "Node Type": "Hash Join",
                        "Parent Relationship": "Outer",
                        "Parallel Aware": true,
                        "Join Type": "Inner",
                        "Startup Cost": 57382.3,
                        "Total Cost": 115433.14,
                        "Plan Rows": 513496,
                        "Plan Width": 8,
                        "Actual Startup Time": 198.909,
                        "Actual Total Time": 547.039,
                        "Actual Rows": 811938,
                        "Actual Loops": 2,
                        "Inner Unique": true,
                        "Hash Cond": "(mk.movie_id = t.id)",
                        "Plans": [
                          {
                            "Node Type": "Seq Scan",
                            "Parent Relationship": "Outer",
                            "Parallel Aware": true,
                            "Relation Name": "movie_keyword",
                            "Alias": "mk",
                            "Startup Cost": 0.0,
                            "Total Cost": 51065.35,
                            "Plan Rows": 2661135,
                            "Plan Width": 4,
                            "Actual Startup Time": 0.016,
                            "Actual Total Time": 153.131,
                            "Actual Rows": 2261965,
                            "Actual Loops": 2
                          },
                          {
                            "Node Type": "Hash",
                            "Parent Relationship": "Inner",
                            "Parallel Aware": true,
                            "Startup Cost": 53795.07,
                            "Total Cost": 53795.07,
                            "Plan Rows": 286978,
                            "Plan Width": 4,
                            "Actual Startup Time": 133.795,
                            "Actual Total Time": 133.796,
                            "Actual Rows": 179935,
                            "Actual Loops": 2,
                            "Hash Buckets": 524288,
                            "Original Hash Buckets": 524288,
                            "Hash Batches": 1,
                            "Original Hash Batches": 1,
                            "Peak Memory Usage": 18208,
                            "Plans": [
                              {
                                "Node Type": "Bitmap Heap Scan",
                                "Parent Relationship": "Outer",
                                "Parallel Aware": true,
                                "Relation Name": "title",
                                "Alias": "t",
                                "Startup Cost": 11944.82,
                                "Total Cost": 53795.07,
                                "Plan Rows": 286978,
                                "Plan Width": 4,
                                "Actual Startup Time": 27.251,
                                "Actual Total Time": 92.626,
                                "Actual Rows": 179935,
                                "Actual Loops": 2,
                                "Recheck Cond": "(kind_id = 1)",
                                "Rows Removed by Index Recheck": 0,
                                "Filter": "(production_year > 1985)",
                                "Rows Removed by Filter": 151478,
                                "Exact Heap Blocks": 8077,
                                "Lossy Heap Blocks": 0,
                                "Plans": [
                                  {
                                    "Node Type": "Bitmap Index Scan",
                                    "Parent Relationship": "Outer",
                                    "Parallel Aware": false,
                                    "Index Name": "kind_id_title",
                                    "Startup Cost": 0.0,
                                    "Total Cost": 11822.85,
                                    "Plan Rows": 663256,
                                    "Plan Width": 0,
                                    "Actual Startup Time": 25.338,
                                    "Actual Total Time": 25.338,
                                    "Actual Rows": 662825,
                                    "Actual Loops": 1,
                                    "Index Cond": "(kind_id = 1)"
                                  }
                                ]
                              }
                            ]
                          }
                        ]
                      }
                    ]
                  }
                ]
              }
            ]
          }
        ]
      }
    ]
  },
  "Planning Time": 0.96,
  "Triggers": [],
  "Execution Time": 2106.976
}