[
  {
    "Plan": {
      "Node Type": "Aggregate",
      "Strategy": "Plain",
      "Partial Mode": "Finalize",
      "Parallel Aware": false,
      "Startup Cost": 354751.09,
      "Total Cost": 354751.1,
      "Plan Rows": 1,
      "Plan Width": 8,
      "Actual Startup Time": 854.253,
      "Actual Total Time": 916.197,
      "Actual Rows": 1,
      "Actual Loops": 1,
      "Plans": [
        {
          "Node Type": "Gather",
          "Parent Relationship": "Outer",
          "Parallel Aware": false,
          "Startup Cost": 354750.46,
          "Total Cost": 354751.07,
          "Plan Rows": 6,
          "Plan Width": 8,
          "Actual Startup Time": 854.147,
          "Actual Total Time": 916.187,
          "Actual Rows": 7,
          "Actual Loops": 1,
          "Workers Planned": 6,
          "Workers Launched": 6,
          "Single Copy": false,
          "Plans": [
            {
              "Node Type": "Aggregate",
              "Strategy": "Plain",
              "Partial Mode": "Partial",
              "Parent Relationship": "Outer",
              "Parallel Aware": false,
              "Startup Cost": 353750.46,
              "Total Cost": 353750.47,
              "Plan Rows": 1,
              "Plan Width": 8,
              "Actual Startup Time": 843.648,
              "Actual Total Time": 843.649,
              "Actual Rows": 1,
              "Actual Loops": 7,
              "Plans": [
                {
                  "Node Type": "Seq Scan",
                  "Parent Relationship": "Outer",
                  "Parallel Aware": true,
                  "Relation Name": "cast_info",
                  "Alias": "ci",
                  "Startup Cost": 0.0,
                  "Total Cost": 343257.03,
                  "Plan Rows": 4197374,
                  "Plan Width": 0,
                  "Actual Startup Time": 40.402,
                  "Actual Total Time": 699.02,
                  "Actual Rows": 3576248,
                  "Actual Loops": 7,
                  "Filter": "((person_id > 206055) AND (role_id < 5))",
                  "Rows Removed by Filter": 1601515
                }
              ]
            }
          ]
        }
      ]
    },
    "Planning Time": 0.213,
    "Triggers": [],
    "Execution Time": 916.266
  }
]