{
  "Plan": {
    "Node Type": "Aggregate",
    "Strategy": "Plain",
    "Partial Mode": "Finalize",
    "Parallel Aware": false,
    "Startup Cost": 177890.54,
    "Total Cost": 177890.55,
    "Plan Rows": 1,
    "Plan Width": 8,
    "Actual Startup Time": 1272.205,
    "Actual Total Time": 1292.377,
    "Actual Rows": 1,
    "Actual Loops": 1,
    "Plans": [
      {
        "Node Type": "Gather",
        "Parent Relationship": "Outer",
        "Parallel Aware": false,
        "Startup Cost": 177890.43,
        "Total Cost": 177890.54,
        "Plan Rows": 1,
        "Plan Width": 8,
        "Actual Startup Time": 1265.966,
        "Actual Total Time": 1292.37,
        "Actual Rows": 2,
        "Actual Loops": 1,
        "Workers Planned": 1,
        "Workers Launched": 1,
        "Single Copy": false,
        "Plans": [
          {
            "Node Type": "Aggregate",
            "Strategy": "Plain",
            "Partial Mode": "Partial",
            "Parent Relationship": "Outer",
            "Parallel Aware": false,
            "Startup Cost": 176890.43,
            "Total Cost": 176890.44,
            "Plan Rows": 1,
            "Plan Width": 8,
            "Actual Startup Time": 1260.392,
            "Actual Total Time": 1260.397,
            "Actual Rows": 1,
            "Actual Loops": 2,
            "Plans": [
              {
                "Node Type": "Hash Join",
                "Parent Relationship": "Outer",
                "Parallel Aware": true,
                "Join Type": "Inner",
                "Startup Cost": 108636.78,
                "Total Cost": 176578.23,
                "Plan Rows": 124878,
                "Plan Width": 0,
                "Actual Startup Time": 690.998,
                "Actual Total Time": 1216.661,
                "Actual Rows": 1002216,
                "Actual Loops": 2,
                "Inner Unique": false,
                "Hash Cond": "(t.id = mc.movie_id)",
                "Plans": [
                  {
                    "Node Type": "Hash Join",
                    "Parent Relationship": "Outer",
                    "Parallel Aware": true,
                    "Join Type": "Inner",
                    "Startup Cost": 69460.7,
                    "Total Cost": 129985.4,
                    "Plan Rows": 1069147,
                    "Plan Width": 8,
                    "Actual Startup Time": 529.281,
                    "Actual Total Time": 882.886,
                    "Actual Rows": 913185,
                    "Actual Loops": 2,
                    "Inner Unique": true,
                    "Hash Cond": "(mk.movie_id = t.id)",
                    "Plans": [
                      {
                        "Node Type": "Seq Scan",
                        "Parent Relationship": "Outer",
                        "Parallel Aware": true,
                        "Relation Name": "movie_keyword",
                        "Alias": "mk",
                        "Startup Cost": 0.0,
                        "Total Cost": 57718.19,
                        "Plan Rows": 1069147,
                        "Plan Width": 4,
                        "Actual Startup Time": 0.598,
                        "Actual Total Time": 173.785,
                        "Actual Rows": 913185,
                        "Actual Loops": 2,
                        "Filter": "(keyword_id > 7633)",
                        "Rows Removed by Filter": 1348780
                      },
                      {
                        "Node Type": "Hash",
                        "Parent Relationship": "Inner",
                        "Parallel Aware": true,
                        "Startup Cost": 50870.31,
                        "Total Cost": 50870.31,
                        "Plan Rows": 1487231,
                        "Plan Width": 4,
                        "Actual Startup Time": 516.686,
                        "Actual Total Time": 516.687,
                        "Actual Rows": 1264156,
                        "Actual Loops": 2,
                        "Hash Buckets": 4194304,
                        "Original Hash Buckets": 4194304,
                        "Hash Batches": 1,
                        "Original Hash Batches": 1,
                        "Peak Memory Usage": 131712,
                        "Plans": [
                          {
                            "Node Type": "Seq Scan",
                            "Parent Relationship": "Outer",
                            "Parallel Aware": true,
                            "Relation Name": "title",
                            "Alias": "t",
                            "Startup Cost": 0.0,
                            "Total Cost": 50870.31,
                            "Plan Rows": 1487231,
                            "Plan Width": 4,
                            "Actual Startup Time": 0.019,
                            "Actual Total Time": 147.653,
                            "Actual Rows": 1264156,
                            "Actual Loops": 2
                          }
                        ]
                      }
                    ]
                  },
                  {
                    "Node Type": "Hash",
                    "Parent Relationship": "Inner",
                    "Parallel Aware": true,
                    "Startup Cost": 37004.69,
                    "Total Cost": 37004.69,
                    "Plan Rows": 173711,
                    "Plan Width": 4,
                    "Actual Startup Time": 156.037,
                    "Actual Total Time": 156.038,
                    "Actual Rows": 214085,
                    "Actual Loops": 2,
                    "Hash Buckets": 524288,
                    "Original Hash Buckets": 524288,
                    "Hash Batches": 1,
                    "Original Hash Batches": 1,
                    "Peak Memory Usage": 20896,
                    "Plans": [
                      {
                        "Node Type": "Bitmap Heap Scan",
                        "Parent Relationship": "Outer",
                        "Parallel Aware": true,
                        "Relation Name": "movie_companies",
                        "Alias": "mc",
                        "Startup Cost": 12921.48,
                        "Total Cost": 37004.69,
                        "Plan Rows": 173711,
                        "Plan Width": 4,
                        "Actual Startup Time": 38.894,
                        "Actual Total Time": 110.49,
                        "Actual Rows": 214085,
                        "Actual Loops": 2,
                        "Recheck Cond": "(company_id < 686)",
                        "Rows Removed by Index Recheck": 0,
                        "Filter": "(company_type_id < 2)",
                        "Rows Removed by Filter": 82648,
                        "Exact Heap Blocks": 11054,
                        "Lossy Heap Blocks": 0,
                        "Plans": [
                          {
                            "Node Type": "Bitmap Index Scan",
                            "Parent Relationship": "Outer",
                            "Parallel Aware": false,
                            "Index Name": "company_id_movie_companies",
                            "Startup Cost": 0.0,
                            "Total Cost": 12847.66,
                            "Plan Rows": 599897,
                            "Plan Width": 0,
                            "Actual Startup Time": 36.385,
                            "Actual Total Time": 36.385,
                            "Actual Rows": 593466,
                            "Actual Loops": 1,
                            "Index Cond": "(company_id < 686)"
                          }
                        ]
                      }
                    ]
                  }
                ]
              }
            ]
          }
        ]
      }
    ]
  },
  "Planning Time": 0.868,
  "Triggers": [],
  "Execution Time": 1292.473
}