{
  "Plan": {
    "Node Type": "Aggregate",
    "Strategy": "Plain",
    "Partial Mode": "Finalize",
    "Parallel Aware": false,
    "Startup Cost": 211897.79,
    "Total Cost": 211897.8,
    "Plan Rows": 1,
    "Plan Width": 8,
    "Actual Startup Time": 1383.289,
    "Actual Total Time": 1408.603,
    "Actual Rows": 1,
    "Actual Loops": 1,
    "Plans": [
      {
        "Node Type": "Gather",
        "Parent Relationship": "Outer",
        "Parallel Aware": false,
        "Startup Cost": 211897.68,
        "Total Cost": 211897.79,
        "Plan Rows": 1,
        "Plan Width": 8,
        "Actual Startup Time": 1382.159,
        "Actual Total Time": 1408.593,
        "Actual Rows": 2,
        "Actual Loops": 1,
        "Workers Planned": 1,
        "Workers Launched": 1,
        "Single Copy": false,
        "Plans": [
          {
            "Node Type": "Aggregate",
            "Strategy": "Plain",
            "Partial Mode": "Partial",
            "Parent Relationship": "Outer",
            "Parallel Aware": false,
            "Startup Cost": 210897.68,
            "Total Cost": 210897.69,
            "Plan Rows": 1,
            "Plan Width": 8,
            "Actual Startup Time": 1376.072,
            "Actual Total Time": 1376.077,
            "Actual Rows": 1,
            "Actual Loops": 2,
            "Plans": [
              {
                "Node Type": "Hash Join",
                "Parent Relationship": "Outer",
                "Parallel Aware": true,
                "Join Type": "Inner",
                "Startup Cost": 169222.36,
                "Total Cost": 210366.18,
                "Plan Rows": 212598,
                "Plan Width": 0,
                "Actual Startup Time": 1025.349,
                "Actual Total Time": 1352.862,
                "Actual Rows": 589382,
                "Actual Loops": 2,
                "Inner Unique": false,
                "Hash Cond": "(mc.movie_id = t.id)",
                "Plans": [
                  {
                    "Node Type": "Seq Scan",
                    "Parent Relationship": "Outer",
                    "Parallel Aware": true,
                    "Relation Name": "movie_companies",
                    "Alias": "mc",
                    "Startup Cost": 0.0,
                    "Total Cost": 34137.82,
                    "Plan Rows": 1534782,
                    "Plan Width": 4,
                    "Actual Startup Time": 0.015,
                    "Actual Total Time": 98.186,
                    "Actual Rows": 1304564,
                    "Actual Loops": 2
                  },
                  {
                    "Node Type": "Hash",
                    "Parent Relationship": "Inner",
                    "Parallel Aware": true,
                    "Startup Cost": 166647.23,
                    "Total Cost": 166647.23,
                    "Plan Rows": 206011,
                    "Plan Width": 8,
                    "Actual Startup Time": 1019.737,
                    "Actual Total Time": 1019.739,
                    "Actual Rows": 198021,
                    "Actual Loops": 2,
                    "Hash Buckets": 524288,
                    "Original Hash Buckets": 524288,
                    "Hash Batches": 1,
                    "Original Hash Batches": 1,
                    "Peak Memory Usage": 19616,
                    "Plans": [
                      {
                        "Node Type": "Merge Join",
                        "Parent Relationship": "Outer",
                        "Parallel Aware": false,
                        "Join Type": "Inner",
                        "Startup Cost": 3.02,
                        "Total Cost": 166647.23,
                        "Plan Rows": 206011,
                        "Plan Width": 8,
                        "Actual Startup Time": 0.301,
                        "Actual Total Time": 958.418,
                        "Actual Rows": 198021,
                        "Actual Loops": 2,
                        "Inner Unique": false,
                        "Merge Cond": "(t.id = mi_idx.movie_id)",
                        "Plans": [
                          {
                            "Node Type": "Index Scan",
                            "Parent Relationship": "Outer",
                            "Parallel Aware": true,
                            "Scan Direction": "Forward",
                            "Index Name": "title_pkey",
                            "Relation Name": "title",
                            "Alias": "t",
                            "Startup Cost": 0.43,
                            "Total Cost": 103647.43,
                            "Plan Rows": 1129894,
                            "Plan Width": 4,
                            "Actual Startup Time": 0.084,
                            "Actual Total Time": 661.204,
                            "Actual Rows": 960931,
                            "Actual Loops": 2,
                            "Filter": "(production_year < 2010)",
                            "Rows Removed by Filter": 302035
                          },
                          {
                            "Node Type": "Index Scan",
                            "Parent Relationship": "Inner",
                            "Parallel Aware": false,
                            "Scan Direction": "Forward",
                            "Index Name": "movie_id_movie_info_idx",
                            "Relation Name": "movie_info_idx",
                            "Alias": "mi_idx",
                            "Startup Cost": 0.43,
                            "Total Cost": 57070.31,
                            "Plan Rows": 460978,
                            "Plan Width": 4,
                            "Actual Startup Time": 0.117,
                            "Actual Total Time": 205.841,
                            "Actual Rows": 460185,
                            "Actual Loops": 2,
                            "Filter": "(info_type_id > 100)",
                            "Rows Removed by Filter": 919850
                          }
                        ]
                      }
                    ]
                  }
                ]
              }
            ]
          }
        ]
      }
    ]
  },
  "Planning Time": 1.005,
  "Triggers": [],
  "Execution Time": 1408.694
}