[
  {
    "Plan": {
      "Node Type": "Aggregate",
      "Strategy": "Plain",
      "Partial Mode": "Finalize",
      "Parallel Aware": false,
      "Startup Cost": 95958.35,
      "Total Cost": 95958.36,
      "Plan Rows": 1,
      "Plan Width": 8,
      "Actual Startup Time": 366.144,
      "Actual Total Time": 376.992,
      "Actual Rows": 1,
      "Actual Loops": 1,
      "Plans": [
        {
          "Node Type": "Gather",
          "Parent Relationship": "Outer",
          "Parallel Aware": false,
          "Startup Cost": 95958.03,
          "Total Cost": 95958.34,
          "Plan Rows": 3,
          "Plan Width": 8,
          "Actual Startup Time": 362.224,
          "Actual Total Time": 376.985,
          "Actual Rows": 4,
          "Actual Loops": 1,
          "Workers Planned": 3,
          "Workers Launched": 3,
          "Single Copy": false,
          "Plans": [
            {
              "Node Type": "Aggregate",
              "Strategy": "Plain",
              "Partial Mode": "Partial",
              "Parent Relationship": "Outer",
              "Parallel Aware": false,
              "Startup Cost": 94958.03,
              "Total Cost": 94958.04,
              "Plan Rows": 1,
              "Plan Width": 8,
              "Actual Startup Time": 357.311,
              "Actual Total Time": 357.54,
              "Actual Rows": 1,
              "Actual Loops": 4,
              "Plans": [
                {
                  "Node Type": "Hash Join",
                  "Parent Relationship": "Outer",
                  "Parallel Aware": true,
                  "Join Type": "Inner",
                  "Startup Cost": 63756.77,
                  "Total Cost": 94903.6,
                  "Plan Rows": 21775,
                  "Plan Width": 0,
                  "Actual Startup Time": 234.565,
                  "Actual Total Time": 351.487,
                  "Actual Rows": 123804,
                  "Actual Loops": 4,
                  "Inner Unique": false,
                  "Hash Cond": "(mc.movie_id = t.id)",
                  "Plans": [
                    {
                      "Node Type": "Seq Scan",
                      "Parent Relationship": "Outer",
                      "Parallel Aware": true,
                      "Relation Name": "movie_companies",
                      "Alias": "mc",
                      "Startup Cost": 0.0,
                      "Total Cost": 29310.68,
                      "Plan Rows": 465444,
                      "Plan Width": 4,
                      "Actual Startup Time": 6.237,
                      "Actual Total Time": 67.387,
                      "Actual Rows": 361384,
                      "Actual Loops": 4,
                      "Filter": "(company_id > 9646)",
                      "Rows Removed by Filter": 290898
                    },
                    {
                      "Node Type": "Hash",
                      "Parent Relationship": "Inner",
                      "Parallel Aware": true,
                      "Startup Cost": 63140.72,
                      "Total Cost": 63140.72,
                      "Plan Rows": 49284,
                      "Plan Width": 8,
                      "Actual Startup Time": 224.919,
                      "Actual Total Time": 225.146,
                      "Actual Rows": 52535,
                      "Actual Loops": 4,
                      "Hash Buckets": 262144,
                      "Original Hash Buckets": 131072,
                      "Hash Batches": 1,
                      "Original Hash Batches": 1,
                      "Peak Memory Usage": 11328,
                      "Plans": [
                        {
                          "Node Type": "Hash Join",
                          "Parent Relationship": "Outer",
                          "Parallel Aware": true,
                          "Join Type": "Inner",
                          "Startup Cost": 47516.26,
                          "Total Cost": 63140.72,
                          "Plan Rows": 49284,
                          "Plan Width": 8,
                          "Actual Startup Time": 161.507,
                          "Actual Total Time": 205.611,
                          "Actual Rows": 52535,
                          "Actual Loops": 4,
                          "Inner Unique": true,
                          "Hash Cond": "(mi_idx.movie_id = t.id)",
                          "Plans": [
                            {
                              "Node Type": "Seq Scan",
                              "Parent Relationship": "Outer",
                              "Parallel Aware": true,
                              "Relation Name": "movie_info_idx",
                              "Alias": "mi_idx",
                              "Startup Cost": 0.0,
                              "Total Cost": 15122.68,
                              "Plan Rows": 191154,
                              "Plan Width": 4,
                              "Actual Startup Time": 0.021,
                              "Actual Total Time": 31.873,
                              "Actual Rows": 115046,
                              "Actual Loops": 4,
                              "Filter": "(info_type_id > 100)",
                              "Rows Removed by Filter": 229962
                            },
                            {
                              "Node Type": "Hash",
                              "Parent Relationship": "Inner",
                              "Parallel Aware": true,
                              "Startup Cost": 45479.21,
                              "Total Cost": 45479.21,
                              "Plan Rows": 162964,
                              "Plan Width": 4,
                              "Actual Startup Time": 136.358,
                              "Actual Total Time": 136.36,
                              "Actual Rows": 164078,
                              "Actual Loops": 4,
                              "Hash Buckets": 1048576,
                              "Original Hash Buckets": 1048576,
                              "Hash Batches": 1,
                              "Original Hash Batches": 1,
                              "Peak Memory Usage": 33920,
                              "Plans": [
                                {
                                  "Node Type": "Seq Scan",
                                  "Parent Relationship": "Outer",
                                  "Parallel Aware": true,
                                  "Relation Name": "title",
                                  "Alias": "t",
                                  "Startup Cost": 0.0,
                                  "Total Cost": 45479.21,
                                  "Plan Rows": 162964,
                                  "Plan Width": 4,
                                  "Actual Startup Time": 32.407,
                                  "Actual Total Time": 84.295,
                                  "Actual Rows": 164078,
                                  "Actual Loops": 4,
                                  "Filter": "((kind_id < 2) AND (production_year > 0))",
                                  "Rows Removed by Filter": 468000
                                }
                              ]
                            }
                          ]
                        }
                      ]
                    }
                  ]
                }
              ]
            }
          ]
        }
      ]
    },
    "Planning Time": 0.484,
    "Triggers": [],
    "Execution Time": 377.029
  }
]