[
    {
        "Bao": {
            "Bao prediction": "NaN",
            "Bao recommended hint": "(no hint)"
        }
    },
    {
        "Plan": {
            "Node Type": "Aggregate",
            "Strategy": "Plain",
            "Partial Mode": "Finalize",
            "Parallel Aware": false,
            "Startup Cost": 33336.94,
            "Total Cost": 33336.95,
            "Plan Rows": 1,
            "Plan Width": 8,
            "Actual Startup Time": 99.796,
            "Actual Total Time": 104.567,
            "Actual Rows": 1,
            "Actual Loops": 1,
            "Output": [
                "count(*)"
            ],
            "Plans": [
                {
                    "Node Type": "Gather",
                    "Parent Relationship": "Outer",
                    "Parallel Aware": false,
                    "Startup Cost": 33336.62,
                    "Total Cost": 33336.93,
                    "Plan Rows": 3,
                    "Plan Width": 8,
                    "Actual Startup Time": 99.679,
                    "Actual Total Time": 104.558,
                    "Actual Rows": 4,
                    "Actual Loops": 1,
                    "Output": [
                        "(PARTIAL count(*))"
                    ],
                    "Workers Planned": 3,
                    "Workers Launched": 3,
                    "Single Copy": false,
                    "Plans": [
                        {
                            "Node Type": "Aggregate",
                            "Strategy": "Plain",
                            "Partial Mode": "Partial",
                            "Parent Relationship": "Outer",
                            "Parallel Aware": false,
                            "Startup Cost": 32336.62,
                            "Total Cost": 32336.63,
                            "Plan Rows": 1,
                            "Plan Width": 8,
                            "Actual Startup Time": 91.414,
                            "Actual Total Time": 91.415,
                            "Actual Rows": 1,
                            "Actual Loops": 4,
                            "Output": [
                                "PARTIAL count(*)"
                            ],
                            "Workers": [
                                {
                                    "Worker Number": 0,
                                    "Actual Startup Time": 88.648,
                                    "Actual Total Time": 88.649,
                                    "Actual Rows": 1,
                                    "Actual Loops": 1
                                },
                                {
                                    "Worker Number": 1,
                                    "Actual Startup Time": 88.619,
                                    "Actual Total Time": 88.62,
                                    "Actual Rows": 1,
                                    "Actual Loops": 1
                                },
                                {
                                    "Worker Number": 2,
                                    "Actual Startup Time": 89.172,
                                    "Actual Total Time": 89.173,
                                    "Actual Rows": 1,
                                    "Actual Loops": 1
                                }
                            ],
                            "Plans": [
                                {
                                    "Node Type": "Seq Scan",
                                    "Parent Relationship": "Outer",
                                    "Parallel Aware": true,
                                    "Relation Name": "movie_companies",
                                    "Schema": "public",
                                    "Alias": "mc",
                                    "Startup Cost": 0.0,
                                    "Total Cost": 31414.82,
                                    "Plan Rows": 368720,
                                    "Plan Width": 0,
                                    "Actual Startup Time": 40.003,
                                    "Actual Total Time": 77.544,
                                    "Actual Rows": 313177,
                                    "Actual Loops": 4,
                                    "Output": [
                                        "id",
                                        "movie_id",
                                        "company_id",
                                        "company_type_id",
                                        "note"
                                    ],
                                    "Filter": "((mc.company_id > 181) AND (mc.company_type_id > 1))",
                                    "Rows Removed by Filter": 339105,
                                    "Workers": [
                                        {
                                            "Worker Number": 0,
                                            "Actual Startup Time": 37.213,
                                            "Actual Total Time": 75.014,
                                            "Actual Rows": 208855,
                                            "Actual Loops": 1
                                        },
                                        {
                                            "Worker Number": 1,
                                            "Actual Startup Time": 37.213,
                                            "Actual Total Time": 75.044,
                                            "Actual Rows": 335638,
                                            "Actual Loops": 1
                                        },
                                        {
                                            "Worker Number": 2,
                                            "Actual Startup Time": 37.779,
                                            "Actual Total Time": 75.95,
                                            "Actual Rows": 328382,
                                            "Actual Loops": 1
                                        }
                                    ]
                                }
                            ]
                        }
                    ]
                }
            ]
        },
        "Planning Time": 181.145,
        "Triggers": [],
        "Execution Time": 104.647
    }
]