[
    {
        "Bao": {
            "Bao prediction": 466.096,
            "Bao recommended hint": "SET enable_nestloop TO off; "
        }
    },
    {
        "Plan": {
            "Node Type": "Aggregate",
            "Strategy": "Plain",
            "Partial Mode": "Simple",
            "Parallel Aware": false,
            "Startup Cost": 49099.46,
            "Total Cost": 49099.47,
            "Plan Rows": 1,
            "Plan Width": 8,
            "Actual Startup Time": 140.989,
            "Actual Total Time": 148.048,
            "Actual Rows": 1,
            "Actual Loops": 1,
            "Output": [
                "count(*)"
            ],
            "Plans": [
                {
                    "Node Type": "Gather",
                    "Parent Relationship": "Outer",
                    "Parallel Aware": false,
                    "Startup Cost": 2039.64,
                    "Total Cost": 49099.45,
                    "Plan Rows": 4,
                    "Plan Width": 0,
                    "Actual Startup Time": 2.77,
                    "Actual Total Time": 147.977,
                    "Actual Rows": 896,
                    "Actual Loops": 1,
                    "Workers Planned": 4,
                    "Workers Launched": 4,
                    "Single Copy": false,
                    "Plans": [
                        {
                            "Node Type": "Hash Join",
                            "Parent Relationship": "Outer",
                            "Parallel Aware": false,
                            "Join Type": "Inner",
                            "Startup Cost": 1039.64,
                            "Total Cost": 48099.05,
                            "Plan Rows": 1,
                            "Plan Width": 0,
                            "Actual Startup Time": 3.778,
                            "Actual Total Time": 132.16,
                            "Actual Rows": 179,
                            "Actual Loops": 5,
                            "Inner Unique": false,
                            "Hash Cond": "(t.id = ci.movie_id)",
                            "Workers": [
                                {
                                    "Worker Number": 0,
                                    "Actual Startup Time": 4.937,
                                    "Actual Total Time": 129.785,
                                    "Actual Rows": 129,
                                    "Actual Loops": 1
                                },
                                {
                                    "Worker Number": 1,
                                    "Actual Startup Time": 3.05,
                                    "Actual Total Time": 129.979,
                                    "Actual Rows": 142,
                                    "Actual Loops": 1
                                },
                                {
                                    "Worker Number": 2,
                                    "Actual Startup Time": 3.533,
                                    "Actual Total Time": 130.545,
                                    "Actual Rows": 130,
                                    "Actual Loops": 1
                                },
                                {
                                    "Worker Number": 3,
                                    "Actual Startup Time": 5.333,
                                    "Actual Total Time": 130.651,
                                    "Actual Rows": 211,
                                    "Actual Loops": 1
                                }
                            ],
                            "Plans": [
                                {
                                    "Node Type": "Seq Scan",
                                    "Parent Relationship": "Outer",
                                    "Parallel Aware": true,
                                    "Relation Name": "title",
                                    "Schema": "public",
                                    "Alias": "t",
                                    "Startup Cost": 0.0,
                                    "Total Cost": 42318.81,
                                    "Plan Rows": 632080,
                                    "Plan Width": 4,
                                    "Actual Startup Time": 0.036,
                                    "Actual Total Time": 77.368,
                                    "Actual Rows": 505662,
                                    "Actual Loops": 5,
                                    "Output": [
                                        "t.id",
                                        "t.title",
                                        "t.imdb_index",
                                        "t.kind_id",
                                        "t.production_year",
                                        "t.imdb_id",
                                        "t.phonetic_code",
                                        "t.episode_of_id",
                                        "t.season_nr",
                                        "t.episode_nr",
                                        "t.series_years",
                                        "t.md5sum"
                                    ],
                                    "Workers": [
                                        {
                                            "Worker Number": 0,
                                            "Actual Startup Time": 0.039,
                                            "Actual Total Time": 78.054,
                                            "Actual Rows": 387236,
                                            "Actual Loops": 1
                                        },
                                        {
                                            "Worker Number": 1,
                                            "Actual Startup Time": 0.044,
                                            "Actual Total Time": 79.234,
                                            "Actual Rows": 378700,
                                            "Actual Loops": 1
                                        },
                                        {
                                            "Worker Number": 2,
                                            "Actual Startup Time": 0.04,
                                            "Actual Total Time": 78.426,
                                            "Actual Rows": 390450,
                                            "Actual Loops": 1
                                        },
                                        {
                                            "Worker Number": 3,
                                            "Actual Startup Time": 0.042,
                                            "Actual Total Time": 78.171,
                                            "Actual Rows": 588475,
                                            "Actual Loops": 1
                                        }
                                    ]
                                },
                                {
                                    "Node Type": "Hash",
                                    "Parent Relationship": "Inner",
                                    "Parallel Aware": false,
                                    "Startup Cost": 1039.59,
                                    "Total Cost": 1039.59,
                                    "Plan Rows": 4,
                                    "Plan Width": 4,
                                    "Actual Startup Time": 1.479,
                                    "Actual Total Time": 1.48,
                                    "Actual Rows": 896,
                                    "Actual Loops": 5,
                                    "Output": [
                                        "ci.movie_id"
                                    ],
                                    "Hash Buckets": 1024,
                                    "Original Hash Buckets": 1024,
                                    "Hash Batches": 1,
                                    "Original Hash Batches": 1,
                                    "Peak Memory Usage": 40,
                                    "Workers": [
                                        {
                                            "Worker Number": 0,
                                            "Actual Startup Time": 1.625,
                                            "Actual Total Time": 1.626,
                                            "Actual Rows": 896,
                                            "Actual Loops": 1
                                        },
                                        {
                                            "Worker Number": 1,
                                            "Actual Startup Time": 1.642,
                                            "Actual Total Time": 1.643,
                                            "Actual Rows": 896,
                                            "Actual Loops": 1
                                        },
                                        {
                                            "Worker Number": 2,
                                            "Actual Startup Time": 1.471,
                                            "Actual Total Time": 1.472,
                                            "Actual Rows": 896,
                                            "Actual Loops": 1
                                        },
                                        {
                                            "Worker Number": 3,
                                            "Actual Startup Time": 1.599,
                                            "Actual Total Time": 1.6,
                                            "Actual Rows": 896,
                                            "Actual Loops": 1
                                        }
                                    ],
                                    "Plans": [
                                        {
                                            "Node Type": "Index Scan",
                                            "Parent Relationship": "Outer",
                                            "Parallel Aware": false,
                                            "Scan Direction": "Forward",
                                            "Index Name": "person_id_cast_info",
                                            "Relation Name": "cast_info",
                                            "Schema": "public",
                                            "Alias": "ci",
                                            "Startup Cost": 0.56,
                                            "Total Cost": 1039.59,
                                            "Plan Rows": 4,
                                            "Plan Width": 4,
                                            "Actual Startup Time": 0.278,
                                            "Actual Total Time": 1.053,
                                            "Actual Rows": 896,
                                            "Actual Loops": 5,
                                            "Output": [
                                                "ci.movie_id"
                                            ],
                                            "Index Cond": "(ci.person_id = 1417425)",
                                            "Rows Removed by Index Recheck": 0,
                                            "Filter": "(ci.role_id > 10)",
                                            "Rows Removed by Filter": 2,
                                            "Workers": [
                                                {
                                                    "Worker Number": 0,
                                                    "Actual Startup Time": 0.325,
                                                    "Actual Total Time": 1.172,
                                                    "Actual Rows": 896,
                                                    "Actual Loops": 1
                                                },
                                                {
                                                    "Worker Number": 1,
                                                    "Actual Startup Time": 0.335,
                                                    "Actual Total Time": 1.202,
                                                    "Actual Rows": 896,
                                                    "Actual Loops": 1
                                                },
                                                {
                                                    "Worker Number": 2,
                                                    "Actual Startup Time": 0.34,
                                                    "Actual Total Time": 1.085,
                                                    "Actual Rows": 896,
                                                    "Actual Loops": 1
                                                },
                                                {
                                                    "Worker Number": 3,
                                                    "Actual Startup Time": 0.312,
                                                    "Actual Total Time": 1.106,
                                                    "Actual Rows": 896,
                                                    "Actual Loops": 1
                                                }
                                            ]
                                        }
                                    ]
                                }
                            ]
                        }
                    ]
                }
            ]
        },
        "Planning Time": 669.466,
        "Triggers": [],
        "Execution Time": 148.138
    }
]