{
    "Plan": {
        "Node Type": "Aggregate",
        "Strategy": "Plain",
        "Partial Mode": "Finalize",
        "Parallel Aware": false,
        "Startup Cost": 616743.62,
        "Total Cost": 616743.63,
        "Plan Rows": 1,
        "Plan Width": 8,
        "Actual Startup Time": 3066.593,
        "Actual Total Time": 3147.113,
        "Actual Rows": 1,
        "Actual Loops": 1,
        "Output": [
            "count(*)"
        ],
        "Plans": [
            {
                "Node Type": "Gather",
                "Parent Relationship": "Outer",
                "Parallel Aware": false,
                "Startup Cost": 616743.0,
                "Total Cost": 616743.61,
                "Plan Rows": 6,
                "Plan Width": 8,
                "Actual Startup Time": 3046.221,
                "Actual Total Time": 3147.099,
                "Actual Rows": 7,
                "Actual Loops": 1,
                "Output": [
                    "(PARTIAL count(*))"
                ],
                "Workers Planned": 6,
                "Workers Launched": 6,
                "Single Copy": false,
                "Plans": [
                    {
                        "Node Type": "Aggregate",
                        "Strategy": "Plain",
                        "Partial Mode": "Partial",
                        "Parent Relationship": "Outer",
                        "Parallel Aware": false,
                        "Startup Cost": 615743.0,
                        "Total Cost": 615743.01,
                        "Plan Rows": 1,
                        "Plan Width": 8,
                        "Actual Startup Time": 3030.888,
                        "Actual Total Time": 3031.288,
                        "Actual Rows": 1,
                        "Actual Loops": 7,
                        "Output": [
                            "PARTIAL count(*)"
                        ],
                        "Workers": [
                            {
                                "Worker Number": 0,
                                "Actual Startup Time": 3028.149,
                                "Actual Total Time": 3028.153,
                                "Actual Rows": 1,
                                "Actual Loops": 1
                            },
                            {
                                "Worker Number": 1,
                                "Actual Startup Time": 3028.19,
                                "Actual Total Time": 3028.195,
                                "Actual Rows": 1,
                                "Actual Loops": 1
                            },
                            {
                                "Worker Number": 2,
                                "Actual Startup Time": 3029.861,
                                "Actual Total Time": 3029.866,
                                "Actual Rows": 1,
                                "Actual Loops": 1
                            },
                            {
                                "Worker Number": 3,
                                "Actual Startup Time": 3028.349,
                                "Actual Total Time": 3028.355,
                                "Actual Rows": 1,
                                "Actual Loops": 1
                            },
                            {
                                "Worker Number": 4,
                                "Actual Startup Time": 3028.245,
                                "Actual Total Time": 3028.249,
                                "Actual Rows": 1,
                                "Actual Loops": 1
                            },
                            {
                                "Worker Number": 5,
                                "Actual Startup Time": 3028.224,
                                "Actual Total Time": 3028.228,
                                "Actual Rows": 1,
                                "Actual Loops": 1
                            }
                        ],
                        "Plans": [
                            {
                                "Node Type": "Hash Join",
                                "Parent Relationship": "Outer",
                                "Parallel Aware": true,
                                "Join Type": "Inner",
                                "Startup Cost": 253489.58,
                                "Total Cost": 608030.96,
                                "Plan Rows": 3084816,
                                "Plan Width": 0,
                                "Actual Startup Time": 752.216,
                                "Actual Total Time": 2854.949,
                                "Actual Rows": 4067536,
                                "Actual Loops": 7,
                                "Inner Unique": false,
                                "Hash Cond": "(ci.movie_id = t.id)",
                                "Workers": [
                                    {
                                        "Worker Number": 0,
                                        "Actual Startup Time": 749.648,
                                        "Actual Total Time": 2845.266,
                                        "Actual Rows": 3652999,
                                        "Actual Loops": 1
                                    },
                                    {
                                        "Worker Number": 1,
                                        "Actual Startup Time": 749.683,
                                        "Actual Total Time": 2858.051,
                                        "Actual Rows": 4382431,
                                        "Actual Loops": 1
                                    },
                                    {
                                        "Worker Number": 2,
                                        "Actual Startup Time": 749.744,
                                        "Actual Total Time": 2859.285,
                                        "Actual Rows": 4394476,
                                        "Actual Loops": 1
                                    },
                                    {
                                        "Worker Number": 3,
                                        "Actual Startup Time": 750.088,
                                        "Actual Total Time": 2874.759,
                                        "Actual Rows": 3940483,
                                        "Actual Loops": 1
                                    },
                                    {
                                        "Worker Number": 4,
                                        "Actual Startup Time": 749.71,
                                        "Actual Total Time": 2847.107,
                                        "Actual Rows": 3712825,
                                        "Actual Loops": 1
                                    },
                                    {
                                        "Worker Number": 5,
                                        "Actual Startup Time": 749.705,
                                        "Actual Total Time": 2840.559,
                                        "Actual Rows": 3677802,
                                        "Actual Loops": 1
                                    }
                                ],
                                "Plans": [
                                    {
                                        "Node Type": "Seq Scan",
                                        "Parent Relationship": "Outer",
                                        "Parallel Aware": true,
                                        "Relation Name": "cast_info",
                                        "Schema": "public",
                                        "Alias": "ci",
                                        "Startup Cost": 0.0,
                                        "Total Cost": 328213.62,
                                        "Plan Rows": 5375500,
                                        "Plan Width": 4,
                                        "Actual Startup Time": 44.985,
                                        "Actual Total Time": 662.395,
                                        "Actual Rows": 4600051,
                                        "Actual Loops": 7,
                                        "Output": [
                                            "ci.id",
                                            "ci.person_id",
                                            "ci.movie_id",
                                            "ci.person_role_id",
                                            "ci.note",
                                            "ci.nr_order",
                                            "ci.role_id"
                                        ],
                                        "Filter": "(ci.person_id > 387934)",
                                        "Rows Removed by Filter": 577713,
                                        "Workers": [
                                            {
                                                "Worker Number": 0,
                                                "Actual Startup Time": 44.933,
                                                "Actual Total Time": 693.274,
                                                "Actual Rows": 4117732,
                                                "Actual Loops": 1
                                            },
                                            {
                                                "Worker Number": 1,
                                                "Actual Startup Time": 44.975,
                                                "Actual Total Time": 671.776,
                                                "Actual Rows": 4956129,
                                                "Actual Loops": 1
                                            },
                                            {
                                                "Worker Number": 2,
                                                "Actual Startup Time": 45.007,
                                                "Actual Total Time": 671.096,
                                                "Actual Rows": 4968586,
                                                "Actual Loops": 1
                                            },
                                            {
                                                "Worker Number": 3,
                                                "Actual Startup Time": 44.982,
                                                "Actual Total Time": 637.13,
                                                "Actual Rows": 4456698,
                                                "Actual Loops": 1
                                            },
                                            {
                                                "Worker Number": 4,
                                                "Actual Startup Time": 44.993,
                                                "Actual Total Time": 689.813,
                                                "Actual Rows": 4203421,
                                                "Actual Loops": 1
                                            },
                                            {
                                                "Worker Number": 5,
                                                "Actual Startup Time": 45.014,
                                                "Actual Total Time": 698.72,
                                                "Actual Rows": 4096190,
                                                "Actual Loops": 1
                                            }
                                        ]
                                    },
                                    {
                                        "Node Type": "Hash",
                                        "Parent Relationship": "Inner",
                                        "Parallel Aware": true,
                                        "Startup Cost": 249862.28,
                                        "Total Cost": 249862.28,
                                        "Plan Rows": 290184,
                                        "Plan Width": 8,
                                        "Actual Startup Time": 702.219,
                                        "Actual Total Time": 702.618,
                                        "Actual Rows": 200272,
                                        "Actual Loops": 7,
                                        "Output": [
                                            "t.id",
                                            "mi.movie_id"
                                        ],
                                        "Hash Buckets": 2097152,
                                        "Original Hash Buckets": 2097152,
                                        "Hash Batches": 1,
                                        "Original Hash Batches": 1,
                                        "Peak Memory Usage": 71328,
                                        "Workers": [
                                            {
                                                "Worker Number": 0,
                                                "Actual Startup Time": 703.918,
                                                "Actual Total Time": 703.921,
                                                "Actual Rows": 163555,
                                                "Actual Loops": 1
                                            },
                                            {
                                                "Worker Number": 1,
                                                "Actual Startup Time": 704.036,
                                                "Actual Total Time": 704.039,
                                                "Actual Rows": 229489,
                                                "Actual Loops": 1
                                            },
                                            {
                                                "Worker Number": 2,
                                                "Actual Startup Time": 704.033,
                                                "Actual Total Time": 704.037,
                                                "Actual Rows": 229227,
                                                "Actual Loops": 1
                                            },
                                            {
                                                "Worker Number": 3,
                                                "Actual Startup Time": 704.28,
                                                "Actual Total Time": 704.283,
                                                "Actual Rows": 210605,
                                                "Actual Loops": 1
                                            },
                                            {
                                                "Worker Number": 4,
                                                "Actual Startup Time": 704.091,
                                                "Actual Total Time": 704.094,
                                                "Actual Rows": 162176,
                                                "Actual Loops": 1
                                            },
                                            {
                                                "Worker Number": 5,
                                                "Actual Startup Time": 704.049,
                                                "Actual Total Time": 704.053,
                                                "Actual Rows": 163462,
                                                "Actual Loops": 1
                                            }
                                        ],
                                        "Plans": [
                                            {
                                                "Node Type": "Hash Join",
                                                "Parent Relationship": "Outer",
                                                "Parallel Aware": true,
                                                "Join Type": "Inner",
                                                "Startup Cost": 50219.81,
                                                "Total Cost": 249862.28,
                                                "Plan Rows": 290184,
                                                "Plan Width": 8,
                                                "Actual Startup Time": 316.061,
                                                "Actual Total Time": 625.179,
                                                "Actual Rows": 200272,
                                                "Actual Loops": 7,
                                                "Output": [
                                                    "t.id",
                                                    "mi.movie_id"
                                                ],
                                                "Inner Unique": true,
                                                "Hash Cond": "(mi.movie_id = t.id)",
                                                "Workers": [
                                                    {
                                                        "Worker Number": 0,
                                                        "Actual Startup Time": 316.071,
                                                        "Actual Total Time": 627.01,
                                                        "Actual Rows": 163555,
                                                        "Actual Loops": 1
                                                    },
                                                    {
                                                        "Worker Number": 1,
                                                        "Actual Startup Time": 316.054,
                                                        "Actual Total Time": 624.219,
                                                        "Actual Rows": 229489,
                                                        "Actual Loops": 1
                                                    },
                                                    {
                                                        "Worker Number": 2,
                                                        "Actual Startup Time": 316.065,
                                                        "Actual Total Time": 624.433,
                                                        "Actual Rows": 229227,
                                                        "Actual Loops": 1
                                                    },
                                                    {
                                                        "Worker Number": 3,
                                                        "Actual Startup Time": 316.031,
                                                        "Actual Total Time": 625.283,
                                                        "Actual Rows": 210605,
                                                        "Actual Loops": 1
                                                    },
                                                    {
                                                        "Worker Number": 4,
                                                        "Actual Startup Time": 316.036,
                                                        "Actual Total Time": 624.388,
                                                        "Actual Rows": 162176,
                                                        "Actual Loops": 1
                                                    },
                                                    {
                                                        "Worker Number": 5,
                                                        "Actual Startup Time": 316.025,
                                                        "Actual Total Time": 624.344,
                                                        "Actual Rows": 163462,
                                                        "Actual Loops": 1
                                                    }
                                                ],
                                                "Plans": [
                                                    {
                                                        "Node Type": "Seq Scan",
                                                        "Parent Relationship": "Outer",
                                                        "Parallel Aware": true,
                                                        "Relation Name": "movie_info",
                                                        "Schema": "public",
                                                        "Alias": "mi",
                                                        "Startup Cost": 0.0,
                                                        "Total Cost": 198880.74,
                                                        "Plan Rows": 290184,
                                                        "Plan Width": 4,
                                                        "Actual Startup Time": 47.104,
                                                        "Actual Total Time": 291.148,
                                                        "Actual Rows": 200272,
                                                        "Actual Loops": 7,
                                                        "Output": [
                                                            "mi.id",
                                                            "mi.movie_id",
                                                            "mi.info_type_id",
                                                            "mi.info",
                                                            "mi.note"
                                                        ],
                                                        "Filter": "(mi.info_type_id = 7)",
                                                        "Rows Removed by Filter": 1919117,
                                                        "Workers": [
                                                            {
                                                                "Worker Number": 0,
                                                                "Actual Startup Time": 47.057,
                                                                "Actual Total Time": 292.782,
                                                                "Actual Rows": 163555,
                                                                "Actual Loops": 1
                                                            },
                                                            {
                                                                "Worker Number": 1,
                                                                "Actual Startup Time": 47.156,
                                                                "Actual Total Time": 290.867,
                                                                "Actual Rows": 229489,
                                                                "Actual Loops": 1
                                                            },
                                                            {
                                                                "Worker Number": 2,
                                                                "Actual Startup Time": 47.183,
                                                                "Actual Total Time": 291.208,
                                                                "Actual Rows": 229227,
                                                                "Actual Loops": 1
                                                            },
                                                            {
                                                                "Worker Number": 3,
                                                                "Actual Startup Time": 47.158,
                                                                "Actual Total Time": 290.195,
                                                                "Actual Rows": 210605,
                                                                "Actual Loops": 1
                                                            },
                                                            {
                                                                "Worker Number": 4,
                                                                "Actual Startup Time": 47.047,
                                                                "Actual Total Time": 292.493,
                                                                "Actual Rows": 162176,
                                                                "Actual Loops": 1
                                                            },
                                                            {
                                                                "Worker Number": 5,
                                                                "Actual Startup Time": 47.053,
                                                                "Actual Total Time": 292.913,
                                                                "Actual Rows": 163462,
                                                                "Actual Loops": 1
                                                            }
                                                        ]
                                                    },
                                                    {
                                                        "Node Type": "Hash",
                                                        "Parent Relationship": "Inner",
                                                        "Parallel Aware": true,
                                                        "Startup Cost": 42318.81,
                                                        "Total Cost": 42318.81,
                                                        "Plan Rows": 632080,
                                                        "Plan Width": 4,
                                                        "Actual Startup Time": 264.787,
                                                        "Actual Total Time": 264.788,
                                                        "Actual Rows": 361187,
                                                        "Actual Loops": 7,
                                                        "Output": [
                                                            "t.id"
                                                        ],
                                                        "Hash Buckets": 4194304,
                                                        "Original Hash Buckets": 4194304,
                                                        "Hash Batches": 1,
                                                        "Original Hash Batches": 1,
                                                        "Peak Memory Usage": 131808,
                                                        "Workers": [
                                                            {
                                                                "Worker Number": 0,
                                                                "Actual Startup Time": 268.666,
                                                                "Actual Total Time": 268.667,
                                                                "Actual Rows": 294551,
                                                                "Actual Loops": 1
                                                            },
                                                            {
                                                                "Worker Number": 1,
                                                                "Actual Startup Time": 268.78,
                                                                "Actual Total Time": 268.781,
                                                                "Actual Rows": 384620,
                                                                "Actual Loops": 1
                                                            },
                                                            {
                                                                "Worker Number": 2,
                                                                "Actual Startup Time": 268.811,
                                                                "Actual Total Time": 268.812,
                                                                "Actual Rows": 389173,
                                                                "Actual Loops": 1
                                                            },
                                                            {
                                                                "Worker Number": 3,
                                                                "Actual Startup Time": 268.7,
                                                                "Actual Total Time": 268.701,
                                                                "Actual Rows": 345643,
                                                                "Actual Loops": 1
                                                            },
                                                            {
                                                                "Worker Number": 4,
                                                                "Actual Startup Time": 268.611,
                                                                "Actual Total Time": 268.611,
                                                                "Actual Rows": 291417,
                                                                "Actual Loops": 1
                                                            },
                                                            {
                                                                "Worker Number": 5,
                                                                "Actual Startup Time": 268.618,
                                                                "Actual Total Time": 268.619,
                                                                "Actual Rows": 296870,
                                                                "Actual Loops": 1
                                                            }
                                                        ],
                                                        "Plans": [
                                                            {
                                                                "Node Type": "Seq Scan",
                                                                "Parent Relationship": "Outer",
                                                                "Parallel Aware": true,
                                                                "Relation Name": "title",
                                                                "Schema": "public",
                                                                "Alias": "t",
                                                                "Startup Cost": 0.0,
                                                                "Total Cost": 42318.81,
                                                                "Plan Rows": 632080,
                                                                "Plan Width": 4,
                                                                "Actual Startup Time": 0.079,
                                                                "Actual Total Time": 75.017,
                                                                "Actual Rows": 361187,
                                                                "Actual Loops": 7,
                                                                "Output": [
                                                                    "t.id"
                                                                ],
                                                                "Workers": [
                                                                    {
                                                                        "Worker Number": 0,
                                                                        "Actual Startup Time": 0.119,
                                                                        "Actual Total Time": 79.468,
                                                                        "Actual Rows": 294551,
                                                                        "Actual Loops": 1
                                                                    },
                                                                    {
                                                                        "Worker Number": 1,
                                                                        "Actual Startup Time": 0.113,
                                                                        "Actual Total Time": 75.85,
                                                                        "Actual Rows": 384620,
                                                                        "Actual Loops": 1
                                                                    },
                                                                    {
                                                                        "Worker Number": 2,
                                                                        "Actual Startup Time": 0.077,
                                                                        "Actual Total Time": 76.483,
                                                                        "Actual Rows": 389173,
                                                                        "Actual Loops": 1
                                                                    },
                                                                    {
                                                                        "Worker Number": 3,
                                                                        "Actual Startup Time": 0.073,
                                                                        "Actual Total Time": 73.766,
                                                                        "Actual Rows": 345643,
                                                                        "Actual Loops": 1
                                                                    },
                                                                    {
                                                                        "Worker Number": 4,
                                                                        "Actual Startup Time": 0.075,
                                                                        "Actual Total Time": 79.301,
                                                                        "Actual Rows": 291417,
                                                                        "Actual Loops": 1
                                                                    },
                                                                    {
                                                                        "Worker Number": 5,
                                                                        "Actual Startup Time": 0.076,
                                                                        "Actual Total Time": 79.825,
                                                                        "Actual Rows": 296870,
                                                                        "Actual Loops": 1
                                                                    }
                                                                ]
                                                            }
                                                        ]
                                                    }
                                                ]
                                            }
                                        ]
                                    }
                                ]
                            }
                        ]
                    }
                ]
            }
        ]
    },
    "Planning Time": 1.538,
    "Triggers": [],
    "Execution Time": 3147.213
}