{
  "Plan": {
    "Node Type": "Aggregate",
    "Strategy": "Plain",
    "Partial Mode": "Finalize",
    "Parallel Aware": false,
    "Startup Cost": 142729.53,
    "Total Cost": 142729.54,
    "Plan Rows": 1,
    "Plan Width": 8,
    "Actual Startup Time": 1074.925,
    "Actual Total Time": 1099.193,
    "Actual Rows": 1,
    "Actual Loops": 1,
    "Plans": [
      {
        "Node Type": "Gather",
        "Parent Relationship": "Outer",
        "Parallel Aware": false,
        "Startup Cost": 142729.42,
        "Total Cost": 142729.53,
        "Plan Rows": 1,
        "Plan Width": 8,
        "Actual Startup Time": 1069.155,
        "Actual Total Time": 1099.186,
        "Actual Rows": 2,
        "Actual Loops": 1,
        "Workers Planned": 1,
        "Workers Launched": 1,
        "Single Copy": false,
        "Plans": [
          {
            "Node Type": "Aggregate",
            "Strategy": "Plain",
            "Partial Mode": "Partial",
            "Parent Relationship": "Outer",
            "Parallel Aware": false,
            "Startup Cost": 141729.42,
            "Total Cost": 141729.43,
            "Plan Rows": 1,
            "Plan Width": 8,
            "Actual Startup Time": 1062.683,
            "Actual Total Time": 1062.689,
            "Actual Rows": 1,
            "Actual Loops": 2,
            "Plans": [
              {
                "Node Type": "Hash Join",
                "Parent Relationship": "Outer",
                "Parallel Aware": true,
                "Join Type": "Inner",
                "Startup Cost": 120707.53,
                "Total Cost": 141155.34,
                "Plan Rows": 229631,
                "Plan Width": 0,
                "Actual Startup Time": 849.58,
                "Actual Total Time": 1032.924,
                "Actual Rows": 747738,
                "Actual Loops": 2,
                "Inner Unique": false,
                "Hash Cond": "(mi_idx.movie_id = t.id)",
                "Plans": [
                  {
                    "Node Type": "Seq Scan",
                    "Parent Relationship": "Outer",
                    "Parallel Aware": true,
                    "Relation Name": "movie_info_idx",
                    "Alias": "mi_idx",
                    "Startup Cost": 0.0,
                    "Total Cost": 16052.85,
                    "Plan Rows": 811785,
                    "Plan Width": 4,
                    "Actual Startup Time": 0.025,
                    "Actual Total Time": 48.901,
                    "Actual Rows": 690018,
                    "Actual Loops": 2
                  },
                  {
                    "Node Type": "Hash",
                    "Parent Relationship": "Inner",
                    "Parallel Aware": true,
                    "Startup Cost": 115448.83,
                    "Total Cost": 115448.83,
                    "Plan Rows": 420696,
                    "Plan Width": 8,
                    "Actual Startup Time": 840.564,
                    "Actual Total Time": 840.569,
                    "Actual Rows": 359940,
                    "Actual Loops": 2,
                    "Hash Buckets": 1048576,
                    "Original Hash Buckets": 1048576,
                    "Hash Batches": 1,
                    "Original Hash Batches": 1,
                    "Peak Memory Usage": 36384,
                    "Plans": [
                      {
                        "Node Type": "Hash Join",
                        "Parent Relationship": "Outer",
                        "Parallel Aware": true,
                        "Join Type": "Inner",
                        "Startup Cost": 84631.8,
                        "Total Cost": 115448.83,
                        "Plan Rows": 420696,
                        "Plan Width": 8,
                        "Actual Startup Time": 562.126,
                        "Actual Total Time": 756.829,
                        "Actual Rows": 359940,
                        "Actual Loops": 2,
                        "Inner Unique": true,
                        "Hash Cond": "(mk.movie_id = t.id)",
                        "Plans": [
                          {
                            "Node Type": "Bitmap Heap Scan",
                            "Parent Relationship": "Outer",
                            "Parallel Aware": true,
                            "Relation Name": "movie_keyword",
                            "Alias": "mk",
                            "Startup Cost": 15171.1,
                            "Total Cost": 44883.8,
                            "Plan Rows": 420696,
                            "Plan Width": 4,
                            "Actual Startup Time": 41.064,
                            "Actual Total Time": 127.001,
                            "Actual Rows": 359940,
                            "Actual Loops": 2,
                            "Recheck Cond": "(keyword_id < 640)",
                            "Rows Removed by Index Recheck": 0,
                            "Exact Heap Blocks": 13226,
                            "Lossy Heap Blocks": 0,
                            "Plans": [
                              {
                                "Node Type": "Bitmap Index Scan",
                                "Parent Relationship": "Outer",
                                "Parallel Aware": false,
                                "Index Name": "keyword_id_movie_keyword",
                                "Startup Cost": 0.0,
                                "Total Cost": 14992.31,
                                "Plan Rows": 715183,
                                "Plan Width": 0,
                                "Actual Startup Time": 37.461,
                                "Actual Total Time": 37.461,
                                "Actual Rows": 719880,
                                "Actual Loops": 1,
                                "Index Cond": "(keyword_id < 640)"
                              }
                            ]
                          },
                          {
                            "Node Type": "Hash",
                            "Parent Relationship": "Inner",
                            "Parallel Aware": true,
                            "Startup Cost": 50870.31,
                            "Total Cost": 50870.31,
                            "Plan Rows": 1487231,
                            "Plan Width": 4,
                            "Actual Startup Time": 505.909,
                            "Actual Total Time": 505.909,
                            "Actual Rows": 1264156,
                            "Actual Loops": 2,
                            "Hash Buckets": 4194304,
                            "Original Hash Buckets": 4194304,
                            "Hash Batches": 1,
                            "Original Hash Batches": 1,
                            "Peak Memory Usage": 131712,
                            "Plans": [
                              {
                                "Node Type": "Seq Scan",
                                "Parent Relationship": "Outer",
                                "Parallel Aware": true,
                                "Relation Name": "title",
                                "Alias": "t",
                                "Startup Cost": 0.0,
                                "Total Cost": 50870.31,
                                "Plan Rows": 1487231,
                                "Plan Width": 4,
                                "Actual Startup Time": 0.032,
                                "Actual Total Time": 152.974,
                                "Actual Rows": 1264156,
                                "Actual Loops": 2
                              }
                            ]
                          }
                        ]
                      }
                    ]
                  }
                ]
              }
            ]
          }
        ]
      }
    ]
  },
  "Planning Time": 1.095,
  "Triggers": [],
  "Execution Time": 1099.297
}