[
    {
        "Bao": {
            "Bao prediction": "NaN",
            "Bao recommended hint": "(no hint)"
        }
    },
    {
        "Plan": {
            "Node Type": "Aggregate",
            "Strategy": "Plain",
            "Partial Mode": "Finalize",
            "Parallel Aware": false,
            "Startup Cost": 420482.66,
            "Total Cost": 420482.67,
            "Plan Rows": 1,
            "Plan Width": 8,
            "Actual Startup Time": 2473.085,
            "Actual Total Time": 2504.478,
            "Actual Rows": 1,
            "Actual Loops": 1,
            "Output": [
                "count(*)"
            ],
            "Plans": [
                {
                    "Node Type": "Gather",
                    "Parent Relationship": "Outer",
                    "Parallel Aware": false,
                    "Startup Cost": 420482.13,
                    "Total Cost": 420482.64,
                    "Plan Rows": 5,
                    "Plan Width": 8,
                    "Actual Startup Time": 2466.899,
                    "Actual Total Time": 2504.468,
                    "Actual Rows": 6,
                    "Actual Loops": 1,
                    "Output": [
                        "(PARTIAL count(*))"
                    ],
                    "Workers Planned": 5,
                    "Workers Launched": 5,
                    "Single Copy": false,
                    "Plans": [
                        {
                            "Node Type": "Aggregate",
                            "Strategy": "Plain",
                            "Partial Mode": "Partial",
                            "Parent Relationship": "Outer",
                            "Parallel Aware": false,
                            "Startup Cost": 419482.13,
                            "Total Cost": 419482.14,
                            "Plan Rows": 1,
                            "Plan Width": 8,
                            "Actual Startup Time": 2452.022,
                            "Actual Total Time": 2452.028,
                            "Actual Rows": 1,
                            "Actual Loops": 6,
                            "Output": [
                                "PARTIAL count(*)"
                            ],
                            "Workers": [
                                {
                                    "Worker Number": 0,
                                    "Actual Startup Time": 2449.031,
                                    "Actual Total Time": 2449.036,
                                    "Actual Rows": 1,
                                    "Actual Loops": 1
                                },
                                {
                                    "Worker Number": 1,
                                    "Actual Startup Time": 2449.039,
                                    "Actual Total Time": 2449.045,
                                    "Actual Rows": 1,
                                    "Actual Loops": 1
                                },
                                {
                                    "Worker Number": 2,
                                    "Actual Startup Time": 2449.065,
                                    "Actual Total Time": 2449.07,
                                    "Actual Rows": 1,
                                    "Actual Loops": 1
                                },
                                {
                                    "Worker Number": 3,
                                    "Actual Startup Time": 2449.323,
                                    "Actual Total Time": 2449.328,
                                    "Actual Rows": 1,
                                    "Actual Loops": 1
                                },
                                {
                                    "Worker Number": 4,
                                    "Actual Startup Time": 2449.385,
                                    "Actual Total Time": 2449.39,
                                    "Actual Rows": 1,
                                    "Actual Loops": 1
                                }
                            ],
                            "Plans": [
                                {
                                    "Node Type": "Hash Join",
                                    "Parent Relationship": "Outer",
                                    "Parallel Aware": true,
                                    "Join Type": "Inner",
                                    "Startup Cost": 206451.42,
                                    "Total Cost": 413670.35,
                                    "Plan Rows": 2324712,
                                    "Plan Width": 0,
                                    "Actual Startup Time": 781.313,
                                    "Actual Total Time": 2189.335,
                                    "Actual Rows": 5048153,
                                    "Actual Loops": 6,
                                    "Inner Unique": false,
                                    "Hash Cond": "(mi.movie_id = t.id)",
                                    "Workers": [
                                        {
                                            "Worker Number": 0,
                                            "Actual Startup Time": 778.128,
                                            "Actual Total Time": 2184.759,
                                            "Actual Rows": 4940708,
                                            "Actual Loops": 1
                                        },
                                        {
                                            "Worker Number": 1,
                                            "Actual Startup Time": 778.386,
                                            "Actual Total Time": 2179.443,
                                            "Actual Rows": 4190146,
                                            "Actual Loops": 1
                                        },
                                        {
                                            "Worker Number": 2,
                                            "Actual Startup Time": 778.606,
                                            "Actual Total Time": 2180.21,
                                            "Actual Rows": 4308142,
                                            "Actual Loops": 1
                                        },
                                        {
                                            "Worker Number": 3,
                                            "Actual Startup Time": 778.677,
                                            "Actual Total Time": 2201.206,
                                            "Actual Rows": 6148142,
                                            "Actual Loops": 1
                                        },
                                        {
                                            "Worker Number": 4,
                                            "Actual Startup Time": 780.491,
                                            "Actual Total Time": 2203.024,
                                            "Actual Rows": 6227593,
                                            "Actual Loops": 1
                                        }
                                    ],
                                    "Plans": [
                                        {
                                            "Node Type": "Seq Scan",
                                            "Parent Relationship": "Outer",
                                            "Parallel Aware": true,
                                            "Relation Name": "movie_info",
                                            "Schema": "public",
                                            "Alias": "mi",
                                            "Startup Cost": 0.0,
                                            "Total Cost": 191503.19,
                                            "Plan Rows": 2951019,
                                            "Plan Width": 4,
                                            "Actual Startup Time": 0.043,
                                            "Actual Total Time": 307.18,
                                            "Actual Rows": 2472620,
                                            "Actual Loops": 6,
                                            "Output": [
                                                "mi.id",
                                                "mi.movie_id",
                                                "mi.info_type_id",
                                                "mi.info",
                                                "mi.note"
                                            ],
                                            "Workers": [
                                                {
                                                    "Worker Number": 0,
                                                    "Actual Startup Time": 0.032,
                                                    "Actual Total Time": 313.668,
                                                    "Actual Rows": 2414036,
                                                    "Actual Loops": 1
                                                },
                                                {
                                                    "Worker Number": 1,
                                                    "Actual Startup Time": 0.037,
                                                    "Actual Total Time": 322.255,
                                                    "Actual Rows": 2061766,
                                                    "Actual Loops": 1
                                                },
                                                {
                                                    "Worker Number": 2,
                                                    "Actual Startup Time": 0.035,
                                                    "Actual Total Time": 318.301,
                                                    "Actual Rows": 2203238,
                                                    "Actual Loops": 1
                                                },
                                                {
                                                    "Worker Number": 3,
                                                    "Actual Startup Time": 0.071,
                                                    "Actual Total Time": 322.821,
                                                    "Actual Rows": 2931713,
                                                    "Actual Loops": 1
                                                },
                                                {
                                                    "Worker Number": 4,
                                                    "Actual Startup Time": 0.071,
                                                    "Actual Total Time": 323.188,
                                                    "Actual Rows": 2978338,
                                                    "Actual Loops": 1
                                                }
                                            ]
                                        },
                                        {
                                            "Node Type": "Hash",
                                            "Parent Relationship": "Inner",
                                            "Parallel Aware": true,
                                            "Startup Cost": 201472.11,
                                            "Total Cost": 201472.11,
                                            "Plan Rows": 398345,
                                            "Plan Width": 8,
                                            "Actual Startup Time": 775.975,
                                            "Actual Total Time": 775.979,
                                            "Actual Rows": 210095,
                                            "Actual Loops": 6,
                                            "Output": [
                                                "t.id",
                                                "ci.movie_id"
                                            ],
                                            "Hash Buckets": 2097152,
                                            "Original Hash Buckets": 2097152,
                                            "Hash Batches": 1,
                                            "Original Hash Batches": 1,
                                            "Peak Memory Usage": 65760,
                                            "Workers": [
                                                {
                                                    "Worker Number": 0,
                                                    "Actual Startup Time": 777.387,
                                                    "Actual Total Time": 777.39,
                                                    "Actual Rows": 183798,
                                                    "Actual Loops": 1
                                                },
                                                {
                                                    "Worker Number": 1,
                                                    "Actual Startup Time": 777.283,
                                                    "Actual Total Time": 777.287,
                                                    "Actual Rows": 185142,
                                                    "Actual Loops": 1
                                                },
                                                {
                                                    "Worker Number": 2,
                                                    "Actual Startup Time": 777.393,
                                                    "Actual Total Time": 777.397,
                                                    "Actual Rows": 189495,
                                                    "Actual Loops": 1
                                                },
                                                {
                                                    "Worker Number": 3,
                                                    "Actual Startup Time": 777.812,
                                                    "Actual Total Time": 777.816,
                                                    "Actual Rows": 256014,
                                                    "Actual Loops": 1
                                                },
                                                {
                                                    "Worker Number": 4,
                                                    "Actual Startup Time": 777.837,
                                                    "Actual Total Time": 777.841,
                                                    "Actual Rows": 254029,
                                                    "Actual Loops": 1
                                                }
                                            ],
                                            "Plans": [
                                                {
                                                    "Node Type": "Hash Join",
                                                    "Parent Relationship": "Outer",
                                                    "Parallel Aware": true,
                                                    "Join Type": "Inner",
                                                    "Startup Cost": 46675.02,
                                                    "Total Cost": 201472.11,
                                                    "Plan Rows": 398345,
                                                    "Plan Width": 8,
                                                    "Actual Startup Time": 193.107,
                                                    "Actual Total Time": 678.915,
                                                    "Actual Rows": 210095,
                                                    "Actual Loops": 6,
                                                    "Output": [
                                                        "t.id",
                                                        "ci.movie_id"
                                                    ],
                                                    "Inner Unique": true,
                                                    "Hash Cond": "(ci.movie_id = t.id)",
                                                    "Workers": [
                                                        {
                                                            "Worker Number": 0,
                                                            "Actual Startup Time": 194.15,
                                                            "Actual Total Time": 681.811,
                                                            "Actual Rows": 183798,
                                                            "Actual Loops": 1
                                                        },
                                                        {
                                                            "Worker Number": 1,
                                                            "Actual Startup Time": 193.492,
                                                            "Actual Total Time": 683.141,
                                                            "Actual Rows": 185142,
                                                            "Actual Loops": 1
                                                        },
                                                        {
                                                            "Worker Number": 2,
                                                            "Actual Startup Time": 192.687,
                                                            "Actual Total Time": 678.766,
                                                            "Actual Rows": 189495,
                                                            "Actual Loops": 1
                                                        },
                                                        {
                                                            "Worker Number": 3,
                                                            "Actual Startup Time": 192.537,
                                                            "Actual Total Time": 674.592,
                                                            "Actual Rows": 256014,
                                                            "Actual Loops": 1
                                                        },
                                                        {
                                                            "Worker Number": 4,
                                                            "Actual Startup Time": 192.531,
                                                            "Actual Total Time": 675.926,
                                                            "Actual Rows": 254029,
                                                            "Actual Loops": 1
                                                        }
                                                    ],
                                                    "Plans": [
                                                        {
                                                            "Node Type": "Index Scan",
                                                            "Parent Relationship": "Outer",
                                                            "Parallel Aware": true,
                                                            "Scan Direction": "Forward",
                                                            "Index Name": "role_id_cast_info",
                                                            "Relation Name": "cast_info",
                                                            "Schema": "public",
                                                            "Alias": "ci",
                                                            "Startup Cost": 0.56,
                                                            "Total Cost": 151820.94,
                                                            "Plan Rows": 1133987,
                                                            "Plan Width": 4,
                                                            "Actual Startup Time": 0.116,
                                                            "Actual Total Time": 200.663,
                                                            "Actual Rows": 955449,
                                                            "Actual Loops": 6,
                                                            "Output": [
                                                                "ci.id",
                                                                "ci.person_id",
                                                                "ci.movie_id",
                                                                "ci.person_role_id",
                                                                "ci.note",
                                                                "ci.nr_order",
                                                                "ci.role_id"
                                                            ],
                                                            "Index Cond": "(ci.role_id > 8)",
                                                            "Rows Removed by Index Recheck": 0,
                                                            "Workers": [
                                                                {
                                                                    "Worker Number": 0,
                                                                    "Actual Startup Time": 0.067,
                                                                    "Actual Total Time": 208.267,
                                                                    "Actual Rows": 844752,
                                                                    "Actual Loops": 1
                                                                },
                                                                {
                                                                    "Worker Number": 1,
                                                                    "Actual Startup Time": 0.061,
                                                                    "Actual Total Time": 206.41,
                                                                    "Actual Rows": 842037,
                                                                    "Actual Loops": 1
                                                                },
                                                                {
                                                                    "Worker Number": 2,
                                                                    "Actual Startup Time": 0.301,
                                                                    "Actual Total Time": 205.39,
                                                                    "Actual Rows": 833672,
                                                                    "Actual Loops": 1
                                                                },
                                                                {
                                                                    "Worker Number": 3,
                                                                    "Actual Startup Time": 0.114,
                                                                    "Actual Total Time": 196.115,
                                                                    "Actual Rows": 1161833,
                                                                    "Actual Loops": 1
                                                                },
                                                                {
                                                                    "Worker Number": 4,
                                                                    "Actual Startup Time": 0.13,
                                                                    "Actual Total Time": 198.182,
                                                                    "Actual Rows": 1168988,
                                                                    "Actual Loops": 1
                                                                }
                                                            ]
                                                        },
                                                        {
                                                            "Node Type": "Hash",
                                                            "Parent Relationship": "Inner",
                                                            "Parallel Aware": true,
                                                            "Startup Cost": 43899.01,
                                                            "Total Cost": 43899.01,
                                                            "Plan Rows": 222036,
                                                            "Plan Width": 4,
                                                            "Actual Startup Time": 190.616,
                                                            "Actual Total Time": 190.617,
                                                            "Actual Rows": 147608,
                                                            "Actual Loops": 6,
                                                            "Output": [
                                                                "t.id"
                                                            ],
                                                            "Hash Buckets": 1048576,
                                                            "Original Hash Buckets": 1048576,
                                                            "Hash Batches": 1,
                                                            "Original Hash Batches": 1,
                                                            "Peak Memory Usage": 42912,
                                                            "Workers": [
                                                                {
                                                                    "Worker Number": 0,
                                                                    "Actual Startup Time": 192.29,
                                                                    "Actual Total Time": 192.291,
                                                                    "Actual Rows": 128323,
                                                                    "Actual Loops": 1
                                                                },
                                                                {
                                                                    "Worker Number": 1,
                                                                    "Actual Startup Time": 192.239,
                                                                    "Actual Total Time": 192.241,
                                                                    "Actual Rows": 126687,
                                                                    "Actual Loops": 1
                                                                },
                                                                {
                                                                    "Worker Number": 2,
                                                                    "Actual Startup Time": 192.299,
                                                                    "Actual Total Time": 192.3,
                                                                    "Actual Rows": 127565,
                                                                    "Actual Loops": 1
                                                                },
                                                                {
                                                                    "Worker Number": 3,
                                                                    "Actual Startup Time": 192.229,
                                                                    "Actual Total Time": 192.231,
                                                                    "Actual Rows": 161473,
                                                                    "Actual Loops": 1
                                                                },
                                                                {
                                                                    "Worker Number": 4,
                                                                    "Actual Startup Time": 192.25,
                                                                    "Actual Total Time": 192.251,
                                                                    "Actual Rows": 161995,
                                                                    "Actual Loops": 1
                                                                }
                                                            ],
                                                            "Plans": [
                                                                {
                                                                    "Node Type": "Seq Scan",
                                                                    "Parent Relationship": "Outer",
                                                                    "Parallel Aware": true,
                                                                    "Relation Name": "title",
                                                                    "Schema": "public",
                                                                    "Alias": "t",
                                                                    "Startup Cost": 0.0,
                                                                    "Total Cost": 43899.01,
                                                                    "Plan Rows": 222036,
                                                                    "Plan Width": 4,
                                                                    "Actual Startup Time": 0.068,
                                                                    "Actual Total Time": 101.364,
                                                                    "Actual Rows": 147608,
                                                                    "Actual Loops": 6,
                                                                    "Output": [
                                                                        "t.id"
                                                                    ],
                                                                    "Filter": "(t.production_year < 1997)",
                                                                    "Rows Removed by Filter": 273777,
                                                                    "Workers": [
                                                                        {
                                                                            "Worker Number": 0,
                                                                            "Actual Startup Time": 0.096,
                                                                            "Actual Total Time": 105.338,
                                                                            "Actual Rows": 128323,
                                                                            "Actual Loops": 1
                                                                        },
                                                                        {
                                                                            "Worker Number": 1,
                                                                            "Actual Startup Time": 0.069,
                                                                            "Actual Total Time": 105.376,
                                                                            "Actual Rows": 126687,
                                                                            "Actual Loops": 1
                                                                        },
                                                                        {
                                                                            "Worker Number": 2,
                                                                            "Actual Startup Time": 0.071,
                                                                            "Actual Total Time": 105.321,
                                                                            "Actual Rows": 127565,
                                                                            "Actual Loops": 1
                                                                        },
                                                                        {
                                                                            "Worker Number": 3,
                                                                            "Actual Startup Time": 0.067,
                                                                            "Actual Total Time": 100.787,
                                                                            "Actual Rows": 161473,
                                                                            "Actual Loops": 1
                                                                        },
                                                                        {
                                                                            "Worker Number": 4,
                                                                            "Actual Startup Time": 0.082,
                                                                            "Actual Total Time": 100.463,
                                                                            "Actual Rows": 161995,
                                                                            "Actual Loops": 1
                                                                        }
                                                                    ]
                                                                }
                                                            ]
                                                        }
                                                    ]
                                                }
                                            ]
                                        }
                                    ]
                                }
                            ]
                        }
                    ]
                }
            ]
        },
        "Planning Time": 298.859,
        "Triggers": [],
        "Execution Time": 2504.593
    }
]