[
  {
    "Plan": {
      "Node Type": "Aggregate",
      "Strategy": "Plain",
      "Partial Mode": "Finalize",
      "Parallel Aware": false,
      "Startup Cost": 587154.99,
      "Total Cost": 587155.0,
      "Plan Rows": 1,
      "Plan Width": 8,
      "Actual Startup Time": 3482.695,
      "Actual Total Time": 3542.056,
      "Actual Rows": 1,
      "Actual Loops": 1,
      "Plans": [
        {
          "Node Type": "Gather",
          "Parent Relationship": "Outer",
          "Parallel Aware": false,
          "Startup Cost": 587154.46,
          "Total Cost": 587154.97,
          "Plan Rows": 5,
          "Plan Width": 8,
          "Actual Startup Time": 3445.755,
          "Actual Total Time": 3542.04,
          "Actual Rows": 6,
          "Actual Loops": 1,
          "Workers Planned": 5,
          "Workers Launched": 5,
          "Single Copy": false,
          "Plans": [
            {
              "Node Type": "Aggregate",
              "Strategy": "Plain",
              "Partial Mode": "Partial",
              "Parent Relationship": "Outer",
              "Parallel Aware": false,
              "Startup Cost": 586154.46,
              "Total Cost": 586154.47,
              "Plan Rows": 1,
              "Plan Width": 8,
              "Actual Startup Time": 3431.645,
              "Actual Total Time": 3431.812,
              "Actual Rows": 1,
              "Actual Loops": 6,
              "Plans": [
                {
                  "Node Type": "Hash Join",
                  "Parent Relationship": "Outer",
                  "Parallel Aware": true,
                  "Join Type": "Inner",
                  "Startup Cost": 374611.25,
                  "Total Cost": 580920.4,
                  "Plan Rows": 2093626,
                  "Plan Width": 0,
                  "Actual Startup Time": 941.077,
                  "Actual Total Time": 2942.028,
                  "Actual Rows": 10878052,
                  "Actual Loops": 6,
                  "Inner Unique": false,
                  "Hash Cond": "(mi.movie_id = t.id)",
                  "Plans": [
                    {
                      "Node Type": "Seq Scan",
                      "Parent Relationship": "Outer",
                      "Parallel Aware": true,
                      "Relation Name": "movie_info",
                      "Alias": "mi",
                      "Startup Cost": 0.0,
                      "Total Cost": 191685.19,
                      "Plan Rows": 2969219,
                      "Plan Width": 4,
                      "Actual Startup Time": 0.025,
                      "Actual Total Time": 276.916,
                      "Actual Rows": 2472620,
                      "Actual Loops": 6
                    },
                    {
                      "Node Type": "Hash",
                      "Parent Relationship": "Inner",
                      "Parallel Aware": true,
                      "Startup Cost": 370897.05,
                      "Total Cost": 370897.05,
                      "Plan Rows": 297136,
                      "Plan Width": 8,
                      "Actual Startup Time": 935.496,
                      "Actual Total Time": 935.662,
                      "Actual Rows": 440157,
                      "Actual Loops": 6,
                      "Hash Buckets": 4194304,
                      "Original Hash Buckets": 2097152,
                      "Hash Batches": 1,
                      "Original Hash Batches": 1,
                      "Peak Memory Usage": 152544,
                      "Plans": [
                        {
                          "Node Type": "Hash Join",
                          "Parent Relationship": "Outer",
                          "Parallel Aware": true,
                          "Join Type": "Inner",
                          "Startup Cost": 110569.22,
                          "Total Cost": 370897.05,
                          "Plan Rows": 297136,
                          "Plan Width": 8,
                          "Actual Startup Time": 358.909,
                          "Actual Total Time": 690.988,
                          "Actual Rows": 440157,
                          "Actual Loops": 6,
                          "Inner Unique": true,
                          "Hash Cond": "(ci.movie_id = t.id)",
                          "Plans": [
                            {
                              "Node Type": "Bitmap Heap Scan",
                              "Parent Relationship": "Outer",
                              "Parallel Aware": true,
                              "Relation Name": "cast_info",
                              "Alias": "ci",
                              "Startup Cost": 60348.83,
                              "Total Cost": 319896.69,
                              "Plan Rows": 297136,
                              "Plan Width": 4,
                              "Actual Startup Time": 90.561,
                              "Actual Total Time": 202.128,
                              "Actual Rows": 440157,
                              "Actual Loops": 6,
                              "Recheck Cond": "(person_id > 3552046)",
                              "Rows Removed by Index Recheck": 0,
                              "Filter": "(role_id > 1)",
                              "Rows Removed by Filter": 0,
                              "Exact Heap Blocks": 7011,
                              "Lossy Heap Blocks": 0,
                              "Plans": [
                                {
                                  "Node Type": "Bitmap Index Scan",
                                  "Parent Relationship": "Outer",
                                  "Parallel Aware": false,
                                  "Index Name": "person_id_cast_info",
                                  "Startup Cost": 0.0,
                                  "Total Cost": 59903.13,
                                  "Plan Rows": 2744342,
                                  "Plan Width": 0,
                                  "Actual Startup Time": 84.241,
                                  "Actual Total Time": 84.241,
                                  "Actual Rows": 2640942,
                                  "Actual Loops": 1,
                                  "Index Cond": "(person_id > 3552046)"
                                }
                              ]
                            },
                            {
                              "Node Type": "Hash",
                              "Parent Relationship": "Inner",
                              "Parallel Aware": true,
                              "Startup Cost": 42319.06,
                              "Total Cost": 42319.06,
                              "Plan Rows": 632106,
                              "Plan Width": 4,
                              "Actual Startup Time": 263.588,
                              "Actual Total Time": 263.589,
                              "Actual Rows": 421385,
                              "Actual Loops": 6,
                              "Hash Buckets": 4194304,
                              "Original Hash Buckets": 4194304,
                              "Hash Batches": 1,
                              "Original Hash Batches": 1,
                              "Peak Memory Usage": 131776,
                              "Plans": [
                                {
                                  "Node Type": "Seq Scan",
                                  "Parent Relationship": "Outer",
                                  "Parallel Aware": true,
                                  "Relation Name": "title",
                                  "Alias": "t",
                                  "Startup Cost": 0.0,
                                  "Total Cost": 42319.06,
                                  "Plan Rows": 632106,
                                  "Plan Width": 4,
                                  "Actual Startup Time": 0.055,
                                  "Actual Total Time": 74.735,
                                  "Actual Rows": 421385,
                                  "Actual Loops": 6
                                }
                              ]
                            }
                          ]
                        }
                      ]
                    }
                  ]
                }
              ]
            }
          ]
        }
      ]
    },
    "Planning Time": 1.325,
    "Triggers": [],
    "Execution Time": 3542.17
  }
]