[
  {
    "Plan": {
      "Node Type": "Aggregate",
      "Strategy": "Plain",
      "Partial Mode": "Finalize",
      "Parallel Aware": false,
      "Startup Cost": 123544.3,
      "Total Cost": 123544.31,
      "Plan Rows": 1,
      "Plan Width": 8,
      "Actual Startup Time": 1005.97,
      "Actual Total Time": 1095.113,
      "Actual Rows": 1,
      "Actual Loops": 1,
      "Plans": [
        {
          "Node Type": "Gather",
          "Parent Relationship": "Outer",
          "Parallel Aware": false,
          "Startup Cost": 123543.88,
          "Total Cost": 123544.29,
          "Plan Rows": 4,
          "Plan Width": 8,
          "Actual Startup Time": 1005.077,
          "Actual Total Time": 1095.103,
          "Actual Rows": 5,
          "Actual Loops": 1,
          "Workers Planned": 4,
          "Workers Launched": 4,
          "Single Copy": false,
          "Plans": [
            {
              "Node Type": "Aggregate",
              "Strategy": "Plain",
              "Partial Mode": "Partial",
              "Parent Relationship": "Outer",
              "Parallel Aware": false,
              "Startup Cost": 122543.88,
              "Total Cost": 122543.89,
              "Plan Rows": 1,
              "Plan Width": 8,
              "Actual Startup Time": 994.713,
              "Actual Total Time": 994.718,
              "Actual Rows": 1,
              "Actual Loops": 5,
              "Plans": [
                {
                  "Node Type": "Nested Loop",
                  "Parent Relationship": "Outer",
                  "Parallel Aware": false,
                  "Join Type": "Inner",
                  "Startup Cost": 22078.02,
                  "Total Cost": 122345.74,
                  "Plan Rows": 79258,
                  "Plan Width": 0,
                  "Actual Startup Time": 138.899,
                  "Actual Total Time": 988.09,
                  "Actual Rows": 112769,
                  "Actual Loops": 5,
                  "Inner Unique": false,
                  "Plans": [
                    {
                      "Node Type": "Hash Join",
                      "Parent Relationship": "Outer",
                      "Parallel Aware": true,
                      "Join Type": "Inner",
                      "Startup Cost": 22077.45,
                      "Total Cost": 67645.64,
                      "Plan Rows": 27618,
                      "Plan Width": 8,
                      "Actual Startup Time": 138.07,
                      "Actual Total Time": 202.062,
                      "Actual Rows": 21021,
                      "Actual Loops": 5,
                      "Inner Unique": false,
                      "Hash Cond": "(t.id = mc.movie_id)",
                      "Plans": [
                        {
                          "Node Type": "Seq Scan",
                          "Parent Relationship": "Outer",
                          "Parallel Aware": true,
                          "Relation Name": "title",
                          "Alias": "t",
                          "Startup Cost": 0.0,
                          "Total Cost": 42318.73,
                          "Plan Rows": 632073,
                          "Plan Width": 4,
                          "Actual Startup Time": 0.015,
                          "Actual Total Time": 67.74,
                          "Actual Rows": 505662,
                          "Actual Loops": 5
                        },
                        {
                          "Node Type": "Hash",
                          "Parent Relationship": "Inner",
                          "Parallel Aware": true,
                          "Startup Cost": 21632.02,
                          "Total Cost": 21632.02,
                          "Plan Rows": 35635,
                          "Plan Width": 4,
                          "Actual Startup Time": 40.782,
                          "Actual Total Time": 40.784,
                          "Actual Rows": 21021,
                          "Actual Loops": 5,
                          "Hash Buckets": 131072,
                          "Original Hash Buckets": 131072,
                          "Hash Batches": 1,
                          "Original Hash Batches": 1,
                          "Peak Memory Usage": 5216,
                          "Plans": [
                            {
                              "Node Type": "Bitmap Heap Scan",
                              "Parent Relationship": "Outer",
                              "Parallel Aware": true,
                              "Relation Name": "movie_companies",
                              "Alias": "mc",
                              "Startup Cost": 2396.57,
                              "Total Cost": 21632.02,
                              "Plan Rows": 35635,
                              "Plan Width": 4,
                              "Actual Startup Time": 9.23,
                              "Actual Total Time": 28.918,
                              "Actual Rows": 21021,
                              "Actual Loops": 5,
                              "Recheck Cond": "(company_id > 154575)",
                              "Rows Removed by Index Recheck": 0,
                              "Exact Heap Blocks": 1437,
                              "Lossy Heap Blocks": 0,
                              "Plans": [
                                {
                                  "Node Type": "Bitmap Index Scan",
                                  "Parent Relationship": "Outer",
                                  "Parallel Aware": false,
                                  "Index Name": "company_id_movie_companies",
                                  "Startup Cost": 0.0,
                                  "Total Cost": 2368.95,
                                  "Plan Rows": 110470,
                                  "Plan Width": 0,
                                  "Actual Startup Time": 14.006,
                                  "Actual Total Time": 14.006,
                                  "Actual Rows": 105106,
                                  "Actual Loops": 1,
                                  "Index Cond": "(company_id > 154575)"
                                }
                              ]
                            }
                          ]
                        }
                      ]
                    },
                    {
                      "Node Type": "Index Scan",
                      "Parent Relationship": "Inner",
                      "Parallel Aware": false,
                      "Scan Direction": "Forward",
                      "Index Name": "movie_id_cast_info",
                      "Relation Name": "cast_info",
                      "Alias": "ci",
                      "Startup Cost": 0.56,
                      "Total Cost": 1.91,
                      "Plan Rows": 7,
                      "Plan Width": 4,
                      "Actual Startup Time": 0.008,
                      "Actual Total Time": 0.037,
                      "Actual Rows": 5,
                      "Actual Loops": 105106,
                      "Index Cond": "(movie_id = t.id)",
                      "Rows Removed by Index Recheck": 0,
                      "Filter": "(person_id < 721479)",
                      "Rows Removed by Filter": 21
                    }
                  ]
                }
              ]
            }
          ]
        }
      ]
    },
    "Planning Time": 1.448,
    "Triggers": [],
    "Execution Time": 1095.261
  }
]