[
  {
    "Plan": {
      "Node Type": "Aggregate",
      "Strategy": "Plain",
      "Partial Mode": "Finalize",
      "Parallel Aware": false,
      "Startup Cost": 32975.99,
      "Total Cost": 32976.0,
      "Plan Rows": 1,
      "Plan Width": 8,
      "Actual Startup Time": 33.644,
      "Actual Total Time": 40.541,
      "Actual Rows": 1,
      "Actual Loops": 1,
      "Plans": [
        {
          "Node Type": "Gather",
          "Parent Relationship": "Outer",
          "Parallel Aware": false,
          "Startup Cost": 32975.78,
          "Total Cost": 32975.99,
          "Plan Rows": 2,
          "Plan Width": 8,
          "Actual Startup Time": 33.475,
          "Actual Total Time": 40.535,
          "Actual Rows": 3,
          "Actual Loops": 1,
          "Workers Planned": 2,
          "Workers Launched": 2,
          "Single Copy": false,
          "Plans": [
            {
              "Node Type": "Aggregate",
              "Strategy": "Plain",
              "Partial Mode": "Partial",
              "Parent Relationship": "Outer",
              "Parallel Aware": false,
              "Startup Cost": 31975.78,
              "Total Cost": 31975.79,
              "Plan Rows": 1,
              "Plan Width": 8,
              "Actual Startup Time": 27.284,
              "Actual Total Time": 27.285,
              "Actual Rows": 1,
              "Actual Loops": 3,
              "Plans": [
                {
                  "Node Type": "Nested Loop",
                  "Parent Relationship": "Outer",
                  "Parallel Aware": false,
                  "Join Type": "Inner",
                  "Startup Cost": 125.84,
                  "Total Cost": 31974.12,
                  "Plan Rows": 664,
                  "Plan Width": 0,
                  "Actual Startup Time": 4.089,
                  "Actual Total Time": 27.082,
                  "Actual Rows": 1531,
                  "Actual Loops": 3,
                  "Inner Unique": false,
                  "Plans": [
                    {
                      "Node Type": "Nested Loop",
                      "Parent Relationship": "Outer",
                      "Parallel Aware": false,
                      "Join Type": "Inner",
                      "Startup Cost": 125.27,
                      "Total Cost": 30801.37,
                      "Plan Rows": 46,
                      "Plan Width": 8,
                      "Actual Startup Time": 3.944,
                      "Actual Total Time": 17.555,
                      "Actual Rows": 20,
                      "Actual Loops": 3,
                      "Inner Unique": true,
                      "Plans": [
                        {
                          "Node Type": "Bitmap Heap Scan",
                          "Parent Relationship": "Outer",
                          "Parallel Aware": true,
                          "Relation Name": "movie_keyword",
                          "Alias": "mk",
                          "Startup Cost": 124.84,
                          "Total Cost": 13625.77,
                          "Plan Rows": 2388,
                          "Plan Width": 4,
                          "Actual Startup Time": 1.366,
                          "Actual Total Time": 6.332,
                          "Actual Rows": 1442,
                          "Actual Loops": 3,
                          "Recheck Cond": "(keyword_id = 585)",
                          "Rows Removed by Index Recheck": 0,
                          "Exact Heap Blocks": 2906,
                          "Lossy Heap Blocks": 0,
                          "Plans": [
                            {
                              "Node Type": "Bitmap Index Scan",
                              "Parent Relationship": "Outer",
                              "Parallel Aware": false,
                              "Index Name": "keyword_id_movie_keyword",
                              "Startup Cost": 0.0,
                              "Total Cost": 123.41,
                              "Plan Rows": 5730,
                              "Plan Width": 0,
                              "Actual Startup Time": 2.827,
                              "Actual Total Time": 2.828,
                              "Actual Rows": 4326,
                              "Actual Loops": 1,
                              "Index Cond": "(keyword_id = 585)"
                            }
                          ]
                        },
                        {
                          "Node Type": "Index Scan",
                          "Parent Relationship": "Inner",
                          "Parallel Aware": false,
                          "Scan Direction": "Forward",
                          "Index Name": "title_pkey",
                          "Relation Name": "title",
                          "Alias": "t",
                          "Startup Cost": 0.43,
                          "Total Cost": 7.19,
                          "Plan Rows": 1,
                          "Plan Width": 4,
                          "Actual Startup Time": 0.007,
                          "Actual Total Time": 0.007,
                          "Actual Rows": 0,
                          "Actual Loops": 4326,
                          "Index Cond": "(id = mk.movie_id)",
                          "Rows Removed by Index Recheck": 0,
                          "Filter": "((kind_id < 7) AND (production_year = 2009))",
                          "Rows Removed by Filter": 1
                        }
                      ]
                    },
                    {
                      "Node Type": "Index Only Scan",
                      "Parent Relationship": "Inner",
                      "Parallel Aware": false,
                      "Scan Direction": "Forward",
                      "Index Name": "movie_id_cast_info",
                      "Relation Name": "cast_info",
                      "Alias": "ci",
                      "Startup Cost": 0.56,
                      "Total Cost": 25.14,
                      "Plan Rows": 35,
                      "Plan Width": 4,
                      "Actual Startup Time": 0.029,
                      "Actual Total Time": 0.456,
                      "Actual Rows": 75,
                      "Actual Loops": 61,
                      "Index Cond": "(movie_id = t.id)",
                      "Rows Removed by Index Recheck": 0,
                      "Heap Fetches": 4593
                    }
                  ]
                }
              ]
            }
          ]
        }
      ]
    },
    "Planning Time": 1.028,
    "Triggers": [],
    "Execution Time": 40.601
  }
]