{
  "Plan": {
    "Node Type": "Aggregate",
    "Strategy": "Plain",
    "Partial Mode": "Finalize",
    "Parallel Aware": false,
    "Startup Cost": 118375.3,
    "Total Cost": 118375.31,
    "Plan Rows": 1,
    "Plan Width": 8,
    "Actual Startup Time": 430.083,
    "Actual Total Time": 446.968,
    "Actual Rows": 1,
    "Actual Loops": 1,
    "Plans": [
      {
        "Node Type": "Gather",
        "Parent Relationship": "Outer",
        "Parallel Aware": false,
        "Startup Cost": 118375.19,
        "Total Cost": 118375.3,
        "Plan Rows": 1,
        "Plan Width": 8,
        "Actual Startup Time": 429.914,
        "Actual Total Time": 446.959,
        "Actual Rows": 2,
        "Actual Loops": 1,
        "Workers Planned": 1,
        "Workers Launched": 1,
        "Single Copy": false,
        "Plans": [
          {
            "Node Type": "Aggregate",
            "Strategy": "Plain",
            "Partial Mode": "Partial",
            "Parent Relationship": "Outer",
            "Parallel Aware": false,
            "Startup Cost": 117375.19,
            "Total Cost": 117375.2,
            "Plan Rows": 1,
            "Plan Width": 8,
            "Actual Startup Time": 424.108,
            "Actual Total Time": 424.111,
            "Actual Rows": 1,
            "Actual Loops": 2,
            "Plans": [
              {
                "Node Type": "Hash Join",
                "Parent Relationship": "Outer",
                "Parallel Aware": true,
                "Join Type": "Inner",
                "Startup Cost": 54697.45,
                "Total Cost": 117347.63,
                "Plan Rows": 11023,
                "Plan Width": 0,
                "Actual Startup Time": 138.477,
                "Actual Total Time": 423.549,
                "Actual Rows": 12576,
                "Actual Loops": 2,
                "Inner Unique": true,
                "Hash Cond": "(mk.movie_id = t.id)",
                "Plans": [
                  {
                    "Node Type": "Seq Scan",
                    "Parent Relationship": "Outer",
                    "Parallel Aware": true,
                    "Relation Name": "movie_keyword",
                    "Alias": "mk",
                    "Startup Cost": 0.0,
                    "Total Cost": 57718.19,
                    "Plan Rows": 1878848,
                    "Plan Width": 4,
                    "Actual Startup Time": 0.146,
                    "Actual Total Time": 191.423,
                    "Actual Rows": 1587311,
                    "Actual Loops": 2,
                    "Filter": "(keyword_id > 1753)",
                    "Rows Removed by Filter": 674654
                  },
                  {
                    "Node Type": "Hash",
                    "Parent Relationship": "Inner",
                    "Parallel Aware": true,
                    "Startup Cost": 54588.39,
                    "Total Cost": 54588.39,
                    "Plan Rows": 8725,
                    "Plan Width": 4,
                    "Actual Startup Time": 136.795,
                    "Actual Total Time": 136.796,
                    "Actual Rows": 7385,
                    "Actual Loops": 2,
                    "Hash Buckets": 16384,
                    "Original Hash Buckets": 16384,
                    "Hash Batches": 1,
                    "Original Hash Batches": 1,
                    "Peak Memory Usage": 736,
                    "Plans": [
                      {
                        "Node Type": "Seq Scan",
                        "Parent Relationship": "Outer",
                        "Parallel Aware": true,
                        "Relation Name": "title",
                        "Alias": "t",
                        "Startup Cost": 0.0,
                        "Total Cost": 54588.39,
                        "Plan Rows": 8725,
                        "Plan Width": 4,
                        "Actual Startup Time": 0.078,
                        "Actual Total Time": 134.052,
                        "Actual Rows": 7385,
                        "Actual Loops": 2,
                        "Filter": "(production_year = 1982)",
                        "Rows Removed by Filter": 1256771
                      }
                    ]
                  }
                ]
              }
            ]
          }
        ]
      }
    ]
  },
  "Planning Time": 0.416,
  "Triggers": [],
  "Execution Time": 447.047
}