[
  {
    "Plan": {
      "Node Type": "Aggregate",
      "Strategy": "Plain",
      "Partial Mode": "Finalize",
      "Parallel Aware": false,
      "Startup Cost": 350065.47,
      "Total Cost": 350065.48,
      "Plan Rows": 1,
      "Plan Width": 8,
      "Actual Startup Time": 774.761,
      "Actual Total Time": 834.017,
      "Actual Rows": 1,
      "Actual Loops": 1,
      "Plans": [
        {
          "Node Type": "Gather",
          "Parent Relationship": "Outer",
          "Parallel Aware": false,
          "Startup Cost": 350064.84,
          "Total Cost": 350065.45,
          "Plan Rows": 6,
          "Plan Width": 8,
          "Actual Startup Time": 774.662,
          "Actual Total Time": 834.009,
          "Actual Rows": 7,
          "Actual Loops": 1,
          "Workers Planned": 6,
          "Workers Launched": 6,
          "Single Copy": false,
          "Plans": [
            {
              "Node Type": "Aggregate",
              "Strategy": "Plain",
              "Partial Mode": "Partial",
              "Parent Relationship": "Outer",
              "Parallel Aware": false,
              "Startup Cost": 349064.84,
              "Total Cost": 349064.85,
              "Plan Rows": 1,
              "Plan Width": 8,
              "Actual Startup Time": 765.699,
              "Actual Total Time": 765.7,
              "Actual Rows": 1,
              "Actual Loops": 7,
              "Plans": [
                {
                  "Node Type": "Seq Scan",
                  "Parent Relationship": "Outer",
                  "Parallel Aware": true,
                  "Relation Name": "cast_info",
                  "Alias": "ci",
                  "Startup Cost": 0.0,
                  "Total Cost": 343257.03,
                  "Plan Rows": 2323125,
                  "Plan Width": 0,
                  "Actual Startup Time": 209.522,
                  "Actual Total Time": 654.627,
                  "Actual Rows": 2771514,
                  "Actual Loops": 7,
                  "Filter": "((person_id > 1474676) AND (role_id > 1))",
                  "Rows Removed by Filter": 2406249
                }
              ]
            }
          ]
        }
      ]
    },
    "Planning Time": 0.221,
    "Triggers": [],
    "Execution Time": 834.091
  }
]