{
  "Plan": {
    "Node Type": "Aggregate",
    "Strategy": "Plain",
    "Partial Mode": "Finalize",
    "Parallel Aware": false,
    "Startup Cost": 331204.1,
    "Total Cost": 331204.11,
    "Plan Rows": 1,
    "Plan Width": 8,
    "Actual Startup Time": 1352.3,
    "Actual Total Time": 1391.707,
    "Actual Rows": 1,
    "Actual Loops": 1,
    "Plans": [
      {
        "Node Type": "Gather",
        "Parent Relationship": "Outer",
        "Parallel Aware": false,
        "Startup Cost": 331203.99,
        "Total Cost": 331204.1,
        "Plan Rows": 1,
        "Plan Width": 8,
        "Actual Startup Time": 1352.05,
        "Actual Total Time": 1391.699,
        "Actual Rows": 2,
        "Actual Loops": 1,
        "Workers Planned": 1,
        "Workers Launched": 1,
        "Single Copy": false,
        "Plans": [
          {
            "Node Type": "Aggregate",
            "Strategy": "Plain",
            "Partial Mode": "Partial",
            "Parent Relationship": "Outer",
            "Parallel Aware": false,
            "Startup Cost": 330203.99,
            "Total Cost": 330204.0,
            "Plan Rows": 1,
            "Plan Width": 8,
            "Actual Startup Time": 1346.482,
            "Actual Total Time": 1346.485,
            "Actual Rows": 1,
            "Actual Loops": 2,
            "Plans": [
              {
                "Node Type": "Hash Join",
                "Parent Relationship": "Outer",
                "Parallel Aware": true,
                "Join Type": "Inner",
                "Startup Cost": 58359.03,
                "Total Cost": 330142.52,
                "Plan Rows": 24589,
                "Plan Width": 0,
                "Actual Startup Time": 148.559,
                "Actual Total Time": 1345.34,
                "Actual Rows": 23492,
                "Actual Loops": 2,
                "Inner Unique": true,
                "Hash Cond": "(mi.movie_id = t.id)",
                "Plans": [
                  {
                    "Node Type": "Seq Scan",
                    "Parent Relationship": "Outer",
                    "Parallel Aware": true,
                    "Relation Name": "movie_info",
                    "Alias": "mi",
                    "Startup Cost": 0.0,
                    "Total Cost": 248955.74,
                    "Plan Rows": 8696274,
                    "Plan Width": 4,
                    "Actual Startup Time": 0.01,
                    "Actual Total Time": 625.315,
                    "Actual Rows": 7417860,
                    "Actual Loops": 2
                  },
                  {
                    "Node Type": "Hash",
                    "Parent Relationship": "Inner",
                    "Parallel Aware": true,
                    "Startup Cost": 58306.47,
                    "Total Cost": 58306.47,
                    "Plan Rows": 4205,
                    "Plan Width": 4,
                    "Actual Startup Time": 146.45,
                    "Actual Total Time": 146.451,
                    "Actual Rows": 3778,
                    "Actual Loops": 2,
                    "Hash Buckets": 8192,
                    "Original Hash Buckets": 8192,
                    "Hash Batches": 1,
                    "Original Hash Batches": 1,
                    "Peak Memory Usage": 384,
                    "Plans": [
                      {
                        "Node Type": "Seq Scan",
                        "Parent Relationship": "Outer",
                        "Parallel Aware": true,
                        "Relation Name": "title",
                        "Alias": "t",
                        "Startup Cost": 0.0,
                        "Total Cost": 58306.47,
                        "Plan Rows": 4205,
                        "Plan Width": 4,
                        "Actual Startup Time": 0.115,
                        "Actual Total Time": 144.677,
                        "Actual Rows": 3778,
                        "Actual Loops": 2,
                        "Filter": "((kind_id > 1) AND (production_year = 1959))",
                        "Rows Removed by Filter": 1260378
                      }
                    ]
                  }
                ]
              }
            ]
          }
        ]
      }
    ]
  },
  "Planning Time": 0.525,
  "Triggers": [],
  "Execution Time": 1391.78
}