[
  {
    "Plan": {
      "Node Type": "Aggregate",
      "Strategy": "Plain",
      "Partial Mode": "Finalize",
      "Parallel Aware": false,
      "Startup Cost": 246499.83,
      "Total Cost": 246499.84,
      "Plan Rows": 1,
      "Plan Width": 8,
      "Actual Startup Time": 763.987,
      "Actual Total Time": 811.298,
      "Actual Rows": 1,
      "Actual Loops": 1,
      "Plans": [
        {
          "Node Type": "Gather",
          "Parent Relationship": "Outer",
          "Parallel Aware": false,
          "Startup Cost": 246499.31,
          "Total Cost": 246499.82,
          "Plan Rows": 5,
          "Plan Width": 8,
          "Actual Startup Time": 762.496,
          "Actual Total Time": 811.289,
          "Actual Rows": 6,
          "Actual Loops": 1,
          "Workers Planned": 5,
          "Workers Launched": 5,
          "Single Copy": false,
          "Plans": [
            {
              "Node Type": "Aggregate",
              "Strategy": "Plain",
              "Partial Mode": "Partial",
              "Parent Relationship": "Outer",
              "Parallel Aware": false,
              "Startup Cost": 245499.31,
              "Total Cost": 245499.32,
              "Plan Rows": 1,
              "Plan Width": 8,
              "Actual Startup Time": 752.706,
              "Actual Total Time": 752.748,
              "Actual Rows": 1,
              "Actual Loops": 6,
              "Plans": [
                {
                  "Node Type": "Hash Join",
                  "Parent Relationship": "Outer",
                  "Parallel Aware": true,
                  "Join Type": "Inner",
                  "Startup Cost": 45839.95,
                  "Total Cost": 245161.71,
                  "Plan Rows": 135037,
                  "Plan Width": 0,
                  "Actual Startup Time": 110.313,
                  "Actual Total Time": 731.419,
                  "Actual Rows": 498580,
                  "Actual Loops": 6,
                  "Inner Unique": true,
                  "Hash Cond": "(mi.movie_id = t.id)",
                  "Plans": [
                    {
                      "Node Type": "Seq Scan",
                      "Parent Relationship": "Outer",
                      "Parallel Aware": true,
                      "Relation Name": "movie_info",
                      "Alias": "mi",
                      "Startup Cost": 0.0,
                      "Total Cost": 191560.33,
                      "Plan Rows": 2956733,
                      "Plan Width": 4,
                      "Actual Startup Time": 0.024,
                      "Actual Total Time": 285.044,
                      "Actual Rows": 2472620,
                      "Actual Loops": 6
                    },
                    {
                      "Node Type": "Hash",
                      "Parent Relationship": "Inner",
                      "Parallel Aware": true,
                      "Startup Cost": 45479.1,
                      "Total Cost": 45479.1,
                      "Plan Rows": 28868,
                      "Plan Width": 4,
                      "Actual Startup Time": 97.509,
                      "Actual Total Time": 97.51,
                      "Actual Rows": 42097,
                      "Actual Loops": 6,
                      "Hash Buckets": 262144,
                      "Original Hash Buckets": 131072,
                      "Hash Batches": 1,
                      "Original Hash Batches": 1,
                      "Peak Memory Usage": 13088,
                      "Plans": [
                        {
                          "Node Type": "Seq Scan",
                          "Parent Relationship": "Outer",
                          "Parallel Aware": true,
                          "Relation Name": "title",
                          "Alias": "t",
                          "Startup Cost": 0.0,
                          "Total Cost": 45479.1,
                          "Plan Rows": 28868,
                          "Plan Width": 4,
                          "Actual Startup Time": 51.913,
                          "Actual Total Time": 80.534,
                          "Actual Rows": 42097,
                          "Actual Loops": 6,
                          "Filter": "((production_year < 1976) AND (kind_id = 1))",
                          "Rows Removed by Filter": 379288
                        }
                      ]
                    }
                  ]
                }
              ]
            }
          ]
        }
      ]
    },
    "Planning Time": 0.606,
    "Triggers": [],
    "Execution Time": 811.375
  }
]