{
  "Plan": {
    "Node Type": "Aggregate",
    "Strategy": "Plain",
    "Partial Mode": "Finalize",
    "Parallel Aware": false,
    "Startup Cost": 552293.21,
    "Total Cost": 552293.22,
    "Plan Rows": 1,
    "Plan Width": 8,
    "Actual Startup Time": 331.7,
    "Actual Total Time": 386.824,
    "Actual Rows": 1,
    "Actual Loops": 1,
    "Plans": [
      {
        "Node Type": "Gather",
        "Parent Relationship": "Outer",
        "Parallel Aware": false,
        "Startup Cost": 552293.1,
        "Total Cost": 552293.21,
        "Plan Rows": 1,
        "Plan Width": 8,
        "Actual Startup Time": 331.597,
        "Actual Total Time": 386.816,
        "Actual Rows": 2,
        "Actual Loops": 1,
        "Workers Planned": 1,
        "Workers Launched": 1,
        "Single Copy": false,
        "Plans": [
          {
            "Node Type": "Aggregate",
            "Strategy": "Plain",
            "Partial Mode": "Partial",
            "Parent Relationship": "Outer",
            "Parallel Aware": false,
            "Startup Cost": 551293.1,
            "Total Cost": 551293.11,
            "Plan Rows": 1,
            "Plan Width": 8,
            "Actual Startup Time": 325.649,
            "Actual Total Time": 325.65,
            "Actual Rows": 1,
            "Actual Loops": 2,
            "Plans": [
              {
                "Node Type": "Nested Loop",
                "Parent Relationship": "Outer",
                "Parallel Aware": false,
                "Join Type": "Inner",
                "Startup Cost": 0.56,
                "Total Cost": 551108.49,
                "Plan Rows": 73845,
                "Plan Width": 0,
                "Actual Startup Time": 1.647,
                "Actual Total Time": 321.085,
                "Actual Rows": 73500,
                "Actual Loops": 2,
                "Inner Unique": false,
                "Plans": [
                  {
                    "Node Type": "Seq Scan",
                    "Parent Relationship": "Outer",
                    "Parallel Aware": true,
                    "Relation Name": "title",
                    "Alias": "t",
                    "Startup Cost": 0.0,
                    "Total Cost": 58306.47,
                    "Plan Rows": 5154,
                    "Plan Width": 4,
                    "Actual Startup Time": 1.056,
                    "Actual Total Time": 129.744,
                    "Actual Rows": 4000,
                    "Actual Loops": 2,
                    "Filter": "((kind_id < 4) AND (production_year = 1993))",
                    "Rows Removed by Filter": 1260156
                  },
                  {
                    "Node Type": "Index Only Scan",
                    "Parent Relationship": "Inner",
                    "Parallel Aware": false,
                    "Scan Direction": "Forward",
                    "Index Name": "movie_id_cast_info",
                    "Relation Name": "cast_info",
                    "Alias": "ci",
                    "Startup Cost": 0.56,
                    "Total Cost": 95.25,
                    "Plan Rows": 37,
                    "Plan Width": 4,
                    "Actual Startup Time": 0.009,
                    "Actual Total Time": 0.046,
                    "Actual Rows": 18,
                    "Actual Loops": 7999,
                    "Index Cond": "(movie_id = t.id)",
                    "Rows Removed by Index Recheck": 0,
                    "Heap Fetches": 147000
                  }
                ]
              }
            ]
          }
        ]
      }
    ]
  },
  "Planning Time": 0.499,
  "Triggers": [],
  "Execution Time": 386.914
}