{
    "Plan": {
        "Node Type": "Aggregate",
        "Strategy": "Plain",
        "Partial Mode": "Simple",
        "Parallel Aware": false,
        "Startup Cost": 10001929519.52,
        "Total Cost": 10001929519.53,
        "Plan Rows": 1,
        "Plan Width": 96,
        "Actual Startup Time": 37847.62,
        "Actual Total Time": 37847.628,
        "Actual Rows": 1,
        "Actual Loops": 1,
        "Output": [
            "min(k.keyword)",
            "min(n.name)",
            "min(t.title)"
        ],
        "Plans": [
            {
                "Node Type": "Nested Loop",
                "Parent Relationship": "Outer",
                "Parallel Aware": false,
                "Join Type": "Inner",
                "Startup Cost": 10001862844.17,
                "Total Cost": 10001929469.1,
                "Plan Rows": 6723,
                "Plan Width": 48,
                "Actual Startup Time": 21849.54,
                "Actual Total Time": 37336.467,
                "Actual Rows": 1420980,
                "Actual Loops": 1,
                "Output": [
                    "k.keyword",
                    "n.name",
                    "t.title"
                ],
                "Inner Unique": true,
                "Plans": [
                    {
                        "Node Type": "Merge Join",
                        "Parent Relationship": "Outer",
                        "Parallel Aware": false,
                        "Join Type": "Inner",
                        "Startup Cost": 1862843.73,
                        "Total Cost": 1883242.76,
                        "Plan Rows": 10363,
                        "Plan Width": 39,
                        "Actual Startup Time": 21849.404,
                        "Actual Total Time": 24719.504,
                        "Actual Rows": 2211126,
                        "Actual Loops": 1,
                        "Output": [
                            "ci.movie_id",
                            "mk.movie_id",
                            "k.keyword",
                            "n.name"
                        ],
                        "Inner Unique": false,
                        "Merge Cond": "(n.id = ci.person_id)",
                        "Plans": [
                            {
                                "Node Type": "Sort",
                                "Parent Relationship": "Outer",
                                "Parallel Aware": false,
                                "Startup Cost": 555526.5,
                                "Total Cost": 565945.37,
                                "Plan Rows": 4167549,
                                "Plan Width": 19,
                                "Actual Startup Time": 2199.772,
                                "Actual Total Time": 2976.101,
                                "Actual Rows": 4061914,
                                "Actual Loops": 1,
                                "Output": [
                                    "n.name",
                                    "n.id"
                                ],
                                "Sort Key": [
                                    "n.id"
                                ],
                                "Sort Method": "quicksort",
                                "Sort Space Used": 405945,
                                "Sort Space Type": "Memory",
                                "Plans": [
                                    {
                                        "Node Type": "Seq Scan",
                                        "Parent Relationship": "Outer",
                                        "Parallel Aware": false,
                                        "Relation Name": "name",
                                        "Schema": "public",
                                        "Alias": "n",
                                        "Startup Cost": 0.0,
                                        "Total Cost": 97288.49,
                                        "Plan Rows": 4167549,
                                        "Plan Width": 19,
                                        "Actual Startup Time": 0.03,
                                        "Actual Total Time": 683.361,
                                        "Actual Rows": 4167491,
                                        "Actual Loops": 1,
                                        "Output": [
                                            "n.name",
                                            "n.id"
                                        ]
                                    }
                                ]
                            },
                            {
                                "Node Type": "Sort",
                                "Parent Relationship": "Inner",
                                "Parallel Aware": false,
                                "Startup Cost": 1307315.14,
                                "Total Cost": 1307341.05,
                                "Plan Rows": 10363,
                                "Plan Width": 28,
                                "Actual Startup Time": 19649.611,
                                "Actual Total Time": 20641.632,
                                "Actual Rows": 2211126,
                                "Actual Loops": 1,
                                "Output": [
                                    "ci.movie_id",
                                    "ci.person_id",
                                    "mk.movie_id",
                                    "k.keyword"
                                ],
                                "Sort Key": [
                                    "ci.person_id"
                                ],
                                "Sort Method": "quicksort",
                                "Sort Space Used": 271049,
                                "Sort Space Type": "Memory",
                                "Plans": [
                                    {
                                        "Node Type": "Hash Join",
                                        "Parent Relationship": "Outer",
                                        "Parallel Aware": false,
                                        "Join Type": "Inner",
                                        "Startup Cost": 1302101.04,
                                        "Total Cost": 1306623.97,
                                        "Plan Rows": 10363,
                                        "Plan Width": 28,
                                        "Actual Startup Time": 18131.693,
                                        "Actual Total Time": 18987.423,
                                        "Actual Rows": 2211126,
                                        "Actual Loops": 1,
                                        "Output": [
                                            "ci.movie_id",
                                            "ci.person_id",
                                            "mk.movie_id",
                                            "k.keyword"
                                        ],
                                        "Inner Unique": false,
                                        "Hash Cond": "(mk.movie_id = ci.movie_id)",
                                        "Plans": [
                                            {
                                                "Node Type": "Hash Join",
                                                "Parent Relationship": "Outer",
                                                "Parallel Aware": false,
                                                "Join Type": "Inner",
                                                "Startup Cost": 233726.58,
                                                "Total Cost": 238132.28,
                                                "Plan Rows": 270,
                                                "Plan Width": 20,
                                                "Actual Startup Time": 1539.542,
                                                "Actual Total Time": 1585.024,
                                                "Actual Rows": 44624,
                                                "Actual Loops": 1,
                                                "Output": [
                                                    "k.keyword",
                                                    "mk.movie_id"
                                                ],
                                                "Inner Unique": false,
                                                "Hash Cond": "(k.id = mk.keyword_id)",
                                                "Plans": [
                                                    {
                                                        "Node Type": "Seq Scan",
                                                        "Parent Relationship": "Outer",
                                                        "Parallel Aware": false,
                                                        "Relation Name": "keyword",
                                                        "Schema": "public",
                                                        "Alias": "k",
                                                        "Startup Cost": 0.0,
                                                        "Total Cost": 3632.4,
                                                        "Plan Rows": 8,
                                                        "Plan Width": 20,
                                                        "Actual Startup Time": 0.09,
                                                        "Actual Total Time": 23.783,
                                                        "Actual Rows": 6,
                                                        "Actual Loops": 1,
                                                        "Output": [
                                                            "k.id",
                                                            "k.keyword",
                                                            "k.phonetic_code"
                                                        ],
                                                        "Filter": "(k.keyword = ANY ('{murder-in-title,murder,tv-special,based-on-comic,based-on-comic,blood,fight,martial-arts}'::text[]))",
                                                        "Rows Removed by Filter": 134164
                                                    },
                                                    {
                                                        "Node Type": "Hash",
                                                        "Parent Relationship": "Inner",
                                                        "Parallel Aware": false,
                                                        "Startup Cost": 177177.46,
                                                        "Total Cost": 177177.46,
                                                        "Plan Rows": 4523930,
                                                        "Plan Width": 8,
                                                        "Actual Startup Time": 1504.745,
                                                        "Actual Total Time": 1504.746,
                                                        "Actual Rows": 4523930,
                                                        "Actual Loops": 1,
                                                        "Output": [
                                                            "mk.keyword_id",
                                                            "mk.movie_id"
                                                        ],
                                                        "Hash Buckets": 8388608,
                                                        "Original Hash Buckets": 8388608,
                                                        "Hash Batches": 1,
                                                        "Original Hash Batches": 1,
                                                        "Peak Memory Usage": 242253,
                                                        "Plans": [
                                                            {
                                                                "Node Type": "Index Scan",
                                                                "Parent Relationship": "Outer",
                                                                "Parallel Aware": false,
                                                                "Scan Direction": "Forward",
                                                                "Index Name": "movie_id_movie_keyword",
                                                                "Relation Name": "movie_keyword",
                                                                "Schema": "public",
                                                                "Alias": "mk",
                                                                "Startup Cost": 0.43,
                                                                "Total Cost": 177177.46,
                                                                "Plan Rows": 4523930,
                                                                "Plan Width": 8,
                                                                "Actual Startup Time": 0.044,
                                                                "Actual Total Time": 703.896,
                                                                "Actual Rows": 4523930,
                                                                "Actual Loops": 1,
                                                                "Output": [
                                                                    "mk.keyword_id",
                                                                    "mk.movie_id"
                                                                ]
                                                            }
                                                        ]
                                                    }
                                                ]
                                            },
                                            {
                                                "Node Type": "Hash",
                                                "Parent Relationship": "Inner",
                                                "Parallel Aware": false,
                                                "Startup Cost": 615214.76,
                                                "Total Cost": 615214.76,
                                                "Plan Rows": 36252776,
                                                "Plan Width": 8,
                                                "Actual Startup Time": 16324.655,
                                                "Actual Total Time": 16324.655,
                                                "Actual Rows": 36244344,
                                                "Actual Loops": 1,
                                                "Output": [
                                                    "ci.movie_id",
                                                    "ci.person_id"
                                                ],
                                                "Hash Buckets": 67108864,
                                                "Original Hash Buckets": 67108864,
                                                "Hash Batches": 1,
                                                "Original Hash Batches": 1,
                                                "Peak Memory Usage": 1940083,
                                                "Plans": [
                                                    {
                                                        "Node Type": "Seq Scan",
                                                        "Parent Relationship": "Outer",
                                                        "Parallel Aware": false,
                                                        "Relation Name": "cast_info",
                                                        "Schema": "public",
                                                        "Alias": "ci",
                                                        "Startup Cost": 0.0,
                                                        "Total Cost": 615214.76,
                                                        "Plan Rows": 36252776,
                                                        "Plan Width": 8,
                                                        "Actual Startup Time": 0.034,
                                                        "Actual Total Time": 4135.74,
                                                        "Actual Rows": 36244344,
                                                        "Actual Loops": 1,
                                                        "Output": [
                                                            "ci.movie_id",
                                                            "ci.person_id"
                                                        ]
                                                    }
                                                ]
                                            }
                                        ]
                                    }
                                ]
                            }
                        ]
                    },
                    {
                        "Node Type": "Bitmap Heap Scan",
                        "Parent Relationship": "Inner",
                        "Parallel Aware": false,
                        "Relation Name": "title",
                        "Schema": "public",
                        "Alias": "t",
                        "Startup Cost": 0.45,
                        "Total Cost": 4.46,
                        "Plan Rows": 1,
                        "Plan Width": 21,
                        "Actual Startup Time": 0.004,
                        "Actual Total Time": 0.004,
                        "Actual Rows": 1,
                        "Actual Loops": 2211126,
                        "Output": [
                            "t.id",
                            "t.title",
                            "t.imdb_index",
                            "t.kind_id",
                            "t.production_year",
                            "t.imdb_id",
                            "t.phonetic_code",
                            "t.episode_of_id",
                            "t.season_nr",
                            "t.episode_nr",
                            "t.series_years",
                            "t.md5sum"
                        ],
                        "Recheck Cond": "(t.id = mk.movie_id)",
                        "Rows Removed by Index Recheck": 0,
                        "Filter": "(t.production_year > 1994)",
                        "Rows Removed by Filter": 0,
                        "Exact Heap Blocks": 2211126,
                        "Lossy Heap Blocks": 0,
                        "Plans": [
                            {
                                "Node Type": "Bitmap Index Scan",
                                "Parent Relationship": "Outer",
                                "Parallel Aware": false,
                                "Index Name": "title_pkey",
                                "Startup Cost": 0.0,
                                "Total Cost": 0.45,
                                "Plan Rows": 1,
                                "Plan Width": 0,
                                "Actual Startup Time": 0.002,
                                "Actual Total Time": 0.002,
                                "Actual Rows": 1,
                                "Actual Loops": 2211126,
                                "Index Cond": "(t.id = mk.movie_id)"
                            }
                        ]
                    }
                ]
            }
        ]
    },
    "Planning Time": 1.913,
    "Triggers": [],
    "Execution Time": 38016.677
}