{
    "Plan": {
        "Node Type": "Aggregate",
        "Strategy": "Plain",
        "Partial Mode": "Simple",
        "Parallel Aware": false,
        "Startup Cost": 60002386300.31,
        "Total Cost": 60002386300.32,
        "Plan Rows": 1,
        "Plan Width": 8,
        "Actual Startup Time": 3496.043,
        "Actual Total Time": 3563.415,
        "Actual Rows": 1,
        "Actual Loops": 1,
        "Output": [
            "count(*)"
        ],
        "Plans": [
            {
                "Node Type": "Merge Join",
                "Parent Relationship": "Outer",
                "Parallel Aware": false,
                "Join Type": "Inner",
                "Startup Cost": 60002386300.28,
                "Total Cost": 60002386300.3,
                "Plan Rows": 1,
                "Plan Width": 0,
                "Actual Startup Time": 3496.038,
                "Actual Total Time": 3563.408,
                "Actual Rows": 0,
                "Actual Loops": 1,
                "Inner Unique": false,
                "Merge Cond": "(cct1.id = cc.subject_id)",
                "Plans": [
                    {
                        "Node Type": "Sort",
                        "Parent Relationship": "Outer",
                        "Parallel Aware": false,
                        "Startup Cost": 1.06,
                        "Total Cost": 1.06,
                        "Plan Rows": 1,
                        "Plan Width": 4,
                        "Actual Startup Time": 0.02,
                        "Actual Total Time": 0.022,
                        "Actual Rows": 1,
                        "Actual Loops": 1,
                        "Output": [
                            "cct1.id"
                        ],
                        "Sort Key": [
                            "cct1.id"
                        ],
                        "Sort Method": "quicksort",
                        "Sort Space Used": 25,
                        "Sort Space Type": "Memory",
                        "Plans": [
                            {
                                "Node Type": "Seq Scan",
                                "Parent Relationship": "Outer",
                                "Parallel Aware": false,
                                "Relation Name": "comp_cast_type",
                                "Schema": "public",
                                "Alias": "cct1",
                                "Startup Cost": 0.0,
                                "Total Cost": 1.05,
                                "Plan Rows": 1,
                                "Plan Width": 4,
                                "Actual Startup Time": 0.015,
                                "Actual Total Time": 0.016,
                                "Actual Rows": 1,
                                "Actual Loops": 1,
                                "Output": [
                                    "cct1.id"
                                ],
                                "Filter": "((cct1.kind)::text = 'cast'::text)",
                                "Rows Removed by Filter": 3
                            }
                        ]
                    },
                    {
                        "Node Type": "Sort",
                        "Parent Relationship": "Inner",
                        "Parallel Aware": false,
                        "Startup Cost": 60002386299.22,
                        "Total Cost": 60002386299.22,
                        "Plan Rows": 1,
                        "Plan Width": 4,
                        "Actual Startup Time": 3496.017,
                        "Actual Total Time": 3563.384,
                        "Actual Rows": 0,
                        "Actual Loops": 1,
                        "Output": [
                            "cc.subject_id"
                        ],
                        "Sort Key": [
                            "cc.subject_id"
                        ],
                        "Sort Method": "quicksort",
                        "Sort Space Used": 25,
                        "Sort Space Type": "Memory",
                        "Plans": [
                            {
                                "Node Type": "Hash Join",
                                "Parent Relationship": "Outer",
                                "Parallel Aware": false,
                                "Join Type": "Inner",
                                "Startup Cost": 60002373644.41,
                                "Total Cost": 60002386299.21,
                                "Plan Rows": 1,
                                "Plan Width": 4,
                                "Actual Startup Time": 3496.014,
                                "Actual Total Time": 3563.381,
                                "Actual Rows": 0,
                                "Actual Loops": 1,
                                "Output": [
                                    "cc.subject_id"
                                ],
                                "Inner Unique": false,
                                "Hash Cond": "(t.id = mi.movie_id)",
                                "Plans": [
                                    {
                                        "Node Type": "Merge Join",
                                        "Parent Relationship": "Outer",
                                        "Parallel Aware": false,
                                        "Join Type": "Inner",
                                        "Startup Cost": 50002150642.29,
                                        "Total Cost": 50002163297.02,
                                        "Plan Rows": 1,
                                        "Plan Width": 16,
                                        "Actual Startup Time": 2898.457,
                                        "Actual Total Time": 2965.479,
                                        "Actual Rows": 0,
                                        "Actual Loops": 1,
                                        "Output": [
                                            "ci.movie_id",
                                            "mc.movie_id",
                                            "mk.movie_id",
                                            "t.id"
                                        ],
                                        "Inner Unique": true,
                                        "Merge Cond": "(mc.company_id = cn.id)",
                                        "Plans": [
                                            {
                                                "Node Type": "Sort",
                                                "Parent Relationship": "Outer",
                                                "Parallel Aware": false,
                                                "Startup Cost": 50002150641.87,
                                                "Total Cost": 50002150641.88,
                                                "Plan Rows": 1,
                                                "Plan Width": 20,
                                                "Actual Startup Time": 2898.456,
                                                "Actual Total Time": 2965.477,
                                                "Actual Rows": 0,
                                                "Actual Loops": 1,
                                                "Output": [
                                                    "ci.movie_id",
                                                    "mc.movie_id",
                                                    "mc.company_id",
                                                    "mk.movie_id",
                                                    "t.id"
                                                ],
                                                "Sort Key": [
                                                    "mc.company_id"
                                                ],
                                                "Sort Method": "quicksort",
                                                "Sort Space Used": 25,
                                                "Sort Space Type": "Memory",
                                                "Plans": [
                                                    {
                                                        "Node Type": "Merge Join",
                                                        "Parent Relationship": "Outer",
                                                        "Parallel Aware": false,
                                                        "Join Type": "Inner",
                                                        "Startup Cost": 50002145299.34,
                                                        "Total Cost": 50002150641.86,
                                                        "Plan Rows": 1,
                                                        "Plan Width": 20,
                                                        "Actual Startup Time": 2898.445,
                                                        "Actual Total Time": 2965.466,
                                                        "Actual Rows": 0,
                                                        "Actual Loops": 1,
                                                        "Output": [
                                                            "ci.movie_id",
                                                            "mc.movie_id",
                                                            "mc.company_id",
                                                            "mk.movie_id",
                                                            "t.id"
                                                        ],
                                                        "Inner Unique": false,
                                                        "Merge Cond": "(k.id = mk.keyword_id)",
                                                        "Plans": [
                                                            {
                                                                "Node Type": "Index Scan",
                                                                "Parent Relationship": "Outer",
                                                                "Parallel Aware": false,
                                                                "Scan Direction": "Forward",
                                                                "Index Name": "keyword_pkey",
                                                                "Relation Name": "keyword",
                                                                "Schema": "public",
                                                                "Alias": "k",
                                                                "Startup Cost": 0.42,
                                                                "Total Cost": 5342.92,
                                                                "Plan Rows": 1,
                                                                "Plan Width": 4,
                                                                "Actual Startup Time": 1.982,
                                                                "Actual Total Time": 1.983,
                                                                "Actual Rows": 1,
                                                                "Actual Loops": 1,
                                                                "Output": [
                                                                    "k.id",
                                                                    "k.keyword",
                                                                    "k.phonetic_code"
                                                                ],
                                                                "Filter": "(k.keyword = 'computer-animation'::text)",
                                                                "Rows Removed by Filter": 7083
                                                            },
                                                            {
                                                                "Node Type": "Sort",
                                                                "Parent Relationship": "Inner",
                                                                "Parallel Aware": false,
                                                                "Startup Cost": 50002145298.92,
                                                                "Total Cost": 50002145298.92,
                                                                "Plan Rows": 1,
                                                                "Plan Width": 24,
                                                                "Actual Startup Time": 2896.46,
                                                                "Actual Total Time": 2963.479,
                                                                "Actual Rows": 0,
                                                                "Actual Loops": 1,
                                                                "Output": [
                                                                    "ci.movie_id",
                                                                    "mc.movie_id",
                                                                    "mc.company_id",
                                                                    "mk.movie_id",
                                                                    "mk.keyword_id",
                                                                    "t.id"
                                                                ],
                                                                "Sort Key": [
                                                                    "mk.keyword_id"
                                                                ],
                                                                "Sort Method": "quicksort",
                                                                "Sort Space Used": 25,
                                                                "Sort Space Type": "Memory",
                                                                "Plans": [
                                                                    {
                                                                        "Node Type": "Merge Join",
                                                                        "Parent Relationship": "Outer",
                                                                        "Parallel Aware": false,
                                                                        "Join Type": "Inner",
                                                                        "Startup Cost": 50002145284.91,
                                                                        "Total Cost": 50002145298.91,
                                                                        "Plan Rows": 1,
                                                                        "Plan Width": 24,
                                                                        "Actual Startup Time": 2896.455,
                                                                        "Actual Total Time": 2963.473,
                                                                        "Actual Rows": 0,
                                                                        "Actual Loops": 1,
                                                                        "Output": [
                                                                            "ci.movie_id",
                                                                            "mc.movie_id",
                                                                            "mc.company_id",
                                                                            "mk.movie_id",
                                                                            "mk.keyword_id",
                                                                            "t.id"
                                                                        ],
                                                                        "Inner Unique": true,
                                                                        "Merge Cond": "(pi.info_type_id = it3.id)",
                                                                        "Plans": [
                                                                            {
                                                                                "Node Type": "Sort",
                                                                                "Parent Relationship": "Outer",
                                                                                "Parallel Aware": false,
                                                                                "Startup Cost": 50002145284.77,
                                                                                "Total Cost": 50002145284.77,
                                                                                "Plan Rows": 1,
                                                                                "Plan Width": 28,
                                                                                "Actual Startup Time": 2896.454,
                                                                                "Actual Total Time": 2963.47,
                                                                                "Actual Rows": 0,
                                                                                "Actual Loops": 1,
                                                                                "Output": [
                                                                                    "ci.movie_id",
                                                                                    "mc.movie_id",
                                                                                    "mc.company_id",
                                                                                    "mk.movie_id",
                                                                                    "mk.keyword_id",
                                                                                    "pi.info_type_id",
                                                                                    "t.id"
                                                                                ],
                                                                                "Sort Key": [
                                                                                    "pi.info_type_id"
                                                                                ],
                                                                                "Sort Method": "quicksort",
                                                                                "Sort Space Used": 25,
                                                                                "Sort Space Type": "Memory",
                                                                                "Plans": [
                                                                                    {
                                                                                        "Node Type": "Hash Join",
                                                                                        "Parent Relationship": "Outer",
                                                                                        "Parallel Aware": false,
                                                                                        "Join Type": "Inner",
                                                                                        "Startup Cost": 50002053485.36,
                                                                                        "Total Cost": 50002145284.76,
                                                                                        "Plan Rows": 1,
                                                                                        "Plan Width": 28,
                                                                                        "Actual Startup Time": 2896.45,
                                                                                        "Actual Total Time": 2963.466,
                                                                                        "Actual Rows": 0,
                                                                                        "Actual Loops": 1,
                                                                                        "Output": [
                                                                                            "ci.movie_id",
                                                                                            "mc.movie_id",
                                                                                            "mc.company_id",
                                                                                            "mk.movie_id",
                                                                                            "mk.keyword_id",
                                                                                            "pi.info_type_id",
                                                                                            "t.id"
                                                                                        ],
                                                                                        "Inner Unique": false,
                                                                                        "Hash Cond": "(pi.person_id = n.id)",
                                                                                        "Plans": [
                                                                                            {
                                                                                                "Node Type": "Seq Scan",
                                                                                                "Parent Relationship": "Outer",
                                                                                                "Parallel Aware": false,
                                                                                                "Relation Name": "person_info",
                                                                                                "Schema": "public",
                                                                                                "Alias": "pi",
                                                                                                "Startup Cost": 10000000000.0,
                                                                                                "Total Cost": 10000080686.19,
                                                                                                "Plan Rows": 2963519,
                                                                                                "Plan Width": 8,
                                                                                                "Actual Startup Time": 0.011,
                                                                                                "Actual Total Time": 0.011,
                                                                                                "Actual Rows": 1,
                                                                                                "Actual Loops": 1,
                                                                                                "Output": [
                                                                                                    "pi.id",
                                                                                                    "pi.person_id",
                                                                                                    "pi.info_type_id",
                                                                                                    "pi.info",
                                                                                                    "pi.note"
                                                                                                ]
                                                                                            },
                                                                                            {
                                                                                                "Node Type": "Hash",
                                                                                                "Parent Relationship": "Inner",
                                                                                                "Parallel Aware": false,
                                                                                                "Startup Cost": 40002053485.35,
                                                                                                "Total Cost": 40002053485.35,
                                                                                                "Plan Rows": 1,
                                                                                                "Plan Width": 36,
                                                                                                "Actual Startup Time": 2896.43,
                                                                                                "Actual Total Time": 2963.444,
                                                                                                "Actual Rows": 0,
                                                                                                "Actual Loops": 1,
                                                                                                "Output": [
                                                                                                    "an.person_id",
                                                                                                    "ci.movie_id",
                                                                                                    "ci.person_id",
                                                                                                    "mc.movie_id",
                                                                                                    "mc.company_id",
                                                                                                    "mk.movie_id",
                                                                                                    "mk.keyword_id",
                                                                                                    "n.id",
                                                                                                    "t.id"
                                                                                                ],
                                                                                                "Hash Buckets": 1024,
                                                                                                "Original Hash Buckets": 1024,
                                                                                                "Hash Batches": 1,
                                                                                                "Original Hash Batches": 1,
                                                                                                "Peak Memory Usage": 8,
                                                                                                "Plans": [
                                                                                                    {
                                                                                                        "Node Type": "Merge Join",
                                                                                                        "Parent Relationship": "Outer",
                                                                                                        "Parallel Aware": false,
                                                                                                        "Join Type": "Inner",
                                                                                                        "Startup Cost": 40002053145.07,
                                                                                                        "Total Cost": 40002053485.35,
                                                                                                        "Plan Rows": 1,
                                                                                                        "Plan Width": 36,
                                                                                                        "Actual Startup Time": 2896.428,
                                                                                                        "Actual Total Time": 2963.442,
                                                                                                        "Actual Rows": 0,
                                                                                                        "Actual Loops": 1,
                                                                                                        "Output": [
                                                                                                            "an.person_id",
                                                                                                            "ci.movie_id",
                                                                                                            "ci.person_id",
                                                                                                            "mc.movie_id",
                                                                                                            "mc.company_id",
                                                                                                            "mk.movie_id",
                                                                                                            "mk.keyword_id",
                                                                                                            "n.id",
                                                                                                            "t.id"
                                                                                                        ],
                                                                                                        "Inner Unique": false,
                                                                                                        "Merge Cond": "(n.id = ci.person_id)",
                                                                                                        "Plans": [
                                                                                                            {
                                                                                                                "Node Type": "Sort",
                                                                                                                "Parent Relationship": "Outer",
                                                                                                                "Parallel Aware": false,
                                                                                                                "Startup Cost": 84883.78,
                                                                                                                "Total Cost": 85058.9,
                                                                                                                "Plan Rows": 70049,
                                                                                                                "Plan Width": 4,
                                                                                                                "Actual Startup Time": 270.235,
                                                                                                                "Actual Total Time": 270.324,
                                                                                                                "Actual Rows": 1,
                                                                                                                "Actual Loops": 1,
                                                                                                                "Output": [
                                                                                                                    "n.id"
                                                                                                                ],
                                                                                                                "Sort Key": [
                                                                                                                    "n.id"
                                                                                                                ],
                                                                                                                "Sort Method": "quicksort",
                                                                                                                "Sort Space Used": 4161,
                                                                                                                "Sort Space Type": "Memory",
                                                                                                                "Plans": [
                                                                                                                    {
                                                                                                                        "Node Type": "Gather",
                                                                                                                        "Parent Relationship": "Outer",
                                                                                                                        "Parallel Aware": false,
                                                                                                                        "Startup Cost": 1000.0,
                                                                                                                        "Total Cost": 79246.21,
                                                                                                                        "Plan Rows": 70049,
                                                                                                                        "Plan Width": 4,
                                                                                                                        "Actual Startup Time": 0.314,
                                                                                                                        "Actual Total Time": 261.352,
                                                                                                                        "Actual Rows": 55990,
                                                                                                                        "Actual Loops": 1,
                                                                                                                        "Output": [
                                                                                                                            "n.id"
                                                                                                                        ],
                                                                                                                        "Workers Planned": 4,
                                                                                                                        "Workers Launched": 2,
                                                                                                                        "Single Copy": false,
                                                                                                                        "Plans": [
                                                                                                                            {
                                                                                                                                "Node Type": "Seq Scan",
                                                                                                                                "Parent Relationship": "Outer",
                                                                                                                                "Parallel Aware": true,
                                                                                                                                "Relation Name": "name",
                                                                                                                                "Schema": "public",
                                                                                                                                "Alias": "n",
                                                                                                                                "Startup Cost": 0.0,
                                                                                                                                "Total Cost": 71241.31,
                                                                                                                                "Plan Rows": 17512,
                                                                                                                                "Plan Width": 4,
                                                                                                                                "Actual Startup Time": 0.066,
                                                                                                                                "Actual Total Time": 251.1,
                                                                                                                                "Actual Rows": 18663,
                                                                                                                                "Actual Loops": 3,
                                                                                                                                "Output": [
                                                                                                                                    "n.id"
                                                                                                                                ],
                                                                                                                                "Filter": "((n.name ~~ '%An%'::text) AND ((n.gender)::text = 'm'::text))",
                                                                                                                                "Rows Removed by Filter": 1370500,
                                                                                                                                "Workers": [
                                                                                                                                    {
                                                                                                                                        "Worker Number": 0,
                                                                                                                                        "Actual Startup Time": 0.098,
                                                                                                                                        "Actual Total Time": 250.157,
                                                                                                                                        "Actual Rows": 10434,
                                                                                                                                        "Actual Loops": 1
                                                                                                                                    },
                                                                                                                                    {
                                                                                                                                        "Worker Number": 1,
                                                                                                                                        "Actual Startup Time": 0.087,
                                                                                                                                        "Actual Total Time": 250.236,
                                                                                                                                        "Actual Rows": 10532,
                                                                                                                                        "Actual Loops": 1
                                                                                                                                    }
                                                                                                                                ]
                                                                                                                            }
                                                                                                                        ]
                                                                                                                    }
                                                                                                                ]
                                                                                                            },
                                                                                                            {
                                                                                                                "Node Type": "Sort",
                                                                                                                "Parent Relationship": "Inner",
                                                                                                                "Parallel Aware": false,
                                                                                                                "Startup Cost": 40001968261.26,
                                                                                                                "Total Cost": 40001968261.26,
                                                                                                                "Plan Rows": 1,
                                                                                                                "Plan Width": 32,
                                                                                                                "Actual Startup Time": 2626.189,
                                                                                                                "Actual Total Time": 2693.113,
                                                                                                                "Actual Rows": 0,
                                                                                                                "Actual Loops": 1,
                                                                                                                "Output": [
                                                                                                                    "an.person_id",
                                                                                                                    "ci.movie_id",
                                                                                                                    "ci.person_id",
                                                                                                                    "mc.movie_id",
                                                                                                                    "mc.company_id",
                                                                                                                    "mk.movie_id",
                                                                                                                    "mk.keyword_id",
                                                                                                                    "t.id"
                                                                                                                ],
                                                                                                                "Sort Key": [
                                                                                                                    "an.person_id"
                                                                                                                ],
                                                                                                                "Sort Method": "quicksort",
                                                                                                                "Sort Space Used": 25,
                                                                                                                "Sort Space Type": "Memory",
                                                                                                                "Plans": [
                                                                                                                    {
                                                                                                                        "Node Type": "Hash Join",
                                                                                                                        "Parent Relationship": "Outer",
                                                                                                                        "Parallel Aware": false,
                                                                                                                        "Join Type": "Inner",
                                                                                                                        "Startup Cost": 40001944471.76,
                                                                                                                        "Total Cost": 40001968261.25,
                                                                                                                        "Plan Rows": 1,
                                                                                                                        "Plan Width": 32,
                                                                                                                        "Actual Startup Time": 2626.177,
                                                                                                                        "Actual Total Time": 2693.1,
                                                                                                                        "Actual Rows": 0,
                                                                                                                        "Actual Loops": 1,
                                                                                                                        "Output": [
                                                                                                                            "an.person_id",
                                                                                                                            "ci.movie_id",
                                                                                                                            "ci.person_id",
                                                                                                                            "mc.movie_id",
                                                                                                                            "mc.company_id",
                                                                                                                            "mk.movie_id",
                                                                                                                            "mk.keyword_id",
                                                                                                                            "t.id"
                                                                                                                        ],
                                                                                                                        "Inner Unique": false,
                                                                                                                        "Hash Cond": "(an.person_id = ci.person_id)",
                                                                                                                        "Plans": [
                                                                                                                            {
                                                                                                                                "Node Type": "Seq Scan",
                                                                                                                                "Parent Relationship": "Outer",
                                                                                                                                "Parallel Aware": false,
                                                                                                                                "Relation Name": "aka_name",
                                                                                                                                "Schema": "public",
                                                                                                                                "Alias": "an",
                                                                                                                                "Startup Cost": 0.0,
                                                                                                                                "Total Cost": 20409.43,
                                                                                                                                "Plan Rows": 901343,
                                                                                                                                "Plan Width": 4,
                                                                                                                                "Actual Startup Time": 0.012,
                                                                                                                                "Actual Total Time": 0.013,
                                                                                                                                "Actual Rows": 1,
                                                                                                                                "Actual Loops": 1,
                                                                                                                                "Output": [
                                                                                                                                    "an.id",
                                                                                                                                    "an.person_id",
                                                                                                                                    "an.name",
                                                                                                                                    "an.imdb_index",
                                                                                                                                    "an.name_pcode_cf",
                                                                                                                                    "an.name_pcode_nf",
                                                                                                                                    "an.surname_pcode",
                                                                                                                                    "an.md5sum"
                                                                                                                                ]
                                                                                                                            },
                                                                                                                            {
                                                                                                                                "Node Type": "Hash",
                                                                                                                                "Parent Relationship": "Inner",
                                                                                                                                "Parallel Aware": false,
                                                                                                                                "Startup Cost": 40001944471.75,
                                                                                                                                "Total Cost": 40001944471.75,
                                                                                                                                "Plan Rows": 1,
                                                                                                                                "Plan Width": 28,
                                                                                                                                "Actual Startup Time": 2626.154,
                                                                                                                                "Actual Total Time": 2693.074,
                                                                                                                                "Actual Rows": 0,
                                                                                                                                "Actual Loops": 1,
                                                                                                                                "Output": [
                                                                                                                                    "ci.movie_id",
                                                                                                                                    "ci.person_id",
                                                                                                                                    "mc.movie_id",
                                                                                                                                    "mc.company_id",
                                                                                                                                    "mk.movie_id",
                                                                                                                                    "mk.keyword_id",
                                                                                                                                    "t.id"
                                                                                                                                ],
                                                                                                                                "Hash Buckets": 1024,
                                                                                                                                "Original Hash Buckets": 1024,
                                                                                                                                "Hash Batches": 1,
                                                                                                                                "Original Hash Batches": 1,
                                                                                                                                "Peak Memory Usage": 8,
                                                                                                                                "Plans": [
                                                                                                                                    {
                                                                                                                                        "Node Type": "Merge Join",
                                                                                                                                        "Parent Relationship": "Outer",
                                                                                                                                        "Parallel Aware": false,
                                                                                                                                        "Join Type": "Inner",
                                                                                                                                        "Startup Cost": 40001944471.72,
                                                                                                                                        "Total Cost": 40001944471.75,
                                                                                                                                        "Plan Rows": 1,
                                                                                                                                        "Plan Width": 28,
                                                                                                                                        "Actual Startup Time": 2626.153,
                                                                                                                                        "Actual Total Time": 2693.072,
                                                                                                                                        "Actual Rows": 0,
                                                                                                                                        "Actual Loops": 1,
                                                                                                                                        "Output": [
                                                                                                                                            "ci.movie_id",
                                                                                                                                            "ci.person_id",
                                                                                                                                            "mc.movie_id",
                                                                                                                                            "mc.company_id",
                                                                                                                                            "mk.movie_id",
                                                                                                                                            "mk.keyword_id",
                                                                                                                                            "t.id"
                                                                                                                                        ],
                                                                                                                                        "Inner Unique": false,
                                                                                                                                        "Merge Cond": "(ci.person_role_id = chn.id)",
                                                                                                                                        "Plans": [
                                                                                                                                            {
                                                                                                                                                "Node Type": "Sort",
                                                                                                                                                "Parent Relationship": "Outer",
                                                                                                                                                "Parallel Aware": false,
                                                                                                                                                "Startup Cost": 30001868770.87,
                                                                                                                                                "Total Cost": 30001868770.88,
                                                                                                                                                "Plan Rows": 4,
                                                                                                                                                "Plan Width": 32,
                                                                                                                                                "Actual Startup Time": 2626.152,
                                                                                                                                                "Actual Total Time": 2693.07,
                                                                                                                                                "Actual Rows": 0,
                                                                                                                                                "Actual Loops": 1,
                                                                                                                                                "Output": [
                                                                                                                                                    "ci.movie_id",
                                                                                                                                                    "ci.person_id",
                                                                                                                                                    "ci.person_role_id",
                                                                                                                                                    "mc.movie_id",
                                                                                                                                                    "mc.company_id",
                                                                                                                                                    "mk.movie_id",
                                                                                                                                                    "mk.keyword_id",
                                                                                                                                                    "t.id"
                                                                                                                                                ],
                                                                                                                                                "Sort Key": [
                                                                                                                                                    "ci.person_role_id"
                                                                                                                                                ],
                                                                                                                                                "Sort Method": "quicksort",
                                                                                                                                                "Sort Space Used": 25,
                                                                                                                                                "Sort Space Type": "Memory",
                                                                                                                                                "Plans": [
                                                                                                                                                    {
                                                                                                                                                        "Node Type": "Merge Join",
                                                                                                                                                        "Parent Relationship": "Outer",
                                                                                                                                                        "Parallel Aware": false,
                                                                                                                                                        "Join Type": "Inner",
                                                                                                                                                        "Startup Cost": 30001833105.49,
                                                                                                                                                        "Total Cost": 30001868770.83,
                                                                                                                                                        "Plan Rows": 4,
                                                                                                                                                        "Plan Width": 32,
                                                                                                                                                        "Actual Startup Time": 2626.148,
                                                                                                                                                        "Actual Total Time": 2693.065,
                                                                                                                                                        "Actual Rows": 0,
                                                                                                                                                        "Actual Loops": 1,
                                                                                                                                                        "Output": [
                                                                                                                                                            "ci.movie_id",
                                                                                                                                                            "ci.person_id",
                                                                                                                                                            "ci.person_role_id",
                                                                                                                                                            "mc.movie_id",
                                                                                                                                                            "mc.company_id",
                                                                                                                                                            "mk.movie_id",
                                                                                                                                                            "mk.keyword_id",
                                                                                                                                                            "t.id"
                                                                                                                                                        ],
                                                                                                                                                        "Inner Unique": false,
                                                                                                                                                        "Merge Cond": "(mc.movie_id = t.id)",
                                                                                                                                                        "Plans": [
                                                                                                                                                            {
                                                                                                                                                                "Node Type": "Sort",
                                                                                                                                                                "Parent Relationship": "Outer",
                                                                                                                                                                "Parallel Aware": false,
                                                                                                                                                                "Startup Cost": 10000322951.0,
                                                                                                                                                                "Total Cost": 10000329473.82,
                                                                                                                                                                "Plan Rows": 2609129,
                                                                                                                                                                "Plan Width": 8,
                                                                                                                                                                "Actual Startup Time": 686.309,
                                                                                                                                                                "Actual Total Time": 686.31,
                                                                                                                                                                "Actual Rows": 1,
                                                                                                                                                                "Actual Loops": 1,
                                                                                                                                                                "Output": [
                                                                                                                                                                    "mc.movie_id",
                                                                                                                                                                    "mc.company_id"
                                                                                                                                                                ],
                                                                                                                                                                "Sort Key": [
                                                                                                                                                                    "mc.movie_id"
                                                                                                                                                                ],
                                                                                                                                                                "Sort Method": "quicksort",
                                                                                                                                                                "Sort Space Used": 220607,
                                                                                                                                                                "Sort Space Type": "Memory",
                                                                                                                                                                "Plans": [
                                                                                                                                                                    {
                                                                                                                                                                        "Node Type": "Seq Scan",
                                                                                                                                                                        "Parent Relationship": "Outer",
                                                                                                                                                                        "Parallel Aware": false,
                                                                                                                                                                        "Relation Name": "movie_companies",
                                                                                                                                                                        "Schema": "public",
                                                                                                                                                                        "Alias": "mc",
                                                                                                                                                                        "Startup Cost": 10000000000.0,
                                                                                                                                                                        "Total Cost": 10000044881.29,
                                                                                                                                                                        "Plan Rows": 2609129,
                                                                                                                                                                        "Plan Width": 8,
                                                                                                                                                                        "Actual Startup Time": 0.01,
                                                                                                                                                                        "Actual Total Time": 244.038,
                                                                                                                                                                        "Actual Rows": 2609129,
                                                                                                                                                                        "Actual Loops": 1,
                                                                                                                                                                        "Output": [
                                                                                                                                                                            "mc.movie_id",
                                                                                                                                                                            "mc.company_id"
                                                                                                                                                                        ]
                                                                                                                                                                    }
                                                                                                                                                                ]
                                                                                                                                                            },
                                                                                                                                                            {
                                                                                                                                                                "Node Type": "Materialize",
                                                                                                                                                                "Parent Relationship": "Inner",
                                                                                                                                                                "Parallel Aware": false,
                                                                                                                                                                "Startup Cost": 20001510154.5,
                                                                                                                                                                "Total Cost": 20001532774.18,
                                                                                                                                                                "Plan Rows": 1,
                                                                                                                                                                "Plan Width": 24,
                                                                                                                                                                "Actual Startup Time": 1939.834,
                                                                                                                                                                "Actual Total Time": 2006.749,
                                                                                                                                                                "Actual Rows": 0,
                                                                                                                                                                "Actual Loops": 1,
                                                                                                                                                                "Output": [
                                                                                                                                                                    "ci.movie_id",
                                                                                                                                                                    "ci.person_id",
                                                                                                                                                                    "ci.person_role_id",
                                                                                                                                                                    "mk.movie_id",
                                                                                                                                                                    "mk.keyword_id",
                                                                                                                                                                    "t.id"
                                                                                                                                                                ],
                                                                                                                                                                "Plans": [
                                                                                                                                                                    {
                                                                                                                                                                        "Node Type": "Merge Join",
                                                                                                                                                                        "Parent Relationship": "Outer",
                                                                                                                                                                        "Parallel Aware": false,
                                                                                                                                                                        "Join Type": "Inner",
                                                                                                                                                                        "Startup Cost": 20001510154.5,
                                                                                                                                                                        "Total Cost": 20001532774.17,
                                                                                                                                                                        "Plan Rows": 1,
                                                                                                                                                                        "Plan Width": 24,
                                                                                                                                                                        "Actual Startup Time": 1939.828,
                                                                                                                                                                        "Actual Total Time": 2006.742,
                                                                                                                                                                        "Actual Rows": 0,
                                                                                                                                                                        "Actual Loops": 1,
                                                                                                                                                                        "Output": [
                                                                                                                                                                            "ci.movie_id",
                                                                                                                                                                            "ci.person_id",
                                                                                                                                                                            "ci.person_role_id",
                                                                                                                                                                            "mk.movie_id",
                                                                                                                                                                            "mk.keyword_id",
                                                                                                                                                                            "t.id"
                                                                                                                                                                        ],
                                                                                                                                                                        "Inner Unique": false,
                                                                                                                                                                        "Merge Cond": "(t.id = mk.movie_id)",
                                                                                                                                                                        "Plans": [
                                                                                                                                                                            {
                                                                                                                                                                                "Node Type": "Sort",
                                                                                                                                                                                "Parent Relationship": "Outer",
                                                                                                                                                                                "Parallel Aware": false,
                                                                                                                                                                                "Startup Cost": 10000940360.07,
                                                                                                                                                                                "Total Cost": 10000940360.07,
                                                                                                                                                                                "Plan Rows": 1,
                                                                                                                                                                                "Plan Width": 16,
                                                                                                                                                                                "Actual Startup Time": 1939.826,
                                                                                                                                                                                "Actual Total Time": 2006.738,
                                                                                                                                                                                "Actual Rows": 0,
                                                                                                                                                                                "Actual Loops": 1,
                                                                                                                                                                                "Output": [
                                                                                                                                                                                    "ci.movie_id",
                                                                                                                                                                                    "ci.person_id",
                                                                                                                                                                                    "ci.person_role_id",
                                                                                                                                                                                    "t.id"
                                                                                                                                                                                ],
                                                                                                                                                                                "Sort Key": [
                                                                                                                                                                                    "ci.movie_id"
                                                                                                                                                                                ],
                                                                                                                                                                                "Sort Method": "quicksort",
                                                                                                                                                                                "Sort Space Used": 25,
                                                                                                                                                                                "Sort Space Type": "Memory",
                                                                                                                                                                                "Plans": [
                                                                                                                                                                                    {
                                                                                                                                                                                        "Node Type": "Gather",
                                                                                                                                                                                        "Parent Relationship": "Outer",
                                                                                                                                                                                        "Parallel Aware": false,
                                                                                                                                                                                        "Startup Cost": 10000893292.49,
                                                                                                                                                                                        "Total Cost": 10000940360.06,
                                                                                                                                                                                        "Plan Rows": 1,
                                                                                                                                                                                        "Plan Width": 16,
                                                                                                                                                                                        "Actual Startup Time": 1939.812,
                                                                                                                                                                                        "Actual Total Time": 2006.721,
                                                                                                                                                                                        "Actual Rows": 0,
                                                                                                                                                                                        "Actual Loops": 1,
                                                                                                                                                                                        "Output": [
                                                                                                                                                                                            "ci.movie_id",
                                                                                                                                                                                            "ci.person_id",
                                                                                                                                                                                            "ci.person_role_id",
                                                                                                                                                                                            "t.id"
                                                                                                                                                                                        ],
                                                                                                                                                                                        "Workers Planned": 4,
                                                                                                                                                                                        "Workers Launched": 4,
                                                                                                                                                                                        "Single Copy": false,
                                                                                                                                                                                        "Plans": [
                                                                                                                                                                                            {
                                                                                                                                                                                                "Node Type": "Nested Loop",
                                                                                                                                                                                                "Parent Relationship": "Outer",
                                                                                                                                                                                                "Parallel Aware": false,
                                                                                                                                                                                                "Join Type": "Inner",
                                                                                                                                                                                                "Startup Cost": 10000892292.49,
                                                                                                                                                                                                "Total Cost": 10000939359.96,
                                                                                                                                                                                                "Plan Rows": 1,
                                                                                                                                                                                                "Plan Width": 16,
                                                                                                                                                                                                "Actual Startup Time": 1926.26,
                                                                                                                                                                                                "Actual Total Time": 1926.264,
                                                                                                                                                                                                "Actual Rows": 0,
                                                                                                                                                                                                "Actual Loops": 5,
                                                                                                                                                                                                "Output": [
                                                                                                                                                                                                    "ci.movie_id",
                                                                                                                                                                                                    "ci.person_id",
                                                                                                                                                                                                    "ci.person_role_id",
                                                                                                                                                                                                    "t.id"
                                                                                                                                                                                                ],
                                                                                                                                                                                                "Inner Unique": true,
                                                                                                                                                                                                "Workers": [
                                                                                                                                                                                                    {
                                                                                                                                                                                                        "Worker Number": 0,
                                                                                                                                                                                                        "Actual Startup Time": 1923.019,
                                                                                                                                                                                                        "Actual Total Time": 1923.023,
                                                                                                                                                                                                        "Actual Rows": 0,
                                                                                                                                                                                                        "Actual Loops": 1
                                                                                                                                                                                                    },
                                                                                                                                                                                                    {
                                                                                                                                                                                                        "Worker Number": 1,
                                                                                                                                                                                                        "Actual Startup Time": 1923.36,
                                                                                                                                                                                                        "Actual Total Time": 1923.365,
                                                                                                                                                                                                        "Actual Rows": 0,
                                                                                                                                                                                                        "Actual Loops": 1
                                                                                                                                                                                                    },
                                                                                                                                                                                                    {
                                                                                                                                                                                                        "Worker Number": 2,
                                                                                                                                                                                                        "Actual Startup Time": 1923.621,
                                                                                                                                                                                                        "Actual Total Time": 1923.625,
                                                                                                                                                                                                        "Actual Rows": 0,
                                                                                                                                                                                                        "Actual Loops": 1
                                                                                                                                                                                                    },
                                                                                                                                                                                                    {
                                                                                                                                                                                                        "Worker Number": 3,
                                                                                                                                                                                                        "Actual Startup Time": 1925.941,
                                                                                                                                                                                                        "Actual Total Time": 1925.945,
                                                                                                                                                                                                        "Actual Rows": 0,
                                                                                                                                                                                                        "Actual Loops": 1
                                                                                                                                                                                                    }
                                                                                                                                                                                                ],
                                                                                                                                                                                                "Plans": [
                                                                                                                                                                                                    {
                                                                                                                                                                                                        "Node Type": "Hash Join",
                                                                                                                                                                                                        "Parent Relationship": "Outer",
                                                                                                                                                                                                        "Parallel Aware": true,
                                                                                                                                                                                                        "Join Type": "Inner",
                                                                                                                                                                                                        "Startup Cost": 892292.35,
                                                                                                                                                                                                        "Total Cost": 939351.79,
                                                                                                                                                                                                        "Plan Rows": 1,
                                                                                                                                                                                                        "Plan Width": 20,
                                                                                                                                                                                                        "Actual Startup Time": 1926.258,
                                                                                                                                                                                                        "Actual Total Time": 1926.261,
                                                                                                                                                                                                        "Actual Rows": 0,
                                                                                                                                                                                                        "Actual Loops": 5,
                                                                                                                                                                                                        "Output": [
                                                                                                                                                                                                            "ci.movie_id",
                                                                                                                                                                                                            "ci.person_id",
                                                                                                                                                                                                            "ci.role_id",
                                                                                                                                                                                                            "ci.person_role_id",
                                                                                                                                                                                                            "t.id"
                                                                                                                                                                                                        ],
                                                                                                                                                                                                        "Inner Unique": false,
                                                                                                                                                                                                        "Hash Cond": "(t.id = ci.movie_id)",
                                                                                                                                                                                                        "Workers": [
                                                                                                                                                                                                            {
                                                                                                                                                                                                                "Worker Number": 0,
                                                                                                                                                                                                                "Actual Startup Time": 1923.017,
                                                                                                                                                                                                                "Actual Total Time": 1923.019,
                                                                                                                                                                                                                "Actual Rows": 0,
                                                                                                                                                                                                                "Actual Loops": 1
                                                                                                                                                                                                            },
                                                                                                                                                                                                            {
                                                                                                                                                                                                                "Worker Number": 1,
                                                                                                                                                                                                                "Actual Startup Time": 1923.357,
                                                                                                                                                                                                                "Actual Total Time": 1923.36,
                                                                                                                                                                                                                "Actual Rows": 0,
                                                                                                                                                                                                                "Actual Loops": 1
                                                                                                                                                                                                            },
                                                                                                                                                                                                            {
                                                                                                                                                                                                                "Worker Number": 2,
                                                                                                                                                                                                                "Actual Startup Time": 1923.619,
                                                                                                                                                                                                                "Actual Total Time": 1923.622,
                                                                                                                                                                                                                "Actual Rows": 0,
                                                                                                                                                                                                                "Actual Loops": 1
                                                                                                                                                                                                            },
                                                                                                                                                                                                            {
                                                                                                                                                                                                                "Worker Number": 3,
                                                                                                                                                                                                                "Actual Startup Time": 1925.938,
                                                                                                                                                                                                                "Actual Total Time": 1925.941,
                                                                                                                                                                                                                "Actual Rows": 0,
                                                                                                                                                                                                                "Actual Loops": 1
                                                                                                                                                                                                            }
                                                                                                                                                                                                        ],
                                                                                                                                                                                                        "Plans": [
                                                                                                                                                                                                            {
                                                                                                                                                                                                                "Node Type": "Seq Scan",
                                                                                                                                                                                                                "Parent Relationship": "Outer",
                                                                                                                                                                                                                "Parallel Aware": true,
                                                                                                                                                                                                                "Relation Name": "title",
                                                                                                                                                                                                                "Schema": "public",
                                                                                                                                                                                                                "Alias": "t",
                                                                                                                                                                                                                "Startup Cost": 0.0,
                                                                                                                                                                                                                "Total Cost": 47059.41,
                                                                                                                                                                                                                "Plan Rows": 2,
                                                                                                                                                                                                                "Plan Width": 4,
                                                                                                                                                                                                                "Actual Startup Time": 54.327,
                                                                                                                                                                                                                "Actual Total Time": 67.165,
                                                                                                                                                                                                                "Actual Rows": 0,
                                                                                                                                                                                                                "Actual Loops": 5,
                                                                                                                                                                                                                "Output": [
                                                                                                                                                                                                                    "t.id",
                                                                                                                                                                                                                    "t.title",
                                                                                                                                                                                                                    "t.imdb_index",
                                                                                                                                                                                                                    "t.kind_id",
                                                                                                                                                                                                                    "t.production_year",
                                                                                                                                                                                                                    "t.imdb_id",
                                                                                                                                                                                                                    "t.phonetic_code",
                                                                                                                                                                                                                    "t.episode_of_id",
                                                                                                                                                                                                                    "t.season_nr",
                                                                                                                                                                                                                    "t.episode_nr",
                                                                                                                                                                                                                    "t.series_years",
                                                                                                                                                                                                                    "t.md5sum"
                                                                                                                                                                                                                ],
                                                                                                                                                                                                                "Filter": "((t.production_year >= 2006) AND (t.production_year <= 2012) AND (t.title = 'Shrek 2'::text))",
                                                                                                                                                                                                                "Rows Removed by Filter": 505662,
                                                                                                                                                                                                                "Workers": [
                                                                                                                                                                                                                    {
                                                                                                                                                                                                                        "Worker Number": 0,
                                                                                                                                                                                                                        "Actual Startup Time": 67.159,
                                                                                                                                                                                                                        "Actual Total Time": 67.16,
                                                                                                                                                                                                                        "Actual Rows": 0,
                                                                                                                                                                                                                        "Actual Loops": 1
                                                                                                                                                                                                                    },
                                                                                                                                                                                                                    {
                                                                                                                                                                                                                        "Worker Number": 1,
                                                                                                                                                                                                                        "Actual Startup Time": 67.163,
                                                                                                                                                                                                                        "Actual Total Time": 67.164,
                                                                                                                                                                                                                        "Actual Rows": 0,
                                                                                                                                                                                                                        "Actual Loops": 1
                                                                                                                                                                                                                    },
                                                                                                                                                                                                                    {
                                                                                                                                                                                                                        "Worker Number": 2,
                                                                                                                                                                                                                        "Actual Startup Time": 2.974,
                                                                                                                                                                                                                        "Actual Total Time": 67.159,
                                                                                                                                                                                                                        "Actual Rows": 1,
                                                                                                                                                                                                                        "Actual Loops": 1
                                                                                                                                                                                                                    },
                                                                                                                                                                                                                    {
                                                                                                                                                                                                                        "Worker Number": 3,
                                                                                                                                                                                                                        "Actual Startup Time": 67.173,
                                                                                                                                                                                                                        "Actual Total Time": 67.174,
                                                                                                                                                                                                                        "Actual Rows": 0,
                                                                                                                                                                                                                        "Actual Loops": 1
                                                                                                                                                                                                                    }
                                                                                                                                                                                                                ]
                                                                                                                                                                                                            },
                                                                                                                                                                                                            {
                                                                                                                                                                                                                "Node Type": "Hash",
                                                                                                                                                                                                                "Parent Relationship": "Inner",
                                                                                                                                                                                                                "Parallel Aware": true,
                                                                                                                                                                                                                "Startup Cost": 890625.72,
                                                                                                                                                                                                                "Total Cost": 890625.72,
                                                                                                                                                                                                                "Plan Rows": 133330,
                                                                                                                                                                                                                "Plan Width": 16,
                                                                                                                                                                                                                "Actual Startup Time": 1856.463,
                                                                                                                                                                                                                "Actual Total Time": 1856.464,
                                                                                                                                                                                                                "Actual Rows": 167340,
                                                                                                                                                                                                                "Actual Loops": 5,
                                                                                                                                                                                                                "Output": [
                                                                                                                                                                                                                    "ci.movie_id",
                                                                                                                                                                                                                    "ci.person_id",
                                                                                                                                                                                                                    "ci.role_id",
                                                                                                                                                                                                                    "ci.person_role_id"
                                                                                                                                                                                                                ],
                                                                                                                                                                                                                "Hash Buckets": 1048576,
                                                                                                                                                                                                                "Original Hash Buckets": 1048576,
                                                                                                                                                                                                                "Hash Batches": 1,
                                                                                                                                                                                                                "Original Hash Batches": 1,
                                                                                                                                                                                                                "Peak Memory Usage": 47552,
                                                                                                                                                                                                                "Workers": [
                                                                                                                                                                                                                    {
                                                                                                                                                                                                                        "Worker Number": 0,
                                                                                                                                                                                                                        "Actual Startup Time": 1855.377,
                                                                                                                                                                                                                        "Actual Total Time": 1855.379,
                                                                                                                                                                                                                        "Actual Rows": 156967,
                                                                                                                                                                                                                        "Actual Loops": 1
                                                                                                                                                                                                                    },
                                                                                                                                                                                                                    {
                                                                                                                                                                                                                        "Worker Number": 1,
                                                                                                                                                                                                                        "Actual Startup Time": 1855.763,
                                                                                                                                                                                                                        "Actual Total Time": 1855.765,
                                                                                                                                                                                                                        "Actual Rows": 148217,
                                                                                                                                                                                                                        "Actual Loops": 1
                                                                                                                                                                                                                    },
                                                                                                                                                                                                                    {
                                                                                                                                                                                                                        "Worker Number": 2,
                                                                                                                                                                                                                        "Actual Startup Time": 1855.977,
                                                                                                                                                                                                                        "Actual Total Time": 1855.978,
                                                                                                                                                                                                                        "Actual Rows": 146878,
                                                                                                                                                                                                                        "Actual Loops": 1
                                                                                                                                                                                                                    },
                                                                                                                                                                                                                    {
                                                                                                                                                                                                                        "Worker Number": 3,
                                                                                                                                                                                                                        "Actual Startup Time": 1856.069,
                                                                                                                                                                                                                        "Actual Total Time": 1856.07,
                                                                                                                                                                                                                        "Actual Rows": 149830,
                                                                                                                                                                                                                        "Actual Loops": 1
                                                                                                                                                                                                                    }
                                                                                                                                                                                                                ],
                                                                                                                                                                                                                "Plans": [
                                                                                                                                                                                                                    {
                                                                                                                                                                                                                        "Node Type": "Index Scan",
                                                                                                                                                                                                                        "Parent Relationship": "Outer",
                                                                                                                                                                                                                        "Parallel Aware": true,
                                                                                                                                                                                                                        "Scan Direction": "Forward",
                                                                                                                                                                                                                        "Index Name": "role_id_cast_info",
                                                                                                                                                                                                                        "Relation Name": "cast_info",
                                                                                                                                                                                                                        "Schema": "public",
                                                                                                                                                                                                                        "Alias": "ci",
                                                                                                                                                                                                                        "Startup Cost": 0.56,
                                                                                                                                                                                                                        "Total Cost": 890625.72,
                                                                                                                                                                                                                        "Plan Rows": 133330,
                                                                                                                                                                                                                        "Plan Width": 16,
                                                                                                                                                                                                                        "Actual Startup Time": 0.21,
                                                                                                                                                                                                                        "Actual Total Time": 1779.488,
                                                                                                                                                                                                                        "Actual Rows": 167340,
                                                                                                                                                                                                                        "Actual Loops": 5,
                                                                                                                                                                                                                        "Output": [
                                                                                                                                                                                                                            "ci.movie_id",
                                                                                                                                                                                                                            "ci.person_id",
                                                                                                                                                                                                                            "ci.role_id",
                                                                                                                                                                                                                            "ci.person_role_id"
                                                                                                                                                                                                                        ],
                                                                                                                                                                                                                        "Filter": "(ci.note = ANY ('{(voice),\"(voice) (uncredited)\",\"(voice: English version)\"}'::text[]))",
                                                                                                                                                                                                                        "Rows Removed by Filter": 7081529,
                                                                                                                                                                                                                        "Workers": [
                                                                                                                                                                                                                            {
                                                                                                                                                                                                                                "Worker Number": 0,
                                                                                                                                                                                                                                "Actual Startup Time": 0.29,
                                                                                                                                                                                                                                "Actual Total Time": 1778.055,
                                                                                                                                                                                                                                "Actual Rows": 156967,
                                                                                                                                                                                                                                "Actual Loops": 1
                                                                                                                                                                                                                            },
                                                                                                                                                                                                                            {
                                                                                                                                                                                                                                "Worker Number": 1,
                                                                                                                                                                                                                                "Actual Startup Time": 0.289,
                                                                                                                                                                                                                                "Actual Total Time": 1781.713,
                                                                                                                                                                                                                                "Actual Rows": 148217,
                                                                                                                                                                                                                                "Actual Loops": 1
                                                                                                                                                                                                                            },
                                                                                                                                                                                                                            {
                                                                                                                                                                                                                                "Worker Number": 2,
                                                                                                                                                                                                                                "Actual Startup Time": 0.198,
                                                                                                                                                                                                                                "Actual Total Time": 1776.621,
                                                                                                                                                                                                                                "Actual Rows": 146878,
                                                                                                                                                                                                                                "Actual Loops": 1
                                                                                                                                                                                                                            },
                                                                                                                                                                                                                            {
                                                                                                                                                                                                                                "Worker Number": 3,
                                                                                                                                                                                                                                "Actual Startup Time": 0.195,
                                                                                                                                                                                                                                "Actual Total Time": 1777.318,
                                                                                                                                                                                                                                "Actual Rows": 149830,
                                                                                                                                                                                                                                "Actual Loops": 1
                                                                                                                                                                                                                            }
                                                                                                                                                                                                                        ]
                                                                                                                                                                                                                    }
                                                                                                                                                                                                                ]
                                                                                                                                                                                                            }
                                                                                                                                                                                                        ]
                                                                                                                                                                                                    },
                                                                                                                                                                                                    {
                                                                                                                                                                                                        "Node Type": "Bitmap Heap Scan",
                                                                                                                                                                                                        "Parent Relationship": "Inner",
                                                                                                                                                                                                        "Parallel Aware": false,
                                                                                                                                                                                                        "Relation Name": "role_type",
                                                                                                                                                                                                        "Schema": "public",
                                                                                                                                                                                                        "Alias": "rt",
                                                                                                                                                                                                        "Startup Cost": 0.14,
                                                                                                                                                                                                        "Total Cost": 4.16,
                                                                                                                                                                                                        "Plan Rows": 1,
                                                                                                                                                                                                        "Plan Width": 4,
                                                                                                                                                                                                        "Actual Startup Time": 0.0,
                                                                                                                                                                                                        "Actual Total Time": 0.0,
                                                                                                                                                                                                        "Actual Rows": 0,
                                                                                                                                                                                                        "Actual Loops": 0,
                                                                                                                                                                                                        "Output": [
                                                                                                                                                                                                            "rt.id",
                                                                                                                                                                                                            "rt.role"
                                                                                                                                                                                                        ],
                                                                                                                                                                                                        "Recheck Cond": "(rt.id = ci.role_id)",
                                                                                                                                                                                                        "Rows Removed by Index Recheck": 0,
                                                                                                                                                                                                        "Filter": "((rt.role)::text = 'actress'::text)",
                                                                                                                                                                                                        "Rows Removed by Filter": 0,
                                                                                                                                                                                                        "Exact Heap Blocks": 0,
                                                                                                                                                                                                        "Lossy Heap Blocks": 0,
                                                                                                                                                                                                        "Plans": [
                                                                                                                                                                                                            {
                                                                                                                                                                                                                "Node Type": "Bitmap Index Scan",
                                                                                                                                                                                                                "Parent Relationship": "Outer",
                                                                                                                                                                                                                "Parallel Aware": false,
                                                                                                                                                                                                                "Index Name": "role_type_pkey",
                                                                                                                                                                                                                "Startup Cost": 0.0,
                                                                                                                                                                                                                "Total Cost": 0.14,
                                                                                                                                                                                                                "Plan Rows": 1,
                                                                                                                                                                                                                "Plan Width": 0,
                                                                                                                                                                                                                "Actual Startup Time": 0.0,
                                                                                                                                                                                                                "Actual Total Time": 0.0,
                                                                                                                                                                                                                "Actual Rows": 0,
                                                                                                                                                                                                                "Actual Loops": 0,
                                                                                                                                                                                                                "Index Cond": "(rt.id = ci.role_id)"
                                                                                                                                                                                                            }
                                                                                                                                                                                                        ]
                                                                                                                                                                                                    }
                                                                                                                                                                                                ]
                                                                                                                                                                                            }
                                                                                                                                                                                        ]
                                                                                                                                                                                    }
                                                                                                                                                                                ]
                                                                                                                                                                            },
                                                                                                                                                                            {
                                                                                                                                                                                "Node Type": "Sort",
                                                                                                                                                                                "Parent Relationship": "Inner",
                                                                                                                                                                                "Parallel Aware": false,
                                                                                                                                                                                "Startup Cost": 10000569794.43,
                                                                                                                                                                                "Total Cost": 10000581104.25,
                                                                                                                                                                                "Plan Rows": 4523930,
                                                                                                                                                                                "Plan Width": 8,
                                                                                                                                                                                "Actual Startup Time": 0.0,
                                                                                                                                                                                "Actual Total Time": 0.0,
                                                                                                                                                                                "Actual Rows": 0,
                                                                                                                                                                                "Actual Loops": 0,
                                                                                                                                                                                "Output": [
                                                                                                                                                                                    "mk.movie_id",
                                                                                                                                                                                    "mk.keyword_id"
                                                                                                                                                                                ],
                                                                                                                                                                                "Sort Key": [
                                                                                                                                                                                    "mk.movie_id"
                                                                                                                                                                                ],
                                                                                                                                                                                "Plans": [
                                                                                                                                                                                    {
                                                                                                                                                                                        "Node Type": "Seq Scan",
                                                                                                                                                                                        "Parent Relationship": "Outer",
                                                                                                                                                                                        "Parallel Aware": false,
                                                                                                                                                                                        "Relation Name": "movie_keyword",
                                                                                                                                                                                        "Schema": "public",
                                                                                                                                                                                        "Alias": "mk",
                                                                                                                                                                                        "Startup Cost": 10000000000.0,
                                                                                                                                                                                        "Total Cost": 10000069693.3,
                                                                                                                                                                                        "Plan Rows": 4523930,
                                                                                                                                                                                        "Plan Width": 8,
                                                                                                                                                                                        "Actual Startup Time": 0.0,
                                                                                                                                                                                        "Actual Total Time": 0.0,
                                                                                                                                                                                        "Actual Rows": 0,
                                                                                                                                                                                        "Actual Loops": 0,
                                                                                                                                                                                        "Output": [
                                                                                                                                                                                            "mk.movie_id",
                                                                                                                                                                                            "mk.keyword_id"
                                                                                                                                                                                        ]
                                                                                                                                                                                    }
                                                                                                                                                                                ]
                                                                                                                                                                            }
                                                                                                                                                                        ]
                                                                                                                                                                    }
                                                                                                                                                                ]
                                                                                                                                                            }
                                                                                                                                                        ]
                                                                                                                                                    }
                                                                                                                                                ]
                                                                                                                                            },
                                                                                                                                            {
                                                                                                                                                "Node Type": "Sort",
                                                                                                                                                "Parent Relationship": "Inner",
                                                                                                                                                "Parallel Aware": false,
                                                                                                                                                "Startup Cost": 10000075700.85,
                                                                                                                                                "Total Cost": 10000075700.85,
                                                                                                                                                "Plan Rows": 1,
                                                                                                                                                "Plan Width": 4,
                                                                                                                                                "Actual Startup Time": 0.0,
                                                                                                                                                "Actual Total Time": 0.0,
                                                                                                                                                "Actual Rows": 0,
                                                                                                                                                "Actual Loops": 0,
                                                                                                                                                "Output": [
                                                                                                                                                    "chn.id"
                                                                                                                                                ],
                                                                                                                                                "Sort Key": [
                                                                                                                                                    "chn.id"
                                                                                                                                                ],
                                                                                                                                                "Plans": [
                                                                                                                                                    {
                                                                                                                                                        "Node Type": "Seq Scan",
                                                                                                                                                        "Parent Relationship": "Outer",
                                                                                                                                                        "Parallel Aware": false,
                                                                                                                                                        "Relation Name": "char_name",
                                                                                                                                                        "Schema": "public",
                                                                                                                                                        "Alias": "chn",
                                                                                                                                                        "Startup Cost": 10000000000.0,
                                                                                                                                                        "Total Cost": 10000075700.84,
                                                                                                                                                        "Plan Rows": 1,
                                                                                                                                                        "Plan Width": 4,
                                                                                                                                                        "Actual Startup Time": 0.0,
                                                                                                                                                        "Actual Total Time": 0.0,
                                                                                                                                                        "Actual Rows": 0,
                                                                                                                                                        "Actual Loops": 0,
                                                                                                                                                        "Output": [
                                                                                                                                                            "chn.id"
                                                                                                                                                        ],
                                                                                                                                                        "Filter": "(chn.name = 'Queen'::text)",
                                                                                                                                                        "Rows Removed by Filter": 0
                                                                                                                                                    }
                                                                                                                                                ]
                                                                                                                                            }
                                                                                                                                        ]
                                                                                                                                    }
                                                                                                                                ]
                                                                                                                            }
                                                                                                                        ]
                                                                                                                    }
                                                                                                                ]
                                                                                                            }
                                                                                                        ]
                                                                                                    }
                                                                                                ]
                                                                                            }
                                                                                        ]
                                                                                    }
                                                                                ]
                                                                            },
                                                                            {
                                                                                "Node Type": "Index Scan",
                                                                                "Parent Relationship": "Inner",
                                                                                "Parallel Aware": false,
                                                                                "Scan Direction": "Forward",
                                                                                "Index Name": "info_type_pkey",
                                                                                "Relation Name": "info_type",
                                                                                "Schema": "public",
                                                                                "Alias": "it3",
                                                                                "Startup Cost": 0.14,
                                                                                "Total Cost": 14.12,
                                                                                "Plan Rows": 1,
                                                                                "Plan Width": 4,
                                                                                "Actual Startup Time": 0.0,
                                                                                "Actual Total Time": 0.0,
                                                                                "Actual Rows": 0,
                                                                                "Actual Loops": 0,
                                                                                "Output": [
                                                                                    "it3.id",
                                                                                    "it3.info"
                                                                                ],
                                                                                "Filter": "((it3.info)::text = 'height'::text)",
                                                                                "Rows Removed by Filter": 0
                                                                            }
                                                                        ]
                                                                    }
                                                                ]
                                                            }
                                                        ]
                                                    }
                                                ]
                                            },
                                            {
                                                "Node Type": "Index Scan",
                                                "Parent Relationship": "Inner",
                                                "Parallel Aware": false,
                                                "Scan Direction": "Forward",
                                                "Index Name": "company_name_pkey",
                                                "Relation Name": "company_name",
                                                "Schema": "public",
                                                "Alias": "cn",
                                                "Startup Cost": 0.42,
                                                "Total Cost": 12454.44,
                                                "Plan Rows": 84301,
                                                "Plan Width": 4,
                                                "Actual Startup Time": 0.0,
                                                "Actual Total Time": 0.0,
                                                "Actual Rows": 0,
                                                "Actual Loops": 0,
                                                "Output": [
                                                    "cn.id",
                                                    "cn.name",
                                                    "cn.country_code",
                                                    "cn.imdb_id",
                                                    "cn.name_pcode_nf",
                                                    "cn.name_pcode_sf",
                                                    "cn.md5sum"
                                                ],
                                                "Filter": "((cn.country_code)::text = '[us]'::text)",
                                                "Rows Removed by Filter": 0
                                            }
                                        ]
                                    },
                                    {
                                        "Node Type": "Hash",
                                        "Parent Relationship": "Inner",
                                        "Parallel Aware": false,
                                        "Startup Cost": 10000222997.56,
                                        "Total Cost": 10000222997.56,
                                        "Plan Rows": 365,
                                        "Plan Width": 12,
                                        "Actual Startup Time": 597.552,
                                        "Actual Total Time": 597.894,
                                        "Actual Rows": 3782,
                                        "Actual Loops": 1,
                                        "Output": [
                                            "cc.movie_id",
                                            "cc.subject_id",
                                            "mi.movie_id"
                                        ],
                                        "Hash Buckets": 4096,
                                        "Original Hash Buckets": 1024,
                                        "Hash Batches": 1,
                                        "Original Hash Batches": 1,
                                        "Peak Memory Usage": 195,
                                        "Plans": [
                                            {
                                                "Node Type": "Gather",
                                                "Parent Relationship": "Outer",
                                                "Parallel Aware": false,
                                                "Startup Cost": 10000222486.38,
                                                "Total Cost": 10000222997.56,
                                                "Plan Rows": 365,
                                                "Plan Width": 12,
                                                "Actual Startup Time": 533.281,
                                                "Actual Total Time": 597.081,
                                                "Actual Rows": 3782,
                                                "Actual Loops": 1,
                                                "Output": [
                                                    "cc.movie_id",
                                                    "cc.subject_id",
                                                    "mi.movie_id"
                                                ],
                                                "Workers Planned": 5,
                                                "Workers Launched": 5,
                                                "Single Copy": false,
                                                "Plans": [
                                                    {
                                                        "Node Type": "Hash Join",
                                                        "Parent Relationship": "Outer",
                                                        "Parallel Aware": false,
                                                        "Join Type": "Inner",
                                                        "Startup Cost": 10000221486.38,
                                                        "Total Cost": 10000221961.06,
                                                        "Plan Rows": 73,
                                                        "Plan Width": 12,
                                                        "Actual Startup Time": 550.452,
                                                        "Actual Total Time": 575.255,
                                                        "Actual Rows": 630,
                                                        "Actual Loops": 6,
                                                        "Output": [
                                                            "cc.movie_id",
                                                            "cc.subject_id",
                                                            "mi.movie_id"
                                                        ],
                                                        "Inner Unique": false,
                                                        "Hash Cond": "(mi.movie_id = cc.movie_id)",
                                                        "Workers": [
                                                            {
                                                                "Worker Number": 0,
                                                                "Actual Startup Time": 555.538,
                                                                "Actual Total Time": 580.358,
                                                                "Actual Rows": 564,
                                                                "Actual Loops": 1
                                                            },
                                                            {
                                                                "Worker Number": 1,
                                                                "Actual Startup Time": 556.142,
                                                                "Actual Total Time": 582.007,
                                                                "Actual Rows": 590,
                                                                "Actual Loops": 1
                                                            },
                                                            {
                                                                "Worker Number": 2,
                                                                "Actual Startup Time": 551.269,
                                                                "Actual Total Time": 570.168,
                                                                "Actual Rows": 537,
                                                                "Actual Loops": 1
                                                            },
                                                            {
                                                                "Worker Number": 3,
                                                                "Actual Startup Time": 550.451,
                                                                "Actual Total Time": 573.49,
                                                                "Actual Rows": 499,
                                                                "Actual Loops": 1
                                                            },
                                                            {
                                                                "Worker Number": 4,
                                                                "Actual Startup Time": 556.439,
                                                                "Actual Total Time": 581.395,
                                                                "Actual Rows": 549,
                                                                "Actual Loops": 1
                                                            }
                                                        ],
                                                        "Plans": [
                                                            {
                                                                "Node Type": "Merge Join",
                                                                "Parent Relationship": "Outer",
                                                                "Parallel Aware": false,
                                                                "Join Type": "Inner",
                                                                "Startup Cost": 206445.31,
                                                                "Total Cost": 206916.21,
                                                                "Plan Rows": 812,
                                                                "Plan Width": 4,
                                                                "Actual Startup Time": 479.955,
                                                                "Actual Total Time": 497.867,
                                                                "Actual Rows": 64603,
                                                                "Actual Loops": 6,
                                                                "Output": [
                                                                    "mi.movie_id"
                                                                ],
                                                                "Inner Unique": false,
                                                                "Merge Cond": "(mi.info_type_id = it.id)",
                                                                "Workers": [
                                                                    {
                                                                        "Worker Number": 0,
                                                                        "Actual Startup Time": 478.865,
                                                                        "Actual Total Time": 497.042,
                                                                        "Actual Rows": 57896,
                                                                        "Actual Loops": 1
                                                                    },
                                                                    {
                                                                        "Worker Number": 1,
                                                                        "Actual Startup Time": 479.343,
                                                                        "Actual Total Time": 498.231,
                                                                        "Actual Rows": 60185,
                                                                        "Actual Loops": 1
                                                                    },
                                                                    {
                                                                        "Worker Number": 2,
                                                                        "Actual Startup Time": 475.018,
                                                                        "Actual Total Time": 488.52,
                                                                        "Actual Rows": 42858,
                                                                        "Actual Loops": 1
                                                                    },
                                                                    {
                                                                        "Worker Number": 3,
                                                                        "Actual Startup Time": 475.046,
                                                                        "Actual Total Time": 491.362,
                                                                        "Actual Rows": 52333,
                                                                        "Actual Loops": 1
                                                                    },
                                                                    {
                                                                        "Worker Number": 4,
                                                                        "Actual Startup Time": 479.772,
                                                                        "Actual Total Time": 498.094,
                                                                        "Actual Rows": 58434,
                                                                        "Actual Loops": 1
                                                                    }
                                                                ],
                                                                "Plans": [
                                                                    {
                                                                        "Node Type": "Sort",
                                                                        "Parent Relationship": "Outer",
                                                                        "Parallel Aware": false,
                                                                        "Startup Cost": 206442.89,
                                                                        "Total Cost": 206672.25,
                                                                        "Plan Rows": 91744,
                                                                        "Plan Width": 8,
                                                                        "Actual Startup Time": 479.869,
                                                                        "Actual Total Time": 483.053,
                                                                        "Actual Rows": 64614,
                                                                        "Actual Loops": 6,
                                                                        "Output": [
                                                                            "mi.movie_id",
                                                                            "mi.info_type_id"
                                                                        ],
                                                                        "Sort Key": [
                                                                            "mi.info_type_id"
                                                                        ],
                                                                        "Sort Method": "quicksort",
                                                                        "Sort Space Used": 8507,
                                                                        "Sort Space Type": "Memory",
                                                                        "Workers": [
                                                                            {
                                                                                "Worker Number": 0,
                                                                                "Actual Startup Time": 478.784,
                                                                                "Actual Total Time": 481.997,
                                                                                "Actual Rows": 57901,
                                                                                "Actual Loops": 1
                                                                            },
                                                                            {
                                                                                "Worker Number": 1,
                                                                                "Actual Startup Time": 479.26,
                                                                                "Actual Total Time": 482.602,
                                                                                "Actual Rows": 60196,
                                                                                "Actual Loops": 1
                                                                            },
                                                                            {
                                                                                "Worker Number": 2,
                                                                                "Actual Startup Time": 474.885,
                                                                                "Actual Total Time": 477.285,
                                                                                "Actual Rows": 42864,
                                                                                "Actual Loops": 1
                                                                            },
                                                                            {
                                                                                "Worker Number": 3,
                                                                                "Actual Startup Time": 474.948,
                                                                                "Actual Total Time": 477.895,
                                                                                "Actual Rows": 52338,
                                                                                "Actual Loops": 1
                                                                            },
                                                                            {
                                                                                "Worker Number": 4,
                                                                                "Actual Startup Time": 479.688,
                                                                                "Actual Total Time": 482.954,
                                                                                "Actual Rows": 58448,
                                                                                "Actual Loops": 1
                                                                            }
                                                                        ],
                                                                        "Plans": [
                                                                            {
                                                                                "Node Type": "Seq Scan",
                                                                                "Parent Relationship": "Outer",
                                                                                "Parallel Aware": true,
                                                                                "Relation Name": "movie_info",
                                                                                "Schema": "public",
                                                                                "Alias": "mi",
                                                                                "Startup Cost": 0.0,
                                                                                "Total Cost": 198880.74,
                                                                                "Plan Rows": 91744,
                                                                                "Plan Width": 8,
                                                                                "Actual Startup Time": 64.921,
                                                                                "Actual Total Time": 467.176,
                                                                                "Actual Rows": 64614,
                                                                                "Actual Loops": 6,
                                                                                "Output": [
                                                                                    "mi.movie_id",
                                                                                    "mi.info_type_id"
                                                                                ],
                                                                                "Filter": "(mi.info ~~ 'USA:%200%'::text)",
                                                                                "Rows Removed by Filter": 2408006,
                                                                                "Workers": [
                                                                                    {
                                                                                        "Worker Number": 0,
                                                                                        "Actual Startup Time": 73.908,
                                                                                        "Actual Total Time": 465.896,
                                                                                        "Actual Rows": 57901,
                                                                                        "Actual Loops": 1
                                                                                    },
                                                                                    {
                                                                                        "Worker Number": 1,
                                                                                        "Actual Startup Time": 61.785,
                                                                                        "Actual Total Time": 465.845,
                                                                                        "Actual Rows": 60196,
                                                                                        "Actual Loops": 1
                                                                                    },
                                                                                    {
                                                                                        "Worker Number": 2,
                                                                                        "Actual Startup Time": 58.426,
                                                                                        "Actual Total Time": 461.961,
                                                                                        "Actual Rows": 42864,
                                                                                        "Actual Loops": 1
                                                                                    },
                                                                                    {
                                                                                        "Worker Number": 3,
                                                                                        "Actual Startup Time": 57.18,
                                                                                        "Actual Total Time": 461.714,
                                                                                        "Actual Rows": 52338,
                                                                                        "Actual Loops": 1
                                                                                    },
                                                                                    {
                                                                                        "Worker Number": 4,
                                                                                        "Actual Startup Time": 66.385,
                                                                                        "Actual Total Time": 466.637,
                                                                                        "Actual Rows": 58448,
                                                                                        "Actual Loops": 1
                                                                                    }
                                                                                ]
                                                                            }
                                                                        ]
                                                                    },
                                                                    {
                                                                        "Node Type": "Materialize",
                                                                        "Parent Relationship": "Inner",
                                                                        "Parallel Aware": false,
                                                                        "Startup Cost": 2.42,
                                                                        "Total Cost": 2.43,
                                                                        "Plan Rows": 1,
                                                                        "Plan Width": 4,
                                                                        "Actual Startup Time": 0.077,
                                                                        "Actual Total Time": 2.721,
                                                                        "Actual Rows": 1,
                                                                        "Actual Loops": 6,
                                                                        "Output": [
                                                                            "it.id"
                                                                        ],
                                                                        "Workers": [
                                                                            {
                                                                                "Worker Number": 0,
                                                                                "Actual Startup Time": 0.074,
                                                                                "Actual Total Time": 2.759,
                                                                                "Actual Rows": 1,
                                                                                "Actual Loops": 1
                                                                            },
                                                                            {
                                                                                "Worker Number": 1,
                                                                                "Actual Startup Time": 0.074,
                                                                                "Actual Total Time": 2.864,
                                                                                "Actual Rows": 1,
                                                                                "Actual Loops": 1
                                                                            },
                                                                            {
                                                                                "Worker Number": 2,
                                                                                "Actual Startup Time": 0.124,
                                                                                "Actual Total Time": 2.122,
                                                                                "Actual Rows": 1,
                                                                                "Actual Loops": 1
                                                                            },
                                                                            {
                                                                                "Worker Number": 3,
                                                                                "Actual Startup Time": 0.089,
                                                                                "Actual Total Time": 2.498,
                                                                                "Actual Rows": 1,
                                                                                "Actual Loops": 1
                                                                            },
                                                                            {
                                                                                "Worker Number": 4,
                                                                                "Actual Startup Time": 0.075,
                                                                                "Actual Total Time": 2.768,
                                                                                "Actual Rows": 1,
                                                                                "Actual Loops": 1
                                                                            }
                                                                        ],
                                                                        "Plans": [
                                                                            {
                                                                                "Node Type": "Sort",
                                                                                "Parent Relationship": "Outer",
                                                                                "Parallel Aware": false,
                                                                                "Startup Cost": 2.42,
                                                                                "Total Cost": 2.43,
                                                                                "Plan Rows": 1,
                                                                                "Plan Width": 4,
                                                                                "Actual Startup Time": 0.073,
                                                                                "Actual Total Time": 0.075,
                                                                                "Actual Rows": 1,
                                                                                "Actual Loops": 6,
                                                                                "Output": [
                                                                                    "it.id"
                                                                                ],
                                                                                "Sort Key": [
                                                                                    "it.id"
                                                                                ],
                                                                                "Sort Method": "quicksort",
                                                                                "Sort Space Used": 25,
                                                                                "Sort Space Type": "Memory",
                                                                                "Workers": [
                                                                                    {
                                                                                        "Worker Number": 0,
                                                                                        "Actual Startup Time": 0.071,
                                                                                        "Actual Total Time": 0.072,
                                                                                        "Actual Rows": 1,
                                                                                        "Actual Loops": 1
                                                                                    },
                                                                                    {
                                                                                        "Worker Number": 1,
                                                                                        "Actual Startup Time": 0.07,
                                                                                        "Actual Total Time": 0.072,
                                                                                        "Actual Rows": 1,
                                                                                        "Actual Loops": 1
                                                                                    },
                                                                                    {
                                                                                        "Worker Number": 2,
                                                                                        "Actual Startup Time": 0.119,
                                                                                        "Actual Total Time": 0.12,
                                                                                        "Actual Rows": 1,
                                                                                        "Actual Loops": 1
                                                                                    },
                                                                                    {
                                                                                        "Worker Number": 3,
                                                                                        "Actual Startup Time": 0.085,
                                                                                        "Actual Total Time": 0.086,
                                                                                        "Actual Rows": 1,
                                                                                        "Actual Loops": 1
                                                                                    },
                                                                                    {
                                                                                        "Worker Number": 4,
                                                                                        "Actual Startup Time": 0.07,
                                                                                        "Actual Total Time": 0.072,
                                                                                        "Actual Rows": 1,
                                                                                        "Actual Loops": 1
                                                                                    }
                                                                                ],
                                                                                "Plans": [
                                                                                    {
                                                                                        "Node Type": "Seq Scan",
                                                                                        "Parent Relationship": "Outer",
                                                                                        "Parallel Aware": false,
                                                                                        "Relation Name": "info_type",
                                                                                        "Schema": "public",
                                                                                        "Alias": "it",
                                                                                        "Startup Cost": 0.0,
                                                                                        "Total Cost": 2.41,
                                                                                        "Plan Rows": 1,
                                                                                        "Plan Width": 4,
                                                                                        "Actual Startup Time": 0.059,
                                                                                        "Actual Total Time": 0.065,
                                                                                        "Actual Rows": 1,
                                                                                        "Actual Loops": 6,
                                                                                        "Output": [
                                                                                            "it.id"
                                                                                        ],
                                                                                        "Filter": "((it.info)::text = 'release dates'::text)",
                                                                                        "Rows Removed by Filter": 112,
                                                                                        "Workers": [
                                                                                            {
                                                                                                "Worker Number": 0,
                                                                                                "Actual Startup Time": 0.056,
                                                                                                "Actual Total Time": 0.063,
                                                                                                "Actual Rows": 1,
                                                                                                "Actual Loops": 1
                                                                                            },
                                                                                            {
                                                                                                "Worker Number": 1,
                                                                                                "Actual Startup Time": 0.056,
                                                                                                "Actual Total Time": 0.062,
                                                                                                "Actual Rows": 1,
                                                                                                "Actual Loops": 1
                                                                                            },
                                                                                            {
                                                                                                "Worker Number": 2,
                                                                                                "Actual Startup Time": 0.101,
                                                                                                "Actual Total Time": 0.108,
                                                                                                "Actual Rows": 1,
                                                                                                "Actual Loops": 1
                                                                                            },
                                                                                            {
                                                                                                "Worker Number": 3,
                                                                                                "Actual Startup Time": 0.068,
                                                                                                "Actual Total Time": 0.075,
                                                                                                "Actual Rows": 1,
                                                                                                "Actual Loops": 1
                                                                                            },
                                                                                            {
                                                                                                "Worker Number": 4,
                                                                                                "Actual Startup Time": 0.055,
                                                                                                "Actual Total Time": 0.062,
                                                                                                "Actual Rows": 1,
                                                                                                "Actual Loops": 1
                                                                                            }
                                                                                        ]
                                                                                    }
                                                                                ]
                                                                            }
                                                                        ]
                                                                    }
                                                                ]
                                                            },
                                                            {
                                                                "Node Type": "Hash",
                                                                "Parent Relationship": "Inner",
                                                                "Parallel Aware": false,
                                                                "Startup Cost": 10000014618.92,
                                                                "Total Cost": 10000014618.92,
                                                                "Plan Rows": 33772,
                                                                "Plan Width": 8,
                                                                "Actual Startup Time": 69.396,
                                                                "Actual Total Time": 69.398,
                                                                "Actual Rows": 24592,
                                                                "Actual Loops": 6,
                                                                "Output": [
                                                                    "cc.movie_id",
                                                                    "cc.subject_id"
                                                                ],
                                                                "Hash Buckets": 65536,
                                                                "Original Hash Buckets": 65536,
                                                                "Hash Batches": 1,
                                                                "Original Hash Batches": 1,
                                                                "Peak Memory Usage": 1473,
                                                                "Workers": [
                                                                    {
                                                                        "Worker Number": 0,
                                                                        "Actual Startup Time": 75.068,
                                                                        "Actual Total Time": 75.07,
                                                                        "Actual Rows": 24592,
                                                                        "Actual Loops": 1
                                                                    },
                                                                    {
                                                                        "Worker Number": 1,
                                                                        "Actual Startup Time": 75.127,
                                                                        "Actual Total Time": 75.128,
                                                                        "Actual Rows": 24592,
                                                                        "Actual Loops": 1
                                                                    },
                                                                    {
                                                                        "Worker Number": 2,
                                                                        "Actual Startup Time": 75.17,
                                                                        "Actual Total Time": 75.173,
                                                                        "Actual Rows": 24592,
                                                                        "Actual Loops": 1
                                                                    },
                                                                    {
                                                                        "Worker Number": 3,
                                                                        "Actual Startup Time": 74.81,
                                                                        "Actual Total Time": 74.812,
                                                                        "Actual Rows": 24592,
                                                                        "Actual Loops": 1
                                                                    },
                                                                    {
                                                                        "Worker Number": 4,
                                                                        "Actual Startup Time": 75.129,
                                                                        "Actual Total Time": 75.131,
                                                                        "Actual Rows": 24592,
                                                                        "Actual Loops": 1
                                                                    }
                                                                ],
                                                                "Plans": [
                                                                    {
                                                                        "Node Type": "Merge Join",
                                                                        "Parent Relationship": "Outer",
                                                                        "Parallel Aware": false,
                                                                        "Join Type": "Inner",
                                                                        "Startup Cost": 10000013593.69,
                                                                        "Total Cost": 10000014618.92,
                                                                        "Plan Rows": 33772,
                                                                        "Plan Width": 8,
                                                                        "Actual Startup Time": 57.749,
                                                                        "Actual Total Time": 63.748,
                                                                        "Actual Rows": 24592,
                                                                        "Actual Loops": 6,
                                                                        "Output": [
                                                                            "cc.movie_id",
                                                                            "cc.subject_id"
                                                                        ],
                                                                        "Inner Unique": true,
                                                                        "Merge Cond": "(cc.status_id = cct2.id)",
                                                                        "Workers": [
                                                                            {
                                                                                "Worker Number": 0,
                                                                                "Actual Startup Time": 62.523,
                                                                                "Actual Total Time": 68.93,
                                                                                "Actual Rows": 24592,
                                                                                "Actual Loops": 1
                                                                            },
                                                                            {
                                                                                "Worker Number": 1,
                                                                                "Actual Startup Time": 62.549,
                                                                                "Actual Total Time": 69.035,
                                                                                "Actual Rows": 24592,
                                                                                "Actual Loops": 1
                                                                            },
                                                                            {
                                                                                "Worker Number": 2,
                                                                                "Actual Startup Time": 62.524,
                                                                                "Actual Total Time": 68.976,
                                                                                "Actual Rows": 24592,
                                                                                "Actual Loops": 1
                                                                            },
                                                                            {
                                                                                "Worker Number": 3,
                                                                                "Actual Startup Time": 62.42,
                                                                                "Actual Total Time": 68.753,
                                                                                "Actual Rows": 24592,
                                                                                "Actual Loops": 1
                                                                            },
                                                                            {
                                                                                "Worker Number": 4,
                                                                                "Actual Startup Time": 62.534,
                                                                                "Actual Total Time": 69.006,
                                                                                "Actual Rows": 24592,
                                                                                "Actual Loops": 1
                                                                            }
                                                                        ],
                                                                        "Plans": [
                                                                            {
                                                                                "Node Type": "Sort",
                                                                                "Parent Relationship": "Outer",
                                                                                "Parallel Aware": false,
                                                                                "Startup Cost": 13593.56,
                                                                                "Total Cost": 13931.28,
                                                                                "Plan Rows": 135086,
                                                                                "Plan Width": 12,
                                                                                "Actual Startup Time": 44.0,
                                                                                "Actual Total Time": 51.274,
                                                                                "Actual Rows": 135086,
                                                                                "Actual Loops": 6,
                                                                                "Output": [
                                                                                    "cc.movie_id",
                                                                                    "cc.subject_id",
                                                                                    "cc.status_id"
                                                                                ],
                                                                                "Sort Key": [
                                                                                    "cc.status_id"
                                                                                ],
                                                                                "Sort Method": "quicksort",
                                                                                "Sort Space Used": 12477,
                                                                                "Sort Space Type": "Memory",
                                                                                "Workers": [
                                                                                    {
                                                                                        "Worker Number": 0,
                                                                                        "Actual Startup Time": 47.806,
                                                                                        "Actual Total Time": 55.58,
                                                                                        "Actual Rows": 135086,
                                                                                        "Actual Loops": 1
                                                                                    },
                                                                                    {
                                                                                        "Worker Number": 1,
                                                                                        "Actual Startup Time": 47.788,
                                                                                        "Actual Total Time": 55.633,
                                                                                        "Actual Rows": 135086,
                                                                                        "Actual Loops": 1
                                                                                    },
                                                                                    {
                                                                                        "Worker Number": 2,
                                                                                        "Actual Startup Time": 47.82,
                                                                                        "Actual Total Time": 55.583,
                                                                                        "Actual Rows": 135086,
                                                                                        "Actual Loops": 1
                                                                                    },
                                                                                    {
                                                                                        "Worker Number": 3,
                                                                                        "Actual Startup Time": 47.783,
                                                                                        "Actual Total Time": 55.504,
                                                                                        "Actual Rows": 135086,
                                                                                        "Actual Loops": 1
                                                                                    },
                                                                                    {
                                                                                        "Worker Number": 4,
                                                                                        "Actual Startup Time": 47.811,
                                                                                        "Actual Total Time": 55.612,
                                                                                        "Actual Rows": 135086,
                                                                                        "Actual Loops": 1
                                                                                    }
                                                                                ],
                                                                                "Plans": [
                                                                                    {
                                                                                        "Node Type": "Seq Scan",
                                                                                        "Parent Relationship": "Outer",
                                                                                        "Parallel Aware": false,
                                                                                        "Relation Name": "complete_cast",
                                                                                        "Schema": "public",
                                                                                        "Alias": "cc",
                                                                                        "Startup Cost": 0.0,
                                                                                        "Total Cost": 2081.86,
                                                                                        "Plan Rows": 135086,
                                                                                        "Plan Width": 12,
                                                                                        "Actual Startup Time": 0.034,
                                                                                        "Actual Total Time": 18.652,
                                                                                        "Actual Rows": 135086,
                                                                                        "Actual Loops": 6,
                                                                                        "Output": [
                                                                                            "cc.movie_id",
                                                                                            "cc.subject_id",
                                                                                            "cc.status_id"
                                                                                        ],
                                                                                        "Workers": [
                                                                                            {
                                                                                                "Worker Number": 0,
                                                                                                "Actual Startup Time": 0.037,
                                                                                                "Actual Total Time": 20.072,
                                                                                                "Actual Rows": 135086,
                                                                                                "Actual Loops": 1
                                                                                            },
                                                                                            {
                                                                                                "Worker Number": 1,
                                                                                                "Actual Startup Time": 0.037,
                                                                                                "Actual Total Time": 19.993,
                                                                                                "Actual Rows": 135086,
                                                                                                "Actual Loops": 1
                                                                                            },
                                                                                            {
                                                                                                "Worker Number": 2,
                                                                                                "Actual Startup Time": 0.044,
                                                                                                "Actual Total Time": 19.873,
                                                                                                "Actual Rows": 135086,
                                                                                                "Actual Loops": 1
                                                                                            },
                                                                                            {
                                                                                                "Worker Number": 3,
                                                                                                "Actual Startup Time": 0.037,
                                                                                                "Actual Total Time": 19.736,
                                                                                                "Actual Rows": 135086,
                                                                                                "Actual Loops": 1
                                                                                            },
                                                                                            {
                                                                                                "Worker Number": 4,
                                                                                                "Actual Startup Time": 0.037,
                                                                                                "Actual Total Time": 19.954,
                                                                                                "Actual Rows": 135086,
                                                                                                "Actual Loops": 1
                                                                                            }
                                                                                        ]
                                                                                    }
                                                                                ]
                                                                            },
                                                                            {
                                                                                "Node Type": "Index Scan",
                                                                                "Parent Relationship": "Inner",
                                                                                "Parallel Aware": false,
                                                                                "Scan Direction": "Forward",
                                                                                "Index Name": "comp_cast_type_pkey",
                                                                                "Relation Name": "comp_cast_type",
                                                                                "Schema": "public",
                                                                                "Alias": "cct2",
                                                                                "Startup Cost": 10000000000.13,
                                                                                "Total Cost": 10000000012.2,
                                                                                "Plan Rows": 1,
                                                                                "Plan Width": 4,
                                                                                "Actual Startup Time": 0.065,
                                                                                "Actual Total Time": 0.066,
                                                                                "Actual Rows": 1,
                                                                                "Actual Loops": 6,
                                                                                "Output": [
                                                                                    "cct2.id",
                                                                                    "cct2.kind"
                                                                                ],
                                                                                "Filter": "((cct2.kind)::text = 'complete+verified'::text)",
                                                                                "Rows Removed by Filter": 3,
                                                                                "Workers": [
                                                                                    {
                                                                                        "Worker Number": 0,
                                                                                        "Actual Startup Time": 0.079,
                                                                                        "Actual Total Time": 0.079,
                                                                                        "Actual Rows": 1,
                                                                                        "Actual Loops": 1
                                                                                    },
                                                                                    {
                                                                                        "Worker Number": 1,
                                                                                        "Actual Startup Time": 0.086,
                                                                                        "Actual Total Time": 0.087,
                                                                                        "Actual Rows": 1,
                                                                                        "Actual Loops": 1
                                                                                    },
                                                                                    {
                                                                                        "Worker Number": 2,
                                                                                        "Actual Startup Time": 0.079,
                                                                                        "Actual Total Time": 0.08,
                                                                                        "Actual Rows": 1,
                                                                                        "Actual Loops": 1
                                                                                    },
                                                                                    {
                                                                                        "Worker Number": 3,
                                                                                        "Actual Startup Time": 0.084,
                                                                                        "Actual Total Time": 0.085,
                                                                                        "Actual Rows": 1,
                                                                                        "Actual Loops": 1
                                                                                    },
                                                                                    {
                                                                                        "Worker Number": 4,
                                                                                        "Actual Startup Time": 0.049,
                                                                                        "Actual Total Time": 0.049,
                                                                                        "Actual Rows": 1,
                                                                                        "Actual Loops": 1
                                                                                    }
                                                                                ]
                                                                            }
                                                                        ]
                                                                    }
                                                                ]
                                                            }
                                                        ]
                                                    }
                                                ]
                                            }
                                        ]
                                    }
                                ]
                            }
                        ]
                    }
                ]
            }
        ]
    },
    "Planning Time": 1431.251,
    "Triggers": [],
    "Execution Time": 3563.804
}