[
  {
    "Plan": {
      "Node Type": "Aggregate",
      "Strategy": "Plain",
      "Partial Mode": "Finalize",
      "Parallel Aware": false,
      "Startup Cost": 32342.84,
      "Total Cost": 32342.85,
      "Plan Rows": 1,
      "Plan Width": 8,
      "Actual Startup Time": 121.437,
      "Actual Total Time": 129.052,
      "Actual Rows": 1,
      "Actual Loops": 1,
      "Plans": [
        {
          "Node Type": "Gather",
          "Parent Relationship": "Outer",
          "Parallel Aware": false,
          "Startup Cost": 32342.52,
          "Total Cost": 32342.83,
          "Plan Rows": 3,
          "Plan Width": 8,
          "Actual Startup Time": 121.241,
          "Actual Total Time": 129.041,
          "Actual Rows": 4,
          "Actual Loops": 1,
          "Workers Planned": 3,
          "Workers Launched": 3,
          "Single Copy": false,
          "Plans": [
            {
              "Node Type": "Aggregate",
              "Strategy": "Plain",
              "Partial Mode": "Partial",
              "Parent Relationship": "Outer",
              "Parallel Aware": false,
              "Startup Cost": 31342.52,
              "Total Cost": 31342.53,
              "Plan Rows": 1,
              "Plan Width": 8,
              "Actual Startup Time": 115.802,
              "Actual Total Time": 115.803,
              "Actual Rows": 1,
              "Actual Loops": 4,
              "Plans": [
                {
                  "Node Type": "Seq Scan",
                  "Parent Relationship": "Outer",
                  "Parallel Aware": true,
                  "Relation Name": "movie_companies",
                  "Alias": "mc",
                  "Startup Cost": 0.0,
                  "Total Cost": 29310.68,
                  "Plan Rows": 812737,
                  "Plan Width": 0,
                  "Actual Startup Time": 0.024,
                  "Actual Total Time": 84.265,
                  "Actual Rows": 629990,
                  "Actual Loops": 4,
                  "Filter": "(company_id < 164206)",
                  "Rows Removed by Filter": 22292
                }
              ]
            }
          ]
        }
      ]
    },
    "Planning Time": 0.2,
    "Triggers": [],
    "Execution Time": 129.107
  }
]