[
    {
        "Bao": {
            "Bao prediction": "NaN",
            "Bao recommended hint": "(no hint)"
        }
    },
    {
        "Plan": {
            "Node Type": "Aggregate",
            "Strategy": "Plain",
            "Partial Mode": "Finalize",
            "Parallel Aware": false,
            "Startup Cost": 413024.72,
            "Total Cost": 413024.73,
            "Plan Rows": 1,
            "Plan Width": 8,
            "Actual Startup Time": 4421.561,
            "Actual Total Time": 4483.135,
            "Actual Rows": 1,
            "Actual Loops": 1,
            "Output": [
                "count(*)"
            ],
            "Plans": [
                {
                    "Node Type": "Gather",
                    "Parent Relationship": "Outer",
                    "Parallel Aware": false,
                    "Startup Cost": 413024.2,
                    "Total Cost": 413024.71,
                    "Plan Rows": 5,
                    "Plan Width": 8,
                    "Actual Startup Time": 4420.341,
                    "Actual Total Time": 4483.126,
                    "Actual Rows": 6,
                    "Actual Loops": 1,
                    "Output": [
                        "(PARTIAL count(*))"
                    ],
                    "Workers Planned": 5,
                    "Workers Launched": 5,
                    "Single Copy": false,
                    "Plans": [
                        {
                            "Node Type": "Aggregate",
                            "Strategy": "Plain",
                            "Partial Mode": "Partial",
                            "Parent Relationship": "Outer",
                            "Parallel Aware": false,
                            "Startup Cost": 412024.2,
                            "Total Cost": 412024.21,
                            "Plan Rows": 1,
                            "Plan Width": 8,
                            "Actual Startup Time": 4410.306,
                            "Actual Total Time": 4410.309,
                            "Actual Rows": 1,
                            "Actual Loops": 6,
                            "Output": [
                                "PARTIAL count(*)"
                            ],
                            "Workers": [
                                {
                                    "Worker Number": 0,
                                    "Actual Startup Time": 4407.736,
                                    "Actual Total Time": 4407.74,
                                    "Actual Rows": 1,
                                    "Actual Loops": 1
                                },
                                {
                                    "Worker Number": 1,
                                    "Actual Startup Time": 4408.028,
                                    "Actual Total Time": 4408.03,
                                    "Actual Rows": 1,
                                    "Actual Loops": 1
                                },
                                {
                                    "Worker Number": 2,
                                    "Actual Startup Time": 4408.585,
                                    "Actual Total Time": 4408.588,
                                    "Actual Rows": 1,
                                    "Actual Loops": 1
                                },
                                {
                                    "Worker Number": 3,
                                    "Actual Startup Time": 4408.612,
                                    "Actual Total Time": 4408.615,
                                    "Actual Rows": 1,
                                    "Actual Loops": 1
                                },
                                {
                                    "Worker Number": 4,
                                    "Actual Startup Time": 4408.882,
                                    "Actual Total Time": 4408.886,
                                    "Actual Rows": 1,
                                    "Actual Loops": 1
                                }
                            ],
                            "Plans": [
                                {
                                    "Node Type": "Nested Loop",
                                    "Parent Relationship": "Outer",
                                    "Parallel Aware": false,
                                    "Join Type": "Inner",
                                    "Startup Cost": 45921.62,
                                    "Total Cost": 409014.61,
                                    "Plan Rows": 1203835,
                                    "Plan Width": 0,
                                    "Actual Startup Time": 103.28,
                                    "Actual Total Time": 4193.018,
                                    "Actual Rows": 5048311,
                                    "Actual Loops": 6,
                                    "Inner Unique": false,
                                    "Join Filter": "(t.id = ci.movie_id)",
                                    "Rows Removed by Join Filter": 0,
                                    "Workers": [
                                        {
                                            "Worker Number": 0,
                                            "Actual Startup Time": 100.738,
                                            "Actual Total Time": 4193.608,
                                            "Actual Rows": 5205209,
                                            "Actual Loops": 1
                                        },
                                        {
                                            "Worker Number": 1,
                                            "Actual Startup Time": 101.055,
                                            "Actual Total Time": 4179.57,
                                            "Actual Rows": 4250450,
                                            "Actual Loops": 1
                                        },
                                        {
                                            "Worker Number": 2,
                                            "Actual Startup Time": 101.464,
                                            "Actual Total Time": 4196.468,
                                            "Actual Rows": 5171984,
                                            "Actual Loops": 1
                                        },
                                        {
                                            "Worker Number": 3,
                                            "Actual Startup Time": 101.633,
                                            "Actual Total Time": 4194.808,
                                            "Actual Rows": 5072455,
                                            "Actual Loops": 1
                                        },
                                        {
                                            "Worker Number": 4,
                                            "Actual Startup Time": 101.874,
                                            "Actual Total Time": 4194.206,
                                            "Actual Rows": 5177273,
                                            "Actual Loops": 1
                                        }
                                    ],
                                    "Plans": [
                                        {
                                            "Node Type": "Hash Join",
                                            "Parent Relationship": "Outer",
                                            "Parallel Aware": true,
                                            "Join Type": "Inner",
                                            "Startup Cost": 45921.06,
                                            "Total Cost": 248742.65,
                                            "Plan Rows": 83957,
                                            "Plan Width": 8,
                                            "Actual Startup Time": 103.177,
                                            "Actual Total Time": 565.88,
                                            "Actual Rows": 101848,
                                            "Actual Loops": 6,
                                            "Output": [
                                                "t.id",
                                                "mi.movie_id"
                                            ],
                                            "Inner Unique": true,
                                            "Hash Cond": "(mi.movie_id = t.id)",
                                            "Workers": [
                                                {
                                                    "Worker Number": 0,
                                                    "Actual Startup Time": 100.616,
                                                    "Actual Total Time": 560.673,
                                                    "Actual Rows": 101742,
                                                    "Actual Loops": 1
                                                },
                                                {
                                                    "Worker Number": 1,
                                                    "Actual Startup Time": 100.932,
                                                    "Actual Total Time": 564.837,
                                                    "Actual Rows": 86773,
                                                    "Actual Loops": 1
                                                },
                                                {
                                                    "Worker Number": 2,
                                                    "Actual Startup Time": 101.356,
                                                    "Actual Total Time": 566.086,
                                                    "Actual Rows": 104588,
                                                    "Actual Loops": 1
                                                },
                                                {
                                                    "Worker Number": 3,
                                                    "Actual Startup Time": 101.519,
                                                    "Actual Total Time": 565.487,
                                                    "Actual Rows": 102075,
                                                    "Actual Loops": 1
                                                },
                                                {
                                                    "Worker Number": 4,
                                                    "Actual Startup Time": 101.767,
                                                    "Actual Total Time": 562.549,
                                                    "Actual Rows": 100660,
                                                    "Actual Loops": 1
                                                }
                                            ],
                                            "Plans": [
                                                {
                                                    "Node Type": "Seq Scan",
                                                    "Parent Relationship": "Outer",
                                                    "Parallel Aware": true,
                                                    "Relation Name": "movie_info",
                                                    "Schema": "public",
                                                    "Alias": "mi",
                                                    "Startup Cost": 0.0,
                                                    "Total Cost": 198880.74,
                                                    "Plan Rows": 1501273,
                                                    "Plan Width": 4,
                                                    "Actual Startup Time": 14.389,
                                                    "Actual Total Time": 285.599,
                                                    "Actual Rows": 1258142,
                                                    "Actual Loops": 6,
                                                    "Output": [
                                                        "mi.id",
                                                        "mi.movie_id",
                                                        "mi.info_type_id",
                                                        "mi.info",
                                                        "mi.note"
                                                    ],
                                                    "Filter": "(mi.info_type_id > 7)",
                                                    "Rows Removed by Filter": 1214478,
                                                    "Workers": [
                                                        {
                                                            "Worker Number": 0,
                                                            "Actual Startup Time": 14.329,
                                                            "Actual Total Time": 289.253,
                                                            "Actual Rows": 1261959,
                                                            "Actual Loops": 1
                                                        },
                                                        {
                                                            "Worker Number": 1,
                                                            "Actual Startup Time": 14.394,
                                                            "Actual Total Time": 291.794,
                                                            "Actual Rows": 997649,
                                                            "Actual Loops": 1
                                                        },
                                                        {
                                                            "Worker Number": 2,
                                                            "Actual Startup Time": 14.429,
                                                            "Actual Total Time": 290.271,
                                                            "Actual Rows": 1278302,
                                                            "Actual Loops": 1
                                                        },
                                                        {
                                                            "Worker Number": 3,
                                                            "Actual Startup Time": 14.327,
                                                            "Actual Total Time": 285.042,
                                                            "Actual Rows": 1249644,
                                                            "Actual Loops": 1
                                                        },
                                                        {
                                                            "Worker Number": 4,
                                                            "Actual Startup Time": 14.422,
                                                            "Actual Total Time": 288.45,
                                                            "Actual Rows": 1238429,
                                                            "Actual Loops": 1
                                                        }
                                                    ]
                                                },
                                                {
                                                    "Node Type": "Hash",
                                                    "Parent Relationship": "Inner",
                                                    "Parallel Aware": true,
                                                    "Startup Cost": 45479.21,
                                                    "Total Cost": 45479.21,
                                                    "Plan Rows": 35348,
                                                    "Plan Width": 4,
                                                    "Actual Startup Time": 77.0,
                                                    "Actual Total Time": 77.001,
                                                    "Actual Rows": 22030,
                                                    "Actual Loops": 6,
                                                    "Output": [
                                                        "t.id"
                                                    ],
                                                    "Hash Buckets": 262144,
                                                    "Original Hash Buckets": 262144,
                                                    "Hash Batches": 1,
                                                    "Original Hash Batches": 1,
                                                    "Peak Memory Usage": 7328,
                                                    "Workers": [
                                                        {
                                                            "Worker Number": 0,
                                                            "Actual Startup Time": 74.965,
                                                            "Actual Total Time": 74.966,
                                                            "Actual Rows": 21624,
                                                            "Actual Loops": 1
                                                        },
                                                        {
                                                            "Worker Number": 1,
                                                            "Actual Startup Time": 75.296,
                                                            "Actual Total Time": 75.297,
                                                            "Actual Rows": 14788,
                                                            "Actual Loops": 1
                                                        },
                                                        {
                                                            "Worker Number": 2,
                                                            "Actual Startup Time": 75.721,
                                                            "Actual Total Time": 75.722,
                                                            "Actual Rows": 21514,
                                                            "Actual Loops": 1
                                                        },
                                                        {
                                                            "Worker Number": 3,
                                                            "Actual Startup Time": 75.857,
                                                            "Actual Total Time": 75.858,
                                                            "Actual Rows": 21194,
                                                            "Actual Loops": 1
                                                        },
                                                        {
                                                            "Worker Number": 4,
                                                            "Actual Startup Time": 76.081,
                                                            "Actual Total Time": 76.082,
                                                            "Actual Rows": 22315,
                                                            "Actual Loops": 1
                                                        }
                                                    ],
                                                    "Plans": [
                                                        {
                                                            "Node Type": "Seq Scan",
                                                            "Parent Relationship": "Outer",
                                                            "Parallel Aware": true,
                                                            "Relation Name": "title",
                                                            "Schema": "public",
                                                            "Alias": "t",
                                                            "Startup Cost": 0.0,
                                                            "Total Cost": 45479.21,
                                                            "Plan Rows": 35348,
                                                            "Plan Width": 4,
                                                            "Actual Startup Time": 35.132,
                                                            "Actual Total Time": 69.898,
                                                            "Actual Rows": 22030,
                                                            "Actual Loops": 6,
                                                            "Output": [
                                                                "t.id"
                                                            ],
                                                            "Filter": "((t.kind_id < 2) AND (t.production_year > 2009))",
                                                            "Rows Removed by Filter": 399355,
                                                            "Workers": [
                                                                {
                                                                    "Worker Number": 0,
                                                                    "Actual Startup Time": 40.087,
                                                                    "Actual Total Time": 67.933,
                                                                    "Actual Rows": 21624,
                                                                    "Actual Loops": 1
                                                                },
                                                                {
                                                                    "Worker Number": 1,
                                                                    "Actual Startup Time": 41.407,
                                                                    "Actual Total Time": 69.018,
                                                                    "Actual Rows": 14788,
                                                                    "Actual Loops": 1
                                                                },
                                                                {
                                                                    "Worker Number": 2,
                                                                    "Actual Startup Time": 40.718,
                                                                    "Actual Total Time": 68.685,
                                                                    "Actual Rows": 21514,
                                                                    "Actual Loops": 1
                                                                },
                                                                {
                                                                    "Worker Number": 3,
                                                                    "Actual Startup Time": 40.971,
                                                                    "Actual Total Time": 68.467,
                                                                    "Actual Rows": 21194,
                                                                    "Actual Loops": 1
                                                                },
                                                                {
                                                                    "Worker Number": 4,
                                                                    "Actual Startup Time": 41.213,
                                                                    "Actual Total Time": 69.906,
                                                                    "Actual Rows": 22315,
                                                                    "Actual Loops": 1
                                                                }
                                                            ]
                                                        }
                                                    ]
                                                }
                                            ]
                                        },
                                        {
                                            "Node Type": "Index Only Scan",
                                            "Parent Relationship": "Inner",
                                            "Parallel Aware": false,
                                            "Scan Direction": "Forward",
                                            "Index Name": "movie_id_cast_info",
                                            "Relation Name": "cast_info",
                                            "Schema": "public",
                                            "Alias": "ci",
                                            "Startup Cost": 0.56,
                                            "Total Cost": 1.43,
                                            "Plan Rows": 38,
                                            "Plan Width": 4,
                                            "Actual Startup Time": 0.006,
                                            "Actual Total Time": 0.031,
                                            "Actual Rows": 50,
                                            "Actual Loops": 611085,
                                            "Output": [
                                                "ci.movie_id"
                                            ],
                                            "Index Cond": "(ci.movie_id = mi.movie_id)",
                                            "Rows Removed by Index Recheck": 0,
                                            "Heap Fetches": 30289864,
                                            "Workers": [
                                                {
                                                    "Worker Number": 0,
                                                    "Actual Startup Time": 0.006,
                                                    "Actual Total Time": 0.032,
                                                    "Actual Rows": 51,
                                                    "Actual Loops": 101742
                                                },
                                                {
                                                    "Worker Number": 1,
                                                    "Actual Startup Time": 0.007,
                                                    "Actual Total Time": 0.036,
                                                    "Actual Rows": 49,
                                                    "Actual Loops": 86773
                                                },
                                                {
                                                    "Worker Number": 2,
                                                    "Actual Startup Time": 0.006,
                                                    "Actual Total Time": 0.031,
                                                    "Actual Rows": 49,
                                                    "Actual Loops": 104588
                                                },
                                                {
                                                    "Worker Number": 3,
                                                    "Actual Startup Time": 0.006,
                                                    "Actual Total Time": 0.031,
                                                    "Actual Rows": 50,
                                                    "Actual Loops": 102075
                                                },
                                                {
                                                    "Worker Number": 4,
                                                    "Actual Startup Time": 0.006,
                                                    "Actual Total Time": 0.032,
                                                    "Actual Rows": 51,
                                                    "Actual Loops": 100660
                                                }
                                            ]
                                        }
                                    ]
                                }
                            ]
                        }
                    ]
                }
            ]
        },
        "Planning Time": 197.529,
        "Triggers": [],
        "Execution Time": 4483.231
    }
]