[
  {
    "Plan": {
      "Node Type": "Aggregate",
      "Strategy": "Plain",
      "Partial Mode": "Finalize",
      "Parallel Aware": false,
      "Startup Cost": 87798.92,
      "Total Cost": 87798.93,
      "Plan Rows": 1,
      "Plan Width": 8,
      "Actual Startup Time": 212.609,
      "Actual Total Time": 234.379,
      "Actual Rows": 1,
      "Actual Loops": 1,
      "Plans": [
        {
          "Node Type": "Gather",
          "Parent Relationship": "Outer",
          "Parallel Aware": false,
          "Startup Cost": 87798.5,
          "Total Cost": 87798.91,
          "Plan Rows": 4,
          "Plan Width": 8,
          "Actual Startup Time": 212.174,
          "Actual Total Time": 234.371,
          "Actual Rows": 5,
          "Actual Loops": 1,
          "Workers Planned": 4,
          "Workers Launched": 4,
          "Single Copy": false,
          "Plans": [
            {
              "Node Type": "Aggregate",
              "Strategy": "Plain",
              "Partial Mode": "Partial",
              "Parent Relationship": "Outer",
              "Parallel Aware": false,
              "Startup Cost": 86798.5,
              "Total Cost": 86798.51,
              "Plan Rows": 1,
              "Plan Width": 8,
              "Actual Startup Time": 203.895,
              "Actual Total Time": 203.898,
              "Actual Rows": 1,
              "Actual Loops": 5,
              "Plans": [
                {
                  "Node Type": "Nested Loop",
                  "Parent Relationship": "Outer",
                  "Parallel Aware": false,
                  "Join Type": "Inner",
                  "Startup Cost": 21191.72,
                  "Total Cost": 86688.94,
                  "Plan Rows": 43826,
                  "Plan Width": 0,
                  "Actual Startup Time": 39.342,
                  "Actual Total Time": 201.199,
                  "Actual Rows": 50289,
                  "Actual Loops": 5,
                  "Inner Unique": false,
                  "Plans": [
                    {
                      "Node Type": "Hash Join",
                      "Parent Relationship": "Outer",
                      "Parallel Aware": true,
                      "Join Type": "Inner",
                      "Startup Cost": 21191.28,
                      "Total Cost": 67868.07,
                      "Plan Rows": 7495,
                      "Plan Width": 8,
                      "Actual Startup Time": 39.246,
                      "Actual Total Time": 139.793,
                      "Actual Rows": 3746,
                      "Actual Loops": 5,
                      "Inner Unique": false,
                      "Hash Cond": "(t.id = mc.movie_id)",
                      "Plans": [
                        {
                          "Node Type": "Seq Scan",
                          "Parent Relationship": "Outer",
                          "Parallel Aware": true,
                          "Relation Name": "title",
                          "Alias": "t",
                          "Startup Cost": 0.0,
                          "Total Cost": 45479.1,
                          "Plan Rows": 234703,
                          "Plan Width": 4,
                          "Actual Startup Time": 0.016,
                          "Actual Total Time": 70.456,
                          "Actual Rows": 200945,
                          "Actual Loops": 5,
                          "Filter": "((kind_id > 1) AND (production_year > 2002))",
                          "Rows Removed by Filter": 304718
                        },
                        {
                          "Node Type": "Hash",
                          "Parent Relationship": "Inner",
                          "Parallel Aware": true,
                          "Startup Cost": 20865.72,
                          "Total Cost": 20865.72,
                          "Plan Rows": 26045,
                          "Plan Width": 4,
                          "Actual Startup Time": 38.129,
                          "Actual Total Time": 38.131,
                          "Actual Rows": 16814,
                          "Actual Loops": 5,
                          "Hash Buckets": 131072,
                          "Original Hash Buckets": 131072,
                          "Hash Batches": 1,
                          "Original Hash Batches": 1,
                          "Peak Memory Usage": 4416,
                          "Plans": [
                            {
                              "Node Type": "Bitmap Heap Scan",
                              "Parent Relationship": "Outer",
                              "Parallel Aware": true,
                              "Relation Name": "movie_companies",
                              "Alias": "mc",
                              "Startup Cost": 1750.16,
                              "Total Cost": 20865.72,
                              "Plan Rows": 26045,
                              "Plan Width": 4,
                              "Actual Startup Time": 7.582,
                              "Actual Total Time": 29.467,
                              "Actual Rows": 16814,
                              "Actual Loops": 5,
                              "Recheck Cond": "(company_id < 19)",
                              "Rows Removed by Index Recheck": 0,
                              "Exact Heap Blocks": 4955,
                              "Lossy Heap Blocks": 0,
                              "Plans": [
                                {
                                  "Node Type": "Bitmap Index Scan",
                                  "Parent Relationship": "Outer",
                                  "Parallel Aware": false,
                                  "Index Name": "company_id_movie_companies",
                                  "Startup Cost": 0.0,
                                  "Total Cost": 1729.97,
                                  "Plan Rows": 80739,
                                  "Plan Width": 0,
                                  "Actual Startup Time": 10.154,
                                  "Actual Total Time": 10.154,
                                  "Actual Rows": 84071,
                                  "Actual Loops": 1,
                                  "Index Cond": "(company_id < 19)"
                                }
                              ]
                            }
                          ]
                        }
                      ]
                    },
                    {
                      "Node Type": "Index Only Scan",
                      "Parent Relationship": "Inner",
                      "Parallel Aware": false,
                      "Scan Direction": "Forward",
                      "Index Name": "movie_id_movie_info",
                      "Relation Name": "movie_info",
                      "Alias": "mi",
                      "Startup Cost": 0.43,
                      "Total Cost": 2.09,
                      "Plan Rows": 42,
                      "Plan Width": 4,
                      "Actual Startup Time": 0.005,
                      "Actual Total Time": 0.015,
                      "Actual Rows": 13,
                      "Actual Loops": 18731,
                      "Index Cond": "(movie_id = t.id)",
                      "Rows Removed by Index Recheck": 0,
                      "Heap Fetches": 251447
                    }
                  ]
                }
              ]
            }
          ]
        }
      ]
    },
    "Planning Time": 0.933,
    "Triggers": [],
    "Execution Time": 234.457
  }
]