[
  {
    "Plan": {
      "Node Type": "Aggregate",
      "Strategy": "Plain",
      "Partial Mode": "Finalize",
      "Parallel Aware": false,
      "Startup Cost": 461502.78,
      "Total Cost": 461502.79,
      "Plan Rows": 1,
      "Plan Width": 8,
      "Actual Startup Time": 1499.538,
      "Actual Total Time": 1564.832,
      "Actual Rows": 1,
      "Actual Loops": 1,
      "Plans": [
        {
          "Node Type": "Gather",
          "Parent Relationship": "Outer",
          "Parallel Aware": false,
          "Startup Cost": 461502.15,
          "Total Cost": 461502.76,
          "Plan Rows": 6,
          "Plan Width": 8,
          "Actual Startup Time": 1481.786,
          "Actual Total Time": 1564.819,
          "Actual Rows": 7,
          "Actual Loops": 1,
          "Workers Planned": 6,
          "Workers Launched": 6,
          "Single Copy": false,
          "Plans": [
            {
              "Node Type": "Aggregate",
              "Strategy": "Plain",
              "Partial Mode": "Partial",
              "Parent Relationship": "Outer",
              "Parallel Aware": false,
              "Startup Cost": 460502.15,
              "Total Cost": 460502.16,
              "Plan Rows": 1,
              "Plan Width": 8,
              "Actual Startup Time": 1460.495,
              "Actual Total Time": 1460.896,
              "Actual Rows": 1,
              "Actual Loops": 7,
              "Plans": [
                {
                  "Node Type": "Hash Join",
                  "Parent Relationship": "Outer",
                  "Parallel Aware": true,
                  "Join Type": "Inner",
                  "Startup Cost": 100747.28,
                  "Total Cost": 456452.54,
                  "Plan Rows": 1619845,
                  "Plan Width": 0,
                  "Actual Startup Time": 698.045,
                  "Actual Total Time": 1416.706,
                  "Actual Rows": 759241,
                  "Actual Loops": 7,
                  "Inner Unique": false,
                  "Hash Cond": "(ci.movie_id = t.id)",
                  "Plans": [
                    {
                      "Node Type": "Seq Scan",
                      "Parent Relationship": "Outer",
                      "Parallel Aware": true,
                      "Relation Name": "cast_info",
                      "Alias": "ci",
                      "Startup Cost": 0.0,
                      "Total Cost": 343316.27,
                      "Plan Rows": 1910315,
                      "Plan Width": 4,
                      "Actual Startup Time": 247.767,
                      "Actual Total Time": 708.617,
                      "Actual Rows": 729863,
                      "Actual Loops": 7,
                      "Filter": "((person_id < 1761406) AND (role_id > 1))",
                      "Rows Removed by Filter": 4447901
                    },
                    {
                      "Node Type": "Hash",
                      "Parent Relationship": "Inner",
                      "Parallel Aware": true,
                      "Startup Cost": 92102.24,
                      "Total Cost": 92102.24,
                      "Plan Rows": 691603,
                      "Plan Width": 8,
                      "Actual Startup Time": 443.445,
                      "Actual Total Time": 443.844,
                      "Actual Rows": 160859,
                      "Actual Loops": 7,
                      "Hash Buckets": 4194304,
                      "Original Hash Buckets": 4194304,
                      "Hash Batches": 1,
                      "Original Hash Batches": 1,
                      "Peak Memory Usage": 76992,
                      "Plans": [
                        {
                          "Node Type": "Hash Join",
                          "Parent Relationship": "Outer",
                          "Parallel Aware": true,
                          "Join Type": "Inner",
                          "Startup Cost": 49224.16,
                          "Total Cost": 92102.24,
                          "Plan Rows": 691603,
                          "Plan Width": 8,
                          "Actual Startup Time": 198.402,
                          "Actual Total Time": 370.913,
                          "Actual Rows": 160859,
                          "Actual Loops": 7,
                          "Inner Unique": true,
                          "Hash Cond": "(mk.movie_id = t.id)",
                          "Plans": [
                            {
                              "Node Type": "Seq Scan",
                              "Parent Relationship": "Outer",
                              "Parallel Aware": true,
                              "Relation Name": "movie_keyword",
                              "Alias": "mk",
                              "Startup Cost": 0.0,
                              "Total Cost": 39047.32,
                              "Plan Rows": 1459332,
                              "Plan Width": 4,
                              "Actual Startup Time": 0.038,
                              "Actual Total Time": 70.989,
                              "Actual Rows": 646276,
                              "Actual Loops": 7
                            },
                            {
                              "Node Type": "Hash",
                              "Parent Relationship": "Inner",
                              "Parallel Aware": true,
                              "Startup Cost": 45479.59,
                              "Total Cost": 45479.59,
                              "Plan Rows": 299566,
                              "Plan Width": 4,
                              "Actual Startup Time": 196.424,
                              "Actual Total Time": 196.425,
                              "Actual Rows": 185426,
                              "Actual Loops": 7,
                              "Hash Buckets": 2097152,
                              "Original Hash Buckets": 2097152,
                              "Hash Batches": 1,
                              "Original Hash Batches": 1,
                              "Peak Memory Usage": 67264,
                              "Plans": [
                                {
                                  "Node Type": "Seq Scan",
                                  "Parent Relationship": "Outer",
                                  "Parallel Aware": true,
                                  "Relation Name": "title",
                                  "Alias": "t",
                                  "Startup Cost": 0.0,
                                  "Total Cost": 45479.59,
                                  "Plan Rows": 299566,
                                  "Plan Width": 4,
                                  "Actual Startup Time": 0.06,
                                  "Actual Total Time": 92.857,
                                  "Actual Rows": 185426,
                                  "Actual Loops": 7,
                                  "Filter": "((kind_id > 1) AND (production_year > 1995))",
                                  "Rows Removed by Filter": 175762
                                }
                              ]
                            }
                          ]
                        }
                      ]
                    }
                  ]
                }
              ]
            }
          ]
        }
      ]
    },
    "Planning Time": 1.318,
    "Triggers": [],
    "Execution Time": 1564.936
  }
]