{
    "Plan": {
        "Node Type": "Aggregate",
        "Strategy": "Plain",
        "Partial Mode": "Finalize",
        "Parallel Aware": false,
        "Startup Cost": 396511.07,
        "Total Cost": 396511.08,
        "Plan Rows": 1,
        "Plan Width": 8,
        "Actual Startup Time": 2268.611,
        "Actual Total Time": 2322.993,
        "Actual Rows": 1,
        "Actual Loops": 1,
        "Output": [
            "count(*)"
        ],
        "Plans": [
            {
                "Node Type": "Gather",
                "Parent Relationship": "Outer",
                "Parallel Aware": false,
                "Startup Cost": 396510.44,
                "Total Cost": 396511.05,
                "Plan Rows": 6,
                "Plan Width": 8,
                "Actual Startup Time": 2260.035,
                "Actual Total Time": 2322.979,
                "Actual Rows": 7,
                "Actual Loops": 1,
                "Output": [
                    "(PARTIAL count(*))"
                ],
                "Workers Planned": 6,
                "Workers Launched": 6,
                "Single Copy": false,
                "Plans": [
                    {
                        "Node Type": "Aggregate",
                        "Strategy": "Plain",
                        "Partial Mode": "Partial",
                        "Parent Relationship": "Outer",
                        "Parallel Aware": false,
                        "Startup Cost": 395510.44,
                        "Total Cost": 395510.45,
                        "Plan Rows": 1,
                        "Plan Width": 8,
                        "Actual Startup Time": 2248.897,
                        "Actual Total Time": 2248.9,
                        "Actual Rows": 1,
                        "Actual Loops": 7,
                        "Output": [
                            "PARTIAL count(*)"
                        ],
                        "Workers": [
                            {
                                "Worker Number": 0,
                                "Actual Startup Time": 2246.247,
                                "Actual Total Time": 2246.251,
                                "Actual Rows": 1,
                                "Actual Loops": 1
                            },
                            {
                                "Worker Number": 1,
                                "Actual Startup Time": 2246.89,
                                "Actual Total Time": 2246.892,
                                "Actual Rows": 1,
                                "Actual Loops": 1
                            },
                            {
                                "Worker Number": 2,
                                "Actual Startup Time": 2247.579,
                                "Actual Total Time": 2247.582,
                                "Actual Rows": 1,
                                "Actual Loops": 1
                            },
                            {
                                "Worker Number": 3,
                                "Actual Startup Time": 2247.488,
                                "Actual Total Time": 2247.49,
                                "Actual Rows": 1,
                                "Actual Loops": 1
                            },
                            {
                                "Worker Number": 4,
                                "Actual Startup Time": 2247.473,
                                "Actual Total Time": 2247.475,
                                "Actual Rows": 1,
                                "Actual Loops": 1
                            },
                            {
                                "Worker Number": 5,
                                "Actual Startup Time": 2247.469,
                                "Actual Total Time": 2247.472,
                                "Actual Rows": 1,
                                "Actual Loops": 1
                            }
                        ],
                        "Plans": [
                            {
                                "Node Type": "Hash Join",
                                "Parent Relationship": "Outer",
                                "Parallel Aware": true,
                                "Join Type": "Inner",
                                "Startup Cost": 47945.98,
                                "Total Cost": 391075.35,
                                "Plan Rows": 1774038,
                                "Plan Width": 0,
                                "Actual Startup Time": 170.591,
                                "Actual Total Time": 2185.633,
                                "Actual Rows": 1232168,
                                "Actual Loops": 7,
                                "Inner Unique": true,
                                "Hash Cond": "(ci.movie_id = t.id)",
                                "Workers": [
                                    {
                                        "Worker Number": 0,
                                        "Actual Startup Time": 168.168,
                                        "Actual Total Time": 2178.09,
                                        "Actual Rows": 1022300,
                                        "Actual Loops": 1
                                    },
                                    {
                                        "Worker Number": 1,
                                        "Actual Startup Time": 168.775,
                                        "Actual Total Time": 2180.602,
                                        "Actual Rows": 1030416,
                                        "Actual Loops": 1
                                    },
                                    {
                                        "Worker Number": 2,
                                        "Actual Startup Time": 168.688,
                                        "Actual Total Time": 2179.833,
                                        "Actual Rows": 1032956,
                                        "Actual Loops": 1
                                    },
                                    {
                                        "Worker Number": 3,
                                        "Actual Startup Time": 169.211,
                                        "Actual Total Time": 2189.448,
                                        "Actual Rows": 1372638,
                                        "Actual Loops": 1
                                    },
                                    {
                                        "Worker Number": 4,
                                        "Actual Startup Time": 169.22,
                                        "Actual Total Time": 2190.168,
                                        "Actual Rows": 1345762,
                                        "Actual Loops": 1
                                    },
                                    {
                                        "Worker Number": 5,
                                        "Actual Startup Time": 169.213,
                                        "Actual Total Time": 2189.816,
                                        "Actual Rows": 1369482,
                                        "Actual Loops": 1
                                    }
                                ],
                                "Plans": [
                                    {
                                        "Node Type": "Seq Scan",
                                        "Parent Relationship": "Outer",
                                        "Parallel Aware": true,
                                        "Relation Name": "cast_info",
                                        "Schema": "public",
                                        "Alias": "ci",
                                        "Startup Cost": 0.0,
                                        "Total Cost": 328213.62,
                                        "Plan Rows": 5682182,
                                        "Plan Width": 4,
                                        "Actual Startup Time": 27.684,
                                        "Actual Total Time": 785.39,
                                        "Actual Rows": 4868827,
                                        "Actual Loops": 7,
                                        "Output": [
                                            "ci.id",
                                            "ci.person_id",
                                            "ci.movie_id",
                                            "ci.person_role_id",
                                            "ci.note",
                                            "ci.nr_order",
                                            "ci.role_id"
                                        ],
                                        "Filter": "(ci.person_id > 211974)",
                                        "Rows Removed by Filter": 308936,
                                        "Workers": [
                                            {
                                                "Worker Number": 0,
                                                "Actual Startup Time": 27.701,
                                                "Actual Total Time": 814.63,
                                                "Actual Rows": 4001618,
                                                "Actual Loops": 1
                                            },
                                            {
                                                "Worker Number": 1,
                                                "Actual Startup Time": 27.666,
                                                "Actual Total Time": 821.332,
                                                "Actual Rows": 4100198,
                                                "Actual Loops": 1
                                            },
                                            {
                                                "Worker Number": 2,
                                                "Actual Startup Time": 27.673,
                                                "Actual Total Time": 816.253,
                                                "Actual Rows": 4044080,
                                                "Actual Loops": 1
                                            },
                                            {
                                                "Worker Number": 3,
                                                "Actual Startup Time": 27.684,
                                                "Actual Total Time": 787.954,
                                                "Actual Rows": 5452463,
                                                "Actual Loops": 1
                                            },
                                            {
                                                "Worker Number": 4,
                                                "Actual Startup Time": 27.68,
                                                "Actual Total Time": 784.889,
                                                "Actual Rows": 5345856,
                                                "Actual Loops": 1
                                            },
                                            {
                                                "Worker Number": 5,
                                                "Actual Startup Time": 27.69,
                                                "Actual Total Time": 778.237,
                                                "Actual Rows": 5399129,
                                                "Actual Loops": 1
                                            }
                                        ]
                                    },
                                    {
                                        "Node Type": "Hash",
                                        "Parent Relationship": "Inner",
                                        "Parallel Aware": true,
                                        "Startup Cost": 45479.21,
                                        "Total Cost": 45479.21,
                                        "Plan Rows": 197342,
                                        "Plan Width": 4,
                                        "Actual Startup Time": 139.385,
                                        "Actual Total Time": 139.386,
                                        "Actual Rows": 99748,
                                        "Actual Loops": 7,
                                        "Output": [
                                            "t.id"
                                        ],
                                        "Hash Buckets": 1048576,
                                        "Original Hash Buckets": 1048576,
                                        "Hash Batches": 1,
                                        "Original Hash Batches": 1,
                                        "Peak Memory Usage": 35616,
                                        "Workers": [
                                            {
                                                "Worker Number": 0,
                                                "Actual Startup Time": 139.514,
                                                "Actual Total Time": 139.515,
                                                "Actual Rows": 77757,
                                                "Actual Loops": 1
                                            },
                                            {
                                                "Worker Number": 1,
                                                "Actual Startup Time": 140.336,
                                                "Actual Total Time": 140.337,
                                                "Actual Rows": 82272,
                                                "Actual Loops": 1
                                            },
                                            {
                                                "Worker Number": 2,
                                                "Actual Startup Time": 140.352,
                                                "Actual Total Time": 140.353,
                                                "Actual Rows": 80680,
                                                "Actual Loops": 1
                                            },
                                            {
                                                "Worker Number": 3,
                                                "Actual Startup Time": 140.889,
                                                "Actual Total Time": 140.89,
                                                "Actual Rows": 103842,
                                                "Actual Loops": 1
                                            },
                                            {
                                                "Worker Number": 4,
                                                "Actual Startup Time": 140.886,
                                                "Actual Total Time": 140.887,
                                                "Actual Rows": 101440,
                                                "Actual Loops": 1
                                            },
                                            {
                                                "Worker Number": 5,
                                                "Actual Startup Time": 140.865,
                                                "Actual Total Time": 140.866,
                                                "Actual Rows": 104234,
                                                "Actual Loops": 1
                                            }
                                        ],
                                        "Plans": [
                                            {
                                                "Node Type": "Seq Scan",
                                                "Parent Relationship": "Outer",
                                                "Parallel Aware": true,
                                                "Relation Name": "title",
                                                "Schema": "public",
                                                "Alias": "t",
                                                "Startup Cost": 0.0,
                                                "Total Cost": 45479.21,
                                                "Plan Rows": 197342,
                                                "Plan Width": 4,
                                                "Actual Startup Time": 0.632,
                                                "Actual Total Time": 85.739,
                                                "Actual Rows": 99748,
                                                "Actual Loops": 7,
                                                "Output": [
                                                    "t.id"
                                                ],
                                                "Filter": "((t.kind_id > 2) AND (t.production_year < 2002))",
                                                "Rows Removed by Filter": 261440,
                                                "Workers": [
                                                    {
                                                        "Worker Number": 0,
                                                        "Actual Startup Time": 0.084,
                                                        "Actual Total Time": 84.567,
                                                        "Actual Rows": 77757,
                                                        "Actual Loops": 1
                                                    },
                                                    {
                                                        "Worker Number": 1,
                                                        "Actual Startup Time": 0.075,
                                                        "Actual Total Time": 88.201,
                                                        "Actual Rows": 82272,
                                                        "Actual Loops": 1
                                                    },
                                                    {
                                                        "Worker Number": 2,
                                                        "Actual Startup Time": 0.09,
                                                        "Actual Total Time": 88.026,
                                                        "Actual Rows": 80680,
                                                        "Actual Loops": 1
                                                    },
                                                    {
                                                        "Worker Number": 3,
                                                        "Actual Startup Time": 0.053,
                                                        "Actual Total Time": 87.193,
                                                        "Actual Rows": 103842,
                                                        "Actual Loops": 1
                                                    },
                                                    {
                                                        "Worker Number": 4,
                                                        "Actual Startup Time": 4.049,
                                                        "Actual Total Time": 86.511,
                                                        "Actual Rows": 101440,
                                                        "Actual Loops": 1
                                                    },
                                                    {
                                                        "Worker Number": 5,
                                                        "Actual Startup Time": 0.055,
                                                        "Actual Total Time": 87.455,
                                                        "Actual Rows": 104234,
                                                        "Actual Loops": 1
                                                    }
                                                ]
                                            }
                                        ]
                                    }
                                ]
                            }
                        ]
                    }
                ]
            }
        ]
    },
    "Planning Time": 0.8,
    "Triggers": [],
    "Execution Time": 2323.097
}