[
  {
    "Plan": {
      "Node Type": "Aggregate",
      "Strategy": "Plain",
      "Partial Mode": "Simple",
      "Parallel Aware": false,
      "Startup Cost": 145681.28,
      "Total Cost": 145681.29,
      "Plan Rows": 1,
      "Plan Width": 8,
      "Actual Startup Time": 41.264,
      "Actual Total Time": 41.265,
      "Actual Rows": 1,
      "Actual Loops": 1,
      "Plans": [
        {
          "Node Type": "Index Scan",
          "Parent Relationship": "Outer",
          "Parallel Aware": false,
          "Scan Direction": "Forward",
          "Index Name": "person_id_cast_info",
          "Relation Name": "cast_info",
          "Alias": "ci",
          "Startup Cost": 0.56,
          "Total Cost": 145613.28,
          "Plan Rows": 27198,
          "Plan Width": 0,
          "Actual Startup Time": 0.023,
          "Actual Total Time": 34.935,
          "Actual Rows": 60336,
          "Actual Loops": 1,
          "Index Cond": "(person_id < 9560)",
          "Rows Removed by Index Recheck": 0,
          "Filter": "(role_id < 2)",
          "Rows Removed by Filter": 23309
        }
      ]
    },
    "Planning Time": 0.286,
    "Triggers": [],
    "Execution Time": 41.313
  }
]