[
  {
    "Plan": {
      "Node Type": "Aggregate",
      "Strategy": "Plain",
      "Partial Mode": "Finalize",
      "Parallel Aware": false,
      "Startup Cost": 303533.32,
      "Total Cost": 303533.33,
      "Plan Rows": 1,
      "Plan Width": 8,
      "Actual Startup Time": 180.871,
      "Actual Total Time": 188.847,
      "Actual Rows": 1,
      "Actual Loops": 1,
      "Plans": [
        {
          "Node Type": "Gather",
          "Parent Relationship": "Outer",
          "Parallel Aware": false,
          "Startup Cost": 303532.7,
          "Total Cost": 303533.3,
          "Plan Rows": 6,
          "Plan Width": 8,
          "Actual Startup Time": 180.357,
          "Actual Total Time": 188.84,
          "Actual Rows": 7,
          "Actual Loops": 1,
          "Workers Planned": 6,
          "Workers Launched": 6,
          "Single Copy": false,
          "Plans": [
            {
              "Node Type": "Aggregate",
              "Strategy": "Plain",
              "Partial Mode": "Partial",
              "Parent Relationship": "Outer",
              "Parallel Aware": false,
              "Startup Cost": 302532.7,
              "Total Cost": 302532.71,
              "Plan Rows": 1,
              "Plan Width": 8,
              "Actual Startup Time": 170.531,
              "Actual Total Time": 170.533,
              "Actual Rows": 1,
              "Actual Loops": 7,
              "Plans": [
                {
                  "Node Type": "Bitmap Heap Scan",
                  "Parent Relationship": "Outer",
                  "Parallel Aware": true,
                  "Relation Name": "cast_info",
                  "Alias": "ci",
                  "Startup Cost": 44484.59,
                  "Total Cost": 302244.66,
                  "Plan Rows": 115215,
                  "Plan Width": 0,
                  "Actual Startup Time": 148.274,
                  "Actual Total Time": 168.004,
                  "Actual Rows": 59586,
                  "Actual Loops": 7,
                  "Recheck Cond": "(person_id < 199863)",
                  "Rows Removed by Index Recheck": 0,
                  "Filter": "(role_id > 3)",
                  "Rows Removed by Filter": 231657,
                  "Exact Heap Blocks": 5711,
                  "Lossy Heap Blocks": 0,
                  "Plans": [
                    {
                      "Node Type": "Bitmap Index Scan",
                      "Parent Relationship": "Outer",
                      "Parallel Aware": false,
                      "Index Name": "person_id_cast_info",
                      "Startup Cost": 0.0,
                      "Total Cost": 44311.77,
                      "Plan Rows": 2029227,
                      "Plan Width": 0,
                      "Actual Startup Time": 95.284,
                      "Actual Total Time": 95.284,
                      "Actual Rows": 2038697,
                      "Actual Loops": 1,
                      "Index Cond": "(person_id < 199863)"
                    }
                  ]
                }
              ]
            }
          ]
        }
      ]
    },
    "Planning Time": 0.225,
    "Triggers": [],
    "Execution Time": 188.919
  }
]