{
  "Plan": {
    "Node Type": "Aggregate",
    "Strategy": "Plain",
    "Partial Mode": "Finalize",
    "Parallel Aware": false,
    "Startup Cost": 411585.36,
    "Total Cost": 411585.37,
    "Plan Rows": 1,
    "Plan Width": 8,
    "Actual Startup Time": 2248.926,
    "Actual Total Time": 2299.977,
    "Actual Rows": 1,
    "Actual Loops": 1,
    "Plans": [
      {
        "Node Type": "Gather",
        "Parent Relationship": "Outer",
        "Parallel Aware": false,
        "Startup Cost": 411585.25,
        "Total Cost": 411585.36,
        "Plan Rows": 1,
        "Plan Width": 8,
        "Actual Startup Time": 2244.279,
        "Actual Total Time": 2299.967,
        "Actual Rows": 2,
        "Actual Loops": 1,
        "Workers Planned": 1,
        "Workers Launched": 1,
        "Single Copy": false,
        "Plans": [
          {
            "Node Type": "Aggregate",
            "Strategy": "Plain",
            "Partial Mode": "Partial",
            "Parent Relationship": "Outer",
            "Parallel Aware": false,
            "Startup Cost": 410585.25,
            "Total Cost": 410585.26,
            "Plan Rows": 1,
            "Plan Width": 8,
            "Actual Startup Time": 2238.888,
            "Actual Total Time": 2239.759,
            "Actual Rows": 1,
            "Actual Loops": 2,
            "Plans": [
              {
                "Node Type": "Hash Join",
                "Parent Relationship": "Outer",
                "Parallel Aware": true,
                "Join Type": "Inner",
                "Startup Cost": 90389.35,
                "Total Cost": 404268.07,
                "Plan Rows": 2526873,
                "Plan Width": 0,
                "Actual Startup Time": 585.558,
                "Actual Total Time": 2172.921,
                "Actual Rows": 1693076,
                "Actual Loops": 2,
                "Inner Unique": false,
                "Hash Cond": "(mi.movie_id = t.id)",
                "Plans": [
                  {
                    "Node Type": "Seq Scan",
                    "Parent Relationship": "Outer",
                    "Parallel Aware": true,
                    "Relation Name": "movie_info",
                    "Alias": "mi",
                    "Startup Cost": 0.0,
                    "Total Cost": 270696.42,
                    "Plan Rows": 7551554,
                    "Plan Width": 4,
                    "Actual Startup Time": 0.017,
                    "Actual Total Time": 806.819,
                    "Actual Rows": 6485044,
                    "Actual Loops": 2,
                    "Filter": "(info_type_id < 18)",
                    "Rows Removed by Filter": 932816
                  },
                  {
                    "Node Type": "Hash",
                    "Parent Relationship": "Inner",
                    "Parallel Aware": true,
                    "Startup Cost": 84168.7,
                    "Total Cost": 84168.7,
                    "Plan Rows": 497652,
                    "Plan Width": 8,
                    "Actual Startup Time": 575.401,
                    "Actual Total Time": 576.27,
                    "Actual Rows": 221190,
                    "Actual Loops": 2,
                    "Hash Buckets": 1048576,
                    "Original Hash Buckets": 1048576,
                    "Hash Batches": 1,
                    "Original Hash Batches": 1,
                    "Peak Memory Usage": 25536,
                    "Plans": [
                      {
                        "Node Type": "Hash Join",
                        "Parent Relationship": "Outer",
                        "Parallel Aware": true,
                        "Join Type": "Inner",
                        "Startup Cost": 65984.91,
                        "Total Cost": 84168.7,
                        "Plan Rows": 497652,
                        "Plan Width": 8,
                        "Actual Startup Time": 358.64,
                        "Actual Total Time": 531.663,
                        "Actual Rows": 221190,
                        "Actual Loops": 2,
                        "Inner Unique": true,
                        "Hash Cond": "(mi_idx.movie_id = t.id)",
                        "Plans": [
                          {
                            "Node Type": "Seq Scan",
                            "Parent Relationship": "Outer",
                            "Parallel Aware": true,
                            "Relation Name": "movie_info_idx",
                            "Alias": "mi_idx",
                            "Startup Cost": 0.0,
                            "Total Cost": 16052.85,
                            "Plan Rows": 811785,
                            "Plan Width": 4,
                            "Actual Startup Time": 0.018,
                            "Actual Total Time": 48.293,
                            "Actual Rows": 690018,
                            "Actual Loops": 2
                          },
                          {
                            "Node Type": "Hash",
                            "Parent Relationship": "Inner",
                            "Parallel Aware": true,
                            "Startup Cost": 54588.39,
                            "Total Cost": 54588.39,
                            "Plan Rows": 911722,
                            "Plan Width": 4,
                            "Actual Startup Time": 349.367,
                            "Actual Total Time": 349.368,
                            "Actual Rows": 777932,
                            "Actual Loops": 2,
                            "Hash Buckets": 2097152,
                            "Original Hash Buckets": 2097152,
                            "Hash Batches": 1,
                            "Original Hash Batches": 1,
                            "Peak Memory Usage": 77312,
                            "Plans": [
                              {
                                "Node Type": "Seq Scan",
                                "Parent Relationship": "Outer",
                                "Parallel Aware": true,
                                "Relation Name": "title",
                                "Alias": "t",
                                "Startup Cost": 0.0,
                                "Total Cost": 54588.39,
                                "Plan Rows": 911722,
                                "Plan Width": 4,
                                "Actual Startup Time": 0.034,
                                "Actual Total Time": 157.283,
                                "Actual Rows": 777932,
                                "Actual Loops": 2,
                                "Filter": "(kind_id > 4)",
                                "Rows Removed by Filter": 486224
                              }
                            ]
                          }
                        ]
                      }
                    ]
                  }
                ]
              }
            ]
          }
        ]
      }
    ]
  },
  "Planning Time": 0.984,
  "Triggers": [],
  "Execution Time": 2300.064
}