[
  {
    "Plan": {
      "Node Type": "Aggregate",
      "Strategy": "Plain",
      "Partial Mode": "Finalize",
      "Parallel Aware": false,
      "Startup Cost": 45889.06,
      "Total Cost": 45889.07,
      "Plan Rows": 1,
      "Plan Width": 8,
      "Actual Startup Time": 179.379,
      "Actual Total Time": 189.04,
      "Actual Rows": 1,
      "Actual Loops": 1,
      "Plans": [
        {
          "Node Type": "Gather",
          "Parent Relationship": "Outer",
          "Parallel Aware": false,
          "Startup Cost": 45888.74,
          "Total Cost": 45889.05,
          "Plan Rows": 3,
          "Plan Width": 8,
          "Actual Startup Time": 179.296,
          "Actual Total Time": 189.031,
          "Actual Rows": 4,
          "Actual Loops": 1,
          "Workers Planned": 3,
          "Workers Launched": 3,
          "Single Copy": false,
          "Plans": [
            {
              "Node Type": "Aggregate",
              "Strategy": "Plain",
              "Partial Mode": "Partial",
              "Parent Relationship": "Outer",
              "Parallel Aware": false,
              "Startup Cost": 44888.74,
              "Total Cost": 44888.75,
              "Plan Rows": 1,
              "Plan Width": 8,
              "Actual Startup Time": 172.242,
              "Actual Total Time": 172.243,
              "Actual Rows": 1,
              "Actual Loops": 4,
              "Plans": [
                {
                  "Node Type": "Seq Scan",
                  "Parent Relationship": "Outer",
                  "Parallel Aware": true,
                  "Relation Name": "movie_keyword",
                  "Alias": "mk",
                  "Startup Cost": 0.0,
                  "Total Cost": 42695.65,
                  "Plan Rows": 877235,
                  "Plan Width": 0,
                  "Actual Startup Time": 0.057,
                  "Actual Total Time": 135.968,
                  "Actual Rows": 678348,
                  "Actual Loops": 4,
                  "Filter": "(keyword_id < 7665)",
                  "Rows Removed by Filter": 452634
                }
              ]
            }
          ]
        }
      ]
    },
    "Planning Time": 0.17,
    "Triggers": [],
    "Execution Time": 189.093
  }
]