{
  "Plan": {
    "Node Type": "Aggregate",
    "Strategy": "Plain",
    "Partial Mode": "Finalize",
    "Parallel Aware": false,
    "Startup Cost": 141155.52,
    "Total Cost": 141155.53,
    "Plan Rows": 1,
    "Plan Width": 8,
    "Actual Startup Time": 418.13,
    "Actual Total Time": 475.597,
    "Actual Rows": 1,
    "Actual Loops": 1,
    "Plans": [
      {
        "Node Type": "Gather",
        "Parent Relationship": "Outer",
        "Parallel Aware": false,
        "Startup Cost": 141155.41,
        "Total Cost": 141155.52,
        "Plan Rows": 1,
        "Plan Width": 8,
        "Actual Startup Time": 417.696,
        "Actual Total Time": 475.589,
        "Actual Rows": 2,
        "Actual Loops": 1,
        "Workers Planned": 1,
        "Workers Launched": 1,
        "Single Copy": false,
        "Plans": [
          {
            "Node Type": "Aggregate",
            "Strategy": "Plain",
            "Partial Mode": "Partial",
            "Parent Relationship": "Outer",
            "Parallel Aware": false,
            "Startup Cost": 140155.41,
            "Total Cost": 140155.42,
            "Plan Rows": 1,
            "Plan Width": 8,
            "Actual Startup Time": 411.429,
            "Actual Total Time": 411.433,
            "Actual Rows": 1,
            "Actual Loops": 2,
            "Plans": [
              {
                "Node Type": "Nested Loop",
                "Parent Relationship": "Outer",
                "Parallel Aware": false,
                "Join Type": "Inner",
                "Startup Cost": 26627.64,
                "Total Cost": 140090.07,
                "Plan Rows": 26135,
                "Plan Width": 0,
                "Actual Startup Time": 75.539,
                "Actual Total Time": 410.376,
                "Actual Rows": 15106,
                "Actual Loops": 2,
                "Inner Unique": false,
                "Plans": [
                  {
                    "Node Type": "Hash Join",
                    "Parent Relationship": "Outer",
                    "Parallel Aware": true,
                    "Join Type": "Inner",
                    "Startup Cost": 26627.07,
                    "Total Cost": 86201.96,
                    "Plan Rows": 8973,
                    "Plan Width": 8,
                    "Actual Startup Time": 75.389,
                    "Actual Total Time": 229.024,
                    "Actual Rows": 5440,
                    "Actual Loops": 2,
                    "Inner Unique": false,
                    "Hash Cond": "(t.id = mc.movie_id)",
                    "Plans": [
                      {
                        "Node Type": "Seq Scan",
                        "Parent Relationship": "Outer",
                        "Parallel Aware": true,
                        "Relation Name": "title",
                        "Alias": "t",
                        "Startup Cost": 0.0,
                        "Total Cost": 58306.47,
                        "Plan Rows": 194502,
                        "Plan Width": 4,
                        "Actual Startup Time": 0.016,
                        "Actual Total Time": 122.975,
                        "Actual Rows": 222597,
                        "Actual Loops": 2,
                        "Filter": "((kind_id < 7) AND (production_year < 1996))",
                        "Rows Removed by Filter": 1041559
                      },
                      {
                        "Node Type": "Hash",
                        "Parent Relationship": "Inner",
                        "Parallel Aware": true,
                        "Startup Cost": 25769.45,
                        "Total Cost": 25769.45,
                        "Plan Rows": 68610,
                        "Plan Width": 4,
                        "Actual Startup Time": 72.967,
                        "Actual Total Time": 72.968,
                        "Actual Rows": 26535,
                        "Actual Loops": 2,
                        "Hash Buckets": 131072,
                        "Original Hash Buckets": 131072,
                        "Hash Batches": 1,
                        "Original Hash Batches": 1,
                        "Peak Memory Usage": 3104,
                        "Plans": [
                          {
                            "Node Type": "Bitmap Heap Scan",
                            "Parent Relationship": "Outer",
                            "Parallel Aware": true,
                            "Relation Name": "movie_companies",
                            "Alias": "mc",
                            "Startup Cost": 4952.5,
                            "Total Cost": 25769.45,
                            "Plan Rows": 68610,
                            "Plan Width": 4,
                            "Actual Startup Time": 54.526,
                            "Actual Total Time": 67.588,
                            "Actual Rows": 26535,
                            "Actual Loops": 2,
                            "Recheck Cond": "(company_id < 92)",
                            "Rows Removed by Index Recheck": 0,
                            "Filter": "(company_type_id = 2)",
                            "Rows Removed by Filter": 88267,
                            "Exact Heap Blocks": 14369,
                            "Lossy Heap Blocks": 0,
                            "Plans": [
                              {
                                "Node Type": "Bitmap Index Scan",
                                "Parent Relationship": "Outer",
                                "Parallel Aware": false,
                                "Index Name": "company_id_movie_companies",
                                "Startup Cost": 0.0,
                                "Total Cost": 4923.34,
                                "Plan Rows": 229721,
                                "Plan Width": 0,
                                "Actual Startup Time": 24.074,
                                "Actual Total Time": 24.075,
                                "Actual Rows": 229604,
                                "Actual Loops": 1,
                                "Index Cond": "(company_id < 92)"
                              }
                            ]
                          }
                        ]
                      }
                    ]
                  },
                  {
                    "Node Type": "Index Scan",
                    "Parent Relationship": "Inner",
                    "Parallel Aware": false,
                    "Scan Direction": "Forward",
                    "Index Name": "movie_id_cast_info",
                    "Relation Name": "cast_info",
                    "Alias": "ci",
                    "Startup Cost": 0.56,
                    "Total Cost": 5.94,
                    "Plan Rows": 7,
                    "Plan Width": 4,
                    "Actual Startup Time": 0.021,
                    "Actual Total Time": 0.033,
                    "Actual Rows": 3,
                    "Actual Loops": 10880,
                    "Index Cond": "(movie_id = t.id)",
                    "Rows Removed by Index Recheck": 0,
                    "Filter": "(role_id = 2)",
                    "Rows Removed by Filter": 11
                  }
                ]
              }
            ]
          }
        ]
      }
    ]
  },
  "Planning Time": 1.165,
  "Triggers": [],
  "Execution Time": 475.724
}