{
  "Plan": {
    "Node Type": "Aggregate",
    "Strategy": "Plain",
    "Partial Mode": "Finalize",
    "Parallel Aware": false,
    "Startup Cost": 627469.65,
    "Total Cost": 627469.66,
    "Plan Rows": 1,
    "Plan Width": 8,
    "Actual Startup Time": 3453.391,
    "Actual Total Time": 3518.229,
    "Actual Rows": 1,
    "Actual Loops": 1,
    "Plans": [
      {
        "Node Type": "Gather",
        "Parent Relationship": "Outer",
        "Parallel Aware": false,
        "Startup Cost": 627469.54,
        "Total Cost": 627469.65,
        "Plan Rows": 1,
        "Plan Width": 8,
        "Actual Startup Time": 3449.31,
        "Actual Total Time": 3518.218,
        "Actual Rows": 2,
        "Actual Loops": 1,
        "Workers Planned": 1,
        "Workers Launched": 1,
        "Single Copy": false,
        "Plans": [
          {
            "Node Type": "Aggregate",
            "Strategy": "Plain",
            "Partial Mode": "Partial",
            "Parent Relationship": "Outer",
            "Parallel Aware": false,
            "Startup Cost": 626469.54,
            "Total Cost": 626469.55,
            "Plan Rows": 1,
            "Plan Width": 8,
            "Actual Startup Time": 3442.064,
            "Actual Total Time": 3442.963,
            "Actual Rows": 1,
            "Actual Loops": 2,
            "Plans": [
              {
                "Node Type": "Hash Join",
                "Parent Relationship": "Outer",
                "Parallel Aware": true,
                "Join Type": "Inner",
                "Startup Cost": 314671.98,
                "Total Cost": 617453.33,
                "Plan Rows": 3606482,
                "Plan Width": 0,
                "Actual Startup Time": 1272.124,
                "Actual Total Time": 3387.636,
                "Actual Rows": 1246027,
                "Actual Loops": 2,
                "Inner Unique": false,
                "Hash Cond": "(mi.movie_id = t.id)",
                "Plans": [
                  {
                    "Node Type": "Seq Scan",
                    "Parent Relationship": "Outer",
                    "Parallel Aware": true,
                    "Relation Name": "movie_info",
                    "Alias": "mi",
                    "Startup Cost": 0.0,
                    "Total Cost": 248955.74,
                    "Plan Rows": 8696274,
                    "Plan Width": 4,
                    "Actual Startup Time": 0.016,
                    "Actual Total Time": 659.706,
                    "Actual Rows": 7417860,
                    "Actual Loops": 2
                  },
                  {
                    "Node Type": "Hash",
                    "Parent Relationship": "Inner",
                    "Parallel Aware": true,
                    "Startup Cost": 306962.25,
                    "Total Cost": 306962.25,
                    "Plan Rows": 616778,
                    "Plan Width": 8,
                    "Actual Startup Time": 1261.987,
                    "Actual Total Time": 1262.884,
                    "Actual Rows": 234476,
                    "Actual Loops": 2,
                    "Hash Buckets": 1048576,
                    "Original Hash Buckets": 1048576,
                    "Hash Batches": 1,
                    "Original Hash Batches": 1,
                    "Peak Memory Usage": 26560,
                    "Plans": [
                      {
                        "Node Type": "Hash Join",
                        "Parent Relationship": "Outer",
                        "Parallel Aware": true,
                        "Join Type": "Inner",
                        "Startup Cost": 66689.16,
                        "Total Cost": 306962.25,
                        "Plan Rows": 616778,
                        "Plan Width": 8,
                        "Actual Startup Time": 861.086,
                        "Actual Total Time": 1183.348,
                        "Actual Rows": 234476,
                        "Actual Loops": 2,
                        "Inner Unique": true,
                        "Hash Cond": "(ci.movie_id = t.id)",
                        "Plans": [
                          {
                            "Node Type": "Index Scan",
                            "Parent Relationship": "Outer",
                            "Parallel Aware": true,
                            "Scan Direction": "Forward",
                            "Index Name": "role_id_cast_info",
                            "Relation Name": "cast_info",
                            "Alias": "ci",
                            "Startup Cost": 0.56,
                            "Total Cost": 236682.84,
                            "Plan Rows": 1367929,
                            "Plan Width": 4,
                            "Actual Startup Time": 453.006,
                            "Actual Total Time": 562.226,
                            "Actual Rows": 536658,
                            "Actual Loops": 2,
                            "Index Cond": "(role_id = 2)",
                            "Rows Removed by Index Recheck": 0,
                            "Filter": "(person_id > 2562571)",
                            "Rows Removed by Filter": 3189329
                          },
                          {
                            "Node Type": "Hash",
                            "Parent Relationship": "Inner",
                            "Parallel Aware": true,
                            "Startup Cost": 58306.47,
                            "Total Cost": 58306.47,
                            "Plan Rows": 670570,
                            "Plan Width": 4,
                            "Actual Startup Time": 396.915,
                            "Actual Total Time": 396.916,
                            "Actual Rows": 547790,
                            "Actual Loops": 2,
                            "Hash Buckets": 2097152,
                            "Original Hash Buckets": 2097152,
                            "Hash Batches": 1,
                            "Original Hash Batches": 1,
                            "Peak Memory Usage": 59264,
                            "Plans": [
                              {
                                "Node Type": "Seq Scan",
                                "Parent Relationship": "Outer",
                                "Parallel Aware": true,
                                "Relation Name": "title",
                                "Alias": "t",
                                "Startup Cost": 0.0,
                                "Total Cost": 58306.47,
                                "Plan Rows": 670570,
                                "Plan Width": 4,
                                "Actual Startup Time": 0.057,
                                "Actual Total Time": 198.565,
                                "Actual Rows": 547790,
                                "Actual Loops": 2,
                                "Filter": "((kind_id > 1) AND (production_year < 2007))",
                                "Rows Removed by Filter": 716366
                              }
                            ]
                          }
                        ]
                      }
                    ]
                  }
                ]
              }
            ]
          }
        ]
      }
    ]
  },
  "Planning Time": 1.083,
  "Triggers": [],
  "Execution Time": 3518.35
}