[
  {
    "Plan": {
      "Node Type": "Aggregate",
      "Strategy": "Plain",
      "Partial Mode": "Finalize",
      "Parallel Aware": false,
      "Startup Cost": 129508.23,
      "Total Cost": 129508.24,
      "Plan Rows": 1,
      "Plan Width": 8,
      "Actual Startup Time": 818.989,
      "Actual Total Time": 839.88,
      "Actual Rows": 1,
      "Actual Loops": 1,
      "Plans": [
        {
          "Node Type": "Gather",
          "Parent Relationship": "Outer",
          "Parallel Aware": false,
          "Startup Cost": 129507.91,
          "Total Cost": 129508.22,
          "Plan Rows": 3,
          "Plan Width": 8,
          "Actual Startup Time": 809.629,
          "Actual Total Time": 839.869,
          "Actual Rows": 4,
          "Actual Loops": 1,
          "Workers Planned": 3,
          "Workers Launched": 3,
          "Single Copy": false,
          "Plans": [
            {
              "Node Type": "Aggregate",
              "Strategy": "Plain",
              "Partial Mode": "Partial",
              "Parent Relationship": "Outer",
              "Parallel Aware": false,
              "Startup Cost": 128507.91,
              "Total Cost": 128507.92,
              "Plan Rows": 1,
              "Plan Width": 8,
              "Actual Startup Time": 800.744,
              "Actual Total Time": 801.307,
              "Actual Rows": 1,
              "Actual Loops": 4,
              "Plans": [
                {
                  "Node Type": "Hash Join",
                  "Parent Relationship": "Outer",
                  "Parallel Aware": true,
                  "Join Type": "Inner",
                  "Startup Cost": 96460.38,
                  "Total Cost": 127772.31,
                  "Plan Rows": 294241,
                  "Plan Width": 0,
                  "Actual Startup Time": 485.811,
                  "Actual Total Time": 742.62,
                  "Actual Rows": 1547582,
                  "Actual Loops": 4,
                  "Inner Unique": false,
                  "Hash Cond": "(mc.movie_id = t.id)",
                  "Plans": [
                    {
                      "Node Type": "Seq Scan",
                      "Parent Relationship": "Outer",
                      "Parallel Aware": true,
                      "Relation Name": "movie_companies",
                      "Alias": "mc",
                      "Startup Cost": 0.0,
                      "Total Cost": 27206.55,
                      "Plan Rows": 841655,
                      "Plan Width": 4,
                      "Actual Startup Time": 0.035,
                      "Actual Total Time": 55.897,
                      "Actual Rows": 652282,
                      "Actual Loops": 4
                    },
                    {
                      "Node Type": "Hash",
                      "Parent Relationship": "Inner",
                      "Parallel Aware": true,
                      "Startup Cost": 92896.32,
                      "Total Cost": 92896.32,
                      "Plan Rows": 285125,
                      "Plan Width": 8,
                      "Actual Startup Time": 478.163,
                      "Actual Total Time": 478.725,
                      "Actual Rows": 189084,
                      "Actual Loops": 4,
                      "Hash Buckets": 1048576,
                      "Original Hash Buckets": 1048576,
                      "Hash Batches": 1,
                      "Original Hash Batches": 1,
                      "Peak Memory Usage": 37824,
                      "Plans": [
                        {
                          "Node Type": "Hash Join",
                          "Parent Relationship": "Outer",
                          "Parallel Aware": true,
                          "Join Type": "Inner",
                          "Startup Cost": 49053.43,
                          "Total Cost": 92896.32,
                          "Plan Rows": 285125,
                          "Plan Width": 8,
                          "Actual Startup Time": 268.245,
                          "Actual Total Time": 428.907,
                          "Actual Rows": 189084,
                          "Actual Loops": 4,
                          "Inner Unique": true,
                          "Hash Cond": "(mk.movie_id = t.id)",
                          "Plans": [
                            {
                              "Node Type": "Seq Scan",
                              "Parent Relationship": "Outer",
                              "Parallel Aware": true,
                              "Relation Name": "movie_keyword",
                              "Alias": "mk",
                              "Startup Cost": 0.0,
                              "Total Cost": 42695.65,
                              "Plan Rows": 437044,
                              "Plan Width": 4,
                              "Actual Startup Time": 0.82,
                              "Actual Total Time": 96.103,
                              "Actual Rows": 339710,
                              "Actual Loops": 4,
                              "Filter": "(keyword_id > 12346)",
                              "Rows Removed by Filter": 791273
                            },
                            {
                              "Node Type": "Hash",
                              "Parent Relationship": "Inner",
                              "Parallel Aware": true,
                              "Startup Cost": 43898.92,
                              "Total Cost": 43898.92,
                              "Plan Rows": 412361,
                              "Plan Width": 4,
                              "Actual Startup Time": 262.663,
                              "Actual Total Time": 262.664,
                              "Actual Rows": 410878,
                              "Actual Loops": 4,
                              "Hash Buckets": 2097152,
                              "Original Hash Buckets": 2097152,
                              "Hash Batches": 1,
                              "Original Hash Batches": 1,
                              "Peak Memory Usage": 80736,
                              "Plans": [
                                {
                                  "Node Type": "Seq Scan",
                                  "Parent Relationship": "Outer",
                                  "Parallel Aware": true,
                                  "Relation Name": "title",
                                  "Alias": "t",
                                  "Startup Cost": 0.0,
                                  "Total Cost": 43898.92,
                                  "Plan Rows": 412361,
                                  "Plan Width": 4,
                                  "Actual Startup Time": 0.043,
                                  "Actual Total Time": 107.599,
                                  "Actual Rows": 410878,
                                  "Actual Loops": 4,
                                  "Filter": "(production_year > 1994)",
                                  "Rows Removed by Filter": 221200
                                }
                              ]
                            }
                          ]
                        }
                      ]
                    }
                  ]
                }
              ]
            }
          ]
        }
      ]
    },
    "Planning Time": 1.435,
    "Triggers": [],
    "Execution Time": 839.963
  }
]