[
    {
        "Bao": {
            "Bao prediction": 2326.033,
            "Bao recommended hint": "SET enable_nestloop TO off; "
        }
    },
    {
        "Plan": {
            "Node Type": "Aggregate",
            "Strategy": "Plain",
            "Partial Mode": "Finalize",
            "Parallel Aware": false,
            "Startup Cost": 514143.69,
            "Total Cost": 514143.7,
            "Plan Rows": 1,
            "Plan Width": 64,
            "Actual Startup Time": 3667.555,
            "Actual Total Time": 3756.195,
            "Actual Rows": 1,
            "Actual Loops": 1,
            "Output": [
                "min(an1.name)",
                "min(t.title)"
            ],
            "Plans": [
                {
                    "Node Type": "Gather",
                    "Parent Relationship": "Outer",
                    "Parallel Aware": false,
                    "Startup Cost": 514143.26,
                    "Total Cost": 514143.67,
                    "Plan Rows": 4,
                    "Plan Width": 64,
                    "Actual Startup Time": 3634.692,
                    "Actual Total Time": 3756.17,
                    "Actual Rows": 5,
                    "Actual Loops": 1,
                    "Output": [
                        "(PARTIAL min(an1.name))",
                        "(PARTIAL min(t.title))"
                    ],
                    "Workers Planned": 4,
                    "Workers Launched": 4,
                    "Single Copy": false,
                    "Plans": [
                        {
                            "Node Type": "Aggregate",
                            "Strategy": "Plain",
                            "Partial Mode": "Partial",
                            "Parent Relationship": "Outer",
                            "Parallel Aware": false,
                            "Startup Cost": 513143.26,
                            "Total Cost": 513143.27,
                            "Plan Rows": 1,
                            "Plan Width": 64,
                            "Actual Startup Time": 3622.671,
                            "Actual Total Time": 3623.225,
                            "Actual Rows": 1,
                            "Actual Loops": 5,
                            "Output": [
                                "PARTIAL min(an1.name)",
                                "PARTIAL min(t.title)"
                            ],
                            "Workers": [
                                {
                                    "Worker Number": 0,
                                    "Actual Startup Time": 3621.548,
                                    "Actual Total Time": 3621.563,
                                    "Actual Rows": 1,
                                    "Actual Loops": 1
                                },
                                {
                                    "Worker Number": 1,
                                    "Actual Startup Time": 3619.48,
                                    "Actual Total Time": 3619.495,
                                    "Actual Rows": 1,
                                    "Actual Loops": 1
                                },
                                {
                                    "Worker Number": 2,
                                    "Actual Startup Time": 3619.708,
                                    "Actual Total Time": 3619.731,
                                    "Actual Rows": 1,
                                    "Actual Loops": 1
                                },
                                {
                                    "Worker Number": 3,
                                    "Actual Startup Time": 3619.721,
                                    "Actual Total Time": 3619.736,
                                    "Actual Rows": 1,
                                    "Actual Loops": 1
                                }
                            ],
                            "Plans": [
                                {
                                    "Node Type": "Hash Join",
                                    "Parent Relationship": "Outer",
                                    "Parallel Aware": true,
                                    "Join Type": "Inner",
                                    "Startup Cost": 441839.28,
                                    "Total Cost": 512119.56,
                                    "Plan Rows": 204740,
                                    "Plan Width": 33,
                                    "Actual Startup Time": 3245.447,
                                    "Actual Total Time": 3596.391,
                                    "Actual Rows": 282147,
                                    "Actual Loops": 5,
                                    "Output": [
                                        "an1.name",
                                        "t.title"
                                    ],
                                    "Inner Unique": false,
                                    "Hash Cond": "(n1.id = an1.person_id)",
                                    "Workers": [
                                        {
                                            "Worker Number": 0,
                                            "Actual Startup Time": 3242.627,
                                            "Actual Total Time": 3595.497,
                                            "Actual Rows": 323512,
                                            "Actual Loops": 1
                                        },
                                        {
                                            "Worker Number": 1,
                                            "Actual Startup Time": 3242.734,
                                            "Actual Total Time": 3591.021,
                                            "Actual Rows": 228370,
                                            "Actual Loops": 1
                                        },
                                        {
                                            "Worker Number": 2,
                                            "Actual Startup Time": 3242.892,
                                            "Actual Total Time": 3590.863,
                                            "Actual Rows": 231023,
                                            "Actual Loops": 1
                                        },
                                        {
                                            "Worker Number": 3,
                                            "Actual Startup Time": 3242.886,
                                            "Actual Total Time": 3592.862,
                                            "Actual Rows": 324638,
                                            "Actual Loops": 1
                                        }
                                    ],
                                    "Plans": [
                                        {
                                            "Node Type": "Seq Scan",
                                            "Parent Relationship": "Outer",
                                            "Parallel Aware": true,
                                            "Relation Name": "name",
                                            "Schema": "public",
                                            "Alias": "n1",
                                            "Startup Cost": 0.0,
                                            "Total Cost": 66031.94,
                                            "Plan Rows": 1041894,
                                            "Plan Width": 4,
                                            "Actual Startup Time": 0.028,
                                            "Actual Total Time": 116.392,
                                            "Actual Rows": 833498,
                                            "Actual Loops": 5,
                                            "Output": [
                                                "n1.id",
                                                "n1.name",
                                                "n1.imdb_index",
                                                "n1.imdb_id",
                                                "n1.gender",
                                                "n1.name_pcode_cf",
                                                "n1.name_pcode_nf",
                                                "n1.surname_pcode",
                                                "n1.md5sum"
                                            ],
                                            "Workers": [
                                                {
                                                    "Worker Number": 0,
                                                    "Actual Startup Time": 0.027,
                                                    "Actual Total Time": 114.257,
                                                    "Actual Rows": 889543,
                                                    "Actual Loops": 1
                                                },
                                                {
                                                    "Worker Number": 1,
                                                    "Actual Startup Time": 0.029,
                                                    "Actual Total Time": 123.761,
                                                    "Actual Rows": 685009,
                                                    "Actual Loops": 1
                                                },
                                                {
                                                    "Worker Number": 2,
                                                    "Actual Startup Time": 0.039,
                                                    "Actual Total Time": 116.789,
                                                    "Actual Rows": 785499,
                                                    "Actual Loops": 1
                                                },
                                                {
                                                    "Worker Number": 3,
                                                    "Actual Startup Time": 0.028,
                                                    "Actual Total Time": 113.402,
                                                    "Actual Rows": 884590,
                                                    "Actual Loops": 1
                                                }
                                            ]
                                        },
                                        {
                                            "Node Type": "Hash",
                                            "Parent Relationship": "Inner",
                                            "Parallel Aware": true,
                                            "Startup Cost": 440133.11,
                                            "Total Cost": 440133.11,
                                            "Plan Rows": 136494,
                                            "Plan Width": 41,
                                            "Actual Startup Time": 3240.732,
                                            "Actual Total Time": 3241.284,
                                            "Actual Rows": 282147,
                                            "Actual Loops": 5,
                                            "Output": [
                                                "an1.name",
                                                "an1.person_id",
                                                "ci.person_id",
                                                "t.title"
                                            ],
                                            "Hash Buckets": 2097152,
                                            "Original Hash Buckets": 1048576,
                                            "Hash Batches": 1,
                                            "Original Hash Batches": 1,
                                            "Peak Memory Usage": 136352,
                                            "Workers": [
                                                {
                                                    "Worker Number": 0,
                                                    "Actual Startup Time": 3242.05,
                                                    "Actual Total Time": 3242.064,
                                                    "Actual Rows": 264730,
                                                    "Actual Loops": 1
                                                },
                                                {
                                                    "Worker Number": 1,
                                                    "Actual Startup Time": 3241.856,
                                                    "Actual Total Time": 3241.87,
                                                    "Actual Rows": 253729,
                                                    "Actual Loops": 1
                                                },
                                                {
                                                    "Worker Number": 2,
                                                    "Actual Startup Time": 3242.197,
                                                    "Actual Total Time": 3242.218,
                                                    "Actual Rows": 239875,
                                                    "Actual Loops": 1
                                                },
                                                {
                                                    "Worker Number": 3,
                                                    "Actual Startup Time": 3242.167,
                                                    "Actual Total Time": 3242.18,
                                                    "Actual Rows": 259612,
                                                    "Actual Loops": 1
                                                }
                                            ],
                                            "Plans": [
                                                {
                                                    "Node Type": "Hash Join",
                                                    "Parent Relationship": "Outer",
                                                    "Parallel Aware": true,
                                                    "Join Type": "Inner",
                                                    "Startup Cost": 102948.04,
                                                    "Total Cost": 440133.11,
                                                    "Plan Rows": 136494,
                                                    "Plan Width": 41,
                                                    "Actual Startup Time": 691.339,
                                                    "Actual Total Time": 3052.528,
                                                    "Actual Rows": 282147,
                                                    "Actual Loops": 5,
                                                    "Output": [
                                                        "an1.name",
                                                        "an1.person_id",
                                                        "ci.person_id",
                                                        "t.title"
                                                    ],
                                                    "Inner Unique": false,
                                                    "Hash Cond": "(ci.person_id = an1.person_id)",
                                                    "Workers": [
                                                        {
                                                            "Worker Number": 0,
                                                            "Actual Startup Time": 691.288,
                                                            "Actual Total Time": 3048.852,
                                                            "Actual Rows": 264730,
                                                            "Actual Loops": 1
                                                        },
                                                        {
                                                            "Worker Number": 1,
                                                            "Actual Startup Time": 691.801,
                                                            "Actual Total Time": 3054.864,
                                                            "Actual Rows": 253729,
                                                            "Actual Loops": 1
                                                        },
                                                        {
                                                            "Worker Number": 2,
                                                            "Actual Startup Time": 690.984,
                                                            "Actual Total Time": 3058.607,
                                                            "Actual Rows": 239875,
                                                            "Actual Loops": 1
                                                        },
                                                        {
                                                            "Worker Number": 3,
                                                            "Actual Startup Time": 691.132,
                                                            "Actual Total Time": 3047.107,
                                                            "Actual Rows": 259612,
                                                            "Actual Loops": 1
                                                        }
                                                    ],
                                                    "Plans": [
                                                        {
                                                            "Node Type": "Hash Join",
                                                            "Parent Relationship": "Outer",
                                                            "Parallel Aware": true,
                                                            "Join Type": "Inner",
                                                            "Startup Cost": 85010.03,
                                                            "Total Cost": 421541.48,
                                                            "Plan Rows": 56885,
                                                            "Plan Width": 21,
                                                            "Actual Startup Time": 551.248,
                                                            "Actual Total Time": 2820.297,
                                                            "Actual Rows": 286005,
                                                            "Actual Loops": 5,
                                                            "Output": [
                                                                "ci.person_id",
                                                                "t.title"
                                                            ],
                                                            "Inner Unique": false,
                                                            "Hash Cond": "(ci.movie_id = t.id)",
                                                            "Workers": [
                                                                {
                                                                    "Worker Number": 0,
                                                                    "Actual Startup Time": 551.329,
                                                                    "Actual Total Time": 2816.867,
                                                                    "Actual Rows": 261168,
                                                                    "Actual Loops": 1
                                                                },
                                                                {
                                                                    "Worker Number": 1,
                                                                    "Actual Startup Time": 551.336,
                                                                    "Actual Total Time": 2823.455,
                                                                    "Actual Rows": 257067,
                                                                    "Actual Loops": 1
                                                                },
                                                                {
                                                                    "Worker Number": 2,
                                                                    "Actual Startup Time": 551.16,
                                                                    "Actual Total Time": 2829.367,
                                                                    "Actual Rows": 254322,
                                                                    "Actual Loops": 1
                                                                },
                                                                {
                                                                    "Worker Number": 3,
                                                                    "Actual Startup Time": 551.266,
                                                                    "Actual Total Time": 2815.348,
                                                                    "Actual Rows": 257152,
                                                                    "Actual Loops": 1
                                                                }
                                                            ],
                                                            "Plans": [
                                                                {
                                                                    "Node Type": "Hash Join",
                                                                    "Parent Relationship": "Outer",
                                                                    "Parallel Aware": false,
                                                                    "Join Type": "Inner",
                                                                    "Startup Cost": 1.16,
                                                                    "Total Cost": 334569.19,
                                                                    "Plan Rows": 503496,
                                                                    "Plan Width": 8,
                                                                    "Actual Startup Time": 0.106,
                                                                    "Actual Total Time": 1801.768,
                                                                    "Actual Rows": 2534138,
                                                                    "Actual Loops": 5,
                                                                    "Output": [
                                                                        "ci.person_id",
                                                                        "ci.movie_id"
                                                                    ],
                                                                    "Inner Unique": true,
                                                                    "Hash Cond": "(ci.role_id = rt.id)",
                                                                    "Workers": [
                                                                        {
                                                                            "Worker Number": 0,
                                                                            "Actual Startup Time": 0.109,
                                                                            "Actual Total Time": 1795.796,
                                                                            "Actual Rows": 2275062,
                                                                            "Actual Loops": 1
                                                                        },
                                                                        {
                                                                            "Worker Number": 1,
                                                                            "Actual Startup Time": 0.1,
                                                                            "Actual Total Time": 1805.846,
                                                                            "Actual Rows": 2297319,
                                                                            "Actual Loops": 1
                                                                        },
                                                                        {
                                                                            "Worker Number": 2,
                                                                            "Actual Startup Time": 0.116,
                                                                            "Actual Total Time": 1812.907,
                                                                            "Actual Rows": 2269852,
                                                                            "Actual Loops": 1
                                                                        },
                                                                        {
                                                                            "Worker Number": 3,
                                                                            "Actual Startup Time": 0.119,
                                                                            "Actual Total Time": 1805.975,
                                                                            "Actual Rows": 2253348,
                                                                            "Actual Loops": 1
                                                                        }
                                                                    ],
                                                                    "Plans": [
                                                                        {
                                                                            "Node Type": "Seq Scan",
                                                                            "Parent Relationship": "Outer",
                                                                            "Parallel Aware": true,
                                                                            "Relation Name": "cast_info",
                                                                            "Schema": "public",
                                                                            "Alias": "ci",
                                                                            "Startup Cost": 0.0,
                                                                            "Total Cost": 313106.51,
                                                                            "Plan Rows": 6041951,
                                                                            "Plan Width": 12,
                                                                            "Actual Startup Time": 0.016,
                                                                            "Actual Total Time": 799.628,
                                                                            "Actual Rows": 7248869,
                                                                            "Actual Loops": 5,
                                                                            "Output": [
                                                                                "ci.id",
                                                                                "ci.person_id",
                                                                                "ci.movie_id",
                                                                                "ci.person_role_id",
                                                                                "ci.note",
                                                                                "ci.nr_order",
                                                                                "ci.role_id"
                                                                            ],
                                                                            "Workers": [
                                                                                {
                                                                                    "Worker Number": 0,
                                                                                    "Actual Startup Time": 0.013,
                                                                                    "Actual Total Time": 793.213,
                                                                                    "Actual Rows": 6421369,
                                                                                    "Actual Loops": 1
                                                                                },
                                                                                {
                                                                                    "Worker Number": 1,
                                                                                    "Actual Startup Time": 0.012,
                                                                                    "Actual Total Time": 795.067,
                                                                                    "Actual Rows": 6366767,
                                                                                    "Actual Loops": 1
                                                                                },
                                                                                {
                                                                                    "Worker Number": 2,
                                                                                    "Actual Startup Time": 0.013,
                                                                                    "Actual Total Time": 811.882,
                                                                                    "Actual Rows": 6105973,
                                                                                    "Actual Loops": 1
                                                                                },
                                                                                {
                                                                                    "Worker Number": 3,
                                                                                    "Actual Startup Time": 0.021,
                                                                                    "Actual Total Time": 808.104,
                                                                                    "Actual Rows": 7188685,
                                                                                    "Actual Loops": 1
                                                                                }
                                                                            ]
                                                                        },
                                                                        {
                                                                            "Node Type": "Hash",
                                                                            "Parent Relationship": "Inner",
                                                                            "Parallel Aware": false,
                                                                            "Startup Cost": 1.15,
                                                                            "Total Cost": 1.15,
                                                                            "Plan Rows": 1,
                                                                            "Plan Width": 4,
                                                                            "Actual Startup Time": 0.047,
                                                                            "Actual Total Time": 0.049,
                                                                            "Actual Rows": 1,
                                                                            "Actual Loops": 5,
                                                                            "Output": [
                                                                                "rt.id"
                                                                            ],
                                                                            "Hash Buckets": 1024,
                                                                            "Original Hash Buckets": 1024,
                                                                            "Hash Batches": 1,
                                                                            "Original Hash Batches": 1,
                                                                            "Peak Memory Usage": 9,
                                                                            "Workers": [
                                                                                {
                                                                                    "Worker Number": 0,
                                                                                    "Actual Startup Time": 0.055,
                                                                                    "Actual Total Time": 0.057,
                                                                                    "Actual Rows": 1,
                                                                                    "Actual Loops": 1
                                                                                },
                                                                                {
                                                                                    "Worker Number": 1,
                                                                                    "Actual Startup Time": 0.044,
                                                                                    "Actual Total Time": 0.046,
                                                                                    "Actual Rows": 1,
                                                                                    "Actual Loops": 1
                                                                                },
                                                                                {
                                                                                    "Worker Number": 2,
                                                                                    "Actual Startup Time": 0.056,
                                                                                    "Actual Total Time": 0.058,
                                                                                    "Actual Rows": 1,
                                                                                    "Actual Loops": 1
                                                                                },
                                                                                {
                                                                                    "Worker Number": 3,
                                                                                    "Actual Startup Time": 0.054,
                                                                                    "Actual Total Time": 0.056,
                                                                                    "Actual Rows": 1,
                                                                                    "Actual Loops": 1
                                                                                }
                                                                            ],
                                                                            "Plans": [
                                                                                {
                                                                                    "Node Type": "Seq Scan",
                                                                                    "Parent Relationship": "Outer",
                                                                                    "Parallel Aware": false,
                                                                                    "Relation Name": "role_type",
                                                                                    "Schema": "public",
                                                                                    "Alias": "rt",
                                                                                    "Startup Cost": 0.0,
                                                                                    "Total Cost": 1.15,
                                                                                    "Plan Rows": 1,
                                                                                    "Plan Width": 4,
                                                                                    "Actual Startup Time": 0.031,
                                                                                    "Actual Total Time": 0.033,
                                                                                    "Actual Rows": 1,
                                                                                    "Actual Loops": 5,
                                                                                    "Output": [
                                                                                        "rt.id"
                                                                                    ],
                                                                                    "Filter": "((rt.role)::text = 'actor'::text)",
                                                                                    "Rows Removed by Filter": 11,
                                                                                    "Workers": [
                                                                                        {
                                                                                            "Worker Number": 0,
                                                                                            "Actual Startup Time": 0.038,
                                                                                            "Actual Total Time": 0.041,
                                                                                            "Actual Rows": 1,
                                                                                            "Actual Loops": 1
                                                                                        },
                                                                                        {
                                                                                            "Worker Number": 1,
                                                                                            "Actual Startup Time": 0.027,
                                                                                            "Actual Total Time": 0.03,
                                                                                            "Actual Rows": 1,
                                                                                            "Actual Loops": 1
                                                                                        },
                                                                                        {
                                                                                            "Worker Number": 2,
                                                                                            "Actual Startup Time": 0.038,
                                                                                            "Actual Total Time": 0.041,
                                                                                            "Actual Rows": 1,
                                                                                            "Actual Loops": 1
                                                                                        },
                                                                                        {
                                                                                            "Worker Number": 3,
                                                                                            "Actual Startup Time": 0.037,
                                                                                            "Actual Total Time": 0.04,
                                                                                            "Actual Rows": 1,
                                                                                            "Actual Loops": 1
                                                                                        }
                                                                                    ]
                                                                                }
                                                                            ]
                                                                        }
                                                                    ]
                                                                },
                                                                {
                                                                    "Node Type": "Hash",
                                                                    "Parent Relationship": "Inner",
                                                                    "Parallel Aware": true,
                                                                    "Startup Cost": 84536.15,
                                                                    "Total Cost": 84536.15,
                                                                    "Plan Rows": 37818,
                                                                    "Plan Width": 25,
                                                                    "Actual Startup Time": 550.802,
                                                                    "Actual Total Time": 551.343,
                                                                    "Actual Rows": 24875,
                                                                    "Actual Loops": 5,
                                                                    "Output": [
                                                                        "mc.movie_id",
                                                                        "t.title",
                                                                        "t.id"
                                                                    ],
                                                                    "Hash Buckets": 131072,
                                                                    "Original Hash Buckets": 131072,
                                                                    "Hash Batches": 1,
                                                                    "Original Hash Batches": 1,
                                                                    "Peak Memory Usage": 8800,
                                                                    "Workers": [
                                                                        {
                                                                            "Worker Number": 0,
                                                                            "Actual Startup Time": 550.865,
                                                                            "Actual Total Time": 550.871,
                                                                            "Actual Rows": 22409,
                                                                            "Actual Loops": 1
                                                                        },
                                                                        {
                                                                            "Worker Number": 1,
                                                                            "Actual Startup Time": 550.828,
                                                                            "Actual Total Time": 550.833,
                                                                            "Actual Rows": 22097,
                                                                            "Actual Loops": 1
                                                                        },
                                                                        {
                                                                            "Worker Number": 2,
                                                                            "Actual Startup Time": 550.944,
                                                                            "Actual Total Time": 550.95,
                                                                            "Actual Rows": 21860,
                                                                            "Actual Loops": 1
                                                                        },
                                                                        {
                                                                            "Worker Number": 3,
                                                                            "Actual Startup Time": 550.906,
                                                                            "Actual Total Time": 550.911,
                                                                            "Actual Rows": 22038,
                                                                            "Actual Loops": 1
                                                                        }
                                                                    ],
                                                                    "Plans": [
                                                                        {
                                                                            "Node Type": "Hash Join",
                                                                            "Parent Relationship": "Outer",
                                                                            "Parallel Aware": true,
                                                                            "Join Type": "Inner",
                                                                            "Startup Cost": 55020.94,
                                                                            "Total Cost": 84536.15,
                                                                            "Plan Rows": 37818,
                                                                            "Plan Width": 25,
                                                                            "Actual Startup Time": 390.036,
                                                                            "Actual Total Time": 537.916,
                                                                            "Actual Rows": 24875,
                                                                            "Actual Loops": 5,
                                                                            "Output": [
                                                                                "mc.movie_id",
                                                                                "t.title",
                                                                                "t.id"
                                                                            ],
                                                                            "Inner Unique": true,
                                                                            "Hash Cond": "(mc.movie_id = t.id)",
                                                                            "Workers": [
                                                                                {
                                                                                    "Worker Number": 0,
                                                                                    "Actual Startup Time": 389.982,
                                                                                    "Actual Total Time": 536.49,
                                                                                    "Actual Rows": 22409,
                                                                                    "Actual Loops": 1
                                                                                },
                                                                                {
                                                                                    "Worker Number": 1,
                                                                                    "Actual Startup Time": 390.079,
                                                                                    "Actual Total Time": 540.788,
                                                                                    "Actual Rows": 22097,
                                                                                    "Actual Loops": 1
                                                                                },
                                                                                {
                                                                                    "Worker Number": 2,
                                                                                    "Actual Startup Time": 390.099,
                                                                                    "Actual Total Time": 536.686,
                                                                                    "Actual Rows": 21860,
                                                                                    "Actual Loops": 1
                                                                                },
                                                                                {
                                                                                    "Worker Number": 3,
                                                                                    "Actual Startup Time": 390.009,
                                                                                    "Actual Total Time": 536.636,
                                                                                    "Actual Rows": 22038,
                                                                                    "Actual Loops": 1
                                                                                }
                                                                            ],
                                                                            "Plans": [
                                                                                {
                                                                                    "Node Type": "Hash Join",
                                                                                    "Parent Relationship": "Outer",
                                                                                    "Parallel Aware": true,
                                                                                    "Join Type": "Inner",
                                                                                    "Startup Cost": 4800.56,
                                                                                    "Total Cost": 34216.49,
                                                                                    "Plan Rows": 37818,
                                                                                    "Plan Width": 4,
                                                                                    "Actual Startup Time": 8.936,
                                                                                    "Actual Total Time": 136.446,
                                                                                    "Actual Rows": 24875,
                                                                                    "Actual Loops": 5,
                                                                                    "Output": [
                                                                                        "mc.movie_id"
                                                                                    ],
                                                                                    "Inner Unique": true,
                                                                                    "Hash Cond": "(mc.company_id = cn.id)",
                                                                                    "Workers": [
                                                                                        {
                                                                                            "Worker Number": 0,
                                                                                            "Actual Startup Time": 8.93,
                                                                                            "Actual Total Time": 135.697,
                                                                                            "Actual Rows": 22409,
                                                                                            "Actual Loops": 1
                                                                                        },
                                                                                        {
                                                                                            "Worker Number": 1,
                                                                                            "Actual Startup Time": 8.915,
                                                                                            "Actual Total Time": 136.479,
                                                                                            "Actual Rows": 22097,
                                                                                            "Actual Loops": 1
                                                                                        },
                                                                                        {
                                                                                            "Worker Number": 2,
                                                                                            "Actual Startup Time": 8.936,
                                                                                            "Actual Total Time": 136.162,
                                                                                            "Actual Rows": 21860,
                                                                                            "Actual Loops": 1
                                                                                        },
                                                                                        {
                                                                                            "Worker Number": 3,
                                                                                            "Actual Startup Time": 8.953,
                                                                                            "Actual Total Time": 136.105,
                                                                                            "Actual Rows": 22038,
                                                                                            "Actual Loops": 1
                                                                                        }
                                                                                    ],
                                                                                    "Plans": [
                                                                                        {
                                                                                            "Node Type": "Seq Scan",
                                                                                            "Parent Relationship": "Outer",
                                                                                            "Parallel Aware": true,
                                                                                            "Relation Name": "movie_companies",
                                                                                            "Schema": "public",
                                                                                            "Alias": "mc",
                                                                                            "Startup Cost": 0.0,
                                                                                            "Total Cost": 27206.55,
                                                                                            "Plan Rows": 841655,
                                                                                            "Plan Width": 8,
                                                                                            "Actual Startup Time": 0.013,
                                                                                            "Actual Total Time": 60.8,
                                                                                            "Actual Rows": 521826,
                                                                                            "Actual Loops": 5,
                                                                                            "Output": [
                                                                                                "mc.id",
                                                                                                "mc.movie_id",
                                                                                                "mc.company_id",
                                                                                                "mc.company_type_id",
                                                                                                "mc.note"
                                                                                            ],
                                                                                            "Workers": [
                                                                                                {
                                                                                                    "Worker Number": 0,
                                                                                                    "Actual Startup Time": 0.021,
                                                                                                    "Actual Total Time": 59.886,
                                                                                                    "Actual Rows": 468643,
                                                                                                    "Actual Loops": 1
                                                                                                },
                                                                                                {
                                                                                                    "Worker Number": 1,
                                                                                                    "Actual Startup Time": 0.012,
                                                                                                    "Actual Total Time": 60.347,
                                                                                                    "Actual Rows": 472631,
                                                                                                    "Actual Loops": 1
                                                                                                },
                                                                                                {
                                                                                                    "Worker Number": 2,
                                                                                                    "Actual Startup Time": 0.013,
                                                                                                    "Actual Total Time": 62.192,
                                                                                                    "Actual Rows": 452248,
                                                                                                    "Actual Loops": 1
                                                                                                },
                                                                                                {
                                                                                                    "Worker Number": 3,
                                                                                                    "Actual Startup Time": 0.015,
                                                                                                    "Actual Total Time": 62.004,
                                                                                                    "Actual Rows": 453229,
                                                                                                    "Actual Loops": 1
                                                                                                }
                                                                                            ]
                                                                                        },
                                                                                        {
                                                                                            "Node Type": "Hash",
                                                                                            "Parent Relationship": "Inner",
                                                                                            "Parallel Aware": true,
                                                                                            "Startup Cost": 4722.92,
                                                                                            "Total Cost": 4722.92,
                                                                                            "Plan Rows": 6211,
                                                                                            "Plan Width": 4,
                                                                                            "Actual Startup Time": 8.761,
                                                                                            "Actual Total Time": 8.762,
                                                                                            "Actual Rows": 2079,
                                                                                            "Actual Loops": 5,
                                                                                            "Output": [
                                                                                                "cn.id"
                                                                                            ],
                                                                                            "Hash Buckets": 16384,
                                                                                            "Original Hash Buckets": 16384,
                                                                                            "Hash Batches": 1,
                                                                                            "Original Hash Batches": 1,
                                                                                            "Peak Memory Usage": 640,
                                                                                            "Workers": [
                                                                                                {
                                                                                                    "Worker Number": 0,
                                                                                                    "Actual Startup Time": 8.814,
                                                                                                    "Actual Total Time": 8.814,
                                                                                                    "Actual Rows": 1834,
                                                                                                    "Actual Loops": 1
                                                                                                },
                                                                                                {
                                                                                                    "Worker Number": 1,
                                                                                                    "Actual Startup Time": 8.716,
                                                                                                    "Actual Total Time": 8.717,
                                                                                                    "Actual Rows": 1874,
                                                                                                    "Actual Loops": 1
                                                                                                },
                                                                                                {
                                                                                                    "Worker Number": 2,
                                                                                                    "Actual Startup Time": 8.718,
                                                                                                    "Actual Total Time": 8.72,
                                                                                                    "Actual Rows": 1909,
                                                                                                    "Actual Loops": 1
                                                                                                },
                                                                                                {
                                                                                                    "Worker Number": 3,
                                                                                                    "Actual Startup Time": 8.813,
                                                                                                    "Actual Total Time": 8.813,
                                                                                                    "Actual Rows": 1815,
                                                                                                    "Actual Loops": 1
                                                                                                }
                                                                                            ],
                                                                                            "Plans": [
                                                                                                {
                                                                                                    "Node Type": "Seq Scan",
                                                                                                    "Parent Relationship": "Outer",
                                                                                                    "Parallel Aware": true,
                                                                                                    "Relation Name": "company_name",
                                                                                                    "Schema": "public",
                                                                                                    "Alias": "cn",
                                                                                                    "Startup Cost": 0.0,
                                                                                                    "Total Cost": 4722.92,
                                                                                                    "Plan Rows": 6211,
                                                                                                    "Plan Width": 4,
                                                                                                    "Actual Startup Time": 0.036,
                                                                                                    "Actual Total Time": 7.93,
                                                                                                    "Actual Rows": 2079,
                                                                                                    "Actual Loops": 5,
                                                                                                    "Output": [
                                                                                                        "cn.id"
                                                                                                    ],
                                                                                                    "Filter": "((cn.country_code)::text = '[fr]'::text)",
                                                                                                    "Rows Removed by Filter": 44921,
                                                                                                    "Workers": [
                                                                                                        {
                                                                                                            "Worker Number": 0,
                                                                                                            "Actual Startup Time": 0.047,
                                                                                                            "Actual Total Time": 7.884,
                                                                                                            "Actual Rows": 1834,
                                                                                                            "Actual Loops": 1
                                                                                                        },
                                                                                                        {
                                                                                                            "Worker Number": 1,
                                                                                                            "Actual Startup Time": 0.038,
                                                                                                            "Actual Total Time": 7.923,
                                                                                                            "Actual Rows": 1874,
                                                                                                            "Actual Loops": 1
                                                                                                        },
                                                                                                        {
                                                                                                            "Worker Number": 2,
                                                                                                            "Actual Startup Time": 0.035,
                                                                                                            "Actual Total Time": 7.915,
                                                                                                            "Actual Rows": 1909,
                                                                                                            "Actual Loops": 1
                                                                                                        },
                                                                                                        {
                                                                                                            "Worker Number": 3,
                                                                                                            "Actual Startup Time": 0.044,
                                                                                                            "Actual Total Time": 7.905,
                                                                                                            "Actual Rows": 1815,
                                                                                                            "Actual Loops": 1
                                                                                                        }
                                                                                                    ]
                                                                                                }
                                                                                            ]
                                                                                        }
                                                                                    ]
                                                                                },
                                                                                {
                                                                                    "Node Type": "Hash",
                                                                                    "Parent Relationship": "Inner",
                                                                                    "Parallel Aware": true,
                                                                                    "Startup Cost": 42319.06,
                                                                                    "Total Cost": 42319.06,
                                                                                    "Plan Rows": 632106,
                                                                                    "Plan Width": 21,
                                                                                    "Actual Startup Time": 375.793,
                                                                                    "Actual Total Time": 375.794,
                                                                                    "Actual Rows": 505662,
                                                                                    "Actual Loops": 5,
                                                                                    "Output": [
                                                                                        "t.title",
                                                                                        "t.id"
                                                                                    ],
                                                                                    "Hash Buckets": 4194304,
                                                                                    "Original Hash Buckets": 4194304,
                                                                                    "Hash Batches": 1,
                                                                                    "Original Hash Batches": 1,
                                                                                    "Peak Memory Usage": 174784,
                                                                                    "Workers": [
                                                                                        {
                                                                                            "Worker Number": 0,
                                                                                            "Actual Startup Time": 380.986,
                                                                                            "Actual Total Time": 380.987,
                                                                                            "Actual Rows": 462340,
                                                                                            "Actual Loops": 1
                                                                                        },
                                                                                        {
                                                                                            "Worker Number": 1,
                                                                                            "Actual Startup Time": 380.844,
                                                                                            "Actual Total Time": 380.845,
                                                                                            "Actual Rows": 461980,
                                                                                            "Actual Loops": 1
                                                                                        },
                                                                                        {
                                                                                            "Worker Number": 2,
                                                                                            "Actual Startup Time": 380.792,
                                                                                            "Actual Total Time": 380.792,
                                                                                            "Actual Rows": 458476,
                                                                                            "Actual Loops": 1
                                                                                        },
                                                                                        {
                                                                                            "Worker Number": 3,
                                                                                            "Actual Startup Time": 380.98,
                                                                                            "Actual Total Time": 380.98,
                                                                                            "Actual Rows": 460874,
                                                                                            "Actual Loops": 1
                                                                                        }
                                                                                    ],
                                                                                    "Plans": [
                                                                                        {
                                                                                            "Node Type": "Seq Scan",
                                                                                            "Parent Relationship": "Outer",
                                                                                            "Parallel Aware": true,
                                                                                            "Relation Name": "title",
                                                                                            "Schema": "public",
                                                                                            "Alias": "t",
                                                                                            "Startup Cost": 0.0,
                                                                                            "Total Cost": 42319.06,
                                                                                            "Plan Rows": 632106,
                                                                                            "Plan Width": 21,
                                                                                            "Actual Startup Time": 0.045,
                                                                                            "Actual Total Time": 103.875,
                                                                                            "Actual Rows": 505662,
                                                                                            "Actual Loops": 5,
                                                                                            "Output": [
                                                                                                "t.title",
                                                                                                "t.id"
                                                                                            ],
                                                                                            "Workers": [
                                                                                                {
                                                                                                    "Worker Number": 0,
                                                                                                    "Actual Startup Time": 0.055,
                                                                                                    "Actual Total Time": 105.11,
                                                                                                    "Actual Rows": 462340,
                                                                                                    "Actual Loops": 1
                                                                                                },
                                                                                                {
                                                                                                    "Worker Number": 1,
                                                                                                    "Actual Startup Time": 0.055,
                                                                                                    "Actual Total Time": 105.138,
                                                                                                    "Actual Rows": 461980,
                                                                                                    "Actual Loops": 1
                                                                                                },
                                                                                                {
                                                                                                    "Worker Number": 2,
                                                                                                    "Actual Startup Time": 0.047,
                                                                                                    "Actual Total Time": 105.543,
                                                                                                    "Actual Rows": 458476,
                                                                                                    "Actual Loops": 1
                                                                                                },
                                                                                                {
                                                                                                    "Worker Number": 3,
                                                                                                    "Actual Startup Time": 0.046,
                                                                                                    "Actual Total Time": 105.307,
                                                                                                    "Actual Rows": 460874,
                                                                                                    "Actual Loops": 1
                                                                                                }
                                                                                            ]
                                                                                        }
                                                                                    ]
                                                                                }
                                                                            ]
                                                                        }
                                                                    ]
                                                                }
                                                            ]
                                                        },
                                                        {
                                                            "Node Type": "Hash",
                                                            "Parent Relationship": "Inner",
                                                            "Parallel Aware": true,
                                                            "Startup Cost": 14303.56,
                                                            "Total Cost": 14303.56,
                                                            "Plan Rows": 290756,
                                                            "Plan Width": 20,
                                                            "Actual Startup Time": 137.551,
                                                            "Actual Total Time": 137.552,
                                                            "Actual Rows": 180269,
                                                            "Actual Loops": 5,
                                                            "Output": [
                                                                "an1.name",
                                                                "an1.person_id"
                                                            ],
                                                            "Hash Buckets": 1048576,
                                                            "Original Hash Buckets": 1048576,
                                                            "Hash Batches": 1,
                                                            "Original Hash Batches": 1,
                                                            "Peak Memory Usage": 58112,
                                                            "Workers": [
                                                                {
                                                                    "Worker Number": 0,
                                                                    "Actual Startup Time": 139.636,
                                                                    "Actual Total Time": 139.637,
                                                                    "Actual Rows": 150381,
                                                                    "Actual Loops": 1
                                                                },
                                                                {
                                                                    "Worker Number": 1,
                                                                    "Actual Startup Time": 139.768,
                                                                    "Actual Total Time": 139.769,
                                                                    "Actual Rows": 153379,
                                                                    "Actual Loops": 1
                                                                },
                                                                {
                                                                    "Worker Number": 2,
                                                                    "Actual Startup Time": 139.76,
                                                                    "Actual Total Time": 139.761,
                                                                    "Actual Rows": 152540,
                                                                    "Actual Loops": 1
                                                                },
                                                                {
                                                                    "Worker Number": 3,
                                                                    "Actual Startup Time": 139.78,
                                                                    "Actual Total Time": 139.781,
                                                                    "Actual Rows": 160890,
                                                                    "Actual Loops": 1
                                                                }
                                                            ],
                                                            "Plans": [
                                                                {
                                                                    "Node Type": "Seq Scan",
                                                                    "Parent Relationship": "Outer",
                                                                    "Parallel Aware": true,
                                                                    "Relation Name": "aka_name",
                                                                    "Schema": "public",
                                                                    "Alias": "an1",
                                                                    "Startup Cost": 0.0,
                                                                    "Total Cost": 14303.56,
                                                                    "Plan Rows": 290756,
                                                                    "Plan Width": 20,
                                                                    "Actual Startup Time": 0.047,
                                                                    "Actual Total Time": 44.934,
                                                                    "Actual Rows": 180269,
                                                                    "Actual Loops": 5,
                                                                    "Output": [
                                                                        "an1.name",
                                                                        "an1.person_id"
                                                                    ],
                                                                    "Workers": [
                                                                        {
                                                                            "Worker Number": 0,
                                                                            "Actual Startup Time": 0.053,
                                                                            "Actual Total Time": 45.236,
                                                                            "Actual Rows": 150381,
                                                                            "Actual Loops": 1
                                                                        },
                                                                        {
                                                                            "Worker Number": 1,
                                                                            "Actual Startup Time": 0.053,
                                                                            "Actual Total Time": 45.36,
                                                                            "Actual Rows": 153379,
                                                                            "Actual Loops": 1
                                                                        },
                                                                        {
                                                                            "Worker Number": 2,
                                                                            "Actual Startup Time": 0.062,
                                                                            "Actual Total Time": 45.451,
                                                                            "Actual Rows": 152540,
                                                                            "Actual Loops": 1
                                                                        },
                                                                        {
                                                                            "Worker Number": 3,
                                                                            "Actual Startup Time": 0.053,
                                                                            "Actual Total Time": 45.189,
                                                                            "Actual Rows": 160890,
                                                                            "Actual Loops": 1
                                                                        }
                                                                    ]
                                                                }
                                                            ]
                                                        }
                                                    ]
                                                }
                                            ]
                                        }
                                    ]
                                }
                            ]
                        }
                    ]
                }
            ]
        },
        "Planning Time": 1816.338,
        "Triggers": [],
        "Execution Time": 3757.047
    }
]