{
    "Plan": {
        "Node Type": "Aggregate",
        "Strategy": "Plain",
        "Partial Mode": "Finalize",
        "Parallel Aware": false,
        "Startup Cost": 45553.13,
        "Total Cost": 45553.14,
        "Plan Rows": 1,
        "Plan Width": 8,
        "Actual Startup Time": 206.605,
        "Actual Total Time": 220.282,
        "Actual Rows": 1,
        "Actual Loops": 1,
        "Output": [
            "count(*)"
        ],
        "Plans": [
            {
                "Node Type": "Gather",
                "Parent Relationship": "Outer",
                "Parallel Aware": false,
                "Startup Cost": 45552.81,
                "Total Cost": 45553.12,
                "Plan Rows": 3,
                "Plan Width": 8,
                "Actual Startup Time": 206.457,
                "Actual Total Time": 220.271,
                "Actual Rows": 4,
                "Actual Loops": 1,
                "Output": [
                    "(PARTIAL count(*))"
                ],
                "Workers Planned": 3,
                "Workers Launched": 3,
                "Single Copy": false,
                "Plans": [
                    {
                        "Node Type": "Aggregate",
                        "Strategy": "Plain",
                        "Partial Mode": "Partial",
                        "Parent Relationship": "Outer",
                        "Parallel Aware": false,
                        "Startup Cost": 44552.81,
                        "Total Cost": 44552.82,
                        "Plan Rows": 1,
                        "Plan Width": 8,
                        "Actual Startup Time": 197.277,
                        "Actual Total Time": 197.279,
                        "Actual Rows": 1,
                        "Actual Loops": 4,
                        "Output": [
                            "PARTIAL count(*)"
                        ],
                        "Workers": [
                            {
                                "Worker Number": 0,
                                "Actual Startup Time": 194.238,
                                "Actual Total Time": 194.239,
                                "Actual Rows": 1,
                                "Actual Loops": 1
                            },
                            {
                                "Worker Number": 1,
                                "Actual Startup Time": 194.234,
                                "Actual Total Time": 194.235,
                                "Actual Rows": 1,
                                "Actual Loops": 1
                            },
                            {
                                "Worker Number": 2,
                                "Actual Startup Time": 195.273,
                                "Actual Total Time": 195.274,
                                "Actual Rows": 1,
                                "Actual Loops": 1
                            }
                        ],
                        "Plans": [
                            {
                                "Node Type": "Seq Scan",
                                "Parent Relationship": "Outer",
                                "Parallel Aware": true,
                                "Relation Name": "movie_keyword",
                                "Schema": "public",
                                "Alias": "mk",
                                "Startup Cost": 0.0,
                                "Total Cost": 42695.65,
                                "Plan Rows": 742864,
                                "Plan Width": 0,
                                "Actual Startup Time": 1.027,
                                "Actual Total Time": 162.822,
                                "Actual Rows": 575610,
                                "Actual Loops": 4,
                                "Output": [
                                    "id",
                                    "movie_id",
                                    "keyword_id"
                                ],
                                "Filter": "(mk.keyword_id > 4536)",
                                "Rows Removed by Filter": 555373,
                                "Workers": [
                                    {
                                        "Worker Number": 0,
                                        "Actual Startup Time": 0.09,
                                        "Actual Total Time": 160.617,
                                        "Actual Rows": 494535,
                                        "Actual Loops": 1
                                    },
                                    {
                                        "Worker Number": 1,
                                        "Actual Startup Time": 0.089,
                                        "Actual Total Time": 160.783,
                                        "Actual Rows": 494421,
                                        "Actual Loops": 1
                                    },
                                    {
                                        "Worker Number": 2,
                                        "Actual Startup Time": 0.093,
                                        "Actual Total Time": 161.43,
                                        "Actual Rows": 764342,
                                        "Actual Loops": 1
                                    }
                                ]
                            }
                        ]
                    }
                ]
            }
        ]
    },
    "Planning Time": 1.886,
    "Triggers": [],
    "Execution Time": 220.57
}