{
    "Plan": {
        "Node Type": "Aggregate",
        "Strategy": "Plain",
        "Partial Mode": "Finalize",
        "Parallel Aware": false,
        "Startup Cost": 611987.33,
        "Total Cost": 611987.34,
        "Plan Rows": 1,
        "Plan Width": 8,
        "Actual Startup Time": 5319.95,
        "Actual Total Time": 5398.879,
        "Actual Rows": 1,
        "Actual Loops": 1,
        "Output": [
            "count(*)"
        ],
        "Plans": [
            {
                "Node Type": "Gather",
                "Parent Relationship": "Outer",
                "Parallel Aware": false,
                "Startup Cost": 611986.81,
                "Total Cost": 611987.32,
                "Plan Rows": 5,
                "Plan Width": 8,
                "Actual Startup Time": 5292.975,
                "Actual Total Time": 5398.864,
                "Actual Rows": 6,
                "Actual Loops": 1,
                "Output": [
                    "(PARTIAL count(*))"
                ],
                "Workers Planned": 5,
                "Workers Launched": 5,
                "Single Copy": false,
                "Plans": [
                    {
                        "Node Type": "Aggregate",
                        "Strategy": "Plain",
                        "Partial Mode": "Partial",
                        "Parent Relationship": "Outer",
                        "Parallel Aware": false,
                        "Startup Cost": 610986.81,
                        "Total Cost": 610986.82,
                        "Plan Rows": 1,
                        "Plan Width": 8,
                        "Actual Startup Time": 5272.651,
                        "Actual Total Time": 5273.195,
                        "Actual Rows": 1,
                        "Actual Loops": 6,
                        "Output": [
                            "PARTIAL count(*)"
                        ],
                        "Workers": [
                            {
                                "Worker Number": 0,
                                "Actual Startup Time": 5271.114,
                                "Actual Total Time": 5271.119,
                                "Actual Rows": 1,
                                "Actual Loops": 1
                            },
                            {
                                "Worker Number": 1,
                                "Actual Startup Time": 5268.211,
                                "Actual Total Time": 5268.215,
                                "Actual Rows": 1,
                                "Actual Loops": 1
                            },
                            {
                                "Worker Number": 2,
                                "Actual Startup Time": 5268.075,
                                "Actual Total Time": 5268.081,
                                "Actual Rows": 1,
                                "Actual Loops": 1
                            },
                            {
                                "Worker Number": 3,
                                "Actual Startup Time": 5268.057,
                                "Actual Total Time": 5268.062,
                                "Actual Rows": 1,
                                "Actual Loops": 1
                            },
                            {
                                "Worker Number": 4,
                                "Actual Startup Time": 5268.394,
                                "Actual Total Time": 5268.398,
                                "Actual Rows": 1,
                                "Actual Loops": 1
                            }
                        ],
                        "Plans": [
                            {
                                "Node Type": "Hash Join",
                                "Parent Relationship": "Outer",
                                "Parallel Aware": true,
                                "Join Type": "Inner",
                                "Startup Cost": 389685.51,
                                "Total Cost": 599747.74,
                                "Plan Rows": 4495629,
                                "Plan Width": 0,
                                "Actual Startup Time": 1682.446,
                                "Actual Total Time": 4633.716,
                                "Actual Rows": 16098628,
                                "Actual Loops": 6,
                                "Inner Unique": false,
                                "Hash Cond": "(mi.movie_id = t.id)",
                                "Workers": [
                                    {
                                        "Worker Number": 0,
                                        "Actual Startup Time": 1678.68,
                                        "Actual Total Time": 4617.367,
                                        "Actual Rows": 16260196,
                                        "Actual Loops": 1
                                    },
                                    {
                                        "Worker Number": 1,
                                        "Actual Startup Time": 1678.384,
                                        "Actual Total Time": 4618.578,
                                        "Actual Rows": 16466155,
                                        "Actual Loops": 1
                                    },
                                    {
                                        "Worker Number": 2,
                                        "Actual Startup Time": 1678.256,
                                        "Actual Total Time": 4659.261,
                                        "Actual Rows": 15210095,
                                        "Actual Loops": 1
                                    },
                                    {
                                        "Worker Number": 3,
                                        "Actual Startup Time": 1678.263,
                                        "Actual Total Time": 4657.381,
                                        "Actual Rows": 15259110,
                                        "Actual Loops": 1
                                    },
                                    {
                                        "Worker Number": 4,
                                        "Actual Startup Time": 1678.684,
                                        "Actual Total Time": 4621.526,
                                        "Actual Rows": 16408021,
                                        "Actual Loops": 1
                                    }
                                ],
                                "Plans": [
                                    {
                                        "Node Type": "Seq Scan",
                                        "Parent Relationship": "Outer",
                                        "Parallel Aware": true,
                                        "Relation Name": "movie_info",
                                        "Schema": "public",
                                        "Alias": "mi",
                                        "Startup Cost": 0.0,
                                        "Total Cost": 191503.19,
                                        "Plan Rows": 2951019,
                                        "Plan Width": 4,
                                        "Actual Startup Time": 0.034,
                                        "Actual Total Time": 281.033,
                                        "Actual Rows": 2472620,
                                        "Actual Loops": 6,
                                        "Output": [
                                            "mi.id",
                                            "mi.movie_id",
                                            "mi.info_type_id",
                                            "mi.info",
                                            "mi.note"
                                        ],
                                        "Workers": [
                                            {
                                                "Worker Number": 0,
                                                "Actual Startup Time": 0.039,
                                                "Actual Total Time": 293.916,
                                                "Actual Rows": 2486067,
                                                "Actual Loops": 1
                                            },
                                            {
                                                "Worker Number": 1,
                                                "Actual Startup Time": 0.037,
                                                "Actual Total Time": 290.478,
                                                "Actual Rows": 2558542,
                                                "Actual Loops": 1
                                            },
                                            {
                                                "Worker Number": 2,
                                                "Actual Startup Time": 0.034,
                                                "Actual Total Time": 299.124,
                                                "Actual Rows": 2294426,
                                                "Actual Loops": 1
                                            },
                                            {
                                                "Worker Number": 3,
                                                "Actual Startup Time": 0.044,
                                                "Actual Total Time": 297.431,
                                                "Actual Rows": 2280403,
                                                "Actual Loops": 1
                                            },
                                            {
                                                "Worker Number": 4,
                                                "Actual Startup Time": 0.035,
                                                "Actual Total Time": 291.007,
                                                "Actual Rows": 2539409,
                                                "Actual Loops": 1
                                            }
                                        ]
                                    },
                                    {
                                        "Node Type": "Hash",
                                        "Parent Relationship": "Inner",
                                        "Parallel Aware": true,
                                        "Startup Cost": 381661.16,
                                        "Total Cost": 381661.16,
                                        "Plan Rows": 641948,
                                        "Plan Width": 8,
                                        "Actual Startup Time": 1671.765,
                                        "Actual Total Time": 1672.306,
                                        "Actual Rows": 624322,
                                        "Actual Loops": 6,
                                        "Output": [
                                            "t.id",
                                            "ci.movie_id"
                                        ],
                                        "Hash Buckets": 4194304,
                                        "Original Hash Buckets": 4194304,
                                        "Hash Batches": 1,
                                        "Original Hash Batches": 1,
                                        "Peak Memory Usage": 179424,
                                        "Workers": [
                                            {
                                                "Worker Number": 0,
                                                "Actual Startup Time": 1674.837,
                                                "Actual Total Time": 1674.84,
                                                "Actual Rows": 478374,
                                                "Actual Loops": 1
                                            },
                                            {
                                                "Worker Number": 1,
                                                "Actual Startup Time": 1674.868,
                                                "Actual Total Time": 1674.871,
                                                "Actual Rows": 669570,
                                                "Actual Loops": 1
                                            },
                                            {
                                                "Worker Number": 2,
                                                "Actual Startup Time": 1674.679,
                                                "Actual Total Time": 1674.683,
                                                "Actual Rows": 608184,
                                                "Actual Loops": 1
                                            },
                                            {
                                                "Worker Number": 3,
                                                "Actual Startup Time": 1674.696,
                                                "Actual Total Time": 1674.7,
                                                "Actual Rows": 605418,
                                                "Actual Loops": 1
                                            },
                                            {
                                                "Worker Number": 4,
                                                "Actual Startup Time": 1675.046,
                                                "Actual Total Time": 1675.049,
                                                "Actual Rows": 662770,
                                                "Actual Loops": 1
                                            }
                                        ],
                                        "Plans": [
                                            {
                                                "Node Type": "Hash Join",
                                                "Parent Relationship": "Outer",
                                                "Parallel Aware": true,
                                                "Join Type": "Inner",
                                                "Startup Cost": 47863.55,
                                                "Total Cost": 381661.16,
                                                "Plan Rows": 641948,
                                                "Plan Width": 8,
                                                "Actual Startup Time": 135.793,
                                                "Actual Total Time": 1403.376,
                                                "Actual Rows": 624322,
                                                "Actual Loops": 6,
                                                "Output": [
                                                    "t.id",
                                                    "ci.movie_id"
                                                ],
                                                "Inner Unique": true,
                                                "Hash Cond": "(ci.movie_id = t.id)",
                                                "Workers": [
                                                    {
                                                        "Worker Number": 0,
                                                        "Actual Startup Time": 135.769,
                                                        "Actual Total Time": 1412.257,
                                                        "Actual Rows": 478374,
                                                        "Actual Loops": 1
                                                    },
                                                    {
                                                        "Worker Number": 1,
                                                        "Actual Startup Time": 135.768,
                                                        "Actual Total Time": 1404.365,
                                                        "Actual Rows": 669570,
                                                        "Actual Loops": 1
                                                    },
                                                    {
                                                        "Worker Number": 2,
                                                        "Actual Startup Time": 135.828,
                                                        "Actual Total Time": 1402.247,
                                                        "Actual Rows": 608184,
                                                        "Actual Loops": 1
                                                    },
                                                    {
                                                        "Worker Number": 3,
                                                        "Actual Startup Time": 135.747,
                                                        "Actual Total Time": 1402.456,
                                                        "Actual Rows": 605418,
                                                        "Actual Loops": 1
                                                    },
                                                    {
                                                        "Worker Number": 4,
                                                        "Actual Startup Time": 135.808,
                                                        "Actual Total Time": 1403.813,
                                                        "Actual Rows": 662770,
                                                        "Actual Loops": 1
                                                    }
                                                ],
                                                "Plans": [
                                                    {
                                                        "Node Type": "Seq Scan",
                                                        "Parent Relationship": "Outer",
                                                        "Parallel Aware": true,
                                                        "Relation Name": "cast_info",
                                                        "Schema": "public",
                                                        "Alias": "ci",
                                                        "Startup Cost": 0.0,
                                                        "Total Cost": 328213.62,
                                                        "Plan Rows": 2127232,
                                                        "Plan Width": 4,
                                                        "Actual Startup Time": 0.029,
                                                        "Actual Total Time": 708.392,
                                                        "Actual Rows": 2111781,
                                                        "Actual Loops": 6,
                                                        "Output": [
                                                            "ci.id",
                                                            "ci.person_id",
                                                            "ci.movie_id",
                                                            "ci.person_role_id",
                                                            "ci.note",
                                                            "ci.nr_order",
                                                            "ci.role_id"
                                                        ],
                                                        "Filter": "(ci.role_id < 2)",
                                                        "Rows Removed by Filter": 3928943,
                                                        "Workers": [
                                                            {
                                                                "Worker Number": 0,
                                                                "Actual Startup Time": 0.038,
                                                                "Actual Total Time": 742.549,
                                                                "Actual Rows": 1604814,
                                                                "Actual Loops": 1
                                                            },
                                                            {
                                                                "Worker Number": 1,
                                                                "Actual Startup Time": 0.039,
                                                                "Actual Total Time": 717.194,
                                                                "Actual Rows": 2258923,
                                                                "Actual Loops": 1
                                                            },
                                                            {
                                                                "Worker Number": 2,
                                                                "Actual Startup Time": 0.032,
                                                                "Actual Total Time": 705.125,
                                                                "Actual Rows": 2059358,
                                                                "Actual Loops": 1
                                                            },
                                                            {
                                                                "Worker Number": 3,
                                                                "Actual Startup Time": 0.029,
                                                                "Actual Total Time": 704.638,
                                                                "Actual Rows": 2053489,
                                                                "Actual Loops": 1
                                                            },
                                                            {
                                                                "Worker Number": 4,
                                                                "Actual Startup Time": 0.029,
                                                                "Actual Total Time": 715.305,
                                                                "Actual Rows": 2247205,
                                                                "Actual Loops": 1
                                                            }
                                                        ]
                                                    },
                                                    {
                                                        "Node Type": "Hash",
                                                        "Parent Relationship": "Inner",
                                                        "Parallel Aware": true,
                                                        "Startup Cost": 45479.21,
                                                        "Total Cost": 45479.21,
                                                        "Plan Rows": 190747,
                                                        "Plan Width": 4,
                                                        "Actual Startup Time": 134.553,
                                                        "Actual Total Time": 134.555,
                                                        "Actual Rows": 111764,
                                                        "Actual Loops": 6,
                                                        "Output": [
                                                            "t.id"
                                                        ],
                                                        "Hash Buckets": 1048576,
                                                        "Original Hash Buckets": 1048576,
                                                        "Hash Batches": 1,
                                                        "Original Hash Batches": 1,
                                                        "Peak Memory Usage": 34528,
                                                        "Workers": [
                                                            {
                                                                "Worker Number": 0,
                                                                "Actual Startup Time": 135.526,
                                                                "Actual Total Time": 135.527,
                                                                "Actual Rows": 80412,
                                                                "Actual Loops": 1
                                                            },
                                                            {
                                                                "Worker Number": 1,
                                                                "Actual Startup Time": 135.646,
                                                                "Actual Total Time": 135.647,
                                                                "Actual Rows": 117177,
                                                                "Actual Loops": 1
                                                            },
                                                            {
                                                                "Worker Number": 2,
                                                                "Actual Startup Time": 135.527,
                                                                "Actual Total Time": 135.528,
                                                                "Actual Rows": 105151,
                                                                "Actual Loops": 1
                                                            },
                                                            {
                                                                "Worker Number": 3,
                                                                "Actual Startup Time": 135.526,
                                                                "Actual Total Time": 135.528,
                                                                "Actual Rows": 104066,
                                                                "Actual Loops": 1
                                                            },
                                                            {
                                                                "Worker Number": 4,
                                                                "Actual Startup Time": 135.504,
                                                                "Actual Total Time": 135.504,
                                                                "Actual Rows": 114937,
                                                                "Actual Loops": 1
                                                            }
                                                        ],
                                                        "Plans": [
                                                            {
                                                                "Node Type": "Seq Scan",
                                                                "Parent Relationship": "Outer",
                                                                "Parallel Aware": true,
                                                                "Relation Name": "title",
                                                                "Schema": "public",
                                                                "Alias": "t",
                                                                "Startup Cost": 0.0,
                                                                "Total Cost": 45479.21,
                                                                "Plan Rows": 190747,
                                                                "Plan Width": 4,
                                                                "Actual Startup Time": 0.066,
                                                                "Actual Total Time": 82.919,
                                                                "Actual Rows": 111764,
                                                                "Actual Loops": 6,
                                                                "Output": [
                                                                    "t.id"
                                                                ],
                                                                "Filter": "((t.kind_id < 7) AND (t.production_year > 1979))",
                                                                "Rows Removed by Filter": 309621,
                                                                "Workers": [
                                                                    {
                                                                        "Worker Number": 0,
                                                                        "Actual Startup Time": 0.077,
                                                                        "Actual Total Time": 84.551,
                                                                        "Actual Rows": 80412,
                                                                        "Actual Loops": 1
                                                                    },
                                                                    {
                                                                        "Worker Number": 1,
                                                                        "Actual Startup Time": 0.072,
                                                                        "Actual Total Time": 83.655,
                                                                        "Actual Rows": 117177,
                                                                        "Actual Loops": 1
                                                                    },
                                                                    {
                                                                        "Worker Number": 2,
                                                                        "Actual Startup Time": 0.074,
                                                                        "Actual Total Time": 83.247,
                                                                        "Actual Rows": 105151,
                                                                        "Actual Loops": 1
                                                                    },
                                                                    {
                                                                        "Worker Number": 3,
                                                                        "Actual Startup Time": 0.075,
                                                                        "Actual Total Time": 82.843,
                                                                        "Actual Rows": 104066,
                                                                        "Actual Loops": 1
                                                                    },
                                                                    {
                                                                        "Worker Number": 4,
                                                                        "Actual Startup Time": 0.083,
                                                                        "Actual Total Time": 83.488,
                                                                        "Actual Rows": 114937,
                                                                        "Actual Loops": 1
                                                                    }
                                                                ]
                                                            }
                                                        ]
                                                    }
                                                ]
                                            }
                                        ]
                                    }
                                ]
                            }
                        ]
                    }
                ]
            }
        ]
    },
    "Planning Time": 1.508,
    "Triggers": [],
    "Execution Time": 5398.974
}