[
    {
        "Bao": {
            "Bao prediction": 608.855,
            "Bao recommended hint": "SET enable_mergejoin TO off; "
        }
    },
    {
        "Plan": {
            "Node Type": "Aggregate",
            "Strategy": "Plain",
            "Partial Mode": "Finalize",
            "Parallel Aware": false,
            "Startup Cost": 109354.4,
            "Total Cost": 109354.41,
            "Plan Rows": 1,
            "Plan Width": 128,
            "Actual Startup Time": 435.192,
            "Actual Total Time": 475.422,
            "Actual Rows": 1,
            "Actual Loops": 1,
            "Output": [
                "min(an.name)",
                "min(chn.name)",
                "min(n.name)",
                "min(t.title)"
            ],
            "Plans": [
                {
                    "Node Type": "Gather",
                    "Parent Relationship": "Outer",
                    "Parallel Aware": false,
                    "Startup Cost": 109354.06,
                    "Total Cost": 109354.37,
                    "Plan Rows": 3,
                    "Plan Width": 128,
                    "Actual Startup Time": 434.704,
                    "Actual Total Time": 475.403,
                    "Actual Rows": 4,
                    "Actual Loops": 1,
                    "Output": [
                        "(PARTIAL min(an.name))",
                        "(PARTIAL min(chn.name))",
                        "(PARTIAL min(n.name))",
                        "(PARTIAL min(t.title))"
                    ],
                    "Workers Planned": 3,
                    "Workers Launched": 3,
                    "Single Copy": false,
                    "Plans": [
                        {
                            "Node Type": "Aggregate",
                            "Strategy": "Plain",
                            "Partial Mode": "Partial",
                            "Parent Relationship": "Outer",
                            "Parallel Aware": false,
                            "Startup Cost": 108354.06,
                            "Total Cost": 108354.07,
                            "Plan Rows": 1,
                            "Plan Width": 128,
                            "Actual Startup Time": 423.077,
                            "Actual Total Time": 423.085,
                            "Actual Rows": 1,
                            "Actual Loops": 4,
                            "Output": [
                                "PARTIAL min(an.name)",
                                "PARTIAL min(chn.name)",
                                "PARTIAL min(n.name)",
                                "PARTIAL min(t.title)"
                            ],
                            "Workers": [
                                {
                                    "Worker Number": 0,
                                    "Actual Startup Time": 419.453,
                                    "Actual Total Time": 419.461,
                                    "Actual Rows": 1,
                                    "Actual Loops": 1
                                },
                                {
                                    "Worker Number": 1,
                                    "Actual Startup Time": 419.782,
                                    "Actual Total Time": 419.789,
                                    "Actual Rows": 1,
                                    "Actual Loops": 1
                                },
                                {
                                    "Worker Number": 2,
                                    "Actual Startup Time": 420.304,
                                    "Actual Total Time": 420.31,
                                    "Actual Rows": 1,
                                    "Actual Loops": 1
                                }
                            ],
                            "Plans": [
                                {
                                    "Node Type": "Nested Loop",
                                    "Parent Relationship": "Outer",
                                    "Parallel Aware": false,
                                    "Join Type": "Inner",
                                    "Startup Cost": 71306.03,
                                    "Total Cost": 108343.91,
                                    "Plan Rows": 1015,
                                    "Plan Width": 64,
                                    "Actual Startup Time": 262.952,
                                    "Actual Total Time": 422.506,
                                    "Actual Rows": 1370,
                                    "Actual Loops": 4,
                                    "Output": [
                                        "an.name",
                                        "chn.name",
                                        "n.name",
                                        "t.title"
                                    ],
                                    "Inner Unique": true,
                                    "Workers": [
                                        {
                                            "Worker Number": 0,
                                            "Actual Startup Time": 258.77,
                                            "Actual Total Time": 418.656,
                                            "Actual Rows": 2051,
                                            "Actual Loops": 1
                                        },
                                        {
                                            "Worker Number": 1,
                                            "Actual Startup Time": 260.646,
                                            "Actual Total Time": 419.278,
                                            "Actual Rows": 1131,
                                            "Actual Loops": 1
                                        },
                                        {
                                            "Worker Number": 2,
                                            "Actual Startup Time": 260.648,
                                            "Actual Total Time": 419.777,
                                            "Actual Rows": 1262,
                                            "Actual Loops": 1
                                        }
                                    ],
                                    "Plans": [
                                        {
                                            "Node Type": "Nested Loop",
                                            "Parent Relationship": "Outer",
                                            "Parallel Aware": false,
                                            "Join Type": "Inner",
                                            "Startup Cost": 71305.6,
                                            "Total Cost": 107839.86,
                                            "Plan Rows": 1015,
                                            "Plan Width": 55,
                                            "Actual Startup Time": 262.845,
                                            "Actual Total Time": 415.131,
                                            "Actual Rows": 1370,
                                            "Actual Loops": 4,
                                            "Output": [
                                                "an.name",
                                                "ci.movie_id",
                                                "chn.name",
                                                "mc.movie_id",
                                                "n.name"
                                            ],
                                            "Inner Unique": true,
                                            "Workers": [
                                                {
                                                    "Worker Number": 0,
                                                    "Actual Startup Time": 258.655,
                                                    "Actual Total Time": 409.161,
                                                    "Actual Rows": 2051,
                                                    "Actual Loops": 1
                                                },
                                                {
                                                    "Worker Number": 1,
                                                    "Actual Startup Time": 260.516,
                                                    "Actual Total Time": 412.071,
                                                    "Actual Rows": 1131,
                                                    "Actual Loops": 1
                                                },
                                                {
                                                    "Worker Number": 2,
                                                    "Actual Startup Time": 260.529,
                                                    "Actual Total Time": 412.623,
                                                    "Actual Rows": 1262,
                                                    "Actual Loops": 1
                                                }
                                            ],
                                            "Plans": [
                                                {
                                                    "Node Type": "Nested Loop",
                                                    "Parent Relationship": "Outer",
                                                    "Parallel Aware": false,
                                                    "Join Type": "Inner",
                                                    "Startup Cost": 71305.17,
                                                    "Total Cost": 107332.84,
                                                    "Plan Rows": 1015,
                                                    "Plan Width": 43,
                                                    "Actual Startup Time": 262.723,
                                                    "Actual Total Time": 408.31,
                                                    "Actual Rows": 1504,
                                                    "Actual Loops": 4,
                                                    "Output": [
                                                        "an.name",
                                                        "ci.movie_id",
                                                        "ci.person_role_id",
                                                        "mc.movie_id",
                                                        "n.name"
                                                    ],
                                                    "Inner Unique": true,
                                                    "Workers": [
                                                        {
                                                            "Worker Number": 0,
                                                            "Actual Startup Time": 258.485,
                                                            "Actual Total Time": 400.255,
                                                            "Actual Rows": 2242,
                                                            "Actual Loops": 1
                                                        },
                                                        {
                                                            "Worker Number": 1,
                                                            "Actual Startup Time": 260.399,
                                                            "Actual Total Time": 405.904,
                                                            "Actual Rows": 1261,
                                                            "Actual Loops": 1
                                                        },
                                                        {
                                                            "Worker Number": 2,
                                                            "Actual Startup Time": 260.413,
                                                            "Actual Total Time": 405.89,
                                                            "Actual Rows": 1373,
                                                            "Actual Loops": 1
                                                        }
                                                    ],
                                                    "Plans": [
                                                        {
                                                            "Node Type": "Nested Loop",
                                                            "Parent Relationship": "Outer",
                                                            "Parallel Aware": false,
                                                            "Join Type": "Inner",
                                                            "Startup Cost": 71304.75,
                                                            "Total Cost": 106087.32,
                                                            "Plan Rows": 2793,
                                                            "Plan Width": 47,
                                                            "Actual Startup Time": 262.612,
                                                            "Actual Total Time": 396.474,
                                                            "Actual Rows": 2866,
                                                            "Actual Loops": 4,
                                                            "Output": [
                                                                "an.name",
                                                                "ci.movie_id",
                                                                "ci.person_role_id",
                                                                "mc.movie_id",
                                                                "mc.company_id",
                                                                "n.name"
                                                            ],
                                                            "Inner Unique": false,
                                                            "Workers": [
                                                                {
                                                                    "Worker Number": 0,
                                                                    "Actual Startup Time": 258.306,
                                                                    "Actual Total Time": 385.577,
                                                                    "Actual Rows": 3973,
                                                                    "Actual Loops": 1
                                                                },
                                                                {
                                                                    "Worker Number": 1,
                                                                    "Actual Startup Time": 260.271,
                                                                    "Actual Total Time": 394.592,
                                                                    "Actual Rows": 2434,
                                                                    "Actual Loops": 1
                                                                },
                                                                {
                                                                    "Worker Number": 2,
                                                                    "Actual Startup Time": 260.322,
                                                                    "Actual Total Time": 394.088,
                                                                    "Actual Rows": 3046,
                                                                    "Actual Loops": 1
                                                                }
                                                            ],
                                                            "Plans": [
                                                                {
                                                                    "Node Type": "Hash Join",
                                                                    "Parent Relationship": "Outer",
                                                                    "Parallel Aware": false,
                                                                    "Join Type": "Inner",
                                                                    "Startup Cost": 71304.32,
                                                                    "Total Cost": 105422.51,
                                                                    "Plan Rows": 1111,
                                                                    "Plan Width": 39,
                                                                    "Actual Startup Time": 262.503,
                                                                    "Actual Total Time": 385.398,
                                                                    "Actual Rows": 1842,
                                                                    "Actual Loops": 4,
                                                                    "Output": [
                                                                        "an.name",
                                                                        "ci.movie_id",
                                                                        "ci.person_role_id",
                                                                        "n.name"
                                                                    ],
                                                                    "Inner Unique": true,
                                                                    "Hash Cond": "(ci.role_id = rt.id)",
                                                                    "Workers": [
                                                                        {
                                                                            "Worker Number": 0,
                                                                            "Actual Startup Time": 258.18,
                                                                            "Actual Total Time": 372.662,
                                                                            "Actual Rows": 1952,
                                                                            "Actual Loops": 1
                                                                        },
                                                                        {
                                                                            "Worker Number": 1,
                                                                            "Actual Startup Time": 260.148,
                                                                            "Actual Total Time": 385.287,
                                                                            "Actual Rows": 940,
                                                                            "Actual Loops": 1
                                                                        },
                                                                        {
                                                                            "Worker Number": 2,
                                                                            "Actual Startup Time": 260.206,
                                                                            "Actual Total Time": 383.257,
                                                                            "Actual Rows": 1734,
                                                                            "Actual Loops": 1
                                                                        }
                                                                    ],
                                                                    "Plans": [
                                                                        {
                                                                            "Node Type": "Nested Loop",
                                                                            "Parent Relationship": "Outer",
                                                                            "Parallel Aware": false,
                                                                            "Join Type": "Inner",
                                                                            "Startup Cost": 71303.15,
                                                                            "Total Cost": 105374.0,
                                                                            "Plan Rows": 13329,
                                                                            "Plan Width": 43,
                                                                            "Actual Startup Time": 262.118,
                                                                            "Actual Total Time": 384.223,
                                                                            "Actual Rows": 3509,
                                                                            "Actual Loops": 4,
                                                                            "Output": [
                                                                                "an.name",
                                                                                "ci.movie_id",
                                                                                "ci.role_id",
                                                                                "ci.person_role_id",
                                                                                "n.name"
                                                                            ],
                                                                            "Inner Unique": false,
                                                                            "Join Filter": "(n.id = ci.person_id)",
                                                                            "Rows Removed by Join Filter": 0,
                                                                            "Workers": [
                                                                                {
                                                                                    "Worker Number": 0,
                                                                                    "Actual Startup Time": 257.751,
                                                                                    "Actual Total Time": 371.286,
                                                                                    "Actual Rows": 4716,
                                                                                    "Actual Loops": 1
                                                                                },
                                                                                {
                                                                                    "Worker Number": 1,
                                                                                    "Actual Startup Time": 259.692,
                                                                                    "Actual Total Time": 384.337,
                                                                                    "Actual Rows": 1847,
                                                                                    "Actual Loops": 1
                                                                                },
                                                                                {
                                                                                    "Worker Number": 2,
                                                                                    "Actual Startup Time": 259.762,
                                                                                    "Actual Total Time": 382.084,
                                                                                    "Actual Rows": 2747,
                                                                                    "Actual Loops": 1
                                                                                }
                                                                            ],
                                                                            "Plans": [
                                                                                {
                                                                                    "Node Type": "Hash Join",
                                                                                    "Parent Relationship": "Outer",
                                                                                    "Parallel Aware": true,
                                                                                    "Join Type": "Inner",
                                                                                    "Startup Cost": 71302.59,
                                                                                    "Total Cost": 86369.38,
                                                                                    "Plan Rows": 1366,
                                                                                    "Plan Width": 39,
                                                                                    "Actual Startup Time": 260.886,
                                                                                    "Actual Total Time": 335.687,
                                                                                    "Actual Rows": 1282,
                                                                                    "Actual Loops": 4,
                                                                                    "Output": [
                                                                                        "an.name",
                                                                                        "an.person_id",
                                                                                        "n.name",
                                                                                        "n.id"
                                                                                    ],
                                                                                    "Inner Unique": true,
                                                                                    "Hash Cond": "(an.person_id = n.id)",
                                                                                    "Workers": [
                                                                                        {
                                                                                            "Worker Number": 0,
                                                                                            "Actual Startup Time": 257.182,
                                                                                            "Actual Total Time": 324.103,
                                                                                            "Actual Rows": 1194,
                                                                                            "Actual Loops": 1
                                                                                        },
                                                                                        {
                                                                                            "Worker Number": 1,
                                                                                            "Actual Startup Time": 257.17,
                                                                                            "Actual Total Time": 336.262,
                                                                                            "Actual Rows": 1170,
                                                                                            "Actual Loops": 1
                                                                                        },
                                                                                        {
                                                                                            "Worker Number": 2,
                                                                                            "Actual Startup Time": 258.07,
                                                                                            "Actual Total Time": 332.303,
                                                                                            "Actual Rows": 1506,
                                                                                            "Actual Loops": 1
                                                                                        }
                                                                                    ],
                                                                                    "Plans": [
                                                                                        {
                                                                                            "Node Type": "Seq Scan",
                                                                                            "Parent Relationship": "Outer",
                                                                                            "Parallel Aware": true,
                                                                                            "Relation Name": "aka_name",
                                                                                            "Schema": "public",
                                                                                            "Alias": "an",
                                                                                            "Startup Cost": 0.0,
                                                                                            "Total Cost": 14303.56,
                                                                                            "Plan Rows": 290756,
                                                                                            "Plan Width": 20,
                                                                                            "Actual Startup Time": 0.015,
                                                                                            "Actual Total Time": 36.901,
                                                                                            "Actual Rows": 225336,
                                                                                            "Actual Loops": 4,
                                                                                            "Output": [
                                                                                                "an.id",
                                                                                                "an.person_id",
                                                                                                "an.name",
                                                                                                "an.imdb_index",
                                                                                                "an.name_pcode_cf",
                                                                                                "an.name_pcode_nf",
                                                                                                "an.surname_pcode",
                                                                                                "an.md5sum"
                                                                                            ],
                                                                                            "Workers": [
                                                                                                {
                                                                                                    "Worker Number": 0,
                                                                                                    "Actual Startup Time": 0.022,
                                                                                                    "Actual Total Time": 33.467,
                                                                                                    "Actual Rows": 197125,
                                                                                                    "Actual Loops": 1
                                                                                                },
                                                                                                {
                                                                                                    "Worker Number": 1,
                                                                                                    "Actual Startup Time": 0.015,
                                                                                                    "Actual Total Time": 38.822,
                                                                                                    "Actual Rows": 237978,
                                                                                                    "Actual Loops": 1
                                                                                                },
                                                                                                {
                                                                                                    "Worker Number": 2,
                                                                                                    "Actual Startup Time": 0.017,
                                                                                                    "Actual Total Time": 36.089,
                                                                                                    "Actual Rows": 227658,
                                                                                                    "Actual Loops": 1
                                                                                                }
                                                                                            ]
                                                                                        },
                                                                                        {
                                                                                            "Node Type": "Hash",
                                                                                            "Parent Relationship": "Inner",
                                                                                            "Parallel Aware": true,
                                                                                            "Startup Cost": 71241.41,
                                                                                            "Total Cost": 71241.41,
                                                                                            "Plan Rows": 4894,
                                                                                            "Plan Width": 19,
                                                                                            "Actual Startup Time": 259.522,
                                                                                            "Actual Total Time": 259.523,
                                                                                            "Actual Rows": 6121,
                                                                                            "Actual Loops": 4,
                                                                                            "Output": [
                                                                                                "n.name",
                                                                                                "n.id"
                                                                                            ],
                                                                                            "Hash Buckets": 32768,
                                                                                            "Original Hash Buckets": 32768,
                                                                                            "Hash Batches": 1,
                                                                                            "Original Hash Batches": 1,
                                                                                            "Peak Memory Usage": 1632,
                                                                                            "Workers": [
                                                                                                {
                                                                                                    "Worker Number": 0,
                                                                                                    "Actual Startup Time": 256.795,
                                                                                                    "Actual Total Time": 256.797,
                                                                                                    "Actual Rows": 6365,
                                                                                                    "Actual Loops": 1
                                                                                                },
                                                                                                {
                                                                                                    "Worker Number": 1,
                                                                                                    "Actual Startup Time": 256.949,
                                                                                                    "Actual Total Time": 256.95,
                                                                                                    "Actual Rows": 6269,
                                                                                                    "Actual Loops": 1
                                                                                                },
                                                                                                {
                                                                                                    "Worker Number": 2,
                                                                                                    "Actual Startup Time": 257.635,
                                                                                                    "Actual Total Time": 257.637,
                                                                                                    "Actual Rows": 5788,
                                                                                                    "Actual Loops": 1
                                                                                                }
                                                                                            ],
                                                                                            "Plans": [
                                                                                                {
                                                                                                    "Node Type": "Seq Scan",
                                                                                                    "Parent Relationship": "Outer",
                                                                                                    "Parallel Aware": true,
                                                                                                    "Relation Name": "name",
                                                                                                    "Schema": "public",
                                                                                                    "Alias": "n",
                                                                                                    "Startup Cost": 0.0,
                                                                                                    "Total Cost": 71241.41,
                                                                                                    "Plan Rows": 4894,
                                                                                                    "Plan Width": 19,
                                                                                                    "Actual Startup Time": 115.715,
                                                                                                    "Actual Total Time": 254.988,
                                                                                                    "Actual Rows": 6121,
                                                                                                    "Actual Loops": 4,
                                                                                                    "Output": [
                                                                                                        "n.name",
                                                                                                        "n.id"
                                                                                                    ],
                                                                                                    "Filter": "((n.name ~~ '%Jo%'::text) AND ((n.gender)::text = 'f'::text))",
                                                                                                    "Rows Removed by Filter": 1035752,
                                                                                                    "Workers": [
                                                                                                        {
                                                                                                            "Worker Number": 0,
                                                                                                            "Actual Startup Time": 112.991,
                                                                                                            "Actual Total Time": 252.316,
                                                                                                            "Actual Rows": 6365,
                                                                                                            "Actual Loops": 1
                                                                                                        },
                                                                                                        {
                                                                                                            "Worker Number": 1,
                                                                                                            "Actual Startup Time": 113.133,
                                                                                                            "Actual Total Time": 252.335,
                                                                                                            "Actual Rows": 6269,
                                                                                                            "Actual Loops": 1
                                                                                                        },
                                                                                                        {
                                                                                                            "Worker Number": 2,
                                                                                                            "Actual Startup Time": 113.807,
                                                                                                            "Actual Total Time": 253.029,
                                                                                                            "Actual Rows": 5788,
                                                                                                            "Actual Loops": 1
                                                                                                        }
                                                                                                    ]
                                                                                                }
                                                                                            ]
                                                                                        }
                                                                                    ]
                                                                                },
                                                                                {
                                                                                    "Node Type": "Index Scan",
                                                                                    "Parent Relationship": "Inner",
                                                                                    "Parallel Aware": false,
                                                                                    "Scan Direction": "Forward",
                                                                                    "Index Name": "person_id_cast_info",
                                                                                    "Relation Name": "cast_info",
                                                                                    "Schema": "public",
                                                                                    "Alias": "ci",
                                                                                    "Startup Cost": 0.56,
                                                                                    "Total Cost": 13.29,
                                                                                    "Plan Rows": 50,
                                                                                    "Plan Width": 16,
                                                                                    "Actual Startup Time": 0.032,
                                                                                    "Actual Total Time": 0.037,
                                                                                    "Actual Rows": 3,
                                                                                    "Actual Loops": 5130,
                                                                                    "Output": [
                                                                                        "ci.id",
                                                                                        "ci.person_id",
                                                                                        "ci.movie_id",
                                                                                        "ci.person_role_id",
                                                                                        "ci.note",
                                                                                        "ci.nr_order",
                                                                                        "ci.role_id"
                                                                                    ],
                                                                                    "Index Cond": "(ci.person_id = an.person_id)",
                                                                                    "Rows Removed by Index Recheck": 0,
                                                                                    "Filter": "(ci.note = ANY ('{\"(executive producer)\",(writer),(producer),(voice)}'::text[]))",
                                                                                    "Rows Removed by Filter": 47,
                                                                                    "Workers": [
                                                                                        {
                                                                                            "Worker Number": 0,
                                                                                            "Actual Startup Time": 0.033,
                                                                                            "Actual Total Time": 0.038,
                                                                                            "Actual Rows": 4,
                                                                                            "Actual Loops": 1194
                                                                                        },
                                                                                        {
                                                                                            "Worker Number": 1,
                                                                                            "Actual Startup Time": 0.037,
                                                                                            "Actual Total Time": 0.04,
                                                                                            "Actual Rows": 2,
                                                                                            "Actual Loops": 1170
                                                                                        },
                                                                                        {
                                                                                            "Worker Number": 2,
                                                                                            "Actual Startup Time": 0.028,
                                                                                            "Actual Total Time": 0.032,
                                                                                            "Actual Rows": 2,
                                                                                            "Actual Loops": 1506
                                                                                        }
                                                                                    ]
                                                                                }
                                                                            ]
                                                                        },
                                                                        {
                                                                            "Node Type": "Hash",
                                                                            "Parent Relationship": "Inner",
                                                                            "Parallel Aware": false,
                                                                            "Startup Cost": 1.15,
                                                                            "Total Cost": 1.15,
                                                                            "Plan Rows": 1,
                                                                            "Plan Width": 4,
                                                                            "Actual Startup Time": 0.088,
                                                                            "Actual Total Time": 0.088,
                                                                            "Actual Rows": 1,
                                                                            "Actual Loops": 4,
                                                                            "Output": [
                                                                                "rt.id"
                                                                            ],
                                                                            "Hash Buckets": 1024,
                                                                            "Original Hash Buckets": 1024,
                                                                            "Hash Batches": 1,
                                                                            "Original Hash Batches": 1,
                                                                            "Peak Memory Usage": 9,
                                                                            "Workers": [
                                                                                {
                                                                                    "Worker Number": 0,
                                                                                    "Actual Startup Time": 0.101,
                                                                                    "Actual Total Time": 0.102,
                                                                                    "Actual Rows": 1,
                                                                                    "Actual Loops": 1
                                                                                },
                                                                                {
                                                                                    "Worker Number": 1,
                                                                                    "Actual Startup Time": 0.101,
                                                                                    "Actual Total Time": 0.102,
                                                                                    "Actual Rows": 1,
                                                                                    "Actual Loops": 1
                                                                                },
                                                                                {
                                                                                    "Worker Number": 2,
                                                                                    "Actual Startup Time": 0.104,
                                                                                    "Actual Total Time": 0.104,
                                                                                    "Actual Rows": 1,
                                                                                    "Actual Loops": 1
                                                                                }
                                                                            ],
                                                                            "Plans": [
                                                                                {
                                                                                    "Node Type": "Seq Scan",
                                                                                    "Parent Relationship": "Outer",
                                                                                    "Parallel Aware": false,
                                                                                    "Relation Name": "role_type",
                                                                                    "Schema": "public",
                                                                                    "Alias": "rt",
                                                                                    "Startup Cost": 0.0,
                                                                                    "Total Cost": 1.15,
                                                                                    "Plan Rows": 1,
                                                                                    "Plan Width": 4,
                                                                                    "Actual Startup Time": 0.064,
                                                                                    "Actual Total Time": 0.069,
                                                                                    "Actual Rows": 1,
                                                                                    "Actual Loops": 4,
                                                                                    "Output": [
                                                                                        "rt.id"
                                                                                    ],
                                                                                    "Filter": "((rt.role)::text = 'actress'::text)",
                                                                                    "Rows Removed by Filter": 11,
                                                                                    "Workers": [
                                                                                        {
                                                                                            "Worker Number": 0,
                                                                                            "Actual Startup Time": 0.076,
                                                                                            "Actual Total Time": 0.081,
                                                                                            "Actual Rows": 1,
                                                                                            "Actual Loops": 1
                                                                                        },
                                                                                        {
                                                                                            "Worker Number": 1,
                                                                                            "Actual Startup Time": 0.078,
                                                                                            "Actual Total Time": 0.082,
                                                                                            "Actual Rows": 1,
                                                                                            "Actual Loops": 1
                                                                                        },
                                                                                        {
                                                                                            "Worker Number": 2,
                                                                                            "Actual Startup Time": 0.08,
                                                                                            "Actual Total Time": 0.085,
                                                                                            "Actual Rows": 1,
                                                                                            "Actual Loops": 1
                                                                                        }
                                                                                    ]
                                                                                }
                                                                            ]
                                                                        }
                                                                    ]
                                                                },
                                                                {
                                                                    "Node Type": "Index Scan",
                                                                    "Parent Relationship": "Inner",
                                                                    "Parallel Aware": false,
                                                                    "Scan Direction": "Forward",
                                                                    "Index Name": "movie_id_movie_companies",
                                                                    "Relation Name": "movie_companies",
                                                                    "Schema": "public",
                                                                    "Alias": "mc",
                                                                    "Startup Cost": 0.43,
                                                                    "Total Cost": 0.55,
                                                                    "Plan Rows": 5,
                                                                    "Plan Width": 8,
                                                                    "Actual Startup Time": 0.004,
                                                                    "Actual Total Time": 0.005,
                                                                    "Actual Rows": 2,
                                                                    "Actual Loops": 7370,
                                                                    "Output": [
                                                                        "mc.id",
                                                                        "mc.movie_id",
                                                                        "mc.company_id",
                                                                        "mc.company_type_id",
                                                                        "mc.note"
                                                                    ],
                                                                    "Index Cond": "(mc.movie_id = ci.movie_id)",
                                                                    "Rows Removed by Index Recheck": 0,
                                                                    "Workers": [
                                                                        {
                                                                            "Worker Number": 0,
                                                                            "Actual Startup Time": 0.005,
                                                                            "Actual Total Time": 0.006,
                                                                            "Actual Rows": 2,
                                                                            "Actual Loops": 1952
                                                                        },
                                                                        {
                                                                            "Worker Number": 1,
                                                                            "Actual Startup Time": 0.007,
                                                                            "Actual Total Time": 0.009,
                                                                            "Actual Rows": 3,
                                                                            "Actual Loops": 940
                                                                        },
                                                                        {
                                                                            "Worker Number": 2,
                                                                            "Actual Startup Time": 0.005,
                                                                            "Actual Total Time": 0.006,
                                                                            "Actual Rows": 2,
                                                                            "Actual Loops": 1734
                                                                        }
                                                                    ]
                                                                }
                                                            ]
                                                        },
                                                        {
                                                            "Node Type": "Index Scan",
                                                            "Parent Relationship": "Inner",
                                                            "Parallel Aware": false,
                                                            "Scan Direction": "Forward",
                                                            "Index Name": "company_name_pkey",
                                                            "Relation Name": "company_name",
                                                            "Schema": "public",
                                                            "Alias": "cn",
                                                            "Startup Cost": 0.42,
                                                            "Total Cost": 0.45,
                                                            "Plan Rows": 1,
                                                            "Plan Width": 4,
                                                            "Actual Startup Time": 0.004,
                                                            "Actual Total Time": 0.004,
                                                            "Actual Rows": 1,
                                                            "Actual Loops": 11462,
                                                            "Output": [
                                                                "cn.id",
                                                                "cn.name",
                                                                "cn.country_code",
                                                                "cn.imdb_id",
                                                                "cn.name_pcode_nf",
                                                                "cn.name_pcode_sf",
                                                                "cn.md5sum"
                                                            ],
                                                            "Index Cond": "(cn.id = mc.company_id)",
                                                            "Rows Removed by Index Recheck": 0,
                                                            "Filter": "((cn.country_code)::text = '[us]'::text)",
                                                            "Rows Removed by Filter": 0,
                                                            "Workers": [
                                                                {
                                                                    "Worker Number": 0,
                                                                    "Actual Startup Time": 0.003,
                                                                    "Actual Total Time": 0.003,
                                                                    "Actual Rows": 1,
                                                                    "Actual Loops": 3973
                                                                },
                                                                {
                                                                    "Worker Number": 1,
                                                                    "Actual Startup Time": 0.004,
                                                                    "Actual Total Time": 0.004,
                                                                    "Actual Rows": 1,
                                                                    "Actual Loops": 2434
                                                                },
                                                                {
                                                                    "Worker Number": 2,
                                                                    "Actual Startup Time": 0.003,
                                                                    "Actual Total Time": 0.003,
                                                                    "Actual Rows": 0,
                                                                    "Actual Loops": 3046
                                                                }
                                                            ]
                                                        }
                                                    ]
                                                },
                                                {
                                                    "Node Type": "Index Scan",
                                                    "Parent Relationship": "Inner",
                                                    "Parallel Aware": false,
                                                    "Scan Direction": "Forward",
                                                    "Index Name": "char_name_pkey",
                                                    "Relation Name": "char_name",
                                                    "Schema": "public",
                                                    "Alias": "chn",
                                                    "Startup Cost": 0.43,
                                                    "Total Cost": 0.5,
                                                    "Plan Rows": 1,
                                                    "Plan Width": 20,
                                                    "Actual Startup Time": 0.004,
                                                    "Actual Total Time": 0.004,
                                                    "Actual Rows": 1,
                                                    "Actual Loops": 6014,
                                                    "Output": [
                                                        "chn.id",
                                                        "chn.name",
                                                        "chn.imdb_index",
                                                        "chn.imdb_id",
                                                        "chn.name_pcode_nf",
                                                        "chn.surname_pcode",
                                                        "chn.md5sum"
                                                    ],
                                                    "Index Cond": "(chn.id = ci.person_role_id)",
                                                    "Rows Removed by Index Recheck": 0,
                                                    "Workers": [
                                                        {
                                                            "Worker Number": 0,
                                                            "Actual Startup Time": 0.003,
                                                            "Actual Total Time": 0.003,
                                                            "Actual Rows": 1,
                                                            "Actual Loops": 2242
                                                        },
                                                        {
                                                            "Worker Number": 1,
                                                            "Actual Startup Time": 0.004,
                                                            "Actual Total Time": 0.004,
                                                            "Actual Rows": 1,
                                                            "Actual Loops": 1261
                                                        },
                                                        {
                                                            "Worker Number": 2,
                                                            "Actual Startup Time": 0.004,
                                                            "Actual Total Time": 0.004,
                                                            "Actual Rows": 1,
                                                            "Actual Loops": 1373
                                                        }
                                                    ]
                                                }
                                            ]
                                        },
                                        {
                                            "Node Type": "Index Scan",
                                            "Parent Relationship": "Inner",
                                            "Parallel Aware": false,
                                            "Scan Direction": "Forward",
                                            "Index Name": "title_pkey",
                                            "Relation Name": "title",
                                            "Schema": "public",
                                            "Alias": "t",
                                            "Startup Cost": 0.43,
                                            "Total Cost": 0.5,
                                            "Plan Rows": 1,
                                            "Plan Width": 21,
                                            "Actual Startup Time": 0.005,
                                            "Actual Total Time": 0.005,
                                            "Actual Rows": 1,
                                            "Actual Loops": 5482,
                                            "Output": [
                                                "t.id",
                                                "t.title",
                                                "t.imdb_index",
                                                "t.kind_id",
                                                "t.production_year",
                                                "t.imdb_id",
                                                "t.phonetic_code",
                                                "t.episode_of_id",
                                                "t.season_nr",
                                                "t.episode_nr",
                                                "t.series_years",
                                                "t.md5sum"
                                            ],
                                            "Index Cond": "(t.id = ci.movie_id)",
                                            "Rows Removed by Index Recheck": 0,
                                            "Workers": [
                                                {
                                                    "Worker Number": 0,
                                                    "Actual Startup Time": 0.004,
                                                    "Actual Total Time": 0.004,
                                                    "Actual Rows": 1,
                                                    "Actual Loops": 2051
                                                },
                                                {
                                                    "Worker Number": 1,
                                                    "Actual Startup Time": 0.006,
                                                    "Actual Total Time": 0.006,
                                                    "Actual Rows": 1,
                                                    "Actual Loops": 1131
                                                },
                                                {
                                                    "Worker Number": 2,
                                                    "Actual Startup Time": 0.005,
                                                    "Actual Total Time": 0.005,
                                                    "Actual Rows": 1,
                                                    "Actual Loops": 1262
                                                }
                                            ]
                                        }
                                    ]
                                }
                            ]
                        }
                    ]
                }
            ]
        },
        "Planning Time": 2082.285,
        "Triggers": [],
        "Execution Time": 476.354
    }
]