[
    {
        "Bao": {
            "Bao prediction": 469.89,
            "Bao recommended hint": "SET enable_mergejoin TO off; SET enable_indexscan TO off; "
        }
    },
    {
        "Plan": {
            "Node Type": "Aggregate",
            "Strategy": "Plain",
            "Partial Mode": "Finalize",
            "Parallel Aware": false,
            "Startup Cost": 347405.48,
            "Total Cost": 347405.49,
            "Plan Rows": 1,
            "Plan Width": 8,
            "Actual Startup Time": 887.689,
            "Actual Total Time": 919.203,
            "Actual Rows": 1,
            "Actual Loops": 1,
            "Output": [
                "count(*)"
            ],
            "Plans": [
                {
                    "Node Type": "Gather",
                    "Parent Relationship": "Outer",
                    "Parallel Aware": false,
                    "Startup Cost": 347404.85,
                    "Total Cost": 347405.46,
                    "Plan Rows": 6,
                    "Plan Width": 8,
                    "Actual Startup Time": 887.581,
                    "Actual Total Time": 919.194,
                    "Actual Rows": 7,
                    "Actual Loops": 1,
                    "Output": [
                        "(PARTIAL count(*))"
                    ],
                    "Workers Planned": 6,
                    "Workers Launched": 6,
                    "Single Copy": false,
                    "Plans": [
                        {
                            "Node Type": "Aggregate",
                            "Strategy": "Plain",
                            "Partial Mode": "Partial",
                            "Parent Relationship": "Outer",
                            "Parallel Aware": false,
                            "Startup Cost": 346404.85,
                            "Total Cost": 346404.86,
                            "Plan Rows": 1,
                            "Plan Width": 8,
                            "Actual Startup Time": 878.095,
                            "Actual Total Time": 878.096,
                            "Actual Rows": 1,
                            "Actual Loops": 7,
                            "Output": [
                                "PARTIAL count(*)"
                            ],
                            "Workers": [
                                {
                                    "Worker Number": 0,
                                    "Actual Startup Time": 876.498,
                                    "Actual Total Time": 876.499,
                                    "Actual Rows": 1,
                                    "Actual Loops": 1
                                },
                                {
                                    "Worker Number": 1,
                                    "Actual Startup Time": 876.52,
                                    "Actual Total Time": 876.521,
                                    "Actual Rows": 1,
                                    "Actual Loops": 1
                                },
                                {
                                    "Worker Number": 2,
                                    "Actual Startup Time": 876.501,
                                    "Actual Total Time": 876.502,
                                    "Actual Rows": 1,
                                    "Actual Loops": 1
                                },
                                {
                                    "Worker Number": 3,
                                    "Actual Startup Time": 876.502,
                                    "Actual Total Time": 876.503,
                                    "Actual Rows": 1,
                                    "Actual Loops": 1
                                },
                                {
                                    "Worker Number": 4,
                                    "Actual Startup Time": 876.901,
                                    "Actual Total Time": 876.902,
                                    "Actual Rows": 1,
                                    "Actual Loops": 1
                                },
                                {
                                    "Worker Number": 5,
                                    "Actual Startup Time": 876.947,
                                    "Actual Total Time": 876.948,
                                    "Actual Rows": 1,
                                    "Actual Loops": 1
                                }
                            ],
                            "Plans": [
                                {
                                    "Node Type": "Seq Scan",
                                    "Parent Relationship": "Outer",
                                    "Parallel Aware": true,
                                    "Relation Name": "cast_info",
                                    "Schema": "public",
                                    "Alias": "ci",
                                    "Startup Cost": 0.0,
                                    "Total Cost": 343318.94,
                                    "Plan Rows": 1234366,
                                    "Plan Width": 0,
                                    "Actual Startup Time": 277.77,
                                    "Actual Total Time": 808.603,
                                    "Actual Rows": 1064553,
                                    "Actual Loops": 7,
                                    "Output": [
                                        "id",
                                        "person_id",
                                        "movie_id",
                                        "person_role_id",
                                        "note",
                                        "nr_order",
                                        "role_id"
                                    ],
                                    "Filter": "((ci.person_id > 39918) AND (ci.role_id = 2))",
                                    "Rows Removed by Filter": 4113210,
                                    "Workers": [
                                        {
                                            "Worker Number": 0,
                                            "Actual Startup Time": 276.159,
                                            "Actual Total Time": 807.6,
                                            "Actual Rows": 1045844,
                                            "Actual Loops": 1
                                        },
                                        {
                                            "Worker Number": 1,
                                            "Actual Startup Time": 276.201,
                                            "Actual Total Time": 807.75,
                                            "Actual Rows": 1036110,
                                            "Actual Loops": 1
                                        },
                                        {
                                            "Worker Number": 2,
                                            "Actual Startup Time": 276.177,
                                            "Actual Total Time": 808.185,
                                            "Actual Rows": 1011499,
                                            "Actual Loops": 1
                                        },
                                        {
                                            "Worker Number": 3,
                                            "Actual Startup Time": 276.181,
                                            "Actual Total Time": 807.619,
                                            "Actual Rows": 1042118,
                                            "Actual Loops": 1
                                        },
                                        {
                                            "Worker Number": 4,
                                            "Actual Startup Time": 276.583,
                                            "Actual Total Time": 807.875,
                                            "Actual Rows": 1049132,
                                            "Actual Loops": 1
                                        },
                                        {
                                            "Worker Number": 5,
                                            "Actual Startup Time": 276.624,
                                            "Actual Total Time": 809.07,
                                            "Actual Rows": 1032104,
                                            "Actual Loops": 1
                                        }
                                    ]
                                }
                            ]
                        }
                    ]
                }
            ]
        },
        "Planning Time": 3072.153,
        "Triggers": [],
        "Execution Time": 919.327
    }
]