{
  "Plan": {
    "Node Type": "Aggregate",
    "Strategy": "Plain",
    "Partial Mode": "Finalize",
    "Parallel Aware": false,
    "Startup Cost": 501804.76,
    "Total Cost": 501804.77,
    "Plan Rows": 1,
    "Plan Width": 8,
    "Actual Startup Time": 3849.714,
    "Actual Total Time": 3888.239,
    "Actual Rows": 1,
    "Actual Loops": 1,
    "Plans": [
      {
        "Node Type": "Gather",
        "Parent Relationship": "Outer",
        "Parallel Aware": false,
        "Startup Cost": 501804.64,
        "Total Cost": 501804.75,
        "Plan Rows": 1,
        "Plan Width": 8,
        "Actual Startup Time": 3845.171,
        "Actual Total Time": 3888.23,
        "Actual Rows": 2,
        "Actual Loops": 1,
        "Workers Planned": 1,
        "Workers Launched": 1,
        "Single Copy": false,
        "Plans": [
          {
            "Node Type": "Aggregate",
            "Strategy": "Plain",
            "Partial Mode": "Partial",
            "Parent Relationship": "Outer",
            "Parallel Aware": false,
            "Startup Cost": 500804.64,
            "Total Cost": 500804.65,
            "Plan Rows": 1,
            "Plan Width": 8,
            "Actual Startup Time": 3838.996,
            "Actual Total Time": 3839.0,
            "Actual Rows": 1,
            "Actual Loops": 2,
            "Plans": [
              {
                "Node Type": "Hash Join",
                "Parent Relationship": "Outer",
                "Parallel Aware": true,
                "Join Type": "Inner",
                "Startup Cost": 68672.85,
                "Total Cost": 487747.24,
                "Plan Rows": 5222963,
                "Plan Width": 0,
                "Actual Startup Time": 531.952,
                "Actual Total Time": 3664.049,
                "Actual Rows": 4196550,
                "Actual Loops": 2,
                "Inner Unique": true,
                "Hash Cond": "(ci.movie_id = t.id)",
                "Plans": [
                  {
                    "Node Type": "Index Scan",
                    "Parent Relationship": "Outer",
                    "Parallel Aware": true,
                    "Scan Direction": "Forward",
                    "Index Name": "role_id_cast_info",
                    "Relation Name": "cast_info",
                    "Alias": "ci",
                    "Startup Cost": 0.56,
                    "Total Cost": 400977.7,
                    "Plan Rows": 6894176,
                    "Plan Width": 4,
                    "Actual Startup Time": 93.314,
                    "Actual Total Time": 991.937,
                    "Actual Rows": 5555439,
                    "Actual Loops": 2,
                    "Index Cond": "(role_id < 2)",
                    "Rows Removed by Index Recheck": 0,
                    "Filter": "(person_id > 214060)",
                    "Rows Removed by Filter": 779905
                  },
                  {
                    "Node Type": "Hash",
                    "Parent Relationship": "Inner",
                    "Parallel Aware": true,
                    "Startup Cost": 54588.39,
                    "Total Cost": 54588.39,
                    "Plan Rows": 1126712,
                    "Plan Width": 4,
                    "Actual Startup Time": 426.129,
                    "Actual Total Time": 426.13,
                    "Actual Rows": 951629,
                    "Actual Loops": 2,
                    "Hash Buckets": 2097152,
                    "Original Hash Buckets": 2097152,
                    "Hash Batches": 1,
                    "Original Hash Batches": 1,
                    "Peak Memory Usage": 90848,
                    "Plans": [
                      {
                        "Node Type": "Seq Scan",
                        "Parent Relationship": "Outer",
                        "Parallel Aware": true,
                        "Relation Name": "title",
                        "Alias": "t",
                        "Startup Cost": 0.0,
                        "Total Cost": 54588.39,
                        "Plan Rows": 1126712,
                        "Plan Width": 4,
                        "Actual Startup Time": 0.029,
                        "Actual Total Time": 175.745,
                        "Actual Rows": 951629,
                        "Actual Loops": 2,
                        "Filter": "(production_year > 1982)",
                        "Rows Removed by Filter": 312527
                      }
                    ]
                  }
                ]
              }
            ]
          }
        ]
      }
    ]
  },
  "Planning Time": 0.658,
  "Triggers": [],
  "Execution Time": 3888.31
}