[
  {
    "Plan": {
      "Node Type": "Aggregate",
      "Strategy": "Plain",
      "Partial Mode": "Simple",
      "Parallel Aware": false,
      "Startup Cost": 3384.52,
      "Total Cost": 3384.53,
      "Plan Rows": 1,
      "Plan Width": 8,
      "Actual Startup Time": 19.013,
      "Actual Total Time": 19.016,
      "Actual Rows": 1,
      "Actual Loops": 1,
      "Plans": [
        {
          "Node Type": "Nested Loop",
          "Parent Relationship": "Outer",
          "Parallel Aware": false,
          "Join Type": "Inner",
          "Startup Cost": 7.36,
          "Total Cost": 3381.24,
          "Plan Rows": 1310,
          "Plan Width": 0,
          "Actual Startup Time": 0.519,
          "Actual Total Time": 18.805,
          "Actual Rows": 1780,
          "Actual Loops": 1,
          "Inner Unique": false,
          "Plans": [
            {
              "Node Type": "Nested Loop",
              "Parent Relationship": "Outer",
              "Parallel Aware": false,
              "Join Type": "Inner",
              "Startup Cost": 6.79,
              "Total Cost": 3019.22,
              "Plan Rows": 141,
              "Plan Width": 8,
              "Actual Startup Time": 0.457,
              "Actual Total Time": 10.243,
              "Actual Rows": 91,
              "Actual Loops": 1,
              "Inner Unique": true,
              "Plans": [
                {
                  "Node Type": "Bitmap Heap Scan",
                  "Parent Relationship": "Outer",
                  "Parallel Aware": false,
                  "Relation Name": "movie_keyword",
                  "Alias": "mk",
                  "Startup Cost": 6.36,
                  "Total Cost": 926.55,
                  "Plan Rows": 249,
                  "Plan Width": 4,
                  "Actual Startup Time": 0.384,
                  "Actual Total Time": 2.778,
                  "Actual Rows": 974,
                  "Actual Loops": 1,
                  "Recheck Cond": "(keyword_id = 662)",
                  "Rows Removed by Index Recheck": 0,
                  "Exact Heap Blocks": 812,
                  "Lossy Heap Blocks": 0,
                  "Plans": [
                    {
                      "Node Type": "Bitmap Index Scan",
                      "Parent Relationship": "Outer",
                      "Parallel Aware": false,
                      "Index Name": "keyword_id_movie_keyword",
                      "Startup Cost": 0.0,
                      "Total Cost": 6.3,
                      "Plan Rows": 249,
                      "Plan Width": 0,
                      "Actual Startup Time": 0.263,
                      "Actual Total Time": 0.263,
                      "Actual Rows": 974,
                      "Actual Loops": 1,
                      "Index Cond": "(keyword_id = 662)"
                    }
                  ]
                },
                {
                  "Node Type": "Index Scan",
                  "Parent Relationship": "Inner",
                  "Parallel Aware": false,
                  "Scan Direction": "Forward",
                  "Index Name": "title_pkey",
                  "Relation Name": "title",
                  "Alias": "t",
                  "Startup Cost": 0.43,
                  "Total Cost": 8.4,
                  "Plan Rows": 1,
                  "Plan Width": 4,
                  "Actual Startup Time": 0.007,
                  "Actual Total Time": 0.007,
                  "Actual Rows": 0,
                  "Actual Loops": 974,
                  "Index Cond": "(id = mk.movie_id)",
                  "Rows Removed by Index Recheck": 0,
                  "Filter": "((production_year > 1933) AND (kind_id = 7))",
                  "Rows Removed by Filter": 1
                }
              ]
            },
            {
              "Node Type": "Index Scan",
              "Parent Relationship": "Inner",
              "Parallel Aware": false,
              "Scan Direction": "Forward",
              "Index Name": "movie_id_cast_info",
              "Relation Name": "cast_info",
              "Alias": "ci",
              "Startup Cost": 0.56,
              "Total Cost": 2.34,
              "Plan Rows": 23,
              "Plan Width": 4,
              "Actual Startup Time": 0.032,
              "Actual Total Time": 0.091,
              "Actual Rows": 20,
              "Actual Loops": 91,
              "Index Cond": "(movie_id = t.id)",
              "Rows Removed by Index Recheck": 0,
              "Filter": "(role_id > 1)",
              "Rows Removed by Filter": 7
            }
          ]
        }
      ]
    },
    "Planning Time": 0.727,
    "Triggers": [],
    "Execution Time": 19.079
  }
]