[
  {
    "Plan": {
      "Node Type": "Aggregate",
      "Strategy": "Plain",
      "Partial Mode": "Finalize",
      "Parallel Aware": false,
      "Startup Cost": 64062.57,
      "Total Cost": 64062.58,
      "Plan Rows": 1,
      "Plan Width": 8,
      "Actual Startup Time": 84.467,
      "Actual Total Time": 91.531,
      "Actual Rows": 1,
      "Actual Loops": 1,
      "Plans": [
        {
          "Node Type": "Gather",
          "Parent Relationship": "Outer",
          "Parallel Aware": false,
          "Startup Cost": 64062.25,
          "Total Cost": 64062.56,
          "Plan Rows": 3,
          "Plan Width": 8,
          "Actual Startup Time": 82.519,
          "Actual Total Time": 91.525,
          "Actual Rows": 4,
          "Actual Loops": 1,
          "Workers Planned": 3,
          "Workers Launched": 3,
          "Single Copy": false,
          "Plans": [
            {
              "Node Type": "Aggregate",
              "Strategy": "Plain",
              "Partial Mode": "Partial",
              "Parent Relationship": "Outer",
              "Parallel Aware": false,
              "Startup Cost": 63062.25,
              "Total Cost": 63062.26,
              "Plan Rows": 1,
              "Plan Width": 8,
              "Actual Startup Time": 79.899,
              "Actual Total Time": 79.901,
              "Actual Rows": 1,
              "Actual Loops": 4,
              "Plans": [
                {
                  "Node Type": "Nested Loop",
                  "Parent Relationship": "Outer",
                  "Parallel Aware": false,
                  "Join Type": "Inner",
                  "Startup Cost": 208.97,
                  "Total Cost": 63055.84,
                  "Plan Rows": 2567,
                  "Plan Width": 0,
                  "Actual Startup Time": 0.491,
                  "Actual Total Time": 74.762,
                  "Actual Rows": 102360,
                  "Actual Loops": 4,
                  "Inner Unique": false,
                  "Plans": [
                    {
                      "Node Type": "Nested Loop",
                      "Parent Relationship": "Outer",
                      "Parallel Aware": false,
                      "Join Type": "Inner",
                      "Startup Cost": 208.53,
                      "Total Cost": 58680.43,
                      "Plan Rows": 2550,
                      "Plan Width": 8,
                      "Actual Startup Time": 0.423,
                      "Actual Total Time": 19.418,
                      "Actual Rows": 3337,
                      "Actual Loops": 4,
                      "Inner Unique": true,
                      "Plans": [
                        {
                          "Node Type": "Bitmap Heap Scan",
                          "Parent Relationship": "Outer",
                          "Parallel Aware": true,
                          "Relation Name": "movie_info",
                          "Alias": "mi",
                          "Startup Cost": 208.1,
                          "Total Cost": 35459.22,
                          "Plan Rows": 3649,
                          "Plan Width": 4,
                          "Actual Startup Time": 0.356,
                          "Actual Total Time": 1.009,
                          "Actual Rows": 3424,
                          "Actual Loops": 4,
                          "Recheck Cond": "(info_type_id = 97)",
                          "Rows Removed by Index Recheck": 0,
                          "Exact Heap Blocks": 63,
                          "Lossy Heap Blocks": 0,
                          "Plans": [
                            {
                              "Node Type": "Bitmap Index Scan",
                              "Parent Relationship": "Outer",
                              "Parallel Aware": false,
                              "Index Name": "info_type_id_movie_info",
                              "Startup Cost": 0.0,
                              "Total Cost": 205.28,
                              "Plan Rows": 11312,
                              "Plan Width": 0,
                              "Actual Startup Time": 1.224,
                              "Actual Total Time": 1.224,
                              "Actual Rows": 13698,
                              "Actual Loops": 1,
                              "Index Cond": "(info_type_id = 97)"
                            }
                          ]
                        },
                        {
                          "Node Type": "Index Scan",
                          "Parent Relationship": "Inner",
                          "Parallel Aware": false,
                          "Scan Direction": "Forward",
                          "Index Name": "title_pkey",
                          "Relation Name": "title",
                          "Alias": "t",
                          "Startup Cost": 0.43,
                          "Total Cost": 6.36,
                          "Plan Rows": 1,
                          "Plan Width": 4,
                          "Actual Startup Time": 0.005,
                          "Actual Total Time": 0.005,
                          "Actual Rows": 1,
                          "Actual Loops": 13698,
                          "Index Cond": "(id = mi.movie_id)",
                          "Rows Removed by Index Recheck": 0,
                          "Filter": "(production_year > 1989)",
                          "Rows Removed by Filter": 0
                        }
                      ]
                    },
                    {
                      "Node Type": "Index Scan",
                      "Parent Relationship": "Inner",
                      "Parallel Aware": false,
                      "Scan Direction": "Forward",
                      "Index Name": "movie_id_movie_keyword",
                      "Relation Name": "movie_keyword",
                      "Alias": "mk",
                      "Startup Cost": 0.43,
                      "Total Cost": 1.46,
                      "Plan Rows": 26,
                      "Plan Width": 4,
                      "Actual Startup Time": 0.007,
                      "Actual Total Time": 0.014,
                      "Actual Rows": 31,
                      "Actual Loops": 13348,
                      "Index Cond": "(movie_id = t.id)",
                      "Rows Removed by Index Recheck": 0,
                      "Filter": "(keyword_id < 6507)",
                      "Rows Removed by Filter": 24
                    }
                  ]
                }
              ]
            }
          ]
        }
      ]
    },
    "Planning Time": 0.609,
    "Triggers": [],
    "Execution Time": 91.579
  }
]