[
  {
    "Plan": {
      "Node Type": "Aggregate",
      "Strategy": "Plain",
      "Partial Mode": "Simple",
      "Parallel Aware": false,
      "Startup Cost": 21452.2,
      "Total Cost": 21452.21,
      "Plan Rows": 1,
      "Plan Width": 8,
      "Actual Startup Time": 21.074,
      "Actual Total Time": 21.075,
      "Actual Rows": 1,
      "Actual Loops": 1,
      "Plans": [
        {
          "Node Type": "Bitmap Heap Scan",
          "Parent Relationship": "Outer",
          "Parallel Aware": false,
          "Relation Name": "movie_companies",
          "Alias": "mc",
          "Startup Cost": 1517.05,
          "Total Cost": 21362.32,
          "Plan Rows": 35954,
          "Plan Width": 0,
          "Actual Startup Time": 3.135,
          "Actual Total Time": 17.899,
          "Actual Rows": 69722,
          "Actual Loops": 1,
          "Recheck Cond": "(company_id > 176994)",
          "Rows Removed by Index Recheck": 0,
          "Filter": "(company_type_id > 1)",
          "Rows Removed by Filter": 0,
          "Exact Heap Blocks": 2403,
          "Lossy Heap Blocks": 0,
          "Plans": [
            {
              "Node Type": "Bitmap Index Scan",
              "Parent Relationship": "Outer",
              "Parallel Aware": false,
              "Index Name": "company_id_movie_companies",
              "Startup Cost": 0.0,
              "Total Cost": 1508.06,
              "Plan Rows": 70351,
              "Plan Width": 0,
              "Actual Startup Time": 2.818,
              "Actual Total Time": 2.818,
              "Actual Rows": 69722,
              "Actual Loops": 1,
              "Index Cond": "(company_id > 176994)"
            }
          ]
        }
      ]
    },
    "Planning Time": 0.078,
    "Triggers": [],
    "Execution Time": 21.099
  }
]