[
  {
    "Plan": {
      "Node Type": "Aggregate",
      "Strategy": "Plain",
      "Partial Mode": "Finalize",
      "Parallel Aware": false,
      "Startup Cost": 79614.71,
      "Total Cost": 79614.72,
      "Plan Rows": 1,
      "Plan Width": 8,
      "Actual Startup Time": 254.646,
      "Actual Total Time": 269.416,
      "Actual Rows": 1,
      "Actual Loops": 1,
      "Plans": [
        {
          "Node Type": "Gather",
          "Parent Relationship": "Outer",
          "Parallel Aware": false,
          "Startup Cost": 79614.29,
          "Total Cost": 79614.7,
          "Plan Rows": 4,
          "Plan Width": 8,
          "Actual Startup Time": 251.45,
          "Actual Total Time": 269.405,
          "Actual Rows": 5,
          "Actual Loops": 1,
          "Workers Planned": 4,
          "Workers Launched": 4,
          "Single Copy": false,
          "Plans": [
            {
              "Node Type": "Aggregate",
              "Strategy": "Plain",
              "Partial Mode": "Partial",
              "Parent Relationship": "Outer",
              "Parallel Aware": false,
              "Startup Cost": 78614.29,
              "Total Cost": 78614.3,
              "Plan Rows": 1,
              "Plan Width": 8,
              "Actual Startup Time": 241.628,
              "Actual Total Time": 241.632,
              "Actual Rows": 1,
              "Actual Loops": 5,
              "Plans": [
                {
                  "Node Type": "Hash Join",
                  "Parent Relationship": "Outer",
                  "Parallel Aware": true,
                  "Join Type": "Inner",
                  "Startup Cost": 30980.67,
                  "Total Cost": 78465.7,
                  "Plan Rows": 59436,
                  "Plan Width": 0,
                  "Actual Startup Time": 98.027,
                  "Actual Total Time": 239.347,
                  "Actual Rows": 50308,
                  "Actual Loops": 5,
                  "Inner Unique": false,
                  "Hash Cond": "(t.id = mc.movie_id)",
                  "Plans": [
                    {
                      "Node Type": "Seq Scan",
                      "Parent Relationship": "Outer",
                      "Parallel Aware": true,
                      "Relation Name": "title",
                      "Alias": "t",
                      "Startup Cost": 0.0,
                      "Total Cost": 45479.1,
                      "Plan Rows": 362840,
                      "Plan Width": 4,
                      "Actual Startup Time": 0.013,
                      "Actual Total Time": 77.245,
                      "Actual Rows": 287637,
                      "Actual Loops": 5,
                      "Filter": "((production_year < 2013) AND (kind_id = 7))",
                      "Rows Removed by Filter": 218026
                    },
                    {
                      "Node Type": "Hash",
                      "Parent Relationship": "Inner",
                      "Parallel Aware": true,
                      "Startup Cost": 29310.68,
                      "Total Cost": 29310.68,
                      "Plan Rows": 133599,
                      "Plan Width": 4,
                      "Actual Startup Time": 94.746,
                      "Actual Total Time": 94.747,
                      "Actual Rows": 82473,
                      "Actual Loops": 5,
                      "Hash Buckets": 524288,
                      "Original Hash Buckets": 524288,
                      "Hash Batches": 1,
                      "Original Hash Batches": 1,
                      "Peak Memory Usage": 20288,
                      "Plans": [
                        {
                          "Node Type": "Seq Scan",
                          "Parent Relationship": "Outer",
                          "Parallel Aware": true,
                          "Relation Name": "movie_companies",
                          "Alias": "mc",
                          "Startup Cost": 0.0,
                          "Total Cost": 29310.68,
                          "Plan Rows": 133599,
                          "Plan Width": 4,
                          "Actual Startup Time": 0.05,
                          "Actual Total Time": 60.757,
                          "Actual Rows": 82473,
                          "Actual Loops": 5,
                          "Filter": "(company_id < 272)",
                          "Rows Removed by Filter": 439353
                        }
                      ]
                    }
                  ]
                }
              ]
            }
          ]
        }
      ]
    },
    "Planning Time": 0.599,
    "Triggers": [],
    "Execution Time": 269.483
  }
]