{
  "Plan": {
    "Node Type": "Aggregate",
    "Strategy": "Plain",
    "Partial Mode": "Finalize",
    "Parallel Aware": false,
    "Startup Cost": 349465.22,
    "Total Cost": 349465.23,
    "Plan Rows": 1,
    "Plan Width": 8,
    "Actual Startup Time": 2508.089,
    "Actual Total Time": 2558.879,
    "Actual Rows": 1,
    "Actual Loops": 1,
    "Plans": [
      {
        "Node Type": "Gather",
        "Parent Relationship": "Outer",
        "Parallel Aware": false,
        "Startup Cost": 349465.11,
        "Total Cost": 349465.22,
        "Plan Rows": 1,
        "Plan Width": 8,
        "Actual Startup Time": 2504.604,
        "Actual Total Time": 2558.869,
        "Actual Rows": 2,
        "Actual Loops": 1,
        "Workers Planned": 1,
        "Workers Launched": 1,
        "Single Copy": false,
        "Plans": [
          {
            "Node Type": "Aggregate",
            "Strategy": "Plain",
            "Partial Mode": "Partial",
            "Parent Relationship": "Outer",
            "Parallel Aware": false,
            "Startup Cost": 348465.11,
            "Total Cost": 348465.12,
            "Plan Rows": 1,
            "Plan Width": 8,
            "Actual Startup Time": 2497.285,
            "Actual Total Time": 2497.288,
            "Actual Rows": 1,
            "Actual Loops": 2,
            "Plans": [
              {
                "Node Type": "Hash Join",
                "Parent Relationship": "Outer",
                "Parallel Aware": true,
                "Join Type": "Inner",
                "Startup Cost": 66776.39,
                "Total Cost": 338559.88,
                "Plan Rows": 3962090,
                "Plan Width": 0,
                "Actual Startup Time": 336.717,
                "Actual Total Time": 2437.447,
                "Actual Rows": 1491518,
                "Actual Loops": 2,
                "Inner Unique": true,
                "Hash Cond": "(mi.movie_id = t.id)",
                "Plans": [
                  {
                    "Node Type": "Seq Scan",
                    "Parent Relationship": "Outer",
                    "Parallel Aware": true,
                    "Relation Name": "movie_info",
                    "Alias": "mi",
                    "Startup Cost": 0.0,
                    "Total Cost": 248955.74,
                    "Plan Rows": 8696274,
                    "Plan Width": 4,
                    "Actual Startup Time": 0.01,
                    "Actual Total Time": 621.5,
                    "Actual Rows": 7417860,
                    "Actual Loops": 2
                  },
                  {
                    "Node Type": "Hash",
                    "Parent Relationship": "Inner",
                    "Parallel Aware": true,
                    "Startup Cost": 58306.47,
                    "Total Cost": 58306.47,
                    "Plan Rows": 677594,
                    "Plan Width": 4,
                    "Actual Startup Time": 322.253,
                    "Actual Total Time": 322.254,
                    "Actual Rows": 622778,
                    "Actual Loops": 2,
                    "Hash Buckets": 2097152,
                    "Original Hash Buckets": 2097152,
                    "Hash Batches": 1,
                    "Original Hash Batches": 1,
                    "Peak Memory Usage": 65152,
                    "Plans": [
                      {
                        "Node Type": "Seq Scan",
                        "Parent Relationship": "Outer",
                        "Parallel Aware": true,
                        "Relation Name": "title",
                        "Alias": "t",
                        "Startup Cost": 0.0,
                        "Total Cost": 58306.47,
                        "Plan Rows": 677594,
                        "Plan Width": 4,
                        "Actual Startup Time": 0.03,
                        "Actual Total Time": 161.785,
                        "Actual Rows": 622778,
                        "Actual Loops": 2,
                        "Filter": "((kind_id > 4) AND (production_year > 1984))",
                        "Rows Removed by Filter": 641378
                      }
                    ]
                  }
                ]
              }
            ]
          }
        ]
      }
    ]
  },
  "Planning Time": 0.593,
  "Triggers": [],
  "Execution Time": 2558.952
}