[
  {
    "Plan": {
      "Node Type": "Aggregate",
      "Strategy": "Plain",
      "Partial Mode": "Simple",
      "Parallel Aware": false,
      "Startup Cost": 26207.35,
      "Total Cost": 26207.36,
      "Plan Rows": 1,
      "Plan Width": 8,
      "Actual Startup Time": 18.57,
      "Actual Total Time": 18.571,
      "Actual Rows": 1,
      "Actual Loops": 1,
      "Plans": [
        {
          "Node Type": "Bitmap Heap Scan",
          "Parent Relationship": "Outer",
          "Parallel Aware": false,
          "Relation Name": "title",
          "Alias": "t",
          "Startup Cost": 236.08,
          "Total Cost": 26184.28,
          "Plan Rows": 9227,
          "Plan Width": 0,
          "Actual Startup Time": 3.241,
          "Actual Total Time": 17.826,
          "Actual Rows": 10624,
          "Actual Loops": 1,
          "Recheck Cond": "(kind_id = 6)",
          "Rows Removed by Index Recheck": 0,
          "Filter": "(production_year < 2009)",
          "Rows Removed by Filter": 1976,
          "Exact Heap Blocks": 7903,
          "Lossy Heap Blocks": 0,
          "Plans": [
            {
              "Node Type": "Bitmap Index Scan",
              "Parent Relationship": "Outer",
              "Parallel Aware": false,
              "Index Name": "kind_id_title",
              "Startup Cost": 0.0,
              "Total Cost": 233.77,
              "Plan Rows": 12979,
              "Plan Width": 0,
              "Actual Startup Time": 1.766,
              "Actual Total Time": 1.766,
              "Actual Rows": 12600,
              "Actual Loops": 1,
              "Index Cond": "(kind_id = 6)"
            }
          ]
        }
      ]
    },
    "Planning Time": 0.092,
    "Triggers": [],
    "Execution Time": 18.601
  }
]