[
  {
    "Plan": {
      "Node Type": "Aggregate",
      "Strategy": "Plain",
      "Partial Mode": "Finalize",
      "Parallel Aware": false,
      "Startup Cost": 45293.21,
      "Total Cost": 45293.22,
      "Plan Rows": 1,
      "Plan Width": 8,
      "Actual Startup Time": 153.344,
      "Actual Total Time": 160.434,
      "Actual Rows": 1,
      "Actual Loops": 1,
      "Plans": [
        {
          "Node Type": "Gather",
          "Parent Relationship": "Outer",
          "Parallel Aware": false,
          "Startup Cost": 45292.89,
          "Total Cost": 45293.2,
          "Plan Rows": 3,
          "Plan Width": 8,
          "Actual Startup Time": 153.22,
          "Actual Total Time": 160.428,
          "Actual Rows": 4,
          "Actual Loops": 1,
          "Workers Planned": 3,
          "Workers Launched": 3,
          "Single Copy": false,
          "Plans": [
            {
              "Node Type": "Aggregate",
              "Strategy": "Plain",
              "Partial Mode": "Partial",
              "Parent Relationship": "Outer",
              "Parallel Aware": false,
              "Startup Cost": 44292.89,
              "Total Cost": 44292.9,
              "Plan Rows": 1,
              "Plan Width": 8,
              "Actual Startup Time": 145.054,
              "Actual Total Time": 145.055,
              "Actual Rows": 1,
              "Actual Loops": 4,
              "Plans": [
                {
                  "Node Type": "Seq Scan",
                  "Parent Relationship": "Outer",
                  "Parallel Aware": true,
                  "Relation Name": "movie_keyword",
                  "Alias": "mk",
                  "Startup Cost": 0.0,
                  "Total Cost": 42695.65,
                  "Plan Rows": 638895,
                  "Plan Width": 0,
                  "Actual Startup Time": 0.052,
                  "Actual Total Time": 118.677,
                  "Actual Rows": 495998,
                  "Actual Loops": 4,
                  "Filter": "(keyword_id < 3510)",
                  "Rows Removed by Filter": 634984
                }
              ]
            }
          ]
        }
      ]
    },
    "Planning Time": 0.085,
    "Triggers": [],
    "Execution Time": 160.462
  }
]