[
  {
    "Plan": {
      "Node Type": "Aggregate",
      "Strategy": "Plain",
      "Partial Mode": "Finalize",
      "Parallel Aware": false,
      "Startup Cost": 290956.75,
      "Total Cost": 290956.76,
      "Plan Rows": 1,
      "Plan Width": 8,
      "Actual Startup Time": 1026.583,
      "Actual Total Time": 1071.661,
      "Actual Rows": 1,
      "Actual Loops": 1,
      "Plans": [
        {
          "Node Type": "Gather",
          "Parent Relationship": "Outer",
          "Parallel Aware": false,
          "Startup Cost": 290956.23,
          "Total Cost": 290956.74,
          "Plan Rows": 5,
          "Plan Width": 8,
          "Actual Startup Time": 1015.578,
          "Actual Total Time": 1071.632,
          "Actual Rows": 6,
          "Actual Loops": 1,
          "Workers Planned": 5,
          "Workers Launched": 5,
          "Single Copy": false,
          "Plans": [
            {
              "Node Type": "Aggregate",
              "Strategy": "Plain",
              "Partial Mode": "Partial",
              "Parent Relationship": "Outer",
              "Parallel Aware": false,
              "Startup Cost": 289956.23,
              "Total Cost": 289956.24,
              "Plan Rows": 1,
              "Plan Width": 8,
              "Actual Startup Time": 1005.005,
              "Actual Total Time": 1005.174,
              "Actual Rows": 1,
              "Actual Loops": 6,
              "Plans": [
                {
                  "Node Type": "Hash Join",
                  "Parent Relationship": "Outer",
                  "Parallel Aware": true,
                  "Join Type": "Inner",
                  "Startup Cost": 83900.91,
                  "Total Cost": 288468.56,
                  "Plan Rows": 595067,
                  "Plan Width": 0,
                  "Actual Startup Time": 319.157,
                  "Actual Total Time": 979.034,
                  "Actual Rows": 616447,
                  "Actual Loops": 6,
                  "Inner Unique": false,
                  "Hash Cond": "(mi.movie_id = t.id)",
                  "Plans": [
                    {
                      "Node Type": "Seq Scan",
                      "Parent Relationship": "Outer",
                      "Parallel Aware": true,
                      "Relation Name": "movie_info",
                      "Alias": "mi",
                      "Startup Cost": 0.0,
                      "Total Cost": 191560.33,
                      "Plan Rows": 2956733,
                      "Plan Width": 4,
                      "Actual Startup Time": 0.016,
                      "Actual Total Time": 298.137,
                      "Actual Rows": 2472620,
                      "Actual Loops": 6
                    },
                    {
                      "Node Type": "Hash",
                      "Parent Relationship": "Inner",
                      "Parallel Aware": true,
                      "Startup Cost": 81849.14,
                      "Total Cost": 81849.14,
                      "Plan Rows": 164142,
                      "Plan Width": 8,
                      "Actual Startup Time": 315.731,
                      "Actual Total Time": 315.898,
                      "Actual Rows": 64105,
                      "Actual Loops": 6,
                      "Hash Buckets": 524288,
                      "Original Hash Buckets": 524288,
                      "Hash Batches": 1,
                      "Original Hash Batches": 1,
                      "Peak Memory Usage": 19232,
                      "Plans": [
                        {
                          "Node Type": "Hash Join",
                          "Parent Relationship": "Outer",
                          "Parallel Aware": true,
                          "Join Type": "Inner",
                          "Startup Cost": 49610.27,
                          "Total Cost": 81849.14,
                          "Plan Rows": 164142,
                          "Plan Width": 8,
                          "Actual Startup Time": 216.737,
                          "Actual Total Time": 295.473,
                          "Actual Rows": 64105,
                          "Actual Loops": 6,
                          "Inner Unique": true,
                          "Hash Cond": "(mc.movie_id = t.id)",
                          "Plans": [
                            {
                              "Node Type": "Seq Scan",
                              "Parent Relationship": "Outer",
                              "Parallel Aware": true,
                              "Relation Name": "movie_companies",
                              "Alias": "mc",
                              "Startup Cost": 0.0,
                              "Total Cost": 31414.82,
                              "Plan Rows": 313923,
                              "Plan Width": 4,
                              "Actual Startup Time": 23.593,
                              "Actual Total Time": 50.747,
                              "Actual Rows": 189683,
                              "Actual Loops": 6,
                              "Filter": "((company_id > 1236) AND (company_type_id = 2))",
                              "Rows Removed by Filter": 245172
                            },
                            {
                              "Node Type": "Hash",
                              "Parent Relationship": "Inner",
                              "Parallel Aware": true,
                              "Startup Cost": 45479.1,
                              "Total Cost": 45479.1,
                              "Plan Rows": 330494,
                              "Plan Width": 4,
                              "Actual Startup Time": 189.505,
                              "Actual Total Time": 189.506,
                              "Actual Rows": 216355,
                              "Actual Loops": 6,
                              "Hash Buckets": 2097152,
                              "Original Hash Buckets": 2097152,
                              "Hash Batches": 1,
                              "Original Hash Batches": 1,
                              "Peak Memory Usage": 67264,
                              "Plans": [
                                {
                                  "Node Type": "Seq Scan",
                                  "Parent Relationship": "Outer",
                                  "Parallel Aware": true,
                                  "Relation Name": "title",
                                  "Alias": "t",
                                  "Startup Cost": 0.0,
                                  "Total Cost": 45479.1,
                                  "Plan Rows": 330494,
                                  "Plan Width": 4,
                                  "Actual Startup Time": 0.053,
                                  "Actual Total Time": 87.189,
                                  "Actual Rows": 216355,
                                  "Actual Loops": 6,
                                  "Filter": "((kind_id > 1) AND (production_year < 2009))",
                                  "Rows Removed by Filter": 205031
                                }
                              ]
                            }
                          ]
                        }
                      ]
                    }
                  ]
                }
              ]
            }
          ]
        }
      ]
    },
    "Planning Time": 1.531,
    "Triggers": [],
    "Execution Time": 1071.773
  }
]