[
  {
    "Plan": {
      "Node Type": "Aggregate",
      "Strategy": "Plain",
      "Partial Mode": "Finalize",
      "Parallel Aware": false,
      "Startup Cost": 45341.35,
      "Total Cost": 45341.36,
      "Plan Rows": 1,
      "Plan Width": 8,
      "Actual Startup Time": 146.562,
      "Actual Total Time": 157.879,
      "Actual Rows": 1,
      "Actual Loops": 1,
      "Plans": [
        {
          "Node Type": "Gather",
          "Parent Relationship": "Outer",
          "Parallel Aware": false,
          "Startup Cost": 45341.03,
          "Total Cost": 45341.34,
          "Plan Rows": 3,
          "Plan Width": 8,
          "Actual Startup Time": 146.432,
          "Actual Total Time": 157.872,
          "Actual Rows": 4,
          "Actual Loops": 1,
          "Workers Planned": 3,
          "Workers Launched": 3,
          "Single Copy": false,
          "Plans": [
            {
              "Node Type": "Aggregate",
              "Strategy": "Plain",
              "Partial Mode": "Partial",
              "Parent Relationship": "Outer",
              "Parallel Aware": false,
              "Startup Cost": 44341.03,
              "Total Cost": 44341.04,
              "Plan Rows": 1,
              "Plan Width": 8,
              "Actual Startup Time": 140.166,
              "Actual Total Time": 140.167,
              "Actual Rows": 1,
              "Actual Loops": 4,
              "Plans": [
                {
                  "Node Type": "Seq Scan",
                  "Parent Relationship": "Outer",
                  "Parallel Aware": true,
                  "Relation Name": "movie_keyword",
                  "Alias": "mk",
                  "Startup Cost": 0.0,
                  "Total Cost": 42695.65,
                  "Plan Rows": 658151,
                  "Plan Width": 0,
                  "Actual Startup Time": 0.909,
                  "Actual Total Time": 115.635,
                  "Actual Rows": 506017,
                  "Actual Loops": 4,
                  "Filter": "(keyword_id > 6110)",
                  "Rows Removed by Filter": 624965
                }
              ]
            }
          ]
        }
      ]
    },
    "Planning Time": 0.196,
    "Triggers": [],
    "Execution Time": 157.934
  }
]