[
  {
    "Plan": {
      "Node Type": "Aggregate",
      "Strategy": "Plain",
      "Partial Mode": "Finalize",
      "Parallel Aware": false,
      "Startup Cost": 223107.77,
      "Total Cost": 223107.78,
      "Plan Rows": 1,
      "Plan Width": 8,
      "Actual Startup Time": 258.133,
      "Actual Total Time": 274.109,
      "Actual Rows": 1,
      "Actual Loops": 1,
      "Plans": [
        {
          "Node Type": "Gather",
          "Parent Relationship": "Outer",
          "Parallel Aware": false,
          "Startup Cost": 223107.25,
          "Total Cost": 223107.76,
          "Plan Rows": 5,
          "Plan Width": 8,
          "Actual Startup Time": 251.459,
          "Actual Total Time": 274.1,
          "Actual Rows": 6,
          "Actual Loops": 1,
          "Workers Planned": 5,
          "Workers Launched": 5,
          "Single Copy": false,
          "Plans": [
            {
              "Node Type": "Aggregate",
              "Strategy": "Plain",
              "Partial Mode": "Partial",
              "Parent Relationship": "Outer",
              "Parallel Aware": false,
              "Startup Cost": 222107.25,
              "Total Cost": 222107.26,
              "Plan Rows": 1,
              "Plan Width": 8,
              "Actual Startup Time": 239.804,
              "Actual Total Time": 239.807,
              "Actual Rows": 1,
              "Actual Loops": 6,
              "Plans": [
                {
                  "Node Type": "Hash Join",
                  "Parent Relationship": "Outer",
                  "Parallel Aware": true,
                  "Join Type": "Inner",
                  "Startup Cost": 58310.48,
                  "Total Cost": 222014.79,
                  "Plan Rows": 36984,
                  "Plan Width": 0,
                  "Actual Startup Time": 211.141,
                  "Actual Total Time": 239.376,
                  "Actual Rows": 6698,
                  "Actual Loops": 6,
                  "Inner Unique": true,
                  "Hash Cond": "(mi.movie_id = t.id)",
                  "Plans": [
                    {
                      "Node Type": "Bitmap Heap Scan",
                      "Parent Relationship": "Outer",
                      "Parallel Aware": true,
                      "Relation Name": "movie_info",
                      "Alias": "mi",
                      "Startup Cost": 10248.78,
                      "Total Cost": 173656.09,
                      "Plan Rows": 113144,
                      "Plan Width": 4,
                      "Actual Startup Time": 21.103,
                      "Actual Total Time": 41.345,
                      "Actual Rows": 90561,
                      "Actual Loops": 6,
                      "Recheck Cond": "(info_type_id > 98)",
                      "Rows Removed by Index Recheck": 0,
                      "Exact Heap Blocks": 1137,
                      "Lossy Heap Blocks": 0,
                      "Plans": [
                        {
                          "Node Type": "Bitmap Index Scan",
                          "Parent Relationship": "Outer",
                          "Parallel Aware": false,
                          "Index Name": "info_type_id_movie_info",
                          "Startup Cost": 0.0,
                          "Total Cost": 10107.35,
                          "Plan Rows": 565722,
                          "Plan Width": 0,
                          "Actual Startup Time": 20.249,
                          "Actual Total Time": 20.25,
                          "Actual Rows": 543367,
                          "Actual Loops": 1,
                          "Index Cond": "(info_type_id > 98)"
                        }
                      ]
                    },
                    {
                      "Node Type": "Hash",
                      "Parent Relationship": "Inner",
                      "Parallel Aware": true,
                      "Startup Cost": 45479.1,
                      "Total Cost": 45479.1,
                      "Plan Rows": 206608,
                      "Plan Width": 4,
                      "Actual Startup Time": 171.18,
                      "Actual Total Time": 171.181,
                      "Actual Rows": 146031,
                      "Actual Loops": 6,
                      "Hash Buckets": 1048576,
                      "Original Hash Buckets": 1048576,
                      "Hash Batches": 1,
                      "Original Hash Batches": 1,
                      "Peak Memory Usage": 42560,
                      "Plans": [
                        {
                          "Node Type": "Seq Scan",
                          "Parent Relationship": "Outer",
                          "Parallel Aware": true,
                          "Relation Name": "title",
                          "Alias": "t",
                          "Startup Cost": 0.0,
                          "Total Cost": 45479.1,
                          "Plan Rows": 206608,
                          "Plan Width": 4,
                          "Actual Startup Time": 0.047,
                          "Actual Total Time": 97.882,
                          "Actual Rows": 146031,
                          "Actual Loops": 6,
                          "Filter": "((kind_id > 1) AND (production_year > 2004))",
                          "Rows Removed by Filter": 275354
                        }
                      ]
                    }
                  ]
                }
              ]
            }
          ]
        }
      ]
    },
    "Planning Time": 0.637,
    "Triggers": [],
    "Execution Time": 274.204
  }
]