[
  {
    "Plan": {
      "Node Type": "Aggregate",
      "Strategy": "Plain",
      "Partial Mode": "Finalize",
      "Parallel Aware": false,
      "Startup Cost": 31750.76,
      "Total Cost": 31750.77,
      "Plan Rows": 1,
      "Plan Width": 8,
      "Actual Startup Time": 112.471,
      "Actual Total Time": 120.603,
      "Actual Rows": 1,
      "Actual Loops": 1,
      "Plans": [
        {
          "Node Type": "Gather",
          "Parent Relationship": "Outer",
          "Parallel Aware": false,
          "Startup Cost": 31750.44,
          "Total Cost": 31750.75,
          "Plan Rows": 3,
          "Plan Width": 8,
          "Actual Startup Time": 112.366,
          "Actual Total Time": 120.593,
          "Actual Rows": 4,
          "Actual Loops": 1,
          "Workers Planned": 3,
          "Workers Launched": 3,
          "Single Copy": false,
          "Plans": [
            {
              "Node Type": "Aggregate",
              "Strategy": "Plain",
              "Partial Mode": "Partial",
              "Parent Relationship": "Outer",
              "Parallel Aware": false,
              "Startup Cost": 30750.44,
              "Total Cost": 30750.45,
              "Plan Rows": 1,
              "Plan Width": 8,
              "Actual Startup Time": 105.397,
              "Actual Total Time": 105.399,
              "Actual Rows": 1,
              "Actual Loops": 4,
              "Plans": [
                {
                  "Node Type": "Seq Scan",
                  "Parent Relationship": "Outer",
                  "Parallel Aware": true,
                  "Relation Name": "movie_companies",
                  "Alias": "mc",
                  "Startup Cost": 0.0,
                  "Total Cost": 29310.68,
                  "Plan Rows": 575903,
                  "Plan Width": 0,
                  "Actual Startup Time": 1.234,
                  "Actual Total Time": 85.284,
                  "Actual Rows": 447674,
                  "Actual Loops": 4,
                  "Filter": "(company_id > 1924)",
                  "Rows Removed by Filter": 204609
                }
              ]
            }
          ]
        }
      ]
    },
    "Planning Time": 0.283,
    "Triggers": [],
    "Execution Time": 120.669
  }
]