[
  {
    "Plan": {
      "Node Type": "Aggregate",
      "Strategy": "Plain",
      "Partial Mode": "Finalize",
      "Parallel Aware": false,
      "Startup Cost": 248424.68,
      "Total Cost": 248424.69,
      "Plan Rows": 1,
      "Plan Width": 8,
      "Actual Startup Time": 2985.246,
      "Actual Total Time": 3074.238,
      "Actual Rows": 1,
      "Actual Loops": 1,
      "Plans": [
        {
          "Node Type": "Gather",
          "Parent Relationship": "Outer",
          "Parallel Aware": false,
          "Startup Cost": 248424.36,
          "Total Cost": 248424.67,
          "Plan Rows": 3,
          "Plan Width": 8,
          "Actual Startup Time": 2975.159,
          "Actual Total Time": 3074.226,
          "Actual Rows": 4,
          "Actual Loops": 1,
          "Workers Planned": 3,
          "Workers Launched": 3,
          "Single Copy": false,
          "Plans": [
            {
              "Node Type": "Aggregate",
              "Strategy": "Plain",
              "Partial Mode": "Partial",
              "Parent Relationship": "Outer",
              "Parallel Aware": false,
              "Startup Cost": 247424.36,
              "Total Cost": 247424.37,
              "Plan Rows": 1,
              "Plan Width": 8,
              "Actual Startup Time": 2963.986,
              "Actual Total Time": 2963.991,
              "Actual Rows": 1,
              "Actual Loops": 4,
              "Plans": [
                {
                  "Node Type": "Nested Loop",
                  "Parent Relationship": "Outer",
                  "Parallel Aware": false,
                  "Join Type": "Inner",
                  "Startup Cost": 55375.8,
                  "Total Cost": 245599.87,
                  "Plan Rows": 729794,
                  "Plan Width": 0,
                  "Actual Startup Time": 412.473,
                  "Actual Total Time": 2883.405,
                  "Actual Rows": 1436209,
                  "Actual Loops": 4,
                  "Inner Unique": false,
                  "Plans": [
                    {
                      "Node Type": "Hash Join",
                      "Parent Relationship": "Outer",
                      "Parallel Aware": true,
                      "Join Type": "Inner",
                      "Startup Cost": 55375.24,
                      "Total Cost": 81014.32,
                      "Plan Rows": 78353,
                      "Plan Width": 8,
                      "Actual Startup Time": 412.275,
                      "Actual Total Time": 502.335,
                      "Actual Rows": 58972,
                      "Actual Loops": 4,
                      "Inner Unique": true,
                      "Hash Cond": "(mk.movie_id = t.id)",
                      "Plans": [
                        {
                          "Node Type": "Bitmap Heap Scan",
                          "Parent Relationship": "Outer",
                          "Parallel Aware": true,
                          "Relation Name": "movie_keyword",
                          "Alias": "mk",
                          "Startup Cost": 5154.85,
                          "Total Cost": 30588.26,
                          "Plan Rows": 78353,
                          "Plan Width": 4,
                          "Actual Startup Time": 16.69,
                          "Actual Total Time": 56.866,
                          "Actual Rows": 58972,
                          "Actual Loops": 4,
                          "Recheck Cond": "(keyword_id < 196)",
                          "Rows Removed by Index Recheck": 0,
                          "Exact Heap Blocks": 5864,
                          "Lossy Heap Blocks": 0,
                          "Plans": [
                            {
                              "Node Type": "Bitmap Index Scan",
                              "Parent Relationship": "Outer",
                              "Parallel Aware": false,
                              "Index Name": "keyword_id_movie_keyword",
                              "Startup Cost": 0.0,
                              "Total Cost": 5094.13,
                              "Plan Rows": 242893,
                              "Plan Width": 0,
                              "Actual Startup Time": 13.142,
                              "Actual Total Time": 13.143,
                              "Actual Rows": 235890,
                              "Actual Loops": 1,
                              "Index Cond": "(keyword_id < 196)"
                            }
                          ]
                        },
                        {
                          "Node Type": "Hash",
                          "Parent Relationship": "Inner",
                          "Parallel Aware": true,
                          "Startup Cost": 42319.06,
                          "Total Cost": 42319.06,
                          "Plan Rows": 632106,
                          "Plan Width": 4,
                          "Actual Startup Time": 386.421,
                          "Actual Total Time": 386.422,
                          "Actual Rows": 632078,
                          "Actual Loops": 4,
                          "Hash Buckets": 4194304,
                          "Original Hash Buckets": 4194304,
                          "Hash Batches": 1,
                          "Original Hash Batches": 1,
                          "Peak Memory Usage": 131712,
                          "Plans": [
                            {
                              "Node Type": "Seq Scan",
                              "Parent Relationship": "Outer",
                              "Parallel Aware": true,
                              "Relation Name": "title",
                              "Alias": "t",
                              "Startup Cost": 0.0,
                              "Total Cost": 42319.06,
                              "Plan Rows": 632106,
                              "Plan Width": 4,
                              "Actual Startup Time": 0.045,
                              "Actual Total Time": 111.269,
                              "Actual Rows": 632078,
                              "Actual Loops": 4
                            }
                          ]
                        }
                      ]
                    },
                    {
                      "Node Type": "Index Scan",
                      "Parent Relationship": "Inner",
                      "Parallel Aware": false,
                      "Scan Direction": "Forward",
                      "Index Name": "movie_id_cast_info",
                      "Relation Name": "cast_info",
                      "Alias": "ci",
                      "Startup Cost": 0.56,
                      "Total Cost": 1.87,
                      "Plan Rows": 23,
                      "Plan Width": 4,
                      "Actual Startup Time": 0.017,
                      "Actual Total Time": 0.038,
                      "Actual Rows": 24,
                      "Actual Loops": 235890,
                      "Index Cond": "(movie_id = t.id)",
                      "Rows Removed by Index Recheck": 0,
                      "Filter": "(role_id > 1)",
                      "Rows Removed by Filter": 15
                    }
                  ]
                }
              ]
            }
          ]
        }
      ]
    },
    "Planning Time": 0.619,
    "Triggers": [],
    "Execution Time": 3074.324
  }
]