[
    {
        "Bao": {
            "Bao prediction": 771.089,
            "Bao recommended hint": "(no hint)"
        }
    },
    {
        "Plan": {
            "Node Type": "Aggregate",
            "Strategy": "Plain",
            "Partial Mode": "Finalize",
            "Parallel Aware": false,
            "Startup Cost": 248890.8,
            "Total Cost": 248890.81,
            "Plan Rows": 1,
            "Plan Width": 8,
            "Actual Startup Time": 690.057,
            "Actual Total Time": 717.789,
            "Actual Rows": 1,
            "Actual Loops": 1,
            "Output": [
                "count(*)"
            ],
            "Plans": [
                {
                    "Node Type": "Gather",
                    "Parent Relationship": "Outer",
                    "Parallel Aware": false,
                    "Startup Cost": 248890.28,
                    "Total Cost": 248890.79,
                    "Plan Rows": 5,
                    "Plan Width": 8,
                    "Actual Startup Time": 676.764,
                    "Actual Total Time": 717.778,
                    "Actual Rows": 6,
                    "Actual Loops": 1,
                    "Output": [
                        "(PARTIAL count(*))"
                    ],
                    "Workers Planned": 5,
                    "Workers Launched": 5,
                    "Single Copy": false,
                    "Plans": [
                        {
                            "Node Type": "Aggregate",
                            "Strategy": "Plain",
                            "Partial Mode": "Partial",
                            "Parent Relationship": "Outer",
                            "Parallel Aware": false,
                            "Startup Cost": 247890.28,
                            "Total Cost": 247890.29,
                            "Plan Rows": 1,
                            "Plan Width": 8,
                            "Actual Startup Time": 662.863,
                            "Actual Total Time": 662.867,
                            "Actual Rows": 1,
                            "Actual Loops": 6,
                            "Output": [
                                "PARTIAL count(*)"
                            ],
                            "Workers": [
                                {
                                    "Worker Number": 0,
                                    "Actual Startup Time": 660.032,
                                    "Actual Total Time": 660.035,
                                    "Actual Rows": 1,
                                    "Actual Loops": 1
                                },
                                {
                                    "Worker Number": 1,
                                    "Actual Startup Time": 660.069,
                                    "Actual Total Time": 660.072,
                                    "Actual Rows": 1,
                                    "Actual Loops": 1
                                },
                                {
                                    "Worker Number": 2,
                                    "Actual Startup Time": 660.081,
                                    "Actual Total Time": 660.085,
                                    "Actual Rows": 1,
                                    "Actual Loops": 1
                                },
                                {
                                    "Worker Number": 3,
                                    "Actual Startup Time": 660.08,
                                    "Actual Total Time": 660.084,
                                    "Actual Rows": 1,
                                    "Actual Loops": 1
                                },
                                {
                                    "Worker Number": 4,
                                    "Actual Startup Time": 661.008,
                                    "Actual Total Time": 661.011,
                                    "Actual Rows": 1,
                                    "Actual Loops": 1
                                }
                            ],
                            "Plans": [
                                {
                                    "Node Type": "Hash Join",
                                    "Parent Relationship": "Outer",
                                    "Parallel Aware": true,
                                    "Join Type": "Inner",
                                    "Startup Cost": 47352.58,
                                    "Total Cost": 247403.25,
                                    "Plan Rows": 194812,
                                    "Plan Width": 0,
                                    "Actual Startup Time": 213.582,
                                    "Actual Total Time": 653.654,
                                    "Actual Rows": 138094,
                                    "Actual Loops": 6,
                                    "Inner Unique": true,
                                    "Hash Cond": "(mi.movie_id = t.id)",
                                    "Workers": [
                                        {
                                            "Worker Number": 0,
                                            "Actual Startup Time": 210.923,
                                            "Actual Total Time": 650.52,
                                            "Actual Rows": 125944,
                                            "Actual Loops": 1
                                        },
                                        {
                                            "Worker Number": 1,
                                            "Actual Startup Time": 210.958,
                                            "Actual Total Time": 650.57,
                                            "Actual Rows": 125698,
                                            "Actual Loops": 1
                                        },
                                        {
                                            "Worker Number": 2,
                                            "Actual Startup Time": 210.976,
                                            "Actual Total Time": 650.65,
                                            "Actual Rows": 123932,
                                            "Actual Loops": 1
                                        },
                                        {
                                            "Worker Number": 3,
                                            "Actual Startup Time": 210.966,
                                            "Actual Total Time": 650.847,
                                            "Actual Rows": 121771,
                                            "Actual Loops": 1
                                        },
                                        {
                                            "Worker Number": 4,
                                            "Actual Startup Time": 210.892,
                                            "Actual Total Time": 651.818,
                                            "Actual Rows": 121530,
                                            "Actual Loops": 1
                                        }
                                    ],
                                    "Plans": [
                                        {
                                            "Node Type": "Seq Scan",
                                            "Parent Relationship": "Outer",
                                            "Parallel Aware": true,
                                            "Relation Name": "movie_info",
                                            "Schema": "public",
                                            "Alias": "mi",
                                            "Startup Cost": 0.0,
                                            "Total Cost": 198880.74,
                                            "Plan Rows": 445687,
                                            "Plan Width": 4,
                                            "Actual Startup Time": 19.204,
                                            "Actual Total Time": 364.164,
                                            "Actual Rows": 372308,
                                            "Actual Loops": 6,
                                            "Output": [
                                                "mi.id",
                                                "mi.movie_id",
                                                "mi.info_type_id",
                                                "mi.info",
                                                "mi.note"
                                            ],
                                            "Filter": "(mi.info_type_id > 16)",
                                            "Rows Removed by Filter": 2100312,
                                            "Workers": [
                                                {
                                                    "Worker Number": 0,
                                                    "Actual Startup Time": 19.208,
                                                    "Actual Total Time": 368.717,
                                                    "Actual Rows": 337183,
                                                    "Actual Loops": 1
                                                },
                                                {
                                                    "Worker Number": 1,
                                                    "Actual Startup Time": 19.191,
                                                    "Actual Total Time": 368.039,
                                                    "Actual Rows": 335215,
                                                    "Actual Loops": 1
                                                },
                                                {
                                                    "Worker Number": 2,
                                                    "Actual Startup Time": 19.215,
                                                    "Actual Total Time": 368.505,
                                                    "Actual Rows": 335234,
                                                    "Actual Loops": 1
                                                },
                                                {
                                                    "Worker Number": 3,
                                                    "Actual Startup Time": 19.203,
                                                    "Actual Total Time": 368.552,
                                                    "Actual Rows": 326699,
                                                    "Actual Loops": 1
                                                },
                                                {
                                                    "Worker Number": 4,
                                                    "Actual Startup Time": 19.21,
                                                    "Actual Total Time": 369.023,
                                                    "Actual Rows": 325729,
                                                    "Actual Loops": 1
                                                }
                                            ]
                                        },
                                        {
                                            "Node Type": "Hash",
                                            "Parent Relationship": "Inner",
                                            "Parallel Aware": true,
                                            "Startup Cost": 43899.01,
                                            "Total Cost": 43899.01,
                                            "Plan Rows": 276286,
                                            "Plan Width": 4,
                                            "Actual Startup Time": 188.699,
                                            "Actual Total Time": 188.7,
                                            "Actual Rows": 184654,
                                            "Actual Loops": 6,
                                            "Output": [
                                                "t.id"
                                            ],
                                            "Hash Buckets": 2097152,
                                            "Original Hash Buckets": 2097152,
                                            "Hash Batches": 1,
                                            "Original Hash Batches": 1,
                                            "Peak Memory Usage": 59840,
                                            "Workers": [
                                                {
                                                    "Worker Number": 0,
                                                    "Actual Startup Time": 190.984,
                                                    "Actual Total Time": 190.985,
                                                    "Actual Rows": 162833,
                                                    "Actual Loops": 1
                                                },
                                                {
                                                    "Worker Number": 1,
                                                    "Actual Startup Time": 190.85,
                                                    "Actual Total Time": 190.851,
                                                    "Actual Rows": 160549,
                                                    "Actual Loops": 1
                                                },
                                                {
                                                    "Worker Number": 2,
                                                    "Actual Startup Time": 190.825,
                                                    "Actual Total Time": 190.827,
                                                    "Actual Rows": 158771,
                                                    "Actual Loops": 1
                                                },
                                                {
                                                    "Worker Number": 3,
                                                    "Actual Startup Time": 190.933,
                                                    "Actual Total Time": 190.934,
                                                    "Actual Rows": 160918,
                                                    "Actual Loops": 1
                                                },
                                                {
                                                    "Worker Number": 4,
                                                    "Actual Startup Time": 190.861,
                                                    "Actual Total Time": 190.862,
                                                    "Actual Rows": 158204,
                                                    "Actual Loops": 1
                                                }
                                            ],
                                            "Plans": [
                                                {
                                                    "Node Type": "Seq Scan",
                                                    "Parent Relationship": "Outer",
                                                    "Parallel Aware": true,
                                                    "Relation Name": "title",
                                                    "Schema": "public",
                                                    "Alias": "t",
                                                    "Startup Cost": 0.0,
                                                    "Total Cost": 43899.01,
                                                    "Plan Rows": 276286,
                                                    "Plan Width": 4,
                                                    "Actual Startup Time": 0.043,
                                                    "Actual Total Time": 94.544,
                                                    "Actual Rows": 184654,
                                                    "Actual Loops": 6,
                                                    "Output": [
                                                        "t.id"
                                                    ],
                                                    "Filter": "(t.production_year > 2004)",
                                                    "Rows Removed by Filter": 236731,
                                                    "Workers": [
                                                        {
                                                            "Worker Number": 0,
                                                            "Actual Startup Time": 0.046,
                                                            "Actual Total Time": 97.341,
                                                            "Actual Rows": 162833,
                                                            "Actual Loops": 1
                                                        },
                                                        {
                                                            "Worker Number": 1,
                                                            "Actual Startup Time": 0.046,
                                                            "Actual Total Time": 96.857,
                                                            "Actual Rows": 160549,
                                                            "Actual Loops": 1
                                                        },
                                                        {
                                                            "Worker Number": 2,
                                                            "Actual Startup Time": 0.058,
                                                            "Actual Total Time": 96.564,
                                                            "Actual Rows": 158771,
                                                            "Actual Loops": 1
                                                        },
                                                        {
                                                            "Worker Number": 3,
                                                            "Actual Startup Time": 0.047,
                                                            "Actual Total Time": 97.841,
                                                            "Actual Rows": 160918,
                                                            "Actual Loops": 1
                                                        },
                                                        {
                                                            "Worker Number": 4,
                                                            "Actual Startup Time": 0.043,
                                                            "Actual Total Time": 97.576,
                                                            "Actual Rows": 158204,
                                                            "Actual Loops": 1
                                                        }
                                                    ]
                                                }
                                            ]
                                        }
                                    ]
                                }
                            ]
                        }
                    ]
                }
            ]
        },
        "Planning Time": 1063.715,
        "Triggers": [],
        "Execution Time": 717.903
    }
]