{
  "Plan": {
    "Node Type": "Aggregate",
    "Strategy": "Plain",
    "Partial Mode": "Finalize",
    "Parallel Aware": false,
    "Startup Cost": 100066.56,
    "Total Cost": 100066.57,
    "Plan Rows": 1,
    "Plan Width": 8,
    "Actual Startup Time": 598.019,
    "Actual Total Time": 617.931,
    "Actual Rows": 1,
    "Actual Loops": 1,
    "Plans": [
      {
        "Node Type": "Gather",
        "Parent Relationship": "Outer",
        "Parallel Aware": false,
        "Startup Cost": 100066.45,
        "Total Cost": 100066.56,
        "Plan Rows": 1,
        "Plan Width": 8,
        "Actual Startup Time": 593.944,
        "Actual Total Time": 617.923,
        "Actual Rows": 2,
        "Actual Loops": 1,
        "Workers Planned": 1,
        "Workers Launched": 1,
        "Single Copy": false,
        "Plans": [
          {
            "Node Type": "Aggregate",
            "Strategy": "Plain",
            "Partial Mode": "Partial",
            "Parent Relationship": "Outer",
            "Parallel Aware": false,
            "Startup Cost": 99066.45,
            "Total Cost": 99066.46,
            "Plan Rows": 1,
            "Plan Width": 8,
            "Actual Startup Time": 585.409,
            "Actual Total Time": 585.413,
            "Actual Rows": 1,
            "Actual Loops": 2,
            "Plans": [
              {
                "Node Type": "Hash Join",
                "Parent Relationship": "Outer",
                "Parallel Aware": true,
                "Join Type": "Inner",
                "Startup Cost": 72428.74,
                "Total Cost": 98837.44,
                "Plan Rows": 91605,
                "Plan Width": 0,
                "Actual Startup Time": 481.028,
                "Actual Total Time": 580.061,
                "Actual Rows": 100806,
                "Actual Loops": 2,
                "Inner Unique": true,
                "Hash Cond": "(mk.movie_id = t.id)",
                "Plans": [
                  {
                    "Node Type": "Bitmap Heap Scan",
                    "Parent Relationship": "Outer",
                    "Parallel Aware": true,
                    "Relation Name": "movie_keyword",
                    "Alias": "mk",
                    "Startup Cost": 4663.12,
                    "Total Cost": 30732.58,
                    "Plan Rows": 129236,
                    "Plan Width": 4,
                    "Actual Startup Time": 14.248,
                    "Actual Total Time": 67.066,
                    "Actual Rows": 113464,
                    "Actual Loops": 2,
                    "Recheck Cond": "(keyword_id < 186)",
                    "Rows Removed by Index Recheck": 0,
                    "Exact Heap Blocks": 16493,
                    "Lossy Heap Blocks": 0,
                    "Plans": [
                      {
                        "Node Type": "Bitmap Index Scan",
                        "Parent Relationship": "Outer",
                        "Parallel Aware": false,
                        "Index Name": "keyword_id_movie_keyword",
                        "Startup Cost": 0.0,
                        "Total Cost": 4608.2,
                        "Plan Rows": 219702,
                        "Plan Width": 0,
                        "Actual Startup Time": 10.765,
                        "Actual Total Time": 10.765,
                        "Actual Rows": 226927,
                        "Actual Loops": 1,
                        "Index Cond": "(keyword_id < 186)"
                      }
                    ]
                  },
                  {
                    "Node Type": "Hash",
                    "Parent Relationship": "Inner",
                    "Parallel Aware": true,
                    "Startup Cost": 54588.39,
                    "Total Cost": 54588.39,
                    "Plan Rows": 1054178,
                    "Plan Width": 4,
                    "Actual Startup Time": 452.197,
                    "Actual Total Time": 452.198,
                    "Actual Rows": 897076,
                    "Actual Loops": 2,
                    "Hash Buckets": 2097152,
                    "Original Hash Buckets": 2097152,
                    "Hash Batches": 1,
                    "Original Hash Batches": 1,
                    "Peak Memory Usage": 86592,
                    "Plans": [
                      {
                        "Node Type": "Seq Scan",
                        "Parent Relationship": "Outer",
                        "Parallel Aware": true,
                        "Relation Name": "title",
                        "Alias": "t",
                        "Startup Cost": 0.0,
                        "Total Cost": 54588.39,
                        "Plan Rows": 1054178,
                        "Plan Width": 4,
                        "Actual Startup Time": 0.03,
                        "Actual Total Time": 202.192,
                        "Actual Rows": 897076,
                        "Actual Loops": 2,
                        "Filter": "(production_year < 2009)",
                        "Rows Removed by Filter": 367080
                      }
                    ]
                  }
                ]
              }
            ]
          }
        ]
      }
    ]
  },
  "Planning Time": 0.588,
  "Triggers": [],
  "Execution Time": 618.022
}