[
  {
    "Plan": {
      "Node Type": "Aggregate",
      "Strategy": "Plain",
      "Partial Mode": "Finalize",
      "Parallel Aware": false,
      "Startup Cost": 23423.55,
      "Total Cost": 23423.56,
      "Plan Rows": 1,
      "Plan Width": 8,
      "Actual Startup Time": 29.092,
      "Actual Total Time": 32.653,
      "Actual Rows": 1,
      "Actual Loops": 1,
      "Plans": [
        {
          "Node Type": "Gather",
          "Parent Relationship": "Outer",
          "Parallel Aware": false,
          "Startup Cost": 23423.43,
          "Total Cost": 23423.54,
          "Plan Rows": 1,
          "Plan Width": 8,
          "Actual Startup Time": 28.946,
          "Actual Total Time": 32.647,
          "Actual Rows": 2,
          "Actual Loops": 1,
          "Workers Planned": 1,
          "Workers Launched": 1,
          "Single Copy": false,
          "Plans": [
            {
              "Node Type": "Aggregate",
              "Strategy": "Plain",
              "Partial Mode": "Partial",
              "Parent Relationship": "Outer",
              "Parallel Aware": false,
              "Startup Cost": 22423.43,
              "Total Cost": 22423.44,
              "Plan Rows": 1,
              "Plan Width": 8,
              "Actual Startup Time": 24.082,
              "Actual Total Time": 24.083,
              "Actual Rows": 1,
              "Actual Loops": 2,
              "Plans": [
                {
                  "Node Type": "Nested Loop",
                  "Parent Relationship": "Outer",
                  "Parallel Aware": false,
                  "Join Type": "Inner",
                  "Startup Cost": 69.13,
                  "Total Cost": 22423.18,
                  "Plan Rows": 102,
                  "Plan Width": 0,
                  "Actual Startup Time": 2.266,
                  "Actual Total Time": 23.763,
                  "Actual Rows": 1700,
                  "Actual Loops": 2,
                  "Inner Unique": true,
                  "Plans": [
                    {
                      "Node Type": "Bitmap Heap Scan",
                      "Parent Relationship": "Outer",
                      "Parallel Aware": true,
                      "Relation Name": "movie_companies",
                      "Alias": "mc",
                      "Startup Cost": 68.7,
                      "Total Cost": 8253.75,
                      "Plan Rows": 1842,
                      "Plan Width": 4,
                      "Actual Startup Time": 2.138,
                      "Actual Total Time": 7.522,
                      "Actual Rows": 1700,
                      "Actual Loops": 2,
                      "Recheck Cond": "(company_id = 11147)",
                      "Rows Removed by Index Recheck": 0,
                      "Exact Heap Blocks": 1990,
                      "Lossy Heap Blocks": 0,
                      "Plans": [
                        {
                          "Node Type": "Bitmap Index Scan",
                          "Parent Relationship": "Outer",
                          "Parallel Aware": false,
                          "Index Name": "company_id_movie_companies",
                          "Startup Cost": 0.0,
                          "Total Cost": 67.91,
                          "Plan Rows": 3131,
                          "Plan Width": 0,
                          "Actual Startup Time": 3.023,
                          "Actual Total Time": 3.023,
                          "Actual Rows": 3401,
                          "Actual Loops": 1,
                          "Index Cond": "(company_id = 11147)"
                        }
                      ]
                    },
                    {
                      "Node Type": "Index Scan",
                      "Parent Relationship": "Inner",
                      "Parallel Aware": false,
                      "Scan Direction": "Forward",
                      "Index Name": "title_pkey",
                      "Relation Name": "title",
                      "Alias": "t",
                      "Startup Cost": 0.43,
                      "Total Cost": 7.69,
                      "Plan Rows": 1,
                      "Plan Width": 4,
                      "Actual Startup Time": 0.009,
                      "Actual Total Time": 0.009,
                      "Actual Rows": 1,
                      "Actual Loops": 3401,
                      "Index Cond": "(id = mc.movie_id)",
                      "Rows Removed by Index Recheck": 0,
                      "Filter": "(production_year < 1940)",
                      "Rows Removed by Filter": 0
                    }
                  ]
                }
              ]
            }
          ]
        }
      ]
    },
    "Planning Time": 0.647,
    "Triggers": [],
    "Execution Time": 32.742
  }
]