[
  {
    "Plan": {
      "Node Type": "Aggregate",
      "Strategy": "Plain",
      "Partial Mode": "Finalize",
      "Parallel Aware": false,
      "Startup Cost": 73020.13,
      "Total Cost": 73020.14,
      "Plan Rows": 1,
      "Plan Width": 8,
      "Actual Startup Time": 430.499,
      "Actual Total Time": 447.6,
      "Actual Rows": 1,
      "Actual Loops": 1,
      "Plans": [
        {
          "Node Type": "Gather",
          "Parent Relationship": "Outer",
          "Parallel Aware": false,
          "Startup Cost": 73019.81,
          "Total Cost": 73020.12,
          "Plan Rows": 3,
          "Plan Width": 8,
          "Actual Startup Time": 420.547,
          "Actual Total Time": 447.592,
          "Actual Rows": 4,
          "Actual Loops": 1,
          "Workers Planned": 3,
          "Workers Launched": 3,
          "Single Copy": false,
          "Plans": [
            {
              "Node Type": "Aggregate",
              "Strategy": "Plain",
              "Partial Mode": "Partial",
              "Parent Relationship": "Outer",
              "Parallel Aware": false,
              "Startup Cost": 72019.81,
              "Total Cost": 72019.82,
              "Plan Rows": 1,
              "Plan Width": 8,
              "Actual Startup Time": 401.365,
              "Actual Total Time": 401.368,
              "Actual Rows": 1,
              "Actual Loops": 4,
              "Plans": [
                {
                  "Node Type": "Hash Join",
                  "Parent Relationship": "Outer",
                  "Parallel Aware": true,
                  "Join Type": "Inner",
                  "Startup Cost": 52604.79,
                  "Total Cost": 71931.16,
                  "Plan Rows": 35462,
                  "Plan Width": 0,
                  "Actual Startup Time": 376.355,
                  "Actual Total Time": 399.902,
                  "Actual Rows": 27129,
                  "Actual Loops": 4,
                  "Inner Unique": true,
                  "Hash Cond": "(mc.movie_id = t.id)",
                  "Plans": [
                    {
                      "Node Type": "Bitmap Heap Scan",
                      "Parent Relationship": "Outer",
                      "Parallel Aware": true,
                      "Relation Name": "movie_companies",
                      "Alias": "mc",
                      "Startup Cost": 2384.41,
                      "Total Cost": 21617.69,
                      "Plan Rows": 35462,
                      "Plan Width": 4,
                      "Actual Startup Time": 7.922,
                      "Actual Total Time": 17.506,
                      "Actual Rows": 27129,
                      "Actual Loops": 4,
                      "Recheck Cond": "(company_id > 152684)",
                      "Rows Removed by Index Recheck": 0,
                      "Exact Heap Blocks": 936,
                      "Lossy Heap Blocks": 0,
                      "Plans": [
                        {
                          "Node Type": "Bitmap Index Scan",
                          "Parent Relationship": "Outer",
                          "Parallel Aware": false,
                          "Index Name": "company_id_movie_companies",
                          "Startup Cost": 0.0,
                          "Total Cost": 2356.93,
                          "Plan Rows": 109933,
                          "Plan Width": 0,
                          "Actual Startup Time": 7.195,
                          "Actual Total Time": 7.196,
                          "Actual Rows": 108516,
                          "Actual Loops": 1,
                          "Index Cond": "(company_id > 152684)"
                        }
                      ]
                    },
                    {
                      "Node Type": "Hash",
                      "Parent Relationship": "Inner",
                      "Parallel Aware": true,
                      "Startup Cost": 42319.06,
                      "Total Cost": 42319.06,
                      "Plan Rows": 632106,
                      "Plan Width": 4,
                      "Actual Startup Time": 356.842,
                      "Actual Total Time": 356.843,
                      "Actual Rows": 632078,
                      "Actual Loops": 4,
                      "Hash Buckets": 4194304,
                      "Original Hash Buckets": 4194304,
                      "Hash Batches": 1,
                      "Original Hash Batches": 1,
                      "Peak Memory Usage": 131744,
                      "Plans": [
                        {
                          "Node Type": "Seq Scan",
                          "Parent Relationship": "Outer",
                          "Parallel Aware": true,
                          "Relation Name": "title",
                          "Alias": "t",
                          "Startup Cost": 0.0,
                          "Total Cost": 42319.06,
                          "Plan Rows": 632106,
                          "Plan Width": 4,
                          "Actual Startup Time": 0.042,
                          "Actual Total Time": 104.111,
                          "Actual Rows": 632078,
                          "Actual Loops": 4
                        }
                      ]
                    }
                  ]
                }
              ]
            }
          ]
        }
      ]
    },
    "Planning Time": 0.65,
    "Triggers": [],
    "Execution Time": 447.692
  }
]