[
  {
    "Plan": {
      "Node Type": "Aggregate",
      "Strategy": "Plain",
      "Partial Mode": "Finalize",
      "Parallel Aware": false,
      "Startup Cost": 68813.69,
      "Total Cost": 68813.7,
      "Plan Rows": 1,
      "Plan Width": 8,
      "Actual Startup Time": 205.012,
      "Actual Total Time": 219.846,
      "Actual Rows": 1,
      "Actual Loops": 1,
      "Plans": [
        {
          "Node Type": "Gather",
          "Parent Relationship": "Outer",
          "Parallel Aware": false,
          "Startup Cost": 68813.27,
          "Total Cost": 68813.68,
          "Plan Rows": 4,
          "Plan Width": 8,
          "Actual Startup Time": 204.388,
          "Actual Total Time": 219.837,
          "Actual Rows": 5,
          "Actual Loops": 1,
          "Workers Planned": 4,
          "Workers Launched": 4,
          "Single Copy": false,
          "Plans": [
            {
              "Node Type": "Aggregate",
              "Strategy": "Plain",
              "Partial Mode": "Partial",
              "Parent Relationship": "Outer",
              "Parallel Aware": false,
              "Startup Cost": 67813.27,
              "Total Cost": 67813.28,
              "Plan Rows": 1,
              "Plan Width": 8,
              "Actual Startup Time": 194.897,
              "Actual Total Time": 194.9,
              "Actual Rows": 1,
              "Actual Loops": 5,
              "Plans": [
                {
                  "Node Type": "Hash Join",
                  "Parent Relationship": "Outer",
                  "Parallel Aware": true,
                  "Join Type": "Inner",
                  "Startup Cost": 22171.51,
                  "Total Cost": 67742.24,
                  "Plan Rows": 28409,
                  "Plan Width": 0,
                  "Actual Startup Time": 147.687,
                  "Actual Total Time": 193.836,
                  "Actual Rows": 21703,
                  "Actual Loops": 5,
                  "Inner Unique": false,
                  "Hash Cond": "(t.id = mc.movie_id)",
                  "Plans": [
                    {
                      "Node Type": "Seq Scan",
                      "Parent Relationship": "Outer",
                      "Parallel Aware": true,
                      "Relation Name": "title",
                      "Alias": "t",
                      "Startup Cost": 0.0,
                      "Total Cost": 42318.73,
                      "Plan Rows": 632073,
                      "Plan Width": 4,
                      "Actual Startup Time": 0.016,
                      "Actual Total Time": 71.026,
                      "Actual Rows": 505662,
                      "Actual Loops": 5
                    },
                    {
                      "Node Type": "Hash",
                      "Parent Relationship": "Inner",
                      "Parallel Aware": true,
                      "Startup Cost": 21713.31,
                      "Total Cost": 21713.31,
                      "Plan Rows": 36656,
                      "Plan Width": 4,
                      "Actual Startup Time": 46.141,
                      "Actual Total Time": 46.142,
                      "Actual Rows": 21703,
                      "Actual Loops": 5,
                      "Hash Buckets": 131072,
                      "Original Hash Buckets": 131072,
                      "Hash Batches": 1,
                      "Original Hash Batches": 1,
                      "Peak Memory Usage": 5344,
                      "Plans": [
                        {
                          "Node Type": "Bitmap Heap Scan",
                          "Parent Relationship": "Outer",
                          "Parallel Aware": true,
                          "Relation Name": "movie_companies",
                          "Alias": "mc",
                          "Startup Cost": 2465.1,
                          "Total Cost": 21713.31,
                          "Plan Rows": 36656,
                          "Plan Width": 4,
                          "Actual Startup Time": 11.319,
                          "Actual Total Time": 34.528,
                          "Actual Rows": 21703,
                          "Actual Loops": 5,
                          "Recheck Cond": "(company_id > 152684)",
                          "Rows Removed by Index Recheck": 0,
                          "Exact Heap Blocks": 1517,
                          "Lossy Heap Blocks": 0,
                          "Plans": [
                            {
                              "Node Type": "Bitmap Index Scan",
                              "Parent Relationship": "Outer",
                              "Parallel Aware": false,
                              "Index Name": "company_id_movie_companies",
                              "Startup Cost": 0.0,
                              "Total Cost": 2436.69,
                              "Plan Rows": 113635,
                              "Plan Width": 0,
                              "Actual Startup Time": 14.554,
                              "Actual Total Time": 14.554,
                              "Actual Rows": 108516,
                              "Actual Loops": 1,
                              "Index Cond": "(company_id > 152684)"
                            }
                          ]
                        }
                      ]
                    }
                  ]
                }
              ]
            }
          ]
        }
      ]
    },
    "Planning Time": 0.623,
    "Triggers": [],
    "Execution Time": 219.934
  }
]