[
  {
    "Plan": {
      "Node Type": "Aggregate",
      "Strategy": "Plain",
      "Partial Mode": "Finalize",
      "Parallel Aware": false,
      "Startup Cost": 100038.03,
      "Total Cost": 100038.04,
      "Plan Rows": 1,
      "Plan Width": 8,
      "Actual Startup Time": 880.656,
      "Actual Total Time": 961.356,
      "Actual Rows": 1,
      "Actual Loops": 1,
      "Plans": [
        {
          "Node Type": "Gather",
          "Parent Relationship": "Outer",
          "Parallel Aware": false,
          "Startup Cost": 100037.71,
          "Total Cost": 100038.02,
          "Plan Rows": 3,
          "Plan Width": 8,
          "Actual Startup Time": 880.374,
          "Actual Total Time": 961.347,
          "Actual Rows": 4,
          "Actual Loops": 1,
          "Workers Planned": 3,
          "Workers Launched": 3,
          "Single Copy": false,
          "Plans": [
            {
              "Node Type": "Aggregate",
              "Strategy": "Plain",
              "Partial Mode": "Partial",
              "Parent Relationship": "Outer",
              "Parallel Aware": false,
              "Startup Cost": 99037.71,
              "Total Cost": 99037.72,
              "Plan Rows": 1,
              "Plan Width": 8,
              "Actual Startup Time": 871.922,
              "Actual Total Time": 871.926,
              "Actual Rows": 1,
              "Actual Loops": 4,
              "Plans": [
                {
                  "Node Type": "Nested Loop",
                  "Parent Relationship": "Outer",
                  "Parallel Aware": false,
                  "Join Type": "Inner",
                  "Startup Cost": 45601.1,
                  "Total Cost": 99036.5,
                  "Plan Rows": 486,
                  "Plan Width": 0,
                  "Actual Startup Time": 112.797,
                  "Actual Total Time": 871.709,
                  "Actual Rows": 1372,
                  "Actual Loops": 4,
                  "Inner Unique": false,
                  "Join Filter": "(t.id = ci.movie_id)",
                  "Rows Removed by Join Filter": 0,
                  "Plans": [
                    {
                      "Node Type": "Hash Join",
                      "Parent Relationship": "Outer",
                      "Parallel Aware": true,
                      "Join Type": "Inner",
                      "Startup Cost": 45600.54,
                      "Total Cost": 75016.43,
                      "Plan Rows": 12884,
                      "Plan Width": 8,
                      "Actual Startup Time": 105.23,
                      "Actual Total Time": 250.149,
                      "Actual Rows": 16520,
                      "Actual Loops": 4,
                      "Inner Unique": true,
                      "Hash Cond": "(mc.movie_id = t.id)",
                      "Plans": [
                        {
                          "Node Type": "Seq Scan",
                          "Parent Relationship": "Outer",
                          "Parallel Aware": true,
                          "Relation Name": "movie_companies",
                          "Alias": "mc",
                          "Startup Cost": 0.0,
                          "Total Cost": 27206.55,
                          "Plan Rows": 841655,
                          "Plan Width": 4,
                          "Actual Startup Time": 0.013,
                          "Actual Total Time": 64.493,
                          "Actual Rows": 652282,
                          "Actual Loops": 4
                        },
                        {
                          "Node Type": "Hash",
                          "Parent Relationship": "Inner",
                          "Parallel Aware": true,
                          "Startup Cost": 45479.59,
                          "Total Cost": 45479.59,
                          "Plan Rows": 9676,
                          "Plan Width": 4,
                          "Actual Startup Time": 104.45,
                          "Actual Total Time": 104.451,
                          "Actual Rows": 8063,
                          "Actual Loops": 4,
                          "Hash Buckets": 65536,
                          "Original Hash Buckets": 65536,
                          "Hash Batches": 1,
                          "Original Hash Batches": 1,
                          "Peak Memory Usage": 1824,
                          "Plans": [
                            {
                              "Node Type": "Seq Scan",
                              "Parent Relationship": "Outer",
                              "Parallel Aware": true,
                              "Relation Name": "title",
                              "Alias": "t",
                              "Startup Cost": 0.0,
                              "Total Cost": 45479.59,
                              "Plan Rows": 9676,
                              "Plan Width": 4,
                              "Actual Startup Time": 0.176,
                              "Actual Total Time": 100.683,
                              "Actual Rows": 8063,
                              "Actual Loops": 4,
                              "Filter": "((kind_id < 7) AND (production_year = 2005))",
                              "Rows Removed by Filter": 624015
                            }
                          ]
                        }
                      ]
                    },
                    {
                      "Node Type": "Index Scan",
                      "Parent Relationship": "Inner",
                      "Parallel Aware": false,
                      "Scan Direction": "Forward",
                      "Index Name": "movie_id_cast_info",
                      "Relation Name": "cast_info",
                      "Alias": "ci",
                      "Startup Cost": 0.56,
                      "Total Cost": 1.85,
                      "Plan Rows": 1,
                      "Plan Width": 4,
                      "Actual Startup Time": 0.037,
                      "Actual Total Time": 0.037,
                      "Actual Rows": 0,
                      "Actual Loops": 66078,
                      "Index Cond": "(movie_id = mc.movie_id)",
                      "Rows Removed by Index Recheck": 0,
                      "Filter": "(person_id > 4046229)",
                      "Rows Removed by Filter": 37
                    }
                  ]
                }
              ]
            }
          ]
        }
      ]
    },
    "Planning Time": 0.397,
    "Triggers": [],
    "Execution Time": 961.416
  }
]