[
  {
    "Plan": {
      "Node Type": "Aggregate",
      "Strategy": "Plain",
      "Partial Mode": "Simple",
      "Parallel Aware": false,
      "Startup Cost": 3788.85,
      "Total Cost": 3788.86,
      "Plan Rows": 1,
      "Plan Width": 96,
      "Actual Startup Time": 92.839,
      "Actual Total Time": 92.844,
      "Actual Rows": 1,
      "Actual Loops": 1,
      "Plans": [
        {
          "Node Type": "Nested Loop",
          "Parent Relationship": "Outer",
          "Parallel Aware": false,
          "Join Type": "Inner",
          "Startup Cost": 12.82,
          "Total Cost": 3788.84,
          "Plan Rows": 1,
          "Plan Width": 48,
          "Actual Startup Time": 92.835,
          "Actual Total Time": 92.839,
          "Actual Rows": 0,
          "Actual Loops": 1,
          "Inner Unique": false,
          "Join Filter": "(ml.movie_id = mi.movie_id)",
          "Rows Removed by Join Filter": 0,
          "Plans": [
            {
              "Node Type": "Nested Loop",
              "Parent Relationship": "Outer",
              "Parallel Aware": false,
              "Join Type": "Inner",
              "Startup Cost": 12.39,
              "Total Cost": 3787.09,
              "Plan Rows": 1,
              "Plan Width": 64,
              "Actual Startup Time": 92.835,
              "Actual Total Time": 92.839,
              "Actual Rows": 0,
              "Actual Loops": 1,
              "Inner Unique": true,
              "Join Filter": "(mc.company_type_id = ct.id)",
              "Rows Removed by Join Filter": 0,
              "Plans": [
                {
                  "Node Type": "Nested Loop",
                  "Parent Relationship": "Outer",
                  "Parallel Aware": false,
                  "Join Type": "Inner",
                  "Startup Cost": 12.39,
                  "Total Cost": 3786.03,
                  "Plan Rows": 1,
                  "Plan Width": 68,
                  "Actual Startup Time": 92.834,
                  "Actual Total Time": 92.838,
                  "Actual Rows": 0,
                  "Actual Loops": 1,
                  "Inner Unique": true,
                  "Plans": [
                    {
                      "Node Type": "Nested Loop",
                      "Parent Relationship": "Outer",
                      "Parallel Aware": false,
                      "Join Type": "Inner",
                      "Startup Cost": 11.97,
                      "Total Cost": 3785.57,
                      "Plan Rows": 1,
                      "Plan Width": 53,
                      "Actual Startup Time": 3.497,
                      "Actual Total Time": 92.607,
                      "Actual Rows": 36,
                      "Actual Loops": 1,
                      "Inner Unique": false,
                      "Join Filter": "(ml.movie_id = mc.movie_id)",
                      "Rows Removed by Join Filter": 0,
                      "Plans": [
                        {
                          "Node Type": "Nested Loop",
                          "Parent Relationship": "Outer",
                          "Parallel Aware": false,
                          "Join Type": "Inner",
                          "Startup Cost": 11.54,
                          "Total Cost": 3784.99,
                          "Plan Rows": 1,
                          "Plan Width": 41,
                          "Actual Startup Time": 3.421,
                          "Actual Total Time": 92.49,
                          "Actual Rows": 9,
                          "Actual Loops": 1,
                          "Inner Unique": true,
                          "Join Filter": "(ml.movie_id = t.id)",
                          "Rows Removed by Join Filter": 0,
                          "Plans": [
                            {
                              "Node Type": "Nested Loop",
                              "Parent Relationship": "Outer",
                              "Parallel Aware": false,
                              "Join Type": "Inner",
                              "Startup Cost": 11.11,
                              "Total Cost": 3784.49,
                              "Plan Rows": 1,
                              "Plan Width": 20,
                              "Actual Startup Time": 3.359,
                              "Actual Total Time": 91.121,
                              "Actual Rows": 199,
                              "Actual Loops": 1,
                              "Inner Unique": false,
                              "Join Filter": "(ml.link_type_id = lt.id)",
                              "Rows Removed by Join Filter": 303,
                              "Plans": [
                                {
                                  "Node Type": "Seq Scan",
                                  "Parent Relationship": "Outer",
                                  "Parallel Aware": false,
                                  "Relation Name": "link_type",
                                  "Alias": "lt",
                                  "Startup Cost": 0.0,
                                  "Total Cost": 1.23,
                                  "Plan Rows": 1,
                                  "Plan Width": 16,
                                  "Actual Startup Time": 0.008,
                                  "Actual Total Time": 0.013,
                                  "Actual Rows": 2,
                                  "Actual Loops": 1,
                                  "Filter": "((link)::text ~~ '%follow%'::text)",
                                  "Rows Removed by Filter": 16
                                },
                                {
                                  "Node Type": "Nested Loop",
                                  "Parent Relationship": "Inner",
                                  "Parallel Aware": false,
                                  "Join Type": "Inner",
                                  "Startup Cost": 11.11,
                                  "Total Cost": 3783.14,
                                  "Plan Rows": 10,
                                  "Plan Width": 12,
                                  "Actual Startup Time": 2.646,
                                  "Actual Total Time": 45.53,
                                  "Actual Rows": 251,
                                  "Actual Loops": 2,
                                  "Inner Unique": false,
                                  "Plans": [
                                    {
                                      "Node Type": "Nested Loop",
                                      "Parent Relationship": "Outer",
                                      "Parallel Aware": false,
                                      "Join Type": "Inner",
                                      "Startup Cost": 10.82,
                                      "Total Cost": 3768.68,
                                      "Plan Rows": 34,
                                      "Plan Width": 4,
                                      "Actual Startup Time": 2.639,
                                      "Actual Total Time": 36.34,
                                      "Actual Rows": 10544,
                                      "Actual Loops": 2,
                                      "Inner Unique": false,
                                      "Plans": [
                                        {
                                          "Node Type": "Seq Scan",
                                          "Parent Relationship": "Outer",
                                          "Parallel Aware": false,
                                          "Relation Name": "keyword",
                                          "Alias": "k",
                                          "Startup Cost": 0.0,
                                          "Total Cost": 2626.12,
                                          "Plan Rows": 1,
                                          "Plan Width": 4,
                                          "Actual Startup Time": 0.801,
                                          "Actual Total Time": 9.564,
                                          "Actual Rows": 1,
                                          "Actual Loops": 2,
                                          "Filter": "(keyword = 'sequel'::text)",
                                          "Rows Removed by Filter": 134169
                                        },
                                        {
                                          "Node Type": "Bitmap Heap Scan",
                                          "Parent Relationship": "Inner",
                                          "Parallel Aware": false,
                                          "Relation Name": "movie_keyword",
                                          "Alias": "mk",
                                          "Startup Cost": 10.82,
                                          "Total Cost": 1139.48,
                                          "Plan Rows": 308,
                                          "Plan Width": 8,
                                          "Actual Startup Time": 1.824,
                                          "Actual Total Time": 25.666,
                                          "Actual Rows": 10544,
                                          "Actual Loops": 2,
                                          "Recheck Cond": "(keyword_id = k.id)",
                                          "Rows Removed by Index Recheck": 0,
                                          "Exact Heap Blocks": 11140,
                                          "Lossy Heap Blocks": 0,
                                          "Plans": [
                                            {
                                              "Node Type": "Bitmap Index Scan",
                                              "Parent Relationship": "Outer",
                                              "Parallel Aware": false,
                                              "Index Name": "keyword_id_movie_keyword",
                                              "Startup Cost": 0.0,
                                              "Total Cost": 10.74,
                                              "Plan Rows": 308,
                                              "Plan Width": 0,
                                              "Actual Startup Time": 1.167,
                                              "Actual Total Time": 1.167,
                                              "Actual Rows": 10544,
                                              "Actual Loops": 2,
                                              "Index Cond": "(keyword_id = k.id)"
                                            }
                                          ]
                                        }
                                      ]
                                    },
                                    {
                                      "Node Type": "Index Scan",
                                      "Parent Relationship": "Inner",
                                      "Parallel Aware": false,
                                      "Scan Direction": "Forward",
                                      "Index Name": "movie_id_movie_link",
                                      "Relation Name": "movie_link",
                                      "Alias": "ml",
                                      "Startup Cost": 0.29,
                                      "Total Cost": 0.38,
                                      "Plan Rows": 5,
                                      "Plan Width": 8,
                                      "Actual Startup Time": 0.001,
                                      "Actual Total Time": 0.001,
                                      "Actual Rows": 0,
                                      "Actual Loops": 21088,
                                      "Index Cond": "(movie_id = mk.movie_id)",
                                      "Rows Removed by Index Recheck": 0
                                    }
                                  ]
                                }
                              ]
                            },
                            {
                              "Node Type": "Index Scan",
                              "Parent Relationship": "Inner",
                              "Parallel Aware": false,
                              "Scan Direction": "Forward",
                              "Index Name": "title_pkey",
                              "Relation Name": "title",
                              "Alias": "t",
                              "Startup Cost": 0.43,
                              "Total Cost": 0.49,
                              "Plan Rows": 1,
                              "Plan Width": 21,
                              "Actual Startup Time": 0.007,
                              "Actual Total Time": 0.007,
                              "Actual Rows": 0,
                              "Actual Loops": 199,
                              "Index Cond": "(id = mk.movie_id)",
                              "Rows Removed by Index Recheck": 0,
                              "Filter": "((production_year >= 2003) AND (production_year <= 2012))",
                              "Rows Removed by Filter": 1
                            }
                          ]
                        },
                        {
                          "Node Type": "Index Scan",
                          "Parent Relationship": "Inner",
                          "Parallel Aware": false,
                          "Scan Direction": "Forward",
                          "Index Name": "movie_id_movie_companies",
                          "Relation Name": "movie_companies",
                          "Alias": "mc",
                          "Startup Cost": 0.43,
                          "Total Cost": 0.54,
                          "Plan Rows": 3,
                          "Plan Width": 12,
                          "Actual Startup Time": 0.011,
                          "Actual Total Time": 0.012,
                          "Actual Rows": 4,
                          "Actual Loops": 9,
                          "Index Cond": "(movie_id = mk.movie_id)",
                          "Rows Removed by Index Recheck": 0,
                          "Filter": "(note IS NULL)",
                          "Rows Removed by Filter": 3
                        }
                      ]
                    },
                    {
                      "Node Type": "Index Scan",
                      "Parent Relationship": "Inner",
                      "Parallel Aware": false,
                      "Scan Direction": "Forward",
                      "Index Name": "company_name_pkey",
                      "Relation Name": "company_name",
                      "Alias": "cn",
                      "Startup Cost": 0.42,
                      "Total Cost": 0.46,
                      "Plan Rows": 1,
                      "Plan Width": 23,
                      "Actual Startup Time": 0.006,
                      "Actual Total Time": 0.006,
                      "Actual Rows": 0,
                      "Actual Loops": 36,
                      "Index Cond": "(id = mc.company_id)",
                      "Rows Removed by Index Recheck": 0,
                      "Filter": "(((country_code)::text <> '[nl]'::text) AND ((name ~~ '%Film%'::text) OR (name ~~ '%Warner%'::text)))",
                      "Rows Removed by Filter": 1
                    }
                  ]
                },
                {
                  "Node Type": "Seq Scan",
                  "Parent Relationship": "Inner",
                  "Parallel Aware": false,
                  "Relation Name": "company_type",
                  "Alias": "ct",
                  "Startup Cost": 0.0,
                  "Total Cost": 1.05,
                  "Plan Rows": 1,
                  "Plan Width": 4,
                  "Actual Startup Time": 0.0,
                  "Actual Total Time": 0.0,
                  "Actual Rows": 0,
                  "Actual Loops": 0,
                  "Filter": "((kind)::text = 'production companies'::text)",
                  "Rows Removed by Filter": 0
                }
              ]
            },
            {
              "Node Type": "Index Scan",
              "Parent Relationship": "Inner",
              "Parallel Aware": false,
              "Scan Direction": "Forward",
              "Index Name": "movie_id_movie_info",
              "Relation Name": "movie_info",
              "Alias": "mi",
              "Startup Cost": 0.43,
              "Total Cost": 1.7,
              "Plan Rows": 4,
              "Plan Width": 4,
              "Actual Startup Time": 0.0,
              "Actual Total Time": 0.0,
              "Actual Rows": 0,
              "Actual Loops": 0,
              "Index Cond": "(movie_id = mk.movie_id)",
              "Rows Removed by Index Recheck": 0,
              "Filter": "(info = ANY ('{English,USA,Norwegian,German,Bulgaria,Denmark,Swedish,Germany}'::text[]))",
              "Rows Removed by Filter": 0
            }
          ]
        }
      ]
    },
    "Planning Time": 27.236,
    "Triggers": [],
    "Execution Time": 93.127
  }
]