[
  {
    "Plan": {
      "Node Type": "Aggregate",
      "Strategy": "Plain",
      "Partial Mode": "Finalize",
      "Parallel Aware": false,
      "Startup Cost": 24180.33,
      "Total Cost": 24180.34,
      "Plan Rows": 1,
      "Plan Width": 8,
      "Actual Startup Time": 62.112,
      "Actual Total Time": 67.428,
      "Actual Rows": 1,
      "Actual Loops": 1,
      "Plans": [
        {
          "Node Type": "Gather",
          "Parent Relationship": "Outer",
          "Parallel Aware": false,
          "Startup Cost": 24180.02,
          "Total Cost": 24180.33,
          "Plan Rows": 3,
          "Plan Width": 8,
          "Actual Startup Time": 61.88,
          "Actual Total Time": 67.42,
          "Actual Rows": 4,
          "Actual Loops": 1,
          "Workers Planned": 3,
          "Workers Launched": 3,
          "Single Copy": false,
          "Plans": [
            {
              "Node Type": "Aggregate",
              "Strategy": "Plain",
              "Partial Mode": "Partial",
              "Parent Relationship": "Outer",
              "Parallel Aware": false,
              "Startup Cost": 23180.02,
              "Total Cost": 23180.03,
              "Plan Rows": 1,
              "Plan Width": 8,
              "Actual Startup Time": 53.813,
              "Actual Total Time": 53.814,
              "Actual Rows": 1,
              "Actual Loops": 4,
              "Plans": [
                {
                  "Node Type": "Bitmap Heap Scan",
                  "Parent Relationship": "Outer",
                  "Parallel Aware": true,
                  "Relation Name": "movie_companies",
                  "Alias": "mc",
                  "Startup Cost": 3530.1,
                  "Total Cost": 23112.93,
                  "Plan Rows": 26836,
                  "Plan Width": 0,
                  "Actual Startup Time": 44.707,
                  "Actual Total Time": 53.156,
                  "Actual Rows": 9539,
                  "Actual Loops": 4,
                  "Recheck Cond": "(company_id < 34)",
                  "Rows Removed by Index Recheck": 0,
                  "Filter": "(company_type_id = 2)",
                  "Rows Removed by Filter": 32388,
                  "Exact Heap Blocks": 9957,
                  "Lossy Heap Blocks": 0,
                  "Plans": [
                    {
                      "Node Type": "Bitmap Index Scan",
                      "Parent Relationship": "Outer",
                      "Parallel Aware": false,
                      "Index Name": "company_id_movie_companies",
                      "Startup Cost": 0.0,
                      "Total Cost": 3509.3,
                      "Plan Rows": 163850,
                      "Plan Width": 0,
                      "Actual Startup Time": 22.56,
                      "Actual Total Time": 22.56,
                      "Actual Rows": 167708,
                      "Actual Loops": 1,
                      "Index Cond": "(company_id < 34)"
                    }
                  ]
                }
              ]
            }
          ]
        }
      ]
    },
    "Planning Time": 0.306,
    "Triggers": [],
    "Execution Time": 67.513
  }
]