[
  {
    "Plan": {
      "Node Type": "Aggregate",
      "Strategy": "Plain",
      "Partial Mode": "Finalize",
      "Parallel Aware": false,
      "Startup Cost": 69181.02,
      "Total Cost": 69181.03,
      "Plan Rows": 1,
      "Plan Width": 8,
      "Actual Startup Time": 260.185,
      "Actual Total Time": 280.733,
      "Actual Rows": 1,
      "Actual Loops": 1,
      "Plans": [
        {
          "Node Type": "Gather",
          "Parent Relationship": "Outer",
          "Parallel Aware": false,
          "Startup Cost": 69180.81,
          "Total Cost": 69181.02,
          "Plan Rows": 2,
          "Plan Width": 8,
          "Actual Startup Time": 259.888,
          "Actual Total Time": 280.726,
          "Actual Rows": 3,
          "Actual Loops": 1,
          "Workers Planned": 2,
          "Workers Launched": 2,
          "Single Copy": false,
          "Plans": [
            {
              "Node Type": "Aggregate",
              "Strategy": "Plain",
              "Partial Mode": "Partial",
              "Parent Relationship": "Outer",
              "Parallel Aware": false,
              "Startup Cost": 68180.81,
              "Total Cost": 68180.82,
              "Plan Rows": 1,
              "Plan Width": 8,
              "Actual Startup Time": 251.503,
              "Actual Total Time": 251.507,
              "Actual Rows": 1,
              "Actual Loops": 3,
              "Plans": [
                {
                  "Node Type": "Nested Loop",
                  "Parent Relationship": "Outer",
                  "Parallel Aware": false,
                  "Join Type": "Inner",
                  "Startup Cost": 45532.57,
                  "Total Cost": 68163.7,
                  "Plan Rows": 6842,
                  "Plan Width": 0,
                  "Actual Startup Time": 137.268,
                  "Actual Total Time": 250.596,
                  "Actual Rows": 14833,
                  "Actual Loops": 3,
                  "Inner Unique": false,
                  "Join Filter": "(t.id = mk.movie_id)",
                  "Rows Removed by Join Filter": 0,
                  "Plans": [
                    {
                      "Node Type": "Hash Join",
                      "Parent Relationship": "Outer",
                      "Parallel Aware": true,
                      "Join Type": "Inner",
                      "Startup Cost": 45532.14,
                      "Total Cost": 60726.7,
                      "Plan Rows": 3824,
                      "Plan Width": 8,
                      "Actual Startup Time": 137.144,
                      "Actual Total Time": 229.886,
                      "Actual Rows": 3421,
                      "Actual Loops": 3,
                      "Inner Unique": true,
                      "Hash Cond": "(mi_idx.movie_id = t.id)",
                      "Plans": [
                        {
                          "Node Type": "Seq Scan",
                          "Parent Relationship": "Outer",
                          "Parallel Aware": true,
                          "Relation Name": "movie_info_idx",
                          "Alias": "mi_idx",
                          "Startup Cost": 0.0,
                          "Total Cost": 13685.15,
                          "Plan Rows": 575015,
                          "Plan Width": 4,
                          "Actual Startup Time": 0.014,
                          "Actual Total Time": 47.228,
                          "Actual Rows": 460012,
                          "Actual Loops": 3
                        },
                        {
                          "Node Type": "Hash",
                          "Parent Relationship": "Inner",
                          "Parallel Aware": true,
                          "Startup Cost": 45479.59,
                          "Total Cost": 45479.59,
                          "Plan Rows": 4204,
                          "Plan Width": 4,
                          "Actual Startup Time": 135.863,
                          "Actual Total Time": 135.864,
                          "Actual Rows": 5860,
                          "Actual Loops": 3,
                          "Hash Buckets": 32768,
                          "Original Hash Buckets": 32768,
                          "Hash Batches": 1,
                          "Original Hash Batches": 1,
                          "Peak Memory Usage": 992,
                          "Plans": [
                            {
                              "Node Type": "Seq Scan",
                              "Parent Relationship": "Outer",
                              "Parallel Aware": true,
                              "Relation Name": "title",
                              "Alias": "t",
                              "Startup Cost": 0.0,
                              "Total Cost": 45479.59,
                              "Plan Rows": 4204,
                              "Plan Width": 4,
                              "Actual Startup Time": 0.133,
                              "Actual Total Time": 132.348,
                              "Actual Rows": 5860,
                              "Actual Loops": 3,
                              "Filter": "((kind_id > 1) AND (production_year = 1990))",
                              "Rows Removed by Filter": 836911
                            }
                          ]
                        }
                      ]
                    },
                    {
                      "Node Type": "Index Only Scan",
                      "Parent Relationship": "Inner",
                      "Parallel Aware": false,
                      "Scan Direction": "Forward",
                      "Index Name": "movie_id_movie_keyword",
                      "Relation Name": "movie_keyword",
                      "Alias": "mk",
                      "Startup Cost": 0.43,
                      "Total Cost": 1.37,
                      "Plan Rows": 46,
                      "Plan Width": 4,
                      "Actual Startup Time": 0.004,
                      "Actual Total Time": 0.005,
                      "Actual Rows": 4,
                      "Actual Loops": 10263,
                      "Index Cond": "(movie_id = mi_idx.movie_id)",
                      "Rows Removed by Index Recheck": 0,
                      "Heap Fetches": 44499
                    }
                  ]
                }
              ]
            }
          ]
        }
      ]
    },
    "Planning Time": 1.303,
    "Triggers": [],
    "Execution Time": 280.819
  }
]