[
    {
        "Bao": {
            "Bao prediction": 481.354,
            "Bao recommended hint": "(no hint)"
        }
    },
    {
        "Plan": {
            "Node Type": "Aggregate",
            "Strategy": "Plain",
            "Partial Mode": "Finalize",
            "Parallel Aware": false,
            "Startup Cost": 31672.58,
            "Total Cost": 31672.59,
            "Plan Rows": 1,
            "Plan Width": 8,
            "Actual Startup Time": 139.415,
            "Actual Total Time": 144.802,
            "Actual Rows": 1,
            "Actual Loops": 1,
            "Output": [
                "count(*)"
            ],
            "Plans": [
                {
                    "Node Type": "Gather",
                    "Parent Relationship": "Outer",
                    "Parallel Aware": false,
                    "Startup Cost": 31672.26,
                    "Total Cost": 31672.57,
                    "Plan Rows": 3,
                    "Plan Width": 8,
                    "Actual Startup Time": 139.324,
                    "Actual Total Time": 144.795,
                    "Actual Rows": 4,
                    "Actual Loops": 1,
                    "Output": [
                        "(PARTIAL count(*))"
                    ],
                    "Workers Planned": 3,
                    "Workers Launched": 3,
                    "Single Copy": false,
                    "Plans": [
                        {
                            "Node Type": "Aggregate",
                            "Strategy": "Plain",
                            "Partial Mode": "Partial",
                            "Parent Relationship": "Outer",
                            "Parallel Aware": false,
                            "Startup Cost": 30672.26,
                            "Total Cost": 30672.27,
                            "Plan Rows": 1,
                            "Plan Width": 8,
                            "Actual Startup Time": 131.673,
                            "Actual Total Time": 131.674,
                            "Actual Rows": 1,
                            "Actual Loops": 4,
                            "Output": [
                                "PARTIAL count(*)"
                            ],
                            "Workers": [
                                {
                                    "Worker Number": 0,
                                    "Actual Startup Time": 129.151,
                                    "Actual Total Time": 129.153,
                                    "Actual Rows": 1,
                                    "Actual Loops": 1
                                },
                                {
                                    "Worker Number": 1,
                                    "Actual Startup Time": 129.279,
                                    "Actual Total Time": 129.281,
                                    "Actual Rows": 1,
                                    "Actual Loops": 1
                                },
                                {
                                    "Worker Number": 2,
                                    "Actual Startup Time": 129.539,
                                    "Actual Total Time": 129.54,
                                    "Actual Rows": 1,
                                    "Actual Loops": 1
                                }
                            ],
                            "Plans": [
                                {
                                    "Node Type": "Seq Scan",
                                    "Parent Relationship": "Outer",
                                    "Parallel Aware": true,
                                    "Relation Name": "movie_companies",
                                    "Schema": "public",
                                    "Alias": "mc",
                                    "Startup Cost": 0.0,
                                    "Total Cost": 29310.68,
                                    "Plan Rows": 544632,
                                    "Plan Width": 0,
                                    "Actual Startup Time": 2.605,
                                    "Actual Total Time": 102.481,
                                    "Actual Rows": 422716,
                                    "Actual Loops": 4,
                                    "Output": [
                                        "id",
                                        "movie_id",
                                        "company_id",
                                        "company_type_id",
                                        "note"
                                    ],
                                    "Filter": "(mc.company_id > 3133)",
                                    "Rows Removed by Filter": 229566,
                                    "Workers": [
                                        {
                                            "Worker Number": 0,
                                            "Actual Startup Time": 0.125,
                                            "Actual Total Time": 100.867,
                                            "Actual Rows": 405258,
                                            "Actual Loops": 1
                                        },
                                        {
                                            "Worker Number": 1,
                                            "Actual Startup Time": 0.233,
                                            "Actual Total Time": 101.269,
                                            "Actual Rows": 404892,
                                            "Actual Loops": 1
                                        },
                                        {
                                            "Worker Number": 2,
                                            "Actual Startup Time": 0.444,
                                            "Actual Total Time": 101.329,
                                            "Actual Rows": 407206,
                                            "Actual Loops": 1
                                        }
                                    ]
                                }
                            ]
                        }
                    ]
                }
            ]
        },
        "Planning Time": 2118.206,
        "Triggers": [],
        "Execution Time": 144.896
    }
]