[
  {
    "Plan": {
      "Node Type": "Aggregate",
      "Strategy": "Plain",
      "Partial Mode": "Finalize",
      "Parallel Aware": false,
      "Startup Cost": 46483.47,
      "Total Cost": 46483.48,
      "Plan Rows": 1,
      "Plan Width": 8,
      "Actual Startup Time": 85.166,
      "Actual Total Time": 96.565,
      "Actual Rows": 1,
      "Actual Loops": 1,
      "Plans": [
        {
          "Node Type": "Gather",
          "Parent Relationship": "Outer",
          "Parallel Aware": false,
          "Startup Cost": 46483.05,
          "Total Cost": 46483.46,
          "Plan Rows": 4,
          "Plan Width": 8,
          "Actual Startup Time": 84.856,
          "Actual Total Time": 96.555,
          "Actual Rows": 5,
          "Actual Loops": 1,
          "Workers Planned": 4,
          "Workers Launched": 4,
          "Single Copy": false,
          "Plans": [
            {
              "Node Type": "Aggregate",
              "Strategy": "Plain",
              "Partial Mode": "Partial",
              "Parent Relationship": "Outer",
              "Parallel Aware": false,
              "Startup Cost": 45483.05,
              "Total Cost": 45483.06,
              "Plan Rows": 1,
              "Plan Width": 8,
              "Actual Startup Time": 78.981,
              "Actual Total Time": 78.983,
              "Actual Rows": 1,
              "Actual Loops": 5,
              "Plans": [
                {
                  "Node Type": "Seq Scan",
                  "Parent Relationship": "Outer",
                  "Parallel Aware": true,
                  "Relation Name": "title",
                  "Alias": "t",
                  "Startup Cost": 0.0,
                  "Total Cost": 45479.59,
                  "Plan Rows": 1386,
                  "Plan Width": 0,
                  "Actual Startup Time": 50.03,
                  "Actual Total Time": 78.87,
                  "Actual Rows": 972,
                  "Actual Loops": 5,
                  "Filter": "((kind_id = 1) AND (production_year = 1988))",
                  "Rows Removed by Filter": 504690
                }
              ]
            }
          ]
        }
      ]
    },
    "Planning Time": 0.069,
    "Triggers": [],
    "Execution Time": 96.592
  }
]