[
  {
    "Plan": {
      "Node Type": "Aggregate",
      "Strategy": "Plain",
      "Partial Mode": "Finalize",
      "Parallel Aware": false,
      "Startup Cost": 46482.92,
      "Total Cost": 46482.93,
      "Plan Rows": 1,
      "Plan Width": 8,
      "Actual Startup Time": 92.349,
      "Actual Total Time": 104.15,
      "Actual Rows": 1,
      "Actual Loops": 1,
      "Plans": [
        {
          "Node Type": "Gather",
          "Parent Relationship": "Outer",
          "Parallel Aware": false,
          "Startup Cost": 46482.5,
          "Total Cost": 46482.91,
          "Plan Rows": 4,
          "Plan Width": 8,
          "Actual Startup Time": 92.09,
          "Actual Total Time": 104.142,
          "Actual Rows": 5,
          "Actual Loops": 1,
          "Workers Planned": 4,
          "Workers Launched": 4,
          "Single Copy": false,
          "Plans": [
            {
              "Node Type": "Aggregate",
              "Strategy": "Plain",
              "Partial Mode": "Partial",
              "Parent Relationship": "Outer",
              "Parallel Aware": false,
              "Startup Cost": 45482.5,
              "Total Cost": 45482.51,
              "Plan Rows": 1,
              "Plan Width": 8,
              "Actual Startup Time": 84.093,
              "Actual Total Time": 84.094,
              "Actual Rows": 1,
              "Actual Loops": 5,
              "Plans": [
                {
                  "Node Type": "Seq Scan",
                  "Parent Relationship": "Outer",
                  "Parallel Aware": true,
                  "Relation Name": "title",
                  "Alias": "t",
                  "Startup Cost": 0.0,
                  "Total Cost": 45479.1,
                  "Plan Rows": 1360,
                  "Plan Width": 0,
                  "Actual Startup Time": 57.369,
                  "Actual Total Time": 83.983,
                  "Actual Rows": 972,
                  "Actual Loops": 5,
                  "Filter": "((kind_id = 1) AND (production_year = 1988))",
                  "Rows Removed by Filter": 504690
                }
              ]
            }
          ]
        }
      ]
    },
    "Planning Time": 0.191,
    "Triggers": [],
    "Execution Time": 104.21
  }
]