[
  {
    "Plan": {
      "Node Type": "Aggregate",
      "Strategy": "Plain",
      "Partial Mode": "Finalize",
      "Parallel Aware": false,
      "Startup Cost": 80270.83,
      "Total Cost": 80270.84,
      "Plan Rows": 1,
      "Plan Width": 8,
      "Actual Startup Time": 319.96,
      "Actual Total Time": 336.248,
      "Actual Rows": 1,
      "Actual Loops": 1,
      "Plans": [
        {
          "Node Type": "Gather",
          "Parent Relationship": "Outer",
          "Parallel Aware": false,
          "Startup Cost": 80270.41,
          "Total Cost": 80270.82,
          "Plan Rows": 4,
          "Plan Width": 8,
          "Actual Startup Time": 314.723,
          "Actual Total Time": 336.237,
          "Actual Rows": 5,
          "Actual Loops": 1,
          "Workers Planned": 4,
          "Workers Launched": 4,
          "Single Copy": false,
          "Plans": [
            {
              "Node Type": "Aggregate",
              "Strategy": "Plain",
              "Partial Mode": "Partial",
              "Parent Relationship": "Outer",
              "Parallel Aware": false,
              "Startup Cost": 79270.41,
              "Total Cost": 79270.42,
              "Plan Rows": 1,
              "Plan Width": 8,
              "Actual Startup Time": 306.44,
              "Actual Total Time": 306.543,
              "Actual Rows": 1,
              "Actual Loops": 5,
              "Plans": [
                {
                  "Node Type": "Hash Join",
                  "Parent Relationship": "Outer",
                  "Parallel Aware": true,
                  "Join Type": "Inner",
                  "Startup Cost": 32702.89,
                  "Total Cost": 79123.13,
                  "Plan Rows": 58910,
                  "Plan Width": 0,
                  "Actual Startup Time": 128.024,
                  "Actual Total Time": 303.616,
                  "Actual Rows": 57420,
                  "Actual Loops": 5,
                  "Inner Unique": false,
                  "Hash Cond": "(t.id = mc.movie_id)",
                  "Plans": [
                    {
                      "Node Type": "Seq Scan",
                      "Parent Relationship": "Outer",
                      "Parallel Aware": true,
                      "Relation Name": "title",
                      "Alias": "t",
                      "Startup Cost": 0.0,
                      "Total Cost": 43898.92,
                      "Plan Rows": 466259,
                      "Plan Width": 4,
                      "Actual Startup Time": 0.012,
                      "Actual Total Time": 80.026,
                      "Actual Rows": 373097,
                      "Actual Loops": 5,
                      "Filter": "(kind_id > 1)",
                      "Rows Removed by Filter": 132565
                    },
                    {
                      "Node Type": "Hash",
                      "Parent Relationship": "Inner",
                      "Parallel Aware": true,
                      "Startup Cost": 31414.82,
                      "Total Cost": 31414.82,
                      "Plan Rows": 103046,
                      "Plan Width": 4,
                      "Actual Startup Time": 125.115,
                      "Actual Total Time": 125.116,
                      "Actual Rows": 124889,
                      "Actual Loops": 5,
                      "Hash Buckets": 1048576,
                      "Original Hash Buckets": 524288,
                      "Hash Batches": 1,
                      "Original Hash Batches": 1,
                      "Peak Memory Usage": 36800,
                      "Plans": [
                        {
                          "Node Type": "Seq Scan",
                          "Parent Relationship": "Outer",
                          "Parallel Aware": true,
                          "Relation Name": "movie_companies",
                          "Alias": "mc",
                          "Startup Cost": 0.0,
                          "Total Cost": 31414.82,
                          "Plan Rows": 103046,
                          "Plan Width": 4,
                          "Actual Startup Time": 40.02,
                          "Actual Total Time": 71.671,
                          "Actual Rows": 124889,
                          "Actual Loops": 5,
                          "Filter": "((company_id > 56798) AND (company_type_id = 2))",
                          "Rows Removed by Filter": 396937
                        }
                      ]
                    }
                  ]
                }
              ]
            }
          ]
        }
      ]
    },
    "Planning Time": 0.678,
    "Triggers": [],
    "Execution Time": 336.322
  }
]