[
  {
    "Plan": {
      "Node Type": "Aggregate",
      "Strategy": "Plain",
      "Partial Mode": "Finalize",
      "Parallel Aware": false,
      "Startup Cost": 542364.93,
      "Total Cost": 542364.94,
      "Plan Rows": 1,
      "Plan Width": 64,
      "Actual Startup Time": 3805.646,
      "Actual Total Time": 3939.263,
      "Actual Rows": 1,
      "Actual Loops": 1,
      "Plans": [
        {
          "Node Type": "Gather",
          "Parent Relationship": "Outer",
          "Parallel Aware": false,
          "Startup Cost": 542364.6,
          "Total Cost": 542364.91,
          "Plan Rows": 3,
          "Plan Width": 64,
          "Actual Startup Time": 3803.78,
          "Actual Total Time": 3939.24,
          "Actual Rows": 4,
          "Actual Loops": 1,
          "Workers Planned": 3,
          "Workers Launched": 3,
          "Single Copy": false,
          "Plans": [
            {
              "Node Type": "Aggregate",
              "Strategy": "Plain",
              "Partial Mode": "Partial",
              "Parent Relationship": "Outer",
              "Parallel Aware": false,
              "Startup Cost": 541364.6,
              "Total Cost": 541364.61,
              "Plan Rows": 1,
              "Plan Width": 64,
              "Actual Startup Time": 3792.713,
              "Actual Total Time": 3792.737,
              "Actual Rows": 1,
              "Actual Loops": 4,
              "Plans": [
                {
                  "Node Type": "Hash Join",
                  "Parent Relationship": "Outer",
                  "Parallel Aware": true,
                  "Join Type": "Inner",
                  "Startup Cost": 525970.59,
                  "Total Cost": 541364.49,
                  "Plan Rows": 22,
                  "Plan Width": 33,
                  "Actual Startup Time": 3724.259,
                  "Actual Total Time": 3791.627,
                  "Actual Rows": 9169,
                  "Actual Loops": 4,
                  "Inner Unique": false,
                  "Hash Cond": "(an.person_id = n.id)",
                  "Plans": [
                    {
                      "Node Type": "Seq Scan",
                      "Parent Relationship": "Outer",
                      "Parallel Aware": true,
                      "Relation Name": "aka_name",
                      "Alias": "an",
                      "Startup Cost": 0.0,
                      "Total Cost": 14303.56,
                      "Plan Rows": 290756,
                      "Plan Width": 20,
                      "Actual Startup Time": 0.015,
                      "Actual Total Time": 37.706,
                      "Actual Rows": 225336,
                      "Actual Loops": 4
                    },
                    {
                      "Node Type": "Hash",
                      "Parent Relationship": "Inner",
                      "Parallel Aware": true,
                      "Startup Cost": 525970.38,
                      "Total Cost": 525970.38,
                      "Plan Rows": 17,
                      "Plan Width": 25,
                      "Actual Startup Time": 3723.222,
                      "Actual Total Time": 3723.244,
                      "Actual Rows": 6105,
                      "Actual Loops": 4,
                      "Hash Buckets": 32768,
                      "Original Hash Buckets": 1024,
                      "Hash Batches": 1,
                      "Original Hash Batches": 1,
                      "Peak Memory Usage": 2200,
                      "Plans": [
                        {
                          "Node Type": "Hash Join",
                          "Parent Relationship": "Outer",
                          "Parallel Aware": true,
                          "Join Type": "Inner",
                          "Startup Cost": 521059.38,
                          "Total Cost": 525970.38,
                          "Plan Rows": 17,
                          "Plan Width": 25,
                          "Actual Startup Time": 3705.132,
                          "Actual Total Time": 3717.541,
                          "Actual Rows": 6105,
                          "Actual Loops": 4,
                          "Inner Unique": false,
                          "Hash Cond": "(cn.id = mc.company_id)",
                          "Plans": [
                            {
                              "Node Type": "Seq Scan",
                              "Parent Relationship": "Outer",
                              "Parallel Aware": true,
                              "Relation Name": "company_name",
                              "Alias": "cn",
                              "Startup Cost": 0.0,
                              "Total Cost": 4722.92,
                              "Plan Rows": 50137,
                              "Plan Width": 4,
                              "Actual Startup Time": 0.018,
                              "Actual Total Time": 9.132,
                              "Actual Rows": 21211,
                              "Actual Loops": 4,
                              "Filter": "((country_code)::text = '[us]'::text)",
                              "Rows Removed by Filter": 37538
                            },
                            {
                              "Node Type": "Hash",
                              "Parent Relationship": "Inner",
                              "Parallel Aware": true,
                              "Startup Cost": 521059.06,
                              "Total Cost": 521059.06,
                              "Plan Rows": 26,
                              "Plan Width": 29,
                              "Actual Startup Time": 3704.693,
                              "Actual Total Time": 3704.712,
                              "Actual Rows": 7946,
                              "Actual Loops": 4,
                              "Hash Buckets": 32768,
                              "Original Hash Buckets": 1024,
                              "Hash Batches": 1,
                              "Original Hash Batches": 1,
                              "Peak Memory Usage": 2776,
                              "Plans": [
                                {
                                  "Node Type": "Hash Join",
                                  "Parent Relationship": "Outer",
                                  "Parallel Aware": true,
                                  "Join Type": "Inner",
                                  "Startup Cost": 490696.25,
                                  "Total Cost": 521059.06,
                                  "Plan Rows": 26,
                                  "Plan Width": 29,
                                  "Actual Startup Time": 3547.805,
                                  "Actual Total Time": 3686.479,
                                  "Actual Rows": 7946,
                                  "Actual Loops": 4,
                                  "Inner Unique": false,
                                  "Hash Cond": "(mc.movie_id = ci.movie_id)",
                                  "Plans": [
                                    {
                                      "Node Type": "Seq Scan",
                                      "Parent Relationship": "Outer",
                                      "Parallel Aware": true,
                                      "Relation Name": "movie_companies",
                                      "Alias": "mc",
                                      "Startup Cost": 0.0,
                                      "Total Cost": 27206.55,
                                      "Plan Rows": 841655,
                                      "Plan Width": 8,
                                      "Actual Startup Time": 0.018,
                                      "Actual Total Time": 71.684,
                                      "Actual Rows": 652282,
                                      "Actual Loops": 4
                                    },
                                    {
                                      "Node Type": "Hash",
                                      "Parent Relationship": "Inner",
                                      "Parallel Aware": true,
                                      "Startup Cost": 490696.15,
                                      "Total Cost": 490696.15,
                                      "Plan Rows": 8,
                                      "Plan Width": 37,
                                      "Actual Startup Time": 3547.207,
                                      "Actual Total Time": 3547.223,
                                      "Actual Rows": 3422,
                                      "Actual Loops": 4,
                                      "Hash Buckets": 16384,
                                      "Original Hash Buckets": 1024,
                                      "Hash Batches": 1,
                                      "Original Hash Batches": 1,
                                      "Peak Memory Usage": 1400,
                                      "Plans": [
                                        {
                                          "Node Type": "Hash Join",
                                          "Parent Relationship": "Outer",
                                          "Parallel Aware": true,
                                          "Join Type": "Inner",
                                          "Startup Cost": 420758.29,
                                          "Total Cost": 490696.15,
                                          "Plan Rows": 8,
                                          "Plan Width": 37,
                                          "Actual Startup Time": 3228.642,
                                          "Actual Total Time": 3512.508,
                                          "Actual Rows": 3422,
                                          "Actual Loops": 4,
                                          "Inner Unique": false,
                                          "Hash Cond": "(n.id = ci.person_id)",
                                          "Plans": [
                                            {
                                              "Node Type": "Seq Scan",
                                              "Parent Relationship": "Outer",
                                              "Parallel Aware": true,
                                              "Relation Name": "name",
                                              "Alias": "n",
                                              "Startup Cost": 0.0,
                                              "Total Cost": 66031.07,
                                              "Plan Rows": 1041807,
                                              "Plan Width": 4,
                                              "Actual Startup Time": 0.03,
                                              "Actual Total Time": 151.635,
                                              "Actual Rows": 1041873,
                                              "Actual Loops": 4
                                            },
                                            {
                                              "Node Type": "Hash",
                                              "Parent Relationship": "Inner",
                                              "Parallel Aware": true,
                                              "Startup Cost": 420758.23,
                                              "Total Cost": 420758.23,
                                              "Plan Rows": 5,
                                              "Plan Width": 33,
                                              "Actual Startup Time": 3228.189,
                                              "Actual Total Time": 3228.2,
                                              "Actual Rows": 3422,
                                              "Actual Loops": 4,
                                              "Hash Buckets": 16384,
                                              "Original Hash Buckets": 1024,
                                              "Hash Batches": 1,
                                              "Original Hash Batches": 1,
                                              "Peak Memory Usage": 1272,
                                              "Plans": [
                                                {
                                                  "Node Type": "Hash Join",
                                                  "Parent Relationship": "Outer",
                                                  "Parallel Aware": true,
                                                  "Join Type": "Inner",
                                                  "Startup Cost": 91204.68,
                                                  "Total Cost": 420758.23,
                                                  "Plan Rows": 5,
                                                  "Plan Width": 33,
                                                  "Actual Startup Time": 420.59,
                                                  "Actual Total Time": 2833.802,
                                                  "Actual Rows": 3422,
                                                  "Actual Loops": 4,
                                                  "Inner Unique": false,
                                                  "Hash Cond": "(ci.movie_id = mk.movie_id)",
                                                  "Plans": [
                                                    {
                                                      "Node Type": "Hash Join",
                                                      "Parent Relationship": "Outer",
                                                      "Parallel Aware": true,
                                                      "Join Type": "Inner",
                                                      "Startup Cost": 45700.21,
                                                      "Total Cost": 374618.98,
                                                      "Plan Rows": 169270,
                                                      "Plan Width": 29,
                                                      "Actual Startup Time": 143.22,
                                                      "Actual Total Time": 2487.832,
                                                      "Actual Rows": 322365,
                                                      "Actual Loops": 4,
                                                      "Inner Unique": true,
                                                      "Hash Cond": "(ci.movie_id = t.id)",
                                                      "Plans": [
                                                        {
                                                          "Node Type": "Seq Scan",
                                                          "Parent Relationship": "Outer",
                                                          "Parallel Aware": true,
                                                          "Relation Name": "cast_info",
                                                          "Alias": "ci",
                                                          "Startup Cost": 0.0,
                                                          "Total Cost": 313068.58,
                                                          "Plan Rows": 6038158,
                                                          "Plan Width": 8,
                                                          "Actual Startup Time": 0.02,
                                                          "Actual Total Time": 1005.517,
                                                          "Actual Rows": 9061086,
                                                          "Actual Loops": 4
                                                        },
                                                        {
                                                          "Node Type": "Hash",
                                                          "Parent Relationship": "Inner",
                                                          "Parallel Aware": true,
                                                          "Startup Cost": 45478.74,
                                                          "Total Cost": 45478.74,
                                                          "Plan Rows": 17718,
                                                          "Plan Width": 21,
                                                          "Actual Startup Time": 142.456,
                                                          "Actual Total Time": 142.457,
                                                          "Actual Rows": 17426,
                                                          "Actual Loops": 4,
                                                          "Hash Buckets": 131072,
                                                          "Original Hash Buckets": 131072,
                                                          "Hash Batches": 1,
                                                          "Original Hash Batches": 1,
                                                          "Peak Memory Usage": 4960,
                                                          "Plans": [
                                                            {
                                                              "Node Type": "Seq Scan",
                                                              "Parent Relationship": "Outer",
                                                              "Parallel Aware": true,
                                                              "Relation Name": "title",
                                                              "Alias": "t",
                                                              "Startup Cost": 0.0,
                                                              "Total Cost": 45478.74,
                                                              "Plan Rows": 17718,
                                                              "Plan Width": 21,
                                                              "Actual Startup Time": 0.04,
                                                              "Actual Total Time": 131.358,
                                                              "Actual Rows": 17426,
                                                              "Actual Loops": 4,
                                                              "Filter": "((episode_nr >= 14) AND (episode_nr <= 17))",
                                                              "Rows Removed by Filter": 614652
                                                            }
                                                          ]
                                                        }
                                                      ]
                                                    },
                                                    {
                                                      "Node Type": "Hash",
                                                      "Parent Relationship": "Inner",
                                                      "Parallel Aware": true,
                                                      "Startup Cost": 45504.33,
                                                      "Total Cost": 45504.33,
                                                      "Plan Rows": 11,
                                                      "Plan Width": 4,
                                                      "Actual Startup Time": 275.837,
                                                      "Actual Total Time": 275.84,
                                                      "Actual Rows": 10460,
                                                      "Actual Loops": 4,
                                                      "Hash Buckets": 65536,
                                                      "Original Hash Buckets": 1024,
                                                      "Hash Batches": 1,
                                                      "Original Hash Batches": 1,
                                                      "Peak Memory Usage": 2744,
                                                      "Plans": [
                                                        {
                                                          "Node Type": "Hash Join",
                                                          "Parent Relationship": "Outer",
                                                          "Parallel Aware": false,
                                                          "Join Type": "Inner",
                                                          "Startup Cost": 2626.14,
                                                          "Total Cost": 45504.33,
                                                          "Plan Rows": 11,
                                                          "Plan Width": 4,
                                                          "Actual Startup Time": 26.531,
                                                          "Actual Total Time": 248.624,
                                                          "Actual Rows": 10460,
                                                          "Actual Loops": 4,
                                                          "Inner Unique": true,
                                                          "Hash Cond": "(mk.keyword_id = k.id)",
                                                          "Plans": [
                                                            {
                                                              "Node Type": "Seq Scan",
                                                              "Parent Relationship": "Outer",
                                                              "Parallel Aware": true,
                                                              "Relation Name": "movie_keyword",
                                                              "Alias": "mk",
                                                              "Startup Cost": 0.0,
                                                              "Total Cost": 39047.32,
                                                              "Plan Rows": 1459332,
                                                              "Plan Width": 8,
                                                              "Actual Startup Time": 0.057,
                                                              "Actual Total Time": 132.692,
                                                              "Actual Rows": 1130982,
                                                              "Actual Loops": 4
                                                            },
                                                            {
                                                              "Node Type": "Hash",
                                                              "Parent Relationship": "Inner",
                                                              "Parallel Aware": false,
                                                              "Startup Cost": 2626.12,
                                                              "Total Cost": 2626.12,
                                                              "Plan Rows": 1,
                                                              "Plan Width": 4,
                                                              "Actual Startup Time": 26.389,
                                                              "Actual Total Time": 26.39,
                                                              "Actual Rows": 1,
                                                              "Actual Loops": 4,
                                                              "Hash Buckets": 1024,
                                                              "Original Hash Buckets": 1024,
                                                              "Hash Batches": 1,
                                                              "Original Hash Batches": 1,
                                                              "Peak Memory Usage": 9,
                                                              "Plans": [
                                                                {
                                                                  "Node Type": "Seq Scan",
                                                                  "Parent Relationship": "Outer",
                                                                  "Parallel Aware": false,
                                                                  "Relation Name": "keyword",
                                                                  "Alias": "k",
                                                                  "Startup Cost": 0.0,
                                                                  "Total Cost": 2626.12,
                                                                  "Plan Rows": 1,
                                                                  "Plan Width": 4,
                                                                  "Actual Startup Time": 1.935,
                                                                  "Actual Total Time": 26.368,
                                                                  "Actual Rows": 1,
                                                                  "Actual Loops": 4,
                                                                  "Filter": "(keyword = 'character-name-in-title'::text)",
                                                                  "Rows Removed by Filter": 134169
                                                                }
                                                              ]
                                                            }
                                                          ]
                                                        }
                                                      ]
                                                    }
                                                  ]
                                                }
                                              ]
                                            }
                                          ]
                                        }
                                      ]
                                    }
                                  ]
                                }
                              ]
                            }
                          ]
                        }
                      ]
                    }
                  ]
                }
              ]
            }
          ]
        }
      ]
    },
    "Planning Time": 19.529,
    "Triggers": [],
    "Execution Time": 3939.796
  }
]