{
  "Plan": {
    "Node Type": "Aggregate",
    "Strategy": "Plain",
    "Partial Mode": "Finalize",
    "Parallel Aware": false,
    "Startup Cost": 696888.89,
    "Total Cost": 696888.9,
    "Plan Rows": 1,
    "Plan Width": 8,
    "Actual Startup Time": 6354.212,
    "Actual Total Time": 6427.769,
    "Actual Rows": 1,
    "Actual Loops": 1,
    "Plans": [
      {
        "Node Type": "Gather",
        "Parent Relationship": "Outer",
        "Parallel Aware": false,
        "Startup Cost": 696888.78,
        "Total Cost": 696888.89,
        "Plan Rows": 1,
        "Plan Width": 8,
        "Actual Startup Time": 6347.611,
        "Actual Total Time": 6427.755,
        "Actual Rows": 2,
        "Actual Loops": 1,
        "Workers Planned": 1,
        "Workers Launched": 1,
        "Single Copy": false,
        "Plans": [
          {
            "Node Type": "Aggregate",
            "Strategy": "Plain",
            "Partial Mode": "Partial",
            "Parent Relationship": "Outer",
            "Parallel Aware": false,
            "Startup Cost": 695888.78,
            "Total Cost": 695888.79,
            "Plan Rows": 1,
            "Plan Width": 8,
            "Actual Startup Time": 6343.265,
            "Actual Total Time": 6343.546,
            "Actual Rows": 1,
            "Actual Loops": 2,
            "Plans": [
              {
                "Node Type": "Hash Join",
                "Parent Relationship": "Outer",
                "Parallel Aware": true,
                "Join Type": "Inner",
                "Startup Cost": 113412.8,
                "Total Cost": 684922.78,
                "Plan Rows": 4386398,
                "Plan Width": 0,
                "Actual Startup Time": 772.488,
                "Actual Total Time": 5825.55,
                "Actual Rows": 12408554,
                "Actual Loops": 2,
                "Inner Unique": false,
                "Hash Cond": "(ci.movie_id = t.id)",
                "Plans": [
                  {
                    "Node Type": "Seq Scan",
                    "Parent Relationship": "Outer",
                    "Parallel Aware": true,
                    "Relation Name": "cast_info",
                    "Alias": "ci",
                    "Startup Cost": 0.0,
                    "Total Cost": 465792.95,
                    "Plan Rows": 21310595,
                    "Plan Width": 4,
                    "Actual Startup Time": 0.016,
                    "Actual Total Time": 1392.104,
                    "Actual Rows": 18122172,
                    "Actual Loops": 2
                  },
                  {
                    "Node Type": "Hash",
                    "Parent Relationship": "Inner",
                    "Parallel Aware": true,
                    "Startup Cost": 109586.31,
                    "Total Cost": 109586.31,
                    "Plan Rows": 306119,
                    "Plan Width": 8,
                    "Actual Startup Time": 767.603,
                    "Actual Total Time": 767.882,
                    "Actual Rows": 253967,
                    "Actual Loops": 2,
                    "Hash Buckets": 524288,
                    "Original Hash Buckets": 524288,
                    "Hash Batches": 1,
                    "Original Hash Batches": 1,
                    "Peak Memory Usage": 24000,
                    "Plans": [
                      {
                        "Node Type": "Hash Join",
                        "Parent Relationship": "Outer",
                        "Parallel Aware": true,
                        "Join Type": "Inner",
                        "Startup Cost": 80502.26,
                        "Total Cost": 109586.31,
                        "Plan Rows": 306119,
                        "Plan Width": 8,
                        "Actual Startup Time": 575.531,
                        "Actual Total Time": 718.712,
                        "Actual Rows": 253967,
                        "Actual Loops": 2,
                        "Inner Unique": true,
                        "Hash Cond": "(mk.movie_id = t.id)",
                        "Plans": [
                          {
                            "Node Type": "Bitmap Heap Scan",
                            "Parent Relationship": "Outer",
                            "Parallel Aware": true,
                            "Relation Name": "movie_keyword",
                            "Alias": "mk",
                            "Startup Cost": 11041.56,
                            "Total Cost": 39322.05,
                            "Plan Rows": 306119,
                            "Plan Width": 4,
                            "Actual Startup Time": 29.8,
                            "Actual Total Time": 100.633,
                            "Actual Rows": 253967,
                            "Actual Loops": 2,
                            "Recheck Cond": "(keyword_id > 35731)",
                            "Rows Removed by Index Recheck": 0,
                            "Exact Heap Blocks": 12595,
                            "Lossy Heap Blocks": 0,
                            "Plans": [
                              {
                                "Node Type": "Bitmap Index Scan",
                                "Parent Relationship": "Outer",
                                "Parallel Aware": false,
                                "Index Name": "keyword_id_movie_keyword",
                                "Startup Cost": 0.0,
                                "Total Cost": 10911.45,
                                "Plan Rows": 520403,
                                "Plan Width": 0,
                                "Actual Startup Time": 26.413,
                                "Actual Total Time": 26.414,
                                "Actual Rows": 507934,
                                "Actual Loops": 1,
                                "Index Cond": "(keyword_id > 35731)"
                              }
                            ]
                          },
                          {
                            "Node Type": "Hash",
                            "Parent Relationship": "Inner",
                            "Parallel Aware": true,
                            "Startup Cost": 50870.31,
                            "Total Cost": 50870.31,
                            "Plan Rows": 1487231,
                            "Plan Width": 4,
                            "Actual Startup Time": 527.715,
                            "Actual Total Time": 527.716,
                            "Actual Rows": 1264156,
                            "Actual Loops": 2,
                            "Hash Buckets": 4194304,
                            "Original Hash Buckets": 4194304,
                            "Hash Batches": 1,
                            "Original Hash Batches": 1,
                            "Peak Memory Usage": 131712,
                            "Plans": [
                              {
                                "Node Type": "Seq Scan",
                                "Parent Relationship": "Outer",
                                "Parallel Aware": true,
                                "Relation Name": "title",
                                "Alias": "t",
                                "Startup Cost": 0.0,
                                "Total Cost": 50870.31,
                                "Plan Rows": 1487231,
                                "Plan Width": 4,
                                "Actual Startup Time": 0.026,
                                "Actual Total Time": 154.889,
                                "Actual Rows": 1264156,
                                "Actual Loops": 2
                              }
                            ]
                          }
                        ]
                      }
                    ]
                  }
                ]
              }
            ]
          }
        ]
      }
    ]
  },
  "Planning Time": 0.833,
  "Triggers": [],
  "Execution Time": 6427.875
}