{
  "Plan": {
    "Node Type": "Aggregate",
    "Strategy": "Plain",
    "Partial Mode": "Finalize",
    "Parallel Aware": false,
    "Startup Cost": 73941.37,
    "Total Cost": 73941.38,
    "Plan Rows": 1,
    "Plan Width": 8,
    "Actual Startup Time": 260.646,
    "Actual Total Time": 271.516,
    "Actual Rows": 1,
    "Actual Loops": 1,
    "Plans": [
      {
        "Node Type": "Gather",
        "Parent Relationship": "Outer",
        "Parallel Aware": false,
        "Startup Cost": 73941.26,
        "Total Cost": 73941.37,
        "Plan Rows": 1,
        "Plan Width": 8,
        "Actual Startup Time": 260.399,
        "Actual Total Time": 271.51,
        "Actual Rows": 2,
        "Actual Loops": 1,
        "Workers Planned": 1,
        "Workers Launched": 1,
        "Single Copy": false,
        "Plans": [
          {
            "Node Type": "Aggregate",
            "Strategy": "Plain",
            "Partial Mode": "Partial",
            "Parent Relationship": "Outer",
            "Parallel Aware": false,
            "Startup Cost": 72941.26,
            "Total Cost": 72941.27,
            "Plan Rows": 1,
            "Plan Width": 8,
            "Actual Startup Time": 254.571,
            "Actual Total Time": 254.575,
            "Actual Rows": 1,
            "Actual Loops": 2,
            "Plans": [
              {
                "Node Type": "Hash Join",
                "Parent Relationship": "Outer",
                "Parallel Aware": true,
                "Join Type": "Inner",
                "Startup Cost": 54740.83,
                "Total Cost": 72924.62,
                "Plan Rows": 6656,
                "Plan Width": 0,
                "Actual Startup Time": 151.674,
                "Actual Total Time": 254.21,
                "Actual Rows": 7598,
                "Actual Loops": 2,
                "Inner Unique": true,
                "Hash Cond": "(mi_idx.movie_id = t.id)",
                "Plans": [
                  {
                    "Node Type": "Seq Scan",
                    "Parent Relationship": "Outer",
                    "Parallel Aware": true,
                    "Relation Name": "movie_info_idx",
                    "Alias": "mi_idx",
                    "Startup Cost": 0.0,
                    "Total Cost": 16052.85,
                    "Plan Rows": 811785,
                    "Plan Width": 4,
                    "Actual Startup Time": 0.019,
                    "Actual Total Time": 50.507,
                    "Actual Rows": 690018,
                    "Actual Loops": 2
                  },
                  {
                    "Node Type": "Hash",
                    "Parent Relationship": "Inner",
                    "Parallel Aware": true,
                    "Startup Cost": 54588.39,
                    "Total Cost": 54588.39,
                    "Plan Rows": 12195,
                    "Plan Width": 4,
                    "Actual Startup Time": 150.319,
                    "Actual Total Time": 150.319,
                    "Actual Rows": 9930,
                    "Actual Loops": 2,
                    "Hash Buckets": 32768,
                    "Original Hash Buckets": 32768,
                    "Hash Batches": 1,
                    "Original Hash Batches": 1,
                    "Peak Memory Usage": 1056,
                    "Plans": [
                      {
                        "Node Type": "Seq Scan",
                        "Parent Relationship": "Outer",
                        "Parallel Aware": true,
                        "Relation Name": "title",
                        "Alias": "t",
                        "Startup Cost": 0.0,
                        "Total Cost": 54588.39,
                        "Plan Rows": 12195,
                        "Plan Width": 4,
                        "Actual Startup Time": 0.065,
                        "Actual Total Time": 145.896,
                        "Actual Rows": 9930,
                        "Actual Loops": 2,
                        "Filter": "(production_year = 1988)",
                        "Rows Removed by Filter": 1254226
                      }
                    ]
                  }
                ]
              }
            ]
          }
        ]
      }
    ]
  },
  "Planning Time": 0.494,
  "Triggers": [],
  "Execution Time": 271.587
}