{
  "Plan": {
    "Node Type": "Aggregate",
    "Strategy": "Plain",
    "Partial Mode": "Finalize",
    "Parallel Aware": false,
    "Startup Cost": 321871.47,
    "Total Cost": 321871.48,
    "Plan Rows": 1,
    "Plan Width": 8,
    "Actual Startup Time": 2068.22,
    "Actual Total Time": 2095.457,
    "Actual Rows": 1,
    "Actual Loops": 1,
    "Plans": [
      {
        "Node Type": "Gather",
        "Parent Relationship": "Outer",
        "Parallel Aware": false,
        "Startup Cost": 321871.36,
        "Total Cost": 321871.47,
        "Plan Rows": 1,
        "Plan Width": 8,
        "Actual Startup Time": 2067.925,
        "Actual Total Time": 2095.449,
        "Actual Rows": 2,
        "Actual Loops": 1,
        "Workers Planned": 1,
        "Workers Launched": 1,
        "Single Copy": false,
        "Plans": [
          {
            "Node Type": "Aggregate",
            "Strategy": "Plain",
            "Partial Mode": "Partial",
            "Parent Relationship": "Outer",
            "Parallel Aware": false,
            "Startup Cost": 320871.36,
            "Total Cost": 320871.37,
            "Plan Rows": 1,
            "Plan Width": 8,
            "Actual Startup Time": 2062.239,
            "Actual Total Time": 2062.241,
            "Actual Rows": 1,
            "Actual Loops": 2,
            "Plans": [
              {
                "Node Type": "Merge Join",
                "Parent Relationship": "Outer",
                "Parallel Aware": false,
                "Join Type": "Inner",
                "Startup Cost": 6.69,
                "Total Cost": 319679.59,
                "Plan Rows": 476708,
                "Plan Width": 0,
                "Actual Startup Time": 2.454,
                "Actual Total Time": 2017.56,
                "Actual Rows": 1016326,
                "Actual Loops": 2,
                "Inner Unique": false,
                "Merge Cond": "(t.id = mc.movie_id)",
                "Plans": [
                  {
                    "Node Type": "Merge Join",
                    "Parent Relationship": "Outer",
                    "Parallel Aware": false,
                    "Join Type": "Inner",
                    "Startup Cost": 2.98,
                    "Total Cost": 167345.75,
                    "Plan Rows": 461938,
                    "Plan Width": 8,
                    "Actual Startup Time": 1.52,
                    "Actual Total Time": 1028.691,
                    "Actual Rows": 349276,
                    "Actual Loops": 2,
                    "Inner Unique": false,
                    "Merge Cond": "(t.id = mi_idx.movie_id)",
                    "Plans": [
                      {
                        "Node Type": "Index Scan",
                        "Parent Relationship": "Outer",
                        "Parallel Aware": true,
                        "Scan Direction": "Forward",
                        "Index Name": "title_pkey",
                        "Relation Name": "title",
                        "Alias": "t",
                        "Startup Cost": 0.43,
                        "Total Cost": 103647.43,
                        "Plan Rows": 846294,
                        "Plan Width": 4,
                        "Actual Startup Time": 0.09,
                        "Actual Total Time": 652.337,
                        "Actual Rows": 717049,
                        "Actual Loops": 2,
                        "Filter": "(production_year > 1999)",
                        "Rows Removed by Filter": 545893
                      },
                      {
                        "Node Type": "Index Only Scan",
                        "Parent Relationship": "Inner",
                        "Parallel Aware": false,
                        "Scan Direction": "Forward",
                        "Index Name": "movie_id_movie_info_idx",
                        "Relation Name": "movie_info_idx",
                        "Alias": "mi_idx",
                        "Startup Cost": 0.43,
                        "Total Cost": 53620.22,
                        "Plan Rows": 1380035,
                        "Plan Width": 4,
                        "Actual Startup Time": 0.17,
                        "Actual Total Time": 246.969,
                        "Actual Rows": 1380025,
                        "Actual Loops": 2,
                        "Heap Fetches": 2760050
                      }
                    ]
                  },
                  {
                    "Node Type": "Index Only Scan",
                    "Parent Relationship": "Inner",
                    "Parallel Aware": false,
                    "Scan Direction": "Forward",
                    "Index Name": "movie_id_movie_companies",
                    "Relation Name": "movie_companies",
                    "Alias": "mc",
                    "Startup Cost": 0.43,
                    "Total Cost": 140059.44,
                    "Plan Rows": 2609129,
                    "Plan Width": 4,
                    "Actual Startup Time": 0.096,
                    "Actual Total Time": 763.522,
                    "Actual Rows": 3287030,
                    "Actual Loops": 2,
                    "Heap Fetches": 6574061
                  }
                ]
              }
            ]
          }
        ]
      }
    ]
  },
  "Planning Time": 1.036,
  "Triggers": [],
  "Execution Time": 2095.541
}