[
  {
    "Plan": {
      "Node Type": "Aggregate",
      "Strategy": "Plain",
      "Partial Mode": "Finalize",
      "Parallel Aware": false,
      "Startup Cost": 338088.23,
      "Total Cost": 338088.24,
      "Plan Rows": 1,
      "Plan Width": 8,
      "Actual Startup Time": 847.037,
      "Actual Total Time": 909.319,
      "Actual Rows": 1,
      "Actual Loops": 1,
      "Plans": [
        {
          "Node Type": "Gather",
          "Parent Relationship": "Outer",
          "Parallel Aware": false,
          "Startup Cost": 338087.61,
          "Total Cost": 338088.22,
          "Plan Rows": 6,
          "Plan Width": 8,
          "Actual Startup Time": 846.879,
          "Actual Total Time": 909.307,
          "Actual Rows": 7,
          "Actual Loops": 1,
          "Workers Planned": 6,
          "Workers Launched": 6,
          "Single Copy": false,
          "Plans": [
            {
              "Node Type": "Aggregate",
              "Strategy": "Plain",
              "Partial Mode": "Partial",
              "Parent Relationship": "Outer",
              "Parallel Aware": false,
              "Startup Cost": 337087.61,
              "Total Cost": 337087.62,
              "Plan Rows": 1,
              "Plan Width": 8,
              "Actual Startup Time": 837.902,
              "Actual Total Time": 837.904,
              "Actual Rows": 1,
              "Actual Loops": 7,
              "Plans": [
                {
                  "Node Type": "Seq Scan",
                  "Parent Relationship": "Outer",
                  "Parallel Aware": true,
                  "Relation Name": "cast_info",
                  "Alias": "ci",
                  "Startup Cost": 0.0,
                  "Total Cost": 328162.03,
                  "Plan Rows": 3570232,
                  "Plan Width": 0,
                  "Actual Startup Time": 0.044,
                  "Actual Total Time": 681.031,
                  "Actual Rows": 3064567,
                  "Actual Loops": 7,
                  "Filter": "(person_id < 2173955)",
                  "Rows Removed by Filter": 2113196
                }
              ]
            }
          ]
        }
      ]
    },
    "Planning Time": 0.193,
    "Triggers": [],
    "Execution Time": 909.392
  }
]