{
  "Plan": {
    "Node Type": "Aggregate",
    "Strategy": "Plain",
    "Partial Mode": "Finalize",
    "Parallel Aware": false,
    "Startup Cost": 48111.57,
    "Total Cost": 48111.58,
    "Plan Rows": 1,
    "Plan Width": 8,
    "Actual Startup Time": 74.697,
    "Actual Total Time": 86.174,
    "Actual Rows": 1,
    "Actual Loops": 1,
    "Plans": [
      {
        "Node Type": "Gather",
        "Parent Relationship": "Outer",
        "Parallel Aware": false,
        "Startup Cost": 48111.46,
        "Total Cost": 48111.57,
        "Plan Rows": 1,
        "Plan Width": 8,
        "Actual Startup Time": 73.983,
        "Actual Total Time": 86.166,
        "Actual Rows": 2,
        "Actual Loops": 1,
        "Workers Planned": 1,
        "Workers Launched": 1,
        "Single Copy": false,
        "Plans": [
          {
            "Node Type": "Aggregate",
            "Strategy": "Plain",
            "Partial Mode": "Partial",
            "Parent Relationship": "Outer",
            "Parallel Aware": false,
            "Startup Cost": 47111.46,
            "Total Cost": 47111.47,
            "Plan Rows": 1,
            "Plan Width": 8,
            "Actual Startup Time": 68.183,
            "Actual Total Time": 68.185,
            "Actual Rows": 1,
            "Actual Loops": 2,
            "Plans": [
              {
                "Node Type": "Nested Loop",
                "Parent Relationship": "Outer",
                "Parallel Aware": false,
                "Join Type": "Inner",
                "Startup Cost": 242.2,
                "Total Cost": 47094.04,
                "Plan Rows": 6968,
                "Plan Width": 0,
                "Actual Startup Time": 8.266,
                "Actual Total Time": 67.765,
                "Actual Rows": 3887,
                "Actual Loops": 2,
                "Inner Unique": false,
                "Plans": [
                  {
                    "Node Type": "Nested Loop",
                    "Parent Relationship": "Outer",
                    "Parallel Aware": false,
                    "Join Type": "Inner",
                    "Startup Cost": 241.76,
                    "Total Cost": 41218.65,
                    "Plan Rows": 3325,
                    "Plan Width": 8,
                    "Actual Startup Time": 7.771,
                    "Actual Total Time": 26.442,
                    "Actual Rows": 2880,
                    "Actual Loops": 2,
                    "Inner Unique": true,
                    "Plans": [
                      {
                        "Node Type": "Bitmap Heap Scan",
                        "Parent Relationship": "Outer",
                        "Parallel Aware": true,
                        "Relation Name": "movie_companies",
                        "Alias": "mc",
                        "Startup Cost": 241.33,
                        "Total Cost": 17274.61,
                        "Plan Rows": 3325,
                        "Plan Width": 4,
                        "Actual Startup Time": 7.64,
                        "Actual Total Time": 10.98,
                        "Actual Rows": 2880,
                        "Actual Loops": 2,
                        "Recheck Cond": "(company_id = 11203)",
                        "Rows Removed by Index Recheck": 0,
                        "Filter": "(company_type_id = 2)",
                        "Rows Removed by Filter": 3029,
                        "Exact Heap Blocks": 3100,
                        "Lossy Heap Blocks": 0,
                        "Plans": [
                          {
                            "Node Type": "Bitmap Index Scan",
                            "Parent Relationship": "Outer",
                            "Parallel Aware": false,
                            "Index Name": "company_id_movie_companies",
                            "Startup Cost": 0.0,
                            "Total Cost": 239.92,
                            "Plan Rows": 11132,
                            "Plan Width": 0,
                            "Actual Startup Time": 4.866,
                            "Actual Total Time": 4.866,
                            "Actual Rows": 11817,
                            "Actual Loops": 1,
                            "Index Cond": "(company_id = 11203)"
                          }
                        ]
                      },
                      {
                        "Node Type": "Index Only Scan",
                        "Parent Relationship": "Inner",
                        "Parallel Aware": false,
                        "Scan Direction": "Forward",
                        "Index Name": "title_pkey",
                        "Relation Name": "title",
                        "Alias": "t",
                        "Startup Cost": 0.43,
                        "Total Cost": 7.2,
                        "Plan Rows": 1,
                        "Plan Width": 4,
                        "Actual Startup Time": 0.005,
                        "Actual Total Time": 0.005,
                        "Actual Rows": 1,
                        "Actual Loops": 5759,
                        "Index Cond": "(id = mc.movie_id)",
                        "Rows Removed by Index Recheck": 0,
                        "Heap Fetches": 5759
                      }
                    ]
                  },
                  {
                    "Node Type": "Index Scan",
                    "Parent Relationship": "Inner",
                    "Parallel Aware": false,
                    "Scan Direction": "Forward",
                    "Index Name": "movie_id_movie_info",
                    "Relation Name": "movie_info",
                    "Alias": "mi",
                    "Startup Cost": 0.43,
                    "Total Cost": 1.62,
                    "Plan Rows": 15,
                    "Plan Width": 4,
                    "Actual Startup Time": 0.01,
                    "Actual Total Time": 0.014,
                    "Actual Rows": 1,
                    "Actual Loops": 5759,
                    "Index Cond": "(movie_id = t.id)",
                    "Rows Removed by Index Recheck": 0,
                    "Filter": "(info_type_id > 15)",
                    "Rows Removed by Filter": 10
                  }
                ]
              }
            ]
          }
        ]
      }
    ]
  },
  "Planning Time": 1.022,
  "Triggers": [],
  "Execution Time": 86.271
}