[
  {
    "Plan": {
      "Node Type": "Aggregate",
      "Strategy": "Plain",
      "Partial Mode": "Finalize",
      "Parallel Aware": false,
      "Startup Cost": 382645.64,
      "Total Cost": 382645.65,
      "Plan Rows": 1,
      "Plan Width": 8,
      "Actual Startup Time": 851.224,
      "Actual Total Time": 926.595,
      "Actual Rows": 1,
      "Actual Loops": 1,
      "Plans": [
        {
          "Node Type": "Gather",
          "Parent Relationship": "Outer",
          "Parallel Aware": false,
          "Startup Cost": 382645.22,
          "Total Cost": 382645.63,
          "Plan Rows": 4,
          "Plan Width": 8,
          "Actual Startup Time": 851.041,
          "Actual Total Time": 926.584,
          "Actual Rows": 5,
          "Actual Loops": 1,
          "Workers Planned": 4,
          "Workers Launched": 4,
          "Single Copy": false,
          "Plans": [
            {
              "Node Type": "Aggregate",
              "Strategy": "Plain",
              "Partial Mode": "Partial",
              "Parent Relationship": "Outer",
              "Parallel Aware": false,
              "Startup Cost": 381645.22,
              "Total Cost": 381645.23,
              "Plan Rows": 1,
              "Plan Width": 8,
              "Actual Startup Time": 845.734,
              "Actual Total Time": 845.736,
              "Actual Rows": 1,
              "Actual Loops": 5,
              "Plans": [
                {
                  "Node Type": "Nested Loop",
                  "Parent Relationship": "Outer",
                  "Parallel Aware": false,
                  "Join Type": "Inner",
                  "Startup Cost": 0.56,
                  "Total Cost": 381314.02,
                  "Plan Rows": 132482,
                  "Plan Width": 0,
                  "Actual Startup Time": 42.987,
                  "Actual Total Time": 831.52,
                  "Actual Rows": 280681,
                  "Actual Loops": 5,
                  "Inner Unique": false,
                  "Plans": [
                    {
                      "Node Type": "Seq Scan",
                      "Parent Relationship": "Outer",
                      "Parallel Aware": true,
                      "Relation Name": "title",
                      "Alias": "t",
                      "Startup Cost": 0.0,
                      "Total Cost": 45479.59,
                      "Plan Rows": 18190,
                      "Plan Width": 4,
                      "Actual Startup Time": 42.706,
                      "Actual Total Time": 74.702,
                      "Actual Rows": 41200,
                      "Actual Loops": 5,
                      "Filter": "((production_year < 1965) AND (kind_id = 1))",
                      "Rows Removed by Filter": 464463
                    },
                    {
                      "Node Type": "Index Scan",
                      "Parent Relationship": "Inner",
                      "Parallel Aware": false,
                      "Scan Direction": "Forward",
                      "Index Name": "movie_id_cast_info",
                      "Relation Name": "cast_info",
                      "Alias": "ci",
                      "Startup Cost": 0.56,
                      "Total Cost": 18.28,
                      "Plan Rows": 18,
                      "Plan Width": 4,
                      "Actual Startup Time": 0.005,
                      "Actual Total Time": 0.018,
                      "Actual Rows": 7,
                      "Actual Loops": 205999,
                      "Index Cond": "(movie_id = t.id)",
                      "Rows Removed by Index Recheck": 0,
                      "Filter": "(person_id < 1852808)",
                      "Rows Removed by Filter": 4
                    }
                  ]
                }
              ]
            }
          ]
        }
      ]
    },
    "Planning Time": 0.251,
    "Triggers": [],
    "Execution Time": 926.65
  }
]