[
  {
    "Plan": {
      "Node Type": "Aggregate",
      "Strategy": "Plain",
      "Partial Mode": "Finalize",
      "Parallel Aware": false,
      "Startup Cost": 383230.59,
      "Total Cost": 383230.6,
      "Plan Rows": 1,
      "Plan Width": 8,
      "Actual Startup Time": 1069.903,
      "Actual Total Time": 1133.643,
      "Actual Rows": 1,
      "Actual Loops": 1,
      "Plans": [
        {
          "Node Type": "Gather",
          "Parent Relationship": "Outer",
          "Parallel Aware": false,
          "Startup Cost": 383229.97,
          "Total Cost": 383230.58,
          "Plan Rows": 6,
          "Plan Width": 8,
          "Actual Startup Time": 1068.177,
          "Actual Total Time": 1133.632,
          "Actual Rows": 7,
          "Actual Loops": 1,
          "Workers Planned": 6,
          "Workers Launched": 6,
          "Single Copy": false,
          "Plans": [
            {
              "Node Type": "Aggregate",
              "Strategy": "Plain",
              "Partial Mode": "Partial",
              "Parent Relationship": "Outer",
              "Parallel Aware": false,
              "Startup Cost": 382229.97,
              "Total Cost": 382229.98,
              "Plan Rows": 1,
              "Plan Width": 8,
              "Actual Startup Time": 1057.977,
              "Actual Total Time": 1058.022,
              "Actual Rows": 1,
              "Actual Loops": 7,
              "Plans": [
                {
                  "Node Type": "Hash Join",
                  "Parent Relationship": "Outer",
                  "Parallel Aware": true,
                  "Join Type": "Inner",
                  "Startup Cost": 45711.46,
                  "Total Cost": 382002.29,
                  "Plan Rows": 91073,
                  "Plan Width": 0,
                  "Actual Startup Time": 88.599,
                  "Actual Total Time": 1048.935,
                  "Actual Rows": 200486,
                  "Actual Loops": 7,
                  "Inner Unique": true,
                  "Hash Cond": "(ci.movie_id = t.id)",
                  "Plans": [
                    {
                      "Node Type": "Seq Scan",
                      "Parent Relationship": "Outer",
                      "Parallel Aware": true,
                      "Relation Name": "cast_info",
                      "Alias": "ci",
                      "Startup Cost": 0.0,
                      "Total Cost": 328162.03,
                      "Plan Rows": 3096681,
                      "Plan Width": 4,
                      "Actual Startup Time": 0.019,
                      "Actual Total Time": 562.868,
                      "Actual Rows": 2658902,
                      "Actual Loops": 7,
                      "Filter": "(person_id < 1852808)",
                      "Rows Removed by Filter": 2518861
                    },
                    {
                      "Node Type": "Hash",
                      "Parent Relationship": "Inner",
                      "Parallel Aware": true,
                      "Startup Cost": 45479.1,
                      "Total Cost": 45479.1,
                      "Plan Rows": 18589,
                      "Plan Width": 4,
                      "Actual Startup Time": 86.918,
                      "Actual Total Time": 86.919,
                      "Actual Rows": 29428,
                      "Actual Loops": 7,
                      "Hash Buckets": 262144,
                      "Original Hash Buckets": 131072,
                      "Hash Batches": 1,
                      "Original Hash Batches": 1,
                      "Peak Memory Usage": 11264,
                      "Plans": [
                        {
                          "Node Type": "Seq Scan",
                          "Parent Relationship": "Outer",
                          "Parallel Aware": true,
                          "Relation Name": "title",
                          "Alias": "t",
                          "Startup Cost": 0.0,
                          "Total Cost": 45479.1,
                          "Plan Rows": 18589,
                          "Plan Width": 4,
                          "Actual Startup Time": 46.192,
                          "Actual Total Time": 71.565,
                          "Actual Rows": 29428,
                          "Actual Loops": 7,
                          "Filter": "((production_year < 1965) AND (kind_id = 1))",
                          "Rows Removed by Filter": 331759
                        }
                      ]
                    }
                  ]
                }
              ]
            }
          ]
        }
      ]
    },
    "Planning Time": 0.619,
    "Triggers": [],
    "Execution Time": 1133.726
  }
]