[
  {
    "Plan": {
      "Node Type": "Aggregate",
      "Strategy": "Plain",
      "Partial Mode": "Finalize",
      "Parallel Aware": false,
      "Startup Cost": 350732.8,
      "Total Cost": 350732.81,
      "Plan Rows": 1,
      "Plan Width": 8,
      "Actual Startup Time": 875.689,
      "Actual Total Time": 950.756,
      "Actual Rows": 1,
      "Actual Loops": 1,
      "Plans": [
        {
          "Node Type": "Gather",
          "Parent Relationship": "Outer",
          "Parallel Aware": false,
          "Startup Cost": 350732.17,
          "Total Cost": 350732.78,
          "Plan Rows": 6,
          "Plan Width": 8,
          "Actual Startup Time": 875.574,
          "Actual Total Time": 950.744,
          "Actual Rows": 7,
          "Actual Loops": 1,
          "Workers Planned": 6,
          "Workers Launched": 6,
          "Single Copy": false,
          "Plans": [
            {
              "Node Type": "Aggregate",
              "Strategy": "Plain",
              "Partial Mode": "Partial",
              "Parent Relationship": "Outer",
              "Parallel Aware": false,
              "Startup Cost": 349732.17,
              "Total Cost": 349732.18,
              "Plan Rows": 1,
              "Plan Width": 8,
              "Actual Startup Time": 865.112,
              "Actual Total Time": 865.113,
              "Actual Rows": 1,
              "Actual Loops": 7,
              "Plans": [
                {
                  "Node Type": "Seq Scan",
                  "Parent Relationship": "Outer",
                  "Parallel Aware": true,
                  "Relation Name": "cast_info",
                  "Alias": "ci",
                  "Startup Cost": 0.0,
                  "Total Cost": 343257.03,
                  "Plan Rows": 2590058,
                  "Plan Width": 0,
                  "Actual Startup Time": 267.278,
                  "Actual Total Time": 778.501,
                  "Actual Rows": 1581180,
                  "Actual Loops": 7,
                  "Filter": "((person_id < 2432698) AND (role_id > 1))",
                  "Rows Removed by Filter": 3596583
                }
              ]
            }
          ]
        }
      ]
    },
    "Planning Time": 0.185,
    "Triggers": [],
    "Execution Time": 950.822
  }
]