{
  "Plan": {
    "Node Type": "Aggregate",
    "Strategy": "Plain",
    "Partial Mode": "Finalize",
    "Parallel Aware": false,
    "Startup Cost": 977743.75,
    "Total Cost": 977743.76,
    "Plan Rows": 1,
    "Plan Width": 8,
    "Actual Startup Time": 5110.459,
    "Actual Total Time": 5146.788,
    "Actual Rows": 1,
    "Actual Loops": 1,
    "Plans": [
      {
        "Node Type": "Gather",
        "Parent Relationship": "Outer",
        "Parallel Aware": false,
        "Startup Cost": 977743.64,
        "Total Cost": 977743.75,
        "Plan Rows": 1,
        "Plan Width": 8,
        "Actual Startup Time": 5009.499,
        "Actual Total Time": 5146.773,
        "Actual Rows": 2,
        "Actual Loops": 1,
        "Workers Planned": 1,
        "Workers Launched": 1,
        "Single Copy": false,
        "Plans": [
          {
            "Node Type": "Aggregate",
            "Strategy": "Plain",
            "Partial Mode": "Partial",
            "Parent Relationship": "Outer",
            "Parallel Aware": false,
            "Startup Cost": 976743.64,
            "Total Cost": 976743.65,
            "Plan Rows": 1,
            "Plan Width": 8,
            "Actual Startup Time": 5040.007,
            "Actual Total Time": 5040.017,
            "Actual Rows": 1,
            "Actual Loops": 2,
            "Plans": [
              {
                "Node Type": "Merge Join",
                "Parent Relationship": "Outer",
                "Parallel Aware": false,
                "Join Type": "Inner",
                "Startup Cost": 920585.38,
                "Total Cost": 970582.1,
                "Plan Rows": 2464615,
                "Plan Width": 0,
                "Actual Startup Time": 2264.043,
                "Actual Total Time": 4401.235,
                "Actual Rows": 15265672,
                "Actual Loops": 2,
                "Inner Unique": false,
                "Merge Cond": "(t.id = mi.movie_id)",
                "Plans": [
                  {
                    "Node Type": "Sort",
                    "Parent Relationship": "Outer",
                    "Parallel Aware": false,
                    "Startup Cost": 346563.88,
                    "Total Cost": 351787.32,
                    "Plan Rows": 2089376,
                    "Plan Width": 8,
                    "Actual Startup Time": 1243.177,
                    "Actual Total Time": 1315.1,
                    "Actual Rows": 1644943,
                    "Actual Loops": 2,
                    "Sort Key": [
                      "mk.movie_id"
                    ],
                    "Sort Method": "quicksort",
                    "Sort Space Used": 127967,
                    "Sort Space Type": "Memory",
                    "Workers": [
                      {
                        "Worker Number": 0,
                        "Sort Method": "quicksort",
                        "Sort Space Used": 124551,
                        "Sort Space Type": "Memory"
                      }
                    ],
                    "Plans": [
                      {
                        "Node Type": "Hash Join",
                        "Parent Relationship": "Outer",
                        "Parallel Aware": true,
                        "Join Type": "Inner",
                        "Startup Cost": 69184.54,
                        "Total Cost": 127235.38,
                        "Plan Rows": 2089376,
                        "Plan Width": 8,
                        "Actual Startup Time": 432.575,
                        "Actual Total Time": 945.026,
                        "Actual Rows": 1644943,
                        "Actual Loops": 2,
                        "Inner Unique": true,
                        "Hash Cond": "(mk.movie_id = t.id)",
                        "Plans": [
                          {
                            "Node Type": "Seq Scan",
                            "Parent Relationship": "Outer",
                            "Parallel Aware": true,
                            "Relation Name": "movie_keyword",
                            "Alias": "mk",
                            "Startup Cost": 0.0,
                            "Total Cost": 51065.35,
                            "Plan Rows": 2661135,
                            "Plan Width": 4,
                            "Actual Startup Time": 0.014,
                            "Actual Total Time": 157.647,
                            "Actual Rows": 2261965,
                            "Actual Loops": 2
                          },
                          {
                            "Node Type": "Hash",
                            "Parent Relationship": "Inner",
                            "Parallel Aware": true,
                            "Startup Cost": 54588.39,
                            "Total Cost": 54588.39,
                            "Plan Rows": 1167692,
                            "Plan Width": 4,
                            "Actual Startup Time": 418.359,
                            "Actual Total Time": 418.361,
                            "Actual Rows": 988308,
                            "Actual Loops": 2,
                            "Hash Buckets": 2097152,
                            "Original Hash Buckets": 2097152,
                            "Hash Batches": 1,
                            "Original Hash Batches": 1,
                            "Peak Memory Usage": 93760,
                            "Plans": [
                              {
                                "Node Type": "Seq Scan",
                                "Parent Relationship": "Outer",
                                "Parallel Aware": true,
                                "Relation Name": "title",
                                "Alias": "t",
                                "Startup Cost": 0.0,
                                "Total Cost": 54588.39,
                                "Plan Rows": 1167692,
                                "Plan Width": 4,
                                "Actual Startup Time": 0.028,
                                "Actual Total Time": 174.248,
                                "Actual Rows": 988308,
                                "Actual Loops": 2,
                                "Filter": "(production_year > 1977)",
                                "Rows Removed by Filter": 275848
                              }
                            ]
                          }
                        ]
                      }
                    ]
                  },
                  {
                    "Node Type": "Sort",
                    "Parent Relationship": "Inner",
                    "Parallel Aware": false,
                    "Startup Cost": 574021.29,
                    "Total Cost": 581477.19,
                    "Plan Rows": 2982358,
                    "Plan Width": 4,
                    "Actual Startup Time": 1020.826,
                    "Actual Total Time": 1610.138,
                    "Actual Rows": 17842421,
                    "Actual Loops": 2,
                    "Sort Key": [
                      "mi.movie_id"
                    ],
                    "Sort Method": "quicksort",
                    "Sort Space Used": 240651,
                    "Sort Space Type": "Memory",
                    "Workers": [
                      {
                        "Worker Number": 0,
                        "Sort Method": "quicksort",
                        "Sort Space Used": 240651,
                        "Sort Space Type": "Memory"
                      }
                    ],
                    "Plans": [
                      {
                        "Node Type": "Bitmap Heap Scan",
                        "Parent Relationship": "Outer",
                        "Parallel Aware": false,
                        "Relation Name": "movie_info",
                        "Alias": "mi",
                        "Startup Cost": 54025.71,
                        "Total Cost": 253298.18,
                        "Plan Rows": 2982358,
                        "Plan Width": 4,
                        "Actual Startup Time": 103.015,
                        "Actual Total Time": 421.585,
                        "Actual Rows": 3036719,
                        "Actual Loops": 2,
                        "Recheck Cond": "(info_type_id = 16)",
                        "Rows Removed by Index Recheck": 0,
                        "Exact Heap Blocks": 25448,
                        "Lossy Heap Blocks": 0,
                        "Plans": [
                          {
                            "Node Type": "Bitmap Index Scan",
                            "Parent Relationship": "Outer",
                            "Parallel Aware": false,
                            "Index Name": "info_type_id_movie_info",
                            "Startup Cost": 0.0,
                            "Total Cost": 53280.12,
                            "Plan Rows": 2982358,
                            "Plan Width": 0,
                            "Actual Startup Time": 99.608,
                            "Actual Total Time": 99.608,
                            "Actual Rows": 3036719,
                            "Actual Loops": 2,
                            "Index Cond": "(info_type_id = 16)"
                          }
                        ]
                      }
                    ]
                  }
                ]
              }
            ]
          }
        ]
      }
    ]
  },
  "Planning Time": 0.898,
  "Triggers": [],
  "Execution Time": 5163.961
}