{
  "Plan": {
    "Node Type": "Aggregate",
    "Strategy": "Plain",
    "Partial Mode": "Finalize",
    "Parallel Aware": false,
    "Startup Cost": 2663841.26,
    "Total Cost": 2663841.27,
    "Plan Rows": 1,
    "Plan Width": 8,
    "Actual Startup Time": 15031.029,
    "Actual Total Time": 15045.137,
    "Actual Rows": 1,
    "Actual Loops": 1,
    "Plans": [
      {
        "Node Type": "Gather",
        "Parent Relationship": "Outer",
        "Parallel Aware": false,
        "Startup Cost": 2663841.15,
        "Total Cost": 2663841.26,
        "Plan Rows": 1,
        "Plan Width": 8,
        "Actual Startup Time": 15031.018,
        "Actual Total Time": 15045.13,
        "Actual Rows": 2,
        "Actual Loops": 1,
        "Workers Planned": 1,
        "Workers Launched": 1,
        "Single Copy": false,
        "Plans": [
          {
            "Node Type": "Aggregate",
            "Strategy": "Plain",
            "Partial Mode": "Partial",
            "Parent Relationship": "Outer",
            "Parallel Aware": false,
            "Startup Cost": 2662841.15,
            "Total Cost": 2662841.16,
            "Plan Rows": 1,
            "Plan Width": 8,
            "Actual Startup Time": 14945.656,
            "Actual Total Time": 14945.664,
            "Actual Rows": 1,
            "Actual Loops": 2,
            "Plans": [
              {
                "Node Type": "Merge Join",
                "Parent Relationship": "Outer",
                "Parallel Aware": false,
                "Join Type": "Inner",
                "Startup Cost": 2482843.75,
                "Total Cost": 2646572.26,
                "Plan Rows": 6507556,
                "Plan Width": 0,
                "Actual Startup Time": 12346.538,
                "Actual Total Time": 14824.537,
                "Actual Rows": 2861228,
                "Actual Loops": 2,
                "Inner Unique": false,
                "Merge Cond": "(t.id = mi.movie_id)",
                "Plans": [
                  {
                    "Node Type": "Sort",
                    "Parent Relationship": "Outer",
                    "Parallel Aware": false,
                    "Startup Cost": 2156925.72,
                    "Total Cost": 2190008.91,
                    "Plan Rows": 13233273,
                    "Plan Width": 8,
                    "Actual Startup Time": 11843.947,
                    "Actual Total Time": 12991.766,
                    "Actual Rows": 11320612,
                    "Actual Loops": 2,
                    "Sort Key": [
                      "ci.movie_id"
                    ],
                    "Sort Method": "quicksort",
                    "Sort Space Used": 921845,
                    "Sort Space Type": "Memory",
                    "Workers": [
                      {
                        "Worker Number": 0,
                        "Sort Method": "quicksort",
                        "Sort Space Used": 925896,
                        "Sort Space Type": "Memory"
                      }
                    ],
                    "Plans": [
                      {
                        "Node Type": "Hash Join",
                        "Parent Relationship": "Outer",
                        "Parallel Aware": true,
                        "Join Type": "Inner",
                        "Startup Cost": 69850.57,
                        "Total Cost": 591583.92,
                        "Plan Rows": 13233273,
                        "Plan Width": 8,
                        "Actual Startup Time": 445.984,
                        "Actual Total Time": 8994.044,
                        "Actual Rows": 11320612,
                        "Actual Loops": 2,
                        "Inner Unique": true,
                        "Hash Cond": "(ci.movie_id = t.id)",
                        "Plans": [
                          {
                            "Node Type": "Seq Scan",
                            "Parent Relationship": "Outer",
                            "Parallel Aware": true,
                            "Relation Name": "cast_info",
                            "Alias": "ci",
                            "Startup Cost": 0.0,
                            "Total Cost": 465792.95,
                            "Plan Rows": 21310595,
                            "Plan Width": 4,
                            "Actual Startup Time": 0.013,
                            "Actual Total Time": 1485.238,
                            "Actual Rows": 18122172,
                            "Actual Loops": 2
                          },
                          {
                            "Node Type": "Hash",
                            "Parent Relationship": "Inner",
                            "Parallel Aware": true,
                            "Startup Cost": 58306.47,
                            "Total Cost": 58306.47,
                            "Plan Rows": 923528,
                            "Plan Width": 4,
                            "Actual Startup Time": 432.089,
                            "Actual Total Time": 432.091,
                            "Actual Rows": 804396,
                            "Actual Loops": 2,
                            "Hash Buckets": 2097152,
                            "Original Hash Buckets": 2097152,
                            "Hash Batches": 1,
                            "Original Hash Batches": 1,
                            "Peak Memory Usage": 79360,
                            "Plans": [
                              {
                                "Node Type": "Seq Scan",
                                "Parent Relationship": "Outer",
                                "Parallel Aware": true,
                                "Relation Name": "title",
                                "Alias": "t",
                                "Startup Cost": 0.0,
                                "Total Cost": 58306.47,
                                "Plan Rows": 923528,
                                "Plan Width": 4,
                                "Actual Startup Time": 0.027,
                                "Actual Total Time": 179.872,
                                "Actual Rows": 804396,
                                "Actual Loops": 2,
                                "Filter": "((kind_id > 3) AND (production_year > 1919))",
                                "Rows Removed by Filter": 459760
                              }
                            ]
                          }
                        ]
                      }
                    ]
                  },
                  {
                    "Node Type": "Sort",
                    "Parent Relationship": "Inner",
                    "Parallel Aware": false,
                    "Startup Cost": 325916.69,
                    "Total Cost": 329024.96,
                    "Plan Rows": 1243306,
                    "Plan Width": 4,
                    "Actual Startup Time": 502.471,
                    "Actual Total Time": 684.878,
                    "Actual Rows": 3883887,
                    "Actual Loops": 2,
                    "Sort Key": [
                      "mi.movie_id"
                    ],
                    "Sort Method": "quicksort",
                    "Sort Space Used": 105623,
                    "Sort Space Type": "Memory",
                    "Workers": [
                      {
                        "Worker Number": 0,
                        "Sort Method": "quicksort",
                        "Sort Space Used": 105623,
                        "Sort Space Type": "Memory"
                      }
                    ],
                    "Plans": [
                      {
                        "Node Type": "Bitmap Heap Scan",
                        "Parent Relationship": "Outer",
                        "Parallel Aware": false,
                        "Relation Name": "movie_info",
                        "Alias": "mi",
                        "Startup Cost": 22524.06,
                        "Total Cost": 200058.38,
                        "Plan Rows": 1243306,
                        "Plan Width": 4,
                        "Actual Startup Time": 44.472,
                        "Actual Total Time": 231.457,
                        "Actual Rows": 1204709,
                        "Actual Loops": 2,
                        "Recheck Cond": "(info_type_id > 18)",
                        "Rows Removed by Index Recheck": 0,
                        "Exact Heap Blocks": 34072,
                        "Lossy Heap Blocks": 0,
                        "Plans": [
                          {
                            "Node Type": "Bitmap Index Scan",
                            "Parent Relationship": "Outer",
                            "Parallel Aware": false,
                            "Index Name": "info_type_id_movie_info",
                            "Startup Cost": 0.0,
                            "Total Cost": 22213.23,
                            "Plan Rows": 1243306,
                            "Plan Width": 0,
                            "Actual Startup Time": 39.795,
                            "Actual Total Time": 39.796,
                            "Actual Rows": 1204709,
                            "Actual Loops": 2,
                            "Index Cond": "(info_type_id > 18)"
                          }
                        ]
                      }
                    ]
                  }
                ]
              }
            ]
          }
        ]
      }
    ]
  },
  "Planning Time": 1.07,
  "Triggers": [],
  "Execution Time": 15095.915
}