[
  {
    "Plan": {
      "Node Type": "Aggregate",
      "Strategy": "Plain",
      "Partial Mode": "Simple",
      "Parallel Aware": false,
      "Startup Cost": 17357.02,
      "Total Cost": 17357.03,
      "Plan Rows": 1,
      "Plan Width": 8,
      "Actual Startup Time": 19.1,
      "Actual Total Time": 19.101,
      "Actual Rows": 1,
      "Actual Loops": 1,
      "Plans": [
        {
          "Node Type": "Bitmap Heap Scan",
          "Parent Relationship": "Outer",
          "Parallel Aware": false,
          "Relation Name": "movie_companies",
          "Alias": "mc",
          "Startup Cost": 241.29,
          "Total Cost": 17343.32,
          "Plan Rows": 5480,
          "Plan Width": 0,
          "Actual Startup Time": 4.956,
          "Actual Total Time": 18.091,
          "Actual Rows": 6058,
          "Actual Loops": 1,
          "Recheck Cond": "(company_id = 11203)",
          "Rows Removed by Index Recheck": 0,
          "Filter": "(company_type_id = 1)",
          "Rows Removed by Filter": 5759,
          "Exact Heap Blocks": 3407,
          "Lossy Heap Blocks": 0,
          "Plans": [
            {
              "Node Type": "Bitmap Index Scan",
              "Parent Relationship": "Outer",
              "Parallel Aware": false,
              "Index Name": "company_id_movie_companies",
              "Startup Cost": 0.0,
              "Total Cost": 239.92,
              "Plan Rows": 11132,
              "Plan Width": 0,
              "Actual Startup Time": 3.551,
              "Actual Total Time": 3.552,
              "Actual Rows": 11817,
              "Actual Loops": 1,
              "Index Cond": "(company_id = 11203)"
            }
          ]
        }
      ]
    },
    "Planning Time": 0.183,
    "Triggers": [],
    "Execution Time": 19.199
  }
]