[
    {
        "Bao": {
            "Bao prediction": 262.191,
            "Bao recommended hint": "(no hint)"
        }
    },
    {
        "Plan": {
            "Node Type": "Aggregate",
            "Strategy": "Plain",
            "Partial Mode": "Simple",
            "Parallel Aware": false,
            "Startup Cost": 3788.94,
            "Total Cost": 3788.95,
            "Plan Rows": 1,
            "Plan Width": 96,
            "Actual Startup Time": 177.086,
            "Actual Total Time": 177.095,
            "Actual Rows": 1,
            "Actual Loops": 1,
            "Output": [
                "min(chn.name)",
                "min(n.name)",
                "min(t.title)"
            ],
            "Plans": [
                {
                    "Node Type": "Nested Loop",
                    "Parent Relationship": "Outer",
                    "Parallel Aware": false,
                    "Join Type": "Inner",
                    "Startup Cost": 15.49,
                    "Total Cost": 3788.94,
                    "Plan Rows": 1,
                    "Plan Width": 48,
                    "Actual Startup Time": 96.816,
                    "Actual Total Time": 177.045,
                    "Actual Rows": 168,
                    "Actual Loops": 1,
                    "Output": [
                        "chn.name",
                        "n.name",
                        "t.title"
                    ],
                    "Inner Unique": true,
                    "Plans": [
                        {
                            "Node Type": "Nested Loop",
                            "Parent Relationship": "Outer",
                            "Parallel Aware": false,
                            "Join Type": "Inner",
                            "Startup Cost": 15.06,
                            "Total Cost": 3788.26,
                            "Plan Rows": 1,
                            "Plan Width": 36,
                            "Actual Startup Time": 96.769,
                            "Actual Total Time": 176.722,
                            "Actual Rows": 468,
                            "Actual Loops": 1,
                            "Output": [
                                "ci.person_role_id",
                                "n.name",
                                "t.title"
                            ],
                            "Inner Unique": false,
                            "Join Filter": "(n.id = an.person_id)",
                            "Rows Removed by Join Filter": 0,
                            "Plans": [
                                {
                                    "Node Type": "Nested Loop",
                                    "Parent Relationship": "Outer",
                                    "Parallel Aware": false,
                                    "Join Type": "Inner",
                                    "Startup Cost": 14.63,
                                    "Total Cost": 3787.76,
                                    "Plan Rows": 1,
                                    "Plan Width": 48,
                                    "Actual Startup Time": 96.722,
                                    "Actual Total Time": 176.37,
                                    "Actual Rows": 114,
                                    "Actual Loops": 1,
                                    "Output": [
                                        "ci.person_id",
                                        "ci.person_role_id",
                                        "n.name",
                                        "n.id",
                                        "pi.person_id",
                                        "t.title"
                                    ],
                                    "Inner Unique": true,
                                    "Plans": [
                                        {
                                            "Node Type": "Nested Loop",
                                            "Parent Relationship": "Outer",
                                            "Parallel Aware": false,
                                            "Join Type": "Inner",
                                            "Startup Cost": 14.49,
                                            "Total Cost": 3787.58,
                                            "Plan Rows": 1,
                                            "Plan Width": 52,
                                            "Actual Startup Time": 96.71,
                                            "Actual Total Time": 176.253,
                                            "Actual Rows": 114,
                                            "Actual Loops": 1,
                                            "Output": [
                                                "ci.person_id",
                                                "ci.person_role_id",
                                                "mi.info_type_id",
                                                "n.name",
                                                "n.id",
                                                "pi.person_id",
                                                "t.title"
                                            ],
                                            "Inner Unique": false,
                                            "Join Filter": "(t.id = mi.movie_id)",
                                            "Rows Removed by Join Filter": 0,
                                            "Plans": [
                                                {
                                                    "Node Type": "Nested Loop",
                                                    "Parent Relationship": "Outer",
                                                    "Parallel Aware": false,
                                                    "Join Type": "Inner",
                                                    "Startup Cost": 14.06,
                                                    "Total Cost": 3786.02,
                                                    "Plan Rows": 1,
                                                    "Plan Width": 68,
                                                    "Actual Startup Time": 96.618,
                                                    "Actual Total Time": 174.098,
                                                    "Actual Rows": 33,
                                                    "Actual Loops": 1,
                                                    "Output": [
                                                        "cc.movie_id",
                                                        "ci.movie_id",
                                                        "ci.person_id",
                                                        "ci.person_role_id",
                                                        "mc.movie_id",
                                                        "mk.movie_id",
                                                        "n.name",
                                                        "n.id",
                                                        "pi.person_id",
                                                        "t.title",
                                                        "t.id"
                                                    ],
                                                    "Inner Unique": true,
                                                    "Plans": [
                                                        {
                                                            "Node Type": "Nested Loop",
                                                            "Parent Relationship": "Outer",
                                                            "Parallel Aware": false,
                                                            "Join Type": "Inner",
                                                            "Startup Cost": 13.92,
                                                            "Total Cost": 3785.84,
                                                            "Plan Rows": 1,
                                                            "Plan Width": 72,
                                                            "Actual Startup Time": 96.604,
                                                            "Actual Total Time": 174.046,
                                                            "Actual Rows": 33,
                                                            "Actual Loops": 1,
                                                            "Output": [
                                                                "cc.movie_id",
                                                                "ci.movie_id",
                                                                "ci.person_id",
                                                                "ci.role_id",
                                                                "ci.person_role_id",
                                                                "mc.movie_id",
                                                                "mk.movie_id",
                                                                "n.name",
                                                                "n.id",
                                                                "pi.person_id",
                                                                "t.title",
                                                                "t.id"
                                                            ],
                                                            "Inner Unique": true,
                                                            "Join Filter": "(ci.person_id = n.id)",
                                                            "Rows Removed by Join Filter": 0,
                                                            "Plans": [
                                                                {
                                                                    "Node Type": "Nested Loop",
                                                                    "Parent Relationship": "Outer",
                                                                    "Parallel Aware": false,
                                                                    "Join Type": "Inner",
                                                                    "Startup Cost": 13.49,
                                                                    "Total Cost": 3785.28,
                                                                    "Plan Rows": 1,
                                                                    "Plan Width": 53,
                                                                    "Actual Startup Time": 8.256,
                                                                    "Actual Total Time": 126.387,
                                                                    "Actual Rows": 30267,
                                                                    "Actual Loops": 1,
                                                                    "Output": [
                                                                        "cc.movie_id",
                                                                        "ci.movie_id",
                                                                        "ci.person_id",
                                                                        "ci.role_id",
                                                                        "ci.person_role_id",
                                                                        "mc.movie_id",
                                                                        "mk.movie_id",
                                                                        "pi.person_id",
                                                                        "t.title",
                                                                        "t.id"
                                                                    ],
                                                                    "Inner Unique": false,
                                                                    "Join Filter": "(pi.info_type_id = it3.id)",
                                                                    "Rows Removed by Join Filter": 72466,
                                                                    "Plans": [
                                                                        {
                                                                            "Node Type": "Seq Scan",
                                                                            "Parent Relationship": "Outer",
                                                                            "Parallel Aware": false,
                                                                            "Relation Name": "info_type",
                                                                            "Schema": "public",
                                                                            "Alias": "it3",
                                                                            "Startup Cost": 0.0,
                                                                            "Total Cost": 2.41,
                                                                            "Plan Rows": 1,
                                                                            "Plan Width": 4,
                                                                            "Actual Startup Time": 0.035,
                                                                            "Actual Total Time": 0.041,
                                                                            "Actual Rows": 1,
                                                                            "Actual Loops": 1,
                                                                            "Output": [
                                                                                "it3.id",
                                                                                "it3.info"
                                                                            ],
                                                                            "Filter": "((it3.info)::text = 'trivia'::text)",
                                                                            "Rows Removed by Filter": 112
                                                                        },
                                                                        {
                                                                            "Node Type": "Nested Loop",
                                                                            "Parent Relationship": "Inner",
                                                                            "Parallel Aware": false,
                                                                            "Join Type": "Inner",
                                                                            "Startup Cost": 13.49,
                                                                            "Total Cost": 3782.77,
                                                                            "Plan Rows": 8,
                                                                            "Plan Width": 57,
                                                                            "Actual Startup Time": 8.215,
                                                                            "Actual Total Time": 119.673,
                                                                            "Actual Rows": 102733,
                                                                            "Actual Loops": 1,
                                                                            "Output": [
                                                                                "cc.movie_id",
                                                                                "ci.movie_id",
                                                                                "ci.person_id",
                                                                                "ci.role_id",
                                                                                "ci.person_role_id",
                                                                                "mc.movie_id",
                                                                                "mk.movie_id",
                                                                                "pi.person_id",
                                                                                "pi.info_type_id",
                                                                                "t.title",
                                                                                "t.id"
                                                                            ],
                                                                            "Inner Unique": false,
                                                                            "Plans": [
                                                                                {
                                                                                    "Node Type": "Nested Loop",
                                                                                    "Parent Relationship": "Outer",
                                                                                    "Parallel Aware": false,
                                                                                    "Join Type": "Inner",
                                                                                    "Startup Cost": 13.06,
                                                                                    "Total Cost": 3781.34,
                                                                                    "Plan Rows": 1,
                                                                                    "Plan Width": 49,
                                                                                    "Actual Startup Time": 8.043,
                                                                                    "Actual Total Time": 76.566,
                                                                                    "Actual Rows": 3062,
                                                                                    "Actual Loops": 1,
                                                                                    "Output": [
                                                                                        "cc.movie_id",
                                                                                        "ci.movie_id",
                                                                                        "ci.person_id",
                                                                                        "ci.role_id",
                                                                                        "ci.person_role_id",
                                                                                        "mc.movie_id",
                                                                                        "mk.movie_id",
                                                                                        "t.title",
                                                                                        "t.id"
                                                                                    ],
                                                                                    "Inner Unique": true,
                                                                                    "Plans": [
                                                                                        {
                                                                                            "Node Type": "Nested Loop",
                                                                                            "Parent Relationship": "Outer",
                                                                                            "Parallel Aware": false,
                                                                                            "Join Type": "Inner",
                                                                                            "Startup Cost": 12.64,
                                                                                            "Total Cost": 3780.89,
                                                                                            "Plan Rows": 1,
                                                                                            "Plan Width": 53,
                                                                                            "Actual Startup Time": 7.652,
                                                                                            "Actual Total Time": 48.821,
                                                                                            "Actual Rows": 14866,
                                                                                            "Actual Loops": 1,
                                                                                            "Output": [
                                                                                                "cc.movie_id",
                                                                                                "ci.movie_id",
                                                                                                "ci.person_id",
                                                                                                "ci.role_id",
                                                                                                "ci.person_role_id",
                                                                                                "mc.movie_id",
                                                                                                "mc.company_id",
                                                                                                "mk.movie_id",
                                                                                                "t.title",
                                                                                                "t.id"
                                                                                            ],
                                                                                            "Inner Unique": false,
                                                                                            "Join Filter": "(t.id = mc.movie_id)",
                                                                                            "Rows Removed by Join Filter": 0,
                                                                                            "Plans": [
                                                                                                {
                                                                                                    "Node Type": "Nested Loop",
                                                                                                    "Parent Relationship": "Outer",
                                                                                                    "Parallel Aware": false,
                                                                                                    "Join Type": "Inner",
                                                                                                    "Startup Cost": 12.21,
                                                                                                    "Total Cost": 3780.29,
                                                                                                    "Plan Rows": 1,
                                                                                                    "Plan Width": 45,
                                                                                                    "Actual Startup Time": 7.572,
                                                                                                    "Actual Total Time": 42.036,
                                                                                                    "Actual Rows": 585,
                                                                                                    "Actual Loops": 1,
                                                                                                    "Output": [
                                                                                                        "cc.movie_id",
                                                                                                        "ci.movie_id",
                                                                                                        "ci.person_id",
                                                                                                        "ci.role_id",
                                                                                                        "ci.person_role_id",
                                                                                                        "mk.movie_id",
                                                                                                        "t.title",
                                                                                                        "t.id"
                                                                                                    ],
                                                                                                    "Inner Unique": false,
                                                                                                    "Join Filter": "(t.id = ci.movie_id)",
                                                                                                    "Rows Removed by Join Filter": 0,
                                                                                                    "Plans": [
                                                                                                        {
                                                                                                            "Node Type": "Nested Loop",
                                                                                                            "Parent Relationship": "Outer",
                                                                                                            "Parallel Aware": false,
                                                                                                            "Join Type": "Inner",
                                                                                                            "Startup Cost": 11.65,
                                                                                                            "Total Cost": 3778.59,
                                                                                                            "Plan Rows": 1,
                                                                                                            "Plan Width": 29,
                                                                                                            "Actual Startup Time": 7.193,
                                                                                                            "Actual Total Time": 20.478,
                                                                                                            "Actual Rows": 19,
                                                                                                            "Actual Loops": 1,
                                                                                                            "Output": [
                                                                                                                "cc.movie_id",
                                                                                                                "mk.movie_id",
                                                                                                                "t.title",
                                                                                                                "t.id"
                                                                                                            ],
                                                                                                            "Inner Unique": true,
                                                                                                            "Plans": [
                                                                                                                {
                                                                                                                    "Node Type": "Nested Loop",
                                                                                                                    "Parent Relationship": "Outer",
                                                                                                                    "Parallel Aware": false,
                                                                                                                    "Join Type": "Inner",
                                                                                                                    "Startup Cost": 11.22,
                                                                                                                    "Total Cost": 3777.11,
                                                                                                                    "Plan Rows": 3,
                                                                                                                    "Plan Width": 8,
                                                                                                                    "Actual Startup Time": 5.054,
                                                                                                                    "Actual Total Time": 19.703,
                                                                                                                    "Actual Rows": 23,
                                                                                                                    "Actual Loops": 1,
                                                                                                                    "Output": [
                                                                                                                        "cc.movie_id",
                                                                                                                        "mk.movie_id"
                                                                                                                    ],
                                                                                                                    "Inner Unique": false,
                                                                                                                    "Join Filter": "(cc.status_id = cct2.id)",
                                                                                                                    "Rows Removed by Join Filter": 51,
                                                                                                                    "Plans": [
                                                                                                                        {
                                                                                                                            "Node Type": "Seq Scan",
                                                                                                                            "Parent Relationship": "Outer",
                                                                                                                            "Parallel Aware": false,
                                                                                                                            "Relation Name": "comp_cast_type",
                                                                                                                            "Schema": "public",
                                                                                                                            "Alias": "cct2",
                                                                                                                            "Startup Cost": 0.0,
                                                                                                                            "Total Cost": 1.05,
                                                                                                                            "Plan Rows": 1,
                                                                                                                            "Plan Width": 4,
                                                                                                                            "Actual Startup Time": 0.015,
                                                                                                                            "Actual Total Time": 0.015,
                                                                                                                            "Actual Rows": 1,
                                                                                                                            "Actual Loops": 1,
                                                                                                                            "Output": [
                                                                                                                                "cct2.id",
                                                                                                                                "cct2.kind"
                                                                                                                            ],
                                                                                                                            "Filter": "((cct2.kind)::text = 'complete+verified'::text)",
                                                                                                                            "Rows Removed by Filter": 3
                                                                                                                        },
                                                                                                                        {
                                                                                                                            "Node Type": "Nested Loop",
                                                                                                                            "Parent Relationship": "Inner",
                                                                                                                            "Parallel Aware": false,
                                                                                                                            "Join Type": "Inner",
                                                                                                                            "Startup Cost": 11.22,
                                                                                                                            "Total Cost": 3775.91,
                                                                                                                            "Plan Rows": 12,
                                                                                                                            "Plan Width": 12,
                                                                                                                            "Actual Startup Time": 1.78,
                                                                                                                            "Actual Total Time": 19.668,
                                                                                                                            "Actual Rows": 74,
                                                                                                                            "Actual Loops": 1,
                                                                                                                            "Output": [
                                                                                                                                "cc.movie_id",
                                                                                                                                "cc.status_id",
                                                                                                                                "mk.movie_id"
                                                                                                                            ],
                                                                                                                            "Inner Unique": false,
                                                                                                                            "Join Filter": "(cc.subject_id = cct1.id)",
                                                                                                                            "Rows Removed by Join Filter": 16,
                                                                                                                            "Plans": [
                                                                                                                                {
                                                                                                                                    "Node Type": "Seq Scan",
                                                                                                                                    "Parent Relationship": "Outer",
                                                                                                                                    "Parallel Aware": false,
                                                                                                                                    "Relation Name": "comp_cast_type",
                                                                                                                                    "Schema": "public",
                                                                                                                                    "Alias": "cct1",
                                                                                                                                    "Startup Cost": 0.0,
                                                                                                                                    "Total Cost": 1.05,
                                                                                                                                    "Plan Rows": 1,
                                                                                                                                    "Plan Width": 4,
                                                                                                                                    "Actual Startup Time": 0.018,
                                                                                                                                    "Actual Total Time": 0.02,
                                                                                                                                    "Actual Rows": 1,
                                                                                                                                    "Actual Loops": 1,
                                                                                                                                    "Output": [
                                                                                                                                        "cct1.id",
                                                                                                                                        "cct1.kind"
                                                                                                                                    ],
                                                                                                                                    "Filter": "((cct1.kind)::text = 'cast'::text)",
                                                                                                                                    "Rows Removed by Filter": 3
                                                                                                                                },
                                                                                                                                {
                                                                                                                                    "Node Type": "Nested Loop",
                                                                                                                                    "Parent Relationship": "Inner",
                                                                                                                                    "Parallel Aware": false,
                                                                                                                                    "Join Type": "Inner",
                                                                                                                                    "Startup Cost": 11.22,
                                                                                                                                    "Total Cost": 3774.28,
                                                                                                                                    "Plan Rows": 46,
                                                                                                                                    "Plan Width": 16,
                                                                                                                                    "Actual Startup Time": 1.758,
                                                                                                                                    "Actual Total Time": 19.618,
                                                                                                                                    "Actual Rows": 90,
                                                                                                                                    "Actual Loops": 1,
                                                                                                                                    "Output": [
                                                                                                                                        "cc.movie_id",
                                                                                                                                        "cc.subject_id",
                                                                                                                                        "cc.status_id",
                                                                                                                                        "mk.movie_id"
                                                                                                                                    ],
                                                                                                                                    "Inner Unique": false,
                                                                                                                                    "Plans": [
                                                                                                                                        {
                                                                                                                                            "Node Type": "Nested Loop",
                                                                                                                                            "Parent Relationship": "Outer",
                                                                                                                                            "Parallel Aware": false,
                                                                                                                                            "Join Type": "Inner",
                                                                                                                                            "Startup Cost": 10.8,
                                                                                                                                            "Total Cost": 3758.1,
                                                                                                                                            "Plan Rows": 34,
                                                                                                                                            "Plan Width": 4,
                                                                                                                                            "Actual Startup Time": 0.653,
                                                                                                                                            "Actual Total Time": 13.507,
                                                                                                                                            "Actual Rows": 414,
                                                                                                                                            "Actual Loops": 1,
                                                                                                                                            "Output": [
                                                                                                                                                "mk.movie_id"
                                                                                                                                            ],
                                                                                                                                            "Inner Unique": false,
                                                                                                                                            "Plans": [
                                                                                                                                                {
                                                                                                                                                    "Node Type": "Seq Scan",
                                                                                                                                                    "Parent Relationship": "Outer",
                                                                                                                                                    "Parallel Aware": false,
                                                                                                                                                    "Relation Name": "keyword",
                                                                                                                                                    "Schema": "public",
                                                                                                                                                    "Alias": "k",
                                                                                                                                                    "Startup Cost": 0.0,
                                                                                                                                                    "Total Cost": 2626.12,
                                                                                                                                                    "Plan Rows": 1,
                                                                                                                                                    "Plan Width": 4,
                                                                                                                                                    "Actual Startup Time": 0.144,
                                                                                                                                                    "Actual Total Time": 8.413,
                                                                                                                                                    "Actual Rows": 1,
                                                                                                                                                    "Actual Loops": 1,
                                                                                                                                                    "Output": [
                                                                                                                                                        "k.id",
                                                                                                                                                        "k.keyword",
                                                                                                                                                        "k.phonetic_code"
                                                                                                                                                    ],
                                                                                                                                                    "Filter": "(k.keyword = 'computer-animation'::text)",
                                                                                                                                                    "Rows Removed by Filter": 134169
                                                                                                                                                },
                                                                                                                                                {
                                                                                                                                                    "Node Type": "Bitmap Heap Scan",
                                                                                                                                                    "Parent Relationship": "Inner",
                                                                                                                                                    "Parallel Aware": false,
                                                                                                                                                    "Relation Name": "movie_keyword",
                                                                                                                                                    "Schema": "public",
                                                                                                                                                    "Alias": "mk",
                                                                                                                                                    "Startup Cost": 10.8,
                                                                                                                                                    "Total Cost": 1128.92,
                                                                                                                                                    "Plan Rows": 305,
                                                                                                                                                    "Plan Width": 8,
                                                                                                                                                    "Actual Startup Time": 0.496,
                                                                                                                                                    "Actual Total Time": 4.922,
                                                                                                                                                    "Actual Rows": 414,
                                                                                                                                                    "Actual Loops": 1,
                                                                                                                                                    "Output": [
                                                                                                                                                        "mk.id",
                                                                                                                                                        "mk.movie_id",
                                                                                                                                                        "mk.keyword_id"
                                                                                                                                                    ],
                                                                                                                                                    "Recheck Cond": "(mk.keyword_id = k.id)",
                                                                                                                                                    "Rows Removed by Index Recheck": 0,
                                                                                                                                                    "Exact Heap Blocks": 358,
                                                                                                                                                    "Lossy Heap Blocks": 0,
                                                                                                                                                    "Plans": [
                                                                                                                                                        {
                                                                                                                                                            "Node Type": "Bitmap Index Scan",
                                                                                                                                                            "Parent Relationship": "Outer",
                                                                                                                                                            "Parallel Aware": false,
                                                                                                                                                            "Index Name": "keyword_id_movie_keyword",
                                                                                                                                                            "Startup Cost": 0.0,
                                                                                                                                                            "Total Cost": 10.72,
                                                                                                                                                            "Plan Rows": 305,
                                                                                                                                                            "Plan Width": 0,
                                                                                                                                                            "Actual Startup Time": 0.344,
                                                                                                                                                            "Actual Total Time": 0.344,
                                                                                                                                                            "Actual Rows": 414,
                                                                                                                                                            "Actual Loops": 1,
                                                                                                                                                            "Index Cond": "(mk.keyword_id = k.id)"
                                                                                                                                                        }
                                                                                                                                                    ]
                                                                                                                                                }
                                                                                                                                            ]
                                                                                                                                        },
                                                                                                                                        {
                                                                                                                                            "Node Type": "Index Scan",
                                                                                                                                            "Parent Relationship": "Inner",
                                                                                                                                            "Parallel Aware": false,
                                                                                                                                            "Scan Direction": "Forward",
                                                                                                                                            "Index Name": "movie_id_complete_cast",
                                                                                                                                            "Relation Name": "complete_cast",
                                                                                                                                            "Schema": "public",
                                                                                                                                            "Alias": "cc",
                                                                                                                                            "Startup Cost": 0.42,
                                                                                                                                            "Total Cost": 0.46,
                                                                                                                                            "Plan Rows": 2,
                                                                                                                                            "Plan Width": 12,
                                                                                                                                            "Actual Startup Time": 0.013,
                                                                                                                                            "Actual Total Time": 0.014,
                                                                                                                                            "Actual Rows": 0,
                                                                                                                                            "Actual Loops": 414,
                                                                                                                                            "Output": [
                                                                                                                                                "cc.id",
                                                                                                                                                "cc.movie_id",
                                                                                                                                                "cc.subject_id",
                                                                                                                                                "cc.status_id"
                                                                                                                                            ],
                                                                                                                                            "Index Cond": "(cc.movie_id = mk.movie_id)",
                                                                                                                                            "Rows Removed by Index Recheck": 0
                                                                                                                                        }
                                                                                                                                    ]
                                                                                                                                }
                                                                                                                            ]
                                                                                                                        }
                                                                                                                    ]
                                                                                                                },
                                                                                                                {
                                                                                                                    "Node Type": "Index Scan",
                                                                                                                    "Parent Relationship": "Inner",
                                                                                                                    "Parallel Aware": false,
                                                                                                                    "Scan Direction": "Forward",
                                                                                                                    "Index Name": "title_pkey",
                                                                                                                    "Relation Name": "title",
                                                                                                                    "Schema": "public",
                                                                                                                    "Alias": "t",
                                                                                                                    "Startup Cost": 0.43,
                                                                                                                    "Total Cost": 0.49,
                                                                                                                    "Plan Rows": 1,
                                                                                                                    "Plan Width": 21,
                                                                                                                    "Actual Startup Time": 0.032,
                                                                                                                    "Actual Total Time": 0.032,
                                                                                                                    "Actual Rows": 1,
                                                                                                                    "Actual Loops": 23,
                                                                                                                    "Output": [
                                                                                                                        "t.id",
                                                                                                                        "t.title",
                                                                                                                        "t.imdb_index",
                                                                                                                        "t.kind_id",
                                                                                                                        "t.production_year",
                                                                                                                        "t.imdb_id",
                                                                                                                        "t.phonetic_code",
                                                                                                                        "t.episode_of_id",
                                                                                                                        "t.season_nr",
                                                                                                                        "t.episode_nr",
                                                                                                                        "t.series_years",
                                                                                                                        "t.md5sum"
                                                                                                                    ],
                                                                                                                    "Index Cond": "(t.id = mk.movie_id)",
                                                                                                                    "Rows Removed by Index Recheck": 0,
                                                                                                                    "Filter": "((t.production_year >= 1999) AND (t.production_year <= 2008))",
                                                                                                                    "Rows Removed by Filter": 0
                                                                                                                }
                                                                                                            ]
                                                                                                        },
                                                                                                        {
                                                                                                            "Node Type": "Index Scan",
                                                                                                            "Parent Relationship": "Inner",
                                                                                                            "Parallel Aware": false,
                                                                                                            "Scan Direction": "Forward",
                                                                                                            "Index Name": "movie_id_cast_info",
                                                                                                            "Relation Name": "cast_info",
                                                                                                            "Schema": "public",
                                                                                                            "Alias": "ci",
                                                                                                            "Startup Cost": 0.56,
                                                                                                            "Total Cost": 1.69,
                                                                                                            "Plan Rows": 1,
                                                                                                            "Plan Width": 16,
                                                                                                            "Actual Startup Time": 0.135,
                                                                                                            "Actual Total Time": 1.125,
                                                                                                            "Actual Rows": 31,
                                                                                                            "Actual Loops": 19,
                                                                                                            "Output": [
                                                                                                                "ci.id",
                                                                                                                "ci.person_id",
                                                                                                                "ci.movie_id",
                                                                                                                "ci.person_role_id",
                                                                                                                "ci.note",
                                                                                                                "ci.nr_order",
                                                                                                                "ci.role_id"
                                                                                                            ],
                                                                                                            "Index Cond": "(ci.movie_id = mk.movie_id)",
                                                                                                            "Rows Removed by Index Recheck": 0,
                                                                                                            "Filter": "(ci.note = ANY ('{(voice),\"(voice: Japanese version)\",\"(voice) (uncredited)\",\"(voice: English version)\"}'::text[]))",
                                                                                                            "Rows Removed by Filter": 125
                                                                                                        }
                                                                                                    ]
                                                                                                },
                                                                                                {
                                                                                                    "Node Type": "Index Scan",
                                                                                                    "Parent Relationship": "Inner",
                                                                                                    "Parallel Aware": false,
                                                                                                    "Scan Direction": "Forward",
                                                                                                    "Index Name": "movie_id_movie_companies",
                                                                                                    "Relation Name": "movie_companies",
                                                                                                    "Schema": "public",
                                                                                                    "Alias": "mc",
                                                                                                    "Startup Cost": 0.43,
                                                                                                    "Total Cost": 0.54,
                                                                                                    "Plan Rows": 5,
                                                                                                    "Plan Width": 8,
                                                                                                    "Actual Startup Time": 0.003,
                                                                                                    "Actual Total Time": 0.007,
                                                                                                    "Actual Rows": 25,
                                                                                                    "Actual Loops": 585,
                                                                                                    "Output": [
                                                                                                        "mc.id",
                                                                                                        "mc.movie_id",
                                                                                                        "mc.company_id",
                                                                                                        "mc.company_type_id",
                                                                                                        "mc.note"
                                                                                                    ],
                                                                                                    "Index Cond": "(mc.movie_id = mk.movie_id)",
                                                                                                    "Rows Removed by Index Recheck": 0
                                                                                                }
                                                                                            ]
                                                                                        },
                                                                                        {
                                                                                            "Node Type": "Index Scan",
                                                                                            "Parent Relationship": "Inner",
                                                                                            "Parallel Aware": false,
                                                                                            "Scan Direction": "Forward",
                                                                                            "Index Name": "company_name_pkey",
                                                                                            "Relation Name": "company_name",
                                                                                            "Schema": "public",
                                                                                            "Alias": "cn",
                                                                                            "Startup Cost": 0.42,
                                                                                            "Total Cost": 0.45,
                                                                                            "Plan Rows": 1,
                                                                                            "Plan Width": 4,
                                                                                            "Actual Startup Time": 0.002,
                                                                                            "Actual Total Time": 0.002,
                                                                                            "Actual Rows": 0,
                                                                                            "Actual Loops": 14866,
                                                                                            "Output": [
                                                                                                "cn.id",
                                                                                                "cn.name",
                                                                                                "cn.country_code",
                                                                                                "cn.imdb_id",
                                                                                                "cn.name_pcode_nf",
                                                                                                "cn.name_pcode_sf",
                                                                                                "cn.md5sum"
                                                                                            ],
                                                                                            "Index Cond": "(cn.id = mc.company_id)",
                                                                                            "Rows Removed by Index Recheck": 0,
                                                                                            "Filter": "((cn.country_code)::text = '[us]'::text)",
                                                                                            "Rows Removed by Filter": 1
                                                                                        }
                                                                                    ]
                                                                                },
                                                                                {
                                                                                    "Node Type": "Index Scan",
                                                                                    "Parent Relationship": "Inner",
                                                                                    "Parallel Aware": false,
                                                                                    "Scan Direction": "Forward",
                                                                                    "Index Name": "person_id_person_info",
                                                                                    "Relation Name": "person_info",
                                                                                    "Schema": "public",
                                                                                    "Alias": "pi",
                                                                                    "Startup Cost": 0.43,
                                                                                    "Total Cost": 1.18,
                                                                                    "Plan Rows": 25,
                                                                                    "Plan Width": 8,
                                                                                    "Actual Startup Time": 0.006,
                                                                                    "Actual Total Time": 0.01,
                                                                                    "Actual Rows": 34,
                                                                                    "Actual Loops": 3062,
                                                                                    "Output": [
                                                                                        "pi.id",
                                                                                        "pi.person_id",
                                                                                        "pi.info_type_id",
                                                                                        "pi.info",
                                                                                        "pi.note"
                                                                                    ],
                                                                                    "Index Cond": "(pi.person_id = ci.person_id)",
                                                                                    "Rows Removed by Index Recheck": 0
                                                                                }
                                                                            ]
                                                                        }
                                                                    ]
                                                                },
                                                                {
                                                                    "Node Type": "Index Scan",
                                                                    "Parent Relationship": "Inner",
                                                                    "Parallel Aware": false,
                                                                    "Scan Direction": "Forward",
                                                                    "Index Name": "name_pkey",
                                                                    "Relation Name": "name",
                                                                    "Schema": "public",
                                                                    "Alias": "n",
                                                                    "Startup Cost": 0.43,
                                                                    "Total Cost": 0.55,
                                                                    "Plan Rows": 1,
                                                                    "Plan Width": 19,
                                                                    "Actual Startup Time": 0.001,
                                                                    "Actual Total Time": 0.001,
                                                                    "Actual Rows": 0,
                                                                    "Actual Loops": 30267,
                                                                    "Output": [
                                                                        "n.id",
                                                                        "n.name",
                                                                        "n.imdb_index",
                                                                        "n.imdb_id",
                                                                        "n.gender",
                                                                        "n.name_pcode_cf",
                                                                        "n.name_pcode_nf",
                                                                        "n.surname_pcode",
                                                                        "n.md5sum"
                                                                    ],
                                                                    "Index Cond": "(n.id = pi.person_id)",
                                                                    "Rows Removed by Index Recheck": 0,
                                                                    "Filter": "((n.name ~~ '%Br%'::text) AND ((n.gender)::text = 'f'::text))",
                                                                    "Rows Removed by Filter": 1
                                                                }
                                                            ]
                                                        },
                                                        {
                                                            "Node Type": "Index Scan",
                                                            "Parent Relationship": "Inner",
                                                            "Parallel Aware": false,
                                                            "Scan Direction": "Forward",
                                                            "Index Name": "role_type_pkey",
                                                            "Relation Name": "role_type",
                                                            "Schema": "public",
                                                            "Alias": "rt",
                                                            "Startup Cost": 0.14,
                                                            "Total Cost": 0.16,
                                                            "Plan Rows": 1,
                                                            "Plan Width": 4,
                                                            "Actual Startup Time": 0.001,
                                                            "Actual Total Time": 0.001,
                                                            "Actual Rows": 1,
                                                            "Actual Loops": 33,
                                                            "Output": [
                                                                "rt.id",
                                                                "rt.role"
                                                            ],
                                                            "Index Cond": "(rt.id = ci.role_id)",
                                                            "Rows Removed by Index Recheck": 0,
                                                            "Filter": "((rt.role)::text = 'actress'::text)",
                                                            "Rows Removed by Filter": 0
                                                        }
                                                    ]
                                                },
                                                {
                                                    "Node Type": "Index Scan",
                                                    "Parent Relationship": "Inner",
                                                    "Parallel Aware": false,
                                                    "Scan Direction": "Forward",
                                                    "Index Name": "movie_id_movie_info",
                                                    "Relation Name": "movie_info",
                                                    "Schema": "public",
                                                    "Alias": "mi",
                                                    "Startup Cost": 0.43,
                                                    "Total Cost": 1.55,
                                                    "Plan Rows": 1,
                                                    "Plan Width": 8,
                                                    "Actual Startup Time": 0.014,
                                                    "Actual Total Time": 0.065,
                                                    "Actual Rows": 3,
                                                    "Actual Loops": 33,
                                                    "Output": [
                                                        "mi.id",
                                                        "mi.movie_id",
                                                        "mi.info_type_id",
                                                        "mi.info",
                                                        "mi.note"
                                                    ],
                                                    "Index Cond": "(mi.movie_id = mk.movie_id)",
                                                    "Rows Removed by Index Recheck": 0,
                                                    "Filter": "((mi.info IS NOT NULL) AND ((mi.info ~~ 'Japan:%200%'::text) OR (mi.info ~~ 'USA:%200%'::text)))",
                                                    "Rows Removed by Filter": 244
                                                }
                                            ]
                                        },
                                        {
                                            "Node Type": "Index Scan",
                                            "Parent Relationship": "Inner",
                                            "Parallel Aware": false,
                                            "Scan Direction": "Forward",
                                            "Index Name": "info_type_pkey",
                                            "Relation Name": "info_type",
                                            "Schema": "public",
                                            "Alias": "it",
                                            "Startup Cost": 0.14,
                                            "Total Cost": 0.16,
                                            "Plan Rows": 1,
                                            "Plan Width": 4,
                                            "Actual Startup Time": 0.001,
                                            "Actual Total Time": 0.001,
                                            "Actual Rows": 1,
                                            "Actual Loops": 114,
                                            "Output": [
                                                "it.id",
                                                "it.info"
                                            ],
                                            "Index Cond": "(it.id = mi.info_type_id)",
                                            "Rows Removed by Index Recheck": 0,
                                            "Filter": "((it.info)::text = 'release dates'::text)",
                                            "Rows Removed by Filter": 0
                                        }
                                    ]
                                },
                                {
                                    "Node Type": "Index Only Scan",
                                    "Parent Relationship": "Inner",
                                    "Parallel Aware": false,
                                    "Scan Direction": "Forward",
                                    "Index Name": "person_id_aka_name",
                                    "Relation Name": "aka_name",
                                    "Schema": "public",
                                    "Alias": "an",
                                    "Startup Cost": 0.42,
                                    "Total Cost": 0.48,
                                    "Plan Rows": 2,
                                    "Plan Width": 4,
                                    "Actual Startup Time": 0.002,
                                    "Actual Total Time": 0.003,
                                    "Actual Rows": 4,
                                    "Actual Loops": 114,
                                    "Output": [
                                        "an.person_id"
                                    ],
                                    "Index Cond": "(an.person_id = pi.person_id)",
                                    "Rows Removed by Index Recheck": 0,
                                    "Heap Fetches": 468
                                }
                            ]
                        },
                        {
                            "Node Type": "Index Scan",
                            "Parent Relationship": "Inner",
                            "Parallel Aware": false,
                            "Scan Direction": "Forward",
                            "Index Name": "char_name_pkey",
                            "Relation Name": "char_name",
                            "Schema": "public",
                            "Alias": "chn",
                            "Startup Cost": 0.43,
                            "Total Cost": 0.67,
                            "Plan Rows": 1,
                            "Plan Width": 20,
                            "Actual Startup Time": 0.001,
                            "Actual Total Time": 0.001,
                            "Actual Rows": 0,
                            "Actual Loops": 468,
                            "Output": [
                                "chn.id",
                                "chn.name",
                                "chn.imdb_index",
                                "chn.imdb_id",
                                "chn.name_pcode_nf",
                                "chn.surname_pcode",
                                "chn.md5sum"
                            ],
                            "Index Cond": "(chn.id = ci.person_role_id)",
                            "Rows Removed by Index Recheck": 0
                        }
                    ]
                }
            ]
        },
        "Planning Time": 14852.422,
        "Triggers": [],
        "Execution Time": 178.525
    }
]