[
  {
    "Plan": {
      "Node Type": "Aggregate",
      "Strategy": "Plain",
      "Partial Mode": "Finalize",
      "Parallel Aware": false,
      "Startup Cost": 340273.46,
      "Total Cost": 340273.47,
      "Plan Rows": 1,
      "Plan Width": 8,
      "Actual Startup Time": 806.091,
      "Actual Total Time": 852.767,
      "Actual Rows": 1,
      "Actual Loops": 1,
      "Plans": [
        {
          "Node Type": "Gather",
          "Parent Relationship": "Outer",
          "Parallel Aware": false,
          "Startup Cost": 340272.84,
          "Total Cost": 340273.45,
          "Plan Rows": 6,
          "Plan Width": 8,
          "Actual Startup Time": 805.909,
          "Actual Total Time": 852.757,
          "Actual Rows": 7,
          "Actual Loops": 1,
          "Workers Planned": 6,
          "Workers Launched": 6,
          "Single Copy": false,
          "Plans": [
            {
              "Node Type": "Aggregate",
              "Strategy": "Plain",
              "Partial Mode": "Partial",
              "Parent Relationship": "Outer",
              "Parallel Aware": false,
              "Startup Cost": 339272.84,
              "Total Cost": 339272.85,
              "Plan Rows": 1,
              "Plan Width": 8,
              "Actual Startup Time": 798.358,
              "Actual Total Time": 798.359,
              "Actual Rows": 1,
              "Actual Loops": 7,
              "Plans": [
                {
                  "Node Type": "Seq Scan",
                  "Parent Relationship": "Outer",
                  "Parallel Aware": true,
                  "Relation Name": "cast_info",
                  "Alias": "ci",
                  "Startup Cost": 0.0,
                  "Total Cost": 328211.39,
                  "Plan Rows": 4424579,
                  "Plan Width": 0,
                  "Actual Startup Time": 0.049,
                  "Actual Total Time": 612.846,
                  "Actual Rows": 3804721,
                  "Actual Loops": 7,
                  "Filter": "(person_id < 2746306)",
                  "Rows Removed by Filter": 1373043
                }
              ]
            }
          ]
        }
      ]
    },
    "Planning Time": 0.085,
    "Triggers": [],
    "Execution Time": 852.804
  }
]