[
  {
    "Plan": {
      "Node Type": "Aggregate",
      "Strategy": "Plain",
      "Partial Mode": "Finalize",
      "Parallel Aware": false,
      "Startup Cost": 340215.78,
      "Total Cost": 340215.79,
      "Plan Rows": 1,
      "Plan Width": 8,
      "Actual Startup Time": 804.556,
      "Actual Total Time": 862.503,
      "Actual Rows": 1,
      "Actual Loops": 1,
      "Plans": [
        {
          "Node Type": "Gather",
          "Parent Relationship": "Outer",
          "Parallel Aware": false,
          "Startup Cost": 340215.15,
          "Total Cost": 340215.76,
          "Plan Rows": 6,
          "Plan Width": 8,
          "Actual Startup Time": 804.417,
          "Actual Total Time": 862.491,
          "Actual Rows": 7,
          "Actual Loops": 1,
          "Workers Planned": 6,
          "Workers Launched": 6,
          "Single Copy": false,
          "Plans": [
            {
              "Node Type": "Aggregate",
              "Strategy": "Plain",
              "Partial Mode": "Partial",
              "Parent Relationship": "Outer",
              "Parallel Aware": false,
              "Startup Cost": 339215.15,
              "Total Cost": 339215.16,
              "Plan Rows": 1,
              "Plan Width": 8,
              "Actual Startup Time": 797.238,
              "Actual Total Time": 797.239,
              "Actual Rows": 1,
              "Actual Loops": 7,
              "Plans": [
                {
                  "Node Type": "Seq Scan",
                  "Parent Relationship": "Outer",
                  "Parallel Aware": true,
                  "Relation Name": "cast_info",
                  "Alias": "ci",
                  "Startup Cost": 0.0,
                  "Total Cost": 328162.03,
                  "Plan Rows": 4421250,
                  "Plan Width": 0,
                  "Actual Startup Time": 0.037,
                  "Actual Total Time": 627.754,
                  "Actual Rows": 3804721,
                  "Actual Loops": 7,
                  "Filter": "(person_id < 2746306)",
                  "Rows Removed by Filter": 1373043
                }
              ]
            }
          ]
        }
      ]
    },
    "Planning Time": 0.271,
    "Triggers": [],
    "Execution Time": 862.573
  }
]