[
    {
        "Bao": {
            "Bao prediction": "NaN",
            "Bao recommended hint": "(no hint)"
        }
    },
    {
        "Plan": {
            "Node Type": "Aggregate",
            "Strategy": "Plain",
            "Partial Mode": "Finalize",
            "Parallel Aware": false,
            "Startup Cost": 32613.05,
            "Total Cost": 32613.06,
            "Plan Rows": 1,
            "Plan Width": 8,
            "Actual Startup Time": 82.332,
            "Actual Total Time": 87.441,
            "Actual Rows": 1,
            "Actual Loops": 1,
            "Output": [
                "count(*)"
            ],
            "Plans": [
                {
                    "Node Type": "Gather",
                    "Parent Relationship": "Outer",
                    "Parallel Aware": false,
                    "Startup Cost": 32612.73,
                    "Total Cost": 32613.04,
                    "Plan Rows": 3,
                    "Plan Width": 8,
                    "Actual Startup Time": 82.237,
                    "Actual Total Time": 87.435,
                    "Actual Rows": 4,
                    "Actual Loops": 1,
                    "Output": [
                        "(PARTIAL count(*))"
                    ],
                    "Workers Planned": 3,
                    "Workers Launched": 3,
                    "Single Copy": false,
                    "Plans": [
                        {
                            "Node Type": "Aggregate",
                            "Strategy": "Plain",
                            "Partial Mode": "Partial",
                            "Parent Relationship": "Outer",
                            "Parallel Aware": false,
                            "Startup Cost": 31612.73,
                            "Total Cost": 31612.74,
                            "Plan Rows": 1,
                            "Plan Width": 8,
                            "Actual Startup Time": 74.35,
                            "Actual Total Time": 74.351,
                            "Actual Rows": 1,
                            "Actual Loops": 4,
                            "Output": [
                                "PARTIAL count(*)"
                            ],
                            "Workers": [
                                {
                                    "Worker Number": 0,
                                    "Actual Startup Time": 71.26,
                                    "Actual Total Time": 71.261,
                                    "Actual Rows": 1,
                                    "Actual Loops": 1
                                },
                                {
                                    "Worker Number": 1,
                                    "Actual Startup Time": 72.042,
                                    "Actual Total Time": 72.043,
                                    "Actual Rows": 1,
                                    "Actual Loops": 1
                                },
                                {
                                    "Worker Number": 2,
                                    "Actual Startup Time": 72.159,
                                    "Actual Total Time": 72.16,
                                    "Actual Rows": 1,
                                    "Actual Loops": 1
                                }
                            ],
                            "Plans": [
                                {
                                    "Node Type": "Seq Scan",
                                    "Parent Relationship": "Outer",
                                    "Parallel Aware": true,
                                    "Relation Name": "movie_companies",
                                    "Schema": "public",
                                    "Alias": "mc",
                                    "Startup Cost": 0.0,
                                    "Total Cost": 31414.82,
                                    "Plan Rows": 79165,
                                    "Plan Width": 0,
                                    "Actual Startup Time": 42.129,
                                    "Actual Total Time": 72.66,
                                    "Actual Rows": 30611,
                                    "Actual Loops": 4,
                                    "Output": [
                                        "id",
                                        "movie_id",
                                        "company_id",
                                        "company_type_id",
                                        "note"
                                    ],
                                    "Filter": "((mc.company_id < 419) AND (mc.company_type_id = 2))",
                                    "Rows Removed by Filter": 621672,
                                    "Workers": [
                                        {
                                            "Worker Number": 0,
                                            "Actual Startup Time": 39.044,
                                            "Actual Total Time": 69.651,
                                            "Actual Rows": 22199,
                                            "Actual Loops": 1
                                        },
                                        {
                                            "Worker Number": 1,
                                            "Actual Startup Time": 39.823,
                                            "Actual Total Time": 70.409,
                                            "Actual Rows": 22260,
                                            "Actual Loops": 1
                                        },
                                        {
                                            "Worker Number": 2,
                                            "Actual Startup Time": 39.935,
                                            "Actual Total Time": 70.45,
                                            "Actual Rows": 35994,
                                            "Actual Loops": 1
                                        }
                                    ]
                                }
                            ]
                        }
                    ]
                }
            ]
        },
        "Planning Time": 247.854,
        "Triggers": [],
        "Execution Time": 87.491
    }
]