{
  "Plan": {
    "Node Type": "Aggregate",
    "Strategy": "Plain",
    "Partial Mode": "Finalize",
    "Parallel Aware": false,
    "Startup Cost": 807191.57,
    "Total Cost": 807191.58,
    "Plan Rows": 1,
    "Plan Width": 8,
    "Actual Startup Time": 8767.587,
    "Actual Total Time": 8845.272,
    "Actual Rows": 1,
    "Actual Loops": 1,
    "Plans": [
      {
        "Node Type": "Gather",
        "Parent Relationship": "Outer",
        "Parallel Aware": false,
        "Startup Cost": 807191.45,
        "Total Cost": 807191.56,
        "Plan Rows": 1,
        "Plan Width": 8,
        "Actual Startup Time": 8751.862,
        "Actual Total Time": 8845.264,
        "Actual Rows": 2,
        "Actual Loops": 1,
        "Workers Planned": 1,
        "Workers Launched": 1,
        "Single Copy": false,
        "Plans": [
          {
            "Node Type": "Aggregate",
            "Strategy": "Plain",
            "Partial Mode": "Partial",
            "Parent Relationship": "Outer",
            "Parallel Aware": false,
            "Startup Cost": 806191.45,
            "Total Cost": 806191.46,
            "Plan Rows": 1,
            "Plan Width": 8,
            "Actual Startup Time": 8722.544,
            "Actual Total Time": 8722.551,
            "Actual Rows": 1,
            "Actual Loops": 2,
            "Plans": [
              {
                "Node Type": "Hash Join",
                "Parent Relationship": "Outer",
                "Parallel Aware": true,
                "Join Type": "Inner",
                "Startup Cost": 655194.08,
                "Total Cost": 783331.79,
                "Plan Rows": 9143864,
                "Plan Width": 0,
                "Actual Startup Time": 5108.968,
                "Actual Total Time": 7586.184,
                "Actual Rows": 28397852,
                "Actual Loops": 2,
                "Inner Unique": false,
                "Hash Cond": "(mk.movie_id = t.id)",
                "Plans": [
                  {
                    "Node Type": "Seq Scan",
                    "Parent Relationship": "Outer",
                    "Parallel Aware": true,
                    "Relation Name": "movie_keyword",
                    "Alias": "mk",
                    "Startup Cost": 0.0,
                    "Total Cost": 51065.35,
                    "Plan Rows": 2661135,
                    "Plan Width": 4,
                    "Actual Startup Time": 0.018,
                    "Actual Total Time": 164.498,
                    "Actual Rows": 2261965,
                    "Actual Loops": 2
                  },
                  {
                    "Node Type": "Hash",
                    "Parent Relationship": "Inner",
                    "Parallel Aware": true,
                    "Startup Cost": 591316.08,
                    "Total Cost": 591316.08,
                    "Plan Rows": 5110240,
                    "Plan Width": 8,
                    "Actual Startup Time": 5053.687,
                    "Actual Total Time": 5053.693,
                    "Actual Rows": 4307384,
                    "Actual Loops": 2,
                    "Hash Buckets": 16777216,
                    "Original Hash Buckets": 16777216,
                    "Hash Batches": 1,
                    "Original Hash Batches": 1,
                    "Peak Memory Usage": 468128,
                    "Plans": [
                      {
                        "Node Type": "Hash Join",
                        "Parent Relationship": "Outer",
                        "Parallel Aware": true,
                        "Join Type": "Inner",
                        "Startup Cost": 261336.68,
                        "Total Cost": 591316.08,
                        "Plan Rows": 5110240,
                        "Plan Width": 8,
                        "Actual Startup Time": 959.682,
                        "Actual Total Time": 3574.3,
                        "Actual Rows": 4307384,
                        "Actual Loops": 2,
                        "Inner Unique": true,
                        "Hash Cond": "(ci.movie_id = t.id)",
                        "Plans": [
                          {
                            "Node Type": "Bitmap Heap Scan",
                            "Parent Relationship": "Outer",
                            "Parallel Aware": true,
                            "Relation Name": "cast_info",
                            "Alias": "ci",
                            "Startup Cost": 191875.98,
                            "Total Cost": 508440.98,
                            "Plan Rows": 5110240,
                            "Plan Width": 4,
                            "Actual Startup Time": 404.166,
                            "Actual Total Time": 925.386,
                            "Actual Rows": 4307384,
                            "Actual Loops": 2,
                            "Recheck Cond": "(person_id > 2827145)",
                            "Rows Removed by Index Recheck": 0,
                            "Exact Heap Blocks": 53886,
                            "Lossy Heap Blocks": 0,
                            "Plans": [
                              {
                                "Node Type": "Bitmap Index Scan",
                                "Parent Relationship": "Outer",
                                "Parallel Aware": false,
                                "Index Name": "person_id_cast_info",
                                "Startup Cost": 0.0,
                                "Total Cost": 189704.12,
                                "Plan Rows": 8687408,
                                "Plan Width": 0,
                                "Actual Startup Time": 387.401,
                                "Actual Total Time": 387.401,
                                "Actual Rows": 8614769,
                                "Actual Loops": 1,
                                "Index Cond": "(person_id > 2827145)"
                              }
                            ]
                          },
                          {
                            "Node Type": "Hash",
                            "Parent Relationship": "Inner",
                            "Parallel Aware": true,
                            "Startup Cost": 50870.31,
                            "Total Cost": 50870.31,
                            "Plan Rows": 1487231,
                            "Plan Width": 4,
                            "Actual Startup Time": 544.686,
                            "Actual Total Time": 544.687,
                            "Actual Rows": 1264156,
                            "Actual Loops": 2,
                            "Hash Buckets": 4194304,
                            "Original Hash Buckets": 4194304,
                            "Hash Batches": 1,
                            "Original Hash Batches": 1,
                            "Peak Memory Usage": 131712,
                            "Plans": [
                              {
                                "Node Type": "Seq Scan",
                                "Parent Relationship": "Outer",
                                "Parallel Aware": true,
                                "Relation Name": "title",
                                "Alias": "t",
                                "Startup Cost": 0.0,
                                "Total Cost": 50870.31,
                                "Plan Rows": 1487231,
                                "Plan Width": 4,
                                "Actual Startup Time": 0.026,
                                "Actual Total Time": 159.334,
                                "Actual Rows": 1264156,
                                "Actual Loops": 2
                              }
                            ]
                          }
                        ]
                      }
                    ]
                  }
                ]
              }
            ]
          }
        ]
      }
    ]
  },
  "Planning Time": 0.985,
  "Triggers": [],
  "Execution Time": 8845.374
}