[
  {
    "Plan": {
      "Node Type": "Aggregate",
      "Strategy": "Plain",
      "Partial Mode": "Finalize",
      "Parallel Aware": false,
      "Startup Cost": 91620.14,
      "Total Cost": 91620.15,
      "Plan Rows": 1,
      "Plan Width": 8,
      "Actual Startup Time": 290.382,
      "Actual Total Time": 307.995,
      "Actual Rows": 1,
      "Actual Loops": 1,
      "Plans": [
        {
          "Node Type": "Gather",
          "Parent Relationship": "Outer",
          "Parallel Aware": false,
          "Startup Cost": 91619.83,
          "Total Cost": 91620.14,
          "Plan Rows": 3,
          "Plan Width": 8,
          "Actual Startup Time": 289.882,
          "Actual Total Time": 307.975,
          "Actual Rows": 4,
          "Actual Loops": 1,
          "Workers Planned": 3,
          "Workers Launched": 3,
          "Single Copy": false,
          "Plans": [
            {
              "Node Type": "Aggregate",
              "Strategy": "Plain",
              "Partial Mode": "Partial",
              "Parent Relationship": "Outer",
              "Parallel Aware": false,
              "Startup Cost": 90619.83,
              "Total Cost": 90619.84,
              "Plan Rows": 1,
              "Plan Width": 8,
              "Actual Startup Time": 281.262,
              "Actual Total Time": 281.264,
              "Actual Rows": 1,
              "Actual Loops": 4,
              "Plans": [
                {
                  "Node Type": "Hash Join",
                  "Parent Relationship": "Outer",
                  "Parallel Aware": true,
                  "Join Type": "Inner",
                  "Startup Cost": 44287.68,
                  "Total Cost": 90457.04,
                  "Plan Rows": 65114,
                  "Plan Width": 0,
                  "Actual Startup Time": 135.624,
                  "Actual Total Time": 279.676,
                  "Actual Rows": 36487,
                  "Actual Loops": 4,
                  "Inner Unique": true,
                  "Hash Cond": "(mk.movie_id = t.id)",
                  "Plans": [
                    {
                      "Node Type": "Seq Scan",
                      "Parent Relationship": "Outer",
                      "Parallel Aware": true,
                      "Relation Name": "movie_keyword",
                      "Alias": "mk",
                      "Startup Cost": 0.0,
                      "Total Cost": 42695.65,
                      "Plan Rows": 1323314,
                      "Plan Width": 4,
                      "Actual Startup Time": 0.033,
                      "Actual Total Time": 108.562,
                      "Actual Rows": 1021936,
                      "Actual Loops": 4,
                      "Filter": "(keyword_id > 335)",
                      "Rows Removed by Filter": 109047
                    },
                    {
                      "Node Type": "Hash",
                      "Parent Relationship": "Inner",
                      "Parallel Aware": true,
                      "Startup Cost": 43898.92,
                      "Total Cost": 43898.92,
                      "Plan Rows": 31101,
                      "Plan Width": 4,
                      "Actual Startup Time": 100.55,
                      "Actual Total Time": 100.551,
                      "Actual Rows": 31341,
                      "Actual Loops": 4,
                      "Hash Buckets": 131072,
                      "Original Hash Buckets": 131072,
                      "Hash Batches": 1,
                      "Original Hash Batches": 1,
                      "Peak Memory Usage": 5984,
                      "Plans": [
                        {
                          "Node Type": "Seq Scan",
                          "Parent Relationship": "Outer",
                          "Parallel Aware": true,
                          "Relation Name": "title",
                          "Alias": "t",
                          "Startup Cost": 0.0,
                          "Total Cost": 43898.92,
                          "Plan Rows": 31101,
                          "Plan Width": 4,
                          "Actual Startup Time": 50.317,
                          "Actual Total Time": 91.85,
                          "Actual Rows": 31341,
                          "Actual Loops": 4,
                          "Filter": "(production_year < 1934)",
                          "Rows Removed by Filter": 600737
                        }
                      ]
                    }
                  ]
                }
              ]
            }
          ]
        }
      ]
    },
    "Planning Time": 0.539,
    "Triggers": [],
    "Execution Time": 308.058
  }
]