[
  {
    "Plan": {
      "Node Type": "Aggregate",
      "Strategy": "Plain",
      "Partial Mode": "Finalize",
      "Parallel Aware": false,
      "Startup Cost": 33468.1,
      "Total Cost": 33468.11,
      "Plan Rows": 1,
      "Plan Width": 8,
      "Actual Startup Time": 106.26,
      "Actual Total Time": 114.127,
      "Actual Rows": 1,
      "Actual Loops": 1,
      "Plans": [
        {
          "Node Type": "Gather",
          "Parent Relationship": "Outer",
          "Parallel Aware": false,
          "Startup Cost": 33467.78,
          "Total Cost": 33468.09,
          "Plan Rows": 3,
          "Plan Width": 8,
          "Actual Startup Time": 106.145,
          "Actual Total Time": 114.118,
          "Actual Rows": 4,
          "Actual Loops": 1,
          "Workers Planned": 3,
          "Workers Launched": 3,
          "Single Copy": false,
          "Plans": [
            {
              "Node Type": "Aggregate",
              "Strategy": "Plain",
              "Partial Mode": "Partial",
              "Parent Relationship": "Outer",
              "Parallel Aware": false,
              "Startup Cost": 32467.78,
              "Total Cost": 32467.79,
              "Plan Rows": 1,
              "Plan Width": 8,
              "Actual Startup Time": 98.551,
              "Actual Total Time": 98.552,
              "Actual Rows": 1,
              "Actual Loops": 4,
              "Plans": [
                {
                  "Node Type": "Seq Scan",
                  "Parent Relationship": "Outer",
                  "Parallel Aware": true,
                  "Relation Name": "movie_companies",
                  "Alias": "mc",
                  "Startup Cost": 0.0,
                  "Total Cost": 31414.82,
                  "Plan Rows": 421186,
                  "Plan Width": 0,
                  "Actual Startup Time": 50.065,
                  "Actual Total Time": 86.114,
                  "Actual Rows": 324968,
                  "Actual Loops": 4,
                  "Filter": "((company_id < 203522) AND (company_type_id = 2))",
                  "Rows Removed by Filter": 327315
                }
              ]
            }
          ]
        }
      ]
    },
    "Planning Time": 0.288,
    "Triggers": [],
    "Execution Time": 114.18
  }
]