[
  {
    "Plan": {
      "Node Type": "Aggregate",
      "Strategy": "Plain",
      "Partial Mode": "Finalize",
      "Parallel Aware": false,
      "Startup Cost": 342298.29,
      "Total Cost": 342298.3,
      "Plan Rows": 1,
      "Plan Width": 8,
      "Actual Startup Time": 798.153,
      "Actual Total Time": 855.431,
      "Actual Rows": 1,
      "Actual Loops": 1,
      "Plans": [
        {
          "Node Type": "Gather",
          "Parent Relationship": "Outer",
          "Parallel Aware": false,
          "Startup Cost": 342297.66,
          "Total Cost": 342298.27,
          "Plan Rows": 6,
          "Plan Width": 8,
          "Actual Startup Time": 797.992,
          "Actual Total Time": 855.421,
          "Actual Rows": 7,
          "Actual Loops": 1,
          "Workers Planned": 6,
          "Workers Launched": 6,
          "Single Copy": false,
          "Plans": [
            {
              "Node Type": "Aggregate",
              "Strategy": "Plain",
              "Partial Mode": "Partial",
              "Parent Relationship": "Outer",
              "Parallel Aware": false,
              "Startup Cost": 341297.66,
              "Total Cost": 341297.67,
              "Plan Rows": 1,
              "Plan Width": 8,
              "Actual Startup Time": 789.339,
              "Actual Total Time": 789.34,
              "Actual Rows": 1,
              "Actual Loops": 7,
              "Plans": [
                {
                  "Node Type": "Seq Scan",
                  "Parent Relationship": "Outer",
                  "Parallel Aware": true,
                  "Relation Name": "cast_info",
                  "Alias": "ci",
                  "Startup Cost": 0.0,
                  "Total Cost": 328162.03,
                  "Plan Rows": 5254254,
                  "Plan Width": 0,
                  "Actual Startup Time": 62.714,
                  "Actual Total Time": 614.067,
                  "Actual Rows": 4487214,
                  "Actual Loops": 7,
                  "Filter": "(person_id > 469580)",
                  "Rows Removed by Filter": 690549
                }
              ]
            }
          ]
        }
      ]
    },
    "Planning Time": 0.164,
    "Triggers": [],
    "Execution Time": 855.532
  }
]