[
  {
    "Plan": {
      "Node Type": "Aggregate",
      "Strategy": "Plain",
      "Partial Mode": "Finalize",
      "Parallel Aware": false,
      "Startup Cost": 84976.76,
      "Total Cost": 84976.77,
      "Plan Rows": 1,
      "Plan Width": 8,
      "Actual Startup Time": 210.05,
      "Actual Total Time": 230.972,
      "Actual Rows": 1,
      "Actual Loops": 1,
      "Plans": [
        {
          "Node Type": "Gather",
          "Parent Relationship": "Outer",
          "Parallel Aware": false,
          "Startup Cost": 84976.44,
          "Total Cost": 84976.75,
          "Plan Rows": 3,
          "Plan Width": 8,
          "Actual Startup Time": 209.374,
          "Actual Total Time": 230.961,
          "Actual Rows": 4,
          "Actual Loops": 1,
          "Workers Planned": 3,
          "Workers Launched": 3,
          "Single Copy": false,
          "Plans": [
            {
              "Node Type": "Aggregate",
              "Strategy": "Plain",
              "Partial Mode": "Partial",
              "Parent Relationship": "Outer",
              "Parallel Aware": false,
              "Startup Cost": 83976.44,
              "Total Cost": 83976.45,
              "Plan Rows": 1,
              "Plan Width": 8,
              "Actual Startup Time": 205.664,
              "Actual Total Time": 205.669,
              "Actual Rows": 1,
              "Actual Loops": 4,
              "Plans": [
                {
                  "Node Type": "Hash Join",
                  "Parent Relationship": "Outer",
                  "Parallel Aware": true,
                  "Join Type": "Inner",
                  "Startup Cost": 56918.66,
                  "Total Cost": 83968.2,
                  "Plan Rows": 3297,
                  "Plan Width": 0,
                  "Actual Startup Time": 130.848,
                  "Actual Total Time": 205.607,
                  "Actual Rows": 438,
                  "Actual Loops": 4,
                  "Inner Unique": true,
                  "Hash Cond": "(mk.movie_id = t.id)",
                  "Plans": [
                    {
                      "Node Type": "Bitmap Heap Scan",
                      "Parent Relationship": "Outer",
                      "Parallel Aware": true,
                      "Relation Name": "movie_keyword",
                      "Alias": "mk",
                      "Startup Cost": 11287.27,
                      "Total Cost": 37886.35,
                      "Plan Rows": 171606,
                      "Plan Width": 4,
                      "Actual Startup Time": 35.901,
                      "Actual Total Time": 95.223,
                      "Actual Rows": 132828,
                      "Actual Loops": 4,
                      "Recheck Cond": "(keyword_id > 34360)",
                      "Rows Removed by Index Recheck": 0,
                      "Exact Heap Blocks": 6746,
                      "Lossy Heap Blocks": 0,
                      "Plans": [
                        {
                          "Node Type": "Bitmap Index Scan",
                          "Parent Relationship": "Outer",
                          "Parallel Aware": false,
                          "Index Name": "keyword_id_movie_keyword",
                          "Startup Cost": 0.0,
                          "Total Cost": 11154.27,
                          "Plan Rows": 531979,
                          "Plan Width": 0,
                          "Actual Startup Time": 32.405,
                          "Actual Total Time": 32.406,
                          "Actual Rows": 531314,
                          "Actual Loops": 1,
                          "Index Cond": "(keyword_id > 34360)"
                        }
                      ]
                    },
                    {
                      "Node Type": "Hash",
                      "Parent Relationship": "Inner",
                      "Parallel Aware": true,
                      "Startup Cost": 45479.59,
                      "Total Cost": 45479.59,
                      "Plan Rows": 12144,
                      "Plan Width": 4,
                      "Actual Startup Time": 93.423,
                      "Actual Total Time": 93.424,
                      "Actual Rows": 10753,
                      "Actual Loops": 4,
                      "Hash Buckets": 65536,
                      "Original Hash Buckets": 65536,
                      "Hash Batches": 1,
                      "Original Hash Batches": 1,
                      "Peak Memory Usage": 2272,
                      "Plans": [
                        {
                          "Node Type": "Seq Scan",
                          "Parent Relationship": "Outer",
                          "Parallel Aware": true,
                          "Relation Name": "title",
                          "Alias": "t",
                          "Startup Cost": 0.0,
                          "Total Cost": 45479.59,
                          "Plan Rows": 12144,
                          "Plan Width": 4,
                          "Actual Startup Time": 0.032,
                          "Actual Total Time": 89.094,
                          "Actual Rows": 10753,
                          "Actual Loops": 4,
                          "Filter": "((kind_id > 2) AND (production_year > 2012))",
                          "Rows Removed by Filter": 621325
                        }
                      ]
                    }
                  ]
                }
              ]
            }
          ]
        }
      ]
    },
    "Planning Time": 0.344,
    "Triggers": [],
    "Execution Time": 231.029
  }
]