[
  {
    "Plan": {
      "Node Type": "Aggregate",
      "Strategy": "Plain",
      "Partial Mode": "Finalize",
      "Parallel Aware": false,
      "Startup Cost": 112407.09,
      "Total Cost": 112407.1,
      "Plan Rows": 1,
      "Plan Width": 8,
      "Actual Startup Time": 405.979,
      "Actual Total Time": 423.971,
      "Actual Rows": 1,
      "Actual Loops": 1,
      "Plans": [
        {
          "Node Type": "Gather",
          "Parent Relationship": "Outer",
          "Parallel Aware": false,
          "Startup Cost": 112406.67,
          "Total Cost": 112407.08,
          "Plan Rows": 4,
          "Plan Width": 8,
          "Actual Startup Time": 399.436,
          "Actual Total Time": 423.961,
          "Actual Rows": 5,
          "Actual Loops": 1,
          "Workers Planned": 4,
          "Workers Launched": 4,
          "Single Copy": false,
          "Plans": [
            {
              "Node Type": "Aggregate",
              "Strategy": "Plain",
              "Partial Mode": "Partial",
              "Parent Relationship": "Outer",
              "Parallel Aware": false,
              "Startup Cost": 111406.67,
              "Total Cost": 111406.68,
              "Plan Rows": 1,
              "Plan Width": 8,
              "Actual Startup Time": 381.966,
              "Actual Total Time": 382.063,
              "Actual Rows": 1,
              "Actual Loops": 5,
              "Plans": [
                {
                  "Node Type": "Hash Join",
                  "Parent Relationship": "Outer",
                  "Parallel Aware": true,
                  "Join Type": "Inner",
                  "Startup Cost": 64872.43,
                  "Total Cost": 111345.1,
                  "Plan Rows": 24630,
                  "Plan Width": 0,
                  "Actual Startup Time": 291.034,
                  "Actual Total Time": 380.075,
                  "Actual Rows": 42409,
                  "Actual Loops": 5,
                  "Inner Unique": false,
                  "Hash Cond": "(t.id = ci.movie_id)",
                  "Plans": [
                    {
                      "Node Type": "Seq Scan",
                      "Parent Relationship": "Outer",
                      "Parallel Aware": true,
                      "Relation Name": "title",
                      "Alias": "t",
                      "Startup Cost": 0.0,
                      "Total Cost": 42318.73,
                      "Plan Rows": 632073,
                      "Plan Width": 4,
                      "Actual Startup Time": 0.016,
                      "Actual Total Time": 67.154,
                      "Actual Rows": 505662,
                      "Actual Loops": 5
                    },
                    {
                      "Node Type": "Hash",
                      "Parent Relationship": "Inner",
                      "Parallel Aware": true,
                      "Startup Cost": 63855.03,
                      "Total Cost": 63855.03,
                      "Plan Rows": 81392,
                      "Plan Width": 8,
                      "Actual Startup Time": 237.796,
                      "Actual Total Time": 237.891,
                      "Actual Rows": 42409,
                      "Actual Loops": 5,
                      "Hash Buckets": 262144,
                      "Original Hash Buckets": 262144,
                      "Hash Batches": 1,
                      "Original Hash Batches": 1,
                      "Peak Memory Usage": 10432,
                      "Plans": [
                        {
                          "Node Type": "Hash Join",
                          "Parent Relationship": "Outer",
                          "Parallel Aware": true,
                          "Join Type": "Inner",
                          "Startup Cost": 37205.99,
                          "Total Cost": 63855.03,
                          "Plan Rows": 81392,
                          "Plan Width": 8,
                          "Actual Startup Time": 168.688,
                          "Actual Total Time": 224.873,
                          "Actual Rows": 42409,
                          "Actual Loops": 5,
                          "Inner Unique": false,
                          "Hash Cond": "(mk.movie_id = ci.movie_id)",
                          "Plans": [
                            {
                              "Node Type": "Bitmap Heap Scan",
                              "Parent Relationship": "Outer",
                              "Parallel Aware": true,
                              "Relation Name": "movie_keyword",
                              "Alias": "mk",
                              "Startup Cost": 4991.19,
                              "Total Cost": 30393.55,
                              "Plan Rows": 75869,
                              "Plan Width": 4,
                              "Actual Startup Time": 16.669,
                              "Actual Total Time": 53.134,
                              "Actual Rows": 45006,
                              "Actual Loops": 5,
                              "Recheck Cond": "(keyword_id > 64051)",
                              "Rows Removed by Index Recheck": 0,
                              "Exact Heap Blocks": 5080,
                              "Lossy Heap Blocks": 0,
                              "Plans": [
                                {
                                  "Node Type": "Bitmap Index Scan",
                                  "Parent Relationship": "Outer",
                                  "Parallel Aware": false,
                                  "Index Name": "keyword_id_movie_keyword",
                                  "Startup Cost": 0.0,
                                  "Total Cost": 4932.39,
                                  "Plan Rows": 235194,
                                  "Plan Width": 0,
                                  "Actual Startup Time": 13.488,
                                  "Actual Total Time": 13.488,
                                  "Actual Rows": 225031,
                                  "Actual Loops": 1,
                                  "Index Cond": "(keyword_id > 64051)"
                                }
                              ]
                            },
                            {
                              "Node Type": "Hash",
                              "Parent Relationship": "Inner",
                              "Parallel Aware": true,
                              "Startup Cost": 28905.22,
                              "Total Cost": 28905.22,
                              "Plan Rows": 264766,
                              "Plan Width": 4,
                              "Actual Startup Time": 147.108,
                              "Actual Total Time": 147.109,
                              "Actual Rows": 218712,
                              "Actual Loops": 5,
                              "Hash Buckets": 2097152,
                              "Original Hash Buckets": 2097152,
                              "Hash Batches": 1,
                              "Original Hash Batches": 1,
                              "Peak Memory Usage": 59264,
                              "Plans": [
                                {
                                  "Node Type": "Index Scan",
                                  "Parent Relationship": "Outer",
                                  "Parallel Aware": true,
                                  "Scan Direction": "Forward",
                                  "Index Name": "role_id_cast_info",
                                  "Relation Name": "cast_info",
                                  "Alias": "ci",
                                  "Startup Cost": 0.56,
                                  "Total Cost": 28905.22,
                                  "Plan Rows": 264766,
                                  "Plan Width": 4,
                                  "Actual Startup Time": 0.169,
                                  "Actual Total Time": 53.553,
                                  "Actual Rows": 218712,
                                  "Actual Loops": 5,
                                  "Index Cond": "(role_id = 9)",
                                  "Rows Removed by Index Recheck": 0
                                }
                              ]
                            }
                          ]
                        }
                      ]
                    }
                  ]
                }
              ]
            }
          ]
        }
      ]
    },
    "Planning Time": 1.379,
    "Triggers": [],
    "Execution Time": 424.086
  }
]