[
  {
    "Plan": {
      "Node Type": "Aggregate",
      "Strategy": "Plain",
      "Partial Mode": "Finalize",
      "Parallel Aware": false,
      "Startup Cost": 351635.23,
      "Total Cost": 351635.24,
      "Plan Rows": 1,
      "Plan Width": 8,
      "Actual Startup Time": 769.837,
      "Actual Total Time": 832.528,
      "Actual Rows": 1,
      "Actual Loops": 1,
      "Plans": [
        {
          "Node Type": "Gather",
          "Parent Relationship": "Outer",
          "Parallel Aware": false,
          "Startup Cost": 351634.61,
          "Total Cost": 351635.22,
          "Plan Rows": 6,
          "Plan Width": 8,
          "Actual Startup Time": 769.701,
          "Actual Total Time": 832.519,
          "Actual Rows": 7,
          "Actual Loops": 1,
          "Workers Planned": 6,
          "Workers Launched": 6,
          "Single Copy": false,
          "Plans": [
            {
              "Node Type": "Aggregate",
              "Strategy": "Plain",
              "Partial Mode": "Partial",
              "Parent Relationship": "Outer",
              "Parallel Aware": false,
              "Startup Cost": 350634.61,
              "Total Cost": 350634.62,
              "Plan Rows": 1,
              "Plan Width": 8,
              "Actual Startup Time": 760.161,
              "Actual Total Time": 760.162,
              "Actual Rows": 1,
              "Actual Loops": 7,
              "Plans": [
                {
                  "Node Type": "Seq Scan",
                  "Parent Relationship": "Outer",
                  "Parallel Aware": true,
                  "Relation Name": "cast_info",
                  "Alias": "ci",
                  "Startup Cost": 0.0,
                  "Total Cost": 343257.03,
                  "Plan Rows": 2951031,
                  "Plan Width": 0,
                  "Actual Startup Time": 0.051,
                  "Actual Total Time": 645.076,
                  "Actual Rows": 2853000,
                  "Actual Loops": 7,
                  "Filter": "((person_id < 2130739) AND (role_id < 9))",
                  "Rows Removed by Filter": 2324763
                }
              ]
            }
          ]
        }
      ]
    },
    "Planning Time": 0.226,
    "Triggers": [],
    "Execution Time": 832.602
  }
]