[
  {
    "Plan": {
      "Node Type": "Aggregate",
      "Strategy": "Plain",
      "Partial Mode": "Finalize",
      "Parallel Aware": false,
      "Startup Cost": 45395.93,
      "Total Cost": 45395.94,
      "Plan Rows": 1,
      "Plan Width": 8,
      "Actual Startup Time": 45.203,
      "Actual Total Time": 50.123,
      "Actual Rows": 1,
      "Actual Loops": 1,
      "Plans": [
        {
          "Node Type": "Gather",
          "Parent Relationship": "Outer",
          "Parallel Aware": false,
          "Startup Cost": 45395.61,
          "Total Cost": 45395.92,
          "Plan Rows": 3,
          "Plan Width": 8,
          "Actual Startup Time": 44.961,
          "Actual Total Time": 50.115,
          "Actual Rows": 4,
          "Actual Loops": 1,
          "Workers Planned": 3,
          "Workers Launched": 3,
          "Single Copy": false,
          "Plans": [
            {
              "Node Type": "Aggregate",
              "Strategy": "Plain",
              "Partial Mode": "Partial",
              "Parent Relationship": "Outer",
              "Parallel Aware": false,
              "Startup Cost": 44395.61,
              "Total Cost": 44395.62,
              "Plan Rows": 1,
              "Plan Width": 8,
              "Actual Startup Time": 35.502,
              "Actual Total Time": 35.504,
              "Actual Rows": 1,
              "Actual Loops": 4,
              "Plans": [
                {
                  "Node Type": "Nested Loop",
                  "Parent Relationship": "Outer",
                  "Parallel Aware": false,
                  "Join Type": "Inner",
                  "Startup Cost": 383.29,
                  "Total Cost": 44367.4,
                  "Plan Rows": 11282,
                  "Plan Width": 0,
                  "Actual Startup Time": 2.701,
                  "Actual Total Time": 35.068,
                  "Actual Rows": 2370,
                  "Actual Loops": 4,
                  "Inner Unique": false,
                  "Plans": [
                    {
                      "Node Type": "Nested Loop",
                      "Parent Relationship": "Outer",
                      "Parallel Aware": false,
                      "Join Type": "Inner",
                      "Startup Cost": 382.85,
                      "Total Cost": 38909.64,
                      "Plan Rows": 2877,
                      "Plan Width": 8,
                      "Actual Startup Time": 2.528,
                      "Actual Total Time": 21.828,
                      "Actual Rows": 2035,
                      "Actual Loops": 4,
                      "Inner Unique": true,
                      "Plans": [
                        {
                          "Node Type": "Bitmap Heap Scan",
                          "Parent Relationship": "Outer",
                          "Parallel Aware": true,
                          "Relation Name": "movie_companies",
                          "Alias": "mc",
                          "Startup Cost": 382.42,
                          "Total Cost": 19686.73,
                          "Plan Rows": 2877,
                          "Plan Width": 4,
                          "Actual Startup Time": 2.343,
                          "Actual Total Time": 3.634,
                          "Actual Rows": 2035,
                          "Actual Loops": 4,
                          "Recheck Cond": "(company_id = 166)",
                          "Rows Removed by Index Recheck": 0,
                          "Filter": "(company_type_id = 2)",
                          "Rows Removed by Filter": 2020,
                          "Exact Heap Blocks": 421,
                          "Lossy Heap Blocks": 0,
                          "Plans": [
                            {
                              "Node Type": "Bitmap Index Scan",
                              "Parent Relationship": "Outer",
                              "Parallel Aware": false,
                              "Index Name": "company_id_movie_companies",
                              "Startup Cost": 0.0,
                              "Total Cost": 380.19,
                              "Plan Rows": 17568,
                              "Plan Width": 0,
                              "Actual Startup Time": 5.833,
                              "Actual Total Time": 5.833,
                              "Actual Rows": 16220,
                              "Actual Loops": 1,
                              "Index Cond": "(company_id = 166)"
                            }
                          ]
                        },
                        {
                          "Node Type": "Index Only Scan",
                          "Parent Relationship": "Inner",
                          "Parallel Aware": false,
                          "Scan Direction": "Forward",
                          "Index Name": "title_pkey",
                          "Relation Name": "title",
                          "Alias": "t",
                          "Startup Cost": 0.43,
                          "Total Cost": 6.68,
                          "Plan Rows": 1,
                          "Plan Width": 4,
                          "Actual Startup Time": 0.008,
                          "Actual Total Time": 0.008,
                          "Actual Rows": 1,
                          "Actual Loops": 8139,
                          "Index Cond": "(id = mc.movie_id)",
                          "Rows Removed by Index Recheck": 0,
                          "Heap Fetches": 8139
                        }
                      ]
                    },
                    {
                      "Node Type": "Index Scan",
                      "Parent Relationship": "Inner",
                      "Parallel Aware": false,
                      "Scan Direction": "Forward",
                      "Index Name": "movie_id_movie_info",
                      "Relation Name": "movie_info",
                      "Alias": "mi",
                      "Startup Cost": 0.43,
                      "Total Cost": 1.62,
                      "Plan Rows": 28,
                      "Plan Width": 4,
                      "Actual Startup Time": 0.004,
                      "Actual Total Time": 0.006,
                      "Actual Rows": 1,
                      "Actual Loops": 8139,
                      "Index Cond": "(movie_id = t.id)",
                      "Rows Removed by Index Recheck": 0,
                      "Filter": "(info_type_id > 4)",
                      "Rows Removed by Filter": 0
                    }
                  ]
                }
              ]
            }
          ]
        }
      ]
    },
    "Planning Time": 1.635,
    "Triggers": [],
    "Execution Time": 50.23
  }
]