[
    {
        "Bao": {
            "Bao prediction": "NaN",
            "Bao recommended hint": "(no hint)"
        }
    },
    {
        "Plan": {
            "Node Type": "Aggregate",
            "Strategy": "Plain",
            "Partial Mode": "Finalize",
            "Parallel Aware": false,
            "Startup Cost": 325646.04,
            "Total Cost": 325646.05,
            "Plan Rows": 1,
            "Plan Width": 8,
            "Actual Startup Time": 244.687,
            "Actual Total Time": 251.932,
            "Actual Rows": 1,
            "Actual Loops": 1,
            "Output": [
                "count(*)"
            ],
            "Plans": [
                {
                    "Node Type": "Gather",
                    "Parent Relationship": "Outer",
                    "Parallel Aware": false,
                    "Startup Cost": 325645.41,
                    "Total Cost": 325646.02,
                    "Plan Rows": 6,
                    "Plan Width": 8,
                    "Actual Startup Time": 243.861,
                    "Actual Total Time": 251.924,
                    "Actual Rows": 7,
                    "Actual Loops": 1,
                    "Output": [
                        "(PARTIAL count(*))"
                    ],
                    "Workers Planned": 6,
                    "Workers Launched": 6,
                    "Single Copy": false,
                    "Plans": [
                        {
                            "Node Type": "Aggregate",
                            "Strategy": "Plain",
                            "Partial Mode": "Partial",
                            "Parent Relationship": "Outer",
                            "Parallel Aware": false,
                            "Startup Cost": 324645.41,
                            "Total Cost": 324645.42,
                            "Plan Rows": 1,
                            "Plan Width": 8,
                            "Actual Startup Time": 233.734,
                            "Actual Total Time": 233.736,
                            "Actual Rows": 1,
                            "Actual Loops": 7,
                            "Output": [
                                "PARTIAL count(*)"
                            ],
                            "Workers": [
                                {
                                    "Worker Number": 0,
                                    "Actual Startup Time": 231.407,
                                    "Actual Total Time": 231.408,
                                    "Actual Rows": 1,
                                    "Actual Loops": 1
                                },
                                {
                                    "Worker Number": 1,
                                    "Actual Startup Time": 231.719,
                                    "Actual Total Time": 231.721,
                                    "Actual Rows": 1,
                                    "Actual Loops": 1
                                },
                                {
                                    "Worker Number": 2,
                                    "Actual Startup Time": 232.002,
                                    "Actual Total Time": 232.003,
                                    "Actual Rows": 1,
                                    "Actual Loops": 1
                                },
                                {
                                    "Worker Number": 3,
                                    "Actual Startup Time": 232.082,
                                    "Actual Total Time": 232.084,
                                    "Actual Rows": 1,
                                    "Actual Loops": 1
                                },
                                {
                                    "Worker Number": 4,
                                    "Actual Startup Time": 232.642,
                                    "Actual Total Time": 232.643,
                                    "Actual Rows": 1,
                                    "Actual Loops": 1
                                },
                                {
                                    "Worker Number": 5,
                                    "Actual Startup Time": 232.894,
                                    "Actual Total Time": 232.895,
                                    "Actual Rows": 1,
                                    "Actual Loops": 1
                                }
                            ],
                            "Plans": [
                                {
                                    "Node Type": "Bitmap Heap Scan",
                                    "Parent Relationship": "Outer",
                                    "Parallel Aware": true,
                                    "Relation Name": "cast_info",
                                    "Schema": "public",
                                    "Alias": "ci",
                                    "Startup Cost": 63887.33,
                                    "Total Cost": 323836.05,
                                    "Plan Rows": 323744,
                                    "Plan Width": 0,
                                    "Actual Startup Time": 98.317,
                                    "Actual Total Time": 214.222,
                                    "Actual Rows": 336367,
                                    "Actual Loops": 7,
                                    "Recheck Cond": "(ci.person_id < 287717)",
                                    "Rows Removed by Index Recheck": 0,
                                    "Filter": "(ci.role_id < 4)",
                                    "Rows Removed by Filter": 86167,
                                    "Exact Heap Blocks": 7245,
                                    "Lossy Heap Blocks": 0,
                                    "Workers": [
                                        {
                                            "Worker Number": 0,
                                            "Actual Startup Time": 96.358,
                                            "Actual Total Time": 211.836,
                                            "Actual Rows": 253490,
                                            "Actual Loops": 1
                                        },
                                        {
                                            "Worker Number": 1,
                                            "Actual Startup Time": 96.587,
                                            "Actual Total Time": 212.076,
                                            "Actual Rows": 254330,
                                            "Actual Loops": 1
                                        },
                                        {
                                            "Worker Number": 2,
                                            "Actual Startup Time": 96.414,
                                            "Actual Total Time": 212.504,
                                            "Actual Rows": 253456,
                                            "Actual Loops": 1
                                        },
                                        {
                                            "Worker Number": 3,
                                            "Actual Startup Time": 96.867,
                                            "Actual Total Time": 212.668,
                                            "Actual Rows": 360458,
                                            "Actual Loops": 1
                                        },
                                        {
                                            "Worker Number": 4,
                                            "Actual Startup Time": 97.312,
                                            "Actual Total Time": 213.665,
                                            "Actual Rows": 347945,
                                            "Actual Loops": 1
                                        },
                                        {
                                            "Worker Number": 5,
                                            "Actual Startup Time": 97.273,
                                            "Actual Total Time": 214.589,
                                            "Actual Rows": 334643,
                                            "Actual Loops": 1
                                        }
                                    ],
                                    "Plans": [
                                        {
                                            "Node Type": "Bitmap Index Scan",
                                            "Parent Relationship": "Outer",
                                            "Parallel Aware": false,
                                            "Index Name": "person_id_cast_info",
                                            "Startup Cost": 0.0,
                                            "Total Cost": 63401.72,
                                            "Plan Rows": 2904687,
                                            "Plan Width": 0,
                                            "Actual Startup Time": 102.489,
                                            "Actual Total Time": 102.49,
                                            "Actual Rows": 2957735,
                                            "Actual Loops": 1,
                                            "Index Cond": "(ci.person_id < 287717)"
                                        }
                                    ]
                                }
                            ]
                        }
                    ]
                }
            ]
        },
        "Planning Time": 201.276,
        "Triggers": [],
        "Execution Time": 252.035
    }
]