[
    {
        "Bao": {
            "Bao prediction": "NaN",
            "Bao recommended hint": "(no hint)"
        }
    },
    {
        "Plan": {
            "Node Type": "Aggregate",
            "Strategy": "Plain",
            "Partial Mode": "Finalize",
            "Parallel Aware": false,
            "Startup Cost": 32678.29,
            "Total Cost": 32678.3,
            "Plan Rows": 1,
            "Plan Width": 8,
            "Actual Startup Time": 120.009,
            "Actual Total Time": 126.829,
            "Actual Rows": 1,
            "Actual Loops": 1,
            "Output": [
                "count(*)"
            ],
            "Plans": [
                {
                    "Node Type": "Gather",
                    "Parent Relationship": "Outer",
                    "Parallel Aware": false,
                    "Startup Cost": 32677.97,
                    "Total Cost": 32678.28,
                    "Plan Rows": 3,
                    "Plan Width": 8,
                    "Actual Startup Time": 119.921,
                    "Actual Total Time": 126.821,
                    "Actual Rows": 4,
                    "Actual Loops": 1,
                    "Output": [
                        "(PARTIAL count(*))"
                    ],
                    "Workers Planned": 3,
                    "Workers Launched": 3,
                    "Single Copy": false,
                    "Plans": [
                        {
                            "Node Type": "Aggregate",
                            "Strategy": "Plain",
                            "Partial Mode": "Partial",
                            "Parent Relationship": "Outer",
                            "Parallel Aware": false,
                            "Startup Cost": 31677.97,
                            "Total Cost": 31677.98,
                            "Plan Rows": 1,
                            "Plan Width": 8,
                            "Actual Startup Time": 111.731,
                            "Actual Total Time": 111.732,
                            "Actual Rows": 1,
                            "Actual Loops": 4,
                            "Output": [
                                "PARTIAL count(*)"
                            ],
                            "Workers": [
                                {
                                    "Worker Number": 0,
                                    "Actual Startup Time": 108.672,
                                    "Actual Total Time": 108.673,
                                    "Actual Rows": 1,
                                    "Actual Loops": 1
                                },
                                {
                                    "Worker Number": 1,
                                    "Actual Startup Time": 109.228,
                                    "Actual Total Time": 109.229,
                                    "Actual Rows": 1,
                                    "Actual Loops": 1
                                },
                                {
                                    "Worker Number": 2,
                                    "Actual Startup Time": 109.443,
                                    "Actual Total Time": 109.444,
                                    "Actual Rows": 1,
                                    "Actual Loops": 1
                                }
                            ],
                            "Plans": [
                                {
                                    "Node Type": "Seq Scan",
                                    "Parent Relationship": "Outer",
                                    "Parallel Aware": true,
                                    "Relation Name": "movie_companies",
                                    "Schema": "public",
                                    "Alias": "mc",
                                    "Startup Cost": 0.0,
                                    "Total Cost": 31414.82,
                                    "Plan Rows": 105261,
                                    "Plan Width": 0,
                                    "Actual Startup Time": 51.12,
                                    "Actual Total Time": 101.035,
                                    "Actual Rows": 155821,
                                    "Actual Loops": 4,
                                    "Output": [
                                        "id",
                                        "movie_id",
                                        "company_id",
                                        "company_type_id",
                                        "note"
                                    ],
                                    "Filter": "((mc.company_id > 57306) AND (mc.company_type_id = 2))",
                                    "Rows Removed by Filter": 496461,
                                    "Workers": [
                                        {
                                            "Worker Number": 0,
                                            "Actual Startup Time": 48.065,
                                            "Actual Total Time": 98.345,
                                            "Actual Rows": 154739,
                                            "Actual Loops": 1
                                        },
                                        {
                                            "Worker Number": 1,
                                            "Actual Startup Time": 48.61,
                                            "Actual Total Time": 98.819,
                                            "Actual Rows": 156279,
                                            "Actual Loops": 1
                                        },
                                        {
                                            "Worker Number": 2,
                                            "Actual Startup Time": 48.845,
                                            "Actual Total Time": 99.104,
                                            "Actual Rows": 153776,
                                            "Actual Loops": 1
                                        }
                                    ]
                                }
                            ]
                        }
                    ]
                }
            ]
        },
        "Planning Time": 290.62,
        "Triggers": [],
        "Execution Time": 126.895
    }
]