[
  {
    "Plan": {
      "Node Type": "Aggregate",
      "Strategy": "Plain",
      "Partial Mode": "Finalize",
      "Parallel Aware": false,
      "Startup Cost": 199063.43,
      "Total Cost": 199063.44,
      "Plan Rows": 1,
      "Plan Width": 8,
      "Actual Startup Time": 839.823,
      "Actual Total Time": 881.278,
      "Actual Rows": 1,
      "Actual Loops": 1,
      "Plans": [
        {
          "Node Type": "Gather",
          "Parent Relationship": "Outer",
          "Parallel Aware": false,
          "Startup Cost": 199063.22,
          "Total Cost": 199063.43,
          "Plan Rows": 2,
          "Plan Width": 8,
          "Actual Startup Time": 834.502,
          "Actual Total Time": 881.269,
          "Actual Rows": 3,
          "Actual Loops": 1,
          "Workers Planned": 2,
          "Workers Launched": 2,
          "Single Copy": false,
          "Plans": [
            {
              "Node Type": "Aggregate",
              "Strategy": "Plain",
              "Partial Mode": "Partial",
              "Parent Relationship": "Outer",
              "Parallel Aware": false,
              "Startup Cost": 198063.22,
              "Total Cost": 198063.23,
              "Plan Rows": 1,
              "Plan Width": 8,
              "Actual Startup Time": 829.434,
              "Actual Total Time": 829.438,
              "Actual Rows": 1,
              "Actual Loops": 3,
              "Plans": [
                {
                  "Node Type": "Nested Loop",
                  "Parent Relationship": "Outer",
                  "Parallel Aware": false,
                  "Join Type": "Inner",
                  "Startup Cost": 46522.86,
                  "Total Cost": 197435.51,
                  "Plan Rows": 251084,
                  "Plan Width": 0,
                  "Actual Startup Time": 174.099,
                  "Actual Total Time": 793.813,
                  "Actual Rows": 816884,
                  "Actual Loops": 3,
                  "Inner Unique": false,
                  "Join Filter": "(t.id = mi.movie_id)",
                  "Rows Removed by Join Filter": 0,
                  "Plans": [
                    {
                      "Node Type": "Hash Join",
                      "Parent Relationship": "Outer",
                      "Parallel Aware": true,
                      "Join Type": "Inner",
                      "Startup Cost": 46522.42,
                      "Total Cost": 62657.27,
                      "Plan Rows": 50918,
                      "Plan Width": 8,
                      "Actual Startup Time": 174.028,
                      "Actual Total Time": 243.935,
                      "Actual Rows": 51429,
                      "Actual Loops": 3,
                      "Inner Unique": true,
                      "Hash Cond": "(mi_idx.movie_id = t.id)",
                      "Plans": [
                        {
                          "Node Type": "Seq Scan",
                          "Parent Relationship": "Outer",
                          "Parallel Aware": true,
                          "Relation Name": "movie_info_idx",
                          "Alias": "mi_idx",
                          "Startup Cost": 0.0,
                          "Total Cost": 15122.68,
                          "Plan Rows": 385585,
                          "Plan Width": 4,
                          "Actual Startup Time": 0.024,
                          "Actual Total Time": 42.457,
                          "Actual Rows": 306703,
                          "Actual Loops": 3,
                          "Filter": "(info_type_id > 99)",
                          "Rows Removed by Filter": 153308
                        },
                        {
                          "Node Type": "Hash",
                          "Parent Relationship": "Inner",
                          "Parallel Aware": true,
                          "Startup Cost": 45479.1,
                          "Total Cost": 45479.1,
                          "Plan Rows": 83466,
                          "Plan Width": 4,
                          "Actual Startup Time": 138.833,
                          "Actual Total Time": 138.834,
                          "Actual Rows": 85190,
                          "Actual Loops": 3,
                          "Hash Buckets": 524288,
                          "Original Hash Buckets": 524288,
                          "Hash Batches": 1,
                          "Original Hash Batches": 1,
                          "Peak Memory Usage": 14176,
                          "Plans": [
                            {
                              "Node Type": "Seq Scan",
                              "Parent Relationship": "Outer",
                              "Parallel Aware": true,
                              "Relation Name": "title",
                              "Alias": "t",
                              "Startup Cost": 0.0,
                              "Total Cost": 45479.1,
                              "Plan Rows": 83466,
                              "Plan Width": 4,
                              "Actual Startup Time": 46.285,
                              "Actual Total Time": 111.981,
                              "Actual Rows": 85190,
                              "Actual Loops": 3,
                              "Filter": "((kind_id < 2) AND (production_year > 2002))",
                              "Rows Removed by Filter": 757580
                            }
                          ]
                        }
                      ]
                    },
                    {
                      "Node Type": "Index Scan",
                      "Parent Relationship": "Inner",
                      "Parallel Aware": false,
                      "Scan Direction": "Forward",
                      "Index Name": "movie_id_movie_info",
                      "Relation Name": "movie_info",
                      "Alias": "mi",
                      "Startup Cost": 0.43,
                      "Total Cost": 2.21,
                      "Plan Rows": 35,
                      "Plan Width": 4,
                      "Actual Startup Time": 0.003,
                      "Actual Total Time": 0.009,
                      "Actual Rows": 16,
                      "Actual Loops": 154286,
                      "Index Cond": "(movie_id = mi_idx.movie_id)",
                      "Rows Removed by Index Recheck": 0,
                      "Filter": "(info_type_id < 17)",
                      "Rows Removed by Filter": 6
                    }
                  ]
                }
              ]
            }
          ]
        }
      ]
    },
    "Planning Time": 1.426,
    "Triggers": [],
    "Execution Time": 881.378
  }
]