[
  {
    "Plan": {
      "Node Type": "Aggregate",
      "Strategy": "Plain",
      "Partial Mode": "Finalize",
      "Parallel Aware": false,
      "Startup Cost": 270337.01,
      "Total Cost": 270337.02,
      "Plan Rows": 1,
      "Plan Width": 8,
      "Actual Startup Time": 55.772,
      "Actual Total Time": 59.6,
      "Actual Rows": 1,
      "Actual Loops": 1,
      "Plans": [
        {
          "Node Type": "Gather",
          "Parent Relationship": "Outer",
          "Parallel Aware": false,
          "Startup Cost": 270336.49,
          "Total Cost": 270337.0,
          "Plan Rows": 5,
          "Plan Width": 8,
          "Actual Startup Time": 55.562,
          "Actual Total Time": 59.592,
          "Actual Rows": 6,
          "Actual Loops": 1,
          "Workers Planned": 5,
          "Workers Launched": 5,
          "Single Copy": false,
          "Plans": [
            {
              "Node Type": "Aggregate",
              "Strategy": "Plain",
              "Partial Mode": "Partial",
              "Parent Relationship": "Outer",
              "Parallel Aware": false,
              "Startup Cost": 269336.49,
              "Total Cost": 269336.5,
              "Plan Rows": 1,
              "Plan Width": 8,
              "Actual Startup Time": 47.936,
              "Actual Total Time": 47.937,
              "Actual Rows": 1,
              "Actual Loops": 6,
              "Plans": [
                {
                  "Node Type": "Bitmap Heap Scan",
                  "Parent Relationship": "Outer",
                  "Parallel Aware": true,
                  "Relation Name": "cast_info",
                  "Alias": "ci",
                  "Startup Cost": 10137.14,
                  "Total Cost": 269255.48,
                  "Plan Rows": 32403,
                  "Plan Width": 0,
                  "Actual Startup Time": 14.718,
                  "Actual Total Time": 43.081,
                  "Actual Rows": 59820,
                  "Actual Loops": 6,
                  "Recheck Cond": "(person_id < 53971)",
                  "Rows Removed by Index Recheck": 0,
                  "Filter": "(role_id < 2)",
                  "Rows Removed by Filter": 20306,
                  "Exact Heap Blocks": 2119,
                  "Lossy Heap Blocks": 0,
                  "Plans": [
                    {
                      "Node Type": "Bitmap Index Scan",
                      "Parent Relationship": "Outer",
                      "Parallel Aware": false,
                      "Index Name": "person_id_cast_info",
                      "Startup Cost": 0.0,
                      "Total Cost": 10096.64,
                      "Plan Rows": 462410,
                      "Plan Width": 0,
                      "Actual Startup Time": 21.018,
                      "Actual Total Time": 21.018,
                      "Actual Rows": 480756,
                      "Actual Loops": 1,
                      "Index Cond": "(person_id < 53971)"
                    }
                  ]
                }
              ]
            }
          ]
        }
      ]
    },
    "Planning Time": 0.109,
    "Triggers": [],
    "Execution Time": 59.638
  }
]