[
  {
    "Plan": {
      "Node Type": "Aggregate",
      "Strategy": "Plain",
      "Partial Mode": "Finalize",
      "Parallel Aware": false,
      "Startup Cost": 266846.72,
      "Total Cost": 266846.73,
      "Plan Rows": 1,
      "Plan Width": 8,
      "Actual Startup Time": 80.642,
      "Actual Total Time": 84.414,
      "Actual Rows": 1,
      "Actual Loops": 1,
      "Plans": [
        {
          "Node Type": "Gather",
          "Parent Relationship": "Outer",
          "Parallel Aware": false,
          "Startup Cost": 266846.09,
          "Total Cost": 266846.7,
          "Plan Rows": 6,
          "Plan Width": 8,
          "Actual Startup Time": 80.412,
          "Actual Total Time": 84.407,
          "Actual Rows": 7,
          "Actual Loops": 1,
          "Workers Planned": 6,
          "Workers Launched": 6,
          "Single Copy": false,
          "Plans": [
            {
              "Node Type": "Aggregate",
              "Strategy": "Plain",
              "Partial Mode": "Partial",
              "Parent Relationship": "Outer",
              "Parallel Aware": false,
              "Startup Cost": 265846.09,
              "Total Cost": 265846.1,
              "Plan Rows": 1,
              "Plan Width": 8,
              "Actual Startup Time": 70.475,
              "Actual Total Time": 70.476,
              "Actual Rows": 1,
              "Actual Loops": 7,
              "Plans": [
                {
                  "Node Type": "Bitmap Heap Scan",
                  "Parent Relationship": "Outer",
                  "Parallel Aware": true,
                  "Relation Name": "cast_info",
                  "Alias": "ci",
                  "Startup Cost": 10917.69,
                  "Total Cost": 265774.65,
                  "Plan Rows": 28577,
                  "Plan Width": 0,
                  "Actual Startup Time": 34.232,
                  "Actual Total Time": 65.658,
                  "Actual Rows": 51275,
                  "Actual Loops": 7,
                  "Recheck Cond": "(person_id < 53971)",
                  "Rows Removed by Index Recheck": 0,
                  "Filter": "(role_id < 2)",
                  "Rows Removed by Filter": 17405,
                  "Exact Heap Blocks": 2078,
                  "Lossy Heap Blocks": 0,
                  "Plans": [
                    {
                      "Node Type": "Bitmap Index Scan",
                      "Parent Relationship": "Outer",
                      "Parallel Aware": false,
                      "Index Name": "person_id_cast_info",
                      "Startup Cost": 0.0,
                      "Total Cost": 10874.82,
                      "Plan Rows": 497901,
                      "Plan Width": 0,
                      "Actual Startup Time": 42.327,
                      "Actual Total Time": 42.328,
                      "Actual Rows": 480756,
                      "Actual Loops": 1,
                      "Index Cond": "(person_id < 53971)"
                    }
                  ]
                }
              ]
            }
          ]
        }
      ]
    },
    "Planning Time": 0.192,
    "Triggers": [],
    "Execution Time": 84.474
  }
]