{
    "Plan": {
        "Node Type": "Aggregate",
        "Strategy": "Plain",
        "Partial Mode": "Simple",
        "Parallel Aware": false,
        "Startup Cost": 50035149182.44,
        "Total Cost": 50035149182.45,
        "Plan Rows": 1,
        "Plan Width": 64,
        "Actual Startup Time": 152172.487,
        "Actual Total Time": 152172.511,
        "Actual Rows": 1,
        "Actual Loops": 1,
        "Output": [
            "min(an.name)",
            "min(t.title)"
        ],
        "Plans": [
            {
                "Node Type": "Nested Loop",
                "Parent Relationship": "Outer",
                "Parallel Aware": false,
                "Join Type": "Inner",
                "Startup Cost": 50035121897.08,
                "Total Cost": 50035149178.17,
                "Plan Rows": 854,
                "Plan Width": 33,
                "Actual Startup Time": 145528.29,
                "Actual Total Time": 152116.338,
                "Actual Rows": 247146,
                "Actual Loops": 1,
                "Output": [
                    "an.name",
                    "t.title"
                ],
                "Inner Unique": true,
                "Plans": [
                    {
                        "Node Type": "Merge Join",
                        "Parent Relationship": "Outer",
                        "Parallel Aware": false,
                        "Join Type": "Inner",
                        "Startup Cost": 40035121896.65,
                        "Total Cost": 40035138596.76,
                        "Plan Rows": 2381,
                        "Plan Width": 37,
                        "Actual Startup Time": 145522.738,
                        "Actual Total Time": 150557.796,
                        "Actual Rows": 339197,
                        "Actual Loops": 1,
                        "Output": [
                            "an.name",
                            "mc.company_id",
                            "t.title"
                        ],
                        "Inner Unique": false,
                        "Merge Cond": "(t.id = ci.movie_id)",
                        "Plans": [
                            {
                                "Node Type": "Sort",
                                "Parent Relationship": "Outer",
                                "Parallel Aware": false,
                                "Startup Cost": 10000141654.65,
                                "Total Cost": 10000143399.2,
                                "Plan Rows": 697817,
                                "Plan Width": 21,
                                "Actual Startup Time": 481.735,
                                "Actual Total Time": 594.145,
                                "Actual Rows": 707525,
                                "Actual Loops": 1,
                                "Output": [
                                    "t.title",
                                    "t.id"
                                ],
                                "Sort Key": [
                                    "t.id"
                                ],
                                "Sort Method": "quicksort",
                                "Sort Space Used": 71864,
                                "Sort Space Type": "Memory",
                                "Plans": [
                                    {
                                        "Node Type": "Seq Scan",
                                        "Parent Relationship": "Outer",
                                        "Parallel Aware": false,
                                        "Relation Name": "title",
                                        "Schema": "public",
                                        "Alias": "t",
                                        "Startup Cost": 10000000000.0,
                                        "Total Cost": 10000073922.83,
                                        "Plan Rows": 697817,
                                        "Plan Width": 21,
                                        "Actual Startup Time": 0.028,
                                        "Actual Total Time": 298.95,
                                        "Actual Rows": 708297,
                                        "Actual Loops": 1,
                                        "Output": [
                                            "t.title",
                                            "t.id"
                                        ],
                                        "Filter": "((t.episode_nr >= 1) AND (t.episode_nr <= 19))",
                                        "Rows Removed by Filter": 1820015
                                    }
                                ]
                            },
                            {
                                "Node Type": "Materialize",
                                "Parent Relationship": "Inner",
                                "Parallel Aware": false,
                                "Startup Cost": 30034980241.99,
                                "Total Cost": 30034993411.03,
                                "Plan Rows": 8625,
                                "Plan Width": 32,
                                "Actual Startup Time": 145040.368,
                                "Actual Total Time": 149213.983,
                                "Actual Rows": 8847894,
                                "Actual Loops": 1,
                                "Output": [
                                    "an.name",
                                    "ci.movie_id",
                                    "mc.movie_id",
                                    "mc.company_id",
                                    "mk.movie_id"
                                ],
                                "Plans": [
                                    {
                                        "Node Type": "Merge Join",
                                        "Parent Relationship": "Outer",
                                        "Parallel Aware": false,
                                        "Join Type": "Inner",
                                        "Startup Cost": 30034980241.99,
                                        "Total Cost": 30034993389.47,
                                        "Plan Rows": 8625,
                                        "Plan Width": 32,
                                        "Actual Startup Time": 145040.354,
                                        "Actual Total Time": 147241.444,
                                        "Actual Rows": 8847894,
                                        "Actual Loops": 1,
                                        "Output": [
                                            "an.name",
                                            "ci.movie_id",
                                            "mc.movie_id",
                                            "mc.company_id",
                                            "mk.movie_id"
                                        ],
                                        "Inner Unique": false,
                                        "Merge Cond": "(ci.movie_id = mc.movie_id)",
                                        "Plans": [
                                            {
                                                "Node Type": "Sort",
                                                "Parent Relationship": "Outer",
                                                "Parallel Aware": false,
                                                "Startup Cost": 20034571156.08,
                                                "Total Cost": 20034571163.88,
                                                "Plan Rows": 3119,
                                                "Plan Width": 24,
                                                "Actual Startup Time": 142771.248,
                                                "Actual Total Time": 143020.311,
                                                "Actual Rows": 1294864,
                                                "Actual Loops": 1,
                                                "Output": [
                                                    "an.name",
                                                    "ci.movie_id",
                                                    "mk.movie_id"
                                                ],
                                                "Sort Key": [
                                                    "ci.movie_id"
                                                ],
                                                "Sort Method": "quicksort",
                                                "Sort Space Used": 147877,
                                                "Sort Space Type": "Memory",
                                                "Plans": [
                                                    {
                                                        "Node Type": "Merge Join",
                                                        "Parent Relationship": "Outer",
                                                        "Parallel Aware": false,
                                                        "Join Type": "Inner",
                                                        "Startup Cost": 20034550094.71,
                                                        "Total Cost": 20034570975.07,
                                                        "Plan Rows": 3119,
                                                        "Plan Width": 24,
                                                        "Actual Startup Time": 141364.654,
                                                        "Actual Total Time": 142360.911,
                                                        "Actual Rows": 1294886,
                                                        "Actual Loops": 1,
                                                        "Output": [
                                                            "an.name",
                                                            "ci.movie_id",
                                                            "mk.movie_id"
                                                        ],
                                                        "Inner Unique": false,
                                                        "Merge Cond": "(n.id = an.person_id)",
                                                        "Plans": [
                                                            {
                                                                "Node Type": "Sort",
                                                                "Parent Relationship": "Outer",
                                                                "Parallel Aware": false,
                                                                "Startup Cost": 555526.5,
                                                                "Total Cost": 565945.37,
                                                                "Plan Rows": 4167549,
                                                                "Plan Width": 4,
                                                                "Actual Startup Time": 1159.365,
                                                                "Actual Total Time": 1496.549,
                                                                "Actual Rows": 4061914,
                                                                "Actual Loops": 1,
                                                                "Output": [
                                                                    "n.id"
                                                                ],
                                                                "Sort Key": [
                                                                    "n.id"
                                                                ],
                                                                "Sort Method": "quicksort",
                                                                "Sort Space Used": 293656,
                                                                "Sort Space Type": "Memory",
                                                                "Plans": [
                                                                    {
                                                                        "Node Type": "Seq Scan",
                                                                        "Parent Relationship": "Outer",
                                                                        "Parallel Aware": false,
                                                                        "Relation Name": "name",
                                                                        "Schema": "public",
                                                                        "Alias": "n",
                                                                        "Startup Cost": 0.0,
                                                                        "Total Cost": 97288.49,
                                                                        "Plan Rows": 4167549,
                                                                        "Plan Width": 4,
                                                                        "Actual Startup Time": 0.018,
                                                                        "Actual Total Time": 359.115,
                                                                        "Actual Rows": 4167491,
                                                                        "Actual Loops": 1,
                                                                        "Output": [
                                                                            "n.id"
                                                                        ]
                                                                    }
                                                                ]
                                                            },
                                                            {
                                                                "Node Type": "Sort",
                                                                "Parent Relationship": "Inner",
                                                                "Parallel Aware": false,
                                                                "Startup Cost": 20033994566.12,
                                                                "Total Cost": 20033994573.92,
                                                                "Plan Rows": 3119,
                                                                "Plan Width": 32,
                                                                "Actual Startup Time": 140205.255,
                                                                "Actual Total Time": 140425.655,
                                                                "Actual Rows": 1294886,
                                                                "Actual Loops": 1,
                                                                "Output": [
                                                                    "an.name",
                                                                    "an.person_id",
                                                                    "ci.person_id",
                                                                    "ci.movie_id",
                                                                    "mk.movie_id"
                                                                ],
                                                                "Sort Key": [
                                                                    "an.person_id"
                                                                ],
                                                                "Sort Method": "quicksort",
                                                                "Sort Space Used": 151514,
                                                                "Sort Space Type": "Memory",
                                                                "Plans": [
                                                                    {
                                                                        "Node Type": "Hash Join",
                                                                        "Parent Relationship": "Outer",
                                                                        "Parallel Aware": false,
                                                                        "Join Type": "Inner",
                                                                        "Startup Cost": 20033980100.1,
                                                                        "Total Cost": 20033994385.11,
                                                                        "Plan Rows": 3119,
                                                                        "Plan Width": 32,
                                                                        "Actual Startup Time": 139659.099,
                                                                        "Actual Total Time": 139805.896,
                                                                        "Actual Rows": 1294886,
                                                                        "Actual Loops": 1,
                                                                        "Output": [
                                                                            "an.name",
                                                                            "an.person_id",
                                                                            "ci.person_id",
                                                                            "ci.movie_id",
                                                                            "mk.movie_id"
                                                                        ],
                                                                        "Inner Unique": false,
                                                                        "Hash Cond": "(k.id = mk.keyword_id)",
                                                                        "Plans": [
                                                                            {
                                                                                "Node Type": "Index Scan",
                                                                                "Parent Relationship": "Outer",
                                                                                "Parallel Aware": false,
                                                                                "Scan Direction": "Forward",
                                                                                "Index Name": "keyword_pkey",
                                                                                "Relation Name": "keyword",
                                                                                "Schema": "public",
                                                                                "Alias": "k",
                                                                                "Startup Cost": 0.42,
                                                                                "Total Cost": 5342.92,
                                                                                "Plan Rows": 1,
                                                                                "Plan Width": 4,
                                                                                "Actual Startup Time": 0.167,
                                                                                "Actual Total Time": 36.027,
                                                                                "Actual Rows": 1,
                                                                                "Actual Loops": 1,
                                                                                "Output": [
                                                                                    "k.id",
                                                                                    "k.keyword",
                                                                                    "k.phonetic_code"
                                                                                ],
                                                                                "Filter": "(k.keyword = 'character-name-in-title'::text)",
                                                                                "Rows Removed by Filter": 134169
                                                                            },
                                                                            {
                                                                                "Node Type": "Hash",
                                                                                "Parent Relationship": "Inner",
                                                                                "Parallel Aware": false,
                                                                                "Startup Cost": 20028748405.04,
                                                                                "Total Cost": 20028748405.04,
                                                                                "Plan Rows": 418535571,
                                                                                "Plan Width": 36,
                                                                                "Actual Startup Time": 133708.403,
                                                                                "Actual Total Time": 133708.408,
                                                                                "Actual Rows": 253950969,
                                                                                "Actual Loops": 1,
                                                                                "Output": [
                                                                                    "an.name",
                                                                                    "an.person_id",
                                                                                    "ci.person_id",
                                                                                    "ci.movie_id",
                                                                                    "mk.movie_id",
                                                                                    "mk.keyword_id"
                                                                                ],
                                                                                "Hash Buckets": 67108864,
                                                                                "Original Hash Buckets": 67108864,
                                                                                "Hash Batches": 16,
                                                                                "Original Hash Batches": 16,
                                                                                "Peak Memory Usage": 1491140,
                                                                                "Plans": [
                                                                                    {
                                                                                        "Node Type": "Merge Join",
                                                                                        "Parent Relationship": "Outer",
                                                                                        "Parallel Aware": false,
                                                                                        "Join Type": "Inner",
                                                                                        "Startup Cost": 20022063834.38,
                                                                                        "Total Cost": 20028748405.04,
                                                                                        "Plan Rows": 418535571,
                                                                                        "Plan Width": 36,
                                                                                        "Actual Startup Time": 20818.794,
                                                                                        "Actual Total Time": 74452.923,
                                                                                        "Actual Rows": 253950969,
                                                                                        "Actual Loops": 1,
                                                                                        "Output": [
                                                                                            "an.name",
                                                                                            "an.person_id",
                                                                                            "ci.person_id",
                                                                                            "ci.movie_id",
                                                                                            "mk.movie_id",
                                                                                            "mk.keyword_id"
                                                                                        ],
                                                                                        "Inner Unique": false,
                                                                                        "Merge Cond": "(mk.movie_id = ci.movie_id)",
                                                                                        "Plans": [
                                                                                            {
                                                                                                "Node Type": "Index Scan",
                                                                                                "Parent Relationship": "Outer",
                                                                                                "Parallel Aware": false,
                                                                                                "Scan Direction": "Forward",
                                                                                                "Index Name": "movie_id_movie_keyword",
                                                                                                "Relation Name": "movie_keyword",
                                                                                                "Schema": "public",
                                                                                                "Alias": "mk",
                                                                                                "Startup Cost": 10000000000.43,
                                                                                                "Total Cost": 10000177177.46,
                                                                                                "Plan Rows": 4523930,
                                                                                                "Plan Width": 8,
                                                                                                "Actual Startup Time": 0.029,
                                                                                                "Actual Total Time": 1426.094,
                                                                                                "Actual Rows": 4523930,
                                                                                                "Actual Loops": 1,
                                                                                                "Output": [
                                                                                                    "mk.id",
                                                                                                    "mk.movie_id",
                                                                                                    "mk.keyword_id"
                                                                                                ]
                                                                                            },
                                                                                            {
                                                                                                "Node Type": "Materialize",
                                                                                                "Parent Relationship": "Inner",
                                                                                                "Parallel Aware": false,
                                                                                                "Startup Cost": 10022063649.16,
                                                                                                "Total Cost": 10022500171.22,
                                                                                                "Plan Rows": 87304411,
                                                                                                "Plan Width": 28,
                                                                                                "Actual Startup Time": 20818.751,
                                                                                                "Actual Total Time": 39584.633,
                                                                                                "Actual Rows": 276239136,
                                                                                                "Actual Loops": 1,
                                                                                                "Output": [
                                                                                                    "an.name",
                                                                                                    "an.person_id",
                                                                                                    "ci.person_id",
                                                                                                    "ci.movie_id"
                                                                                                ],
                                                                                                "Plans": [
                                                                                                    {
                                                                                                        "Node Type": "Sort",
                                                                                                        "Parent Relationship": "Outer",
                                                                                                        "Parallel Aware": false,
                                                                                                        "Startup Cost": 10022063649.16,
                                                                                                        "Total Cost": 10022281910.19,
                                                                                                        "Plan Rows": 87304411,
                                                                                                        "Plan Width": 28,
                                                                                                        "Actual Startup Time": 20818.744,
                                                                                                        "Actual Total Time": 26442.251,
                                                                                                        "Actual Rows": 36417489,
                                                                                                        "Actual Loops": 1,
                                                                                                        "Output": [
                                                                                                            "an.name",
                                                                                                            "an.person_id",
                                                                                                            "ci.person_id",
                                                                                                            "ci.movie_id"
                                                                                                        ],
                                                                                                        "Sort Key": [
                                                                                                            "ci.movie_id"
                                                                                                        ],
                                                                                                        "Sort Method": "quicksort",
                                                                                                        "Sort Space Used": 3819203,
                                                                                                        "Sort Space Type": "Memory",
                                                                                                        "Plans": [
                                                                                                            {
                                                                                                                "Node Type": "Hash Join",
                                                                                                                "Parent Relationship": "Outer",
                                                                                                                "Parallel Aware": false,
                                                                                                                "Join Type": "Inner",
                                                                                                                "Startup Cost": 10000083278.95,
                                                                                                                "Total Cost": 10008459565.26,
                                                                                                                "Plan Rows": 87304411,
                                                                                                                "Plan Width": 28,
                                                                                                                "Actual Startup Time": 461.205,
                                                                                                                "Actual Total Time": 10328.627,
                                                                                                                "Actual Rows": 36417493,
                                                                                                                "Actual Loops": 1,
                                                                                                                "Output": [
                                                                                                                    "an.name",
                                                                                                                    "an.person_id",
                                                                                                                    "ci.person_id",
                                                                                                                    "ci.movie_id"
                                                                                                                ],
                                                                                                                "Inner Unique": false,
                                                                                                                "Hash Cond": "(ci.person_id = an.person_id)",
                                                                                                                "Plans": [
                                                                                                                    {
                                                                                                                        "Node Type": "Seq Scan",
                                                                                                                        "Parent Relationship": "Outer",
                                                                                                                        "Parallel Aware": false,
                                                                                                                        "Relation Name": "cast_info",
                                                                                                                        "Schema": "public",
                                                                                                                        "Alias": "ci",
                                                                                                                        "Startup Cost": 10000000000.0,
                                                                                                                        "Total Cost": 10000615214.76,
                                                                                                                        "Plan Rows": 36252776,
                                                                                                                        "Plan Width": 8,
                                                                                                                        "Actual Startup Time": 0.017,
                                                                                                                        "Actual Total Time": 2629.387,
                                                                                                                        "Actual Rows": 36244344,
                                                                                                                        "Actual Loops": 1,
                                                                                                                        "Output": [
                                                                                                                            "ci.id",
                                                                                                                            "ci.person_id",
                                                                                                                            "ci.movie_id",
                                                                                                                            "ci.person_role_id",
                                                                                                                            "ci.note",
                                                                                                                            "ci.nr_order",
                                                                                                                            "ci.role_id"
                                                                                                                        ]
                                                                                                                    },
                                                                                                                    {
                                                                                                                        "Node Type": "Hash",
                                                                                                                        "Parent Relationship": "Inner",
                                                                                                                        "Parallel Aware": false,
                                                                                                                        "Startup Cost": 72012.16,
                                                                                                                        "Total Cost": 72012.16,
                                                                                                                        "Plan Rows": 901343,
                                                                                                                        "Plan Width": 20,
                                                                                                                        "Actual Startup Time": 460.252,
                                                                                                                        "Actual Total Time": 460.253,
                                                                                                                        "Actual Rows": 901343,
                                                                                                                        "Actual Loops": 1,
                                                                                                                        "Output": [
                                                                                                                            "an.name",
                                                                                                                            "an.person_id"
                                                                                                                        ],
                                                                                                                        "Hash Buckets": 1048576,
                                                                                                                        "Original Hash Buckets": 1048576,
                                                                                                                        "Hash Batches": 1,
                                                                                                                        "Original Hash Batches": 1,
                                                                                                                        "Peak Memory Usage": 55917,
                                                                                                                        "Plans": [
                                                                                                                            {
                                                                                                                                "Node Type": "Index Scan",
                                                                                                                                "Parent Relationship": "Outer",
                                                                                                                                "Parallel Aware": false,
                                                                                                                                "Scan Direction": "Forward",
                                                                                                                                "Index Name": "person_id_aka_name",
                                                                                                                                "Relation Name": "aka_name",
                                                                                                                                "Schema": "public",
                                                                                                                                "Alias": "an",
                                                                                                                                "Startup Cost": 0.42,
                                                                                                                                "Total Cost": 72012.16,
                                                                                                                                "Plan Rows": 901343,
                                                                                                                                "Plan Width": 20,
                                                                                                                                "Actual Startup Time": 0.016,
                                                                                                                                "Actual Total Time": 283.549,
                                                                                                                                "Actual Rows": 901343,
                                                                                                                                "Actual Loops": 1,
                                                                                                                                "Output": [
                                                                                                                                    "an.name",
                                                                                                                                    "an.person_id"
                                                                                                                                ]
                                                                                                                            }
                                                                                                                        ]
                                                                                                                    }
                                                                                                                ]
                                                                                                            }
                                                                                                        ]
                                                                                                    }
                                                                                                ]
                                                                                            }
                                                                                        ]
                                                                                    }
                                                                                ]
                                                                            }
                                                                        ]
                                                                    }
                                                                ]
                                                            }
                                                        ]
                                                    }
                                                ]
                                            },
                                            {
                                                "Node Type": "Sort",
                                                "Parent Relationship": "Inner",
                                                "Parallel Aware": false,
                                                "Startup Cost": 10000409085.91,
                                                "Total Cost": 10000415608.74,
                                                "Plan Rows": 2609129,
                                                "Plan Width": 8,
                                                "Actual Startup Time": 2268.9,
                                                "Actual Total Time": 2960.953,
                                                "Actual Rows": 11314042,
                                                "Actual Loops": 1,
                                                "Output": [
                                                    "mc.movie_id",
                                                    "mc.company_id"
                                                ],
                                                "Sort Key": [
                                                    "mc.movie_id"
                                                ],
                                                "Sort Method": "quicksort",
                                                "Sort Space Used": 220607,
                                                "Sort Space Type": "Memory",
                                                "Plans": [
                                                    {
                                                        "Node Type": "Index Scan",
                                                        "Parent Relationship": "Outer",
                                                        "Parallel Aware": false,
                                                        "Scan Direction": "Forward",
                                                        "Index Name": "company_id_movie_companies",
                                                        "Relation Name": "movie_companies",
                                                        "Schema": "public",
                                                        "Alias": "mc",
                                                        "Startup Cost": 10000000000.43,
                                                        "Total Cost": 10000131016.21,
                                                        "Plan Rows": 2609129,
                                                        "Plan Width": 8,
                                                        "Actual Startup Time": 0.061,
                                                        "Actual Total Time": 1572.123,
                                                        "Actual Rows": 2609129,
                                                        "Actual Loops": 1,
                                                        "Output": [
                                                            "mc.movie_id",
                                                            "mc.company_id"
                                                        ]
                                                    }
                                                ]
                                            }
                                        ]
                                    }
                                ]
                            }
                        ]
                    },
                    {
                        "Node Type": "Bitmap Heap Scan",
                        "Parent Relationship": "Inner",
                        "Parallel Aware": false,
                        "Relation Name": "company_name",
                        "Schema": "public",
                        "Alias": "cn",
                        "Startup Cost": 0.43,
                        "Total Cost": 4.44,
                        "Plan Rows": 1,
                        "Plan Width": 4,
                        "Actual Startup Time": 0.003,
                        "Actual Total Time": 0.003,
                        "Actual Rows": 1,
                        "Actual Loops": 339197,
                        "Output": [
                            "cn.id",
                            "cn.name",
                            "cn.country_code",
                            "cn.imdb_id",
                            "cn.name_pcode_nf",
                            "cn.name_pcode_sf",
                            "cn.md5sum"
                        ],
                        "Recheck Cond": "(cn.id = mc.company_id)",
                        "Rows Removed by Index Recheck": 0,
                        "Filter": "((cn.country_code)::text = '[us]'::text)",
                        "Rows Removed by Filter": 0,
                        "Exact Heap Blocks": 339197,
                        "Lossy Heap Blocks": 0,
                        "Plans": [
                            {
                                "Node Type": "Bitmap Index Scan",
                                "Parent Relationship": "Outer",
                                "Parallel Aware": false,
                                "Index Name": "company_name_pkey",
                                "Startup Cost": 0.0,
                                "Total Cost": 0.43,
                                "Plan Rows": 1,
                                "Plan Width": 0,
                                "Actual Startup Time": 0.002,
                                "Actual Total Time": 0.002,
                                "Actual Rows": 1,
                                "Actual Loops": 339197,
                                "Index Cond": "(cn.id = mc.company_id)"
                            }
                        ]
                    }
                ]
            }
        ]
    },
    "Planning Time": 6.882,
    "Triggers": [],
    "Execution Time": 152223.292
}