[
  {
    "Plan": {
      "Node Type": "Aggregate",
      "Strategy": "Plain",
      "Partial Mode": "Finalize",
      "Parallel Aware": false,
      "Startup Cost": 74727.84,
      "Total Cost": 74727.85,
      "Plan Rows": 1,
      "Plan Width": 8,
      "Actual Startup Time": 240.359,
      "Actual Total Time": 257.652,
      "Actual Rows": 1,
      "Actual Loops": 1,
      "Plans": [
        {
          "Node Type": "Gather",
          "Parent Relationship": "Outer",
          "Parallel Aware": false,
          "Startup Cost": 74727.52,
          "Total Cost": 74727.83,
          "Plan Rows": 3,
          "Plan Width": 8,
          "Actual Startup Time": 239.649,
          "Actual Total Time": 257.64,
          "Actual Rows": 4,
          "Actual Loops": 1,
          "Workers Planned": 3,
          "Workers Launched": 3,
          "Single Copy": false,
          "Plans": [
            {
              "Node Type": "Aggregate",
              "Strategy": "Plain",
              "Partial Mode": "Partial",
              "Parent Relationship": "Outer",
              "Parallel Aware": false,
              "Startup Cost": 73727.52,
              "Total Cost": 73727.53,
              "Plan Rows": 1,
              "Plan Width": 8,
              "Actual Startup Time": 235.183,
              "Actual Total Time": 235.186,
              "Actual Rows": 1,
              "Actual Loops": 4,
              "Plans": [
                {
                  "Node Type": "Hash Join",
                  "Parent Relationship": "Outer",
                  "Parallel Aware": true,
                  "Join Type": "Inner",
                  "Startup Cost": 44224.92,
                  "Total Cost": 73640.81,
                  "Plan Rows": 34684,
                  "Plan Width": 0,
                  "Actual Startup Time": 122.881,
                  "Actual Total Time": 232.801,
                  "Actual Rows": 53328,
                  "Actual Loops": 4,
                  "Inner Unique": true,
                  "Hash Cond": "(mc.movie_id = t.id)",
                  "Plans": [
                    {
                      "Node Type": "Seq Scan",
                      "Parent Relationship": "Outer",
                      "Parallel Aware": true,
                      "Relation Name": "movie_companies",
                      "Alias": "mc",
                      "Startup Cost": 0.0,
                      "Total Cost": 27206.55,
                      "Plan Rows": 841655,
                      "Plan Width": 4,
                      "Actual Startup Time": 0.007,
                      "Actual Total Time": 55.964,
                      "Actual Rows": 652282,
                      "Actual Loops": 4
                    },
                    {
                      "Node Type": "Hash",
                      "Parent Relationship": "Inner",
                      "Parallel Aware": true,
                      "Startup Cost": 43899.32,
                      "Total Cost": 43899.32,
                      "Plan Rows": 26048,
                      "Plan Width": 4,
                      "Actual Startup Time": 97.925,
                      "Actual Total Time": 97.926,
                      "Actual Rows": 28129,
                      "Actual Loops": 4,
                      "Hash Buckets": 131072,
                      "Original Hash Buckets": 131072,
                      "Hash Batches": 1,
                      "Original Hash Batches": 1,
                      "Peak Memory Usage": 5504,
                      "Plans": [
                        {
                          "Node Type": "Seq Scan",
                          "Parent Relationship": "Outer",
                          "Parallel Aware": true,
                          "Relation Name": "title",
                          "Alias": "t",
                          "Startup Cost": 0.0,
                          "Total Cost": 43899.32,
                          "Plan Rows": 26048,
                          "Plan Width": 4,
                          "Actual Startup Time": 43.625,
                          "Actual Total Time": 88.491,
                          "Actual Rows": 28129,
                          "Actual Loops": 4,
                          "Filter": "(production_year < 1929)",
                          "Rows Removed by Filter": 603949
                        }
                      ]
                    }
                  ]
                }
              ]
            }
          ]
        }
      ]
    },
    "Planning Time": 0.417,
    "Triggers": [],
    "Execution Time": 257.713
  }
]