[
  {
    "Plan": {
      "Node Type": "Aggregate",
      "Strategy": "Plain",
      "Partial Mode": "Finalize",
      "Parallel Aware": false,
      "Startup Cost": 71250.19,
      "Total Cost": 71250.2,
      "Plan Rows": 1,
      "Plan Width": 8,
      "Actual Startup Time": 104.155,
      "Actual Total Time": 118.362,
      "Actual Rows": 1,
      "Actual Loops": 1,
      "Plans": [
        {
          "Node Type": "Gather",
          "Parent Relationship": "Outer",
          "Parallel Aware": false,
          "Startup Cost": 71249.77,
          "Total Cost": 71250.18,
          "Plan Rows": 4,
          "Plan Width": 8,
          "Actual Startup Time": 103.963,
          "Actual Total Time": 118.354,
          "Actual Rows": 5,
          "Actual Loops": 1,
          "Workers Planned": 4,
          "Workers Launched": 4,
          "Single Copy": false,
          "Plans": [
            {
              "Node Type": "Aggregate",
              "Strategy": "Plain",
              "Partial Mode": "Partial",
              "Parent Relationship": "Outer",
              "Parallel Aware": false,
              "Startup Cost": 70249.77,
              "Total Cost": 70249.78,
              "Plan Rows": 1,
              "Plan Width": 8,
              "Actual Startup Time": 96.878,
              "Actual Total Time": 96.88,
              "Actual Rows": 1,
              "Actual Loops": 5,
              "Plans": [
                {
                  "Node Type": "Nested Loop",
                  "Parent Relationship": "Outer",
                  "Parallel Aware": false,
                  "Join Type": "Inner",
                  "Startup Cost": 0.43,
                  "Total Cost": 70244.99,
                  "Plan Rows": 1914,
                  "Plan Width": 0,
                  "Actual Startup Time": 53.972,
                  "Actual Total Time": 96.689,
                  "Actual Rows": 2170,
                  "Actual Loops": 5,
                  "Inner Unique": false,
                  "Plans": [
                    {
                      "Node Type": "Seq Scan",
                      "Parent Relationship": "Outer",
                      "Parallel Aware": true,
                      "Relation Name": "title",
                      "Alias": "t",
                      "Startup Cost": 0.0,
                      "Total Cost": 45479.59,
                      "Plan Rows": 2597,
                      "Plan Width": 4,
                      "Actual Startup Time": 53.091,
                      "Actual Total Time": 81.221,
                      "Actual Rows": 1294,
                      "Actual Loops": 5,
                      "Filter": "((kind_id = 1) AND (production_year = 1997))",
                      "Rows Removed by Filter": 504369
                    },
                    {
                      "Node Type": "Index Scan",
                      "Parent Relationship": "Inner",
                      "Parallel Aware": false,
                      "Scan Direction": "Forward",
                      "Index Name": "movie_id_movie_companies",
                      "Relation Name": "movie_companies",
                      "Alias": "mc",
                      "Startup Cost": 0.43,
                      "Total Cost": 9.5,
                      "Plan Rows": 4,
                      "Plan Width": 4,
                      "Actual Startup Time": 0.01,
                      "Actual Total Time": 0.011,
                      "Actual Rows": 2,
                      "Actual Loops": 6468,
                      "Index Cond": "(movie_id = t.id)",
                      "Rows Removed by Index Recheck": 0,
                      "Filter": "(company_id < 38797)",
                      "Rows Removed by Filter": 1
                    }
                  ]
                }
              ]
            }
          ]
        }
      ]
    },
    "Planning Time": 0.315,
    "Triggers": [],
    "Execution Time": 118.41
  }
]