[
  {
    "Plan": {
      "Node Type": "Aggregate",
      "Strategy": "Plain",
      "Partial Mode": "Finalize",
      "Parallel Aware": false,
      "Startup Cost": 32779.2,
      "Total Cost": 32779.21,
      "Plan Rows": 1,
      "Plan Width": 8,
      "Actual Startup Time": 95.599,
      "Actual Total Time": 103.924,
      "Actual Rows": 1,
      "Actual Loops": 1,
      "Plans": [
        {
          "Node Type": "Gather",
          "Parent Relationship": "Outer",
          "Parallel Aware": false,
          "Startup Cost": 32778.88,
          "Total Cost": 32779.19,
          "Plan Rows": 3,
          "Plan Width": 8,
          "Actual Startup Time": 95.476,
          "Actual Total Time": 103.916,
          "Actual Rows": 4,
          "Actual Loops": 1,
          "Workers Planned": 3,
          "Workers Launched": 3,
          "Single Copy": false,
          "Plans": [
            {
              "Node Type": "Aggregate",
              "Strategy": "Plain",
              "Partial Mode": "Partial",
              "Parent Relationship": "Outer",
              "Parallel Aware": false,
              "Startup Cost": 31778.88,
              "Total Cost": 31778.89,
              "Plan Rows": 1,
              "Plan Width": 8,
              "Actual Startup Time": 88.411,
              "Actual Total Time": 88.412,
              "Actual Rows": 1,
              "Actual Loops": 4,
              "Plans": [
                {
                  "Node Type": "Seq Scan",
                  "Parent Relationship": "Outer",
                  "Parallel Aware": true,
                  "Relation Name": "movie_companies",
                  "Alias": "mc",
                  "Startup Cost": 0.0,
                  "Total Cost": 31414.82,
                  "Plan Rows": 145626,
                  "Plan Width": 0,
                  "Actual Startup Time": 0.04,
                  "Actual Total Time": 77.354,
                  "Actual Rows": 162286,
                  "Actual Loops": 4,
                  "Filter": "((company_id < 3111) AND (company_type_id = 1))",
                  "Rows Removed by Filter": 489996
                }
              ]
            }
          ]
        }
      ]
    },
    "Planning Time": 0.216,
    "Triggers": [],
    "Execution Time": 103.989
  }
]