{
  "Plan": {
    "Node Type": "Aggregate",
    "Strategy": "Plain",
    "Partial Mode": "Finalize",
    "Parallel Aware": false,
    "Startup Cost": 317087.62,
    "Total Cost": 317087.63,
    "Plan Rows": 1,
    "Plan Width": 8,
    "Actual Startup Time": 2065.776,
    "Actual Total Time": 2096.173,
    "Actual Rows": 1,
    "Actual Loops": 1,
    "Plans": [
      {
        "Node Type": "Gather",
        "Parent Relationship": "Outer",
        "Parallel Aware": false,
        "Startup Cost": 317087.5,
        "Total Cost": 317087.61,
        "Plan Rows": 1,
        "Plan Width": 8,
        "Actual Startup Time": 2057.51,
        "Actual Total Time": 2096.162,
        "Actual Rows": 2,
        "Actual Loops": 1,
        "Workers Planned": 1,
        "Workers Launched": 1,
        "Single Copy": false,
        "Plans": [
          {
            "Node Type": "Aggregate",
            "Strategy": "Plain",
            "Partial Mode": "Partial",
            "Parent Relationship": "Outer",
            "Parallel Aware": false,
            "Startup Cost": 316087.5,
            "Total Cost": 316087.51,
            "Plan Rows": 1,
            "Plan Width": 8,
            "Actual Startup Time": 2049.788,
            "Actual Total Time": 2051.296,
            "Actual Rows": 1,
            "Actual Loops": 2,
            "Plans": [
              {
                "Node Type": "Hash Join",
                "Parent Relationship": "Outer",
                "Parallel Aware": true,
                "Join Type": "Inner",
                "Startup Cost": 141517.94,
                "Total Cost": 315039.59,
                "Plan Rows": 419165,
                "Plan Width": 0,
                "Actual Startup Time": 1379.598,
                "Actual Total Time": 1895.506,
                "Actual Rows": 3623662,
                "Actual Loops": 2,
                "Inner Unique": false,
                "Hash Cond": "(mi.movie_id = t.id)",
                "Plans": [
                  {
                    "Node Type": "Bitmap Heap Scan",
                    "Parent Relationship": "Outer",
                    "Parallel Aware": true,
                    "Relation Name": "movie_info",
                    "Alias": "mi",
                    "Startup Cost": 17176.41,
                    "Total Cost": 186140.93,
                    "Plan Rows": 557721,
                    "Plan Width": 4,
                    "Actual Startup Time": 38.705,
                    "Actual Total Time": 148.212,
                    "Actual Rows": 450170,
                    "Actual Loops": 2,
                    "Recheck Cond": "(info_type_id > 94)",
                    "Rows Removed by Index Recheck": 0,
                    "Exact Heap Blocks": 16075,
                    "Lossy Heap Blocks": 0,
                    "Plans": [
                      {
                        "Node Type": "Bitmap Index Scan",
                        "Parent Relationship": "Outer",
                        "Parallel Aware": false,
                        "Index Name": "info_type_id_movie_info",
                        "Startup Cost": 0.0,
                        "Total Cost": 16939.38,
                        "Plan Rows": 948126,
                        "Plan Width": 0,
                        "Actual Startup Time": 33.37,
                        "Actual Total Time": 33.371,
                        "Actual Rows": 900340,
                        "Actual Loops": 1,
                        "Index Cond": "(info_type_id > 94)"
                      }
                    ]
                  },
                  {
                    "Node Type": "Hash",
                    "Parent Relationship": "Inner",
                    "Parallel Aware": true,
                    "Startup Cost": 110369.58,
                    "Total Cost": 110369.58,
                    "Plan Rows": 1117756,
                    "Plan Width": 8,
                    "Actual Startup Time": 1326.197,
                    "Actual Total Time": 1327.702,
                    "Actual Rows": 951982,
                    "Actual Loops": 2,
                    "Hash Buckets": 2097152,
                    "Original Hash Buckets": 2097152,
                    "Hash Batches": 1,
                    "Original Hash Batches": 1,
                    "Peak Memory Usage": 90880,
                    "Plans": [
                      {
                        "Node Type": "Hash Join",
                        "Parent Relationship": "Outer",
                        "Parallel Aware": true,
                        "Join Type": "Inner",
                        "Startup Cost": 69460.7,
                        "Total Cost": 110369.58,
                        "Plan Rows": 1117756,
                        "Plan Width": 8,
                        "Actual Startup Time": 579.491,
                        "Actual Total Time": 1065.745,
                        "Actual Rows": 951982,
                        "Actual Loops": 2,
                        "Inner Unique": true,
                        "Hash Cond": "(mc.movie_id = t.id)",
                        "Plans": [
                          {
                            "Node Type": "Seq Scan",
                            "Parent Relationship": "Outer",
                            "Parallel Aware": true,
                            "Relation Name": "movie_companies",
                            "Alias": "mc",
                            "Startup Cost": 0.0,
                            "Total Cost": 37974.77,
                            "Plan Rows": 1117756,
                            "Plan Width": 4,
                            "Actual Startup Time": 0.571,
                            "Actual Total Time": 142.251,
                            "Actual Rows": 951982,
                            "Actual Loops": 2,
                            "Filter": "(company_id > 1324)",
                            "Rows Removed by Filter": 352582
                          },
                          {
                            "Node Type": "Hash",
                            "Parent Relationship": "Inner",
                            "Parallel Aware": true,
                            "Startup Cost": 50870.31,
                            "Total Cost": 50870.31,
                            "Plan Rows": 1487231,
                            "Plan Width": 4,
                            "Actual Startup Time": 565.415,
                            "Actual Total Time": 565.417,
                            "Actual Rows": 1264156,
                            "Actual Loops": 2,
                            "Hash Buckets": 4194304,
                            "Original Hash Buckets": 4194304,
                            "Hash Batches": 1,
                            "Original Hash Batches": 1,
                            "Peak Memory Usage": 131712,
                            "Plans": [
                              {
                                "Node Type": "Seq Scan",
                                "Parent Relationship": "Outer",
                                "Parallel Aware": true,
                                "Relation Name": "title",
                                "Alias": "t",
                                "Startup Cost": 0.0,
                                "Total Cost": 50870.31,
                                "Plan Rows": 1487231,
                                "Plan Width": 4,
                                "Actual Startup Time": 0.035,
                                "Actual Total Time": 164.187,
                                "Actual Rows": 1264156,
                                "Actual Loops": 2
                              }
                            ]
                          }
                        ]
                      }
                    ]
                  }
                ]
              }
            ]
          }
        ]
      }
    ]
  },
  "Planning Time": 1.093,
  "Triggers": [],
  "Execution Time": 2096.276
}