[
  {
    "Plan": {
      "Node Type": "Aggregate",
      "Strategy": "Plain",
      "Partial Mode": "Finalize",
      "Parallel Aware": false,
      "Startup Cost": 494285.12,
      "Total Cost": 494285.13,
      "Plan Rows": 1,
      "Plan Width": 8,
      "Actual Startup Time": 5868.109,
      "Actual Total Time": 5933.542,
      "Actual Rows": 1,
      "Actual Loops": 1,
      "Plans": [
        {
          "Node Type": "Gather",
          "Parent Relationship": "Outer",
          "Parallel Aware": false,
          "Startup Cost": 494284.49,
          "Total Cost": 494285.1,
          "Plan Rows": 6,
          "Plan Width": 8,
          "Actual Startup Time": 5844.972,
          "Actual Total Time": 5933.528,
          "Actual Rows": 7,
          "Actual Loops": 1,
          "Workers Planned": 6,
          "Workers Launched": 6,
          "Single Copy": false,
          "Plans": [
            {
              "Node Type": "Aggregate",
              "Strategy": "Plain",
              "Partial Mode": "Partial",
              "Parent Relationship": "Outer",
              "Parallel Aware": false,
              "Startup Cost": 493284.49,
              "Total Cost": 493284.5,
              "Plan Rows": 1,
              "Plan Width": 8,
              "Actual Startup Time": 5825.184,
              "Actual Total Time": 5826.151,
              "Actual Rows": 1,
              "Actual Loops": 7,
              "Plans": [
                {
                  "Node Type": "Hash Join",
                  "Parent Relationship": "Outer",
                  "Parallel Aware": true,
                  "Join Type": "Inner",
                  "Startup Cost": 110832.26,
                  "Total Cost": 472899.41,
                  "Plan Rows": 8154031,
                  "Plan Width": 0,
                  "Actual Startup Time": 665.375,
                  "Actual Total Time": 4694.544,
                  "Actual Rows": 25570626,
                  "Actual Loops": 7,
                  "Inner Unique": false,
                  "Hash Cond": "(ci.movie_id = t.id)",
                  "Plans": [
                    {
                      "Node Type": "Seq Scan",
                      "Parent Relationship": "Outer",
                      "Parallel Aware": true,
                      "Relation Name": "cast_info",
                      "Alias": "ci",
                      "Startup Cost": 0.0,
                      "Total Cost": 313106.51,
                      "Plan Rows": 6041951,
                      "Plan Width": 4,
                      "Actual Startup Time": 0.037,
                      "Actual Total Time": 551.363,
                      "Actual Rows": 5177763,
                      "Actual Loops": 7
                    },
                    {
                      "Node Type": "Hash",
                      "Parent Relationship": "Inner",
                      "Parallel Aware": true,
                      "Startup Cost": 97073.06,
                      "Total Cost": 97073.06,
                      "Plan Rows": 1100736,
                      "Plan Width": 8,
                      "Actual Startup Time": 658.656,
                      "Actual Total Time": 659.622,
                      "Actual Rows": 513131,
                      "Actual Loops": 7,
                      "Hash Buckets": 4194304,
                      "Original Hash Buckets": 4194304,
                      "Hash Batches": 1,
                      "Original Hash Batches": 1,
                      "Peak Memory Usage": 173408,
                      "Plans": [
                        {
                          "Node Type": "Hash Join",
                          "Parent Relationship": "Outer",
                          "Parallel Aware": true,
                          "Join Type": "Inner",
                          "Startup Cost": 51287.15,
                          "Total Cost": 97073.06,
                          "Plan Rows": 1100736,
                          "Plan Width": 8,
                          "Actual Startup Time": 280.457,
                          "Actual Total Time": 482.72,
                          "Actual Rows": 513131,
                          "Actual Loops": 7,
                          "Inner Unique": true,
                          "Hash Cond": "(mk.movie_id = t.id)",
                          "Plans": [
                            {
                              "Node Type": "Seq Scan",
                              "Parent Relationship": "Outer",
                              "Parallel Aware": true,
                              "Relation Name": "movie_keyword",
                              "Alias": "mk",
                              "Startup Cost": 0.0,
                              "Total Cost": 42695.65,
                              "Plan Rows": 1177243,
                              "Plan Width": 4,
                              "Actual Startup Time": 0.035,
                              "Actual Total Time": 89.483,
                              "Actual Rows": 521123,
                              "Actual Loops": 7,
                              "Filter": "(keyword_id > 830)",
                              "Rows Removed by Filter": 125152
                            },
                            {
                              "Node Type": "Hash",
                              "Parent Relationship": "Inner",
                              "Parallel Aware": true,
                              "Startup Cost": 43899.32,
                              "Total Cost": 43899.32,
                              "Plan Rows": 591026,
                              "Plan Width": 4,
                              "Actual Startup Time": 276.739,
                              "Actual Total Time": 276.74,
                              "Actual Rows": 337179,
                              "Actual Loops": 7,
                              "Hash Buckets": 4194304,
                              "Original Hash Buckets": 4194304,
                              "Hash Batches": 1,
                              "Original Hash Batches": 1,
                              "Peak Memory Usage": 125216,
                              "Plans": [
                                {
                                  "Node Type": "Seq Scan",
                                  "Parent Relationship": "Outer",
                                  "Parallel Aware": true,
                                  "Relation Name": "title",
                                  "Alias": "t",
                                  "Startup Cost": 0.0,
                                  "Total Cost": 43899.32,
                                  "Plan Rows": 591026,
                                  "Plan Width": 4,
                                  "Actual Startup Time": 0.077,
                                  "Actual Total Time": 94.958,
                                  "Actual Rows": 337179,
                                  "Actual Loops": 7,
                                  "Filter": "(production_year > 1922)",
                                  "Rows Removed by Filter": 24008
                                }
                              ]
                            }
                          ]
                        }
                      ]
                    }
                  ]
                }
              ]
            }
          ]
        }
      ]
    },
    "Planning Time": 1.279,
    "Triggers": [],
    "Execution Time": 5933.626
  }
]