[
  {
    "Plan": {
      "Node Type": "Aggregate",
      "Strategy": "Plain",
      "Partial Mode": "Finalize",
      "Parallel Aware": false,
      "Startup Cost": 494361.76,
      "Total Cost": 494361.77,
      "Plan Rows": 1,
      "Plan Width": 8,
      "Actual Startup Time": 5502.391,
      "Actual Total Time": 5571.004,
      "Actual Rows": 1,
      "Actual Loops": 1,
      "Plans": [
        {
          "Node Type": "Gather",
          "Parent Relationship": "Outer",
          "Parallel Aware": false,
          "Startup Cost": 494361.13,
          "Total Cost": 494361.74,
          "Plan Rows": 6,
          "Plan Width": 8,
          "Actual Startup Time": 5464.975,
          "Actual Total Time": 5570.991,
          "Actual Rows": 7,
          "Actual Loops": 1,
          "Workers Planned": 6,
          "Workers Launched": 6,
          "Single Copy": false,
          "Plans": [
            {
              "Node Type": "Aggregate",
              "Strategy": "Plain",
              "Partial Mode": "Partial",
              "Parent Relationship": "Outer",
              "Parallel Aware": false,
              "Startup Cost": 493361.13,
              "Total Cost": 493361.14,
              "Plan Rows": 1,
              "Plan Width": 8,
              "Actual Startup Time": 5442.918,
              "Actual Total Time": 5444.523,
              "Actual Rows": 1,
              "Actual Loops": 7,
              "Plans": [
                {
                  "Node Type": "Hash Join",
                  "Parent Relationship": "Outer",
                  "Parallel Aware": true,
                  "Join Type": "Inner",
                  "Startup Cost": 110874.63,
                  "Total Cost": 472937.39,
                  "Plan Rows": 8169498,
                  "Plan Width": 0,
                  "Actual Startup Time": 589.569,
                  "Actual Total Time": 4427.188,
                  "Actual Rows": 25570626,
                  "Actual Loops": 7,
                  "Inner Unique": false,
                  "Hash Cond": "(ci.movie_id = t.id)",
                  "Plans": [
                    {
                      "Node Type": "Seq Scan",
                      "Parent Relationship": "Outer",
                      "Parallel Aware": true,
                      "Relation Name": "cast_info",
                      "Alias": "ci",
                      "Startup Cost": 0.0,
                      "Total Cost": 313067.02,
                      "Plan Rows": 6038002,
                      "Plan Width": 4,
                      "Actual Startup Time": 0.029,
                      "Actual Total Time": 503.077,
                      "Actual Rows": 5177763,
                      "Actual Loops": 7
                    },
                    {
                      "Node Type": "Hash",
                      "Parent Relationship": "Inner",
                      "Parallel Aware": true,
                      "Startup Cost": 97081.02,
                      "Total Cost": 97081.02,
                      "Plan Rows": 1103489,
                      "Plan Width": 8,
                      "Actual Startup Time": 582.513,
                      "Actual Total Time": 584.116,
                      "Actual Rows": 513131,
                      "Actual Loops": 7,
                      "Hash Buckets": 4194304,
                      "Original Hash Buckets": 4194304,
                      "Hash Batches": 1,
                      "Original Hash Batches": 1,
                      "Peak Memory Usage": 173440,
                      "Plans": [
                        {
                          "Node Type": "Hash Join",
                          "Parent Relationship": "Outer",
                          "Parallel Aware": true,
                          "Join Type": "Inner",
                          "Startup Cost": 51288.1,
                          "Total Cost": 97081.02,
                          "Plan Rows": 1103489,
                          "Plan Width": 8,
                          "Actual Startup Time": 250.537,
                          "Actual Total Time": 434.769,
                          "Actual Rows": 513131,
                          "Actual Loops": 7,
                          "Inner Unique": true,
                          "Hash Cond": "(mk.movie_id = t.id)",
                          "Plans": [
                            {
                              "Node Type": "Seq Scan",
                              "Parent Relationship": "Outer",
                              "Parallel Aware": true,
                              "Relation Name": "movie_keyword",
                              "Alias": "mk",
                              "Startup Cost": 0.0,
                              "Total Cost": 42695.65,
                              "Plan Rows": 1179909,
                              "Plan Width": 4,
                              "Actual Startup Time": 0.047,
                              "Actual Total Time": 79.723,
                              "Actual Rows": 521123,
                              "Actual Loops": 7,
                              "Filter": "(keyword_id > 830)",
                              "Rows Removed by Filter": 125152
                            },
                            {
                              "Node Type": "Hash",
                              "Parent Relationship": "Inner",
                              "Parallel Aware": true,
                              "Startup Cost": 43898.92,
                              "Total Cost": 43898.92,
                              "Plan Rows": 591135,
                              "Plan Width": 4,
                              "Actual Startup Time": 246.832,
                              "Actual Total Time": 246.833,
                              "Actual Rows": 337179,
                              "Actual Loops": 7,
                              "Hash Buckets": 4194304,
                              "Original Hash Buckets": 4194304,
                              "Hash Batches": 1,
                              "Original Hash Batches": 1,
                              "Peak Memory Usage": 125216,
                              "Plans": [
                                {
                                  "Node Type": "Seq Scan",
                                  "Parent Relationship": "Outer",
                                  "Parallel Aware": true,
                                  "Relation Name": "title",
                                  "Alias": "t",
                                  "Startup Cost": 0.0,
                                  "Total Cost": 43898.92,
                                  "Plan Rows": 591135,
                                  "Plan Width": 4,
                                  "Actual Startup Time": 0.046,
                                  "Actual Total Time": 79.929,
                                  "Actual Rows": 337179,
                                  "Actual Loops": 7,
                                  "Filter": "(production_year > 1922)",
                                  "Rows Removed by Filter": 24008
                                }
                              ]
                            }
                          ]
                        }
                      ]
                    }
                  ]
                }
              ]
            }
          ]
        }
      ]
    },
    "Planning Time": 1.343,
    "Triggers": [],
    "Execution Time": 5571.09
  }
]