{
  "Plan": {
    "Node Type": "Aggregate",
    "Strategy": "Plain",
    "Partial Mode": "Finalize",
    "Parallel Aware": false,
    "Startup Cost": 116092.02,
    "Total Cost": 116092.03,
    "Plan Rows": 1,
    "Plan Width": 8,
    "Actual Startup Time": 894.539,
    "Actual Total Time": 919.097,
    "Actual Rows": 1,
    "Actual Loops": 1,
    "Plans": [
      {
        "Node Type": "Gather",
        "Parent Relationship": "Outer",
        "Parallel Aware": false,
        "Startup Cost": 116091.9,
        "Total Cost": 116092.01,
        "Plan Rows": 1,
        "Plan Width": 8,
        "Actual Startup Time": 885.832,
        "Actual Total Time": 919.088,
        "Actual Rows": 2,
        "Actual Loops": 1,
        "Workers Planned": 1,
        "Workers Launched": 1,
        "Single Copy": false,
        "Plans": [
          {
            "Node Type": "Aggregate",
            "Strategy": "Plain",
            "Partial Mode": "Partial",
            "Parent Relationship": "Outer",
            "Parallel Aware": false,
            "Startup Cost": 115091.9,
            "Total Cost": 115091.91,
            "Plan Rows": 1,
            "Plan Width": 8,
            "Actual Startup Time": 874.021,
            "Actual Total Time": 874.025,
            "Actual Rows": 1,
            "Actual Loops": 2,
            "Plans": [
              {
                "Node Type": "Hash Join",
                "Parent Relationship": "Outer",
                "Parallel Aware": true,
                "Join Type": "Inner",
                "Startup Cost": 83685.89,
                "Total Cost": 114105.8,
                "Plan Rows": 394441,
                "Plan Width": 0,
                "Actual Startup Time": 677.552,
                "Actual Total Time": 856.376,
                "Actual Rows": 329846,
                "Actual Loops": 2,
                "Inner Unique": true,
                "Hash Cond": "(mk.movie_id = t.id)",
                "Plans": [
                  {
                    "Node Type": "Bitmap Heap Scan",
                    "Parent Relationship": "Outer",
                    "Parallel Aware": true,
                    "Relation Name": "movie_keyword",
                    "Alias": "mk",
                    "Startup Cost": 14225.19,
                    "Total Cost": 43609.69,
                    "Plan Rows": 394441,
                    "Plan Width": 4,
                    "Actual Startup Time": 47.184,
                    "Actual Total Time": 132.062,
                    "Actual Rows": 329846,
                    "Actual Loops": 2,
                    "Recheck Cond": "(keyword_id > 28492)",
                    "Rows Removed by Index Recheck": 0,
                    "Exact Heap Blocks": 15218,
                    "Lossy Heap Blocks": 0,
                    "Plans": [
                      {
                        "Node Type": "Bitmap Index Scan",
                        "Parent Relationship": "Outer",
                        "Parallel Aware": false,
                        "Index Name": "keyword_id_movie_keyword",
                        "Startup Cost": 0.0,
                        "Total Cost": 14057.55,
                        "Plan Rows": 670549,
                        "Plan Width": 0,
                        "Actual Startup Time": 43.439,
                        "Actual Total Time": 43.44,
                        "Actual Rows": 659691,
                        "Actual Loops": 1,
                        "Index Cond": "(keyword_id > 28492)"
                      }
                    ]
                  },
                  {
                    "Node Type": "Hash",
                    "Parent Relationship": "Inner",
                    "Parallel Aware": true,
                    "Startup Cost": 50870.31,
                    "Total Cost": 50870.31,
                    "Plan Rows": 1487231,
                    "Plan Width": 4,
                    "Actual Startup Time": 608.041,
                    "Actual Total Time": 608.042,
                    "Actual Rows": 1264156,
                    "Actual Loops": 2,
                    "Hash Buckets": 4194304,
                    "Original Hash Buckets": 4194304,
                    "Hash Batches": 1,
                    "Original Hash Batches": 1,
                    "Peak Memory Usage": 131712,
                    "Plans": [
                      {
                        "Node Type": "Seq Scan",
                        "Parent Relationship": "Outer",
                        "Parallel Aware": true,
                        "Relation Name": "title",
                        "Alias": "t",
                        "Startup Cost": 0.0,
                        "Total Cost": 50870.31,
                        "Plan Rows": 1487231,
                        "Plan Width": 4,
                        "Actual Startup Time": 0.026,
                        "Actual Total Time": 192.97,
                        "Actual Rows": 1264156,
                        "Actual Loops": 2
                      }
                    ]
                  }
                ]
              }
            ]
          }
        ]
      }
    ]
  },
  "Planning Time": 0.622,
  "Triggers": [],
  "Execution Time": 919.179
}