{
  "Plan": {
    "Node Type": "Aggregate",
    "Strategy": "Plain",
    "Partial Mode": "Simple",
    "Parallel Aware": false,
    "Startup Cost": 52501.37,
    "Total Cost": 52501.38,
    "Plan Rows": 1,
    "Plan Width": 96,
    "Actual Startup Time": 393.809,
    "Actual Total Time": 393.816,
    "Actual Rows": 1,
    "Actual Loops": 1,
    "Plans": [
      {
        "Node Type": "Nested Loop",
        "Parent Relationship": "Outer",
        "Parallel Aware": false,
        "Join Type": "Inner",
        "Startup Cost": 7515.61,
        "Total Cost": 52501.36,
        "Plan Rows": 1,
        "Plan Width": 42,
        "Actual Startup Time": 281.147,
        "Actual Total Time": 393.796,
        "Actual Rows": 4,
        "Actual Loops": 1,
        "Inner Unique": true,
        "Plans": [
          {
            "Node Type": "Hash Join",
            "Parent Relationship": "Outer",
            "Parallel Aware": false,
            "Join Type": "Inner",
            "Startup Cost": 7515.19,
            "Total Cost": 52500.92,
            "Plan Rows": 1,
            "Plan Width": 27,
            "Actual Startup Time": 104.233,
            "Actual Total Time": 393.452,
            "Actual Rows": 103,
            "Actual Loops": 1,
            "Inner Unique": true,
            "Hash Cond": "(mc.company_type_id = ct.id)",
            "Plans": [
              {
                "Node Type": "Nested Loop",
                "Parent Relationship": "Outer",
                "Parallel Aware": false,
                "Join Type": "Inner",
                "Startup Cost": 7514.13,
                "Total Cost": 52499.85,
                "Plan Rows": 1,
                "Plan Width": 31,
                "Actual Startup Time": 103.474,
                "Actual Total Time": 393.327,
                "Actual Rows": 209,
                "Actual Loops": 1,
                "Inner Unique": false,
                "Join Filter": "(miidx.movie_id = mc.movie_id)",
                "Rows Removed by Join Filter": 0,
                "Plans": [
                  {
                    "Node Type": "Nested Loop",
                    "Parent Relationship": "Outer",
                    "Parallel Aware": false,
                    "Join Type": "Inner",
                    "Startup Cost": 7513.7,
                    "Total Cost": 52499.26,
                    "Plan Rows": 1,
                    "Plan Width": 35,
                    "Actual Startup Time": 103.459,
                    "Actual Total Time": 392.559,
                    "Actual Rows": 119,
                    "Actual Loops": 1,
                    "Inner Unique": true,
                    "Plans": [
                      {
                        "Node Type": "Nested Loop",
                        "Parent Relationship": "Outer",
                        "Parallel Aware": false,
                        "Join Type": "Inner",
                        "Startup Cost": 7513.56,
                        "Total Cost": 52498.27,
                        "Plan Rows": 6,
                        "Plan Width": 39,
                        "Actual Startup Time": 103.445,
                        "Actual Total Time": 391.932,
                        "Actual Rows": 636,
                        "Actual Loops": 1,
                        "Inner Unique": false,
                        "Plans": [
                          {
                            "Node Type": "Nested Loop",
                            "Parent Relationship": "Outer",
                            "Parallel Aware": false,
                            "Join Type": "Inner",
                            "Startup Cost": 7513.12,
                            "Total Cost": 52496.13,
                            "Plan Rows": 1,
                            "Plan Width": 31,
                            "Actual Startup Time": 103.43,
                            "Actual Total Time": 390.224,
                            "Actual Rows": 84,
                            "Actual Loops": 1,
                            "Inner Unique": false,
                            "Join Filter": "(miidx.info_type_id = it.id)",
                            "Rows Removed by Join Filter": 168,
                            "Plans": [
                              {
                                "Node Type": "Seq Scan",
                                "Parent Relationship": "Outer",
                                "Parallel Aware": false,
                                "Relation Name": "info_type",
                                "Alias": "it",
                                "Startup Cost": 0.0,
                                "Total Cost": 2.41,
                                "Plan Rows": 1,
                                "Plan Width": 4,
                                "Actual Startup Time": 0.034,
                                "Actual Total Time": 0.037,
                                "Actual Rows": 1,
                                "Actual Loops": 1,
                                "Filter": "((info)::text = 'rating'::text)",
                                "Rows Removed by Filter": 112
                              },
                              {
                                "Node Type": "Nested Loop",
                                "Parent Relationship": "Inner",
                                "Parallel Aware": false,
                                "Join Type": "Inner",
                                "Startup Cost": 7513.12,
                                "Total Cost": 52493.26,
                                "Plan Rows": 37,
                                "Plan Width": 35,
                                "Actual Startup Time": 103.342,
                                "Actual Total Time": 390.094,
                                "Actual Rows": 252,
                                "Actual Loops": 1,
                                "Inner Unique": false,
                                "Plans": [
                                  {
                                    "Node Type": "Nested Loop",
                                    "Parent Relationship": "Outer",
                                    "Parallel Aware": false,
                                    "Join Type": "Inner",
                                    "Startup Cost": 7512.69,
                                    "Total Cost": 51939.88,
                                    "Plan Rows": 67,
                                    "Plan Width": 21,
                                    "Actual Startup Time": 100.207,
                                    "Actual Total Time": 386.351,
                                    "Actual Rows": 1088,
                                    "Actual Loops": 1,
                                    "Inner Unique": false,
                                    "Plans": [
                                      {
                                        "Node Type": "Seq Scan",
                                        "Parent Relationship": "Outer",
                                        "Parallel Aware": false,
                                        "Relation Name": "kind_type",
                                        "Alias": "kt",
                                        "Startup Cost": 0.0,
                                        "Total Cost": 1.09,
                                        "Plan Rows": 1,
                                        "Plan Width": 4,
                                        "Actual Startup Time": 0.013,
                                        "Actual Total Time": 0.015,
                                        "Actual Rows": 1,
                                        "Actual Loops": 1,
                                        "Filter": "((kind)::text = 'episode'::text)",
                                        "Rows Removed by Filter": 6
                                      },
                                      {
                                        "Node Type": "Bitmap Heap Scan",
                                        "Parent Relationship": "Inner",
                                        "Parallel Aware": false,
                                        "Relation Name": "title",
                                        "Alias": "t",
                                        "Startup Cost": 7512.69,
                                        "Total Cost": 51938.01,
                                        "Plan Rows": 78,
                                        "Plan Width": 25,
                                        "Actual Startup Time": 100.184,
                                        "Actual Total Time": 386.207,
                                        "Actual Rows": 1088,
                                        "Actual Loops": 1,
                                        "Recheck Cond": "(kind_id = kt.id)",
                                        "Rows Removed by Index Recheck": 0,
                                        "Filter": "((title <> ''::text) AND ((title ~~ '%Champion%'::text) OR (title ~~ '%Loser%'::text)))",
                                        "Rows Removed by Filter": 1542176,
                                        "Exact Heap Blocks": 24710,
                                        "Lossy Heap Blocks": 0,
                                        "Plans": [
                                          {
                                            "Node Type": "Bitmap Index Scan",
                                            "Parent Relationship": "Outer",
                                            "Parallel Aware": false,
                                            "Index Name": "kind_id_title",
                                            "Startup Cost": 0.0,
                                            "Total Cost": 7512.68,
                                            "Plan Rows": 421366,
                                            "Plan Width": 0,
                                            "Actual Startup Time": 97.083,
                                            "Actual Total Time": 97.084,
                                            "Actual Rows": 1543264,
                                            "Actual Loops": 1,
                                            "Index Cond": "(kind_id = kt.id)"
                                          }
                                        ]
                                      }
                                    ]
                                  },
                                  {
                                    "Node Type": "Index Scan",
                                    "Parent Relationship": "Inner",
                                    "Parallel Aware": false,
                                    "Scan Direction": "Forward",
                                    "Index Name": "movie_id_movie_info_idx",
                                    "Relation Name": "movie_info_idx",
                                    "Alias": "miidx",
                                    "Startup Cost": 0.43,
                                    "Total Cost": 8.23,
                                    "Plan Rows": 3,
                                    "Plan Width": 14,
                                    "Actual Startup Time": 0.003,
                                    "Actual Total Time": 0.003,
                                    "Actual Rows": 0,
                                    "Actual Loops": 1088,
                                    "Index Cond": "(movie_id = t.id)",
                                    "Rows Removed by Index Recheck": 0
                                  }
                                ]
                              }
                            ]
                          },
                          {
                            "Node Type": "Index Scan",
                            "Parent Relationship": "Inner",
                            "Parallel Aware": false,
                            "Scan Direction": "Forward",
                            "Index Name": "movie_id_movie_info",
                            "Relation Name": "movie_info",
                            "Alias": "mi",
                            "Startup Cost": 0.43,
                            "Total Cost": 1.74,
                            "Plan Rows": 39,
                            "Plan Width": 8,
                            "Actual Startup Time": 0.01,
                            "Actual Total Time": 0.019,
                            "Actual Rows": 8,
                            "Actual Loops": 84,
                            "Index Cond": "(movie_id = miidx.movie_id)",
                            "Rows Removed by Index Recheck": 0
                          }
                        ]
                      },
                      {
                        "Node Type": "Index Scan",
                        "Parent Relationship": "Inner",
                        "Parallel Aware": false,
                        "Scan Direction": "Forward",
                        "Index Name": "info_type_pkey",
                        "Relation Name": "info_type",
                        "Alias": "it2",
                        "Startup Cost": 0.14,
                        "Total Cost": 0.16,
                        "Plan Rows": 1,
                        "Plan Width": 4,
                        "Actual Startup Time": 0.001,
                        "Actual Total Time": 0.001,
                        "Actual Rows": 0,
                        "Actual Loops": 636,
                        "Index Cond": "(id = mi.info_type_id)",
                        "Rows Removed by Index Recheck": 0,
                        "Filter": "((info)::text = 'release dates'::text)",
                        "Rows Removed by Filter": 1
                      }
                    ]
                  },
                  {
                    "Node Type": "Index Scan",
                    "Parent Relationship": "Inner",
                    "Parallel Aware": false,
                    "Scan Direction": "Forward",
                    "Index Name": "movie_id_movie_companies",
                    "Relation Name": "movie_companies",
                    "Alias": "mc",
                    "Startup Cost": 0.43,
                    "Total Cost": 0.53,
                    "Plan Rows": 5,
                    "Plan Width": 12,
                    "Actual Startup Time": 0.005,
                    "Actual Total Time": 0.006,
                    "Actual Rows": 2,
                    "Actual Loops": 119,
                    "Index Cond": "(movie_id = mi.movie_id)",
                    "Rows Removed by Index Recheck": 0
                  }
                ]
              },
              {
                "Node Type": "Hash",
                "Parent Relationship": "Inner",
                "Parallel Aware": false,
                "Startup Cost": 1.05,
                "Total Cost": 1.05,
                "Plan Rows": 1,
                "Plan Width": 4,
                "Actual Startup Time": 0.029,
                "Actual Total Time": 0.03,
                "Actual Rows": 1,
                "Actual Loops": 1,
                "Hash Buckets": 1024,
                "Original Hash Buckets": 1024,
                "Hash Batches": 1,
                "Original Hash Batches": 1,
                "Peak Memory Usage": 9,
                "Plans": [
                  {
                    "Node Type": "Seq Scan",
                    "Parent Relationship": "Outer",
                    "Parallel Aware": false,
                    "Relation Name": "company_type",
                    "Alias": "ct",
                    "Startup Cost": 0.0,
                    "Total Cost": 1.05,
                    "Plan Rows": 1,
                    "Plan Width": 4,
                    "Actual Startup Time": 0.02,
                    "Actual Total Time": 0.023,
                    "Actual Rows": 1,
                    "Actual Loops": 1,
                    "Filter": "((kind)::text = 'distributors'::text)",
                    "Rows Removed by Filter": 3
                  }
                ]
              }
            ]
          },
          {
            "Node Type": "Index Scan",
            "Parent Relationship": "Inner",
            "Parallel Aware": false,
            "Scan Direction": "Forward",
            "Index Name": "company_name_pkey",
            "Relation Name": "company_name",
            "Alias": "cn",
            "Startup Cost": 0.42,
            "Total Cost": 0.45,
            "Plan Rows": 1,
            "Plan Width": 23,
            "Actual Startup Time": 0.003,
            "Actual Total Time": 0.003,
            "Actual Rows": 0,
            "Actual Loops": 103,
            "Index Cond": "(id = mc.company_id)",
            "Rows Removed by Index Recheck": 0,
            "Filter": "((country_code)::text = '[jp]'::text)",
            "Rows Removed by Filter": 1
          }
        ]
      }
    ]
  },
  "Planning Time": 2.554,
  "Triggers": [],
  "Execution Time": 394.017
}