[
  {
    "Plan": {
      "Node Type": "Aggregate",
      "Strategy": "Plain",
      "Partial Mode": "Simple",
      "Parallel Aware": false,
      "Startup Cost": 14381.32,
      "Total Cost": 14381.33,
      "Plan Rows": 1,
      "Plan Width": 8,
      "Actual Startup Time": 20.85,
      "Actual Total Time": 20.852,
      "Actual Rows": 1,
      "Actual Loops": 1,
      "Plans": [
        {
          "Node Type": "Bitmap Heap Scan",
          "Parent Relationship": "Outer",
          "Parallel Aware": false,
          "Relation Name": "movie_keyword",
          "Alias": "mk",
          "Startup Cost": 132.35,
          "Total Cost": 14365.86,
          "Plan Rows": 6183,
          "Plan Width": 0,
          "Actual Startup Time": 4.519,
          "Actual Total Time": 19.95,
          "Actual Rows": 6303,
          "Actual Loops": 1,
          "Recheck Cond": "(keyword_id = 135)",
          "Rows Removed by Index Recheck": 0,
          "Exact Heap Blocks": 5252,
          "Lossy Heap Blocks": 0,
          "Plans": [
            {
              "Node Type": "Bitmap Index Scan",
              "Parent Relationship": "Outer",
              "Parallel Aware": false,
              "Index Name": "keyword_id_movie_keyword",
              "Startup Cost": 0.0,
              "Total Cost": 130.81,
              "Plan Rows": 6183,
              "Plan Width": 0,
              "Actual Startup Time": 2.139,
              "Actual Total Time": 2.14,
              "Actual Rows": 6303,
              "Actual Loops": 1,
              "Index Cond": "(keyword_id = 135)"
            }
          ]
        }
      ]
    },
    "Planning Time": 0.18,
    "Triggers": [],
    "Execution Time": 20.918
  }
]