[
  {
    "Plan": {
      "Node Type": "Aggregate",
      "Strategy": "Plain",
      "Partial Mode": "Finalize",
      "Parallel Aware": false,
      "Startup Cost": 316697.2,
      "Total Cost": 316697.21,
      "Plan Rows": 1,
      "Plan Width": 8,
      "Actual Startup Time": 258.593,
      "Actual Total Time": 271.604,
      "Actual Rows": 1,
      "Actual Loops": 1,
      "Plans": [
        {
          "Node Type": "Gather",
          "Parent Relationship": "Outer",
          "Parallel Aware": false,
          "Startup Cost": 316696.68,
          "Total Cost": 316697.19,
          "Plan Rows": 5,
          "Plan Width": 8,
          "Actual Startup Time": 251.117,
          "Actual Total Time": 271.596,
          "Actual Rows": 6,
          "Actual Loops": 1,
          "Workers Planned": 5,
          "Workers Launched": 5,
          "Single Copy": false,
          "Plans": [
            {
              "Node Type": "Aggregate",
              "Strategy": "Plain",
              "Partial Mode": "Partial",
              "Parent Relationship": "Outer",
              "Parallel Aware": false,
              "Startup Cost": 315696.68,
              "Total Cost": 315696.69,
              "Plan Rows": 1,
              "Plan Width": 8,
              "Actual Startup Time": 238.442,
              "Actual Total Time": 238.447,
              "Actual Rows": 1,
              "Actual Loops": 6,
              "Plans": [
                {
                  "Node Type": "Hash Join",
                  "Parent Relationship": "Outer",
                  "Parallel Aware": true,
                  "Join Type": "Inner",
                  "Startup Cost": 53445.98,
                  "Total Cost": 315633.43,
                  "Plan Rows": 25302,
                  "Plan Width": 0,
                  "Actual Startup Time": 205.974,
                  "Actual Total Time": 237.28,
                  "Actual Rows": 21749,
                  "Actual Loops": 6,
                  "Inner Unique": true,
                  "Hash Cond": "(ci.movie_id = t.id)",
                  "Plans": [
                    {
                      "Node Type": "Bitmap Heap Scan",
                      "Parent Relationship": "Outer",
                      "Parallel Aware": true,
                      "Relation Name": "cast_info",
                      "Alias": "ci",
                      "Startup Cost": 5614.96,
                      "Total Cost": 267668.92,
                      "Plan Rows": 50849,
                      "Plan Width": 4,
                      "Actual Startup Time": 12.352,
                      "Actual Total Time": 22.368,
                      "Actual Rows": 44042,
                      "Actual Loops": 6,
                      "Recheck Cond": "(person_id < 31035)",
                      "Rows Removed by Index Recheck": 0,
                      "Exact Heap Blocks": 592,
                      "Lossy Heap Blocks": 0,
                      "Plans": [
                        {
                          "Node Type": "Bitmap Index Scan",
                          "Parent Relationship": "Outer",
                          "Parallel Aware": false,
                          "Index Name": "person_id_cast_info",
                          "Startup Cost": 0.0,
                          "Total Cost": 5551.39,
                          "Plan Rows": 254244,
                          "Plan Width": 0,
                          "Actual Startup Time": 11.922,
                          "Actual Total Time": 11.923,
                          "Actual Rows": 264251,
                          "Actual Loops": 1,
                          "Index Cond": "(person_id < 31035)"
                        }
                      ]
                    },
                    {
                      "Node Type": "Hash",
                      "Parent Relationship": "Inner",
                      "Parallel Aware": true,
                      "Startup Cost": 43899.32,
                      "Total Cost": 43899.32,
                      "Plan Rows": 314536,
                      "Plan Width": 4,
                      "Actual Startup Time": 189.526,
                      "Actual Total Time": 189.529,
                      "Actual Rows": 210617,
                      "Actual Loops": 6,
                      "Hash Buckets": 2097152,
                      "Original Hash Buckets": 2097152,
                      "Hash Batches": 1,
                      "Original Hash Batches": 1,
                      "Peak Memory Usage": 65920,
                      "Plans": [
                        {
                          "Node Type": "Seq Scan",
                          "Parent Relationship": "Outer",
                          "Parallel Aware": true,
                          "Relation Name": "title",
                          "Alias": "t",
                          "Startup Cost": 0.0,
                          "Total Cost": 43899.32,
                          "Plan Rows": 314536,
                          "Plan Width": 4,
                          "Actual Startup Time": 0.047,
                          "Actual Total Time": 91.665,
                          "Actual Rows": 210617,
                          "Actual Loops": 6,
                          "Filter": "(production_year < 2004)",
                          "Rows Removed by Filter": 210769
                        }
                      ]
                    }
                  ]
                }
              ]
            }
          ]
        }
      ]
    },
    "Planning Time": 0.263,
    "Triggers": [],
    "Execution Time": 271.651
  }
]