{
  "Plan": {
    "Node Type": "Aggregate",
    "Strategy": "Plain",
    "Partial Mode": "Simple",
    "Parallel Aware": false,
    "Startup Cost": 482231.07,
    "Total Cost": 482231.08,
    "Plan Rows": 1,
    "Plan Width": 96,
    "Actual Startup Time": 1725.396,
    "Actual Total Time": 1775.357,
    "Actual Rows": 1,
    "Actual Loops": 1,
    "Plans": [
      {
        "Node Type": "Gather",
        "Parent Relationship": "Outer",
        "Parallel Aware": false,
        "Startup Cost": 477231.25,
        "Total Cost": 482231.06,
        "Plan Rows": 1,
        "Plan Width": 42,
        "Actual Startup Time": 1707.465,
        "Actual Total Time": 1775.317,
        "Actual Rows": 148,
        "Actual Loops": 1,
        "Workers Planned": 1,
        "Workers Launched": 1,
        "Single Copy": false,
        "Plans": [
          {
            "Node Type": "Hash Join",
            "Parent Relationship": "Outer",
            "Parallel Aware": false,
            "Join Type": "Inner",
            "Startup Cost": 476231.25,
            "Total Cost": 481230.96,
            "Plan Rows": 1,
            "Plan Width": 42,
            "Actual Startup Time": 1699.329,
            "Actual Total Time": 1716.577,
            "Actual Rows": 74,
            "Actual Loops": 2,
            "Inner Unique": true,
            "Hash Cond": "(mc.company_type_id = ct.id)",
            "Plans": [
              {
                "Node Type": "Hash Join",
                "Parent Relationship": "Outer",
                "Parallel Aware": true,
                "Join Type": "Inner",
                "Startup Cost": 476230.16,
                "Total Cost": 481229.87,
                "Plan Rows": 1,
                "Plan Width": 46,
                "Actual Startup Time": 1698.845,
                "Actual Total Time": 1716.078,
                "Actual Rows": 74,
                "Actual Loops": 2,
                "Inner Unique": false,
                "Hash Cond": "(cn.id = mc.company_id)",
                "Plans": [
                  {
                    "Node Type": "Seq Scan",
                    "Parent Relationship": "Outer",
                    "Parallel Aware": true,
                    "Relation Name": "company_name",
                    "Alias": "cn",
                    "Startup Cost": 0.0,
                    "Total Cost": 4722.92,
                    "Plan Rows": 73808,
                    "Plan Width": 23,
                    "Actual Startup Time": 0.023,
                    "Actual Total Time": 14.088,
                    "Actual Rows": 63115,
                    "Actual Loops": 2,
                    "Filter": "((country_code)::text <> '[us]'::text)",
                    "Rows Removed by Filter": 54384
                  },
                  {
                    "Node Type": "Hash",
                    "Parent Relationship": "Inner",
                    "Parallel Aware": true,
                    "Startup Cost": 476230.15,
                    "Total Cost": 476230.15,
                    "Plan Rows": 1,
                    "Plan Width": 31,
                    "Actual Startup Time": 1697.89,
                    "Actual Total Time": 1697.915,
                    "Actual Rows": 75,
                    "Actual Loops": 2,
                    "Hash Buckets": 1024,
                    "Original Hash Buckets": 1024,
                    "Hash Batches": 1,
                    "Original Hash Batches": 1,
                    "Peak Memory Usage": 72,
                    "Plans": [
                      {
                        "Node Type": "Hash Join",
                        "Parent Relationship": "Outer",
                        "Parallel Aware": false,
                        "Join Type": "Inner",
                        "Startup Cost": 434119.17,
                        "Total Cost": 476230.15,
                        "Plan Rows": 1,
                        "Plan Width": 31,
                        "Actual Startup Time": 1582.982,
                        "Actual Total Time": 1697.839,
                        "Actual Rows": 75,
                        "Actual Loops": 2,
                        "Inner Unique": true,
                        "Hash Cond": "(mi.info_type_id = it1.id)",
                        "Plans": [
                          {
                            "Node Type": "Hash Join",
                            "Parent Relationship": "Outer",
                            "Parallel Aware": true,
                            "Join Type": "Inner",
                            "Startup Cost": 434116.74,
                            "Total Cost": 476227.72,
                            "Plan Rows": 1,
                            "Plan Width": 35,
                            "Actual Startup Time": 1582.892,
                            "Actual Total Time": 1697.734,
                            "Actual Rows": 76,
                            "Actual Loops": 2,
                            "Inner Unique": false,
                            "Hash Cond": "(mc.movie_id = mk.movie_id)",
                            "Plans": [
                              {
                                "Node Type": "Seq Scan",
                                "Parent Relationship": "Outer",
                                "Parallel Aware": true,
                                "Relation Name": "movie_companies",
                                "Alias": "mc",
                                "Startup Cost": 0.0,
                                "Total Cost": 41811.73,
                                "Plan Rows": 79798,
                                "Plan Width": 12,
                                "Actual Startup Time": 0.017,
                                "Actual Total Time": 154.795,
                                "Actual Rows": 151636,
                                "Actual Loops": 2,
                                "Filter": "((note !~~ '%(USA)%'::text) AND (note ~~ '%(200%)%'::text))",
                                "Rows Removed by Filter": 1152929
                              },
                              {
                                "Node Type": "Hash",
                                "Parent Relationship": "Inner",
                                "Parallel Aware": true,
                                "Startup Cost": 434116.73,
                                "Total Cost": 434116.73,
                                "Plan Rows": 1,
                                "Plan Width": 47,
                                "Actual Startup Time": 1534.52,
                                "Actual Total Time": 1534.541,
                                "Actual Rows": 10,
                                "Actual Loops": 2,
                                "Hash Buckets": 1024,
                                "Original Hash Buckets": 1024,
                                "Hash Batches": 1,
                                "Original Hash Batches": 1,
                                "Peak Memory Usage": 72,
                                "Plans": [
                                  {
                                    "Node Type": "Hash Join",
                                    "Parent Relationship": "Outer",
                                    "Parallel Aware": true,
                                    "Join Type": "Inner",
                                    "Startup Cost": 140620.79,
                                    "Total Cost": 434116.73,
                                    "Plan Rows": 1,
                                    "Plan Width": 47,
                                    "Actual Startup Time": 1013.912,
                                    "Actual Total Time": 1534.484,
                                    "Actual Rows": 10,
                                    "Actual Loops": 2,
                                    "Inner Unique": false,
                                    "Hash Cond": "(mi.movie_id = mk.movie_id)",
                                    "Plans": [
                                      {
                                        "Node Type": "Seq Scan",
                                        "Parent Relationship": "Outer",
                                        "Parallel Aware": true,
                                        "Relation Name": "movie_info",
                                        "Alias": "mi",
                                        "Startup Cost": 0.0,
                                        "Total Cost": 293185.7,
                                        "Plan Rows": 82728,
                                        "Plan Width": 8,
                                        "Actual Startup Time": 0.373,
                                        "Actual Total Time": 897.94,
                                        "Actual Rows": 67120,
                                        "Actual Loops": 2,
                                        "Filter": "(info = ANY ('{Sweden,Germany,Swedish,German}'::text[]))",
                                        "Rows Removed by Filter": 7350740
                                      },
                                      {
                                        "Node Type": "Hash",
                                        "Parent Relationship": "Inner",
                                        "Parallel Aware": true,
                                        "Startup Cost": 140620.78,
                                        "Total Cost": 140620.78,
                                        "Plan Rows": 1,
                                        "Plan Width": 39,
                                        "Actual Startup Time": 632.222,
                                        "Actual Total Time": 632.241,
                                        "Actual Rows": 90,
                                        "Actual Loops": 2,
                                        "Hash Buckets": 1024,
                                        "Original Hash Buckets": 1024,
                                        "Hash Batches": 1,
                                        "Original Hash Batches": 1,
                                        "Peak Memory Usage": 72,
                                        "Plans": [
                                          {
                                            "Node Type": "Hash Join",
                                            "Parent Relationship": "Outer",
                                            "Parallel Aware": false,
                                            "Join Type": "Inner",
                                            "Startup Cost": 83775.89,
                                            "Total Cost": 140620.78,
                                            "Plan Rows": 1,
                                            "Plan Width": 39,
                                            "Actual Startup Time": 479.411,
                                            "Actual Total Time": 632.133,
                                            "Actual Rows": 90,
                                            "Actual Loops": 2,
                                            "Inner Unique": true,
                                            "Hash Cond": "(t.kind_id = kt.id)",
                                            "Plans": [
                                              {
                                                "Node Type": "Hash Join",
                                                "Parent Relationship": "Outer",
                                                "Parallel Aware": true,
                                                "Join Type": "Inner",
                                                "Startup Cost": 83774.78,
                                                "Total Cost": 140619.66,
                                                "Plan Rows": 1,
                                                "Plan Width": 43,
                                                "Actual Startup Time": 479.34,
                                                "Actual Total Time": 632.023,
                                                "Actual Rows": 94,
                                                "Actual Loops": 2,
                                                "Inner Unique": false,
                                                "Hash Cond": "(t.id = mk.movie_id)",
                                                "Plans": [
                                                  {
                                                    "Node Type": "Seq Scan",
                                                    "Parent Relationship": "Outer",
                                                    "Parallel Aware": true,
                                                    "Relation Name": "title",
                                                    "Alias": "t",
                                                    "Startup Cost": 0.0,
                                                    "Total Cost": 54589.98,
                                                    "Plan Rows": 601305,
                                                    "Plan Width": 25,
                                                    "Actual Startup Time": 0.011,
                                                    "Actual Total Time": 127.623,
                                                    "Actual Rows": 506460,
                                                    "Actual Loops": 2,
                                                    "Filter": "(production_year > 2005)",
                                                    "Rows Removed by Filter": 757696
                                                  },
                                                  {
                                                    "Node Type": "Hash",
                                                    "Parent Relationship": "Inner",
                                                    "Parallel Aware": true,
                                                    "Startup Cost": 83774.77,
                                                    "Total Cost": 83774.77,
                                                    "Plan Rows": 1,
                                                    "Plan Width": 18,
                                                    "Actual Startup Time": 466.541,
                                                    "Actual Total Time": 466.555,
                                                    "Actual Rows": 796,
                                                    "Actual Loops": 2,
                                                    "Hash Buckets": 2048,
                                                    "Original Hash Buckets": 1024,
                                                    "Hash Batches": 1,
                                                    "Original Hash Batches": 1,
                                                    "Peak Memory Usage": 152,
                                                    "Plans": [
                                                      {
                                                        "Node Type": "Hash Join",
                                                        "Parent Relationship": "Outer",
                                                        "Parallel Aware": false,
                                                        "Join Type": "Inner",
                                                        "Startup Cost": 64790.52,
                                                        "Total Cost": 83774.77,
                                                        "Plan Rows": 1,
                                                        "Plan Width": 18,
                                                        "Actual Startup Time": 386.676,
                                                        "Actual Total Time": 461.771,
                                                        "Actual Rows": 796,
                                                        "Actual Loops": 2,
                                                        "Inner Unique": true,
                                                        "Hash Cond": "(cc.subject_id = cct1.id)",
                                                        "Plans": [
                                                          {
                                                            "Node Type": "Hash Join",
                                                            "Parent Relationship": "Outer",
                                                            "Parallel Aware": false,
                                                            "Join Type": "Inner",
                                                            "Startup Cost": 64789.46,
                                                            "Total Cost": 83773.7,
                                                            "Plan Rows": 1,
                                                            "Plan Width": 22,
                                                            "Actual Startup Time": 386.404,
                                                            "Actual Total Time": 461.496,
                                                            "Actual Rows": 1866,
                                                            "Actual Loops": 2,
                                                            "Inner Unique": true,
                                                            "Hash Cond": "(cc.status_id = cct2.id)",
                                                            "Plans": [
                                                              {
                                                                "Node Type": "Hash Join",
                                                                "Parent Relationship": "Outer",
                                                                "Parallel Aware": false,
                                                                "Join Type": "Inner",
                                                                "Startup Cost": 64788.37,
                                                                "Total Cost": 83772.61,
                                                                "Plan Rows": 1,
                                                                "Plan Width": 26,
                                                                "Actual Startup Time": 386.356,
                                                                "Actual Total Time": 460.995,
                                                                "Actual Rows": 4266,
                                                                "Actual Loops": 2,
                                                                "Inner Unique": true,
                                                                "Hash Cond": "(mi_idx.info_type_id = it2.id)",
                                                                "Plans": [
                                                                  {
                                                                    "Node Type": "Hash Join",
                                                                    "Parent Relationship": "Outer",
                                                                    "Parallel Aware": true,
                                                                    "Join Type": "Inner",
                                                                    "Startup Cost": 64785.95,
                                                                    "Total Cost": 83769.98,
                                                                    "Plan Rows": 75,
                                                                    "Plan Width": 30,
                                                                    "Actual Startup Time": 386.13,
                                                                    "Actual Total Time": 460.189,
                                                                    "Actual Rows": 6390,
                                                                    "Actual Loops": 2,
                                                                    "Inner Unique": false,
                                                                    "Hash Cond": "(mi_idx.movie_id = mk.movie_id)",
                                                                    "Plans": [
                                                                      {
                                                                        "Node Type": "Seq Scan",
                                                                        "Parent Relationship": "Outer",
                                                                        "Parallel Aware": true,
                                                                        "Relation Name": "movie_info_idx",
                                                                        "Alias": "mi_idx",
                                                                        "Startup Cost": 0.0,
                                                                        "Total Cost": 18082.32,
                                                                        "Plan Rows": 180255,
                                                                        "Plan Width": 14,
                                                                        "Actual Startup Time": 0.016,
                                                                        "Actual Total Time": 60.116,
                                                                        "Actual Rows": 154134,
                                                                        "Actual Loops": 2,
                                                                        "Filter": "(info > '6.5'::text)",
                                                                        "Rows Removed by Filter": 535884
                                                                      },
                                                                      {
                                                                        "Node Type": "Hash",
                                                                        "Parent Relationship": "Inner",
                                                                        "Parallel Aware": true,
                                                                        "Startup Cost": 64784.57,
                                                                        "Total Cost": 64784.57,
                                                                        "Plan Rows": 110,
                                                                        "Plan Width": 16,
                                                                        "Actual Startup Time": 385.689,
                                                                        "Actual Total Time": 385.694,
                                                                        "Actual Rows": 10012,
                                                                        "Actual Loops": 2,
                                                                        "Hash Buckets": 32768,
                                                                        "Original Hash Buckets": 1024,
                                                                        "Hash Batches": 1,
                                                                        "Original Hash Batches": 1,
                                                                        "Peak Memory Usage": 1464,
                                                                        "Plans": [
                                                                          {
                                                                            "Node Type": "Hash Join",
                                                                            "Parent Relationship": "Outer",
                                                                            "Parallel Aware": false,
                                                                            "Join Type": "Inner",
                                                                            "Startup Cost": 6732.04,
                                                                            "Total Cost": 64784.57,
                                                                            "Plan Rows": 110,
                                                                            "Plan Width": 16,
                                                                            "Actual Startup Time": 70.1,
                                                                            "Actual Total Time": 367.631,
                                                                            "Actual Rows": 10012,
                                                                            "Actual Loops": 2,
                                                                            "Inner Unique": false,
                                                                            "Hash Cond": "(mk.movie_id = cc.movie_id)",
                                                                            "Plans": [
                                                                              {
                                                                                "Node Type": "Hash Join",
                                                                                "Parent Relationship": "Outer",
                                                                                "Parallel Aware": false,
                                                                                "Join Type": "Inner",
                                                                                "Startup Cost": 2961.6,
                                                                                "Total Cost": 61012.65,
                                                                                "Plan Rows": 79,
                                                                                "Plan Width": 4,
                                                                                "Actual Startup Time": 16.864,
                                                                                "Actual Total Time": 308.162,
                                                                                "Actual Rows": 18546,
                                                                                "Actual Loops": 2,
                                                                                "Inner Unique": true,
                                                                                "Hash Cond": "(mk.keyword_id = k.id)",
                                                                                "Plans": [
                                                                                  {
                                                                                    "Node Type": "Seq Scan",
                                                                                    "Parent Relationship": "Outer",
                                                                                    "Parallel Aware": true,
                                                                                    "Relation Name": "movie_keyword",
                                                                                    "Alias": "mk",
                                                                                    "Startup Cost": 0.0,
                                                                                    "Total Cost": 51065.35,
                                                                                    "Plan Rows": 2661135,
                                                                                    "Plan Width": 8,
                                                                                    "Actual Startup Time": 0.018,
                                                                                    "Actual Total Time": 152.081,
                                                                                    "Actual Rows": 2261965,
                                                                                    "Actual Loops": 2
                                                                                  },
                                                                                  {
                                                                                    "Node Type": "Hash",
                                                                                    "Parent Relationship": "Inner",
                                                                                    "Parallel Aware": false,
                                                                                    "Startup Cost": 2961.55,
                                                                                    "Total Cost": 2961.55,
                                                                                    "Plan Rows": 4,
                                                                                    "Plan Width": 4,
                                                                                    "Actual Startup Time": 16.734,
                                                                                    "Actual Total Time": 16.735,
                                                                                    "Actual Rows": 3,
                                                                                    "Actual Loops": 2,
                                                                                    "Hash Buckets": 1024,
                                                                                    "Original Hash Buckets": 1024,
                                                                                    "Hash Batches": 1,
                                                                                    "Original Hash Batches": 1,
                                                                                    "Peak Memory Usage": 9,
                                                                                    "Plans": [
                                                                                      {
                                                                                        "Node Type": "Seq Scan",
                                                                                        "Parent Relationship": "Outer",
                                                                                        "Parallel Aware": false,
                                                                                        "Relation Name": "keyword",
                                                                                        "Alias": "k",
                                                                                        "Startup Cost": 0.0,
                                                                                        "Total Cost": 2961.55,
                                                                                        "Plan Rows": 4,
                                                                                        "Plan Width": 4,
                                                                                        "Actual Startup Time": 0.799,
                                                                                        "Actual Total Time": 16.729,
                                                                                        "Actual Rows": 3,
                                                                                        "Actual Loops": 2,
                                                                                        "Filter": "(keyword = ANY ('{murder,murder-in-title,blood,violence}'::text[]))",
                                                                                        "Rows Removed by Filter": 134167
                                                                                      }
                                                                                    ]
                                                                                  }
                                                                                ]
                                                                              },
                                                                              {
                                                                                "Node Type": "Hash",
                                                                                "Parent Relationship": "Inner",
                                                                                "Parallel Aware": false,
                                                                                "Startup Cost": 2081.86,
                                                                                "Total Cost": 2081.86,
                                                                                "Plan Rows": 135086,
                                                                                "Plan Width": 12,
                                                                                "Actual Startup Time": 50.691,
                                                                                "Actual Total Time": 50.691,
                                                                                "Actual Rows": 135086,
                                                                                "Actual Loops": 2,
                                                                                "Hash Buckets": 262144,
                                                                                "Original Hash Buckets": 262144,
                                                                                "Hash Batches": 1,
                                                                                "Original Hash Batches": 1,
                                                                                "Peak Memory Usage": 7853,
                                                                                "Plans": [
                                                                                  {
                                                                                    "Node Type": "Seq Scan",
                                                                                    "Parent Relationship": "Outer",
                                                                                    "Parallel Aware": false,
                                                                                    "Relation Name": "complete_cast",
                                                                                    "Alias": "cc",
                                                                                    "Startup Cost": 0.0,
                                                                                    "Total Cost": 2081.86,
                                                                                    "Plan Rows": 135086,
                                                                                    "Plan Width": 12,
                                                                                    "Actual Startup Time": 0.048,
                                                                                    "Actual Total Time": 21.667,
                                                                                    "Actual Rows": 135086,
                                                                                    "Actual Loops": 2
                                                                                  }
                                                                                ]
                                                                              }
                                                                            ]
                                                                          }
                                                                        ]
                                                                      }
                                                                    ]
                                                                  },
                                                                  {
                                                                    "Node Type": "Hash",
                                                                    "Parent Relationship": "Inner",
                                                                    "Parallel Aware": false,
                                                                    "Startup Cost": 2.41,
                                                                    "Total Cost": 2.41,
                                                                    "Plan Rows": 1,
                                                                    "Plan Width": 4,
                                                                    "Actual Startup Time": 0.038,
                                                                    "Actual Total Time": 0.039,
                                                                    "Actual Rows": 1,
                                                                    "Actual Loops": 2,
                                                                    "Hash Buckets": 1024,
                                                                    "Original Hash Buckets": 1024,
                                                                    "Hash Batches": 1,
                                                                    "Original Hash Batches": 1,
                                                                    "Peak Memory Usage": 9,
                                                                    "Plans": [
                                                                      {
                                                                        "Node Type": "Seq Scan",
                                                                        "Parent Relationship": "Outer",
                                                                        "Parallel Aware": false,
                                                                        "Relation Name": "info_type",
                                                                        "Alias": "it2",
                                                                        "Startup Cost": 0.0,
                                                                        "Total Cost": 2.41,
                                                                        "Plan Rows": 1,
                                                                        "Plan Width": 4,
                                                                        "Actual Startup Time": 0.029,
                                                                        "Actual Total Time": 0.033,
                                                                        "Actual Rows": 1,
                                                                        "Actual Loops": 2,
                                                                        "Filter": "((info)::text = 'rating'::text)",
                                                                        "Rows Removed by Filter": 112
                                                                      }
                                                                    ]
                                                                  }
                                                                ]
                                                              },
                                                              {
                                                                "Node Type": "Hash",
                                                                "Parent Relationship": "Inner",
                                                                "Parallel Aware": false,
                                                                "Startup Cost": 1.05,
                                                                "Total Cost": 1.05,
                                                                "Plan Rows": 3,
                                                                "Plan Width": 4,
                                                                "Actual Startup Time": 0.02,
                                                                "Actual Total Time": 0.02,
                                                                "Actual Rows": 3,
                                                                "Actual Loops": 2,
                                                                "Hash Buckets": 1024,
                                                                "Original Hash Buckets": 1024,
                                                                "Hash Batches": 1,
                                                                "Original Hash Batches": 1,
                                                                "Peak Memory Usage": 9,
                                                                "Plans": [
                                                                  {
                                                                    "Node Type": "Seq Scan",
                                                                    "Parent Relationship": "Outer",
                                                                    "Parallel Aware": false,
                                                                    "Relation Name": "comp_cast_type",
                                                                    "Alias": "cct2",
                                                                    "Startup Cost": 0.0,
                                                                    "Total Cost": 1.05,
                                                                    "Plan Rows": 3,
                                                                    "Plan Width": 4,
                                                                    "Actual Startup Time": 0.01,
                                                                    "Actual Total Time": 0.013,
                                                                    "Actual Rows": 3,
                                                                    "Actual Loops": 2,
                                                                    "Filter": "((kind)::text <> 'complete+verified'::text)",
                                                                    "Rows Removed by Filter": 1
                                                                  }
                                                                ]
                                                              }
                                                            ]
                                                          },
                                                          {
                                                            "Node Type": "Hash",
                                                            "Parent Relationship": "Inner",
                                                            "Parallel Aware": false,
                                                            "Startup Cost": 1.05,
                                                            "Total Cost": 1.05,
                                                            "Plan Rows": 1,
                                                            "Plan Width": 4,
                                                            "Actual Startup Time": 0.03,
                                                            "Actual Total Time": 0.031,
                                                            "Actual Rows": 1,
                                                            "Actual Loops": 2,
                                                            "Hash Buckets": 1024,
                                                            "Original Hash Buckets": 1024,
                                                            "Hash Batches": 1,
                                                            "Original Hash Batches": 1,
                                                            "Peak Memory Usage": 9,
                                                            "Plans": [
                                                              {
                                                                "Node Type": "Seq Scan",
                                                                "Parent Relationship": "Outer",
                                                                "Parallel Aware": false,
                                                                "Relation Name": "comp_cast_type",
                                                                "Alias": "cct1",
                                                                "Startup Cost": 0.0,
                                                                "Total Cost": 1.05,
                                                                "Plan Rows": 1,
                                                                "Plan Width": 4,
                                                                "Actual Startup Time": 0.022,
                                                                "Actual Total Time": 0.023,
                                                                "Actual Rows": 1,
                                                                "Actual Loops": 2,
                                                                "Filter": "((kind)::text = 'crew'::text)",
                                                                "Rows Removed by Filter": 3
                                                              }
                                                            ]
                                                          }
                                                        ]
                                                      }
                                                    ]
                                                  }
                                                ]
                                              },
                                              {
                                                "Node Type": "Hash",
                                                "Parent Relationship": "Inner",
                                                "Parallel Aware": false,
                                                "Startup Cost": 1.09,
                                                "Total Cost": 1.09,
                                                "Plan Rows": 2,
                                                "Plan Width": 4,
                                                "Actual Startup Time": 0.042,
                                                "Actual Total Time": 0.043,
                                                "Actual Rows": 2,
                                                "Actual Loops": 2,
                                                "Hash Buckets": 1024,
                                                "Original Hash Buckets": 1024,
                                                "Hash Batches": 1,
                                                "Original Hash Batches": 1,
                                                "Peak Memory Usage": 9,
                                                "Plans": [
                                                  {
                                                    "Node Type": "Seq Scan",
                                                    "Parent Relationship": "Outer",
                                                    "Parallel Aware": false,
                                                    "Relation Name": "kind_type",
                                                    "Alias": "kt",
                                                    "Startup Cost": 0.0,
                                                    "Total Cost": 1.09,
                                                    "Plan Rows": 2,
                                                    "Plan Width": 4,
                                                    "Actual Startup Time": 0.032,
                                                    "Actual Total Time": 0.036,
                                                    "Actual Rows": 2,
                                                    "Actual Loops": 2,
                                                    "Filter": "((kind)::text = ANY ('{movie,episode}'::text[]))",
                                                    "Rows Removed by Filter": 5
                                                  }
                                                ]
                                              }
                                            ]
                                          }
                                        ]
                                      }
                                    ]
                                  }
                                ]
                              }
                            ]
                          },
                          {
                            "Node Type": "Hash",
                            "Parent Relationship": "Inner",
                            "Parallel Aware": false,
                            "Startup Cost": 2.41,
                            "Total Cost": 2.41,
                            "Plan Rows": 1,
                            "Plan Width": 4,
                            "Actual Startup Time": 0.059,
                            "Actual Total Time": 0.059,
                            "Actual Rows": 1,
                            "Actual Loops": 2,
                            "Hash Buckets": 1024,
                            "Original Hash Buckets": 1024,
                            "Hash Batches": 1,
                            "Original Hash Batches": 1,
                            "Peak Memory Usage": 9,
                            "Plans": [
                              {
                                "Node Type": "Seq Scan",
                                "Parent Relationship": "Outer",
                                "Parallel Aware": false,
                                "Relation Name": "info_type",
                                "Alias": "it1",
                                "Startup Cost": 0.0,
                                "Total Cost": 2.41,
                                "Plan Rows": 1,
                                "Plan Width": 4,
                                "Actual Startup Time": 0.035,
                                "Actual Total Time": 0.052,
                                "Actual Rows": 1,
                                "Actual Loops": 2,
                                "Filter": "((info)::text = 'countries'::text)",
                                "Rows Removed by Filter": 112
                              }
                            ]
                          }
                        ]
                      }
                    ]
                  }
                ]
              },
              {
                "Node Type": "Hash",
                "Parent Relationship": "Inner",
                "Parallel Aware": false,
                "Startup Cost": 1.04,
                "Total Cost": 1.04,
                "Plan Rows": 4,
                "Plan Width": 4,
                "Actual Startup Time": 0.07,
                "Actual Total Time": 0.071,
                "Actual Rows": 4,
                "Actual Loops": 2,
                "Hash Buckets": 1024,
                "Original Hash Buckets": 1024,
                "Hash Batches": 1,
                "Original Hash Batches": 1,
                "Peak Memory Usage": 9,
                "Plans": [
                  {
                    "Node Type": "Seq Scan",
                    "Parent Relationship": "Outer",
                    "Parallel Aware": false,
                    "Relation Name": "company_type",
                    "Alias": "ct",
                    "Startup Cost": 0.0,
                    "Total Cost": 1.04,
                    "Plan Rows": 4,
                    "Plan Width": 4,
                    "Actual Startup Time": 0.044,
                    "Actual Total Time": 0.047,
                    "Actual Rows": 4,
                    "Actual Loops": 2
                  }
                ]
              }
            ]
          }
        ]
      }
    ]
  },
  "Planning Time": 3.432,
  "Triggers": [],
  "Execution Time": 1775.728
}