[
    {
        "Bao": {
            "Bao prediction": 499.706,
            "Bao recommended hint": "(no hint)"
        }
    },
    {
        "Plan": {
            "Node Type": "Aggregate",
            "Strategy": "Plain",
            "Partial Mode": "Finalize",
            "Parallel Aware": false,
            "Startup Cost": 336236.05,
            "Total Cost": 336236.06,
            "Plan Rows": 1,
            "Plan Width": 8,
            "Actual Startup Time": 905.739,
            "Actual Total Time": 937.321,
            "Actual Rows": 1,
            "Actual Loops": 1,
            "Output": [
                "count(*)"
            ],
            "Plans": [
                {
                    "Node Type": "Gather",
                    "Parent Relationship": "Outer",
                    "Parallel Aware": false,
                    "Startup Cost": 336235.43,
                    "Total Cost": 336236.04,
                    "Plan Rows": 6,
                    "Plan Width": 8,
                    "Actual Startup Time": 905.656,
                    "Actual Total Time": 937.313,
                    "Actual Rows": 7,
                    "Actual Loops": 1,
                    "Output": [
                        "(PARTIAL count(*))"
                    ],
                    "Workers Planned": 6,
                    "Workers Launched": 6,
                    "Single Copy": false,
                    "Plans": [
                        {
                            "Node Type": "Aggregate",
                            "Strategy": "Plain",
                            "Partial Mode": "Partial",
                            "Parent Relationship": "Outer",
                            "Parallel Aware": false,
                            "Startup Cost": 335235.43,
                            "Total Cost": 335235.44,
                            "Plan Rows": 1,
                            "Plan Width": 8,
                            "Actual Startup Time": 896.398,
                            "Actual Total Time": 896.399,
                            "Actual Rows": 1,
                            "Actual Loops": 7,
                            "Output": [
                                "PARTIAL count(*)"
                            ],
                            "Workers": [
                                {
                                    "Worker Number": 0,
                                    "Actual Startup Time": 894.558,
                                    "Actual Total Time": 894.559,
                                    "Actual Rows": 1,
                                    "Actual Loops": 1
                                },
                                {
                                    "Worker Number": 1,
                                    "Actual Startup Time": 894.614,
                                    "Actual Total Time": 894.615,
                                    "Actual Rows": 1,
                                    "Actual Loops": 1
                                },
                                {
                                    "Worker Number": 2,
                                    "Actual Startup Time": 894.485,
                                    "Actual Total Time": 894.486,
                                    "Actual Rows": 1,
                                    "Actual Loops": 1
                                },
                                {
                                    "Worker Number": 3,
                                    "Actual Startup Time": 895.177,
                                    "Actual Total Time": 895.178,
                                    "Actual Rows": 1,
                                    "Actual Loops": 1
                                },
                                {
                                    "Worker Number": 4,
                                    "Actual Startup Time": 895.549,
                                    "Actual Total Time": 895.55,
                                    "Actual Rows": 1,
                                    "Actual Loops": 1
                                },
                                {
                                    "Worker Number": 5,
                                    "Actual Startup Time": 895.562,
                                    "Actual Total Time": 895.563,
                                    "Actual Rows": 1,
                                    "Actual Loops": 1
                                }
                            ],
                            "Plans": [
                                {
                                    "Node Type": "Seq Scan",
                                    "Parent Relationship": "Outer",
                                    "Parallel Aware": true,
                                    "Relation Name": "cast_info",
                                    "Schema": "public",
                                    "Alias": "ci",
                                    "Startup Cost": 0.0,
                                    "Total Cost": 328213.62,
                                    "Plan Rows": 2808725,
                                    "Plan Width": 0,
                                    "Actual Startup Time": 263.04,
                                    "Actual Total Time": 739.466,
                                    "Actual Rows": 2416513,
                                    "Actual Loops": 7,
                                    "Output": [
                                        "id",
                                        "person_id",
                                        "movie_id",
                                        "person_role_id",
                                        "note",
                                        "nr_order",
                                        "role_id"
                                    ],
                                    "Filter": "(ci.person_id > 1933237)",
                                    "Rows Removed by Filter": 2761250,
                                    "Workers": [
                                        {
                                            "Worker Number": 0,
                                            "Actual Startup Time": 261.218,
                                            "Actual Total Time": 741.026,
                                            "Actual Rows": 2333920,
                                            "Actual Loops": 1
                                        },
                                        {
                                            "Worker Number": 1,
                                            "Actual Startup Time": 261.246,
                                            "Actual Total Time": 741.772,
                                            "Actual Rows": 2318673,
                                            "Actual Loops": 1
                                        },
                                        {
                                            "Worker Number": 2,
                                            "Actual Startup Time": 261.141,
                                            "Actual Total Time": 742.385,
                                            "Actual Rows": 2304850,
                                            "Actual Loops": 1
                                        },
                                        {
                                            "Worker Number": 3,
                                            "Actual Startup Time": 261.798,
                                            "Actual Total Time": 741.1,
                                            "Actual Rows": 2336974,
                                            "Actual Loops": 1
                                        },
                                        {
                                            "Worker Number": 4,
                                            "Actual Startup Time": 262.187,
                                            "Actual Total Time": 741.508,
                                            "Actual Rows": 2338222,
                                            "Actual Loops": 1
                                        },
                                        {
                                            "Worker Number": 5,
                                            "Actual Startup Time": 262.22,
                                            "Actual Total Time": 741.824,
                                            "Actual Rows": 2330837,
                                            "Actual Loops": 1
                                        }
                                    ]
                                }
                            ]
                        }
                    ]
                }
            ]
        },
        "Planning Time": 517.926,
        "Triggers": [],
        "Execution Time": 937.407
    }
]