[
  {
    "Plan": {
      "Node Type": "Aggregate",
      "Strategy": "Plain",
      "Partial Mode": "Finalize",
      "Parallel Aware": false,
      "Startup Cost": 31332.1,
      "Total Cost": 31332.11,
      "Plan Rows": 1,
      "Plan Width": 8,
      "Actual Startup Time": 97.717,
      "Actual Total Time": 105.683,
      "Actual Rows": 1,
      "Actual Loops": 1,
      "Plans": [
        {
          "Node Type": "Gather",
          "Parent Relationship": "Outer",
          "Parallel Aware": false,
          "Startup Cost": 31331.79,
          "Total Cost": 31332.1,
          "Plan Rows": 3,
          "Plan Width": 8,
          "Actual Startup Time": 97.588,
          "Actual Total Time": 105.671,
          "Actual Rows": 4,
          "Actual Loops": 1,
          "Workers Planned": 3,
          "Workers Launched": 3,
          "Single Copy": false,
          "Plans": [
            {
              "Node Type": "Aggregate",
              "Strategy": "Plain",
              "Partial Mode": "Partial",
              "Parent Relationship": "Outer",
              "Parallel Aware": false,
              "Startup Cost": 30331.79,
              "Total Cost": 30331.8,
              "Plan Rows": 1,
              "Plan Width": 8,
              "Actual Startup Time": 93.882,
              "Actual Total Time": 93.884,
              "Actual Rows": 1,
              "Actual Loops": 4,
              "Plans": [
                {
                  "Node Type": "Seq Scan",
                  "Parent Relationship": "Outer",
                  "Parallel Aware": true,
                  "Relation Name": "movie_companies",
                  "Alias": "mc",
                  "Startup Cost": 0.0,
                  "Total Cost": 29310.68,
                  "Plan Rows": 408442,
                  "Plan Width": 0,
                  "Actual Startup Time": 0.018,
                  "Actual Total Time": 77.408,
                  "Actual Rows": 319653,
                  "Actual Loops": 4,
                  "Filter": "(company_id < 11209)",
                  "Rows Removed by Filter": 332630
                }
              ]
            }
          ]
        }
      ]
    },
    "Planning Time": 0.149,
    "Triggers": [],
    "Execution Time": 105.726
  }
]