[
  {
    "Plan": {
      "Node Type": "Aggregate",
      "Strategy": "Plain",
      "Partial Mode": "Finalize",
      "Parallel Aware": false,
      "Startup Cost": 31345.71,
      "Total Cost": 31345.72,
      "Plan Rows": 1,
      "Plan Width": 8,
      "Actual Startup Time": 106.757,
      "Actual Total Time": 114.565,
      "Actual Rows": 1,
      "Actual Loops": 1,
      "Plans": [
        {
          "Node Type": "Gather",
          "Parent Relationship": "Outer",
          "Parallel Aware": false,
          "Startup Cost": 31345.39,
          "Total Cost": 31345.7,
          "Plan Rows": 3,
          "Plan Width": 8,
          "Actual Startup Time": 106.63,
          "Actual Total Time": 114.555,
          "Actual Rows": 4,
          "Actual Loops": 1,
          "Workers Planned": 3,
          "Workers Launched": 3,
          "Single Copy": false,
          "Plans": [
            {
              "Node Type": "Aggregate",
              "Strategy": "Plain",
              "Partial Mode": "Partial",
              "Parent Relationship": "Outer",
              "Parallel Aware": false,
              "Startup Cost": 30345.39,
              "Total Cost": 30345.4,
              "Plan Rows": 1,
              "Plan Width": 8,
              "Actual Startup Time": 99.543,
              "Actual Total Time": 99.545,
              "Actual Rows": 1,
              "Actual Loops": 4,
              "Plans": [
                {
                  "Node Type": "Seq Scan",
                  "Parent Relationship": "Outer",
                  "Parallel Aware": true,
                  "Relation Name": "movie_companies",
                  "Alias": "mc",
                  "Startup Cost": 0.0,
                  "Total Cost": 29310.68,
                  "Plan Rows": 413883,
                  "Plan Width": 0,
                  "Actual Startup Time": 0.041,
                  "Actual Total Time": 81.017,
                  "Actual Rows": 319653,
                  "Actual Loops": 4,
                  "Filter": "(company_id < 11209)",
                  "Rows Removed by Filter": 332630
                }
              ]
            }
          ]
        }
      ]
    },
    "Planning Time": 0.199,
    "Triggers": [],
    "Execution Time": 114.631
  }
]