{
    "Plan": {
        "Node Type": "Aggregate",
        "Strategy": "Plain",
        "Partial Mode": "Finalize",
        "Parallel Aware": false,
        "Startup Cost": 62154.53,
        "Total Cost": 62154.54,
        "Plan Rows": 1,
        "Plan Width": 8,
        "Actual Startup Time": 176.771,
        "Actual Total Time": 189.32,
        "Actual Rows": 1,
        "Actual Loops": 1,
        "Output": [
            "count(*)"
        ],
        "Plans": [
            {
                "Node Type": "Gather",
                "Parent Relationship": "Outer",
                "Parallel Aware": false,
                "Startup Cost": 62154.31,
                "Total Cost": 62154.52,
                "Plan Rows": 2,
                "Plan Width": 8,
                "Actual Startup Time": 176.654,
                "Actual Total Time": 189.313,
                "Actual Rows": 3,
                "Actual Loops": 1,
                "Output": [
                    "(PARTIAL count(*))"
                ],
                "Workers Planned": 2,
                "Workers Launched": 2,
                "Single Copy": false,
                "Plans": [
                    {
                        "Node Type": "Aggregate",
                        "Strategy": "Plain",
                        "Partial Mode": "Partial",
                        "Parent Relationship": "Outer",
                        "Parallel Aware": false,
                        "Startup Cost": 61154.31,
                        "Total Cost": 61154.32,
                        "Plan Rows": 1,
                        "Plan Width": 8,
                        "Actual Startup Time": 168.931,
                        "Actual Total Time": 168.934,
                        "Actual Rows": 1,
                        "Actual Loops": 3,
                        "Output": [
                            "PARTIAL count(*)"
                        ],
                        "Workers": [
                            {
                                "Worker Number": 0,
                                "Actual Startup Time": 165.381,
                                "Actual Total Time": 165.383,
                                "Actual Rows": 1,
                                "Actual Loops": 1
                            },
                            {
                                "Worker Number": 1,
                                "Actual Startup Time": 165.404,
                                "Actual Total Time": 165.407,
                                "Actual Rows": 1,
                                "Actual Loops": 1
                            }
                        ],
                        "Plans": [
                            {
                                "Node Type": "Hash Join",
                                "Parent Relationship": "Outer",
                                "Parallel Aware": true,
                                "Join Type": "Inner",
                                "Startup Cost": 45527.11,
                                "Total Cost": 61151.42,
                                "Plan Rows": 1158,
                                "Plan Width": 0,
                                "Actual Startup Time": 117.845,
                                "Actual Total Time": 168.885,
                                "Actual Rows": 728,
                                "Actual Loops": 3,
                                "Inner Unique": true,
                                "Hash Cond": "(mi_idx.movie_id = t.id)",
                                "Workers": [
                                    {
                                        "Worker Number": 0,
                                        "Actual Startup Time": 114.589,
                                        "Actual Total Time": 165.333,
                                        "Actual Rows": 705,
                                        "Actual Loops": 1
                                    },
                                    {
                                        "Worker Number": 1,
                                        "Actual Startup Time": 114.144,
                                        "Actual Total Time": 165.356,
                                        "Actual Rows": 685,
                                        "Actual Loops": 1
                                    }
                                ],
                                "Plans": [
                                    {
                                        "Node Type": "Seq Scan",
                                        "Parent Relationship": "Outer",
                                        "Parallel Aware": true,
                                        "Relation Name": "movie_info_idx",
                                        "Schema": "public",
                                        "Alias": "mi_idx",
                                        "Startup Cost": 0.0,
                                        "Total Cost": 15122.68,
                                        "Plan Rows": 191097,
                                        "Plan Width": 4,
                                        "Actual Startup Time": 0.011,
                                        "Actual Total Time": 36.584,
                                        "Actual Rows": 153308,
                                        "Actual Loops": 3,
                                        "Output": [
                                            "mi_idx.id",
                                            "mi_idx.movie_id",
                                            "mi_idx.info_type_id",
                                            "mi_idx.info",
                                            "mi_idx.note"
                                        ],
                                        "Filter": "(mi_idx.info_type_id = 101)",
                                        "Rows Removed by Filter": 306703,
                                        "Workers": [
                                            {
                                                "Worker Number": 0,
                                                "Actual Startup Time": 0.012,
                                                "Actual Total Time": 36.722,
                                                "Actual Rows": 145340,
                                                "Actual Loops": 1
                                            },
                                            {
                                                "Worker Number": 1,
                                                "Actual Startup Time": 0.011,
                                                "Actual Total Time": 36.646,
                                                "Actual Rows": 143325,
                                                "Actual Loops": 1
                                            }
                                        ]
                                    },
                                    {
                                        "Node Type": "Hash",
                                        "Parent Relationship": "Inner",
                                        "Parallel Aware": true,
                                        "Startup Cost": 45479.21,
                                        "Total Cost": 45479.21,
                                        "Plan Rows": 3832,
                                        "Plan Width": 4,
                                        "Actual Startup Time": 116.366,
                                        "Actual Total Time": 116.367,
                                        "Actual Rows": 5416,
                                        "Actual Loops": 3,
                                        "Output": [
                                            "t.id"
                                        ],
                                        "Hash Buckets": 16384,
                                        "Original Hash Buckets": 16384,
                                        "Hash Batches": 1,
                                        "Original Hash Batches": 1,
                                        "Peak Memory Usage": 800,
                                        "Workers": [
                                            {
                                                "Worker Number": 0,
                                                "Actual Startup Time": 113.222,
                                                "Actual Total Time": 113.223,
                                                "Actual Rows": 4572,
                                                "Actual Loops": 1
                                            },
                                            {
                                                "Worker Number": 1,
                                                "Actual Startup Time": 113.23,
                                                "Actual Total Time": 113.231,
                                                "Actual Rows": 4466,
                                                "Actual Loops": 1
                                            }
                                        ],
                                        "Plans": [
                                            {
                                                "Node Type": "Seq Scan",
                                                "Parent Relationship": "Outer",
                                                "Parallel Aware": true,
                                                "Relation Name": "title",
                                                "Schema": "public",
                                                "Alias": "t",
                                                "Startup Cost": 0.0,
                                                "Total Cost": 45479.21,
                                                "Plan Rows": 3832,
                                                "Plan Width": 4,
                                                "Actual Startup Time": 0.08,
                                                "Actual Total Time": 113.74,
                                                "Actual Rows": 5416,
                                                "Actual Loops": 3,
                                                "Output": [
                                                    "t.id"
                                                ],
                                                "Filter": "((t.kind_id = 7) AND (t.production_year = 1993))",
                                                "Rows Removed by Filter": 837355,
                                                "Workers": [
                                                    {
                                                        "Worker Number": 0,
                                                        "Actual Startup Time": 0.147,
                                                        "Actual Total Time": 110.559,
                                                        "Actual Rows": 4572,
                                                        "Actual Loops": 1
                                                    },
                                                    {
                                                        "Worker Number": 1,
                                                        "Actual Startup Time": 0.055,
                                                        "Actual Total Time": 110.595,
                                                        "Actual Rows": 4466,
                                                        "Actual Loops": 1
                                                    }
                                                ]
                                            }
                                        ]
                                    }
                                ]
                            }
                        ]
                    }
                ]
            }
        ]
    },
    "Planning Time": 0.725,
    "Triggers": [],
    "Execution Time": 189.394
}