{
  "Plan": {
    "Node Type": "Gather",
    "Parallel Aware": false,
    "Startup Cost": 63025.17,
    "Total Cost": 110410.92,
    "Plan Rows": 262758,
    "Plan Width": 4,
    "Actual Startup Time": 1456.933,
    "Actual Total Time": 1836.379,
    "Actual Rows": 259406,
    "Actual Loops": 1,
    "Workers Planned": 3,
    "Workers Launched": 0,
    "Single Copy": false,
    "Plans": [
      {
        "Node Type": "Hash Join",
        "Parent Relationship": "Outer",
        "Parallel Aware": false,
        "Join Type": "Inner",
        "Startup Cost": 62025.17,
        "Total Cost": 83135.12,
        "Plan Rows": 84761,
        "Plan Width": 4,
        "Actual Startup Time": 1456.512,
        "Actual Total Time": 1791.496,
        "Actual Rows": 259406,
        "Actual Loops": 1,
        "Inner Unique": true,
        "Hash Cond": "(t.kind_id = kt.id)",
        "Plans": [
          {
            "Node Type": "Hash Join",
            "Parent Relationship": "Outer",
            "Parallel Aware": true,
            "Join Type": "Inner",
            "Startup Cost": 62024.01,
            "Total Cost": 82776.75,
            "Plan Rows": 84761,
            "Plan Width": 8,
            "Actual Startup Time": 1456.48,
            "Actual Total Time": 1757.646,
            "Actual Rows": 259406,
            "Actual Loops": 1,
            "Inner Unique": true,
            "Hash Cond": "(mc.movie_id = t.id)",
            "Plans": [
              {
                "Node Type": "Hash Join",
                "Parent Relationship": "Outer",
                "Parallel Aware": false,
                "Join Type": "Inner",
                "Startup Cost": 11803.15,
                "Total Cost": 32333.4,
                "Plan Rows": 84761,
                "Plan Width": 8,
                "Actual Startup Time": 102.985,
                "Actual Total Time": 245.221,
                "Actual Rows": 259406,
                "Actual Loops": 1,
                "Inner Unique": true,
                "Hash Cond": "(mc.company_type_id = ct.id)",
                "Plans": [
                  {
                    "Node Type": "Hash Join",
                    "Parent Relationship": "Outer",
                    "Parallel Aware": true,
                    "Join Type": "Inner",
                    "Startup Cost": 11802.06,
                    "Total Cost": 31874.07,
                    "Plan Rows": 84761,
                    "Plan Width": 12,
                    "Actual Startup Time": 102.932,
                    "Actual Total Time": 209.518,
                    "Actual Rows": 259406,
                    "Actual Loops": 1,
                    "Inner Unique": true,
                    "Hash Cond": "(mc.company_id = cn.id)",
                    "Plans": [
                      {
                        "Node Type": "Bitmap Heap Scan",
                        "Parent Relationship": "Outer",
                        "Parallel Aware": true,
                        "Relation Name": "movie_companies",
                        "Alias": "mc",
                        "Startup Cost": 5696.8,
                        "Total Cost": 25546.31,
                        "Plan Rows": 84761,
                        "Plan Width": 12,
                        "Actual Startup Time": 15.068,
                        "Actual Total Time": 76.174,
                        "Actual Rows": 259406,
                        "Actual Loops": 1,
                        "Recheck Cond": "(company_id < 133)",
                        "Rows Removed by Index Recheck": 0,
                        "Exact Heap Blocks": 17059,
                        "Lossy Heap Blocks": 0,
                        "Plans": [
                          {
                            "Node Type": "Bitmap Index Scan",
                            "Parent Relationship": "Outer",
                            "Parallel Aware": false,
                            "Index Name": "company_id_movie_companies",
                            "Startup Cost": 0.0,
                            "Total Cost": 5631.11,
                            "Plan Rows": 262758,
                            "Plan Width": 0,
                            "Actual Startup Time": 12.442,
                            "Actual Total Time": 12.443,
                            "Actual Rows": 259406,
                            "Actual Loops": 1,
                            "Index Cond": "(company_id < 133)"
                          }
                        ]
                      },
                      {
                        "Node Type": "Hash",
                        "Parent Relationship": "Inner",
                        "Parallel Aware": true,
                        "Startup Cost": 4377.34,
                        "Total Cost": 4377.34,
                        "Plan Rows": 138234,
                        "Plan Width": 4,
                        "Actual Startup Time": 86.343,
                        "Actual Total Time": 86.344,
                        "Actual Rows": 234997,
                        "Actual Loops": 1,
                        "Hash Buckets": 262144,
                        "Original Hash Buckets": 262144,
                        "Hash Batches": 1,
                        "Original Hash Batches": 1,
                        "Peak Memory Usage": 11264,
                        "Plans": [
                          {
                            "Node Type": "Seq Scan",
                            "Parent Relationship": "Outer",
                            "Parallel Aware": true,
                            "Relation Name": "company_name",
                            "Alias": "cn",
                            "Startup Cost": 0.0,
                            "Total Cost": 4377.34,
                            "Plan Rows": 138234,
                            "Plan Width": 4,
                            "Actual Startup Time": 0.009,
                            "Actual Total Time": 31.192,
                            "Actual Rows": 234997,
                            "Actual Loops": 1
                          }
                        ]
                      }
                    ]
                  },
                  {
                    "Node Type": "Hash",
                    "Parent Relationship": "Inner",
                    "Parallel Aware": false,
                    "Startup Cost": 1.04,
                    "Total Cost": 1.04,
                    "Plan Rows": 4,
                    "Plan Width": 4,
                    "Actual Startup Time": 0.018,
                    "Actual Total Time": 0.019,
                    "Actual Rows": 4,
                    "Actual Loops": 1,
                    "Hash Buckets": 1024,
                    "Original Hash Buckets": 1024,
                    "Hash Batches": 1,
                    "Original Hash Batches": 1,
                    "Peak Memory Usage": 9,
                    "Plans": [
                      {
                        "Node Type": "Seq Scan",
                        "Parent Relationship": "Outer",
                        "Parallel Aware": false,
                        "Relation Name": "company_type",
                        "Alias": "ct",
                        "Startup Cost": 0.0,
                        "Total Cost": 1.04,
                        "Plan Rows": 4,
                        "Plan Width": 4,
                        "Actual Startup Time": 0.01,
                        "Actual Total Time": 0.011,
                        "Actual Rows": 4,
                        "Actual Loops": 1
                      }
                    ]
                  }
                ]
              },
              {
                "Node Type": "Hash",
                "Parent Relationship": "Inner",
                "Parallel Aware": true,
                "Startup Cost": 42319.27,
                "Total Cost": 42319.27,
                "Plan Rows": 632127,
                "Plan Width": 8,
                "Actual Startup Time": 1302.557,
                "Actual Total Time": 1302.558,
                "Actual Rows": 2528312,
                "Actual Loops": 1,
                "Hash Buckets": 4194304,
                "Original Hash Buckets": 4194304,
                "Hash Batches": 1,
                "Original Hash Batches": 1,
                "Peak Memory Usage": 131680,
                "Plans": [
                  {
                    "Node Type": "Seq Scan",
                    "Parent Relationship": "Outer",
                    "Parallel Aware": true,
                    "Relation Name": "title",
                    "Alias": "t",
                    "Startup Cost": 0.0,
                    "Total Cost": 42319.27,
                    "Plan Rows": 632127,
                    "Plan Width": 8,
                    "Actual Startup Time": 0.026,
                    "Actual Total Time": 373.962,
                    "Actual Rows": 2528312,
                    "Actual Loops": 1
                  }
                ]
              }
            ]
          },
          {
            "Node Type": "Hash",
            "Parent Relationship": "Inner",
            "Parallel Aware": false,
            "Startup Cost": 1.07,
            "Total Cost": 1.07,
            "Plan Rows": 7,
            "Plan Width": 4,
            "Actual Startup Time": 0.017,
            "Actual Total Time": 0.018,
            "Actual Rows": 7,
            "Actual Loops": 1,
            "Hash Buckets": 1024,
            "Original Hash Buckets": 1024,
            "Hash Batches": 1,
            "Original Hash Batches": 1,
            "Peak Memory Usage": 9,
            "Plans": [
              {
                "Node Type": "Seq Scan",
                "Parent Relationship": "Outer",
                "Parallel Aware": false,
                "Relation Name": "kind_type",
                "Alias": "kt",
                "Startup Cost": 0.0,
                "Total Cost": 1.07,
                "Plan Rows": 7,
                "Plan Width": 4,
                "Actual Startup Time": 0.01,
                "Actual Total Time": 0.011,
                "Actual Rows": 7,
                "Actual Loops": 1
              }
            ]
          }
        ]
      }
    ]
  },
  "Planning Time": 0.456,
  "Triggers": [],
  "Execution Time": 1845.332
}