{
  "Plan": {
    "Node Type": "Aggregate",
    "Strategy": "Plain",
    "Partial Mode": "Finalize",
    "Parallel Aware": false,
    "Startup Cost": 173139.82,
    "Total Cost": 173139.83,
    "Plan Rows": 1,
    "Plan Width": 8,
    "Actual Startup Time": 1617.885,
    "Actual Total Time": 1683.993,
    "Actual Rows": 1,
    "Actual Loops": 1,
    "Plans": [
      {
        "Node Type": "Gather",
        "Parent Relationship": "Outer",
        "Parallel Aware": false,
        "Startup Cost": 173139.71,
        "Total Cost": 173139.82,
        "Plan Rows": 1,
        "Plan Width": 8,
        "Actual Startup Time": 1616.224,
        "Actual Total Time": 1683.986,
        "Actual Rows": 2,
        "Actual Loops": 1,
        "Workers Planned": 1,
        "Workers Launched": 1,
        "Single Copy": false,
        "Plans": [
          {
            "Node Type": "Aggregate",
            "Strategy": "Plain",
            "Partial Mode": "Partial",
            "Parent Relationship": "Outer",
            "Parallel Aware": false,
            "Startup Cost": 172139.71,
            "Total Cost": 172139.72,
            "Plan Rows": 1,
            "Plan Width": 8,
            "Actual Startup Time": 1609.803,
            "Actual Total Time": 1609.806,
            "Actual Rows": 1,
            "Actual Loops": 2,
            "Plans": [
              {
                "Node Type": "Nested Loop",
                "Parent Relationship": "Outer",
                "Parallel Aware": false,
                "Join Type": "Inner",
                "Startup Cost": 66227.23,
                "Total Cost": 171804.26,
                "Plan Rows": 134178,
                "Plan Width": 0,
                "Actual Startup Time": 263.867,
                "Actual Total Time": 1499.52,
                "Actual Rows": 2601914,
                "Actual Loops": 2,
                "Inner Unique": false,
                "Plans": [
                  {
                    "Node Type": "Hash Join",
                    "Parent Relationship": "Outer",
                    "Parallel Aware": true,
                    "Join Type": "Inner",
                    "Startup Cost": 66226.8,
                    "Total Cost": 92571.12,
                    "Plan Rows": 22947,
                    "Plan Width": 8,
                    "Actual Startup Time": 263.807,
                    "Actual Total Time": 359.197,
                    "Actual Rows": 67147,
                    "Actual Loops": 2,
                    "Inner Unique": true,
                    "Hash Cond": "(mk.movie_id = t.id)",
                    "Plans": [
                      {
                        "Node Type": "Bitmap Heap Scan",
                        "Parent Relationship": "Outer",
                        "Parallel Aware": true,
                        "Relation Name": "movie_keyword",
                        "Alias": "mk",
                        "Startup Cost": 4507.04,
                        "Total Cost": 30523.29,
                        "Plan Rows": 124980,
                        "Plan Width": 4,
                        "Actual Startup Time": 20.094,
                        "Actual Total Time": 68.703,
                        "Actual Rows": 111054,
                        "Actual Loops": 2,
                        "Recheck Cond": "(keyword_id < 178)",
                        "Rows Removed by Index Recheck": 0,
                        "Exact Heap Blocks": 12804,
                        "Lossy Heap Blocks": 0,
                        "Plans": [
                          {
                            "Node Type": "Bitmap Index Scan",
                            "Parent Relationship": "Outer",
                            "Parallel Aware": false,
                            "Index Name": "keyword_id_movie_keyword",
                            "Startup Cost": 0.0,
                            "Total Cost": 4453.93,
                            "Plan Rows": 212466,
                            "Plan Width": 0,
                            "Actual Startup Time": 16.295,
                            "Actual Total Time": 16.295,
                            "Actual Rows": 222109,
                            "Actual Loops": 1,
                            "Index Cond": "(keyword_id < 178)"
                          }
                        ]
                      },
                      {
                        "Node Type": "Hash",
                        "Parent Relationship": "Inner",
                        "Parallel Aware": true,
                        "Startup Cost": 58306.47,
                        "Total Cost": 58306.47,
                        "Plan Rows": 273063,
                        "Plan Width": 4,
                        "Actual Startup Time": 238.269,
                        "Actual Total Time": 238.27,
                        "Actual Rows": 278746,
                        "Actual Loops": 2,
                        "Hash Buckets": 1048576,
                        "Original Hash Buckets": 524288,
                        "Hash Batches": 1,
                        "Original Hash Batches": 1,
                        "Peak Memory Usage": 34112,
                        "Plans": [
                          {
                            "Node Type": "Seq Scan",
                            "Parent Relationship": "Outer",
                            "Parallel Aware": true,
                            "Relation Name": "title",
                            "Alias": "t",
                            "Startup Cost": 0.0,
                            "Total Cost": 58306.47,
                            "Plan Rows": 273063,
                            "Plan Width": 4,
                            "Actual Startup Time": 0.059,
                            "Actual Total Time": 164.313,
                            "Actual Rows": 278746,
                            "Actual Loops": 2,
                            "Filter": "((kind_id < 7) AND (production_year < 2003))",
                            "Rows Removed by Filter": 985410
                          }
                        ]
                      }
                    ]
                  },
                  {
                    "Node Type": "Index Only Scan",
                    "Parent Relationship": "Inner",
                    "Parallel Aware": false,
                    "Scan Direction": "Forward",
                    "Index Name": "movie_id_movie_info",
                    "Relation Name": "movie_info",
                    "Alias": "mi",
                    "Startup Cost": 0.43,
                    "Total Cost": 3.03,
                    "Plan Rows": 42,
                    "Plan Width": 4,
                    "Actual Startup Time": 0.004,
                    "Actual Total Time": 0.014,
                    "Actual Rows": 39,
                    "Actual Loops": 134294,
                    "Index Cond": "(movie_id = t.id)",
                    "Rows Removed by Index Recheck": 0,
                    "Heap Fetches": 5203829
                  }
                ]
              }
            ]
          }
        ]
      }
    ]
  },
  "Planning Time": 0.931,
  "Triggers": [],
  "Execution Time": 1684.116
}