[
  {
    "Plan": {
      "Node Type": "Aggregate",
      "Strategy": "Plain",
      "Partial Mode": "Finalize",
      "Parallel Aware": false,
      "Startup Cost": 102278.33,
      "Total Cost": 102278.34,
      "Plan Rows": 1,
      "Plan Width": 8,
      "Actual Startup Time": 257.961,
      "Actual Total Time": 272.099,
      "Actual Rows": 1,
      "Actual Loops": 1,
      "Plans": [
        {
          "Node Type": "Gather",
          "Parent Relationship": "Outer",
          "Parallel Aware": false,
          "Startup Cost": 102278.12,
          "Total Cost": 102278.33,
          "Plan Rows": 2,
          "Plan Width": 8,
          "Actual Startup Time": 257.095,
          "Actual Total Time": 272.09,
          "Actual Rows": 3,
          "Actual Loops": 1,
          "Workers Planned": 2,
          "Workers Launched": 2,
          "Single Copy": false,
          "Plans": [
            {
              "Node Type": "Aggregate",
              "Strategy": "Plain",
              "Partial Mode": "Partial",
              "Parent Relationship": "Outer",
              "Parallel Aware": false,
              "Startup Cost": 101278.12,
              "Total Cost": 101278.13,
              "Plan Rows": 1,
              "Plan Width": 8,
              "Actual Startup Time": 248.58,
              "Actual Total Time": 248.584,
              "Actual Rows": 1,
              "Actual Loops": 3,
              "Plans": [
                {
                  "Node Type": "Nested Loop",
                  "Parent Relationship": "Outer",
                  "Parallel Aware": false,
                  "Join Type": "Inner",
                  "Startup Cost": 46222.46,
                  "Total Cost": 101197.32,
                  "Plan Rows": 32317,
                  "Plan Width": 0,
                  "Actual Startup Time": 152.718,
                  "Actual Total Time": 247.76,
                  "Actual Rows": 15777,
                  "Actual Loops": 3,
                  "Inner Unique": false,
                  "Join Filter": "(t.id = mk.movie_id)",
                  "Rows Removed by Join Filter": 0,
                  "Plans": [
                    {
                      "Node Type": "Hash Join",
                      "Parent Relationship": "Outer",
                      "Parallel Aware": true,
                      "Join Type": "Inner",
                      "Startup Cost": 46222.02,
                      "Total Cost": 61848.9,
                      "Plan Rows": 18061,
                      "Plan Width": 8,
                      "Actual Startup Time": 152.192,
                      "Actual Total Time": 228.245,
                      "Actual Rows": 6105,
                      "Actual Loops": 3,
                      "Inner Unique": true,
                      "Hash Cond": "(mi_idx.movie_id = t.id)",
                      "Plans": [
                        {
                          "Node Type": "Seq Scan",
                          "Parent Relationship": "Outer",
                          "Parallel Aware": true,
                          "Relation Name": "movie_info_idx",
                          "Alias": "mi_idx",
                          "Startup Cost": 0.0,
                          "Total Cost": 15122.68,
                          "Plan Rows": 192074,
                          "Plan Width": 4,
                          "Actual Startup Time": 0.028,
                          "Actual Total Time": 41.076,
                          "Actual Rows": 153395,
                          "Actual Loops": 3,
                          "Filter": "(info_type_id > 100)",
                          "Rows Removed by Filter": 306617
                        },
                        {
                          "Node Type": "Hash",
                          "Parent Relationship": "Inner",
                          "Parallel Aware": true,
                          "Startup Cost": 45479.1,
                          "Total Cost": 45479.1,
                          "Plan Rows": 59434,
                          "Plan Width": 4,
                          "Actual Startup Time": 149.287,
                          "Actual Total Time": 149.287,
                          "Actual Rows": 85635,
                          "Actual Loops": 3,
                          "Hash Buckets": 262144,
                          "Original Hash Buckets": 262144,
                          "Hash Batches": 1,
                          "Original Hash Batches": 1,
                          "Peak Memory Usage": 12128,
                          "Plans": [
                            {
                              "Node Type": "Seq Scan",
                              "Parent Relationship": "Outer",
                              "Parallel Aware": true,
                              "Relation Name": "title",
                              "Alias": "t",
                              "Startup Cost": 0.0,
                              "Total Cost": 45479.1,
                              "Plan Rows": 59434,
                              "Plan Width": 4,
                              "Actual Startup Time": 0.036,
                              "Actual Total Time": 119.974,
                              "Actual Rows": 85635,
                              "Actual Loops": 3,
                              "Filter": "((production_year > 2010) AND (kind_id = 7))",
                              "Rows Removed by Filter": 757135
                            }
                          ]
                        }
                      ]
                    },
                    {
                      "Node Type": "Index Only Scan",
                      "Parent Relationship": "Inner",
                      "Parallel Aware": false,
                      "Scan Direction": "Forward",
                      "Index Name": "movie_id_movie_keyword",
                      "Relation Name": "movie_keyword",
                      "Alias": "mk",
                      "Startup Cost": 0.43,
                      "Total Cost": 1.62,
                      "Plan Rows": 45,
                      "Plan Width": 4,
                      "Actual Startup Time": 0.002,
                      "Actual Total Time": 0.003,
                      "Actual Rows": 3,
                      "Actual Loops": 18315,
                      "Index Cond": "(movie_id = mi_idx.movie_id)",
                      "Rows Removed by Index Recheck": 0,
                      "Heap Fetches": 47330
                    }
                  ]
                }
              ]
            }
          ]
        }
      ]
    },
    "Planning Time": 1.304,
    "Triggers": [],
    "Execution Time": 272.185
  }
]