[
  {
    "Plan": {
      "Node Type": "Aggregate",
      "Strategy": "Plain",
      "Partial Mode": "Simple",
      "Parallel Aware": false,
      "Startup Cost": 21730.02,
      "Total Cost": 21730.03,
      "Plan Rows": 1,
      "Plan Width": 8,
      "Actual Startup Time": 36.861,
      "Actual Total Time": 36.862,
      "Actual Rows": 1,
      "Actual Loops": 1,
      "Plans": [
        {
          "Node Type": "Bitmap Heap Scan",
          "Parent Relationship": "Outer",
          "Parallel Aware": false,
          "Relation Name": "movie_companies",
          "Alias": "mc",
          "Startup Cost": 1737.65,
          "Total Cost": 21529.63,
          "Plan Rows": 80158,
          "Plan Width": 0,
          "Actual Startup Time": 9.028,
          "Actual Total Time": 30.748,
          "Actual Rows": 80082,
          "Actual Loops": 1,
          "Recheck Cond": "(company_id > 170019)",
          "Rows Removed by Index Recheck": 0,
          "Exact Heap Blocks": 2730,
          "Lossy Heap Blocks": 0,
          "Plans": [
            {
              "Node Type": "Bitmap Index Scan",
              "Parent Relationship": "Outer",
              "Parallel Aware": false,
              "Index Name": "company_id_movie_companies",
              "Startup Cost": 0.0,
              "Total Cost": 1717.62,
              "Plan Rows": 80158,
              "Plan Width": 0,
              "Actual Startup Time": 8.228,
              "Actual Total Time": 8.228,
              "Actual Rows": 80082,
              "Actual Loops": 1,
              "Index Cond": "(company_id > 170019)"
            }
          ]
        }
      ]
    },
    "Planning Time": 0.159,
    "Triggers": [],
    "Execution Time": 36.914
  }
]