[
  {
    "Plan": {
      "Node Type": "Aggregate",
      "Strategy": "Plain",
      "Partial Mode": "Finalize",
      "Parallel Aware": false,
      "Startup Cost": 396580.85,
      "Total Cost": 396580.86,
      "Plan Rows": 1,
      "Plan Width": 8,
      "Actual Startup Time": 2089.239,
      "Actual Total Time": 2138.139,
      "Actual Rows": 1,
      "Actual Loops": 1,
      "Plans": [
        {
          "Node Type": "Gather",
          "Parent Relationship": "Outer",
          "Parallel Aware": false,
          "Startup Cost": 396580.23,
          "Total Cost": 396580.84,
          "Plan Rows": 6,
          "Plan Width": 8,
          "Actual Startup Time": 2082.215,
          "Actual Total Time": 2138.129,
          "Actual Rows": 7,
          "Actual Loops": 1,
          "Workers Planned": 6,
          "Workers Launched": 6,
          "Single Copy": false,
          "Plans": [
            {
              "Node Type": "Aggregate",
              "Strategy": "Plain",
              "Partial Mode": "Partial",
              "Parent Relationship": "Outer",
              "Parallel Aware": false,
              "Startup Cost": 395580.23,
              "Total Cost": 395580.24,
              "Plan Rows": 1,
              "Plan Width": 8,
              "Actual Startup Time": 2072.834,
              "Actual Total Time": 2072.837,
              "Actual Rows": 1,
              "Actual Loops": 7,
              "Plans": [
                {
                  "Node Type": "Hash Join",
                  "Parent Relationship": "Outer",
                  "Parallel Aware": true,
                  "Join Type": "Inner",
                  "Startup Cost": 46609.23,
                  "Total Cost": 390468.91,
                  "Plan Rows": 2044525,
                  "Plan Width": 0,
                  "Actual Startup Time": 159.566,
                  "Actual Total Time": 2004.12,
                  "Actual Rows": 1656872,
                  "Actual Loops": 7,
                  "Inner Unique": true,
                  "Hash Cond": "(ci.movie_id = t.id)",
                  "Plans": [
                    {
                      "Node Type": "Seq Scan",
                      "Parent Relationship": "Outer",
                      "Parallel Aware": true,
                      "Relation Name": "cast_info",
                      "Alias": "ci",
                      "Startup Cost": 0.0,
                      "Total Cost": 328211.39,
                      "Plan Rows": 5961244,
                      "Plan Width": 4,
                      "Actual Startup Time": 7.454,
                      "Actual Total Time": 620.175,
                      "Actual Rows": 5105626,
                      "Actual Loops": 7,
                      "Filter": "(person_id > 56075)",
                      "Rows Removed by Filter": 72137
                    },
                    {
                      "Node Type": "Hash",
                      "Parent Relationship": "Inner",
                      "Parallel Aware": true,
                      "Startup Cost": 43899.32,
                      "Total Cost": 43899.32,
                      "Plan Rows": 216793,
                      "Plan Width": 4,
                      "Actual Startup Time": 149.525,
                      "Actual Total Time": 149.527,
                      "Actual Rows": 126521,
                      "Actual Loops": 7,
                      "Hash Buckets": 1048576,
                      "Original Hash Buckets": 1048576,
                      "Hash Batches": 1,
                      "Original Hash Batches": 1,
                      "Peak Memory Usage": 42976,
                      "Plans": [
                        {
                          "Node Type": "Seq Scan",
                          "Parent Relationship": "Outer",
                          "Parallel Aware": true,
                          "Relation Name": "title",
                          "Alias": "t",
                          "Startup Cost": 0.0,
                          "Total Cost": 43899.32,
                          "Plan Rows": 216793,
                          "Plan Width": 4,
                          "Actual Startup Time": 0.043,
                          "Actual Total Time": 85.211,
                          "Actual Rows": 126521,
                          "Actual Loops": 7,
                          "Filter": "(production_year < 1997)",
                          "Rows Removed by Filter": 234666
                        }
                      ]
                    }
                  ]
                }
              ]
            }
          ]
        }
      ]
    },
    "Planning Time": 0.255,
    "Triggers": [],
    "Execution Time": 2138.192
  }
]