[
  {
    "Plan": {
      "Node Type": "Aggregate",
      "Strategy": "Plain",
      "Partial Mode": "Finalize",
      "Parallel Aware": false,
      "Startup Cost": 209092.79,
      "Total Cost": 209092.8,
      "Plan Rows": 1,
      "Plan Width": 64,
      "Actual Startup Time": 4030.749,
      "Actual Total Time": 4086.136,
      "Actual Rows": 1,
      "Actual Loops": 1,
      "Plans": [
        {
          "Node Type": "Gather",
          "Parent Relationship": "Outer",
          "Parallel Aware": false,
          "Startup Cost": 209092.36,
          "Total Cost": 209092.77,
          "Plan Rows": 4,
          "Plan Width": 64,
          "Actual Startup Time": 3977.938,
          "Actual Total Time": 4086.111,
          "Actual Rows": 5,
          "Actual Loops": 1,
          "Workers Planned": 4,
          "Workers Launched": 4,
          "Single Copy": false,
          "Plans": [
            {
              "Node Type": "Aggregate",
              "Strategy": "Plain",
              "Partial Mode": "Partial",
              "Parent Relationship": "Outer",
              "Parallel Aware": false,
              "Startup Cost": 208092.36,
              "Total Cost": 208092.37,
              "Plan Rows": 1,
              "Plan Width": 64,
              "Actual Startup Time": 3985.884,
              "Actual Total Time": 3985.895,
              "Actual Rows": 1,
              "Actual Loops": 5,
              "Plans": [
                {
                  "Node Type": "Nested Loop",
                  "Parent Relationship": "Outer",
                  "Parallel Aware": false,
                  "Join Type": "Inner",
                  "Startup Cost": 136382.0,
                  "Total Cost": 208077.49,
                  "Plan Rows": 2973,
                  "Plan Width": 32,
                  "Actual Startup Time": 2227.414,
                  "Actual Total Time": 3964.784,
                  "Actual Rows": 228852,
                  "Actual Loops": 5,
                  "Inner Unique": false,
                  "Join Filter": "(n.id = an.person_id)",
                  "Rows Removed by Join Filter": 0,
                  "Plans": [
                    {
                      "Node Type": "Nested Loop",
                      "Parent Relationship": "Outer",
                      "Parallel Aware": false,
                      "Join Type": "Inner",
                      "Startup Cost": 136381.58,
                      "Total Cost": 207449.81,
                      "Plan Rows": 1239,
                      "Plan Width": 40,
                      "Actual Startup Time": 2226.533,
                      "Actual Total Time": 3754.354,
                      "Actual Rows": 100616,
                      "Actual Loops": 5,
                      "Inner Unique": true,
                      "Plans": [
                        {
                          "Node Type": "Nested Loop",
                          "Parent Relationship": "Outer",
                          "Parallel Aware": false,
                          "Join Type": "Inner",
                          "Startup Cost": 136381.15,
                          "Total Cost": 205930.02,
                          "Plan Rows": 3408,
                          "Plan Width": 44,
                          "Actual Startup Time": 2224.993,
                          "Actual Total Time": 2952.811,
                          "Actual Rows": 404429,
                          "Actual Loops": 5,
                          "Inner Unique": false,
                          "Join Filter": "(t.id = mc.movie_id)",
                          "Rows Removed by Join Filter": 0,
                          "Plans": [
                            {
                              "Node Type": "Nested Loop",
                              "Parent Relationship": "Outer",
                              "Parallel Aware": false,
                              "Join Type": "Inner",
                              "Startup Cost": 136380.73,
                              "Total Cost": 205539.84,
                              "Plan Rows": 664,
                              "Plan Width": 52,
                              "Actual Startup Time": 2224.246,
                              "Actual Total Time": 2765.879,
                              "Actual Rows": 37566,
                              "Actual Loops": 5,
                              "Inner Unique": true,
                              "Plans": [
                                {
                                  "Node Type": "Hash Join",
                                  "Parent Relationship": "Outer",
                                  "Parallel Aware": false,
                                  "Join Type": "Inner",
                                  "Startup Cost": 136380.3,
                                  "Total Cost": 205195.95,
                                  "Plan Rows": 664,
                                  "Plan Width": 56,
                                  "Actual Startup Time": 2224.131,
                                  "Actual Total Time": 2645.436,
                                  "Actual Rows": 41609,
                                  "Actual Loops": 5,
                                  "Inner Unique": true,
                                  "Hash Cond": "(mi.info_type_id = it.id)",
                                  "Plans": [
                                    {
                                      "Node Type": "Nested Loop",
                                      "Parent Relationship": "Outer",
                                      "Parallel Aware": false,
                                      "Join Type": "Inner",
                                      "Startup Cost": 136377.87,
                                      "Total Cost": 204989.17,
                                      "Plan Rows": 75037,
                                      "Plan Width": 60,
                                      "Actual Startup Time": 2223.725,
                                      "Actual Total Time": 2623.942,
                                      "Actual Rows": 186096,
                                      "Actual Loops": 5,
                                      "Inner Unique": false,
                                      "Join Filter": "(t.id = mi.movie_id)",
                                      "Rows Removed by Join Filter": 0,
                                      "Plans": [
                                        {
                                          "Node Type": "Nested Loop",
                                          "Parent Relationship": "Outer",
                                          "Parallel Aware": false,
                                          "Join Type": "Inner",
                                          "Startup Cost": 136377.43,
                                          "Total Cost": 194584.08,
                                          "Plan Rows": 5244,
                                          "Plan Width": 52,
                                          "Actual Startup Time": 2223.648,
                                          "Actual Total Time": 2444.736,
                                          "Actual Rows": 17670,
                                          "Actual Loops": 5,
                                          "Inner Unique": true,
                                          "Plans": [
                                            {
                                              "Node Type": "Hash Join",
                                              "Parent Relationship": "Outer",
                                              "Parallel Aware": false,
                                              "Join Type": "Inner",
                                              "Startup Cost": 136377.01,
                                              "Total Cost": 182080.82,
                                              "Plan Rows": 22558,
                                              "Plan Width": 33,
                                              "Actual Startup Time": 2223.545,
                                              "Actual Total Time": 2365.606,
                                              "Actual Rows": 17686,
                                              "Actual Loops": 5,
                                              "Inner Unique": false,
                                              "Hash Cond": "(t.id = ci.movie_id)",
                                              "Plans": [
                                                {
                                                  "Node Type": "Seq Scan",
                                                  "Parent Relationship": "Outer",
                                                  "Parallel Aware": true,
                                                  "Relation Name": "title",
                                                  "Alias": "t",
                                                  "Startup Cost": 0.0,
                                                  "Total Cost": 43899.32,
                                                  "Plan Rows": 252626,
                                                  "Plan Width": 21,
                                                  "Actual Startup Time": 0.049,
                                                  "Actual Total Time": 67.719,
                                                  "Actual Rows": 202584,
                                                  "Actual Loops": 5,
                                                  "Filter": "(production_year > 2005)",
                                                  "Rows Removed by Filter": 303078
                                                },
                                                {
                                                  "Node Type": "Hash",
                                                  "Parent Relationship": "Inner",
                                                  "Parallel Aware": false,
                                                  "Startup Cost": 133554.88,
                                                  "Total Cost": 133554.88,
                                                  "Plan Rows": 225770,
                                                  "Plan Width": 12,
                                                  "Actual Startup Time": 2220.787,
                                                  "Actual Total Time": 2220.79,
                                                  "Actual Rows": 222759,
                                                  "Actual Loops": 5,
                                                  "Hash Buckets": 262144,
                                                  "Original Hash Buckets": 262144,
                                                  "Hash Batches": 1,
                                                  "Original Hash Batches": 1,
                                                  "Peak Memory Usage": 11544,
                                                  "Plans": [
                                                    {
                                                      "Node Type": "Nested Loop",
                                                      "Parent Relationship": "Outer",
                                                      "Parallel Aware": false,
                                                      "Join Type": "Inner",
                                                      "Startup Cost": 0.56,
                                                      "Total Cost": 133554.88,
                                                      "Plan Rows": 225770,
                                                      "Plan Width": 12,
                                                      "Actual Startup Time": 0.593,
                                                      "Actual Total Time": 2142.25,
                                                      "Actual Rows": 222759,
                                                      "Actual Loops": 5,
                                                      "Inner Unique": false,
                                                      "Plans": [
                                                        {
                                                          "Node Type": "Seq Scan",
                                                          "Parent Relationship": "Outer",
                                                          "Parallel Aware": false,
                                                          "Relation Name": "role_type",
                                                          "Alias": "rt",
                                                          "Startup Cost": 0.0,
                                                          "Total Cost": 1.15,
                                                          "Plan Rows": 1,
                                                          "Plan Width": 4,
                                                          "Actual Startup Time": 0.058,
                                                          "Actual Total Time": 0.063,
                                                          "Actual Rows": 1,
                                                          "Actual Loops": 5,
                                                          "Filter": "((role)::text = 'actress'::text)",
                                                          "Rows Removed by Filter": 11
                                                        },
                                                        {
                                                          "Node Type": "Index Scan",
                                                          "Parent Relationship": "Inner",
                                                          "Parallel Aware": false,
                                                          "Scan Direction": "Forward",
                                                          "Index Name": "role_id_cast_info",
                                                          "Relation Name": "cast_info",
                                                          "Alias": "ci",
                                                          "Startup Cost": 0.56,
                                                          "Total Cost": 131090.79,
                                                          "Plan Rows": 246294,
                                                          "Plan Width": 16,
                                                          "Actual Startup Time": 0.528,
                                                          "Actual Total Time": 2116.229,
                                                          "Actual Rows": 222759,
                                                          "Actual Loops": 5,
                                                          "Index Cond": "(role_id = rt.id)",
                                                          "Rows Removed by Index Recheck": 0,
                                                          "Filter": "(note = ANY ('{(writer),(producer),(voice),\"(as Fergie)\"}'::text[]))",
                                                          "Rows Removed by Filter": 7229214
                                                        }
                                                      ]
                                                    }
                                                  ]
                                                }
                                              ]
                                            },
                                            {
                                              "Node Type": "Index Scan",
                                              "Parent Relationship": "Inner",
                                              "Parallel Aware": false,
                                              "Scan Direction": "Forward",
                                              "Index Name": "name_pkey",
                                              "Relation Name": "name",
                                              "Alias": "n",
                                              "Startup Cost": 0.43,
                                              "Total Cost": 0.55,
                                              "Plan Rows": 1,
                                              "Plan Width": 19,
                                              "Actual Startup Time": 0.004,
                                              "Actual Total Time": 0.004,
                                              "Actual Rows": 1,
                                              "Actual Loops": 88432,
                                              "Index Cond": "(id = ci.person_id)",
                                              "Rows Removed by Index Recheck": 0,
                                              "Filter": "((gender)::text = 'f'::text)",
                                              "Rows Removed by Filter": 0
                                            }
                                          ]
                                        },
                                        {
                                          "Node Type": "Index Scan",
                                          "Parent Relationship": "Inner",
                                          "Parallel Aware": false,
                                          "Scan Direction": "Forward",
                                          "Index Name": "movie_id_movie_info",
                                          "Relation Name": "movie_info",
                                          "Alias": "mi",
                                          "Startup Cost": 0.43,
                                          "Total Cost": 1.47,
                                          "Plan Rows": 41,
                                          "Plan Width": 8,
                                          "Actual Startup Time": 0.004,
                                          "Actual Total Time": 0.008,
                                          "Actual Rows": 11,
                                          "Actual Loops": 88350,
                                          "Index Cond": "(movie_id = ci.movie_id)",
                                          "Rows Removed by Index Recheck": 0
                                        }
                                      ]
                                    },
                                    {
                                      "Node Type": "Hash",
                                      "Parent Relationship": "Inner",
                                      "Parallel Aware": false,
                                      "Startup Cost": 2.41,
                                      "Total Cost": 2.41,
                                      "Plan Rows": 1,
                                      "Plan Width": 4,
                                      "Actual Startup Time": 0.089,
                                      "Actual Total Time": 0.09,
                                      "Actual Rows": 1,
                                      "Actual Loops": 5,
                                      "Hash Buckets": 1024,
                                      "Original Hash Buckets": 1024,
                                      "Hash Batches": 1,
                                      "Original Hash Batches": 1,
                                      "Peak Memory Usage": 9,
                                      "Plans": [
                                        {
                                          "Node Type": "Seq Scan",
                                          "Parent Relationship": "Outer",
                                          "Parallel Aware": false,
                                          "Relation Name": "info_type",
                                          "Alias": "it",
                                          "Startup Cost": 0.0,
                                          "Total Cost": 2.41,
                                          "Plan Rows": 1,
                                          "Plan Width": 4,
                                          "Actual Startup Time": 0.052,
                                          "Actual Total Time": 0.067,
                                          "Actual Rows": 1,
                                          "Actual Loops": 5,
                                          "Filter": "((info)::text = 'release dates'::text)",
                                          "Rows Removed by Filter": 112
                                        }
                                      ]
                                    }
                                  ]
                                },
                                {
                                  "Node Type": "Index Only Scan",
                                  "Parent Relationship": "Inner",
                                  "Parallel Aware": false,
                                  "Scan Direction": "Forward",
                                  "Index Name": "char_name_pkey",
                                  "Relation Name": "char_name",
                                  "Alias": "chn",
                                  "Startup Cost": 0.43,
                                  "Total Cost": 0.52,
                                  "Plan Rows": 1,
                                  "Plan Width": 4,
                                  "Actual Startup Time": 0.003,
                                  "Actual Total Time": 0.003,
                                  "Actual Rows": 1,
                                  "Actual Loops": 208045,
                                  "Index Cond": "(id = ci.person_role_id)",
                                  "Rows Removed by Index Recheck": 0,
                                  "Heap Fetches": 187832
                                }
                              ]
                            },
                            {
                              "Node Type": "Index Scan",
                              "Parent Relationship": "Inner",
                              "Parallel Aware": false,
                              "Scan Direction": "Forward",
                              "Index Name": "movie_id_movie_companies",
                              "Relation Name": "movie_companies",
                              "Alias": "mc",
                              "Startup Cost": 0.43,
                              "Total Cost": 0.53,
                              "Plan Rows": 5,
                              "Plan Width": 8,
                              "Actual Startup Time": 0.002,
                              "Actual Total Time": 0.003,
                              "Actual Rows": 11,
                              "Actual Loops": 187832,
                              "Index Cond": "(movie_id = mi.movie_id)",
                              "Rows Removed by Index Recheck": 0
                            }
                          ]
                        },
                        {
                          "Node Type": "Index Scan",
                          "Parent Relationship": "Inner",
                          "Parallel Aware": false,
                          "Scan Direction": "Forward",
                          "Index Name": "company_name_pkey",
                          "Relation Name": "company_name",
                          "Alias": "cn",
                          "Startup Cost": 0.42,
                          "Total Cost": 0.45,
                          "Plan Rows": 1,
                          "Plan Width": 4,
                          "Actual Startup Time": 0.002,
                          "Actual Total Time": 0.002,
                          "Actual Rows": 0,
                          "Actual Loops": 2022143,
                          "Index Cond": "(id = mc.company_id)",
                          "Rows Removed by Index Recheck": 0,
                          "Filter": "((country_code)::text = '[us]'::text)",
                          "Rows Removed by Filter": 1
                        }
                      ]
                    },
                    {
                      "Node Type": "Index Only Scan",
                      "Parent Relationship": "Inner",
                      "Parallel Aware": false,
                      "Scan Direction": "Forward",
                      "Index Name": "person_id_aka_name",
                      "Relation Name": "aka_name",
                      "Alias": "an",
                      "Startup Cost": 0.42,
                      "Total Cost": 0.48,
                      "Plan Rows": 2,
                      "Plan Width": 4,
                      "Actual Startup Time": 0.001,
                      "Actual Total Time": 0.002,
                      "Actual Rows": 2,
                      "Actual Loops": 503078,
                      "Index Cond": "(person_id = ci.person_id)",
                      "Rows Removed by Index Recheck": 0,
                      "Heap Fetches": 1144260
                    }
                  ]
                }
              ]
            }
          ]
        }
      ]
    },
    "Planning Time": 43.069,
    "Triggers": [],
    "Execution Time": 4087.175
  }
]