[
    {
        "Bao": {
            "Bao prediction": "NaN",
            "Bao recommended hint": "(no hint)"
        }
    },
    {
        "Plan": {
            "Node Type": "Aggregate",
            "Strategy": "Plain",
            "Partial Mode": "Finalize",
            "Parallel Aware": false,
            "Startup Cost": 333094.11,
            "Total Cost": 333094.12,
            "Plan Rows": 1,
            "Plan Width": 8,
            "Actual Startup Time": 273.867,
            "Actual Total Time": 281.412,
            "Actual Rows": 1,
            "Actual Loops": 1,
            "Output": [
                "count(*)"
            ],
            "Plans": [
                {
                    "Node Type": "Gather",
                    "Parent Relationship": "Outer",
                    "Parallel Aware": false,
                    "Startup Cost": 333093.49,
                    "Total Cost": 333094.1,
                    "Plan Rows": 6,
                    "Plan Width": 8,
                    "Actual Startup Time": 272.923,
                    "Actual Total Time": 281.404,
                    "Actual Rows": 7,
                    "Actual Loops": 1,
                    "Output": [
                        "(PARTIAL count(*))"
                    ],
                    "Workers Planned": 6,
                    "Workers Launched": 6,
                    "Single Copy": false,
                    "Plans": [
                        {
                            "Node Type": "Aggregate",
                            "Strategy": "Plain",
                            "Partial Mode": "Partial",
                            "Parent Relationship": "Outer",
                            "Parallel Aware": false,
                            "Startup Cost": 332093.49,
                            "Total Cost": 332093.5,
                            "Plan Rows": 1,
                            "Plan Width": 8,
                            "Actual Startup Time": 262.629,
                            "Actual Total Time": 262.631,
                            "Actual Rows": 1,
                            "Actual Loops": 7,
                            "Output": [
                                "PARTIAL count(*)"
                            ],
                            "Workers": [
                                {
                                    "Worker Number": 0,
                                    "Actual Startup Time": 260.399,
                                    "Actual Total Time": 260.4,
                                    "Actual Rows": 1,
                                    "Actual Loops": 1
                                },
                                {
                                    "Worker Number": 1,
                                    "Actual Startup Time": 260.514,
                                    "Actual Total Time": 260.516,
                                    "Actual Rows": 1,
                                    "Actual Loops": 1
                                },
                                {
                                    "Worker Number": 2,
                                    "Actual Startup Time": 260.715,
                                    "Actual Total Time": 260.717,
                                    "Actual Rows": 1,
                                    "Actual Loops": 1
                                },
                                {
                                    "Worker Number": 3,
                                    "Actual Startup Time": 260.965,
                                    "Actual Total Time": 260.967,
                                    "Actual Rows": 1,
                                    "Actual Loops": 1
                                },
                                {
                                    "Worker Number": 4,
                                    "Actual Startup Time": 261.566,
                                    "Actual Total Time": 261.568,
                                    "Actual Rows": 1,
                                    "Actual Loops": 1
                                },
                                {
                                    "Worker Number": 5,
                                    "Actual Startup Time": 261.852,
                                    "Actual Total Time": 261.853,
                                    "Actual Rows": 1,
                                    "Actual Loops": 1
                                }
                            ],
                            "Plans": [
                                {
                                    "Node Type": "Bitmap Heap Scan",
                                    "Parent Relationship": "Outer",
                                    "Parallel Aware": true,
                                    "Relation Name": "cast_info",
                                    "Schema": "public",
                                    "Alias": "ci",
                                    "Startup Cost": 70309.16,
                                    "Total Cost": 330972.07,
                                    "Plan Rows": 448566,
                                    "Plan Width": 0,
                                    "Actual Startup Time": 134.108,
                                    "Actual Total Time": 260.73,
                                    "Actual Rows": 17602,
                                    "Actual Loops": 7,
                                    "Recheck Cond": "(ci.person_id > 3464880)",
                                    "Rows Removed by Index Recheck": 0,
                                    "Filter": "(ci.role_id < 9)",
                                    "Rows Removed by Filter": 445665,
                                    "Exact Heap Blocks": 11447,
                                    "Lossy Heap Blocks": 0,
                                    "Workers": [
                                        {
                                            "Worker Number": 0,
                                            "Actual Startup Time": 132.469,
                                            "Actual Total Time": 258.65,
                                            "Actual Rows": 9640,
                                            "Actual Loops": 1
                                        },
                                        {
                                            "Worker Number": 1,
                                            "Actual Startup Time": 132.48,
                                            "Actual Total Time": 258.624,
                                            "Actual Rows": 10699,
                                            "Actual Loops": 1
                                        },
                                        {
                                            "Worker Number": 2,
                                            "Actual Startup Time": 131.896,
                                            "Actual Total Time": 258.95,
                                            "Actual Rows": 10313,
                                            "Actual Loops": 1
                                        },
                                        {
                                            "Worker Number": 3,
                                            "Actual Startup Time": 132.665,
                                            "Actual Total Time": 259.186,
                                            "Actual Rows": 10133,
                                            "Actual Loops": 1
                                        },
                                        {
                                            "Worker Number": 4,
                                            "Actual Startup Time": 133.057,
                                            "Actual Total Time": 259.705,
                                            "Actual Rows": 10638,
                                            "Actual Loops": 1
                                        },
                                        {
                                            "Worker Number": 5,
                                            "Actual Startup Time": 133.027,
                                            "Actual Total Time": 259.919,
                                            "Actual Rows": 11498,
                                            "Actual Loops": 1
                                        }
                                    ],
                                    "Plans": [
                                        {
                                            "Node Type": "Bitmap Index Scan",
                                            "Parent Relationship": "Outer",
                                            "Parallel Aware": false,
                                            "Index Name": "person_id_cast_info",
                                            "Startup Cost": 0.0,
                                            "Total Cost": 69636.31,
                                            "Plan Rows": 3190366,
                                            "Plan Width": 0,
                                            "Actual Startup Time": 135.665,
                                            "Actual Total Time": 135.665,
                                            "Actual Rows": 3242871,
                                            "Actual Loops": 1,
                                            "Index Cond": "(ci.person_id > 3464880)"
                                        }
                                    ]
                                }
                            ]
                        }
                    ]
                }
            ]
        },
        "Planning Time": 220.54,
        "Triggers": [],
        "Execution Time": 281.491
    }
]