[
  {
    "Plan": {
      "Node Type": "Aggregate",
      "Strategy": "Plain",
      "Partial Mode": "Finalize",
      "Parallel Aware": false,
      "Startup Cost": 376731.43,
      "Total Cost": 376731.44,
      "Plan Rows": 1,
      "Plan Width": 8,
      "Actual Startup Time": 1536.441,
      "Actual Total Time": 1601.617,
      "Actual Rows": 1,
      "Actual Loops": 1,
      "Plans": [
        {
          "Node Type": "Gather",
          "Parent Relationship": "Outer",
          "Parallel Aware": false,
          "Startup Cost": 376730.8,
          "Total Cost": 376731.41,
          "Plan Rows": 6,
          "Plan Width": 8,
          "Actual Startup Time": 1534.598,
          "Actual Total Time": 1601.602,
          "Actual Rows": 7,
          "Actual Loops": 1,
          "Workers Planned": 6,
          "Workers Launched": 6,
          "Single Copy": false,
          "Plans": [
            {
              "Node Type": "Aggregate",
              "Strategy": "Plain",
              "Partial Mode": "Partial",
              "Parent Relationship": "Outer",
              "Parallel Aware": false,
              "Startup Cost": 375730.8,
              "Total Cost": 375730.81,
              "Plan Rows": 1,
              "Plan Width": 8,
              "Actual Startup Time": 1524.152,
              "Actual Total Time": 1524.155,
              "Actual Rows": 1,
              "Actual Loops": 7,
              "Plans": [
                {
                  "Node Type": "Hash Join",
                  "Parent Relationship": "Outer",
                  "Parallel Aware": true,
                  "Join Type": "Inner",
                  "Startup Cost": 45937.75,
                  "Total Cost": 374854.55,
                  "Plan Rows": 350503,
                  "Plan Width": 0,
                  "Actual Startup Time": 102.844,
                  "Actual Total Time": 1496.142,
                  "Actual Rows": 512473,
                  "Actual Loops": 7,
                  "Inner Unique": true,
                  "Hash Cond": "(ci.movie_id = t.id)",
                  "Plans": [
                    {
                      "Node Type": "Seq Scan",
                      "Parent Relationship": "Outer",
                      "Parallel Aware": true,
                      "Relation Name": "cast_info",
                      "Alias": "ci",
                      "Startup Cost": 0.0,
                      "Total Cost": 313067.02,
                      "Plan Rows": 6038002,
                      "Plan Width": 4,
                      "Actual Startup Time": 0.019,
                      "Actual Total Time": 580.766,
                      "Actual Rows": 5177763,
                      "Actual Loops": 7
                    },
                    {
                      "Node Type": "Hash",
                      "Parent Relationship": "Inner",
                      "Parallel Aware": true,
                      "Startup Cost": 45479.1,
                      "Total Cost": 45479.1,
                      "Plan Rows": 36692,
                      "Plan Width": 4,
                      "Actual Startup Time": 101.06,
                      "Actual Total Time": 101.061,
                      "Actual Rows": 41019,
                      "Actual Loops": 7,
                      "Hash Buckets": 524288,
                      "Original Hash Buckets": 262144,
                      "Hash Batches": 1,
                      "Original Hash Batches": 1,
                      "Peak Memory Usage": 17440,
                      "Plans": [
                        {
                          "Node Type": "Seq Scan",
                          "Parent Relationship": "Outer",
                          "Parallel Aware": true,
                          "Relation Name": "title",
                          "Alias": "t",
                          "Startup Cost": 0.0,
                          "Total Cost": 45479.1,
                          "Plan Rows": 36692,
                          "Plan Width": 4,
                          "Actual Startup Time": 49.74,
                          "Actual Total Time": 79.417,
                          "Actual Rows": 41019,
                          "Actual Loops": 7,
                          "Filter": "((production_year < 1984) AND (kind_id = 1))",
                          "Rows Removed by Filter": 320168
                        }
                      ]
                    }
                  ]
                }
              ]
            }
          ]
        }
      ]
    },
    "Planning Time": 0.658,
    "Triggers": [],
    "Execution Time": 1601.705
  }
]