[
  {
    "Plan": {
      "Node Type": "Aggregate",
      "Strategy": "Plain",
      "Partial Mode": "Finalize",
      "Parallel Aware": false,
      "Startup Cost": 29354.55,
      "Total Cost": 29354.56,
      "Plan Rows": 1,
      "Plan Width": 8,
      "Actual Startup Time": 49.871,
      "Actual Total Time": 53.46,
      "Actual Rows": 1,
      "Actual Loops": 1,
      "Plans": [
        {
          "Node Type": "Gather",
          "Parent Relationship": "Outer",
          "Parallel Aware": false,
          "Startup Cost": 29354.33,
          "Total Cost": 29354.54,
          "Plan Rows": 2,
          "Plan Width": 8,
          "Actual Startup Time": 49.751,
          "Actual Total Time": 53.454,
          "Actual Rows": 3,
          "Actual Loops": 1,
          "Workers Planned": 2,
          "Workers Launched": 2,
          "Single Copy": false,
          "Plans": [
            {
              "Node Type": "Aggregate",
              "Strategy": "Plain",
              "Partial Mode": "Partial",
              "Parent Relationship": "Outer",
              "Parallel Aware": false,
              "Startup Cost": 28354.33,
              "Total Cost": 28354.34,
              "Plan Rows": 1,
              "Plan Width": 8,
              "Actual Startup Time": 41.504,
              "Actual Total Time": 41.506,
              "Actual Rows": 1,
              "Actual Loops": 3,
              "Plans": [
                {
                  "Node Type": "Nested Loop",
                  "Parent Relationship": "Outer",
                  "Parallel Aware": false,
                  "Join Type": "Inner",
                  "Startup Cost": 160.35,
                  "Total Cost": 28347.5,
                  "Plan Rows": 2732,
                  "Plan Width": 0,
                  "Actual Startup Time": 2.186,
                  "Actual Total Time": 40.58,
                  "Actual Rows": 10130,
                  "Actual Loops": 3,
                  "Inner Unique": false,
                  "Plans": [
                    {
                      "Node Type": "Nested Loop",
                      "Parent Relationship": "Outer",
                      "Parallel Aware": false,
                      "Join Type": "Inner",
                      "Startup Cost": 159.92,
                      "Total Cost": 25687.12,
                      "Plan Rows": 1527,
                      "Plan Width": 8,
                      "Actual Startup Time": 2.034,
                      "Actual Total Time": 24.979,
                      "Actual Rows": 2607,
                      "Actual Loops": 3,
                      "Inner Unique": true,
                      "Plans": [
                        {
                          "Node Type": "Bitmap Heap Scan",
                          "Parent Relationship": "Outer",
                          "Parallel Aware": true,
                          "Relation Name": "movie_companies",
                          "Alias": "mc",
                          "Startup Cost": 159.49,
                          "Total Cost": 14114.38,
                          "Plan Rows": 1527,
                          "Plan Width": 4,
                          "Actual Startup Time": 1.849,
                          "Actual Total Time": 3.962,
                          "Actual Rows": 2607,
                          "Actual Loops": 3,
                          "Recheck Cond": "(company_id = 424)",
                          "Rows Removed by Index Recheck": 0,
                          "Filter": "(company_type_id = 2)",
                          "Rows Removed by Filter": 138,
                          "Exact Heap Blocks": 754,
                          "Lossy Heap Blocks": 0,
                          "Plans": [
                            {
                              "Node Type": "Bitmap Index Scan",
                              "Parent Relationship": "Outer",
                              "Parallel Aware": false,
                              "Index Name": "company_id_movie_companies",
                              "Startup Cost": 0.0,
                              "Total Cost": 158.57,
                              "Plan Rows": 7219,
                              "Plan Width": 0,
                              "Actual Startup Time": 3.789,
                              "Actual Total Time": 3.789,
                              "Actual Rows": 8235,
                              "Actual Loops": 1,
                              "Index Cond": "(company_id = 424)"
                            }
                          ]
                        },
                        {
                          "Node Type": "Index Only Scan",
                          "Parent Relationship": "Inner",
                          "Parallel Aware": false,
                          "Scan Direction": "Forward",
                          "Index Name": "title_pkey",
                          "Relation Name": "title",
                          "Alias": "t",
                          "Startup Cost": 0.43,
                          "Total Cost": 7.58,
                          "Plan Rows": 1,
                          "Plan Width": 4,
                          "Actual Startup Time": 0.007,
                          "Actual Total Time": 0.007,
                          "Actual Rows": 1,
                          "Actual Loops": 7822,
                          "Index Cond": "(id = mc.movie_id)",
                          "Rows Removed by Index Recheck": 0,
                          "Heap Fetches": 7822
                        }
                      ]
                    },
                    {
                      "Node Type": "Index Only Scan",
                      "Parent Relationship": "Inner",
                      "Parallel Aware": false,
                      "Scan Direction": "Forward",
                      "Index Name": "movie_id_movie_keyword",
                      "Relation Name": "movie_keyword",
                      "Alias": "mk",
                      "Startup Cost": 0.43,
                      "Total Cost": 1.29,
                      "Plan Rows": 45,
                      "Plan Width": 4,
                      "Actual Startup Time": 0.004,
                      "Actual Total Time": 0.005,
                      "Actual Rows": 4,
                      "Actual Loops": 7822,
                      "Index Cond": "(movie_id = t.id)",
                      "Rows Removed by Index Recheck": 0,
                      "Heap Fetches": 30390
                    }
                  ]
                }
              ]
            }
          ]
        }
      ]
    },
    "Planning Time": 1.453,
    "Triggers": [],
    "Execution Time": 53.556
  }
]