{
  "Plan": {
    "Node Type": "Aggregate",
    "Strategy": "Plain",
    "Partial Mode": "Finalize",
    "Parallel Aware": false,
    "Startup Cost": 85363.46,
    "Total Cost": 85363.47,
    "Plan Rows": 1,
    "Plan Width": 8,
    "Actual Startup Time": 321.187,
    "Actual Total Time": 333.891,
    "Actual Rows": 1,
    "Actual Loops": 1,
    "Plans": [
      {
        "Node Type": "Gather",
        "Parent Relationship": "Outer",
        "Parallel Aware": false,
        "Startup Cost": 85363.35,
        "Total Cost": 85363.46,
        "Plan Rows": 1,
        "Plan Width": 8,
        "Actual Startup Time": 320.896,
        "Actual Total Time": 333.87,
        "Actual Rows": 2,
        "Actual Loops": 1,
        "Workers Planned": 1,
        "Workers Launched": 1,
        "Single Copy": false,
        "Plans": [
          {
            "Node Type": "Aggregate",
            "Strategy": "Plain",
            "Partial Mode": "Partial",
            "Parent Relationship": "Outer",
            "Parallel Aware": false,
            "Startup Cost": 84363.35,
            "Total Cost": 84363.36,
            "Plan Rows": 1,
            "Plan Width": 8,
            "Actual Startup Time": 314.765,
            "Actual Total Time": 314.769,
            "Actual Rows": 1,
            "Actual Loops": 2,
            "Plans": [
              {
                "Node Type": "Hash Join",
                "Parent Relationship": "Outer",
                "Parallel Aware": true,
                "Join Type": "Inner",
                "Startup Cost": 20510.9,
                "Total Cost": 84295.82,
                "Plan Rows": 27010,
                "Plan Width": 0,
                "Actual Startup Time": 32.734,
                "Actual Total Time": 313.446,
                "Actual Rows": 23563,
                "Actual Loops": 2,
                "Inner Unique": false,
                "Hash Cond": "(t.id = mc.movie_id)",
                "Plans": [
                  {
                    "Node Type": "Seq Scan",
                    "Parent Relationship": "Outer",
                    "Parallel Aware": true,
                    "Relation Name": "title",
                    "Alias": "t",
                    "Startup Cost": 0.0,
                    "Total Cost": 54588.39,
                    "Plan Rows": 1446024,
                    "Plan Width": 4,
                    "Actual Startup Time": 0.012,
                    "Actual Total Time": 155.845,
                    "Actual Rows": 1228109,
                    "Actual Loops": 2,
                    "Filter": "(production_year > 0)",
                    "Rows Removed by Filter": 36047
                  },
                  {
                    "Node Type": "Hash",
                    "Parent Relationship": "Inner",
                    "Parallel Aware": true,
                    "Startup Cost": 20163.67,
                    "Total Cost": 20163.67,
                    "Plan Rows": 27779,
                    "Plan Width": 4,
                    "Actual Startup Time": 31.404,
                    "Actual Total Time": 31.406,
                    "Actual Rows": 23626,
                    "Actual Loops": 2,
                    "Hash Buckets": 65536,
                    "Original Hash Buckets": 65536,
                    "Hash Batches": 1,
                    "Original Hash Batches": 1,
                    "Peak Memory Usage": 2400,
                    "Plans": [
                      {
                        "Node Type": "Bitmap Heap Scan",
                        "Parent Relationship": "Outer",
                        "Parallel Aware": true,
                        "Relation Name": "movie_companies",
                        "Alias": "mc",
                        "Startup Cost": 1026.42,
                        "Total Cost": 20163.67,
                        "Plan Rows": 27779,
                        "Plan Width": 4,
                        "Actual Startup Time": 5.228,
                        "Actual Total Time": 22.871,
                        "Actual Rows": 23626,
                        "Actual Loops": 2,
                        "Recheck Cond": "(company_id = 19)",
                        "Rows Removed by Index Recheck": 0,
                        "Exact Heap Blocks": 4029,
                        "Lossy Heap Blocks": 0,
                        "Plans": [
                          {
                            "Node Type": "Bitmap Index Scan",
                            "Parent Relationship": "Outer",
                            "Parallel Aware": false,
                            "Index Name": "company_id_movie_companies",
                            "Startup Cost": 0.0,
                            "Total Cost": 1014.62,
                            "Plan Rows": 47225,
                            "Plan Width": 0,
                            "Actual Startup Time": 7.934,
                            "Actual Total Time": 7.935,
                            "Actual Rows": 47252,
                            "Actual Loops": 1,
                            "Index Cond": "(company_id = 19)"
                          }
                        ]
                      }
                    ]
                  }
                ]
              }
            ]
          }
        ]
      }
    ]
  },
  "Planning Time": 0.455,
  "Triggers": [],
  "Execution Time": 333.987
}