{
  "Plan": {
    "Node Type": "Aggregate",
    "Strategy": "Plain",
    "Partial Mode": "Finalize",
    "Parallel Aware": false,
    "Startup Cost": 340746.21,
    "Total Cost": 340746.22,
    "Plan Rows": 1,
    "Plan Width": 64,
    "Actual Startup Time": 2240.017,
    "Actual Total Time": 2280.299,
    "Actual Rows": 1,
    "Actual Loops": 1,
    "Plans": [
      {
        "Node Type": "Gather",
        "Parent Relationship": "Outer",
        "Parallel Aware": false,
        "Startup Cost": 340745.99,
        "Total Cost": 340746.2,
        "Plan Rows": 2,
        "Plan Width": 64,
        "Actual Startup Time": 2239.35,
        "Actual Total Time": 2280.288,
        "Actual Rows": 3,
        "Actual Loops": 1,
        "Workers Planned": 2,
        "Workers Launched": 2,
        "Single Copy": false,
        "Plans": [
          {
            "Node Type": "Aggregate",
            "Strategy": "Plain",
            "Partial Mode": "Partial",
            "Parent Relationship": "Outer",
            "Parallel Aware": false,
            "Startup Cost": 339745.99,
            "Total Cost": 339746.0,
            "Plan Rows": 1,
            "Plan Width": 64,
            "Actual Startup Time": 2229.593,
            "Actual Total Time": 2229.615,
            "Actual Rows": 1,
            "Actual Loops": 3,
            "Plans": [
              {
                "Node Type": "Hash Join",
                "Parent Relationship": "Outer",
                "Parallel Aware": true,
                "Join Type": "Inner",
                "Startup Cost": 334612.46,
                "Total Cost": 339745.76,
                "Plan Rows": 46,
                "Plan Width": 60,
                "Actual Startup Time": 2201.293,
                "Actual Total Time": 2229.563,
                "Actual Rows": 263,
                "Actual Loops": 3,
                "Inner Unique": false,
                "Hash Cond": "(k.id = mk.keyword_id)",
                "Plans": [
                  {
                    "Node Type": "Index Only Scan",
                    "Parent Relationship": "Outer",
                    "Parallel Aware": true,
                    "Scan Direction": "Forward",
                    "Index Name": "keyword_pkey",
                    "Relation Name": "keyword",
                    "Alias": "k",
                    "Startup Cost": 0.42,
                    "Total Cost": 4225.09,
                    "Plan Rows": 55904,
                    "Plan Width": 4,
                    "Actual Startup Time": 0.186,
                    "Actual Total Time": 24.601,
                    "Actual Rows": 44723,
                    "Actual Loops": 3,
                    "Heap Fetches": 134170
                  },
                  {
                    "Node Type": "Hash",
                    "Parent Relationship": "Inner",
                    "Parallel Aware": true,
                    "Startup Cost": 334611.46,
                    "Total Cost": 334611.46,
                    "Plan Rows": 46,
                    "Plan Width": 64,
                    "Actual Startup Time": 2200.511,
                    "Actual Total Time": 2200.532,
                    "Actual Rows": 263,
                    "Actual Loops": 3,
                    "Hash Buckets": 1024,
                    "Original Hash Buckets": 1024,
                    "Hash Batches": 1,
                    "Original Hash Batches": 1,
                    "Peak Memory Usage": 104,
                    "Plans": [
                      {
                        "Node Type": "Hash Join",
                        "Parent Relationship": "Outer",
                        "Parallel Aware": true,
                        "Join Type": "Inner",
                        "Startup Cost": 326348.52,
                        "Total Cost": 334611.46,
                        "Plan Rows": 46,
                        "Plan Width": 64,
                        "Actual Startup Time": 2174.801,
                        "Actual Total Time": 2200.361,
                        "Actual Rows": 263,
                        "Actual Loops": 3,
                        "Inner Unique": false,
                        "Hash Cond": "(at.movie_id = t.id)",
                        "Plans": [
                          {
                            "Node Type": "Seq Scan",
                            "Parent Relationship": "Outer",
                            "Parallel Aware": true,
                            "Relation Name": "aka_title",
                            "Alias": "at",
                            "Startup Cost": 0.0,
                            "Total Cost": 7698.13,
                            "Plan Rows": 150613,
                            "Plan Width": 4,
                            "Actual Startup Time": 0.039,
                            "Actual Total Time": 19.375,
                            "Actual Rows": 120491,
                            "Actual Loops": 3
                          },
                          {
                            "Node Type": "Hash",
                            "Parent Relationship": "Inner",
                            "Parallel Aware": true,
                            "Startup Cost": 326348.35,
                            "Total Cost": 326348.35,
                            "Plan Rows": 14,
                            "Plan Width": 80,
                            "Actual Startup Time": 2168.961,
                            "Actual Total Time": 2168.98,
                            "Actual Rows": 619,
                            "Actual Loops": 3,
                            "Hash Buckets": 2048,
                            "Original Hash Buckets": 1024,
                            "Hash Batches": 1,
                            "Original Hash Batches": 1,
                            "Peak Memory Usage": 216,
                            "Plans": [
                              {
                                "Node Type": "Hash Join",
                                "Parent Relationship": "Outer",
                                "Parallel Aware": true,
                                "Join Type": "Inner",
                                "Startup Cost": 281828.52,
                                "Total Cost": 326348.35,
                                "Plan Rows": 14,
                                "Plan Width": 80,
                                "Actual Startup Time": 1892.658,
                                "Actual Total Time": 2158.064,
                                "Actual Rows": 619,
                                "Actual Loops": 3,
                                "Inner Unique": false,
                                "Hash Cond": "(mk.movie_id = t.id)",
                                "Plans": [
                                  {
                                    "Node Type": "Seq Scan",
                                    "Parent Relationship": "Outer",
                                    "Parallel Aware": true,
                                    "Relation Name": "movie_keyword",
                                    "Alias": "mk",
                                    "Startup Cost": 0.0,
                                    "Total Cost": 39047.32,
                                    "Plan Rows": 1459332,
                                    "Plan Width": 8,
                                    "Actual Startup Time": 0.043,
                                    "Actual Total Time": 155.266,
                                    "Actual Rows": 1507977,
                                    "Actual Loops": 3
                                  },
                                  {
                                    "Node Type": "Hash",
                                    "Parent Relationship": "Inner",
                                    "Parallel Aware": true,
                                    "Startup Cost": 281828.51,
                                    "Total Cost": 281828.51,
                                    "Plan Rows": 1,
                                    "Plan Width": 72,
                                    "Actual Startup Time": 1872.723,
                                    "Actual Total Time": 1872.74,
                                    "Actual Rows": 168,
                                    "Actual Loops": 3,
                                    "Hash Buckets": 1024,
                                    "Original Hash Buckets": 1024,
                                    "Hash Batches": 1,
                                    "Original Hash Batches": 1,
                                    "Peak Memory Usage": 104,
                                    "Plans": [
                                      {
                                        "Node Type": "Nested Loop",
                                        "Parent Relationship": "Outer",
                                        "Parallel Aware": false,
                                        "Join Type": "Inner",
                                        "Startup Cost": 219392.39,
                                        "Total Cost": 281828.51,
                                        "Plan Rows": 1,
                                        "Plan Width": 72,
                                        "Actual Startup Time": 1352.988,
                                        "Actual Total Time": 1872.298,
                                        "Actual Rows": 168,
                                        "Actual Loops": 3,
                                        "Inner Unique": true,
                                        "Join Filter": "(mi.movie_id = t.id)",
                                        "Rows Removed by Join Filter": 0,
                                        "Plans": [
                                          {
                                            "Node Type": "Hash Join",
                                            "Parent Relationship": "Outer",
                                            "Parallel Aware": false,
                                            "Join Type": "Inner",
                                            "Startup Cost": 219391.96,
                                            "Total Cost": 281827.44,
                                            "Plan Rows": 2,
                                            "Plan Width": 51,
                                            "Actual Startup Time": 1345.363,
                                            "Actual Total Time": 1855.088,
                                            "Actual Rows": 882,
                                            "Actual Loops": 3,
                                            "Inner Unique": true,
                                            "Hash Cond": "(mi.info_type_id = it1.id)",
                                            "Plans": [
                                              {
                                                "Node Type": "Hash Join",
                                                "Parent Relationship": "Outer",
                                                "Parallel Aware": true,
                                                "Join Type": "Inner",
                                                "Startup Cost": 219389.53,
                                                "Total Cost": 281824.44,
                                                "Plan Rows": 212,
                                                "Plan Width": 55,
                                                "Actual Startup Time": 1345.227,
                                                "Actual Total Time": 1854.554,
                                                "Actual Rows": 882,
                                                "Actual Loops": 3,
                                                "Inner Unique": false,
                                                "Hash Cond": "(mc.movie_id = mi.movie_id)",
                                                "Plans": [
                                                  {
                                                    "Node Type": "Hash Join",
                                                    "Parent Relationship": "Outer",
                                                    "Parallel Aware": true,
                                                    "Join Type": "Inner",
                                                    "Startup Cost": 5355.86,
                                                    "Total Cost": 39321.99,
                                                    "Plan Rows": 307766,
                                                    "Plan Width": 4,
                                                    "Actual Startup Time": 36.29,
                                                    "Actual Total Time": 499.883,
                                                    "Actual Rows": 384599,
                                                    "Actual Loops": 3,
                                                    "Inner Unique": true,
                                                    "Hash Cond": "(mc.company_id = cn.id)",
                                                    "Plans": [
                                                      {
                                                        "Node Type": "Hash Join",
                                                        "Parent Relationship": "Outer",
                                                        "Parallel Aware": false,
                                                        "Join Type": "Inner",
                                                        "Startup Cost": 1.09,
                                                        "Total Cost": 31757.84,
                                                        "Plan Rows": 841655,
                                                        "Plan Width": 8,
                                                        "Actual Startup Time": 0.09,
                                                        "Actual Total Time": 295.271,
                                                        "Actual Rows": 869710,
                                                        "Actual Loops": 3,
                                                        "Inner Unique": true,
                                                        "Hash Cond": "(mc.company_type_id = ct.id)",
                                                        "Plans": [
                                                          {
                                                            "Node Type": "Seq Scan",
                                                            "Parent Relationship": "Outer",
                                                            "Parallel Aware": true,
                                                            "Relation Name": "movie_companies",
                                                            "Alias": "mc",
                                                            "Startup Cost": 0.0,
                                                            "Total Cost": 27206.55,
                                                            "Plan Rows": 841655,
                                                            "Plan Width": 12,
                                                            "Actual Startup Time": 0.01,
                                                            "Actual Total Time": 104.677,
                                                            "Actual Rows": 869710,
                                                            "Actual Loops": 3
                                                          },
                                                          {
                                                            "Node Type": "Hash",
                                                            "Parent Relationship": "Inner",
                                                            "Parallel Aware": false,
                                                            "Startup Cost": 1.04,
                                                            "Total Cost": 1.04,
                                                            "Plan Rows": 4,
                                                            "Plan Width": 4,
                                                            "Actual Startup Time": 0.039,
                                                            "Actual Total Time": 0.041,
                                                            "Actual Rows": 4,
                                                            "Actual Loops": 3,
                                                            "Hash Buckets": 1024,
                                                            "Original Hash Buckets": 1024,
                                                            "Hash Batches": 1,
                                                            "Original Hash Batches": 1,
                                                            "Peak Memory Usage": 9,
                                                            "Plans": [
                                                              {
                                                                "Node Type": "Seq Scan",
                                                                "Parent Relationship": "Outer",
                                                                "Parallel Aware": false,
                                                                "Relation Name": "company_type",
                                                                "Alias": "ct",
                                                                "Startup Cost": 0.0,
                                                                "Total Cost": 1.04,
                                                                "Plan Rows": 4,
                                                                "Plan Width": 4,
                                                                "Actual Startup Time": 0.031,
                                                                "Actual Total Time": 0.032,
                                                                "Actual Rows": 4,
                                                                "Actual Loops": 3
                                                              }
                                                            ]
                                                          }
                                                        ]
                                                      },
                                                      {
                                                        "Node Type": "Hash",
                                                        "Parent Relationship": "Inner",
                                                        "Parallel Aware": true,
                                                        "Startup Cost": 4722.92,
                                                        "Total Cost": 4722.92,
                                                        "Plan Rows": 50548,
                                                        "Plan Width": 4,
                                                        "Actual Startup Time": 35.709,
                                                        "Actual Total Time": 35.71,
                                                        "Actual Rows": 28281,
                                                        "Actual Loops": 3,
                                                        "Hash Buckets": 131072,
                                                        "Original Hash Buckets": 131072,
                                                        "Hash Batches": 1,
                                                        "Original Hash Batches": 1,
                                                        "Peak Memory Usage": 4384,
                                                        "Plans": [
                                                          {
                                                            "Node Type": "Seq Scan",
                                                            "Parent Relationship": "Outer",
                                                            "Parallel Aware": true,
                                                            "Relation Name": "company_name",
                                                            "Alias": "cn",
                                                            "Startup Cost": 0.0,
                                                            "Total Cost": 4722.92,
                                                            "Plan Rows": 50548,
                                                            "Plan Width": 4,
                                                            "Actual Startup Time": 0.062,
                                                            "Actual Total Time": 22.387,
                                                            "Actual Rows": 28281,
                                                            "Actual Loops": 3,
                                                            "Filter": "((country_code)::text = '[us]'::text)",
                                                            "Rows Removed by Filter": 50051
                                                          }
                                                        ]
                                                      }
                                                    ]
                                                  },
                                                  {
                                                    "Node Type": "Hash",
                                                    "Parent Relationship": "Inner",
                                                    "Parallel Aware": true,
                                                    "Startup Cost": 214032.77,
                                                    "Total Cost": 214032.77,
                                                    "Plan Rows": 72,
                                                    "Plan Width": 51,
                                                    "Actual Startup Time": 1307.982,
                                                    "Actual Total Time": 1307.986,
                                                    "Actual Rows": 594,
                                                    "Actual Loops": 3,
                                                    "Hash Buckets": 2048,
                                                    "Original Hash Buckets": 1024,
                                                    "Hash Batches": 1,
                                                    "Original Hash Batches": 1,
                                                    "Peak Memory Usage": 216,
                                                    "Plans": [
                                                      {
                                                        "Node Type": "Seq Scan",
                                                        "Parent Relationship": "Outer",
                                                        "Parallel Aware": true,
                                                        "Relation Name": "movie_info",
                                                        "Alias": "mi",
                                                        "Startup Cost": 0.0,
                                                        "Total Cost": 214032.77,
                                                        "Plan Rows": 72,
                                                        "Plan Width": 51,
                                                        "Actual Startup Time": 212.154,
                                                        "Actual Total Time": 673.087,
                                                        "Actual Rows": 594,
                                                        "Actual Loops": 3,
                                                        "Filter": "((info IS NOT NULL) AND (note ~~ '%internet%'::text) AND ((info ~~ 'USA:% 199%'::text) OR (info ~~ 'USA:% 200%'::text)))",
                                                        "Rows Removed by Filter": 4944646
                                                      }
                                                    ]
                                                  }
                                                ]
                                              },
                                              {
                                                "Node Type": "Hash",
                                                "Parent Relationship": "Inner",
                                                "Parallel Aware": false,
                                                "Startup Cost": 2.41,
                                                "Total Cost": 2.41,
                                                "Plan Rows": 1,
                                                "Plan Width": 4,
                                                "Actual Startup Time": 0.096,
                                                "Actual Total Time": 0.097,
                                                "Actual Rows": 1,
                                                "Actual Loops": 3,
                                                "Hash Buckets": 1024,
                                                "Original Hash Buckets": 1024,
                                                "Hash Batches": 1,
                                                "Original Hash Batches": 1,
                                                "Peak Memory Usage": 9,
                                                "Plans": [
                                                  {
                                                    "Node Type": "Seq Scan",
                                                    "Parent Relationship": "Outer",
                                                    "Parallel Aware": false,
                                                    "Relation Name": "info_type",
                                                    "Alias": "it1",
                                                    "Startup Cost": 0.0,
                                                    "Total Cost": 2.41,
                                                    "Plan Rows": 1,
                                                    "Plan Width": 4,
                                                    "Actual Startup Time": 0.06,
                                                    "Actual Total Time": 0.076,
                                                    "Actual Rows": 1,
                                                    "Actual Loops": 3,
                                                    "Filter": "((info)::text = 'release dates'::text)",
                                                    "Rows Removed by Filter": 112
                                                  }
                                                ]
                                              }
                                            ]
                                          },
                                          {
                                            "Node Type": "Index Scan",
                                            "Parent Relationship": "Inner",
                                            "Parallel Aware": false,
                                            "Scan Direction": "Forward",
                                            "Index Name": "title_pkey",
                                            "Relation Name": "title",
                                            "Alias": "t",
                                            "Startup Cost": 0.43,
                                            "Total Cost": 0.52,
                                            "Plan Rows": 1,
                                            "Plan Width": 21,
                                            "Actual Startup Time": 0.019,
                                            "Actual Total Time": 0.019,
                                            "Actual Rows": 0,
                                            "Actual Loops": 2647,
                                            "Index Cond": "(id = mc.movie_id)",
                                            "Rows Removed by Index Recheck": 0,
                                            "Filter": "(production_year < 2006)",
                                            "Rows Removed by Filter": 1
                                          }
                                        ]
                                      }
                                    ]
                                  }
                                ]
                              }
                            ]
                          }
                        ]
                      }
                    ]
                  }
                ]
              }
            ]
          }
        ]
      }
    ]
  },
  "Planning Time": 24.064,
  "Triggers": [],
  "Execution Time": 2280.949
}