{
  "Plan": {
    "Node Type": "Aggregate",
    "Strategy": "Plain",
    "Partial Mode": "Finalize",
    "Parallel Aware": false,
    "Startup Cost": 732261.26,
    "Total Cost": 732261.27,
    "Plan Rows": 1,
    "Plan Width": 8,
    "Actual Startup Time": 6074.64,
    "Actual Total Time": 6119.401,
    "Actual Rows": 1,
    "Actual Loops": 1,
    "Plans": [
      {
        "Node Type": "Gather",
        "Parent Relationship": "Outer",
        "Parallel Aware": false,
        "Startup Cost": 732261.15,
        "Total Cost": 732261.26,
        "Plan Rows": 1,
        "Plan Width": 8,
        "Actual Startup Time": 6067.565,
        "Actual Total Time": 6119.391,
        "Actual Rows": 2,
        "Actual Loops": 1,
        "Workers Planned": 1,
        "Workers Launched": 1,
        "Single Copy": false,
        "Plans": [
          {
            "Node Type": "Aggregate",
            "Strategy": "Plain",
            "Partial Mode": "Partial",
            "Parent Relationship": "Outer",
            "Parallel Aware": false,
            "Startup Cost": 731261.15,
            "Total Cost": 731261.16,
            "Plan Rows": 1,
            "Plan Width": 8,
            "Actual Startup Time": 6060.103,
            "Actual Total Time": 6060.403,
            "Actual Rows": 1,
            "Actual Loops": 2,
            "Plans": [
              {
                "Node Type": "Hash Join",
                "Parent Relationship": "Outer",
                "Parallel Aware": true,
                "Join Type": "Inner",
                "Startup Cost": 410559.36,
                "Total Cost": 719589.3,
                "Plan Rows": 4668739,
                "Plan Width": 0,
                "Actual Startup Time": 1744.354,
                "Actual Total Time": 5590.987,
                "Actual Rows": 11373811,
                "Actual Loops": 2,
                "Inner Unique": false,
                "Hash Cond": "(mi.movie_id = t.id)",
                "Plans": [
                  {
                    "Node Type": "Seq Scan",
                    "Parent Relationship": "Outer",
                    "Parallel Aware": true,
                    "Relation Name": "movie_info",
                    "Alias": "mi",
                    "Startup Cost": 0.0,
                    "Total Cost": 248955.74,
                    "Plan Rows": 8696274,
                    "Plan Width": 4,
                    "Actual Startup Time": 0.017,
                    "Actual Total Time": 654.59,
                    "Actual Rows": 7417860,
                    "Actual Loops": 2
                  },
                  {
                    "Node Type": "Hash",
                    "Parent Relationship": "Inner",
                    "Parallel Aware": true,
                    "Startup Cost": 400578.79,
                    "Total Cost": 400578.79,
                    "Plan Rows": 798445,
                    "Plan Width": 8,
                    "Actual Startup Time": 1730.129,
                    "Actual Total Time": 1730.428,
                    "Actual Rows": 900874,
                    "Actual Loops": 2,
                    "Hash Buckets": 2097152,
                    "Original Hash Buckets": 2097152,
                    "Hash Batches": 1,
                    "Original Hash Batches": 1,
                    "Peak Memory Usage": 86880,
                    "Plans": [
                      {
                        "Node Type": "Hash Join",
                        "Parent Relationship": "Outer",
                        "Parallel Aware": true,
                        "Join Type": "Inner",
                        "Startup Cost": 123926.0,
                        "Total Cost": 400578.79,
                        "Plan Rows": 798445,
                        "Plan Width": 8,
                        "Actual Startup Time": 750.068,
                        "Actual Total Time": 1438.263,
                        "Actual Rows": 900874,
                        "Actual Loops": 2,
                        "Inner Unique": true,
                        "Hash Cond": "(ci.movie_id = t.id)",
                        "Plans": [
                          {
                            "Node Type": "Bitmap Heap Scan",
                            "Parent Relationship": "Outer",
                            "Parallel Aware": true,
                            "Relation Name": "cast_info",
                            "Alias": "ci",
                            "Startup Cost": 54465.3,
                            "Total Cost": 329022.18,
                            "Plan Rows": 798445,
                            "Plan Width": 4,
                            "Actual Startup Time": 139.119,
                            "Actual Total Time": 342.935,
                            "Actual Rows": 900874,
                            "Actual Loops": 2,
                            "Recheck Cond": "(person_id < 243502)",
                            "Rows Removed by Index Recheck": 0,
                            "Filter": "(role_id < 3)",
                            "Rows Removed by Filter": 355444,
                            "Exact Heap Blocks": 11251,
                            "Lossy Heap Blocks": 0,
                            "Plans": [
                              {
                                "Node Type": "Bitmap Index Scan",
                                "Parent Relationship": "Outer",
                                "Parallel Aware": false,
                                "Index Name": "person_id_cast_info",
                                "Startup Cost": 0.0,
                                "Total Cost": 54125.96,
                                "Plan Rows": 2478586,
                                "Plan Width": 0,
                                "Actual Startup Time": 135.286,
                                "Actual Total Time": 135.286,
                                "Actual Rows": 2512636,
                                "Actual Loops": 1,
                                "Index Cond": "(person_id < 243502)"
                              }
                            ]
                          },
                          {
                            "Node Type": "Hash",
                            "Parent Relationship": "Inner",
                            "Parallel Aware": true,
                            "Startup Cost": 50870.31,
                            "Total Cost": 50870.31,
                            "Plan Rows": 1487231,
                            "Plan Width": 4,
                            "Actual Startup Time": 594.601,
                            "Actual Total Time": 594.602,
                            "Actual Rows": 1264156,
                            "Actual Loops": 2,
                            "Hash Buckets": 4194304,
                            "Original Hash Buckets": 4194304,
                            "Hash Batches": 1,
                            "Original Hash Batches": 1,
                            "Peak Memory Usage": 131712,
                            "Plans": [
                              {
                                "Node Type": "Seq Scan",
                                "Parent Relationship": "Outer",
                                "Parallel Aware": true,
                                "Relation Name": "title",
                                "Alias": "t",
                                "Startup Cost": 0.0,
                                "Total Cost": 50870.31,
                                "Plan Rows": 1487231,
                                "Plan Width": 4,
                                "Actual Startup Time": 0.041,
                                "Actual Total Time": 173.373,
                                "Actual Rows": 1264156,
                                "Actual Loops": 2
                              }
                            ]
                          }
                        ]
                      }
                    ]
                  }
                ]
              }
            ]
          }
        ]
      }
    ]
  },
  "Planning Time": 0.942,
  "Triggers": [],
  "Execution Time": 6119.508
}