[
  {
    "Plan": {
      "Node Type": "Aggregate",
      "Strategy": "Plain",
      "Partial Mode": "Finalize",
      "Parallel Aware": false,
      "Startup Cost": 112298.41,
      "Total Cost": 112298.42,
      "Plan Rows": 1,
      "Plan Width": 8,
      "Actual Startup Time": 176.65,
      "Actual Total Time": 186.952,
      "Actual Rows": 1,
      "Actual Loops": 1,
      "Plans": [
        {
          "Node Type": "Gather",
          "Parent Relationship": "Outer",
          "Parallel Aware": false,
          "Startup Cost": 112297.89,
          "Total Cost": 112298.4,
          "Plan Rows": 5,
          "Plan Width": 8,
          "Actual Startup Time": 176.418,
          "Actual Total Time": 186.941,
          "Actual Rows": 6,
          "Actual Loops": 1,
          "Workers Planned": 5,
          "Workers Launched": 5,
          "Single Copy": false,
          "Plans": [
            {
              "Node Type": "Aggregate",
              "Strategy": "Plain",
              "Partial Mode": "Partial",
              "Parent Relationship": "Outer",
              "Parallel Aware": false,
              "Startup Cost": 111297.89,
              "Total Cost": 111297.9,
              "Plan Rows": 1,
              "Plan Width": 8,
              "Actual Startup Time": 167.765,
              "Actual Total Time": 167.766,
              "Actual Rows": 1,
              "Actual Loops": 6,
              "Plans": [
                {
                  "Node Type": "Index Scan",
                  "Parent Relationship": "Outer",
                  "Parallel Aware": true,
                  "Scan Direction": "Forward",
                  "Index Name": "role_id_cast_info",
                  "Relation Name": "cast_info",
                  "Alias": "ci",
                  "Startup Cost": 0.56,
                  "Total Cost": 110428.26,
                  "Plan Rows": 347852,
                  "Plan Width": 0,
                  "Actual Startup Time": 0.172,
                  "Actual Total Time": 146.388,
                  "Actual Rows": 422621,
                  "Actual Loops": 6,
                  "Index Cond": "(role_id = 3)",
                  "Rows Removed by Index Recheck": 0,
                  "Filter": "(person_id > 2083104)",
                  "Rows Removed by Filter": 245385
                }
              ]
            }
          ]
        }
      ]
    },
    "Planning Time": 0.234,
    "Triggers": [],
    "Execution Time": 187.027
  }
]