{
  "Plan": {
    "Node Type": "Aggregate",
    "Strategy": "Plain",
    "Partial Mode": "Finalize",
    "Parallel Aware": false,
    "Startup Cost": 90304.69,
    "Total Cost": 90304.7,
    "Plan Rows": 1,
    "Plan Width": 8,
    "Actual Startup Time": 441.95,
    "Actual Total Time": 453.981,
    "Actual Rows": 1,
    "Actual Loops": 1,
    "Plans": [
      {
        "Node Type": "Gather",
        "Parent Relationship": "Outer",
        "Parallel Aware": false,
        "Startup Cost": 90304.58,
        "Total Cost": 90304.69,
        "Plan Rows": 1,
        "Plan Width": 8,
        "Actual Startup Time": 441.167,
        "Actual Total Time": 453.972,
        "Actual Rows": 2,
        "Actual Loops": 1,
        "Workers Planned": 1,
        "Workers Launched": 1,
        "Single Copy": false,
        "Plans": [
          {
            "Node Type": "Aggregate",
            "Strategy": "Plain",
            "Partial Mode": "Partial",
            "Parent Relationship": "Outer",
            "Parallel Aware": false,
            "Startup Cost": 89304.58,
            "Total Cost": 89304.59,
            "Plan Rows": 1,
            "Plan Width": 8,
            "Actual Startup Time": 435.248,
            "Actual Total Time": 435.252,
            "Actual Rows": 1,
            "Actual Loops": 2,
            "Plans": [
              {
                "Node Type": "Hash Join",
                "Parent Relationship": "Outer",
                "Parallel Aware": true,
                "Join Type": "Inner",
                "Startup Cost": 27903.86,
                "Total Cost": 88936.18,
                "Plan Rows": 147359,
                "Plan Width": 0,
                "Actual Startup Time": 102.66,
                "Actual Total Time": 429.712,
                "Actual Rows": 124460,
                "Actual Loops": 2,
                "Inner Unique": false,
                "Hash Cond": "(t.id = mc.movie_id)",
                "Plans": [
                  {
                    "Node Type": "Seq Scan",
                    "Parent Relationship": "Outer",
                    "Parallel Aware": true,
                    "Relation Name": "title",
                    "Alias": "t",
                    "Startup Cost": 0.0,
                    "Total Cost": 50870.31,
                    "Plan Rows": 1487231,
                    "Plan Width": 4,
                    "Actual Startup Time": 0.009,
                    "Actual Total Time": 115.645,
                    "Actual Rows": 1264156,
                    "Actual Loops": 2
                  },
                  {
                    "Node Type": "Hash",
                    "Parent Relationship": "Inner",
                    "Parallel Aware": true,
                    "Startup Cost": 26061.87,
                    "Total Cost": 26061.87,
                    "Plan Rows": 147359,
                    "Plan Width": 4,
                    "Actual Startup Time": 99.183,
                    "Actual Total Time": 99.185,
                    "Actual Rows": 124460,
                    "Actual Loops": 2,
                    "Hash Buckets": 262144,
                    "Original Hash Buckets": 262144,
                    "Hash Batches": 1,
                    "Original Hash Batches": 1,
                    "Peak Memory Usage": 11840,
                    "Plans": [
                      {
                        "Node Type": "Bitmap Heap Scan",
                        "Parent Relationship": "Outer",
                        "Parallel Aware": true,
                        "Relation Name": "movie_companies",
                        "Alias": "mc",
                        "Startup Cost": 5429.88,
                        "Total Cost": 26061.87,
                        "Plan Rows": 147359,
                        "Plan Width": 4,
                        "Actual Startup Time": 25.937,
                        "Actual Total Time": 71.986,
                        "Actual Rows": 124460,
                        "Actual Loops": 2,
                        "Recheck Cond": "(company_id < 119)",
                        "Rows Removed by Index Recheck": 0,
                        "Exact Heap Blocks": 11637,
                        "Lossy Heap Blocks": 0,
                        "Plans": [
                          {
                            "Node Type": "Bitmap Index Scan",
                            "Parent Relationship": "Outer",
                            "Parallel Aware": false,
                            "Index Name": "company_id_movie_companies",
                            "Startup Cost": 0.0,
                            "Total Cost": 5367.26,
                            "Plan Rows": 250510,
                            "Plan Width": 0,
                            "Actual Startup Time": 24.844,
                            "Actual Total Time": 24.844,
                            "Actual Rows": 248921,
                            "Actual Loops": 1,
                            "Index Cond": "(company_id < 119)"
                          }
                        ]
                      }
                    ]
                  }
                ]
              }
            ]
          }
        ]
      }
    ]
  },
  "Planning Time": 0.568,
  "Triggers": [],
  "Execution Time": 454.068
}