[
    {
        "Bao": {
            "Bao prediction": "NaN",
            "Bao recommended hint": "(no hint)"
        }
    },
    {
        "Plan": {
            "Node Type": "Aggregate",
            "Strategy": "Plain",
            "Partial Mode": "Finalize",
            "Parallel Aware": false,
            "Startup Cost": 237757.64,
            "Total Cost": 237757.65,
            "Plan Rows": 1,
            "Plan Width": 8,
            "Actual Startup Time": 194.212,
            "Actual Total Time": 202.174,
            "Actual Rows": 1,
            "Actual Loops": 1,
            "Output": [
                "count(*)"
            ],
            "Plans": [
                {
                    "Node Type": "Gather",
                    "Parent Relationship": "Outer",
                    "Parallel Aware": false,
                    "Startup Cost": 237757.12,
                    "Total Cost": 237757.63,
                    "Plan Rows": 5,
                    "Plan Width": 8,
                    "Actual Startup Time": 193.258,
                    "Actual Total Time": 202.156,
                    "Actual Rows": 6,
                    "Actual Loops": 1,
                    "Output": [
                        "(PARTIAL count(*))"
                    ],
                    "Workers Planned": 5,
                    "Workers Launched": 5,
                    "Single Copy": false,
                    "Plans": [
                        {
                            "Node Type": "Aggregate",
                            "Strategy": "Plain",
                            "Partial Mode": "Partial",
                            "Parent Relationship": "Outer",
                            "Parallel Aware": false,
                            "Startup Cost": 236757.12,
                            "Total Cost": 236757.13,
                            "Plan Rows": 1,
                            "Plan Width": 8,
                            "Actual Startup Time": 183.076,
                            "Actual Total Time": 183.08,
                            "Actual Rows": 1,
                            "Actual Loops": 6,
                            "Output": [
                                "PARTIAL count(*)"
                            ],
                            "Workers": [
                                {
                                    "Worker Number": 0,
                                    "Actual Startup Time": 180.489,
                                    "Actual Total Time": 180.492,
                                    "Actual Rows": 1,
                                    "Actual Loops": 1
                                },
                                {
                                    "Worker Number": 1,
                                    "Actual Startup Time": 180.797,
                                    "Actual Total Time": 180.801,
                                    "Actual Rows": 1,
                                    "Actual Loops": 1
                                },
                                {
                                    "Worker Number": 2,
                                    "Actual Startup Time": 181.091,
                                    "Actual Total Time": 181.094,
                                    "Actual Rows": 1,
                                    "Actual Loops": 1
                                },
                                {
                                    "Worker Number": 3,
                                    "Actual Startup Time": 181.271,
                                    "Actual Total Time": 181.274,
                                    "Actual Rows": 1,
                                    "Actual Loops": 1
                                },
                                {
                                    "Worker Number": 4,
                                    "Actual Startup Time": 181.924,
                                    "Actual Total Time": 181.927,
                                    "Actual Rows": 1,
                                    "Actual Loops": 1
                                }
                            ],
                            "Plans": [
                                {
                                    "Node Type": "Hash Join",
                                    "Parent Relationship": "Outer",
                                    "Parallel Aware": true,
                                    "Join Type": "Inner",
                                    "Startup Cost": 70361.38,
                                    "Total Cost": 236743.41,
                                    "Plan Rows": 5484,
                                    "Plan Width": 0,
                                    "Actual Startup Time": 115.875,
                                    "Actual Total Time": 182.911,
                                    "Actual Rows": 1661,
                                    "Actual Loops": 6,
                                    "Inner Unique": true,
                                    "Hash Cond": "(mi.movie_id = t.id)",
                                    "Workers": [
                                        {
                                            "Worker Number": 0,
                                            "Actual Startup Time": 112.693,
                                            "Actual Total Time": 180.31,
                                            "Actual Rows": 1675,
                                            "Actual Loops": 1
                                        },
                                        {
                                            "Worker Number": 1,
                                            "Actual Startup Time": 113.921,
                                            "Actual Total Time": 180.618,
                                            "Actual Rows": 1515,
                                            "Actual Loops": 1
                                        },
                                        {
                                            "Worker Number": 2,
                                            "Actual Startup Time": 114.493,
                                            "Actual Total Time": 180.926,
                                            "Actual Rows": 1604,
                                            "Actual Loops": 1
                                        },
                                        {
                                            "Worker Number": 3,
                                            "Actual Startup Time": 114.359,
                                            "Actual Total Time": 181.109,
                                            "Actual Rows": 1534,
                                            "Actual Loops": 1
                                        },
                                        {
                                            "Worker Number": 4,
                                            "Actual Startup Time": 114.514,
                                            "Actual Total Time": 181.738,
                                            "Actual Rows": 1187,
                                            "Actual Loops": 1
                                        }
                                    ],
                                    "Plans": [
                                        {
                                            "Node Type": "Bitmap Heap Scan",
                                            "Parent Relationship": "Outer",
                                            "Parallel Aware": true,
                                            "Relation Name": "movie_info",
                                            "Schema": "public",
                                            "Alias": "mi",
                                            "Startup Cost": 26313.05,
                                            "Total Cost": 191933.34,
                                            "Plan Rows": 290184,
                                            "Plan Width": 4,
                                            "Actual Startup Time": 40.925,
                                            "Actual Total Time": 80.709,
                                            "Actual Rows": 233650,
                                            "Actual Loops": 6,
                                            "Output": [
                                                "mi.id",
                                                "mi.movie_id",
                                                "mi.info_type_id",
                                                "mi.info",
                                                "mi.note"
                                            ],
                                            "Recheck Cond": "(mi.info_type_id = 7)",
                                            "Rows Removed by Index Recheck": 0,
                                            "Exact Heap Blocks": 2531,
                                            "Lossy Heap Blocks": 0,
                                            "Workers": [
                                                {
                                                    "Worker Number": 0,
                                                    "Actual Startup Time": 40.76,
                                                    "Actual Total Time": 81.241,
                                                    "Actual Rows": 221882,
                                                    "Actual Loops": 1
                                                },
                                                {
                                                    "Worker Number": 1,
                                                    "Actual Startup Time": 41.049,
                                                    "Actual Total Time": 80.976,
                                                    "Actual Rows": 212853,
                                                    "Actual Loops": 1
                                                },
                                                {
                                                    "Worker Number": 2,
                                                    "Actual Startup Time": 40.984,
                                                    "Actual Total Time": 81.524,
                                                    "Actual Rows": 224110,
                                                    "Actual Loops": 1
                                                },
                                                {
                                                    "Worker Number": 3,
                                                    "Actual Startup Time": 40.95,
                                                    "Actual Total Time": 81.598,
                                                    "Actual Rows": 222757,
                                                    "Actual Loops": 1
                                                },
                                                {
                                                    "Worker Number": 4,
                                                    "Actual Startup Time": 41.057,
                                                    "Actual Total Time": 81.03,
                                                    "Actual Rows": 165439,
                                                    "Actual Loops": 1
                                                }
                                            ],
                                            "Plans": [
                                                {
                                                    "Node Type": "Bitmap Index Scan",
                                                    "Parent Relationship": "Outer",
                                                    "Parallel Aware": false,
                                                    "Index Name": "info_type_id_movie_info",
                                                    "Startup Cost": 0.0,
                                                    "Total Cost": 25950.32,
                                                    "Plan Rows": 1450918,
                                                    "Plan Width": 0,
                                                    "Actual Startup Time": 39.335,
                                                    "Actual Total Time": 39.336,
                                                    "Actual Rows": 1401902,
                                                    "Actual Loops": 1,
                                                    "Index Cond": "(mi.info_type_id = 7)"
                                                }
                                            ]
                                        },
                                        {
                                            "Node Type": "Hash",
                                            "Parent Relationship": "Inner",
                                            "Parallel Aware": true,
                                            "Startup Cost": 43899.01,
                                            "Total Cost": 43899.01,
                                            "Plan Rows": 11946,
                                            "Plan Width": 4,
                                            "Actual Startup Time": 73.699,
                                            "Actual Total Time": 73.699,
                                            "Actual Rows": 7764,
                                            "Actual Loops": 6,
                                            "Output": [
                                                "t.id"
                                            ],
                                            "Hash Buckets": 65536,
                                            "Original Hash Buckets": 65536,
                                            "Hash Batches": 1,
                                            "Original Hash Batches": 1,
                                            "Peak Memory Usage": 2432,
                                            "Workers": [
                                                {
                                                    "Worker Number": 0,
                                                    "Actual Startup Time": 71.166,
                                                    "Actual Total Time": 71.166,
                                                    "Actual Rows": 5911,
                                                    "Actual Loops": 1
                                                },
                                                {
                                                    "Worker Number": 1,
                                                    "Actual Startup Time": 71.46,
                                                    "Actual Total Time": 71.461,
                                                    "Actual Rows": 5588,
                                                    "Actual Loops": 1
                                                },
                                                {
                                                    "Worker Number": 2,
                                                    "Actual Startup Time": 71.757,
                                                    "Actual Total Time": 71.758,
                                                    "Actual Rows": 5981,
                                                    "Actual Loops": 1
                                                },
                                                {
                                                    "Worker Number": 3,
                                                    "Actual Startup Time": 71.938,
                                                    "Actual Total Time": 71.938,
                                                    "Actual Rows": 6100,
                                                    "Actual Loops": 1
                                                },
                                                {
                                                    "Worker Number": 4,
                                                    "Actual Startup Time": 72.534,
                                                    "Actual Total Time": 72.535,
                                                    "Actual Rows": 4544,
                                                    "Actual Loops": 1
                                                }
                                            ],
                                            "Plans": [
                                                {
                                                    "Node Type": "Seq Scan",
                                                    "Parent Relationship": "Outer",
                                                    "Parallel Aware": true,
                                                    "Relation Name": "title",
                                                    "Schema": "public",
                                                    "Alias": "t",
                                                    "Startup Cost": 0.0,
                                                    "Total Cost": 43899.01,
                                                    "Plan Rows": 11946,
                                                    "Plan Width": 4,
                                                    "Actual Startup Time": 0.061,
                                                    "Actual Total Time": 69.883,
                                                    "Actual Rows": 7764,
                                                    "Actual Loops": 6,
                                                    "Output": [
                                                        "t.id"
                                                    ],
                                                    "Filter": "(t.production_year = 1998)",
                                                    "Rows Removed by Filter": 413622,
                                                    "Workers": [
                                                        {
                                                            "Worker Number": 0,
                                                            "Actual Startup Time": 0.13,
                                                            "Actual Total Time": 67.674,
                                                            "Actual Rows": 5911,
                                                            "Actual Loops": 1
                                                        },
                                                        {
                                                            "Worker Number": 1,
                                                            "Actual Startup Time": 0.058,
                                                            "Actual Total Time": 68.004,
                                                            "Actual Rows": 5588,
                                                            "Actual Loops": 1
                                                        },
                                                        {
                                                            "Worker Number": 2,
                                                            "Actual Startup Time": 0.058,
                                                            "Actual Total Time": 68.277,
                                                            "Actual Rows": 5981,
                                                            "Actual Loops": 1
                                                        },
                                                        {
                                                            "Worker Number": 3,
                                                            "Actual Startup Time": 0.059,
                                                            "Actual Total Time": 68.359,
                                                            "Actual Rows": 6100,
                                                            "Actual Loops": 1
                                                        },
                                                        {
                                                            "Worker Number": 4,
                                                            "Actual Startup Time": 0.046,
                                                            "Actual Total Time": 69.0,
                                                            "Actual Rows": 4544,
                                                            "Actual Loops": 1
                                                        }
                                                    ]
                                                }
                                            ]
                                        }
                                    ]
                                }
                            ]
                        }
                    ]
                }
            ]
        },
        "Planning Time": 175.626,
        "Triggers": [],
        "Execution Time": 202.248
    }
]