{
  "Plan": {
    "Node Type": "Aggregate",
    "Strategy": "Plain",
    "Partial Mode": "Finalize",
    "Parallel Aware": false,
    "Startup Cost": 53820.75,
    "Total Cost": 53820.76,
    "Plan Rows": 1,
    "Plan Width": 96,
    "Actual Startup Time": 765.347,
    "Actual Total Time": 809.046,
    "Actual Rows": 1,
    "Actual Loops": 1,
    "Plans": [
      {
        "Node Type": "Gather",
        "Parent Relationship": "Outer",
        "Parallel Aware": false,
        "Startup Cost": 53820.64,
        "Total Cost": 53820.75,
        "Plan Rows": 1,
        "Plan Width": 96,
        "Actual Startup Time": 765.013,
        "Actual Total Time": 809.033,
        "Actual Rows": 2,
        "Actual Loops": 1,
        "Workers Planned": 1,
        "Workers Launched": 1,
        "Single Copy": false,
        "Plans": [
          {
            "Node Type": "Aggregate",
            "Strategy": "Plain",
            "Partial Mode": "Partial",
            "Parent Relationship": "Outer",
            "Parallel Aware": false,
            "Startup Cost": 52820.64,
            "Total Cost": 52820.65,
            "Plan Rows": 1,
            "Plan Width": 96,
            "Actual Startup Time": 757.422,
            "Actual Total Time": 757.431,
            "Actual Rows": 1,
            "Actual Loops": 2,
            "Plans": [
              {
                "Node Type": "Hash Join",
                "Parent Relationship": "Outer",
                "Parallel Aware": false,
                "Join Type": "Inner",
                "Startup Cost": 4807.42,
                "Total Cost": 52820.61,
                "Plan Rows": 3,
                "Plan Width": 42,
                "Actual Startup Time": 199.13,
                "Actual Total Time": 741.672,
                "Actual Rows": 144013,
                "Actual Loops": 2,
                "Inner Unique": true,
                "Hash Cond": "(mi.info_type_id = it2.id)",
                "Plans": [
                  {
                    "Node Type": "Nested Loop",
                    "Parent Relationship": "Outer",
                    "Parallel Aware": false,
                    "Join Type": "Inner",
                    "Startup Cost": 4805.0,
                    "Total Cost": 52817.2,
                    "Plan Rows": 362,
                    "Plan Width": 46,
                    "Actual Startup Time": 198.86,
                    "Actual Total Time": 697.601,
                    "Actual Rows": 561619,
                    "Actual Loops": 2,
                    "Inner Unique": false,
                    "Join Filter": "(miidx.movie_id = mi.movie_id)",
                    "Rows Removed by Join Filter": 0,
                    "Plans": [
                      {
                        "Node Type": "Hash Join",
                        "Parent Relationship": "Outer",
                        "Parallel Aware": false,
                        "Join Type": "Inner",
                        "Startup Cost": 4804.56,
                        "Total Cost": 52697.15,
                        "Plan Rows": 62,
                        "Plan Width": 54,
                        "Actual Startup Time": 198.797,
                        "Actual Total Time": 418.474,
                        "Actual Rows": 17540,
                        "Actual Loops": 2,
                        "Inner Unique": true,
                        "Hash Cond": "(t.kind_id = kt.id)",
                        "Plans": [
                          {
                            "Node Type": "Nested Loop",
                            "Parent Relationship": "Outer",
                            "Parallel Aware": false,
                            "Join Type": "Inner",
                            "Startup Cost": 4803.46,
                            "Total Cost": 52694.22,
                            "Plan Rows": 432,
                            "Plan Width": 58,
                            "Actual Startup Time": 140.992,
                            "Actual Total Time": 414.154,
                            "Actual Rows": 21710,
                            "Actual Loops": 2,
                            "Inner Unique": true,
                            "Join Filter": "(miidx.movie_id = t.id)",
                            "Rows Removed by Join Filter": 0,
                            "Plans": [
                              {
                                "Node Type": "Hash Join",
                                "Parent Relationship": "Outer",
                                "Parallel Aware": false,
                                "Join Type": "Inner",
                                "Startup Cost": 4803.03,
                                "Total Cost": 52465.7,
                                "Plan Rows": 432,
                                "Plan Width": 33,
                                "Actual Startup Time": 140.953,
                                "Actual Total Time": 354.228,
                                "Actual Rows": 21710,
                                "Actual Loops": 2,
                                "Inner Unique": true,
                                "Hash Cond": "(miidx.info_type_id = it.id)",
                                "Plans": [
                                  {
                                    "Node Type": "Nested Loop",
                                    "Parent Relationship": "Outer",
                                    "Parallel Aware": false,
                                    "Join Type": "Inner",
                                    "Startup Cost": 4800.61,
                                    "Total Cost": 52330.21,
                                    "Plan Rows": 48861,
                                    "Plan Width": 37,
                                    "Actual Startup Time": 140.888,
                                    "Actual Total Time": 347.294,
                                    "Actual Rows": 65158,
                                    "Actual Loops": 2,
                                    "Inner Unique": false,
                                    "Plans": [
                                      {
                                        "Node Type": "Hash Join",
                                        "Parent Relationship": "Outer",
                                        "Parallel Aware": false,
                                        "Join Type": "Inner",
                                        "Startup Cost": 4800.18,
                                        "Total Cost": 43332.78,
                                        "Plan Rows": 16921,
                                        "Plan Width": 23,
                                        "Actual Startup Time": 140.802,
                                        "Actual Total Time": 261.822,
                                        "Actual Rows": 39405,
                                        "Actual Loops": 2,
                                        "Inner Unique": true,
                                        "Hash Cond": "(mc.company_type_id = ct.id)",
                                        "Plans": [
                                          {
                                            "Node Type": "Hash Join",
                                            "Parent Relationship": "Outer",
                                            "Parallel Aware": true,
                                            "Join Type": "Inner",
                                            "Startup Cost": 4799.12,
                                            "Total Cost": 42965.82,
                                            "Plan Rows": 67682,
                                            "Plan Width": 27,
                                            "Actual Startup Time": 28.961,
                                            "Actual Total Time": 254.294,
                                            "Actual Rows": 62188,
                                            "Actual Loops": 2,
                                            "Inner Unique": true,
                                            "Hash Cond": "(mc.company_id = cn.id)",
                                            "Plans": [
                                              {
                                                "Node Type": "Seq Scan",
                                                "Parent Relationship": "Outer",
                                                "Parallel Aware": true,
                                                "Relation Name": "movie_companies",
                                                "Alias": "mc",
                                                "Startup Cost": 0.0,
                                                "Total Cost": 34137.82,
                                                "Plan Rows": 1534782,
                                                "Plan Width": 12,
                                                "Actual Startup Time": 0.015,
                                                "Actual Total Time": 105.776,
                                                "Actual Rows": 1304564,
                                                "Actual Loops": 2
                                              },
                                              {
                                                "Node Type": "Hash",
                                                "Parent Relationship": "Inner",
                                                "Parallel Aware": true,
                                                "Startup Cost": 4722.92,
                                                "Total Cost": 4722.92,
                                                "Plan Rows": 6096,
                                                "Plan Width": 23,
                                                "Actual Startup Time": 28.057,
                                                "Actual Total Time": 28.058,
                                                "Actual Rows": 5197,
                                                "Actual Loops": 2,
                                                "Hash Buckets": 16384,
                                                "Original Hash Buckets": 16384,
                                                "Hash Batches": 1,
                                                "Original Hash Batches": 1,
                                                "Peak Memory Usage": 736,
                                                "Plans": [
                                                  {
                                                    "Node Type": "Seq Scan",
                                                    "Parent Relationship": "Outer",
                                                    "Parallel Aware": true,
                                                    "Relation Name": "company_name",
                                                    "Alias": "cn",
                                                    "Startup Cost": 0.0,
                                                    "Total Cost": 4722.92,
                                                    "Plan Rows": 6096,
                                                    "Plan Width": 23,
                                                    "Actual Startup Time": 0.028,
                                                    "Actual Total Time": 24.794,
                                                    "Actual Rows": 5197,
                                                    "Actual Loops": 2,
                                                    "Filter": "((country_code)::text = '[fr]'::text)",
                                                    "Rows Removed by Filter": 112302
                                                  }
                                                ]
                                              }
                                            ]
                                          },
                                          {
                                            "Node Type": "Hash",
                                            "Parent Relationship": "Inner",
                                            "Parallel Aware": false,
                                            "Startup Cost": 1.05,
                                            "Total Cost": 1.05,
                                            "Plan Rows": 1,
                                            "Plan Width": 4,
                                            "Actual Startup Time": 0.061,
                                            "Actual Total Time": 0.061,
                                            "Actual Rows": 1,
                                            "Actual Loops": 2,
                                            "Hash Buckets": 1024,
                                            "Original Hash Buckets": 1024,
                                            "Hash Batches": 1,
                                            "Original Hash Batches": 1,
                                            "Peak Memory Usage": 9,
                                            "Plans": [
                                              {
                                                "Node Type": "Seq Scan",
                                                "Parent Relationship": "Outer",
                                                "Parallel Aware": false,
                                                "Relation Name": "company_type",
                                                "Alias": "ct",
                                                "Startup Cost": 0.0,
                                                "Total Cost": 1.05,
                                                "Plan Rows": 1,
                                                "Plan Width": 4,
                                                "Actual Startup Time": 0.053,
                                                "Actual Total Time": 0.055,
                                                "Actual Rows": 1,
                                                "Actual Loops": 2,
                                                "Filter": "((kind)::text = 'production companies'::text)",
                                                "Rows Removed by Filter": 3
                                              }
                                            ]
                                          }
                                        ]
                                      },
                                      {
                                        "Node Type": "Index Scan",
                                        "Parent Relationship": "Inner",
                                        "Parallel Aware": false,
                                        "Scan Direction": "Forward",
                                        "Index Name": "movie_id_movie_info_idx",
                                        "Relation Name": "movie_info_idx",
                                        "Alias": "miidx",
                                        "Startup Cost": 0.43,
                                        "Total Cost": 0.5,
                                        "Plan Rows": 3,
                                        "Plan Width": 14,
                                        "Actual Startup Time": 0.002,
                                        "Actual Total Time": 0.002,
                                        "Actual Rows": 2,
                                        "Actual Loops": 78810,
                                        "Index Cond": "(movie_id = mc.movie_id)",
                                        "Rows Removed by Index Recheck": 0
                                      }
                                    ]
                                  },
                                  {
                                    "Node Type": "Hash",
                                    "Parent Relationship": "Inner",
                                    "Parallel Aware": false,
                                    "Startup Cost": 2.41,
                                    "Total Cost": 2.41,
                                    "Plan Rows": 1,
                                    "Plan Width": 4,
                                    "Actual Startup Time": 0.038,
                                    "Actual Total Time": 0.039,
                                    "Actual Rows": 1,
                                    "Actual Loops": 2,
                                    "Hash Buckets": 1024,
                                    "Original Hash Buckets": 1024,
                                    "Hash Batches": 1,
                                    "Original Hash Batches": 1,
                                    "Peak Memory Usage": 9,
                                    "Plans": [
                                      {
                                        "Node Type": "Seq Scan",
                                        "Parent Relationship": "Outer",
                                        "Parallel Aware": false,
                                        "Relation Name": "info_type",
                                        "Alias": "it",
                                        "Startup Cost": 0.0,
                                        "Total Cost": 2.41,
                                        "Plan Rows": 1,
                                        "Plan Width": 4,
                                        "Actual Startup Time": 0.029,
                                        "Actual Total Time": 0.032,
                                        "Actual Rows": 1,
                                        "Actual Loops": 2,
                                        "Filter": "((info)::text = 'rating'::text)",
                                        "Rows Removed by Filter": 112
                                      }
                                    ]
                                  }
                                ]
                              },
                              {
                                "Node Type": "Index Scan",
                                "Parent Relationship": "Inner",
                                "Parallel Aware": false,
                                "Scan Direction": "Forward",
                                "Index Name": "title_pkey",
                                "Relation Name": "title",
                                "Alias": "t",
                                "Startup Cost": 0.43,
                                "Total Cost": 0.52,
                                "Plan Rows": 1,
                                "Plan Width": 25,
                                "Actual Startup Time": 0.002,
                                "Actual Total Time": 0.002,
                                "Actual Rows": 1,
                                "Actual Loops": 43421,
                                "Index Cond": "(id = mc.movie_id)",
                                "Rows Removed by Index Recheck": 0
                              }
                            ]
                          },
                          {
                            "Node Type": "Hash",
                            "Parent Relationship": "Inner",
                            "Parallel Aware": false,
                            "Startup Cost": 1.09,
                            "Total Cost": 1.09,
                            "Plan Rows": 1,
                            "Plan Width": 4,
                            "Actual Startup Time": 0.035,
                            "Actual Total Time": 0.035,
                            "Actual Rows": 1,
                            "Actual Loops": 2,
                            "Hash Buckets": 1024,
                            "Original Hash Buckets": 1024,
                            "Hash Batches": 1,
                            "Original Hash Batches": 1,
                            "Peak Memory Usage": 9,
                            "Plans": [
                              {
                                "Node Type": "Seq Scan",
                                "Parent Relationship": "Outer",
                                "Parallel Aware": false,
                                "Relation Name": "kind_type",
                                "Alias": "kt",
                                "Startup Cost": 0.0,
                                "Total Cost": 1.09,
                                "Plan Rows": 1,
                                "Plan Width": 4,
                                "Actual Startup Time": 0.026,
                                "Actual Total Time": 0.028,
                                "Actual Rows": 1,
                                "Actual Loops": 2,
                                "Filter": "((kind)::text = 'movie'::text)",
                                "Rows Removed by Filter": 6
                              }
                            ]
                          }
                        ]
                      },
                      {
                        "Node Type": "Index Scan",
                        "Parent Relationship": "Inner",
                        "Parallel Aware": false,
                        "Scan Direction": "Forward",
                        "Index Name": "movie_id_movie_info",
                        "Relation Name": "movie_info",
                        "Alias": "mi",
                        "Startup Cost": 0.43,
                        "Total Cost": 1.45,
                        "Plan Rows": 39,
                        "Plan Width": 8,
                        "Actual Startup Time": 0.003,
                        "Actual Total Time": 0.012,
                        "Actual Rows": 32,
                        "Actual Loops": 35080,
                        "Index Cond": "(movie_id = mc.movie_id)",
                        "Rows Removed by Index Recheck": 0
                      }
                    ]
                  },
                  {
                    "Node Type": "Hash",
                    "Parent Relationship": "Inner",
                    "Parallel Aware": false,
                    "Startup Cost": 2.41,
                    "Total Cost": 2.41,
                    "Plan Rows": 1,
                    "Plan Width": 4,
                    "Actual Startup Time": 0.064,
                    "Actual Total Time": 0.065,
                    "Actual Rows": 1,
                    "Actual Loops": 2,
                    "Hash Buckets": 1024,
                    "Original Hash Buckets": 1024,
                    "Hash Batches": 1,
                    "Original Hash Batches": 1,
                    "Peak Memory Usage": 9,
                    "Plans": [
                      {
                        "Node Type": "Seq Scan",
                        "Parent Relationship": "Outer",
                        "Parallel Aware": false,
                        "Relation Name": "info_type",
                        "Alias": "it2",
                        "Startup Cost": 0.0,
                        "Total Cost": 2.41,
                        "Plan Rows": 1,
                        "Plan Width": 4,
                        "Actual Startup Time": 0.034,
                        "Actual Total Time": 0.051,
                        "Actual Rows": 1,
                        "Actual Loops": 2,
                        "Filter": "((info)::text = 'release dates'::text)",
                        "Rows Removed by Filter": 112
                      }
                    ]
                  }
                ]
              }
            ]
          }
        ]
      }
    ]
  },
  "Planning Time": 2.419,
  "Triggers": [],
  "Execution Time": 809.226
}