[
  {
    "Plan": {
      "Node Type": "Aggregate",
      "Strategy": "Plain",
      "Partial Mode": "Finalize",
      "Parallel Aware": false,
      "Startup Cost": 44728.85,
      "Total Cost": 44728.86,
      "Plan Rows": 1,
      "Plan Width": 8,
      "Actual Startup Time": 127.874,
      "Actual Total Time": 137.407,
      "Actual Rows": 1,
      "Actual Loops": 1,
      "Plans": [
        {
          "Node Type": "Gather",
          "Parent Relationship": "Outer",
          "Parallel Aware": false,
          "Startup Cost": 44728.53,
          "Total Cost": 44728.84,
          "Plan Rows": 3,
          "Plan Width": 8,
          "Actual Startup Time": 127.764,
          "Actual Total Time": 137.398,
          "Actual Rows": 4,
          "Actual Loops": 1,
          "Workers Planned": 3,
          "Workers Launched": 3,
          "Single Copy": false,
          "Plans": [
            {
              "Node Type": "Aggregate",
              "Strategy": "Plain",
              "Partial Mode": "Partial",
              "Parent Relationship": "Outer",
              "Parallel Aware": false,
              "Startup Cost": 43728.53,
              "Total Cost": 43728.54,
              "Plan Rows": 1,
              "Plan Width": 8,
              "Actual Startup Time": 120.528,
              "Actual Total Time": 120.529,
              "Actual Rows": 1,
              "Actual Loops": 4,
              "Plans": [
                {
                  "Node Type": "Seq Scan",
                  "Parent Relationship": "Outer",
                  "Parallel Aware": true,
                  "Relation Name": "movie_keyword",
                  "Alias": "mk",
                  "Startup Cost": 0.0,
                  "Total Cost": 42695.65,
                  "Plan Rows": 413152,
                  "Plan Width": 0,
                  "Actual Startup Time": 2.447,
                  "Actual Total Time": 104.813,
                  "Actual Rows": 322042,
                  "Actual Loops": 4,
                  "Filter": "(keyword_id > 13730)",
                  "Rows Removed by Filter": 808940
                }
              ]
            }
          ]
        }
      ]
    },
    "Planning Time": 0.225,
    "Triggers": [],
    "Execution Time": 137.463
  }
]