[
  {
    "Plan": {
      "Node Type": "Aggregate",
      "Strategy": "Plain",
      "Partial Mode": "Simple",
      "Parallel Aware": false,
      "Startup Cost": 16469.3,
      "Total Cost": 16469.31,
      "Plan Rows": 1,
      "Plan Width": 8,
      "Actual Startup Time": 9.118,
      "Actual Total Time": 9.119,
      "Actual Rows": 1,
      "Actual Loops": 1,
      "Plans": [
        {
          "Node Type": "Bitmap Heap Scan",
          "Parent Relationship": "Outer",
          "Parallel Aware": false,
          "Relation Name": "movie_keyword",
          "Alias": "mk",
          "Startup Cost": 164.04,
          "Total Cost": 16450.08,
          "Plan Rows": 7691,
          "Plan Width": 0,
          "Actual Startup Time": 1.706,
          "Actual Total Time": 8.786,
          "Actual Rows": 6649,
          "Actual Loops": 1,
          "Recheck Cond": "(keyword_id = 500)",
          "Rows Removed by Index Recheck": 0,
          "Exact Heap Blocks": 4461,
          "Lossy Heap Blocks": 0,
          "Plans": [
            {
              "Node Type": "Bitmap Index Scan",
              "Parent Relationship": "Outer",
              "Parallel Aware": false,
              "Index Name": "keyword_id_movie_keyword",
              "Startup Cost": 0.0,
              "Total Cost": 162.12,
              "Plan Rows": 7691,
              "Plan Width": 0,
              "Actual Startup Time": 1.127,
              "Actual Total Time": 1.127,
              "Actual Rows": 6649,
              "Actual Loops": 1,
              "Index Cond": "(keyword_id = 500)"
            }
          ]
        }
      ]
    },
    "Planning Time": 0.122,
    "Triggers": [],
    "Execution Time": 9.146
  }
]