{
  "Plan": {
    "Node Type": "Aggregate",
    "Strategy": "Plain",
    "Partial Mode": "Finalize",
    "Parallel Aware": false,
    "Startup Cost": 101250.75,
    "Total Cost": 101250.76,
    "Plan Rows": 1,
    "Plan Width": 8,
    "Actual Startup Time": 458.465,
    "Actual Total Time": 474.558,
    "Actual Rows": 1,
    "Actual Loops": 1,
    "Plans": [
      {
        "Node Type": "Gather",
        "Parent Relationship": "Outer",
        "Parallel Aware": false,
        "Startup Cost": 101250.64,
        "Total Cost": 101250.75,
        "Plan Rows": 1,
        "Plan Width": 8,
        "Actual Startup Time": 457.459,
        "Actual Total Time": 474.55,
        "Actual Rows": 2,
        "Actual Loops": 1,
        "Workers Planned": 1,
        "Workers Launched": 1,
        "Single Copy": false,
        "Plans": [
          {
            "Node Type": "Aggregate",
            "Strategy": "Plain",
            "Partial Mode": "Partial",
            "Parent Relationship": "Outer",
            "Parallel Aware": false,
            "Startup Cost": 100250.64,
            "Total Cost": 100250.65,
            "Plan Rows": 1,
            "Plan Width": 8,
            "Actual Startup Time": 452.039,
            "Actual Total Time": 452.042,
            "Actual Rows": 1,
            "Actual Loops": 2,
            "Plans": [
              {
                "Node Type": "Hash Join",
                "Parent Relationship": "Outer",
                "Parallel Aware": true,
                "Join Type": "Inner",
                "Startup Cost": 61437.73,
                "Total Cost": 99604.36,
                "Plan Rows": 258511,
                "Plan Width": 0,
                "Actual Startup Time": 185.29,
                "Actual Total Time": 446.602,
                "Actual Rows": 137878,
                "Actual Loops": 2,
                "Inner Unique": true,
                "Hash Cond": "(mc.movie_id = t.id)",
                "Plans": [
                  {
                    "Node Type": "Seq Scan",
                    "Parent Relationship": "Outer",
                    "Parallel Aware": true,
                    "Relation Name": "movie_companies",
                    "Alias": "mc",
                    "Startup Cost": 0.0,
                    "Total Cost": 34137.82,
                    "Plan Rows": 1534782,
                    "Plan Width": 4,
                    "Actual Startup Time": 0.012,
                    "Actual Total Time": 96.739,
                    "Actual Rows": 1304564,
                    "Actual Loops": 2
                  },
                  {
                    "Node Type": "Hash",
                    "Parent Relationship": "Inner",
                    "Parallel Aware": true,
                    "Startup Cost": 58306.47,
                    "Total Cost": 58306.47,
                    "Plan Rows": 250501,
                    "Plan Width": 4,
                    "Actual Startup Time": 179.247,
                    "Actual Total Time": 179.248,
                    "Actual Rows": 157584,
                    "Actual Loops": 2,
                    "Hash Buckets": 524288,
                    "Original Hash Buckets": 524288,
                    "Hash Batches": 1,
                    "Original Hash Batches": 1,
                    "Peak Memory Usage": 16448,
                    "Plans": [
                      {
                        "Node Type": "Seq Scan",
                        "Parent Relationship": "Outer",
                        "Parallel Aware": true,
                        "Relation Name": "title",
                        "Alias": "t",
                        "Startup Cost": 0.0,
                        "Total Cost": 58306.47,
                        "Plan Rows": 250501,
                        "Plan Width": 4,
                        "Actual Startup Time": 0.031,
                        "Actual Total Time": 142.179,
                        "Actual Rows": 157584,
                        "Actual Loops": 2,
                        "Filter": "((production_year < 1991) AND (kind_id = 7))",
                        "Rows Removed by Filter": 1106572
                      }
                    ]
                  }
                ]
              }
            ]
          }
        ]
      }
    ]
  },
  "Planning Time": 0.533,
  "Triggers": [],
  "Execution Time": 474.617
}