[
  {
    "Plan": {
      "Node Type": "Aggregate",
      "Strategy": "Plain",
      "Partial Mode": "Finalize",
      "Parallel Aware": false,
      "Startup Cost": 114922.76,
      "Total Cost": 114922.77,
      "Plan Rows": 1,
      "Plan Width": 8,
      "Actual Startup Time": 1129.28,
      "Actual Total Time": 1210.723,
      "Actual Rows": 1,
      "Actual Loops": 1,
      "Plans": [
        {
          "Node Type": "Gather",
          "Parent Relationship": "Outer",
          "Parallel Aware": false,
          "Startup Cost": 114922.44,
          "Total Cost": 114922.75,
          "Plan Rows": 3,
          "Plan Width": 8,
          "Actual Startup Time": 1113.568,
          "Actual Total Time": 1210.709,
          "Actual Rows": 4,
          "Actual Loops": 1,
          "Workers Planned": 3,
          "Workers Launched": 3,
          "Single Copy": false,
          "Plans": [
            {
              "Node Type": "Aggregate",
              "Strategy": "Plain",
              "Partial Mode": "Partial",
              "Parent Relationship": "Outer",
              "Parallel Aware": false,
              "Startup Cost": 113922.44,
              "Total Cost": 113922.45,
              "Plan Rows": 1,
              "Plan Width": 8,
              "Actual Startup Time": 1095.847,
              "Actual Total Time": 1095.852,
              "Actual Rows": 1,
              "Actual Loops": 4,
              "Plans": [
                {
                  "Node Type": "Nested Loop",
                  "Parent Relationship": "Outer",
                  "Parallel Aware": false,
                  "Join Type": "Inner",
                  "Startup Cost": 51514.78,
                  "Total Cost": 113240.64,
                  "Plan Rows": 272720,
                  "Plan Width": 0,
                  "Actual Startup Time": 380.595,
                  "Actual Total Time": 1073.57,
                  "Actual Rows": 385551,
                  "Actual Loops": 4,
                  "Inner Unique": false,
                  "Plans": [
                    {
                      "Node Type": "Hash Join",
                      "Parent Relationship": "Outer",
                      "Parallel Aware": true,
                      "Join Type": "Inner",
                      "Startup Cost": 51514.22,
                      "Total Cost": 70594.69,
                      "Plan Rows": 19205,
                      "Plan Width": 8,
                      "Actual Startup Time": 380.498,
                      "Actual Total Time": 400.553,
                      "Actual Rows": 14696,
                      "Actual Loops": 4,
                      "Inner Unique": true,
                      "Hash Cond": "(mc.movie_id = t.id)",
                      "Plans": [
                        {
                          "Node Type": "Bitmap Heap Scan",
                          "Parent Relationship": "Outer",
                          "Parallel Aware": true,
                          "Relation Name": "movie_companies",
                          "Alias": "mc",
                          "Startup Cost": 1293.83,
                          "Total Cost": 20323.9,
                          "Plan Rows": 19205,
                          "Plan Width": 4,
                          "Actual Startup Time": 3.109,
                          "Actual Total Time": 8.785,
                          "Actual Rows": 14696,
                          "Actual Loops": 4,
                          "Recheck Cond": "(company_id > 184720)",
                          "Rows Removed by Index Recheck": 0,
                          "Exact Heap Blocks": 723,
                          "Lossy Heap Blocks": 0,
                          "Plans": [
                            {
                              "Node Type": "Bitmap Index Scan",
                              "Parent Relationship": "Outer",
                              "Parallel Aware": false,
                              "Index Name": "company_id_movie_companies",
                              "Startup Cost": 0.0,
                              "Total Cost": 1278.95,
                              "Plan Rows": 59536,
                              "Plan Width": 0,
                              "Actual Startup Time": 2.849,
                              "Actual Total Time": 2.85,
                              "Actual Rows": 58785,
                              "Actual Loops": 1,
                              "Index Cond": "(company_id > 184720)"
                            }
                          ]
                        },
                        {
                          "Node Type": "Hash",
                          "Parent Relationship": "Inner",
                          "Parallel Aware": true,
                          "Startup Cost": 42319.06,
                          "Total Cost": 42319.06,
                          "Plan Rows": 632106,
                          "Plan Width": 4,
                          "Actual Startup Time": 365.713,
                          "Actual Total Time": 365.714,
                          "Actual Rows": 632078,
                          "Actual Loops": 4,
                          "Hash Buckets": 4194304,
                          "Original Hash Buckets": 4194304,
                          "Hash Batches": 1,
                          "Original Hash Batches": 1,
                          "Peak Memory Usage": 131744,
                          "Plans": [
                            {
                              "Node Type": "Seq Scan",
                              "Parent Relationship": "Outer",
                              "Parallel Aware": true,
                              "Relation Name": "title",
                              "Alias": "t",
                              "Startup Cost": 0.0,
                              "Total Cost": 42319.06,
                              "Plan Rows": 632106,
                              "Plan Width": 4,
                              "Actual Startup Time": 0.045,
                              "Actual Total Time": 105.703,
                              "Actual Rows": 632078,
                              "Actual Loops": 4
                            }
                          ]
                        }
                      ]
                    },
                    {
                      "Node Type": "Index Scan",
                      "Parent Relationship": "Inner",
                      "Parallel Aware": false,
                      "Scan Direction": "Forward",
                      "Index Name": "movie_id_cast_info",
                      "Relation Name": "cast_info",
                      "Alias": "ci",
                      "Startup Cost": 0.56,
                      "Total Cost": 1.87,
                      "Plan Rows": 35,
                      "Plan Width": 4,
                      "Actual Startup Time": 0.005,
                      "Actual Total Time": 0.043,
                      "Actual Rows": 26,
                      "Actual Loops": 58785,
                      "Index Cond": "(movie_id = t.id)",
                      "Rows Removed by Index Recheck": 0,
                      "Filter": "(person_id < 4004930)",
                      "Rows Removed by Filter": 0
                    }
                  ]
                }
              ]
            }
          ]
        }
      ]
    },
    "Planning Time": 1.594,
    "Triggers": [],
    "Execution Time": 1210.86
  }
]