[
  {
    "Plan": {
      "Node Type": "Aggregate",
      "Strategy": "Plain",
      "Partial Mode": "Finalize",
      "Parallel Aware": false,
      "Startup Cost": 102469.29,
      "Total Cost": 102469.3,
      "Plan Rows": 1,
      "Plan Width": 8,
      "Actual Startup Time": 738.036,
      "Actual Total Time": 820.5,
      "Actual Rows": 1,
      "Actual Loops": 1,
      "Plans": [
        {
          "Node Type": "Gather",
          "Parent Relationship": "Outer",
          "Parallel Aware": false,
          "Startup Cost": 102468.87,
          "Total Cost": 102469.28,
          "Plan Rows": 4,
          "Plan Width": 8,
          "Actual Startup Time": 737.447,
          "Actual Total Time": 820.49,
          "Actual Rows": 5,
          "Actual Loops": 1,
          "Workers Planned": 4,
          "Workers Launched": 4,
          "Single Copy": false,
          "Plans": [
            {
              "Node Type": "Aggregate",
              "Strategy": "Plain",
              "Partial Mode": "Partial",
              "Parent Relationship": "Outer",
              "Parallel Aware": false,
              "Startup Cost": 101468.87,
              "Total Cost": 101468.88,
              "Plan Rows": 1,
              "Plan Width": 8,
              "Actual Startup Time": 726.791,
              "Actual Total Time": 726.795,
              "Actual Rows": 1,
              "Actual Loops": 5,
              "Plans": [
                {
                  "Node Type": "Nested Loop",
                  "Parent Relationship": "Outer",
                  "Parallel Aware": false,
                  "Join Type": "Inner",
                  "Startup Cost": 20615.99,
                  "Total Cost": 100924.92,
                  "Plan Rows": 217577,
                  "Plan Width": 0,
                  "Actual Startup Time": 121.112,
                  "Actual Total Time": 710.207,
                  "Actual Rows": 308441,
                  "Actual Loops": 5,
                  "Inner Unique": false,
                  "Plans": [
                    {
                      "Node Type": "Hash Join",
                      "Parent Relationship": "Outer",
                      "Parallel Aware": true,
                      "Join Type": "Inner",
                      "Startup Cost": 20615.43,
                      "Total Cost": 66143.93,
                      "Plan Rows": 15318,
                      "Plan Width": 8,
                      "Actual Startup Time": 121.024,
                      "Actual Total Time": 168.912,
                      "Actual Rows": 11757,
                      "Actual Loops": 5,
                      "Inner Unique": false,
                      "Hash Cond": "(t.id = mc.movie_id)",
                      "Plans": [
                        {
                          "Node Type": "Seq Scan",
                          "Parent Relationship": "Outer",
                          "Parallel Aware": true,
                          "Relation Name": "title",
                          "Alias": "t",
                          "Startup Cost": 0.0,
                          "Total Cost": 42318.73,
                          "Plan Rows": 632073,
                          "Plan Width": 4,
                          "Actual Startup Time": 0.017,
                          "Actual Total Time": 67.47,
                          "Actual Rows": 505662,
                          "Actual Loops": 5
                        },
                        {
                          "Node Type": "Hash",
                          "Parent Relationship": "Inner",
                          "Parallel Aware": true,
                          "Startup Cost": 20368.36,
                          "Total Cost": 20368.36,
                          "Plan Rows": 19765,
                          "Plan Width": 4,
                          "Actual Startup Time": 23.205,
                          "Actual Total Time": 23.206,
                          "Actual Rows": 11757,
                          "Actual Loops": 5,
                          "Hash Buckets": 65536,
                          "Original Hash Buckets": 65536,
                          "Hash Batches": 1,
                          "Original Hash Batches": 1,
                          "Peak Memory Usage": 2880,
                          "Plans": [
                            {
                              "Node Type": "Bitmap Heap Scan",
                              "Parent Relationship": "Outer",
                              "Parallel Aware": true,
                              "Relation Name": "movie_companies",
                              "Alias": "mc",
                              "Startup Cost": 1331.3,
                              "Total Cost": 20368.36,
                              "Plan Rows": 19765,
                              "Plan Width": 4,
                              "Actual Startup Time": 3.037,
                              "Actual Total Time": 15.657,
                              "Actual Rows": 11757,
                              "Actual Loops": 5,
                              "Recheck Cond": "(company_id > 184720)",
                              "Rows Removed by Index Recheck": 0,
                              "Exact Heap Blocks": 689,
                              "Lossy Heap Blocks": 0,
                              "Plans": [
                                {
                                  "Node Type": "Bitmap Index Scan",
                                  "Parent Relationship": "Outer",
                                  "Parallel Aware": false,
                                  "Index Name": "company_id_movie_companies",
                                  "Startup Cost": 0.0,
                                  "Total Cost": 1315.98,
                                  "Plan Rows": 61273,
                                  "Plan Width": 0,
                                  "Actual Startup Time": 8.146,
                                  "Actual Total Time": 8.146,
                                  "Actual Rows": 58785,
                                  "Actual Loops": 1,
                                  "Index Cond": "(company_id > 184720)"
                                }
                              ]
                            }
                          ]
                        }
                      ]
                    },
                    {
                      "Node Type": "Index Scan",
                      "Parent Relationship": "Inner",
                      "Parallel Aware": false,
                      "Scan Direction": "Forward",
                      "Index Name": "movie_id_cast_info",
                      "Relation Name": "cast_info",
                      "Alias": "ci",
                      "Startup Cost": 0.56,
                      "Total Cost": 1.91,
                      "Plan Rows": 36,
                      "Plan Width": 4,
                      "Actual Startup Time": 0.006,
                      "Actual Total Time": 0.044,
                      "Actual Rows": 26,
                      "Actual Loops": 58785,
                      "Index Cond": "(movie_id = t.id)",
                      "Rows Removed by Index Recheck": 0,
                      "Filter": "(person_id < 4004930)",
                      "Rows Removed by Filter": 0
                    }
                  ]
                }
              ]
            }
          ]
        }
      ]
    },
    "Planning Time": 1.471,
    "Triggers": [],
    "Execution Time": 820.676
  }
]