[
  {
    "Plan": {
      "Node Type": "Aggregate",
      "Strategy": "Plain",
      "Partial Mode": "Finalize",
      "Parallel Aware": false,
      "Startup Cost": 258318.75,
      "Total Cost": 258318.76,
      "Plan Rows": 1,
      "Plan Width": 8,
      "Actual Startup Time": 280.751,
      "Actual Total Time": 323.383,
      "Actual Rows": 1,
      "Actual Loops": 1,
      "Plans": [
        {
          "Node Type": "Gather",
          "Parent Relationship": "Outer",
          "Parallel Aware": false,
          "Startup Cost": 258318.33,
          "Total Cost": 258318.74,
          "Plan Rows": 4,
          "Plan Width": 8,
          "Actual Startup Time": 280.258,
          "Actual Total Time": 323.37,
          "Actual Rows": 5,
          "Actual Loops": 1,
          "Workers Planned": 4,
          "Workers Launched": 4,
          "Single Copy": false,
          "Plans": [
            {
              "Node Type": "Aggregate",
              "Strategy": "Plain",
              "Partial Mode": "Partial",
              "Parent Relationship": "Outer",
              "Parallel Aware": false,
              "Startup Cost": 257318.33,
              "Total Cost": 257318.34,
              "Plan Rows": 1,
              "Plan Width": 8,
              "Actual Startup Time": 268.701,
              "Actual Total Time": 268.702,
              "Actual Rows": 1,
              "Actual Loops": 5,
              "Plans": [
                {
                  "Node Type": "Nested Loop",
                  "Parent Relationship": "Outer",
                  "Parallel Aware": false,
                  "Join Type": "Inner",
                  "Startup Cost": 0.56,
                  "Total Cost": 257265.94,
                  "Plan Rows": 20957,
                  "Plan Width": 0,
                  "Actual Startup Time": 1.586,
                  "Actual Total Time": 266.301,
                  "Actual Rows": 18562,
                  "Actual Loops": 5,
                  "Inner Unique": false,
                  "Plans": [
                    {
                      "Node Type": "Seq Scan",
                      "Parent Relationship": "Outer",
                      "Parallel Aware": true,
                      "Relation Name": "title",
                      "Alias": "t",
                      "Startup Cost": 0.0,
                      "Total Cost": 45479.1,
                      "Plan Rows": 2231,
                      "Plan Width": 4,
                      "Actual Startup Time": 0.97,
                      "Actual Total Time": 95.679,
                      "Actual Rows": 1882,
                      "Actual Loops": 5,
                      "Filter": "((kind_id < 7) AND (production_year = 1990))",
                      "Rows Removed by Filter": 503781
                    },
                    {
                      "Node Type": "Index Scan",
                      "Parent Relationship": "Inner",
                      "Parallel Aware": false,
                      "Scan Direction": "Forward",
                      "Index Name": "movie_id_cast_info",
                      "Relation Name": "cast_info",
                      "Alias": "ci",
                      "Startup Cost": 0.56,
                      "Total Cost": 94.69,
                      "Plan Rows": 24,
                      "Plan Width": 4,
                      "Actual Startup Time": 0.045,
                      "Actual Total Time": 0.089,
                      "Actual Rows": 10,
                      "Actual Loops": 9408,
                      "Index Cond": "(movie_id = t.id)",
                      "Rows Removed by Index Recheck": 0,
                      "Filter": "(role_id > 1)",
                      "Rows Removed by Filter": 6
                    }
                  ]
                }
              ]
            }
          ]
        }
      ]
    },
    "Planning Time": 0.76,
    "Triggers": [],
    "Execution Time": 323.482
  }
]