[
  {
    "Plan": {
      "Node Type": "Aggregate",
      "Strategy": "Plain",
      "Partial Mode": "Finalize",
      "Parallel Aware": false,
      "Startup Cost": 45468.81,
      "Total Cost": 45468.82,
      "Plan Rows": 1,
      "Plan Width": 8,
      "Actual Startup Time": 159.64,
      "Actual Total Time": 172.136,
      "Actual Rows": 1,
      "Actual Loops": 1,
      "Plans": [
        {
          "Node Type": "Gather",
          "Parent Relationship": "Outer",
          "Parallel Aware": false,
          "Startup Cost": 45468.49,
          "Total Cost": 45468.8,
          "Plan Rows": 3,
          "Plan Width": 8,
          "Actual Startup Time": 159.492,
          "Actual Total Time": 172.127,
          "Actual Rows": 4,
          "Actual Loops": 1,
          "Workers Planned": 3,
          "Workers Launched": 3,
          "Single Copy": false,
          "Plans": [
            {
              "Node Type": "Aggregate",
              "Strategy": "Plain",
              "Partial Mode": "Partial",
              "Parent Relationship": "Outer",
              "Parallel Aware": false,
              "Startup Cost": 44468.49,
              "Total Cost": 44468.5,
              "Plan Rows": 1,
              "Plan Width": 8,
              "Actual Startup Time": 155.227,
              "Actual Total Time": 155.228,
              "Actual Rows": 1,
              "Actual Loops": 4,
              "Plans": [
                {
                  "Node Type": "Seq Scan",
                  "Parent Relationship": "Outer",
                  "Parallel Aware": true,
                  "Relation Name": "movie_keyword",
                  "Alias": "mk",
                  "Startup Cost": 0.0,
                  "Total Cost": 42695.65,
                  "Plan Rows": 709134,
                  "Plan Width": 0,
                  "Actual Startup Time": 0.033,
                  "Actual Total Time": 125.725,
                  "Actual Rows": 553222,
                  "Actual Loops": 4,
                  "Filter": "(keyword_id < 4476)",
                  "Rows Removed by Filter": 577761
                }
              ]
            }
          ]
        }
      ]
    },
    "Planning Time": 0.188,
    "Triggers": [],
    "Execution Time": 172.192
  }
]