[
  {
    "Plan": {
      "Node Type": "Aggregate",
      "Strategy": "Plain",
      "Partial Mode": "Finalize",
      "Parallel Aware": false,
      "Startup Cost": 42228.16,
      "Total Cost": 42228.17,
      "Plan Rows": 1,
      "Plan Width": 8,
      "Actual Startup Time": 63.686,
      "Actual Total Time": 69.625,
      "Actual Rows": 1,
      "Actual Loops": 1,
      "Plans": [
        {
          "Node Type": "Gather",
          "Parent Relationship": "Outer",
          "Parallel Aware": false,
          "Startup Cost": 42227.74,
          "Total Cost": 42228.15,
          "Plan Rows": 4,
          "Plan Width": 8,
          "Actual Startup Time": 63.454,
          "Actual Total Time": 69.61,
          "Actual Rows": 5,
          "Actual Loops": 1,
          "Workers Planned": 4,
          "Workers Launched": 4,
          "Single Copy": false,
          "Plans": [
            {
              "Node Type": "Aggregate",
              "Strategy": "Plain",
              "Partial Mode": "Partial",
              "Parent Relationship": "Outer",
              "Parallel Aware": false,
              "Startup Cost": 41227.74,
              "Total Cost": 41227.75,
              "Plan Rows": 1,
              "Plan Width": 8,
              "Actual Startup Time": 52.844,
              "Actual Total Time": 52.846,
              "Actual Rows": 1,
              "Actual Loops": 5,
              "Plans": [
                {
                  "Node Type": "Nested Loop",
                  "Parent Relationship": "Outer",
                  "Parallel Aware": false,
                  "Join Type": "Inner",
                  "Startup Cost": 1823.72,
                  "Total Cost": 41227.34,
                  "Plan Rows": 158,
                  "Plan Width": 0,
                  "Actual Startup Time": 14.98,
                  "Actual Total Time": 52.742,
                  "Actual Rows": 347,
                  "Actual Loops": 5,
                  "Inner Unique": false,
                  "Plans": [
                    {
                      "Node Type": "Bitmap Heap Scan",
                      "Parent Relationship": "Outer",
                      "Parallel Aware": true,
                      "Relation Name": "title",
                      "Alias": "t",
                      "Startup Cost": 1823.29,
                      "Total Cost": 38204.64,
                      "Plan Rows": 153,
                      "Plan Width": 4,
                      "Actual Startup Time": 14.696,
                      "Actual Total Time": 45.874,
                      "Actual Rows": 211,
                      "Actual Loops": 5,
                      "Recheck Cond": "(kind_id = 3)",
                      "Rows Removed by Index Recheck": 0,
                      "Filter": "(production_year = 1973)",
                      "Rows Removed by Filter": 19896,
                      "Exact Heap Blocks": 6481,
                      "Lossy Heap Blocks": 0,
                      "Plans": [
                        {
                          "Node Type": "Bitmap Index Scan",
                          "Parent Relationship": "Outer",
                          "Parallel Aware": false,
                          "Index Name": "kind_id_title",
                          "Startup Cost": 0.0,
                          "Total Cost": 1823.13,
                          "Plan Rows": 102227,
                          "Plan Width": 0,
                          "Actual Startup Time": 17.936,
                          "Actual Total Time": 17.936,
                          "Actual Rows": 100537,
                          "Actual Loops": 1,
                          "Index Cond": "(kind_id = 3)"
                        }
                      ]
                    },
                    {
                      "Node Type": "Index Only Scan",
                      "Parent Relationship": "Inner",
                      "Parallel Aware": false,
                      "Scan Direction": "Forward",
                      "Index Name": "movie_id_movie_companies",
                      "Relation Name": "movie_companies",
                      "Alias": "mc",
                      "Startup Cost": 0.43,
                      "Total Cost": 19.71,
                      "Plan Rows": 5,
                      "Plan Width": 4,
                      "Actual Startup Time": 0.026,
                      "Actual Total Time": 0.031,
                      "Actual Rows": 2,
                      "Actual Loops": 1055,
                      "Index Cond": "(movie_id = t.id)",
                      "Rows Removed by Index Recheck": 0,
                      "Heap Fetches": 1734
                    }
                  ]
                }
              ]
            }
          ]
        }
      ]
    },
    "Planning Time": 0.643,
    "Triggers": [],
    "Execution Time": 69.721
  }
]