[
  {
    "Plan": {
      "Node Type": "Aggregate",
      "Strategy": "Plain",
      "Partial Mode": "Finalize",
      "Parallel Aware": false,
      "Startup Cost": 80653.23,
      "Total Cost": 80653.24,
      "Plan Rows": 1,
      "Plan Width": 8,
      "Actual Startup Time": 268.999,
      "Actual Total Time": 285.127,
      "Actual Rows": 1,
      "Actual Loops": 1,
      "Plans": [
        {
          "Node Type": "Gather",
          "Parent Relationship": "Outer",
          "Parallel Aware": false,
          "Startup Cost": 80652.91,
          "Total Cost": 80653.22,
          "Plan Rows": 3,
          "Plan Width": 8,
          "Actual Startup Time": 266.846,
          "Actual Total Time": 285.117,
          "Actual Rows": 4,
          "Actual Loops": 1,
          "Workers Planned": 3,
          "Workers Launched": 3,
          "Single Copy": false,
          "Plans": [
            {
              "Node Type": "Aggregate",
              "Strategy": "Plain",
              "Partial Mode": "Partial",
              "Parent Relationship": "Outer",
              "Parallel Aware": false,
              "Startup Cost": 79652.91,
              "Total Cost": 79652.92,
              "Plan Rows": 1,
              "Plan Width": 8,
              "Actual Startup Time": 261.446,
              "Actual Total Time": 261.45,
              "Actual Rows": 1,
              "Actual Loops": 4,
              "Plans": [
                {
                  "Node Type": "Hash Join",
                  "Parent Relationship": "Outer",
                  "Parallel Aware": true,
                  "Join Type": "Inner",
                  "Startup Cost": 47365.76,
                  "Total Cost": 79491.32,
                  "Plan Rows": 64635,
                  "Plan Width": 0,
                  "Actual Startup Time": 167.852,
                  "Actual Total Time": 257.224,
                  "Actual Rows": 103487,
                  "Actual Loops": 4,
                  "Inner Unique": true,
                  "Hash Cond": "(mc.movie_id = t.id)",
                  "Plans": [
                    {
                      "Node Type": "Seq Scan",
                      "Parent Relationship": "Outer",
                      "Parallel Aware": true,
                      "Relation Name": "movie_companies",
                      "Alias": "mc",
                      "Startup Cost": 0.0,
                      "Total Cost": 31414.82,
                      "Plan Rows": 270760,
                      "Plan Width": 4,
                      "Actual Startup Time": 30.103,
                      "Actual Total Time": 65.058,
                      "Actual Rows": 261946,
                      "Actual Loops": 4,
                      "Filter": "((company_id > 4064) AND (company_type_id = 2))",
                      "Rows Removed by Filter": 390336
                    },
                    {
                      "Node Type": "Hash",
                      "Parent Relationship": "Inner",
                      "Parallel Aware": true,
                      "Startup Cost": 45479.59,
                      "Total Cost": 45479.59,
                      "Plan Rows": 150894,
                      "Plan Width": 4,
                      "Actual Startup Time": 135.345,
                      "Actual Total Time": 135.346,
                      "Actual Rows": 126852,
                      "Actual Loops": 4,
                      "Hash Buckets": 1048576,
                      "Original Hash Buckets": 1048576,
                      "Hash Batches": 1,
                      "Original Hash Batches": 1,
                      "Peak Memory Usage": 28096,
                      "Plans": [
                        {
                          "Node Type": "Seq Scan",
                          "Parent Relationship": "Outer",
                          "Parallel Aware": true,
                          "Relation Name": "title",
                          "Alias": "t",
                          "Startup Cost": 0.0,
                          "Total Cost": 45479.59,
                          "Plan Rows": 150894,
                          "Plan Width": 4,
                          "Actual Startup Time": 0.028,
                          "Actual Total Time": 92.676,
                          "Actual Rows": 126852,
                          "Actual Loops": 4,
                          "Filter": "((kind_id < 7) AND (production_year > 1997))",
                          "Rows Removed by Filter": 505226
                        }
                      ]
                    }
                  ]
                }
              ]
            }
          ]
        }
      ]
    },
    "Planning Time": 0.248,
    "Triggers": [],
    "Execution Time": 285.169
  }
]