{
  "Plan": {
    "Node Type": "Aggregate",
    "Strategy": "Plain",
    "Partial Mode": "Finalize",
    "Parallel Aware": false,
    "Startup Cost": 211593.18,
    "Total Cost": 211593.19,
    "Plan Rows": 1,
    "Plan Width": 8,
    "Actual Startup Time": 1681.287,
    "Actual Total Time": 1706.904,
    "Actual Rows": 1,
    "Actual Loops": 1,
    "Plans": [
      {
        "Node Type": "Gather",
        "Parent Relationship": "Outer",
        "Parallel Aware": false,
        "Startup Cost": 211593.07,
        "Total Cost": 211593.18,
        "Plan Rows": 1,
        "Plan Width": 8,
        "Actual Startup Time": 1676.79,
        "Actual Total Time": 1706.895,
        "Actual Rows": 2,
        "Actual Loops": 1,
        "Workers Planned": 1,
        "Workers Launched": 1,
        "Single Copy": false,
        "Plans": [
          {
            "Node Type": "Aggregate",
            "Strategy": "Plain",
            "Partial Mode": "Partial",
            "Parent Relationship": "Outer",
            "Parallel Aware": false,
            "Startup Cost": 210593.07,
            "Total Cost": 210593.08,
            "Plan Rows": 1,
            "Plan Width": 8,
            "Actual Startup Time": 1670.634,
            "Actual Total Time": 1670.638,
            "Actual Rows": 1,
            "Actual Loops": 2,
            "Plans": [
              {
                "Node Type": "Hash Join",
                "Parent Relationship": "Outer",
                "Parallel Aware": true,
                "Join Type": "Inner",
                "Startup Cost": 66524.9,
                "Total Cost": 207743.42,
                "Plan Rows": 1139860,
                "Plan Width": 0,
                "Actual Startup Time": 402.898,
                "Actual Total Time": 1600.705,
                "Actual Rows": 1313474,
                "Actual Loops": 2,
                "Inner Unique": true,
                "Hash Cond": "(ci.movie_id = t.id)",
                "Plans": [
                  {
                    "Node Type": "Index Scan",
                    "Parent Relationship": "Outer",
                    "Parallel Aware": true,
                    "Scan Direction": "Forward",
                    "Index Name": "role_id_cast_info",
                    "Relation Name": "cast_info",
                    "Alias": "ci",
                    "Startup Cost": 0.56,
                    "Total Cost": 134450.3,
                    "Plan Rows": 2578582,
                    "Plan Width": 4,
                    "Actual Startup Time": 0.055,
                    "Actual Total Time": 387.976,
                    "Actual Rows": 2161509,
                    "Actual Loops": 2,
                    "Index Cond": "(role_id = 10)",
                    "Rows Removed by Index Recheck": 0
                  },
                  {
                    "Node Type": "Hash",
                    "Parent Relationship": "Inner",
                    "Parallel Aware": true,
                    "Startup Cost": 58306.47,
                    "Total Cost": 58306.47,
                    "Plan Rows": 657429,
                    "Plan Width": 4,
                    "Actual Startup Time": 390.796,
                    "Actual Total Time": 390.797,
                    "Actual Rows": 606543,
                    "Actual Loops": 2,
                    "Hash Buckets": 2097152,
                    "Original Hash Buckets": 2097152,
                    "Hash Batches": 1,
                    "Original Hash Batches": 1,
                    "Peak Memory Usage": 63872,
                    "Plans": [
                      {
                        "Node Type": "Seq Scan",
                        "Parent Relationship": "Outer",
                        "Parallel Aware": true,
                        "Relation Name": "title",
                        "Alias": "t",
                        "Startup Cost": 0.0,
                        "Total Cost": 58306.47,
                        "Plan Rows": 657429,
                        "Plan Width": 4,
                        "Actual Startup Time": 0.032,
                        "Actual Total Time": 198.454,
                        "Actual Rows": 606543,
                        "Actual Loops": 2,
                        "Filter": "((production_year > 1986) AND (kind_id = 7))",
                        "Rows Removed by Filter": 657613
                      }
                    ]
                  }
                ]
              }
            ]
          }
        ]
      }
    ]
  },
  "Planning Time": 0.388,
  "Triggers": [],
  "Execution Time": 1706.956
}