[
  {
    "Plan": {
      "Node Type": "Aggregate",
      "Strategy": "Plain",
      "Partial Mode": "Finalize",
      "Parallel Aware": false,
      "Startup Cost": 92869.44,
      "Total Cost": 92869.45,
      "Plan Rows": 1,
      "Plan Width": 8,
      "Actual Startup Time": 341.391,
      "Actual Total Time": 358.703,
      "Actual Rows": 1,
      "Actual Loops": 1,
      "Plans": [
        {
          "Node Type": "Gather",
          "Parent Relationship": "Outer",
          "Parallel Aware": false,
          "Startup Cost": 92869.12,
          "Total Cost": 92869.43,
          "Plan Rows": 3,
          "Plan Width": 8,
          "Actual Startup Time": 339.265,
          "Actual Total Time": 358.693,
          "Actual Rows": 4,
          "Actual Loops": 1,
          "Workers Planned": 3,
          "Workers Launched": 3,
          "Single Copy": false,
          "Plans": [
            {
              "Node Type": "Aggregate",
              "Strategy": "Plain",
              "Partial Mode": "Partial",
              "Parent Relationship": "Outer",
              "Parallel Aware": false,
              "Startup Cost": 91869.12,
              "Total Cost": 91869.13,
              "Plan Rows": 1,
              "Plan Width": 8,
              "Actual Startup Time": 330.45,
              "Actual Total Time": 330.454,
              "Actual Rows": 1,
              "Actual Loops": 4,
              "Plans": [
                {
                  "Node Type": "Hash Join",
                  "Parent Relationship": "Outer",
                  "Parallel Aware": true,
                  "Join Type": "Inner",
                  "Startup Cost": 46011.37,
                  "Total Cost": 91678.47,
                  "Plan Rows": 76261,
                  "Plan Width": 0,
                  "Actual Startup Time": 130.856,
                  "Actual Total Time": 322.245,
                  "Actual Rows": 204100,
                  "Actual Loops": 4,
                  "Inner Unique": true,
                  "Hash Cond": "(mk.movie_id = t.id)",
                  "Plans": [
                    {
                      "Node Type": "Seq Scan",
                      "Parent Relationship": "Outer",
                      "Parallel Aware": true,
                      "Relation Name": "movie_keyword",
                      "Alias": "mk",
                      "Startup Cost": 0.0,
                      "Total Cost": 42695.65,
                      "Plan Rows": 1131979,
                      "Plan Width": 4,
                      "Actual Startup Time": 0.064,
                      "Actual Total Time": 109.065,
                      "Actual Rows": 875787,
                      "Actual Loops": 4,
                      "Filter": "(keyword_id > 992)",
                      "Rows Removed by Filter": 255196
                    },
                    {
                      "Node Type": "Hash",
                      "Parent Relationship": "Inner",
                      "Parallel Aware": true,
                      "Startup Cost": 45479.1,
                      "Total Cost": 45479.1,
                      "Plan Rows": 42582,
                      "Plan Width": 4,
                      "Actual Startup Time": 128.275,
                      "Actual Total Time": 128.276,
                      "Actual Rows": 70434,
                      "Actual Loops": 4,
                      "Hash Buckets": 524288,
                      "Original Hash Buckets": 262144,
                      "Hash Batches": 1,
                      "Original Hash Batches": 1,
                      "Peak Memory Usage": 17248,
                      "Plans": [
                        {
                          "Node Type": "Seq Scan",
                          "Parent Relationship": "Outer",
                          "Parallel Aware": true,
                          "Relation Name": "title",
                          "Alias": "t",
                          "Startup Cost": 0.0,
                          "Total Cost": 45479.1,
                          "Plan Rows": 42582,
                          "Plan Width": 4,
                          "Actual Startup Time": 0.139,
                          "Actual Total Time": 99.91,
                          "Actual Rows": 70434,
                          "Actual Loops": 4,
                          "Filter": "((kind_id < 6) AND (production_year < 1976))",
                          "Rows Removed by Filter": 561644
                        }
                      ]
                    }
                  ]
                }
              ]
            }
          ]
        }
      ]
    },
    "Planning Time": 0.681,
    "Triggers": [],
    "Execution Time": 358.777
  }
]