[
  {
    "Plan": {
      "Node Type": "Aggregate",
      "Strategy": "Plain",
      "Partial Mode": "Finalize",
      "Parallel Aware": false,
      "Startup Cost": 68531.11,
      "Total Cost": 68531.12,
      "Plan Rows": 1,
      "Plan Width": 8,
      "Actual Startup Time": 151.196,
      "Actual Total Time": 158.765,
      "Actual Rows": 1,
      "Actual Loops": 1,
      "Plans": [
        {
          "Node Type": "Gather",
          "Parent Relationship": "Outer",
          "Parallel Aware": false,
          "Startup Cost": 68530.69,
          "Total Cost": 68531.1,
          "Plan Rows": 4,
          "Plan Width": 8,
          "Actual Startup Time": 150.721,
          "Actual Total Time": 158.759,
          "Actual Rows": 5,
          "Actual Loops": 1,
          "Workers Planned": 4,
          "Workers Launched": 4,
          "Single Copy": false,
          "Plans": [
            {
              "Node Type": "Aggregate",
              "Strategy": "Plain",
              "Partial Mode": "Partial",
              "Parent Relationship": "Outer",
              "Parallel Aware": false,
              "Startup Cost": 67530.69,
              "Total Cost": 67530.7,
              "Plan Rows": 1,
              "Plan Width": 8,
              "Actual Startup Time": 144.912,
              "Actual Total Time": 144.916,
              "Actual Rows": 1,
              "Actual Loops": 5,
              "Plans": [
                {
                  "Node Type": "Hash Join",
                  "Parent Relationship": "Outer",
                  "Parallel Aware": true,
                  "Join Type": "Inner",
                  "Startup Cost": 21263.92,
                  "Total Cost": 67510.36,
                  "Plan Rows": 8132,
                  "Plan Width": 0,
                  "Actual Startup Time": 122.167,
                  "Actual Total Time": 144.716,
                  "Actual Rows": 2653,
                  "Actual Loops": 5,
                  "Inner Unique": false,
                  "Hash Cond": "(t.id = mc.movie_id)",
                  "Plans": [
                    {
                      "Node Type": "Seq Scan",
                      "Parent Relationship": "Outer",
                      "Parallel Aware": true,
                      "Relation Name": "title",
                      "Alias": "t",
                      "Startup Cost": 0.0,
                      "Total Cost": 43899.01,
                      "Plan Rows": 464242,
                      "Plan Width": 4,
                      "Actual Startup Time": 0.015,
                      "Actual Total Time": 74.854,
                      "Actual Rows": 373097,
                      "Actual Loops": 5,
                      "Filter": "(kind_id > 1)",
                      "Rows Removed by Filter": 132565
                    },
                    {
                      "Node Type": "Hash",
                      "Parent Relationship": "Inner",
                      "Parallel Aware": true,
                      "Startup Cost": 21085.34,
                      "Total Cost": 21085.34,
                      "Plan Rows": 14286,
                      "Plan Width": 4,
                      "Actual Startup Time": 23.304,
                      "Actual Total Time": 23.305,
                      "Actual Rows": 17760,
                      "Actual Loops": 5,
                      "Hash Buckets": 131072,
                      "Original Hash Buckets": 65536,
                      "Hash Batches": 1,
                      "Original Hash Batches": 1,
                      "Peak Memory Usage": 5088,
                      "Plans": [
                        {
                          "Node Type": "Bitmap Heap Scan",
                          "Parent Relationship": "Outer",
                          "Parallel Aware": true,
                          "Relation Name": "movie_companies",
                          "Alias": "mc",
                          "Startup Cost": 1875.01,
                          "Total Cost": 21085.34,
                          "Plan Rows": 14286,
                          "Plan Width": 4,
                          "Actual Startup Time": 2.357,
                          "Actual Total Time": 13.841,
                          "Actual Rows": 17760,
                          "Actual Loops": 5,
                          "Recheck Cond": "(company_id > 164442)",
                          "Rows Removed by Index Recheck": 0,
                          "Filter": "(company_type_id = 2)",
                          "Rows Removed by Filter": 0,
                          "Exact Heap Blocks": 1186,
                          "Lossy Heap Blocks": 0,
                          "Plans": [
                            {
                              "Node Type": "Bitmap Index Scan",
                              "Parent Relationship": "Outer",
                              "Parallel Aware": false,
                              "Index Name": "company_id_movie_companies",
                              "Startup Cost": 0.0,
                              "Total Cost": 1863.94,
                              "Plan Rows": 86868,
                              "Plan Width": 0,
                              "Actual Startup Time": 5.415,
                              "Actual Total Time": 5.415,
                              "Actual Rows": 88802,
                              "Actual Loops": 1,
                              "Index Cond": "(company_id > 164442)"
                            }
                          ]
                        }
                      ]
                    }
                  ]
                }
              ]
            }
          ]
        }
      ]
    },
    "Planning Time": 0.235,
    "Triggers": [],
    "Execution Time": 158.804
  }
]