{
    "Plan": {
        "Node Type": "Aggregate",
        "Strategy": "Plain",
        "Partial Mode": "Finalize",
        "Parallel Aware": false,
        "Startup Cost": 390422.61,
        "Total Cost": 390422.62,
        "Plan Rows": 1,
        "Plan Width": 8,
        "Actual Startup Time": 822.791,
        "Actual Total Time": 869.652,
        "Actual Rows": 1,
        "Actual Loops": 1,
        "Output": [
            "count(*)"
        ],
        "Plans": [
            {
                "Node Type": "Gather",
                "Parent Relationship": "Outer",
                "Parallel Aware": false,
                "Startup Cost": 390421.99,
                "Total Cost": 390422.6,
                "Plan Rows": 6,
                "Plan Width": 8,
                "Actual Startup Time": 821.828,
                "Actual Total Time": 869.641,
                "Actual Rows": 7,
                "Actual Loops": 1,
                "Output": [
                    "(PARTIAL count(*))"
                ],
                "Workers Planned": 6,
                "Workers Launched": 6,
                "Single Copy": false,
                "Plans": [
                    {
                        "Node Type": "Aggregate",
                        "Strategy": "Plain",
                        "Partial Mode": "Partial",
                        "Parent Relationship": "Outer",
                        "Parallel Aware": false,
                        "Startup Cost": 389421.99,
                        "Total Cost": 389422.0,
                        "Plan Rows": 1,
                        "Plan Width": 8,
                        "Actual Startup Time": 811.812,
                        "Actual Total Time": 811.815,
                        "Actual Rows": 1,
                        "Actual Loops": 7,
                        "Output": [
                            "PARTIAL count(*)"
                        ],
                        "Workers": [
                            {
                                "Worker Number": 0,
                                "Actual Startup Time": 812.301,
                                "Actual Total Time": 812.303,
                                "Actual Rows": 1,
                                "Actual Loops": 1
                            },
                            {
                                "Worker Number": 1,
                                "Actual Startup Time": 809.352,
                                "Actual Total Time": 809.355,
                                "Actual Rows": 1,
                                "Actual Loops": 1
                            },
                            {
                                "Worker Number": 2,
                                "Actual Startup Time": 809.665,
                                "Actual Total Time": 809.668,
                                "Actual Rows": 1,
                                "Actual Loops": 1
                            },
                            {
                                "Worker Number": 3,
                                "Actual Startup Time": 810.465,
                                "Actual Total Time": 810.468,
                                "Actual Rows": 1,
                                "Actual Loops": 1
                            },
                            {
                                "Worker Number": 4,
                                "Actual Startup Time": 809.847,
                                "Actual Total Time": 809.849,
                                "Actual Rows": 1,
                                "Actual Loops": 1
                            },
                            {
                                "Worker Number": 5,
                                "Actual Startup Time": 810.174,
                                "Actual Total Time": 810.177,
                                "Actual Rows": 1,
                                "Actual Loops": 1
                            }
                        ],
                        "Plans": [
                            {
                                "Node Type": "Hash Join",
                                "Parent Relationship": "Outer",
                                "Parallel Aware": true,
                                "Join Type": "Inner",
                                "Startup Cost": 44190.82,
                                "Total Cost": 389357.01,
                                "Plan Rows": 25990,
                                "Plan Width": 0,
                                "Actual Startup Time": 455.582,
                                "Actual Total Time": 809.745,
                                "Actual Rows": 34187,
                                "Actual Loops": 7,
                                "Inner Unique": true,
                                "Hash Cond": "(ci.movie_id = t.id)",
                                "Workers": [
                                    {
                                        "Worker Number": 0,
                                        "Actual Startup Time": 455.951,
                                        "Actual Total Time": 810.063,
                                        "Actual Rows": 23984,
                                        "Actual Loops": 1
                                    },
                                    {
                                        "Worker Number": 1,
                                        "Actual Startup Time": 453.15,
                                        "Actual Total Time": 807.081,
                                        "Actual Rows": 24836,
                                        "Actual Loops": 1
                                    },
                                    {
                                        "Worker Number": 2,
                                        "Actual Startup Time": 453.506,
                                        "Actual Total Time": 807.672,
                                        "Actual Rows": 36427,
                                        "Actual Loops": 1
                                    },
                                    {
                                        "Worker Number": 3,
                                        "Actual Startup Time": 454.245,
                                        "Actual Total Time": 808.396,
                                        "Actual Rows": 37731,
                                        "Actual Loops": 1
                                    },
                                    {
                                        "Worker Number": 4,
                                        "Actual Startup Time": 453.699,
                                        "Actual Total Time": 807.847,
                                        "Actual Rows": 36598,
                                        "Actual Loops": 1
                                    },
                                    {
                                        "Worker Number": 5,
                                        "Actual Startup Time": 453.926,
                                        "Actual Total Time": 808.185,
                                        "Actual Rows": 36145,
                                        "Actual Loops": 1
                                    }
                                ],
                                "Plans": [
                                    {
                                        "Node Type": "Seq Scan",
                                        "Parent Relationship": "Outer",
                                        "Parallel Aware": true,
                                        "Relation Name": "cast_info",
                                        "Schema": "public",
                                        "Alias": "ci",
                                        "Startup Cost": 0.0,
                                        "Total Cost": 343318.94,
                                        "Plan Rows": 703715,
                                        "Plan Width": 4,
                                        "Actual Startup Time": 376.419,
                                        "Actual Total Time": 604.999,
                                        "Actual Rows": 925230,
                                        "Actual Loops": 7,
                                        "Output": [
                                            "ci.id",
                                            "ci.person_id",
                                            "ci.movie_id",
                                            "ci.person_role_id",
                                            "ci.note",
                                            "ci.nr_order",
                                            "ci.role_id"
                                        ],
                                        "Filter": "((ci.person_id > 3008858) AND (ci.role_id > 1))",
                                        "Rows Removed by Filter": 4252533,
                                        "Workers": [
                                            {
                                                "Worker Number": 0,
                                                "Actual Startup Time": 376.473,
                                                "Actual Total Time": 603.396,
                                                "Actual Rows": 662654,
                                                "Actual Loops": 1
                                            },
                                            {
                                                "Worker Number": 1,
                                                "Actual Startup Time": 376.327,
                                                "Actual Total Time": 606.826,
                                                "Actual Rows": 662742,
                                                "Actual Loops": 1
                                            },
                                            {
                                                "Worker Number": 2,
                                                "Actual Startup Time": 376.322,
                                                "Actual Total Time": 606.255,
                                                "Actual Rows": 986403,
                                                "Actual Loops": 1
                                            },
                                            {
                                                "Worker Number": 3,
                                                "Actual Startup Time": 376.479,
                                                "Actual Total Time": 603.467,
                                                "Actual Rows": 993238,
                                                "Actual Loops": 1
                                            },
                                            {
                                                "Worker Number": 4,
                                                "Actual Startup Time": 376.344,
                                                "Actual Total Time": 606.573,
                                                "Actual Rows": 997877,
                                                "Actual Loops": 1
                                            },
                                            {
                                                "Worker Number": 5,
                                                "Actual Startup Time": 376.487,
                                                "Actual Total Time": 605.603,
                                                "Actual Rows": 976242,
                                                "Actual Loops": 1
                                            }
                                        ]
                                    },
                                    {
                                        "Node Type": "Hash",
                                        "Parent Relationship": "Inner",
                                        "Parallel Aware": true,
                                        "Startup Cost": 43899.01,
                                        "Total Cost": 43899.01,
                                        "Plan Rows": 23345,
                                        "Plan Width": 4,
                                        "Actual Startup Time": 77.439,
                                        "Actual Total Time": 77.44,
                                        "Actual Rows": 13572,
                                        "Actual Loops": 7,
                                        "Output": [
                                            "t.id"
                                        ],
                                        "Hash Buckets": 131072,
                                        "Original Hash Buckets": 131072,
                                        "Hash Batches": 1,
                                        "Original Hash Batches": 1,
                                        "Peak Memory Usage": 4896,
                                        "Workers": [
                                            {
                                                "Worker Number": 0,
                                                "Actual Startup Time": 78.837,
                                                "Actual Total Time": 78.838,
                                                "Actual Rows": 10695,
                                                "Actual Loops": 1
                                            },
                                            {
                                                "Worker Number": 1,
                                                "Actual Startup Time": 75.779,
                                                "Actual Total Time": 75.78,
                                                "Actual Rows": 9961,
                                                "Actual Loops": 1
                                            },
                                            {
                                                "Worker Number": 2,
                                                "Actual Startup Time": 76.072,
                                                "Actual Total Time": 76.073,
                                                "Actual Rows": 12563,
                                                "Actual Loops": 1
                                            },
                                            {
                                                "Worker Number": 3,
                                                "Actual Startup Time": 76.92,
                                                "Actual Total Time": 76.922,
                                                "Actual Rows": 12628,
                                                "Actual Loops": 1
                                            },
                                            {
                                                "Worker Number": 4,
                                                "Actual Startup Time": 76.238,
                                                "Actual Total Time": 76.238,
                                                "Actual Rows": 12615,
                                                "Actual Loops": 1
                                            },
                                            {
                                                "Worker Number": 5,
                                                "Actual Startup Time": 76.544,
                                                "Actual Total Time": 76.545,
                                                "Actual Rows": 12457,
                                                "Actual Loops": 1
                                            }
                                        ],
                                        "Plans": [
                                            {
                                                "Node Type": "Seq Scan",
                                                "Parent Relationship": "Outer",
                                                "Parallel Aware": true,
                                                "Relation Name": "title",
                                                "Schema": "public",
                                                "Alias": "t",
                                                "Startup Cost": 0.0,
                                                "Total Cost": 43899.01,
                                                "Plan Rows": 23345,
                                                "Plan Width": 4,
                                                "Actual Startup Time": 0.06,
                                                "Actual Total Time": 69.939,
                                                "Actual Rows": 13572,
                                                "Actual Loops": 7,
                                                "Output": [
                                                    "t.id"
                                                ],
                                                "Filter": "(t.production_year = 2005)",
                                                "Rows Removed by Filter": 347615,
                                                "Workers": [
                                                    {
                                                        "Worker Number": 0,
                                                        "Actual Startup Time": 0.057,
                                                        "Actual Total Time": 71.371,
                                                        "Actual Rows": 10695,
                                                        "Actual Loops": 1
                                                    },
                                                    {
                                                        "Worker Number": 1,
                                                        "Actual Startup Time": 0.06,
                                                        "Actual Total Time": 69.068,
                                                        "Actual Rows": 9961,
                                                        "Actual Loops": 1
                                                    },
                                                    {
                                                        "Worker Number": 2,
                                                        "Actual Startup Time": 0.084,
                                                        "Actual Total Time": 68.417,
                                                        "Actual Rows": 12563,
                                                        "Actual Loops": 1
                                                    },
                                                    {
                                                        "Worker Number": 3,
                                                        "Actual Startup Time": 0.058,
                                                        "Actual Total Time": 69.636,
                                                        "Actual Rows": 12628,
                                                        "Actual Loops": 1
                                                    },
                                                    {
                                                        "Worker Number": 4,
                                                        "Actual Startup Time": 0.071,
                                                        "Actual Total Time": 68.587,
                                                        "Actual Rows": 12615,
                                                        "Actual Loops": 1
                                                    },
                                                    {
                                                        "Worker Number": 5,
                                                        "Actual Startup Time": 0.066,
                                                        "Actual Total Time": 69.432,
                                                        "Actual Rows": 12457,
                                                        "Actual Loops": 1
                                                    }
                                                ]
                                            }
                                        ]
                                    }
                                ]
                            }
                        ]
                    }
                ]
            }
        ]
    },
    "Planning Time": 0.779,
    "Triggers": [],
    "Execution Time": 869.739
}