[
  {
    "Plan": {
      "Node Type": "Aggregate",
      "Strategy": "Plain",
      "Partial Mode": "Finalize",
      "Parallel Aware": false,
      "Startup Cost": 70649.59,
      "Total Cost": 70649.6,
      "Plan Rows": 1,
      "Plan Width": 8,
      "Actual Startup Time": 112.998,
      "Actual Total Time": 127.941,
      "Actual Rows": 1,
      "Actual Loops": 1,
      "Plans": [
        {
          "Node Type": "Gather",
          "Parent Relationship": "Outer",
          "Parallel Aware": false,
          "Startup Cost": 70649.17,
          "Total Cost": 70649.58,
          "Plan Rows": 4,
          "Plan Width": 8,
          "Actual Startup Time": 112.856,
          "Actual Total Time": 127.93,
          "Actual Rows": 5,
          "Actual Loops": 1,
          "Workers Planned": 4,
          "Workers Launched": 4,
          "Single Copy": false,
          "Plans": [
            {
              "Node Type": "Aggregate",
              "Strategy": "Plain",
              "Partial Mode": "Partial",
              "Parent Relationship": "Outer",
              "Parallel Aware": false,
              "Startup Cost": 69649.17,
              "Total Cost": 69649.18,
              "Plan Rows": 1,
              "Plan Width": 8,
              "Actual Startup Time": 104.688,
              "Actual Total Time": 104.69,
              "Actual Rows": 1,
              "Actual Loops": 5,
              "Plans": [
                {
                  "Node Type": "Nested Loop",
                  "Parent Relationship": "Outer",
                  "Parallel Aware": false,
                  "Join Type": "Inner",
                  "Startup Cost": 0.43,
                  "Total Cost": 69635.71,
                  "Plan Rows": 5383,
                  "Plan Width": 0,
                  "Actual Startup Time": 1.216,
                  "Actual Total Time": 104.056,
                  "Actual Rows": 11127,
                  "Actual Loops": 5,
                  "Inner Unique": false,
                  "Plans": [
                    {
                      "Node Type": "Seq Scan",
                      "Parent Relationship": "Outer",
                      "Parallel Aware": true,
                      "Relation Name": "title",
                      "Alias": "t",
                      "Startup Cost": 0.0,
                      "Total Cost": 45479.59,
                      "Plan Rows": 3009,
                      "Plan Width": 4,
                      "Actual Startup Time": 0.544,
                      "Actual Total Time": 75.467,
                      "Actual Rows": 2228,
                      "Actual Loops": 5,
                      "Filter": "((kind_id < 7) AND (production_year = 1994))",
                      "Rows Removed by Filter": 503434
                    },
                    {
                      "Node Type": "Index Only Scan",
                      "Parent Relationship": "Inner",
                      "Parallel Aware": false,
                      "Scan Direction": "Forward",
                      "Index Name": "movie_id_movie_keyword",
                      "Relation Name": "movie_keyword",
                      "Alias": "mk",
                      "Startup Cost": 0.43,
                      "Total Cost": 7.57,
                      "Plan Rows": 46,
                      "Plan Width": 4,
                      "Actual Startup Time": 0.011,
                      "Actual Total Time": 0.012,
                      "Actual Rows": 5,
                      "Actual Loops": 11141,
                      "Index Cond": "(movie_id = t.id)",
                      "Rows Removed by Index Recheck": 0,
                      "Heap Fetches": 55637
                    }
                  ]
                }
              ]
            }
          ]
        }
      ]
    },
    "Planning Time": 0.249,
    "Triggers": [],
    "Execution Time": 127.979
  }
]