[
  {
    "Plan": {
      "Node Type": "Aggregate",
      "Strategy": "Plain",
      "Partial Mode": "Finalize",
      "Parallel Aware": false,
      "Startup Cost": 117220.78,
      "Total Cost": 117220.79,
      "Plan Rows": 1,
      "Plan Width": 8,
      "Actual Startup Time": 837.438,
      "Actual Total Time": 865.862,
      "Actual Rows": 1,
      "Actual Loops": 1,
      "Plans": [
        {
          "Node Type": "Gather",
          "Parent Relationship": "Outer",
          "Parallel Aware": false,
          "Startup Cost": 117220.46,
          "Total Cost": 117220.77,
          "Plan Rows": 3,
          "Plan Width": 8,
          "Actual Startup Time": 831.848,
          "Actual Total Time": 865.852,
          "Actual Rows": 4,
          "Actual Loops": 1,
          "Workers Planned": 3,
          "Workers Launched": 3,
          "Single Copy": false,
          "Plans": [
            {
              "Node Type": "Aggregate",
              "Strategy": "Plain",
              "Partial Mode": "Partial",
              "Parent Relationship": "Outer",
              "Parallel Aware": false,
              "Startup Cost": 116220.46,
              "Total Cost": 116220.47,
              "Plan Rows": 1,
              "Plan Width": 8,
              "Actual Startup Time": 829.141,
              "Actual Total Time": 829.145,
              "Actual Rows": 1,
              "Actual Loops": 4,
              "Plans": [
                {
                  "Node Type": "Nested Loop",
                  "Parent Relationship": "Outer",
                  "Parallel Aware": false,
                  "Join Type": "Inner",
                  "Startup Cost": 45578.7,
                  "Total Cost": 116180.86,
                  "Plan Rows": 15839,
                  "Plan Width": 0,
                  "Actual Startup Time": 123.316,
                  "Actual Total Time": 793.206,
                  "Actual Rows": 830186,
                  "Actual Loops": 4,
                  "Inner Unique": false,
                  "Join Filter": "(t.id = mi.movie_id)",
                  "Rows Removed by Join Filter": 0,
                  "Plans": [
                    {
                      "Node Type": "Hash Join",
                      "Parent Relationship": "Outer",
                      "Parallel Aware": true,
                      "Join Type": "Inner",
                      "Startup Cost": 45578.26,
                      "Total Cost": 88456.34,
                      "Plan Rows": 18226,
                      "Plan Width": 8,
                      "Actual Startup Time": 123.146,
                      "Actual Total Time": 252.275,
                      "Actual Rows": 25120,
                      "Actual Loops": 4,
                      "Inner Unique": true,
                      "Hash Cond": "(mk.movie_id = t.id)",
                      "Plans": [
                        {
                          "Node Type": "Seq Scan",
                          "Parent Relationship": "Outer",
                          "Parallel Aware": true,
                          "Relation Name": "movie_keyword",
                          "Alias": "mk",
                          "Startup Cost": 0.0,
                          "Total Cost": 39047.32,
                          "Plan Rows": 1459332,
                          "Plan Width": 4,
                          "Actual Startup Time": 0.034,
                          "Actual Total Time": 80.031,
                          "Actual Rows": 1130982,
                          "Actual Loops": 4
                        },
                        {
                          "Node Type": "Hash",
                          "Parent Relationship": "Inner",
                          "Parallel Aware": true,
                          "Startup Cost": 45479.59,
                          "Total Cost": 45479.59,
                          "Plan Rows": 7894,
                          "Plan Width": 4,
                          "Actual Startup Time": 91.194,
                          "Actual Total Time": 91.195,
                          "Actual Rows": 4443,
                          "Actual Loops": 4,
                          "Hash Buckets": 32768,
                          "Original Hash Buckets": 32768,
                          "Hash Batches": 1,
                          "Original Hash Batches": 1,
                          "Peak Memory Usage": 1024,
                          "Plans": [
                            {
                              "Node Type": "Seq Scan",
                              "Parent Relationship": "Outer",
                              "Parallel Aware": true,
                              "Relation Name": "title",
                              "Alias": "t",
                              "Startup Cost": 0.0,
                              "Total Cost": 45479.59,
                              "Plan Rows": 7894,
                              "Plan Width": 4,
                              "Actual Startup Time": 53.383,
                              "Actual Total Time": 89.264,
                              "Actual Rows": 4443,
                              "Actual Loops": 4,
                              "Filter": "((kind_id = 1) AND (production_year = 2007))",
                              "Rows Removed by Filter": 627635
                            }
                          ]
                        }
                      ]
                    },
                    {
                      "Node Type": "Index Scan",
                      "Parent Relationship": "Inner",
                      "Parallel Aware": false,
                      "Scan Direction": "Forward",
                      "Index Name": "movie_id_movie_info",
                      "Relation Name": "movie_info",
                      "Alias": "mi",
                      "Startup Cost": 0.43,
                      "Total Cost": 1.45,
                      "Plan Rows": 6,
                      "Plan Width": 4,
                      "Actual Startup Time": 0.004,
                      "Actual Total Time": 0.019,
                      "Actual Rows": 33,
                      "Actual Loops": 100482,
                      "Index Cond": "(movie_id = mk.movie_id)",
                      "Rows Removed by Index Recheck": 0,
                      "Filter": "(info_type_id > 16)",
                      "Rows Removed by Filter": 61
                    }
                  ]
                }
              ]
            }
          ]
        }
      ]
    },
    "Planning Time": 1.161,
    "Triggers": [],
    "Execution Time": 865.917
  }
]