[
  {
    "Plan": {
      "Node Type": "Aggregate",
      "Strategy": "Plain",
      "Partial Mode": "Finalize",
      "Parallel Aware": false,
      "Startup Cost": 31809.96,
      "Total Cost": 31809.97,
      "Plan Rows": 1,
      "Plan Width": 8,
      "Actual Startup Time": 116.279,
      "Actual Total Time": 123.89,
      "Actual Rows": 1,
      "Actual Loops": 1,
      "Plans": [
        {
          "Node Type": "Gather",
          "Parent Relationship": "Outer",
          "Parallel Aware": false,
          "Startup Cost": 31809.64,
          "Total Cost": 31809.95,
          "Plan Rows": 3,
          "Plan Width": 8,
          "Actual Startup Time": 116.159,
          "Actual Total Time": 123.881,
          "Actual Rows": 4,
          "Actual Loops": 1,
          "Workers Planned": 3,
          "Workers Launched": 3,
          "Single Copy": false,
          "Plans": [
            {
              "Node Type": "Aggregate",
              "Strategy": "Plain",
              "Partial Mode": "Partial",
              "Parent Relationship": "Outer",
              "Parallel Aware": false,
              "Startup Cost": 30809.64,
              "Total Cost": 30809.65,
              "Plan Rows": 1,
              "Plan Width": 8,
              "Actual Startup Time": 109.206,
              "Actual Total Time": 109.207,
              "Actual Rows": 1,
              "Actual Loops": 4,
              "Plans": [
                {
                  "Node Type": "Seq Scan",
                  "Parent Relationship": "Outer",
                  "Parallel Aware": true,
                  "Relation Name": "movie_companies",
                  "Alias": "mc",
                  "Startup Cost": 0.0,
                  "Total Cost": 29310.68,
                  "Plan Rows": 599583,
                  "Plan Width": 0,
                  "Actual Startup Time": 0.04,
                  "Actual Total Time": 84.396,
                  "Actual Rows": 461053,
                  "Actual Loops": 4,
                  "Filter": "(company_id < 34710)",
                  "Rows Removed by Filter": 191229
                }
              ]
            }
          ]
        }
      ]
    },
    "Planning Time": 0.186,
    "Triggers": [],
    "Execution Time": 123.946
  }
]