[
  {
    "Plan": {
      "Node Type": "Aggregate",
      "Strategy": "Plain",
      "Partial Mode": "Finalize",
      "Parallel Aware": false,
      "Startup Cost": 333835.58,
      "Total Cost": 333835.59,
      "Plan Rows": 1,
      "Plan Width": 8,
      "Actual Startup Time": 419.367,
      "Actual Total Time": 439.27,
      "Actual Rows": 1,
      "Actual Loops": 1,
      "Plans": [
        {
          "Node Type": "Gather",
          "Parent Relationship": "Outer",
          "Parallel Aware": false,
          "Startup Cost": 333834.96,
          "Total Cost": 333835.57,
          "Plan Rows": 6,
          "Plan Width": 8,
          "Actual Startup Time": 419.261,
          "Actual Total Time": 439.26,
          "Actual Rows": 7,
          "Actual Loops": 1,
          "Workers Planned": 6,
          "Workers Launched": 6,
          "Single Copy": false,
          "Plans": [
            {
              "Node Type": "Aggregate",
              "Strategy": "Plain",
              "Partial Mode": "Partial",
              "Parent Relationship": "Outer",
              "Parallel Aware": false,
              "Startup Cost": 332834.96,
              "Total Cost": 332834.97,
              "Plan Rows": 1,
              "Plan Width": 8,
              "Actual Startup Time": 410.474,
              "Actual Total Time": 410.475,
              "Actual Rows": 1,
              "Actual Loops": 7,
              "Plans": [
                {
                  "Node Type": "Index Scan",
                  "Parent Relationship": "Outer",
                  "Parallel Aware": true,
                  "Scan Direction": "Forward",
                  "Index Name": "role_id_cast_info",
                  "Relation Name": "cast_info",
                  "Alias": "ci",
                  "Startup Cost": 0.56,
                  "Total Cost": 331632.96,
                  "Plan Rows": 480798,
                  "Plan Width": 0,
                  "Actual Startup Time": 0.279,
                  "Actual Total Time": 397.364,
                  "Actual Rows": 247626,
                  "Actual Loops": 7,
                  "Index Cond": "(role_id > 3)",
                  "Rows Removed by Index Recheck": 0,
                  "Filter": "(person_id < 845891)",
                  "Rows Removed by Filter": 1482895
                }
              ]
            }
          ]
        }
      ]
    },
    "Planning Time": 0.239,
    "Triggers": [],
    "Execution Time": 439.338
  }
]