[
  {
    "Plan": {
      "Node Type": "Aggregate",
      "Strategy": "Plain",
      "Partial Mode": "Finalize",
      "Parallel Aware": false,
      "Startup Cost": 90474.07,
      "Total Cost": 90474.08,
      "Plan Rows": 1,
      "Plan Width": 8,
      "Actual Startup Time": 358.486,
      "Actual Total Time": 384.979,
      "Actual Rows": 1,
      "Actual Loops": 1,
      "Plans": [
        {
          "Node Type": "Gather",
          "Parent Relationship": "Outer",
          "Parallel Aware": false,
          "Startup Cost": 90473.75,
          "Total Cost": 90474.06,
          "Plan Rows": 3,
          "Plan Width": 8,
          "Actual Startup Time": 357.704,
          "Actual Total Time": 384.969,
          "Actual Rows": 4,
          "Actual Loops": 1,
          "Workers Planned": 3,
          "Workers Launched": 3,
          "Single Copy": false,
          "Plans": [
            {
              "Node Type": "Aggregate",
              "Strategy": "Plain",
              "Partial Mode": "Partial",
              "Parent Relationship": "Outer",
              "Parallel Aware": false,
              "Startup Cost": 89473.75,
              "Total Cost": 89473.76,
              "Plan Rows": 1,
              "Plan Width": 8,
              "Actual Startup Time": 339.375,
              "Actual Total Time": 339.378,
              "Actual Rows": 1,
              "Actual Loops": 4,
              "Plans": [
                {
                  "Node Type": "Hash Join",
                  "Parent Relationship": "Outer",
                  "Parallel Aware": true,
                  "Join Type": "Inner",
                  "Startup Cost": 44287.38,
                  "Total Cost": 89362.34,
                  "Plan Rows": 44565,
                  "Plan Width": 0,
                  "Actual Startup Time": 124.347,
                  "Actual Total Time": 337.532,
                  "Actual Rows": 28520,
                  "Actual Loops": 4,
                  "Inner Unique": true,
                  "Hash Cond": "(mk.movie_id = t.id)",
                  "Plans": [
                    {
                      "Node Type": "Seq Scan",
                      "Parent Relationship": "Outer",
                      "Parallel Aware": true,
                      "Relation Name": "movie_keyword",
                      "Alias": "mk",
                      "Startup Cost": 0.0,
                      "Total Cost": 42695.65,
                      "Plan Rows": 906402,
                      "Plan Width": 4,
                      "Actual Startup Time": 0.034,
                      "Actual Total Time": 140.733,
                      "Actual Rows": 701678,
                      "Actual Loops": 4,
                      "Filter": "(keyword_id < 8275)",
                      "Rows Removed by Filter": 429305
                    },
                    {
                      "Node Type": "Hash",
                      "Parent Relationship": "Inner",
                      "Parallel Aware": true,
                      "Startup Cost": 43898.92,
                      "Total Cost": 43898.92,
                      "Plan Rows": 31077,
                      "Plan Width": 4,
                      "Actual Startup Time": 122.925,
                      "Actual Total Time": 122.926,
                      "Actual Rows": 29891,
                      "Actual Loops": 4,
                      "Hash Buckets": 131072,
                      "Original Hash Buckets": 131072,
                      "Hash Batches": 1,
                      "Original Hash Batches": 1,
                      "Peak Memory Usage": 5760,
                      "Plans": [
                        {
                          "Node Type": "Seq Scan",
                          "Parent Relationship": "Outer",
                          "Parallel Aware": true,
                          "Relation Name": "title",
                          "Alias": "t",
                          "Startup Cost": 0.0,
                          "Total Cost": 43898.92,
                          "Plan Rows": 31077,
                          "Plan Width": 4,
                          "Actual Startup Time": 0.065,
                          "Actual Total Time": 108.924,
                          "Actual Rows": 29891,
                          "Actual Loops": 4,
                          "Filter": "(production_year = 2007)",
                          "Rows Removed by Filter": 602187
                        }
                      ]
                    }
                  ]
                }
              ]
            }
          ]
        }
      ]
    },
    "Planning Time": 0.65,
    "Triggers": [],
    "Execution Time": 385.053
  }
]