[
    {
        "Bao": {
            "Bao prediction": 703.277,
            "Bao recommended hint": "(no hint)"
        }
    },
    {
        "Plan": {
            "Node Type": "Aggregate",
            "Strategy": "Plain",
            "Partial Mode": "Finalize",
            "Parallel Aware": false,
            "Startup Cost": 399242.91,
            "Total Cost": 399242.92,
            "Plan Rows": 1,
            "Plan Width": 8,
            "Actual Startup Time": 1145.045,
            "Actual Total Time": 1178.601,
            "Actual Rows": 1,
            "Actual Loops": 1,
            "Output": [
                "count(*)"
            ],
            "Plans": [
                {
                    "Node Type": "Gather",
                    "Parent Relationship": "Outer",
                    "Parallel Aware": false,
                    "Startup Cost": 399242.28,
                    "Total Cost": 399242.89,
                    "Plan Rows": 6,
                    "Plan Width": 8,
                    "Actual Startup Time": 1143.86,
                    "Actual Total Time": 1178.591,
                    "Actual Rows": 7,
                    "Actual Loops": 1,
                    "Output": [
                        "(PARTIAL count(*))"
                    ],
                    "Workers Planned": 6,
                    "Workers Launched": 6,
                    "Single Copy": false,
                    "Plans": [
                        {
                            "Node Type": "Aggregate",
                            "Strategy": "Plain",
                            "Partial Mode": "Partial",
                            "Parent Relationship": "Outer",
                            "Parallel Aware": false,
                            "Startup Cost": 398242.28,
                            "Total Cost": 398242.29,
                            "Plan Rows": 1,
                            "Plan Width": 8,
                            "Actual Startup Time": 1133.759,
                            "Actual Total Time": 1133.762,
                            "Actual Rows": 1,
                            "Actual Loops": 7,
                            "Output": [
                                "PARTIAL count(*)"
                            ],
                            "Workers": [
                                {
                                    "Worker Number": 0,
                                    "Actual Startup Time": 1131.874,
                                    "Actual Total Time": 1131.876,
                                    "Actual Rows": 1,
                                    "Actual Loops": 1
                                },
                                {
                                    "Worker Number": 1,
                                    "Actual Startup Time": 1132.038,
                                    "Actual Total Time": 1132.041,
                                    "Actual Rows": 1,
                                    "Actual Loops": 1
                                },
                                {
                                    "Worker Number": 2,
                                    "Actual Startup Time": 1132.045,
                                    "Actual Total Time": 1132.048,
                                    "Actual Rows": 1,
                                    "Actual Loops": 1
                                },
                                {
                                    "Worker Number": 3,
                                    "Actual Startup Time": 1132.339,
                                    "Actual Total Time": 1132.341,
                                    "Actual Rows": 1,
                                    "Actual Loops": 1
                                },
                                {
                                    "Worker Number": 4,
                                    "Actual Startup Time": 1132.666,
                                    "Actual Total Time": 1132.668,
                                    "Actual Rows": 1,
                                    "Actual Loops": 1
                                },
                                {
                                    "Worker Number": 5,
                                    "Actual Startup Time": 1132.387,
                                    "Actual Total Time": 1132.389,
                                    "Actual Rows": 1,
                                    "Actual Loops": 1
                                }
                            ],
                            "Plans": [
                                {
                                    "Node Type": "Hash Join",
                                    "Parent Relationship": "Outer",
                                    "Parallel Aware": true,
                                    "Join Type": "Inner",
                                    "Startup Cost": 45848.51,
                                    "Total Cost": 397855.54,
                                    "Plan Rows": 154698,
                                    "Plan Width": 0,
                                    "Actual Startup Time": 295.353,
                                    "Actual Total Time": 1125.507,
                                    "Actual Rows": 133921,
                                    "Actual Loops": 7,
                                    "Inner Unique": true,
                                    "Hash Cond": "(ci.movie_id = t.id)",
                                    "Workers": [
                                        {
                                            "Worker Number": 0,
                                            "Actual Startup Time": 293.462,
                                            "Actual Total Time": 1123.284,
                                            "Actual Rows": 100887,
                                            "Actual Loops": 1
                                        },
                                        {
                                            "Worker Number": 1,
                                            "Actual Startup Time": 293.861,
                                            "Actual Total Time": 1123.39,
                                            "Actual Rows": 100759,
                                            "Actual Loops": 1
                                        },
                                        {
                                            "Worker Number": 2,
                                            "Actual Startup Time": 293.531,
                                            "Actual Total Time": 1123.288,
                                            "Actual Rows": 102137,
                                            "Actual Loops": 1
                                        },
                                        {
                                            "Worker Number": 3,
                                            "Actual Startup Time": 294.056,
                                            "Actual Total Time": 1124.471,
                                            "Actual Rows": 153695,
                                            "Actual Loops": 1
                                        },
                                        {
                                            "Worker Number": 4,
                                            "Actual Startup Time": 294.159,
                                            "Actual Total Time": 1124.753,
                                            "Actual Rows": 154459,
                                            "Actual Loops": 1
                                        },
                                        {
                                            "Worker Number": 5,
                                            "Actual Startup Time": 293.85,
                                            "Actual Total Time": 1124.062,
                                            "Actual Rows": 140403,
                                            "Actual Loops": 1
                                        }
                                    ],
                                    "Plans": [
                                        {
                                            "Node Type": "Seq Scan",
                                            "Parent Relationship": "Outer",
                                            "Parallel Aware": true,
                                            "Relation Name": "cast_info",
                                            "Schema": "public",
                                            "Alias": "ci",
                                            "Startup Cost": 0.0,
                                            "Total Cost": 343318.94,
                                            "Plan Rows": 3309744,
                                            "Plan Width": 4,
                                            "Actual Startup Time": 210.865,
                                            "Actual Total Time": 684.819,
                                            "Actual Rows": 2572711,
                                            "Actual Loops": 7,
                                            "Output": [
                                                "ci.id",
                                                "ci.person_id",
                                                "ci.movie_id",
                                                "ci.person_role_id",
                                                "ci.note",
                                                "ci.nr_order",
                                                "ci.role_id"
                                            ],
                                            "Filter": "((ci.person_id < 3096239) AND (ci.role_id > 1))",
                                            "Rows Removed by Filter": 2605053,
                                            "Workers": [
                                                {
                                                    "Worker Number": 0,
                                                    "Actual Startup Time": 210.764,
                                                    "Actual Total Time": 685.0,
                                                    "Actual Rows": 1954974,
                                                    "Actual Loops": 1
                                                },
                                                {
                                                    "Worker Number": 1,
                                                    "Actual Startup Time": 210.868,
                                                    "Actual Total Time": 686.826,
                                                    "Actual Rows": 1938991,
                                                    "Actual Loops": 1
                                                },
                                                {
                                                    "Worker Number": 2,
                                                    "Actual Startup Time": 210.876,
                                                    "Actual Total Time": 687.445,
                                                    "Actual Rows": 1959281,
                                                    "Actual Loops": 1
                                                },
                                                {
                                                    "Worker Number": 3,
                                                    "Actual Startup Time": 210.883,
                                                    "Actual Total Time": 686.702,
                                                    "Actual Rows": 2958247,
                                                    "Actual Loops": 1
                                                },
                                                {
                                                    "Worker Number": 4,
                                                    "Actual Startup Time": 210.889,
                                                    "Actual Total Time": 686.745,
                                                    "Actual Rows": 2966821,
                                                    "Actual Loops": 1
                                                },
                                                {
                                                    "Worker Number": 5,
                                                    "Actual Startup Time": 210.886,
                                                    "Actual Total Time": 677.296,
                                                    "Actual Rows": 2694795,
                                                    "Actual Loops": 1
                                                }
                                            ]
                                        },
                                        {
                                            "Node Type": "Hash",
                                            "Parent Relationship": "Inner",
                                            "Parallel Aware": true,
                                            "Startup Cost": 45479.21,
                                            "Total Cost": 45479.21,
                                            "Plan Rows": 29544,
                                            "Plan Width": 4,
                                            "Actual Startup Time": 82.746,
                                            "Actual Total Time": 82.747,
                                            "Actual Rows": 16028,
                                            "Actual Loops": 7,
                                            "Output": [
                                                "t.id"
                                            ],
                                            "Hash Buckets": 131072,
                                            "Original Hash Buckets": 131072,
                                            "Hash Batches": 1,
                                            "Original Hash Batches": 1,
                                            "Peak Memory Usage": 5472,
                                            "Workers": [
                                                {
                                                    "Worker Number": 0,
                                                    "Actual Startup Time": 81.637,
                                                    "Actual Total Time": 81.637,
                                                    "Actual Rows": 11873,
                                                    "Actual Loops": 1
                                                },
                                                {
                                                    "Worker Number": 1,
                                                    "Actual Startup Time": 81.882,
                                                    "Actual Total Time": 81.883,
                                                    "Actual Rows": 12019,
                                                    "Actual Loops": 1
                                                },
                                                {
                                                    "Worker Number": 2,
                                                    "Actual Startup Time": 81.883,
                                                    "Actual Total Time": 81.884,
                                                    "Actual Rows": 11866,
                                                    "Actual Loops": 1
                                                },
                                                {
                                                    "Worker Number": 3,
                                                    "Actual Startup Time": 82.175,
                                                    "Actual Total Time": 82.175,
                                                    "Actual Rows": 16339,
                                                    "Actual Loops": 1
                                                },
                                                {
                                                    "Worker Number": 4,
                                                    "Actual Startup Time": 82.486,
                                                    "Actual Total Time": 82.486,
                                                    "Actual Rows": 17045,
                                                    "Actual Loops": 1
                                                },
                                                {
                                                    "Worker Number": 5,
                                                    "Actual Startup Time": 82.227,
                                                    "Actual Total Time": 82.228,
                                                    "Actual Rows": 16094,
                                                    "Actual Loops": 1
                                                }
                                            ],
                                            "Plans": [
                                                {
                                                    "Node Type": "Seq Scan",
                                                    "Parent Relationship": "Outer",
                                                    "Parallel Aware": true,
                                                    "Relation Name": "title",
                                                    "Schema": "public",
                                                    "Alias": "t",
                                                    "Startup Cost": 0.0,
                                                    "Total Cost": 45479.21,
                                                    "Plan Rows": 29544,
                                                    "Plan Width": 4,
                                                    "Actual Startup Time": 0.074,
                                                    "Actual Total Time": 75.577,
                                                    "Actual Rows": 16028,
                                                    "Actual Loops": 7,
                                                    "Output": [
                                                        "t.id"
                                                    ],
                                                    "Filter": "((t.kind_id < 3) AND (t.production_year > 2010))",
                                                    "Rows Removed by Filter": 345160,
                                                    "Workers": [
                                                        {
                                                            "Worker Number": 0,
                                                            "Actual Startup Time": 0.043,
                                                            "Actual Total Time": 74.665,
                                                            "Actual Rows": 11873,
                                                            "Actual Loops": 1
                                                        },
                                                        {
                                                            "Worker Number": 1,
                                                            "Actual Startup Time": 0.061,
                                                            "Actual Total Time": 74.853,
                                                            "Actual Rows": 12019,
                                                            "Actual Loops": 1
                                                        },
                                                        {
                                                            "Worker Number": 2,
                                                            "Actual Startup Time": 0.201,
                                                            "Actual Total Time": 74.925,
                                                            "Actual Rows": 11866,
                                                            "Actual Loops": 1
                                                        },
                                                        {
                                                            "Worker Number": 3,
                                                            "Actual Startup Time": 0.041,
                                                            "Actual Total Time": 74.944,
                                                            "Actual Rows": 16339,
                                                            "Actual Loops": 1
                                                        },
                                                        {
                                                            "Worker Number": 4,
                                                            "Actual Startup Time": 0.058,
                                                            "Actual Total Time": 75.852,
                                                            "Actual Rows": 17045,
                                                            "Actual Loops": 1
                                                        },
                                                        {
                                                            "Worker Number": 5,
                                                            "Actual Startup Time": 0.047,
                                                            "Actual Total Time": 75.703,
                                                            "Actual Rows": 16094,
                                                            "Actual Loops": 1
                                                        }
                                                    ]
                                                }
                                            ]
                                        }
                                    ]
                                }
                            ]
                        }
                    ]
                }
            ]
        },
        "Planning Time": 690.28,
        "Triggers": [],
        "Execution Time": 1178.717
    }
]