[
  {
    "Plan": {
      "Node Type": "Aggregate",
      "Strategy": "Plain",
      "Partial Mode": "Finalize",
      "Parallel Aware": false,
      "Startup Cost": 49814.72,
      "Total Cost": 49814.73,
      "Plan Rows": 1,
      "Plan Width": 8,
      "Actual Startup Time": 61.003,
      "Actual Total Time": 69.812,
      "Actual Rows": 1,
      "Actual Loops": 1,
      "Plans": [
        {
          "Node Type": "Gather",
          "Parent Relationship": "Outer",
          "Parallel Aware": false,
          "Startup Cost": 49814.5,
          "Total Cost": 49814.71,
          "Plan Rows": 2,
          "Plan Width": 8,
          "Actual Startup Time": 60.782,
          "Actual Total Time": 69.806,
          "Actual Rows": 3,
          "Actual Loops": 1,
          "Workers Planned": 2,
          "Workers Launched": 2,
          "Single Copy": false,
          "Plans": [
            {
              "Node Type": "Aggregate",
              "Strategy": "Plain",
              "Partial Mode": "Partial",
              "Parent Relationship": "Outer",
              "Parallel Aware": false,
              "Startup Cost": 48814.5,
              "Total Cost": 48814.51,
              "Plan Rows": 1,
              "Plan Width": 8,
              "Actual Startup Time": 53.418,
              "Actual Total Time": 53.42,
              "Actual Rows": 1,
              "Actual Loops": 3,
              "Plans": [
                {
                  "Node Type": "Nested Loop",
                  "Parent Relationship": "Outer",
                  "Parallel Aware": false,
                  "Join Type": "Inner",
                  "Startup Cost": 233.0,
                  "Total Cost": 48803.19,
                  "Plan Rows": 4524,
                  "Plan Width": 0,
                  "Actual Startup Time": 6.122,
                  "Actual Total Time": 52.894,
                  "Actual Rows": 3600,
                  "Actual Loops": 3,
                  "Inner Unique": true,
                  "Plans": [
                    {
                      "Node Type": "Bitmap Heap Scan",
                      "Parent Relationship": "Outer",
                      "Parallel Aware": true,
                      "Relation Name": "movie_keyword",
                      "Alias": "mk",
                      "Startup Cost": 232.57,
                      "Total Cost": 19762.21,
                      "Plan Rows": 4524,
                      "Plan Width": 4,
                      "Actual Startup Time": 5.928,
                      "Actual Total Time": 18.747,
                      "Actual Rows": 3600,
                      "Actual Loops": 3,
                      "Recheck Cond": "(keyword_id = 347)",
                      "Rows Removed by Index Recheck": 0,
                      "Exact Heap Blocks": 5672,
                      "Lossy Heap Blocks": 0,
                      "Plans": [
                        {
                          "Node Type": "Bitmap Index Scan",
                          "Parent Relationship": "Outer",
                          "Parallel Aware": false,
                          "Index Name": "keyword_id_movie_keyword",
                          "Startup Cost": 0.0,
                          "Total Cost": 229.86,
                          "Plan Rows": 10857,
                          "Plan Width": 0,
                          "Actual Startup Time": 8.451,
                          "Actual Total Time": 8.452,
                          "Actual Rows": 10799,
                          "Actual Loops": 1,
                          "Index Cond": "(keyword_id = 347)"
                        }
                      ]
                    },
                    {
                      "Node Type": "Index Only Scan",
                      "Parent Relationship": "Inner",
                      "Parallel Aware": false,
                      "Scan Direction": "Forward",
                      "Index Name": "title_pkey",
                      "Relation Name": "title",
                      "Alias": "t",
                      "Startup Cost": 0.43,
                      "Total Cost": 6.42,
                      "Plan Rows": 1,
                      "Plan Width": 4,
                      "Actual Startup Time": 0.009,
                      "Actual Total Time": 0.009,
                      "Actual Rows": 1,
                      "Actual Loops": 10799,
                      "Index Cond": "(id = mk.movie_id)",
                      "Rows Removed by Index Recheck": 0,
                      "Heap Fetches": 10799
                    }
                  ]
                }
              ]
            }
          ]
        }
      ]
    },
    "Planning Time": 0.569,
    "Triggers": [],
    "Execution Time": 69.891
  }
]