{
  "Plan": {
    "Node Type": "Aggregate",
    "Strategy": "Plain",
    "Partial Mode": "Finalize",
    "Parallel Aware": false,
    "Startup Cost": 364047.22,
    "Total Cost": 364047.23,
    "Plan Rows": 1,
    "Plan Width": 8,
    "Actual Startup Time": 868.377,
    "Actual Total Time": 882.932,
    "Actual Rows": 1,
    "Actual Loops": 1,
    "Plans": [
      {
        "Node Type": "Gather",
        "Parent Relationship": "Outer",
        "Parallel Aware": false,
        "Startup Cost": 364047.11,
        "Total Cost": 364047.22,
        "Plan Rows": 1,
        "Plan Width": 8,
        "Actual Startup Time": 862.146,
        "Actual Total Time": 882.924,
        "Actual Rows": 2,
        "Actual Loops": 1,
        "Workers Planned": 1,
        "Workers Launched": 1,
        "Single Copy": false,
        "Plans": [
          {
            "Node Type": "Aggregate",
            "Strategy": "Plain",
            "Partial Mode": "Partial",
            "Parent Relationship": "Outer",
            "Parallel Aware": false,
            "Startup Cost": 363047.11,
            "Total Cost": 363047.12,
            "Plan Rows": 1,
            "Plan Width": 8,
            "Actual Startup Time": 853.908,
            "Actual Total Time": 853.914,
            "Actual Rows": 1,
            "Actual Loops": 2,
            "Plans": [
              {
                "Node Type": "Merge Join",
                "Parent Relationship": "Outer",
                "Parallel Aware": false,
                "Join Type": "Inner",
                "Startup Cost": 358601.38,
                "Total Cost": 362916.38,
                "Plan Rows": 52290,
                "Plan Width": 0,
                "Actual Startup Time": 837.76,
                "Actual Total Time": 853.757,
                "Actual Rows": 3499,
                "Actual Loops": 2,
                "Inner Unique": false,
                "Merge Cond": "(t.id = mi.movie_id)",
                "Plans": [
                  {
                    "Node Type": "Sort",
                    "Parent Relationship": "Outer",
                    "Parallel Aware": false,
                    "Startup Cost": 135643.48,
                    "Total Cost": 136321.63,
                    "Plan Rows": 271261,
                    "Plan Width": 8,
                    "Actual Startup Time": 672.131,
                    "Actual Total Time": 677.523,
                    "Actual Rows": 146430,
                    "Actual Loops": 2,
                    "Sort Key": [
                      "t.id"
                    ],
                    "Sort Method": "quicksort",
                    "Sort Space Used": 13091,
                    "Sort Space Type": "Memory",
                    "Workers": [
                      {
                        "Worker Number": 0,
                        "Sort Method": "quicksort",
                        "Sort Space Used": 12926,
                        "Sort Space Type": "Memory"
                      }
                    ],
                    "Plans": [
                      {
                        "Node Type": "Hash Join",
                        "Parent Relationship": "Outer",
                        "Parallel Aware": true,
                        "Join Type": "Inner",
                        "Startup Cost": 68259.06,
                        "Total Cost": 111163.09,
                        "Plan Rows": 271261,
                        "Plan Width": 8,
                        "Actual Startup Time": 385.901,
                        "Actual Total Time": 640.815,
                        "Actual Rows": 146430,
                        "Actual Loops": 2,
                        "Inner Unique": true,
                        "Hash Cond": "(mc.movie_id = t.id)",
                        "Plans": [
                          {
                            "Node Type": "Index Scan",
                            "Parent Relationship": "Outer",
                            "Parallel Aware": true,
                            "Scan Direction": "Forward",
                            "Index Name": "company_type_id_movie_companies",
                            "Relation Name": "movie_companies",
                            "Alias": "mc",
                            "Startup Cost": 0.43,
                            "Total Cost": 41574.35,
                            "Plan Rows": 506708,
                            "Plan Width": 4,
                            "Actual Startup Time": 0.041,
                            "Actual Total Time": 112.574,
                            "Actual Rows": 584218,
                            "Actual Loops": 2,
                            "Index Cond": "(company_type_id < 2)",
                            "Rows Removed by Index Recheck": 0,
                            "Filter": "(company_id < 23396)",
                            "Rows Removed by Filter": 52904
                          },
                          {
                            "Node Type": "Hash",
                            "Parent Relationship": "Inner",
                            "Parallel Aware": true,
                            "Startup Cost": 58306.47,
                            "Total Cost": 58306.47,
                            "Plan Rows": 796173,
                            "Plan Width": 4,
                            "Actual Startup Time": 371.078,
                            "Actual Total Time": 371.079,
                            "Actual Rows": 663890,
                            "Actual Loops": 2,
                            "Hash Buckets": 2097152,
                            "Original Hash Buckets": 2097152,
                            "Hash Batches": 1,
                            "Original Hash Batches": 1,
                            "Peak Memory Usage": 68384,
                            "Plans": [
                              {
                                "Node Type": "Seq Scan",
                                "Parent Relationship": "Outer",
                                "Parallel Aware": true,
                                "Relation Name": "title",
                                "Alias": "t",
                                "Startup Cost": 0.0,
                                "Total Cost": 58306.47,
                                "Plan Rows": 796173,
                                "Plan Width": 4,
                                "Actual Startup Time": 0.039,
                                "Actual Total Time": 166.978,
                                "Actual Rows": 663890,
                                "Actual Loops": 2,
                                "Filter": "((production_year < 2012) AND (kind_id = 7))",
                                "Rows Removed by Filter": 600266
                              }
                            ]
                          }
                        ]
                      }
                    ]
                  },
                  {
                    "Node Type": "Sort",
                    "Parent Relationship": "Inner",
                    "Parallel Aware": false,
                    "Startup Cost": 222957.88,
                    "Total Cost": 224176.3,
                    "Plan Rows": 487368,
                    "Plan Width": 4,
                    "Actual Startup Time": 165.583,
                    "Actual Total Time": 167.609,
                    "Actual Rows": 16876,
                    "Actual Loops": 2,
                    "Sort Key": [
                      "mi.movie_id"
                    ],
                    "Sort Method": "quicksort",
                    "Sort Space Used": 34115,
                    "Sort Space Type": "Memory",
                    "Workers": [
                      {
                        "Worker Number": 0,
                        "Sort Method": "quicksort",
                        "Sort Space Used": 34115,
                        "Sort Space Type": "Memory"
                      }
                    ],
                    "Plans": [
                      {
                        "Node Type": "Bitmap Heap Scan",
                        "Parent Relationship": "Outer",
                        "Parallel Aware": false,
                        "Relation Name": "movie_info",
                        "Alias": "mi",
                        "Startup Cost": 8829.54,
                        "Total Cost": 176914.64,
                        "Plan Rows": 487368,
                        "Plan Width": 4,
                        "Actual Startup Time": 15.566,
                        "Actual Total Time": 68.461,
                        "Actual Rows": 465636,
                        "Actual Loops": 2,
                        "Recheck Cond": "(info_type_id > 103)",
                        "Rows Removed by Index Recheck": 0,
                        "Exact Heap Blocks": 5528,
                        "Lossy Heap Blocks": 0,
                        "Plans": [
                          {
                            "Node Type": "Bitmap Index Scan",
                            "Parent Relationship": "Outer",
                            "Parallel Aware": false,
                            "Index Name": "info_type_id_movie_info",
                            "Startup Cost": 0.0,
                            "Total Cost": 8707.69,
                            "Plan Rows": 487368,
                            "Plan Width": 0,
                            "Actual Startup Time": 14.973,
                            "Actual Total Time": 14.973,
                            "Actual Rows": 465636,
                            "Actual Loops": 2,
                            "Index Cond": "(info_type_id > 103)"
                          }
                        ]
                      }
                    ]
                  }
                ]
              }
            ]
          }
        ]
      }
    ]
  },
  "Planning Time": 1.172,
  "Triggers": [],
  "Execution Time": 886.91
}