[
  {
    "Plan": {
      "Node Type": "Aggregate",
      "Strategy": "Plain",
      "Partial Mode": "Finalize",
      "Parallel Aware": false,
      "Startup Cost": 85030.0,
      "Total Cost": 85030.01,
      "Plan Rows": 1,
      "Plan Width": 8,
      "Actual Startup Time": 686.263,
      "Actual Total Time": 705.708,
      "Actual Rows": 1,
      "Actual Loops": 1,
      "Plans": [
        {
          "Node Type": "Gather",
          "Parent Relationship": "Outer",
          "Parallel Aware": false,
          "Startup Cost": 85029.68,
          "Total Cost": 85029.99,
          "Plan Rows": 3,
          "Plan Width": 8,
          "Actual Startup Time": 673.724,
          "Actual Total Time": 705.698,
          "Actual Rows": 4,
          "Actual Loops": 1,
          "Workers Planned": 3,
          "Workers Launched": 3,
          "Single Copy": false,
          "Plans": [
            {
              "Node Type": "Aggregate",
              "Strategy": "Plain",
              "Partial Mode": "Partial",
              "Parent Relationship": "Outer",
              "Parallel Aware": false,
              "Startup Cost": 84029.68,
              "Total Cost": 84029.69,
              "Plan Rows": 1,
              "Plan Width": 8,
              "Actual Startup Time": 653.134,
              "Actual Total Time": 653.137,
              "Actual Rows": 1,
              "Actual Loops": 4,
              "Plans": [
                {
                  "Node Type": "Hash Join",
                  "Parent Relationship": "Outer",
                  "Parallel Aware": true,
                  "Join Type": "Inner",
                  "Startup Cost": 50918.32,
                  "Total Cost": 82287.74,
                  "Plan Rows": 696778,
                  "Plan Width": 0,
                  "Actual Startup Time": 359.857,
                  "Actual Total Time": 631.54,
                  "Actual Rows": 496330,
                  "Actual Loops": 4,
                  "Inner Unique": true,
                  "Hash Cond": "(mc.movie_id = t.id)",
                  "Plans": [
                    {
                      "Node Type": "Seq Scan",
                      "Parent Relationship": "Outer",
                      "Parallel Aware": true,
                      "Relation Name": "movie_companies",
                      "Alias": "mc",
                      "Startup Cost": 0.0,
                      "Total Cost": 29310.68,
                      "Plan Rows": 784282,
                      "Plan Width": 4,
                      "Actual Startup Time": 0.02,
                      "Actual Total Time": 77.875,
                      "Actual Rows": 608938,
                      "Actual Loops": 4,
                      "Filter": "(company_id < 122593)",
                      "Rows Removed by Filter": 43345
                    },
                    {
                      "Node Type": "Hash",
                      "Parent Relationship": "Inner",
                      "Parallel Aware": true,
                      "Startup Cost": 43898.92,
                      "Total Cost": 43898.92,
                      "Plan Rows": 561552,
                      "Plan Width": 4,
                      "Actual Startup Time": 347.743,
                      "Actual Total Time": 347.744,
                      "Actual Rows": 558776,
                      "Actual Loops": 4,
                      "Hash Buckets": 4194304,
                      "Original Hash Buckets": 4194304,
                      "Hash Batches": 1,
                      "Original Hash Batches": 1,
                      "Peak Memory Usage": 120256,
                      "Plans": [
                        {
                          "Node Type": "Seq Scan",
                          "Parent Relationship": "Outer",
                          "Parallel Aware": true,
                          "Relation Name": "title",
                          "Alias": "t",
                          "Startup Cost": 0.0,
                          "Total Cost": 43898.92,
                          "Plan Rows": 561552,
                          "Plan Width": 4,
                          "Actual Startup Time": 0.047,
                          "Actual Total Time": 121.044,
                          "Actual Rows": 558776,
                          "Actual Loops": 4,
                          "Filter": "(production_year > 1957)",
                          "Rows Removed by Filter": 73302
                        }
                      ]
                    }
                  ]
                }
              ]
            }
          ]
        }
      ]
    },
    "Planning Time": 0.644,
    "Triggers": [],
    "Execution Time": 705.778
  }
]