{
  "Plan": {
    "Node Type": "Aggregate",
    "Strategy": "Plain",
    "Partial Mode": "Finalize",
    "Parallel Aware": false,
    "Startup Cost": 127292.35,
    "Total Cost": 127292.36,
    "Plan Rows": 1,
    "Plan Width": 8,
    "Actual Startup Time": 705.239,
    "Actual Total Time": 722.505,
    "Actual Rows": 1,
    "Actual Loops": 1,
    "Plans": [
      {
        "Node Type": "Gather",
        "Parent Relationship": "Outer",
        "Parallel Aware": false,
        "Startup Cost": 127292.24,
        "Total Cost": 127292.35,
        "Plan Rows": 1,
        "Plan Width": 8,
        "Actual Startup Time": 703.442,
        "Actual Total Time": 722.497,
        "Actual Rows": 2,
        "Actual Loops": 1,
        "Workers Planned": 1,
        "Workers Launched": 1,
        "Single Copy": false,
        "Plans": [
          {
            "Node Type": "Aggregate",
            "Strategy": "Plain",
            "Partial Mode": "Partial",
            "Parent Relationship": "Outer",
            "Parallel Aware": false,
            "Startup Cost": 126292.24,
            "Total Cost": 126292.25,
            "Plan Rows": 1,
            "Plan Width": 8,
            "Actual Startup Time": 697.529,
            "Actual Total Time": 697.532,
            "Actual Rows": 1,
            "Actual Loops": 2,
            "Plans": [
              {
                "Node Type": "Hash Join",
                "Parent Relationship": "Outer",
                "Parallel Aware": true,
                "Join Type": "Inner",
                "Startup Cost": 61342.9,
                "Total Cost": 124433.29,
                "Plan Rows": 743579,
                "Plan Width": 0,
                "Actual Startup Time": 276.534,
                "Actual Total Time": 664.787,
                "Actual Rows": 853958,
                "Actual Loops": 2,
                "Inner Unique": true,
                "Hash Cond": "(mk.movie_id = t.id)",
                "Plans": [
                  {
                    "Node Type": "Seq Scan",
                    "Parent Relationship": "Outer",
                    "Parallel Aware": true,
                    "Relation Name": "movie_keyword",
                    "Alias": "mk",
                    "Startup Cost": 0.0,
                    "Total Cost": 57718.19,
                    "Plan Rows": 2046548,
                    "Plan Width": 4,
                    "Actual Startup Time": 0.069,
                    "Actual Total Time": 191.634,
                    "Actual Rows": 1735268,
                    "Actual Loops": 2,
                    "Filter": "(keyword_id > 1048)",
                    "Rows Removed by Filter": 526696
                  },
                  {
                    "Node Type": "Hash",
                    "Parent Relationship": "Inner",
                    "Parallel Aware": true,
                    "Startup Cost": 54588.39,
                    "Total Cost": 54588.39,
                    "Plan Rows": 540361,
                    "Plan Width": 4,
                    "Actual Startup Time": 267.265,
                    "Actual Total Time": 267.266,
                    "Actual Rows": 462302,
                    "Actual Loops": 2,
                    "Hash Buckets": 1048576,
                    "Original Hash Buckets": 1048576,
                    "Hash Batches": 1,
                    "Original Hash Batches": 1,
                    "Peak Memory Usage": 44384,
                    "Plans": [
                      {
                        "Node Type": "Seq Scan",
                        "Parent Relationship": "Outer",
                        "Parallel Aware": true,
                        "Relation Name": "title",
                        "Alias": "t",
                        "Startup Cost": 0.0,
                        "Total Cost": 54588.39,
                        "Plan Rows": 540361,
                        "Plan Width": 4,
                        "Actual Startup Time": 0.028,
                        "Actual Total Time": 157.873,
                        "Actual Rows": 462302,
                        "Actual Loops": 2,
                        "Filter": "(production_year < 1998)",
                        "Rows Removed by Filter": 801854
                      }
                    ]
                  }
                ]
              }
            ]
          }
        ]
      }
    ]
  },
  "Planning Time": 0.69,
  "Triggers": [],
  "Execution Time": 722.574
}