[
    {
        "Bao": {
            "Bao prediction": 469.716,
            "Bao recommended hint": "(no hint)"
        }
    },
    {
        "Plan": {
            "Node Type": "Aggregate",
            "Strategy": "Plain",
            "Partial Mode": "Finalize",
            "Parallel Aware": false,
            "Startup Cost": 33456.73,
            "Total Cost": 33456.74,
            "Plan Rows": 1,
            "Plan Width": 8,
            "Actual Startup Time": 124.714,
            "Actual Total Time": 130.843,
            "Actual Rows": 1,
            "Actual Loops": 1,
            "Output": [
                "count(*)"
            ],
            "Plans": [
                {
                    "Node Type": "Gather",
                    "Parent Relationship": "Outer",
                    "Parallel Aware": false,
                    "Startup Cost": 33456.41,
                    "Total Cost": 33456.72,
                    "Plan Rows": 3,
                    "Plan Width": 8,
                    "Actual Startup Time": 124.608,
                    "Actual Total Time": 130.835,
                    "Actual Rows": 4,
                    "Actual Loops": 1,
                    "Output": [
                        "(PARTIAL count(*))"
                    ],
                    "Workers Planned": 3,
                    "Workers Launched": 3,
                    "Single Copy": false,
                    "Plans": [
                        {
                            "Node Type": "Aggregate",
                            "Strategy": "Plain",
                            "Partial Mode": "Partial",
                            "Parent Relationship": "Outer",
                            "Parallel Aware": false,
                            "Startup Cost": 32456.41,
                            "Total Cost": 32456.42,
                            "Plan Rows": 1,
                            "Plan Width": 8,
                            "Actual Startup Time": 116.602,
                            "Actual Total Time": 116.603,
                            "Actual Rows": 1,
                            "Actual Loops": 4,
                            "Output": [
                                "PARTIAL count(*)"
                            ],
                            "Workers": [
                                {
                                    "Worker Number": 0,
                                    "Actual Startup Time": 113.959,
                                    "Actual Total Time": 113.96,
                                    "Actual Rows": 1,
                                    "Actual Loops": 1
                                },
                                {
                                    "Worker Number": 1,
                                    "Actual Startup Time": 113.945,
                                    "Actual Total Time": 113.947,
                                    "Actual Rows": 1,
                                    "Actual Loops": 1
                                },
                                {
                                    "Worker Number": 2,
                                    "Actual Startup Time": 114.523,
                                    "Actual Total Time": 114.524,
                                    "Actual Rows": 1,
                                    "Actual Loops": 1
                                }
                            ],
                            "Plans": [
                                {
                                    "Node Type": "Seq Scan",
                                    "Parent Relationship": "Outer",
                                    "Parallel Aware": true,
                                    "Relation Name": "movie_companies",
                                    "Schema": "public",
                                    "Alias": "mc",
                                    "Startup Cost": 0.0,
                                    "Total Cost": 31414.82,
                                    "Plan Rows": 416637,
                                    "Plan Width": 0,
                                    "Actual Startup Time": 51.504,
                                    "Actual Total Time": 98.423,
                                    "Actual Rows": 329584,
                                    "Actual Loops": 4,
                                    "Output": [
                                        "id",
                                        "movie_id",
                                        "company_id",
                                        "company_type_id",
                                        "note"
                                    ],
                                    "Filter": "((mc.company_id > 11) AND (mc.company_type_id > 1))",
                                    "Rows Removed by Filter": 322698,
                                    "Workers": [
                                        {
                                            "Worker Number": 0,
                                            "Actual Startup Time": 48.845,
                                            "Actual Total Time": 95.975,
                                            "Actual Rows": 275452,
                                            "Actual Loops": 1
                                        },
                                        {
                                            "Worker Number": 1,
                                            "Actual Startup Time": 48.847,
                                            "Actual Total Time": 95.942,
                                            "Actual Rows": 275049,
                                            "Actual Loops": 1
                                        },
                                        {
                                            "Worker Number": 2,
                                            "Actual Startup Time": 49.437,
                                            "Actual Total Time": 96.678,
                                            "Actual Rows": 271484,
                                            "Actual Loops": 1
                                        }
                                    ]
                                }
                            ]
                        }
                    ]
                }
            ]
        },
        "Planning Time": 1085.958,
        "Triggers": [],
        "Execution Time": 130.935
    }
]