{
  "Plan": {
    "Node Type": "Aggregate",
    "Strategy": "Plain",
    "Partial Mode": "Finalize",
    "Parallel Aware": false,
    "Startup Cost": 148707.13,
    "Total Cost": 148707.14,
    "Plan Rows": 1,
    "Plan Width": 8,
    "Actual Startup Time": 562.119,
    "Actual Total Time": 574.313,
    "Actual Rows": 1,
    "Actual Loops": 1,
    "Plans": [
      {
        "Node Type": "Gather",
        "Parent Relationship": "Outer",
        "Parallel Aware": false,
        "Startup Cost": 148707.02,
        "Total Cost": 148707.13,
        "Plan Rows": 1,
        "Plan Width": 8,
        "Actual Startup Time": 561.13,
        "Actual Total Time": 574.304,
        "Actual Rows": 2,
        "Actual Loops": 1,
        "Workers Planned": 1,
        "Workers Launched": 1,
        "Single Copy": false,
        "Plans": [
          {
            "Node Type": "Aggregate",
            "Strategy": "Plain",
            "Partial Mode": "Partial",
            "Parent Relationship": "Outer",
            "Parallel Aware": false,
            "Startup Cost": 147707.02,
            "Total Cost": 147707.03,
            "Plan Rows": 1,
            "Plan Width": 8,
            "Actual Startup Time": 555.132,
            "Actual Total Time": 555.136,
            "Actual Rows": 1,
            "Actual Loops": 2,
            "Plans": [
              {
                "Node Type": "Nested Loop",
                "Parent Relationship": "Outer",
                "Parallel Aware": false,
                "Join Type": "Inner",
                "Startup Cost": 56336.33,
                "Total Cost": 147564.2,
                "Plan Rows": 57126,
                "Plan Width": 0,
                "Actual Startup Time": 177.638,
                "Actual Total Time": 543.638,
                "Actual Rows": 248051,
                "Actual Loops": 2,
                "Inner Unique": false,
                "Join Filter": "(t.id = mc.movie_id)",
                "Rows Removed by Join Filter": 0,
                "Plans": [
                  {
                    "Node Type": "Hash Join",
                    "Parent Relationship": "Outer",
                    "Parallel Aware": true,
                    "Join Type": "Inner",
                    "Startup Cost": 56335.9,
                    "Total Cost": 74519.69,
                    "Plan Rows": 112453,
                    "Plan Width": 8,
                    "Actual Startup Time": 177.544,
                    "Actual Total Time": 269.052,
                    "Actual Rows": 123214,
                    "Actual Loops": 2,
                    "Inner Unique": true,
                    "Hash Cond": "(mi_idx.movie_id = t.id)",
                    "Plans": [
                      {
                        "Node Type": "Seq Scan",
                        "Parent Relationship": "Outer",
                        "Parallel Aware": true,
                        "Relation Name": "movie_info_idx",
                        "Alias": "mi_idx",
                        "Startup Cost": 0.0,
                        "Total Cost": 16052.85,
                        "Plan Rows": 811785,
                        "Plan Width": 4,
                        "Actual Startup Time": 0.019,
                        "Actual Total Time": 47.367,
                        "Actual Rows": 690018,
                        "Actual Loops": 2
                      },
                      {
                        "Node Type": "Hash",
                        "Parent Relationship": "Inner",
                        "Parallel Aware": true,
                        "Startup Cost": 53760.67,
                        "Total Cost": 53760.67,
                        "Plan Rows": 206019,
                        "Plan Width": 4,
                        "Actual Startup Time": 128.403,
                        "Actual Total Time": 128.404,
                        "Actual Rows": 132638,
                        "Actual Loops": 2,
                        "Hash Buckets": 524288,
                        "Original Hash Buckets": 524288,
                        "Hash Batches": 1,
                        "Original Hash Batches": 1,
                        "Peak Memory Usage": 14496,
                        "Plans": [
                          {
                            "Node Type": "Bitmap Heap Scan",
                            "Parent Relationship": "Outer",
                            "Parallel Aware": true,
                            "Relation Name": "title",
                            "Alias": "t",
                            "Startup Cost": 11910.41,
                            "Total Cost": 53760.67,
                            "Plan Rows": 206019,
                            "Plan Width": 4,
                            "Actual Startup Time": 36.259,
                            "Actual Total Time": 98.813,
                            "Actual Rows": 132638,
                            "Actual Loops": 2,
                            "Recheck Cond": "(kind_id < 2)",
                            "Rows Removed by Index Recheck": 0,
                            "Filter": "(production_year > 2001)",
                            "Rows Removed by Filter": 198775,
                            "Exact Heap Blocks": 8233,
                            "Lossy Heap Blocks": 0,
                            "Plans": [
                              {
                                "Node Type": "Bitmap Index Scan",
                                "Parent Relationship": "Outer",
                                "Parallel Aware": false,
                                "Index Name": "kind_id_title",
                                "Startup Cost": 0.0,
                                "Total Cost": 11822.85,
                                "Plan Rows": 663256,
                                "Plan Width": 0,
                                "Actual Startup Time": 34.573,
                                "Actual Total Time": 34.573,
                                "Actual Rows": 662825,
                                "Actual Loops": 1,
                                "Index Cond": "(kind_id < 2)"
                              }
                            ]
                          }
                        ]
                      }
                    ]
                  },
                  {
                    "Node Type": "Index Scan",
                    "Parent Relationship": "Inner",
                    "Parallel Aware": false,
                    "Scan Direction": "Forward",
                    "Index Name": "movie_id_movie_companies",
                    "Relation Name": "movie_companies",
                    "Alias": "mc",
                    "Startup Cost": 0.43,
                    "Total Cost": 0.61,
                    "Plan Rows": 3,
                    "Plan Width": 4,
                    "Actual Startup Time": 0.001,
                    "Actual Total Time": 0.002,
                    "Actual Rows": 2,
                    "Actual Loops": 246428,
                    "Index Cond": "(movie_id = mi_idx.movie_id)",
                    "Rows Removed by Index Recheck": 0,
                    "Filter": "(company_type_id < 2)",
                    "Rows Removed by Filter": 2
                  }
                ]
              }
            ]
          }
        ]
      }
    ]
  },
  "Planning Time": 1.068,
  "Triggers": [],
  "Execution Time": 574.419
}