[
  {
    "Plan": {
      "Node Type": "Aggregate",
      "Strategy": "Plain",
      "Partial Mode": "Finalize",
      "Parallel Aware": false,
      "Startup Cost": 75048.23,
      "Total Cost": 75048.24,
      "Plan Rows": 1,
      "Plan Width": 8,
      "Actual Startup Time": 320.488,
      "Actual Total Time": 333.607,
      "Actual Rows": 1,
      "Actual Loops": 1,
      "Plans": [
        {
          "Node Type": "Gather",
          "Parent Relationship": "Outer",
          "Parallel Aware": false,
          "Startup Cost": 75047.92,
          "Total Cost": 75048.23,
          "Plan Rows": 3,
          "Plan Width": 8,
          "Actual Startup Time": 314.978,
          "Actual Total Time": 333.595,
          "Actual Rows": 4,
          "Actual Loops": 1,
          "Workers Planned": 3,
          "Workers Launched": 3,
          "Single Copy": false,
          "Plans": [
            {
              "Node Type": "Aggregate",
              "Strategy": "Plain",
              "Partial Mode": "Partial",
              "Parent Relationship": "Outer",
              "Parallel Aware": false,
              "Startup Cost": 74047.92,
              "Total Cost": 74047.93,
              "Plan Rows": 1,
              "Plan Width": 8,
              "Actual Startup Time": 302.955,
              "Actual Total Time": 302.959,
              "Actual Rows": 1,
              "Actual Loops": 4,
              "Plans": [
                {
                  "Node Type": "Hash Join",
                  "Parent Relationship": "Outer",
                  "Parallel Aware": true,
                  "Join Type": "Inner",
                  "Startup Cost": 53980.62,
                  "Total Cost": 74007.66,
                  "Plan Rows": 16103,
                  "Plan Width": 0,
                  "Actual Startup Time": 247.202,
                  "Actual Total Time": 301.403,
                  "Actual Rows": 27005,
                  "Actual Loops": 4,
                  "Inner Unique": true,
                  "Hash Cond": "(mc.movie_id = t.id)",
                  "Plans": [
                    {
                      "Node Type": "Bitmap Heap Scan",
                      "Parent Relationship": "Outer",
                      "Parallel Aware": true,
                      "Relation Name": "movie_companies",
                      "Alias": "mc",
                      "Startup Cost": 5075.5,
                      "Total Cost": 25005.04,
                      "Plan Rows": 37144,
                      "Plan Width": 4,
                      "Actual Startup Time": 22.273,
                      "Actual Total Time": 54.397,
                      "Actual Rows": 44134,
                      "Actual Loops": 4,
                      "Recheck Cond": "(company_id < 92)",
                      "Rows Removed by Index Recheck": 0,
                      "Filter": "(company_type_id < 2)",
                      "Rows Removed by Filter": 13268,
                      "Exact Heap Blocks": 7323,
                      "Lossy Heap Blocks": 0,
                      "Plans": [
                        {
                          "Node Type": "Bitmap Index Scan",
                          "Parent Relationship": "Outer",
                          "Parallel Aware": false,
                          "Index Name": "company_id_movie_companies",
                          "Startup Cost": 0.0,
                          "Total Cost": 5046.72,
                          "Plan Rows": 235505,
                          "Plan Width": 0,
                          "Actual Startup Time": 18.224,
                          "Actual Total Time": 18.224,
                          "Actual Rows": 229604,
                          "Actual Loops": 1,
                          "Index Cond": "(company_id < 92)"
                        }
                      ]
                    },
                    {
                      "Node Type": "Hash",
                      "Parent Relationship": "Inner",
                      "Parallel Aware": true,
                      "Startup Cost": 45479.59,
                      "Total Cost": 45479.59,
                      "Plan Rows": 274042,
                      "Plan Width": 4,
                      "Actual Startup Time": 217.086,
                      "Actual Total Time": 217.087,
                      "Actual Rows": 261056,
                      "Actual Loops": 4,
                      "Hash Buckets": 2097152,
                      "Original Hash Buckets": 2097152,
                      "Hash Batches": 1,
                      "Original Hash Batches": 1,
                      "Peak Memory Usage": 57312,
                      "Plans": [
                        {
                          "Node Type": "Seq Scan",
                          "Parent Relationship": "Outer",
                          "Parallel Aware": true,
                          "Relation Name": "title",
                          "Alias": "t",
                          "Startup Cost": 0.0,
                          "Total Cost": 45479.59,
                          "Plan Rows": 274042,
                          "Plan Width": 4,
                          "Actual Startup Time": 0.047,
                          "Actual Total Time": 112.028,
                          "Actual Rows": 261056,
                          "Actual Loops": 4,
                          "Filter": "((production_year < 2009) AND (kind_id = 7))",
                          "Rows Removed by Filter": 371022
                        }
                      ]
                    }
                  ]
                }
              ]
            }
          ]
        }
      ]
    },
    "Planning Time": 0.561,
    "Triggers": [],
    "Execution Time": 333.683
  }
]