{
  "Plan": {
    "Node Type": "Aggregate",
    "Strategy": "Plain",
    "Partial Mode": "Finalize",
    "Parallel Aware": false,
    "Startup Cost": 95652.61,
    "Total Cost": 95652.62,
    "Plan Rows": 1,
    "Plan Width": 8,
    "Actual Startup Time": 386.519,
    "Actual Total Time": 396.959,
    "Actual Rows": 1,
    "Actual Loops": 1,
    "Plans": [
      {
        "Node Type": "Gather",
        "Parent Relationship": "Outer",
        "Parallel Aware": false,
        "Startup Cost": 95652.49,
        "Total Cost": 95652.6,
        "Plan Rows": 1,
        "Plan Width": 8,
        "Actual Startup Time": 385.618,
        "Actual Total Time": 396.95,
        "Actual Rows": 2,
        "Actual Loops": 1,
        "Workers Planned": 1,
        "Workers Launched": 1,
        "Single Copy": false,
        "Plans": [
          {
            "Node Type": "Aggregate",
            "Strategy": "Plain",
            "Partial Mode": "Partial",
            "Parent Relationship": "Outer",
            "Parallel Aware": false,
            "Startup Cost": 94652.49,
            "Total Cost": 94652.5,
            "Plan Rows": 1,
            "Plan Width": 8,
            "Actual Startup Time": 381.61,
            "Actual Total Time": 381.614,
            "Actual Rows": 1,
            "Actual Loops": 2,
            "Plans": [
              {
                "Node Type": "Hash Join",
                "Parent Relationship": "Outer",
                "Parallel Aware": true,
                "Join Type": "Inner",
                "Startup Cost": 31896.9,
                "Total Cost": 94261.66,
                "Plan Rows": 156335,
                "Plan Width": 0,
                "Actual Startup Time": 109.09,
                "Actual Total Time": 379.884,
                "Actual Rows": 37943,
                "Actual Loops": 2,
                "Inner Unique": false,
                "Hash Cond": "(t.id = mc.movie_id)",
                "Plans": [
                  {
                    "Node Type": "Seq Scan",
                    "Parent Relationship": "Outer",
                    "Parallel Aware": true,
                    "Relation Name": "title",
                    "Alias": "t",
                    "Startup Cost": 0.0,
                    "Total Cost": 54588.39,
                    "Plan Rows": 1097081,
                    "Plan Width": 4,
                    "Actual Startup Time": 0.013,
                    "Actual Total Time": 134.909,
                    "Actual Rows": 932744,
                    "Actual Loops": 2,
                    "Filter": "(kind_id > 1)",
                    "Rows Removed by Filter": 331412
                  },
                  {
                    "Node Type": "Hash",
                    "Parent Relationship": "Inner",
                    "Parallel Aware": true,
                    "Startup Cost": 29247.76,
                    "Total Cost": 29247.76,
                    "Plan Rows": 211931,
                    "Plan Width": 4,
                    "Actual Startup Time": 97.674,
                    "Actual Total Time": 97.675,
                    "Actual Rows": 180801,
                    "Actual Loops": 2,
                    "Hash Buckets": 524288,
                    "Original Hash Buckets": 524288,
                    "Hash Batches": 1,
                    "Original Hash Batches": 1,
                    "Peak Memory Usage": 18272,
                    "Plans": [
                      {
                        "Node Type": "Bitmap Heap Scan",
                        "Parent Relationship": "Outer",
                        "Parallel Aware": true,
                        "Relation Name": "movie_companies",
                        "Alias": "mc",
                        "Startup Cost": 7808.62,
                        "Total Cost": 29247.76,
                        "Plan Rows": 211931,
                        "Plan Width": 4,
                        "Actual Startup Time": 23.529,
                        "Actual Total Time": 60.22,
                        "Actual Rows": 180801,
                        "Actual Loops": 2,
                        "Recheck Cond": "(company_id > 86761)",
                        "Rows Removed by Index Recheck": 0,
                        "Exact Heap Blocks": 3775,
                        "Lossy Heap Blocks": 0,
                        "Plans": [
                          {
                            "Node Type": "Bitmap Index Scan",
                            "Parent Relationship": "Outer",
                            "Parallel Aware": false,
                            "Index Name": "company_id_movie_companies",
                            "Startup Cost": 0.0,
                            "Total Cost": 7718.55,
                            "Plan Rows": 360283,
                            "Plan Width": 0,
                            "Actual Startup Time": 23.679,
                            "Actual Total Time": 23.679,
                            "Actual Rows": 361602,
                            "Actual Loops": 1,
                            "Index Cond": "(company_id > 86761)"
                          }
                        ]
                      }
                    ]
                  }
                ]
              }
            ]
          }
        ]
      }
    ]
  },
  "Planning Time": 0.311,
  "Triggers": [],
  "Execution Time": 397.011
}