[
    {
        "Bao": {
            "Bao prediction": 519.965,
            "Bao recommended hint": "(no hint)"
        }
    },
    {
        "Plan": {
            "Node Type": "Aggregate",
            "Strategy": "Plain",
            "Partial Mode": "Simple",
            "Parallel Aware": false,
            "Startup Cost": 13070.51,
            "Total Cost": 13070.52,
            "Plan Rows": 1,
            "Plan Width": 8,
            "Actual Startup Time": 4.603,
            "Actual Total Time": 4.604,
            "Actual Rows": 1,
            "Actual Loops": 1,
            "Output": [
                "count(*)"
            ],
            "Plans": [
                {
                    "Node Type": "Bitmap Heap Scan",
                    "Parent Relationship": "Outer",
                    "Parallel Aware": false,
                    "Relation Name": "movie_keyword",
                    "Schema": "public",
                    "Alias": "mk",
                    "Startup Cost": 117.93,
                    "Total Cost": 13057.13,
                    "Plan Rows": 5354,
                    "Plan Width": 0,
                    "Actual Startup Time": 0.775,
                    "Actual Total Time": 4.197,
                    "Actual Rows": 4077,
                    "Actual Loops": 1,
                    "Recheck Cond": "(mk.keyword_id > 130343)",
                    "Rows Removed by Index Recheck": 0,
                    "Exact Heap Blocks": 1303,
                    "Lossy Heap Blocks": 0,
                    "Plans": [
                        {
                            "Node Type": "Bitmap Index Scan",
                            "Parent Relationship": "Outer",
                            "Parallel Aware": false,
                            "Index Name": "keyword_id_movie_keyword",
                            "Startup Cost": 0.0,
                            "Total Cost": 116.59,
                            "Plan Rows": 5354,
                            "Plan Width": 0,
                            "Actual Startup Time": 0.49,
                            "Actual Total Time": 0.49,
                            "Actual Rows": 4077,
                            "Actual Loops": 1,
                            "Index Cond": "(mk.keyword_id > 130343)"
                        }
                    ]
                }
            ]
        },
        "Planning Time": 508.801,
        "Triggers": [],
        "Execution Time": 4.663
    }
]