[
  {
    "Plan": {
      "Node Type": "Aggregate",
      "Strategy": "Plain",
      "Partial Mode": "Finalize",
      "Parallel Aware": false,
      "Startup Cost": 226523.73,
      "Total Cost": 226523.74,
      "Plan Rows": 1,
      "Plan Width": 8,
      "Actual Startup Time": 416.076,
      "Actual Total Time": 432.908,
      "Actual Rows": 1,
      "Actual Loops": 1,
      "Plans": [
        {
          "Node Type": "Gather",
          "Parent Relationship": "Outer",
          "Parallel Aware": false,
          "Startup Cost": 226523.2,
          "Total Cost": 226523.71,
          "Plan Rows": 5,
          "Plan Width": 8,
          "Actual Startup Time": 395.211,
          "Actual Total Time": 432.897,
          "Actual Rows": 6,
          "Actual Loops": 1,
          "Workers Planned": 5,
          "Workers Launched": 5,
          "Single Copy": false,
          "Plans": [
            {
              "Node Type": "Aggregate",
              "Strategy": "Plain",
              "Partial Mode": "Partial",
              "Parent Relationship": "Outer",
              "Parallel Aware": false,
              "Startup Cost": 225523.2,
              "Total Cost": 225523.21,
              "Plan Rows": 1,
              "Plan Width": 8,
              "Actual Startup Time": 374.796,
              "Actual Total Time": 374.799,
              "Actual Rows": 1,
              "Actual Loops": 6,
              "Plans": [
                {
                  "Node Type": "Hash Join",
                  "Parent Relationship": "Outer",
                  "Parallel Aware": true,
                  "Join Type": "Inner",
                  "Startup Cost": 61362.33,
                  "Total Cost": 225215.7,
                  "Plan Rows": 123000,
                  "Plan Width": 0,
                  "Actual Startup Time": 296.946,
                  "Actual Total Time": 369.288,
                  "Actual Rows": 99743,
                  "Actual Loops": 6,
                  "Inner Unique": true,
                  "Hash Cond": "(mi.movie_id = t.id)",
                  "Plans": [
                    {
                      "Node Type": "Bitmap Heap Scan",
                      "Parent Relationship": "Outer",
                      "Parallel Aware": true,
                      "Relation Name": "movie_info",
                      "Alias": "mi",
                      "Startup Cost": 11142.68,
                      "Total Cost": 174673.18,
                      "Plan Rows": 123000,
                      "Plan Width": 4,
                      "Actual Startup Time": 33.335,
                      "Actual Total Time": 74.682,
                      "Actual Rows": 99743,
                      "Actual Loops": 6,
                      "Recheck Cond": "(info_type_id = 15)",
                      "Rows Removed by Index Recheck": 0,
                      "Exact Heap Blocks": 4450,
                      "Lossy Heap Blocks": 0,
                      "Plans": [
                        {
                          "Node Type": "Bitmap Index Scan",
                          "Parent Relationship": "Outer",
                          "Parallel Aware": false,
                          "Index Name": "info_type_id_movie_info",
                          "Startup Cost": 0.0,
                          "Total Cost": 10988.93,
                          "Plan Rows": 615000,
                          "Plan Width": 0,
                          "Actual Startup Time": 30.127,
                          "Actual Total Time": 30.128,
                          "Actual Rows": 598457,
                          "Actual Loops": 1,
                          "Index Cond": "(info_type_id = 15)"
                        }
                      ]
                    },
                    {
                      "Node Type": "Hash",
                      "Parent Relationship": "Inner",
                      "Parallel Aware": true,
                      "Startup Cost": 42318.73,
                      "Total Cost": 42318.73,
                      "Plan Rows": 632073,
                      "Plan Width": 4,
                      "Actual Startup Time": 255.92,
                      "Actual Total Time": 255.921,
                      "Actual Rows": 421385,
                      "Actual Loops": 6,
                      "Hash Buckets": 4194304,
                      "Original Hash Buckets": 4194304,
                      "Hash Batches": 1,
                      "Original Hash Batches": 1,
                      "Peak Memory Usage": 131808,
                      "Plans": [
                        {
                          "Node Type": "Seq Scan",
                          "Parent Relationship": "Outer",
                          "Parallel Aware": true,
                          "Relation Name": "title",
                          "Alias": "t",
                          "Startup Cost": 0.0,
                          "Total Cost": 42318.73,
                          "Plan Rows": 632073,
                          "Plan Width": 4,
                          "Actual Startup Time": 0.041,
                          "Actual Total Time": 80.312,
                          "Actual Rows": 421385,
                          "Actual Loops": 6
                        }
                      ]
                    }
                  ]
                }
              ]
            }
          ]
        }
      ]
    },
    "Planning Time": 0.642,
    "Triggers": [],
    "Execution Time": 433.003
  }
]