[
  {
    "Plan": {
      "Node Type": "Aggregate",
      "Strategy": "Plain",
      "Partial Mode": "Finalize",
      "Parallel Aware": false,
      "Startup Cost": 44496.64,
      "Total Cost": 44496.65,
      "Plan Rows": 1,
      "Plan Width": 8,
      "Actual Startup Time": 116.077,
      "Actual Total Time": 126.89,
      "Actual Rows": 1,
      "Actual Loops": 1,
      "Plans": [
        {
          "Node Type": "Gather",
          "Parent Relationship": "Outer",
          "Parallel Aware": false,
          "Startup Cost": 44496.32,
          "Total Cost": 44496.63,
          "Plan Rows": 3,
          "Plan Width": 8,
          "Actual Startup Time": 115.924,
          "Actual Total Time": 126.882,
          "Actual Rows": 4,
          "Actual Loops": 1,
          "Workers Planned": 3,
          "Workers Launched": 3,
          "Single Copy": false,
          "Plans": [
            {
              "Node Type": "Aggregate",
              "Strategy": "Plain",
              "Partial Mode": "Partial",
              "Parent Relationship": "Outer",
              "Parallel Aware": false,
              "Startup Cost": 43496.32,
              "Total Cost": 43496.33,
              "Plan Rows": 1,
              "Plan Width": 8,
              "Actual Startup Time": 112.227,
              "Actual Total Time": 112.228,
              "Actual Rows": 1,
              "Actual Loops": 4,
              "Plans": [
                {
                  "Node Type": "Seq Scan",
                  "Parent Relationship": "Outer",
                  "Parallel Aware": true,
                  "Relation Name": "movie_keyword",
                  "Alias": "mk",
                  "Startup Cost": 0.0,
                  "Total Cost": 42695.65,
                  "Plan Rows": 320268,
                  "Plan Width": 0,
                  "Actual Startup Time": 1.588,
                  "Actual Total Time": 100.49,
                  "Actual Rows": 248514,
                  "Actual Loops": 4,
                  "Filter": "(keyword_id > 18607)",
                  "Rows Removed by Filter": 882469
                }
              ]
            }
          ]
        }
      ]
    },
    "Planning Time": 0.087,
    "Triggers": [],
    "Execution Time": 126.917
  }
]