[
  {
    "Plan": {
      "Node Type": "Aggregate",
      "Strategy": "Plain",
      "Partial Mode": "Finalize",
      "Parallel Aware": false,
      "Startup Cost": 44502.02,
      "Total Cost": 44502.03,
      "Plan Rows": 1,
      "Plan Width": 8,
      "Actual Startup Time": 138.453,
      "Actual Total Time": 147.606,
      "Actual Rows": 1,
      "Actual Loops": 1,
      "Plans": [
        {
          "Node Type": "Gather",
          "Parent Relationship": "Outer",
          "Parallel Aware": false,
          "Startup Cost": 44501.71,
          "Total Cost": 44502.02,
          "Plan Rows": 3,
          "Plan Width": 8,
          "Actual Startup Time": 138.32,
          "Actual Total Time": 147.596,
          "Actual Rows": 4,
          "Actual Loops": 1,
          "Workers Planned": 3,
          "Workers Launched": 3,
          "Single Copy": false,
          "Plans": [
            {
              "Node Type": "Aggregate",
              "Strategy": "Plain",
              "Partial Mode": "Partial",
              "Parent Relationship": "Outer",
              "Parallel Aware": false,
              "Startup Cost": 43501.71,
              "Total Cost": 43501.72,
              "Plan Rows": 1,
              "Plan Width": 8,
              "Actual Startup Time": 132.465,
              "Actual Total Time": 132.466,
              "Actual Rows": 1,
              "Actual Loops": 4,
              "Plans": [
                {
                  "Node Type": "Seq Scan",
                  "Parent Relationship": "Outer",
                  "Parallel Aware": true,
                  "Relation Name": "movie_keyword",
                  "Alias": "mk",
                  "Startup Cost": 0.0,
                  "Total Cost": 42695.65,
                  "Plan Rows": 322421,
                  "Plan Width": 0,
                  "Actual Startup Time": 3.721,
                  "Actual Total Time": 118.088,
                  "Actual Rows": 248514,
                  "Actual Loops": 4,
                  "Filter": "(keyword_id > 18607)",
                  "Rows Removed by Filter": 882469
                }
              ]
            }
          ]
        }
      ]
    },
    "Planning Time": 0.192,
    "Triggers": [],
    "Execution Time": 147.667
  }
]