[
  {
    "Plan": {
      "Node Type": "Aggregate",
      "Strategy": "Plain",
      "Partial Mode": "Finalize",
      "Parallel Aware": false,
      "Startup Cost": 47296.09,
      "Total Cost": 47296.1,
      "Plan Rows": 1,
      "Plan Width": 8,
      "Actual Startup Time": 92.57,
      "Actual Total Time": 100.91,
      "Actual Rows": 1,
      "Actual Loops": 1,
      "Plans": [
        {
          "Node Type": "Gather",
          "Parent Relationship": "Outer",
          "Parallel Aware": false,
          "Startup Cost": 47295.67,
          "Total Cost": 47296.08,
          "Plan Rows": 4,
          "Plan Width": 8,
          "Actual Startup Time": 92.466,
          "Actual Total Time": 100.905,
          "Actual Rows": 5,
          "Actual Loops": 1,
          "Workers Planned": 4,
          "Workers Launched": 4,
          "Single Copy": false,
          "Plans": [
            {
              "Node Type": "Aggregate",
              "Strategy": "Plain",
              "Partial Mode": "Partial",
              "Parent Relationship": "Outer",
              "Parallel Aware": false,
              "Startup Cost": 46295.67,
              "Total Cost": 46295.68,
              "Plan Rows": 1,
              "Plan Width": 8,
              "Actual Startup Time": 88.093,
              "Actual Total Time": 88.094,
              "Actual Rows": 1,
              "Actual Loops": 5,
              "Plans": [
                {
                  "Node Type": "Seq Scan",
                  "Parent Relationship": "Outer",
                  "Parallel Aware": true,
                  "Relation Name": "title",
                  "Alias": "t",
                  "Startup Cost": 0.0,
                  "Total Cost": 45479.21,
                  "Plan Rows": 326584,
                  "Plan Width": 0,
                  "Actual Startup Time": 0.024,
                  "Actual Total Time": 74.99,
                  "Actual Rows": 279870,
                  "Actual Loops": 5,
                  "Filter": "((production_year > 1964) AND (kind_id = 7))",
                  "Rows Removed by Filter": 225793
                }
              ]
            }
          ]
        }
      ]
    },
    "Planning Time": 0.054,
    "Triggers": [],
    "Execution Time": 100.935
  }
]