[
  {
    "Plan": {
      "Node Type": "Aggregate",
      "Strategy": "Plain",
      "Partial Mode": "Finalize",
      "Parallel Aware": false,
      "Startup Cost": 45890.72,
      "Total Cost": 45890.73,
      "Plan Rows": 1,
      "Plan Width": 8,
      "Actual Startup Time": 160.464,
      "Actual Total Time": 167.848,
      "Actual Rows": 1,
      "Actual Loops": 1,
      "Plans": [
        {
          "Node Type": "Gather",
          "Parent Relationship": "Outer",
          "Parallel Aware": false,
          "Startup Cost": 45890.4,
          "Total Cost": 45890.71,
          "Plan Rows": 3,
          "Plan Width": 8,
          "Actual Startup Time": 160.333,
          "Actual Total Time": 167.839,
          "Actual Rows": 4,
          "Actual Loops": 1,
          "Workers Planned": 3,
          "Workers Launched": 3,
          "Single Copy": false,
          "Plans": [
            {
              "Node Type": "Aggregate",
              "Strategy": "Plain",
              "Partial Mode": "Partial",
              "Parent Relationship": "Outer",
              "Parallel Aware": false,
              "Startup Cost": 44890.4,
              "Total Cost": 44890.41,
              "Plan Rows": 1,
              "Plan Width": 8,
              "Actual Startup Time": 152.831,
              "Actual Total Time": 152.832,
              "Actual Rows": 1,
              "Actual Loops": 4,
              "Plans": [
                {
                  "Node Type": "Seq Scan",
                  "Parent Relationship": "Outer",
                  "Parallel Aware": true,
                  "Relation Name": "movie_keyword",
                  "Alias": "mk",
                  "Startup Cost": 0.0,
                  "Total Cost": 42695.65,
                  "Plan Rows": 877899,
                  "Plan Width": 0,
                  "Actual Startup Time": 0.583,
                  "Actual Total Time": 119.47,
                  "Actual Rows": 680434,
                  "Actual Loops": 4,
                  "Filter": "(keyword_id > 2921)",
                  "Rows Removed by Filter": 450549
                }
              ]
            }
          ]
        }
      ]
    },
    "Planning Time": 0.164,
    "Triggers": [],
    "Execution Time": 167.896
  }
]