{
  "Plan": {
    "Node Type": "Aggregate",
    "Strategy": "Plain",
    "Partial Mode": "Simple",
    "Parallel Aware": false,
    "Startup Cost": 435390.76,
    "Total Cost": 435390.77,
    "Plan Rows": 1,
    "Plan Width": 96,
    "Actual Startup Time": 14237.882,
    "Actual Total Time": 14250.437,
    "Actual Rows": 1,
    "Actual Loops": 1,
    "Plans": [
      {
        "Node Type": "Nested Loop",
        "Parent Relationship": "Outer",
        "Parallel Aware": false,
        "Join Type": "Inner",
        "Startup Cost": 156361.62,
        "Total Cost": 435390.75,
        "Plan Rows": 1,
        "Plan Width": 42,
        "Actual Startup Time": 9899.809,
        "Actual Total Time": 14242.32,
        "Actual Rows": 37043,
        "Actual Loops": 1,
        "Inner Unique": false,
        "Join Filter": "(mi.info_type_id = it1.id)",
        "Rows Removed by Join Filter": 16489,
        "Plans": [
          {
            "Node Type": "Seq Scan",
            "Parent Relationship": "Outer",
            "Parallel Aware": false,
            "Relation Name": "info_type",
            "Alias": "it1",
            "Startup Cost": 0.0,
            "Total Cost": 2.41,
            "Plan Rows": 1,
            "Plan Width": 4,
            "Actual Startup Time": 0.014,
            "Actual Total Time": 0.023,
            "Actual Rows": 1,
            "Actual Loops": 1,
            "Filter": "((info)::text = 'countries'::text)",
            "Rows Removed by Filter": 112
          },
          {
            "Node Type": "Nested Loop",
            "Parent Relationship": "Inner",
            "Parallel Aware": false,
            "Join Type": "Inner",
            "Startup Cost": 156361.62,
            "Total Cost": 435388.32,
            "Plan Rows": 1,
            "Plan Width": 46,
            "Actual Startup Time": 8631.272,
            "Actual Total Time": 14235.951,
            "Actual Rows": 53532,
            "Actual Loops": 1,
            "Inner Unique": false,
            "Join Filter": "(mk.keyword_id = k.id)",
            "Rows Removed by Join Filter": 16249152,
            "Plans": [
              {
                "Node Type": "Seq Scan",
                "Parent Relationship": "Outer",
                "Parallel Aware": false,
                "Relation Name": "keyword",
                "Alias": "k",
                "Startup Cost": 0.0,
                "Total Cost": 2961.55,
                "Plan Rows": 4,
                "Plan Width": 4,
                "Actual Startup Time": 1.295,
                "Actual Total Time": 16.745,
                "Actual Rows": 3,
                "Actual Loops": 1,
                "Filter": "(keyword = ANY ('{murder,murder-in-title,blood,violence}'::text[]))",
                "Rows Removed by Filter": 134167
              },
              {
                "Node Type": "Materialize",
                "Parent Relationship": "Inner",
                "Parallel Aware": false,
                "Startup Cost": 156361.62,
                "Total Cost": 432093.91,
                "Plan Rows": 5789,
                "Plan Width": 50,
                "Actual Startup Time": 2873.803,
                "Actual Total Time": 4327.135,
                "Actual Rows": 5434228,
                "Actual Loops": 3,
                "Plans": [
                  {
                    "Node Type": "Hash Join",
                    "Parent Relationship": "Outer",
                    "Parallel Aware": false,
                    "Join Type": "Inner",
                    "Startup Cost": 156361.62,
                    "Total Cost": 432064.96,
                    "Plan Rows": 5789,
                    "Plan Width": 50,
                    "Actual Startup Time": 8621.389,
                    "Actual Total Time": 10234.503,
                    "Actual Rows": 5434228,
                    "Actual Loops": 1,
                    "Inner Unique": false,
                    "Hash Cond": "(mi.movie_id = t.id)",
                    "Plans": [
                      {
                        "Node Type": "Gather",
                        "Parent Relationship": "Outer",
                        "Parallel Aware": false,
                        "Startup Cost": 1000.0,
                        "Total Cost": 274197.62,
                        "Plan Rows": 665991,
                        "Plan Width": 8,
                        "Actual Startup Time": 2.151,
                        "Actual Total Time": 513.377,
                        "Actual Rows": 669336,
                        "Actual Loops": 1,
                        "Workers Planned": 5,
                        "Workers Launched": 5,
                        "Single Copy": false,
                        "Plans": [
                          {
                            "Node Type": "Seq Scan",
                            "Parent Relationship": "Outer",
                            "Parallel Aware": true,
                            "Relation Name": "movie_info",
                            "Alias": "mi",
                            "Startup Cost": 0.0,
                            "Total Cost": 206598.52,
                            "Plan Rows": 133198,
                            "Plan Width": 8,
                            "Actual Startup Time": 0.383,
                            "Actual Total Time": 904.934,
                            "Actual Rows": 111556,
                            "Actual Loops": 6,
                            "Filter": "(info = ANY ('{Germany,German,USA,American}'::text[]))",
                            "Rows Removed by Filter": 2361064
                          }
                        ]
                      },
                      {
                        "Node Type": "Hash",
                        "Parent Relationship": "Inner",
                        "Parallel Aware": false,
                        "Startup Cost": 155322.4,
                        "Total Cost": 155322.4,
                        "Plan Rows": 3137,
                        "Plan Width": 62,
                        "Actual Startup Time": 8619.074,
                        "Actual Total Time": 8631.484,
                        "Actual Rows": 4513978,
                        "Actual Loops": 1,
                        "Hash Buckets": 8388608,
                        "Original Hash Buckets": 4096,
                        "Hash Batches": 1,
                        "Original Hash Batches": 1,
                        "Peak Memory Usage": 487773,
                        "Plans": [
                          {
                            "Node Type": "Nested Loop",
                            "Parent Relationship": "Outer",
                            "Parallel Aware": false,
                            "Join Type": "Inner",
                            "Startup Cost": 78186.99,
                            "Total Cost": 155322.4,
                            "Plan Rows": 3137,
                            "Plan Width": 62,
                            "Actual Startup Time": 1581.812,
                            "Actual Total Time": 7099.022,
                            "Actual Rows": 4513978,
                            "Actual Loops": 1,
                            "Inner Unique": false,
                            "Join Filter": "(t.kind_id = kt.id)",
                            "Rows Removed by Join Filter": 5110600,
                            "Plans": [
                              {
                                "Node Type": "Seq Scan",
                                "Parent Relationship": "Outer",
                                "Parallel Aware": false,
                                "Relation Name": "kind_type",
                                "Alias": "kt",
                                "Startup Cost": 0.0,
                                "Total Cost": 1.09,
                                "Plan Rows": 2,
                                "Plan Width": 4,
                                "Actual Startup Time": 0.007,
                                "Actual Total Time": 0.016,
                                "Actual Rows": 2,
                                "Actual Loops": 1,
                                "Filter": "((kind)::text = ANY ('{movie,episode}'::text[]))",
                                "Rows Removed by Filter": 5
                              },
                              {
                                "Node Type": "Materialize",
                                "Parent Relationship": "Inner",
                                "Parallel Aware": false,
                                "Startup Cost": 78186.99,
                                "Total Cost": 155019.39,
                                "Plan Rows": 10979,
                                "Plan Width": 66,
                                "Actual Startup Time": 411.958,
                                "Actual Total Time": 3028.548,
                                "Actual Rows": 4812289,
                                "Actual Loops": 2,
                                "Plans": [
                                  {
                                    "Node Type": "Nested Loop",
                                    "Parent Relationship": "Outer",
                                    "Parallel Aware": false,
                                    "Join Type": "Inner",
                                    "Startup Cost": 78186.99,
                                    "Total Cost": 154964.5,
                                    "Plan Rows": 10979,
                                    "Plan Width": 66,
                                    "Actual Startup Time": 823.903,
                                    "Actual Total Time": 3664.787,
                                    "Actual Rows": 4812289,
                                    "Actual Loops": 1,
                                    "Inner Unique": false,
                                    "Plans": [
                                      {
                                        "Node Type": "Hash Join",
                                        "Parent Relationship": "Outer",
                                        "Parallel Aware": false,
                                        "Join Type": "Inner",
                                        "Startup Cost": 78186.55,
                                        "Total Cost": 153003.41,
                                        "Plan Rows": 1094,
                                        "Plan Width": 58,
                                        "Actual Startup Time": 823.61,
                                        "Actual Total Time": 1852.342,
                                        "Actual Rows": 114852,
                                        "Actual Loops": 1,
                                        "Inner Unique": false,
                                        "Hash Cond": "(t.id = mi_idx.movie_id)",
                                        "Plans": [
                                          {
                                            "Node Type": "Seq Scan",
                                            "Parent Relationship": "Outer",
                                            "Parallel Aware": false,
                                            "Relation Name": "title",
                                            "Alias": "t",
                                            "Startup Cost": 0.0,
                                            "Total Cost": 67604.36,
                                            "Plan Rows": 1920413,
                                            "Plan Width": 25,
                                            "Actual Startup Time": 0.035,
                                            "Actual Total Time": 524.267,
                                            "Actual Rows": 1922849,
                                            "Actual Loops": 1,
                                            "Filter": "(production_year < 2010)",
                                            "Rows Removed by Filter": 605463
                                          },
                                          {
                                            "Node Type": "Hash",
                                            "Parent Relationship": "Inner",
                                            "Parallel Aware": false,
                                            "Startup Cost": 78168.54,
                                            "Total Cost": 78168.54,
                                            "Plan Rows": 1441,
                                            "Plan Width": 33,
                                            "Actual Startup Time": 823.533,
                                            "Actual Total Time": 835.928,
                                            "Actual Rows": 115293,
                                            "Actual Loops": 1,
                                            "Hash Buckets": 131072,
                                            "Original Hash Buckets": 2048,
                                            "Hash Batches": 1,
                                            "Original Hash Batches": 1,
                                            "Peak Memory Usage": 8328,
                                            "Plans": [
                                              {
                                                "Node Type": "Nested Loop",
                                                "Parent Relationship": "Outer",
                                                "Parallel Aware": false,
                                                "Join Type": "Inner",
                                                "Startup Cost": 27879.02,
                                                "Total Cost": 78168.54,
                                                "Plan Rows": 1441,
                                                "Plan Width": 33,
                                                "Actual Startup Time": 345.318,
                                                "Actual Total Time": 795.577,
                                                "Actual Rows": 115293,
                                                "Actual Loops": 1,
                                                "Inner Unique": false,
                                                "Join Filter": "(mi_idx.info_type_id = it2.id)",
                                                "Rows Removed by Join Filter": 342316,
                                                "Plans": [
                                                  {
                                                    "Node Type": "Seq Scan",
                                                    "Parent Relationship": "Outer",
                                                    "Parallel Aware": false,
                                                    "Relation Name": "info_type",
                                                    "Alias": "it2",
                                                    "Startup Cost": 0.0,
                                                    "Total Cost": 2.41,
                                                    "Plan Rows": 1,
                                                    "Plan Width": 4,
                                                    "Actual Startup Time": 0.014,
                                                    "Actual Total Time": 0.021,
                                                    "Actual Rows": 1,
                                                    "Actual Loops": 1,
                                                    "Filter": "((info)::text = 'rating'::text)",
                                                    "Rows Removed by Filter": 112
                                                  },
                                                  {
                                                    "Node Type": "Gather",
                                                    "Parent Relationship": "Inner",
                                                    "Parallel Aware": false,
                                                    "Startup Cost": 27879.02,
                                                    "Total Cost": 76130.07,
                                                    "Plan Rows": 162885,
                                                    "Plan Width": 37,
                                                    "Actual Startup Time": 345.301,
                                                    "Actual Total Time": 741.312,
                                                    "Actual Rows": 457609,
                                                    "Actual Loops": 1,
                                                    "Workers Planned": 3,
                                                    "Workers Launched": 2,
                                                    "Single Copy": false,
                                                    "Plans": [
                                                      {
                                                        "Node Type": "Hash Join",
                                                        "Parent Relationship": "Outer",
                                                        "Parallel Aware": true,
                                                        "Join Type": "Inner",
                                                        "Startup Cost": 26879.02,
                                                        "Total Cost": 58841.57,
                                                        "Plan Rows": 52544,
                                                        "Plan Width": 37,
                                                        "Actual Startup Time": 337.346,
                                                        "Actual Total Time": 656.028,
                                                        "Actual Rows": 152536,
                                                        "Actual Loops": 3,
                                                        "Inner Unique": false,
                                                        "Hash Cond": "(mc.movie_id = mi_idx.movie_id)",
                                                        "Plans": [
                                                          {
                                                            "Node Type": "Hash Join",
                                                            "Parent Relationship": "Outer",
                                                            "Parallel Aware": false,
                                                            "Join Type": "Inner",
                                                            "Startup Cost": 5646.61,
                                                            "Total Cost": 37302.61,
                                                            "Plan Rows": 23365,
                                                            "Plan Width": 23,
                                                            "Actual Startup Time": 46.151,
                                                            "Actual Total Time": 307.094,
                                                            "Actual Rows": 82796,
                                                            "Actual Loops": 3,
                                                            "Inner Unique": true,
                                                            "Hash Cond": "(mc.company_type_id = ct.id)",
                                                            "Plans": [
                                                              {
                                                                "Node Type": "Hash Join",
                                                                "Parent Relationship": "Outer",
                                                                "Parallel Aware": true,
                                                                "Join Type": "Inner",
                                                                "Startup Cost": 5645.52,
                                                                "Total Cost": 37175.21,
                                                                "Plan Rows": 23365,
                                                                "Plan Width": 27,
                                                                "Actual Startup Time": 46.063,
                                                                "Actual Total Time": 289.765,
                                                                "Actual Rows": 82796,
                                                                "Actual Loops": 3,
                                                                "Inner Unique": true,
                                                                "Hash Cond": "(mc.company_id = cn.id)",
                                                                "Plans": [
                                                                  {
                                                                    "Node Type": "Seq Scan",
                                                                    "Parent Relationship": "Outer",
                                                                    "Parallel Aware": true,
                                                                    "Relation Name": "movie_companies",
                                                                    "Alias": "mc",
                                                                    "Startup Cost": 0.0,
                                                                    "Total Cost": 31414.82,
                                                                    "Plan Rows": 43760,
                                                                    "Plan Width": 12,
                                                                    "Actual Startup Time": 0.011,
                                                                    "Actual Total Time": 207.412,
                                                                    "Actual Rows": 101090,
                                                                    "Actual Loops": 3,
                                                                    "Filter": "((note !~~ '%(USA)%'::text) AND (note ~~ '%(200%)%'::text))",
                                                                    "Rows Removed by Filter": 768619
                                                                  },
                                                                  {
                                                                    "Node Type": "Hash",
                                                                    "Parent Relationship": "Inner",
                                                                    "Parallel Aware": true,
                                                                    "Startup Cost": 4722.92,
                                                                    "Total Cost": 4722.92,
                                                                    "Plan Rows": 73808,
                                                                    "Plan Width": 23,
                                                                    "Actual Startup Time": 42.788,
                                                                    "Actual Total Time": 42.79,
                                                                    "Actual Rows": 42077,
                                                                    "Actual Loops": 3,
                                                                    "Hash Buckets": 131072,
                                                                    "Original Hash Buckets": 131072,
                                                                    "Hash Batches": 1,
                                                                    "Original Hash Batches": 1,
                                                                    "Peak Memory Usage": 8256,
                                                                    "Plans": [
                                                                      {
                                                                        "Node Type": "Seq Scan",
                                                                        "Parent Relationship": "Outer",
                                                                        "Parallel Aware": true,
                                                                        "Relation Name": "company_name",
                                                                        "Alias": "cn",
                                                                        "Startup Cost": 0.0,
                                                                        "Total Cost": 4722.92,
                                                                        "Plan Rows": 73808,
                                                                        "Plan Width": 23,
                                                                        "Actual Startup Time": 0.026,
                                                                        "Actual Total Time": 19.013,
                                                                        "Actual Rows": 42077,
                                                                        "Actual Loops": 3,
                                                                        "Filter": "((country_code)::text <> '[us]'::text)",
                                                                        "Rows Removed by Filter": 36256
                                                                      }
                                                                    ]
                                                                  }
                                                                ]
                                                              },
                                                              {
                                                                "Node Type": "Hash",
                                                                "Parent Relationship": "Inner",
                                                                "Parallel Aware": false,
                                                                "Startup Cost": 1.04,
                                                                "Total Cost": 1.04,
                                                                "Plan Rows": 4,
                                                                "Plan Width": 4,
                                                                "Actual Startup Time": 0.038,
                                                                "Actual Total Time": 0.039,
                                                                "Actual Rows": 4,
                                                                "Actual Loops": 3,
                                                                "Hash Buckets": 1024,
                                                                "Original Hash Buckets": 1024,
                                                                "Hash Batches": 1,
                                                                "Original Hash Batches": 1,
                                                                "Peak Memory Usage": 9,
                                                                "Plans": [
                                                                  {
                                                                    "Node Type": "Seq Scan",
                                                                    "Parent Relationship": "Outer",
                                                                    "Parallel Aware": false,
                                                                    "Relation Name": "company_type",
                                                                    "Alias": "ct",
                                                                    "Startup Cost": 0.0,
                                                                    "Total Cost": 1.04,
                                                                    "Plan Rows": 4,
                                                                    "Plan Width": 4,
                                                                    "Actual Startup Time": 0.028,
                                                                    "Actual Total Time": 0.03,
                                                                    "Actual Rows": 4,
                                                                    "Actual Loops": 3
                                                                  }
                                                                ]
                                                              }
                                                            ]
                                                          },
                                                          {
                                                            "Node Type": "Hash",
                                                            "Parent Relationship": "Inner",
                                                            "Parallel Aware": true,
                                                            "Startup Cost": 15122.68,
                                                            "Total Cost": 15122.68,
                                                            "Plan Rows": 488778,
                                                            "Plan Width": 14,
                                                            "Actual Startup Time": 283.45,
                                                            "Actual Total Time": 283.451,
                                                            "Actual Rows": 390987,
                                                            "Actual Loops": 3,
                                                            "Hash Buckets": 2097152,
                                                            "Original Hash Buckets": 2097152,
                                                            "Hash Batches": 1,
                                                            "Original Hash Batches": 1,
                                                            "Peak Memory Usage": 75104,
                                                            "Plans": [
                                                              {
                                                                "Node Type": "Seq Scan",
                                                                "Parent Relationship": "Outer",
                                                                "Parallel Aware": true,
                                                                "Relation Name": "movie_info_idx",
                                                                "Alias": "mi_idx",
                                                                "Startup Cost": 0.0,
                                                                "Total Cost": 15122.68,
                                                                "Plan Rows": 488778,
                                                                "Plan Width": 14,
                                                                "Actual Startup Time": 0.053,
                                                                "Actual Total Time": 115.231,
                                                                "Actual Rows": 390987,
                                                                "Actual Loops": 3,
                                                                "Filter": "(info < '7.0'::text)",
                                                                "Rows Removed by Filter": 69025
                                                              }
                                                            ]
                                                          }
                                                        ]
                                                      }
                                                    ]
                                                  }
                                                ]
                                              }
                                            ]
                                          }
                                        ]
                                      },
                                      {
                                        "Node Type": "Index Scan",
                                        "Parent Relationship": "Inner",
                                        "Parallel Aware": false,
                                        "Scan Direction": "Forward",
                                        "Index Name": "movie_id_movie_keyword",
                                        "Relation Name": "movie_keyword",
                                        "Alias": "mk",
                                        "Startup Cost": 0.43,
                                        "Total Cost": 1.33,
                                        "Plan Rows": 46,
                                        "Plan Width": 8,
                                        "Actual Startup Time": 0.005,
                                        "Actual Total Time": 0.011,
                                        "Actual Rows": 42,
                                        "Actual Loops": 114852,
                                        "Index Cond": "(movie_id = t.id)",
                                        "Rows Removed by Index Recheck": 0
                                      }
                                    ]
                                  }
                                ]
                              }
                            ]
                          }
                        ]
                      }
                    ]
                  }
                ]
              }
            ]
          }
        ]
      }
    ]
  },
  "Planning Time": 44.742,
  "Triggers": [],
  "Execution Time": 14631.959
}