[
  {
    "Plan": {
      "Node Type": "Aggregate",
      "Strategy": "Plain",
      "Partial Mode": "Finalize",
      "Parallel Aware": false,
      "Startup Cost": 87437.21,
      "Total Cost": 87437.22,
      "Plan Rows": 1,
      "Plan Width": 8,
      "Actual Startup Time": 515.87,
      "Actual Total Time": 533.517,
      "Actual Rows": 1,
      "Actual Loops": 1,
      "Plans": [
        {
          "Node Type": "Gather",
          "Parent Relationship": "Outer",
          "Parallel Aware": false,
          "Startup Cost": 87436.89,
          "Total Cost": 87437.2,
          "Plan Rows": 3,
          "Plan Width": 8,
          "Actual Startup Time": 502.627,
          "Actual Total Time": 533.507,
          "Actual Rows": 4,
          "Actual Loops": 1,
          "Workers Planned": 3,
          "Workers Launched": 3,
          "Single Copy": false,
          "Plans": [
            {
              "Node Type": "Aggregate",
              "Strategy": "Plain",
              "Partial Mode": "Partial",
              "Parent Relationship": "Outer",
              "Parallel Aware": false,
              "Startup Cost": 86436.89,
              "Total Cost": 86436.9,
              "Plan Rows": 1,
              "Plan Width": 8,
              "Actual Startup Time": 483.615,
              "Actual Total Time": 483.618,
              "Actual Rows": 1,
              "Actual Loops": 4,
              "Plans": [
                {
                  "Node Type": "Hash Join",
                  "Parent Relationship": "Outer",
                  "Parallel Aware": true,
                  "Join Type": "Inner",
                  "Startup Cost": 59496.85,
                  "Total Cost": 86084.26,
                  "Plan Rows": 141052,
                  "Plan Width": 0,
                  "Actual Startup Time": 375.525,
                  "Actual Total Time": 478.123,
                  "Actual Rows": 113332,
                  "Actual Loops": 4,
                  "Inner Unique": true,
                  "Hash Cond": "(mk.movie_id = t.id)",
                  "Plans": [
                    {
                      "Node Type": "Bitmap Heap Scan",
                      "Parent Relationship": "Outer",
                      "Parallel Aware": true,
                      "Relation Name": "movie_keyword",
                      "Alias": "mk",
                      "Startup Cost": 9277.21,
                      "Total Cost": 35494.35,
                      "Plan Rows": 141052,
                      "Plan Width": 4,
                      "Actual Startup Time": 30.645,
                      "Actual Total Time": 84.263,
                      "Actual Rows": 113332,
                      "Actual Loops": 4,
                      "Recheck Cond": "(keyword_id < 348)",
                      "Rows Removed by Index Recheck": 0,
                      "Exact Heap Blocks": 7126,
                      "Lossy Heap Blocks": 0,
                      "Plans": [
                        {
                          "Node Type": "Bitmap Index Scan",
                          "Parent Relationship": "Outer",
                          "Parallel Aware": false,
                          "Index Name": "keyword_id_movie_keyword",
                          "Startup Cost": 0.0,
                          "Total Cost": 9167.89,
                          "Plan Rows": 437261,
                          "Plan Width": 0,
                          "Actual Startup Time": 27.001,
                          "Actual Total Time": 27.002,
                          "Actual Rows": 453330,
                          "Actual Loops": 1,
                          "Index Cond": "(keyword_id < 348)"
                        }
                      ]
                    },
                    {
                      "Node Type": "Hash",
                      "Parent Relationship": "Inner",
                      "Parallel Aware": true,
                      "Startup Cost": 42318.73,
                      "Total Cost": 42318.73,
                      "Plan Rows": 632073,
                      "Plan Width": 4,
                      "Actual Startup Time": 333.56,
                      "Actual Total Time": 333.561,
                      "Actual Rows": 632078,
                      "Actual Loops": 4,
                      "Hash Buckets": 4194304,
                      "Original Hash Buckets": 4194304,
                      "Hash Batches": 1,
                      "Original Hash Batches": 1,
                      "Peak Memory Usage": 131744,
                      "Plans": [
                        {
                          "Node Type": "Seq Scan",
                          "Parent Relationship": "Outer",
                          "Parallel Aware": true,
                          "Relation Name": "title",
                          "Alias": "t",
                          "Startup Cost": 0.0,
                          "Total Cost": 42318.73,
                          "Plan Rows": 632073,
                          "Plan Width": 4,
                          "Actual Startup Time": 0.032,
                          "Actual Total Time": 97.877,
                          "Actual Rows": 632078,
                          "Actual Loops": 4
                        }
                      ]
                    }
                  ]
                }
              ]
            }
          ]
        }
      ]
    },
    "Planning Time": 0.634,
    "Triggers": [],
    "Execution Time": 533.61
  }
]