[
    {
        "Bao": {
            "Bao prediction": "NaN",
            "Bao recommended hint": "(no hint)"
        }
    },
    {
        "Plan": {
            "Node Type": "Aggregate",
            "Strategy": "Plain",
            "Partial Mode": "Simple",
            "Parallel Aware": false,
            "Startup Cost": 5858.81,
            "Total Cost": 5858.82,
            "Plan Rows": 1,
            "Plan Width": 8,
            "Actual Startup Time": 3.268,
            "Actual Total Time": 3.27,
            "Actual Rows": 1,
            "Actual Loops": 1,
            "Output": [
                "count(*)"
            ],
            "Plans": [
                {
                    "Node Type": "Index Only Scan",
                    "Parent Relationship": "Outer",
                    "Parallel Aware": false,
                    "Scan Direction": "Forward",
                    "Index Name": "company_id_movie_companies",
                    "Relation Name": "movie_companies",
                    "Schema": "public",
                    "Alias": "mc",
                    "Startup Cost": 0.43,
                    "Total Cost": 5852.94,
                    "Plan Rows": 2348,
                    "Plan Width": 0,
                    "Actual Startup Time": 0.096,
                    "Actual Total Time": 3.101,
                    "Actual Rows": 2265,
                    "Actual Loops": 1,
                    "Output": [
                        "company_id"
                    ],
                    "Index Cond": "(mc.company_id = 14002)",
                    "Rows Removed by Index Recheck": 0,
                    "Heap Fetches": 2265
                }
            ]
        },
        "Planning Time": 326.115,
        "Triggers": [],
        "Execution Time": 3.363
    }
]