{
  "Plan": {
    "Node Type": "Aggregate",
    "Strategy": "Plain",
    "Partial Mode": "Finalize",
    "Parallel Aware": false,
    "Startup Cost": 589920.3,
    "Total Cost": 589920.31,
    "Plan Rows": 1,
    "Plan Width": 8,
    "Actual Startup Time": 2108.186,
    "Actual Total Time": 2142.509,
    "Actual Rows": 1,
    "Actual Loops": 1,
    "Plans": [
      {
        "Node Type": "Gather",
        "Parent Relationship": "Outer",
        "Parallel Aware": false,
        "Startup Cost": 589920.19,
        "Total Cost": 589920.3,
        "Plan Rows": 1,
        "Plan Width": 8,
        "Actual Startup Time": 2107.645,
        "Actual Total Time": 2142.502,
        "Actual Rows": 2,
        "Actual Loops": 1,
        "Workers Planned": 1,
        "Workers Launched": 1,
        "Single Copy": false,
        "Plans": [
          {
            "Node Type": "Aggregate",
            "Strategy": "Plain",
            "Partial Mode": "Partial",
            "Parent Relationship": "Outer",
            "Parallel Aware": false,
            "Startup Cost": 588920.19,
            "Total Cost": 588920.2,
            "Plan Rows": 1,
            "Plan Width": 8,
            "Actual Startup Time": 2102.438,
            "Actual Total Time": 2102.445,
            "Actual Rows": 1,
            "Actual Loops": 2,
            "Plans": [
              {
                "Node Type": "Hash Join",
                "Parent Relationship": "Outer",
                "Parallel Aware": true,
                "Join Type": "Inner",
                "Startup Cost": 568571.12,
                "Total Cost": 588850.39,
                "Plan Rows": 27921,
                "Plan Width": 0,
                "Actual Startup Time": 2019.151,
                "Actual Total Time": 2100.881,
                "Actual Rows": 37018,
                "Actual Loops": 2,
                "Inner Unique": false,
                "Hash Cond": "(mi_idx.movie_id = t.id)",
                "Plans": [
                  {
                    "Node Type": "Seq Scan",
                    "Parent Relationship": "Outer",
                    "Parallel Aware": true,
                    "Relation Name": "movie_info_idx",
                    "Alias": "mi_idx",
                    "Startup Cost": 0.0,
                    "Total Cost": 18082.32,
                    "Plan Rows": 271028,
                    "Plan Width": 4,
                    "Actual Startup Time": 0.012,
                    "Actual Total Time": 47.525,
                    "Actual Rows": 229962,
                    "Actual Loops": 2,
                    "Filter": "(info_type_id = 101)",
                    "Rows Removed by Filter": 460055
                  },
                  {
                    "Node Type": "Hash",
                    "Parent Relationship": "Inner",
                    "Parallel Aware": true,
                    "Startup Cost": 566655.93,
                    "Total Cost": 566655.93,
                    "Plan Rows": 153215,
                    "Plan Width": 8,
                    "Actual Startup Time": 2016.008,
                    "Actual Total Time": 2016.012,
                    "Actual Rows": 80448,
                    "Actual Loops": 2,
                    "Hash Buckets": 262144,
                    "Original Hash Buckets": 262144,
                    "Hash Batches": 1,
                    "Original Hash Batches": 1,
                    "Peak Memory Usage": 8384,
                    "Plans": [
                      {
                        "Node Type": "Hash Join",
                        "Parent Relationship": "Outer",
                        "Parallel Aware": true,
                        "Join Type": "Inner",
                        "Startup Cost": 38720.74,
                        "Total Cost": 566655.93,
                        "Plan Rows": 153215,
                        "Plan Width": 8,
                        "Actual Startup Time": 68.514,
                        "Actual Total Time": 1989.549,
                        "Actual Rows": 80448,
                        "Actual Loops": 2,
                        "Inner Unique": true,
                        "Hash Cond": "(ci.movie_id = t.id)",
                        "Plans": [
                          {
                            "Node Type": "Index Scan",
                            "Parent Relationship": "Outer",
                            "Parallel Aware": true,
                            "Scan Direction": "Forward",
                            "Index Name": "role_id_cast_info",
                            "Relation Name": "cast_info",
                            "Alias": "ci",
                            "Startup Cost": 0.56,
                            "Total Cost": 502630.18,
                            "Plan Rows": 9640203,
                            "Plan Width": 4,
                            "Actual Startup Time": 0.125,
                            "Actual Total Time": 1059.146,
                            "Actual Rows": 8060842,
                            "Actual Loops": 2,
                            "Index Cond": "(role_id > 2)",
                            "Rows Removed by Index Recheck": 0
                          },
                          {
                            "Node Type": "Hash",
                            "Parent Relationship": "Inner",
                            "Parallel Aware": true,
                            "Startup Cost": 38424.71,
                            "Total Cost": 38424.71,
                            "Plan Rows": 23637,
                            "Plan Width": 4,
                            "Actual Startup Time": 67.926,
                            "Actual Total Time": 67.927,
                            "Actual Rows": 18772,
                            "Actual Loops": 2,
                            "Hash Buckets": 65536,
                            "Original Hash Buckets": 65536,
                            "Hash Batches": 1,
                            "Original Hash Batches": 1,
                            "Peak Memory Usage": 2016,
                            "Plans": [
                              {
                                "Node Type": "Bitmap Heap Scan",
                                "Parent Relationship": "Outer",
                                "Parallel Aware": true,
                                "Relation Name": "title",
                                "Alias": "t",
                                "Startup Cost": 1626.58,
                                "Total Cost": 38424.71,
                                "Plan Rows": 23637,
                                "Plan Width": 4,
                                "Actual Startup Time": 21.306,
                                "Actual Total Time": 63.678,
                                "Actual Rows": 18772,
                                "Actual Loops": 2,
                                "Recheck Cond": "(kind_id = 2)",
                                "Rows Removed by Index Recheck": 0,
                                "Filter": "(production_year > 2004)",
                                "Rows Removed by Filter": 26654,
                                "Exact Heap Blocks": 20573,
                                "Lossy Heap Blocks": 0,
                                "Plans": [
                                  {
                                    "Node Type": "Bitmap Index Scan",
                                    "Parent Relationship": "Outer",
                                    "Parallel Aware": false,
                                    "Index Name": "kind_id_title",
                                    "Startup Cost": 0.0,
                                    "Total Cost": 1616.54,
                                    "Plan Rows": 90681,
                                    "Plan Width": 0,
                                    "Actual Startup Time": 15.717,
                                    "Actual Total Time": 15.717,
                                    "Actual Rows": 90852,
                                    "Actual Loops": 1,
                                    "Index Cond": "(kind_id = 2)"
                                  }
                                ]
                              }
                            ]
                          }
                        ]
                      }
                    ]
                  }
                ]
              }
            ]
          }
        ]
      }
    ]
  },
  "Planning Time": 1.034,
  "Triggers": [],
  "Execution Time": 2142.619
}