[
  {
    "Plan": {
      "Node Type": "Aggregate",
      "Strategy": "Plain",
      "Partial Mode": "Finalize",
      "Parallel Aware": false,
      "Startup Cost": 241925.37,
      "Total Cost": 241925.38,
      "Plan Rows": 1,
      "Plan Width": 8,
      "Actual Startup Time": 1834.194,
      "Actual Total Time": 1878.535,
      "Actual Rows": 1,
      "Actual Loops": 1,
      "Plans": [
        {
          "Node Type": "Gather",
          "Parent Relationship": "Outer",
          "Parallel Aware": false,
          "Startup Cost": 241925.05,
          "Total Cost": 241925.36,
          "Plan Rows": 3,
          "Plan Width": 8,
          "Actual Startup Time": 1815.003,
          "Actual Total Time": 1878.525,
          "Actual Rows": 4,
          "Actual Loops": 1,
          "Workers Planned": 3,
          "Workers Launched": 3,
          "Single Copy": false,
          "Plans": [
            {
              "Node Type": "Aggregate",
              "Strategy": "Plain",
              "Partial Mode": "Partial",
              "Parent Relationship": "Outer",
              "Parallel Aware": false,
              "Startup Cost": 240925.05,
              "Total Cost": 240925.06,
              "Plan Rows": 1,
              "Plan Width": 8,
              "Actual Startup Time": 1807.181,
              "Actual Total Time": 1808.057,
              "Actual Rows": 1,
              "Actual Loops": 4,
              "Plans": [
                {
                  "Node Type": "Hash Join",
                  "Parent Relationship": "Outer",
                  "Parallel Aware": true,
                  "Join Type": "Inner",
                  "Startup Cost": 208192.72,
                  "Total Cost": 240336.3,
                  "Plan Rows": 235501,
                  "Plan Width": 0,
                  "Actual Startup Time": 1266.316,
                  "Actual Total Time": 1698.763,
                  "Actual Rows": 2614136,
                  "Actual Loops": 4,
                  "Inner Unique": false,
                  "Hash Cond": "(mc.movie_id = t.id)",
                  "Plans": [
                    {
                      "Node Type": "Seq Scan",
                      "Parent Relationship": "Outer",
                      "Parallel Aware": true,
                      "Relation Name": "movie_companies",
                      "Alias": "mc",
                      "Startup Cost": 0.0,
                      "Total Cost": 29310.68,
                      "Plan Rows": 629839,
                      "Plan Width": 4,
                      "Actual Startup Time": 0.024,
                      "Actual Total Time": 65.786,
                      "Actual Rows": 488608,
                      "Actual Loops": 4,
                      "Filter": "(company_id < 53707)",
                      "Rows Removed by Filter": 163674
                    },
                    {
                      "Node Type": "Hash",
                      "Parent Relationship": "Inner",
                      "Parallel Aware": true,
                      "Startup Cost": 205829.33,
                      "Total Cost": 205829.33,
                      "Plan Rows": 189071,
                      "Plan Width": 8,
                      "Actual Startup Time": 1261.349,
                      "Actual Total Time": 1262.224,
                      "Actual Rows": 888162,
                      "Actual Loops": 4,
                      "Hash Buckets": 4194304,
                      "Original Hash Buckets": 1048576,
                      "Hash Batches": 1,
                      "Original Hash Batches": 1,
                      "Peak Memory Usage": 196384,
                      "Plans": [
                        {
                          "Node Type": "Hash Join",
                          "Parent Relationship": "Outer",
                          "Parallel Aware": true,
                          "Join Type": "Inner",
                          "Startup Cost": 50587.67,
                          "Total Cost": 205829.33,
                          "Plan Rows": 189071,
                          "Plan Width": 8,
                          "Actual Startup Time": 303.361,
                          "Actual Total Time": 923.587,
                          "Actual Rows": 888162,
                          "Actual Loops": 4,
                          "Inner Unique": true,
                          "Hash Cond": "(ci.movie_id = t.id)",
                          "Plans": [
                            {
                              "Node Type": "Index Scan",
                              "Parent Relationship": "Outer",
                              "Parallel Aware": true,
                              "Scan Direction": "Forward",
                              "Index Name": "role_id_cast_info",
                              "Relation Name": "cast_info",
                              "Alias": "ci",
                              "Startup Cost": 0.56,
                              "Total Cost": 154655.9,
                              "Plan Rows": 223360,
                              "Plan Width": 4,
                              "Actual Startup Time": 0.118,
                              "Actual Total Time": 252.283,
                              "Actual Rows": 930016,
                              "Actual Loops": 4,
                              "Index Cond": "(role_id > 8)",
                              "Rows Removed by Index Recheck": 0,
                              "Filter": "(person_id > 2956259)",
                              "Rows Removed by Filter": 503157
                            },
                            {
                              "Node Type": "Hash",
                              "Parent Relationship": "Inner",
                              "Parallel Aware": true,
                              "Startup Cost": 43899.01,
                              "Total Cost": 43899.01,
                              "Plan Rows": 535048,
                              "Plan Width": 4,
                              "Actual Startup Time": 295.234,
                              "Actual Total Time": 295.236,
                              "Actual Rows": 536671,
                              "Actual Loops": 4,
                              "Hash Buckets": 4194304,
                              "Original Hash Buckets": 4194304,
                              "Hash Batches": 1,
                              "Original Hash Batches": 1,
                              "Peak Memory Usage": 116800,
                              "Plans": [
                                {
                                  "Node Type": "Seq Scan",
                                  "Parent Relationship": "Outer",
                                  "Parallel Aware": true,
                                  "Relation Name": "title",
                                  "Alias": "t",
                                  "Startup Cost": 0.0,
                                  "Total Cost": 43899.01,
                                  "Plan Rows": 535048,
                                  "Plan Width": 4,
                                  "Actual Startup Time": 0.046,
                                  "Actual Total Time": 100.783,
                                  "Actual Rows": 536671,
                                  "Actual Loops": 4,
                                  "Filter": "(production_year > 1965)",
                                  "Rows Removed by Filter": 95407
                                }
                              ]
                            }
                          ]
                        }
                      ]
                    }
                  ]
                }
              ]
            }
          ]
        }
      ]
    },
    "Planning Time": 1.44,
    "Triggers": [],
    "Execution Time": 1878.642
  }
]