[
  {
    "Plan": {
      "Node Type": "Aggregate",
      "Strategy": "Plain",
      "Partial Mode": "Finalize",
      "Parallel Aware": false,
      "Startup Cost": 33096.21,
      "Total Cost": 33096.22,
      "Plan Rows": 1,
      "Plan Width": 8,
      "Actual Startup Time": 86.062,
      "Actual Total Time": 92.308,
      "Actual Rows": 1,
      "Actual Loops": 1,
      "Plans": [
        {
          "Node Type": "Gather",
          "Parent Relationship": "Outer",
          "Parallel Aware": false,
          "Startup Cost": 33095.89,
          "Total Cost": 33096.2,
          "Plan Rows": 3,
          "Plan Width": 8,
          "Actual Startup Time": 85.948,
          "Actual Total Time": 92.299,
          "Actual Rows": 4,
          "Actual Loops": 1,
          "Workers Planned": 3,
          "Workers Launched": 3,
          "Single Copy": false,
          "Plans": [
            {
              "Node Type": "Aggregate",
              "Strategy": "Plain",
              "Partial Mode": "Partial",
              "Parent Relationship": "Outer",
              "Parallel Aware": false,
              "Startup Cost": 32095.89,
              "Total Cost": 32095.9,
              "Plan Rows": 1,
              "Plan Width": 8,
              "Actual Startup Time": 82.385,
              "Actual Total Time": 82.386,
              "Actual Rows": 1,
              "Actual Loops": 4,
              "Plans": [
                {
                  "Node Type": "Seq Scan",
                  "Parent Relationship": "Outer",
                  "Parallel Aware": true,
                  "Relation Name": "movie_companies",
                  "Alias": "mc",
                  "Startup Cost": 0.0,
                  "Total Cost": 31414.82,
                  "Plan Rows": 272429,
                  "Plan Width": 0,
                  "Actual Startup Time": 37.552,
                  "Actual Total Time": 71.58,
                  "Actual Rows": 263260,
                  "Actual Loops": 4,
                  "Filter": "((company_id > 3827) AND (company_type_id = 2))",
                  "Rows Removed by Filter": 389022
                }
              ]
            }
          ]
        }
      ]
    },
    "Planning Time": 0.23,
    "Triggers": [],
    "Execution Time": 92.367
  }
]