[
  {
    "Plan": {
      "Node Type": "Aggregate",
      "Strategy": "Plain",
      "Partial Mode": "Finalize",
      "Parallel Aware": false,
      "Startup Cost": 33091.86,
      "Total Cost": 33091.87,
      "Plan Rows": 1,
      "Plan Width": 8,
      "Actual Startup Time": 100.607,
      "Actual Total Time": 108.477,
      "Actual Rows": 1,
      "Actual Loops": 1,
      "Plans": [
        {
          "Node Type": "Gather",
          "Parent Relationship": "Outer",
          "Parallel Aware": false,
          "Startup Cost": 33091.54,
          "Total Cost": 33091.85,
          "Plan Rows": 3,
          "Plan Width": 8,
          "Actual Startup Time": 100.498,
          "Actual Total Time": 108.47,
          "Actual Rows": 4,
          "Actual Loops": 1,
          "Workers Planned": 3,
          "Workers Launched": 3,
          "Single Copy": false,
          "Plans": [
            {
              "Node Type": "Aggregate",
              "Strategy": "Plain",
              "Partial Mode": "Partial",
              "Parent Relationship": "Outer",
              "Parallel Aware": false,
              "Startup Cost": 32091.54,
              "Total Cost": 32091.55,
              "Plan Rows": 1,
              "Plan Width": 8,
              "Actual Startup Time": 92.312,
              "Actual Total Time": 92.314,
              "Actual Rows": 1,
              "Actual Loops": 4,
              "Plans": [
                {
                  "Node Type": "Seq Scan",
                  "Parent Relationship": "Outer",
                  "Parallel Aware": true,
                  "Relation Name": "movie_companies",
                  "Alias": "mc",
                  "Startup Cost": 0.0,
                  "Total Cost": 31414.82,
                  "Plan Rows": 270690,
                  "Plan Width": 0,
                  "Actual Startup Time": 47.474,
                  "Actual Total Time": 82.144,
                  "Actual Rows": 263260,
                  "Actual Loops": 4,
                  "Filter": "((company_id > 3827) AND (company_type_id = 2))",
                  "Rows Removed by Filter": 389022
                }
              ]
            }
          ]
        }
      ]
    },
    "Planning Time": 0.231,
    "Triggers": [],
    "Execution Time": 108.538
  }
]