[
  {
    "Plan": {
      "Node Type": "Aggregate",
      "Strategy": "Plain",
      "Partial Mode": "Finalize",
      "Parallel Aware": false,
      "Startup Cost": 45439.17,
      "Total Cost": 45439.18,
      "Plan Rows": 1,
      "Plan Width": 8,
      "Actual Startup Time": 138.895,
      "Actual Total Time": 146.577,
      "Actual Rows": 1,
      "Actual Loops": 1,
      "Plans": [
        {
          "Node Type": "Gather",
          "Parent Relationship": "Outer",
          "Parallel Aware": false,
          "Startup Cost": 45438.86,
          "Total Cost": 45439.17,
          "Plan Rows": 3,
          "Plan Width": 8,
          "Actual Startup Time": 138.796,
          "Actual Total Time": 146.568,
          "Actual Rows": 4,
          "Actual Loops": 1,
          "Workers Planned": 3,
          "Workers Launched": 3,
          "Single Copy": false,
          "Plans": [
            {
              "Node Type": "Aggregate",
              "Strategy": "Plain",
              "Partial Mode": "Partial",
              "Parent Relationship": "Outer",
              "Parallel Aware": false,
              "Startup Cost": 44438.86,
              "Total Cost": 44438.87,
              "Plan Rows": 1,
              "Plan Width": 8,
              "Actual Startup Time": 133.691,
              "Actual Total Time": 133.692,
              "Actual Rows": 1,
              "Actual Loops": 4,
              "Plans": [
                {
                  "Node Type": "Seq Scan",
                  "Parent Relationship": "Outer",
                  "Parallel Aware": true,
                  "Relation Name": "movie_keyword",
                  "Alias": "mk",
                  "Startup Cost": 0.0,
                  "Total Cost": 42695.65,
                  "Plan Rows": 697281,
                  "Plan Width": 0,
                  "Actual Startup Time": 0.046,
                  "Actual Total Time": 108.77,
                  "Actual Rows": 543834,
                  "Actual Loops": 4,
                  "Filter": "(keyword_id < 4255)",
                  "Rows Removed by Filter": 587149
                }
              ]
            }
          ]
        }
      ]
    },
    "Planning Time": 0.168,
    "Triggers": [],
    "Execution Time": 146.636
  }
]