[
  {
    "Plan": {
      "Node Type": "Aggregate",
      "Strategy": "Plain",
      "Partial Mode": "Finalize",
      "Parallel Aware": false,
      "Startup Cost": 54800.76,
      "Total Cost": 54800.77,
      "Plan Rows": 1,
      "Plan Width": 8,
      "Actual Startup Time": 92.783,
      "Actual Total Time": 106.673,
      "Actual Rows": 1,
      "Actual Loops": 1,
      "Plans": [
        {
          "Node Type": "Gather",
          "Parent Relationship": "Outer",
          "Parallel Aware": false,
          "Startup Cost": 54800.34,
          "Total Cost": 54800.75,
          "Plan Rows": 4,
          "Plan Width": 8,
          "Actual Startup Time": 92.66,
          "Actual Total Time": 106.663,
          "Actual Rows": 5,
          "Actual Loops": 1,
          "Workers Planned": 4,
          "Workers Launched": 4,
          "Single Copy": false,
          "Plans": [
            {
              "Node Type": "Aggregate",
              "Strategy": "Plain",
              "Partial Mode": "Partial",
              "Parent Relationship": "Outer",
              "Parallel Aware": false,
              "Startup Cost": 53800.34,
              "Total Cost": 53800.35,
              "Plan Rows": 1,
              "Plan Width": 8,
              "Actual Startup Time": 88.469,
              "Actual Total Time": 88.47,
              "Actual Rows": 1,
              "Actual Loops": 5,
              "Plans": [
                {
                  "Node Type": "Nested Loop",
                  "Parent Relationship": "Outer",
                  "Parallel Aware": false,
                  "Join Type": "Inner",
                  "Startup Cost": 0.43,
                  "Total Cost": 53799.14,
                  "Plan Rows": 480,
                  "Plan Width": 0,
                  "Actual Startup Time": 1.577,
                  "Actual Total Time": 88.37,
                  "Actual Rows": 1016,
                  "Actual Loops": 5,
                  "Inner Unique": false,
                  "Plans": [
                    {
                      "Node Type": "Seq Scan",
                      "Parent Relationship": "Outer",
                      "Parallel Aware": true,
                      "Relation Name": "title",
                      "Alias": "t",
                      "Startup Cost": 0.0,
                      "Total Cost": 45479.59,
                      "Plan Rows": 1314,
                      "Plan Width": 4,
                      "Actual Startup Time": 1.039,
                      "Actual Total Time": 77.134,
                      "Actual Rows": 1304,
                      "Actual Loops": 5,
                      "Filter": "((kind_id < 4) AND (production_year = 1980))",
                      "Rows Removed by Filter": 504358
                    },
                    {
                      "Node Type": "Index Scan",
                      "Parent Relationship": "Inner",
                      "Parallel Aware": false,
                      "Scan Direction": "Forward",
                      "Index Name": "movie_id_movie_info_idx",
                      "Relation Name": "movie_info_idx",
                      "Alias": "mi_idx",
                      "Startup Cost": 0.43,
                      "Total Cost": 6.31,
                      "Plan Rows": 2,
                      "Plan Width": 4,
                      "Actual Startup Time": 0.008,
                      "Actual Total Time": 0.008,
                      "Actual Rows": 1,
                      "Actual Loops": 6521,
                      "Index Cond": "(movie_id = t.id)",
                      "Rows Removed by Index Recheck": 0,
                      "Filter": "(info_type_id > 99)",
                      "Rows Removed by Filter": 0
                    }
                  ]
                }
              ]
            }
          ]
        }
      ]
    },
    "Planning Time": 0.314,
    "Triggers": [],
    "Execution Time": 106.749
  }
]