[
  {
    "Plan": {
      "Node Type": "Aggregate",
      "Strategy": "Plain",
      "Partial Mode": "Finalize",
      "Parallel Aware": false,
      "Startup Cost": 321562.46,
      "Total Cost": 321562.47,
      "Plan Rows": 1,
      "Plan Width": 8,
      "Actual Startup Time": 255.815,
      "Actual Total Time": 300.052,
      "Actual Rows": 1,
      "Actual Loops": 1,
      "Plans": [
        {
          "Node Type": "Gather",
          "Parent Relationship": "Outer",
          "Parallel Aware": false,
          "Startup Cost": 321562.04,
          "Total Cost": 321562.45,
          "Plan Rows": 4,
          "Plan Width": 8,
          "Actual Startup Time": 255.596,
          "Actual Total Time": 300.039,
          "Actual Rows": 5,
          "Actual Loops": 1,
          "Workers Planned": 4,
          "Workers Launched": 4,
          "Single Copy": false,
          "Plans": [
            {
              "Node Type": "Aggregate",
              "Strategy": "Plain",
              "Partial Mode": "Partial",
              "Parent Relationship": "Outer",
              "Parallel Aware": false,
              "Startup Cost": 320562.04,
              "Total Cost": 320562.05,
              "Plan Rows": 1,
              "Plan Width": 8,
              "Actual Startup Time": 248.904,
              "Actual Total Time": 248.905,
              "Actual Rows": 1,
              "Actual Loops": 5,
              "Plans": [
                {
                  "Node Type": "Nested Loop",
                  "Parent Relationship": "Outer",
                  "Parallel Aware": false,
                  "Join Type": "Inner",
                  "Startup Cost": 0.56,
                  "Total Cost": 320463.07,
                  "Plan Rows": 39588,
                  "Plan Width": 0,
                  "Actual Startup Time": 0.549,
                  "Actual Total Time": 245.957,
                  "Actual Rows": 35896,
                  "Actual Loops": 5,
                  "Inner Unique": false,
                  "Plans": [
                    {
                      "Node Type": "Seq Scan",
                      "Parent Relationship": "Outer",
                      "Parallel Aware": true,
                      "Relation Name": "title",
                      "Alias": "t",
                      "Startup Cost": 0.0,
                      "Total Cost": 45479.59,
                      "Plan Rows": 4250,
                      "Plan Width": 4,
                      "Actual Startup Time": 0.076,
                      "Actual Total Time": 64.868,
                      "Actual Rows": 3945,
                      "Actual Loops": 5,
                      "Filter": "((kind_id > 1) AND (production_year = 1992))",
                      "Rows Removed by Filter": 501717
                    },
                    {
                      "Node Type": "Index Scan",
                      "Parent Relationship": "Inner",
                      "Parallel Aware": false,
                      "Scan Direction": "Forward",
                      "Index Name": "movie_id_cast_info",
                      "Relation Name": "cast_info",
                      "Alias": "ci",
                      "Startup Cost": 0.56,
                      "Total Cost": 64.47,
                      "Plan Rows": 23,
                      "Plan Width": 4,
                      "Actual Startup Time": 0.023,
                      "Actual Total Time": 0.044,
                      "Actual Rows": 9,
                      "Actual Loops": 19727,
                      "Index Cond": "(movie_id = t.id)",
                      "Rows Removed by Index Recheck": 0,
                      "Filter": "(role_id > 1)",
                      "Rows Removed by Filter": 5
                    }
                  ]
                }
              ]
            }
          ]
        }
      ]
    },
    "Planning Time": 0.26,
    "Triggers": [],
    "Execution Time": 300.106
  }
]