[
  {
    "Plan": {
      "Node Type": "Aggregate",
      "Strategy": "Plain",
      "Partial Mode": "Finalize",
      "Parallel Aware": false,
      "Startup Cost": 325468.59,
      "Total Cost": 325468.6,
      "Plan Rows": 1,
      "Plan Width": 8,
      "Actual Startup Time": 252.706,
      "Actual Total Time": 295.055,
      "Actual Rows": 1,
      "Actual Loops": 1,
      "Plans": [
        {
          "Node Type": "Gather",
          "Parent Relationship": "Outer",
          "Parallel Aware": false,
          "Startup Cost": 325468.17,
          "Total Cost": 325468.58,
          "Plan Rows": 4,
          "Plan Width": 8,
          "Actual Startup Time": 252.587,
          "Actual Total Time": 295.045,
          "Actual Rows": 5,
          "Actual Loops": 1,
          "Workers Planned": 4,
          "Workers Launched": 4,
          "Single Copy": false,
          "Plans": [
            {
              "Node Type": "Aggregate",
              "Strategy": "Plain",
              "Partial Mode": "Partial",
              "Parent Relationship": "Outer",
              "Parallel Aware": false,
              "Startup Cost": 324468.17,
              "Total Cost": 324468.18,
              "Plan Rows": 1,
              "Plan Width": 8,
              "Actual Startup Time": 242.922,
              "Actual Total Time": 242.923,
              "Actual Rows": 1,
              "Actual Loops": 5,
              "Plans": [
                {
                  "Node Type": "Nested Loop",
                  "Parent Relationship": "Outer",
                  "Parallel Aware": false,
                  "Join Type": "Inner",
                  "Startup Cost": 0.56,
                  "Total Cost": 324351.36,
                  "Plan Rows": 46724,
                  "Plan Width": 0,
                  "Actual Startup Time": 0.776,
                  "Actual Total Time": 240.278,
                  "Actual Rows": 35896,
                  "Actual Loops": 5,
                  "Inner Unique": false,
                  "Plans": [
                    {
                      "Node Type": "Seq Scan",
                      "Parent Relationship": "Outer",
                      "Parallel Aware": true,
                      "Relation Name": "title",
                      "Alias": "t",
                      "Startup Cost": 0.0,
                      "Total Cost": 45479.1,
                      "Plan Rows": 4974,
                      "Plan Width": 4,
                      "Actual Startup Time": 0.112,
                      "Actual Total Time": 62.295,
                      "Actual Rows": 3945,
                      "Actual Loops": 5,
                      "Filter": "((kind_id > 1) AND (production_year = 1992))",
                      "Rows Removed by Filter": 501717
                    },
                    {
                      "Node Type": "Index Scan",
                      "Parent Relationship": "Inner",
                      "Parallel Aware": false,
                      "Scan Direction": "Forward",
                      "Index Name": "movie_id_cast_info",
                      "Relation Name": "cast_info",
                      "Alias": "ci",
                      "Startup Cost": 0.56,
                      "Total Cost": 55.83,
                      "Plan Rows": 24,
                      "Plan Width": 4,
                      "Actual Startup Time": 0.023,
                      "Actual Total Time": 0.044,
                      "Actual Rows": 9,
                      "Actual Loops": 19727,
                      "Index Cond": "(movie_id = t.id)",
                      "Rows Removed by Index Recheck": 0,
                      "Filter": "(role_id > 1)",
                      "Rows Removed by Filter": 5
                    }
                  ]
                }
              ]
            }
          ]
        }
      ]
    },
    "Planning Time": 0.631,
    "Triggers": [],
    "Execution Time": 295.142
  }
]