[
  {
    "Plan": {
      "Node Type": "Aggregate",
      "Strategy": "Plain",
      "Partial Mode": "Finalize",
      "Parallel Aware": false,
      "Startup Cost": 108173.64,
      "Total Cost": 108173.65,
      "Plan Rows": 1,
      "Plan Width": 8,
      "Actual Startup Time": 532.024,
      "Actual Total Time": 548.867,
      "Actual Rows": 1,
      "Actual Loops": 1,
      "Plans": [
        {
          "Node Type": "Gather",
          "Parent Relationship": "Outer",
          "Parallel Aware": false,
          "Startup Cost": 108173.43,
          "Total Cost": 108173.64,
          "Plan Rows": 2,
          "Plan Width": 8,
          "Actual Startup Time": 528.569,
          "Actual Total Time": 548.858,
          "Actual Rows": 3,
          "Actual Loops": 1,
          "Workers Planned": 2,
          "Workers Launched": 2,
          "Single Copy": false,
          "Plans": [
            {
              "Node Type": "Aggregate",
              "Strategy": "Plain",
              "Partial Mode": "Partial",
              "Parent Relationship": "Outer",
              "Parallel Aware": false,
              "Startup Cost": 107173.43,
              "Total Cost": 107173.44,
              "Plan Rows": 1,
              "Plan Width": 8,
              "Actual Startup Time": 523.155,
              "Actual Total Time": 523.396,
              "Actual Rows": 1,
              "Actual Loops": 3,
              "Plans": [
                {
                  "Node Type": "Hash Join",
                  "Parent Relationship": "Outer",
                  "Parallel Aware": true,
                  "Join Type": "Inner",
                  "Startup Cost": 91160.8,
                  "Total Cost": 107098.69,
                  "Plan Rows": 29896,
                  "Plan Width": 0,
                  "Actual Startup Time": 398.169,
                  "Actual Total Time": 507.496,
                  "Actual Rows": 401907,
                  "Actual Loops": 3,
                  "Inner Unique": false,
                  "Hash Cond": "(mi_idx.movie_id = t.id)",
                  "Plans": [
                    {
                      "Node Type": "Seq Scan",
                      "Parent Relationship": "Outer",
                      "Parallel Aware": true,
                      "Relation Name": "movie_info_idx",
                      "Alias": "mi_idx",
                      "Startup Cost": 0.0,
                      "Total Cost": 13685.15,
                      "Plan Rows": 575015,
                      "Plan Width": 4,
                      "Actual Startup Time": 0.027,
                      "Actual Total Time": 34.579,
                      "Actual Rows": 460012,
                      "Actual Loops": 3
                    },
                    {
                      "Node Type": "Hash",
                      "Parent Relationship": "Inner",
                      "Parallel Aware": true,
                      "Startup Cost": 90630.76,
                      "Total Cost": 90630.76,
                      "Plan Rows": 42403,
                      "Plan Width": 8,
                      "Actual Startup Time": 394.554,
                      "Actual Total Time": 394.794,
                      "Actual Rows": 159343,
                      "Actual Loops": 3,
                      "Hash Buckets": 524288,
                      "Original Hash Buckets": 262144,
                      "Hash Batches": 1,
                      "Original Hash Batches": 1,
                      "Peak Memory Usage": 24896,
                      "Plans": [
                        {
                          "Node Type": "Hash Join",
                          "Parent Relationship": "Outer",
                          "Parallel Aware": true,
                          "Join Type": "Inner",
                          "Startup Cost": 45914.29,
                          "Total Cost": 90630.76,
                          "Plan Rows": 42403,
                          "Plan Width": 8,
                          "Actual Startup Time": 140.731,
                          "Actual Total Time": 358.494,
                          "Actual Rows": 159343,
                          "Actual Loops": 3,
                          "Inner Unique": true,
                          "Hash Cond": "(mk.movie_id = t.id)",
                          "Plans": [
                            {
                              "Node Type": "Seq Scan",
                              "Parent Relationship": "Outer",
                              "Parallel Aware": true,
                              "Relation Name": "movie_keyword",
                              "Alias": "mk",
                              "Startup Cost": 0.0,
                              "Total Cost": 42695.65,
                              "Plan Rows": 769836,
                              "Plan Width": 4,
                              "Actual Startup Time": 0.293,
                              "Actual Total Time": 133.58,
                              "Actual Rows": 794595,
                              "Actual Loops": 3,
                              "Filter": "(keyword_id > 3991)",
                              "Rows Removed by Filter": 713382
                            },
                            {
                              "Node Type": "Hash",
                              "Parent Relationship": "Inner",
                              "Parallel Aware": true,
                              "Startup Cost": 45479.1,
                              "Total Cost": 45479.1,
                              "Plan Rows": 34815,
                              "Plan Width": 4,
                              "Actual Startup Time": 138.609,
                              "Actual Total Time": 138.61,
                              "Actual Rows": 81881,
                              "Actual Loops": 3,
                              "Hash Buckets": 262144,
                              "Original Hash Buckets": 262144,
                              "Hash Batches": 1,
                              "Original Hash Batches": 1,
                              "Peak Memory Usage": 11712,
                              "Plans": [
                                {
                                  "Node Type": "Seq Scan",
                                  "Parent Relationship": "Outer",
                                  "Parallel Aware": true,
                                  "Relation Name": "title",
                                  "Alias": "t",
                                  "Startup Cost": 0.0,
                                  "Total Cost": 45479.1,
                                  "Plan Rows": 34815,
                                  "Plan Width": 4,
                                  "Actual Startup Time": 0.134,
                                  "Actual Total Time": 111.331,
                                  "Actual Rows": 81881,
                                  "Actual Loops": 3,
                                  "Filter": "((kind_id < 7) AND (production_year < 1970))",
                                  "Rows Removed by Filter": 760890
                                }
                              ]
                            }
                          ]
                        }
                      ]
                    }
                  ]
                }
              ]
            }
          ]
        }
      ]
    },
    "Planning Time": 1.197,
    "Triggers": [],
    "Execution Time": 548.941
  }
]