[
  {
    "Plan": {
      "Node Type": "Aggregate",
      "Strategy": "Plain",
      "Partial Mode": "Finalize",
      "Parallel Aware": false,
      "Startup Cost": 33191.08,
      "Total Cost": 33191.09,
      "Plan Rows": 1,
      "Plan Width": 8,
      "Actual Startup Time": 97.461,
      "Actual Total Time": 105.182,
      "Actual Rows": 1,
      "Actual Loops": 1,
      "Plans": [
        {
          "Node Type": "Gather",
          "Parent Relationship": "Outer",
          "Parallel Aware": false,
          "Startup Cost": 33190.76,
          "Total Cost": 33191.07,
          "Plan Rows": 3,
          "Plan Width": 8,
          "Actual Startup Time": 97.313,
          "Actual Total Time": 105.172,
          "Actual Rows": 4,
          "Actual Loops": 1,
          "Workers Planned": 3,
          "Workers Launched": 3,
          "Single Copy": false,
          "Plans": [
            {
              "Node Type": "Aggregate",
              "Strategy": "Plain",
              "Partial Mode": "Partial",
              "Parent Relationship": "Outer",
              "Parallel Aware": false,
              "Startup Cost": 32190.76,
              "Total Cost": 32190.77,
              "Plan Rows": 1,
              "Plan Width": 8,
              "Actual Startup Time": 91.732,
              "Actual Total Time": 91.733,
              "Actual Rows": 1,
              "Actual Loops": 4,
              "Plans": [
                {
                  "Node Type": "Seq Scan",
                  "Parent Relationship": "Outer",
                  "Parallel Aware": true,
                  "Relation Name": "movie_companies",
                  "Alias": "mc",
                  "Startup Cost": 0.0,
                  "Total Cost": 31414.82,
                  "Plan Rows": 310378,
                  "Plan Width": 0,
                  "Actual Startup Time": 0.557,
                  "Actual Total Time": 81.333,
                  "Actual Rows": 201275,
                  "Actual Loops": 4,
                  "Filter": "((company_id > 897) AND (company_type_id = 1))",
                  "Rows Removed by Filter": 451008
                }
              ]
            }
          ]
        }
      ]
    },
    "Planning Time": 0.215,
    "Triggers": [],
    "Execution Time": 105.239
  }
]