[
  {
    "Plan": {
      "Node Type": "Aggregate",
      "Strategy": "Plain",
      "Partial Mode": "Finalize",
      "Parallel Aware": false,
      "Startup Cost": 46941.42,
      "Total Cost": 46941.43,
      "Plan Rows": 1,
      "Plan Width": 8,
      "Actual Startup Time": 183.812,
      "Actual Total Time": 192.879,
      "Actual Rows": 1,
      "Actual Loops": 1,
      "Plans": [
        {
          "Node Type": "Gather",
          "Parent Relationship": "Outer",
          "Parallel Aware": false,
          "Startup Cost": 46941.1,
          "Total Cost": 46941.41,
          "Plan Rows": 3,
          "Plan Width": 8,
          "Actual Startup Time": 183.696,
          "Actual Total Time": 192.871,
          "Actual Rows": 4,
          "Actual Loops": 1,
          "Workers Planned": 3,
          "Workers Launched": 3,
          "Single Copy": false,
          "Plans": [
            {
              "Node Type": "Aggregate",
              "Strategy": "Plain",
              "Partial Mode": "Partial",
              "Parent Relationship": "Outer",
              "Parallel Aware": false,
              "Startup Cost": 45941.1,
              "Total Cost": 45941.11,
              "Plan Rows": 1,
              "Plan Width": 8,
              "Actual Startup Time": 176.544,
              "Actual Total Time": 176.545,
              "Actual Rows": 1,
              "Actual Loops": 4,
              "Plans": [
                {
                  "Node Type": "Seq Scan",
                  "Parent Relationship": "Outer",
                  "Parallel Aware": true,
                  "Relation Name": "movie_keyword",
                  "Alias": "mk",
                  "Startup Cost": 0.0,
                  "Total Cost": 42695.65,
                  "Plan Rows": 1298180,
                  "Plan Width": 0,
                  "Actual Startup Time": 0.068,
                  "Actual Total Time": 129.419,
                  "Actual Rows": 1009360,
                  "Actual Loops": 4,
                  "Filter": "(keyword_id < 36909)",
                  "Rows Removed by Filter": 121623
                }
              ]
            }
          ]
        }
      ]
    },
    "Planning Time": 0.188,
    "Triggers": [],
    "Execution Time": 192.934
  }
]