{
  "Plan": {
    "Node Type": "Aggregate",
    "Strategy": "Plain",
    "Partial Mode": "Finalize",
    "Parallel Aware": false,
    "Startup Cost": 121928.54,
    "Total Cost": 121928.55,
    "Plan Rows": 1,
    "Plan Width": 8,
    "Actual Startup Time": 768.63,
    "Actual Total Time": 788.439,
    "Actual Rows": 1,
    "Actual Loops": 1,
    "Plans": [
      {
        "Node Type": "Gather",
        "Parent Relationship": "Outer",
        "Parallel Aware": false,
        "Startup Cost": 121928.42,
        "Total Cost": 121928.53,
        "Plan Rows": 1,
        "Plan Width": 8,
        "Actual Startup Time": 763.99,
        "Actual Total Time": 788.432,
        "Actual Rows": 2,
        "Actual Loops": 1,
        "Workers Planned": 1,
        "Workers Launched": 1,
        "Single Copy": false,
        "Plans": [
          {
            "Node Type": "Aggregate",
            "Strategy": "Plain",
            "Partial Mode": "Partial",
            "Parent Relationship": "Outer",
            "Parallel Aware": false,
            "Startup Cost": 120928.42,
            "Total Cost": 120928.43,
            "Plan Rows": 1,
            "Plan Width": 8,
            "Actual Startup Time": 754.889,
            "Actual Total Time": 754.893,
            "Actual Rows": 1,
            "Actual Loops": 2,
            "Plans": [
              {
                "Node Type": "Hash Join",
                "Parent Relationship": "Outer",
                "Parallel Aware": true,
                "Join Type": "Inner",
                "Startup Cost": 87606.25,
                "Total Cost": 119670.53,
                "Plan Rows": 503159,
                "Plan Width": 0,
                "Actual Startup Time": 559.783,
                "Actual Total Time": 736.023,
                "Actual Rows": 424008,
                "Actual Loops": 2,
                "Inner Unique": true,
                "Hash Cond": "(mk.movie_id = t.id)",
                "Plans": [
                  {
                    "Node Type": "Bitmap Heap Scan",
                    "Parent Relationship": "Outer",
                    "Parallel Aware": true,
                    "Relation Name": "movie_keyword",
                    "Alias": "mk",
                    "Startup Cost": 18145.55,
                    "Total Cost": 48889.04,
                    "Plan Rows": 503159,
                    "Plan Width": 4,
                    "Actual Startup Time": 46.933,
                    "Actual Total Time": 126.383,
                    "Actual Rows": 424008,
                    "Actual Loops": 2,
                    "Recheck Cond": "(keyword_id > 21645)",
                    "Rows Removed by Index Recheck": 0,
                    "Exact Heap Blocks": 13352,
                    "Lossy Heap Blocks": 0,
                    "Plans": [
                      {
                        "Node Type": "Bitmap Index Scan",
                        "Parent Relationship": "Outer",
                        "Parallel Aware": false,
                        "Index Name": "keyword_id_movie_keyword",
                        "Startup Cost": 0.0,
                        "Total Cost": 17931.71,
                        "Plan Rows": 855370,
                        "Plan Width": 0,
                        "Actual Startup Time": 43.355,
                        "Actual Total Time": 43.356,
                        "Actual Rows": 848017,
                        "Actual Loops": 1,
                        "Index Cond": "(keyword_id > 21645)"
                      }
                    ]
                  },
                  {
                    "Node Type": "Hash",
                    "Parent Relationship": "Inner",
                    "Parallel Aware": true,
                    "Startup Cost": 50870.31,
                    "Total Cost": 50870.31,
                    "Plan Rows": 1487231,
                    "Plan Width": 4,
                    "Actual Startup Time": 495.922,
                    "Actual Total Time": 495.923,
                    "Actual Rows": 1264156,
                    "Actual Loops": 2,
                    "Hash Buckets": 4194304,
                    "Original Hash Buckets": 4194304,
                    "Hash Batches": 1,
                    "Original Hash Batches": 1,
                    "Peak Memory Usage": 131712,
                    "Plans": [
                      {
                        "Node Type": "Seq Scan",
                        "Parent Relationship": "Outer",
                        "Parallel Aware": true,
                        "Relation Name": "title",
                        "Alias": "t",
                        "Startup Cost": 0.0,
                        "Total Cost": 50870.31,
                        "Plan Rows": 1487231,
                        "Plan Width": 4,
                        "Actual Startup Time": 0.018,
                        "Actual Total Time": 147.549,
                        "Actual Rows": 1264156,
                        "Actual Loops": 2
                      }
                    ]
                  }
                ]
              }
            ]
          }
        ]
      }
    ]
  },
  "Planning Time": 0.423,
  "Triggers": [],
  "Execution Time": 788.498
}