[
    {
        "Bao": {
            "Bao prediction": "NaN",
            "Bao recommended hint": "(no hint)"
        }
    },
    {
        "Plan": {
            "Node Type": "Aggregate",
            "Strategy": "Plain",
            "Partial Mode": "Finalize",
            "Parallel Aware": false,
            "Startup Cost": 225805.84,
            "Total Cost": 225805.85,
            "Plan Rows": 1,
            "Plan Width": 8,
            "Actual Startup Time": 212.969,
            "Actual Total Time": 222.299,
            "Actual Rows": 1,
            "Actual Loops": 1,
            "Output": [
                "count(*)"
            ],
            "Plans": [
                {
                    "Node Type": "Gather",
                    "Parent Relationship": "Outer",
                    "Parallel Aware": false,
                    "Startup Cost": 225805.32,
                    "Total Cost": 225805.83,
                    "Plan Rows": 5,
                    "Plan Width": 8,
                    "Actual Startup Time": 208.327,
                    "Actual Total Time": 222.292,
                    "Actual Rows": 6,
                    "Actual Loops": 1,
                    "Output": [
                        "(PARTIAL count(*))"
                    ],
                    "Workers Planned": 5,
                    "Workers Launched": 5,
                    "Single Copy": false,
                    "Plans": [
                        {
                            "Node Type": "Aggregate",
                            "Strategy": "Plain",
                            "Partial Mode": "Partial",
                            "Parent Relationship": "Outer",
                            "Parallel Aware": false,
                            "Startup Cost": 224805.32,
                            "Total Cost": 224805.33,
                            "Plan Rows": 1,
                            "Plan Width": 8,
                            "Actual Startup Time": 198.181,
                            "Actual Total Time": 198.184,
                            "Actual Rows": 1,
                            "Actual Loops": 6,
                            "Output": [
                                "PARTIAL count(*)"
                            ],
                            "Workers": [
                                {
                                    "Worker Number": 0,
                                    "Actual Startup Time": 195.821,
                                    "Actual Total Time": 195.824,
                                    "Actual Rows": 1,
                                    "Actual Loops": 1
                                },
                                {
                                    "Worker Number": 1,
                                    "Actual Startup Time": 195.802,
                                    "Actual Total Time": 195.805,
                                    "Actual Rows": 1,
                                    "Actual Loops": 1
                                },
                                {
                                    "Worker Number": 2,
                                    "Actual Startup Time": 196.385,
                                    "Actual Total Time": 196.389,
                                    "Actual Rows": 1,
                                    "Actual Loops": 1
                                },
                                {
                                    "Worker Number": 3,
                                    "Actual Startup Time": 196.16,
                                    "Actual Total Time": 196.163,
                                    "Actual Rows": 1,
                                    "Actual Loops": 1
                                },
                                {
                                    "Worker Number": 4,
                                    "Actual Startup Time": 197.135,
                                    "Actual Total Time": 197.137,
                                    "Actual Rows": 1,
                                    "Actual Loops": 1
                                }
                            ],
                            "Plans": [
                                {
                                    "Node Type": "Hash Join",
                                    "Parent Relationship": "Outer",
                                    "Parallel Aware": true,
                                    "Join Type": "Inner",
                                    "Startup Cost": 60608.38,
                                    "Total Cost": 224691.74,
                                    "Plan Rows": 45432,
                                    "Plan Width": 0,
                                    "Actual Startup Time": 150.36,
                                    "Actual Total Time": 196.806,
                                    "Actual Rows": 21024,
                                    "Actual Loops": 6,
                                    "Inner Unique": true,
                                    "Hash Cond": "(mi.movie_id = t.id)",
                                    "Workers": [
                                        {
                                            "Worker Number": 0,
                                            "Actual Startup Time": 148.1,
                                            "Actual Total Time": 194.372,
                                            "Actual Rows": 20028,
                                            "Actual Loops": 1
                                        },
                                        {
                                            "Worker Number": 1,
                                            "Actual Startup Time": 148.104,
                                            "Actual Total Time": 194.374,
                                            "Actual Rows": 19978,
                                            "Actual Loops": 1
                                        },
                                        {
                                            "Worker Number": 2,
                                            "Actual Startup Time": 148.867,
                                            "Actual Total Time": 194.918,
                                            "Actual Rows": 18076,
                                            "Actual Loops": 1
                                        },
                                        {
                                            "Worker Number": 3,
                                            "Actual Startup Time": 148.369,
                                            "Actual Total Time": 194.786,
                                            "Actual Rows": 19234,
                                            "Actual Loops": 1
                                        },
                                        {
                                            "Worker Number": 4,
                                            "Actual Startup Time": 148.955,
                                            "Actual Total Time": 195.785,
                                            "Actual Rows": 19773,
                                            "Actual Loops": 1
                                        }
                                    ],
                                    "Plans": [
                                        {
                                            "Node Type": "Bitmap Heap Scan",
                                            "Parent Relationship": "Outer",
                                            "Parallel Aware": true,
                                            "Relation Name": "movie_info",
                                            "Schema": "public",
                                            "Alias": "mi",
                                            "Startup Cost": 12531.92,
                                            "Total Cost": 176252.49,
                                            "Plan Rows": 138206,
                                            "Plan Width": 4,
                                            "Actual Startup Time": 19.648,
                                            "Actual Total Time": 38.65,
                                            "Actual Rows": 110154,
                                            "Actual Loops": 6,
                                            "Output": [
                                                "mi.id",
                                                "mi.movie_id",
                                                "mi.info_type_id",
                                                "mi.info",
                                                "mi.note"
                                            ],
                                            "Recheck Cond": "(mi.info_type_id = 18)",
                                            "Rows Removed by Index Recheck": 0,
                                            "Exact Heap Blocks": 1448,
                                            "Lossy Heap Blocks": 0,
                                            "Workers": [
                                                {
                                                    "Worker Number": 0,
                                                    "Actual Startup Time": 19.73,
                                                    "Actual Total Time": 38.7,
                                                    "Actual Rows": 108838,
                                                    "Actual Loops": 1
                                                },
                                                {
                                                    "Worker Number": 1,
                                                    "Actual Startup Time": 19.691,
                                                    "Actual Total Time": 38.746,
                                                    "Actual Rows": 109461,
                                                    "Actual Loops": 1
                                                },
                                                {
                                                    "Worker Number": 2,
                                                    "Actual Startup Time": 19.734,
                                                    "Actual Total Time": 40.115,
                                                    "Actual Rows": 84822,
                                                    "Actual Loops": 1
                                                },
                                                {
                                                    "Worker Number": 3,
                                                    "Actual Startup Time": 19.48,
                                                    "Actual Total Time": 38.441,
                                                    "Actual Rows": 109835,
                                                    "Actual Loops": 1
                                                },
                                                {
                                                    "Worker Number": 4,
                                                    "Actual Startup Time": 19.697,
                                                    "Actual Total Time": 39.245,
                                                    "Actual Rows": 112384,
                                                    "Actual Loops": 1
                                                }
                                            ],
                                            "Plans": [
                                                {
                                                    "Node Type": "Bitmap Index Scan",
                                                    "Parent Relationship": "Outer",
                                                    "Parallel Aware": false,
                                                    "Index Name": "info_type_id_movie_info",
                                                    "Startup Cost": 0.0,
                                                    "Total Cost": 12359.16,
                                                    "Plan Rows": 691030,
                                                    "Plan Width": 0,
                                                    "Actual Startup Time": 18.648,
                                                    "Actual Total Time": 18.649,
                                                    "Actual Rows": 660923,
                                                    "Actual Loops": 1,
                                                    "Index Cond": "(mi.info_type_id = 18)"
                                                }
                                            ]
                                        },
                                        {
                                            "Node Type": "Hash",
                                            "Parent Relationship": "Inner",
                                            "Parallel Aware": true,
                                            "Startup Cost": 45479.21,
                                            "Total Cost": 45479.21,
                                            "Plan Rows": 207780,
                                            "Plan Width": 4,
                                            "Actual Startup Time": 127.47,
                                            "Actual Total Time": 127.471,
                                            "Actual Rows": 122726,
                                            "Actual Loops": 6,
                                            "Output": [
                                                "t.id"
                                            ],
                                            "Hash Buckets": 1048576,
                                            "Original Hash Buckets": 1048576,
                                            "Hash Batches": 1,
                                            "Original Hash Batches": 1,
                                            "Peak Memory Usage": 37088,
                                            "Workers": [
                                                {
                                                    "Worker Number": 0,
                                                    "Actual Startup Time": 127.731,
                                                    "Actual Total Time": 127.732,
                                                    "Actual Rows": 117749,
                                                    "Actual Loops": 1
                                                },
                                                {
                                                    "Worker Number": 1,
                                                    "Actual Startup Time": 127.705,
                                                    "Actual Total Time": 127.706,
                                                    "Actual Rows": 119875,
                                                    "Actual Loops": 1
                                                },
                                                {
                                                    "Worker Number": 2,
                                                    "Actual Startup Time": 128.408,
                                                    "Actual Total Time": 128.409,
                                                    "Actual Rows": 86683,
                                                    "Actual Loops": 1
                                                },
                                                {
                                                    "Worker Number": 3,
                                                    "Actual Startup Time": 128.158,
                                                    "Actual Total Time": 128.159,
                                                    "Actual Rows": 117412,
                                                    "Actual Loops": 1
                                                },
                                                {
                                                    "Worker Number": 4,
                                                    "Actual Startup Time": 128.68,
                                                    "Actual Total Time": 128.68,
                                                    "Actual Rows": 117070,
                                                    "Actual Loops": 1
                                                }
                                            ],
                                            "Plans": [
                                                {
                                                    "Node Type": "Seq Scan",
                                                    "Parent Relationship": "Outer",
                                                    "Parallel Aware": true,
                                                    "Relation Name": "title",
                                                    "Schema": "public",
                                                    "Alias": "t",
                                                    "Startup Cost": 0.0,
                                                    "Total Cost": 45479.21,
                                                    "Plan Rows": 207780,
                                                    "Plan Width": 4,
                                                    "Actual Startup Time": 0.036,
                                                    "Actual Total Time": 77.946,
                                                    "Actual Rows": 122726,
                                                    "Actual Loops": 6,
                                                    "Output": [
                                                        "t.id"
                                                    ],
                                                    "Filter": "((t.kind_id > 3) AND (t.production_year < 2004))",
                                                    "Rows Removed by Filter": 298660,
                                                    "Workers": [
                                                        {
                                                            "Worker Number": 0,
                                                            "Actual Startup Time": 0.039,
                                                            "Actual Total Time": 79.073,
                                                            "Actual Rows": 117749,
                                                            "Actual Loops": 1
                                                        },
                                                        {
                                                            "Worker Number": 1,
                                                            "Actual Startup Time": 0.029,
                                                            "Actual Total Time": 78.947,
                                                            "Actual Rows": 119875,
                                                            "Actual Loops": 1
                                                        },
                                                        {
                                                            "Worker Number": 2,
                                                            "Actual Startup Time": 0.049,
                                                            "Actual Total Time": 80.826,
                                                            "Actual Rows": 86683,
                                                            "Actual Loops": 1
                                                        },
                                                        {
                                                            "Worker Number": 3,
                                                            "Actual Startup Time": 0.047,
                                                            "Actual Total Time": 78.682,
                                                            "Actual Rows": 117412,
                                                            "Actual Loops": 1
                                                        },
                                                        {
                                                            "Worker Number": 4,
                                                            "Actual Startup Time": 0.036,
                                                            "Actual Total Time": 79.185,
                                                            "Actual Rows": 117070,
                                                            "Actual Loops": 1
                                                        }
                                                    ]
                                                }
                                            ]
                                        }
                                    ]
                                }
                            ]
                        }
                    ]
                }
            ]
        },
        "Planning Time": 217.199,
        "Triggers": [],
        "Execution Time": 222.38
    }
]