[
  {
    "Plan": {
      "Node Type": "Aggregate",
      "Strategy": "Plain",
      "Partial Mode": "Finalize",
      "Parallel Aware": false,
      "Startup Cost": 32116.26,
      "Total Cost": 32116.27,
      "Plan Rows": 1,
      "Plan Width": 8,
      "Actual Startup Time": 124.412,
      "Actual Total Time": 131.703,
      "Actual Rows": 1,
      "Actual Loops": 1,
      "Plans": [
        {
          "Node Type": "Gather",
          "Parent Relationship": "Outer",
          "Parallel Aware": false,
          "Startup Cost": 32115.94,
          "Total Cost": 32116.25,
          "Plan Rows": 3,
          "Plan Width": 8,
          "Actual Startup Time": 124.287,
          "Actual Total Time": 131.693,
          "Actual Rows": 4,
          "Actual Loops": 1,
          "Workers Planned": 3,
          "Workers Launched": 3,
          "Single Copy": false,
          "Plans": [
            {
              "Node Type": "Aggregate",
              "Strategy": "Plain",
              "Partial Mode": "Partial",
              "Parent Relationship": "Outer",
              "Parallel Aware": false,
              "Startup Cost": 31115.94,
              "Total Cost": 31115.95,
              "Plan Rows": 1,
              "Plan Width": 8,
              "Actual Startup Time": 116.009,
              "Actual Total Time": 116.01,
              "Actual Rows": 1,
              "Actual Loops": 4,
              "Plans": [
                {
                  "Node Type": "Seq Scan",
                  "Parent Relationship": "Outer",
                  "Parallel Aware": true,
                  "Relation Name": "movie_companies",
                  "Alias": "mc",
                  "Startup Cost": 0.0,
                  "Total Cost": 29310.68,
                  "Plan Rows": 722105,
                  "Plan Width": 0,
                  "Actual Startup Time": 0.044,
                  "Actual Total Time": 86.895,
                  "Actual Rows": 558815,
                  "Actual Loops": 4,
                  "Filter": "(company_id < 85103)",
                  "Rows Removed by Filter": 93467
                }
              ]
            }
          ]
        }
      ]
    },
    "Planning Time": 0.228,
    "Triggers": [],
    "Execution Time": 131.759
  }
]