[
  {
    "Plan": {
      "Node Type": "Aggregate",
      "Strategy": "Plain",
      "Partial Mode": "Finalize",
      "Parallel Aware": false,
      "Startup Cost": 73757.08,
      "Total Cost": 73757.09,
      "Plan Rows": 1,
      "Plan Width": 8,
      "Actual Startup Time": 254.249,
      "Actual Total Time": 270.346,
      "Actual Rows": 1,
      "Actual Loops": 1,
      "Plans": [
        {
          "Node Type": "Gather",
          "Parent Relationship": "Outer",
          "Parallel Aware": false,
          "Startup Cost": 73756.76,
          "Total Cost": 73757.07,
          "Plan Rows": 3,
          "Plan Width": 8,
          "Actual Startup Time": 249.749,
          "Actual Total Time": 270.338,
          "Actual Rows": 4,
          "Actual Loops": 1,
          "Workers Planned": 3,
          "Workers Launched": 3,
          "Single Copy": false,
          "Plans": [
            {
              "Node Type": "Aggregate",
              "Strategy": "Plain",
              "Partial Mode": "Partial",
              "Parent Relationship": "Outer",
              "Parallel Aware": false,
              "Startup Cost": 72756.76,
              "Total Cost": 72756.77,
              "Plan Rows": 1,
              "Plan Width": 8,
              "Actual Startup Time": 243.224,
              "Actual Total Time": 243.231,
              "Actual Rows": 1,
              "Actual Loops": 4,
              "Plans": [
                {
                  "Node Type": "Nested Loop",
                  "Parent Relationship": "Outer",
                  "Parallel Aware": false,
                  "Join Type": "Inner",
                  "Startup Cost": 21817.32,
                  "Total Cost": 72737.25,
                  "Plan Rows": 7807,
                  "Plan Width": 0,
                  "Actual Startup Time": 153.294,
                  "Actual Total Time": 241.881,
                  "Actual Rows": 16594,
                  "Actual Loops": 4,
                  "Inner Unique": true,
                  "Plans": [
                    {
                      "Node Type": "Hash Join",
                      "Parent Relationship": "Outer",
                      "Parallel Aware": true,
                      "Join Type": "Inner",
                      "Startup Cost": 21816.89,
                      "Total Cost": 47219.71,
                      "Plan Rows": 44153,
                      "Plan Width": 8,
                      "Actual Startup Time": 153.217,
                      "Actual Total Time": 181.546,
                      "Actual Rows": 16594,
                      "Actual Loops": 4,
                      "Inner Unique": false,
                      "Hash Cond": "(mk.movie_id = mi_idx.movie_id)",
                      "Plans": [
                        {
                          "Node Type": "Bitmap Heap Scan",
                          "Parent Relationship": "Outer",
                          "Parallel Aware": true,
                          "Relation Name": "movie_keyword",
                          "Alias": "mk",
                          "Startup Cost": 944.06,
                          "Total Cost": 26109.27,
                          "Plan Rows": 14303,
                          "Plan Width": 4,
                          "Actual Startup Time": 4.853,
                          "Actual Total Time": 22.22,
                          "Actual Rows": 9102,
                          "Actual Loops": 4,
                          "Recheck Cond": "(keyword_id < 43)",
                          "Rows Removed by Index Recheck": 0,
                          "Exact Heap Blocks": 5957,
                          "Lossy Heap Blocks": 0,
                          "Plans": [
                            {
                              "Node Type": "Bitmap Index Scan",
                              "Parent Relationship": "Outer",
                              "Parallel Aware": false,
                              "Index Name": "keyword_id_movie_keyword",
                              "Startup Cost": 0.0,
                              "Total Cost": 932.98,
                              "Plan Rows": 44339,
                              "Plan Width": 0,
                              "Actual Startup Time": 3.096,
                              "Actual Total Time": 3.097,
                              "Actual Rows": 36407,
                              "Actual Loops": 1,
                              "Index Cond": "(keyword_id < 43)"
                            }
                          ]
                        },
                        {
                          "Node Type": "Hash",
                          "Parent Relationship": "Inner",
                          "Parallel Aware": true,
                          "Startup Cost": 13685.15,
                          "Total Cost": 13685.15,
                          "Plan Rows": 575015,
                          "Plan Width": 4,
                          "Actual Startup Time": 143.739,
                          "Actual Total Time": 143.74,
                          "Actual Rows": 345009,
                          "Actual Loops": 4,
                          "Hash Buckets": 2097152,
                          "Original Hash Buckets": 2097152,
                          "Hash Batches": 1,
                          "Original Hash Batches": 1,
                          "Peak Memory Usage": 70432,
                          "Plans": [
                            {
                              "Node Type": "Seq Scan",
                              "Parent Relationship": "Outer",
                              "Parallel Aware": true,
                              "Relation Name": "movie_info_idx",
                              "Alias": "mi_idx",
                              "Startup Cost": 0.0,
                              "Total Cost": 13685.15,
                              "Plan Rows": 575015,
                              "Plan Width": 4,
                              "Actual Startup Time": 0.034,
                              "Actual Total Time": 47.462,
                              "Actual Rows": 345009,
                              "Actual Loops": 4
                            }
                          ]
                        }
                      ]
                    },
                    {
                      "Node Type": "Index Only Scan",
                      "Parent Relationship": "Inner",
                      "Parallel Aware": false,
                      "Scan Direction": "Forward",
                      "Index Name": "title_pkey",
                      "Relation Name": "title",
                      "Alias": "t",
                      "Startup Cost": 0.43,
                      "Total Cost": 0.58,
                      "Plan Rows": 1,
                      "Plan Width": 4,
                      "Actual Startup Time": 0.003,
                      "Actual Total Time": 0.003,
                      "Actual Rows": 1,
                      "Actual Loops": 66378,
                      "Index Cond": "(id = mi_idx.movie_id)",
                      "Rows Removed by Index Recheck": 0,
                      "Heap Fetches": 66378
                    }
                  ]
                }
              ]
            }
          ]
        }
      ]
    },
    "Planning Time": 0.516,
    "Triggers": [],
    "Execution Time": 270.415
  }
]