[
    {
        "Bao": {
            "Bao prediction": "NaN",
            "Bao recommended hint": "(no hint)"
        }
    },
    {
        "Plan": {
            "Node Type": "Aggregate",
            "Strategy": "Plain",
            "Partial Mode": "Finalize",
            "Parallel Aware": false,
            "Startup Cost": 25764.34,
            "Total Cost": 25764.35,
            "Plan Rows": 1,
            "Plan Width": 8,
            "Actual Startup Time": 57.905,
            "Actual Total Time": 62.029,
            "Actual Rows": 1,
            "Actual Loops": 1,
            "Output": [
                "count(*)"
            ],
            "Plans": [
                {
                    "Node Type": "Gather",
                    "Parent Relationship": "Outer",
                    "Parallel Aware": false,
                    "Startup Cost": 25764.03,
                    "Total Cost": 25764.34,
                    "Plan Rows": 3,
                    "Plan Width": 8,
                    "Actual Startup Time": 57.672,
                    "Actual Total Time": 62.023,
                    "Actual Rows": 4,
                    "Actual Loops": 1,
                    "Output": [
                        "(PARTIAL count(*))"
                    ],
                    "Workers Planned": 3,
                    "Workers Launched": 3,
                    "Single Copy": false,
                    "Plans": [
                        {
                            "Node Type": "Aggregate",
                            "Strategy": "Plain",
                            "Partial Mode": "Partial",
                            "Parent Relationship": "Outer",
                            "Parallel Aware": false,
                            "Startup Cost": 24764.03,
                            "Total Cost": 24764.04,
                            "Plan Rows": 1,
                            "Plan Width": 8,
                            "Actual Startup Time": 49.235,
                            "Actual Total Time": 49.237,
                            "Actual Rows": 1,
                            "Actual Loops": 4,
                            "Output": [
                                "PARTIAL count(*)"
                            ],
                            "Workers": [
                                {
                                    "Worker Number": 0,
                                    "Actual Startup Time": 46.233,
                                    "Actual Total Time": 46.234,
                                    "Actual Rows": 1,
                                    "Actual Loops": 1
                                },
                                {
                                    "Worker Number": 1,
                                    "Actual Startup Time": 46.539,
                                    "Actual Total Time": 46.541,
                                    "Actual Rows": 1,
                                    "Actual Loops": 1
                                },
                                {
                                    "Worker Number": 2,
                                    "Actual Startup Time": 46.774,
                                    "Actual Total Time": 46.776,
                                    "Actual Rows": 1,
                                    "Actual Loops": 1
                                }
                            ],
                            "Plans": [
                                {
                                    "Node Type": "Bitmap Heap Scan",
                                    "Parent Relationship": "Outer",
                                    "Parallel Aware": true,
                                    "Relation Name": "movie_companies",
                                    "Schema": "public",
                                    "Alias": "mc",
                                    "Startup Cost": 4804.14,
                                    "Total Cost": 24672.4,
                                    "Plan Rows": 36649,
                                    "Plan Width": 0,
                                    "Actual Startup Time": 36.801,
                                    "Actual Total Time": 48.376,
                                    "Actual Rows": 12815,
                                    "Actual Loops": 4,
                                    "Recheck Cond": "(mc.company_id < 82)",
                                    "Rows Removed by Index Recheck": 0,
                                    "Filter": "(mc.company_type_id > 1)",
                                    "Rows Removed by Filter": 43156,
                                    "Exact Heap Blocks": 10184,
                                    "Lossy Heap Blocks": 0,
                                    "Workers": [
                                        {
                                            "Worker Number": 0,
                                            "Actual Startup Time": 33.805,
                                            "Actual Total Time": 45.423,
                                            "Actual Rows": 8976,
                                            "Actual Loops": 1
                                        },
                                        {
                                            "Worker Number": 1,
                                            "Actual Startup Time": 34.107,
                                            "Actual Total Time": 45.731,
                                            "Actual Rows": 9085,
                                            "Actual Loops": 1
                                        },
                                        {
                                            "Worker Number": 2,
                                            "Actual Startup Time": 34.339,
                                            "Actual Total Time": 45.939,
                                            "Actual Rows": 10035,
                                            "Actual Loops": 1
                                        }
                                    ],
                                    "Plans": [
                                        {
                                            "Node Type": "Bitmap Index Scan",
                                            "Parent Relationship": "Outer",
                                            "Parallel Aware": false,
                                            "Index Name": "company_id_movie_companies",
                                            "Startup Cost": 0.0,
                                            "Total Cost": 4775.74,
                                            "Plan Rows": 222841,
                                            "Plan Width": 0,
                                            "Actual Startup Time": 12.481,
                                            "Actual Total Time": 12.481,
                                            "Actual Rows": 223883,
                                            "Actual Loops": 1,
                                            "Index Cond": "(mc.company_id < 82)"
                                        }
                                    ]
                                }
                            ]
                        }
                    ]
                }
            ]
        },
        "Planning Time": 219.385,
        "Triggers": [],
        "Execution Time": 62.081
    }
]