[
  {
    "Plan": {
      "Node Type": "Aggregate",
      "Strategy": "Plain",
      "Partial Mode": "Finalize",
      "Parallel Aware": false,
      "Startup Cost": 83125.56,
      "Total Cost": 83125.57,
      "Plan Rows": 1,
      "Plan Width": 8,
      "Actual Startup Time": 378.071,
      "Actual Total Time": 392.026,
      "Actual Rows": 1,
      "Actual Loops": 1,
      "Plans": [
        {
          "Node Type": "Gather",
          "Parent Relationship": "Outer",
          "Parallel Aware": false,
          "Startup Cost": 83125.24,
          "Total Cost": 83125.55,
          "Plan Rows": 3,
          "Plan Width": 8,
          "Actual Startup Time": 372.657,
          "Actual Total Time": 392.017,
          "Actual Rows": 4,
          "Actual Loops": 1,
          "Workers Planned": 3,
          "Workers Launched": 3,
          "Single Copy": false,
          "Plans": [
            {
              "Node Type": "Aggregate",
              "Strategy": "Plain",
              "Partial Mode": "Partial",
              "Parent Relationship": "Outer",
              "Parallel Aware": false,
              "Startup Cost": 82125.24,
              "Total Cost": 82125.25,
              "Plan Rows": 1,
              "Plan Width": 8,
              "Actual Startup Time": 362.854,
              "Actual Total Time": 362.857,
              "Actual Rows": 1,
              "Actual Loops": 4,
              "Plans": [
                {
                  "Node Type": "Hash Join",
                  "Parent Relationship": "Outer",
                  "Parallel Aware": true,
                  "Join Type": "Inner",
                  "Startup Cost": 49402.46,
                  "Total Cost": 81705.28,
                  "Plan Rows": 167984,
                  "Plan Width": 0,
                  "Actual Startup Time": 252.02,
                  "Actual Total Time": 360.194,
                  "Actual Rows": 66754,
                  "Actual Loops": 4,
                  "Inner Unique": true,
                  "Hash Cond": "(mc.movie_id = t.id)",
                  "Plans": [
                    {
                      "Node Type": "Seq Scan",
                      "Parent Relationship": "Outer",
                      "Parallel Aware": true,
                      "Relation Name": "movie_companies",
                      "Alias": "mc",
                      "Startup Cost": 0.0,
                      "Total Cost": 31414.82,
                      "Plan Rows": 338288,
                      "Plan Width": 4,
                      "Actual Startup Time": 30.25,
                      "Actual Total Time": 66.863,
                      "Actual Rows": 298446,
                      "Actual Loops": 4,
                      "Filter": "((company_id > 530) AND (company_type_id > 1))",
                      "Rows Removed by Filter": 353836
                    },
                    {
                      "Node Type": "Hash",
                      "Parent Relationship": "Inner",
                      "Parallel Aware": true,
                      "Startup Cost": 45479.1,
                      "Total Cost": 45479.1,
                      "Plan Rows": 313869,
                      "Plan Width": 4,
                      "Actual Startup Time": 214.979,
                      "Actual Total Time": 214.979,
                      "Actual Rows": 305384,
                      "Actual Loops": 4,
                      "Hash Buckets": 2097152,
                      "Original Hash Buckets": 2097152,
                      "Hash Batches": 1,
                      "Original Hash Batches": 1,
                      "Peak Memory Usage": 64256,
                      "Plans": [
                        {
                          "Node Type": "Seq Scan",
                          "Parent Relationship": "Outer",
                          "Parallel Aware": true,
                          "Relation Name": "title",
                          "Alias": "t",
                          "Startup Cost": 0.0,
                          "Total Cost": 45479.1,
                          "Plan Rows": 313869,
                          "Plan Width": 4,
                          "Actual Startup Time": 0.042,
                          "Actual Total Time": 105.243,
                          "Actual Rows": 305384,
                          "Actual Loops": 4,
                          "Filter": "((production_year < 2011) AND (kind_id = 7))",
                          "Rows Removed by Filter": 326694
                        }
                      ]
                    }
                  ]
                }
              ]
            }
          ]
        }
      ]
    },
    "Planning Time": 0.543,
    "Triggers": [],
    "Execution Time": 392.083
  }
]