[
    {
        "Bao": {
            "Bao prediction": "NaN",
            "Bao recommended hint": "(no hint)"
        }
    },
    {
        "Plan": {
            "Node Type": "Aggregate",
            "Strategy": "Plain",
            "Partial Mode": "Finalize",
            "Parallel Aware": false,
            "Startup Cost": 293101.35,
            "Total Cost": 293101.36,
            "Plan Rows": 1,
            "Plan Width": 8,
            "Actual Startup Time": 138.282,
            "Actual Total Time": 142.94,
            "Actual Rows": 1,
            "Actual Loops": 1,
            "Output": [
                "count(*)"
            ],
            "Plans": [
                {
                    "Node Type": "Gather",
                    "Parent Relationship": "Outer",
                    "Parallel Aware": false,
                    "Startup Cost": 293100.72,
                    "Total Cost": 293101.33,
                    "Plan Rows": 6,
                    "Plan Width": 8,
                    "Actual Startup Time": 137.595,
                    "Actual Total Time": 142.932,
                    "Actual Rows": 7,
                    "Actual Loops": 1,
                    "Output": [
                        "(PARTIAL count(*))"
                    ],
                    "Workers Planned": 6,
                    "Workers Launched": 6,
                    "Single Copy": false,
                    "Plans": [
                        {
                            "Node Type": "Aggregate",
                            "Strategy": "Plain",
                            "Partial Mode": "Partial",
                            "Parent Relationship": "Outer",
                            "Parallel Aware": false,
                            "Startup Cost": 292100.72,
                            "Total Cost": 292100.73,
                            "Plan Rows": 1,
                            "Plan Width": 8,
                            "Actual Startup Time": 127.491,
                            "Actual Total Time": 127.493,
                            "Actual Rows": 1,
                            "Actual Loops": 7,
                            "Output": [
                                "PARTIAL count(*)"
                            ],
                            "Workers": [
                                {
                                    "Worker Number": 0,
                                    "Actual Startup Time": 125.09,
                                    "Actual Total Time": 125.091,
                                    "Actual Rows": 1,
                                    "Actual Loops": 1
                                },
                                {
                                    "Worker Number": 1,
                                    "Actual Startup Time": 125.508,
                                    "Actual Total Time": 125.509,
                                    "Actual Rows": 1,
                                    "Actual Loops": 1
                                },
                                {
                                    "Worker Number": 2,
                                    "Actual Startup Time": 125.714,
                                    "Actual Total Time": 125.716,
                                    "Actual Rows": 1,
                                    "Actual Loops": 1
                                },
                                {
                                    "Worker Number": 3,
                                    "Actual Startup Time": 125.834,
                                    "Actual Total Time": 125.835,
                                    "Actual Rows": 1,
                                    "Actual Loops": 1
                                },
                                {
                                    "Worker Number": 4,
                                    "Actual Startup Time": 126.344,
                                    "Actual Total Time": 126.345,
                                    "Actual Rows": 1,
                                    "Actual Loops": 1
                                },
                                {
                                    "Worker Number": 5,
                                    "Actual Startup Time": 126.752,
                                    "Actual Total Time": 126.753,
                                    "Actual Rows": 1,
                                    "Actual Loops": 1
                                }
                            ],
                            "Plans": [
                                {
                                    "Node Type": "Bitmap Heap Scan",
                                    "Parent Relationship": "Outer",
                                    "Parallel Aware": true,
                                    "Relation Name": "cast_info",
                                    "Schema": "public",
                                    "Alias": "ci",
                                    "Startup Cost": 35404.66,
                                    "Total Cost": 291432.54,
                                    "Plan Rows": 267271,
                                    "Plan Width": 0,
                                    "Actual Startup Time": 53.163,
                                    "Actual Total Time": 112.872,
                                    "Actual Rows": 231038,
                                    "Actual Loops": 7,
                                    "Recheck Cond": "(ci.person_id < 161247)",
                                    "Rows Removed by Index Recheck": 0,
                                    "Exact Heap Blocks": 4359,
                                    "Lossy Heap Blocks": 0,
                                    "Workers": [
                                        {
                                            "Worker Number": 0,
                                            "Actual Startup Time": 51.138,
                                            "Actual Total Time": 110.682,
                                            "Actual Rows": 166250,
                                            "Actual Loops": 1
                                        },
                                        {
                                            "Worker Number": 1,
                                            "Actual Startup Time": 51.064,
                                            "Actual Total Time": 111.355,
                                            "Actual Rows": 163120,
                                            "Actual Loops": 1
                                        },
                                        {
                                            "Worker Number": 2,
                                            "Actual Startup Time": 51.857,
                                            "Actual Total Time": 111.627,
                                            "Actual Rows": 212468,
                                            "Actual Loops": 1
                                        },
                                        {
                                            "Worker Number": 3,
                                            "Actual Startup Time": 51.334,
                                            "Actual Total Time": 111.374,
                                            "Actual Rows": 211923,
                                            "Actual Loops": 1
                                        },
                                        {
                                            "Worker Number": 4,
                                            "Actual Startup Time": 51.863,
                                            "Actual Total Time": 112.375,
                                            "Actual Rows": 208544,
                                            "Actual Loops": 1
                                        },
                                        {
                                            "Worker Number": 5,
                                            "Actual Startup Time": 52.599,
                                            "Actual Total Time": 112.268,
                                            "Actual Rows": 207557,
                                            "Actual Loops": 1
                                        }
                                    ],
                                    "Plans": [
                                        {
                                            "Node Type": "Bitmap Index Scan",
                                            "Parent Relationship": "Outer",
                                            "Parallel Aware": false,
                                            "Index Name": "person_id_cast_info",
                                            "Startup Cost": 0.0,
                                            "Total Cost": 35003.75,
                                            "Plan Rows": 1603625,
                                            "Plan Width": 0,
                                            "Actual Startup Time": 59.774,
                                            "Actual Total Time": 59.774,
                                            "Actual Rows": 1617264,
                                            "Actual Loops": 1,
                                            "Index Cond": "(ci.person_id < 161247)"
                                        }
                                    ]
                                }
                            ]
                        }
                    ]
                }
            ]
        },
        "Planning Time": 208.985,
        "Triggers": [],
        "Execution Time": 143.003
    }
]