[
  {
    "Bao": {
      "Bao prediction": 773.836,
      "Bao recommended hint": "SET enable_nestloop TO off; SET enable_hashjoin TO off; "
    }
  },
  {
    "Plan": {
      "Node Type": "Aggregate",
      "Strategy": "Plain",
      "Partial Mode": "Simple",
      "Parallel Aware": false,
      "Startup Cost": 963209.99,
      "Total Cost": 963210.0,
      "Plan Rows": 1,
      "Plan Width": 96,
      "Actual Startup Time": 6097.099,
      "Actual Total Time": 6097.317,
      "Actual Rows": 1,
      "Actual Loops": 1,
      "Plans": [
        {
          "Node Type": "Merge Join",
          "Parent Relationship": "Outer",
          "Parallel Aware": false,
          "Join Type": "Inner",
          "Startup Cost": 775194.39,
          "Total Cost": 963209.81,
          "Plan Rows": 23,
          "Plan Width": 66,
          "Actual Startup Time": 4644.559,
          "Actual Total Time": 6093.604,
          "Actual Rows": 28073,
          "Actual Loops": 1,
          "Inner Unique": false,
          "Merge Cond": "(n.id = ci.person_id)",
          "Plans": [
            {
              "Node Type": "Index Scan",
              "Parent Relationship": "Outer",
              "Parallel Aware": false,
              "Scan Direction": "Forward",
              "Index Name": "name_pkey",
              "Relation Name": "name",
              "Alias": "n",
              "Startup Cost": 0.43,
              "Total Cost": 188589.67,
              "Plan Rows": 1747242,
              "Plan Width": 4,
              "Actual Startup Time": 0.024,
              "Actual Total Time": 1359.075,
              "Actual Rows": 1739579,
              "Actual Loops": 1,
              "Filter": "((gender)::text = 'm'::text)",
              "Rows Removed by Filter": 2427912
            },
            {
              "Node Type": "Sort",
              "Parent Relationship": "Inner",
              "Parallel Aware": false,
              "Startup Cost": 775193.96,
              "Total Cost": 775194.1,
              "Plan Rows": 55,
              "Plan Width": 70,
              "Actual Startup Time": 4644.08,
              "Actual Total Time": 4649.911,
              "Actual Rows": 28074,
              "Actual Loops": 1,
              "Sort Key": [
                "ci.person_id"
              ],
              "Sort Method": "quicksort",
              "Sort Space Used": 5953,
              "Sort Space Type": "Memory",
              "Plans": [
                {
                  "Node Type": "Merge Join",
                  "Parent Relationship": "Outer",
                  "Parallel Aware": false,
                  "Join Type": "Inner",
                  "Startup Cost": 655855.39,
                  "Total Cost": 775192.37,
                  "Plan Rows": 55,
                  "Plan Width": 70,
                  "Actual Startup Time": 3084.935,
                  "Actual Total Time": 4625.105,
                  "Actual Rows": 54155,
                  "Actual Loops": 1,
                  "Inner Unique": false,
                  "Merge Cond": "(mi_idx.movie_id = t.id)",
                  "Plans": [
                    {
                      "Node Type": "Gather Merge",
                      "Parent Relationship": "Outer",
                      "Parallel Aware": false,
                      "Startup Cost": 437489.57,
                      "Total Cost": 440334.72,
                      "Plan Rows": 14702,
                      "Plan Width": 18,
                      "Actual Startup Time": 1598.921,
                      "Actual Total Time": 1748.947,
                      "Actual Rows": 333558,
                      "Actual Loops": 1,
                      "Workers Planned": 6,
                      "Workers Launched": 6,
                      "Plans": [
                        {
                          "Node Type": "Merge Join",
                          "Parent Relationship": "Outer",
                          "Parallel Aware": false,
                          "Join Type": "Inner",
                          "Startup Cost": 436489.48,
                          "Total Cost": 437547.79,
                          "Plan Rows": 2450,
                          "Plan Width": 18,
                          "Actual Startup Time": 1488.663,
                          "Actual Total Time": 1724.955,
                          "Actual Rows": 47651,
                          "Actual Loops": 7,
                          "Inner Unique": false,
                          "Merge Cond": "(ci.movie_id = mi_idx.movie_id)",
                          "Plans": [
                            {
                              "Node Type": "Sort",
                              "Parent Relationship": "Outer",
                              "Parallel Aware": false,
                              "Startup Cost": 367979.51,
                              "Total Cost": 368465.97,
                              "Plan Rows": 194584,
                              "Plan Width": 8,
                              "Actual Startup Time": 903.016,
                              "Actual Total Time": 937.757,
                              "Actual Rows": 177813,
                              "Actual Loops": 7,
                              "Sort Key": [
                                "ci.movie_id"
                              ],
                              "Sort Method": "quicksort",
                              "Sort Space Used": 17756,
                              "Sort Space Type": "Memory",
                              "Workers": [
                                {
                                  "Worker Number": 0,
                                  "Sort Method": "quicksort",
                                  "Sort Space Used": 13349,
                                  "Sort Space Type": "Memory"
                                },
                                {
                                  "Worker Number": 1,
                                  "Sort Method": "quicksort",
                                  "Sort Space Used": 13113,
                                  "Sort Space Type": "Memory"
                                },
                                {
                                  "Worker Number": 2,
                                  "Sort Method": "quicksort",
                                  "Sort Space Used": 13244,
                                  "Sort Space Type": "Memory"
                                },
                                {
                                  "Worker Number": 3,
                                  "Sort Method": "quicksort",
                                  "Sort Space Used": 13274,
                                  "Sort Space Type": "Memory"
                                },
                                {
                                  "Worker Number": 4,
                                  "Sort Method": "quicksort",
                                  "Sort Space Used": 13121,
                                  "Sort Space Type": "Memory"
                                },
                                {
                                  "Worker Number": 5,
                                  "Sort Method": "quicksort",
                                  "Sort Space Used": 17501,
                                  "Sort Space Type": "Memory"
                                }
                              ],
                              "Plans": [
                                {
                                  "Node Type": "Seq Scan",
                                  "Parent Relationship": "Outer",
                                  "Parallel Aware": true,
                                  "Relation Name": "cast_info",
                                  "Alias": "ci",
                                  "Startup Cost": 0.0,
                                  "Total Cost": 350885.27,
                                  "Plan Rows": 194584,
                                  "Plan Width": 8,
                                  "Actual Startup Time": 95.011,
                                  "Actual Total Time": 842.223,
                                  "Actual Rows": 177817,
                                  "Actual Loops": 7,
                                  "Filter": "(note = ANY ('{(writer),\"(head writer)\",\"(written by)\",(story),\"(story editor)\"}'::text[]))",
                                  "Rows Removed by Filter": 4999947
                                }
                              ]
                            },
                            {
                              "Node Type": "Sort",
                              "Parent Relationship": "Inner",
                              "Parallel Aware": false,
                              "Startup Cost": 68509.93,
                              "Total Cost": 68540.46,
                              "Plan Rows": 12213,
                              "Plan Width": 10,
                              "Actual Startup Time": 585.626,
                              "Actual Total Time": 644.173,
                              "Actual Rows": 467239,
                              "Actual Loops": 7,
                              "Sort Key": [
                                "mi_idx.movie_id"
                              ],
                              "Sort Method": "quicksort",
                              "Sort Space Used": 33847,
                              "Sort Space Type": "Memory",
                              "Workers": [
                                {
                                  "Worker Number": 0,
                                  "Sort Method": "quicksort",
                                  "Sort Space Used": 33847,
                                  "Sort Space Type": "Memory"
                                },
                                {
                                  "Worker Number": 1,
                                  "Sort Method": "quicksort",
                                  "Sort Space Used": 33847,
                                  "Sort Space Type": "Memory"
                                },
                                {
                                  "Worker Number": 2,
                                  "Sort Method": "quicksort",
                                  "Sort Space Used": 33847,
                                  "Sort Space Type": "Memory"
                                },
                                {
                                  "Worker Number": 3,
                                  "Sort Method": "quicksort",
                                  "Sort Space Used": 33847,
                                  "Sort Space Type": "Memory"
                                },
                                {
                                  "Worker Number": 4,
                                  "Sort Method": "quicksort",
                                  "Sort Space Used": 33847,
                                  "Sort Space Type": "Memory"
                                },
                                {
                                  "Worker Number": 5,
                                  "Sort Method": "quicksort",
                                  "Sort Space Used": 33847,
                                  "Sort Space Type": "Memory"
                                }
                              ],
                              "Plans": [
                                {
                                  "Node Type": "Merge Join",
                                  "Parent Relationship": "Outer",
                                  "Parallel Aware": false,
                                  "Join Type": "Inner",
                                  "Startup Cost": 2.86,
                                  "Total Cost": 67680.9,
                                  "Plan Rows": 12213,
                                  "Plan Width": 10,
                                  "Actual Startup Time": 250.857,
                                  "Actual Total Time": 440.132,
                                  "Actual Rows": 459925,
                                  "Actual Loops": 7,
                                  "Inner Unique": true,
                                  "Merge Cond": "(mi_idx.info_type_id = it2.id)",
                                  "Plans": [
                                    {
                                      "Node Type": "Index Scan",
                                      "Parent Relationship": "Outer",
                                      "Parallel Aware": false,
                                      "Scan Direction": "Forward",
                                      "Index Name": "info_type_id_movie_info_idx",
                                      "Relation Name": "movie_info_idx",
                                      "Alias": "mi_idx",
                                      "Startup Cost": 0.43,
                                      "Total Cost": 64106.25,
                                      "Plan Rows": 1380035,
                                      "Plan Width": 14,
                                      "Actual Startup Time": 0.062,
                                      "Actual Total Time": 316.045,
                                      "Actual Rows": 919851,
                                      "Actual Loops": 7
                                    },
                                    {
                                      "Node Type": "Sort",
                                      "Parent Relationship": "Inner",
                                      "Parallel Aware": false,
                                      "Startup Cost": 2.42,
                                      "Total Cost": 2.43,
                                      "Plan Rows": 1,
                                      "Plan Width": 4,
                                      "Actual Startup Time": 0.048,
                                      "Actual Total Time": 0.051,
                                      "Actual Rows": 1,
                                      "Actual Loops": 7,
                                      "Sort Key": [
                                        "it2.id"
                                      ],
                                      "Sort Method": "quicksort",
                                      "Sort Space Used": 25,
                                      "Sort Space Type": "Memory",
                                      "Workers": [
                                        {
                                          "Worker Number": 0,
                                          "Sort Method": "quicksort",
                                          "Sort Space Used": 25,
                                          "Sort Space Type": "Memory"
                                        },
                                        {
                                          "Worker Number": 1,
                                          "Sort Method": "quicksort",
                                          "Sort Space Used": 25,
                                          "Sort Space Type": "Memory"
                                        },
                                        {
                                          "Worker Number": 2,
                                          "Sort Method": "quicksort",
                                          "Sort Space Used": 25,
                                          "Sort Space Type": "Memory"
                                        },
                                        {
                                          "Worker Number": 3,
                                          "Sort Method": "quicksort",
                                          "Sort Space Used": 25,
                                          "Sort Space Type": "Memory"
                                        },
                                        {
                                          "Worker Number": 4,
                                          "Sort Method": "quicksort",
                                          "Sort Space Used": 25,
                                          "Sort Space Type": "Memory"
                                        },
                                        {
                                          "Worker Number": 5,
                                          "Sort Method": "quicksort",
                                          "Sort Space Used": 25,
                                          "Sort Space Type": "Memory"
                                        }
                                      ],
                                      "Plans": [
                                        {
                                          "Node Type": "Seq Scan",
                                          "Parent Relationship": "Outer",
                                          "Parallel Aware": false,
                                          "Relation Name": "info_type",
                                          "Alias": "it2",
                                          "Startup Cost": 0.0,
                                          "Total Cost": 2.41,
                                          "Plan Rows": 1,
                                          "Plan Width": 4,
                                          "Actual Startup Time": 0.042,
                                          "Actual Total Time": 0.044,
                                          "Actual Rows": 1,
                                          "Actual Loops": 7,
                                          "Filter": "((info)::text = 'votes'::text)",
                                          "Rows Removed by Filter": 112
                                        }
                                      ]
                                    }
                                  ]
                                }
                              ]
                            }
                          ]
                        }
                      ]
                    },
                    {
                      "Node Type": "Materialize",
                      "Parent Relationship": "Inner",
                      "Parallel Aware": false,
                      "Startup Cost": 218365.81,
                      "Total Cost": 334955.91,
                      "Plan Rows": 1674,
                      "Plan Width": 68,
                      "Actual Startup Time": 1480.103,
                      "Actual Total Time": 2832.023,
                      "Actual Rows": 203173,
                      "Actual Loops": 1,
                      "Plans": [
                        {
                          "Node Type": "Merge Join",
                          "Parent Relationship": "Outer",
                          "Parallel Aware": false,
                          "Join Type": "Inner",
                          "Startup Cost": 218365.81,
                          "Total Cost": 334951.73,
                          "Plan Rows": 1674,
                          "Plan Width": 68,
                          "Actual Startup Time": 1480.095,
                          "Actual Total Time": 2780.143,
                          "Actual Rows": 186591,
                          "Actual Loops": 1,
                          "Inner Unique": false,
                          "Merge Cond": "(t.id = mi.movie_id)",
                          "Plans": [
                            {
                              "Node Type": "Index Scan",
                              "Parent Relationship": "Outer",
                              "Parallel Aware": false,
                              "Scan Direction": "Forward",
                              "Index Name": "title_pkey",
                              "Relation Name": "title",
                              "Alias": "t",
                              "Startup Cost": 0.43,
                              "Total Cost": 110359.06,
                              "Plan Rows": 2528509,
                              "Plan Width": 21,
                              "Actual Startup Time": 0.059,
                              "Actual Total Time": 1093.101,
                              "Actual Rows": 2525794,
                              "Actual Loops": 1
                            },
                            {
                              "Node Type": "Sort",
                              "Parent Relationship": "Inner",
                              "Parallel Aware": false,
                              "Startup Cost": 218362.25,
                              "Total Cost": 218366.43,
                              "Plan Rows": 1674,
                              "Plan Width": 47,
                              "Actual Startup Time": 1478.869,
                              "Actual Total Time": 1496.235,
                              "Actual Rows": 186591,
                              "Actual Loops": 1,
                              "Sort Key": [
                                "mi.movie_id"
                              ],
                              "Sort Method": "quicksort",
                              "Sort Space Used": 14891,
                              "Sort Space Type": "Memory",
                              "Plans": [
                                {
                                  "Node Type": "Gather",
                                  "Parent Relationship": "Outer",
                                  "Parallel Aware": false,
                                  "Startup Cost": 217912.64,
                                  "Total Cost": 218272.61,
                                  "Plan Rows": 1674,
                                  "Plan Width": 47,
                                  "Actual Startup Time": 1399.886,
                                  "Actual Total Time": 1439.959,
                                  "Actual Rows": 186594,
                                  "Actual Loops": 1,
                                  "Workers Planned": 5,
                                  "Workers Launched": 1,
                                  "Single Copy": false,
                                  "Plans": [
                                    {
                                      "Node Type": "Merge Join",
                                      "Parent Relationship": "Outer",
                                      "Parallel Aware": false,
                                      "Join Type": "Inner",
                                      "Startup Cost": 216912.64,
                                      "Total Cost": 217105.21,
                                      "Plan Rows": 335,
                                      "Plan Width": 47,
                                      "Actual Startup Time": 1393.199,
                                      "Actual Total Time": 1410.593,
                                      "Actual Rows": 93297,
                                      "Actual Loops": 2,
                                      "Inner Unique": true,
                                      "Merge Cond": "(mi.info_type_id = it1.id)",
                                      "Plans": [
                                        {
                                          "Node Type": "Sort",
                                          "Parent Relationship": "Outer",
                                          "Parallel Aware": false,
                                          "Startup Cost": 216910.22,
                                          "Total Cost": 217004.83,
                                          "Plan Rows": 37842,
                                          "Plan Width": 51,
                                          "Actual Startup Time": 1393.14,
                                          "Actual Total Time": 1397.289,
                                          "Actual Rows": 93298,
                                          "Actual Loops": 2,
                                          "Sort Key": [
                                            "mi.info_type_id"
                                          ],
                                          "Sort Method": "quicksort",
                                          "Sort Space Used": 9233,
                                          "Sort Space Type": "Memory",
                                          "Workers": [
                                            {
                                              "Worker Number": 0,
                                              "Sort Method": "quicksort",
                                              "Sort Space Used": 7091,
                                              "Sort Space Type": "Memory"
                                            }
                                          ],
                                          "Plans": [
                                            {
                                              "Node Type": "Seq Scan",
                                              "Parent Relationship": "Outer",
                                              "Parallel Aware": true,
                                              "Relation Name": "movie_info",
                                              "Alias": "mi",
                                              "Startup Cost": 0.0,
                                              "Total Cost": 214032.77,
                                              "Plan Rows": 37842,
                                              "Plan Width": 51,
                                              "Actual Startup Time": 746.685,
                                              "Actual Total Time": 1372.814,
                                              "Actual Rows": 94486,
                                              "Actual Loops": 2,
                                              "Filter": "(info = ANY ('{Horror,Action,Sci-Fi,Thriller,Crime,War}'::text[]))",
                                              "Rows Removed by Filter": 7323374
                                            }
                                          ]
                                        },
                                        {
                                          "Node Type": "Sort",
                                          "Parent Relationship": "Inner",
                                          "Parallel Aware": false,
                                          "Startup Cost": 2.42,
                                          "Total Cost": 2.43,
                                          "Plan Rows": 1,
                                          "Plan Width": 4,
                                          "Actual Startup Time": 0.052,
                                          "Actual Total Time": 0.052,
                                          "Actual Rows": 1,
                                          "Actual Loops": 2,
                                          "Sort Key": [
                                            "it1.id"
                                          ],
                                          "Sort Method": "quicksort",
                                          "Sort Space Used": 25,
                                          "Sort Space Type": "Memory",
                                          "Workers": [
                                            {
                                              "Worker Number": 0,
                                              "Sort Method": "quicksort",
                                              "Sort Space Used": 25,
                                              "Sort Space Type": "Memory"
                                            }
                                          ],
                                          "Plans": [
                                            {
                                              "Node Type": "Seq Scan",
                                              "Parent Relationship": "Outer",
                                              "Parallel Aware": false,
                                              "Relation Name": "info_type",
                                              "Alias": "it1",
                                              "Startup Cost": 0.0,
                                              "Total Cost": 2.41,
                                              "Plan Rows": 1,
                                              "Plan Width": 4,
                                              "Actual Startup Time": 0.033,
                                              "Actual Total Time": 0.039,
                                              "Actual Rows": 1,
                                              "Actual Loops": 2,
                                              "Filter": "((info)::text = 'genres'::text)",
                                              "Rows Removed by Filter": 112
                                            }
                                          ]
                                        }
                                      ]
                                    }
                                  ]
                                }
                              ]
                            }
                          ]
                        }
                      ]
                    }
                  ]
                }
              ]
            }
          ]
        }
      ]
    },
    "Planning Time": 325.808,
    "Triggers": [],
    "Execution Time": 6103.478
  }
]