[
  {
    "Plan": {
      "Node Type": "Aggregate",
      "Strategy": "Plain",
      "Partial Mode": "Finalize",
      "Parallel Aware": false,
      "Startup Cost": 45078.38,
      "Total Cost": 45078.39,
      "Plan Rows": 1,
      "Plan Width": 8,
      "Actual Startup Time": 152.038,
      "Actual Total Time": 162.413,
      "Actual Rows": 1,
      "Actual Loops": 1,
      "Plans": [
        {
          "Node Type": "Gather",
          "Parent Relationship": "Outer",
          "Parallel Aware": false,
          "Startup Cost": 45078.06,
          "Total Cost": 45078.37,
          "Plan Rows": 3,
          "Plan Width": 8,
          "Actual Startup Time": 151.862,
          "Actual Total Time": 162.394,
          "Actual Rows": 4,
          "Actual Loops": 1,
          "Workers Planned": 3,
          "Workers Launched": 3,
          "Single Copy": false,
          "Plans": [
            {
              "Node Type": "Aggregate",
              "Strategy": "Plain",
              "Partial Mode": "Partial",
              "Parent Relationship": "Outer",
              "Parallel Aware": false,
              "Startup Cost": 44078.06,
              "Total Cost": 44078.07,
              "Plan Rows": 1,
              "Plan Width": 8,
              "Actual Startup Time": 144.654,
              "Actual Total Time": 144.656,
              "Actual Rows": 1,
              "Actual Loops": 4,
              "Plans": [
                {
                  "Node Type": "Seq Scan",
                  "Parent Relationship": "Outer",
                  "Parallel Aware": true,
                  "Relation Name": "movie_keyword",
                  "Alias": "mk",
                  "Startup Cost": 0.0,
                  "Total Cost": 42695.65,
                  "Plan Rows": 552964,
                  "Plan Width": 0,
                  "Actual Startup Time": 1.251,
                  "Actual Total Time": 120.782,
                  "Actual Rows": 426768,
                  "Actual Loops": 4,
                  "Filter": "(keyword_id > 8427)",
                  "Rows Removed by Filter": 704214
                }
              ]
            }
          ]
        }
      ]
    },
    "Planning Time": 0.151,
    "Triggers": [],
    "Execution Time": 162.46
  }
]