[
    {
        "Bao": {
            "Bao prediction": 493.126,
            "Bao recommended hint": "(no hint)"
        }
    },
    {
        "Plan": {
            "Node Type": "Aggregate",
            "Strategy": "Plain",
            "Partial Mode": "Finalize",
            "Parallel Aware": false,
            "Startup Cost": 334911.97,
            "Total Cost": 334911.98,
            "Plan Rows": 1,
            "Plan Width": 8,
            "Actual Startup Time": 883.362,
            "Actual Total Time": 925.003,
            "Actual Rows": 1,
            "Actual Loops": 1,
            "Output": [
                "count(*)"
            ],
            "Plans": [
                {
                    "Node Type": "Gather",
                    "Parent Relationship": "Outer",
                    "Parallel Aware": false,
                    "Startup Cost": 334911.35,
                    "Total Cost": 334911.96,
                    "Plan Rows": 6,
                    "Plan Width": 8,
                    "Actual Startup Time": 883.274,
                    "Actual Total Time": 924.995,
                    "Actual Rows": 7,
                    "Actual Loops": 1,
                    "Output": [
                        "(PARTIAL count(*))"
                    ],
                    "Workers Planned": 6,
                    "Workers Launched": 6,
                    "Single Copy": false,
                    "Plans": [
                        {
                            "Node Type": "Aggregate",
                            "Strategy": "Plain",
                            "Partial Mode": "Partial",
                            "Parent Relationship": "Outer",
                            "Parallel Aware": false,
                            "Startup Cost": 333911.35,
                            "Total Cost": 333911.36,
                            "Plan Rows": 1,
                            "Plan Width": 8,
                            "Actual Startup Time": 873.868,
                            "Actual Total Time": 873.869,
                            "Actual Rows": 1,
                            "Actual Loops": 7,
                            "Output": [
                                "PARTIAL count(*)"
                            ],
                            "Workers": [
                                {
                                    "Worker Number": 0,
                                    "Actual Startup Time": 871.908,
                                    "Actual Total Time": 871.909,
                                    "Actual Rows": 1,
                                    "Actual Loops": 1
                                },
                                {
                                    "Worker Number": 1,
                                    "Actual Startup Time": 872.065,
                                    "Actual Total Time": 872.066,
                                    "Actual Rows": 1,
                                    "Actual Loops": 1
                                },
                                {
                                    "Worker Number": 2,
                                    "Actual Startup Time": 872.158,
                                    "Actual Total Time": 872.159,
                                    "Actual Rows": 1,
                                    "Actual Loops": 1
                                },
                                {
                                    "Worker Number": 3,
                                    "Actual Startup Time": 872.619,
                                    "Actual Total Time": 872.62,
                                    "Actual Rows": 1,
                                    "Actual Loops": 1
                                },
                                {
                                    "Worker Number": 4,
                                    "Actual Startup Time": 872.551,
                                    "Actual Total Time": 872.552,
                                    "Actual Rows": 1,
                                    "Actual Loops": 1
                                },
                                {
                                    "Worker Number": 5,
                                    "Actual Startup Time": 873.235,
                                    "Actual Total Time": 873.237,
                                    "Actual Rows": 1,
                                    "Actual Loops": 1
                                }
                            ],
                            "Plans": [
                                {
                                    "Node Type": "Seq Scan",
                                    "Parent Relationship": "Outer",
                                    "Parallel Aware": true,
                                    "Relation Name": "cast_info",
                                    "Schema": "public",
                                    "Alias": "ci",
                                    "Startup Cost": 0.0,
                                    "Total Cost": 328213.62,
                                    "Plan Rows": 2279092,
                                    "Plan Width": 0,
                                    "Actual Startup Time": 322.118,
                                    "Actual Total Time": 745.855,
                                    "Actual Rows": 1968873,
                                    "Actual Loops": 7,
                                    "Output": [
                                        "id",
                                        "person_id",
                                        "movie_id",
                                        "person_role_id",
                                        "note",
                                        "nr_order",
                                        "role_id"
                                    ],
                                    "Filter": "(ci.person_id > 2291178)",
                                    "Rows Removed by Filter": 3208891,
                                    "Workers": [
                                        {
                                            "Worker Number": 0,
                                            "Actual Startup Time": 320.149,
                                            "Actual Total Time": 748.629,
                                            "Actual Rows": 1851120,
                                            "Actual Loops": 1
                                        },
                                        {
                                            "Worker Number": 1,
                                            "Actual Startup Time": 320.311,
                                            "Actual Total Time": 746.926,
                                            "Actual Rows": 1876317,
                                            "Actual Loops": 1
                                        },
                                        {
                                            "Worker Number": 2,
                                            "Actual Startup Time": 320.425,
                                            "Actual Total Time": 749.389,
                                            "Actual Rows": 1859607,
                                            "Actual Loops": 1
                                        },
                                        {
                                            "Worker Number": 3,
                                            "Actual Startup Time": 320.857,
                                            "Actual Total Time": 747.147,
                                            "Actual Rows": 1899235,
                                            "Actual Loops": 1
                                        },
                                        {
                                            "Worker Number": 4,
                                            "Actual Startup Time": 320.806,
                                            "Actual Total Time": 749.453,
                                            "Actual Rows": 1866389,
                                            "Actual Loops": 1
                                        },
                                        {
                                            "Worker Number": 5,
                                            "Actual Startup Time": 321.5,
                                            "Actual Total Time": 747.952,
                                            "Actual Rows": 1898782,
                                            "Actual Loops": 1
                                        }
                                    ]
                                }
                            ]
                        }
                    ]
                }
            ]
        },
        "Planning Time": 3257.864,
        "Triggers": [],
        "Execution Time": 925.093
    }
]