[
  {
    "Plan": {
      "Node Type": "Aggregate",
      "Strategy": "Plain",
      "Partial Mode": "Finalize",
      "Parallel Aware": false,
      "Startup Cost": 248730.1,
      "Total Cost": 248730.11,
      "Plan Rows": 1,
      "Plan Width": 8,
      "Actual Startup Time": 518.452,
      "Actual Total Time": 545.774,
      "Actual Rows": 1,
      "Actual Loops": 1,
      "Plans": [
        {
          "Node Type": "Gather",
          "Parent Relationship": "Outer",
          "Parallel Aware": false,
          "Startup Cost": 248729.48,
          "Total Cost": 248730.09,
          "Plan Rows": 6,
          "Plan Width": 8,
          "Actual Startup Time": 518.118,
          "Actual Total Time": 545.764,
          "Actual Rows": 7,
          "Actual Loops": 1,
          "Workers Planned": 6,
          "Workers Launched": 6,
          "Single Copy": false,
          "Plans": [
            {
              "Node Type": "Aggregate",
              "Strategy": "Plain",
              "Partial Mode": "Partial",
              "Parent Relationship": "Outer",
              "Parallel Aware": false,
              "Startup Cost": 247729.48,
              "Total Cost": 247729.49,
              "Plan Rows": 1,
              "Plan Width": 8,
              "Actual Startup Time": 509.501,
              "Actual Total Time": 509.506,
              "Actual Rows": 1,
              "Actual Loops": 7,
              "Plans": [
                {
                  "Node Type": "Hash Join",
                  "Parent Relationship": "Outer",
                  "Parallel Aware": true,
                  "Join Type": "Inner",
                  "Startup Cost": 45629.55,
                  "Total Cost": 247670.26,
                  "Plan Rows": 23686,
                  "Plan Width": 0,
                  "Actual Startup Time": 102.231,
                  "Actual Total Time": 508.253,
                  "Actual Rows": 14121,
                  "Actual Loops": 7,
                  "Inner Unique": true,
                  "Hash Cond": "(ci.movie_id = t.id)",
                  "Plans": [
                    {
                      "Node Type": "Index Scan",
                      "Parent Relationship": "Outer",
                      "Parallel Aware": true,
                      "Scan Direction": "Forward",
                      "Index Name": "role_id_cast_info",
                      "Relation Name": "cast_info",
                      "Alias": "ci",
                      "Startup Cost": 0.56,
                      "Total Cost": 198752.95,
                      "Plan Rows": 1252698,
                      "Plan Width": 4,
                      "Actual Startup Time": 0.495,
                      "Actual Total Time": 240.139,
                      "Actual Rows": 1064568,
                      "Actual Loops": 7,
                      "Index Cond": "(role_id = 2)",
                      "Rows Removed by Index Recheck": 0
                    },
                    {
                      "Node Type": "Hash",
                      "Parent Relationship": "Inner",
                      "Parallel Aware": true,
                      "Startup Cost": 45479.59,
                      "Total Cost": 45479.59,
                      "Plan Rows": 11952,
                      "Plan Width": 4,
                      "Actual Startup Time": 101.035,
                      "Actual Total Time": 101.037,
                      "Actual Rows": 6443,
                      "Actual Loops": 7,
                      "Hash Buckets": 65536,
                      "Original Hash Buckets": 65536,
                      "Hash Batches": 1,
                      "Original Hash Batches": 1,
                      "Peak Memory Usage": 2368,
                      "Plans": [
                        {
                          "Node Type": "Seq Scan",
                          "Parent Relationship": "Outer",
                          "Parallel Aware": true,
                          "Relation Name": "title",
                          "Alias": "t",
                          "Startup Cost": 0.0,
                          "Total Cost": 45479.59,
                          "Plan Rows": 11952,
                          "Plan Width": 4,
                          "Actual Startup Time": 0.13,
                          "Actual Total Time": 96.968,
                          "Actual Rows": 6443,
                          "Actual Loops": 7,
                          "Filter": "((kind_id < 3) AND (production_year = 2012))",
                          "Rows Removed by Filter": 354745
                        }
                      ]
                    }
                  ]
                }
              ]
            }
          ]
        }
      ]
    },
    "Planning Time": 0.328,
    "Triggers": [],
    "Execution Time": 545.829
  }
]