[
  {
    "Plan": {
      "Node Type": "Aggregate",
      "Strategy": "Plain",
      "Partial Mode": "Finalize",
      "Parallel Aware": false,
      "Startup Cost": 285796.08,
      "Total Cost": 285796.09,
      "Plan Rows": 1,
      "Plan Width": 8,
      "Actual Startup Time": 851.668,
      "Actual Total Time": 901.831,
      "Actual Rows": 1,
      "Actual Loops": 1,
      "Plans": [
        {
          "Node Type": "Gather",
          "Parent Relationship": "Outer",
          "Parallel Aware": false,
          "Startup Cost": 285795.56,
          "Total Cost": 285796.07,
          "Plan Rows": 5,
          "Plan Width": 8,
          "Actual Startup Time": 843.83,
          "Actual Total Time": 901.819,
          "Actual Rows": 6,
          "Actual Loops": 1,
          "Workers Planned": 5,
          "Workers Launched": 5,
          "Single Copy": false,
          "Plans": [
            {
              "Node Type": "Aggregate",
              "Strategy": "Plain",
              "Partial Mode": "Partial",
              "Parent Relationship": "Outer",
              "Parallel Aware": false,
              "Startup Cost": 284795.56,
              "Total Cost": 284795.57,
              "Plan Rows": 1,
              "Plan Width": 8,
              "Actual Startup Time": 835.372,
              "Actual Total Time": 835.447,
              "Actual Rows": 1,
              "Actual Loops": 6,
              "Plans": [
                {
                  "Node Type": "Hash Join",
                  "Parent Relationship": "Outer",
                  "Parallel Aware": true,
                  "Join Type": "Inner",
                  "Startup Cost": 83362.26,
                  "Total Cost": 284423.53,
                  "Plan Rows": 148812,
                  "Plan Width": 0,
                  "Actual Startup Time": 333.488,
                  "Actual Total Time": 775.841,
                  "Actual Rows": 1396981,
                  "Actual Loops": 6,
                  "Inner Unique": false,
                  "Hash Cond": "(mi.movie_id = t.id)",
                  "Plans": [
                    {
                      "Node Type": "Seq Scan",
                      "Parent Relationship": "Outer",
                      "Parallel Aware": true,
                      "Relation Name": "movie_info",
                      "Alias": "mi",
                      "Startup Cost": 0.0,
                      "Total Cost": 198952.16,
                      "Plan Rows": 463221,
                      "Plan Width": 4,
                      "Actual Startup Time": 16.369,
                      "Actual Total Time": 293.104,
                      "Actual Rows": 372308,
                      "Actual Loops": 6,
                      "Filter": "(info_type_id > 16)",
                      "Rows Removed by Filter": 2100312
                    },
                    {
                      "Node Type": "Hash",
                      "Parent Relationship": "Inner",
                      "Parallel Aware": true,
                      "Startup Cost": 80824.05,
                      "Total Cost": 80824.05,
                      "Plan Rows": 203057,
                      "Plan Width": 8,
                      "Actual Startup Time": 310.957,
                      "Actual Total Time": 311.029,
                      "Actual Rows": 99694,
                      "Actual Loops": 6,
                      "Hash Buckets": 1048576,
                      "Original Hash Buckets": 1048576,
                      "Hash Batches": 1,
                      "Original Hash Batches": 1,
                      "Peak Memory Usage": 31680,
                      "Plans": [
                        {
                          "Node Type": "Hash Join",
                          "Parent Relationship": "Outer",
                          "Parallel Aware": true,
                          "Join Type": "Inner",
                          "Startup Cost": 34689.93,
                          "Total Cost": 80824.05,
                          "Plan Rows": 203057,
                          "Plan Width": 8,
                          "Actual Startup Time": 119.384,
                          "Actual Total Time": 275.595,
                          "Actual Rows": 99694,
                          "Actual Loops": 6,
                          "Inner Unique": false,
                          "Hash Cond": "(t.id = mc.movie_id)",
                          "Plans": [
                            {
                              "Node Type": "Seq Scan",
                              "Parent Relationship": "Outer",
                              "Parallel Aware": true,
                              "Relation Name": "title",
                              "Alias": "t",
                              "Startup Cost": 0.0,
                              "Total Cost": 42318.73,
                              "Plan Rows": 632073,
                              "Plan Width": 4,
                              "Actual Startup Time": 0.016,
                              "Actual Total Time": 62.098,
                              "Actual Rows": 421385,
                              "Actual Loops": 6
                            },
                            {
                              "Node Type": "Hash",
                              "Parent Relationship": "Inner",
                              "Parallel Aware": true,
                              "Startup Cost": 31414.82,
                              "Total Cost": 31414.82,
                              "Plan Rows": 262009,
                              "Plan Width": 4,
                              "Actual Startup Time": 106.914,
                              "Actual Total Time": 106.915,
                              "Actual Rows": 99694,
                              "Actual Loops": 6,
                              "Hash Buckets": 1048576,
                              "Original Hash Buckets": 1048576,
                              "Hash Batches": 1,
                              "Original Hash Batches": 1,
                              "Peak Memory Usage": 31712,
                              "Plans": [
                                {
                                  "Node Type": "Seq Scan",
                                  "Parent Relationship": "Outer",
                                  "Parallel Aware": true,
                                  "Relation Name": "movie_companies",
                                  "Alias": "mc",
                                  "Startup Cost": 0.0,
                                  "Total Cost": 31414.82,
                                  "Plan Rows": 262009,
                                  "Plan Width": 4,
                                  "Actual Startup Time": 2.866,
                                  "Actual Total Time": 64.117,
                                  "Actual Rows": 99694,
                                  "Actual Loops": 6,
                                  "Filter": "((company_id > 3899) AND (company_type_id = 1))",
                                  "Rows Removed by Filter": 335161
                                }
                              ]
                            }
                          ]
                        }
                      ]
                    }
                  ]
                }
              ]
            }
          ]
        }
      ]
    },
    "Planning Time": 0.7,
    "Triggers": [],
    "Execution Time": 901.897
  }
]