[
  {
    "Plan": {
      "Node Type": "Aggregate",
      "Strategy": "Plain",
      "Partial Mode": "Finalize",
      "Parallel Aware": false,
      "Startup Cost": 382456.77,
      "Total Cost": 382456.78,
      "Plan Rows": 1,
      "Plan Width": 8,
      "Actual Startup Time": 1252.376,
      "Actual Total Time": 1324.386,
      "Actual Rows": 1,
      "Actual Loops": 1,
      "Plans": [
        {
          "Node Type": "Gather",
          "Parent Relationship": "Outer",
          "Parallel Aware": false,
          "Startup Cost": 382456.15,
          "Total Cost": 382456.76,
          "Plan Rows": 6,
          "Plan Width": 8,
          "Actual Startup Time": 1250.281,
          "Actual Total Time": 1324.368,
          "Actual Rows": 7,
          "Actual Loops": 1,
          "Workers Planned": 6,
          "Workers Launched": 6,
          "Single Copy": false,
          "Plans": [
            {
              "Node Type": "Aggregate",
              "Strategy": "Plain",
              "Partial Mode": "Partial",
              "Parent Relationship": "Outer",
              "Parallel Aware": false,
              "Startup Cost": 381456.15,
              "Total Cost": 381456.16,
              "Plan Rows": 1,
              "Plan Width": 8,
              "Actual Startup Time": 1237.946,
              "Actual Total Time": 1237.949,
              "Actual Rows": 1,
              "Actual Loops": 7,
              "Plans": [
                {
                  "Node Type": "Hash Join",
                  "Parent Relationship": "Outer",
                  "Parallel Aware": true,
                  "Join Type": "Inner",
                  "Startup Cost": 46882.21,
                  "Total Cost": 380536.03,
                  "Plan Rows": 368047,
                  "Plan Width": 0,
                  "Actual Startup Time": 459.035,
                  "Actual Total Time": 1228.154,
                  "Actual Rows": 142732,
                  "Actual Loops": 7,
                  "Inner Unique": true,
                  "Hash Cond": "(ci.movie_id = t.id)",
                  "Plans": [
                    {
                      "Node Type": "Seq Scan",
                      "Parent Relationship": "Outer",
                      "Parallel Aware": true,
                      "Relation Name": "cast_info",
                      "Alias": "ci",
                      "Startup Cost": 0.0,
                      "Total Cost": 328211.39,
                      "Plan Rows": 2073301,
                      "Plan Width": 4,
                      "Actual Startup Time": 325.662,
                      "Actual Total Time": 728.762,
                      "Actual Rows": 1756217,
                      "Actual Loops": 7,
                      "Filter": "(person_id > 2457230)",
                      "Rows Removed by Filter": 3421547
                    },
                    {
                      "Node Type": "Hash",
                      "Parent Relationship": "Inner",
                      "Parallel Aware": true,
                      "Startup Cost": 45479.59,
                      "Total Cost": 45479.59,
                      "Plan Rows": 112210,
                      "Plan Width": 4,
                      "Actual Startup Time": 130.236,
                      "Actual Total Time": 130.237,
                      "Actual Rows": 45967,
                      "Actual Loops": 7,
                      "Hash Buckets": 524288,
                      "Original Hash Buckets": 524288,
                      "Hash Batches": 1,
                      "Original Hash Batches": 1,
                      "Peak Memory Usage": 16768,
                      "Plans": [
                        {
                          "Node Type": "Seq Scan",
                          "Parent Relationship": "Outer",
                          "Parallel Aware": true,
                          "Relation Name": "title",
                          "Alias": "t",
                          "Startup Cost": 0.0,
                          "Total Cost": 45479.59,
                          "Plan Rows": 112210,
                          "Plan Width": 4,
                          "Actual Startup Time": 0.079,
                          "Actual Total Time": 99.121,
                          "Actual Rows": 45967,
                          "Actual Loops": 7,
                          "Filter": "((kind_id > 1) AND (production_year < 1987))",
                          "Rows Removed by Filter": 315221
                        }
                      ]
                    }
                  ]
                }
              ]
            }
          ]
        }
      ]
    },
    "Planning Time": 0.676,
    "Triggers": [],
    "Execution Time": 1324.478
  }
]