{
  "Plan": {
    "Node Type": "Aggregate",
    "Strategy": "Plain",
    "Partial Mode": "Finalize",
    "Parallel Aware": false,
    "Startup Cost": 108492.77,
    "Total Cost": 108492.78,
    "Plan Rows": 1,
    "Plan Width": 8,
    "Actual Startup Time": 497.636,
    "Actual Total Time": 555.304,
    "Actual Rows": 1,
    "Actual Loops": 1,
    "Plans": [
      {
        "Node Type": "Gather",
        "Parent Relationship": "Outer",
        "Parallel Aware": false,
        "Startup Cost": 108492.66,
        "Total Cost": 108492.77,
        "Plan Rows": 1,
        "Plan Width": 8,
        "Actual Startup Time": 497.334,
        "Actual Total Time": 555.294,
        "Actual Rows": 2,
        "Actual Loops": 1,
        "Workers Planned": 1,
        "Workers Launched": 1,
        "Single Copy": false,
        "Plans": [
          {
            "Node Type": "Aggregate",
            "Strategy": "Plain",
            "Partial Mode": "Partial",
            "Parent Relationship": "Outer",
            "Parallel Aware": false,
            "Startup Cost": 107492.66,
            "Total Cost": 107492.67,
            "Plan Rows": 1,
            "Plan Width": 8,
            "Actual Startup Time": 491.253,
            "Actual Total Time": 491.257,
            "Actual Rows": 1,
            "Actual Loops": 2,
            "Plans": [
              {
                "Node Type": "Nested Loop",
                "Parent Relationship": "Outer",
                "Parallel Aware": false,
                "Join Type": "Inner",
                "Startup Cost": 58722.2,
                "Total Cost": 107350.43,
                "Plan Rows": 56892,
                "Plan Width": 0,
                "Actual Startup Time": 173.254,
                "Actual Total Time": 485.415,
                "Actual Rows": 83346,
                "Actual Loops": 2,
                "Inner Unique": false,
                "Join Filter": "(t.id = ci.movie_id)",
                "Rows Removed by Join Filter": 0,
                "Plans": [
                  {
                    "Node Type": "Hash Join",
                    "Parent Relationship": "Outer",
                    "Parallel Aware": true,
                    "Join Type": "Inner",
                    "Startup Cost": 58721.63,
                    "Total Cost": 77515.75,
                    "Plan Rows": 6056,
                    "Plan Width": 8,
                    "Actual Startup Time": 173.07,
                    "Actual Total Time": 274.572,
                    "Actual Rows": 3670,
                    "Actual Loops": 2,
                    "Inner Unique": true,
                    "Hash Cond": "(mi_idx.movie_id = t.id)",
                    "Plans": [
                      {
                        "Node Type": "Seq Scan",
                        "Parent Relationship": "Outer",
                        "Parallel Aware": true,
                        "Relation Name": "movie_info_idx",
                        "Alias": "mi_idx",
                        "Startup Cost": 0.0,
                        "Total Cost": 18082.32,
                        "Plan Rows": 271164,
                        "Plan Width": 4,
                        "Actual Startup Time": 0.023,
                        "Actual Total Time": 61.399,
                        "Actual Rows": 230092,
                        "Actual Loops": 2,
                        "Filter": "(info_type_id > 100)",
                        "Rows Removed by Filter": 459925
                      },
                      {
                        "Node Type": "Hash",
                        "Parent Relationship": "Inner",
                        "Parallel Aware": true,
                        "Startup Cost": 58306.47,
                        "Total Cost": 58306.47,
                        "Plan Rows": 33213,
                        "Plan Width": 4,
                        "Actual Startup Time": 171.441,
                        "Actual Total Time": 171.442,
                        "Actual Rows": 32318,
                        "Actual Loops": 2,
                        "Hash Buckets": 65536,
                        "Original Hash Buckets": 65536,
                        "Hash Batches": 1,
                        "Original Hash Batches": 1,
                        "Peak Memory Usage": 3072,
                        "Plans": [
                          {
                            "Node Type": "Seq Scan",
                            "Parent Relationship": "Outer",
                            "Parallel Aware": true,
                            "Relation Name": "title",
                            "Alias": "t",
                            "Startup Cost": 0.0,
                            "Total Cost": 58306.47,
                            "Plan Rows": 33213,
                            "Plan Width": 4,
                            "Actual Startup Time": 0.038,
                            "Actual Total Time": 160.737,
                            "Actual Rows": 32318,
                            "Actual Loops": 2,
                            "Filter": "((kind_id > 3) AND (production_year = 2004))",
                            "Rows Removed by Filter": 1231838
                          }
                        ]
                      }
                    ]
                  },
                  {
                    "Node Type": "Index Scan",
                    "Parent Relationship": "Inner",
                    "Parallel Aware": false,
                    "Scan Direction": "Forward",
                    "Index Name": "movie_id_cast_info",
                    "Relation Name": "cast_info",
                    "Alias": "ci",
                    "Startup Cost": 0.56,
                    "Total Cost": 4.63,
                    "Plan Rows": 24,
                    "Plan Width": 4,
                    "Actual Startup Time": 0.025,
                    "Actual Total Time": 0.054,
                    "Actual Rows": 23,
                    "Actual Loops": 7341,
                    "Index Cond": "(movie_id = mi_idx.movie_id)",
                    "Rows Removed by Index Recheck": 0,
                    "Filter": "(role_id > 1)",
                    "Rows Removed by Filter": 10
                  }
                ]
              }
            ]
          }
        ]
      }
    ]
  },
  "Planning Time": 0.957,
  "Triggers": [],
  "Execution Time": 555.407
}