{
    "Plan": {
        "Node Type": "Aggregate",
        "Strategy": "Plain",
        "Partial Mode": "Finalize",
        "Parallel Aware": false,
        "Startup Cost": 247675.94,
        "Total Cost": 247675.95,
        "Plan Rows": 1,
        "Plan Width": 8,
        "Actual Startup Time": 506.388,
        "Actual Total Time": 545.041,
        "Actual Rows": 1,
        "Actual Loops": 1,
        "Output": [
            "count(*)"
        ],
        "Plans": [
            {
                "Node Type": "Gather",
                "Parent Relationship": "Outer",
                "Parallel Aware": false,
                "Startup Cost": 247675.41,
                "Total Cost": 247675.92,
                "Plan Rows": 5,
                "Plan Width": 8,
                "Actual Startup Time": 501.894,
                "Actual Total Time": 545.03,
                "Actual Rows": 6,
                "Actual Loops": 1,
                "Output": [
                    "(PARTIAL count(*))"
                ],
                "Workers Planned": 5,
                "Workers Launched": 5,
                "Single Copy": false,
                "Plans": [
                    {
                        "Node Type": "Aggregate",
                        "Strategy": "Plain",
                        "Partial Mode": "Partial",
                        "Parent Relationship": "Outer",
                        "Parallel Aware": false,
                        "Startup Cost": 246675.41,
                        "Total Cost": 246675.42,
                        "Plan Rows": 1,
                        "Plan Width": 8,
                        "Actual Startup Time": 491.899,
                        "Actual Total Time": 491.914,
                        "Actual Rows": 1,
                        "Actual Loops": 6,
                        "Output": [
                            "PARTIAL count(*)"
                        ],
                        "Workers": [
                            {
                                "Worker Number": 0,
                                "Actual Startup Time": 489.64,
                                "Actual Total Time": 489.644,
                                "Actual Rows": 1,
                                "Actual Loops": 1
                            },
                            {
                                "Worker Number": 1,
                                "Actual Startup Time": 489.285,
                                "Actual Total Time": 489.288,
                                "Actual Rows": 1,
                                "Actual Loops": 1
                            },
                            {
                                "Worker Number": 2,
                                "Actual Startup Time": 490.258,
                                "Actual Total Time": 490.26,
                                "Actual Rows": 1,
                                "Actual Loops": 1
                            },
                            {
                                "Worker Number": 3,
                                "Actual Startup Time": 490.54,
                                "Actual Total Time": 490.543,
                                "Actual Rows": 1,
                                "Actual Loops": 1
                            },
                            {
                                "Worker Number": 4,
                                "Actual Startup Time": 490.614,
                                "Actual Total Time": 490.617,
                                "Actual Rows": 1,
                                "Actual Loops": 1
                            }
                        ],
                        "Plans": [
                            {
                                "Node Type": "Hash Join",
                                "Parent Relationship": "Outer",
                                "Parallel Aware": true,
                                "Join Type": "Inner",
                                "Startup Cost": 46572.0,
                                "Total Cost": 246533.1,
                                "Plan Rows": 56924,
                                "Plan Width": 0,
                                "Actual Startup Time": 139.221,
                                "Actual Total Time": 487.138,
                                "Actual Rows": 111716,
                                "Actual Loops": 6,
                                "Inner Unique": true,
                                "Hash Cond": "(mi.movie_id = t.id)",
                                "Workers": [
                                    {
                                        "Worker Number": 0,
                                        "Actual Startup Time": 136.819,
                                        "Actual Total Time": 484.941,
                                        "Actual Rows": 72678,
                                        "Actual Loops": 1
                                    },
                                    {
                                        "Worker Number": 1,
                                        "Actual Startup Time": 136.544,
                                        "Actual Total Time": 485.137,
                                        "Actual Rows": 101552,
                                        "Actual Loops": 1
                                    },
                                    {
                                        "Worker Number": 2,
                                        "Actual Startup Time": 137.513,
                                        "Actual Total Time": 485.551,
                                        "Actual Rows": 119779,
                                        "Actual Loops": 1
                                    },
                                    {
                                        "Worker Number": 3,
                                        "Actual Startup Time": 137.989,
                                        "Actual Total Time": 485.779,
                                        "Actual Rows": 120585,
                                        "Actual Loops": 1
                                    },
                                    {
                                        "Worker Number": 4,
                                        "Actual Startup Time": 138.051,
                                        "Actual Total Time": 485.922,
                                        "Actual Rows": 118706,
                                        "Actual Loops": 1
                                    }
                                ],
                                "Plans": [
                                    {
                                        "Node Type": "Seq Scan",
                                        "Parent Relationship": "Outer",
                                        "Parallel Aware": true,
                                        "Relation Name": "movie_info",
                                        "Schema": "public",
                                        "Alias": "mi",
                                        "Startup Cost": 0.0,
                                        "Total Cost": 198880.74,
                                        "Plan Rows": 411570,
                                        "Plan Width": 4,
                                        "Actual Startup Time": 28.704,
                                        "Actual Total Time": 294.072,
                                        "Actual Rows": 348511,
                                        "Actual Loops": 6,
                                        "Output": [
                                            "mi.id",
                                            "mi.movie_id",
                                            "mi.info_type_id",
                                            "mi.info",
                                            "mi.note"
                                        ],
                                        "Filter": "(mi.info_type_id < 3)",
                                        "Rows Removed by Filter": 2124109,
                                        "Workers": [
                                            {
                                                "Worker Number": 0,
                                                "Actual Startup Time": 28.778,
                                                "Actual Total Time": 295.941,
                                                "Actual Rows": 229780,
                                                "Actual Loops": 1
                                            },
                                            {
                                                "Worker Number": 1,
                                                "Actual Startup Time": 28.769,
                                                "Actual Total Time": 292.088,
                                                "Actual Rows": 313564,
                                                "Actual Loops": 1
                                            },
                                            {
                                                "Worker Number": 2,
                                                "Actual Startup Time": 28.644,
                                                "Actual Total Time": 294.845,
                                                "Actual Rows": 373255,
                                                "Actual Loops": 1
                                            },
                                            {
                                                "Worker Number": 3,
                                                "Actual Startup Time": 28.789,
                                                "Actual Total Time": 295.469,
                                                "Actual Rows": 379172,
                                                "Actual Loops": 1
                                            },
                                            {
                                                "Worker Number": 4,
                                                "Actual Startup Time": 28.62,
                                                "Actual Total Time": 294.644,
                                                "Actual Rows": 371621,
                                                "Actual Loops": 1
                                            }
                                        ]
                                    },
                                    {
                                        "Node Type": "Hash",
                                        "Parent Relationship": "Inner",
                                        "Parallel Aware": true,
                                        "Startup Cost": 45479.21,
                                        "Total Cost": 45479.21,
                                        "Plan Rows": 87423,
                                        "Plan Width": 4,
                                        "Actual Startup Time": 107.704,
                                        "Actual Total Time": 107.705,
                                        "Actual Rows": 76234,
                                        "Actual Loops": 6,
                                        "Output": [
                                            "t.id"
                                        ],
                                        "Hash Buckets": 524288,
                                        "Original Hash Buckets": 524288,
                                        "Hash Batches": 1,
                                        "Original Hash Batches": 1,
                                        "Peak Memory Usage": 22080,
                                        "Workers": [
                                            {
                                                "Worker Number": 0,
                                                "Actual Startup Time": 106.914,
                                                "Actual Total Time": 106.916,
                                                "Actual Rows": 52012,
                                                "Actual Loops": 1
                                            },
                                            {
                                                "Worker Number": 1,
                                                "Actual Startup Time": 107.04,
                                                "Actual Total Time": 107.041,
                                                "Actual Rows": 70021,
                                                "Actual Loops": 1
                                            },
                                            {
                                                "Worker Number": 2,
                                                "Actual Startup Time": 108.021,
                                                "Actual Total Time": 108.022,
                                                "Actual Rows": 78717,
                                                "Actual Loops": 1
                                            },
                                            {
                                                "Worker Number": 3,
                                                "Actual Startup Time": 108.339,
                                                "Actual Total Time": 108.34,
                                                "Actual Rows": 80014,
                                                "Actual Loops": 1
                                            },
                                            {
                                                "Worker Number": 4,
                                                "Actual Startup Time": 108.363,
                                                "Actual Total Time": 108.364,
                                                "Actual Rows": 78543,
                                                "Actual Loops": 1
                                            }
                                        ],
                                        "Plans": [
                                            {
                                                "Node Type": "Seq Scan",
                                                "Parent Relationship": "Outer",
                                                "Parallel Aware": true,
                                                "Relation Name": "title",
                                                "Schema": "public",
                                                "Alias": "t",
                                                "Startup Cost": 0.0,
                                                "Total Cost": 45479.21,
                                                "Plan Rows": 87423,
                                                "Plan Width": 4,
                                                "Actual Startup Time": 0.1,
                                                "Actual Total Time": 79.604,
                                                "Actual Rows": 76234,
                                                "Actual Loops": 6,
                                                "Output": [
                                                    "t.id"
                                                ],
                                                "Filter": "((t.kind_id < 7) AND (t.production_year < 1997))",
                                                "Rows Removed by Filter": 345152,
                                                "Workers": [
                                                    {
                                                        "Worker Number": 0,
                                                        "Actual Startup Time": 0.132,
                                                        "Actual Total Time": 79.361,
                                                        "Actual Rows": 52012,
                                                        "Actual Loops": 1
                                                    },
                                                    {
                                                        "Worker Number": 1,
                                                        "Actual Startup Time": 0.085,
                                                        "Actual Total Time": 78.93,
                                                        "Actual Rows": 70021,
                                                        "Actual Loops": 1
                                                    },
                                                    {
                                                        "Worker Number": 2,
                                                        "Actual Startup Time": 0.091,
                                                        "Actual Total Time": 80.386,
                                                        "Actual Rows": 78717,
                                                        "Actual Loops": 1
                                                    },
                                                    {
                                                        "Worker Number": 3,
                                                        "Actual Startup Time": 0.093,
                                                        "Actual Total Time": 80.108,
                                                        "Actual Rows": 80014,
                                                        "Actual Loops": 1
                                                    },
                                                    {
                                                        "Worker Number": 4,
                                                        "Actual Startup Time": 0.162,
                                                        "Actual Total Time": 80.119,
                                                        "Actual Rows": 78543,
                                                        "Actual Loops": 1
                                                    }
                                                ]
                                            }
                                        ]
                                    }
                                ]
                            }
                        ]
                    }
                ]
            }
        ]
    },
    "Planning Time": 0.855,
    "Triggers": [],
    "Execution Time": 545.121
}