[
  {
    "Plan": {
      "Node Type": "Aggregate",
      "Strategy": "Plain",
      "Partial Mode": "Finalize",
      "Parallel Aware": false,
      "Startup Cost": 44293.41,
      "Total Cost": 44293.42,
      "Plan Rows": 1,
      "Plan Width": 8,
      "Actual Startup Time": 103.687,
      "Actual Total Time": 114.943,
      "Actual Rows": 1,
      "Actual Loops": 1,
      "Plans": [
        {
          "Node Type": "Gather",
          "Parent Relationship": "Outer",
          "Parallel Aware": false,
          "Startup Cost": 44293.09,
          "Total Cost": 44293.4,
          "Plan Rows": 3,
          "Plan Width": 8,
          "Actual Startup Time": 103.521,
          "Actual Total Time": 114.934,
          "Actual Rows": 4,
          "Actual Loops": 1,
          "Workers Planned": 3,
          "Workers Launched": 3,
          "Single Copy": false,
          "Plans": [
            {
              "Node Type": "Aggregate",
              "Strategy": "Plain",
              "Partial Mode": "Partial",
              "Parent Relationship": "Outer",
              "Parallel Aware": false,
              "Startup Cost": 43293.09,
              "Total Cost": 43293.1,
              "Plan Rows": 1,
              "Plan Width": 8,
              "Actual Startup Time": 99.898,
              "Actual Total Time": 99.899,
              "Actual Rows": 1,
              "Actual Loops": 4,
              "Plans": [
                {
                  "Node Type": "Seq Scan",
                  "Parent Relationship": "Outer",
                  "Parallel Aware": true,
                  "Relation Name": "movie_keyword",
                  "Alias": "mk",
                  "Startup Cost": 0.0,
                  "Total Cost": 42695.65,
                  "Plan Rows": 238975,
                  "Plan Width": 0,
                  "Actual Startup Time": 2.9,
                  "Actual Total Time": 91.504,
                  "Actual Rows": 184769,
                  "Actual Loops": 4,
                  "Filter": "(keyword_id > 25453)",
                  "Rows Removed by Filter": 946214
                }
              ]
            }
          ]
        }
      ]
    },
    "Planning Time": 0.109,
    "Triggers": [],
    "Execution Time": 114.976
  }
]