[
  {
    "Plan": {
      "Node Type": "Aggregate",
      "Strategy": "Plain",
      "Partial Mode": "Finalize",
      "Parallel Aware": false,
      "Startup Cost": 32635.61,
      "Total Cost": 32635.62,
      "Plan Rows": 1,
      "Plan Width": 8,
      "Actual Startup Time": 94.567,
      "Actual Total Time": 102.804,
      "Actual Rows": 1,
      "Actual Loops": 1,
      "Plans": [
        {
          "Node Type": "Gather",
          "Parent Relationship": "Outer",
          "Parallel Aware": false,
          "Startup Cost": 32635.29,
          "Total Cost": 32635.6,
          "Plan Rows": 3,
          "Plan Width": 8,
          "Actual Startup Time": 94.304,
          "Actual Total Time": 102.796,
          "Actual Rows": 4,
          "Actual Loops": 1,
          "Workers Planned": 3,
          "Workers Launched": 3,
          "Single Copy": false,
          "Plans": [
            {
              "Node Type": "Aggregate",
              "Strategy": "Plain",
              "Partial Mode": "Partial",
              "Parent Relationship": "Outer",
              "Parallel Aware": false,
              "Startup Cost": 31635.29,
              "Total Cost": 31635.3,
              "Plan Rows": 1,
              "Plan Width": 8,
              "Actual Startup Time": 88.945,
              "Actual Total Time": 88.946,
              "Actual Rows": 1,
              "Actual Loops": 4,
              "Plans": [
                {
                  "Node Type": "Bitmap Heap Scan",
                  "Parent Relationship": "Outer",
                  "Parallel Aware": true,
                  "Relation Name": "movie_keyword",
                  "Alias": "mk",
                  "Startup Cost": 5847.97,
                  "Total Cost": 31413.07,
                  "Plan Rows": 88888,
                  "Plan Width": 0,
                  "Actual Startup Time": 24.989,
                  "Actual Total Time": 84.543,
                  "Actual Rows": 67912,
                  "Actual Loops": 4,
                  "Recheck Cond": "(keyword_id > 58085)",
                  "Rows Removed by Index Recheck": 0,
                  "Exact Heap Blocks": 10714,
                  "Lossy Heap Blocks": 0,
                  "Plans": [
                    {
                      "Node Type": "Bitmap Index Scan",
                      "Parent Relationship": "Outer",
                      "Parallel Aware": false,
                      "Index Name": "keyword_id_movie_keyword",
                      "Startup Cost": 0.0,
                      "Total Cost": 5779.08,
                      "Plan Rows": 275553,
                      "Plan Width": 0,
                      "Actual Startup Time": 25.998,
                      "Actual Total Time": 25.998,
                      "Actual Rows": 271648,
                      "Actual Loops": 1,
                      "Index Cond": "(keyword_id > 58085)"
                    }
                  ]
                }
              ]
            }
          ]
        }
      ]
    },
    "Planning Time": 0.166,
    "Triggers": [],
    "Execution Time": 102.873
  }
]