[
  {
    "Plan": {
      "Node Type": "Aggregate",
      "Strategy": "Plain",
      "Partial Mode": "Finalize",
      "Parallel Aware": false,
      "Startup Cost": 27682.94,
      "Total Cost": 27682.95,
      "Plan Rows": 1,
      "Plan Width": 8,
      "Actual Startup Time": 55.79,
      "Actual Total Time": 59.373,
      "Actual Rows": 1,
      "Actual Loops": 1,
      "Plans": [
        {
          "Node Type": "Gather",
          "Parent Relationship": "Outer",
          "Parallel Aware": false,
          "Startup Cost": 27682.63,
          "Total Cost": 27682.94,
          "Plan Rows": 3,
          "Plan Width": 8,
          "Actual Startup Time": 55.663,
          "Actual Total Time": 59.366,
          "Actual Rows": 4,
          "Actual Loops": 1,
          "Workers Planned": 3,
          "Workers Launched": 3,
          "Single Copy": false,
          "Plans": [
            {
              "Node Type": "Aggregate",
              "Strategy": "Plain",
              "Partial Mode": "Partial",
              "Parent Relationship": "Outer",
              "Parallel Aware": false,
              "Startup Cost": 26682.63,
              "Total Cost": 26682.64,
              "Plan Rows": 1,
              "Plan Width": 8,
              "Actual Startup Time": 49.746,
              "Actual Total Time": 49.747,
              "Actual Rows": 1,
              "Actual Loops": 4,
              "Plans": [
                {
                  "Node Type": "Bitmap Heap Scan",
                  "Parent Relationship": "Outer",
                  "Parallel Aware": true,
                  "Relation Name": "movie_companies",
                  "Alias": "mc",
                  "Startup Cost": 6346.84,
                  "Total Cost": 26562.02,
                  "Plan Rows": 48241,
                  "Plan Width": 0,
                  "Actual Startup Time": 14.297,
                  "Actual Total Time": 44.948,
                  "Actual Rows": 73727,
                  "Actual Loops": 4,
                  "Recheck Cond": "(company_id > 94759)",
                  "Rows Removed by Index Recheck": 0,
                  "Filter": "(company_type_id = 2)",
                  "Rows Removed by Filter": 0,
                  "Exact Heap Blocks": 2428,
                  "Lossy Heap Blocks": 0,
                  "Plans": [
                    {
                      "Node Type": "Bitmap Index Scan",
                      "Parent Relationship": "Outer",
                      "Parallel Aware": false,
                      "Index Name": "company_id_movie_companies",
                      "Startup Cost": 0.0,
                      "Total Cost": 6309.46,
                      "Plan Rows": 294537,
                      "Plan Width": 0,
                      "Actual Startup Time": 18.907,
                      "Actual Total Time": 18.907,
                      "Actual Rows": 294909,
                      "Actual Loops": 1,
                      "Index Cond": "(company_id > 94759)"
                    }
                  ]
                }
              ]
            }
          ]
        }
      ]
    },
    "Planning Time": 0.119,
    "Triggers": [],
    "Execution Time": 59.417
  }
]