[
  {
    "Plan": {
      "Node Type": "Aggregate",
      "Strategy": "Plain",
      "Partial Mode": "Finalize",
      "Parallel Aware": false,
      "Startup Cost": 87638.22,
      "Total Cost": 87638.23,
      "Plan Rows": 1,
      "Plan Width": 8,
      "Actual Startup Time": 403.097,
      "Actual Total Time": 417.067,
      "Actual Rows": 1,
      "Actual Loops": 1,
      "Plans": [
        {
          "Node Type": "Gather",
          "Parent Relationship": "Outer",
          "Parallel Aware": false,
          "Startup Cost": 87638.01,
          "Total Cost": 87638.22,
          "Plan Rows": 2,
          "Plan Width": 8,
          "Actual Startup Time": 401.275,
          "Actual Total Time": 417.057,
          "Actual Rows": 3,
          "Actual Loops": 1,
          "Workers Planned": 2,
          "Workers Launched": 2,
          "Single Copy": false,
          "Plans": [
            {
              "Node Type": "Aggregate",
              "Strategy": "Plain",
              "Partial Mode": "Partial",
              "Parent Relationship": "Outer",
              "Parallel Aware": false,
              "Startup Cost": 86638.01,
              "Total Cost": 86638.02,
              "Plan Rows": 1,
              "Plan Width": 8,
              "Actual Startup Time": 393.614,
              "Actual Total Time": 393.705,
              "Actual Rows": 1,
              "Actual Loops": 3,
              "Plans": [
                {
                  "Node Type": "Hash Join",
                  "Parent Relationship": "Outer",
                  "Parallel Aware": true,
                  "Join Type": "Inner",
                  "Startup Cost": 70583.37,
                  "Total Cost": 86531.41,
                  "Plan Rows": 42638,
                  "Plan Width": 0,
                  "Actual Startup Time": 340.451,
                  "Actual Total Time": 390.231,
                  "Actual Rows": 88434,
                  "Actual Loops": 3,
                  "Inner Unique": false,
                  "Hash Cond": "(mi_idx.movie_id = t.id)",
                  "Plans": [
                    {
                      "Node Type": "Seq Scan",
                      "Parent Relationship": "Outer",
                      "Parallel Aware": true,
                      "Relation Name": "movie_info_idx",
                      "Alias": "mi_idx",
                      "Startup Cost": 0.0,
                      "Total Cost": 13685.15,
                      "Plan Rows": 575015,
                      "Plan Width": 4,
                      "Actual Startup Time": 0.029,
                      "Actual Total Time": 34.291,
                      "Actual Rows": 460012,
                      "Actual Loops": 3
                    },
                    {
                      "Node Type": "Hash",
                      "Parent Relationship": "Inner",
                      "Parallel Aware": true,
                      "Startup Cost": 69997.52,
                      "Total Cost": 69997.52,
                      "Plan Rows": 46868,
                      "Plan Width": 8,
                      "Actual Startup Time": 298.522,
                      "Actual Total Time": 298.611,
                      "Actual Rows": 60843,
                      "Actual Loops": 3,
                      "Hash Buckets": 262144,
                      "Original Hash Buckets": 262144,
                      "Hash Batches": 1,
                      "Original Hash Batches": 1,
                      "Peak Memory Usage": 9248,
                      "Plans": [
                        {
                          "Node Type": "Hash Join",
                          "Parent Relationship": "Outer",
                          "Parallel Aware": true,
                          "Join Type": "Inner",
                          "Startup Cost": 24367.23,
                          "Total Cost": 69997.52,
                          "Plan Rows": 46868,
                          "Plan Width": 8,
                          "Actual Startup Time": 201.773,
                          "Actual Total Time": 280.644,
                          "Actual Rows": 60843,
                          "Actual Loops": 3,
                          "Inner Unique": false,
                          "Hash Cond": "(t.id = mc.movie_id)",
                          "Plans": [
                            {
                              "Node Type": "Seq Scan",
                              "Parent Relationship": "Outer",
                              "Parallel Aware": true,
                              "Relation Name": "title",
                              "Alias": "t",
                              "Startup Cost": 0.0,
                              "Total Cost": 42318.73,
                              "Plan Rows": 632073,
                              "Plan Width": 4,
                              "Actual Startup Time": 0.01,
                              "Actual Total Time": 89.373,
                              "Actual Rows": 842771,
                              "Actual Loops": 3
                            },
                            {
                              "Node Type": "Hash",
                              "Parent Relationship": "Inner",
                              "Parallel Aware": true,
                              "Startup Cost": 23611.3,
                              "Total Cost": 23611.3,
                              "Plan Rows": 60475,
                              "Plan Width": 4,
                              "Actual Startup Time": 64.035,
                              "Actual Total Time": 64.036,
                              "Actual Rows": 60843,
                              "Actual Loops": 3,
                              "Hash Buckets": 262144,
                              "Original Hash Buckets": 262144,
                              "Hash Batches": 1,
                              "Original Hash Batches": 1,
                              "Peak Memory Usage": 9248,
                              "Plans": [
                                {
                                  "Node Type": "Bitmap Heap Scan",
                                  "Parent Relationship": "Outer",
                                  "Parallel Aware": true,
                                  "Relation Name": "movie_companies",
                                  "Alias": "mc",
                                  "Startup Cost": 4065.35,
                                  "Total Cost": 23611.3,
                                  "Plan Rows": 60475,
                                  "Plan Width": 4,
                                  "Actual Startup Time": 16.99,
                                  "Actual Total Time": 43.925,
                                  "Actual Rows": 60843,
                                  "Actual Loops": 3,
                                  "Recheck Cond": "(company_id > 119338)",
                                  "Rows Removed by Index Recheck": 0,
                                  "Exact Heap Blocks": 2600,
                                  "Lossy Heap Blocks": 0,
                                  "Plans": [
                                    {
                                      "Node Type": "Bitmap Index Scan",
                                      "Parent Relationship": "Outer",
                                      "Parallel Aware": false,
                                      "Index Name": "company_id_movie_companies",
                                      "Startup Cost": 0.0,
                                      "Total Cost": 4018.48,
                                      "Plan Rows": 187474,
                                      "Plan Width": 0,
                                      "Actual Startup Time": 16.034,
                                      "Actual Total Time": 16.034,
                                      "Actual Rows": 182530,
                                      "Actual Loops": 1,
                                      "Index Cond": "(company_id > 119338)"
                                    }
                                  ]
                                }
                              ]
                            }
                          ]
                        }
                      ]
                    }
                  ]
                }
              ]
            }
          ]
        }
      ]
    },
    "Planning Time": 1.348,
    "Triggers": [],
    "Execution Time": 417.17
  }
]