[
  {
    "Plan": {
      "Node Type": "Aggregate",
      "Strategy": "Plain",
      "Partial Mode": "Finalize",
      "Parallel Aware": false,
      "Startup Cost": 290306.82,
      "Total Cost": 290306.83,
      "Plan Rows": 1,
      "Plan Width": 8,
      "Actual Startup Time": 150.498,
      "Actual Total Time": 159.008,
      "Actual Rows": 1,
      "Actual Loops": 1,
      "Plans": [
        {
          "Node Type": "Gather",
          "Parent Relationship": "Outer",
          "Parallel Aware": false,
          "Startup Cost": 290306.2,
          "Total Cost": 290306.81,
          "Plan Rows": 6,
          "Plan Width": 8,
          "Actual Startup Time": 149.877,
          "Actual Total Time": 158.998,
          "Actual Rows": 7,
          "Actual Loops": 1,
          "Workers Planned": 6,
          "Workers Launched": 6,
          "Single Copy": false,
          "Plans": [
            {
              "Node Type": "Aggregate",
              "Strategy": "Plain",
              "Partial Mode": "Partial",
              "Parent Relationship": "Outer",
              "Parallel Aware": false,
              "Startup Cost": 289306.2,
              "Total Cost": 289306.21,
              "Plan Rows": 1,
              "Plan Width": 8,
              "Actual Startup Time": 141.576,
              "Actual Total Time": 141.578,
              "Actual Rows": 1,
              "Actual Loops": 7,
              "Plans": [
                {
                  "Node Type": "Bitmap Heap Scan",
                  "Parent Relationship": "Outer",
                  "Parallel Aware": true,
                  "Relation Name": "cast_info",
                  "Alias": "ci",
                  "Startup Cost": 32894.65,
                  "Total Cost": 288685.44,
                  "Plan Rows": 248303,
                  "Plan Width": 0,
                  "Actual Startup Time": 67.011,
                  "Actual Total Time": 127.899,
                  "Actual Rows": 218592,
                  "Actual Loops": 7,
                  "Recheck Cond": "(person_id < 153161)",
                  "Rows Removed by Index Recheck": 0,
                  "Exact Heap Blocks": 4501,
                  "Lossy Heap Blocks": 0,
                  "Plans": [
                    {
                      "Node Type": "Bitmap Index Scan",
                      "Parent Relationship": "Outer",
                      "Parallel Aware": false,
                      "Index Name": "person_id_cast_info",
                      "Startup Cost": 0.0,
                      "Total Cost": 32522.2,
                      "Plan Rows": 1489818,
                      "Plan Width": 0,
                      "Actual Startup Time": 71.727,
                      "Actual Total Time": 71.727,
                      "Actual Rows": 1530141,
                      "Actual Loops": 1,
                      "Index Cond": "(person_id < 153161)"
                    }
                  ]
                }
              ]
            }
          ]
        }
      ]
    },
    "Planning Time": 0.226,
    "Triggers": [],
    "Execution Time": 159.089
  }
]