[
  {
    "Plan": {
      "Node Type": "Aggregate",
      "Strategy": "Plain",
      "Partial Mode": "Finalize",
      "Parallel Aware": false,
      "Startup Cost": 290084.67,
      "Total Cost": 290084.68,
      "Plan Rows": 1,
      "Plan Width": 8,
      "Actual Startup Time": 144.992,
      "Actual Total Time": 151.555,
      "Actual Rows": 1,
      "Actual Loops": 1,
      "Plans": [
        {
          "Node Type": "Gather",
          "Parent Relationship": "Outer",
          "Parallel Aware": false,
          "Startup Cost": 290084.05,
          "Total Cost": 290084.66,
          "Plan Rows": 6,
          "Plan Width": 8,
          "Actual Startup Time": 144.488,
          "Actual Total Time": 151.546,
          "Actual Rows": 7,
          "Actual Loops": 1,
          "Workers Planned": 6,
          "Workers Launched": 6,
          "Single Copy": false,
          "Plans": [
            {
              "Node Type": "Aggregate",
              "Strategy": "Plain",
              "Partial Mode": "Partial",
              "Parent Relationship": "Outer",
              "Parallel Aware": false,
              "Startup Cost": 289084.05,
              "Total Cost": 289084.06,
              "Plan Rows": 1,
              "Plan Width": 8,
              "Actual Startup Time": 134.898,
              "Actual Total Time": 134.9,
              "Actual Rows": 1,
              "Actual Loops": 7,
              "Plans": [
                {
                  "Node Type": "Bitmap Heap Scan",
                  "Parent Relationship": "Outer",
                  "Parallel Aware": true,
                  "Relation Name": "cast_info",
                  "Alias": "ci",
                  "Startup Cost": 32696.44,
                  "Total Cost": 288467.28,
                  "Plan Rows": 246707,
                  "Plan Width": 0,
                  "Actual Startup Time": 62.332,
                  "Actual Total Time": 121.027,
                  "Actual Rows": 218592,
                  "Actual Loops": 7,
                  "Recheck Cond": "(person_id < 153161)",
                  "Rows Removed by Index Recheck": 0,
                  "Exact Heap Blocks": 4360,
                  "Lossy Heap Blocks": 0,
                  "Plans": [
                    {
                      "Node Type": "Bitmap Index Scan",
                      "Parent Relationship": "Outer",
                      "Parallel Aware": false,
                      "Index Name": "person_id_cast_info",
                      "Startup Cost": 0.0,
                      "Total Cost": 32326.38,
                      "Plan Rows": 1480242,
                      "Plan Width": 0,
                      "Actual Startup Time": 68.541,
                      "Actual Total Time": 68.542,
                      "Actual Rows": 1530141,
                      "Actual Loops": 1,
                      "Index Cond": "(person_id < 153161)"
                    }
                  ]
                }
              ]
            }
          ]
        }
      ]
    },
    "Planning Time": 0.163,
    "Triggers": [],
    "Execution Time": 151.655
  }
]