[
  {
    "Plan": {
      "Node Type": "Aggregate",
      "Strategy": "Plain",
      "Partial Mode": "Finalize",
      "Parallel Aware": false,
      "Startup Cost": 53446.61,
      "Total Cost": 53446.62,
      "Plan Rows": 1,
      "Plan Width": 8,
      "Actual Startup Time": 98.575,
      "Actual Total Time": 111.919,
      "Actual Rows": 1,
      "Actual Loops": 1,
      "Plans": [
        {
          "Node Type": "Gather",
          "Parent Relationship": "Outer",
          "Parallel Aware": false,
          "Startup Cost": 53446.19,
          "Total Cost": 53446.6,
          "Plan Rows": 4,
          "Plan Width": 8,
          "Actual Startup Time": 98.283,
          "Actual Total Time": 111.911,
          "Actual Rows": 5,
          "Actual Loops": 1,
          "Workers Planned": 4,
          "Workers Launched": 4,
          "Single Copy": false,
          "Plans": [
            {
              "Node Type": "Aggregate",
              "Strategy": "Plain",
              "Partial Mode": "Partial",
              "Parent Relationship": "Outer",
              "Parallel Aware": false,
              "Startup Cost": 52446.19,
              "Total Cost": 52446.2,
              "Plan Rows": 1,
              "Plan Width": 8,
              "Actual Startup Time": 92.376,
              "Actual Total Time": 92.379,
              "Actual Rows": 1,
              "Actual Loops": 5,
              "Plans": [
                {
                  "Node Type": "Nested Loop",
                  "Parent Relationship": "Outer",
                  "Parallel Aware": false,
                  "Join Type": "Inner",
                  "Startup Cost": 0.86,
                  "Total Cost": 52445.8,
                  "Plan Rows": 156,
                  "Plan Width": 0,
                  "Actual Startup Time": 13.425,
                  "Actual Total Time": 92.275,
                  "Actual Rows": 1113,
                  "Actual Loops": 5,
                  "Inner Unique": false,
                  "Join Filter": "(t.id = mc.movie_id)",
                  "Rows Removed by Join Filter": 0,
                  "Plans": [
                    {
                      "Node Type": "Nested Loop",
                      "Parent Relationship": "Outer",
                      "Parallel Aware": false,
                      "Join Type": "Inner",
                      "Startup Cost": 0.43,
                      "Total Cost": 51854.93,
                      "Plan Rows": 994,
                      "Plan Width": 8,
                      "Actual Startup Time": 11.241,
                      "Actual Total Time": 87.27,
                      "Actual Rows": 739,
                      "Actual Loops": 5,
                      "Inner Unique": false,
                      "Plans": [
                        {
                          "Node Type": "Seq Scan",
                          "Parent Relationship": "Outer",
                          "Parallel Aware": true,
                          "Relation Name": "title",
                          "Alias": "t",
                          "Startup Cost": 0.0,
                          "Total Cost": 43899.32,
                          "Plan Rows": 875,
                          "Plan Width": 4,
                          "Actual Startup Time": 3.043,
                          "Actual Total Time": 77.291,
                          "Actual Rows": 703,
                          "Actual Loops": 5,
                          "Filter": "(production_year > 2013)",
                          "Rows Removed by Filter": 504959
                        },
                        {
                          "Node Type": "Index Scan",
                          "Parent Relationship": "Inner",
                          "Parallel Aware": false,
                          "Scan Direction": "Forward",
                          "Index Name": "movie_id_movie_keyword",
                          "Relation Name": "movie_keyword",
                          "Alias": "mk",
                          "Startup Cost": 0.43,
                          "Total Cost": 8.8,
                          "Plan Rows": 29,
                          "Plan Width": 4,
                          "Actual Startup Time": 0.013,
                          "Actual Total Time": 0.013,
                          "Actual Rows": 1,
                          "Actual Loops": 3515,
                          "Index Cond": "(movie_id = t.id)",
                          "Rows Removed by Index Recheck": 0,
                          "Filter": "(keyword_id < 9038)",
                          "Rows Removed by Filter": 1
                        }
                      ]
                    },
                    {
                      "Node Type": "Index Scan",
                      "Parent Relationship": "Inner",
                      "Parallel Aware": false,
                      "Scan Direction": "Forward",
                      "Index Name": "movie_id_movie_companies",
                      "Relation Name": "movie_companies",
                      "Alias": "mc",
                      "Startup Cost": 0.43,
                      "Total Cost": 0.58,
                      "Plan Rows": 1,
                      "Plan Width": 4,
                      "Actual Startup Time": 0.006,
                      "Actual Total Time": 0.006,
                      "Actual Rows": 2,
                      "Actual Loops": 3694,
                      "Index Cond": "(movie_id = mk.movie_id)",
                      "Rows Removed by Index Recheck": 0,
                      "Filter": "((company_id > 34117) AND (company_type_id = 2))",
                      "Rows Removed by Filter": 1
                    }
                  ]
                }
              ]
            }
          ]
        }
      ]
    },
    "Planning Time": 0.548,
    "Triggers": [],
    "Execution Time": 111.975
  }
]