[
  {
    "Plan": {
      "Node Type": "Aggregate",
      "Strategy": "Plain",
      "Partial Mode": "Finalize",
      "Parallel Aware": false,
      "Startup Cost": 92276.67,
      "Total Cost": 92276.68,
      "Plan Rows": 1,
      "Plan Width": 8,
      "Actual Startup Time": 344.53,
      "Actual Total Time": 360.721,
      "Actual Rows": 1,
      "Actual Loops": 1,
      "Plans": [
        {
          "Node Type": "Gather",
          "Parent Relationship": "Outer",
          "Parallel Aware": false,
          "Startup Cost": 92276.35,
          "Total Cost": 92276.66,
          "Plan Rows": 3,
          "Plan Width": 8,
          "Actual Startup Time": 340.591,
          "Actual Total Time": 360.709,
          "Actual Rows": 4,
          "Actual Loops": 1,
          "Workers Planned": 3,
          "Workers Launched": 3,
          "Single Copy": false,
          "Plans": [
            {
              "Node Type": "Aggregate",
              "Strategy": "Plain",
              "Partial Mode": "Partial",
              "Parent Relationship": "Outer",
              "Parallel Aware": false,
              "Startup Cost": 91276.35,
              "Total Cost": 91276.36,
              "Plan Rows": 1,
              "Plan Width": 8,
              "Actual Startup Time": 333.704,
              "Actual Total Time": 333.707,
              "Actual Rows": 1,
              "Actual Loops": 4,
              "Plans": [
                {
                  "Node Type": "Hash Join",
                  "Parent Relationship": "Outer",
                  "Parallel Aware": true,
                  "Join Type": "Inner",
                  "Startup Cost": 47692.42,
                  "Total Cost": 91089.31,
                  "Plan Rows": 74814,
                  "Plan Width": 0,
                  "Actual Startup Time": 179.173,
                  "Actual Total Time": 331.784,
                  "Actual Rows": 32589,
                  "Actual Loops": 4,
                  "Inner Unique": true,
                  "Hash Cond": "(mk.movie_id = t.id)",
                  "Plans": [
                    {
                      "Node Type": "Seq Scan",
                      "Parent Relationship": "Outer",
                      "Parallel Aware": true,
                      "Relation Name": "movie_keyword",
                      "Alias": "mk",
                      "Startup Cost": 0.0,
                      "Total Cost": 42695.65,
                      "Plan Rows": 267138,
                      "Plan Width": 4,
                      "Actual Startup Time": 0.029,
                      "Actual Total Time": 109.721,
                      "Actual Rows": 206718,
                      "Actual Loops": 4,
                      "Filter": "(keyword_id < 793)",
                      "Rows Removed by Filter": 924264
                    },
                    {
                      "Node Type": "Hash",
                      "Parent Relationship": "Inner",
                      "Parallel Aware": true,
                      "Startup Cost": 45479.59,
                      "Total Cost": 45479.59,
                      "Plan Rows": 177027,
                      "Plan Width": 4,
                      "Actual Startup Time": 175.938,
                      "Actual Total Time": 175.94,
                      "Actual Rows": 151142,
                      "Actual Loops": 4,
                      "Hash Buckets": 1048576,
                      "Original Hash Buckets": 1048576,
                      "Hash Batches": 1,
                      "Original Hash Batches": 1,
                      "Peak Memory Usage": 31904,
                      "Plans": [
                        {
                          "Node Type": "Seq Scan",
                          "Parent Relationship": "Outer",
                          "Parallel Aware": true,
                          "Relation Name": "title",
                          "Alias": "t",
                          "Startup Cost": 0.0,
                          "Total Cost": 45479.59,
                          "Plan Rows": 177027,
                          "Plan Width": 4,
                          "Actual Startup Time": 0.038,
                          "Actual Total Time": 117.132,
                          "Actual Rows": 151142,
                          "Actual Loops": 4,
                          "Filter": "((kind_id > 1) AND (production_year < 1999))",
                          "Rows Removed by Filter": 480936
                        }
                      ]
                    }
                  ]
                }
              ]
            }
          ]
        }
      ]
    },
    "Planning Time": 0.559,
    "Triggers": [],
    "Execution Time": 360.772
  }
]