[
  {
    "Plan": {
      "Node Type": "Aggregate",
      "Strategy": "Plain",
      "Partial Mode": "Finalize",
      "Parallel Aware": false,
      "Startup Cost": 40447.09,
      "Total Cost": 40447.1,
      "Plan Rows": 1,
      "Plan Width": 8,
      "Actual Startup Time": 133.094,
      "Actual Total Time": 143.64,
      "Actual Rows": 1,
      "Actual Loops": 1,
      "Plans": [
        {
          "Node Type": "Gather",
          "Parent Relationship": "Outer",
          "Parallel Aware": false,
          "Startup Cost": 40446.77,
          "Total Cost": 40447.08,
          "Plan Rows": 3,
          "Plan Width": 8,
          "Actual Startup Time": 132.801,
          "Actual Total Time": 143.632,
          "Actual Rows": 4,
          "Actual Loops": 1,
          "Workers Planned": 3,
          "Workers Launched": 3,
          "Single Copy": false,
          "Plans": [
            {
              "Node Type": "Aggregate",
              "Strategy": "Plain",
              "Partial Mode": "Partial",
              "Parent Relationship": "Outer",
              "Parallel Aware": false,
              "Startup Cost": 39446.77,
              "Total Cost": 39446.78,
              "Plan Rows": 1,
              "Plan Width": 8,
              "Actual Startup Time": 124.476,
              "Actual Total Time": 124.478,
              "Actual Rows": 1,
              "Actual Loops": 4,
              "Plans": [
                {
                  "Node Type": "Bitmap Heap Scan",
                  "Parent Relationship": "Outer",
                  "Parallel Aware": true,
                  "Relation Name": "movie_keyword",
                  "Alias": "mk",
                  "Startup Cost": 12208.27,
                  "Total Cost": 38982.69,
                  "Plan Rows": 185633,
                  "Plan Width": 0,
                  "Actual Startup Time": 45.492,
                  "Actual Total Time": 115.821,
                  "Actual Rows": 146698,
                  "Actual Loops": 4,
                  "Recheck Cond": "(keyword_id < 423)",
                  "Rows Removed by Index Recheck": 0,
                  "Exact Heap Blocks": 10836,
                  "Lossy Heap Blocks": 0,
                  "Plans": [
                    {
                      "Node Type": "Bitmap Index Scan",
                      "Parent Relationship": "Outer",
                      "Parallel Aware": false,
                      "Index Name": "keyword_id_movie_keyword",
                      "Startup Cost": 0.0,
                      "Total Cost": 12064.41,
                      "Plan Rows": 575463,
                      "Plan Width": 0,
                      "Actual Startup Time": 49.46,
                      "Actual Total Time": 49.461,
                      "Actual Rows": 586790,
                      "Actual Loops": 1,
                      "Index Cond": "(keyword_id < 423)"
                    }
                  ]
                }
              ]
            }
          ]
        }
      ]
    },
    "Planning Time": 0.192,
    "Triggers": [],
    "Execution Time": 143.742
  }
]