{
    "Plan": {
        "Node Type": "Aggregate",
        "Strategy": "Plain",
        "Partial Mode": "Finalize",
        "Parallel Aware": false,
        "Startup Cost": 254494.27,
        "Total Cost": 254494.28,
        "Plan Rows": 1,
        "Plan Width": 8,
        "Actual Startup Time": 823.643,
        "Actual Total Time": 850.954,
        "Actual Rows": 1,
        "Actual Loops": 1,
        "Output": [
            "count(*)"
        ],
        "Plans": [
            {
                "Node Type": "Gather",
                "Parent Relationship": "Outer",
                "Parallel Aware": false,
                "Startup Cost": 254493.65,
                "Total Cost": 254494.26,
                "Plan Rows": 6,
                "Plan Width": 8,
                "Actual Startup Time": 815.996,
                "Actual Total Time": 850.934,
                "Actual Rows": 7,
                "Actual Loops": 1,
                "Output": [
                    "(PARTIAL count(*))"
                ],
                "Workers Planned": 6,
                "Workers Launched": 6,
                "Single Copy": false,
                "Plans": [
                    {
                        "Node Type": "Aggregate",
                        "Strategy": "Plain",
                        "Partial Mode": "Partial",
                        "Parent Relationship": "Outer",
                        "Parallel Aware": false,
                        "Startup Cost": 253493.65,
                        "Total Cost": 253493.66,
                        "Plan Rows": 1,
                        "Plan Width": 8,
                        "Actual Startup Time": 800.398,
                        "Actual Total Time": 800.401,
                        "Actual Rows": 1,
                        "Actual Loops": 7,
                        "Output": [
                            "PARTIAL count(*)"
                        ],
                        "Workers": [
                            {
                                "Worker Number": 0,
                                "Actual Startup Time": 797.72,
                                "Actual Total Time": 797.722,
                                "Actual Rows": 1,
                                "Actual Loops": 1
                            },
                            {
                                "Worker Number": 1,
                                "Actual Startup Time": 798.838,
                                "Actual Total Time": 798.842,
                                "Actual Rows": 1,
                                "Actual Loops": 1
                            },
                            {
                                "Worker Number": 2,
                                "Actual Startup Time": 797.72,
                                "Actual Total Time": 797.723,
                                "Actual Rows": 1,
                                "Actual Loops": 1
                            },
                            {
                                "Worker Number": 3,
                                "Actual Startup Time": 797.688,
                                "Actual Total Time": 797.691,
                                "Actual Rows": 1,
                                "Actual Loops": 1
                            },
                            {
                                "Worker Number": 4,
                                "Actual Startup Time": 797.769,
                                "Actual Total Time": 797.771,
                                "Actual Rows": 1,
                                "Actual Loops": 1
                            },
                            {
                                "Worker Number": 5,
                                "Actual Startup Time": 798.061,
                                "Actual Total Time": 798.064,
                                "Actual Rows": 1,
                                "Actual Loops": 1
                            }
                        ],
                        "Plans": [
                            {
                                "Node Type": "Hash Join",
                                "Parent Relationship": "Outer",
                                "Parallel Aware": true,
                                "Join Type": "Inner",
                                "Startup Cost": 49366.37,
                                "Total Cost": 252436.65,
                                "Plan Rows": 422799,
                                "Plan Width": 0,
                                "Actual Startup Time": 183.383,
                                "Actual Total Time": 777.188,
                                "Actual Rows": 527834,
                                "Actual Loops": 7,
                                "Inner Unique": true,
                                "Hash Cond": "(ci.movie_id = t.id)",
                                "Workers": [
                                    {
                                        "Worker Number": 0,
                                        "Actual Startup Time": 180.793,
                                        "Actual Total Time": 774.738,
                                        "Actual Rows": 560699,
                                        "Actual Loops": 1
                                    },
                                    {
                                        "Worker Number": 1,
                                        "Actual Startup Time": 180.951,
                                        "Actual Total Time": 773.452,
                                        "Actual Rows": 379096,
                                        "Actual Loops": 1
                                    },
                                    {
                                        "Worker Number": 2,
                                        "Actual Startup Time": 180.879,
                                        "Actual Total Time": 774.972,
                                        "Actual Rows": 555089,
                                        "Actual Loops": 1
                                    },
                                    {
                                        "Worker Number": 3,
                                        "Actual Startup Time": 180.916,
                                        "Actual Total Time": 774.499,
                                        "Actual Rows": 564091,
                                        "Actual Loops": 1
                                    },
                                    {
                                        "Worker Number": 4,
                                        "Actual Startup Time": 180.795,
                                        "Actual Total Time": 774.46,
                                        "Actual Rows": 567687,
                                        "Actual Loops": 1
                                    },
                                    {
                                        "Worker Number": 5,
                                        "Actual Startup Time": 181.055,
                                        "Actual Total Time": 776.759,
                                        "Actual Rows": 513498,
                                        "Actual Loops": 1
                                    }
                                ],
                                "Plans": [
                                    {
                                        "Node Type": "Index Scan",
                                        "Parent Relationship": "Outer",
                                        "Parallel Aware": true,
                                        "Scan Direction": "Forward",
                                        "Index Name": "role_id_cast_info",
                                        "Relation Name": "cast_info",
                                        "Schema": "public",
                                        "Alias": "ci",
                                        "Startup Cost": 0.56,
                                        "Total Cost": 200814.65,
                                        "Plan Rows": 859500,
                                        "Plan Width": 4,
                                        "Actual Startup Time": 0.195,
                                        "Actual Total Time": 252.625,
                                        "Actual Rows": 916196,
                                        "Actual Loops": 7,
                                        "Output": [
                                            "ci.id",
                                            "ci.person_id",
                                            "ci.movie_id",
                                            "ci.person_role_id",
                                            "ci.note",
                                            "ci.nr_order",
                                            "ci.role_id"
                                        ],
                                        "Index Cond": "(ci.role_id = 2)",
                                        "Rows Removed by Index Recheck": 0,
                                        "Filter": "(ci.person_id < 2567163)",
                                        "Rows Removed by Filter": 148371,
                                        "Workers": [
                                            {
                                                "Worker Number": 0,
                                                "Actual Startup Time": 0.182,
                                                "Actual Total Time": 256.722,
                                                "Actual Rows": 974340,
                                                "Actual Loops": 1
                                            },
                                            {
                                                "Worker Number": 1,
                                                "Actual Startup Time": 0.303,
                                                "Actual Total Time": 269.577,
                                                "Actual Rows": 653667,
                                                "Actual Loops": 1
                                            },
                                            {
                                                "Worker Number": 2,
                                                "Actual Startup Time": 0.176,
                                                "Actual Total Time": 256.841,
                                                "Actual Rows": 966833,
                                                "Actual Loops": 1
                                            },
                                            {
                                                "Worker Number": 3,
                                                "Actual Startup Time": 0.215,
                                                "Actual Total Time": 257.696,
                                                "Actual Rows": 976009,
                                                "Actual Loops": 1
                                            },
                                            {
                                                "Worker Number": 4,
                                                "Actual Startup Time": 0.083,
                                                "Actual Total Time": 260.786,
                                                "Actual Rows": 985615,
                                                "Actual Loops": 1
                                            },
                                            {
                                                "Worker Number": 5,
                                                "Actual Startup Time": 0.119,
                                                "Actual Total Time": 248.026,
                                                "Actual Rows": 888440,
                                                "Actual Loops": 1
                                            }
                                        ]
                                    },
                                    {
                                        "Node Type": "Hash",
                                        "Parent Relationship": "Inner",
                                        "Parallel Aware": true,
                                        "Startup Cost": 45479.21,
                                        "Total Cost": 45479.21,
                                        "Plan Rows": 310928,
                                        "Plan Width": 4,
                                        "Actual Startup Time": 178.348,
                                        "Actual Total Time": 178.349,
                                        "Actual Rows": 191517,
                                        "Actual Loops": 7,
                                        "Output": [
                                            "t.id"
                                        ],
                                        "Hash Buckets": 2097152,
                                        "Original Hash Buckets": 2097152,
                                        "Hash Batches": 1,
                                        "Original Hash Batches": 1,
                                        "Peak Memory Usage": 68928,
                                        "Workers": [
                                            {
                                                "Worker Number": 0,
                                                "Actual Startup Time": 180.176,
                                                "Actual Total Time": 180.177,
                                                "Actual Rows": 194134,
                                                "Actual Loops": 1
                                            },
                                            {
                                                "Worker Number": 1,
                                                "Actual Startup Time": 179.921,
                                                "Actual Total Time": 179.922,
                                                "Actual Rows": 139544,
                                                "Actual Loops": 1
                                            },
                                            {
                                                "Worker Number": 2,
                                                "Actual Startup Time": 180.044,
                                                "Actual Total Time": 180.045,
                                                "Actual Rows": 187081,
                                                "Actual Loops": 1
                                            },
                                            {
                                                "Worker Number": 3,
                                                "Actual Startup Time": 180.058,
                                                "Actual Total Time": 180.059,
                                                "Actual Rows": 189615,
                                                "Actual Loops": 1
                                            },
                                            {
                                                "Worker Number": 4,
                                                "Actual Startup Time": 180.037,
                                                "Actual Total Time": 180.038,
                                                "Actual Rows": 190440,
                                                "Actual Loops": 1
                                            },
                                            {
                                                "Worker Number": 5,
                                                "Actual Startup Time": 180.531,
                                                "Actual Total Time": 180.532,
                                                "Actual Rows": 173881,
                                                "Actual Loops": 1
                                            }
                                        ],
                                        "Plans": [
                                            {
                                                "Node Type": "Seq Scan",
                                                "Parent Relationship": "Outer",
                                                "Parallel Aware": true,
                                                "Relation Name": "title",
                                                "Schema": "public",
                                                "Alias": "t",
                                                "Startup Cost": 0.0,
                                                "Total Cost": 45479.21,
                                                "Plan Rows": 310928,
                                                "Plan Width": 4,
                                                "Actual Startup Time": 0.071,
                                                "Actual Total Time": 76.442,
                                                "Actual Rows": 191517,
                                                "Actual Loops": 7,
                                                "Output": [
                                                    "t.id"
                                                ],
                                                "Filter": "((t.production_year > 1971) AND (t.kind_id = 7))",
                                                "Rows Removed by Filter": 169671,
                                                "Workers": [
                                                    {
                                                        "Worker Number": 0,
                                                        "Actual Startup Time": 0.078,
                                                        "Actual Total Time": 77.195,
                                                        "Actual Rows": 194134,
                                                        "Actual Loops": 1
                                                    },
                                                    {
                                                        "Worker Number": 1,
                                                        "Actual Startup Time": 0.075,
                                                        "Actual Total Time": 79.929,
                                                        "Actual Rows": 139544,
                                                        "Actual Loops": 1
                                                    },
                                                    {
                                                        "Worker Number": 2,
                                                        "Actual Startup Time": 0.087,
                                                        "Actual Total Time": 77.99,
                                                        "Actual Rows": 187081,
                                                        "Actual Loops": 1
                                                    },
                                                    {
                                                        "Worker Number": 3,
                                                        "Actual Startup Time": 0.08,
                                                        "Actual Total Time": 78.2,
                                                        "Actual Rows": 189615,
                                                        "Actual Loops": 1
                                                    },
                                                    {
                                                        "Worker Number": 4,
                                                        "Actual Startup Time": 0.085,
                                                        "Actual Total Time": 77.82,
                                                        "Actual Rows": 190440,
                                                        "Actual Loops": 1
                                                    },
                                                    {
                                                        "Worker Number": 5,
                                                        "Actual Startup Time": 0.074,
                                                        "Actual Total Time": 77.14,
                                                        "Actual Rows": 173881,
                                                        "Actual Loops": 1
                                                    }
                                                ]
                                            }
                                        ]
                                    }
                                ]
                            }
                        ]
                    }
                ]
            }
        ]
    },
    "Planning Time": 0.794,
    "Triggers": [],
    "Execution Time": 851.051
}