[
  {
    "Plan": {
      "Node Type": "Aggregate",
      "Strategy": "Plain",
      "Partial Mode": "Finalize",
      "Parallel Aware": false,
      "Startup Cost": 45653.7,
      "Total Cost": 45653.71,
      "Plan Rows": 1,
      "Plan Width": 8,
      "Actual Startup Time": 154.997,
      "Actual Total Time": 164.062,
      "Actual Rows": 1,
      "Actual Loops": 1,
      "Plans": [
        {
          "Node Type": "Gather",
          "Parent Relationship": "Outer",
          "Parallel Aware": false,
          "Startup Cost": 45653.38,
          "Total Cost": 45653.69,
          "Plan Rows": 3,
          "Plan Width": 8,
          "Actual Startup Time": 154.872,
          "Actual Total Time": 164.054,
          "Actual Rows": 4,
          "Actual Loops": 1,
          "Workers Planned": 3,
          "Workers Launched": 3,
          "Single Copy": false,
          "Plans": [
            {
              "Node Type": "Aggregate",
              "Strategy": "Plain",
              "Partial Mode": "Partial",
              "Parent Relationship": "Outer",
              "Parallel Aware": false,
              "Startup Cost": 44653.38,
              "Total Cost": 44653.39,
              "Plan Rows": 1,
              "Plan Width": 8,
              "Actual Startup Time": 148.967,
              "Actual Total Time": 148.969,
              "Actual Rows": 1,
              "Actual Loops": 4,
              "Plans": [
                {
                  "Node Type": "Seq Scan",
                  "Parent Relationship": "Outer",
                  "Parallel Aware": true,
                  "Relation Name": "movie_keyword",
                  "Alias": "mk",
                  "Startup Cost": 0.0,
                  "Total Cost": 42695.65,
                  "Plan Rows": 783092,
                  "Plan Width": 0,
                  "Actual Startup Time": 0.05,
                  "Actual Total Time": 118.723,
                  "Actual Rows": 606750,
                  "Actual Loops": 4,
                  "Filter": "(keyword_id < 5754)",
                  "Rows Removed by Filter": 524232
                }
              ]
            }
          ]
        }
      ]
    },
    "Planning Time": 0.15,
    "Triggers": [],
    "Execution Time": 164.109
  }
]