[
  {
    "Plan": {
      "Node Type": "Aggregate",
      "Strategy": "Plain",
      "Partial Mode": "Finalize",
      "Parallel Aware": false,
      "Startup Cost": 83528.59,
      "Total Cost": 83528.6,
      "Plan Rows": 1,
      "Plan Width": 8,
      "Actual Startup Time": 349.332,
      "Actual Total Time": 365.713,
      "Actual Rows": 1,
      "Actual Loops": 1,
      "Plans": [
        {
          "Node Type": "Gather",
          "Parent Relationship": "Outer",
          "Parallel Aware": false,
          "Startup Cost": 83528.17,
          "Total Cost": 83528.58,
          "Plan Rows": 4,
          "Plan Width": 8,
          "Actual Startup Time": 343.865,
          "Actual Total Time": 365.703,
          "Actual Rows": 5,
          "Actual Loops": 1,
          "Workers Planned": 4,
          "Workers Launched": 4,
          "Single Copy": false,
          "Plans": [
            {
              "Node Type": "Aggregate",
              "Strategy": "Plain",
              "Partial Mode": "Partial",
              "Parent Relationship": "Outer",
              "Parallel Aware": false,
              "Startup Cost": 82528.17,
              "Total Cost": 82528.18,
              "Plan Rows": 1,
              "Plan Width": 8,
              "Actual Startup Time": 334.496,
              "Actual Total Time": 334.499,
              "Actual Rows": 1,
              "Actual Loops": 5,
              "Plans": [
                {
                  "Node Type": "Hash Join",
                  "Parent Relationship": "Outer",
                  "Parallel Aware": true,
                  "Join Type": "Inner",
                  "Startup Cost": 35572.94,
                  "Total Cost": 81883.66,
                  "Plan Rows": 257804,
                  "Plan Width": 0,
                  "Actual Startup Time": 131.138,
                  "Actual Total Time": 328.045,
                  "Actual Rows": 148635,
                  "Actual Loops": 5,
                  "Inner Unique": false,
                  "Hash Cond": "(t.id = mc.movie_id)",
                  "Plans": [
                    {
                      "Node Type": "Seq Scan",
                      "Parent Relationship": "Outer",
                      "Parallel Aware": true,
                      "Relation Name": "title",
                      "Alias": "t",
                      "Startup Cost": 0.0,
                      "Total Cost": 42318.73,
                      "Plan Rows": 632073,
                      "Plan Width": 4,
                      "Actual Startup Time": 0.01,
                      "Actual Total Time": 63.232,
                      "Actual Rows": 505662,
                      "Actual Loops": 5
                    },
                    {
                      "Node Type": "Hash",
                      "Parent Relationship": "Inner",
                      "Parallel Aware": true,
                      "Startup Cost": 31414.82,
                      "Total Cost": 31414.82,
                      "Plan Rows": 332650,
                      "Plan Width": 4,
                      "Actual Startup Time": 126.722,
                      "Actual Total Time": 126.723,
                      "Actual Rows": 148635,
                      "Actual Loops": 5,
                      "Hash Buckets": 1048576,
                      "Original Hash Buckets": 1048576,
                      "Hash Batches": 1,
                      "Original Hash Batches": 1,
                      "Peak Memory Usage": 37408,
                      "Plans": [
                        {
                          "Node Type": "Seq Scan",
                          "Parent Relationship": "Outer",
                          "Parallel Aware": true,
                          "Relation Name": "movie_companies",
                          "Alias": "mc",
                          "Startup Cost": 0.0,
                          "Total Cost": 31414.82,
                          "Plan Rows": 332650,
                          "Plan Width": 4,
                          "Actual Startup Time": 45.544,
                          "Actual Total Time": 76.256,
                          "Actual Rows": 148635,
                          "Actual Loops": 5,
                          "Filter": "((company_id < 69785) AND (company_type_id > 1))",
                          "Rows Removed by Filter": 373191
                        }
                      ]
                    }
                  ]
                }
              ]
            }
          ]
        }
      ]
    },
    "Planning Time": 0.641,
    "Triggers": [],
    "Execution Time": 365.781
  }
]