[
    {
        "Bao": {
            "Bao prediction": "NaN",
            "Bao recommended hint": "(no hint)"
        }
    },
    {
        "Plan": {
            "Node Type": "Aggregate",
            "Strategy": "Plain",
            "Partial Mode": "Finalize",
            "Parallel Aware": false,
            "Startup Cost": 33166.16,
            "Total Cost": 33166.17,
            "Plan Rows": 1,
            "Plan Width": 8,
            "Actual Startup Time": 105.478,
            "Actual Total Time": 111.061,
            "Actual Rows": 1,
            "Actual Loops": 1,
            "Output": [
                "count(*)"
            ],
            "Plans": [
                {
                    "Node Type": "Gather",
                    "Parent Relationship": "Outer",
                    "Parallel Aware": false,
                    "Startup Cost": 33165.84,
                    "Total Cost": 33166.15,
                    "Plan Rows": 3,
                    "Plan Width": 8,
                    "Actual Startup Time": 105.382,
                    "Actual Total Time": 111.053,
                    "Actual Rows": 4,
                    "Actual Loops": 1,
                    "Output": [
                        "(PARTIAL count(*))"
                    ],
                    "Workers Planned": 3,
                    "Workers Launched": 3,
                    "Single Copy": false,
                    "Plans": [
                        {
                            "Node Type": "Aggregate",
                            "Strategy": "Plain",
                            "Partial Mode": "Partial",
                            "Parent Relationship": "Outer",
                            "Parallel Aware": false,
                            "Startup Cost": 32165.84,
                            "Total Cost": 32165.85,
                            "Plan Rows": 1,
                            "Plan Width": 8,
                            "Actual Startup Time": 96.829,
                            "Actual Total Time": 96.83,
                            "Actual Rows": 1,
                            "Actual Loops": 4,
                            "Output": [
                                "PARTIAL count(*)"
                            ],
                            "Workers": [
                                {
                                    "Worker Number": 0,
                                    "Actual Startup Time": 93.73,
                                    "Actual Total Time": 93.731,
                                    "Actual Rows": 1,
                                    "Actual Loops": 1
                                },
                                {
                                    "Worker Number": 1,
                                    "Actual Startup Time": 94.251,
                                    "Actual Total Time": 94.252,
                                    "Actual Rows": 1,
                                    "Actual Loops": 1
                                },
                                {
                                    "Worker Number": 2,
                                    "Actual Startup Time": 94.574,
                                    "Actual Total Time": 94.575,
                                    "Actual Rows": 1,
                                    "Actual Loops": 1
                                }
                            ],
                            "Plans": [
                                {
                                    "Node Type": "Seq Scan",
                                    "Parent Relationship": "Outer",
                                    "Parallel Aware": true,
                                    "Relation Name": "movie_companies",
                                    "Schema": "public",
                                    "Alias": "mc",
                                    "Startup Cost": 0.0,
                                    "Total Cost": 31414.82,
                                    "Plan Rows": 300410,
                                    "Plan Width": 0,
                                    "Actual Startup Time": 0.058,
                                    "Actual Total Time": 78.743,
                                    "Actual Rows": 309428,
                                    "Actual Loops": 4,
                                    "Output": [
                                        "id",
                                        "movie_id",
                                        "company_id",
                                        "company_type_id",
                                        "note"
                                    ],
                                    "Filter": "((mc.company_id < 44134) AND (mc.company_type_id = 1))",
                                    "Rows Removed by Filter": 342854,
                                    "Workers": [
                                        {
                                            "Worker Number": 0,
                                            "Actual Startup Time": 0.074,
                                            "Actual Total Time": 77.4,
                                            "Actual Rows": 287802,
                                            "Actual Loops": 1
                                        },
                                        {
                                            "Worker Number": 1,
                                            "Actual Startup Time": 0.068,
                                            "Actual Total Time": 77.783,
                                            "Actual Rows": 277354,
                                            "Actual Loops": 1
                                        },
                                        {
                                            "Worker Number": 2,
                                            "Actual Startup Time": 0.063,
                                            "Actual Total Time": 77.954,
                                            "Actual Rows": 281914,
                                            "Actual Loops": 1
                                        }
                                    ]
                                }
                            ]
                        }
                    ]
                }
            ]
        },
        "Planning Time": 200.092,
        "Triggers": [],
        "Execution Time": 111.139
    }
]