[
    {
        "Bao": {
            "Bao prediction": "NaN",
            "Bao recommended hint": "(no hint)"
        }
    },
    {
        "Plan": {
            "Node Type": "Aggregate",
            "Strategy": "Plain",
            "Partial Mode": "Finalize",
            "Parallel Aware": false,
            "Startup Cost": 39796.19,
            "Total Cost": 39796.2,
            "Plan Rows": 1,
            "Plan Width": 8,
            "Actual Startup Time": 117.421,
            "Actual Total Time": 122.764,
            "Actual Rows": 1,
            "Actual Loops": 1,
            "Output": [
                "count(*)"
            ],
            "Plans": [
                {
                    "Node Type": "Gather",
                    "Parent Relationship": "Outer",
                    "Parallel Aware": false,
                    "Startup Cost": 39795.87,
                    "Total Cost": 39796.18,
                    "Plan Rows": 3,
                    "Plan Width": 8,
                    "Actual Startup Time": 117.23,
                    "Actual Total Time": 122.757,
                    "Actual Rows": 4,
                    "Actual Loops": 1,
                    "Output": [
                        "(PARTIAL count(*))"
                    ],
                    "Workers Planned": 3,
                    "Workers Launched": 3,
                    "Single Copy": false,
                    "Plans": [
                        {
                            "Node Type": "Aggregate",
                            "Strategy": "Plain",
                            "Partial Mode": "Partial",
                            "Parent Relationship": "Outer",
                            "Parallel Aware": false,
                            "Startup Cost": 38795.87,
                            "Total Cost": 38795.88,
                            "Plan Rows": 1,
                            "Plan Width": 8,
                            "Actual Startup Time": 108.95,
                            "Actual Total Time": 108.951,
                            "Actual Rows": 1,
                            "Actual Loops": 4,
                            "Output": [
                                "PARTIAL count(*)"
                            ],
                            "Workers": [
                                {
                                    "Worker Number": 0,
                                    "Actual Startup Time": 106.068,
                                    "Actual Total Time": 106.07,
                                    "Actual Rows": 1,
                                    "Actual Loops": 1
                                },
                                {
                                    "Worker Number": 1,
                                    "Actual Startup Time": 106.274,
                                    "Actual Total Time": 106.275,
                                    "Actual Rows": 1,
                                    "Actual Loops": 1
                                },
                                {
                                    "Worker Number": 2,
                                    "Actual Startup Time": 106.577,
                                    "Actual Total Time": 106.579,
                                    "Actual Rows": 1,
                                    "Actual Loops": 1
                                }
                            ],
                            "Plans": [
                                {
                                    "Node Type": "Bitmap Heap Scan",
                                    "Parent Relationship": "Outer",
                                    "Parallel Aware": true,
                                    "Relation Name": "movie_keyword",
                                    "Schema": "public",
                                    "Alias": "mk",
                                    "Startup Cost": 11678.41,
                                    "Total Cost": 38351.96,
                                    "Plan Rows": 177564,
                                    "Plan Width": 0,
                                    "Actual Startup Time": 29.6,
                                    "Actual Total Time": 101.112,
                                    "Actual Rows": 136551,
                                    "Actual Loops": 4,
                                    "Recheck Cond": "(mk.keyword_id > 33688)",
                                    "Rows Removed by Index Recheck": 0,
                                    "Exact Heap Blocks": 10091,
                                    "Lossy Heap Blocks": 0,
                                    "Workers": [
                                        {
                                            "Worker Number": 0,
                                            "Actual Startup Time": 26.812,
                                            "Actual Total Time": 98.651,
                                            "Actual Rows": 82495,
                                            "Actual Loops": 1
                                        },
                                        {
                                            "Worker Number": 1,
                                            "Actual Startup Time": 27.124,
                                            "Actual Total Time": 98.947,
                                            "Actual Rows": 114604,
                                            "Actual Loops": 1
                                        },
                                        {
                                            "Worker Number": 2,
                                            "Actual Startup Time": 27.229,
                                            "Actual Total Time": 99.268,
                                            "Actual Rows": 114205,
                                            "Actual Loops": 1
                                        }
                                    ],
                                    "Plans": [
                                        {
                                            "Node Type": "Bitmap Index Scan",
                                            "Parent Relationship": "Outer",
                                            "Parallel Aware": false,
                                            "Index Name": "keyword_id_movie_keyword",
                                            "Startup Cost": 0.0,
                                            "Total Cost": 11540.8,
                                            "Plan Rows": 550449,
                                            "Plan Width": 0,
                                            "Actual Startup Time": 33.897,
                                            "Actual Total Time": 33.898,
                                            "Actual Rows": 546203,
                                            "Actual Loops": 1,
                                            "Index Cond": "(mk.keyword_id > 33688)"
                                        }
                                    ]
                                }
                            ]
                        }
                    ]
                }
            ]
        },
        "Planning Time": 180.542,
        "Triggers": [],
        "Execution Time": 122.858
    }
]