{
  "Plan": {
    "Node Type": "Aggregate",
    "Strategy": "Plain",
    "Partial Mode": "Finalize",
    "Parallel Aware": false,
    "Startup Cost": 148790.34,
    "Total Cost": 148790.35,
    "Plan Rows": 1,
    "Plan Width": 8,
    "Actual Startup Time": 509.51,
    "Actual Total Time": 525.459,
    "Actual Rows": 1,
    "Actual Loops": 1,
    "Plans": [
      {
        "Node Type": "Gather",
        "Parent Relationship": "Outer",
        "Parallel Aware": false,
        "Startup Cost": 148790.23,
        "Total Cost": 148790.34,
        "Plan Rows": 1,
        "Plan Width": 8,
        "Actual Startup Time": 508.243,
        "Actual Total Time": 525.453,
        "Actual Rows": 2,
        "Actual Loops": 1,
        "Workers Planned": 1,
        "Workers Launched": 1,
        "Single Copy": false,
        "Plans": [
          {
            "Node Type": "Aggregate",
            "Strategy": "Plain",
            "Partial Mode": "Partial",
            "Parent Relationship": "Outer",
            "Parallel Aware": false,
            "Startup Cost": 147790.23,
            "Total Cost": 147790.24,
            "Plan Rows": 1,
            "Plan Width": 8,
            "Actual Startup Time": 501.933,
            "Actual Total Time": 501.94,
            "Actual Rows": 1,
            "Actual Loops": 2,
            "Plans": [
              {
                "Node Type": "Hash Join",
                "Parent Relationship": "Outer",
                "Parallel Aware": true,
                "Join Type": "Inner",
                "Startup Cost": 85503.59,
                "Total Cost": 147741.81,
                "Plan Rows": 19368,
                "Plan Width": 0,
                "Actual Startup Time": 288.087,
                "Actual Total Time": 493.862,
                "Actual Rows": 200537,
                "Actual Loops": 2,
                "Inner Unique": false,
                "Hash Cond": "(mk.movie_id = t.id)",
                "Plans": [
                  {
                    "Node Type": "Seq Scan",
                    "Parent Relationship": "Outer",
                    "Parallel Aware": true,
                    "Relation Name": "movie_keyword",
                    "Alias": "mk",
                    "Startup Cost": 0.0,
                    "Total Cost": 57718.19,
                    "Plan Rows": 1174959,
                    "Plan Width": 4,
                    "Actual Startup Time": 0.016,
                    "Actual Total Time": 172.218,
                    "Actual Rows": 1002814,
                    "Actual Loops": 2,
                    "Filter": "(keyword_id < 3570)",
                    "Rows Removed by Filter": 1259152
                  },
                  {
                    "Node Type": "Hash",
                    "Parent Relationship": "Inner",
                    "Parallel Aware": true,
                    "Startup Cost": 85197.14,
                    "Total Cost": 85197.14,
                    "Plan Rows": 24516,
                    "Plan Width": 8,
                    "Actual Startup Time": 242.567,
                    "Actual Total Time": 242.572,
                    "Actual Rows": 12000,
                    "Actual Loops": 2,
                    "Hash Buckets": 65536,
                    "Original Hash Buckets": 65536,
                    "Hash Batches": 1,
                    "Original Hash Batches": 1,
                    "Peak Memory Usage": 1472,
                    "Plans": [
                      {
                        "Node Type": "Hash Join",
                        "Parent Relationship": "Outer",
                        "Parallel Aware": true,
                        "Join Type": "Inner",
                        "Startup Cost": 63388.28,
                        "Total Cost": 85197.14,
                        "Plan Rows": 24516,
                        "Plan Width": 8,
                        "Actual Startup Time": 200.393,
                        "Actual Total Time": 239.713,
                        "Actual Rows": 12000,
                        "Actual Loops": 2,
                        "Inner Unique": true,
                        "Hash Cond": "(mc.movie_id = t.id)",
                        "Plans": [
                          {
                            "Node Type": "Bitmap Heap Scan",
                            "Parent Relationship": "Outer",
                            "Parallel Aware": true,
                            "Relation Name": "movie_companies",
                            "Alias": "mc",
                            "Startup Cost": 7354.08,
                            "Total Cost": 28639.01,
                            "Plan Rows": 199594,
                            "Plan Width": 4,
                            "Actual Startup Time": 16.356,
                            "Actual Total Time": 56.568,
                            "Actual Rows": 167228,
                            "Actual Loops": 2,
                            "Recheck Cond": "(company_id < 166)",
                            "Rows Removed by Index Recheck": 0,
                            "Exact Heap Blocks": 10709,
                            "Lossy Heap Blocks": 0,
                            "Plans": [
                              {
                                "Node Type": "Bitmap Index Scan",
                                "Parent Relationship": "Outer",
                                "Parallel Aware": false,
                                "Index Name": "company_id_movie_companies",
                                "Startup Cost": 0.0,
                                "Total Cost": 7269.26,
                                "Plan Rows": 339310,
                                "Plan Width": 0,
                                "Actual Startup Time": 13.704,
                                "Actual Total Time": 13.704,
                                "Actual Rows": 334457,
                                "Actual Loops": 1,
                                "Index Cond": "(company_id < 166)"
                              }
                            ]
                          },
                          {
                            "Node Type": "Hash",
                            "Parent Relationship": "Inner",
                            "Parallel Aware": true,
                            "Startup Cost": 53750.75,
                            "Total Cost": 53750.75,
                            "Plan Rows": 182676,
                            "Plan Width": 4,
                            "Actual Startup Time": 143.422,
                            "Actual Total Time": 143.424,
                            "Actual Rows": 200370,
                            "Actual Loops": 2,
                            "Hash Buckets": 524288,
                            "Original Hash Buckets": 524288,
                            "Hash Batches": 1,
                            "Original Hash Batches": 1,
                            "Peak Memory Usage": 19808,
                            "Plans": [
                              {
                                "Node Type": "Bitmap Heap Scan",
                                "Parent Relationship": "Outer",
                                "Parallel Aware": true,
                                "Relation Name": "title",
                                "Alias": "t",
                                "Startup Cost": 11900.49,
                                "Total Cost": 53750.75,
                                "Plan Rows": 182676,
                                "Plan Width": 4,
                                "Actual Startup Time": 34.791,
                                "Actual Total Time": 101.75,
                                "Actual Rows": 200370,
                                "Actual Loops": 2,
                                "Recheck Cond": "(kind_id = 1)",
                                "Rows Removed by Index Recheck": 0,
                                "Filter": "(production_year < 2003)",
                                "Rows Removed by Filter": 131042,
                                "Exact Heap Blocks": 8099,
                                "Lossy Heap Blocks": 0,
                                "Plans": [
                                  {
                                    "Node Type": "Bitmap Index Scan",
                                    "Parent Relationship": "Outer",
                                    "Parallel Aware": false,
                                    "Index Name": "kind_id_title",
                                    "Startup Cost": 0.0,
                                    "Total Cost": 11822.85,
                                    "Plan Rows": 663256,
                                    "Plan Width": 0,
                                    "Actual Startup Time": 33.191,
                                    "Actual Total Time": 33.191,
                                    "Actual Rows": 662825,
                                    "Actual Loops": 1,
                                    "Index Cond": "(kind_id = 1)"
                                  }
                                ]
                              }
                            ]
                          }
                        ]
                      }
                    ]
                  }
                ]
              }
            ]
          }
        ]
      }
    ]
  },
  "Planning Time": 1.111,
  "Triggers": [],
  "Execution Time": 525.571
}