[
    {
        "Bao": {
            "Bao prediction": "NaN",
            "Bao recommended hint": "(no hint)"
        }
    },
    {
        "Plan": {
            "Node Type": "Aggregate",
            "Strategy": "Plain",
            "Partial Mode": "Finalize",
            "Parallel Aware": false,
            "Startup Cost": 453666.94,
            "Total Cost": 453666.95,
            "Plan Rows": 1,
            "Plan Width": 8,
            "Actual Startup Time": 1548.992,
            "Actual Total Time": 1580.672,
            "Actual Rows": 1,
            "Actual Loops": 1,
            "Output": [
                "count(*)"
            ],
            "Plans": [
                {
                    "Node Type": "Gather",
                    "Parent Relationship": "Outer",
                    "Parallel Aware": false,
                    "Startup Cost": 453666.31,
                    "Total Cost": 453666.92,
                    "Plan Rows": 6,
                    "Plan Width": 8,
                    "Actual Startup Time": 1521.408,
                    "Actual Total Time": 1580.66,
                    "Actual Rows": 7,
                    "Actual Loops": 1,
                    "Output": [
                        "(PARTIAL count(*))"
                    ],
                    "Workers Planned": 6,
                    "Workers Launched": 6,
                    "Single Copy": false,
                    "Plans": [
                        {
                            "Node Type": "Aggregate",
                            "Strategy": "Plain",
                            "Partial Mode": "Partial",
                            "Parent Relationship": "Outer",
                            "Parallel Aware": false,
                            "Startup Cost": 452666.31,
                            "Total Cost": 452666.32,
                            "Plan Rows": 1,
                            "Plan Width": 8,
                            "Actual Startup Time": 1510.506,
                            "Actual Total Time": 1510.61,
                            "Actual Rows": 1,
                            "Actual Loops": 7,
                            "Output": [
                                "PARTIAL count(*)"
                            ],
                            "Workers": [
                                {
                                    "Worker Number": 0,
                                    "Actual Startup Time": 1508.082,
                                    "Actual Total Time": 1508.086,
                                    "Actual Rows": 1,
                                    "Actual Loops": 1
                                },
                                {
                                    "Worker Number": 1,
                                    "Actual Startup Time": 1508.144,
                                    "Actual Total Time": 1508.149,
                                    "Actual Rows": 1,
                                    "Actual Loops": 1
                                },
                                {
                                    "Worker Number": 2,
                                    "Actual Startup Time": 1508.135,
                                    "Actual Total Time": 1508.142,
                                    "Actual Rows": 1,
                                    "Actual Loops": 1
                                },
                                {
                                    "Worker Number": 3,
                                    "Actual Startup Time": 1508.971,
                                    "Actual Total Time": 1508.975,
                                    "Actual Rows": 1,
                                    "Actual Loops": 1
                                },
                                {
                                    "Worker Number": 4,
                                    "Actual Startup Time": 1509.937,
                                    "Actual Total Time": 1509.942,
                                    "Actual Rows": 1,
                                    "Actual Loops": 1
                                },
                                {
                                    "Worker Number": 5,
                                    "Actual Startup Time": 1509.448,
                                    "Actual Total Time": 1509.455,
                                    "Actual Rows": 1,
                                    "Actual Loops": 1
                                }
                            ],
                            "Plans": [
                                {
                                    "Node Type": "Hash Join",
                                    "Parent Relationship": "Outer",
                                    "Parallel Aware": true,
                                    "Join Type": "Inner",
                                    "Startup Cost": 94138.89,
                                    "Total Cost": 450802.58,
                                    "Plan Rows": 745492,
                                    "Plan Width": 0,
                                    "Actual Startup Time": 557.972,
                                    "Actual Total Time": 1459.446,
                                    "Actual Rows": 1235419,
                                    "Actual Loops": 7,
                                    "Inner Unique": false,
                                    "Hash Cond": "(ci.movie_id = t.id)",
                                    "Workers": [
                                        {
                                            "Worker Number": 0,
                                            "Actual Startup Time": 555.643,
                                            "Actual Total Time": 1457.656,
                                            "Actual Rows": 1238761,
                                            "Actual Loops": 1
                                        },
                                        {
                                            "Worker Number": 1,
                                            "Actual Startup Time": 555.721,
                                            "Actual Total Time": 1458.217,
                                            "Actual Rows": 1192580,
                                            "Actual Loops": 1
                                        },
                                        {
                                            "Worker Number": 2,
                                            "Actual Startup Time": 555.699,
                                            "Actual Total Time": 1458.252,
                                            "Actual Rows": 1193345,
                                            "Actual Loops": 1
                                        },
                                        {
                                            "Worker Number": 3,
                                            "Actual Startup Time": 556.506,
                                            "Actual Total Time": 1458.315,
                                            "Actual Rows": 1242924,
                                            "Actual Loops": 1
                                        },
                                        {
                                            "Worker Number": 4,
                                            "Actual Startup Time": 556.814,
                                            "Actual Total Time": 1460.008,
                                            "Actual Rows": 1193919,
                                            "Actual Loops": 1
                                        },
                                        {
                                            "Worker Number": 5,
                                            "Actual Startup Time": 557.009,
                                            "Actual Total Time": 1459.167,
                                            "Actual Rows": 1235076,
                                            "Actual Loops": 1
                                        }
                                    ],
                                    "Plans": [
                                        {
                                            "Node Type": "Seq Scan",
                                            "Parent Relationship": "Outer",
                                            "Parallel Aware": true,
                                            "Relation Name": "cast_info",
                                            "Schema": "public",
                                            "Alias": "ci",
                                            "Startup Cost": 0.0,
                                            "Total Cost": 343318.94,
                                            "Plan Rows": 2917318,
                                            "Plan Width": 4,
                                            "Actual Startup Time": 166.881,
                                            "Actual Total Time": 591.218,
                                            "Actual Rows": 2308190,
                                            "Actual Loops": 7,
                                            "Output": [
                                                "ci.id",
                                                "ci.person_id",
                                                "ci.movie_id",
                                                "ci.person_role_id",
                                                "ci.note",
                                                "ci.nr_order",
                                                "ci.role_id"
                                            ],
                                            "Filter": "((ci.person_id > 1599112) AND (ci.role_id < 10))",
                                            "Rows Removed by Filter": 2869573,
                                            "Workers": [
                                                {
                                                    "Worker Number": 0,
                                                    "Actual Startup Time": 166.88,
                                                    "Actual Total Time": 599.492,
                                                    "Actual Rows": 2306275,
                                                    "Actual Loops": 1
                                                },
                                                {
                                                    "Worker Number": 1,
                                                    "Actual Startup Time": 166.897,
                                                    "Actual Total Time": 588.704,
                                                    "Actual Rows": 2236458,
                                                    "Actual Loops": 1
                                                },
                                                {
                                                    "Worker Number": 2,
                                                    "Actual Startup Time": 166.9,
                                                    "Actual Total Time": 591.13,
                                                    "Actual Rows": 2244813,
                                                    "Actual Loops": 1
                                                },
                                                {
                                                    "Worker Number": 3,
                                                    "Actual Startup Time": 166.894,
                                                    "Actual Total Time": 601.533,
                                                    "Actual Rows": 2323442,
                                                    "Actual Loops": 1
                                                },
                                                {
                                                    "Worker Number": 4,
                                                    "Actual Startup Time": 166.875,
                                                    "Actual Total Time": 590.135,
                                                    "Actual Rows": 2229000,
                                                    "Actual Loops": 1
                                                },
                                                {
                                                    "Worker Number": 5,
                                                    "Actual Startup Time": 166.835,
                                                    "Actual Total Time": 598.973,
                                                    "Actual Rows": 2299463,
                                                    "Actual Loops": 1
                                                }
                                            ]
                                        },
                                        {
                                            "Node Type": "Hash",
                                            "Parent Relationship": "Inner",
                                            "Parallel Aware": true,
                                            "Startup Cost": 91533.7,
                                            "Total Cost": 91533.7,
                                            "Plan Rows": 208415,
                                            "Plan Width": 8,
                                            "Actual Startup Time": 388.459,
                                            "Actual Total Time": 388.56,
                                            "Actual Rows": 92579,
                                            "Actual Loops": 7,
                                            "Output": [
                                                "t.id",
                                                "mk.movie_id"
                                            ],
                                            "Hash Buckets": 1048576,
                                            "Original Hash Buckets": 1048576,
                                            "Hash Batches": 1,
                                            "Original Hash Batches": 1,
                                            "Peak Memory Usage": 33632,
                                            "Workers": [
                                                {
                                                    "Worker Number": 0,
                                                    "Actual Startup Time": 388.311,
                                                    "Actual Total Time": 388.314,
                                                    "Actual Rows": 91407,
                                                    "Actual Loops": 1
                                                },
                                                {
                                                    "Worker Number": 1,
                                                    "Actual Startup Time": 388.314,
                                                    "Actual Total Time": 388.318,
                                                    "Actual Rows": 86548,
                                                    "Actual Loops": 1
                                                },
                                                {
                                                    "Worker Number": 2,
                                                    "Actual Startup Time": 388.39,
                                                    "Actual Total Time": 388.394,
                                                    "Actual Rows": 86765,
                                                    "Actual Loops": 1
                                                },
                                                {
                                                    "Worker Number": 3,
                                                    "Actual Startup Time": 389.122,
                                                    "Actual Total Time": 389.125,
                                                    "Actual Rows": 90078,
                                                    "Actual Loops": 1
                                                },
                                                {
                                                    "Worker Number": 4,
                                                    "Actual Startup Time": 389.445,
                                                    "Actual Total Time": 389.449,
                                                    "Actual Rows": 83160,
                                                    "Actual Loops": 1
                                                },
                                                {
                                                    "Worker Number": 5,
                                                    "Actual Startup Time": 389.586,
                                                    "Actual Total Time": 389.591,
                                                    "Actual Rows": 90746,
                                                    "Actual Loops": 1
                                                }
                                            ],
                                            "Plans": [
                                                {
                                                    "Node Type": "Hash Join",
                                                    "Parent Relationship": "Outer",
                                                    "Parallel Aware": true,
                                                    "Join Type": "Inner",
                                                    "Startup Cost": 63927.42,
                                                    "Total Cost": 91533.7,
                                                    "Plan Rows": 208415,
                                                    "Plan Width": 8,
                                                    "Actual Startup Time": 267.804,
                                                    "Actual Total Time": 349.564,
                                                    "Actual Rows": 92579,
                                                    "Actual Loops": 7,
                                                    "Output": [
                                                        "t.id",
                                                        "mk.movie_id"
                                                    ],
                                                    "Inner Unique": true,
                                                    "Hash Cond": "(mk.movie_id = t.id)",
                                                    "Workers": [
                                                        {
                                                            "Worker Number": 0,
                                                            "Actual Startup Time": 267.794,
                                                            "Actual Total Time": 349.126,
                                                            "Actual Rows": 91407,
                                                            "Actual Loops": 1
                                                        },
                                                        {
                                                            "Worker Number": 1,
                                                            "Actual Startup Time": 267.849,
                                                            "Actual Total Time": 349.543,
                                                            "Actual Rows": 86548,
                                                            "Actual Loops": 1
                                                        },
                                                        {
                                                            "Worker Number": 2,
                                                            "Actual Startup Time": 267.948,
                                                            "Actual Total Time": 349.697,
                                                            "Actual Rows": 86765,
                                                            "Actual Loops": 1
                                                        },
                                                        {
                                                            "Worker Number": 3,
                                                            "Actual Startup Time": 267.777,
                                                            "Actual Total Time": 349.849,
                                                            "Actual Rows": 90078,
                                                            "Actual Loops": 1
                                                        },
                                                        {
                                                            "Worker Number": 4,
                                                            "Actual Startup Time": 267.778,
                                                            "Actual Total Time": 349.462,
                                                            "Actual Rows": 83160,
                                                            "Actual Loops": 1
                                                        },
                                                        {
                                                            "Worker Number": 5,
                                                            "Actual Startup Time": 267.766,
                                                            "Actual Total Time": 351.067,
                                                            "Actual Rows": 90746,
                                                            "Actual Loops": 1
                                                        }
                                                    ],
                                                    "Plans": [
                                                        {
                                                            "Node Type": "Bitmap Heap Scan",
                                                            "Parent Relationship": "Outer",
                                                            "Parallel Aware": true,
                                                            "Relation Name": "movie_keyword",
                                                            "Schema": "public",
                                                            "Alias": "mk",
                                                            "Startup Cost": 13707.61,
                                                            "Total Cost": 40766.81,
                                                            "Plan Rows": 208415,
                                                            "Plan Width": 4,
                                                            "Actual Startup Time": 33.941,
                                                            "Actual Total Time": 76.548,
                                                            "Actual Rows": 92579,
                                                            "Actual Loops": 7,
                                                            "Output": [
                                                                "mk.id",
                                                                "mk.movie_id",
                                                                "mk.keyword_id"
                                                            ],
                                                            "Recheck Cond": "(mk.keyword_id < 500)",
                                                            "Rows Removed by Index Recheck": 0,
                                                            "Exact Heap Blocks": 4543,
                                                            "Lossy Heap Blocks": 0,
                                                            "Workers": [
                                                                {
                                                                    "Worker Number": 0,
                                                                    "Actual Startup Time": 33.775,
                                                                    "Actual Total Time": 76.737,
                                                                    "Actual Rows": 91407,
                                                                    "Actual Loops": 1
                                                                },
                                                                {
                                                                    "Worker Number": 1,
                                                                    "Actual Startup Time": 33.975,
                                                                    "Actual Total Time": 77.668,
                                                                    "Actual Rows": 86548,
                                                                    "Actual Loops": 1
                                                                },
                                                                {
                                                                    "Worker Number": 2,
                                                                    "Actual Startup Time": 34.126,
                                                                    "Actual Total Time": 77.951,
                                                                    "Actual Rows": 86765,
                                                                    "Actual Loops": 1
                                                                },
                                                                {
                                                                    "Worker Number": 3,
                                                                    "Actual Startup Time": 33.904,
                                                                    "Actual Total Time": 77.925,
                                                                    "Actual Rows": 90078,
                                                                    "Actual Loops": 1
                                                                },
                                                                {
                                                                    "Worker Number": 4,
                                                                    "Actual Startup Time": 33.99,
                                                                    "Actual Total Time": 77.506,
                                                                    "Actual Rows": 83160,
                                                                    "Actual Loops": 1
                                                                },
                                                                {
                                                                    "Worker Number": 5,
                                                                    "Actual Startup Time": 34.014,
                                                                    "Actual Total Time": 77.369,
                                                                    "Actual Rows": 90746,
                                                                    "Actual Loops": 1
                                                                }
                                                            ],
                                                            "Plans": [
                                                                {
                                                                    "Node Type": "Bitmap Index Scan",
                                                                    "Parent Relationship": "Outer",
                                                                    "Parallel Aware": false,
                                                                    "Index Name": "keyword_id_movie_keyword",
                                                                    "Startup Cost": 0.0,
                                                                    "Total Cost": 13546.09,
                                                                    "Plan Rows": 646088,
                                                                    "Plan Width": 0,
                                                                    "Actual Startup Time": 30.247,
                                                                    "Actual Total Time": 30.248,
                                                                    "Actual Rows": 648054,
                                                                    "Actual Loops": 1,
                                                                    "Index Cond": "(mk.keyword_id < 500)"
                                                                }
                                                            ]
                                                        },
                                                        {
                                                            "Node Type": "Hash",
                                                            "Parent Relationship": "Inner",
                                                            "Parallel Aware": true,
                                                            "Startup Cost": 42318.81,
                                                            "Total Cost": 42318.81,
                                                            "Plan Rows": 632080,
                                                            "Plan Width": 4,
                                                            "Actual Startup Time": 229.902,
                                                            "Actual Total Time": 229.903,
                                                            "Actual Rows": 361187,
                                                            "Actual Loops": 7,
                                                            "Output": [
                                                                "t.id"
                                                            ],
                                                            "Hash Buckets": 4194304,
                                                            "Original Hash Buckets": 4194304,
                                                            "Hash Batches": 1,
                                                            "Original Hash Batches": 1,
                                                            "Peak Memory Usage": 131776,
                                                            "Workers": [
                                                                {
                                                                    "Worker Number": 0,
                                                                    "Actual Startup Time": 233.723,
                                                                    "Actual Total Time": 233.724,
                                                                    "Actual Rows": 349675,
                                                                    "Actual Loops": 1
                                                                },
                                                                {
                                                                    "Worker Number": 1,
                                                                    "Actual Startup Time": 233.632,
                                                                    "Actual Total Time": 233.633,
                                                                    "Actual Rows": 332403,
                                                                    "Actual Loops": 1
                                                                },
                                                                {
                                                                    "Worker Number": 2,
                                                                    "Actual Startup Time": 233.722,
                                                                    "Actual Total Time": 233.723,
                                                                    "Actual Rows": 334008,
                                                                    "Actual Loops": 1
                                                                },
                                                                {
                                                                    "Worker Number": 3,
                                                                    "Actual Startup Time": 233.582,
                                                                    "Actual Total Time": 233.583,
                                                                    "Actual Rows": 353173,
                                                                    "Actual Loops": 1
                                                                },
                                                                {
                                                                    "Worker Number": 4,
                                                                    "Actual Startup Time": 233.708,
                                                                    "Actual Total Time": 233.709,
                                                                    "Actual Rows": 334729,
                                                                    "Actual Loops": 1
                                                                },
                                                                {
                                                                    "Worker Number": 5,
                                                                    "Actual Startup Time": 233.63,
                                                                    "Actual Total Time": 233.631,
                                                                    "Actual Rows": 345833,
                                                                    "Actual Loops": 1
                                                                }
                                                            ],
                                                            "Plans": [
                                                                {
                                                                    "Node Type": "Seq Scan",
                                                                    "Parent Relationship": "Outer",
                                                                    "Parallel Aware": true,
                                                                    "Relation Name": "title",
                                                                    "Schema": "public",
                                                                    "Alias": "t",
                                                                    "Startup Cost": 0.0,
                                                                    "Total Cost": 42318.81,
                                                                    "Plan Rows": 632080,
                                                                    "Plan Width": 4,
                                                                    "Actual Startup Time": 0.043,
                                                                    "Actual Total Time": 63.052,
                                                                    "Actual Rows": 361187,
                                                                    "Actual Loops": 7,
                                                                    "Output": [
                                                                        "t.id"
                                                                    ],
                                                                    "Workers": [
                                                                        {
                                                                            "Worker Number": 0,
                                                                            "Actual Startup Time": 0.049,
                                                                            "Actual Total Time": 64.892,
                                                                            "Actual Rows": 349675,
                                                                            "Actual Loops": 1
                                                                        },
                                                                        {
                                                                            "Worker Number": 1,
                                                                            "Actual Startup Time": 0.033,
                                                                            "Actual Total Time": 64.783,
                                                                            "Actual Rows": 332403,
                                                                            "Actual Loops": 1
                                                                        },
                                                                        {
                                                                            "Worker Number": 2,
                                                                            "Actual Startup Time": 0.046,
                                                                            "Actual Total Time": 65.192,
                                                                            "Actual Rows": 334008,
                                                                            "Actual Loops": 1
                                                                        },
                                                                        {
                                                                            "Worker Number": 3,
                                                                            "Actual Startup Time": 0.054,
                                                                            "Actual Total Time": 65.459,
                                                                            "Actual Rows": 353173,
                                                                            "Actual Loops": 1
                                                                        },
                                                                        {
                                                                            "Worker Number": 4,
                                                                            "Actual Startup Time": 0.047,
                                                                            "Actual Total Time": 65.131,
                                                                            "Actual Rows": 334729,
                                                                            "Actual Loops": 1
                                                                        },
                                                                        {
                                                                            "Worker Number": 5,
                                                                            "Actual Startup Time": 0.061,
                                                                            "Actual Total Time": 65.037,
                                                                            "Actual Rows": 345833,
                                                                            "Actual Loops": 1
                                                                        }
                                                                    ]
                                                                }
                                                            ]
                                                        }
                                                    ]
                                                }
                                            ]
                                        }
                                    ]
                                }
                            ]
                        }
                    ]
                }
            ]
        },
        "Planning Time": 183.116,
        "Triggers": [],
        "Execution Time": 1580.766
    }
]