[
  {
    "Plan": {
      "Node Type": "Aggregate",
      "Strategy": "Plain",
      "Partial Mode": "Finalize",
      "Parallel Aware": false,
      "Startup Cost": 580251.64,
      "Total Cost": 580251.65,
      "Plan Rows": 1,
      "Plan Width": 8,
      "Actual Startup Time": 2214.728,
      "Actual Total Time": 2263.59,
      "Actual Rows": 1,
      "Actual Loops": 1,
      "Plans": [
        {
          "Node Type": "Gather",
          "Parent Relationship": "Outer",
          "Parallel Aware": false,
          "Startup Cost": 580251.12,
          "Total Cost": 580251.63,
          "Plan Rows": 5,
          "Plan Width": 8,
          "Actual Startup Time": 2170.826,
          "Actual Total Time": 2263.574,
          "Actual Rows": 6,
          "Actual Loops": 1,
          "Workers Planned": 5,
          "Workers Launched": 5,
          "Single Copy": false,
          "Plans": [
            {
              "Node Type": "Aggregate",
              "Strategy": "Plain",
              "Partial Mode": "Partial",
              "Parent Relationship": "Outer",
              "Parallel Aware": false,
              "Startup Cost": 579251.12,
              "Total Cost": 579251.13,
              "Plan Rows": 1,
              "Plan Width": 8,
              "Actual Startup Time": 2159.791,
              "Actual Total Time": 2159.97,
              "Actual Rows": 1,
              "Actual Loops": 6,
              "Plans": [
                {
                  "Node Type": "Hash Join",
                  "Parent Relationship": "Outer",
                  "Parallel Aware": true,
                  "Join Type": "Inner",
                  "Startup Cost": 366072.65,
                  "Total Cost": 576909.84,
                  "Plan Rows": 936512,
                  "Plan Width": 0,
                  "Actual Startup Time": 759.977,
                  "Actual Total Time": 2025.428,
                  "Actual Rows": 3361596,
                  "Actual Loops": 6,
                  "Inner Unique": false,
                  "Hash Cond": "(mi.movie_id = t.id)",
                  "Plans": [
                    {
                      "Node Type": "Seq Scan",
                      "Parent Relationship": "Outer",
                      "Parallel Aware": true,
                      "Relation Name": "movie_info",
                      "Alias": "mi",
                      "Startup Cost": 0.0,
                      "Total Cost": 198952.16,
                      "Plan Rows": 2753113,
                      "Plan Width": 4,
                      "Actual Startup Time": 0.033,
                      "Actual Total Time": 343.514,
                      "Actual Rows": 2311226,
                      "Actual Loops": 6,
                      "Filter": "(info_type_id < 94)",
                      "Rows Removed by Filter": 161394
                    },
                    {
                      "Node Type": "Hash",
                      "Parent Relationship": "Inner",
                      "Parallel Aware": true,
                      "Startup Cost": 364280.91,
                      "Total Cost": 364280.91,
                      "Plan Rows": 143339,
                      "Plan Width": 8,
                      "Actual Startup Time": 756.366,
                      "Actual Total Time": 756.544,
                      "Actual Rows": 302164,
                      "Actual Loops": 6,
                      "Hash Buckets": 2097152,
                      "Original Hash Buckets": 1048576,
                      "Hash Batches": 1,
                      "Original Hash Batches": 1,
                      "Peak Memory Usage": 95616,
                      "Plans": [
                        {
                          "Node Type": "Hash Join",
                          "Parent Relationship": "Outer",
                          "Parallel Aware": true,
                          "Join Type": "Inner",
                          "Startup Cost": 104974.04,
                          "Total Cost": 364280.91,
                          "Plan Rows": 143339,
                          "Plan Width": 8,
                          "Actual Startup Time": 361.459,
                          "Actual Total Time": 610.232,
                          "Actual Rows": 302164,
                          "Actual Loops": 6,
                          "Inner Unique": true,
                          "Hash Cond": "(ci.movie_id = t.id)",
                          "Plans": [
                            {
                              "Node Type": "Bitmap Heap Scan",
                              "Parent Relationship": "Outer",
                              "Parallel Aware": true,
                              "Relation Name": "cast_info",
                              "Alias": "ci",
                              "Startup Cost": 54754.4,
                              "Total Cost": 313685.0,
                              "Plan Rows": 143339,
                              "Plan Width": 4,
                              "Actual Startup Time": 94.524,
                              "Actual Total Time": 178.28,
                              "Actual Rows": 302164,
                              "Actual Loops": 6,
                              "Recheck Cond": "(person_id < 244710)",
                              "Rows Removed by Index Recheck": 0,
                              "Filter": "(role_id = 1)",
                              "Rows Removed by Filter": 119726,
                              "Exact Heap Blocks": 5895,
                              "Lossy Heap Blocks": 0,
                              "Plans": [
                                {
                                  "Node Type": "Bitmap Index Scan",
                                  "Parent Relationship": "Outer",
                                  "Parallel Aware": false,
                                  "Index Name": "person_id_cast_info",
                                  "Startup Cost": 0.0,
                                  "Total Cost": 54539.39,
                                  "Plan Rows": 2497443,
                                  "Plan Width": 0,
                                  "Actual Startup Time": 90.352,
                                  "Actual Total Time": 90.353,
                                  "Actual Rows": 2531340,
                                  "Actual Loops": 1,
                                  "Index Cond": "(person_id < 244710)"
                                }
                              ]
                            },
                            {
                              "Node Type": "Hash",
                              "Parent Relationship": "Inner",
                              "Parallel Aware": true,
                              "Startup Cost": 42318.73,
                              "Total Cost": 42318.73,
                              "Plan Rows": 632073,
                              "Plan Width": 4,
                              "Actual Startup Time": 261.822,
                              "Actual Total Time": 261.823,
                              "Actual Rows": 421385,
                              "Actual Loops": 6,
                              "Hash Buckets": 4194304,
                              "Original Hash Buckets": 4194304,
                              "Hash Batches": 1,
                              "Original Hash Batches": 1,
                              "Peak Memory Usage": 131776,
                              "Plans": [
                                {
                                  "Node Type": "Seq Scan",
                                  "Parent Relationship": "Outer",
                                  "Parallel Aware": true,
                                  "Relation Name": "title",
                                  "Alias": "t",
                                  "Startup Cost": 0.0,
                                  "Total Cost": 42318.73,
                                  "Plan Rows": 632073,
                                  "Plan Width": 4,
                                  "Actual Startup Time": 0.044,
                                  "Actual Total Time": 74.657,
                                  "Actual Rows": 421385,
                                  "Actual Loops": 6
                                }
                              ]
                            }
                          ]
                        }
                      ]
                    }
                  ]
                }
              ]
            }
          ]
        }
      ]
    },
    "Planning Time": 1.356,
    "Triggers": [],
    "Execution Time": 2263.705
  }
]