{
  "Plan": {
    "Node Type": "Aggregate",
    "Strategy": "Plain",
    "Partial Mode": "Finalize",
    "Parallel Aware": false,
    "Startup Cost": 163697.76,
    "Total Cost": 163697.77,
    "Plan Rows": 1,
    "Plan Width": 8,
    "Actual Startup Time": 881.209,
    "Actual Total Time": 967.019,
    "Actual Rows": 1,
    "Actual Loops": 1,
    "Plans": [
      {
        "Node Type": "Gather",
        "Parent Relationship": "Outer",
        "Parallel Aware": false,
        "Startup Cost": 163697.65,
        "Total Cost": 163697.76,
        "Plan Rows": 1,
        "Plan Width": 8,
        "Actual Startup Time": 880.607,
        "Actual Total Time": 967.012,
        "Actual Rows": 2,
        "Actual Loops": 1,
        "Workers Planned": 1,
        "Workers Launched": 1,
        "Single Copy": false,
        "Plans": [
          {
            "Node Type": "Aggregate",
            "Strategy": "Plain",
            "Partial Mode": "Partial",
            "Parent Relationship": "Outer",
            "Parallel Aware": false,
            "Startup Cost": 162697.65,
            "Total Cost": 162697.66,
            "Plan Rows": 1,
            "Plan Width": 8,
            "Actual Startup Time": 874.471,
            "Actual Total Time": 874.475,
            "Actual Rows": 1,
            "Actual Loops": 2,
            "Plans": [
              {
                "Node Type": "Nested Loop",
                "Parent Relationship": "Outer",
                "Parallel Aware": false,
                "Join Type": "Inner",
                "Startup Cost": 55774.4,
                "Total Cost": 162111.71,
                "Plan Rows": 234378,
                "Plan Width": 0,
                "Actual Startup Time": 190.076,
                "Actual Total Time": 854.876,
                "Actual Rows": 313484,
                "Actual Loops": 2,
                "Inner Unique": false,
                "Join Filter": "(t.id = ci.movie_id)",
                "Rows Removed by Join Filter": 0,
                "Plans": [
                  {
                    "Node Type": "Hash Join",
                    "Parent Relationship": "Outer",
                    "Parallel Aware": true,
                    "Join Type": "Inner",
                    "Startup Cost": 55773.84,
                    "Total Cost": 74567.6,
                    "Plan Rows": 17282,
                    "Plan Width": 8,
                    "Actual Startup Time": 189.958,
                    "Actual Total Time": 308.13,
                    "Actual Rows": 10342,
                    "Actual Loops": 2,
                    "Inner Unique": true,
                    "Hash Cond": "(mi_idx.movie_id = t.id)",
                    "Plans": [
                      {
                        "Node Type": "Seq Scan",
                        "Parent Relationship": "Outer",
                        "Parallel Aware": true,
                        "Relation Name": "movie_info_idx",
                        "Alias": "mi_idx",
                        "Startup Cost": 0.0,
                        "Total Cost": 18082.32,
                        "Plan Rows": 271028,
                        "Plan Width": 4,
                        "Actual Startup Time": 0.024,
                        "Actual Total Time": 57.096,
                        "Actual Rows": 229962,
                        "Actual Loops": 2,
                        "Filter": "(info_type_id = 101)",
                        "Rows Removed by Filter": 460055
                      },
                      {
                        "Node Type": "Hash",
                        "Parent Relationship": "Inner",
                        "Parallel Aware": true,
                        "Startup Cost": 54588.39,
                        "Total Cost": 54588.39,
                        "Plan Rows": 94836,
                        "Plan Width": 4,
                        "Actual Startup Time": 186.19,
                        "Actual Total Time": 186.191,
                        "Actual Rows": 80008,
                        "Actual Loops": 2,
                        "Hash Buckets": 262144,
                        "Original Hash Buckets": 262144,
                        "Hash Batches": 1,
                        "Original Hash Batches": 1,
                        "Peak Memory Usage": 8352,
                        "Plans": [
                          {
                            "Node Type": "Seq Scan",
                            "Parent Relationship": "Outer",
                            "Parallel Aware": true,
                            "Relation Name": "title",
                            "Alias": "t",
                            "Startup Cost": 0.0,
                            "Total Cost": 54588.39,
                            "Plan Rows": 94836,
                            "Plan Width": 4,
                            "Actual Startup Time": 0.026,
                            "Actual Total Time": 157.805,
                            "Actual Rows": 80008,
                            "Actual Loops": 2,
                            "Filter": "(production_year = 2011)",
                            "Rows Removed by Filter": 1184148
                          }
                        ]
                      }
                    ]
                  },
                  {
                    "Node Type": "Index Scan",
                    "Parent Relationship": "Inner",
                    "Parallel Aware": false,
                    "Scan Direction": "Forward",
                    "Index Name": "movie_id_cast_info",
                    "Relation Name": "cast_info",
                    "Alias": "ci",
                    "Startup Cost": 0.56,
                    "Total Cost": 4.63,
                    "Plan Rows": 35,
                    "Plan Width": 4,
                    "Actual Startup Time": 0.007,
                    "Actual Total Time": 0.049,
                    "Actual Rows": 30,
                    "Actual Loops": 20683,
                    "Index Cond": "(movie_id = mi_idx.movie_id)",
                    "Rows Removed by Index Recheck": 0,
                    "Filter": "(person_id < 3693002)",
                    "Rows Removed by Filter": 3
                  }
                ]
              }
            ]
          }
        ]
      }
    ]
  },
  "Planning Time": 0.957,
  "Triggers": [],
  "Execution Time": 967.124
}