[
  {
    "Plan": {
      "Node Type": "Aggregate",
      "Strategy": "Plain",
      "Partial Mode": "Simple",
      "Parallel Aware": false,
      "Startup Cost": 26645.49,
      "Total Cost": 26645.5,
      "Plan Rows": 1,
      "Plan Width": 8,
      "Actual Startup Time": 59.597,
      "Actual Total Time": 59.598,
      "Actual Rows": 1,
      "Actual Loops": 1,
      "Plans": [
        {
          "Node Type": "Bitmap Heap Scan",
          "Parent Relationship": "Outer",
          "Parallel Aware": false,
          "Relation Name": "movie_keyword",
          "Alias": "mk",
          "Startup Cost": 1284.86,
          "Total Cost": 26494.38,
          "Plan Rows": 60442,
          "Plan Width": 0,
          "Actual Startup Time": 21.085,
          "Actual Total Time": 55.33,
          "Actual Rows": 59189,
          "Actual Loops": 1,
          "Recheck Cond": "(keyword_id > 95510)",
          "Rows Removed by Index Recheck": 0,
          "Exact Heap Blocks": 13569,
          "Lossy Heap Blocks": 0,
          "Plans": [
            {
              "Node Type": "Bitmap Index Scan",
              "Parent Relationship": "Outer",
              "Parallel Aware": false,
              "Index Name": "keyword_id_movie_keyword",
              "Startup Cost": 0.0,
              "Total Cost": 1269.75,
              "Plan Rows": 60442,
              "Plan Width": 0,
              "Actual Startup Time": 16.315,
              "Actual Total Time": 16.315,
              "Actual Rows": 59189,
              "Actual Loops": 1,
              "Index Cond": "(keyword_id > 95510)"
            }
          ]
        }
      ]
    },
    "Planning Time": 0.246,
    "Triggers": [],
    "Execution Time": 59.749
  }
]