[
  {
    "Plan": {
      "Node Type": "Aggregate",
      "Strategy": "Plain",
      "Partial Mode": "Finalize",
      "Parallel Aware": false,
      "Startup Cost": 78482.39,
      "Total Cost": 78482.4,
      "Plan Rows": 1,
      "Plan Width": 8,
      "Actual Startup Time": 177.9,
      "Actual Total Time": 193.957,
      "Actual Rows": 1,
      "Actual Loops": 1,
      "Plans": [
        {
          "Node Type": "Gather",
          "Parent Relationship": "Outer",
          "Parallel Aware": false,
          "Startup Cost": 78482.07,
          "Total Cost": 78482.38,
          "Plan Rows": 3,
          "Plan Width": 8,
          "Actual Startup Time": 177.616,
          "Actual Total Time": 193.949,
          "Actual Rows": 4,
          "Actual Loops": 1,
          "Workers Planned": 3,
          "Workers Launched": 3,
          "Single Copy": false,
          "Plans": [
            {
              "Node Type": "Aggregate",
              "Strategy": "Plain",
              "Partial Mode": "Partial",
              "Parent Relationship": "Outer",
              "Parallel Aware": false,
              "Startup Cost": 77482.07,
              "Total Cost": 77482.08,
              "Plan Rows": 1,
              "Plan Width": 8,
              "Actual Startup Time": 168.545,
              "Actual Total Time": 168.549,
              "Actual Rows": 1,
              "Actual Loops": 4,
              "Plans": [
                {
                  "Node Type": "Hash Join",
                  "Parent Relationship": "Outer",
                  "Parallel Aware": true,
                  "Join Type": "Inner",
                  "Startup Cost": 45632.05,
                  "Total Cost": 77474.19,
                  "Plan Rows": 3151,
                  "Plan Width": 0,
                  "Actual Startup Time": 111.604,
                  "Actual Total Time": 168.421,
                  "Actual Rows": 1792,
                  "Actual Loops": 4,
                  "Inner Unique": true,
                  "Hash Cond": "(mc.movie_id = t.id)",
                  "Plans": [
                    {
                      "Node Type": "Seq Scan",
                      "Parent Relationship": "Outer",
                      "Parallel Aware": true,
                      "Relation Name": "movie_companies",
                      "Alias": "mc",
                      "Startup Cost": 0.0,
                      "Total Cost": 31414.82,
                      "Plan Rows": 162790,
                      "Plan Width": 4,
                      "Actual Startup Time": 10.085,
                      "Actual Total Time": 59.856,
                      "Actual Rows": 51169,
                      "Actual Loops": 4,
                      "Filter": "((company_id > 15338) AND (company_type_id = 1))",
                      "Rows Removed by Filter": 601113
                    },
                    {
                      "Node Type": "Hash",
                      "Parent Relationship": "Inner",
                      "Parallel Aware": true,
                      "Startup Cost": 45479.1,
                      "Total Cost": 45479.1,
                      "Plan Rows": 12236,
                      "Plan Width": 4,
                      "Actual Startup Time": 100.217,
                      "Actual Total Time": 100.218,
                      "Actual Rows": 10225,
                      "Actual Loops": 4,
                      "Hash Buckets": 65536,
                      "Original Hash Buckets": 65536,
                      "Hash Batches": 1,
                      "Original Hash Batches": 1,
                      "Peak Memory Usage": 2176,
                      "Plans": [
                        {
                          "Node Type": "Seq Scan",
                          "Parent Relationship": "Outer",
                          "Parallel Aware": true,
                          "Relation Name": "title",
                          "Alias": "t",
                          "Startup Cost": 0.0,
                          "Total Cost": 45479.1,
                          "Plan Rows": 12236,
                          "Plan Width": 4,
                          "Actual Startup Time": 0.177,
                          "Actual Total Time": 96.029,
                          "Actual Rows": 10225,
                          "Actual Loops": 4,
                          "Filter": "((kind_id < 4) AND (production_year = 2010))",
                          "Rows Removed by Filter": 621853
                        }
                      ]
                    }
                  ]
                }
              ]
            }
          ]
        }
      ]
    },
    "Planning Time": 0.66,
    "Triggers": [],
    "Execution Time": 194.028
  }
]