[
    {
        "Bao": {
            "Bao prediction": 478.043,
            "Bao recommended hint": "SET enable_mergejoin TO off; "
        }
    },
    {
        "Plan": {
            "Node Type": "Aggregate",
            "Strategy": "Plain",
            "Partial Mode": "Finalize",
            "Parallel Aware": false,
            "Startup Cost": 31565.46,
            "Total Cost": 31565.47,
            "Plan Rows": 1,
            "Plan Width": 8,
            "Actual Startup Time": 137.849,
            "Actual Total Time": 145.744,
            "Actual Rows": 1,
            "Actual Loops": 1,
            "Output": [
                "count(*)"
            ],
            "Plans": [
                {
                    "Node Type": "Gather",
                    "Parent Relationship": "Outer",
                    "Parallel Aware": false,
                    "Startup Cost": 31565.14,
                    "Total Cost": 31565.45,
                    "Plan Rows": 3,
                    "Plan Width": 8,
                    "Actual Startup Time": 137.773,
                    "Actual Total Time": 145.736,
                    "Actual Rows": 4,
                    "Actual Loops": 1,
                    "Output": [
                        "(PARTIAL count(*))"
                    ],
                    "Workers Planned": 3,
                    "Workers Launched": 3,
                    "Single Copy": false,
                    "Plans": [
                        {
                            "Node Type": "Aggregate",
                            "Strategy": "Plain",
                            "Partial Mode": "Partial",
                            "Parent Relationship": "Outer",
                            "Parallel Aware": false,
                            "Startup Cost": 30565.14,
                            "Total Cost": 30565.15,
                            "Plan Rows": 1,
                            "Plan Width": 8,
                            "Actual Startup Time": 129.69,
                            "Actual Total Time": 129.691,
                            "Actual Rows": 1,
                            "Actual Loops": 4,
                            "Output": [
                                "PARTIAL count(*)"
                            ],
                            "Workers": [
                                {
                                    "Worker Number": 0,
                                    "Actual Startup Time": 127.043,
                                    "Actual Total Time": 127.044,
                                    "Actual Rows": 1,
                                    "Actual Loops": 1
                                },
                                {
                                    "Worker Number": 1,
                                    "Actual Startup Time": 127.024,
                                    "Actual Total Time": 127.025,
                                    "Actual Rows": 1,
                                    "Actual Loops": 1
                                },
                                {
                                    "Worker Number": 2,
                                    "Actual Startup Time": 127.542,
                                    "Actual Total Time": 127.543,
                                    "Actual Rows": 1,
                                    "Actual Loops": 1
                                }
                            ],
                            "Plans": [
                                {
                                    "Node Type": "Seq Scan",
                                    "Parent Relationship": "Outer",
                                    "Parallel Aware": true,
                                    "Relation Name": "movie_companies",
                                    "Schema": "public",
                                    "Alias": "mc",
                                    "Startup Cost": 0.0,
                                    "Total Cost": 29310.68,
                                    "Plan Rows": 501783,
                                    "Plan Width": 0,
                                    "Actual Startup Time": 9.784,
                                    "Actual Total Time": 103.766,
                                    "Actual Rows": 389312,
                                    "Actual Loops": 4,
                                    "Output": [
                                        "id",
                                        "movie_id",
                                        "company_id",
                                        "company_type_id",
                                        "note"
                                    ],
                                    "Filter": "(mc.company_id > 6158)",
                                    "Rows Removed by Filter": 262970,
                                    "Workers": [
                                        {
                                            "Worker Number": 0,
                                            "Actual Startup Time": 7.127,
                                            "Actual Total Time": 101.486,
                                            "Actual Rows": 372165,
                                            "Actual Loops": 1
                                        },
                                        {
                                            "Worker Number": 1,
                                            "Actual Startup Time": 7.14,
                                            "Actual Total Time": 101.395,
                                            "Actual Rows": 372440,
                                            "Actual Loops": 1
                                        },
                                        {
                                            "Worker Number": 2,
                                            "Actual Startup Time": 7.636,
                                            "Actual Total Time": 102.42,
                                            "Actual Rows": 363164,
                                            "Actual Loops": 1
                                        }
                                    ]
                                }
                            ]
                        }
                    ]
                }
            ]
        },
        "Planning Time": 2023.211,
        "Triggers": [],
        "Execution Time": 145.835
    }
]