[
  {
    "Plan": {
      "Node Type": "Aggregate",
      "Strategy": "Plain",
      "Partial Mode": "Finalize",
      "Parallel Aware": false,
      "Startup Cost": 68440.14,
      "Total Cost": 68440.15,
      "Plan Rows": 1,
      "Plan Width": 8,
      "Actual Startup Time": 176.223,
      "Actual Total Time": 186.854,
      "Actual Rows": 1,
      "Actual Loops": 1,
      "Plans": [
        {
          "Node Type": "Gather",
          "Parent Relationship": "Outer",
          "Parallel Aware": false,
          "Startup Cost": 68439.72,
          "Total Cost": 68440.13,
          "Plan Rows": 4,
          "Plan Width": 8,
          "Actual Startup Time": 175.509,
          "Actual Total Time": 186.845,
          "Actual Rows": 5,
          "Actual Loops": 1,
          "Workers Planned": 4,
          "Workers Launched": 4,
          "Single Copy": false,
          "Plans": [
            {
              "Node Type": "Aggregate",
              "Strategy": "Plain",
              "Partial Mode": "Partial",
              "Parent Relationship": "Outer",
              "Parallel Aware": false,
              "Startup Cost": 67439.72,
              "Total Cost": 67439.73,
              "Plan Rows": 1,
              "Plan Width": 8,
              "Actual Startup Time": 166.337,
              "Actual Total Time": 166.34,
              "Actual Rows": 1,
              "Actual Loops": 5,
              "Plans": [
                {
                  "Node Type": "Hash Join",
                  "Parent Relationship": "Outer",
                  "Parallel Aware": true,
                  "Join Type": "Inner",
                  "Startup Cost": 22302.69,
                  "Total Cost": 67424.79,
                  "Plan Rows": 5972,
                  "Plan Width": 0,
                  "Actual Startup Time": 129.548,
                  "Actual Total Time": 165.798,
                  "Actual Rows": 8435,
                  "Actual Loops": 5,
                  "Inner Unique": false,
                  "Hash Cond": "(t.id = mc.movie_id)",
                  "Plans": [
                    {
                      "Node Type": "Seq Scan",
                      "Parent Relationship": "Outer",
                      "Parallel Aware": true,
                      "Relation Name": "title",
                      "Alias": "t",
                      "Startup Cost": 0.0,
                      "Total Cost": 43898.92,
                      "Plan Rows": 240785,
                      "Plan Width": 4,
                      "Actual Startup Time": 0.014,
                      "Actual Total Time": 80.922,
                      "Actual Rows": 194238,
                      "Actual Loops": 5,
                      "Filter": "(production_year < 1999)",
                      "Rows Removed by Filter": 311425
                    },
                    {
                      "Node Type": "Hash",
                      "Parent Relationship": "Inner",
                      "Parallel Aware": true,
                      "Startup Cost": 22049.86,
                      "Total Cost": 22049.86,
                      "Plan Rows": 20226,
                      "Plan Width": 4,
                      "Actual Startup Time": 46.429,
                      "Actual Total Time": 46.431,
                      "Actual Rows": 23779,
                      "Actual Loops": 5,
                      "Hash Buckets": 131072,
                      "Original Hash Buckets": 65536,
                      "Hash Batches": 1,
                      "Original Hash Batches": 1,
                      "Peak Memory Usage": 6272,
                      "Plans": [
                        {
                          "Node Type": "Bitmap Heap Scan",
                          "Parent Relationship": "Outer",
                          "Parallel Aware": true,
                          "Relation Name": "movie_companies",
                          "Alias": "mc",
                          "Startup Cost": 2662.31,
                          "Total Cost": 22049.86,
                          "Plan Rows": 20226,
                          "Plan Width": 4,
                          "Actual Startup Time": 10.445,
                          "Actual Total Time": 31.358,
                          "Actual Rows": 23779,
                          "Actual Loops": 5,
                          "Recheck Cond": "(company_id > 146942)",
                          "Rows Removed by Index Recheck": 0,
                          "Filter": "(company_type_id > 1)",
                          "Rows Removed by Filter": 0,
                          "Exact Heap Blocks": 1174,
                          "Lossy Heap Blocks": 0,
                          "Plans": [
                            {
                              "Node Type": "Bitmap Index Scan",
                              "Parent Relationship": "Outer",
                              "Parallel Aware": false,
                              "Index Name": "company_id_movie_companies",
                              "Startup Cost": 0.0,
                              "Total Cost": 2646.63,
                              "Plan Rows": 123494,
                              "Plan Width": 0,
                              "Actual Startup Time": 13.826,
                              "Actual Total Time": 13.826,
                              "Actual Rows": 118894,
                              "Actual Loops": 1,
                              "Index Cond": "(company_id > 146942)"
                            }
                          ]
                        }
                      ]
                    }
                  ]
                }
              ]
            }
          ]
        }
      ]
    },
    "Planning Time": 0.651,
    "Triggers": [],
    "Execution Time": 186.95
  }
]