[
  {
    "Plan": {
      "Node Type": "Aggregate",
      "Strategy": "Plain",
      "Partial Mode": "Finalize",
      "Parallel Aware": false,
      "Startup Cost": 39185.93,
      "Total Cost": 39185.94,
      "Plan Rows": 1,
      "Plan Width": 8,
      "Actual Startup Time": 148.569,
      "Actual Total Time": 155.083,
      "Actual Rows": 1,
      "Actual Loops": 1,
      "Plans": [
        {
          "Node Type": "Gather",
          "Parent Relationship": "Outer",
          "Parallel Aware": false,
          "Startup Cost": 39185.61,
          "Total Cost": 39185.92,
          "Plan Rows": 3,
          "Plan Width": 8,
          "Actual Startup Time": 148.355,
          "Actual Total Time": 155.071,
          "Actual Rows": 4,
          "Actual Loops": 1,
          "Workers Planned": 3,
          "Workers Launched": 3,
          "Single Copy": false,
          "Plans": [
            {
              "Node Type": "Aggregate",
              "Strategy": "Plain",
              "Partial Mode": "Partial",
              "Parent Relationship": "Outer",
              "Parallel Aware": false,
              "Startup Cost": 38185.61,
              "Total Cost": 38185.62,
              "Plan Rows": 1,
              "Plan Width": 8,
              "Actual Startup Time": 140.43,
              "Actual Total Time": 140.432,
              "Actual Rows": 1,
              "Actual Loops": 4,
              "Plans": [
                {
                  "Node Type": "Bitmap Heap Scan",
                  "Parent Relationship": "Outer",
                  "Parallel Aware": true,
                  "Relation Name": "movie_keyword",
                  "Alias": "mk",
                  "Startup Cost": 11181.26,
                  "Total Cost": 37760.55,
                  "Plan Rows": 170024,
                  "Plan Width": 0,
                  "Actual Startup Time": 55.343,
                  "Actual Total Time": 132.205,
                  "Actual Rows": 128046,
                  "Actual Loops": 4,
                  "Recheck Cond": "(keyword_id > 35382)",
                  "Rows Removed by Index Recheck": 0,
                  "Exact Heap Blocks": 7027,
                  "Lossy Heap Blocks": 0,
                  "Plans": [
                    {
                      "Node Type": "Bitmap Index Scan",
                      "Parent Relationship": "Outer",
                      "Parallel Aware": false,
                      "Index Name": "keyword_id_movie_keyword",
                      "Startup Cost": 0.0,
                      "Total Cost": 11049.49,
                      "Plan Rows": 527074,
                      "Plan Width": 0,
                      "Actual Startup Time": 56.78,
                      "Actual Total Time": 56.781,
                      "Actual Rows": 512183,
                      "Actual Loops": 1,
                      "Index Cond": "(keyword_id > 35382)"
                    }
                  ]
                }
              ]
            }
          ]
        }
      ]
    },
    "Planning Time": 0.206,
    "Triggers": [],
    "Execution Time": 155.193
  }
]