[
  {
    "Plan": {
      "Node Type": "Aggregate",
      "Strategy": "Plain",
      "Partial Mode": "Finalize",
      "Parallel Aware": false,
      "Startup Cost": 46487.52,
      "Total Cost": 46487.53,
      "Plan Rows": 1,
      "Plan Width": 8,
      "Actual Startup Time": 84.69,
      "Actual Total Time": 96.496,
      "Actual Rows": 1,
      "Actual Loops": 1,
      "Plans": [
        {
          "Node Type": "Gather",
          "Parent Relationship": "Outer",
          "Parallel Aware": false,
          "Startup Cost": 46487.1,
          "Total Cost": 46487.51,
          "Plan Rows": 4,
          "Plan Width": 8,
          "Actual Startup Time": 84.518,
          "Actual Total Time": 96.48,
          "Actual Rows": 5,
          "Actual Loops": 1,
          "Workers Planned": 4,
          "Workers Launched": 4,
          "Single Copy": false,
          "Plans": [
            {
              "Node Type": "Aggregate",
              "Strategy": "Plain",
              "Partial Mode": "Partial",
              "Parent Relationship": "Outer",
              "Parallel Aware": false,
              "Startup Cost": 45487.1,
              "Total Cost": 45487.11,
              "Plan Rows": 1,
              "Plan Width": 8,
              "Actual Startup Time": 78.6,
              "Actual Total Time": 78.602,
              "Actual Rows": 1,
              "Actual Loops": 5,
              "Plans": [
                {
                  "Node Type": "Seq Scan",
                  "Parent Relationship": "Outer",
                  "Parallel Aware": true,
                  "Relation Name": "title",
                  "Alias": "t",
                  "Startup Cost": 0.0,
                  "Total Cost": 45479.59,
                  "Plan Rows": 3005,
                  "Plan Width": 0,
                  "Actual Startup Time": 0.091,
                  "Actual Total Time": 78.368,
                  "Actual Rows": 2029,
                  "Actual Loops": 5,
                  "Filter": "((kind_id > 1) AND (production_year = 1978))",
                  "Rows Removed by Filter": 503633
                }
              ]
            }
          ]
        }
      ]
    },
    "Planning Time": 0.079,
    "Triggers": [],
    "Execution Time": 96.524
  }
]