[
  {
    "Plan": {
      "Node Type": "Aggregate",
      "Strategy": "Plain",
      "Partial Mode": "Finalize",
      "Parallel Aware": false,
      "Startup Cost": 339386.93,
      "Total Cost": 339386.94,
      "Plan Rows": 1,
      "Plan Width": 8,
      "Actual Startup Time": 807.277,
      "Actual Total Time": 863.751,
      "Actual Rows": 1,
      "Actual Loops": 1,
      "Plans": [
        {
          "Node Type": "Gather",
          "Parent Relationship": "Outer",
          "Parallel Aware": false,
          "Startup Cost": 339386.31,
          "Total Cost": 339386.92,
          "Plan Rows": 6,
          "Plan Width": 8,
          "Actual Startup Time": 807.133,
          "Actual Total Time": 863.737,
          "Actual Rows": 7,
          "Actual Loops": 1,
          "Workers Planned": 6,
          "Workers Launched": 6,
          "Single Copy": false,
          "Plans": [
            {
              "Node Type": "Aggregate",
              "Strategy": "Plain",
              "Partial Mode": "Partial",
              "Parent Relationship": "Outer",
              "Parallel Aware": false,
              "Startup Cost": 338386.31,
              "Total Cost": 338386.32,
              "Plan Rows": 1,
              "Plan Width": 8,
              "Actual Startup Time": 798.692,
              "Actual Total Time": 798.693,
              "Actual Rows": 1,
              "Actual Loops": 7,
              "Plans": [
                {
                  "Node Type": "Seq Scan",
                  "Parent Relationship": "Outer",
                  "Parallel Aware": true,
                  "Relation Name": "cast_info",
                  "Alias": "ci",
                  "Startup Cost": 0.0,
                  "Total Cost": 328162.03,
                  "Plan Rows": 4089712,
                  "Plan Width": 0,
                  "Actual Startup Time": 0.054,
                  "Actual Total Time": 638.061,
                  "Actual Rows": 3516999,
                  "Actual Loops": 7,
                  "Filter": "(person_id < 2531661)",
                  "Rows Removed by Filter": 1660765
                }
              ]
            }
          ]
        }
      ]
    },
    "Planning Time": 0.204,
    "Triggers": [],
    "Execution Time": 863.828
  }
]