[
  {
    "Plan": {
      "Node Type": "Aggregate",
      "Strategy": "Plain",
      "Partial Mode": "Simple",
      "Parallel Aware": false,
      "Startup Cost": 10385.03,
      "Total Cost": 10385.04,
      "Plan Rows": 1,
      "Plan Width": 128,
      "Actual Startup Time": 296.023,
      "Actual Total Time": 296.116,
      "Actual Rows": 1,
      "Actual Loops": 1,
      "Plans": [
        {
          "Node Type": "Nested Loop",
          "Parent Relationship": "Outer",
          "Parallel Aware": false,
          "Join Type": "Inner",
          "Startup Cost": 1003.86,
          "Total Cost": 10385.02,
          "Plan Rows": 1,
          "Plan Width": 81,
          "Actual Startup Time": 9.153,
          "Actual Total Time": 295.669,
          "Actual Rows": 1639,
          "Actual Loops": 1,
          "Inner Unique": true,
          "Plans": [
            {
              "Node Type": "Nested Loop",
              "Parent Relationship": "Outer",
              "Parallel Aware": false,
              "Join Type": "Inner",
              "Startup Cost": 1003.43,
              "Total Cost": 10384.34,
              "Plan Rows": 1,
              "Plan Width": 70,
              "Actual Startup Time": 9.082,
              "Actual Total Time": 288.553,
              "Actual Rows": 1639,
              "Actual Loops": 1,
              "Inner Unique": false,
              "Join Filter": "(t.id = ci.movie_id)",
              "Rows Removed by Join Filter": 0,
              "Plans": [
                {
                  "Node Type": "Gather",
                  "Parent Relationship": "Outer",
                  "Parallel Aware": false,
                  "Startup Cost": 1002.86,
                  "Total Cost": 10382.61,
                  "Plan Rows": 1,
                  "Plan Width": 86,
                  "Actual Startup Time": 5.583,
                  "Actual Total Time": 90.289,
                  "Actual Rows": 1629,
                  "Actual Loops": 1,
                  "Workers Planned": 1,
                  "Workers Launched": 1,
                  "Single Copy": false,
                  "Plans": [
                    {
                      "Node Type": "Nested Loop",
                      "Parent Relationship": "Outer",
                      "Parallel Aware": false,
                      "Join Type": "Inner",
                      "Startup Cost": 2.86,
                      "Total Cost": 9382.51,
                      "Plan Rows": 1,
                      "Plan Width": 86,
                      "Actual Startup Time": 6.832,
                      "Actual Total Time": 168.894,
                      "Actual Rows": 814,
                      "Actual Loops": 2,
                      "Inner Unique": true,
                      "Plans": [
                        {
                          "Node Type": "Nested Loop",
                          "Parent Relationship": "Outer",
                          "Parallel Aware": false,
                          "Join Type": "Inner",
                          "Startup Cost": 2.44,
                          "Total Cost": 9379.37,
                          "Plan Rows": 7,
                          "Plan Width": 90,
                          "Actual Startup Time": 2.667,
                          "Actual Total Time": 105.48,
                          "Actual Rows": 30658,
                          "Actual Loops": 2,
                          "Inner Unique": false,
                          "Plans": [
                            {
                              "Node Type": "Nested Loop",
                              "Parent Relationship": "Outer",
                              "Parallel Aware": false,
                              "Join Type": "Inner",
                              "Startup Cost": 2.01,
                              "Total Cost": 9377.6,
                              "Plan Rows": 1,
                              "Plan Width": 82,
                              "Actual Startup Time": 2.522,
                              "Actual Total Time": 92.813,
                              "Actual Rows": 386,
                              "Actual Loops": 2,
                              "Inner Unique": true,
                              "Join Filter": "(mi.movie_id = t.id)",
                              "Rows Removed by Join Filter": 0,
                              "Plans": [
                                {
                                  "Node Type": "Nested Loop",
                                  "Parent Relationship": "Outer",
                                  "Parallel Aware": false,
                                  "Join Type": "Inner",
                                  "Startup Cost": 1.58,
                                  "Total Cost": 9377.07,
                                  "Plan Rows": 1,
                                  "Plan Width": 61,
                                  "Actual Startup Time": 2.413,
                                  "Actual Total Time": 88.068,
                                  "Actual Rows": 386,
                                  "Actual Loops": 2,
                                  "Inner Unique": true,
                                  "Plans": [
                                    {
                                      "Node Type": "Nested Loop",
                                      "Parent Relationship": "Outer",
                                      "Parallel Aware": false,
                                      "Join Type": "Inner",
                                      "Startup Cost": 1.44,
                                      "Total Cost": 9376.89,
                                      "Plan Rows": 1,
                                      "Plan Width": 65,
                                      "Actual Startup Time": 2.394,
                                      "Actual Total Time": 87.396,
                                      "Actual Rows": 398,
                                      "Actual Loops": 2,
                                      "Inner Unique": false,
                                      "Join Filter": "(mi_idx.movie_id = mi.movie_id)",
                                      "Rows Removed by Join Filter": 0,
                                      "Plans": [
                                        {
                                          "Node Type": "Nested Loop",
                                          "Parent Relationship": "Outer",
                                          "Parallel Aware": false,
                                          "Join Type": "Inner",
                                          "Startup Cost": 1.0,
                                          "Total Cost": 9369.87,
                                          "Plan Rows": 4,
                                          "Plan Width": 14,
                                          "Actual Startup Time": 1.7,
                                          "Actual Total Time": 34.722,
                                          "Actual Rows": 724,
                                          "Actual Loops": 2,
                                          "Inner Unique": true,
                                          "Plans": [
                                            {
                                              "Node Type": "Nested Loop",
                                              "Parent Relationship": "Outer",
                                              "Parallel Aware": false,
                                              "Join Type": "Inner",
                                              "Startup Cost": 0.86,
                                              "Total Cost": 9299.47,
                                              "Plan Rows": 433,
                                              "Plan Width": 18,
                                              "Actual Startup Time": 1.625,
                                              "Actual Total Time": 32.082,
                                              "Actual Rows": 2185,
                                              "Actual Loops": 2,
                                              "Inner Unique": false,
                                              "Plans": [
                                                {
                                                  "Node Type": "Nested Loop",
                                                  "Parent Relationship": "Outer",
                                                  "Parallel Aware": false,
                                                  "Join Type": "Inner",
                                                  "Startup Cost": 0.43,
                                                  "Total Cost": 9219.71,
                                                  "Plan Rows": 150,
                                                  "Plan Width": 4,
                                                  "Actual Startup Time": 1.402,
                                                  "Actual Total Time": 23.361,
                                                  "Actual Rows": 907,
                                                  "Actual Loops": 2,
                                                  "Inner Unique": false,
                                                  "Plans": [
                                                    {
                                                      "Node Type": "Seq Scan",
                                                      "Parent Relationship": "Outer",
                                                      "Parallel Aware": true,
                                                      "Relation Name": "company_name",
                                                      "Alias": "cn",
                                                      "Startup Cost": 0.0,
                                                      "Total Cost": 4722.92,
                                                      "Plan Rows": 14,
                                                      "Plan Width": 4,
                                                      "Actual Startup Time": 1.235,
                                                      "Actual Total Time": 18.286,
                                                      "Actual Rows": 5,
                                                      "Actual Loops": 2,
                                                      "Filter": "(name ~~ 'Lionsgate%'::text)",
                                                      "Rows Removed by Filter": 117494
                                                    },
                                                    {
                                                      "Node Type": "Index Scan",
                                                      "Parent Relationship": "Inner",
                                                      "Parallel Aware": false,
                                                      "Scan Direction": "Forward",
                                                      "Index Name": "company_id_movie_companies",
                                                      "Relation Name": "movie_companies",
                                                      "Alias": "mc",
                                                      "Startup Cost": 0.43,
                                                      "Total Cost": 319.89,
                                                      "Plan Rows": 131,
                                                      "Plan Width": 8,
                                                      "Actual Startup Time": 0.054,
                                                      "Actual Total Time": 0.976,
                                                      "Actual Rows": 181,
                                                      "Actual Loops": 10,
                                                      "Index Cond": "(company_id = cn.id)",
                                                      "Rows Removed by Index Recheck": 0
                                                    }
                                                  ]
                                                },
                                                {
                                                  "Node Type": "Index Scan",
                                                  "Parent Relationship": "Inner",
                                                  "Parallel Aware": false,
                                                  "Scan Direction": "Forward",
                                                  "Index Name": "movie_id_movie_info_idx",
                                                  "Relation Name": "movie_info_idx",
                                                  "Alias": "mi_idx",
                                                  "Startup Cost": 0.43,
                                                  "Total Cost": 0.5,
                                                  "Plan Rows": 3,
                                                  "Plan Width": 14,
                                                  "Actual Startup Time": 0.008,
                                                  "Actual Total Time": 0.009,
                                                  "Actual Rows": 2,
                                                  "Actual Loops": 1814,
                                                  "Index Cond": "(movie_id = mc.movie_id)",
                                                  "Rows Removed by Index Recheck": 0
                                                }
                                              ]
                                            },
                                            {
                                              "Node Type": "Index Scan",
                                              "Parent Relationship": "Inner",
                                              "Parallel Aware": false,
                                              "Scan Direction": "Forward",
                                              "Index Name": "info_type_pkey",
                                              "Relation Name": "info_type",
                                              "Alias": "it2",
                                              "Startup Cost": 0.14,
                                              "Total Cost": 0.16,
                                              "Plan Rows": 1,
                                              "Plan Width": 4,
                                              "Actual Startup Time": 0.001,
                                              "Actual Total Time": 0.001,
                                              "Actual Rows": 0,
                                              "Actual Loops": 4370,
                                              "Index Cond": "(id = mi_idx.info_type_id)",
                                              "Rows Removed by Index Recheck": 0,
                                              "Filter": "((info)::text = 'votes'::text)",
                                              "Rows Removed by Filter": 1
                                            }
                                          ]
                                        },
                                        {
                                          "Node Type": "Index Scan",
                                          "Parent Relationship": "Inner",
                                          "Parallel Aware": false,
                                          "Scan Direction": "Forward",
                                          "Index Name": "movie_id_movie_info",
                                          "Relation Name": "movie_info",
                                          "Alias": "mi",
                                          "Startup Cost": 0.43,
                                          "Total Cost": 1.74,
                                          "Plan Rows": 1,
                                          "Plan Width": 51,
                                          "Actual Startup Time": 0.072,
                                          "Actual Total Time": 0.072,
                                          "Actual Rows": 1,
                                          "Actual Loops": 1449,
                                          "Index Cond": "(movie_id = mc.movie_id)",
                                          "Rows Removed by Index Recheck": 0,
                                          "Filter": "(info = ANY ('{Family,War,Thriller,Western,Horror,Horror}'::text[]))",
                                          "Rows Removed by Filter": 75
                                        }
                                      ]
                                    },
                                    {
                                      "Node Type": "Index Scan",
                                      "Parent Relationship": "Inner",
                                      "Parallel Aware": false,
                                      "Scan Direction": "Forward",
                                      "Index Name": "info_type_pkey",
                                      "Relation Name": "info_type",
                                      "Alias": "it1",
                                      "Startup Cost": 0.14,
                                      "Total Cost": 0.16,
                                      "Plan Rows": 1,
                                      "Plan Width": 4,
                                      "Actual Startup Time": 0.001,
                                      "Actual Total Time": 0.001,
                                      "Actual Rows": 1,
                                      "Actual Loops": 795,
                                      "Index Cond": "(id = mi.info_type_id)",
                                      "Rows Removed by Index Recheck": 0,
                                      "Filter": "((info)::text = 'genres'::text)",
                                      "Rows Removed by Filter": 0
                                    }
                                  ]
                                },
                                {
                                  "Node Type": "Index Scan",
                                  "Parent Relationship": "Inner",
                                  "Parallel Aware": false,
                                  "Scan Direction": "Forward",
                                  "Index Name": "title_pkey",
                                  "Relation Name": "title",
                                  "Alias": "t",
                                  "Startup Cost": 0.43,
                                  "Total Cost": 0.52,
                                  "Plan Rows": 1,
                                  "Plan Width": 21,
                                  "Actual Startup Time": 0.012,
                                  "Actual Total Time": 0.012,
                                  "Actual Rows": 1,
                                  "Actual Loops": 773,
                                  "Index Cond": "(id = mc.movie_id)",
                                  "Rows Removed by Index Recheck": 0
                                }
                              ]
                            },
                            {
                              "Node Type": "Index Scan",
                              "Parent Relationship": "Inner",
                              "Parallel Aware": false,
                              "Scan Direction": "Forward",
                              "Index Name": "movie_id_movie_keyword",
                              "Relation Name": "movie_keyword",
                              "Alias": "mk",
                              "Startup Cost": 0.43,
                              "Total Cost": 1.31,
                              "Plan Rows": 46,
                              "Plan Width": 8,
                              "Actual Startup Time": 0.011,
                              "Actual Total Time": 0.024,
                              "Actual Rows": 79,
                              "Actual Loops": 773,
                              "Index Cond": "(movie_id = t.id)",
                              "Rows Removed by Index Recheck": 0
                            }
                          ]
                        },
                        {
                          "Node Type": "Index Scan",
                          "Parent Relationship": "Inner",
                          "Parallel Aware": false,
                          "Scan Direction": "Forward",
                          "Index Name": "keyword_pkey",
                          "Relation Name": "keyword",
                          "Alias": "k",
                          "Startup Cost": 0.42,
                          "Total Cost": 0.45,
                          "Plan Rows": 1,
                          "Plan Width": 4,
                          "Actual Startup Time": 0.002,
                          "Actual Total Time": 0.002,
                          "Actual Rows": 0,
                          "Actual Loops": 61317,
                          "Index Cond": "(id = mk.keyword_id)",
                          "Rows Removed by Index Recheck": 0,
                          "Filter": "(keyword = ANY ('{murder,violence,blood,gore,death,female-nudity,hospital}'::text[]))",
                          "Rows Removed by Filter": 1
                        }
                      ]
                    }
                  ]
                },
                {
                  "Node Type": "Index Scan",
                  "Parent Relationship": "Inner",
                  "Parallel Aware": false,
                  "Scan Direction": "Forward",
                  "Index Name": "movie_id_cast_info",
                  "Relation Name": "cast_info",
                  "Alias": "ci",
                  "Startup Cost": 0.56,
                  "Total Cost": 1.71,
                  "Plan Rows": 1,
                  "Plan Width": 8,
                  "Actual Startup Time": 0.091,
                  "Actual Total Time": 0.121,
                  "Actual Rows": 1,
                  "Actual Loops": 1629,
                  "Index Cond": "(movie_id = mk.movie_id)",
                  "Rows Removed by Index Recheck": 0,
                  "Filter": "(note = ANY ('{(writer),\"(head writer)\",\"(written by)\",(story),\"(story editor)\"}'::text[]))",
                  "Rows Removed by Filter": 112
                }
              ]
            },
            {
              "Node Type": "Index Scan",
              "Parent Relationship": "Inner",
              "Parallel Aware": false,
              "Scan Direction": "Forward",
              "Index Name": "name_pkey",
              "Relation Name": "name",
              "Alias": "n",
              "Startup Cost": 0.43,
              "Total Cost": 0.68,
              "Plan Rows": 1,
              "Plan Width": 19,
              "Actual Startup Time": 0.004,
              "Actual Total Time": 0.004,
              "Actual Rows": 1,
              "Actual Loops": 1639,
              "Index Cond": "(id = ci.person_id)",
              "Rows Removed by Index Recheck": 0
            }
          ]
        }
      ]
    },
    "Planning Time": 25.368,
    "Triggers": [],
    "Execution Time": 296.422
  }
]