[
  {
    "Plan": {
      "Node Type": "Aggregate",
      "Strategy": "Plain",
      "Partial Mode": "Finalize",
      "Parallel Aware": false,
      "Startup Cost": 39413.41,
      "Total Cost": 39413.42,
      "Plan Rows": 1,
      "Plan Width": 8,
      "Actual Startup Time": 47.83,
      "Actual Total Time": 55.729,
      "Actual Rows": 1,
      "Actual Loops": 1,
      "Plans": [
        {
          "Node Type": "Gather",
          "Parent Relationship": "Outer",
          "Parallel Aware": false,
          "Startup Cost": 39413.2,
          "Total Cost": 39413.41,
          "Plan Rows": 2,
          "Plan Width": 8,
          "Actual Startup Time": 47.719,
          "Actual Total Time": 55.724,
          "Actual Rows": 3,
          "Actual Loops": 1,
          "Workers Planned": 2,
          "Workers Launched": 2,
          "Single Copy": false,
          "Plans": [
            {
              "Node Type": "Aggregate",
              "Strategy": "Plain",
              "Partial Mode": "Partial",
              "Parent Relationship": "Outer",
              "Parallel Aware": false,
              "Startup Cost": 38413.2,
              "Total Cost": 38413.21,
              "Plan Rows": 1,
              "Plan Width": 8,
              "Actual Startup Time": 39.647,
              "Actual Total Time": 39.648,
              "Actual Rows": 1,
              "Actual Loops": 3,
              "Plans": [
                {
                  "Node Type": "Nested Loop",
                  "Parent Relationship": "Outer",
                  "Parallel Aware": false,
                  "Join Type": "Inner",
                  "Startup Cost": 164.47,
                  "Total Cost": 38411.93,
                  "Plan Rows": 506,
                  "Plan Width": 0,
                  "Actual Startup Time": 4.327,
                  "Actual Total Time": 39.496,
                  "Actual Rows": 924,
                  "Actual Loops": 3,
                  "Inner Unique": true,
                  "Plans": [
                    {
                      "Node Type": "Bitmap Heap Scan",
                      "Parent Relationship": "Outer",
                      "Parallel Aware": true,
                      "Relation Name": "movie_keyword",
                      "Alias": "mk",
                      "Startup Cost": 164.04,
                      "Total Cost": 16394.0,
                      "Plan Rows": 3205,
                      "Plan Width": 4,
                      "Actual Startup Time": 2.507,
                      "Actual Total Time": 13.256,
                      "Actual Rows": 2558,
                      "Actual Loops": 3,
                      "Recheck Cond": "(keyword_id = 7078)",
                      "Rows Removed by Index Recheck": 0,
                      "Exact Heap Blocks": 4143,
                      "Lossy Heap Blocks": 0,
                      "Plans": [
                        {
                          "Node Type": "Bitmap Index Scan",
                          "Parent Relationship": "Outer",
                          "Parallel Aware": false,
                          "Index Name": "keyword_id_movie_keyword",
                          "Startup Cost": 0.0,
                          "Total Cost": 162.12,
                          "Plan Rows": 7691,
                          "Plan Width": 0,
                          "Actual Startup Time": 4.561,
                          "Actual Total Time": 4.562,
                          "Actual Rows": 7673,
                          "Actual Loops": 1,
                          "Index Cond": "(keyword_id = 7078)"
                        }
                      ]
                    },
                    {
                      "Node Type": "Index Scan",
                      "Parent Relationship": "Inner",
                      "Parallel Aware": false,
                      "Scan Direction": "Forward",
                      "Index Name": "title_pkey",
                      "Relation Name": "title",
                      "Alias": "t",
                      "Startup Cost": 0.43,
                      "Total Cost": 6.87,
                      "Plan Rows": 1,
                      "Plan Width": 4,
                      "Actual Startup Time": 0.01,
                      "Actual Total Time": 0.01,
                      "Actual Rows": 0,
                      "Actual Loops": 7673,
                      "Index Cond": "(id = mk.movie_id)",
                      "Rows Removed by Index Recheck": 0,
                      "Filter": "((kind_id < 7) AND (production_year < 2000))",
                      "Rows Removed by Filter": 1
                    }
                  ]
                }
              ]
            }
          ]
        }
      ]
    },
    "Planning Time": 0.617,
    "Triggers": [],
    "Execution Time": 55.813
  }
]