[
  {
    "Plan": {
      "Node Type": "Aggregate",
      "Strategy": "Plain",
      "Partial Mode": "Finalize",
      "Parallel Aware": false,
      "Startup Cost": 389315.66,
      "Total Cost": 389315.67,
      "Plan Rows": 1,
      "Plan Width": 8,
      "Actual Startup Time": 1691.864,
      "Actual Total Time": 1755.516,
      "Actual Rows": 1,
      "Actual Loops": 1,
      "Plans": [
        {
          "Node Type": "Gather",
          "Parent Relationship": "Outer",
          "Parallel Aware": false,
          "Startup Cost": 389315.04,
          "Total Cost": 389315.65,
          "Plan Rows": 6,
          "Plan Width": 8,
          "Actual Startup Time": 1685.463,
          "Actual Total Time": 1755.506,
          "Actual Rows": 7,
          "Actual Loops": 1,
          "Workers Planned": 6,
          "Workers Launched": 6,
          "Single Copy": false,
          "Plans": [
            {
              "Node Type": "Aggregate",
              "Strategy": "Plain",
              "Partial Mode": "Partial",
              "Parent Relationship": "Outer",
              "Parallel Aware": false,
              "Startup Cost": 388315.04,
              "Total Cost": 388315.05,
              "Plan Rows": 1,
              "Plan Width": 8,
              "Actual Startup Time": 1673.388,
              "Actual Total Time": 1673.406,
              "Actual Rows": 1,
              "Actual Loops": 7,
              "Plans": [
                {
                  "Node Type": "Hash Join",
                  "Parent Relationship": "Outer",
                  "Parallel Aware": true,
                  "Join Type": "Inner",
                  "Startup Cost": 48414.66,
                  "Total Cost": 385247.01,
                  "Plan Rows": 1227210,
                  "Plan Width": 0,
                  "Actual Startup Time": 334.213,
                  "Actual Total Time": 1628.608,
                  "Actual Rows": 858868,
                  "Actual Loops": 7,
                  "Inner Unique": true,
                  "Hash Cond": "(ci.movie_id = t.id)",
                  "Plans": [
                    {
                      "Node Type": "Seq Scan",
                      "Parent Relationship": "Outer",
                      "Parallel Aware": true,
                      "Relation Name": "cast_info",
                      "Alias": "ci",
                      "Startup Cost": 0.0,
                      "Total Cost": 328162.03,
                      "Plan Rows": 3302978,
                      "Plan Width": 4,
                      "Actual Startup Time": 180.481,
                      "Actual Total Time": 654.848,
                      "Actual Rows": 2832882,
                      "Actual Loops": 7,
                      "Filter": "(person_id > 1625404)",
                      "Rows Removed by Filter": 2344882
                    },
                    {
                      "Node Type": "Hash",
                      "Parent Relationship": "Inner",
                      "Parallel Aware": true,
                      "Startup Cost": 45479.1,
                      "Total Cost": 45479.1,
                      "Plan Rows": 234845,
                      "Plan Width": 4,
                      "Actual Startup Time": 149.963,
                      "Actual Total Time": 149.964,
                      "Actual Rows": 125148,
                      "Actual Loops": 7,
                      "Hash Buckets": 1048576,
                      "Original Hash Buckets": 1048576,
                      "Hash Batches": 1,
                      "Original Hash Batches": 1,
                      "Peak Memory Usage": 42592,
                      "Plans": [
                        {
                          "Node Type": "Seq Scan",
                          "Parent Relationship": "Outer",
                          "Parallel Aware": true,
                          "Relation Name": "title",
                          "Alias": "t",
                          "Startup Cost": 0.0,
                          "Total Cost": 45479.1,
                          "Plan Rows": 234845,
                          "Plan Width": 4,
                          "Actual Startup Time": 0.042,
                          "Actual Total Time": 84.789,
                          "Actual Rows": 125148,
                          "Actual Loops": 7,
                          "Filter": "((production_year < 2007) AND (kind_id = 7))",
                          "Rows Removed by Filter": 236039
                        }
                      ]
                    }
                  ]
                }
              ]
            }
          ]
        }
      ]
    },
    "Planning Time": 0.654,
    "Triggers": [],
    "Execution Time": 1755.605
  }
]