[
  {
    "Plan": {
      "Node Type": "Aggregate",
      "Strategy": "Plain",
      "Partial Mode": "Finalize",
      "Parallel Aware": false,
      "Startup Cost": 45161.01,
      "Total Cost": 45161.02,
      "Plan Rows": 1,
      "Plan Width": 8,
      "Actual Startup Time": 123.266,
      "Actual Total Time": 129.288,
      "Actual Rows": 1,
      "Actual Loops": 1,
      "Plans": [
        {
          "Node Type": "Gather",
          "Parent Relationship": "Outer",
          "Parallel Aware": false,
          "Startup Cost": 45160.69,
          "Total Cost": 45161.0,
          "Plan Rows": 3,
          "Plan Width": 8,
          "Actual Startup Time": 123.181,
          "Actual Total Time": 129.282,
          "Actual Rows": 4,
          "Actual Loops": 1,
          "Workers Planned": 3,
          "Workers Launched": 3,
          "Single Copy": false,
          "Plans": [
            {
              "Node Type": "Aggregate",
              "Strategy": "Plain",
              "Partial Mode": "Partial",
              "Parent Relationship": "Outer",
              "Parallel Aware": false,
              "Startup Cost": 44160.69,
              "Total Cost": 44160.7,
              "Plan Rows": 1,
              "Plan Width": 8,
              "Actual Startup Time": 118.765,
              "Actual Total Time": 118.765,
              "Actual Rows": 1,
              "Actual Loops": 4,
              "Plans": [
                {
                  "Node Type": "Seq Scan",
                  "Parent Relationship": "Outer",
                  "Parallel Aware": true,
                  "Relation Name": "movie_keyword",
                  "Alias": "mk",
                  "Startup Cost": 0.0,
                  "Total Cost": 42695.65,
                  "Plan Rows": 586014,
                  "Plan Width": 0,
                  "Actual Startup Time": 0.026,
                  "Actual Total Time": 97.799,
                  "Actual Rows": 454278,
                  "Actual Loops": 4,
                  "Filter": "(keyword_id < 2975)",
                  "Rows Removed by Filter": 676705
                }
              ]
            }
          ]
        }
      ]
    },
    "Planning Time": 0.098,
    "Triggers": [],
    "Execution Time": 129.32
  }
]