[
    {
        "Bao": {
            "Bao prediction": "NaN",
            "Bao recommended hint": "(no hint)"
        }
    },
    {
        "Plan": {
            "Node Type": "Aggregate",
            "Strategy": "Plain",
            "Partial Mode": "Finalize",
            "Parallel Aware": false,
            "Startup Cost": 64674.94,
            "Total Cost": 64674.95,
            "Plan Rows": 1,
            "Plan Width": 8,
            "Actual Startup Time": 175.411,
            "Actual Total Time": 190.005,
            "Actual Rows": 1,
            "Actual Loops": 1,
            "Output": [
                "count(*)"
            ],
            "Plans": [
                {
                    "Node Type": "Gather",
                    "Parent Relationship": "Outer",
                    "Parallel Aware": false,
                    "Startup Cost": 64674.62,
                    "Total Cost": 64674.93,
                    "Plan Rows": 3,
                    "Plan Width": 8,
                    "Actual Startup Time": 175.031,
                    "Actual Total Time": 189.995,
                    "Actual Rows": 4,
                    "Actual Loops": 1,
                    "Output": [
                        "(PARTIAL count(*))"
                    ],
                    "Workers Planned": 3,
                    "Workers Launched": 3,
                    "Single Copy": false,
                    "Plans": [
                        {
                            "Node Type": "Aggregate",
                            "Strategy": "Plain",
                            "Partial Mode": "Partial",
                            "Parent Relationship": "Outer",
                            "Parallel Aware": false,
                            "Startup Cost": 63674.62,
                            "Total Cost": 63674.63,
                            "Plan Rows": 1,
                            "Plan Width": 8,
                            "Actual Startup Time": 165.94,
                            "Actual Total Time": 165.942,
                            "Actual Rows": 1,
                            "Actual Loops": 4,
                            "Output": [
                                "PARTIAL count(*)"
                            ],
                            "Workers": [
                                {
                                    "Worker Number": 0,
                                    "Actual Startup Time": 162.417,
                                    "Actual Total Time": 162.42,
                                    "Actual Rows": 1,
                                    "Actual Loops": 1
                                },
                                {
                                    "Worker Number": 1,
                                    "Actual Startup Time": 163.239,
                                    "Actual Total Time": 163.241,
                                    "Actual Rows": 1,
                                    "Actual Loops": 1
                                },
                                {
                                    "Worker Number": 2,
                                    "Actual Startup Time": 163.433,
                                    "Actual Total Time": 163.434,
                                    "Actual Rows": 1,
                                    "Actual Loops": 1
                                }
                            ],
                            "Plans": [
                                {
                                    "Node Type": "Nested Loop",
                                    "Parent Relationship": "Outer",
                                    "Parallel Aware": false,
                                    "Join Type": "Inner",
                                    "Startup Cost": 223.35,
                                    "Total Cost": 63618.4,
                                    "Plan Rows": 22489,
                                    "Plan Width": 0,
                                    "Actual Startup Time": 1.682,
                                    "Actual Total Time": 155.446,
                                    "Actual Rows": 213869,
                                    "Actual Loops": 4,
                                    "Inner Unique": false,
                                    "Join Filter": "(t.id = mi.movie_id)",
                                    "Rows Removed by Join Filter": 0,
                                    "Workers": [
                                        {
                                            "Worker Number": 0,
                                            "Actual Startup Time": 0.72,
                                            "Actual Total Time": 153.352,
                                            "Actual Rows": 194047,
                                            "Actual Loops": 1
                                        },
                                        {
                                            "Worker Number": 1,
                                            "Actual Startup Time": 0.964,
                                            "Actual Total Time": 153.395,
                                            "Actual Rows": 134205,
                                            "Actual Loops": 1
                                        },
                                        {
                                            "Worker Number": 2,
                                            "Actual Startup Time": 0.673,
                                            "Actual Total Time": 154.125,
                                            "Actual Rows": 198000,
                                            "Actual Loops": 1
                                        }
                                    ],
                                    "Plans": [
                                        {
                                            "Node Type": "Nested Loop",
                                            "Parent Relationship": "Outer",
                                            "Parallel Aware": false,
                                            "Join Type": "Inner",
                                            "Startup Cost": 222.92,
                                            "Total Cost": 56093.56,
                                            "Plan Rows": 3854,
                                            "Plan Width": 8,
                                            "Actual Startup Time": 1.476,
                                            "Actual Total Time": 41.409,
                                            "Actual Rows": 9068,
                                            "Actual Loops": 4,
                                            "Output": [
                                                "t.id",
                                                "mk.movie_id"
                                            ],
                                            "Inner Unique": false,
                                            "Workers": [
                                                {
                                                    "Worker Number": 0,
                                                    "Actual Startup Time": 0.445,
                                                    "Actual Total Time": 43.421,
                                                    "Actual Rows": 7571,
                                                    "Actual Loops": 1
                                                },
                                                {
                                                    "Worker Number": 1,
                                                    "Actual Startup Time": 0.702,
                                                    "Actual Total Time": 42.305,
                                                    "Actual Rows": 5665,
                                                    "Actual Loops": 1
                                                },
                                                {
                                                    "Worker Number": 2,
                                                    "Actual Startup Time": 0.416,
                                                    "Actual Total Time": 43.718,
                                                    "Actual Rows": 8533,
                                                    "Actual Loops": 1
                                                }
                                            ],
                                            "Plans": [
                                                {
                                                    "Node Type": "Bitmap Heap Scan",
                                                    "Parent Relationship": "Outer",
                                                    "Parallel Aware": true,
                                                    "Relation Name": "title",
                                                    "Schema": "public",
                                                    "Alias": "t",
                                                    "Startup Cost": 222.48,
                                                    "Total Cost": 25079.31,
                                                    "Plan Rows": 3915,
                                                    "Plan Width": 4,
                                                    "Actual Startup Time": 1.207,
                                                    "Actual Total Time": 9.697,
                                                    "Actual Rows": 3150,
                                                    "Actual Loops": 4,
                                                    "Output": [
                                                        "t.id",
                                                        "t.title",
                                                        "t.imdb_index",
                                                        "t.kind_id",
                                                        "t.production_year",
                                                        "t.imdb_id",
                                                        "t.phonetic_code",
                                                        "t.episode_of_id",
                                                        "t.season_nr",
                                                        "t.episode_nr",
                                                        "t.series_years",
                                                        "t.md5sum"
                                                    ],
                                                    "Recheck Cond": "(t.kind_id = 6)",
                                                    "Rows Removed by Index Recheck": 0,
                                                    "Exact Heap Blocks": 3360,
                                                    "Lossy Heap Blocks": 0,
                                                    "Workers": [
                                                        {
                                                            "Worker Number": 0,
                                                            "Actual Startup Time": 0.189,
                                                            "Actual Total Time": 9.751,
                                                            "Actual Rows": 2533,
                                                            "Actual Loops": 1
                                                        },
                                                        {
                                                            "Worker Number": 1,
                                                            "Actual Startup Time": 0.177,
                                                            "Actual Total Time": 9.054,
                                                            "Actual Rows": 1878,
                                                            "Actual Loops": 1
                                                        },
                                                        {
                                                            "Worker Number": 2,
                                                            "Actual Startup Time": 0.185,
                                                            "Actual Total Time": 9.39,
                                                            "Actual Rows": 2886,
                                                            "Actual Loops": 1
                                                        }
                                                    ],
                                                    "Plans": [
                                                        {
                                                            "Node Type": "Bitmap Index Scan",
                                                            "Parent Relationship": "Outer",
                                                            "Parallel Aware": false,
                                                            "Index Name": "kind_id_title",
                                                            "Startup Cost": 0.0,
                                                            "Total Cost": 219.45,
                                                            "Plan Rows": 12136,
                                                            "Plan Width": 0,
                                                            "Actual Startup Time": 2.839,
                                                            "Actual Total Time": 2.84,
                                                            "Actual Rows": 12600,
                                                            "Actual Loops": 1,
                                                            "Index Cond": "(t.kind_id = 6)"
                                                        }
                                                    ]
                                                },
                                                {
                                                    "Node Type": "Index Scan",
                                                    "Parent Relationship": "Inner",
                                                    "Parallel Aware": false,
                                                    "Scan Direction": "Forward",
                                                    "Index Name": "movie_id_movie_keyword",
                                                    "Relation Name": "movie_keyword",
                                                    "Schema": "public",
                                                    "Alias": "mk",
                                                    "Startup Cost": 0.43,
                                                    "Total Cost": 7.67,
                                                    "Plan Rows": 25,
                                                    "Plan Width": 4,
                                                    "Actual Startup Time": 0.008,
                                                    "Actual Total Time": 0.009,
                                                    "Actual Rows": 3,
                                                    "Actual Loops": 12600,
                                                    "Output": [
                                                        "mk.id",
                                                        "mk.movie_id",
                                                        "mk.keyword_id"
                                                    ],
                                                    "Index Cond": "(mk.movie_id = t.id)",
                                                    "Rows Removed by Index Recheck": 0,
                                                    "Filter": "(mk.keyword_id < 6141)",
                                                    "Rows Removed by Filter": 4,
                                                    "Workers": [
                                                        {
                                                            "Worker Number": 0,
                                                            "Actual Startup Time": 0.012,
                                                            "Actual Total Time": 0.013,
                                                            "Actual Rows": 3,
                                                            "Actual Loops": 2533
                                                        },
                                                        {
                                                            "Worker Number": 1,
                                                            "Actual Startup Time": 0.015,
                                                            "Actual Total Time": 0.017,
                                                            "Actual Rows": 3,
                                                            "Actual Loops": 1878
                                                        },
                                                        {
                                                            "Worker Number": 2,
                                                            "Actual Startup Time": 0.01,
                                                            "Actual Total Time": 0.011,
                                                            "Actual Rows": 3,
                                                            "Actual Loops": 2886
                                                        }
                                                    ]
                                                }
                                            ]
                                        },
                                        {
                                            "Node Type": "Index Only Scan",
                                            "Parent Relationship": "Inner",
                                            "Parallel Aware": false,
                                            "Scan Direction": "Forward",
                                            "Index Name": "movie_id_movie_info",
                                            "Relation Name": "movie_info",
                                            "Schema": "public",
                                            "Alias": "mi",
                                            "Startup Cost": 0.43,
                                            "Total Cost": 1.46,
                                            "Plan Rows": 39,
                                            "Plan Width": 4,
                                            "Actual Startup Time": 0.004,
                                            "Actual Total Time": 0.01,
                                            "Actual Rows": 24,
                                            "Actual Loops": 36273,
                                            "Output": [
                                                "mi.movie_id"
                                            ],
                                            "Index Cond": "(mi.movie_id = mk.movie_id)",
                                            "Rows Removed by Index Recheck": 0,
                                            "Heap Fetches": 855477,
                                            "Workers": [
                                                {
                                                    "Worker Number": 0,
                                                    "Actual Startup Time": 0.004,
                                                    "Actual Total Time": 0.012,
                                                    "Actual Rows": 26,
                                                    "Actual Loops": 7571
                                                },
                                                {
                                                    "Worker Number": 1,
                                                    "Actual Startup Time": 0.006,
                                                    "Actual Total Time": 0.016,
                                                    "Actual Rows": 24,
                                                    "Actual Loops": 5665
                                                },
                                                {
                                                    "Worker Number": 2,
                                                    "Actual Startup Time": 0.004,
                                                    "Actual Total Time": 0.011,
                                                    "Actual Rows": 23,
                                                    "Actual Loops": 8533
                                                }
                                            ]
                                        }
                                    ]
                                }
                            ]
                        }
                    ]
                }
            ]
        },
        "Planning Time": 191.447,
        "Triggers": [],
        "Execution Time": 190.097
    }
]