[
  {
    "Plan": {
      "Node Type": "Aggregate",
      "Strategy": "Plain",
      "Partial Mode": "Finalize",
      "Parallel Aware": false,
      "Startup Cost": 33050.43,
      "Total Cost": 33050.44,
      "Plan Rows": 1,
      "Plan Width": 8,
      "Actual Startup Time": 96.565,
      "Actual Total Time": 104.439,
      "Actual Rows": 1,
      "Actual Loops": 1,
      "Plans": [
        {
          "Node Type": "Gather",
          "Parent Relationship": "Outer",
          "Parallel Aware": false,
          "Startup Cost": 33050.11,
          "Total Cost": 33050.42,
          "Plan Rows": 3,
          "Plan Width": 8,
          "Actual Startup Time": 96.427,
          "Actual Total Time": 104.431,
          "Actual Rows": 4,
          "Actual Loops": 1,
          "Workers Planned": 3,
          "Workers Launched": 3,
          "Single Copy": false,
          "Plans": [
            {
              "Node Type": "Aggregate",
              "Strategy": "Plain",
              "Partial Mode": "Partial",
              "Parent Relationship": "Outer",
              "Parallel Aware": false,
              "Startup Cost": 32050.11,
              "Total Cost": 32050.12,
              "Plan Rows": 1,
              "Plan Width": 8,
              "Actual Startup Time": 88.408,
              "Actual Total Time": 88.41,
              "Actual Rows": 1,
              "Actual Loops": 4,
              "Plans": [
                {
                  "Node Type": "Seq Scan",
                  "Parent Relationship": "Outer",
                  "Parallel Aware": true,
                  "Relation Name": "movie_companies",
                  "Alias": "mc",
                  "Startup Cost": 0.0,
                  "Total Cost": 31414.82,
                  "Plan Rows": 254117,
                  "Plan Width": 0,
                  "Actual Startup Time": 49.665,
                  "Actual Total Time": 82.941,
                  "Actual Rows": 123788,
                  "Actual Loops": 4,
                  "Filter": "((company_id < 14582) AND (company_type_id = 2))",
                  "Rows Removed by Filter": 528494
                }
              ]
            }
          ]
        }
      ]
    },
    "Planning Time": 0.162,
    "Triggers": [],
    "Execution Time": 104.485
  }
]