{
  "Plan": {
    "Node Type": "Aggregate",
    "Strategy": "Plain",
    "Partial Mode": "Finalize",
    "Parallel Aware": false,
    "Startup Cost": 118967.95,
    "Total Cost": 118967.96,
    "Plan Rows": 1,
    "Plan Width": 8,
    "Actual Startup Time": 511.277,
    "Actual Total Time": 525.503,
    "Actual Rows": 1,
    "Actual Loops": 1,
    "Plans": [
      {
        "Node Type": "Gather",
        "Parent Relationship": "Outer",
        "Parallel Aware": false,
        "Startup Cost": 118967.84,
        "Total Cost": 118967.95,
        "Plan Rows": 1,
        "Plan Width": 8,
        "Actual Startup Time": 510.792,
        "Actual Total Time": 525.494,
        "Actual Rows": 2,
        "Actual Loops": 1,
        "Workers Planned": 1,
        "Workers Launched": 1,
        "Single Copy": false,
        "Plans": [
          {
            "Node Type": "Aggregate",
            "Strategy": "Plain",
            "Partial Mode": "Partial",
            "Parent Relationship": "Outer",
            "Parallel Aware": false,
            "Startup Cost": 117967.84,
            "Total Cost": 117967.85,
            "Plan Rows": 1,
            "Plan Width": 8,
            "Actual Startup Time": 504.868,
            "Actual Total Time": 504.873,
            "Actual Rows": 1,
            "Actual Loops": 2,
            "Plans": [
              {
                "Node Type": "Hash Join",
                "Parent Relationship": "Outer",
                "Parallel Aware": true,
                "Join Type": "Inner",
                "Startup Cost": 59492.54,
                "Total Cost": 117543.39,
                "Plan Rows": 169782,
                "Plan Width": 0,
                "Actual Startup Time": 176.674,
                "Actual Total Time": 503.651,
                "Actual Rows": 28957,
                "Actual Loops": 2,
                "Inner Unique": true,
                "Hash Cond": "(mk.movie_id = t.id)",
                "Plans": [
                  {
                    "Node Type": "Seq Scan",
                    "Parent Relationship": "Outer",
                    "Parallel Aware": true,
                    "Relation Name": "movie_keyword",
                    "Alias": "mk",
                    "Startup Cost": 0.0,
                    "Total Cost": 51065.35,
                    "Plan Rows": 2661135,
                    "Plan Width": 4,
                    "Actual Startup Time": 0.014,
                    "Actual Total Time": 154.717,
                    "Actual Rows": 2261965,
                    "Actual Loops": 2
                  },
                  {
                    "Node Type": "Hash",
                    "Parent Relationship": "Inner",
                    "Parallel Aware": true,
                    "Startup Cost": 58306.47,
                    "Total Cost": 58306.47,
                    "Plan Rows": 94886,
                    "Plan Width": 4,
                    "Actual Startup Time": 172.681,
                    "Actual Total Time": 172.682,
                    "Actual Rows": 81109,
                    "Actual Loops": 2,
                    "Hash Buckets": 262144,
                    "Original Hash Buckets": 262144,
                    "Hash Batches": 1,
                    "Original Hash Batches": 1,
                    "Peak Memory Usage": 8448,
                    "Plans": [
                      {
                        "Node Type": "Seq Scan",
                        "Parent Relationship": "Outer",
                        "Parallel Aware": true,
                        "Relation Name": "title",
                        "Alias": "t",
                        "Startup Cost": 0.0,
                        "Total Cost": 58306.47,
                        "Plan Rows": 94886,
                        "Plan Width": 4,
                        "Actual Startup Time": 0.034,
                        "Actual Total Time": 146.886,
                        "Actual Rows": 81109,
                        "Actual Loops": 2,
                        "Filter": "((kind_id > 2) AND (production_year > 2011))",
                        "Rows Removed by Filter": 1183047
                      }
                    ]
                  }
                ]
              }
            ]
          }
        ]
      }
    ]
  },
  "Planning Time": 0.43,
  "Triggers": [],
  "Execution Time": 525.567
}