[
  {
    "Plan": {
      "Node Type": "Aggregate",
      "Strategy": "Plain",
      "Partial Mode": "Finalize",
      "Parallel Aware": false,
      "Startup Cost": 34896.22,
      "Total Cost": 34896.23,
      "Plan Rows": 1,
      "Plan Width": 8,
      "Actual Startup Time": 113.537,
      "Actual Total Time": 119.109,
      "Actual Rows": 1,
      "Actual Loops": 1,
      "Plans": [
        {
          "Node Type": "Gather",
          "Parent Relationship": "Outer",
          "Parallel Aware": false,
          "Startup Cost": 34895.9,
          "Total Cost": 34896.21,
          "Plan Rows": 3,
          "Plan Width": 8,
          "Actual Startup Time": 113.283,
          "Actual Total Time": 119.102,
          "Actual Rows": 4,
          "Actual Loops": 1,
          "Workers Planned": 3,
          "Workers Launched": 3,
          "Single Copy": false,
          "Plans": [
            {
              "Node Type": "Aggregate",
              "Strategy": "Plain",
              "Partial Mode": "Partial",
              "Parent Relationship": "Outer",
              "Parallel Aware": false,
              "Startup Cost": 33895.9,
              "Total Cost": 33895.91,
              "Plan Rows": 1,
              "Plan Width": 8,
              "Actual Startup Time": 108.189,
              "Actual Total Time": 108.19,
              "Actual Rows": 1,
              "Actual Loops": 4,
              "Plans": [
                {
                  "Node Type": "Bitmap Heap Scan",
                  "Parent Relationship": "Outer",
                  "Parallel Aware": true,
                  "Relation Name": "movie_keyword",
                  "Alias": "mk",
                  "Startup Cost": 7688.61,
                  "Total Cost": 33603.69,
                  "Plan Rows": 116886,
                  "Plan Width": 0,
                  "Actual Startup Time": 41.803,
                  "Actual Total Time": 102.693,
                  "Actual Rows": 89806,
                  "Actual Loops": 4,
                  "Recheck Cond": "(keyword_id > 46469)",
                  "Rows Removed by Index Recheck": 0,
                  "Exact Heap Blocks": 11380,
                  "Lossy Heap Blocks": 0,
                  "Plans": [
                    {
                      "Node Type": "Bitmap Index Scan",
                      "Parent Relationship": "Outer",
                      "Parallel Aware": false,
                      "Index Name": "keyword_id_movie_keyword",
                      "Startup Cost": 0.0,
                      "Total Cost": 7598.03,
                      "Plan Rows": 362346,
                      "Plan Width": 0,
                      "Actual Startup Time": 42.166,
                      "Actual Total Time": 42.167,
                      "Actual Rows": 359224,
                      "Actual Loops": 1,
                      "Index Cond": "(keyword_id > 46469)"
                    }
                  ]
                }
              ]
            }
          ]
        }
      ]
    },
    "Planning Time": 0.161,
    "Triggers": [],
    "Execution Time": 119.177
  }
]