[
  {
    "Plan": {
      "Node Type": "Aggregate",
      "Strategy": "Plain",
      "Partial Mode": "Finalize",
      "Parallel Aware": false,
      "Startup Cost": 35191.06,
      "Total Cost": 35191.07,
      "Plan Rows": 1,
      "Plan Width": 8,
      "Actual Startup Time": 112.38,
      "Actual Total Time": 120.856,
      "Actual Rows": 1,
      "Actual Loops": 1,
      "Plans": [
        {
          "Node Type": "Gather",
          "Parent Relationship": "Outer",
          "Parallel Aware": false,
          "Startup Cost": 35190.74,
          "Total Cost": 35191.05,
          "Plan Rows": 3,
          "Plan Width": 8,
          "Actual Startup Time": 112.122,
          "Actual Total Time": 120.848,
          "Actual Rows": 4,
          "Actual Loops": 1,
          "Workers Planned": 3,
          "Workers Launched": 3,
          "Single Copy": false,
          "Plans": [
            {
              "Node Type": "Aggregate",
              "Strategy": "Plain",
              "Partial Mode": "Partial",
              "Parent Relationship": "Outer",
              "Parallel Aware": false,
              "Startup Cost": 34190.74,
              "Total Cost": 34190.75,
              "Plan Rows": 1,
              "Plan Width": 8,
              "Actual Startup Time": 104.775,
              "Actual Total Time": 104.776,
              "Actual Rows": 1,
              "Actual Loops": 4,
              "Plans": [
                {
                  "Node Type": "Bitmap Heap Scan",
                  "Parent Relationship": "Outer",
                  "Parallel Aware": true,
                  "Relation Name": "movie_keyword",
                  "Alias": "mk",
                  "Startup Cost": 7928.55,
                  "Total Cost": 33889.38,
                  "Plan Rows": 120546,
                  "Plan Width": 0,
                  "Actual Startup Time": 33.515,
                  "Actual Total Time": 99.129,
                  "Actual Rows": 89806,
                  "Actual Loops": 4,
                  "Recheck Cond": "(keyword_id > 46469)",
                  "Rows Removed by Index Recheck": 0,
                  "Exact Heap Blocks": 10325,
                  "Lossy Heap Blocks": 0,
                  "Plans": [
                    {
                      "Node Type": "Bitmap Index Scan",
                      "Parent Relationship": "Outer",
                      "Parallel Aware": false,
                      "Index Name": "keyword_id_movie_keyword",
                      "Startup Cost": 0.0,
                      "Total Cost": 7835.13,
                      "Plan Rows": 373693,
                      "Plan Width": 0,
                      "Actual Startup Time": 36.799,
                      "Actual Total Time": 36.799,
                      "Actual Rows": 359224,
                      "Actual Loops": 1,
                      "Index Cond": "(keyword_id > 46469)"
                    }
                  ]
                }
              ]
            }
          ]
        }
      ]
    },
    "Planning Time": 0.134,
    "Triggers": [],
    "Execution Time": 120.913
  }
]