{
  "Plan": {
    "Node Type": "Aggregate",
    "Strategy": "Plain",
    "Partial Mode": "Finalize",
    "Parallel Aware": false,
    "Startup Cost": 315469.1,
    "Total Cost": 315469.11,
    "Plan Rows": 1,
    "Plan Width": 8,
    "Actual Startup Time": 2306.366,
    "Actual Total Time": 2329.574,
    "Actual Rows": 1,
    "Actual Loops": 1,
    "Plans": [
      {
        "Node Type": "Gather",
        "Parent Relationship": "Outer",
        "Parallel Aware": false,
        "Startup Cost": 315468.99,
        "Total Cost": 315469.1,
        "Plan Rows": 1,
        "Plan Width": 8,
        "Actual Startup Time": 2301.384,
        "Actual Total Time": 2329.567,
        "Actual Rows": 2,
        "Actual Loops": 1,
        "Workers Planned": 1,
        "Workers Launched": 1,
        "Single Copy": false,
        "Plans": [
          {
            "Node Type": "Aggregate",
            "Strategy": "Plain",
            "Partial Mode": "Partial",
            "Parent Relationship": "Outer",
            "Parallel Aware": false,
            "Startup Cost": 314468.99,
            "Total Cost": 314469.0,
            "Plan Rows": 1,
            "Plan Width": 8,
            "Actual Startup Time": 2294.726,
            "Actual Total Time": 2294.731,
            "Actual Rows": 1,
            "Actual Loops": 2,
            "Plans": [
              {
                "Node Type": "Hash Join",
                "Parent Relationship": "Outer",
                "Parallel Aware": true,
                "Join Type": "Inner",
                "Startup Cost": 249578.32,
                "Total Cost": 313321.92,
                "Plan Rows": 458828,
                "Plan Width": 0,
                "Actual Startup Time": 647.177,
                "Actual Total Time": 1807.358,
                "Actual Rows": 12635506,
                "Actual Loops": 2,
                "Inner Unique": false,
                "Hash Cond": "(mk.movie_id = t.id)",
                "Plans": [
                  {
                    "Node Type": "Seq Scan",
                    "Parent Relationship": "Outer",
                    "Parallel Aware": true,
                    "Relation Name": "movie_keyword",
                    "Alias": "mk",
                    "Startup Cost": 0.0,
                    "Total Cost": 51065.35,
                    "Plan Rows": 2661135,
                    "Plan Width": 4,
                    "Actual Startup Time": 0.016,
                    "Actual Total Time": 152.961,
                    "Actual Rows": 2261965,
                    "Actual Loops": 2
                  },
                  {
                    "Node Type": "Hash",
                    "Parent Relationship": "Inner",
                    "Parallel Aware": true,
                    "Startup Cost": 246372.99,
                    "Total Cost": 246372.99,
                    "Plan Rows": 256426,
                    "Plan Width": 8,
                    "Actual Startup Time": 641.553,
                    "Actual Total Time": 641.557,
                    "Actual Rows": 260279,
                    "Actual Loops": 2,
                    "Hash Buckets": 524288,
                    "Original Hash Buckets": 524288,
                    "Hash Batches": 1,
                    "Original Hash Batches": 1,
                    "Peak Memory Usage": 24512,
                    "Plans": [
                      {
                        "Node Type": "Hash Join",
                        "Parent Relationship": "Outer",
                        "Parallel Aware": true,
                        "Join Type": "Inner",
                        "Startup Cost": 78908.3,
                        "Total Cost": 246372.99,
                        "Plan Rows": 256426,
                        "Plan Width": 8,
                        "Actual Startup Time": 463.248,
                        "Actual Total Time": 589.469,
                        "Actual Rows": 260279,
                        "Actual Loops": 2,
                        "Inner Unique": true,
                        "Hash Cond": "(mi.movie_id = t.id)",
                        "Plans": [
                          {
                            "Node Type": "Bitmap Heap Scan",
                            "Parent Relationship": "Outer",
                            "Parallel Aware": true,
                            "Relation Name": "movie_info",
                            "Alias": "mi",
                            "Startup Cost": 11142.68,
                            "Total Cost": 177657.74,
                            "Plan Rows": 361765,
                            "Plan Width": 4,
                            "Actual Startup Time": 34.188,
                            "Actual Total Time": 92.482,
                            "Actual Rows": 299228,
                            "Actual Loops": 2,
                            "Recheck Cond": "(info_type_id = 15)",
                            "Rows Removed by Index Recheck": 0,
                            "Exact Heap Blocks": 10593,
                            "Lossy Heap Blocks": 0,
                            "Plans": [
                              {
                                "Node Type": "Bitmap Index Scan",
                                "Parent Relationship": "Outer",
                                "Parallel Aware": false,
                                "Index Name": "info_type_id_movie_info",
                                "Startup Cost": 0.0,
                                "Total Cost": 10988.93,
                                "Plan Rows": 615000,
                                "Plan Width": 0,
                                "Actual Startup Time": 30.976,
                                "Actual Total Time": 30.976,
                                "Actual Rows": 598457,
                                "Actual Loops": 1,
                                "Index Cond": "(info_type_id = 15)"
                              }
                            ]
                          },
                          {
                            "Node Type": "Hash",
                            "Parent Relationship": "Inner",
                            "Parallel Aware": true,
                            "Startup Cost": 54588.39,
                            "Total Cost": 54588.39,
                            "Plan Rows": 1054178,
                            "Plan Width": 4,
                            "Actual Startup Time": 417.823,
                            "Actual Total Time": 417.823,
                            "Actual Rows": 897076,
                            "Actual Loops": 2,
                            "Hash Buckets": 2097152,
                            "Original Hash Buckets": 2097152,
                            "Hash Batches": 1,
                            "Original Hash Batches": 1,
                            "Peak Memory Usage": 86592,
                            "Plans": [
                              {
                                "Node Type": "Seq Scan",
                                "Parent Relationship": "Outer",
                                "Parallel Aware": true,
                                "Relation Name": "title",
                                "Alias": "t",
                                "Startup Cost": 0.0,
                                "Total Cost": 54588.39,
                                "Plan Rows": 1054178,
                                "Plan Width": 4,
                                "Actual Startup Time": 0.038,
                                "Actual Total Time": 174.752,
                                "Actual Rows": 897076,
                                "Actual Loops": 2,
                                "Filter": "(production_year < 2009)",
                                "Rows Removed by Filter": 367080
                              }
                            ]
                          }
                        ]
                      }
                    ]
                  }
                ]
              }
            ]
          }
        ]
      }
    ]
  },
  "Planning Time": 0.954,
  "Triggers": [],
  "Execution Time": 2329.718
}