[
  {
    "Plan": {
      "Node Type": "Aggregate",
      "Strategy": "Plain",
      "Partial Mode": "Finalize",
      "Parallel Aware": false,
      "Startup Cost": 44966.79,
      "Total Cost": 44966.8,
      "Plan Rows": 1,
      "Plan Width": 8,
      "Actual Startup Time": 136.061,
      "Actual Total Time": 146.293,
      "Actual Rows": 1,
      "Actual Loops": 1,
      "Plans": [
        {
          "Node Type": "Gather",
          "Parent Relationship": "Outer",
          "Parallel Aware": false,
          "Startup Cost": 44966.47,
          "Total Cost": 44966.78,
          "Plan Rows": 3,
          "Plan Width": 8,
          "Actual Startup Time": 135.913,
          "Actual Total Time": 146.283,
          "Actual Rows": 4,
          "Actual Loops": 1,
          "Workers Planned": 3,
          "Workers Launched": 3,
          "Single Copy": false,
          "Plans": [
            {
              "Node Type": "Aggregate",
              "Strategy": "Plain",
              "Partial Mode": "Partial",
              "Parent Relationship": "Outer",
              "Parallel Aware": false,
              "Startup Cost": 43966.47,
              "Total Cost": 43966.48,
              "Plan Rows": 1,
              "Plan Width": 8,
              "Actual Startup Time": 130.859,
              "Actual Total Time": 130.861,
              "Actual Rows": 1,
              "Actual Loops": 4,
              "Plans": [
                {
                  "Node Type": "Seq Scan",
                  "Parent Relationship": "Outer",
                  "Parallel Aware": true,
                  "Relation Name": "movie_keyword",
                  "Alias": "mk",
                  "Startup Cost": 0.0,
                  "Total Cost": 42695.65,
                  "Plan Rows": 508327,
                  "Plan Width": 0,
                  "Actual Startup Time": 0.527,
                  "Actual Total Time": 111.725,
                  "Actual Rows": 392326,
                  "Actual Loops": 4,
                  "Filter": "(keyword_id > 9985)",
                  "Rows Removed by Filter": 738656
                }
              ]
            }
          ]
        }
      ]
    },
    "Planning Time": 0.081,
    "Triggers": [],
    "Execution Time": 146.323
  }
]