[
  {
    "Plan": {
      "Node Type": "Aggregate",
      "Strategy": "Plain",
      "Partial Mode": "Finalize",
      "Parallel Aware": false,
      "Startup Cost": 335753.41,
      "Total Cost": 335753.42,
      "Plan Rows": 1,
      "Plan Width": 8,
      "Actual Startup Time": 687.258,
      "Actual Total Time": 744.736,
      "Actual Rows": 1,
      "Actual Loops": 1,
      "Plans": [
        {
          "Node Type": "Gather",
          "Parent Relationship": "Outer",
          "Parallel Aware": false,
          "Startup Cost": 335752.79,
          "Total Cost": 335753.4,
          "Plan Rows": 6,
          "Plan Width": 8,
          "Actual Startup Time": 687.077,
          "Actual Total Time": 744.724,
          "Actual Rows": 7,
          "Actual Loops": 1,
          "Workers Planned": 6,
          "Workers Launched": 6,
          "Single Copy": false,
          "Plans": [
            {
              "Node Type": "Aggregate",
              "Strategy": "Plain",
              "Partial Mode": "Partial",
              "Parent Relationship": "Outer",
              "Parallel Aware": false,
              "Startup Cost": 334752.79,
              "Total Cost": 334752.8,
              "Plan Rows": 1,
              "Plan Width": 8,
              "Actual Startup Time": 678.555,
              "Actual Total Time": 678.556,
              "Actual Rows": 1,
              "Actual Loops": 7,
              "Plans": [
                {
                  "Node Type": "Seq Scan",
                  "Parent Relationship": "Outer",
                  "Parallel Aware": true,
                  "Relation Name": "cast_info",
                  "Alias": "ci",
                  "Startup Cost": 0.0,
                  "Total Cost": 328211.39,
                  "Plan Rows": 2616559,
                  "Plan Width": 0,
                  "Actual Startup Time": 226.601,
                  "Actual Total Time": 580.668,
                  "Actual Rows": 2199874,
                  "Actual Loops": 7,
                  "Filter": "(person_id > 2100565)",
                  "Rows Removed by Filter": 2977890
                }
              ]
            }
          ]
        }
      ]
    },
    "Planning Time": 0.079,
    "Triggers": [],
    "Execution Time": 744.782
  }
]