[
  {
    "Plan": {
      "Node Type": "Aggregate",
      "Strategy": "Plain",
      "Partial Mode": "Finalize",
      "Parallel Aware": false,
      "Startup Cost": 335590.68,
      "Total Cost": 335590.7,
      "Plan Rows": 1,
      "Plan Width": 8,
      "Actual Startup Time": 705.366,
      "Actual Total Time": 764.426,
      "Actual Rows": 1,
      "Actual Loops": 1,
      "Plans": [
        {
          "Node Type": "Gather",
          "Parent Relationship": "Outer",
          "Parallel Aware": false,
          "Startup Cost": 335590.06,
          "Total Cost": 335590.67,
          "Plan Rows": 6,
          "Plan Width": 8,
          "Actual Startup Time": 705.239,
          "Actual Total Time": 764.415,
          "Actual Rows": 7,
          "Actual Loops": 1,
          "Workers Planned": 6,
          "Workers Launched": 6,
          "Single Copy": false,
          "Plans": [
            {
              "Node Type": "Aggregate",
              "Strategy": "Plain",
              "Partial Mode": "Partial",
              "Parent Relationship": "Outer",
              "Parallel Aware": false,
              "Startup Cost": 334590.06,
              "Total Cost": 334590.07,
              "Plan Rows": 1,
              "Plan Width": 8,
              "Actual Startup Time": 695.551,
              "Actual Total Time": 695.552,
              "Actual Rows": 1,
              "Actual Loops": 7,
              "Plans": [
                {
                  "Node Type": "Seq Scan",
                  "Parent Relationship": "Outer",
                  "Parallel Aware": true,
                  "Relation Name": "cast_info",
                  "Alias": "ci",
                  "Startup Cost": 0.0,
                  "Total Cost": 328162.03,
                  "Plan Rows": 2571214,
                  "Plan Width": 0,
                  "Actual Startup Time": 235.968,
                  "Actual Total Time": 599.371,
                  "Actual Rows": 2199874,
                  "Actual Loops": 7,
                  "Filter": "(person_id > 2100565)",
                  "Rows Removed by Filter": 2977890
                }
              ]
            }
          ]
        }
      ]
    },
    "Planning Time": 0.21,
    "Triggers": [],
    "Execution Time": 764.506
  }
]