{
  "Plan": {
    "Node Type": "Aggregate",
    "Strategy": "Plain",
    "Partial Mode": "Finalize",
    "Parallel Aware": false,
    "Startup Cost": 308343.16,
    "Total Cost": 308343.17,
    "Plan Rows": 1,
    "Plan Width": 8,
    "Actual Startup Time": 810.706,
    "Actual Total Time": 829.677,
    "Actual Rows": 1,
    "Actual Loops": 1,
    "Plans": [
      {
        "Node Type": "Gather",
        "Parent Relationship": "Outer",
        "Parallel Aware": false,
        "Startup Cost": 308343.05,
        "Total Cost": 308343.16,
        "Plan Rows": 1,
        "Plan Width": 8,
        "Actual Startup Time": 806.442,
        "Actual Total Time": 829.671,
        "Actual Rows": 2,
        "Actual Loops": 1,
        "Workers Planned": 1,
        "Workers Launched": 1,
        "Single Copy": false,
        "Plans": [
          {
            "Node Type": "Aggregate",
            "Strategy": "Plain",
            "Partial Mode": "Partial",
            "Parent Relationship": "Outer",
            "Parallel Aware": false,
            "Startup Cost": 307343.05,
            "Total Cost": 307343.06,
            "Plan Rows": 1,
            "Plan Width": 8,
            "Actual Startup Time": 799.878,
            "Actual Total Time": 799.885,
            "Actual Rows": 1,
            "Actual Loops": 2,
            "Plans": [
              {
                "Node Type": "Hash Join",
                "Parent Relationship": "Outer",
                "Parallel Aware": true,
                "Join Type": "Inner",
                "Startup Cost": 131881.45,
                "Total Cost": 307101.01,
                "Plan Rows": 96815,
                "Plan Width": 0,
                "Actual Startup Time": 646.716,
                "Actual Total Time": 795.697,
                "Actual Rows": 91130,
                "Actual Loops": 2,
                "Inner Unique": false,
                "Hash Cond": "(mi.movie_id = t.id)",
                "Plans": [
                  {
                    "Node Type": "Bitmap Heap Scan",
                    "Parent Relationship": "Outer",
                    "Parallel Aware": true,
                    "Relation Name": "movie_info",
                    "Alias": "mi",
                    "Startup Cost": 23986.4,
                    "Total Cost": 195715.6,
                    "Plan Rows": 778896,
                    "Plan Width": 4,
                    "Actual Startup Time": 47.843,
                    "Actual Total Time": 107.717,
                    "Actual Rows": 662680,
                    "Actual Loops": 2,
                    "Recheck Cond": "(info_type_id = 8)",
                    "Rows Removed by Index Recheck": 0,
                    "Exact Heap Blocks": 4355,
                    "Lossy Heap Blocks": 0,
                    "Plans": [
                      {
                        "Node Type": "Bitmap Index Scan",
                        "Parent Relationship": "Outer",
                        "Parallel Aware": false,
                        "Index Name": "info_type_id_movie_info",
                        "Startup Cost": 0.0,
                        "Total Cost": 23655.37,
                        "Plan Rows": 1324124,
                        "Plan Width": 0,
                        "Actual Startup Time": 46.688,
                        "Actual Total Time": 46.689,
                        "Actual Rows": 1325361,
                        "Actual Loops": 1,
                        "Index Cond": "(info_type_id = 8)"
                      }
                    ]
                  },
                  {
                    "Node Type": "Hash",
                    "Parent Relationship": "Inner",
                    "Parallel Aware": true,
                    "Startup Cost": 105584.31,
                    "Total Cost": 105584.31,
                    "Plan Rows": 184859,
                    "Plan Width": 8,
                    "Actual Startup Time": 593.05,
                    "Actual Total Time": 593.055,
                    "Actual Rows": 100064,
                    "Actual Loops": 2,
                    "Hash Buckets": 524288,
                    "Original Hash Buckets": 524288,
                    "Hash Batches": 1,
                    "Original Hash Batches": 1,
                    "Peak Memory Usage": 11968,
                    "Plans": [
                      {
                        "Node Type": "Hash Join",
                        "Parent Relationship": "Outer",
                        "Parallel Aware": true,
                        "Join Type": "Inner",
                        "Startup Cost": 77339.99,
                        "Total Cost": 105584.31,
                        "Plan Rows": 184859,
                        "Plan Width": 8,
                        "Actual Startup Time": 438.602,
                        "Actual Total Time": 569.458,
                        "Actual Rows": 100064,
                        "Actual Loops": 2,
                        "Inner Unique": true,
                        "Hash Cond": "(mk.movie_id = t.id)",
                        "Plans": [
                          {
                            "Node Type": "Bitmap Heap Scan",
                            "Parent Relationship": "Outer",
                            "Parallel Aware": true,
                            "Relation Name": "movie_keyword",
                            "Alias": "mk",
                            "Startup Cost": 9038.09,
                            "Total Cost": 36624.59,
                            "Plan Rows": 250600,
                            "Plan Width": 4,
                            "Actual Startup Time": 31.482,
                            "Actual Total Time": 95.08,
                            "Actual Rows": 221266,
                            "Actual Loops": 2,
                            "Recheck Cond": "(keyword_id < 347)",
                            "Rows Removed by Index Recheck": 0,
                            "Exact Heap Blocks": 13739,
                            "Lossy Heap Blocks": 0,
                            "Plans": [
                              {
                                "Node Type": "Bitmap Index Scan",
                                "Parent Relationship": "Outer",
                                "Parallel Aware": false,
                                "Index Name": "keyword_id_movie_keyword",
                                "Startup Cost": 0.0,
                                "Total Cost": 8931.58,
                                "Plan Rows": 426020,
                                "Plan Width": 0,
                                "Actual Startup Time": 27.833,
                                "Actual Total Time": 27.833,
                                "Actual Rows": 442531,
                                "Actual Loops": 1,
                                "Index Cond": "(keyword_id < 347)"
                              }
                            ]
                          },
                          {
                            "Node Type": "Hash",
                            "Parent Relationship": "Inner",
                            "Parallel Aware": true,
                            "Startup Cost": 54588.39,
                            "Total Cost": 54588.39,
                            "Plan Rows": 1097081,
                            "Plan Width": 4,
                            "Actual Startup Time": 395.722,
                            "Actual Total Time": 395.723,
                            "Actual Rows": 932744,
                            "Actual Loops": 2,
                            "Hash Buckets": 2097152,
                            "Original Hash Buckets": 2097152,
                            "Hash Batches": 1,
                            "Original Hash Batches": 1,
                            "Peak Memory Usage": 89376,
                            "Plans": [
                              {
                                "Node Type": "Seq Scan",
                                "Parent Relationship": "Outer",
                                "Parallel Aware": true,
                                "Relation Name": "title",
                                "Alias": "t",
                                "Startup Cost": 0.0,
                                "Total Cost": 54588.39,
                                "Plan Rows": 1097081,
                                "Plan Width": 4,
                                "Actual Startup Time": 0.042,
                                "Actual Total Time": 168.117,
                                "Actual Rows": 932744,
                                "Actual Loops": 2,
                                "Filter": "(kind_id > 1)",
                                "Rows Removed by Filter": 331412
                              }
                            ]
                          }
                        ]
                      }
                    ]
                  }
                ]
              }
            ]
          }
        ]
      }
    ]
  },
  "Planning Time": 0.97,
  "Triggers": [],
  "Execution Time": 829.849
}