[
  {
    "Plan": {
      "Node Type": "Aggregate",
      "Strategy": "Plain",
      "Partial Mode": "Finalize",
      "Parallel Aware": false,
      "Startup Cost": 395787.17,
      "Total Cost": 395787.18,
      "Plan Rows": 1,
      "Plan Width": 8,
      "Actual Startup Time": 4373.327,
      "Actual Total Time": 4482.659,
      "Actual Rows": 1,
      "Actual Loops": 1,
      "Plans": [
        {
          "Node Type": "Gather",
          "Parent Relationship": "Outer",
          "Parallel Aware": false,
          "Startup Cost": 395786.65,
          "Total Cost": 395787.16,
          "Plan Rows": 5,
          "Plan Width": 8,
          "Actual Startup Time": 4371.996,
          "Actual Total Time": 4482.648,
          "Actual Rows": 6,
          "Actual Loops": 1,
          "Workers Planned": 5,
          "Workers Launched": 5,
          "Single Copy": false,
          "Plans": [
            {
              "Node Type": "Aggregate",
              "Strategy": "Plain",
              "Partial Mode": "Partial",
              "Parent Relationship": "Outer",
              "Parallel Aware": false,
              "Startup Cost": 394786.65,
              "Total Cost": 394786.66,
              "Plan Rows": 1,
              "Plan Width": 8,
              "Actual Startup Time": 4361.688,
              "Actual Total Time": 4361.692,
              "Actual Rows": 1,
              "Actual Loops": 6,
              "Plans": [
                {
                  "Node Type": "Nested Loop",
                  "Parent Relationship": "Outer",
                  "Parallel Aware": false,
                  "Join Type": "Inner",
                  "Startup Cost": 45932.44,
                  "Total Cost": 392226.0,
                  "Plan Rows": 1024260,
                  "Plan Width": 0,
                  "Actual Startup Time": 113.429,
                  "Actual Total Time": 4165.751,
                  "Actual Rows": 4266543,
                  "Actual Loops": 6,
                  "Inner Unique": false,
                  "Join Filter": "(t.id = ci.movie_id)",
                  "Rows Removed by Join Filter": 0,
                  "Plans": [
                    {
                      "Node Type": "Hash Join",
                      "Parent Relationship": "Outer",
                      "Parallel Aware": true,
                      "Join Type": "Inner",
                      "Startup Cost": 45931.87,
                      "Total Cost": 248185.49,
                      "Plan Rows": 72075,
                      "Plan Width": 8,
                      "Actual Startup Time": 113.332,
                      "Actual Total Time": 621.21,
                      "Actual Rows": 127834,
                      "Actual Loops": 6,
                      "Inner Unique": true,
                      "Hash Cond": "(mi.movie_id = t.id)",
                      "Plans": [
                        {
                          "Node Type": "Seq Scan",
                          "Parent Relationship": "Outer",
                          "Parallel Aware": true,
                          "Relation Name": "movie_info",
                          "Alias": "mi",
                          "Startup Cost": 0.0,
                          "Total Cost": 198952.16,
                          "Plan Rows": 1257696,
                          "Plan Width": 4,
                          "Actual Startup Time": 17.76,
                          "Actual Total Time": 307.133,
                          "Actual Rows": 1037249,
                          "Actual Loops": 6,
                          "Filter": "(info_type_id > 8)",
                          "Rows Removed by Filter": 1435371
                        },
                        {
                          "Node Type": "Hash",
                          "Parent Relationship": "Inner",
                          "Parallel Aware": true,
                          "Startup Cost": 45479.1,
                          "Total Cost": 45479.1,
                          "Plan Rows": 36222,
                          "Plan Width": 4,
                          "Actual Startup Time": 93.382,
                          "Actual Total Time": 93.383,
                          "Actual Rows": 41979,
                          "Actual Loops": 6,
                          "Hash Buckets": 262144,
                          "Original Hash Buckets": 262144,
                          "Hash Batches": 1,
                          "Original Hash Batches": 1,
                          "Peak Memory Usage": 12000,
                          "Plans": [
                            {
                              "Node Type": "Seq Scan",
                              "Parent Relationship": "Outer",
                              "Parallel Aware": true,
                              "Relation Name": "title",
                              "Alias": "t",
                              "Startup Cost": 0.0,
                              "Total Cost": 45479.1,
                              "Plan Rows": 36222,
                              "Plan Width": 4,
                              "Actual Startup Time": 0.088,
                              "Actual Total Time": 79.114,
                              "Actual Rows": 41979,
                              "Actual Loops": 6,
                              "Filter": "((kind_id < 7) AND (production_year < 1971))",
                              "Rows Removed by Filter": 379406
                            }
                          ]
                        }
                      ]
                    },
                    {
                      "Node Type": "Index Scan",
                      "Parent Relationship": "Inner",
                      "Parallel Aware": false,
                      "Scan Direction": "Forward",
                      "Index Name": "movie_id_cast_info",
                      "Relation Name": "cast_info",
                      "Alias": "ci",
                      "Startup Cost": 0.56,
                      "Total Cost": 1.55,
                      "Plan Rows": 36,
                      "Plan Width": 4,
                      "Actual Startup Time": 0.004,
                      "Actual Total Time": 0.025,
                      "Actual Rows": 33,
                      "Actual Loops": 767001,
                      "Index Cond": "(movie_id = mi.movie_id)",
                      "Rows Removed by Index Recheck": 0,
                      "Filter": "(role_id < 11)",
                      "Rows Removed by Filter": 0
                    }
                  ]
                }
              ]
            }
          ]
        }
      ]
    },
    "Planning Time": 1.411,
    "Triggers": [],
    "Execution Time": 4482.769
  }
]