[
    {
        "Bao": {
            "Bao prediction": 439.164,
            "Bao recommended hint": "(no hint)"
        }
    },
    {
        "Plan": {
            "Node Type": "Aggregate",
            "Strategy": "Plain",
            "Partial Mode": "Finalize",
            "Parallel Aware": false,
            "Startup Cost": 32694.7,
            "Total Cost": 32694.71,
            "Plan Rows": 1,
            "Plan Width": 8,
            "Actual Startup Time": 99.451,
            "Actual Total Time": 107.571,
            "Actual Rows": 1,
            "Actual Loops": 1,
            "Output": [
                "count(*)"
            ],
            "Plans": [
                {
                    "Node Type": "Gather",
                    "Parent Relationship": "Outer",
                    "Parallel Aware": false,
                    "Startup Cost": 32694.39,
                    "Total Cost": 32694.7,
                    "Plan Rows": 3,
                    "Plan Width": 8,
                    "Actual Startup Time": 99.352,
                    "Actual Total Time": 107.564,
                    "Actual Rows": 4,
                    "Actual Loops": 1,
                    "Output": [
                        "(PARTIAL count(*))"
                    ],
                    "Workers Planned": 3,
                    "Workers Launched": 3,
                    "Single Copy": false,
                    "Plans": [
                        {
                            "Node Type": "Aggregate",
                            "Strategy": "Plain",
                            "Partial Mode": "Partial",
                            "Parent Relationship": "Outer",
                            "Parallel Aware": false,
                            "Startup Cost": 31694.39,
                            "Total Cost": 31694.4,
                            "Plan Rows": 1,
                            "Plan Width": 8,
                            "Actual Startup Time": 91.575,
                            "Actual Total Time": 91.576,
                            "Actual Rows": 1,
                            "Actual Loops": 4,
                            "Output": [
                                "PARTIAL count(*)"
                            ],
                            "Workers": [
                                {
                                    "Worker Number": 0,
                                    "Actual Startup Time": 89.09,
                                    "Actual Total Time": 89.091,
                                    "Actual Rows": 1,
                                    "Actual Loops": 1
                                },
                                {
                                    "Worker Number": 1,
                                    "Actual Startup Time": 89.159,
                                    "Actual Total Time": 89.16,
                                    "Actual Rows": 1,
                                    "Actual Loops": 1
                                },
                                {
                                    "Worker Number": 2,
                                    "Actual Startup Time": 89.266,
                                    "Actual Total Time": 89.267,
                                    "Actual Rows": 1,
                                    "Actual Loops": 1
                                }
                            ],
                            "Plans": [
                                {
                                    "Node Type": "Seq Scan",
                                    "Parent Relationship": "Outer",
                                    "Parallel Aware": true,
                                    "Relation Name": "movie_companies",
                                    "Schema": "public",
                                    "Alias": "mc",
                                    "Startup Cost": 0.0,
                                    "Total Cost": 31414.82,
                                    "Plan Rows": 111827,
                                    "Plan Width": 0,
                                    "Actual Startup Time": 35.316,
                                    "Actual Total Time": 90.89,
                                    "Actual Rows": 8982,
                                    "Actual Loops": 4,
                                    "Output": [
                                        "id",
                                        "movie_id",
                                        "company_id",
                                        "company_type_id",
                                        "note"
                                    ],
                                    "Filter": "((mc.company_id > 44433) AND (mc.company_type_id = 1))",
                                    "Rows Removed by Filter": 643300,
                                    "Workers": [
                                        {
                                            "Worker Number": 0,
                                            "Actual Startup Time": 32.823,
                                            "Actual Total Time": 88.447,
                                            "Actual Rows": 8116,
                                            "Actual Loops": 1
                                        },
                                        {
                                            "Worker Number": 1,
                                            "Actual Startup Time": 32.908,
                                            "Actual Total Time": 88.498,
                                            "Actual Rows": 8402,
                                            "Actual Loops": 1
                                        },
                                        {
                                            "Worker Number": 2,
                                            "Actual Startup Time": 33.017,
                                            "Actual Total Time": 88.645,
                                            "Actual Rows": 7865,
                                            "Actual Loops": 1
                                        }
                                    ]
                                }
                            ]
                        }
                    ]
                }
            ]
        },
        "Planning Time": 1436.715,
        "Triggers": [],
        "Execution Time": 107.659
    }
]