[
    {
        "Bao": {
            "Bao prediction": "NaN",
            "Bao recommended hint": "(no hint)"
        }
    },
    {
        "Plan": {
            "Node Type": "Aggregate",
            "Strategy": "Plain",
            "Partial Mode": "Finalize",
            "Parallel Aware": false,
            "Startup Cost": 356215.65,
            "Total Cost": 356215.66,
            "Plan Rows": 1,
            "Plan Width": 8,
            "Actual Startup Time": 870.245,
            "Actual Total Time": 903.745,
            "Actual Rows": 1,
            "Actual Loops": 1,
            "Output": [
                "count(*)"
            ],
            "Plans": [
                {
                    "Node Type": "Gather",
                    "Parent Relationship": "Outer",
                    "Parallel Aware": false,
                    "Startup Cost": 356215.02,
                    "Total Cost": 356215.63,
                    "Plan Rows": 6,
                    "Plan Width": 8,
                    "Actual Startup Time": 870.139,
                    "Actual Total Time": 903.736,
                    "Actual Rows": 7,
                    "Actual Loops": 1,
                    "Output": [
                        "(PARTIAL count(*))"
                    ],
                    "Workers Planned": 6,
                    "Workers Launched": 6,
                    "Single Copy": false,
                    "Plans": [
                        {
                            "Node Type": "Aggregate",
                            "Strategy": "Plain",
                            "Partial Mode": "Partial",
                            "Parent Relationship": "Outer",
                            "Parallel Aware": false,
                            "Startup Cost": 355215.02,
                            "Total Cost": 355215.03,
                            "Plan Rows": 1,
                            "Plan Width": 8,
                            "Actual Startup Time": 860.264,
                            "Actual Total Time": 860.265,
                            "Actual Rows": 1,
                            "Actual Loops": 7,
                            "Output": [
                                "PARTIAL count(*)"
                            ],
                            "Workers": [
                                {
                                    "Worker Number": 0,
                                    "Actual Startup Time": 857.848,
                                    "Actual Total Time": 857.849,
                                    "Actual Rows": 1,
                                    "Actual Loops": 1
                                },
                                {
                                    "Worker Number": 1,
                                    "Actual Startup Time": 858.464,
                                    "Actual Total Time": 858.464,
                                    "Actual Rows": 1,
                                    "Actual Loops": 1
                                },
                                {
                                    "Worker Number": 2,
                                    "Actual Startup Time": 858.493,
                                    "Actual Total Time": 858.495,
                                    "Actual Rows": 1,
                                    "Actual Loops": 1
                                },
                                {
                                    "Worker Number": 3,
                                    "Actual Startup Time": 858.85,
                                    "Actual Total Time": 858.851,
                                    "Actual Rows": 1,
                                    "Actual Loops": 1
                                },
                                {
                                    "Worker Number": 4,
                                    "Actual Startup Time": 859.012,
                                    "Actual Total Time": 859.013,
                                    "Actual Rows": 1,
                                    "Actual Loops": 1
                                },
                                {
                                    "Worker Number": 5,
                                    "Actual Startup Time": 859.602,
                                    "Actual Total Time": 859.603,
                                    "Actual Rows": 1,
                                    "Actual Loops": 1
                                }
                            ],
                            "Plans": [
                                {
                                    "Node Type": "Seq Scan",
                                    "Parent Relationship": "Outer",
                                    "Parallel Aware": true,
                                    "Relation Name": "cast_info",
                                    "Schema": "public",
                                    "Alias": "ci",
                                    "Startup Cost": 0.0,
                                    "Total Cost": 343318.94,
                                    "Plan Rows": 4758432,
                                    "Plan Width": 0,
                                    "Actual Startup Time": 55.673,
                                    "Actual Total Time": 684.145,
                                    "Actual Rows": 4013563,
                                    "Actual Loops": 7,
                                    "Output": [
                                        "id",
                                        "person_id",
                                        "movie_id",
                                        "person_role_id",
                                        "note",
                                        "nr_order",
                                        "role_id"
                                    ],
                                    "Filter": "((ci.person_id > 351161) AND (ci.role_id < 10))",
                                    "Rows Removed by Filter": 1164200,
                                    "Workers": [
                                        {
                                            "Worker Number": 0,
                                            "Actual Startup Time": 53.243,
                                            "Actual Total Time": 679.985,
                                            "Actual Rows": 2696912,
                                            "Actual Loops": 1
                                        },
                                        {
                                            "Worker Number": 1,
                                            "Actual Startup Time": 53.858,
                                            "Actual Total Time": 687.757,
                                            "Actual Rows": 4201339,
                                            "Actual Loops": 1
                                        },
                                        {
                                            "Worker Number": 2,
                                            "Actual Startup Time": 53.912,
                                            "Actual Total Time": 687.828,
                                            "Actual Rows": 4198144,
                                            "Actual Loops": 1
                                        },
                                        {
                                            "Worker Number": 3,
                                            "Actual Startup Time": 54.267,
                                            "Actual Total Time": 685.319,
                                            "Actual Rows": 3990288,
                                            "Actual Loops": 1
                                        },
                                        {
                                            "Worker Number": 4,
                                            "Actual Startup Time": 54.434,
                                            "Actual Total Time": 689.329,
                                            "Actual Rows": 4178133,
                                            "Actual Loops": 1
                                        },
                                        {
                                            "Worker Number": 5,
                                            "Actual Startup Time": 55.006,
                                            "Actual Total Time": 686.056,
                                            "Actual Rows": 3986816,
                                            "Actual Loops": 1
                                        }
                                    ]
                                }
                            ]
                        }
                    ]
                }
            ]
        },
        "Planning Time": 213.534,
        "Triggers": [],
        "Execution Time": 903.815
    }
]