[
  {
    "Plan": {
      "Node Type": "Aggregate",
      "Strategy": "Plain",
      "Partial Mode": "Finalize",
      "Parallel Aware": false,
      "Startup Cost": 43560.95,
      "Total Cost": 43560.96,
      "Plan Rows": 1,
      "Plan Width": 8,
      "Actual Startup Time": 166.577,
      "Actual Total Time": 176.133,
      "Actual Rows": 1,
      "Actual Loops": 1,
      "Plans": [
        {
          "Node Type": "Gather",
          "Parent Relationship": "Outer",
          "Parallel Aware": false,
          "Startup Cost": 43560.63,
          "Total Cost": 43560.94,
          "Plan Rows": 3,
          "Plan Width": 8,
          "Actual Startup Time": 166.269,
          "Actual Total Time": 176.122,
          "Actual Rows": 4,
          "Actual Loops": 1,
          "Workers Planned": 3,
          "Workers Launched": 3,
          "Single Copy": false,
          "Plans": [
            {
              "Node Type": "Aggregate",
              "Strategy": "Plain",
              "Partial Mode": "Partial",
              "Parent Relationship": "Outer",
              "Parallel Aware": false,
              "Startup Cost": 42560.63,
              "Total Cost": 42560.64,
              "Plan Rows": 1,
              "Plan Width": 8,
              "Actual Startup Time": 158.61,
              "Actual Total Time": 158.611,
              "Actual Rows": 1,
              "Actual Loops": 4,
              "Plans": [
                {
                  "Node Type": "Bitmap Heap Scan",
                  "Parent Relationship": "Outer",
                  "Parallel Aware": true,
                  "Relation Name": "movie_keyword",
                  "Alias": "mk",
                  "Startup Cost": 14743.33,
                  "Total Cost": 42000.08,
                  "Plan Rows": 224220,
                  "Plan Width": 0,
                  "Actual Startup Time": 62.83,
                  "Actual Total Time": 147.668,
                  "Actual Rows": 176475,
                  "Actual Loops": 4,
                  "Recheck Cond": "(keyword_id < 591)",
                  "Rows Removed by Index Recheck": 0,
                  "Exact Heap Blocks": 7305,
                  "Lossy Heap Blocks": 0,
                  "Plans": [
                    {
                      "Node Type": "Bitmap Index Scan",
                      "Parent Relationship": "Outer",
                      "Parallel Aware": false,
                      "Index Name": "keyword_id_movie_keyword",
                      "Startup Cost": 0.0,
                      "Total Cost": 14569.56,
                      "Plan Rows": 695083,
                      "Plan Width": 0,
                      "Actual Startup Time": 63.834,
                      "Actual Total Time": 63.835,
                      "Actual Rows": 705901,
                      "Actual Loops": 1,
                      "Index Cond": "(keyword_id < 591)"
                    }
                  ]
                }
              ]
            }
          ]
        }
      ]
    },
    "Planning Time": 0.189,
    "Triggers": [],
    "Execution Time": 176.212
  }
]