[
  {
    "Plan": {
      "Node Type": "Aggregate",
      "Strategy": "Plain",
      "Partial Mode": "Finalize",
      "Parallel Aware": false,
      "Startup Cost": 45396.97,
      "Total Cost": 45396.98,
      "Plan Rows": 1,
      "Plan Width": 8,
      "Actual Startup Time": 157.388,
      "Actual Total Time": 167.271,
      "Actual Rows": 1,
      "Actual Loops": 1,
      "Plans": [
        {
          "Node Type": "Gather",
          "Parent Relationship": "Outer",
          "Parallel Aware": false,
          "Startup Cost": 45396.65,
          "Total Cost": 45396.96,
          "Plan Rows": 3,
          "Plan Width": 8,
          "Actual Startup Time": 157.305,
          "Actual Total Time": 167.262,
          "Actual Rows": 4,
          "Actual Loops": 1,
          "Workers Planned": 3,
          "Workers Launched": 3,
          "Single Copy": false,
          "Plans": [
            {
              "Node Type": "Aggregate",
              "Strategy": "Plain",
              "Partial Mode": "Partial",
              "Parent Relationship": "Outer",
              "Parallel Aware": false,
              "Startup Cost": 44396.65,
              "Total Cost": 44396.66,
              "Plan Rows": 1,
              "Plan Width": 8,
              "Actual Startup Time": 148.775,
              "Actual Total Time": 148.776,
              "Actual Rows": 1,
              "Actual Loops": 4,
              "Plans": [
                {
                  "Node Type": "Seq Scan",
                  "Parent Relationship": "Outer",
                  "Parallel Aware": true,
                  "Relation Name": "movie_keyword",
                  "Alias": "mk",
                  "Startup Cost": 0.0,
                  "Total Cost": 42695.65,
                  "Plan Rows": 680400,
                  "Plan Width": 0,
                  "Actual Startup Time": 0.061,
                  "Actual Total Time": 122.353,
                  "Actual Rows": 527984,
                  "Actual Loops": 4,
                  "Filter": "(keyword_id < 3842)",
                  "Rows Removed by Filter": 602999
                }
              ]
            }
          ]
        }
      ]
    },
    "Planning Time": 0.193,
    "Triggers": [],
    "Execution Time": 167.331
  }
]