{
  "Plan": {
    "Node Type": "Aggregate",
    "Strategy": "Plain",
    "Partial Mode": "Finalize",
    "Parallel Aware": false,
    "Startup Cost": 782290.58,
    "Total Cost": 782290.59,
    "Plan Rows": 1,
    "Plan Width": 8,
    "Actual Startup Time": 7310.031,
    "Actual Total Time": 7381.93,
    "Actual Rows": 1,
    "Actual Loops": 1,
    "Plans": [
      {
        "Node Type": "Gather",
        "Parent Relationship": "Outer",
        "Parallel Aware": false,
        "Startup Cost": 782290.47,
        "Total Cost": 782290.58,
        "Plan Rows": 1,
        "Plan Width": 8,
        "Actual Startup Time": 7297.866,
        "Actual Total Time": 7381.922,
        "Actual Rows": 2,
        "Actual Loops": 1,
        "Workers Planned": 1,
        "Workers Launched": 1,
        "Single Copy": false,
        "Plans": [
          {
            "Node Type": "Aggregate",
            "Strategy": "Plain",
            "Partial Mode": "Partial",
            "Parent Relationship": "Outer",
            "Parallel Aware": false,
            "Startup Cost": 781290.47,
            "Total Cost": 781290.48,
            "Plan Rows": 1,
            "Plan Width": 8,
            "Actual Startup Time": 7269.35,
            "Actual Total Time": 7269.356,
            "Actual Rows": 1,
            "Actual Loops": 2,
            "Plans": [
              {
                "Node Type": "Hash Join",
                "Parent Relationship": "Outer",
                "Parallel Aware": true,
                "Join Type": "Inner",
                "Startup Cost": 684101.93,
                "Total Cost": 772241.99,
                "Plan Rows": 3619392,
                "Plan Width": 0,
                "Actual Startup Time": 6763.747,
                "Actual Total Time": 7195.668,
                "Actual Rows": 1767282,
                "Actual Loops": 2,
                "Inner Unique": false,
                "Hash Cond": "(mk.movie_id = t.id)",
                "Plans": [
                  {
                    "Node Type": "Seq Scan",
                    "Parent Relationship": "Outer",
                    "Parallel Aware": true,
                    "Relation Name": "movie_keyword",
                    "Alias": "mk",
                    "Startup Cost": 0.0,
                    "Total Cost": 57718.19,
                    "Plan Rows": 913132,
                    "Plan Width": 4,
                    "Actual Startup Time": 0.855,
                    "Actual Total Time": 163.433,
                    "Actual Rows": 779398,
                    "Actual Loops": 2,
                    "Filter": "(keyword_id > 10093)",
                    "Rows Removed by Filter": 1482567
                  },
                  {
                    "Node Type": "Hash",
                    "Parent Relationship": "Inner",
                    "Parallel Aware": true,
                    "Startup Cost": 610415.01,
                    "Total Cost": 610415.01,
                    "Plan Rows": 5894954,
                    "Plan Width": 8,
                    "Actual Startup Time": 6706.314,
                    "Actual Total Time": 6706.318,
                    "Actual Rows": 4721877,
                    "Actual Loops": 2,
                    "Hash Buckets": 16777216,
                    "Original Hash Buckets": 16777216,
                    "Hash Batches": 1,
                    "Original Hash Batches": 1,
                    "Peak Memory Usage": 500544,
                    "Plans": [
                      {
                        "Node Type": "Hash Join",
                        "Parent Relationship": "Outer",
                        "Parallel Aware": true,
                        "Join Type": "Inner",
                        "Startup Cost": 65888.86,
                        "Total Cost": 610415.01,
                        "Plan Rows": 5894954,
                        "Plan Width": 8,
                        "Actual Startup Time": 393.513,
                        "Actual Total Time": 5071.976,
                        "Actual Rows": 4721877,
                        "Actual Loops": 2,
                        "Inner Unique": true,
                        "Hash Cond": "(ci.movie_id = t.id)",
                        "Plans": [
                          {
                            "Node Type": "Seq Scan",
                            "Parent Relationship": "Outer",
                            "Parallel Aware": true,
                            "Relation Name": "cast_info",
                            "Alias": "ci",
                            "Startup Cost": 0.0,
                            "Total Cost": 519069.44,
                            "Plan Rows": 9697775,
                            "Plan Width": 4,
                            "Actual Startup Time": 0.017,
                            "Actual Total Time": 1491.141,
                            "Actual Rows": 8244698,
                            "Actual Loops": 2,
                            "Filter": "(person_id < 1632792)",
                            "Rows Removed by Filter": 9877474
                          },
                          {
                            "Node Type": "Hash",
                            "Parent Relationship": "Inner",
                            "Parallel Aware": true,
                            "Startup Cost": 54588.39,
                            "Total Cost": 54588.39,
                            "Plan Rows": 904038,
                            "Plan Width": 4,
                            "Actual Startup Time": 387.83,
                            "Actual Total Time": 387.831,
                            "Actual Rows": 771632,
                            "Actual Loops": 2,
                            "Hash Buckets": 2097152,
                            "Original Hash Buckets": 2097152,
                            "Hash Batches": 1,
                            "Original Hash Batches": 1,
                            "Peak Memory Usage": 76800,
                            "Plans": [
                              {
                                "Node Type": "Seq Scan",
                                "Parent Relationship": "Outer",
                                "Parallel Aware": true,
                                "Relation Name": "title",
                                "Alias": "t",
                                "Startup Cost": 0.0,
                                "Total Cost": 54588.39,
                                "Plan Rows": 904038,
                                "Plan Width": 4,
                                "Actual Startup Time": 0.038,
                                "Actual Total Time": 177.544,
                                "Actual Rows": 771632,
                                "Actual Loops": 2,
                                "Filter": "(kind_id = 7)",
                                "Rows Removed by Filter": 492524
                              }
                            ]
                          }
                        ]
                      }
                    ]
                  }
                ]
              }
            ]
          }
        ]
      }
    ]
  },
  "Planning Time": 1.084,
  "Triggers": [],
  "Execution Time": 7382.018
}