[
  {
    "Plan": {
      "Node Type": "Aggregate",
      "Strategy": "Plain",
      "Partial Mode": "Finalize",
      "Parallel Aware": false,
      "Startup Cost": 138596.97,
      "Total Cost": 138596.98,
      "Plan Rows": 1,
      "Plan Width": 8,
      "Actual Startup Time": 791.295,
      "Actual Total Time": 859.618,
      "Actual Rows": 1,
      "Actual Loops": 1,
      "Plans": [
        {
          "Node Type": "Gather",
          "Parent Relationship": "Outer",
          "Parallel Aware": false,
          "Startup Cost": 138596.65,
          "Total Cost": 138596.96,
          "Plan Rows": 3,
          "Plan Width": 8,
          "Actual Startup Time": 790.407,
          "Actual Total Time": 859.607,
          "Actual Rows": 4,
          "Actual Loops": 1,
          "Workers Planned": 3,
          "Workers Launched": 3,
          "Single Copy": false,
          "Plans": [
            {
              "Node Type": "Aggregate",
              "Strategy": "Plain",
              "Partial Mode": "Partial",
              "Parent Relationship": "Outer",
              "Parallel Aware": false,
              "Startup Cost": 137596.65,
              "Total Cost": 137596.66,
              "Plan Rows": 1,
              "Plan Width": 8,
              "Actual Startup Time": 781.001,
              "Actual Total Time": 781.005,
              "Actual Rows": 1,
              "Actual Loops": 4,
              "Plans": [
                {
                  "Node Type": "Nested Loop",
                  "Parent Relationship": "Outer",
                  "Parallel Aware": false,
                  "Join Type": "Inner",
                  "Startup Cost": 45761.33,
                  "Total Cost": 137221.35,
                  "Plan Rows": 150121,
                  "Plan Width": 0,
                  "Actual Startup Time": 112.999,
                  "Actual Total Time": 764.441,
                  "Actual Rows": 283132,
                  "Actual Loops": 4,
                  "Inner Unique": false,
                  "Join Filter": "(t.id = ci.movie_id)",
                  "Rows Removed by Join Filter": 0,
                  "Plans": [
                    {
                      "Node Type": "Hash Join",
                      "Parent Relationship": "Outer",
                      "Parallel Aware": true,
                      "Join Type": "Inner",
                      "Startup Cost": 45760.76,
                      "Total Cost": 89865.11,
                      "Plan Rows": 19131,
                      "Plan Width": 8,
                      "Actual Startup Time": 112.885,
                      "Actual Total Time": 264.86,
                      "Actual Rows": 10311,
                      "Actual Loops": 4,
                      "Inner Unique": true,
                      "Hash Cond": "(mk.movie_id = t.id)",
                      "Plans": [
                        {
                          "Node Type": "Seq Scan",
                          "Parent Relationship": "Outer",
                          "Parallel Aware": true,
                          "Relation Name": "movie_keyword",
                          "Alias": "mk",
                          "Startup Cost": 0.0,
                          "Total Cost": 42695.65,
                          "Plan Rows": 536646,
                          "Plan Width": 4,
                          "Actual Startup Time": 0.028,
                          "Actual Total Time": 104.818,
                          "Actual Rows": 420254,
                          "Actual Loops": 4,
                          "Filter": "(keyword_id < 2602)",
                          "Rows Removed by Filter": 710728
                        },
                        {
                          "Node Type": "Hash",
                          "Parent Relationship": "Inner",
                          "Parallel Aware": true,
                          "Startup Cost": 45479.1,
                          "Total Cost": 45479.1,
                          "Plan Rows": 22533,
                          "Plan Width": 4,
                          "Actual Startup Time": 111.048,
                          "Actual Total Time": 111.048,
                          "Actual Rows": 20248,
                          "Actual Loops": 4,
                          "Hash Buckets": 131072,
                          "Original Hash Buckets": 131072,
                          "Hash Batches": 1,
                          "Original Hash Batches": 1,
                          "Peak Memory Usage": 4224,
                          "Plans": [
                            {
                              "Node Type": "Seq Scan",
                              "Parent Relationship": "Outer",
                              "Parallel Aware": true,
                              "Relation Name": "title",
                              "Alias": "t",
                              "Startup Cost": 0.0,
                              "Total Cost": 45479.1,
                              "Plan Rows": 22533,
                              "Plan Width": 4,
                              "Actual Startup Time": 0.145,
                              "Actual Total Time": 102.523,
                              "Actual Rows": 20248,
                              "Actual Loops": 4,
                              "Filter": "((kind_id < 7) AND (production_year > 2011))",
                              "Rows Removed by Filter": 611830
                            }
                          ]
                        }
                      ]
                    },
                    {
                      "Node Type": "Index Scan",
                      "Parent Relationship": "Inner",
                      "Parallel Aware": false,
                      "Scan Direction": "Forward",
                      "Index Name": "movie_id_cast_info",
                      "Relation Name": "cast_info",
                      "Alias": "ci",
                      "Startup Cost": 0.56,
                      "Total Cost": 2.23,
                      "Plan Rows": 20,
                      "Plan Width": 4,
                      "Actual Startup Time": 0.006,
                      "Actual Total Time": 0.045,
                      "Actual Rows": 27,
                      "Actual Loops": 41244,
                      "Index Cond": "(movie_id = mk.movie_id)",
                      "Rows Removed by Index Recheck": 0,
                      "Filter": "(role_id < 3)",
                      "Rows Removed by Filter": 29
                    }
                  ]
                }
              ]
            }
          ]
        }
      ]
    },
    "Planning Time": 1.405,
    "Triggers": [],
    "Execution Time": 859.729
  }
]