[
  {
    "Plan": {
      "Node Type": "Aggregate",
      "Strategy": "Plain",
      "Partial Mode": "Finalize",
      "Parallel Aware": false,
      "Startup Cost": 58724.21,
      "Total Cost": 58724.22,
      "Plan Rows": 1,
      "Plan Width": 8,
      "Actual Startup Time": 91.224,
      "Actual Total Time": 101.153,
      "Actual Rows": 1,
      "Actual Loops": 1,
      "Plans": [
        {
          "Node Type": "Gather",
          "Parent Relationship": "Outer",
          "Parallel Aware": false,
          "Startup Cost": 58723.89,
          "Total Cost": 58724.2,
          "Plan Rows": 3,
          "Plan Width": 8,
          "Actual Startup Time": 91.095,
          "Actual Total Time": 101.145,
          "Actual Rows": 4,
          "Actual Loops": 1,
          "Workers Planned": 3,
          "Workers Launched": 3,
          "Single Copy": false,
          "Plans": [
            {
              "Node Type": "Aggregate",
              "Strategy": "Plain",
              "Partial Mode": "Partial",
              "Parent Relationship": "Outer",
              "Parallel Aware": false,
              "Startup Cost": 57723.89,
              "Total Cost": 57723.9,
              "Plan Rows": 1,
              "Plan Width": 8,
              "Actual Startup Time": 82.085,
              "Actual Total Time": 82.087,
              "Actual Rows": 1,
              "Actual Loops": 4,
              "Plans": [
                {
                  "Node Type": "Nested Loop",
                  "Parent Relationship": "Outer",
                  "Parallel Aware": false,
                  "Join Type": "Inner",
                  "Startup Cost": 1020.86,
                  "Total Cost": 57723.7,
                  "Plan Rows": 77,
                  "Plan Width": 0,
                  "Actual Startup Time": 13.892,
                  "Actual Total Time": 82.075,
                  "Actual Rows": 10,
                  "Actual Loops": 4,
                  "Inner Unique": true,
                  "Plans": [
                    {
                      "Node Type": "Bitmap Heap Scan",
                      "Parent Relationship": "Outer",
                      "Parallel Aware": true,
                      "Relation Name": "movie_companies",
                      "Alias": "mc",
                      "Startup Cost": 1020.43,
                      "Total Cost": 20038.94,
                      "Plan Rows": 7499,
                      "Plan Width": 4,
                      "Actual Startup Time": 4.453,
                      "Actual Total Time": 14.454,
                      "Actual Rows": 10516,
                      "Actual Loops": 4,
                      "Recheck Cond": "(company_id = 19)",
                      "Rows Removed by Index Recheck": 0,
                      "Filter": "(company_type_id = 1)",
                      "Rows Removed by Filter": 1297,
                      "Exact Heap Blocks": 2409,
                      "Lossy Heap Blocks": 0,
                      "Plans": [
                        {
                          "Node Type": "Bitmap Index Scan",
                          "Parent Relationship": "Outer",
                          "Parallel Aware": false,
                          "Index Name": "company_id_movie_companies",
                          "Startup Cost": 0.0,
                          "Total Cost": 1014.62,
                          "Plan Rows": 47225,
                          "Plan Width": 0,
                          "Actual Startup Time": 10.308,
                          "Actual Total Time": 10.308,
                          "Actual Rows": 47252,
                          "Actual Loops": 1,
                          "Index Cond": "(company_id = 19)"
                        }
                      ]
                    },
                    {
                      "Node Type": "Index Scan",
                      "Parent Relationship": "Inner",
                      "Parallel Aware": false,
                      "Scan Direction": "Forward",
                      "Index Name": "title_pkey",
                      "Relation Name": "title",
                      "Alias": "t",
                      "Startup Cost": 0.43,
                      "Total Cost": 5.03,
                      "Plan Rows": 1,
                      "Plan Width": 4,
                      "Actual Startup Time": 0.006,
                      "Actual Total Time": 0.006,
                      "Actual Rows": 0,
                      "Actual Loops": 42064,
                      "Index Cond": "(id = mc.movie_id)",
                      "Rows Removed by Index Recheck": 0,
                      "Filter": "((kind_id < 7) AND (production_year = 2013))",
                      "Rows Removed by Filter": 1
                    }
                  ]
                }
              ]
            }
          ]
        }
      ]
    },
    "Planning Time": 0.669,
    "Triggers": [],
    "Execution Time": 101.271
  }
]