[
    {
        "Bao": {
            "Bao prediction": "NaN",
            "Bao recommended hint": "(no hint)"
        }
    },
    {
        "Plan": {
            "Node Type": "Aggregate",
            "Strategy": "Plain",
            "Partial Mode": "Finalize",
            "Parallel Aware": false,
            "Startup Cost": 33302.75,
            "Total Cost": 33302.76,
            "Plan Rows": 1,
            "Plan Width": 8,
            "Actual Startup Time": 107.403,
            "Actual Total Time": 115.14,
            "Actual Rows": 1,
            "Actual Loops": 1,
            "Output": [
                "count(*)"
            ],
            "Plans": [
                {
                    "Node Type": "Gather",
                    "Parent Relationship": "Outer",
                    "Parallel Aware": false,
                    "Startup Cost": 33302.43,
                    "Total Cost": 33302.74,
                    "Plan Rows": 3,
                    "Plan Width": 8,
                    "Actual Startup Time": 107.324,
                    "Actual Total Time": 115.132,
                    "Actual Rows": 4,
                    "Actual Loops": 1,
                    "Output": [
                        "(PARTIAL count(*))"
                    ],
                    "Workers Planned": 3,
                    "Workers Launched": 3,
                    "Single Copy": false,
                    "Plans": [
                        {
                            "Node Type": "Aggregate",
                            "Strategy": "Plain",
                            "Partial Mode": "Partial",
                            "Parent Relationship": "Outer",
                            "Parallel Aware": false,
                            "Startup Cost": 32302.43,
                            "Total Cost": 32302.44,
                            "Plan Rows": 1,
                            "Plan Width": 8,
                            "Actual Startup Time": 98.972,
                            "Actual Total Time": 98.973,
                            "Actual Rows": 1,
                            "Actual Loops": 4,
                            "Output": [
                                "PARTIAL count(*)"
                            ],
                            "Workers": [
                                {
                                    "Worker Number": 0,
                                    "Actual Startup Time": 95.983,
                                    "Actual Total Time": 95.984,
                                    "Actual Rows": 1,
                                    "Actual Loops": 1
                                },
                                {
                                    "Worker Number": 1,
                                    "Actual Startup Time": 96.55,
                                    "Actual Total Time": 96.551,
                                    "Actual Rows": 1,
                                    "Actual Loops": 1
                                },
                                {
                                    "Worker Number": 2,
                                    "Actual Startup Time": 96.574,
                                    "Actual Total Time": 96.575,
                                    "Actual Rows": 1,
                                    "Actual Loops": 1
                                }
                            ],
                            "Plans": [
                                {
                                    "Node Type": "Seq Scan",
                                    "Parent Relationship": "Outer",
                                    "Parallel Aware": true,
                                    "Relation Name": "movie_companies",
                                    "Schema": "public",
                                    "Alias": "mc",
                                    "Startup Cost": 0.0,
                                    "Total Cost": 31414.82,
                                    "Plan Rows": 355044,
                                    "Plan Width": 0,
                                    "Actual Startup Time": 47.227,
                                    "Actual Total Time": 85.434,
                                    "Actual Rows": 306629,
                                    "Actual Loops": 4,
                                    "Output": [
                                        "id",
                                        "movie_id",
                                        "company_id",
                                        "company_type_id",
                                        "note"
                                    ],
                                    "Filter": "((mc.company_id > 338) AND (mc.company_type_id > 1))",
                                    "Rows Removed by Filter": 345653,
                                    "Workers": [
                                        {
                                            "Worker Number": 0,
                                            "Actual Startup Time": 44.24,
                                            "Actual Total Time": 82.832,
                                            "Actual Rows": 326038,
                                            "Actual Loops": 1
                                        },
                                        {
                                            "Worker Number": 1,
                                            "Actual Startup Time": 44.809,
                                            "Actual Total Time": 83.363,
                                            "Actual Rows": 327378,
                                            "Actual Loops": 1
                                        },
                                        {
                                            "Worker Number": 2,
                                            "Actual Startup Time": 44.838,
                                            "Actual Total Time": 83.355,
                                            "Actual Rows": 328315,
                                            "Actual Loops": 1
                                        }
                                    ]
                                }
                            ]
                        }
                    ]
                }
            ]
        },
        "Planning Time": 285.935,
        "Triggers": [],
        "Execution Time": 115.228
    }
]