{
  "Plan": {
    "Node Type": "Aggregate",
    "Strategy": "Plain",
    "Partial Mode": "Finalize",
    "Parallel Aware": false,
    "Startup Cost": 111129.13,
    "Total Cost": 111129.14,
    "Plan Rows": 1,
    "Plan Width": 8,
    "Actual Startup Time": 731.924,
    "Actual Total Time": 749.82,
    "Actual Rows": 1,
    "Actual Loops": 1,
    "Plans": [
      {
        "Node Type": "Gather",
        "Parent Relationship": "Outer",
        "Parallel Aware": false,
        "Startup Cost": 111129.02,
        "Total Cost": 111129.13,
        "Plan Rows": 1,
        "Plan Width": 8,
        "Actual Startup Time": 729.127,
        "Actual Total Time": 749.811,
        "Actual Rows": 2,
        "Actual Loops": 1,
        "Workers Planned": 1,
        "Workers Launched": 1,
        "Single Copy": false,
        "Plans": [
          {
            "Node Type": "Aggregate",
            "Strategy": "Plain",
            "Partial Mode": "Partial",
            "Parent Relationship": "Outer",
            "Parallel Aware": false,
            "Startup Cost": 110129.02,
            "Total Cost": 110129.03,
            "Plan Rows": 1,
            "Plan Width": 8,
            "Actual Startup Time": 723.51,
            "Actual Total Time": 723.821,
            "Actual Rows": 1,
            "Actual Loops": 2,
            "Plans": [
              {
                "Node Type": "Hash Join",
                "Parent Relationship": "Outer",
                "Parallel Aware": true,
                "Join Type": "Inner",
                "Startup Cost": 45208.34,
                "Total Cost": 109488.94,
                "Plan Rows": 256032,
                "Plan Width": 0,
                "Actual Startup Time": 229.099,
                "Actual Total Time": 706.625,
                "Actual Rows": 330214,
                "Actual Loops": 2,
                "Inner Unique": false,
                "Hash Cond": "(t.id = mc.movie_id)",
                "Plans": [
                  {
                    "Node Type": "Seq Scan",
                    "Parent Relationship": "Outer",
                    "Parallel Aware": true,
                    "Relation Name": "title",
                    "Alias": "t",
                    "Startup Cost": 0.0,
                    "Total Cost": 54588.39,
                    "Plan Rows": 1309782,
                    "Plan Width": 4,
                    "Actual Startup Time": 0.023,
                    "Actual Total Time": 186.029,
                    "Actual Rows": 1112284,
                    "Actual Loops": 2,
                    "Filter": "(production_year < 2012)",
                    "Rows Removed by Filter": 151872
                  },
                  {
                    "Node Type": "Hash",
                    "Parent Relationship": "Inner",
                    "Parallel Aware": true,
                    "Startup Cost": 41574.35,
                    "Total Cost": 41574.35,
                    "Plan Rows": 290719,
                    "Plan Width": 4,
                    "Actual Startup Time": 224.894,
                    "Actual Total Time": 224.895,
                    "Actual Rows": 349861,
                    "Actual Loops": 2,
                    "Hash Buckets": 1048576,
                    "Original Hash Buckets": 524288,
                    "Hash Batches": 1,
                    "Original Hash Batches": 1,
                    "Peak Memory Usage": 39680,
                    "Plans": [
                      {
                        "Node Type": "Index Scan",
                        "Parent Relationship": "Outer",
                        "Parallel Aware": true,
                        "Scan Direction": "Forward",
                        "Index Name": "company_type_id_movie_companies",
                        "Relation Name": "movie_companies",
                        "Alias": "mc",
                        "Startup Cost": 0.43,
                        "Total Cost": 41574.35,
                        "Plan Rows": 290719,
                        "Plan Width": 4,
                        "Actual Startup Time": 0.098,
                        "Actual Total Time": 133.458,
                        "Actual Rows": 349861,
                        "Actual Loops": 2,
                        "Index Cond": "(company_type_id < 2)",
                        "Rows Removed by Index Recheck": 0,
                        "Filter": "(company_id < 4706)",
                        "Rows Removed by Filter": 287262
                      }
                    ]
                  }
                ]
              }
            ]
          }
        ]
      }
    ]
  },
  "Planning Time": 0.314,
  "Triggers": [],
  "Execution Time": 749.88
}