[
    {
        "Bao": {
            "Bao prediction": "NaN",
            "Bao recommended hint": "(no hint)"
        }
    },
    {
        "Plan": {
            "Node Type": "Aggregate",
            "Strategy": "Plain",
            "Partial Mode": "Finalize",
            "Parallel Aware": false,
            "Startup Cost": 23940.61,
            "Total Cost": 23940.62,
            "Plan Rows": 1,
            "Plan Width": 8,
            "Actual Startup Time": 35.745,
            "Actual Total Time": 38.761,
            "Actual Rows": 1,
            "Actual Loops": 1,
            "Output": [
                "count(*)"
            ],
            "Plans": [
                {
                    "Node Type": "Gather",
                    "Parent Relationship": "Outer",
                    "Parallel Aware": false,
                    "Startup Cost": 23940.29,
                    "Total Cost": 23940.6,
                    "Plan Rows": 3,
                    "Plan Width": 8,
                    "Actual Startup Time": 35.605,
                    "Actual Total Time": 38.756,
                    "Actual Rows": 4,
                    "Actual Loops": 1,
                    "Output": [
                        "(PARTIAL count(*))"
                    ],
                    "Workers Planned": 3,
                    "Workers Launched": 3,
                    "Single Copy": false,
                    "Plans": [
                        {
                            "Node Type": "Aggregate",
                            "Strategy": "Plain",
                            "Partial Mode": "Partial",
                            "Parent Relationship": "Outer",
                            "Parallel Aware": false,
                            "Startup Cost": 22940.29,
                            "Total Cost": 22940.3,
                            "Plan Rows": 1,
                            "Plan Width": 8,
                            "Actual Startup Time": 27.233,
                            "Actual Total Time": 27.234,
                            "Actual Rows": 1,
                            "Actual Loops": 4,
                            "Output": [
                                "PARTIAL count(*)"
                            ],
                            "Workers": [
                                {
                                    "Worker Number": 0,
                                    "Actual Startup Time": 24.198,
                                    "Actual Total Time": 24.199,
                                    "Actual Rows": 1,
                                    "Actual Loops": 1
                                },
                                {
                                    "Worker Number": 1,
                                    "Actual Startup Time": 24.52,
                                    "Actual Total Time": 24.522,
                                    "Actual Rows": 1,
                                    "Actual Loops": 1
                                },
                                {
                                    "Worker Number": 2,
                                    "Actual Startup Time": 24.852,
                                    "Actual Total Time": 24.853,
                                    "Actual Rows": 1,
                                    "Actual Loops": 1
                                }
                            ],
                            "Plans": [
                                {
                                    "Node Type": "Bitmap Heap Scan",
                                    "Parent Relationship": "Outer",
                                    "Parallel Aware": true,
                                    "Relation Name": "movie_companies",
                                    "Schema": "public",
                                    "Alias": "mc",
                                    "Startup Cost": 3337.43,
                                    "Total Cost": 22876.63,
                                    "Plan Rows": 25465,
                                    "Plan Width": 0,
                                    "Actual Startup Time": 2.171,
                                    "Actual Total Time": 24.539,
                                    "Actual Rows": 39328,
                                    "Actual Loops": 4,
                                    "Recheck Cond": "(mc.company_id > 128912)",
                                    "Rows Removed by Index Recheck": 0,
                                    "Filter": "(mc.company_type_id = 2)",
                                    "Rows Removed by Filter": 0,
                                    "Exact Heap Blocks": 2495,
                                    "Lossy Heap Blocks": 0,
                                    "Workers": [
                                        {
                                            "Worker Number": 0,
                                            "Actual Startup Time": 0.162,
                                            "Actual Total Time": 21.865,
                                            "Actual Rows": 19744,
                                            "Actual Loops": 1
                                        },
                                        {
                                            "Worker Number": 1,
                                            "Actual Startup Time": 0.213,
                                            "Actual Total Time": 22.327,
                                            "Actual Rows": 19064,
                                            "Actual Loops": 1
                                        },
                                        {
                                            "Worker Number": 2,
                                            "Actual Startup Time": 0.161,
                                            "Actual Total Time": 22.546,
                                            "Actual Rows": 20414,
                                            "Actual Loops": 1
                                        }
                                    ],
                                    "Plans": [
                                        {
                                            "Node Type": "Bitmap Index Scan",
                                            "Parent Relationship": "Outer",
                                            "Parallel Aware": false,
                                            "Index Name": "company_id_movie_companies",
                                            "Startup Cost": 0.0,
                                            "Total Cost": 3317.69,
                                            "Plan Rows": 154835,
                                            "Plan Width": 0,
                                            "Actual Startup Time": 7.449,
                                            "Actual Total Time": 7.45,
                                            "Actual Rows": 157312,
                                            "Actual Loops": 1,
                                            "Index Cond": "(mc.company_id > 128912)"
                                        }
                                    ]
                                }
                            ]
                        }
                    ]
                }
            ]
        },
        "Planning Time": 178.804,
        "Triggers": [],
        "Execution Time": 38.807
    }
]