[
  {
    "Plan": {
      "Node Type": "Aggregate",
      "Strategy": "Plain",
      "Partial Mode": "Finalize",
      "Parallel Aware": false,
      "Startup Cost": 317689.15,
      "Total Cost": 317689.16,
      "Plan Rows": 1,
      "Plan Width": 8,
      "Actual Startup Time": 220.699,
      "Actual Total Time": 260.301,
      "Actual Rows": 1,
      "Actual Loops": 1,
      "Plans": [
        {
          "Node Type": "Gather",
          "Parent Relationship": "Outer",
          "Parallel Aware": false,
          "Startup Cost": 317688.73,
          "Total Cost": 317689.14,
          "Plan Rows": 4,
          "Plan Width": 8,
          "Actual Startup Time": 220.688,
          "Actual Total Time": 260.294,
          "Actual Rows": 5,
          "Actual Loops": 1,
          "Workers Planned": 4,
          "Workers Launched": 4,
          "Single Copy": false,
          "Plans": [
            {
              "Node Type": "Aggregate",
              "Strategy": "Plain",
              "Partial Mode": "Partial",
              "Parent Relationship": "Outer",
              "Parallel Aware": false,
              "Startup Cost": 316688.73,
              "Total Cost": 316688.74,
              "Plan Rows": 1,
              "Plan Width": 8,
              "Actual Startup Time": 210.495,
              "Actual Total Time": 210.496,
              "Actual Rows": 1,
              "Actual Loops": 5,
              "Plans": [
                {
                  "Node Type": "Nested Loop",
                  "Parent Relationship": "Outer",
                  "Parallel Aware": false,
                  "Join Type": "Inner",
                  "Startup Cost": 0.56,
                  "Total Cost": 316596.98,
                  "Plan Rows": 36702,
                  "Plan Width": 0,
                  "Actual Startup Time": 57.907,
                  "Actual Total Time": 208.45,
                  "Actual Rows": 25039,
                  "Actual Loops": 5,
                  "Inner Unique": false,
                  "Plans": [
                    {
                      "Node Type": "Seq Scan",
                      "Parent Relationship": "Outer",
                      "Parallel Aware": true,
                      "Relation Name": "title",
                      "Alias": "t",
                      "Startup Cost": 0.0,
                      "Total Cost": 45479.1,
                      "Plan Rows": 3427,
                      "Plan Width": 4,
                      "Actual Startup Time": 57.818,
                      "Actual Total Time": 79.092,
                      "Actual Rows": 1748,
                      "Actual Loops": 5,
                      "Filter": "((kind_id = 1) AND (production_year = 2001))",
                      "Rows Removed by Filter": 503914
                    },
                    {
                      "Node Type": "Index Scan",
                      "Parent Relationship": "Inner",
                      "Parallel Aware": false,
                      "Scan Direction": "Forward",
                      "Index Name": "movie_id_cast_info",
                      "Relation Name": "cast_info",
                      "Alias": "ci",
                      "Startup Cost": 0.56,
                      "Total Cost": 78.84,
                      "Plan Rows": 27,
                      "Plan Width": 4,
                      "Actual Startup Time": 0.012,
                      "Actual Total Time": 0.072,
                      "Actual Rows": 14,
                      "Actual Loops": 8740,
                      "Index Cond": "(movie_id = t.id)",
                      "Rows Removed by Index Recheck": 0,
                      "Filter": "(person_id < 2790188)",
                      "Rows Removed by Filter": 6
                    }
                  ]
                }
              ]
            }
          ]
        }
      ]
    },
    "Planning Time": 0.691,
    "Triggers": [],
    "Execution Time": 260.389
  }
]