[
    {
        "Bao": {
            "Bao prediction": 1117.717,
            "Bao recommended hint": "(no hint)"
        }
    },
    {
        "Plan": {
            "Node Type": "Aggregate",
            "Strategy": "Plain",
            "Partial Mode": "Finalize",
            "Parallel Aware": false,
            "Startup Cost": 118436.55,
            "Total Cost": 118436.56,
            "Plan Rows": 1,
            "Plan Width": 8,
            "Actual Startup Time": 548.921,
            "Actual Total Time": 562.134,
            "Actual Rows": 1,
            "Actual Loops": 1,
            "Output": [
                "count(*)"
            ],
            "Plans": [
                {
                    "Node Type": "Gather",
                    "Parent Relationship": "Outer",
                    "Parallel Aware": false,
                    "Startup Cost": 118436.24,
                    "Total Cost": 118436.55,
                    "Plan Rows": 3,
                    "Plan Width": 8,
                    "Actual Startup Time": 547.241,
                    "Actual Total Time": 562.123,
                    "Actual Rows": 4,
                    "Actual Loops": 1,
                    "Output": [
                        "(PARTIAL count(*))"
                    ],
                    "Workers Planned": 3,
                    "Workers Launched": 3,
                    "Single Copy": false,
                    "Plans": [
                        {
                            "Node Type": "Aggregate",
                            "Strategy": "Plain",
                            "Partial Mode": "Partial",
                            "Parent Relationship": "Outer",
                            "Parallel Aware": false,
                            "Startup Cost": 117436.24,
                            "Total Cost": 117436.25,
                            "Plan Rows": 1,
                            "Plan Width": 8,
                            "Actual Startup Time": 537.608,
                            "Actual Total Time": 537.614,
                            "Actual Rows": 1,
                            "Actual Loops": 4,
                            "Output": [
                                "PARTIAL count(*)"
                            ],
                            "Workers": [
                                {
                                    "Worker Number": 0,
                                    "Actual Startup Time": 534.731,
                                    "Actual Total Time": 534.736,
                                    "Actual Rows": 1,
                                    "Actual Loops": 1
                                },
                                {
                                    "Worker Number": 1,
                                    "Actual Startup Time": 534.677,
                                    "Actual Total Time": 534.684,
                                    "Actual Rows": 1,
                                    "Actual Loops": 1
                                },
                                {
                                    "Worker Number": 2,
                                    "Actual Startup Time": 534.644,
                                    "Actual Total Time": 534.649,
                                    "Actual Rows": 1,
                                    "Actual Loops": 1
                                }
                            ],
                            "Plans": [
                                {
                                    "Node Type": "Hash Join",
                                    "Parent Relationship": "Outer",
                                    "Parallel Aware": true,
                                    "Join Type": "Inner",
                                    "Startup Cost": 72517.89,
                                    "Total Cost": 117236.97,
                                    "Plan Rows": 79706,
                                    "Plan Width": 0,
                                    "Actual Startup Time": 287.906,
                                    "Actual Total Time": 534.239,
                                    "Actual Rows": 49149,
                                    "Actual Loops": 4,
                                    "Inner Unique": false,
                                    "Hash Cond": "(mk.movie_id = t.id)",
                                    "Workers": [
                                        {
                                            "Worker Number": 0,
                                            "Actual Startup Time": 285.002,
                                            "Actual Total Time": 531.353,
                                            "Actual Rows": 48599,
                                            "Actual Loops": 1
                                        },
                                        {
                                            "Worker Number": 1,
                                            "Actual Startup Time": 284.972,
                                            "Actual Total Time": 531.375,
                                            "Actual Rows": 47598,
                                            "Actual Loops": 1
                                        },
                                        {
                                            "Worker Number": 2,
                                            "Actual Startup Time": 284.965,
                                            "Actual Total Time": 531.371,
                                            "Actual Rows": 46828,
                                            "Actual Loops": 1
                                        }
                                    ],
                                    "Plans": [
                                        {
                                            "Node Type": "Seq Scan",
                                            "Parent Relationship": "Outer",
                                            "Parallel Aware": true,
                                            "Relation Name": "movie_keyword",
                                            "Schema": "public",
                                            "Alias": "mk",
                                            "Startup Cost": 0.0,
                                            "Total Cost": 39047.32,
                                            "Plan Rows": 1459332,
                                            "Plan Width": 4,
                                            "Actual Startup Time": 0.012,
                                            "Actual Total Time": 120.978,
                                            "Actual Rows": 1130982,
                                            "Actual Loops": 4,
                                            "Output": [
                                                "mk.id",
                                                "mk.movie_id",
                                                "mk.keyword_id"
                                            ],
                                            "Workers": [
                                                {
                                                    "Worker Number": 0,
                                                    "Actual Startup Time": 0.012,
                                                    "Actual Total Time": 122.93,
                                                    "Actual Rows": 1105870,
                                                    "Actual Loops": 1
                                                },
                                                {
                                                    "Worker Number": 1,
                                                    "Actual Startup Time": 0.014,
                                                    "Actual Total Time": 122.889,
                                                    "Actual Rows": 1109445,
                                                    "Actual Loops": 1
                                                },
                                                {
                                                    "Worker Number": 2,
                                                    "Actual Startup Time": 0.016,
                                                    "Actual Total Time": 123.896,
                                                    "Actual Rows": 1081695,
                                                    "Actual Loops": 1
                                                }
                                            ]
                                        },
                                        {
                                            "Node Type": "Hash",
                                            "Parent Relationship": "Inner",
                                            "Parallel Aware": true,
                                            "Startup Cost": 72086.36,
                                            "Total Cost": 72086.36,
                                            "Plan Rows": 34523,
                                            "Plan Width": 8,
                                            "Actual Startup Time": 285.704,
                                            "Actual Total Time": 285.709,
                                            "Actual Rows": 15621,
                                            "Actual Loops": 4,
                                            "Output": [
                                                "t.id",
                                                "mc.movie_id"
                                            ],
                                            "Hash Buckets": 262144,
                                            "Original Hash Buckets": 262144,
                                            "Hash Batches": 1,
                                            "Original Hash Batches": 1,
                                            "Peak Memory Usage": 4512,
                                            "Workers": [
                                                {
                                                    "Worker Number": 0,
                                                    "Actual Startup Time": 284.537,
                                                    "Actual Total Time": 284.541,
                                                    "Actual Rows": 14721,
                                                    "Actual Loops": 1
                                                },
                                                {
                                                    "Worker Number": 1,
                                                    "Actual Startup Time": 284.581,
                                                    "Actual Total Time": 284.586,
                                                    "Actual Rows": 14694,
                                                    "Actual Loops": 1
                                                },
                                                {
                                                    "Worker Number": 2,
                                                    "Actual Startup Time": 284.535,
                                                    "Actual Total Time": 284.539,
                                                    "Actual Rows": 14455,
                                                    "Actual Loops": 1
                                                }
                                            ],
                                            "Plans": [
                                                {
                                                    "Node Type": "Hash Join",
                                                    "Parent Relationship": "Outer",
                                                    "Parallel Aware": true,
                                                    "Join Type": "Inner",
                                                    "Startup Cost": 26495.79,
                                                    "Total Cost": 72086.36,
                                                    "Plan Rows": 34523,
                                                    "Plan Width": 8,
                                                    "Actual Startup Time": 86.156,
                                                    "Actual Total Time": 278.011,
                                                    "Actual Rows": 15621,
                                                    "Actual Loops": 4,
                                                    "Output": [
                                                        "t.id",
                                                        "mc.movie_id"
                                                    ],
                                                    "Inner Unique": false,
                                                    "Hash Cond": "(t.id = mc.movie_id)",
                                                    "Workers": [
                                                        {
                                                            "Worker Number": 0,
                                                            "Actual Startup Time": 84.989,
                                                            "Actual Total Time": 277.102,
                                                            "Actual Rows": 14721,
                                                            "Actual Loops": 1
                                                        },
                                                        {
                                                            "Worker Number": 1,
                                                            "Actual Startup Time": 85.022,
                                                            "Actual Total Time": 276.35,
                                                            "Actual Rows": 14694,
                                                            "Actual Loops": 1
                                                        },
                                                        {
                                                            "Worker Number": 2,
                                                            "Actual Startup Time": 84.942,
                                                            "Actual Total Time": 276.888,
                                                            "Actual Rows": 14455,
                                                            "Actual Loops": 1
                                                        }
                                                    ],
                                                    "Plans": [
                                                        {
                                                            "Node Type": "Seq Scan",
                                                            "Parent Relationship": "Outer",
                                                            "Parallel Aware": true,
                                                            "Relation Name": "title",
                                                            "Schema": "public",
                                                            "Alias": "t",
                                                            "Startup Cost": 0.0,
                                                            "Total Cost": 42318.81,
                                                            "Plan Rows": 632080,
                                                            "Plan Width": 4,
                                                            "Actual Startup Time": 0.006,
                                                            "Actual Total Time": 92.099,
                                                            "Actual Rows": 632078,
                                                            "Actual Loops": 4,
                                                            "Output": [
                                                                "t.id",
                                                                "t.title",
                                                                "t.imdb_index",
                                                                "t.kind_id",
                                                                "t.production_year",
                                                                "t.imdb_id",
                                                                "t.phonetic_code",
                                                                "t.episode_of_id",
                                                                "t.season_nr",
                                                                "t.episode_nr",
                                                                "t.series_years",
                                                                "t.md5sum"
                                                            ],
                                                            "Workers": [
                                                                {
                                                                    "Worker Number": 0,
                                                                    "Actual Startup Time": 0.007,
                                                                    "Actual Total Time": 94.078,
                                                                    "Actual Rows": 597184,
                                                                    "Actual Loops": 1
                                                                },
                                                                {
                                                                    "Worker Number": 1,
                                                                    "Actual Startup Time": 0.007,
                                                                    "Actual Total Time": 93.327,
                                                                    "Actual Rows": 592170,
                                                                    "Actual Loops": 1
                                                                },
                                                                {
                                                                    "Worker Number": 2,
                                                                    "Actual Startup Time": 0.006,
                                                                    "Actual Total Time": 94.106,
                                                                    "Actual Rows": 589658,
                                                                    "Actual Loops": 1
                                                                }
                                                            ]
                                                        },
                                                        {
                                                            "Node Type": "Hash",
                                                            "Parent Relationship": "Inner",
                                                            "Parallel Aware": true,
                                                            "Startup Cost": 25938.97,
                                                            "Total Cost": 25938.97,
                                                            "Plan Rows": 44546,
                                                            "Plan Width": 4,
                                                            "Actual Startup Time": 84.935,
                                                            "Actual Total Time": 84.936,
                                                            "Actual Rows": 15621,
                                                            "Actual Loops": 4,
                                                            "Output": [
                                                                "mc.movie_id"
                                                            ],
                                                            "Hash Buckets": 262144,
                                                            "Original Hash Buckets": 262144,
                                                            "Hash Batches": 1,
                                                            "Original Hash Batches": 1,
                                                            "Peak Memory Usage": 4576,
                                                            "Workers": [
                                                                {
                                                                    "Worker Number": 0,
                                                                    "Actual Startup Time": 84.91,
                                                                    "Actual Total Time": 84.911,
                                                                    "Actual Rows": 13711,
                                                                    "Actual Loops": 1
                                                                },
                                                                {
                                                                    "Worker Number": 1,
                                                                    "Actual Startup Time": 84.9,
                                                                    "Actual Total Time": 84.902,
                                                                    "Actual Rows": 13293,
                                                                    "Actual Loops": 1
                                                                },
                                                                {
                                                                    "Worker Number": 2,
                                                                    "Actual Startup Time": 84.867,
                                                                    "Actual Total Time": 84.869,
                                                                    "Actual Rows": 13380,
                                                                    "Actual Loops": 1
                                                                }
                                                            ],
                                                            "Plans": [
                                                                {
                                                                    "Node Type": "Bitmap Heap Scan",
                                                                    "Parent Relationship": "Outer",
                                                                    "Parallel Aware": true,
                                                                    "Relation Name": "movie_companies",
                                                                    "Schema": "public",
                                                                    "Alias": "mc",
                                                                    "Startup Cost": 5838.37,
                                                                    "Total Cost": 25938.97,
                                                                    "Plan Rows": 44546,
                                                                    "Plan Width": 4,
                                                                    "Actual Startup Time": 65.527,
                                                                    "Actual Total Time": 79.538,
                                                                    "Actual Rows": 15621,
                                                                    "Actual Loops": 4,
                                                                    "Output": [
                                                                        "mc.movie_id"
                                                                    ],
                                                                    "Recheck Cond": "(mc.company_id < 139)",
                                                                    "Rows Removed by Index Recheck": 0,
                                                                    "Filter": "(mc.company_type_id > 1)",
                                                                    "Rows Removed by Filter": 50962,
                                                                    "Exact Heap Blocks": 8816,
                                                                    "Lossy Heap Blocks": 0,
                                                                    "Workers": [
                                                                        {
                                                                            "Worker Number": 0,
                                                                            "Actual Startup Time": 65.489,
                                                                            "Actual Total Time": 79.648,
                                                                            "Actual Rows": 13711,
                                                                            "Actual Loops": 1
                                                                        },
                                                                        {
                                                                            "Worker Number": 1,
                                                                            "Actual Startup Time": 65.496,
                                                                            "Actual Total Time": 79.745,
                                                                            "Actual Rows": 13293,
                                                                            "Actual Loops": 1
                                                                        },
                                                                        {
                                                                            "Worker Number": 2,
                                                                            "Actual Startup Time": 65.455,
                                                                            "Actual Total Time": 79.988,
                                                                            "Actual Rows": 13380,
                                                                            "Actual Loops": 1
                                                                        }
                                                                    ],
                                                                    "Plans": [
                                                                        {
                                                                            "Node Type": "Bitmap Index Scan",
                                                                            "Parent Relationship": "Outer",
                                                                            "Parallel Aware": false,
                                                                            "Index Name": "company_id_movie_companies",
                                                                            "Startup Cost": 0.0,
                                                                            "Total Cost": 5803.85,
                                                                            "Plan Rows": 270856,
                                                                            "Plan Width": 0,
                                                                            "Actual Startup Time": 25.258,
                                                                            "Actual Total Time": 25.258,
                                                                            "Actual Rows": 266330,
                                                                            "Actual Loops": 1,
                                                                            "Index Cond": "(mc.company_id < 139)"
                                                                        }
                                                                    ]
                                                                }
                                                            ]
                                                        }
                                                    ]
                                                }
                                            ]
                                        }
                                    ]
                                }
                            ]
                        }
                    ]
                }
            ]
        },
        "Planning Time": 3119.889,
        "Triggers": [],
        "Execution Time": 562.281
    }
]