{
    "Plan": {
        "Node Type": "Aggregate",
        "Strategy": "Plain",
        "Partial Mode": "Finalize",
        "Parallel Aware": false,
        "Startup Cost": 77274.8,
        "Total Cost": 77274.81,
        "Plan Rows": 1,
        "Plan Width": 8,
        "Actual Startup Time": 187.526,
        "Actual Total Time": 203.384,
        "Actual Rows": 1,
        "Actual Loops": 1,
        "Output": [
            "count(*)"
        ],
        "Plans": [
            {
                "Node Type": "Gather",
                "Parent Relationship": "Outer",
                "Parallel Aware": false,
                "Startup Cost": 77274.48,
                "Total Cost": 77274.79,
                "Plan Rows": 3,
                "Plan Width": 8,
                "Actual Startup Time": 187.1,
                "Actual Total Time": 203.376,
                "Actual Rows": 4,
                "Actual Loops": 1,
                "Output": [
                    "(PARTIAL count(*))"
                ],
                "Workers Planned": 3,
                "Workers Launched": 3,
                "Single Copy": false,
                "Plans": [
                    {
                        "Node Type": "Aggregate",
                        "Strategy": "Plain",
                        "Partial Mode": "Partial",
                        "Parent Relationship": "Outer",
                        "Parallel Aware": false,
                        "Startup Cost": 76274.48,
                        "Total Cost": 76274.49,
                        "Plan Rows": 1,
                        "Plan Width": 8,
                        "Actual Startup Time": 178.236,
                        "Actual Total Time": 178.239,
                        "Actual Rows": 1,
                        "Actual Loops": 4,
                        "Output": [
                            "PARTIAL count(*)"
                        ],
                        "Workers": [
                            {
                                "Worker Number": 0,
                                "Actual Startup Time": 175.357,
                                "Actual Total Time": 175.36,
                                "Actual Rows": 1,
                                "Actual Loops": 1
                            },
                            {
                                "Worker Number": 1,
                                "Actual Startup Time": 175.467,
                                "Actual Total Time": 175.47,
                                "Actual Rows": 1,
                                "Actual Loops": 1
                            },
                            {
                                "Worker Number": 2,
                                "Actual Startup Time": 175.725,
                                "Actual Total Time": 175.728,
                                "Actual Rows": 1,
                                "Actual Loops": 1
                            }
                        ],
                        "Plans": [
                            {
                                "Node Type": "Hash Join",
                                "Parent Relationship": "Outer",
                                "Parallel Aware": true,
                                "Join Type": "Inner",
                                "Startup Cost": 44184.29,
                                "Total Cost": 76252.03,
                                "Plan Rows": 8981,
                                "Plan Width": 0,
                                "Actual Startup Time": 109.5,
                                "Actual Total Time": 177.358,
                                "Actual Rows": 20020,
                                "Actual Loops": 4,
                                "Inner Unique": true,
                                "Hash Cond": "(mc.movie_id = t.id)",
                                "Workers": [
                                    {
                                        "Worker Number": 0,
                                        "Actual Startup Time": 106.645,
                                        "Actual Total Time": 174.512,
                                        "Actual Rows": 19223,
                                        "Actual Loops": 1
                                    },
                                    {
                                        "Worker Number": 1,
                                        "Actual Startup Time": 106.757,
                                        "Actual Total Time": 174.62,
                                        "Actual Rows": 19415,
                                        "Actual Loops": 1
                                    },
                                    {
                                        "Worker Number": 2,
                                        "Actual Startup Time": 106.922,
                                        "Actual Total Time": 174.942,
                                        "Actual Rows": 17004,
                                        "Actual Loops": 1
                                    }
                                ],
                                "Plans": [
                                    {
                                        "Node Type": "Seq Scan",
                                        "Parent Relationship": "Outer",
                                        "Parallel Aware": true,
                                        "Relation Name": "movie_companies",
                                        "Schema": "public",
                                        "Alias": "mc",
                                        "Startup Cost": 0.0,
                                        "Total Cost": 31414.82,
                                        "Plan Rows": 248729,
                                        "Plan Width": 4,
                                        "Actual Startup Time": 2.949,
                                        "Actual Total Time": 59.84,
                                        "Actual Rows": 138767,
                                        "Actual Loops": 4,
                                        "Output": [
                                            "mc.id",
                                            "mc.movie_id",
                                            "mc.company_id",
                                            "mc.company_type_id",
                                            "mc.note"
                                        ],
                                        "Filter": "((mc.company_id > 5867) AND (mc.company_type_id = 1))",
                                        "Rows Removed by Filter": 513515,
                                        "Workers": [
                                            {
                                                "Worker Number": 0,
                                                "Actual Startup Time": 2.866,
                                                "Actual Total Time": 60.164,
                                                "Actual Rows": 136867,
                                                "Actual Loops": 1
                                            },
                                            {
                                                "Worker Number": 1,
                                                "Actual Startup Time": 2.968,
                                                "Actual Total Time": 60.435,
                                                "Actual Rows": 137373,
                                                "Actual Loops": 1
                                            },
                                            {
                                                "Worker Number": 2,
                                                "Actual Startup Time": 2.97,
                                                "Actual Total Time": 59.42,
                                                "Actual Rows": 116100,
                                                "Actual Loops": 1
                                            }
                                        ]
                                    },
                                    {
                                        "Node Type": "Hash",
                                        "Parent Relationship": "Inner",
                                        "Parallel Aware": true,
                                        "Startup Cost": 43899.01,
                                        "Total Cost": 43899.01,
                                        "Plan Rows": 22823,
                                        "Plan Width": 4,
                                        "Actual Startup Time": 97.52,
                                        "Actual Total Time": 97.521,
                                        "Actual Rows": 22318,
                                        "Actual Loops": 4,
                                        "Output": [
                                            "t.id"
                                        ],
                                        "Hash Buckets": 131072,
                                        "Original Hash Buckets": 131072,
                                        "Hash Batches": 1,
                                        "Original Hash Batches": 1,
                                        "Peak Memory Usage": 4608,
                                        "Workers": [
                                            {
                                                "Worker Number": 0,
                                                "Actual Startup Time": 95.906,
                                                "Actual Total Time": 95.907,
                                                "Actual Rows": 21296,
                                                "Actual Loops": 1
                                            },
                                            {
                                                "Worker Number": 1,
                                                "Actual Startup Time": 95.994,
                                                "Actual Total Time": 95.995,
                                                "Actual Rows": 21617,
                                                "Actual Loops": 1
                                            },
                                            {
                                                "Worker Number": 2,
                                                "Actual Startup Time": 96.217,
                                                "Actual Total Time": 96.218,
                                                "Actual Rows": 18864,
                                                "Actual Loops": 1
                                            }
                                        ],
                                        "Plans": [
                                            {
                                                "Node Type": "Seq Scan",
                                                "Parent Relationship": "Outer",
                                                "Parallel Aware": true,
                                                "Relation Name": "title",
                                                "Schema": "public",
                                                "Alias": "t",
                                                "Startup Cost": 0.0,
                                                "Total Cost": 43899.01,
                                                "Plan Rows": 22823,
                                                "Plan Width": 4,
                                                "Actual Startup Time": 51.958,
                                                "Actual Total Time": 91.214,
                                                "Actual Rows": 22318,
                                                "Actual Loops": 4,
                                                "Output": [
                                                    "t.id"
                                                ],
                                                "Filter": "(t.production_year < 1921)",
                                                "Rows Removed by Filter": 609760,
                                                "Workers": [
                                                    {
                                                        "Worker Number": 0,
                                                        "Actual Startup Time": 40.686,
                                                        "Actual Total Time": 89.902,
                                                        "Actual Rows": 21296,
                                                        "Actual Loops": 1
                                                    },
                                                    {
                                                        "Worker Number": 1,
                                                        "Actual Startup Time": 59.076,
                                                        "Actual Total Time": 89.626,
                                                        "Actual Rows": 21617,
                                                        "Actual Loops": 1
                                                    },
                                                    {
                                                        "Worker Number": 2,
                                                        "Actual Startup Time": 62.424,
                                                        "Actual Total Time": 90.127,
                                                        "Actual Rows": 18864,
                                                        "Actual Loops": 1
                                                    }
                                                ]
                                            }
                                        ]
                                    }
                                ]
                            }
                        ]
                    }
                ]
            }
        ]
    },
    "Planning Time": 0.812,
    "Triggers": [],
    "Execution Time": 203.454
}