[
  {
    "Plan": {
      "Node Type": "Aggregate",
      "Strategy": "Plain",
      "Partial Mode": "Finalize",
      "Parallel Aware": false,
      "Startup Cost": 350826.43,
      "Total Cost": 350826.44,
      "Plan Rows": 1,
      "Plan Width": 8,
      "Actual Startup Time": 779.366,
      "Actual Total Time": 841.973,
      "Actual Rows": 1,
      "Actual Loops": 1,
      "Plans": [
        {
          "Node Type": "Gather",
          "Parent Relationship": "Outer",
          "Parallel Aware": false,
          "Startup Cost": 350825.8,
          "Total Cost": 350826.41,
          "Plan Rows": 6,
          "Plan Width": 8,
          "Actual Startup Time": 779.267,
          "Actual Total Time": 841.964,
          "Actual Rows": 7,
          "Actual Loops": 1,
          "Workers Planned": 6,
          "Workers Launched": 6,
          "Single Copy": false,
          "Plans": [
            {
              "Node Type": "Aggregate",
              "Strategy": "Plain",
              "Partial Mode": "Partial",
              "Parent Relationship": "Outer",
              "Parallel Aware": false,
              "Startup Cost": 349825.8,
              "Total Cost": 349825.82,
              "Plan Rows": 1,
              "Plan Width": 8,
              "Actual Startup Time": 768.748,
              "Actual Total Time": 768.749,
              "Actual Rows": 1,
              "Actual Loops": 7,
              "Plans": [
                {
                  "Node Type": "Seq Scan",
                  "Parent Relationship": "Outer",
                  "Parallel Aware": true,
                  "Relation Name": "cast_info",
                  "Alias": "ci",
                  "Startup Cost": 0.0,
                  "Total Cost": 343257.03,
                  "Plan Rows": 2627510,
                  "Plan Width": 0,
                  "Actual Startup Time": 209.949,
                  "Actual Total Time": 655.064,
                  "Actual Rows": 2884731,
                  "Actual Loops": 7,
                  "Filter": "((person_id > 1198358) AND (role_id > 1))",
                  "Rows Removed by Filter": 2293033
                }
              ]
            }
          ]
        }
      ]
    },
    "Planning Time": 0.202,
    "Triggers": [],
    "Execution Time": 842.079
  }
]