{
  "Plan": {
    "Node Type": "Aggregate",
    "Strategy": "Plain",
    "Partial Mode": "Finalize",
    "Parallel Aware": false,
    "Startup Cost": 320086.68,
    "Total Cost": 320086.69,
    "Plan Rows": 1,
    "Plan Width": 8,
    "Actual Startup Time": 1851.462,
    "Actual Total Time": 1936.371,
    "Actual Rows": 1,
    "Actual Loops": 1,
    "Plans": [
      {
        "Node Type": "Gather",
        "Parent Relationship": "Outer",
        "Parallel Aware": false,
        "Startup Cost": 320086.57,
        "Total Cost": 320086.68,
        "Plan Rows": 1,
        "Plan Width": 8,
        "Actual Startup Time": 1849.686,
        "Actual Total Time": 1936.364,
        "Actual Rows": 2,
        "Actual Loops": 1,
        "Workers Planned": 1,
        "Workers Launched": 1,
        "Single Copy": false,
        "Plans": [
          {
            "Node Type": "Aggregate",
            "Strategy": "Plain",
            "Partial Mode": "Partial",
            "Parent Relationship": "Outer",
            "Parallel Aware": false,
            "Startup Cost": 319086.57,
            "Total Cost": 319086.58,
            "Plan Rows": 1,
            "Plan Width": 8,
            "Actual Startup Time": 1845.226,
            "Actual Total Time": 1845.229,
            "Actual Rows": 1,
            "Actual Loops": 2,
            "Plans": [
              {
                "Node Type": "Nested Loop",
                "Parent Relationship": "Outer",
                "Parallel Aware": false,
                "Join Type": "Inner",
                "Startup Cost": 58527.6,
                "Total Cost": 319013.2,
                "Plan Rows": 29348,
                "Plan Width": 0,
                "Actual Startup Time": 226.454,
                "Actual Total Time": 1834.501,
                "Actual Rows": 191016,
                "Actual Loops": 2,
                "Inner Unique": false,
                "Plans": [
                  {
                    "Node Type": "Hash Join",
                    "Parent Relationship": "Outer",
                    "Parallel Aware": true,
                    "Join Type": "Inner",
                    "Startup Cost": 58527.04,
                    "Total Cost": 77311.36,
                    "Plan Rows": 56659,
                    "Plan Width": 8,
                    "Actual Startup Time": 225.64,
                    "Actual Total Time": 363.755,
                    "Actual Rows": 32032,
                    "Actual Loops": 2,
                    "Inner Unique": true,
                    "Hash Cond": "(mi_idx.movie_id = t.id)",
                    "Plans": [
                      {
                        "Node Type": "Seq Scan",
                        "Parent Relationship": "Outer",
                        "Parallel Aware": true,
                        "Relation Name": "movie_info_idx",
                        "Alias": "mi_idx",
                        "Startup Cost": 0.0,
                        "Total Cost": 18082.32,
                        "Plan Rows": 267429,
                        "Plan Width": 4,
                        "Actual Startup Time": 0.022,
                        "Actual Total Time": 54.313,
                        "Actual Rows": 229962,
                        "Actual Loops": 2,
                        "Filter": "(info_type_id < 100)",
                        "Rows Removed by Filter": 460055
                      },
                      {
                        "Node Type": "Hash",
                        "Parent Relationship": "Inner",
                        "Parallel Aware": true,
                        "Startup Cost": 54588.39,
                        "Total Cost": 54588.39,
                        "Plan Rows": 315092,
                        "Plan Width": 4,
                        "Actual Startup Time": 216.969,
                        "Actual Total Time": 216.97,
                        "Actual Rows": 266684,
                        "Actual Loops": 2,
                        "Hash Buckets": 1048576,
                        "Original Hash Buckets": 1048576,
                        "Hash Batches": 1,
                        "Original Hash Batches": 1,
                        "Peak Memory Usage": 29088,
                        "Plans": [
                          {
                            "Node Type": "Seq Scan",
                            "Parent Relationship": "Outer",
                            "Parallel Aware": true,
                            "Relation Name": "title",
                            "Alias": "t",
                            "Startup Cost": 0.0,
                            "Total Cost": 54588.39,
                            "Plan Rows": 315092,
                            "Plan Width": 4,
                            "Actual Startup Time": 0.043,
                            "Actual Total Time": 147.941,
                            "Actual Rows": 266684,
                            "Actual Loops": 2,
                            "Filter": "(production_year > 2009)",
                            "Rows Removed by Filter": 997472
                          }
                        ]
                      }
                    ]
                  },
                  {
                    "Node Type": "Index Scan",
                    "Parent Relationship": "Inner",
                    "Parallel Aware": false,
                    "Scan Direction": "Forward",
                    "Index Name": "movie_id_cast_info",
                    "Relation Name": "cast_info",
                    "Alias": "ci",
                    "Startup Cost": 0.56,
                    "Total Cost": 4.26,
                    "Plan Rows": 1,
                    "Plan Width": 4,
                    "Actual Startup Time": 0.039,
                    "Actual Total Time": 0.045,
                    "Actual Rows": 6,
                    "Actual Loops": 64063,
                    "Index Cond": "(movie_id = t.id)",
                    "Rows Removed by Index Recheck": 0,
                    "Filter": "((person_id > 2711578) AND (role_id > 9))",
                    "Rows Removed by Filter": 28
                  }
                ]
              }
            ]
          }
        ]
      }
    ]
  },
  "Planning Time": 0.802,
  "Triggers": [],
  "Execution Time": 1936.457
}