[
  {
    "Plan": {
      "Node Type": "Aggregate",
      "Strategy": "Plain",
      "Partial Mode": "Finalize",
      "Parallel Aware": false,
      "Startup Cost": 84516.86,
      "Total Cost": 84516.87,
      "Plan Rows": 1,
      "Plan Width": 8,
      "Actual Startup Time": 360.552,
      "Actual Total Time": 375.579,
      "Actual Rows": 1,
      "Actual Loops": 1,
      "Plans": [
        {
          "Node Type": "Gather",
          "Parent Relationship": "Outer",
          "Parallel Aware": false,
          "Startup Cost": 84516.54,
          "Total Cost": 84516.85,
          "Plan Rows": 3,
          "Plan Width": 8,
          "Actual Startup Time": 352.815,
          "Actual Total Time": 375.57,
          "Actual Rows": 4,
          "Actual Loops": 1,
          "Workers Planned": 3,
          "Workers Launched": 3,
          "Single Copy": false,
          "Plans": [
            {
              "Node Type": "Aggregate",
              "Strategy": "Plain",
              "Partial Mode": "Partial",
              "Parent Relationship": "Outer",
              "Parallel Aware": false,
              "Startup Cost": 83516.54,
              "Total Cost": 83516.55,
              "Plan Rows": 1,
              "Plan Width": 8,
              "Actual Startup Time": 340.705,
              "Actual Total Time": 340.709,
              "Actual Rows": 1,
              "Actual Loops": 4,
              "Plans": [
                {
                  "Node Type": "Hash Join",
                  "Parent Relationship": "Outer",
                  "Parallel Aware": true,
                  "Join Type": "Inner",
                  "Startup Cost": 56970.18,
                  "Total Cost": 83325.51,
                  "Plan Rows": 76414,
                  "Plan Width": 0,
                  "Actual Startup Time": 268.539,
                  "Actual Total Time": 340.063,
                  "Actual Rows": 9790,
                  "Actual Loops": 4,
                  "Inner Unique": true,
                  "Hash Cond": "(mk.movie_id = t.id)",
                  "Plans": [
                    {
                      "Node Type": "Bitmap Heap Scan",
                      "Parent Relationship": "Outer",
                      "Parallel Aware": true,
                      "Relation Name": "movie_keyword",
                      "Alias": "mk",
                      "Startup Cost": 8268.56,
                      "Total Cost": 34293.91,
                      "Plan Rows": 125708,
                      "Plan Width": 4,
                      "Actual Startup Time": 23.217,
                      "Actual Total Time": 69.782,
                      "Actual Rows": 94486,
                      "Actual Loops": 4,
                      "Recheck Cond": "(keyword_id > 45109)",
                      "Rows Removed by Index Recheck": 0,
                      "Exact Heap Blocks": 7557,
                      "Lossy Heap Blocks": 0,
                      "Plans": [
                        {
                          "Node Type": "Bitmap Index Scan",
                          "Parent Relationship": "Outer",
                          "Parallel Aware": false,
                          "Index Name": "keyword_id_movie_keyword",
                          "Startup Cost": 0.0,
                          "Total Cost": 8171.14,
                          "Plan Rows": 389694,
                          "Plan Width": 0,
                          "Actual Startup Time": 19.862,
                          "Actual Total Time": 19.863,
                          "Actual Rows": 377945,
                          "Actual Loops": 1,
                          "Index Cond": "(keyword_id > 45109)"
                        }
                      ]
                    },
                    {
                      "Node Type": "Hash",
                      "Parent Relationship": "Inner",
                      "Parallel Aware": true,
                      "Startup Cost": 43898.92,
                      "Total Cost": 43898.92,
                      "Plan Rows": 384216,
                      "Plan Width": 4,
                      "Actual Startup Time": 237.818,
                      "Actual Total Time": 237.819,
                      "Actual Rows": 385816,
                      "Actual Loops": 4,
                      "Hash Buckets": 2097152,
                      "Original Hash Buckets": 2097152,
                      "Hash Batches": 1,
                      "Original Hash Batches": 1,
                      "Peak Memory Usage": 76800,
                      "Plans": [
                        {
                          "Node Type": "Seq Scan",
                          "Parent Relationship": "Outer",
                          "Parallel Aware": true,
                          "Relation Name": "title",
                          "Alias": "t",
                          "Startup Cost": 0.0,
                          "Total Cost": 43898.92,
                          "Plan Rows": 384216,
                          "Plan Width": 4,
                          "Actual Startup Time": 0.034,
                          "Actual Total Time": 102.043,
                          "Actual Rows": 385816,
                          "Actual Loops": 4,
                          "Filter": "(kind_id = 7)",
                          "Rows Removed by Filter": 246262
                        }
                      ]
                    }
                  ]
                }
              ]
            }
          ]
        }
      ]
    },
    "Planning Time": 0.638,
    "Triggers": [],
    "Execution Time": 375.686
  }
]