{
  "Plan": {
    "Node Type": "Aggregate",
    "Strategy": "Plain",
    "Partial Mode": "Simple",
    "Parallel Aware": false,
    "Startup Cost": 1934322.72,
    "Total Cost": 1934322.73,
    "Plan Rows": 1,
    "Plan Width": 64,
    "Actual Startup Time": 20168.334,
    "Actual Total Time": 20168.579,
    "Actual Rows": 1,
    "Actual Loops": 1,
    "Plans": [
      {
        "Node Type": "Merge Join",
        "Parent Relationship": "Outer",
        "Parallel Aware": false,
        "Join Type": "Inner",
        "Startup Cost": 1860041.24,
        "Total Cost": 1934322.34,
        "Plan Rows": 77,
        "Plan Width": 33,
        "Actual Startup Time": 19865.132,
        "Actual Total Time": 20168.486,
        "Actual Rows": 385,
        "Actual Loops": 1,
        "Inner Unique": false,
        "Merge Cond": "(an.person_id = n.id)",
        "Plans": [
          {
            "Node Type": "Index Scan",
            "Parent Relationship": "Outer",
            "Parallel Aware": false,
            "Scan Direction": "Forward",
            "Index Name": "person_id_aka_name",
            "Relation Name": "aka_name",
            "Alias": "an",
            "Startup Cost": 0.42,
            "Total Cost": 72027.93,
            "Plan Rows": 901343,
            "Plan Width": 20,
            "Actual Startup Time": 0.012,
            "Actual Total Time": 258.156,
            "Actual Rows": 769363,
            "Actual Loops": 1
          },
          {
            "Node Type": "Sort",
            "Parent Relationship": "Inner",
            "Parallel Aware": false,
            "Startup Cost": 1860040.82,
            "Total Cost": 1860040.9,
            "Plan Rows": 32,
            "Plan Width": 25,
            "Actual Startup Time": 19864.325,
            "Actual Total Time": 19864.673,
            "Actual Rows": 503,
            "Actual Loops": 1,
            "Sort Key": [
              "ci.person_id"
            ],
            "Sort Method": "quicksort",
            "Sort Space Used": 52,
            "Sort Space Type": "Memory",
            "Plans": [
              {
                "Node Type": "Merge Join",
                "Parent Relationship": "Outer",
                "Parallel Aware": false,
                "Join Type": "Inner",
                "Startup Cost": 1859705.72,
                "Total Cost": 1860040.02,
                "Plan Rows": 32,
                "Plan Width": 25,
                "Actual Startup Time": 19163.493,
                "Actual Total Time": 19864.444,
                "Actual Rows": 323,
                "Actual Loops": 1,
                "Inner Unique": false,
                "Merge Cond": "(t.id = ci.movie_id)",
                "Plans": [
                  {
                    "Node Type": "Sort",
                    "Parent Relationship": "Outer",
                    "Parallel Aware": false,
                    "Startup Cost": 58292.68,
                    "Total Cost": 58456.73,
                    "Plan Rows": 65623,
                    "Plan Width": 21,
                    "Actual Startup Time": 181.779,
                    "Actual Total Time": 190.297,
                    "Actual Rows": 68186,
                    "Actual Loops": 1,
                    "Sort Key": [
                      "t.id"
                    ],
                    "Sort Method": "quicksort",
                    "Sort Space Used": 7253,
                    "Sort Space Type": "Memory",
                    "Plans": [
                      {
                        "Node Type": "Gather",
                        "Parent Relationship": "Outer",
                        "Parallel Aware": false,
                        "Startup Cost": 1000.0,
                        "Total Cost": 53042.21,
                        "Plan Rows": 65623,
                        "Plan Width": 21,
                        "Actual Startup Time": 0.906,
                        "Actual Total Time": 153.414,
                        "Actual Rows": 68245,
                        "Actual Loops": 1,
                        "Workers Planned": 4,
                        "Workers Launched": 4,
                        "Single Copy": false,
                        "Plans": [
                          {
                            "Node Type": "Seq Scan",
                            "Parent Relationship": "Outer",
                            "Parallel Aware": true,
                            "Relation Name": "title",
                            "Alias": "t",
                            "Startup Cost": 0.0,
                            "Total Cost": 45479.91,
                            "Plan Rows": 16406,
                            "Plan Width": 21,
                            "Actual Startup Time": 0.091,
                            "Actual Total Time": 146.972,
                            "Actual Rows": 13649,
                            "Actual Loops": 5,
                            "Filter": "((episode_nr >= 50) AND (episode_nr < 100))",
                            "Rows Removed by Filter": 492013
                          }
                        ]
                      }
                    ]
                  },
                  {
                    "Node Type": "Sort",
                    "Parent Relationship": "Inner",
                    "Parallel Aware": false,
                    "Startup Cost": 1801413.04,
                    "Total Cost": 1801416.14,
                    "Plan Rows": 1240,
                    "Plan Width": 20,
                    "Actual Startup Time": 18970.641,
                    "Actual Total Time": 19442.546,
                    "Actual Rows": 2832555,
                    "Actual Loops": 1,
                    "Sort Key": [
                      "ci.movie_id"
                    ],
                    "Sort Method": "quicksort",
                    "Sort Space Used": 319598,
                    "Sort Space Type": "Memory",
                    "Plans": [
                      {
                        "Node Type": "Merge Join",
                        "Parent Relationship": "Outer",
                        "Parallel Aware": false,
                        "Join Type": "Inner",
                        "Startup Cost": 1617572.05,
                        "Total Cost": 1801349.32,
                        "Plan Rows": 1240,
                        "Plan Width": 20,
                        "Actual Startup Time": 15065.756,
                        "Actual Total Time": 18220.154,
                        "Actual Rows": 2832555,
                        "Actual Loops": 1,
                        "Inner Unique": false,
                        "Merge Cond": "(n.id = ci.person_id)",
                        "Plans": [
                          {
                            "Node Type": "Index Only Scan",
                            "Parent Relationship": "Outer",
                            "Parallel Aware": false,
                            "Scan Direction": "Forward",
                            "Index Name": "name_pkey",
                            "Relation Name": "name",
                            "Alias": "n",
                            "Startup Cost": 0.43,
                            "Total Cost": 178171.22,
                            "Plan Rows": 4167377,
                            "Plan Width": 4,
                            "Actual Startup Time": 0.066,
                            "Actual Total Time": 1715.127,
                            "Actual Rows": 4061914,
                            "Actual Loops": 1,
                            "Heap Fetches": 4061914
                          },
                          {
                            "Node Type": "Sort",
                            "Parent Relationship": "Inner",
                            "Parallel Aware": false,
                            "Startup Cost": 1617571.62,
                            "Total Cost": 1617574.72,
                            "Plan Rows": 1240,
                            "Plan Width": 16,
                            "Actual Startup Time": 15065.656,
                            "Actual Total Time": 15823.373,
                            "Actual Rows": 2832555,
                            "Actual Loops": 1,
                            "Sort Key": [
                              "ci.person_id"
                            ],
                            "Sort Method": "quicksort",
                            "Sort Space Used": 231081,
                            "Sort Space Type": "Memory",
                            "Plans": [
                              {
                                "Node Type": "Merge Join",
                                "Parent Relationship": "Outer",
                                "Parallel Aware": false,
                                "Join Type": "Inner",
                                "Startup Cost": 1604803.21,
                                "Total Cost": 1617507.91,
                                "Plan Rows": 1240,
                                "Plan Width": 16,
                                "Actual Startup Time": 12080.015,
                                "Actual Total Time": 14281.199,
                                "Actual Rows": 2832555,
                                "Actual Loops": 1,
                                "Inner Unique": false,
                                "Merge Cond": "(cn.id = mc.company_id)",
                                "Plans": [
                                  {
                                    "Node Type": "Index Scan",
                                    "Parent Relationship": "Outer",
                                    "Parallel Aware": false,
                                    "Scan Direction": "Forward",
                                    "Index Name": "company_name_pkey",
                                    "Relation Name": "company_name",
                                    "Alias": "cn",
                                    "Startup Cost": 0.42,
                                    "Total Cost": 12469.43,
                                    "Plan Rows": 85931,
                                    "Plan Width": 4,
                                    "Actual Startup Time": 0.026,
                                    "Actual Total Time": 158.15,
                                    "Actual Rows": 84843,
                                    "Actual Loops": 1,
                                    "Filter": "((country_code)::text = '[us]'::text)",
                                    "Rows Removed by Filter": 150154
                                  },
                                  {
                                    "Node Type": "Sort",
                                    "Parent Relationship": "Inner",
                                    "Parallel Aware": false,
                                    "Startup Cost": 1604802.27,
                                    "Total Cost": 1604810.74,
                                    "Plan Rows": 3391,
                                    "Plan Width": 20,
                                    "Actual Startup Time": 12079.975,
                                    "Actual Total Time": 13238.332,
                                    "Actual Rows": 7796926,
                                    "Actual Loops": 1,
                                    "Sort Key": [
                                      "mc.company_id"
                                    ],
                                    "Sort Method": "quicksort",
                                    "Sort Space Used": 805743,
                                    "Sort Space Type": "Memory",
                                    "Plans": [
                                      {
                                        "Node Type": "Gather Merge",
                                        "Parent Relationship": "Outer",
                                        "Parallel Aware": false,
                                        "Startup Cost": 1560921.44,
                                        "Total Cost": 1604603.43,
                                        "Plan Rows": 3391,
                                        "Plan Width": 20,
                                        "Actual Startup Time": 6101.948,
                                        "Actual Total Time": 10257.596,
                                        "Actual Rows": 7796926,
                                        "Actual Loops": 1,
                                        "Workers Planned": 6,
                                        "Workers Launched": 3,
                                        "Plans": [
                                          {
                                            "Node Type": "Merge Join",
                                            "Parent Relationship": "Outer",
                                            "Parallel Aware": false,
                                            "Join Type": "Inner",
                                            "Startup Cost": 1559921.34,
                                            "Total Cost": 1603191.2,
                                            "Plan Rows": 565,
                                            "Plan Width": 20,
                                            "Actual Startup Time": 6005.123,
                                            "Actual Total Time": 9143.944,
                                            "Actual Rows": 1949232,
                                            "Actual Loops": 4,
                                            "Inner Unique": false,
                                            "Merge Cond": "(ci.movie_id = mk.movie_id)",
                                            "Plans": [
                                              {
                                                "Node Type": "Sort",
                                                "Parent Relationship": "Outer",
                                                "Parallel Aware": false,
                                                "Startup Cost": 993761.51,
                                                "Total Cost": 1008868.93,
                                                "Plan Rows": 6042971,
                                                "Plan Width": 8,
                                                "Actual Startup Time": 4862.875,
                                                "Actual Total Time": 6534.282,
                                                "Actual Rows": 9060329,
                                                "Actual Loops": 4,
                                                "Sort Key": [
                                                  "ci.movie_id"
                                                ],
                                                "Sort Method": "quicksort",
                                                "Sort Space Used": 572349,
                                                "Sort Space Type": "Memory",
                                                "Workers": [
                                                  {
                                                    "Worker Number": 0,
                                                    "Sort Method": "quicksort",
                                                    "Sort Space Used": 851698,
                                                    "Sort Space Type": "Memory"
                                                  },
                                                  {
                                                    "Worker Number": 1,
                                                    "Sort Method": "quicksort",
                                                    "Sort Space Used": 814819,
                                                    "Sort Space Type": "Memory"
                                                  },
                                                  {
                                                    "Worker Number": 2,
                                                    "Sort Method": "quicksort",
                                                    "Sort Space Used": 836345,
                                                    "Sort Space Type": "Memory"
                                                  }
                                                ],
                                                "Plans": [
                                                  {
                                                    "Node Type": "Seq Scan",
                                                    "Parent Relationship": "Outer",
                                                    "Parallel Aware": true,
                                                    "Relation Name": "cast_info",
                                                    "Alias": "ci",
                                                    "Startup Cost": 0.0,
                                                    "Total Cost": 313116.71,
                                                    "Plan Rows": 6042971,
                                                    "Plan Width": 8,
                                                    "Actual Startup Time": 0.049,
                                                    "Actual Total Time": 1479.569,
                                                    "Actual Rows": 9061086,
                                                    "Actual Loops": 4
                                                  }
                                                ]
                                              },
                                              {
                                                "Node Type": "Materialize",
                                                "Parent Relationship": "Inner",
                                                "Parallel Aware": false,
                                                "Startup Cost": 566156.61,
                                                "Total Cost": 579203.84,
                                                "Plan Rows": 170,
                                                "Plan Width": 12,
                                                "Actual Startup Time": 1141.192,
                                                "Actual Total Time": 1574.693,
                                                "Actual Rows": 1960743,
                                                "Actual Loops": 4,
                                                "Plans": [
                                                  {
                                                    "Node Type": "Merge Join",
                                                    "Parent Relationship": "Outer",
                                                    "Parallel Aware": false,
                                                    "Join Type": "Inner",
                                                    "Startup Cost": 566156.61,
                                                    "Total Cost": 579203.41,
                                                    "Plan Rows": 170,
                                                    "Plan Width": 12,
                                                    "Actual Startup Time": 1141.182,
                                                    "Actual Total Time": 1461.414,
                                                    "Actual Rows": 148552,
                                                    "Actual Loops": 4,
                                                    "Inner Unique": false,
                                                    "Merge Cond": "(mk.movie_id = mc.movie_id)",
                                                    "Plans": [
                                                      {
                                                        "Node Type": "Sort",
                                                        "Parent Relationship": "Outer",
                                                        "Parallel Aware": false,
                                                        "Startup Cost": 243204.9,
                                                        "Total Cost": 243204.98,
                                                        "Plan Rows": 34,
                                                        "Plan Width": 4,
                                                        "Actual Startup Time": 179.757,
                                                        "Actual Total Time": 184.956,
                                                        "Actual Rows": 41839,
                                                        "Actual Loops": 4,
                                                        "Sort Key": [
                                                          "mk.movie_id"
                                                        ],
                                                        "Sort Method": "quicksort",
                                                        "Sort Space Used": 3498,
                                                        "Sort Space Type": "Memory",
                                                        "Workers": [
                                                          {
                                                            "Worker Number": 0,
                                                            "Sort Method": "quicksort",
                                                            "Sort Space Used": 3498,
                                                            "Sort Space Type": "Memory"
                                                          },
                                                          {
                                                            "Worker Number": 1,
                                                            "Sort Method": "quicksort",
                                                            "Sort Space Used": 3498,
                                                            "Sort Space Type": "Memory"
                                                          },
                                                          {
                                                            "Worker Number": 2,
                                                            "Sort Method": "quicksort",
                                                            "Sort Space Used": 3498,
                                                            "Sort Space Type": "Memory"
                                                          }
                                                        ],
                                                        "Plans": [
                                                          {
                                                            "Node Type": "Merge Join",
                                                            "Parent Relationship": "Outer",
                                                            "Parallel Aware": false,
                                                            "Join Type": "Inner",
                                                            "Startup Cost": 842.63,
                                                            "Total Cost": 243204.03,
                                                            "Plan Rows": 34,
                                                            "Plan Width": 4,
                                                            "Actual Startup Time": 106.436,
                                                            "Actual Total Time": 170.757,
                                                            "Actual Rows": 41840,
                                                            "Actual Loops": 4,
                                                            "Inner Unique": false,
                                                            "Merge Cond": "(k.id = mk.keyword_id)",
                                                            "Plans": [
                                                              {
                                                                "Node Type": "Index Scan",
                                                                "Parent Relationship": "Outer",
                                                                "Parallel Aware": false,
                                                                "Scan Direction": "Forward",
                                                                "Index Name": "keyword_pkey",
                                                                "Relation Name": "keyword",
                                                                "Alias": "k",
                                                                "Startup Cost": 0.42,
                                                                "Total Cost": 5343.17,
                                                                "Plan Rows": 1,
                                                                "Plan Width": 4,
                                                                "Actual Startup Time": 0.21,
                                                                "Actual Total Time": 41.818,
                                                                "Actual Rows": 1,
                                                                "Actual Loops": 4,
                                                                "Filter": "(keyword = 'character-name-in-title'::text)",
                                                                "Rows Removed by Filter": 134169
                                                              },
                                                              {
                                                                "Node Type": "Index Scan",
                                                                "Parent Relationship": "Inner",
                                                                "Parallel Aware": false,
                                                                "Scan Direction": "Forward",
                                                                "Index Name": "keyword_id_movie_keyword",
                                                                "Relation Name": "movie_keyword",
                                                                "Alias": "mk",
                                                                "Startup Cost": 0.43,
                                                                "Total Cost": 226550.7,
                                                                "Plan Rows": 4523930,
                                                                "Plan Width": 8,
                                                                "Actual Startup Time": 0.025,
                                                                "Actual Total Time": 116.481,
                                                                "Actual Rows": 163762,
                                                                "Actual Loops": 4
                                                              }
                                                            ]
                                                          }
                                                        ]
                                                      },
                                                      {
                                                        "Node Type": "Sort",
                                                        "Parent Relationship": "Inner",
                                                        "Parallel Aware": false,
                                                        "Startup Cost": 322951.0,
                                                        "Total Cost": 329473.82,
                                                        "Plan Rows": 2609129,
                                                        "Plan Width": 8,
                                                        "Actual Startup Time": 961.342,
                                                        "Actual Total Time": 1096.061,
                                                        "Actual Rows": 2609194,
                                                        "Actual Loops": 4,
                                                        "Sort Key": [
                                                          "mc.movie_id"
                                                        ],
                                                        "Sort Method": "quicksort",
                                                        "Sort Space Used": 220607,
                                                        "Sort Space Type": "Memory",
                                                        "Workers": [
                                                          {
                                                            "Worker Number": 0,
                                                            "Sort Method": "quicksort",
                                                            "Sort Space Used": 220607,
                                                            "Sort Space Type": "Memory"
                                                          },
                                                          {
                                                            "Worker Number": 1,
                                                            "Sort Method": "quicksort",
                                                            "Sort Space Used": 220607,
                                                            "Sort Space Type": "Memory"
                                                          },
                                                          {
                                                            "Worker Number": 2,
                                                            "Sort Method": "quicksort",
                                                            "Sort Space Used": 220607,
                                                            "Sort Space Type": "Memory"
                                                          }
                                                        ],
                                                        "Plans": [
                                                          {
                                                            "Node Type": "Seq Scan",
                                                            "Parent Relationship": "Outer",
                                                            "Parallel Aware": false,
                                                            "Relation Name": "movie_companies",
                                                            "Alias": "mc",
                                                            "Startup Cost": 0.0,
                                                            "Total Cost": 44881.29,
                                                            "Plan Rows": 2609129,
                                                            "Plan Width": 8,
                                                            "Actual Startup Time": 0.047,
                                                            "Actual Total Time": 297.423,
                                                            "Actual Rows": 2609129,
                                                            "Actual Loops": 4
                                                          }
                                                        ]
                                                      }
                                                    ]
                                                  }
                                                ]
                                              }
                                            ]
                                          }
                                        ]
                                      }
                                    ]
                                  }
                                ]
                              }
                            ]
                          }
                        ]
                      }
                    ]
                  }
                ]
              }
            ]
          }
        ]
      }
    ]
  },
  "Planning Time": 16.198,
  "Triggers": [],
  "Execution Time": 20312.484
}