[
  {
    "Plan": {
      "Node Type": "Aggregate",
      "Strategy": "Plain",
      "Partial Mode": "Finalize",
      "Parallel Aware": false,
      "Startup Cost": 29505.42,
      "Total Cost": 29505.43,
      "Plan Rows": 1,
      "Plan Width": 8,
      "Actual Startup Time": 31.93,
      "Actual Total Time": 35.721,
      "Actual Rows": 1,
      "Actual Loops": 1,
      "Plans": [
        {
          "Node Type": "Gather",
          "Parent Relationship": "Outer",
          "Parallel Aware": false,
          "Startup Cost": 29505.21,
          "Total Cost": 29505.42,
          "Plan Rows": 2,
          "Plan Width": 8,
          "Actual Startup Time": 31.158,
          "Actual Total Time": 35.711,
          "Actual Rows": 3,
          "Actual Loops": 1,
          "Workers Planned": 2,
          "Workers Launched": 2,
          "Single Copy": false,
          "Plans": [
            {
              "Node Type": "Aggregate",
              "Strategy": "Plain",
              "Partial Mode": "Partial",
              "Parent Relationship": "Outer",
              "Parallel Aware": false,
              "Startup Cost": 28505.21,
              "Total Cost": 28505.22,
              "Plan Rows": 1,
              "Plan Width": 8,
              "Actual Startup Time": 22.944,
              "Actual Total Time": 22.946,
              "Actual Rows": 1,
              "Actual Loops": 3,
              "Plans": [
                {
                  "Node Type": "Nested Loop",
                  "Parent Relationship": "Outer",
                  "Parallel Aware": false,
                  "Join Type": "Inner",
                  "Startup Cost": 184.64,
                  "Total Cost": 28503.1,
                  "Plan Rows": 842,
                  "Plan Width": 0,
                  "Actual Startup Time": 1.227,
                  "Actual Total Time": 22.626,
                  "Actual Rows": 1355,
                  "Actual Loops": 3,
                  "Inner Unique": true,
                  "Plans": [
                    {
                      "Node Type": "Bitmap Heap Scan",
                      "Parent Relationship": "Outer",
                      "Parallel Aware": true,
                      "Relation Name": "movie_companies",
                      "Alias": "mc",
                      "Startup Cost": 184.21,
                      "Total Cost": 15217.15,
                      "Plan Rows": 1781,
                      "Plan Width": 4,
                      "Actual Startup Time": 1.038,
                      "Actual Total Time": 3.173,
                      "Actual Rows": 2572,
                      "Actual Loops": 3,
                      "Recheck Cond": "(company_id > 227558)",
                      "Rows Removed by Index Recheck": 0,
                      "Filter": "(company_type_id = 2)",
                      "Rows Removed by Filter": 0,
                      "Exact Heap Blocks": 258,
                      "Lossy Heap Blocks": 0,
                      "Plans": [
                        {
                          "Node Type": "Bitmap Index Scan",
                          "Parent Relationship": "Outer",
                          "Parallel Aware": false,
                          "Index Name": "company_id_movie_companies",
                          "Startup Cost": 0.0,
                          "Total Cost": 183.15,
                          "Plan Rows": 8362,
                          "Plan Width": 0,
                          "Actual Startup Time": 2.627,
                          "Actual Total Time": 2.627,
                          "Actual Rows": 7716,
                          "Actual Loops": 1,
                          "Index Cond": "(company_id > 227558)"
                        }
                      ]
                    },
                    {
                      "Node Type": "Index Scan",
                      "Parent Relationship": "Inner",
                      "Parallel Aware": false,
                      "Scan Direction": "Forward",
                      "Index Name": "title_pkey",
                      "Relation Name": "title",
                      "Alias": "t",
                      "Startup Cost": 0.43,
                      "Total Cost": 7.46,
                      "Plan Rows": 1,
                      "Plan Width": 4,
                      "Actual Startup Time": 0.007,
                      "Actual Total Time": 0.007,
                      "Actual Rows": 1,
                      "Actual Loops": 7716,
                      "Index Cond": "(id = mc.movie_id)",
                      "Rows Removed by Index Recheck": 0,
                      "Filter": "(production_year > 2003)",
                      "Rows Removed by Filter": 0
                    }
                  ]
                }
              ]
            }
          ]
        }
      ]
    },
    "Planning Time": 0.836,
    "Triggers": [],
    "Execution Time": 35.825
  }
]