[
  {
    "Plan": {
      "Node Type": "Aggregate",
      "Strategy": "Plain",
      "Partial Mode": "Finalize",
      "Parallel Aware": false,
      "Startup Cost": 29968.64,
      "Total Cost": 29968.65,
      "Plan Rows": 1,
      "Plan Width": 8,
      "Actual Startup Time": 30.533,
      "Actual Total Time": 33.939,
      "Actual Rows": 1,
      "Actual Loops": 1,
      "Plans": [
        {
          "Node Type": "Gather",
          "Parent Relationship": "Outer",
          "Parallel Aware": false,
          "Startup Cost": 29968.42,
          "Total Cost": 29968.63,
          "Plan Rows": 2,
          "Plan Width": 8,
          "Actual Startup Time": 29.854,
          "Actual Total Time": 33.929,
          "Actual Rows": 3,
          "Actual Loops": 1,
          "Workers Planned": 2,
          "Workers Launched": 2,
          "Single Copy": false,
          "Plans": [
            {
              "Node Type": "Aggregate",
              "Strategy": "Plain",
              "Partial Mode": "Partial",
              "Parent Relationship": "Outer",
              "Parallel Aware": false,
              "Startup Cost": 28968.42,
              "Total Cost": 28968.43,
              "Plan Rows": 1,
              "Plan Width": 8,
              "Actual Startup Time": 21.745,
              "Actual Total Time": 21.747,
              "Actual Rows": 1,
              "Actual Loops": 3,
              "Plans": [
                {
                  "Node Type": "Nested Loop",
                  "Parent Relationship": "Outer",
                  "Parallel Aware": false,
                  "Join Type": "Inner",
                  "Startup Cost": 186.47,
                  "Total Cost": 28966.25,
                  "Plan Rows": 868,
                  "Plan Width": 0,
                  "Actual Startup Time": 1.246,
                  "Actual Total Time": 21.461,
                  "Actual Rows": 1355,
                  "Actual Loops": 3,
                  "Inner Unique": true,
                  "Plans": [
                    {
                      "Node Type": "Bitmap Heap Scan",
                      "Parent Relationship": "Outer",
                      "Parallel Aware": true,
                      "Relation Name": "movie_companies",
                      "Alias": "mc",
                      "Startup Cost": 186.04,
                      "Total Cost": 15422.25,
                      "Plan Rows": 1820,
                      "Plan Width": 4,
                      "Actual Startup Time": 1.029,
                      "Actual Total Time": 3.129,
                      "Actual Rows": 2572,
                      "Actual Loops": 3,
                      "Recheck Cond": "(company_id > 227558)",
                      "Rows Removed by Index Recheck": 0,
                      "Filter": "(company_type_id = 2)",
                      "Rows Removed by Filter": 0,
                      "Exact Heap Blocks": 258,
                      "Lossy Heap Blocks": 0,
                      "Plans": [
                        {
                          "Node Type": "Bitmap Index Scan",
                          "Parent Relationship": "Outer",
                          "Parallel Aware": false,
                          "Index Name": "company_id_movie_companies",
                          "Startup Cost": 0.0,
                          "Total Cost": 184.94,
                          "Plan Rows": 8602,
                          "Plan Width": 0,
                          "Actual Startup Time": 2.587,
                          "Actual Total Time": 2.588,
                          "Actual Rows": 7716,
                          "Actual Loops": 1,
                          "Index Cond": "(company_id > 227558)"
                        }
                      ]
                    },
                    {
                      "Node Type": "Index Scan",
                      "Parent Relationship": "Inner",
                      "Parallel Aware": false,
                      "Scan Direction": "Forward",
                      "Index Name": "title_pkey",
                      "Relation Name": "title",
                      "Alias": "t",
                      "Startup Cost": 0.43,
                      "Total Cost": 7.44,
                      "Plan Rows": 1,
                      "Plan Width": 4,
                      "Actual Startup Time": 0.006,
                      "Actual Total Time": 0.006,
                      "Actual Rows": 1,
                      "Actual Loops": 7716,
                      "Index Cond": "(id = mc.movie_id)",
                      "Rows Removed by Index Recheck": 0,
                      "Filter": "(production_year > 2003)",
                      "Rows Removed by Filter": 0
                    }
                  ]
                }
              ]
            }
          ]
        }
      ]
    },
    "Planning Time": 0.722,
    "Triggers": [],
    "Execution Time": 34.04
  }
]