{
  "Plan": {
    "Node Type": "Aggregate",
    "Strategy": "Plain",
    "Partial Mode": "Finalize",
    "Parallel Aware": false,
    "Startup Cost": 129992.82,
    "Total Cost": 129992.83,
    "Plan Rows": 1,
    "Plan Width": 8,
    "Actual Startup Time": 802.562,
    "Actual Total Time": 819.547,
    "Actual Rows": 1,
    "Actual Loops": 1,
    "Plans": [
      {
        "Node Type": "Gather",
        "Parent Relationship": "Outer",
        "Parallel Aware": false,
        "Startup Cost": 129992.71,
        "Total Cost": 129992.82,
        "Plan Rows": 1,
        "Plan Width": 8,
        "Actual Startup Time": 800.127,
        "Actual Total Time": 819.54,
        "Actual Rows": 2,
        "Actual Loops": 1,
        "Workers Planned": 1,
        "Workers Launched": 1,
        "Single Copy": false,
        "Plans": [
          {
            "Node Type": "Aggregate",
            "Strategy": "Plain",
            "Partial Mode": "Partial",
            "Parent Relationship": "Outer",
            "Parallel Aware": false,
            "Startup Cost": 128992.71,
            "Total Cost": 128992.72,
            "Plan Rows": 1,
            "Plan Width": 8,
            "Actual Startup Time": 792.176,
            "Actual Total Time": 792.179,
            "Actual Rows": 1,
            "Actual Loops": 2,
            "Plans": [
              {
                "Node Type": "Hash Join",
                "Parent Relationship": "Outer",
                "Parallel Aware": true,
                "Join Type": "Inner",
                "Startup Cost": 62834.04,
                "Total Cost": 126486.11,
                "Plan Rows": 1002640,
                "Plan Width": 0,
                "Actual Startup Time": 331.814,
                "Actual Total Time": 748.949,
                "Actual Rows": 1118828,
                "Actual Loops": 2,
                "Inner Unique": true,
                "Hash Cond": "(mk.movie_id = t.id)",
                "Plans": [
                  {
                    "Node Type": "Seq Scan",
                    "Parent Relationship": "Outer",
                    "Parallel Aware": true,
                    "Relation Name": "movie_keyword",
                    "Alias": "mk",
                    "Startup Cost": 0.0,
                    "Total Cost": 57718.19,
                    "Plan Rows": 2260522,
                    "Plan Width": 4,
                    "Actual Startup Time": 0.044,
                    "Actual Total Time": 194.401,
                    "Actual Rows": 1919426,
                    "Actual Loops": 2,
                    "Filter": "(keyword_id > 562)",
                    "Rows Removed by Filter": 342540
                  },
                  {
                    "Node Type": "Hash",
                    "Parent Relationship": "Inner",
                    "Parallel Aware": true,
                    "Startup Cost": 54588.39,
                    "Total Cost": 54588.39,
                    "Plan Rows": 659652,
                    "Plan Width": 4,
                    "Actual Startup Time": 316.933,
                    "Actual Total Time": 316.934,
                    "Actual Rows": 566678,
                    "Actual Loops": 2,
                    "Hash Buckets": 2097152,
                    "Original Hash Buckets": 2097152,
                    "Hash Batches": 1,
                    "Original Hash Batches": 1,
                    "Peak Memory Usage": 60736,
                    "Plans": [
                      {
                        "Node Type": "Seq Scan",
                        "Parent Relationship": "Outer",
                        "Parallel Aware": true,
                        "Relation Name": "title",
                        "Alias": "t",
                        "Startup Cost": 0.0,
                        "Total Cost": 54588.39,
                        "Plan Rows": 659652,
                        "Plan Width": 4,
                        "Actual Startup Time": 0.022,
                        "Actual Total Time": 162.712,
                        "Actual Rows": 566678,
                        "Actual Loops": 2,
                        "Filter": "(production_year < 2002)",
                        "Rows Removed by Filter": 697478
                      }
                    ]
                  }
                ]
              }
            ]
          }
        ]
      }
    ]
  },
  "Planning Time": 0.581,
  "Triggers": [],
  "Execution Time": 819.613
}