[
  {
    "Plan": {
      "Node Type": "Aggregate",
      "Strategy": "Plain",
      "Partial Mode": "Finalize",
      "Parallel Aware": false,
      "Startup Cost": 448457.88,
      "Total Cost": 448457.89,
      "Plan Rows": 1,
      "Plan Width": 8,
      "Actual Startup Time": 2076.668,
      "Actual Total Time": 2140.663,
      "Actual Rows": 1,
      "Actual Loops": 1,
      "Plans": [
        {
          "Node Type": "Gather",
          "Parent Relationship": "Outer",
          "Parallel Aware": false,
          "Startup Cost": 448457.25,
          "Total Cost": 448457.86,
          "Plan Rows": 6,
          "Plan Width": 8,
          "Actual Startup Time": 2069.543,
          "Actual Total Time": 2140.65,
          "Actual Rows": 7,
          "Actual Loops": 1,
          "Workers Planned": 6,
          "Workers Launched": 6,
          "Single Copy": false,
          "Plans": [
            {
              "Node Type": "Aggregate",
              "Strategy": "Plain",
              "Partial Mode": "Partial",
              "Parent Relationship": "Outer",
              "Parallel Aware": false,
              "Startup Cost": 447457.25,
              "Total Cost": 447457.26,
              "Plan Rows": 1,
              "Plan Width": 8,
              "Actual Startup Time": 2058.619,
              "Actual Total Time": 2058.624,
              "Actual Rows": 1,
              "Actual Loops": 7,
              "Plans": [
                {
                  "Node Type": "Hash Join",
                  "Parent Relationship": "Outer",
                  "Parallel Aware": true,
                  "Join Type": "Inner",
                  "Startup Cost": 92949.83,
                  "Total Cost": 444443.93,
                  "Plan Rows": 1205330,
                  "Plan Width": 0,
                  "Actual Startup Time": 286.602,
                  "Actual Total Time": 1895.611,
                  "Actual Rows": 3558627,
                  "Actual Loops": 7,
                  "Inner Unique": false,
                  "Hash Cond": "(ci.movie_id = t.id)",
                  "Plans": [
                    {
                      "Node Type": "Seq Scan",
                      "Parent Relationship": "Outer",
                      "Parallel Aware": true,
                      "Relation Name": "cast_info",
                      "Alias": "ci",
                      "Startup Cost": 0.0,
                      "Total Cost": 328162.03,
                      "Plan Rows": 5185041,
                      "Plan Width": 4,
                      "Actual Startup Time": 0.016,
                      "Actual Total Time": 641.07,
                      "Actual Rows": 4469891,
                      "Actual Loops": 7,
                      "Filter": "(person_id < 3176219)",
                      "Rows Removed by Filter": 707872
                    },
                    {
                      "Node Type": "Hash",
                      "Parent Relationship": "Inner",
                      "Parallel Aware": true,
                      "Startup Cost": 90579.93,
                      "Total Cost": 90579.93,
                      "Plan Rows": 189592,
                      "Plan Width": 8,
                      "Actual Startup Time": 283.311,
                      "Actual Total Time": 283.315,
                      "Actual Rows": 113734,
                      "Actual Loops": 7,
                      "Hash Buckets": 1048576,
                      "Original Hash Buckets": 1048576,
                      "Hash Batches": 1,
                      "Original Hash Batches": 1,
                      "Peak Memory Usage": 39424,
                      "Plans": [
                        {
                          "Node Type": "Hash Join",
                          "Parent Relationship": "Outer",
                          "Parallel Aware": true,
                          "Join Type": "Inner",
                          "Startup Cost": 46088.19,
                          "Total Cost": 90579.93,
                          "Plan Rows": 189592,
                          "Plan Width": 8,
                          "Actual Startup Time": 127.516,
                          "Actual Total Time": 245.505,
                          "Actual Rows": 113734,
                          "Actual Loops": 7,
                          "Inner Unique": true,
                          "Hash Cond": "(mk.movie_id = t.id)",
                          "Plans": [
                            {
                              "Node Type": "Seq Scan",
                              "Parent Relationship": "Outer",
                              "Parallel Aware": true,
                              "Relation Name": "movie_keyword",
                              "Alias": "mk",
                              "Startup Cost": 0.0,
                              "Total Cost": 42695.65,
                              "Plan Rows": 684222,
                              "Plan Width": 4,
                              "Actual Startup Time": 0.027,
                              "Actual Total Time": 70.681,
                              "Actual Rows": 303210,
                              "Actual Loops": 7,
                              "Filter": "(keyword_id < 3905)",
                              "Rows Removed by Filter": 343065
                            },
                            {
                              "Node Type": "Hash",
                              "Parent Relationship": "Inner",
                              "Parallel Aware": true,
                              "Startup Cost": 43898.92,
                              "Total Cost": 43898.92,
                              "Plan Rows": 175142,
                              "Plan Width": 4,
                              "Actual Startup Time": 125.938,
                              "Actual Total Time": 125.939,
                              "Actual Rows": 101027,
                              "Actual Loops": 7,
                              "Hash Buckets": 1048576,
                              "Original Hash Buckets": 1048576,
                              "Hash Batches": 1,
                              "Original Hash Batches": 1,
                              "Peak Memory Usage": 35968,
                              "Plans": [
                                {
                                  "Node Type": "Seq Scan",
                                  "Parent Relationship": "Outer",
                                  "Parallel Aware": true,
                                  "Relation Name": "title",
                                  "Alias": "t",
                                  "Startup Cost": 0.0,
                                  "Total Cost": 43898.92,
                                  "Plan Rows": 175142,
                                  "Plan Width": 4,
                                  "Actual Startup Time": 0.049,
                                  "Actual Total Time": 77.563,
                                  "Actual Rows": 101027,
                                  "Actual Loops": 7,
                                  "Filter": "(production_year < 1991)",
                                  "Rows Removed by Filter": 260161
                                }
                              ]
                            }
                          ]
                        }
                      ]
                    }
                  ]
                }
              ]
            }
          ]
        }
      ]
    },
    "Planning Time": 1.355,
    "Triggers": [],
    "Execution Time": 2140.769
  }
]