[
  {
    "Plan": {
      "Node Type": "Aggregate",
      "Strategy": "Plain",
      "Partial Mode": "Finalize",
      "Parallel Aware": false,
      "Startup Cost": 199771.75,
      "Total Cost": 199771.76,
      "Plan Rows": 1,
      "Plan Width": 8,
      "Actual Startup Time": 122.545,
      "Actual Total Time": 145.057,
      "Actual Rows": 1,
      "Actual Loops": 1,
      "Plans": [
        {
          "Node Type": "Gather",
          "Parent Relationship": "Outer",
          "Parallel Aware": false,
          "Startup Cost": 199771.33,
          "Total Cost": 199771.74,
          "Plan Rows": 4,
          "Plan Width": 8,
          "Actual Startup Time": 122.297,
          "Actual Total Time": 145.043,
          "Actual Rows": 5,
          "Actual Loops": 1,
          "Workers Planned": 4,
          "Workers Launched": 4,
          "Single Copy": false,
          "Plans": [
            {
              "Node Type": "Aggregate",
              "Strategy": "Plain",
              "Partial Mode": "Partial",
              "Parent Relationship": "Outer",
              "Parallel Aware": false,
              "Startup Cost": 198771.33,
              "Total Cost": 198771.34,
              "Plan Rows": 1,
              "Plan Width": 8,
              "Actual Startup Time": 116.531,
              "Actual Total Time": 116.533,
              "Actual Rows": 1,
              "Actual Loops": 5,
              "Plans": [
                {
                  "Node Type": "Nested Loop",
                  "Parent Relationship": "Outer",
                  "Parallel Aware": false,
                  "Join Type": "Inner",
                  "Startup Cost": 0.43,
                  "Total Cost": 198770.41,
                  "Plan Rows": 368,
                  "Plan Width": 0,
                  "Actual Startup Time": 13.393,
                  "Actual Total Time": 116.473,
                  "Actual Rows": 788,
                  "Actual Loops": 5,
                  "Inner Unique": false,
                  "Plans": [
                    {
                      "Node Type": "Seq Scan",
                      "Parent Relationship": "Outer",
                      "Parallel Aware": true,
                      "Relation Name": "title",
                      "Alias": "t",
                      "Startup Cost": 0.0,
                      "Total Cost": 45479.59,
                      "Plan Rows": 1636,
                      "Plan Width": 4,
                      "Actual Startup Time": 0.563,
                      "Actual Total Time": 69.839,
                      "Actual Rows": 1466,
                      "Actual Loops": 5,
                      "Filter": "((kind_id < 7) AND (production_year = 1984))",
                      "Rows Removed by Filter": 504197
                    },
                    {
                      "Node Type": "Index Scan",
                      "Parent Relationship": "Inner",
                      "Parallel Aware": false,
                      "Scan Direction": "Forward",
                      "Index Name": "movie_id_movie_info",
                      "Relation Name": "movie_info",
                      "Alias": "mi",
                      "Startup Cost": 0.43,
                      "Total Cost": 93.68,
                      "Plan Rows": 2,
                      "Plan Width": 4,
                      "Actual Startup Time": 0.03,
                      "Actual Total Time": 0.031,
                      "Actual Rows": 1,
                      "Actual Loops": 7329,
                      "Index Cond": "(movie_id = t.id)",
                      "Rows Removed by Index Recheck": 0,
                      "Filter": "(info_type_id = 15)",
                      "Rows Removed by Filter": 10
                    }
                  ]
                }
              ]
            }
          ]
        }
      ]
    },
    "Planning Time": 0.428,
    "Triggers": [],
    "Execution Time": 145.096
  }
]