[
  {
    "Plan": {
      "Node Type": "Aggregate",
      "Strategy": "Plain",
      "Partial Mode": "Finalize",
      "Parallel Aware": false,
      "Startup Cost": 46913.56,
      "Total Cost": 46913.57,
      "Plan Rows": 1,
      "Plan Width": 8,
      "Actual Startup Time": 99.714,
      "Actual Total Time": 111.046,
      "Actual Rows": 1,
      "Actual Loops": 1,
      "Plans": [
        {
          "Node Type": "Gather",
          "Parent Relationship": "Outer",
          "Parallel Aware": false,
          "Startup Cost": 46913.14,
          "Total Cost": 46913.55,
          "Plan Rows": 4,
          "Plan Width": 8,
          "Actual Startup Time": 99.561,
          "Actual Total Time": 111.035,
          "Actual Rows": 5,
          "Actual Loops": 1,
          "Workers Planned": 4,
          "Workers Launched": 4,
          "Single Copy": false,
          "Plans": [
            {
              "Node Type": "Aggregate",
              "Strategy": "Plain",
              "Partial Mode": "Partial",
              "Parent Relationship": "Outer",
              "Parallel Aware": false,
              "Startup Cost": 45913.14,
              "Total Cost": 45913.15,
              "Plan Rows": 1,
              "Plan Width": 8,
              "Actual Startup Time": 92.77,
              "Actual Total Time": 92.771,
              "Actual Rows": 1,
              "Actual Loops": 5,
              "Plans": [
                {
                  "Node Type": "Seq Scan",
                  "Parent Relationship": "Outer",
                  "Parallel Aware": true,
                  "Relation Name": "title",
                  "Alias": "t",
                  "Startup Cost": 0.0,
                  "Total Cost": 45479.59,
                  "Plan Rows": 173422,
                  "Plan Width": 0,
                  "Actual Startup Time": 0.041,
                  "Actual Total Time": 86.788,
                  "Actual Rows": 121233,
                  "Actual Loops": 5,
                  "Filter": "((kind_id < 3) AND (production_year > 1939))",
                  "Rows Removed by Filter": 384429
                }
              ]
            }
          ]
        }
      ]
    },
    "Planning Time": 0.154,
    "Triggers": [],
    "Execution Time": 111.099
  }
]