[
    {
        "Bao": {
            "Bao prediction": "NaN",
            "Bao recommended hint": "(no hint)"
        }
    },
    {
        "Plan": {
            "Node Type": "Aggregate",
            "Strategy": "Plain",
            "Partial Mode": "Finalize",
            "Parallel Aware": false,
            "Startup Cost": 350912.16,
            "Total Cost": 350912.17,
            "Plan Rows": 1,
            "Plan Width": 8,
            "Actual Startup Time": 837.535,
            "Actual Total Time": 867.981,
            "Actual Rows": 1,
            "Actual Loops": 1,
            "Output": [
                "count(*)"
            ],
            "Plans": [
                {
                    "Node Type": "Gather",
                    "Parent Relationship": "Outer",
                    "Parallel Aware": false,
                    "Startup Cost": 350911.53,
                    "Total Cost": 350912.14,
                    "Plan Rows": 6,
                    "Plan Width": 8,
                    "Actual Startup Time": 837.413,
                    "Actual Total Time": 867.973,
                    "Actual Rows": 7,
                    "Actual Loops": 1,
                    "Output": [
                        "(PARTIAL count(*))"
                    ],
                    "Workers Planned": 6,
                    "Workers Launched": 6,
                    "Single Copy": false,
                    "Plans": [
                        {
                            "Node Type": "Aggregate",
                            "Strategy": "Plain",
                            "Partial Mode": "Partial",
                            "Parent Relationship": "Outer",
                            "Parallel Aware": false,
                            "Startup Cost": 349911.53,
                            "Total Cost": 349911.54,
                            "Plan Rows": 1,
                            "Plan Width": 8,
                            "Actual Startup Time": 827.764,
                            "Actual Total Time": 827.765,
                            "Actual Rows": 1,
                            "Actual Loops": 7,
                            "Output": [
                                "PARTIAL count(*)"
                            ],
                            "Workers": [
                                {
                                    "Worker Number": 0,
                                    "Actual Startup Time": 825.536,
                                    "Actual Total Time": 825.537,
                                    "Actual Rows": 1,
                                    "Actual Loops": 1
                                },
                                {
                                    "Worker Number": 1,
                                    "Actual Startup Time": 825.88,
                                    "Actual Total Time": 825.881,
                                    "Actual Rows": 1,
                                    "Actual Loops": 1
                                },
                                {
                                    "Worker Number": 2,
                                    "Actual Startup Time": 826.247,
                                    "Actual Total Time": 826.249,
                                    "Actual Rows": 1,
                                    "Actual Loops": 1
                                },
                                {
                                    "Worker Number": 3,
                                    "Actual Startup Time": 826.349,
                                    "Actual Total Time": 826.35,
                                    "Actual Rows": 1,
                                    "Actual Loops": 1
                                },
                                {
                                    "Worker Number": 4,
                                    "Actual Startup Time": 826.419,
                                    "Actual Total Time": 826.42,
                                    "Actual Rows": 1,
                                    "Actual Loops": 1
                                },
                                {
                                    "Worker Number": 5,
                                    "Actual Startup Time": 826.833,
                                    "Actual Total Time": 826.834,
                                    "Actual Rows": 1,
                                    "Actual Loops": 1
                                }
                            ],
                            "Plans": [
                                {
                                    "Node Type": "Seq Scan",
                                    "Parent Relationship": "Outer",
                                    "Parallel Aware": true,
                                    "Relation Name": "cast_info",
                                    "Schema": "public",
                                    "Alias": "ci",
                                    "Startup Cost": 0.0,
                                    "Total Cost": 343318.94,
                                    "Plan Rows": 2637037,
                                    "Plan Width": 0,
                                    "Actual Startup Time": 355.477,
                                    "Actual Total Time": 709.103,
                                    "Actual Rows": 2287266,
                                    "Actual Loops": 7,
                                    "Output": [
                                        "id",
                                        "person_id",
                                        "movie_id",
                                        "person_role_id",
                                        "note",
                                        "nr_order",
                                        "role_id"
                                    ],
                                    "Filter": "((ci.person_id > 49292) AND (ci.role_id > 2))",
                                    "Rows Removed by Filter": 2890497,
                                    "Workers": [
                                        {
                                            "Worker Number": 0,
                                            "Actual Startup Time": 353.266,
                                            "Actual Total Time": 709.222,
                                            "Actual Rows": 1763911,
                                            "Actual Loops": 1
                                        },
                                        {
                                            "Worker Number": 1,
                                            "Actual Startup Time": 353.574,
                                            "Actual Total Time": 709.034,
                                            "Actual Rows": 1770795,
                                            "Actual Loops": 1
                                        },
                                        {
                                            "Worker Number": 2,
                                            "Actual Startup Time": 353.974,
                                            "Actual Total Time": 708.721,
                                            "Actual Rows": 1780296,
                                            "Actual Loops": 1
                                        },
                                        {
                                            "Worker Number": 3,
                                            "Actual Startup Time": 354.052,
                                            "Actual Total Time": 708.929,
                                            "Actual Rows": 1781251,
                                            "Actual Loops": 1
                                        },
                                        {
                                            "Worker Number": 4,
                                            "Actual Startup Time": 354.139,
                                            "Actual Total Time": 712.456,
                                            "Actual Rows": 2806728,
                                            "Actual Loops": 1
                                        },
                                        {
                                            "Worker Number": 5,
                                            "Actual Startup Time": 354.53,
                                            "Actual Total Time": 708.81,
                                            "Actual Rows": 2827556,
                                            "Actual Loops": 1
                                        }
                                    ]
                                }
                            ]
                        }
                    ]
                }
            ]
        },
        "Planning Time": 189.463,
        "Triggers": [],
        "Execution Time": 868.028
    }
]