[
  {
    "Plan": {
      "Node Type": "Aggregate",
      "Strategy": "Plain",
      "Partial Mode": "Finalize",
      "Parallel Aware": false,
      "Startup Cost": 71682.04,
      "Total Cost": 71682.05,
      "Plan Rows": 1,
      "Plan Width": 8,
      "Actual Startup Time": 225.496,
      "Actual Total Time": 242.478,
      "Actual Rows": 1,
      "Actual Loops": 1,
      "Plans": [
        {
          "Node Type": "Gather",
          "Parent Relationship": "Outer",
          "Parallel Aware": false,
          "Startup Cost": 71681.62,
          "Total Cost": 71682.03,
          "Plan Rows": 4,
          "Plan Width": 8,
          "Actual Startup Time": 224.199,
          "Actual Total Time": 242.468,
          "Actual Rows": 5,
          "Actual Loops": 1,
          "Workers Planned": 4,
          "Workers Launched": 4,
          "Single Copy": false,
          "Plans": [
            {
              "Node Type": "Aggregate",
              "Strategy": "Plain",
              "Partial Mode": "Partial",
              "Parent Relationship": "Outer",
              "Parallel Aware": false,
              "Startup Cost": 70681.62,
              "Total Cost": 70681.63,
              "Plan Rows": 1,
              "Plan Width": 8,
              "Actual Startup Time": 214.402,
              "Actual Total Time": 214.45,
              "Actual Rows": 1,
              "Actual Loops": 5,
              "Plans": [
                {
                  "Node Type": "Hash Join",
                  "Parent Relationship": "Outer",
                  "Parallel Aware": true,
                  "Join Type": "Inner",
                  "Startup Cost": 25309.15,
                  "Total Cost": 70650.27,
                  "Plan Rows": 12540,
                  "Plan Width": 0,
                  "Actual Startup Time": 89.272,
                  "Actual Total Time": 212.954,
                  "Actual Rows": 23708,
                  "Actual Loops": 5,
                  "Inner Unique": false,
                  "Hash Cond": "(t.id = mc.movie_id)",
                  "Plans": [
                    {
                      "Node Type": "Seq Scan",
                      "Parent Relationship": "Outer",
                      "Parallel Aware": true,
                      "Relation Name": "title",
                      "Alias": "t",
                      "Startup Cost": 0.0,
                      "Total Cost": 43898.92,
                      "Plan Rows": 280352,
                      "Plan Width": 4,
                      "Actual Startup Time": 0.012,
                      "Actual Total Time": 80.799,
                      "Actual Rows": 226671,
                      "Actual Loops": 5,
                      "Filter": "(production_year < 2002)",
                      "Rows Removed by Filter": 278991
                    },
                    {
                      "Node Type": "Hash",
                      "Parent Relationship": "Inner",
                      "Parallel Aware": true,
                      "Startup Cost": 24853.16,
                      "Total Cost": 24853.16,
                      "Plan Rows": 36479,
                      "Plan Width": 4,
                      "Actual Startup Time": 87.763,
                      "Actual Total Time": 87.764,
                      "Actual Rows": 35307,
                      "Actual Loops": 5,
                      "Hash Buckets": 262144,
                      "Original Hash Buckets": 131072,
                      "Hash Batches": 1,
                      "Original Hash Batches": 1,
                      "Peak Memory Usage": 10048,
                      "Plans": [
                        {
                          "Node Type": "Bitmap Heap Scan",
                          "Parent Relationship": "Outer",
                          "Parallel Aware": true,
                          "Relation Name": "movie_companies",
                          "Alias": "mc",
                          "Startup Cost": 4951.61,
                          "Total Cost": 24853.16,
                          "Plan Rows": 36479,
                          "Plan Width": 4,
                          "Actual Startup Time": 22.993,
                          "Actual Total Time": 65.583,
                          "Actual Rows": 35307,
                          "Actual Loops": 5,
                          "Recheck Cond": "(company_id < 92)",
                          "Rows Removed by Index Recheck": 0,
                          "Filter": "(company_type_id = 1)",
                          "Rows Removed by Filter": 10614,
                          "Exact Heap Blocks": 7832,
                          "Lossy Heap Blocks": 0,
                          "Plans": [
                            {
                              "Node Type": "Bitmap Index Scan",
                              "Parent Relationship": "Outer",
                              "Parallel Aware": false,
                              "Index Name": "company_id_movie_companies",
                              "Startup Cost": 0.0,
                              "Total Cost": 4923.34,
                              "Plan Rows": 229721,
                              "Plan Width": 0,
                              "Actual Startup Time": 23.718,
                              "Actual Total Time": 23.718,
                              "Actual Rows": 229604,
                              "Actual Loops": 1,
                              "Index Cond": "(company_id < 92)"
                            }
                          ]
                        }
                      ]
                    }
                  ]
                }
              ]
            }
          ]
        }
      ]
    },
    "Planning Time": 0.69,
    "Triggers": [],
    "Execution Time": 242.588
  }
]