[
  {
    "Plan": {
      "Node Type": "Aggregate",
      "Strategy": "Plain",
      "Partial Mode": "Finalize",
      "Parallel Aware": false,
      "Startup Cost": 369476.94,
      "Total Cost": 369476.95,
      "Plan Rows": 1,
      "Plan Width": 8,
      "Actual Startup Time": 953.634,
      "Actual Total Time": 977.555,
      "Actual Rows": 1,
      "Actual Loops": 1,
      "Plans": [
        {
          "Node Type": "Gather",
          "Parent Relationship": "Outer",
          "Parallel Aware": false,
          "Startup Cost": 369476.73,
          "Total Cost": 369476.94,
          "Plan Rows": 2,
          "Plan Width": 8,
          "Actual Startup Time": 943.934,
          "Actual Total Time": 977.546,
          "Actual Rows": 3,
          "Actual Loops": 1,
          "Workers Planned": 2,
          "Workers Launched": 2,
          "Single Copy": false,
          "Plans": [
            {
              "Node Type": "Aggregate",
              "Strategy": "Plain",
              "Partial Mode": "Partial",
              "Parent Relationship": "Outer",
              "Parallel Aware": false,
              "Startup Cost": 368476.73,
              "Total Cost": 368476.74,
              "Plan Rows": 1,
              "Plan Width": 8,
              "Actual Startup Time": 935.656,
              "Actual Total Time": 935.663,
              "Actual Rows": 1,
              "Actual Loops": 3,
              "Plans": [
                {
                  "Node Type": "Hash Join",
                  "Parent Relationship": "Outer",
                  "Parallel Aware": true,
                  "Join Type": "Inner",
                  "Startup Cost": 351657.58,
                  "Total Cost": 367890.11,
                  "Plan Rows": 234648,
                  "Plan Width": 0,
                  "Actual Startup Time": 803.823,
                  "Actual Total Time": 926.353,
                  "Actual Rows": 199961,
                  "Actual Loops": 3,
                  "Inner Unique": false,
                  "Hash Cond": "(mi_idx.movie_id = t.id)",
                  "Plans": [
                    {
                      "Node Type": "Seq Scan",
                      "Parent Relationship": "Outer",
                      "Parallel Aware": true,
                      "Relation Name": "movie_info_idx",
                      "Alias": "mi_idx",
                      "Startup Cost": 0.0,
                      "Total Cost": 13685.15,
                      "Plan Rows": 575015,
                      "Plan Width": 4,
                      "Actual Startup Time": 0.028,
                      "Actual Total Time": 38.766,
                      "Actual Rows": 460012,
                      "Actual Loops": 3
                    },
                    {
                      "Node Type": "Hash",
                      "Parent Relationship": "Inner",
                      "Parallel Aware": true,
                      "Startup Cost": 349508.14,
                      "Total Cost": 349508.14,
                      "Plan Rows": 171955,
                      "Plan Width": 8,
                      "Actual Startup Time": 797.323,
                      "Actual Total Time": 797.328,
                      "Actual Rows": 159111,
                      "Actual Loops": 3,
                      "Hash Buckets": 1048576,
                      "Original Hash Buckets": 1048576,
                      "Hash Batches": 1,
                      "Original Hash Batches": 1,
                      "Peak Memory Usage": 26912,
                      "Plans": [
                        {
                          "Node Type": "Hash Join",
                          "Parent Relationship": "Outer",
                          "Parallel Aware": true,
                          "Join Type": "Inner",
                          "Startup Cost": 91620.27,
                          "Total Cost": 349508.14,
                          "Plan Rows": 171955,
                          "Plan Width": 8,
                          "Actual Startup Time": 600.487,
                          "Actual Total Time": 738.183,
                          "Actual Rows": 159111,
                          "Actual Loops": 3,
                          "Inner Unique": true,
                          "Hash Cond": "(ci.movie_id = t.id)",
                          "Plans": [
                            {
                              "Node Type": "Bitmap Heap Scan",
                              "Parent Relationship": "Outer",
                              "Parallel Aware": true,
                              "Relation Name": "cast_info",
                              "Alias": "ci",
                              "Startup Cost": 41059.15,
                              "Total Cost": 298411.72,
                              "Plan Rows": 203927,
                              "Plan Width": 4,
                              "Actual Startup Time": 160.164,
                              "Actual Total Time": 202.977,
                              "Actual Rows": 178730,
                              "Actual Loops": 3,
                              "Recheck Cond": "(person_id < 185796)",
                              "Rows Removed by Index Recheck": 0,
                              "Filter": "(role_id > 1)",
                              "Rows Removed by Filter": 451633,
                              "Exact Heap Blocks": 6587,
                              "Lossy Heap Blocks": 0,
                              "Plans": [
                                {
                                  "Node Type": "Bitmap Index Scan",
                                  "Parent Relationship": "Outer",
                                  "Parallel Aware": false,
                                  "Index Name": "person_id_cast_info",
                                  "Startup Cost": 0.0,
                                  "Total Cost": 40753.26,
                                  "Plan Rows": 1866226,
                                  "Plan Width": 0,
                                  "Actual Startup Time": 86.611,
                                  "Actual Total Time": 86.612,
                                  "Actual Rows": 1891089,
                                  "Actual Loops": 1,
                                  "Index Cond": "(person_id < 185796)"
                                }
                              ]
                            },
                            {
                              "Node Type": "Hash",
                              "Parent Relationship": "Inner",
                              "Parallel Aware": true,
                              "Startup Cost": 43898.92,
                              "Total Cost": 43898.92,
                              "Plan Rows": 532976,
                              "Plan Width": 4,
                              "Actual Startup Time": 428.173,
                              "Actual Total Time": 428.174,
                              "Actual Rows": 706124,
                              "Actual Loops": 3,
                              "Hash Buckets": 4194304,
                              "Original Hash Buckets": 4194304,
                              "Hash Batches": 1,
                              "Original Hash Batches": 1,
                              "Peak Memory Usage": 115680,
                              "Plans": [
                                {
                                  "Node Type": "Seq Scan",
                                  "Parent Relationship": "Outer",
                                  "Parallel Aware": true,
                                  "Relation Name": "title",
                                  "Alias": "t",
                                  "Startup Cost": 0.0,
                                  "Total Cost": 43898.92,
                                  "Plan Rows": 532976,
                                  "Plan Width": 4,
                                  "Actual Startup Time": 0.042,
                                  "Actual Total Time": 148.726,
                                  "Actual Rows": 706124,
                                  "Actual Loops": 3,
                                  "Filter": "(production_year > 1967)",
                                  "Rows Removed by Filter": 136647
                                }
                              ]
                            }
                          ]
                        }
                      ]
                    }
                  ]
                }
              ]
            }
          ]
        }
      ]
    },
    "Planning Time": 1.322,
    "Triggers": [],
    "Execution Time": 977.661
  }
]