[
  {
    "Plan": {
      "Node Type": "Aggregate",
      "Strategy": "Plain",
      "Partial Mode": "Finalize",
      "Parallel Aware": false,
      "Startup Cost": 42891.82,
      "Total Cost": 42891.83,
      "Plan Rows": 1,
      "Plan Width": 8,
      "Actual Startup Time": 146.696,
      "Actual Total Time": 155.621,
      "Actual Rows": 1,
      "Actual Loops": 1,
      "Plans": [
        {
          "Node Type": "Gather",
          "Parent Relationship": "Outer",
          "Parallel Aware": false,
          "Startup Cost": 42891.5,
          "Total Cost": 42891.81,
          "Plan Rows": 3,
          "Plan Width": 8,
          "Actual Startup Time": 146.409,
          "Actual Total Time": 155.608,
          "Actual Rows": 4,
          "Actual Loops": 1,
          "Workers Planned": 3,
          "Workers Launched": 3,
          "Single Copy": false,
          "Plans": [
            {
              "Node Type": "Aggregate",
              "Strategy": "Plain",
              "Partial Mode": "Partial",
              "Parent Relationship": "Outer",
              "Parallel Aware": false,
              "Startup Cost": 41891.5,
              "Total Cost": 41891.51,
              "Plan Rows": 1,
              "Plan Width": 8,
              "Actual Startup Time": 140.698,
              "Actual Total Time": 140.7,
              "Actual Rows": 1,
              "Actual Loops": 4,
              "Plans": [
                {
                  "Node Type": "Bitmap Heap Scan",
                  "Parent Relationship": "Outer",
                  "Parallel Aware": true,
                  "Relation Name": "movie_keyword",
                  "Alias": "mk",
                  "Startup Cost": 14199.17,
                  "Total Cost": 41351.78,
                  "Plan Rows": 215889,
                  "Plan Width": 0,
                  "Actual Startup Time": 56.995,
                  "Actual Total Time": 131.684,
                  "Actual Rows": 167708,
                  "Actual Loops": 4,
                  "Recheck Cond": "(keyword_id > 27954)",
                  "Rows Removed by Index Recheck": 0,
                  "Exact Heap Blocks": 10107,
                  "Lossy Heap Blocks": 0,
                  "Plans": [
                    {
                      "Node Type": "Bitmap Index Scan",
                      "Parent Relationship": "Outer",
                      "Parallel Aware": false,
                      "Index Name": "keyword_id_movie_keyword",
                      "Startup Cost": 0.0,
                      "Total Cost": 14031.85,
                      "Plan Rows": 669256,
                      "Plan Width": 0,
                      "Actual Startup Time": 58.33,
                      "Actual Total Time": 58.331,
                      "Actual Rows": 670832,
                      "Actual Loops": 1,
                      "Index Cond": "(keyword_id > 27954)"
                    }
                  ]
                }
              ]
            }
          ]
        }
      ]
    },
    "Planning Time": 0.159,
    "Triggers": [],
    "Execution Time": 155.69
  }
]