[
  {
    "Plan": {
      "Node Type": "Aggregate",
      "Strategy": "Plain",
      "Partial Mode": "Finalize",
      "Parallel Aware": false,
      "Startup Cost": 382203.77,
      "Total Cost": 382203.78,
      "Plan Rows": 1,
      "Plan Width": 8,
      "Actual Startup Time": 531.515,
      "Actual Total Time": 604.992,
      "Actual Rows": 1,
      "Actual Loops": 1,
      "Plans": [
        {
          "Node Type": "Gather",
          "Parent Relationship": "Outer",
          "Parallel Aware": false,
          "Startup Cost": 382203.35,
          "Total Cost": 382203.76,
          "Plan Rows": 4,
          "Plan Width": 8,
          "Actual Startup Time": 531.396,
          "Actual Total Time": 604.983,
          "Actual Rows": 5,
          "Actual Loops": 1,
          "Workers Planned": 4,
          "Workers Launched": 4,
          "Single Copy": false,
          "Plans": [
            {
              "Node Type": "Aggregate",
              "Strategy": "Plain",
              "Partial Mode": "Partial",
              "Parent Relationship": "Outer",
              "Parallel Aware": false,
              "Startup Cost": 381203.35,
              "Total Cost": 381203.36,
              "Plan Rows": 1,
              "Plan Width": 8,
              "Actual Startup Time": 521.4,
              "Actual Total Time": 521.401,
              "Actual Rows": 1,
              "Actual Loops": 5,
              "Plans": [
                {
                  "Node Type": "Nested Loop",
                  "Parent Relationship": "Outer",
                  "Parallel Aware": false,
                  "Join Type": "Inner",
                  "Startup Cost": 0.56,
                  "Total Cost": 380912.46,
                  "Plan Rows": 116358,
                  "Plan Width": 0,
                  "Actual Startup Time": 0.555,
                  "Actual Total Time": 514.65,
                  "Actual Rows": 93677,
                  "Actual Loops": 5,
                  "Inner Unique": false,
                  "Plans": [
                    {
                      "Node Type": "Seq Scan",
                      "Parent Relationship": "Outer",
                      "Parallel Aware": true,
                      "Relation Name": "title",
                      "Alias": "t",
                      "Startup Cost": 0.0,
                      "Total Cost": 45479.1,
                      "Plan Rows": 17951,
                      "Plan Width": 4,
                      "Actual Startup Time": 0.031,
                      "Actual Total Time": 66.381,
                      "Actual Rows": 15910,
                      "Actual Loops": 5,
                      "Filter": "((kind_id > 1) AND (production_year = 2005))",
                      "Rows Removed by Filter": 489753
                    },
                    {
                      "Node Type": "Index Scan",
                      "Parent Relationship": "Inner",
                      "Parallel Aware": false,
                      "Scan Direction": "Forward",
                      "Index Name": "movie_id_cast_info",
                      "Relation Name": "cast_info",
                      "Alias": "ci",
                      "Startup Cost": 0.56,
                      "Total Cost": 18.52,
                      "Plan Rows": 17,
                      "Plan Width": 4,
                      "Actual Startup Time": 0.019,
                      "Actual Total Time": 0.027,
                      "Actual Rows": 6,
                      "Actual Loops": 79548,
                      "Index Cond": "(movie_id = t.id)",
                      "Rows Removed by Index Recheck": 0,
                      "Filter": "(role_id > 2)",
                      "Rows Removed by Filter": 8
                    }
                  ]
                }
              ]
            }
          ]
        }
      ]
    },
    "Planning Time": 0.562,
    "Triggers": [],
    "Execution Time": 605.08
  }
]