{
    "Plan": {
        "Node Type": "Aggregate",
        "Strategy": "Plain",
        "Partial Mode": "Simple",
        "Parallel Aware": false,
        "Startup Cost": 90024361435.63,
        "Total Cost": 90024361435.64,
        "Plan Rows": 1,
        "Plan Width": 8,
        "Actual Startup Time": 71534.069,
        "Actual Total Time": 71534.129,
        "Actual Rows": 1,
        "Actual Loops": 1,
        "Output": [
            "count(*)"
        ],
        "Plans": [
            {
                "Node Type": "Nested Loop",
                "Parent Relationship": "Outer",
                "Parallel Aware": false,
                "Join Type": "Inner",
                "Startup Cost": 90024361421.61,
                "Total Cost": 90024361435.63,
                "Plan Rows": 1,
                "Plan Width": 0,
                "Actual Startup Time": 71533.862,
                "Actual Total Time": 71534.118,
                "Actual Rows": 15,
                "Actual Loops": 1,
                "Inner Unique": true,
                "Plans": [
                    {
                        "Node Type": "Merge Join",
                        "Parent Relationship": "Outer",
                        "Parallel Aware": false,
                        "Join Type": "Inner",
                        "Startup Cost": 90024361421.19,
                        "Total Cost": 90024361435.19,
                        "Plan Rows": 1,
                        "Plan Width": 4,
                        "Actual Startup Time": 71533.774,
                        "Actual Total Time": 71533.856,
                        "Actual Rows": 66,
                        "Actual Loops": 1,
                        "Output": [
                            "mc.company_id"
                        ],
                        "Inner Unique": false,
                        "Merge Cond": "(it3.id = pi.info_type_id)",
                        "Plans": [
                            {
                                "Node Type": "Index Scan",
                                "Parent Relationship": "Outer",
                                "Parallel Aware": false,
                                "Scan Direction": "Forward",
                                "Index Name": "info_type_pkey",
                                "Relation Name": "info_type",
                                "Schema": "public",
                                "Alias": "it3",
                                "Startup Cost": 0.14,
                                "Total Cost": 14.12,
                                "Plan Rows": 1,
                                "Plan Width": 4,
                                "Actual Startup Time": 0.04,
                                "Actual Total Time": 0.054,
                                "Actual Rows": 1,
                                "Actual Loops": 1,
                                "Output": [
                                    "it3.id",
                                    "it3.info"
                                ],
                                "Filter": "((it3.info)::text = 'height'::text)",
                                "Rows Removed by Filter": 112
                            },
                            {
                                "Node Type": "Sort",
                                "Parent Relationship": "Inner",
                                "Parallel Aware": false,
                                "Startup Cost": 90024361421.05,
                                "Total Cost": 90024361421.05,
                                "Plan Rows": 1,
                                "Plan Width": 8,
                                "Actual Startup Time": 71533.294,
                                "Actual Total Time": 71533.521,
                                "Actual Rows": 5149,
                                "Actual Loops": 1,
                                "Output": [
                                    "mc.company_id",
                                    "pi.info_type_id"
                                ],
                                "Sort Key": [
                                    "pi.info_type_id"
                                ],
                                "Sort Method": "quicksort",
                                "Sort Space Used": 889,
                                "Sort Space Type": "Memory",
                                "Plans": [
                                    {
                                        "Node Type": "Merge Join",
                                        "Parent Relationship": "Outer",
                                        "Parallel Aware": false,
                                        "Join Type": "Inner",
                                        "Startup Cost": 90024361421.01,
                                        "Total Cost": 90024361421.04,
                                        "Plan Rows": 1,
                                        "Plan Width": 8,
                                        "Actual Startup Time": 71530.806,
                                        "Actual Total Time": 71532.319,
                                        "Actual Rows": 10758,
                                        "Actual Loops": 1,
                                        "Output": [
                                            "mc.company_id",
                                            "pi.info_type_id"
                                        ],
                                        "Inner Unique": false,
                                        "Merge Cond": "(cct1.id = cc.subject_id)",
                                        "Plans": [
                                            {
                                                "Node Type": "Sort",
                                                "Parent Relationship": "Outer",
                                                "Parallel Aware": false,
                                                "Startup Cost": 1.06,
                                                "Total Cost": 1.06,
                                                "Plan Rows": 1,
                                                "Plan Width": 4,
                                                "Actual Startup Time": 0.023,
                                                "Actual Total Time": 0.032,
                                                "Actual Rows": 1,
                                                "Actual Loops": 1,
                                                "Output": [
                                                    "cct1.id"
                                                ],
                                                "Sort Key": [
                                                    "cct1.id"
                                                ],
                                                "Sort Method": "quicksort",
                                                "Sort Space Used": 25,
                                                "Sort Space Type": "Memory",
                                                "Plans": [
                                                    {
                                                        "Node Type": "Seq Scan",
                                                        "Parent Relationship": "Outer",
                                                        "Parallel Aware": false,
                                                        "Relation Name": "comp_cast_type",
                                                        "Schema": "public",
                                                        "Alias": "cct1",
                                                        "Startup Cost": 0.0,
                                                        "Total Cost": 1.05,
                                                        "Plan Rows": 1,
                                                        "Plan Width": 4,
                                                        "Actual Startup Time": 0.018,
                                                        "Actual Total Time": 0.025,
                                                        "Actual Rows": 1,
                                                        "Actual Loops": 1,
                                                        "Output": [
                                                            "cct1.id"
                                                        ],
                                                        "Filter": "((cct1.kind)::text = 'cast'::text)",
                                                        "Rows Removed by Filter": 3
                                                    }
                                                ]
                                            },
                                            {
                                                "Node Type": "Sort",
                                                "Parent Relationship": "Inner",
                                                "Parallel Aware": false,
                                                "Startup Cost": 90024361419.95,
                                                "Total Cost": 90024361419.96,
                                                "Plan Rows": 1,
                                                "Plan Width": 12,
                                                "Actual Startup Time": 71530.778,
                                                "Actual Total Time": 71531.211,
                                                "Actual Rows": 10758,
                                                "Actual Loops": 1,
                                                "Output": [
                                                    "cc.subject_id",
                                                    "mc.company_id",
                                                    "pi.info_type_id"
                                                ],
                                                "Sort Key": [
                                                    "cc.subject_id"
                                                ],
                                                "Sort Method": "quicksort",
                                                "Sort Space Used": 889,
                                                "Sort Space Type": "Memory",
                                                "Plans": [
                                                    {
                                                        "Node Type": "Hash Join",
                                                        "Parent Relationship": "Outer",
                                                        "Parallel Aware": false,
                                                        "Join Type": "Inner",
                                                        "Startup Cost": 90024361418.88,
                                                        "Total Cost": 90024361419.94,
                                                        "Plan Rows": 1,
                                                        "Plan Width": 12,
                                                        "Actual Startup Time": 71528.827,
                                                        "Actual Total Time": 71529.815,
                                                        "Actual Rows": 10758,
                                                        "Actual Loops": 1,
                                                        "Output": [
                                                            "cc.subject_id",
                                                            "mc.company_id",
                                                            "pi.info_type_id"
                                                        ],
                                                        "Inner Unique": false,
                                                        "Hash Cond": "(cct2.id = cc.status_id)",
                                                        "Plans": [
                                                            {
                                                                "Node Type": "Seq Scan",
                                                                "Parent Relationship": "Outer",
                                                                "Parallel Aware": false,
                                                                "Relation Name": "comp_cast_type",
                                                                "Schema": "public",
                                                                "Alias": "cct2",
                                                                "Startup Cost": 0.0,
                                                                "Total Cost": 1.05,
                                                                "Plan Rows": 1,
                                                                "Plan Width": 4,
                                                                "Actual Startup Time": 0.003,
                                                                "Actual Total Time": 0.005,
                                                                "Actual Rows": 1,
                                                                "Actual Loops": 1,
                                                                "Output": [
                                                                    "cct2.id",
                                                                    "cct2.kind"
                                                                ],
                                                                "Filter": "((cct2.kind)::text = 'complete+verified'::text)",
                                                                "Rows Removed by Filter": 3
                                                            },
                                                            {
                                                                "Node Type": "Hash",
                                                                "Parent Relationship": "Inner",
                                                                "Parallel Aware": false,
                                                                "Startup Cost": 90024361418.87,
                                                                "Total Cost": 90024361418.87,
                                                                "Plan Rows": 1,
                                                                "Plan Width": 16,
                                                                "Actual Startup Time": 71528.815,
                                                                "Actual Total Time": 71528.854,
                                                                "Actual Rows": 10758,
                                                                "Actual Loops": 1,
                                                                "Output": [
                                                                    "cc.subject_id",
                                                                    "cc.status_id",
                                                                    "mc.company_id",
                                                                    "pi.info_type_id"
                                                                ],
                                                                "Hash Buckets": 16384,
                                                                "Original Hash Buckets": 1024,
                                                                "Hash Batches": 1,
                                                                "Original Hash Batches": 1,
                                                                "Peak Memory Usage": 633,
                                                                "Plans": [
                                                                    {
                                                                        "Node Type": "Nested Loop",
                                                                        "Parent Relationship": "Outer",
                                                                        "Parallel Aware": false,
                                                                        "Join Type": "Inner",
                                                                        "Startup Cost": 90024337625.34,
                                                                        "Total Cost": 90024361418.87,
                                                                        "Plan Rows": 1,
                                                                        "Plan Width": 16,
                                                                        "Actual Startup Time": 71324.178,
                                                                        "Actual Total Time": 71524.799,
                                                                        "Actual Rows": 10758,
                                                                        "Actual Loops": 1,
                                                                        "Output": [
                                                                            "cc.subject_id",
                                                                            "cc.status_id",
                                                                            "mc.company_id",
                                                                            "pi.info_type_id"
                                                                        ],
                                                                        "Inner Unique": false,
                                                                        "Join Filter": "(t.id = cc.movie_id)",
                                                                        "Rows Removed by Join Filter": 0,
                                                                        "Plans": [
                                                                            {
                                                                                "Node Type": "Hash Join",
                                                                                "Parent Relationship": "Outer",
                                                                                "Parallel Aware": false,
                                                                                "Join Type": "Inner",
                                                                                "Startup Cost": 80024337624.9,
                                                                                "Total Cost": 80024361414.38,
                                                                                "Plan Rows": 1,
                                                                                "Plan Width": 28,
                                                                                "Actual Startup Time": 71324.142,
                                                                                "Actual Total Time": 71478.065,
                                                                                "Actual Rows": 10758,
                                                                                "Actual Loops": 1,
                                                                                "Output": [
                                                                                    "ci.movie_id",
                                                                                    "mc.movie_id",
                                                                                    "mc.company_id",
                                                                                    "mi.movie_id",
                                                                                    "mk.movie_id",
                                                                                    "pi.info_type_id",
                                                                                    "t.id"
                                                                                ],
                                                                                "Inner Unique": false,
                                                                                "Hash Cond": "(an.person_id = n.id)",
                                                                                "Plans": [
                                                                                    {
                                                                                        "Node Type": "Seq Scan",
                                                                                        "Parent Relationship": "Outer",
                                                                                        "Parallel Aware": false,
                                                                                        "Relation Name": "aka_name",
                                                                                        "Schema": "public",
                                                                                        "Alias": "an",
                                                                                        "Startup Cost": 0.0,
                                                                                        "Total Cost": 20409.43,
                                                                                        "Plan Rows": 901343,
                                                                                        "Plan Width": 4,
                                                                                        "Actual Startup Time": 0.009,
                                                                                        "Actual Total Time": 92.609,
                                                                                        "Actual Rows": 901343,
                                                                                        "Actual Loops": 1,
                                                                                        "Output": [
                                                                                            "an.id",
                                                                                            "an.person_id",
                                                                                            "an.name",
                                                                                            "an.imdb_index",
                                                                                            "an.name_pcode_cf",
                                                                                            "an.name_pcode_nf",
                                                                                            "an.surname_pcode",
                                                                                            "an.md5sum"
                                                                                        ]
                                                                                    },
                                                                                    {
                                                                                        "Node Type": "Hash",
                                                                                        "Parent Relationship": "Inner",
                                                                                        "Parallel Aware": false,
                                                                                        "Startup Cost": 80024337624.89,
                                                                                        "Total Cost": 80024337624.89,
                                                                                        "Plan Rows": 1,
                                                                                        "Plan Width": 40,
                                                                                        "Actual Startup Time": 71320.753,
                                                                                        "Actual Total Time": 71320.789,
                                                                                        "Actual Rows": 3586,
                                                                                        "Actual Loops": 1,
                                                                                        "Output": [
                                                                                            "ci.movie_id",
                                                                                            "ci.person_id",
                                                                                            "mc.movie_id",
                                                                                            "mc.company_id",
                                                                                            "mi.movie_id",
                                                                                            "mk.movie_id",
                                                                                            "n.id",
                                                                                            "pi.person_id",
                                                                                            "pi.info_type_id",
                                                                                            "t.id"
                                                                                        ],
                                                                                        "Hash Buckets": 4096,
                                                                                        "Original Hash Buckets": 1024,
                                                                                        "Hash Batches": 1,
                                                                                        "Original Hash Batches": 1,
                                                                                        "Peak Memory Usage": 285,
                                                                                        "Plans": [
                                                                                            {
                                                                                                "Node Type": "Nested Loop",
                                                                                                "Parent Relationship": "Outer",
                                                                                                "Parallel Aware": false,
                                                                                                "Join Type": "Inner",
                                                                                                "Startup Cost": 80024337612.21,
                                                                                                "Total Cost": 80024337624.89,
                                                                                                "Plan Rows": 1,
                                                                                                "Plan Width": 40,
                                                                                                "Actual Startup Time": 71300.73,
                                                                                                "Actual Total Time": 71319.955,
                                                                                                "Actual Rows": 3586,
                                                                                                "Actual Loops": 1,
                                                                                                "Output": [
                                                                                                    "ci.movie_id",
                                                                                                    "ci.person_id",
                                                                                                    "mc.movie_id",
                                                                                                    "mc.company_id",
                                                                                                    "mi.movie_id",
                                                                                                    "mk.movie_id",
                                                                                                    "n.id",
                                                                                                    "pi.person_id",
                                                                                                    "pi.info_type_id",
                                                                                                    "t.id"
                                                                                                ],
                                                                                                "Inner Unique": false,
                                                                                                "Join Filter": "(n.id = pi.person_id)",
                                                                                                "Rows Removed by Join Filter": 0,
                                                                                                "Plans": [
                                                                                                    {
                                                                                                        "Node Type": "Nested Loop",
                                                                                                        "Parent Relationship": "Outer",
                                                                                                        "Parallel Aware": false,
                                                                                                        "Join Type": "Inner",
                                                                                                        "Startup Cost": 70024337611.51,
                                                                                                        "Total Cost": 70024337619.57,
                                                                                                        "Plan Rows": 1,
                                                                                                        "Plan Width": 32,
                                                                                                        "Actual Startup Time": 71281.637,
                                                                                                        "Actual Total Time": 71299.508,
                                                                                                        "Actual Rows": 22,
                                                                                                        "Actual Loops": 1,
                                                                                                        "Output": [
                                                                                                            "ci.movie_id",
                                                                                                            "ci.person_id",
                                                                                                            "mc.movie_id",
                                                                                                            "mc.company_id",
                                                                                                            "mi.movie_id",
                                                                                                            "mk.movie_id",
                                                                                                            "n.id",
                                                                                                            "t.id"
                                                                                                        ],
                                                                                                        "Inner Unique": true,
                                                                                                        "Plans": [
                                                                                                            {
                                                                                                                "Node Type": "Merge Join",
                                                                                                                "Parent Relationship": "Outer",
                                                                                                                "Parallel Aware": false,
                                                                                                                "Join Type": "Inner",
                                                                                                                "Startup Cost": 60024337611.09,
                                                                                                                "Total Cost": 60024337611.11,
                                                                                                                "Plan Rows": 1,
                                                                                                                "Plan Width": 36,
                                                                                                                "Actual Startup Time": 71281.518,
                                                                                                                "Actual Total Time": 71283.137,
                                                                                                                "Actual Rows": 2376,
                                                                                                                "Actual Loops": 1,
                                                                                                                "Output": [
                                                                                                                    "ci.movie_id",
                                                                                                                    "ci.person_id",
                                                                                                                    "mc.movie_id",
                                                                                                                    "mc.company_id",
                                                                                                                    "mi.movie_id",
                                                                                                                    "mk.movie_id",
                                                                                                                    "mk.keyword_id",
                                                                                                                    "n.id",
                                                                                                                    "t.id"
                                                                                                                ],
                                                                                                                "Inner Unique": false,
                                                                                                                "Merge Cond": "(rt.id = ci.role_id)",
                                                                                                                "Plans": [
                                                                                                                    {
                                                                                                                        "Node Type": "Sort",
                                                                                                                        "Parent Relationship": "Outer",
                                                                                                                        "Parallel Aware": false,
                                                                                                                        "Startup Cost": 10000000001.16,
                                                                                                                        "Total Cost": 10000000001.16,
                                                                                                                        "Plan Rows": 1,
                                                                                                                        "Plan Width": 4,
                                                                                                                        "Actual Startup Time": 0.012,
                                                                                                                        "Actual Total Time": 0.014,
                                                                                                                        "Actual Rows": 1,
                                                                                                                        "Actual Loops": 1,
                                                                                                                        "Output": [
                                                                                                                            "rt.id"
                                                                                                                        ],
                                                                                                                        "Sort Key": [
                                                                                                                            "rt.id"
                                                                                                                        ],
                                                                                                                        "Sort Method": "quicksort",
                                                                                                                        "Sort Space Used": 25,
                                                                                                                        "Sort Space Type": "Memory",
                                                                                                                        "Plans": [
                                                                                                                            {
                                                                                                                                "Node Type": "Seq Scan",
                                                                                                                                "Parent Relationship": "Outer",
                                                                                                                                "Parallel Aware": false,
                                                                                                                                "Relation Name": "role_type",
                                                                                                                                "Schema": "public",
                                                                                                                                "Alias": "rt",
                                                                                                                                "Startup Cost": 10000000000.0,
                                                                                                                                "Total Cost": 10000000001.15,
                                                                                                                                "Plan Rows": 1,
                                                                                                                                "Plan Width": 4,
                                                                                                                                "Actual Startup Time": 0.008,
                                                                                                                                "Actual Total Time": 0.009,
                                                                                                                                "Actual Rows": 1,
                                                                                                                                "Actual Loops": 1,
                                                                                                                                "Output": [
                                                                                                                                    "rt.id"
                                                                                                                                ],
                                                                                                                                "Filter": "((rt.role)::text = 'actress'::text)",
                                                                                                                                "Rows Removed by Filter": 11
                                                                                                                            }
                                                                                                                        ]
                                                                                                                    },
                                                                                                                    {
                                                                                                                        "Node Type": "Sort",
                                                                                                                        "Parent Relationship": "Inner",
                                                                                                                        "Parallel Aware": false,
                                                                                                                        "Startup Cost": 50024337609.93,
                                                                                                                        "Total Cost": 50024337609.93,
                                                                                                                        "Plan Rows": 1,
                                                                                                                        "Plan Width": 40,
                                                                                                                        "Actual Startup Time": 71281.492,
                                                                                                                        "Actual Total Time": 71282.277,
                                                                                                                        "Actual Rows": 2376,
                                                                                                                        "Actual Loops": 1,
                                                                                                                        "Output": [
                                                                                                                            "ci.movie_id",
                                                                                                                            "ci.person_id",
                                                                                                                            "ci.role_id",
                                                                                                                            "mc.movie_id",
                                                                                                                            "mc.company_id",
                                                                                                                            "mi.movie_id",
                                                                                                                            "mk.movie_id",
                                                                                                                            "mk.keyword_id",
                                                                                                                            "n.id",
                                                                                                                            "t.id"
                                                                                                                        ],
                                                                                                                        "Sort Key": [
                                                                                                                            "ci.role_id"
                                                                                                                        ],
                                                                                                                        "Sort Method": "quicksort",
                                                                                                                        "Sort Space Used": 282,
                                                                                                                        "Sort Space Type": "Memory",
                                                                                                                        "Plans": [
                                                                                                                            {
                                                                                                                                "Node Type": "Nested Loop",
                                                                                                                                "Parent Relationship": "Outer",
                                                                                                                                "Parallel Aware": false,
                                                                                                                                "Join Type": "Inner",
                                                                                                                                "Startup Cost": 50024207151.98,
                                                                                                                                "Total Cost": 50024337609.92,
                                                                                                                                "Plan Rows": 1,
                                                                                                                                "Plan Width": 40,
                                                                                                                                "Actual Startup Time": 71151.178,
                                                                                                                                "Actual Total Time": 71280.577,
                                                                                                                                "Actual Rows": 2376,
                                                                                                                                "Actual Loops": 1,
                                                                                                                                "Output": [
                                                                                                                                    "ci.movie_id",
                                                                                                                                    "ci.person_id",
                                                                                                                                    "ci.role_id",
                                                                                                                                    "mc.movie_id",
                                                                                                                                    "mc.company_id",
                                                                                                                                    "mi.movie_id",
                                                                                                                                    "mk.movie_id",
                                                                                                                                    "mk.keyword_id",
                                                                                                                                    "n.id",
                                                                                                                                    "t.id"
                                                                                                                                ],
                                                                                                                                "Inner Unique": true,
                                                                                                                                "Plans": [
                                                                                                                                    {
                                                                                                                                        "Node Type": "Hash Join",
                                                                                                                                        "Parent Relationship": "Outer",
                                                                                                                                        "Parallel Aware": false,
                                                                                                                                        "Join Type": "Inner",
                                                                                                                                        "Startup Cost": 40024207151.49,
                                                                                                                                        "Total Cost": 40024337601.39,
                                                                                                                                        "Plan Rows": 1,
                                                                                                                                        "Plan Width": 44,
                                                                                                                                        "Actual Startup Time": 71151.12,
                                                                                                                                        "Actual Total Time": 71269.268,
                                                                                                                                        "Actual Rows": 2376,
                                                                                                                                        "Actual Loops": 1,
                                                                                                                                        "Output": [
                                                                                                                                            "ci.movie_id",
                                                                                                                                            "ci.person_id",
                                                                                                                                            "ci.role_id",
                                                                                                                                            "ci.person_role_id",
                                                                                                                                            "mc.movie_id",
                                                                                                                                            "mc.company_id",
                                                                                                                                            "mi.movie_id",
                                                                                                                                            "mk.movie_id",
                                                                                                                                            "mk.keyword_id",
                                                                                                                                            "n.id",
                                                                                                                                            "t.id"
                                                                                                                                        ],
                                                                                                                                        "Inner Unique": false,
                                                                                                                                        "Hash Cond": "(mi.info_type_id = it.id)",
                                                                                                                                        "Plans": [
                                                                                                                                            {
                                                                                                                                                "Node Type": "Merge Join",
                                                                                                                                                "Parent Relationship": "Outer",
                                                                                                                                                "Parallel Aware": false,
                                                                                                                                                "Join Type": "Inner",
                                                                                                                                                "Startup Cost": 40024207149.07,
                                                                                                                                                "Total Cost": 40024337598.95,
                                                                                                                                                "Plan Rows": 1,
                                                                                                                                                "Plan Width": 48,
                                                                                                                                                "Actual Startup Time": 71151.097,
                                                                                                                                                "Actual Total Time": 71268.599,
                                                                                                                                                "Actual Rows": 2376,
                                                                                                                                                "Actual Loops": 1,
                                                                                                                                                "Output": [
                                                                                                                                                    "ci.movie_id",
                                                                                                                                                    "ci.person_id",
                                                                                                                                                    "ci.role_id",
                                                                                                                                                    "ci.person_role_id",
                                                                                                                                                    "mc.movie_id",
                                                                                                                                                    "mc.company_id",
                                                                                                                                                    "mi.movie_id",
                                                                                                                                                    "mi.info_type_id",
                                                                                                                                                    "mk.movie_id",
                                                                                                                                                    "mk.keyword_id",
                                                                                                                                                    "n.id",
                                                                                                                                                    "t.id"
                                                                                                                                                ],
                                                                                                                                                "Inner Unique": true,
                                                                                                                                                "Merge Cond": "(mi.movie_id = t.id)",
                                                                                                                                                "Plans": [
                                                                                                                                                    {
                                                                                                                                                        "Node Type": "Sort",
                                                                                                                                                        "Parent Relationship": "Outer",
                                                                                                                                                        "Parallel Aware": false,
                                                                                                                                                        "Startup Cost": 30024207148.52,
                                                                                                                                                        "Total Cost": 30024207721.47,
                                                                                                                                                        "Plan Rows": 229180,
                                                                                                                                                        "Plan Width": 44,
                                                                                                                                                        "Actual Startup Time": 70004.791,
                                                                                                                                                        "Actual Total Time": 70019.574,
                                                                                                                                                        "Actual Rows": 352988,
                                                                                                                                                        "Actual Loops": 1,
                                                                                                                                                        "Output": [
                                                                                                                                                            "ci.movie_id",
                                                                                                                                                            "ci.person_id",
                                                                                                                                                            "ci.role_id",
                                                                                                                                                            "ci.person_role_id",
                                                                                                                                                            "mc.movie_id",
                                                                                                                                                            "mc.company_id",
                                                                                                                                                            "mi.movie_id",
                                                                                                                                                            "mi.info_type_id",
                                                                                                                                                            "mk.movie_id",
                                                                                                                                                            "mk.keyword_id",
                                                                                                                                                            "n.id"
                                                                                                                                                        ],
                                                                                                                                                        "Sort Key": [
                                                                                                                                                            "ci.movie_id"
                                                                                                                                                        ],
                                                                                                                                                        "Sort Method": "quicksort",
                                                                                                                                                        "Sort Space Used": 70046,
                                                                                                                                                        "Sort Space Type": "Memory",
                                                                                                                                                        "Plans": [
                                                                                                                                                            {
                                                                                                                                                                "Node Type": "Merge Join",
                                                                                                                                                                "Parent Relationship": "Outer",
                                                                                                                                                                "Parallel Aware": false,
                                                                                                                                                                "Join Type": "Inner",
                                                                                                                                                                "Startup Cost": 30024057000.48,
                                                                                                                                                                "Total Cost": 30024186744.49,
                                                                                                                                                                "Plan Rows": 229180,
                                                                                                                                                                "Plan Width": 44,
                                                                                                                                                                "Actual Startup Time": 68065.696,
                                                                                                                                                                "Actual Total Time": 69894.703,
                                                                                                                                                                "Actual Rows": 582007,
                                                                                                                                                                "Actual Loops": 1,
                                                                                                                                                                "Output": [
                                                                                                                                                                    "ci.movie_id",
                                                                                                                                                                    "ci.person_id",
                                                                                                                                                                    "ci.role_id",
                                                                                                                                                                    "ci.person_role_id",
                                                                                                                                                                    "mc.movie_id",
                                                                                                                                                                    "mc.company_id",
                                                                                                                                                                    "mi.movie_id",
                                                                                                                                                                    "mi.info_type_id",
                                                                                                                                                                    "mk.movie_id",
                                                                                                                                                                    "mk.keyword_id",
                                                                                                                                                                    "n.id"
                                                                                                                                                                ],
                                                                                                                                                                "Inner Unique": false,
                                                                                                                                                                "Merge Cond": "(ci.person_id = n.id)",
                                                                                                                                                                "Plans": [
                                                                                                                                                                    {
                                                                                                                                                                        "Node Type": "Sort",
                                                                                                                                                                        "Parent Relationship": "Outer",
                                                                                                                                                                        "Parallel Aware": false,
                                                                                                                                                                        "Startup Cost": 20023935999.55,
                                                                                                                                                                        "Total Cost": 20023999155.45,
                                                                                                                                                                        "Plan Rows": 25262361,
                                                                                                                                                                        "Plan Width": 40,
                                                                                                                                                                        "Actual Startup Time": 63027.421,
                                                                                                                                                                        "Actual Total Time": 66597.77,
                                                                                                                                                                        "Actual Rows": 50649168,
                                                                                                                                                                        "Actual Loops": 1,
                                                                                                                                                                        "Output": [
                                                                                                                                                                            "ci.movie_id",
                                                                                                                                                                            "ci.person_id",
                                                                                                                                                                            "ci.role_id",
                                                                                                                                                                            "ci.person_role_id",
                                                                                                                                                                            "mc.movie_id",
                                                                                                                                                                            "mc.company_id",
                                                                                                                                                                            "mi.movie_id",
                                                                                                                                                                            "mi.info_type_id",
                                                                                                                                                                            "mk.movie_id",
                                                                                                                                                                            "mk.keyword_id"
                                                                                                                                                                        ],
                                                                                                                                                                        "Sort Key": [
                                                                                                                                                                            "ci.person_id"
                                                                                                                                                                        ],
                                                                                                                                                                        "Sort Method": "external merge",
                                                                                                                                                                        "Sort Space Used": 2500112,
                                                                                                                                                                        "Sort Space Type": "Disk",
                                                                                                                                                                        "Plans": [
                                                                                                                                                                            {
                                                                                                                                                                                "Node Type": "Merge Join",
                                                                                                                                                                                "Parent Relationship": "Outer",
                                                                                                                                                                                "Parallel Aware": false,
                                                                                                                                                                                "Join Type": "Inner",
                                                                                                                                                                                "Startup Cost": 20020302060.49,
                                                                                                                                                                                "Total Cost": 20020829930.86,
                                                                                                                                                                                "Plan Rows": 25262361,
                                                                                                                                                                                "Plan Width": 40,
                                                                                                                                                                                "Actual Startup Time": 23721.551,
                                                                                                                                                                                "Actual Total Time": 35182.659,
                                                                                                                                                                                "Actual Rows": 50692667,
                                                                                                                                                                                "Actual Loops": 1,
                                                                                                                                                                                "Output": [
                                                                                                                                                                                    "ci.movie_id",
                                                                                                                                                                                    "ci.person_id",
                                                                                                                                                                                    "ci.role_id",
                                                                                                                                                                                    "ci.person_role_id",
                                                                                                                                                                                    "mc.movie_id",
                                                                                                                                                                                    "mc.company_id",
                                                                                                                                                                                    "mi.movie_id",
                                                                                                                                                                                    "mi.info_type_id",
                                                                                                                                                                                    "mk.movie_id",
                                                                                                                                                                                    "mk.keyword_id"
                                                                                                                                                                                ],
                                                                                                                                                                                "Inner Unique": false,
                                                                                                                                                                                "Merge Cond": "(mi.movie_id = ci.movie_id)",
                                                                                                                                                                                "Plans": [
                                                                                                                                                                                    {
                                                                                                                                                                                        "Node Type": "Sort",
                                                                                                                                                                                        "Parent Relationship": "Outer",
                                                                                                                                                                                        "Parallel Aware": false,
                                                                                                                                                                                        "Startup Cost": 10018917587.24,
                                                                                                                                                                                        "Total Cost": 10018992087.1,
                                                                                                                                                                                        "Plan Rows": 29799943,
                                                                                                                                                                                        "Plan Width": 24,
                                                                                                                                                                                        "Actual Startup Time": 18342.882,
                                                                                                                                                                                        "Actual Total Time": 19718.914,
                                                                                                                                                                                        "Actual Rows": 32594438,
                                                                                                                                                                                        "Actual Loops": 1,
                                                                                                                                                                                        "Output": [
                                                                                                                                                                                            "mc.movie_id",
                                                                                                                                                                                            "mc.company_id",
                                                                                                                                                                                            "mi.movie_id",
                                                                                                                                                                                            "mi.info_type_id",
                                                                                                                                                                                            "mk.movie_id",
                                                                                                                                                                                            "mk.keyword_id"
                                                                                                                                                                                        ],
                                                                                                                                                                                        "Sort Key": [
                                                                                                                                                                                            "mc.movie_id"
                                                                                                                                                                                        ],
                                                                                                                                                                                        "Sort Method": "quicksort",
                                                                                                                                                                                        "Sort Space Used": 3332873,
                                                                                                                                                                                        "Sort Space Type": "Memory",
                                                                                                                                                                                        "Plans": [
                                                                                                                                                                                            {
                                                                                                                                                                                                "Node Type": "Nested Loop",
                                                                                                                                                                                                "Parent Relationship": "Outer",
                                                                                                                                                                                                "Parallel Aware": false,
                                                                                                                                                                                                "Join Type": "Inner",
                                                                                                                                                                                                "Startup Cost": 10000077496.22,
                                                                                                                                                                                                "Total Cost": 10015218102.19,
                                                                                                                                                                                                "Plan Rows": 29799943,
                                                                                                                                                                                                "Plan Width": 24,
                                                                                                                                                                                                "Actual Startup Time": 966.069,
                                                                                                                                                                                                "Actual Total Time": 12538.267,
                                                                                                                                                                                                "Actual Rows": 32594438,
                                                                                                                                                                                                "Actual Loops": 1,
                                                                                                                                                                                                "Output": [
                                                                                                                                                                                                    "mc.movie_id",
                                                                                                                                                                                                    "mc.company_id",
                                                                                                                                                                                                    "mi.movie_id",
                                                                                                                                                                                                    "mi.info_type_id",
                                                                                                                                                                                                    "mk.movie_id",
                                                                                                                                                                                                    "mk.keyword_id"
                                                                                                                                                                                                ],
                                                                                                                                                                                                "Inner Unique": false,
                                                                                                                                                                                                "Join Filter": "(mi.movie_id = mk.movie_id)",
                                                                                                                                                                                                "Rows Removed by Join Filter": 0,
                                                                                                                                                                                                "Plans": [
                                                                                                                                                                                                    {
                                                                                                                                                                                                        "Node Type": "Hash Join",
                                                                                                                                                                                                        "Parent Relationship": "Outer",
                                                                                                                                                                                                        "Parallel Aware": false,
                                                                                                                                                                                                        "Join Type": "Inner",
                                                                                                                                                                                                        "Startup Cost": 77495.4,
                                                                                                                                                                                                        "Total Cost": 452667.4,
                                                                                                                                                                                                        "Plan Rows": 2472651,
                                                                                                                                                                                                        "Plan Width": 16,
                                                                                                                                                                                                        "Actual Startup Time": 966.019,
                                                                                                                                                                                                        "Actual Total Time": 2806.757,
                                                                                                                                                                                                        "Actual Rows": 716972,
                                                                                                                                                                                                        "Actual Loops": 1,
                                                                                                                                                                                                        "Output": [
                                                                                                                                                                                                            "mc.movie_id",
                                                                                                                                                                                                            "mc.company_id",
                                                                                                                                                                                                            "mi.movie_id",
                                                                                                                                                                                                            "mi.info_type_id"
                                                                                                                                                                                                        ],
                                                                                                                                                                                                        "Inner Unique": false,
                                                                                                                                                                                                        "Hash Cond": "(mi.movie_id = mc.movie_id)",
                                                                                                                                                                                                        "Plans": [
                                                                                                                                                                                                            {
                                                                                                                                                                                                                "Node Type": "Seq Scan",
                                                                                                                                                                                                                "Parent Relationship": "Outer",
                                                                                                                                                                                                                "Parallel Aware": false,
                                                                                                                                                                                                                "Relation Name": "movie_info",
                                                                                                                                                                                                                "Schema": "public",
                                                                                                                                                                                                                "Alias": "mi",
                                                                                                                                                                                                                "Startup Cost": 0.0,
                                                                                                                                                                                                                "Total Cost": 346431.69,
                                                                                                                                                                                                                "Plan Rows": 458720,
                                                                                                                                                                                                                "Plan Width": 8,
                                                                                                                                                                                                                "Actual Startup Time": 160.214,
                                                                                                                                                                                                                "Actual Total Time": 1647.726,
                                                                                                                                                                                                                "Actual Rows": 387683,
                                                                                                                                                                                                                "Actual Loops": 1,
                                                                                                                                                                                                                "Output": [
                                                                                                                                                                                                                    "mi.id",
                                                                                                                                                                                                                    "mi.movie_id",
                                                                                                                                                                                                                    "mi.info_type_id",
                                                                                                                                                                                                                    "mi.info",
                                                                                                                                                                                                                    "mi.note"
                                                                                                                                                                                                                ],
                                                                                                                                                                                                                "Filter": "(mi.info ~~ 'USA:%200%'::text)",
                                                                                                                                                                                                                "Rows Removed by Filter": 14448037
                                                                                                                                                                                                            },
                                                                                                                                                                                                            {
                                                                                                                                                                                                                "Node Type": "Hash",
                                                                                                                                                                                                                "Parent Relationship": "Inner",
                                                                                                                                                                                                                "Parallel Aware": false,
                                                                                                                                                                                                                "Startup Cost": 44881.29,
                                                                                                                                                                                                                "Total Cost": 44881.29,
                                                                                                                                                                                                                "Plan Rows": 2609129,
                                                                                                                                                                                                                "Plan Width": 8,
                                                                                                                                                                                                                "Actual Startup Time": 800.238,
                                                                                                                                                                                                                "Actual Total Time": 800.239,
                                                                                                                                                                                                                "Actual Rows": 2609129,
                                                                                                                                                                                                                "Actual Loops": 1,
                                                                                                                                                                                                                "Output": [
                                                                                                                                                                                                                    "mc.movie_id",
                                                                                                                                                                                                                    "mc.company_id"
                                                                                                                                                                                                                ],
                                                                                                                                                                                                                "Hash Buckets": 4194304,
                                                                                                                                                                                                                "Original Hash Buckets": 4194304,
                                                                                                                                                                                                                "Hash Batches": 1,
                                                                                                                                                                                                                "Original Hash Batches": 1,
                                                                                                                                                                                                                "Peak Memory Usage": 134688,
                                                                                                                                                                                                                "Plans": [
                                                                                                                                                                                                                    {
                                                                                                                                                                                                                        "Node Type": "Seq Scan",
                                                                                                                                                                                                                        "Parent Relationship": "Outer",
                                                                                                                                                                                                                        "Parallel Aware": false,
                                                                                                                                                                                                                        "Relation Name": "movie_companies",
                                                                                                                                                                                                                        "Schema": "public",
                                                                                                                                                                                                                        "Alias": "mc",
                                                                                                                                                                                                                        "Startup Cost": 0.0,
                                                                                                                                                                                                                        "Total Cost": 44881.29,
                                                                                                                                                                                                                        "Plan Rows": 2609129,
                                                                                                                                                                                                                        "Plan Width": 8,
                                                                                                                                                                                                                        "Actual Startup Time": 0.02,
                                                                                                                                                                                                                        "Actual Total Time": 289.687,
                                                                                                                                                                                                                        "Actual Rows": 2609129,
                                                                                                                                                                                                                        "Actual Loops": 1,
                                                                                                                                                                                                                        "Output": [
                                                                                                                                                                                                                            "mc.movie_id",
                                                                                                                                                                                                                            "mc.company_id"
                                                                                                                                                                                                                        ]
                                                                                                                                                                                                                    }
                                                                                                                                                                                                                ]
                                                                                                                                                                                                            }
                                                                                                                                                                                                        ]
                                                                                                                                                                                                    },
                                                                                                                                                                                                    {
                                                                                                                                                                                                        "Node Type": "Bitmap Heap Scan",
                                                                                                                                                                                                        "Parent Relationship": "Inner",
                                                                                                                                                                                                        "Parallel Aware": false,
                                                                                                                                                                                                        "Relation Name": "movie_keyword",
                                                                                                                                                                                                        "Schema": "public",
                                                                                                                                                                                                        "Alias": "mk",
                                                                                                                                                                                                        "Startup Cost": 0.82,
                                                                                                                                                                                                        "Total Cost": 5.4,
                                                                                                                                                                                                        "Plan Rows": 46,
                                                                                                                                                                                                        "Plan Width": 8,
                                                                                                                                                                                                        "Actual Startup Time": 0.004,
                                                                                                                                                                                                        "Actual Total Time": 0.007,
                                                                                                                                                                                                        "Actual Rows": 45,
                                                                                                                                                                                                        "Actual Loops": 716972,
                                                                                                                                                                                                        "Output": [
                                                                                                                                                                                                            "mk.id",
                                                                                                                                                                                                            "mk.movie_id",
                                                                                                                                                                                                            "mk.keyword_id"
                                                                                                                                                                                                        ],
                                                                                                                                                                                                        "Recheck Cond": "(mk.movie_id = mc.movie_id)",
                                                                                                                                                                                                        "Rows Removed by Index Recheck": 0,
                                                                                                                                                                                                        "Exact Heap Blocks": 698381,
                                                                                                                                                                                                        "Lossy Heap Blocks": 0,
                                                                                                                                                                                                        "Plans": [
                                                                                                                                                                                                            {
                                                                                                                                                                                                                "Node Type": "Bitmap Index Scan",
                                                                                                                                                                                                                "Parent Relationship": "Outer",
                                                                                                                                                                                                                "Parallel Aware": false,
                                                                                                                                                                                                                "Index Name": "movie_id_movie_keyword",
                                                                                                                                                                                                                "Startup Cost": 0.0,
                                                                                                                                                                                                                "Total Cost": 0.81,
                                                                                                                                                                                                                "Plan Rows": 46,
                                                                                                                                                                                                                "Plan Width": 0,
                                                                                                                                                                                                                "Actual Startup Time": 0.003,
                                                                                                                                                                                                                "Actual Total Time": 0.003,
                                                                                                                                                                                                                "Actual Rows": 45,
                                                                                                                                                                                                                "Actual Loops": 716972,
                                                                                                                                                                                                                "Index Cond": "(mk.movie_id = mc.movie_id)"
                                                                                                                                                                                                            }
                                                                                                                                                                                                        ]
                                                                                                                                                                                                    }
                                                                                                                                                                                                ]
                                                                                                                                                                                            }
                                                                                                                                                                                        ]
                                                                                                                                                                                    },
                                                                                                                                                                                    {
                                                                                                                                                                                        "Node Type": "Sort",
                                                                                                                                                                                        "Parent Relationship": "Inner",
                                                                                                                                                                                        "Parallel Aware": false,
                                                                                                                                                                                        "Startup Cost": 10001384458.36,
                                                                                                                                                                                        "Total Cost": 10001386458.31,
                                                                                                                                                                                        "Plan Rows": 799978,
                                                                                                                                                                                        "Plan Width": 16,
                                                                                                                                                                                        "Actual Startup Time": 5378.556,
                                                                                                                                                                                        "Actual Total Time": 7678.816,
                                                                                                                                                                                        "Actual Rows": 51457497,
                                                                                                                                                                                        "Actual Loops": 1,
                                                                                                                                                                                        "Output": [
                                                                                                                                                                                            "ci.movie_id",
                                                                                                                                                                                            "ci.person_id",
                                                                                                                                                                                            "ci.role_id",
                                                                                                                                                                                            "ci.person_role_id"
                                                                                                                                                                                        ],
                                                                                                                                                                                        "Sort Key": [
                                                                                                                                                                                            "ci.movie_id"
                                                                                                                                                                                        ],
                                                                                                                                                                                        "Sort Method": "quicksort",
                                                                                                                                                                                        "Sort Space Used": 63797,
                                                                                                                                                                                        "Sort Space Type": "Memory",
                                                                                                                                                                                        "Plans": [
                                                                                                                                                                                            {
                                                                                                                                                                                                "Node Type": "Index Scan",
                                                                                                                                                                                                "Parent Relationship": "Outer",
                                                                                                                                                                                                "Parallel Aware": false,
                                                                                                                                                                                                "Scan Direction": "Forward",
                                                                                                                                                                                                "Index Name": "role_id_cast_info",
                                                                                                                                                                                                "Relation Name": "cast_info",
                                                                                                                                                                                                "Schema": "public",
                                                                                                                                                                                                "Alias": "ci",
                                                                                                                                                                                                "Startup Cost": 10000000000.57,
                                                                                                                                                                                                "Total Cost": 10001306022.11,
                                                                                                                                                                                                "Plan Rows": 799978,
                                                                                                                                                                                                "Plan Width": 16,
                                                                                                                                                                                                "Actual Startup Time": 0.049,
                                                                                                                                                                                                "Actual Total Time": 5189.438,
                                                                                                                                                                                                "Actual Rows": 836701,
                                                                                                                                                                                                "Actual Loops": 1,
                                                                                                                                                                                                "Output": [
                                                                                                                                                                                                    "ci.movie_id",
                                                                                                                                                                                                    "ci.person_id",
                                                                                                                                                                                                    "ci.role_id",
                                                                                                                                                                                                    "ci.person_role_id"
                                                                                                                                                                                                ],
                                                                                                                                                                                                "Filter": "(ci.note = ANY ('{(voice),\"(voice) (uncredited)\",\"(voice: English version)\"}'::text[]))",
                                                                                                                                                                                                "Rows Removed by Filter": 35407643
                                                                                                                                                                                            }
                                                                                                                                                                                        ]
                                                                                                                                                                                    }
                                                                                                                                                                                ]
                                                                                                                                                                            }
                                                                                                                                                                        ]
                                                                                                                                                                    },
                                                                                                                                                                    {
                                                                                                                                                                        "Node Type": "Sort",
                                                                                                                                                                        "Parent Relationship": "Inner",
                                                                                                                                                                        "Parallel Aware": false,
                                                                                                                                                                        "Startup Cost": 10000121000.85,
                                                                                                                                                                        "Total Cost": 10000121095.37,
                                                                                                                                                                        "Plan Rows": 37808,
                                                                                                                                                                        "Plan Width": 4,
                                                                                                                                                                        "Actual Startup Time": 580.651,
                                                                                                                                                                        "Actual Total Time": 606.303,
                                                                                                                                                                        "Actual Rows": 631747,
                                                                                                                                                                        "Actual Loops": 1,
                                                                                                                                                                        "Output": [
                                                                                                                                                                            "n.id"
                                                                                                                                                                        ],
                                                                                                                                                                        "Sort Key": [
                                                                                                                                                                            "n.id"
                                                                                                                                                                        ],
                                                                                                                                                                        "Sort Method": "quicksort",
                                                                                                                                                                        "Sort Space Used": 3881,
                                                                                                                                                                        "Sort Space Type": "Memory",
                                                                                                                                                                        "Plans": [
                                                                                                                                                                            {
                                                                                                                                                                                "Node Type": "Seq Scan",
                                                                                                                                                                                "Parent Relationship": "Outer",
                                                                                                                                                                                "Parallel Aware": false,
                                                                                                                                                                                "Relation Name": "name",
                                                                                                                                                                                "Schema": "public",
                                                                                                                                                                                "Alias": "n",
                                                                                                                                                                                "Startup Cost": 10000000000.0,
                                                                                                                                                                                "Total Cost": 10000118126.24,
                                                                                                                                                                                "Plan Rows": 37808,
                                                                                                                                                                                "Plan Width": 4,
                                                                                                                                                                                "Actual Startup Time": 240.012,
                                                                                                                                                                                "Actual Total Time": 571.888,
                                                                                                                                                                                "Actual Rows": 50011,
                                                                                                                                                                                "Actual Loops": 1,
                                                                                                                                                                                "Output": [
                                                                                                                                                                                    "n.id"
                                                                                                                                                                                ],
                                                                                                                                                                                "Filter": "((n.name ~~ '%An%'::text) AND ((n.gender)::text = 'f'::text))",
                                                                                                                                                                                "Rows Removed by Filter": 4117480
                                                                                                                                                                            }
                                                                                                                                                                        ]
                                                                                                                                                                    }
                                                                                                                                                                ]
                                                                                                                                                            }
                                                                                                                                                        ]
                                                                                                                                                    },
                                                                                                                                                    {
                                                                                                                                                        "Node Type": "Index Scan",
                                                                                                                                                        "Parent Relationship": "Inner",
                                                                                                                                                        "Parallel Aware": false,
                                                                                                                                                        "Scan Direction": "Forward",
                                                                                                                                                        "Index Name": "title_pkey",
                                                                                                                                                        "Relation Name": "title",
                                                                                                                                                        "Schema": "public",
                                                                                                                                                        "Alias": "t",
                                                                                                                                                        "Startup Cost": 10000000000.43,
                                                                                                                                                        "Total Cost": 10000129304.51,
                                                                                                                                                        "Plan Rows": 4,
                                                                                                                                                        "Plan Width": 4,
                                                                                                                                                        "Actual Startup Time": 1111.483,
                                                                                                                                                        "Actual Total Time": 1227.748,
                                                                                                                                                        "Actual Rows": 2,
                                                                                                                                                        "Actual Loops": 1,
                                                                                                                                                        "Output": [
                                                                                                                                                            "t.id",
                                                                                                                                                            "t.title",
                                                                                                                                                            "t.imdb_index",
                                                                                                                                                            "t.kind_id",
                                                                                                                                                            "t.production_year",
                                                                                                                                                            "t.imdb_id",
                                                                                                                                                            "t.phonetic_code",
                                                                                                                                                            "t.episode_of_id",
                                                                                                                                                            "t.season_nr",
                                                                                                                                                            "t.episode_nr",
                                                                                                                                                            "t.series_years",
                                                                                                                                                            "t.md5sum"
                                                                                                                                                        ],
                                                                                                                                                        "Filter": "((t.production_year >= 1996) AND (t.production_year <= 2005) AND (t.title = 'Shrek 2'::text))",
                                                                                                                                                        "Rows Removed by Filter": 2528310
                                                                                                                                                    }
                                                                                                                                                ]
                                                                                                                                            },
                                                                                                                                            {
                                                                                                                                                "Node Type": "Hash",
                                                                                                                                                "Parent Relationship": "Inner",
                                                                                                                                                "Parallel Aware": false,
                                                                                                                                                "Startup Cost": 2.41,
                                                                                                                                                "Total Cost": 2.41,
                                                                                                                                                "Plan Rows": 1,
                                                                                                                                                "Plan Width": 4,
                                                                                                                                                "Actual Startup Time": 0.013,
                                                                                                                                                "Actual Total Time": 0.014,
                                                                                                                                                "Actual Rows": 1,
                                                                                                                                                "Actual Loops": 1,
                                                                                                                                                "Output": [
                                                                                                                                                    "it.id"
                                                                                                                                                ],
                                                                                                                                                "Hash Buckets": 1024,
                                                                                                                                                "Original Hash Buckets": 1024,
                                                                                                                                                "Hash Batches": 1,
                                                                                                                                                "Original Hash Batches": 1,
                                                                                                                                                "Peak Memory Usage": 9,
                                                                                                                                                "Plans": [
                                                                                                                                                    {
                                                                                                                                                        "Node Type": "Seq Scan",
                                                                                                                                                        "Parent Relationship": "Outer",
                                                                                                                                                        "Parallel Aware": false,
                                                                                                                                                        "Relation Name": "info_type",
                                                                                                                                                        "Schema": "public",
                                                                                                                                                        "Alias": "it",
                                                                                                                                                        "Startup Cost": 0.0,
                                                                                                                                                        "Total Cost": 2.41,
                                                                                                                                                        "Plan Rows": 1,
                                                                                                                                                        "Plan Width": 4,
                                                                                                                                                        "Actual Startup Time": 0.007,
                                                                                                                                                        "Actual Total Time": 0.011,
                                                                                                                                                        "Actual Rows": 1,
                                                                                                                                                        "Actual Loops": 1,
                                                                                                                                                        "Output": [
                                                                                                                                                            "it.id"
                                                                                                                                                        ],
                                                                                                                                                        "Filter": "((it.info)::text = 'release dates'::text)",
                                                                                                                                                        "Rows Removed by Filter": 112
                                                                                                                                                    }
                                                                                                                                                ]
                                                                                                                                            }
                                                                                                                                        ]
                                                                                                                                    },
                                                                                                                                    {
                                                                                                                                        "Node Type": "Bitmap Heap Scan",
                                                                                                                                        "Parent Relationship": "Inner",
                                                                                                                                        "Parallel Aware": false,
                                                                                                                                        "Relation Name": "char_name",
                                                                                                                                        "Schema": "public",
                                                                                                                                        "Alias": "chn",
                                                                                                                                        "Startup Cost": 0.49,
                                                                                                                                        "Total Cost": 4.51,
                                                                                                                                        "Plan Rows": 1,
                                                                                                                                        "Plan Width": 4,
                                                                                                                                        "Actual Startup Time": 0.003,
                                                                                                                                        "Actual Total Time": 0.003,
                                                                                                                                        "Actual Rows": 1,
                                                                                                                                        "Actual Loops": 2376,
                                                                                                                                        "Output": [
                                                                                                                                            "chn.id",
                                                                                                                                            "chn.name",
                                                                                                                                            "chn.imdb_index",
                                                                                                                                            "chn.imdb_id",
                                                                                                                                            "chn.name_pcode_nf",
                                                                                                                                            "chn.surname_pcode",
                                                                                                                                            "chn.md5sum"
                                                                                                                                        ],
                                                                                                                                        "Recheck Cond": "(chn.id = ci.person_role_id)",
                                                                                                                                        "Rows Removed by Index Recheck": 0,
                                                                                                                                        "Filter": "(chn.name = 'Queen'::text)",
                                                                                                                                        "Rows Removed by Filter": 0,
                                                                                                                                        "Exact Heap Blocks": 2376,
                                                                                                                                        "Lossy Heap Blocks": 0,
                                                                                                                                        "Plans": [
                                                                                                                                            {
                                                                                                                                                "Node Type": "Bitmap Index Scan",
                                                                                                                                                "Parent Relationship": "Outer",
                                                                                                                                                "Parallel Aware": false,
                                                                                                                                                "Index Name": "char_name_pkey",
                                                                                                                                                "Startup Cost": 0.0,
                                                                                                                                                "Total Cost": 0.49,
                                                                                                                                                "Plan Rows": 1,
                                                                                                                                                "Plan Width": 0,
                                                                                                                                                "Actual Startup Time": 0.002,
                                                                                                                                                "Actual Total Time": 0.002,
                                                                                                                                                "Actual Rows": 1,
                                                                                                                                                "Actual Loops": 2376,
                                                                                                                                                "Index Cond": "(chn.id = ci.person_role_id)"
                                                                                                                                            }
                                                                                                                                        ]
                                                                                                                                    }
                                                                                                                                ]
                                                                                                                            }
                                                                                                                        ]
                                                                                                                    }
                                                                                                                ]
                                                                                                            },
                                                                                                            {
                                                                                                                "Node Type": "Bitmap Heap Scan",
                                                                                                                "Parent Relationship": "Inner",
                                                                                                                "Parallel Aware": false,
                                                                                                                "Relation Name": "keyword",
                                                                                                                "Schema": "public",
                                                                                                                "Alias": "k",
                                                                                                                "Startup Cost": 0.43,
                                                                                                                "Total Cost": 4.44,
                                                                                                                "Plan Rows": 1,
                                                                                                                "Plan Width": 4,
                                                                                                                "Actual Startup Time": 0.005,
                                                                                                                "Actual Total Time": 0.005,
                                                                                                                "Actual Rows": 0,
                                                                                                                "Actual Loops": 2376,
                                                                                                                "Output": [
                                                                                                                    "k.id",
                                                                                                                    "k.keyword",
                                                                                                                    "k.phonetic_code"
                                                                                                                ],
                                                                                                                "Recheck Cond": "(k.id = mk.keyword_id)",
                                                                                                                "Rows Removed by Index Recheck": 0,
                                                                                                                "Filter": "(k.keyword = 'computer-animation'::text)",
                                                                                                                "Rows Removed by Filter": 1,
                                                                                                                "Exact Heap Blocks": 2376,
                                                                                                                "Lossy Heap Blocks": 0,
                                                                                                                "Plans": [
                                                                                                                    {
                                                                                                                        "Node Type": "Bitmap Index Scan",
                                                                                                                        "Parent Relationship": "Outer",
                                                                                                                        "Parallel Aware": false,
                                                                                                                        "Index Name": "keyword_pkey",
                                                                                                                        "Startup Cost": 0.0,
                                                                                                                        "Total Cost": 0.43,
                                                                                                                        "Plan Rows": 1,
                                                                                                                        "Plan Width": 0,
                                                                                                                        "Actual Startup Time": 0.003,
                                                                                                                        "Actual Total Time": 0.003,
                                                                                                                        "Actual Rows": 1,
                                                                                                                        "Actual Loops": 2376,
                                                                                                                        "Index Cond": "(k.id = mk.keyword_id)"
                                                                                                                    }
                                                                                                                ]
                                                                                                            }
                                                                                                        ]
                                                                                                    },
                                                                                                    {
                                                                                                        "Node Type": "Bitmap Heap Scan",
                                                                                                        "Parent Relationship": "Inner",
                                                                                                        "Parallel Aware": false,
                                                                                                        "Relation Name": "person_info",
                                                                                                        "Schema": "public",
                                                                                                        "Alias": "pi",
                                                                                                        "Startup Cost": 0.7,
                                                                                                        "Total Cost": 5.01,
                                                                                                        "Plan Rows": 25,
                                                                                                        "Plan Width": 8,
                                                                                                        "Actual Startup Time": 0.877,
                                                                                                        "Actual Total Time": 0.898,
                                                                                                        "Actual Rows": 163,
                                                                                                        "Actual Loops": 22,
                                                                                                        "Output": [
                                                                                                            "pi.id",
                                                                                                            "pi.person_id",
                                                                                                            "pi.info_type_id",
                                                                                                            "pi.info",
                                                                                                            "pi.note"
                                                                                                        ],
                                                                                                        "Recheck Cond": "(pi.person_id = ci.person_id)",
                                                                                                        "Rows Removed by Index Recheck": 0,
                                                                                                        "Exact Heap Blocks": 176,
                                                                                                        "Lossy Heap Blocks": 0,
                                                                                                        "Plans": [
                                                                                                            {
                                                                                                                "Node Type": "Bitmap Index Scan",
                                                                                                                "Parent Relationship": "Outer",
                                                                                                                "Parallel Aware": false,
                                                                                                                "Index Name": "person_id_person_info",
                                                                                                                "Startup Cost": 0.0,
                                                                                                                "Total Cost": 0.69,
                                                                                                                "Plan Rows": 25,
                                                                                                                "Plan Width": 0,
                                                                                                                "Actual Startup Time": 0.874,
                                                                                                                "Actual Total Time": 0.874,
                                                                                                                "Actual Rows": 163,
                                                                                                                "Actual Loops": 22,
                                                                                                                "Index Cond": "(pi.person_id = ci.person_id)"
                                                                                                            }
                                                                                                        ]
                                                                                                    }
                                                                                                ]
                                                                                            }
                                                                                        ]
                                                                                    }
                                                                                ]
                                                                            },
                                                                            {
                                                                                "Node Type": "Bitmap Heap Scan",
                                                                                "Parent Relationship": "Inner",
                                                                                "Parallel Aware": false,
                                                                                "Relation Name": "complete_cast",
                                                                                "Schema": "public",
                                                                                "Alias": "cc",
                                                                                "Startup Cost": 0.44,
                                                                                "Total Cost": 4.46,
                                                                                "Plan Rows": 2,
                                                                                "Plan Width": 12,
                                                                                "Actual Startup Time": 0.003,
                                                                                "Actual Total Time": 0.003,
                                                                                "Actual Rows": 1,
                                                                                "Actual Loops": 10758,
                                                                                "Output": [
                                                                                    "cc.id",
                                                                                    "cc.movie_id",
                                                                                    "cc.subject_id",
                                                                                    "cc.status_id"
                                                                                ],
                                                                                "Recheck Cond": "(cc.movie_id = mk.movie_id)",
                                                                                "Rows Removed by Index Recheck": 0,
                                                                                "Exact Heap Blocks": 10758,
                                                                                "Lossy Heap Blocks": 0,
                                                                                "Plans": [
                                                                                    {
                                                                                        "Node Type": "Bitmap Index Scan",
                                                                                        "Parent Relationship": "Outer",
                                                                                        "Parallel Aware": false,
                                                                                        "Index Name": "movie_id_complete_cast",
                                                                                        "Startup Cost": 0.0,
                                                                                        "Total Cost": 0.44,
                                                                                        "Plan Rows": 2,
                                                                                        "Plan Width": 0,
                                                                                        "Actual Startup Time": 0.002,
                                                                                        "Actual Total Time": 0.002,
                                                                                        "Actual Rows": 1,
                                                                                        "Actual Loops": 10758,
                                                                                        "Index Cond": "(cc.movie_id = mk.movie_id)"
                                                                                    }
                                                                                ]
                                                                            }
                                                                        ]
                                                                    }
                                                                ]
                                                            }
                                                        ]
                                                    }
                                                ]
                                            }
                                        ]
                                    }
                                ]
                            }
                        ]
                    },
                    {
                        "Node Type": "Index Scan",
                        "Parent Relationship": "Inner",
                        "Parallel Aware": false,
                        "Scan Direction": "Forward",
                        "Index Name": "company_name_pkey",
                        "Relation Name": "company_name",
                        "Schema": "public",
                        "Alias": "cn",
                        "Startup Cost": 0.42,
                        "Total Cost": 0.45,
                        "Plan Rows": 1,
                        "Plan Width": 4,
                        "Actual Startup Time": 0.004,
                        "Actual Total Time": 0.004,
                        "Actual Rows": 0,
                        "Actual Loops": 66,
                        "Output": [
                            "cn.id",
                            "cn.name",
                            "cn.country_code",
                            "cn.imdb_id",
                            "cn.name_pcode_nf",
                            "cn.name_pcode_sf",
                            "cn.md5sum"
                        ],
                        "Index Cond": "(cn.id = mc.company_id)",
                        "Rows Removed by Index Recheck": 0,
                        "Filter": "((cn.country_code)::text = '[us]'::text)",
                        "Rows Removed by Filter": 1
                    }
                ]
            }
        ]
    },
    "Planning Time": 2381.149,
    "Triggers": [],
    "Execution Time": 71962.829
}