[
    {
        "Bao": {
            "Bao prediction": "NaN",
            "Bao recommended hint": "(no hint)"
        }
    },
    {
        "Plan": {
            "Node Type": "Aggregate",
            "Strategy": "Plain",
            "Partial Mode": "Finalize",
            "Parallel Aware": false,
            "Startup Cost": 34735.89,
            "Total Cost": 34735.9,
            "Plan Rows": 1,
            "Plan Width": 8,
            "Actual Startup Time": 111.77,
            "Actual Total Time": 116.434,
            "Actual Rows": 1,
            "Actual Loops": 1,
            "Output": [
                "count(*)"
            ],
            "Plans": [
                {
                    "Node Type": "Gather",
                    "Parent Relationship": "Outer",
                    "Parallel Aware": false,
                    "Startup Cost": 34735.58,
                    "Total Cost": 34735.89,
                    "Plan Rows": 3,
                    "Plan Width": 8,
                    "Actual Startup Time": 111.579,
                    "Actual Total Time": 116.425,
                    "Actual Rows": 4,
                    "Actual Loops": 1,
                    "Output": [
                        "(PARTIAL count(*))"
                    ],
                    "Workers Planned": 3,
                    "Workers Launched": 3,
                    "Single Copy": false,
                    "Plans": [
                        {
                            "Node Type": "Aggregate",
                            "Strategy": "Plain",
                            "Partial Mode": "Partial",
                            "Parent Relationship": "Outer",
                            "Parallel Aware": false,
                            "Startup Cost": 33735.58,
                            "Total Cost": 33735.59,
                            "Plan Rows": 1,
                            "Plan Width": 8,
                            "Actual Startup Time": 102.923,
                            "Actual Total Time": 102.925,
                            "Actual Rows": 1,
                            "Actual Loops": 4,
                            "Output": [
                                "PARTIAL count(*)"
                            ],
                            "Workers": [
                                {
                                    "Worker Number": 0,
                                    "Actual Startup Time": 100.095,
                                    "Actual Total Time": 100.097,
                                    "Actual Rows": 1,
                                    "Actual Loops": 1
                                },
                                {
                                    "Worker Number": 1,
                                    "Actual Startup Time": 100.096,
                                    "Actual Total Time": 100.097,
                                    "Actual Rows": 1,
                                    "Actual Loops": 1
                                },
                                {
                                    "Worker Number": 2,
                                    "Actual Startup Time": 100.305,
                                    "Actual Total Time": 100.306,
                                    "Actual Rows": 1,
                                    "Actual Loops": 1
                                }
                            ],
                            "Plans": [
                                {
                                    "Node Type": "Bitmap Heap Scan",
                                    "Parent Relationship": "Outer",
                                    "Parallel Aware": true,
                                    "Relation Name": "movie_keyword",
                                    "Schema": "public",
                                    "Alias": "mk",
                                    "Startup Cost": 7557.63,
                                    "Total Cost": 33448.25,
                                    "Plan Rows": 114930,
                                    "Plan Width": 0,
                                    "Actual Startup Time": 31.222,
                                    "Actual Total Time": 96.584,
                                    "Actual Rows": 88472,
                                    "Actual Loops": 4,
                                    "Recheck Cond": "(mk.keyword_id > 47155)",
                                    "Rows Removed by Index Recheck": 0,
                                    "Exact Heap Blocks": 7914,
                                    "Lossy Heap Blocks": 0,
                                    "Workers": [
                                        {
                                            "Worker Number": 0,
                                            "Actual Startup Time": 28.505,
                                            "Actual Total Time": 94.685,
                                            "Actual Rows": 74665,
                                            "Actual Loops": 1
                                        },
                                        {
                                            "Worker Number": 1,
                                            "Actual Startup Time": 28.413,
                                            "Actual Total Time": 94.607,
                                            "Actual Rows": 76888,
                                            "Actual Loops": 1
                                        },
                                        {
                                            "Worker Number": 2,
                                            "Actual Startup Time": 28.739,
                                            "Actual Total Time": 94.74,
                                            "Actual Rows": 76158,
                                            "Actual Loops": 1
                                        }
                                    ],
                                    "Plans": [
                                        {
                                            "Node Type": "Bitmap Index Scan",
                                            "Parent Relationship": "Outer",
                                            "Parallel Aware": false,
                                            "Index Name": "keyword_id_movie_keyword",
                                            "Startup Cost": 0.0,
                                            "Total Cost": 7468.55,
                                            "Plan Rows": 356283,
                                            "Plan Width": 0,
                                            "Actual Startup Time": 34.001,
                                            "Actual Total Time": 34.002,
                                            "Actual Rows": 353886,
                                            "Actual Loops": 1,
                                            "Index Cond": "(mk.keyword_id > 47155)"
                                        }
                                    ]
                                }
                            ]
                        }
                    ]
                }
            ]
        },
        "Planning Time": 282.569,
        "Triggers": [],
        "Execution Time": 116.506
    }
]