[
  {
    "Plan": {
      "Node Type": "Aggregate",
      "Strategy": "Plain",
      "Partial Mode": "Finalize",
      "Parallel Aware": false,
      "Startup Cost": 91362.03,
      "Total Cost": 91362.04,
      "Plan Rows": 1,
      "Plan Width": 8,
      "Actual Startup Time": 286.121,
      "Actual Total Time": 303.501,
      "Actual Rows": 1,
      "Actual Loops": 1,
      "Plans": [
        {
          "Node Type": "Gather",
          "Parent Relationship": "Outer",
          "Parallel Aware": false,
          "Startup Cost": 91361.71,
          "Total Cost": 91362.02,
          "Plan Rows": 3,
          "Plan Width": 8,
          "Actual Startup Time": 285.212,
          "Actual Total Time": 303.491,
          "Actual Rows": 4,
          "Actual Loops": 1,
          "Workers Planned": 3,
          "Workers Launched": 3,
          "Single Copy": false,
          "Plans": [
            {
              "Node Type": "Aggregate",
              "Strategy": "Plain",
              "Partial Mode": "Partial",
              "Parent Relationship": "Outer",
              "Parallel Aware": false,
              "Startup Cost": 90361.71,
              "Total Cost": 90361.72,
              "Plan Rows": 1,
              "Plan Width": 8,
              "Actual Startup Time": 276.324,
              "Actual Total Time": 276.327,
              "Actual Rows": 1,
              "Actual Loops": 4,
              "Plans": [
                {
                  "Node Type": "Hash Join",
                  "Parent Relationship": "Outer",
                  "Parallel Aware": true,
                  "Join Type": "Inner",
                  "Startup Cost": 46595.59,
                  "Total Cost": 90234.73,
                  "Plan Rows": 50791,
                  "Plan Width": 0,
                  "Actual Startup Time": 134.24,
                  "Actual Total Time": 273.882,
                  "Actual Rows": 49733,
                  "Actual Loops": 4,
                  "Inner Unique": true,
                  "Hash Cond": "(mk.movie_id = t.id)",
                  "Plans": [
                    {
                      "Node Type": "Seq Scan",
                      "Parent Relationship": "Outer",
                      "Parallel Aware": true,
                      "Relation Name": "movie_keyword",
                      "Alias": "mk",
                      "Startup Cost": 0.0,
                      "Total Cost": 42695.65,
                      "Plan Rows": 359425,
                      "Plan Width": 4,
                      "Actual Startup Time": 0.026,
                      "Actual Total Time": 98.326,
                      "Actual Rows": 280758,
                      "Actual Loops": 4,
                      "Filter": "(keyword_id < 1203)",
                      "Rows Removed by Filter": 850224
                    },
                    {
                      "Node Type": "Hash",
                      "Parent Relationship": "Inner",
                      "Parallel Aware": true,
                      "Startup Cost": 45479.1,
                      "Total Cost": 45479.1,
                      "Plan Rows": 89319,
                      "Plan Width": 4,
                      "Actual Startup Time": 130.806,
                      "Actual Total Time": 130.807,
                      "Actual Rows": 75522,
                      "Actual Loops": 4,
                      "Hash Buckets": 524288,
                      "Original Hash Buckets": 524288,
                      "Hash Batches": 1,
                      "Original Hash Batches": 1,
                      "Peak Memory Usage": 15968,
                      "Plans": [
                        {
                          "Node Type": "Seq Scan",
                          "Parent Relationship": "Outer",
                          "Parallel Aware": true,
                          "Relation Name": "title",
                          "Alias": "t",
                          "Startup Cost": 0.0,
                          "Total Cost": 45479.1,
                          "Plan Rows": 89319,
                          "Plan Width": 4,
                          "Actual Startup Time": 0.049,
                          "Actual Total Time": 103.952,
                          "Actual Rows": 75522,
                          "Actual Loops": 4,
                          "Filter": "((kind_id < 7) AND (production_year > 2006))",
                          "Rows Removed by Filter": 556556
                        }
                      ]
                    }
                  ]
                }
              ]
            }
          ]
        }
      ]
    },
    "Planning Time": 0.629,
    "Triggers": [],
    "Execution Time": 303.571
  }
]