[
  {
    "Plan": {
      "Node Type": "Aggregate",
      "Strategy": "Plain",
      "Partial Mode": "Finalize",
      "Parallel Aware": false,
      "Startup Cost": 49713.2,
      "Total Cost": 49713.21,
      "Plan Rows": 1,
      "Plan Width": 8,
      "Actual Startup Time": 100.992,
      "Actual Total Time": 106.081,
      "Actual Rows": 1,
      "Actual Loops": 1,
      "Plans": [
        {
          "Node Type": "Gather",
          "Parent Relationship": "Outer",
          "Parallel Aware": false,
          "Startup Cost": 49712.99,
          "Total Cost": 49713.2,
          "Plan Rows": 2,
          "Plan Width": 8,
          "Actual Startup Time": 100.843,
          "Actual Total Time": 106.073,
          "Actual Rows": 3,
          "Actual Loops": 1,
          "Workers Planned": 2,
          "Workers Launched": 2,
          "Single Copy": false,
          "Plans": [
            {
              "Node Type": "Aggregate",
              "Strategy": "Plain",
              "Partial Mode": "Partial",
              "Parent Relationship": "Outer",
              "Parallel Aware": false,
              "Startup Cost": 48712.99,
              "Total Cost": 48713.0,
              "Plan Rows": 1,
              "Plan Width": 8,
              "Actual Startup Time": 92.536,
              "Actual Total Time": 92.539,
              "Actual Rows": 1,
              "Actual Loops": 3,
              "Plans": [
                {
                  "Node Type": "Nested Loop",
                  "Parent Relationship": "Outer",
                  "Parallel Aware": false,
                  "Join Type": "Inner",
                  "Startup Cost": 19745.99,
                  "Total Cost": 48705.91,
                  "Plan Rows": 2832,
                  "Plan Width": 0,
                  "Actual Startup Time": 11.823,
                  "Actual Total Time": 92.518,
                  "Actual Rows": 108,
                  "Actual Loops": 3,
                  "Inner Unique": true,
                  "Join Filter": "(mc.movie_id = t.id)",
                  "Rows Removed by Join Filter": 0,
                  "Plans": [
                    {
                      "Node Type": "Hash Join",
                      "Parent Relationship": "Outer",
                      "Parallel Aware": true,
                      "Join Type": "Inner",
                      "Startup Cost": 19745.56,
                      "Total Cost": 36372.87,
                      "Plan Rows": 20800,
                      "Plan Width": 8,
                      "Actual Startup Time": 11.101,
                      "Actual Total Time": 90.903,
                      "Actual Rows": 187,
                      "Actual Loops": 3,
                      "Inner Unique": false,
                      "Hash Cond": "(mi_idx.movie_id = mc.movie_id)",
                      "Plans": [
                        {
                          "Node Type": "Seq Scan",
                          "Parent Relationship": "Outer",
                          "Parallel Aware": true,
                          "Relation Name": "movie_info_idx",
                          "Alias": "mi_idx",
                          "Startup Cost": 0.0,
                          "Total Cost": 13685.15,
                          "Plan Rows": 575015,
                          "Plan Width": 4,
                          "Actual Startup Time": 0.076,
                          "Actual Total Time": 42.522,
                          "Actual Rows": 460012,
                          "Actual Loops": 3
                        },
                        {
                          "Node Type": "Hash",
                          "Parent Relationship": "Inner",
                          "Parallel Aware": true,
                          "Startup Cost": 19674.73,
                          "Total Cost": 19674.73,
                          "Plan Rows": 5667,
                          "Plan Width": 4,
                          "Actual Startup Time": 8.092,
                          "Actual Total Time": 8.093,
                          "Actual Rows": 5407,
                          "Actual Loops": 3,
                          "Hash Buckets": 32768,
                          "Original Hash Buckets": 32768,
                          "Hash Batches": 1,
                          "Original Hash Batches": 1,
                          "Peak Memory Usage": 928,
                          "Plans": [
                            {
                              "Node Type": "Bitmap Heap Scan",
                              "Parent Relationship": "Outer",
                              "Parallel Aware": true,
                              "Relation Name": "movie_companies",
                              "Alias": "mc",
                              "Startup Cost": 384.58,
                              "Total Cost": 19674.73,
                              "Plan Rows": 5667,
                              "Plan Width": 4,
                              "Actual Startup Time": 0.859,
                              "Actual Total Time": 4.602,
                              "Actual Rows": 5407,
                              "Actual Loops": 3,
                              "Recheck Cond": "(company_id = 166)",
                              "Rows Removed by Index Recheck": 0,
                              "Exact Heap Blocks": 443,
                              "Lossy Heap Blocks": 0,
                              "Plans": [
                                {
                                  "Node Type": "Bitmap Index Scan",
                                  "Parent Relationship": "Outer",
                                  "Parallel Aware": false,
                                  "Index Name": "company_id_movie_companies",
                                  "Startup Cost": 0.0,
                                  "Total Cost": 380.19,
                                  "Plan Rows": 17568,
                                  "Plan Width": 0,
                                  "Actual Startup Time": 2.104,
                                  "Actual Total Time": 2.105,
                                  "Actual Rows": 16220,
                                  "Actual Loops": 1,
                                  "Index Cond": "(company_id = 166)"
                                }
                              ]
                            }
                          ]
                        }
                      ]
                    },
                    {
                      "Node Type": "Index Scan",
                      "Parent Relationship": "Inner",
                      "Parallel Aware": false,
                      "Scan Direction": "Forward",
                      "Index Name": "title_pkey",
                      "Relation Name": "title",
                      "Alias": "t",
                      "Startup Cost": 0.43,
                      "Total Cost": 0.58,
                      "Plan Rows": 1,
                      "Plan Width": 4,
                      "Actual Startup Time": 0.008,
                      "Actual Total Time": 0.008,
                      "Actual Rows": 1,
                      "Actual Loops": 561,
                      "Index Cond": "(id = mi_idx.movie_id)",
                      "Rows Removed by Index Recheck": 0,
                      "Filter": "(production_year < 2009)",
                      "Rows Removed by Filter": 0
                    }
                  ]
                }
              ]
            }
          ]
        }
      ]
    },
    "Planning Time": 1.46,
    "Triggers": [],
    "Execution Time": 106.192
  }
]