[
  {
    "Plan": {
      "Node Type": "Aggregate",
      "Strategy": "Plain",
      "Partial Mode": "Finalize",
      "Parallel Aware": false,
      "Startup Cost": 159283.83,
      "Total Cost": 159283.84,
      "Plan Rows": 1,
      "Plan Width": 8,
      "Actual Startup Time": 236.164,
      "Actual Total Time": 250.069,
      "Actual Rows": 1,
      "Actual Loops": 1,
      "Plans": [
        {
          "Node Type": "Gather",
          "Parent Relationship": "Outer",
          "Parallel Aware": false,
          "Startup Cost": 159283.31,
          "Total Cost": 159283.82,
          "Plan Rows": 5,
          "Plan Width": 8,
          "Actual Startup Time": 236.083,
          "Actual Total Time": 250.062,
          "Actual Rows": 6,
          "Actual Loops": 1,
          "Workers Planned": 5,
          "Workers Launched": 5,
          "Single Copy": false,
          "Plans": [
            {
              "Node Type": "Aggregate",
              "Strategy": "Plain",
              "Partial Mode": "Partial",
              "Parent Relationship": "Outer",
              "Parallel Aware": false,
              "Startup Cost": 158283.31,
              "Total Cost": 158283.32,
              "Plan Rows": 1,
              "Plan Width": 8,
              "Actual Startup Time": 226.299,
              "Actual Total Time": 226.301,
              "Actual Rows": 1,
              "Actual Loops": 6,
              "Plans": [
                {
                  "Node Type": "Index Scan",
                  "Parent Relationship": "Outer",
                  "Parallel Aware": true,
                  "Scan Direction": "Forward",
                  "Index Name": "role_id_cast_info",
                  "Relation Name": "cast_info",
                  "Alias": "ci",
                  "Startup Cost": 0.56,
                  "Total Cost": 156659.89,
                  "Plan Rows": 649369,
                  "Plan Width": 0,
                  "Actual Startup Time": 0.218,
                  "Actual Total Time": 191.176,
                  "Actual Rows": 809363,
                  "Actual Loops": 6,
                  "Index Cond": "(role_id > 8)",
                  "Rows Removed by Index Recheck": 0,
                  "Filter": "(person_id > 1550793)",
                  "Rows Removed by Filter": 146086
                }
              ]
            }
          ]
        }
      ]
    },
    "Planning Time": 0.197,
    "Triggers": [],
    "Execution Time": 250.126
  }
]