[
  {
    "Plan": {
      "Node Type": "Aggregate",
      "Strategy": "Plain",
      "Partial Mode": "Finalize",
      "Parallel Aware": false,
      "Startup Cost": 84237.95,
      "Total Cost": 84237.96,
      "Plan Rows": 1,
      "Plan Width": 8,
      "Actual Startup Time": 56.628,
      "Actual Total Time": 62.09,
      "Actual Rows": 1,
      "Actual Loops": 1,
      "Plans": [
        {
          "Node Type": "Gather",
          "Parent Relationship": "Outer",
          "Parallel Aware": false,
          "Startup Cost": 84237.63,
          "Total Cost": 84237.94,
          "Plan Rows": 3,
          "Plan Width": 8,
          "Actual Startup Time": 56.491,
          "Actual Total Time": 62.082,
          "Actual Rows": 4,
          "Actual Loops": 1,
          "Workers Planned": 3,
          "Workers Launched": 3,
          "Single Copy": false,
          "Plans": [
            {
              "Node Type": "Aggregate",
              "Strategy": "Plain",
              "Partial Mode": "Partial",
              "Parent Relationship": "Outer",
              "Parallel Aware": false,
              "Startup Cost": 83237.63,
              "Total Cost": 83237.64,
              "Plan Rows": 1,
              "Plan Width": 8,
              "Actual Startup Time": 47.253,
              "Actual Total Time": 47.255,
              "Actual Rows": 1,
              "Actual Loops": 4,
              "Plans": [
                {
                  "Node Type": "Nested Loop",
                  "Parent Relationship": "Outer",
                  "Parallel Aware": false,
                  "Join Type": "Inner",
                  "Startup Cost": 307.28,
                  "Total Cost": 83231.64,
                  "Plan Rows": 2396,
                  "Plan Width": 0,
                  "Actual Startup Time": 46.34,
                  "Actual Total Time": 47.249,
                  "Actual Rows": 7,
                  "Actual Loops": 4,
                  "Inner Unique": false,
                  "Plans": [
                    {
                      "Node Type": "Nested Loop",
                      "Parent Relationship": "Outer",
                      "Parallel Aware": false,
                      "Join Type": "Inner",
                      "Startup Cost": 306.72,
                      "Total Cost": 80296.04,
                      "Plan Rows": 167,
                      "Plan Width": 8,
                      "Actual Startup Time": 46.315,
                      "Actual Total Time": 47.113,
                      "Actual Rows": 0,
                      "Actual Loops": 4,
                      "Inner Unique": true,
                      "Plans": [
                        {
                          "Node Type": "Bitmap Heap Scan",
                          "Parent Relationship": "Outer",
                          "Parallel Aware": true,
                          "Relation Name": "movie_info",
                          "Alias": "mi",
                          "Startup Cost": 306.29,
                          "Total Cost": 49112.64,
                          "Plan Rows": 5405,
                          "Plan Width": 4,
                          "Actual Startup Time": 2.57,
                          "Actual Total Time": 10.726,
                          "Actual Rows": 4554,
                          "Actual Loops": 4,
                          "Recheck Cond": "(info_type_id = 108)",
                          "Rows Removed by Index Recheck": 0,
                          "Exact Heap Blocks": 2165,
                          "Lossy Heap Blocks": 0,
                          "Plans": [
                            {
                              "Node Type": "Bitmap Index Scan",
                              "Parent Relationship": "Outer",
                              "Parallel Aware": false,
                              "Index Name": "info_type_id_movie_info",
                              "Startup Cost": 0.0,
                              "Total Cost": 302.1,
                              "Plan Rows": 16755,
                              "Plan Width": 0,
                              "Actual Startup Time": 7.618,
                              "Actual Total Time": 7.618,
                              "Actual Rows": 18214,
                              "Actual Loops": 1,
                              "Index Cond": "(info_type_id = 108)"
                            }
                          ]
                        },
                        {
                          "Node Type": "Index Scan",
                          "Parent Relationship": "Inner",
                          "Parallel Aware": false,
                          "Scan Direction": "Forward",
                          "Index Name": "title_pkey",
                          "Relation Name": "title",
                          "Alias": "t",
                          "Startup Cost": 0.43,
                          "Total Cost": 5.77,
                          "Plan Rows": 1,
                          "Plan Width": 4,
                          "Actual Startup Time": 0.008,
                          "Actual Total Time": 0.008,
                          "Actual Rows": 0,
                          "Actual Loops": 18214,
                          "Index Cond": "(id = mi.movie_id)",
                          "Rows Removed by Index Recheck": 0,
                          "Filter": "((kind_id = 7) AND (production_year = 2009))",
                          "Rows Removed by Filter": 1
                        }
                      ]
                    },
                    {
                      "Node Type": "Index Only Scan",
                      "Parent Relationship": "Inner",
                      "Parallel Aware": false,
                      "Scan Direction": "Forward",
                      "Index Name": "movie_id_cast_info",
                      "Relation Name": "cast_info",
                      "Alias": "ci",
                      "Startup Cost": 0.56,
                      "Total Cost": 17.21,
                      "Plan Rows": 37,
                      "Plan Width": 4,
                      "Actual Startup Time": 0.095,
                      "Actual Total Time": 0.531,
                      "Actual Rows": 28,
                      "Actual Loops": 1,
                      "Index Cond": "(movie_id = t.id)",
                      "Rows Removed by Index Recheck": 0,
                      "Heap Fetches": 28
                    }
                  ]
                }
              ]
            }
          ]
        }
      ]
    },
    "Planning Time": 1.413,
    "Triggers": [],
    "Execution Time": 62.202
  }
]