[
  {
    "Plan": {
      "Node Type": "Aggregate",
      "Strategy": "Plain",
      "Partial Mode": "Finalize",
      "Parallel Aware": false,
      "Startup Cost": 89929.69,
      "Total Cost": 89929.7,
      "Plan Rows": 1,
      "Plan Width": 8,
      "Actual Startup Time": 287.655,
      "Actual Total Time": 305.06,
      "Actual Rows": 1,
      "Actual Loops": 1,
      "Plans": [
        {
          "Node Type": "Gather",
          "Parent Relationship": "Outer",
          "Parallel Aware": false,
          "Startup Cost": 89929.37,
          "Total Cost": 89929.68,
          "Plan Rows": 3,
          "Plan Width": 8,
          "Actual Startup Time": 286.578,
          "Actual Total Time": 305.05,
          "Actual Rows": 4,
          "Actual Loops": 1,
          "Workers Planned": 3,
          "Workers Launched": 3,
          "Single Copy": false,
          "Plans": [
            {
              "Node Type": "Aggregate",
              "Strategy": "Plain",
              "Partial Mode": "Partial",
              "Parent Relationship": "Outer",
              "Parallel Aware": false,
              "Startup Cost": 88929.37,
              "Total Cost": 88929.38,
              "Plan Rows": 1,
              "Plan Width": 8,
              "Actual Startup Time": 280.11,
              "Actual Total Time": 280.115,
              "Actual Rows": 1,
              "Actual Loops": 4,
              "Plans": [
                {
                  "Node Type": "Hash Join",
                  "Parent Relationship": "Outer",
                  "Parallel Aware": true,
                  "Join Type": "Inner",
                  "Startup Cost": 44401.94,
                  "Total Cost": 88824.65,
                  "Plan Rows": 41888,
                  "Plan Width": 0,
                  "Actual Startup Time": 115.441,
                  "Actual Total Time": 279.497,
                  "Actual Rows": 11444,
                  "Actual Loops": 4,
                  "Inner Unique": true,
                  "Hash Cond": "(mk.movie_id = t.id)",
                  "Plans": [
                    {
                      "Node Type": "Seq Scan",
                      "Parent Relationship": "Outer",
                      "Parallel Aware": true,
                      "Relation Name": "movie_keyword",
                      "Alias": "mk",
                      "Startup Cost": 0.0,
                      "Total Cost": 42695.65,
                      "Plan Rows": 657927,
                      "Plan Width": 4,
                      "Actual Startup Time": 0.031,
                      "Actual Total Time": 111.791,
                      "Actual Rows": 509586,
                      "Actual Loops": 4,
                      "Filter": "(keyword_id < 3642)",
                      "Rows Removed by Filter": 621396
                    },
                    {
                      "Node Type": "Hash",
                      "Parent Relationship": "Inner",
                      "Parallel Aware": true,
                      "Startup Cost": 43898.92,
                      "Total Cost": 43898.92,
                      "Plan Rows": 40242,
                      "Plan Width": 4,
                      "Actual Startup Time": 113.554,
                      "Actual Total Time": 113.557,
                      "Actual Rows": 41077,
                      "Actual Loops": 4,
                      "Hash Buckets": 262144,
                      "Original Hash Buckets": 262144,
                      "Hash Batches": 1,
                      "Original Hash Batches": 1,
                      "Peak Memory Usage": 8544,
                      "Plans": [
                        {
                          "Node Type": "Seq Scan",
                          "Parent Relationship": "Outer",
                          "Parallel Aware": true,
                          "Relation Name": "title",
                          "Alias": "t",
                          "Startup Cost": 0.0,
                          "Total Cost": 43898.92,
                          "Plan Rows": 40242,
                          "Plan Width": 4,
                          "Actual Startup Time": 0.03,
                          "Actual Total Time": 97.119,
                          "Actual Rows": 41077,
                          "Actual Loops": 4,
                          "Filter": "(production_year = 2012)",
                          "Rows Removed by Filter": 591001
                        }
                      ]
                    }
                  ]
                }
              ]
            }
          ]
        }
      ]
    },
    "Planning Time": 0.4,
    "Triggers": [],
    "Execution Time": 305.109
  }
]