[
  {
    "Plan": {
      "Node Type": "Aggregate",
      "Strategy": "Plain",
      "Partial Mode": "Simple",
      "Parallel Aware": false,
      "Startup Cost": 7250.66,
      "Total Cost": 7250.67,
      "Plan Rows": 1,
      "Plan Width": 8,
      "Actual Startup Time": 6.357,
      "Actual Total Time": 6.359,
      "Actual Rows": 1,
      "Actual Loops": 1,
      "Plans": [
        {
          "Node Type": "Index Only Scan",
          "Parent Relationship": "Outer",
          "Parallel Aware": false,
          "Scan Direction": "Forward",
          "Index Name": "company_id_movie_companies",
          "Relation Name": "movie_companies",
          "Alias": "mc",
          "Startup Cost": 0.43,
          "Total Cost": 7243.27,
          "Plan Rows": 2957,
          "Plan Width": 0,
          "Actual Startup Time": 0.202,
          "Actual Total Time": 5.797,
          "Actual Rows": 2910,
          "Actual Loops": 1,
          "Index Cond": "(company_id = 28339)",
          "Rows Removed by Index Recheck": 0,
          "Heap Fetches": 2910
        }
      ]
    },
    "Planning Time": 0.181,
    "Triggers": [],
    "Execution Time": 6.413
  }
]