[
  {
    "Plan": {
      "Node Type": "Aggregate",
      "Strategy": "Plain",
      "Partial Mode": "Simple",
      "Parallel Aware": false,
      "Startup Cost": 6991.9,
      "Total Cost": 6991.91,
      "Plan Rows": 1,
      "Plan Width": 8,
      "Actual Startup Time": 6.25,
      "Actual Total Time": 6.251,
      "Actual Rows": 1,
      "Actual Loops": 1,
      "Plans": [
        {
          "Node Type": "Index Only Scan",
          "Parent Relationship": "Outer",
          "Parallel Aware": false,
          "Scan Direction": "Forward",
          "Index Name": "company_id_movie_companies",
          "Relation Name": "movie_companies",
          "Alias": "mc",
          "Startup Cost": 0.43,
          "Total Cost": 6984.72,
          "Plan Rows": 2870,
          "Plan Width": 0,
          "Actual Startup Time": 0.299,
          "Actual Total Time": 5.681,
          "Actual Rows": 2910,
          "Actual Loops": 1,
          "Index Cond": "(company_id = 28339)",
          "Rows Removed by Index Recheck": 0,
          "Heap Fetches": 2910
        }
      ]
    },
    "Planning Time": 0.183,
    "Triggers": [],
    "Execution Time": 6.305
  }
]