[
  {
    "Plan": {
      "Node Type": "Aggregate",
      "Strategy": "Plain",
      "Partial Mode": "Finalize",
      "Parallel Aware": false,
      "Startup Cost": 79052.3,
      "Total Cost": 79052.31,
      "Plan Rows": 1,
      "Plan Width": 8,
      "Actual Startup Time": 479.663,
      "Actual Total Time": 496.46,
      "Actual Rows": 1,
      "Actual Loops": 1,
      "Plans": [
        {
          "Node Type": "Gather",
          "Parent Relationship": "Outer",
          "Parallel Aware": false,
          "Startup Cost": 79051.99,
          "Total Cost": 79052.3,
          "Plan Rows": 3,
          "Plan Width": 8,
          "Actual Startup Time": 466.395,
          "Actual Total Time": 496.45,
          "Actual Rows": 4,
          "Actual Loops": 1,
          "Workers Planned": 3,
          "Workers Launched": 3,
          "Single Copy": false,
          "Plans": [
            {
              "Node Type": "Aggregate",
              "Strategy": "Plain",
              "Partial Mode": "Partial",
              "Parent Relationship": "Outer",
              "Parallel Aware": false,
              "Startup Cost": 78051.99,
              "Total Cost": 78052.0,
              "Plan Rows": 1,
              "Plan Width": 8,
              "Actual Startup Time": 454.243,
              "Actual Total Time": 454.248,
              "Actual Rows": 1,
              "Actual Loops": 4,
              "Plans": [
                {
                  "Node Type": "Hash Join",
                  "Parent Relationship": "Outer",
                  "Parallel Aware": true,
                  "Join Type": "Inner",
                  "Startup Cost": 52884.87,
                  "Total Cost": 77950.84,
                  "Plan Rows": 40460,
                  "Plan Width": 0,
                  "Actual Startup Time": 401.893,
                  "Actual Total Time": 452.252,
                  "Actual Rows": 30728,
                  "Actual Loops": 4,
                  "Inner Unique": true,
                  "Hash Cond": "(mk.movie_id = t.id)",
                  "Plans": [
                    {
                      "Node Type": "Bitmap Heap Scan",
                      "Parent Relationship": "Outer",
                      "Parallel Aware": true,
                      "Relation Name": "movie_keyword",
                      "Alias": "mk",
                      "Startup Cost": 2664.49,
                      "Total Cost": 27624.25,
                      "Plan Rows": 40460,
                      "Plan Width": 4,
                      "Actual Startup Time": 16.769,
                      "Actual Total Time": 51.241,
                      "Actual Rows": 30728,
                      "Actual Loops": 4,
                      "Recheck Cond": "(keyword_id > 77509)",
                      "Rows Removed by Index Recheck": 0,
                      "Exact Heap Blocks": 7088,
                      "Lossy Heap Blocks": 0,
                      "Plans": [
                        {
                          "Node Type": "Bitmap Index Scan",
                          "Parent Relationship": "Outer",
                          "Parallel Aware": false,
                          "Index Name": "keyword_id_movie_keyword",
                          "Startup Cost": 0.0,
                          "Total Cost": 2633.13,
                          "Plan Rows": 125427,
                          "Plan Width": 0,
                          "Actual Startup Time": 12.375,
                          "Actual Total Time": 12.376,
                          "Actual Rows": 122911,
                          "Actual Loops": 1,
                          "Index Cond": "(keyword_id > 77509)"
                        }
                      ]
                    },
                    {
                      "Node Type": "Hash",
                      "Parent Relationship": "Inner",
                      "Parallel Aware": true,
                      "Startup Cost": 42319.06,
                      "Total Cost": 42319.06,
                      "Plan Rows": 632106,
                      "Plan Width": 4,
                      "Actual Startup Time": 376.472,
                      "Actual Total Time": 376.475,
                      "Actual Rows": 632078,
                      "Actual Loops": 4,
                      "Hash Buckets": 4194304,
                      "Original Hash Buckets": 4194304,
                      "Hash Batches": 1,
                      "Original Hash Batches": 1,
                      "Peak Memory Usage": 131712,
                      "Plans": [
                        {
                          "Node Type": "Seq Scan",
                          "Parent Relationship": "Outer",
                          "Parallel Aware": true,
                          "Relation Name": "title",
                          "Alias": "t",
                          "Startup Cost": 0.0,
                          "Total Cost": 42319.06,
                          "Plan Rows": 632106,
                          "Plan Width": 4,
                          "Actual Startup Time": 0.041,
                          "Actual Total Time": 111.645,
                          "Actual Rows": 632078,
                          "Actual Loops": 4
                        }
                      ]
                    }
                  ]
                }
              ]
            }
          ]
        }
      ]
    },
    "Planning Time": 0.408,
    "Triggers": [],
    "Execution Time": 496.509
  }
]