[
  {
    "Plan": {
      "Node Type": "Aggregate",
      "Strategy": "Plain",
      "Partial Mode": "Finalize",
      "Parallel Aware": false,
      "Startup Cost": 47012.09,
      "Total Cost": 47012.1,
      "Plan Rows": 1,
      "Plan Width": 8,
      "Actual Startup Time": 101.036,
      "Actual Total Time": 113.003,
      "Actual Rows": 1,
      "Actual Loops": 1,
      "Plans": [
        {
          "Node Type": "Gather",
          "Parent Relationship": "Outer",
          "Parallel Aware": false,
          "Startup Cost": 47011.67,
          "Total Cost": 47012.08,
          "Plan Rows": 4,
          "Plan Width": 8,
          "Actual Startup Time": 100.9,
          "Actual Total Time": 112.995,
          "Actual Rows": 5,
          "Actual Loops": 1,
          "Workers Planned": 4,
          "Workers Launched": 4,
          "Single Copy": false,
          "Plans": [
            {
              "Node Type": "Aggregate",
              "Strategy": "Plain",
              "Partial Mode": "Partial",
              "Parent Relationship": "Outer",
              "Parallel Aware": false,
              "Startup Cost": 46011.67,
              "Total Cost": 46011.68,
              "Plan Rows": 1,
              "Plan Width": 8,
              "Actual Startup Time": 92.876,
              "Actual Total Time": 92.877,
              "Actual Rows": 1,
              "Actual Loops": 5,
              "Plans": [
                {
                  "Node Type": "Seq Scan",
                  "Parent Relationship": "Outer",
                  "Parallel Aware": true,
                  "Relation Name": "title",
                  "Alias": "t",
                  "Startup Cost": 0.0,
                  "Total Cost": 45479.1,
                  "Plan Rows": 213030,
                  "Plan Width": 0,
                  "Actual Startup Time": 0.044,
                  "Actual Total Time": 86.098,
                  "Actual Rows": 152080,
                  "Actual Loops": 5,
                  "Filter": "((kind_id < 7) AND (production_year > 1964))",
                  "Rows Removed by Filter": 353583
                }
              ]
            }
          ]
        }
      ]
    },
    "Planning Time": 0.233,
    "Triggers": [],
    "Execution Time": 113.063
  }
]