{
    "Plan": {
        "Node Type": "Aggregate",
        "Strategy": "Plain",
        "Partial Mode": "Finalize",
        "Parallel Aware": false,
        "Startup Cost": 188006.42,
        "Total Cost": 188006.43,
        "Plan Rows": 1,
        "Plan Width": 8,
        "Actual Startup Time": 182.585,
        "Actual Total Time": 216.595,
        "Actual Rows": 1,
        "Actual Loops": 1,
        "Output": [
            "count(*)"
        ],
        "Plans": [
            {
                "Node Type": "Gather",
                "Parent Relationship": "Outer",
                "Parallel Aware": false,
                "Startup Cost": 188006.0,
                "Total Cost": 188006.41,
                "Plan Rows": 4,
                "Plan Width": 8,
                "Actual Startup Time": 182.469,
                "Actual Total Time": 216.587,
                "Actual Rows": 5,
                "Actual Loops": 1,
                "Output": [
                    "(PARTIAL count(*))"
                ],
                "Workers Planned": 4,
                "Workers Launched": 4,
                "Single Copy": false,
                "Plans": [
                    {
                        "Node Type": "Aggregate",
                        "Strategy": "Plain",
                        "Partial Mode": "Partial",
                        "Parent Relationship": "Outer",
                        "Parallel Aware": false,
                        "Startup Cost": 187006.0,
                        "Total Cost": 187006.01,
                        "Plan Rows": 1,
                        "Plan Width": 8,
                        "Actual Startup Time": 173.552,
                        "Actual Total Time": 173.553,
                        "Actual Rows": 1,
                        "Actual Loops": 5,
                        "Output": [
                            "PARTIAL count(*)"
                        ],
                        "Workers": [
                            {
                                "Worker Number": 0,
                                "Actual Startup Time": 169.667,
                                "Actual Total Time": 169.669,
                                "Actual Rows": 1,
                                "Actual Loops": 1
                            },
                            {
                                "Worker Number": 1,
                                "Actual Startup Time": 170.255,
                                "Actual Total Time": 170.257,
                                "Actual Rows": 1,
                                "Actual Loops": 1
                            },
                            {
                                "Worker Number": 2,
                                "Actual Startup Time": 173.497,
                                "Actual Total Time": 173.499,
                                "Actual Rows": 1,
                                "Actual Loops": 1
                            },
                            {
                                "Worker Number": 3,
                                "Actual Startup Time": 172.671,
                                "Actual Total Time": 172.673,
                                "Actual Rows": 1,
                                "Actual Loops": 1
                            }
                        ],
                        "Plans": [
                            {
                                "Node Type": "Nested Loop",
                                "Parent Relationship": "Outer",
                                "Parallel Aware": false,
                                "Join Type": "Inner",
                                "Startup Cost": 0.56,
                                "Total Cost": 186994.97,
                                "Plan Rows": 4409,
                                "Plan Width": 0,
                                "Actual Startup Time": 1.015,
                                "Actual Total Time": 172.854,
                                "Actual Rows": 7128,
                                "Actual Loops": 5,
                                "Inner Unique": false,
                                "Workers": [
                                    {
                                        "Worker Number": 0,
                                        "Actual Startup Time": 0.457,
                                        "Actual Total Time": 168.983,
                                        "Actual Rows": 5049,
                                        "Actual Loops": 1
                                    },
                                    {
                                        "Worker Number": 1,
                                        "Actual Startup Time": 1.76,
                                        "Actual Total Time": 169.59,
                                        "Actual Rows": 5115,
                                        "Actual Loops": 1
                                    },
                                    {
                                        "Worker Number": 2,
                                        "Actual Startup Time": 1.598,
                                        "Actual Total Time": 172.819,
                                        "Actual Rows": 5314,
                                        "Actual Loops": 1
                                    },
                                    {
                                        "Worker Number": 3,
                                        "Actual Startup Time": 0.796,
                                        "Actual Total Time": 171.954,
                                        "Actual Rows": 5350,
                                        "Actual Loops": 1
                                    }
                                ],
                                "Plans": [
                                    {
                                        "Node Type": "Seq Scan",
                                        "Parent Relationship": "Outer",
                                        "Parallel Aware": true,
                                        "Relation Name": "title",
                                        "Schema": "public",
                                        "Alias": "t",
                                        "Startup Cost": 0.0,
                                        "Total Cost": 45479.21,
                                        "Plan Rows": 1211,
                                        "Plan Width": 4,
                                        "Actual Startup Time": 0.52,
                                        "Actual Total Time": 74.893,
                                        "Actual Rows": 1330,
                                        "Actual Loops": 5,
                                        "Output": [
                                            "t.id",
                                            "t.title",
                                            "t.imdb_index",
                                            "t.kind_id",
                                            "t.production_year",
                                            "t.imdb_id",
                                            "t.phonetic_code",
                                            "t.episode_of_id",
                                            "t.season_nr",
                                            "t.episode_nr",
                                            "t.series_years",
                                            "t.md5sum"
                                        ],
                                        "Filter": "((t.kind_id < 7) AND (t.production_year = 1981))",
                                        "Rows Removed by Filter": 504332,
                                        "Workers": [
                                            {
                                                "Worker Number": 0,
                                                "Actual Startup Time": 0.134,
                                                "Actual Total Time": 67.511,
                                                "Actual Rows": 962,
                                                "Actual Loops": 1
                                            },
                                            {
                                                "Worker Number": 1,
                                                "Actual Startup Time": 0.534,
                                                "Actual Total Time": 66.088,
                                                "Actual Rows": 1000,
                                                "Actual Loops": 1
                                            },
                                            {
                                                "Worker Number": 2,
                                                "Actual Startup Time": 1.339,
                                                "Actual Total Time": 69.361,
                                                "Actual Rows": 963,
                                                "Actual Loops": 1
                                            },
                                            {
                                                "Worker Number": 3,
                                                "Actual Startup Time": 0.338,
                                                "Actual Total Time": 65.264,
                                                "Actual Rows": 963,
                                                "Actual Loops": 1
                                            }
                                        ]
                                    },
                                    {
                                        "Node Type": "Index Scan",
                                        "Parent Relationship": "Inner",
                                        "Parallel Aware": false,
                                        "Scan Direction": "Forward",
                                        "Index Name": "movie_id_cast_info",
                                        "Relation Name": "cast_info",
                                        "Schema": "public",
                                        "Alias": "ci",
                                        "Startup Cost": 0.56,
                                        "Total Cost": 116.76,
                                        "Plan Rows": 10,
                                        "Plan Width": 4,
                                        "Actual Startup Time": 0.047,
                                        "Actual Total Time": 0.073,
                                        "Actual Rows": 5,
                                        "Actual Loops": 6650,
                                        "Output": [
                                            "ci.id",
                                            "ci.person_id",
                                            "ci.movie_id",
                                            "ci.person_role_id",
                                            "ci.note",
                                            "ci.nr_order",
                                            "ci.role_id"
                                        ],
                                        "Index Cond": "(ci.movie_id = t.id)",
                                        "Rows Removed by Index Recheck": 0,
                                        "Filter": "((ci.person_id > 2233822) AND (ci.role_id > 1))",
                                        "Rows Removed by Filter": 11,
                                        "Workers": [
                                            {
                                                "Worker Number": 0,
                                                "Actual Startup Time": 0.067,
                                                "Actual Total Time": 0.104,
                                                "Actual Rows": 5,
                                                "Actual Loops": 962
                                            },
                                            {
                                                "Worker Number": 1,
                                                "Actual Startup Time": 0.067,
                                                "Actual Total Time": 0.102,
                                                "Actual Rows": 5,
                                                "Actual Loops": 1000
                                            },
                                            {
                                                "Worker Number": 2,
                                                "Actual Startup Time": 0.068,
                                                "Actual Total Time": 0.106,
                                                "Actual Rows": 6,
                                                "Actual Loops": 963
                                            },
                                            {
                                                "Worker Number": 3,
                                                "Actual Startup Time": 0.071,
                                                "Actual Total Time": 0.109,
                                                "Actual Rows": 6,
                                                "Actual Loops": 963
                                            }
                                        ]
                                    }
                                ]
                            }
                        ]
                    }
                ]
            }
        ]
    },
    "Planning Time": 0.739,
    "Triggers": [],
    "Execution Time": 216.678
}