[
    {
        "Bao": {
            "Bao prediction": 869.898,
            "Bao recommended hint": "(no hint)"
        }
    },
    {
        "Plan": {
            "Node Type": "Aggregate",
            "Strategy": "Plain",
            "Partial Mode": "Finalize",
            "Parallel Aware": false,
            "Startup Cost": 71288.02,
            "Total Cost": 71288.03,
            "Plan Rows": 1,
            "Plan Width": 8,
            "Actual Startup Time": 226.23,
            "Actual Total Time": 232.261,
            "Actual Rows": 1,
            "Actual Loops": 1,
            "Output": [
                "count(*)"
            ],
            "Plans": [
                {
                    "Node Type": "Gather",
                    "Parent Relationship": "Outer",
                    "Parallel Aware": false,
                    "Startup Cost": 71287.6,
                    "Total Cost": 71288.01,
                    "Plan Rows": 4,
                    "Plan Width": 8,
                    "Actual Startup Time": 225.124,
                    "Actual Total Time": 232.253,
                    "Actual Rows": 5,
                    "Actual Loops": 1,
                    "Output": [
                        "(PARTIAL count(*))"
                    ],
                    "Workers Planned": 4,
                    "Workers Launched": 4,
                    "Single Copy": false,
                    "Plans": [
                        {
                            "Node Type": "Aggregate",
                            "Strategy": "Plain",
                            "Partial Mode": "Partial",
                            "Parent Relationship": "Outer",
                            "Parallel Aware": false,
                            "Startup Cost": 70287.6,
                            "Total Cost": 70287.61,
                            "Plan Rows": 1,
                            "Plan Width": 8,
                            "Actual Startup Time": 216.062,
                            "Actual Total Time": 216.065,
                            "Actual Rows": 1,
                            "Actual Loops": 5,
                            "Output": [
                                "PARTIAL count(*)"
                            ],
                            "Workers": [
                                {
                                    "Worker Number": 0,
                                    "Actual Startup Time": 213.73,
                                    "Actual Total Time": 213.733,
                                    "Actual Rows": 1,
                                    "Actual Loops": 1
                                },
                                {
                                    "Worker Number": 1,
                                    "Actual Startup Time": 213.991,
                                    "Actual Total Time": 213.994,
                                    "Actual Rows": 1,
                                    "Actual Loops": 1
                                },
                                {
                                    "Worker Number": 2,
                                    "Actual Startup Time": 214.062,
                                    "Actual Total Time": 214.065,
                                    "Actual Rows": 1,
                                    "Actual Loops": 1
                                },
                                {
                                    "Worker Number": 3,
                                    "Actual Startup Time": 214.188,
                                    "Actual Total Time": 214.19,
                                    "Actual Rows": 1,
                                    "Actual Loops": 1
                                }
                            ],
                            "Plans": [
                                {
                                    "Node Type": "Hash Join",
                                    "Parent Relationship": "Outer",
                                    "Parallel Aware": true,
                                    "Join Type": "Inner",
                                    "Startup Cost": 24532.01,
                                    "Total Cost": 70166.92,
                                    "Plan Rows": 48272,
                                    "Plan Width": 0,
                                    "Actual Startup Time": 75.922,
                                    "Actual Total Time": 213.858,
                                    "Actual Rows": 38252,
                                    "Actual Loops": 5,
                                    "Inner Unique": false,
                                    "Hash Cond": "(t.id = mc.movie_id)",
                                    "Workers": [
                                        {
                                            "Worker Number": 0,
                                            "Actual Startup Time": 73.504,
                                            "Actual Total Time": 211.465,
                                            "Actual Rows": 36186,
                                            "Actual Loops": 1
                                        },
                                        {
                                            "Worker Number": 1,
                                            "Actual Startup Time": 73.897,
                                            "Actual Total Time": 211.689,
                                            "Actual Rows": 37136,
                                            "Actual Loops": 1
                                        },
                                        {
                                            "Worker Number": 2,
                                            "Actual Startup Time": 73.934,
                                            "Actual Total Time": 211.767,
                                            "Actual Rows": 36586,
                                            "Actual Loops": 1
                                        },
                                        {
                                            "Worker Number": 3,
                                            "Actual Startup Time": 74.073,
                                            "Actual Total Time": 211.905,
                                            "Actual Rows": 36709,
                                            "Actual Loops": 1
                                        }
                                    ],
                                    "Plans": [
                                        {
                                            "Node Type": "Seq Scan",
                                            "Parent Relationship": "Outer",
                                            "Parallel Aware": true,
                                            "Relation Name": "title",
                                            "Schema": "public",
                                            "Alias": "t",
                                            "Startup Cost": 0.0,
                                            "Total Cost": 42318.81,
                                            "Plan Rows": 632080,
                                            "Plan Width": 4,
                                            "Actual Startup Time": 0.006,
                                            "Actual Total Time": 57.274,
                                            "Actual Rows": 505662,
                                            "Actual Loops": 5,
                                            "Output": [
                                                "t.id",
                                                "t.title",
                                                "t.imdb_index",
                                                "t.kind_id",
                                                "t.production_year",
                                                "t.imdb_id",
                                                "t.phonetic_code",
                                                "t.episode_of_id",
                                                "t.season_nr",
                                                "t.episode_nr",
                                                "t.series_years",
                                                "t.md5sum"
                                            ],
                                            "Workers": [
                                                {
                                                    "Worker Number": 0,
                                                    "Actual Startup Time": 0.007,
                                                    "Actual Total Time": 59.071,
                                                    "Actual Rows": 480893,
                                                    "Actual Loops": 1
                                                },
                                                {
                                                    "Worker Number": 1,
                                                    "Actual Startup Time": 0.006,
                                                    "Actual Total Time": 58.989,
                                                    "Actual Rows": 486916,
                                                    "Actual Loops": 1
                                                },
                                                {
                                                    "Worker Number": 2,
                                                    "Actual Startup Time": 0.007,
                                                    "Actual Total Time": 59.043,
                                                    "Actual Rows": 484819,
                                                    "Actual Loops": 1
                                                },
                                                {
                                                    "Worker Number": 3,
                                                    "Actual Startup Time": 0.006,
                                                    "Actual Total Time": 58.822,
                                                    "Actual Rows": 481354,
                                                    "Actual Loops": 1
                                                }
                                            ]
                                        },
                                        {
                                            "Node Type": "Hash",
                                            "Parent Relationship": "Inner",
                                            "Parallel Aware": true,
                                            "Startup Cost": 23753.43,
                                            "Total Cost": 23753.43,
                                            "Plan Rows": 62286,
                                            "Plan Width": 4,
                                            "Actual Startup Time": 74.097,
                                            "Actual Total Time": 74.098,
                                            "Actual Rows": 38252,
                                            "Actual Loops": 5,
                                            "Output": [
                                                "mc.movie_id"
                                            ],
                                            "Hash Buckets": 262144,
                                            "Original Hash Buckets": 262144,
                                            "Hash Batches": 1,
                                            "Original Hash Batches": 1,
                                            "Peak Memory Usage": 9600,
                                            "Workers": [
                                                {
                                                    "Worker Number": 0,
                                                    "Actual Startup Time": 73.082,
                                                    "Actual Total Time": 73.083,
                                                    "Actual Rows": 27445,
                                                    "Actual Loops": 1
                                                },
                                                {
                                                    "Worker Number": 1,
                                                    "Actual Startup Time": 73.476,
                                                    "Actual Total Time": 73.477,
                                                    "Actual Rows": 28907,
                                                    "Actual Loops": 1
                                                },
                                                {
                                                    "Worker Number": 2,
                                                    "Actual Startup Time": 73.558,
                                                    "Actual Total Time": 73.559,
                                                    "Actual Rows": 26641,
                                                    "Actual Loops": 1
                                                },
                                                {
                                                    "Worker Number": 3,
                                                    "Actual Startup Time": 73.683,
                                                    "Actual Total Time": 73.684,
                                                    "Actual Rows": 28525,
                                                    "Actual Loops": 1
                                                }
                                            ],
                                            "Plans": [
                                                {
                                                    "Node Type": "Bitmap Heap Scan",
                                                    "Parent Relationship": "Outer",
                                                    "Parallel Aware": true,
                                                    "Relation Name": "movie_companies",
                                                    "Schema": "public",
                                                    "Alias": "mc",
                                                    "Startup Cost": 4184.85,
                                                    "Total Cost": 23753.43,
                                                    "Plan Rows": 62286,
                                                    "Plan Width": 4,
                                                    "Actual Startup Time": 24.237,
                                                    "Actual Total Time": 57.328,
                                                    "Actual Rows": 38252,
                                                    "Actual Loops": 5,
                                                    "Output": [
                                                        "mc.movie_id"
                                                    ],
                                                    "Recheck Cond": "(mc.company_id < 51)",
                                                    "Rows Removed by Index Recheck": 0,
                                                    "Exact Heap Blocks": 5885,
                                                    "Lossy Heap Blocks": 0,
                                                    "Workers": [
                                                        {
                                                            "Worker Number": 0,
                                                            "Actual Startup Time": 23.293,
                                                            "Actual Total Time": 57.031,
                                                            "Actual Rows": 27445,
                                                            "Actual Loops": 1
                                                        },
                                                        {
                                                            "Worker Number": 1,
                                                            "Actual Startup Time": 23.616,
                                                            "Actual Total Time": 57.618,
                                                            "Actual Rows": 28907,
                                                            "Actual Loops": 1
                                                        },
                                                        {
                                                            "Worker Number": 2,
                                                            "Actual Startup Time": 23.667,
                                                            "Actual Total Time": 57.748,
                                                            "Actual Rows": 26641,
                                                            "Actual Loops": 1
                                                        },
                                                        {
                                                            "Worker Number": 3,
                                                            "Actual Startup Time": 23.957,
                                                            "Actual Total Time": 57.99,
                                                            "Actual Rows": 28525,
                                                            "Actual Loops": 1
                                                        }
                                                    ],
                                                    "Plans": [
                                                        {
                                                            "Node Type": "Bitmap Index Scan",
                                                            "Parent Relationship": "Outer",
                                                            "Parallel Aware": false,
                                                            "Index Name": "company_id_movie_companies",
                                                            "Startup Cost": 0.0,
                                                            "Total Cost": 4136.58,
                                                            "Plan Rows": 193087,
                                                            "Plan Width": 0,
                                                            "Actual Startup Time": 22.622,
                                                            "Actual Total Time": 22.622,
                                                            "Actual Rows": 191261,
                                                            "Actual Loops": 1,
                                                            "Index Cond": "(mc.company_id < 51)"
                                                        }
                                                    ]
                                                }
                                            ]
                                        }
                                    ]
                                }
                            ]
                        }
                    ]
                }
            ]
        },
        "Planning Time": 654.341,
        "Triggers": [],
        "Execution Time": 232.423
    }
]