[
  {
    "Plan": {
      "Node Type": "Aggregate",
      "Strategy": "Plain",
      "Partial Mode": "Finalize",
      "Parallel Aware": false,
      "Startup Cost": 81577.21,
      "Total Cost": 81577.22,
      "Plan Rows": 1,
      "Plan Width": 8,
      "Actual Startup Time": 399.961,
      "Actual Total Time": 419.437,
      "Actual Rows": 1,
      "Actual Loops": 1,
      "Plans": [
        {
          "Node Type": "Gather",
          "Parent Relationship": "Outer",
          "Parallel Aware": false,
          "Startup Cost": 81576.79,
          "Total Cost": 81577.2,
          "Plan Rows": 4,
          "Plan Width": 8,
          "Actual Startup Time": 382.606,
          "Actual Total Time": 419.423,
          "Actual Rows": 5,
          "Actual Loops": 1,
          "Workers Planned": 4,
          "Workers Launched": 4,
          "Single Copy": false,
          "Plans": [
            {
              "Node Type": "Aggregate",
              "Strategy": "Plain",
              "Partial Mode": "Partial",
              "Parent Relationship": "Outer",
              "Parallel Aware": false,
              "Startup Cost": 80576.79,
              "Total Cost": 80576.8,
              "Plan Rows": 1,
              "Plan Width": 8,
              "Actual Startup Time": 362.037,
              "Actual Total Time": 362.04,
              "Actual Rows": 1,
              "Actual Loops": 5,
              "Plans": [
                {
                  "Node Type": "Hash Join",
                  "Parent Relationship": "Outer",
                  "Parallel Aware": true,
                  "Join Type": "Inner",
                  "Startup Cost": 50220.21,
                  "Total Cost": 80191.42,
                  "Plan Rows": 154147,
                  "Plan Width": 0,
                  "Actual Startup Time": 295.407,
                  "Actual Total Time": 359.841,
                  "Actual Rows": 48041,
                  "Actual Loops": 5,
                  "Inner Unique": true,
                  "Hash Cond": "(ci.movie_id = t.id)",
                  "Plans": [
                    {
                      "Node Type": "Index Scan",
                      "Parent Relationship": "Outer",
                      "Parallel Aware": true,
                      "Scan Direction": "Forward",
                      "Index Name": "role_id_cast_info",
                      "Relation Name": "cast_info",
                      "Alias": "ci",
                      "Startup Cost": 0.56,
                      "Total Cost": 29567.14,
                      "Plan Rows": 154147,
                      "Plan Width": 4,
                      "Actual Startup Time": 0.272,
                      "Actual Total Time": 34.41,
                      "Actual Rows": 48041,
                      "Actual Loops": 5,
                      "Index Cond": "(role_id = 9)",
                      "Rows Removed by Index Recheck": 0,
                      "Filter": "(person_id < 2136805)",
                      "Rows Removed by Filter": 170670
                    },
                    {
                      "Node Type": "Hash",
                      "Parent Relationship": "Inner",
                      "Parallel Aware": true,
                      "Startup Cost": 42318.73,
                      "Total Cost": 42318.73,
                      "Plan Rows": 632073,
                      "Plan Width": 4,
                      "Actual Startup Time": 286.089,
                      "Actual Total Time": 286.09,
                      "Actual Rows": 505662,
                      "Actual Loops": 5,
                      "Hash Buckets": 4194304,
                      "Original Hash Buckets": 4194304,
                      "Hash Batches": 1,
                      "Original Hash Batches": 1,
                      "Peak Memory Usage": 131776,
                      "Plans": [
                        {
                          "Node Type": "Seq Scan",
                          "Parent Relationship": "Outer",
                          "Parallel Aware": true,
                          "Relation Name": "title",
                          "Alias": "t",
                          "Startup Cost": 0.0,
                          "Total Cost": 42318.73,
                          "Plan Rows": 632073,
                          "Plan Width": 4,
                          "Actual Startup Time": 0.037,
                          "Actual Total Time": 83.958,
                          "Actual Rows": 505662,
                          "Actual Loops": 5
                        }
                      ]
                    }
                  ]
                }
              ]
            }
          ]
        }
      ]
    },
    "Planning Time": 0.625,
    "Triggers": [],
    "Execution Time": 419.514
  }
]