{
  "Plan": {
    "Node Type": "Aggregate",
    "Strategy": "Plain",
    "Partial Mode": "Finalize",
    "Parallel Aware": false,
    "Startup Cost": 649810.22,
    "Total Cost": 649810.23,
    "Plan Rows": 1,
    "Plan Width": 8,
    "Actual Startup Time": 4134.511,
    "Actual Total Time": 4203.029,
    "Actual Rows": 1,
    "Actual Loops": 1,
    "Plans": [
      {
        "Node Type": "Gather",
        "Parent Relationship": "Outer",
        "Parallel Aware": false,
        "Startup Cost": 649810.1,
        "Total Cost": 649810.21,
        "Plan Rows": 1,
        "Plan Width": 8,
        "Actual Startup Time": 4133.372,
        "Actual Total Time": 4203.021,
        "Actual Rows": 2,
        "Actual Loops": 1,
        "Workers Planned": 1,
        "Workers Launched": 1,
        "Single Copy": false,
        "Plans": [
          {
            "Node Type": "Aggregate",
            "Strategy": "Plain",
            "Partial Mode": "Partial",
            "Parent Relationship": "Outer",
            "Parallel Aware": false,
            "Startup Cost": 648810.1,
            "Total Cost": 648810.11,
            "Plan Rows": 1,
            "Plan Width": 8,
            "Actual Startup Time": 4126.901,
            "Actual Total Time": 4126.907,
            "Actual Rows": 1,
            "Actual Loops": 2,
            "Plans": [
              {
                "Node Type": "Hash Join",
                "Parent Relationship": "Outer",
                "Parallel Aware": true,
                "Join Type": "Inner",
                "Startup Cost": 90962.69,
                "Total Cost": 645189.49,
                "Plan Rows": 1448245,
                "Plan Width": 0,
                "Actual Startup Time": 377.777,
                "Actual Total Time": 4035.85,
                "Actual Rows": 2317388,
                "Actual Loops": 2,
                "Inner Unique": false,
                "Hash Cond": "(ci.movie_id = t.id)",
                "Plans": [
                  {
                    "Node Type": "Seq Scan",
                    "Parent Relationship": "Outer",
                    "Parallel Aware": true,
                    "Relation Name": "cast_info",
                    "Alias": "ci",
                    "Startup Cost": 0.0,
                    "Total Cost": 465792.95,
                    "Plan Rows": 21310595,
                    "Plan Width": 4,
                    "Actual Startup Time": 0.012,
                    "Actual Total Time": 1311.951,
                    "Actual Rows": 18122172,
                    "Actual Loops": 2
                  },
                  {
                    "Node Type": "Hash",
                    "Parent Relationship": "Inner",
                    "Parallel Aware": true,
                    "Startup Cost": 89699.3,
                    "Total Cost": 89699.3,
                    "Plan Rows": 101071,
                    "Plan Width": 8,
                    "Actual Startup Time": 374.392,
                    "Actual Total Time": 374.397,
                    "Actual Rows": 80830,
                    "Actual Loops": 2,
                    "Hash Buckets": 262144,
                    "Original Hash Buckets": 262144,
                    "Hash Batches": 1,
                    "Original Hash Batches": 1,
                    "Peak Memory Usage": 8416,
                    "Plans": [
                      {
                        "Node Type": "Hash Join",
                        "Parent Relationship": "Outer",
                        "Parallel Aware": true,
                        "Join Type": "Inner",
                        "Startup Cost": 28585.26,
                        "Total Cost": 89699.3,
                        "Plan Rows": 101071,
                        "Plan Width": 8,
                        "Actual Startup Time": 234.798,
                        "Actual Total Time": 356.28,
                        "Actual Rows": 80830,
                        "Actual Loops": 2,
                        "Inner Unique": false,
                        "Hash Cond": "(t.id = mc.movie_id)",
                        "Plans": [
                          {
                            "Node Type": "Seq Scan",
                            "Parent Relationship": "Outer",
                            "Parallel Aware": true,
                            "Relation Name": "title",
                            "Alias": "t",
                            "Startup Cost": 0.0,
                            "Total Cost": 54588.39,
                            "Plan Rows": 948977,
                            "Plan Width": 4,
                            "Actual Startup Time": 0.011,
                            "Actual Total Time": 146.108,
                            "Actual Rows": 803538,
                            "Actual Loops": 2,
                            "Filter": "(production_year > 1995)",
                            "Rows Removed by Filter": 460618
                          },
                          {
                            "Node Type": "Hash",
                            "Parent Relationship": "Inner",
                            "Parallel Aware": true,
                            "Startup Cost": 26605.29,
                            "Total Cost": 26605.29,
                            "Plan Rows": 158398,
                            "Plan Width": 4,
                            "Actual Startup Time": 83.471,
                            "Actual Total Time": 83.473,
                            "Actual Rows": 133954,
                            "Actual Loops": 2,
                            "Hash Buckets": 524288,
                            "Original Hash Buckets": 524288,
                            "Hash Batches": 1,
                            "Original Hash Batches": 1,
                            "Peak Memory Usage": 14592,
                            "Plans": [
                              {
                                "Node Type": "Bitmap Heap Scan",
                                "Parent Relationship": "Outer",
                                "Parallel Aware": true,
                                "Relation Name": "movie_companies",
                                "Alias": "mc",
                                "Startup Cost": 5835.32,
                                "Total Cost": 26605.29,
                                "Plan Rows": 158398,
                                "Plan Width": 4,
                                "Actual Startup Time": 21.009,
                                "Actual Total Time": 53.649,
                                "Actual Rows": 133954,
                                "Actual Loops": 2,
                                "Recheck Cond": "(company_id > 98061)",
                                "Rows Removed by Index Recheck": 0,
                                "Exact Heap Blocks": 3265,
                                "Lossy Heap Blocks": 0,
                                "Plans": [
                                  {
                                    "Node Type": "Bitmap Index Scan",
                                    "Parent Relationship": "Outer",
                                    "Parallel Aware": false,
                                    "Index Name": "company_id_movie_companies",
                                    "Startup Cost": 0.0,
                                    "Total Cost": 5768.0,
                                    "Plan Rows": 269276,
                                    "Plan Width": 0,
                                    "Actual Startup Time": 20.139,
                                    "Actual Total Time": 20.139,
                                    "Actual Rows": 267908,
                                    "Actual Loops": 1,
                                    "Index Cond": "(company_id > 98061)"
                                  }
                                ]
                              }
                            ]
                          }
                        ]
                      }
                    ]
                  }
                ]
              }
            ]
          }
        ]
      }
    ]
  },
  "Planning Time": 1.062,
  "Triggers": [],
  "Execution Time": 4203.15
}