[
  {
    "Plan": {
      "Node Type": "Aggregate",
      "Strategy": "Plain",
      "Partial Mode": "Finalize",
      "Parallel Aware": false,
      "Startup Cost": 332184.33,
      "Total Cost": 332184.34,
      "Plan Rows": 1,
      "Plan Width": 8,
      "Actual Startup Time": 569.905,
      "Actual Total Time": 622.292,
      "Actual Rows": 1,
      "Actual Loops": 1,
      "Plans": [
        {
          "Node Type": "Gather",
          "Parent Relationship": "Outer",
          "Parallel Aware": false,
          "Startup Cost": 332183.71,
          "Total Cost": 332184.32,
          "Plan Rows": 6,
          "Plan Width": 8,
          "Actual Startup Time": 569.757,
          "Actual Total Time": 622.282,
          "Actual Rows": 7,
          "Actual Loops": 1,
          "Workers Planned": 6,
          "Workers Launched": 6,
          "Single Copy": false,
          "Plans": [
            {
              "Node Type": "Aggregate",
              "Strategy": "Plain",
              "Partial Mode": "Partial",
              "Parent Relationship": "Outer",
              "Parallel Aware": false,
              "Startup Cost": 331183.71,
              "Total Cost": 331183.72,
              "Plan Rows": 1,
              "Plan Width": 8,
              "Actual Startup Time": 564.683,
              "Actual Total Time": 564.684,
              "Actual Rows": 1,
              "Actual Loops": 7,
              "Plans": [
                {
                  "Node Type": "Seq Scan",
                  "Parent Relationship": "Outer",
                  "Parallel Aware": true,
                  "Relation Name": "cast_info",
                  "Alias": "ci",
                  "Startup Cost": 0.0,
                  "Total Cost": 328162.03,
                  "Plan Rows": 1208673,
                  "Plan Width": 0,
                  "Actual Startup Time": 315.963,
                  "Actual Total Time": 522.399,
                  "Actual Rows": 1018616,
                  "Actual Loops": 7,
                  "Filter": "(person_id > 2954112)",
                  "Rows Removed by Filter": 4159147
                }
              ]
            }
          ]
        }
      ]
    },
    "Planning Time": 0.143,
    "Triggers": [],
    "Execution Time": 622.351
  }
]