[
  {
    "Plan": {
      "Node Type": "Aggregate",
      "Strategy": "Plain",
      "Partial Mode": "Finalize",
      "Parallel Aware": false,
      "Startup Cost": 45394.18,
      "Total Cost": 45394.19,
      "Plan Rows": 1,
      "Plan Width": 8,
      "Actual Startup Time": 176.178,
      "Actual Total Time": 188.428,
      "Actual Rows": 1,
      "Actual Loops": 1,
      "Plans": [
        {
          "Node Type": "Gather",
          "Parent Relationship": "Outer",
          "Parallel Aware": false,
          "Startup Cost": 45393.87,
          "Total Cost": 45394.18,
          "Plan Rows": 3,
          "Plan Width": 8,
          "Actual Startup Time": 176.016,
          "Actual Total Time": 188.416,
          "Actual Rows": 4,
          "Actual Loops": 1,
          "Workers Planned": 3,
          "Workers Launched": 3,
          "Single Copy": false,
          "Plans": [
            {
              "Node Type": "Aggregate",
              "Strategy": "Plain",
              "Partial Mode": "Partial",
              "Parent Relationship": "Outer",
              "Parallel Aware": false,
              "Startup Cost": 44393.87,
              "Total Cost": 44393.88,
              "Plan Rows": 1,
              "Plan Width": 8,
              "Actual Startup Time": 171.662,
              "Actual Total Time": 171.663,
              "Actual Rows": 1,
              "Actual Loops": 4,
              "Plans": [
                {
                  "Node Type": "Seq Scan",
                  "Parent Relationship": "Outer",
                  "Parallel Aware": true,
                  "Relation Name": "movie_keyword",
                  "Alias": "mk",
                  "Startup Cost": 0.0,
                  "Total Cost": 42695.65,
                  "Plan Rows": 679285,
                  "Plan Width": 0,
                  "Actual Startup Time": 0.033,
                  "Actual Total Time": 139.361,
                  "Actual Rows": 528745,
                  "Actual Loops": 4,
                  "Filter": "(keyword_id < 3853)",
                  "Rows Removed by Filter": 602238
                }
              ]
            }
          ]
        }
      ]
    },
    "Planning Time": 0.199,
    "Triggers": [],
    "Execution Time": 188.486
  }
]