[
    {
        "Bao": {
            "Bao prediction": "NaN",
            "Bao recommended hint": "(no hint)"
        }
    },
    {
        "Plan": {
            "Node Type": "Aggregate",
            "Strategy": "Plain",
            "Partial Mode": "Finalize",
            "Parallel Aware": false,
            "Startup Cost": 350831.87,
            "Total Cost": 350831.88,
            "Plan Rows": 1,
            "Plan Width": 8,
            "Actual Startup Time": 881.598,
            "Actual Total Time": 912.226,
            "Actual Rows": 1,
            "Actual Loops": 1,
            "Output": [
                "count(*)"
            ],
            "Plans": [
                {
                    "Node Type": "Gather",
                    "Parent Relationship": "Outer",
                    "Parallel Aware": false,
                    "Startup Cost": 350831.25,
                    "Total Cost": 350831.86,
                    "Plan Rows": 6,
                    "Plan Width": 8,
                    "Actual Startup Time": 881.478,
                    "Actual Total Time": 912.217,
                    "Actual Rows": 7,
                    "Actual Loops": 1,
                    "Output": [
                        "(PARTIAL count(*))"
                    ],
                    "Workers Planned": 6,
                    "Workers Launched": 6,
                    "Single Copy": false,
                    "Plans": [
                        {
                            "Node Type": "Aggregate",
                            "Strategy": "Plain",
                            "Partial Mode": "Partial",
                            "Parent Relationship": "Outer",
                            "Parallel Aware": false,
                            "Startup Cost": 349831.25,
                            "Total Cost": 349831.26,
                            "Plan Rows": 1,
                            "Plan Width": 8,
                            "Actual Startup Time": 871.932,
                            "Actual Total Time": 871.933,
                            "Actual Rows": 1,
                            "Actual Loops": 7,
                            "Output": [
                                "PARTIAL count(*)"
                            ],
                            "Workers": [
                                {
                                    "Worker Number": 0,
                                    "Actual Startup Time": 869.305,
                                    "Actual Total Time": 869.306,
                                    "Actual Rows": 1,
                                    "Actual Loops": 1
                                },
                                {
                                    "Worker Number": 1,
                                    "Actual Startup Time": 870.019,
                                    "Actual Total Time": 870.02,
                                    "Actual Rows": 1,
                                    "Actual Loops": 1
                                },
                                {
                                    "Worker Number": 2,
                                    "Actual Startup Time": 870.069,
                                    "Actual Total Time": 870.07,
                                    "Actual Rows": 1,
                                    "Actual Loops": 1
                                },
                                {
                                    "Worker Number": 3,
                                    "Actual Startup Time": 870.593,
                                    "Actual Total Time": 870.594,
                                    "Actual Rows": 1,
                                    "Actual Loops": 1
                                },
                                {
                                    "Worker Number": 4,
                                    "Actual Startup Time": 871.208,
                                    "Actual Total Time": 871.209,
                                    "Actual Rows": 1,
                                    "Actual Loops": 1
                                },
                                {
                                    "Worker Number": 5,
                                    "Actual Startup Time": 871.228,
                                    "Actual Total Time": 871.229,
                                    "Actual Rows": 1,
                                    "Actual Loops": 1
                                }
                            ],
                            "Plans": [
                                {
                                    "Node Type": "Seq Scan",
                                    "Parent Relationship": "Outer",
                                    "Parallel Aware": true,
                                    "Relation Name": "cast_info",
                                    "Schema": "public",
                                    "Alias": "ci",
                                    "Startup Cost": 0.0,
                                    "Total Cost": 343318.94,
                                    "Plan Rows": 2604923,
                                    "Plan Width": 0,
                                    "Actual Startup Time": 221.744,
                                    "Actual Total Time": 722.751,
                                    "Actual Rows": 2884731,
                                    "Actual Loops": 7,
                                    "Output": [
                                        "id",
                                        "person_id",
                                        "movie_id",
                                        "person_role_id",
                                        "note",
                                        "nr_order",
                                        "role_id"
                                    ],
                                    "Filter": "((ci.person_id > 1198358) AND (ci.role_id > 1))",
                                    "Rows Removed by Filter": 2293033,
                                    "Workers": [
                                        {
                                            "Worker Number": 0,
                                            "Actual Startup Time": 219.111,
                                            "Actual Total Time": 720.753,
                                            "Actual Rows": 2245840,
                                            "Actual Loops": 1
                                        },
                                        {
                                            "Worker Number": 1,
                                            "Actual Startup Time": 219.857,
                                            "Actual Total Time": 721.783,
                                            "Actual Rows": 2240272,
                                            "Actual Loops": 1
                                        },
                                        {
                                            "Worker Number": 2,
                                            "Actual Startup Time": 219.855,
                                            "Actual Total Time": 722.499,
                                            "Actual Rows": 2207425,
                                            "Actual Loops": 1
                                        },
                                        {
                                            "Worker Number": 3,
                                            "Actual Startup Time": 220.377,
                                            "Actual Total Time": 725.05,
                                            "Actual Rows": 3349447,
                                            "Actual Loops": 1
                                        },
                                        {
                                            "Worker Number": 4,
                                            "Actual Startup Time": 221.04,
                                            "Actual Total Time": 723.227,
                                            "Actual Rows": 2232439,
                                            "Actual Loops": 1
                                        },
                                        {
                                            "Worker Number": 5,
                                            "Actual Startup Time": 221.05,
                                            "Actual Total Time": 723.485,
                                            "Actual Rows": 3631537,
                                            "Actual Loops": 1
                                        }
                                    ]
                                }
                            ]
                        }
                    ]
                }
            ]
        },
        "Planning Time": 228.05,
        "Triggers": [],
        "Execution Time": 912.281
    }
]