{
  "Plan": {
    "Node Type": "Aggregate",
    "Strategy": "Plain",
    "Partial Mode": "Finalize",
    "Parallel Aware": false,
    "Startup Cost": 212472.58,
    "Total Cost": 212472.59,
    "Plan Rows": 1,
    "Plan Width": 8,
    "Actual Startup Time": 510.522,
    "Actual Total Time": 530.048,
    "Actual Rows": 1,
    "Actual Loops": 1,
    "Plans": [
      {
        "Node Type": "Gather",
        "Parent Relationship": "Outer",
        "Parallel Aware": false,
        "Startup Cost": 212472.46,
        "Total Cost": 212472.57,
        "Plan Rows": 1,
        "Plan Width": 8,
        "Actual Startup Time": 509.974,
        "Actual Total Time": 530.038,
        "Actual Rows": 2,
        "Actual Loops": 1,
        "Workers Planned": 1,
        "Workers Launched": 1,
        "Single Copy": false,
        "Plans": [
          {
            "Node Type": "Aggregate",
            "Strategy": "Plain",
            "Partial Mode": "Partial",
            "Parent Relationship": "Outer",
            "Parallel Aware": false,
            "Startup Cost": 211472.46,
            "Total Cost": 211472.47,
            "Plan Rows": 1,
            "Plan Width": 8,
            "Actual Startup Time": 503.648,
            "Actual Total Time": 503.654,
            "Actual Rows": 1,
            "Actual Loops": 2,
            "Plans": [
              {
                "Node Type": "Hash Join",
                "Parent Relationship": "Outer",
                "Parallel Aware": true,
                "Join Type": "Inner",
                "Startup Cost": 171428.62,
                "Total Cost": 211427.55,
                "Plan Rows": 17965,
                "Plan Width": 0,
                "Actual Startup Time": 356.395,
                "Actual Total Time": 503.531,
                "Actual Rows": 1701,
                "Actual Loops": 2,
                "Inner Unique": false,
                "Hash Cond": "(mc.movie_id = t.id)",
                "Plans": [
                  {
                    "Node Type": "Seq Scan",
                    "Parent Relationship": "Outer",
                    "Parallel Aware": true,
                    "Relation Name": "movie_companies",
                    "Alias": "mc",
                    "Startup Cost": 0.0,
                    "Total Cost": 34137.82,
                    "Plan Rows": 1534782,
                    "Plan Width": 4,
                    "Actual Startup Time": 0.015,
                    "Actual Total Time": 93.176,
                    "Actual Rows": 1304564,
                    "Actual Loops": 2
                  },
                  {
                    "Node Type": "Hash",
                    "Parent Relationship": "Inner",
                    "Parallel Aware": true,
                    "Startup Cost": 171211.01,
                    "Total Cost": 171211.01,
                    "Plan Rows": 17409,
                    "Plan Width": 8,
                    "Actual Startup Time": 326.358,
                    "Actual Total Time": 326.362,
                    "Actual Rows": 856,
                    "Actual Loops": 2,
                    "Hash Buckets": 32768,
                    "Original Hash Buckets": 32768,
                    "Hash Batches": 1,
                    "Original Hash Batches": 1,
                    "Peak Memory Usage": 352,
                    "Plans": [
                      {
                        "Node Type": "Hash Join",
                        "Parent Relationship": "Outer",
                        "Parallel Aware": true,
                        "Join Type": "Inner",
                        "Startup Cost": 40091.59,
                        "Total Cost": 171211.01,
                        "Plan Rows": 17409,
                        "Plan Width": 8,
                        "Actual Startup Time": 309.628,
                        "Actual Total Time": 325.947,
                        "Actual Rows": 856,
                        "Actual Loops": 2,
                        "Inner Unique": true,
                        "Hash Cond": "(ci.movie_id = t.id)",
                        "Plans": [
                          {
                            "Node Type": "Index Scan",
                            "Parent Relationship": "Outer",
                            "Parallel Aware": true,
                            "Scan Direction": "Forward",
                            "Index Name": "role_id_cast_info",
                            "Relation Name": "cast_info",
                            "Alias": "ci",
                            "Startup Cost": 0.56,
                            "Total Cost": 130066.5,
                            "Plan Rows": 401326,
                            "Plan Width": 4,
                            "Actual Startup Time": 238.684,
                            "Actual Total Time": 247.791,
                            "Actual Rows": 35330,
                            "Actual Loops": 2,
                            "Index Cond": "(role_id = 3)",
                            "Rows Removed by Index Recheck": 0,
                            "Filter": "(person_id > 3051721)",
                            "Rows Removed by Filter": 1968688
                          },
                          {
                            "Node Type": "Hash",
                            "Parent Relationship": "Inner",
                            "Parallel Aware": true,
                            "Startup Cost": 39284.6,
                            "Total Cost": 39284.6,
                            "Plan Rows": 64514,
                            "Plan Width": 4,
                            "Actual Startup Time": 69.489,
                            "Actual Total Time": 69.49,
                            "Actual Rows": 58959,
                            "Actual Loops": 2,
                            "Hash Buckets": 131072,
                            "Original Hash Buckets": 131072,
                            "Hash Batches": 1,
                            "Original Hash Batches": 1,
                            "Peak Memory Usage": 5696,
                            "Plans": [
                              {
                                "Node Type": "Bitmap Heap Scan",
                                "Parent Relationship": "Outer",
                                "Parallel Aware": true,
                                "Relation Name": "title",
                                "Alias": "t",
                                "Startup Cost": 2208.36,
                                "Total Cost": 39284.6,
                                "Plan Rows": 64514,
                                "Plan Width": 4,
                                "Actual Startup Time": 17.894,
                                "Actual Total Time": 56.408,
                                "Actual Rows": 58959,
                                "Actual Loops": 2,
                                "Recheck Cond": "(kind_id = 4)",
                                "Rows Removed by Index Recheck": 0,
                                "Filter": "(production_year > 1954)",
                                "Rows Removed by Filter": 158,
                                "Exact Heap Blocks": 9935,
                                "Lossy Heap Blocks": 0,
                                "Plans": [
                                  {
                                    "Node Type": "Bitmap Index Scan",
                                    "Parent Relationship": "Outer",
                                    "Parallel Aware": false,
                                    "Index Name": "kind_id_title",
                                    "Startup Cost": 0.0,
                                    "Total Cost": 2180.94,
                                    "Plan Rows": 122201,
                                    "Plan Width": 0,
                                    "Actual Startup Time": 17.603,
                                    "Actual Total Time": 17.603,
                                    "Actual Rows": 118234,
                                    "Actual Loops": 1,
                                    "Index Cond": "(kind_id = 4)"
                                  }
                                ]
                              }
                            ]
                          }
                        ]
                      }
                    ]
                  }
                ]
              }
            ]
          }
        ]
      }
    ]
  },
  "Planning Time": 1.123,
  "Triggers": [],
  "Execution Time": 530.154
}