[
  {
    "Bao": {
      "Bao prediction": 851.946,
      "Bao recommended hint": "SET enable_nestloop TO off; SET enable_hashjoin TO off; "
    }
  },
  {
    "Plan": {
      "Node Type": "Aggregate",
      "Strategy": "Plain",
      "Partial Mode": "Simple",
      "Parallel Aware": false,
      "Startup Cost": 668332.42,
      "Total Cost": 668332.43,
      "Plan Rows": 1,
      "Plan Width": 64,
      "Actual Startup Time": 2597.727,
      "Actual Total Time": 2597.974,
      "Actual Rows": 1,
      "Actual Loops": 1,
      "Plans": [
        {
          "Node Type": "Merge Join",
          "Parent Relationship": "Outer",
          "Parallel Aware": false,
          "Join Type": "Inner",
          "Startup Cost": 655656.49,
          "Total Cost": 668332.4,
          "Plan Rows": 5,
          "Plan Width": 27,
          "Actual Startup Time": 2506.972,
          "Actual Total Time": 2597.907,
          "Actual Rows": 628,
          "Actual Loops": 1,
          "Inner Unique": false,
          "Merge Cond": "(cn.id = mc.company_id)",
          "Plans": [
            {
              "Node Type": "Index Scan",
              "Parent Relationship": "Outer",
              "Parallel Aware": false,
              "Scan Direction": "Forward",
              "Index Name": "company_name_pkey",
              "Relation Name": "company_name",
              "Alias": "cn",
              "Startup Cost": 0.42,
              "Total Cost": 12469.43,
              "Plan Rows": 85931,
              "Plan Width": 4,
              "Actual Startup Time": 0.015,
              "Actual Total Time": 96.096,
              "Actual Rows": 75247,
              "Actual Loops": 1,
              "Filter": "((country_code)::text = '[us]'::text)",
              "Rows Removed by Filter": 138116
            },
            {
              "Node Type": "Sort",
              "Parent Relationship": "Inner",
              "Parallel Aware": false,
              "Startup Cost": 655656.07,
              "Total Cost": 655656.08,
              "Plan Rows": 5,
              "Plan Width": 31,
              "Actual Startup Time": 2497.914,
              "Actual Total Time": 2498.183,
              "Actual Rows": 628,
              "Actual Loops": 1,
              "Sort Key": [
                "mc.company_id"
              ],
              "Sort Method": "quicksort",
              "Sort Space Used": 74,
              "Sort Space Type": "Memory",
              "Plans": [
                {
                  "Node Type": "Merge Join",
                  "Parent Relationship": "Outer",
                  "Parallel Aware": false,
                  "Join Type": "Inner",
                  "Startup Cost": 655655.91,
                  "Total Cost": 655656.01,
                  "Plan Rows": 5,
                  "Plan Width": 31,
                  "Actual Startup Time": 2497.64,
                  "Actual Total Time": 2497.984,
                  "Actual Rows": 628,
                  "Actual Loops": 1,
                  "Inner Unique": true,
                  "Merge Cond": "(mc.company_type_id = ct.id)",
                  "Plans": [
                    {
                      "Node Type": "Sort",
                      "Parent Relationship": "Outer",
                      "Parallel Aware": false,
                      "Startup Cost": 655654.83,
                      "Total Cost": 655654.85,
                      "Plan Rows": 5,
                      "Plan Width": 35,
                      "Actual Startup Time": 2497.607,
                      "Actual Total Time": 2497.873,
                      "Actual Rows": 628,
                      "Actual Loops": 1,
                      "Sort Key": [
                        "mc.company_type_id"
                      ],
                      "Sort Method": "quicksort",
                      "Sort Space Used": 74,
                      "Sort Space Type": "Memory",
                      "Plans": [
                        {
                          "Node Type": "Merge Join",
                          "Parent Relationship": "Outer",
                          "Parallel Aware": false,
                          "Join Type": "Inner",
                          "Startup Cost": 508727.54,
                          "Total Cost": 655654.78,
                          "Plan Rows": 5,
                          "Plan Width": 35,
                          "Actual Startup Time": 2243.809,
                          "Actual Total Time": 2497.703,
                          "Actual Rows": 628,
                          "Actual Loops": 1,
                          "Inner Unique": false,
                          "Merge Cond": "(mc.movie_id = t.id)",
                          "Plans": [
                            {
                              "Node Type": "Index Scan",
                              "Parent Relationship": "Outer",
                              "Parallel Aware": false,
                              "Scan Direction": "Forward",
                              "Index Name": "movie_id_movie_companies",
                              "Relation Name": "movie_companies",
                              "Alias": "mc",
                              "Startup Cost": 0.43,
                              "Total Cost": 140404.76,
                              "Plan Rows": 2609129,
                              "Plan Width": 12,
                              "Actual Startup Time": 0.017,
                              "Actual Total Time": 455.286,
                              "Actual Rows": 2246002,
                              "Actual Loops": 1
                            },
                            {
                              "Node Type": "Sort",
                              "Parent Relationship": "Inner",
                              "Parallel Aware": false,
                              "Startup Cost": 508727.11,
                              "Total Cost": 508727.13,
                              "Plan Rows": 5,
                              "Plan Width": 43,
                              "Actual Startup Time": 1909.206,
                              "Actual Total Time": 1909.478,
                              "Actual Rows": 628,
                              "Actual Loops": 1,
                              "Sort Key": [
                                "cc.movie_id"
                              ],
                              "Sort Method": "quicksort",
                              "Sort Space Used": 73,
                              "Sort Space Type": "Memory",
                              "Plans": [
                                {
                                  "Node Type": "Merge Join",
                                  "Parent Relationship": "Outer",
                                  "Parallel Aware": false,
                                  "Join Type": "Inner",
                                  "Startup Cost": 503399.16,
                                  "Total Cost": 508727.06,
                                  "Plan Rows": 5,
                                  "Plan Width": 43,
                                  "Actual Startup Time": 1861.662,
                                  "Actual Total Time": 1909.255,
                                  "Actual Rows": 625,
                                  "Actual Loops": 1,
                                  "Inner Unique": false,
                                  "Merge Cond": "(k.id = mk.keyword_id)",
                                  "Plans": [
                                    {
                                      "Node Type": "Index Only Scan",
                                      "Parent Relationship": "Outer",
                                      "Parallel Aware": false,
                                      "Scan Direction": "Forward",
                                      "Index Name": "keyword_pkey",
                                      "Relation Name": "keyword",
                                      "Alias": "k",
                                      "Startup Cost": 0.42,
                                      "Total Cost": 5007.75,
                                      "Plan Rows": 134170,
                                      "Plan Width": 4,
                                      "Actual Startup Time": 0.036,
                                      "Actual Total Time": 41.615,
                                      "Actual Rows": 124591,
                                      "Actual Loops": 1,
                                      "Heap Fetches": 124591
                                    },
                                    {
                                      "Node Type": "Sort",
                                      "Parent Relationship": "Inner",
                                      "Parallel Aware": false,
                                      "Startup Cost": 503398.74,
                                      "Total Cost": 503398.75,
                                      "Plan Rows": 5,
                                      "Plan Width": 47,
                                      "Actual Startup Time": 1861.455,
                                      "Actual Total Time": 1861.759,
                                      "Actual Rows": 625,
                                      "Actual Loops": 1,
                                      "Sort Key": [
                                        "mk.keyword_id"
                                      ],
                                      "Sort Method": "quicksort",
                                      "Sort Space Used": 73,
                                      "Sort Space Type": "Memory",
                                      "Plans": [
                                        {
                                          "Node Type": "Merge Join",
                                          "Parent Relationship": "Outer",
                                          "Parallel Aware": false,
                                          "Join Type": "Inner",
                                          "Startup Cost": 314873.72,
                                          "Total Cost": 503398.68,
                                          "Plan Rows": 5,
                                          "Plan Width": 47,
                                          "Actual Startup Time": 1452.358,
                                          "Actual Total Time": 1861.502,
                                          "Actual Rows": 625,
                                          "Actual Loops": 1,
                                          "Inner Unique": false,
                                          "Merge Cond": "(t.id = mk.movie_id)",
                                          "Plans": [
                                            {
                                              "Node Type": "Merge Join",
                                              "Parent Relationship": "Outer",
                                              "Parallel Aware": false,
                                              "Join Type": "Inner",
                                              "Startup Cost": 314873.28,
                                              "Total Cost": 314940.36,
                                              "Plan Rows": 1,
                                              "Plan Width": 39,
                                              "Actual Startup Time": 1092.383,
                                              "Actual Total Time": 1093.187,
                                              "Actual Rows": 6,
                                              "Actual Loops": 1,
                                              "Inner Unique": false,
                                              "Merge Cond": "(mi.movie_id = t.id)",
                                              "Plans": [
                                                {
                                                  "Node Type": "Sort",
                                                  "Parent Relationship": "Outer",
                                                  "Parallel Aware": false,
                                                  "Startup Cost": 215038.12,
                                                  "Total Cost": 215038.12,
                                                  "Plan Rows": 3,
                                                  "Plan Width": 4,
                                                  "Actual Startup Time": 433.06,
                                                  "Actual Total Time": 433.316,
                                                  "Actual Rows": 1783,
                                                  "Actual Loops": 1,
                                                  "Sort Key": [
                                                    "mi.movie_id"
                                                  ],
                                                  "Sort Method": "quicksort",
                                                  "Sort Space Used": 132,
                                                  "Sort Space Type": "Memory",
                                                  "Plans": [
                                                    {
                                                      "Node Type": "Gather",
                                                      "Parent Relationship": "Outer",
                                                      "Parallel Aware": false,
                                                      "Startup Cost": 215037.41,
                                                      "Total Cost": 215038.09,
                                                      "Plan Rows": 3,
                                                      "Plan Width": 4,
                                                      "Actual Startup Time": 432.458,
                                                      "Actual Total Time": 432.835,
                                                      "Actual Rows": 1783,
                                                      "Actual Loops": 1,
                                                      "Workers Planned": 5,
                                                      "Workers Launched": 5,
                                                      "Single Copy": false,
                                                      "Plans": [
                                                        {
                                                          "Node Type": "Merge Join",
                                                          "Parent Relationship": "Outer",
                                                          "Parallel Aware": false,
                                                          "Join Type": "Inner",
                                                          "Startup Cost": 214037.41,
                                                          "Total Cost": 214037.79,
                                                          "Plan Rows": 1,
                                                          "Plan Width": 4,
                                                          "Actual Startup Time": 421.276,
                                                          "Actual Total Time": 421.334,
                                                          "Actual Rows": 297,
                                                          "Actual Loops": 6,
                                                          "Inner Unique": true,
                                                          "Merge Cond": "(mi.info_type_id = it1.id)",
                                                          "Plans": [
                                                            {
                                                              "Node Type": "Sort",
                                                              "Parent Relationship": "Outer",
                                                              "Parallel Aware": false,
                                                              "Startup Cost": 214034.99,
                                                              "Total Cost": 214035.17,
                                                              "Plan Rows": 72,
                                                              "Plan Width": 8,
                                                              "Actual Startup Time": 421.145,
                                                              "Actual Total Time": 421.16,
                                                              "Actual Rows": 297,
                                                              "Actual Loops": 6,
                                                              "Sort Key": [
                                                                "mi.info_type_id"
                                                              ],
                                                              "Sort Method": "quicksort",
                                                              "Sort Space Used": 41,
                                                              "Sort Space Type": "Memory",
                                                              "Workers": [
                                                                {
                                                                  "Worker Number": 0,
                                                                  "Sort Method": "quicksort",
                                                                  "Sort Space Used": 36,
                                                                  "Sort Space Type": "Memory"
                                                                },
                                                                {
                                                                  "Worker Number": 1,
                                                                  "Sort Method": "quicksort",
                                                                  "Sort Space Used": 35,
                                                                  "Sort Space Type": "Memory"
                                                                },
                                                                {
                                                                  "Worker Number": 2,
                                                                  "Sort Method": "quicksort",
                                                                  "Sort Space Used": 46,
                                                                  "Sort Space Type": "Memory"
                                                                },
                                                                {
                                                                  "Worker Number": 3,
                                                                  "Sort Method": "quicksort",
                                                                  "Sort Space Used": 36,
                                                                  "Sort Space Type": "Memory"
                                                                },
                                                                {
                                                                  "Worker Number": 4,
                                                                  "Sort Method": "quicksort",
                                                                  "Sort Space Used": 37,
                                                                  "Sort Space Type": "Memory"
                                                                }
                                                              ],
                                                              "Plans": [
                                                                {
                                                                  "Node Type": "Seq Scan",
                                                                  "Parent Relationship": "Outer",
                                                                  "Parallel Aware": true,
                                                                  "Relation Name": "movie_info",
                                                                  "Alias": "mi",
                                                                  "Startup Cost": 0.0,
                                                                  "Total Cost": 214032.77,
                                                                  "Plan Rows": 72,
                                                                  "Plan Width": 8,
                                                                  "Actual Startup Time": 111.763,
                                                                  "Actual Total Time": 420.902,
                                                                  "Actual Rows": 297,
                                                                  "Actual Loops": 6,
                                                                  "Filter": "((info IS NOT NULL) AND (note ~~ '%internet%'::text) AND ((info ~~ 'USA:% 199%'::text) OR (info ~~ 'USA:% 200%'::text)))",
                                                                  "Rows Removed by Filter": 2472323
                                                                }
                                                              ]
                                                            },
                                                            {
                                                              "Node Type": "Sort",
                                                              "Parent Relationship": "Inner",
                                                              "Parallel Aware": false,
                                                              "Startup Cost": 2.42,
                                                              "Total Cost": 2.43,
                                                              "Plan Rows": 1,
                                                              "Plan Width": 4,
                                                              "Actual Startup Time": 0.123,
                                                              "Actual Total Time": 0.124,
                                                              "Actual Rows": 1,
                                                              "Actual Loops": 6,
                                                              "Sort Key": [
                                                                "it1.id"
                                                              ],
                                                              "Sort Method": "quicksort",
                                                              "Sort Space Used": 25,
                                                              "Sort Space Type": "Memory",
                                                              "Workers": [
                                                                {
                                                                  "Worker Number": 0,
                                                                  "Sort Method": "quicksort",
                                                                  "Sort Space Used": 25,
                                                                  "Sort Space Type": "Memory"
                                                                },
                                                                {
                                                                  "Worker Number": 1,
                                                                  "Sort Method": "quicksort",
                                                                  "Sort Space Used": 25,
                                                                  "Sort Space Type": "Memory"
                                                                },
                                                                {
                                                                  "Worker Number": 2,
                                                                  "Sort Method": "quicksort",
                                                                  "Sort Space Used": 25,
                                                                  "Sort Space Type": "Memory"
                                                                },
                                                                {
                                                                  "Worker Number": 3,
                                                                  "Sort Method": "quicksort",
                                                                  "Sort Space Used": 25,
                                                                  "Sort Space Type": "Memory"
                                                                },
                                                                {
                                                                  "Worker Number": 4,
                                                                  "Sort Method": "quicksort",
                                                                  "Sort Space Used": 25,
                                                                  "Sort Space Type": "Memory"
                                                                }
                                                              ],
                                                              "Plans": [
                                                                {
                                                                  "Node Type": "Seq Scan",
                                                                  "Parent Relationship": "Outer",
                                                                  "Parallel Aware": false,
                                                                  "Relation Name": "info_type",
                                                                  "Alias": "it1",
                                                                  "Startup Cost": 0.0,
                                                                  "Total Cost": 2.41,
                                                                  "Plan Rows": 1,
                                                                  "Plan Width": 4,
                                                                  "Actual Startup Time": 0.054,
                                                                  "Actual Total Time": 0.06,
                                                                  "Actual Rows": 1,
                                                                  "Actual Loops": 6,
                                                                  "Filter": "((info)::text = 'release dates'::text)",
                                                                  "Rows Removed by Filter": 112
                                                                }
                                                              ]
                                                            }
                                                          ]
                                                        }
                                                      ]
                                                    }
                                                  ]
                                                },
                                                {
                                                  "Node Type": "Sort",
                                                  "Parent Relationship": "Inner",
                                                  "Parallel Aware": false,
                                                  "Startup Cost": 99835.17,
                                                  "Total Cost": 99868.72,
                                                  "Plan Rows": 13423,
                                                  "Plan Width": 35,
                                                  "Actual Startup Time": 659.009,
                                                  "Actual Total Time": 659.374,
                                                  "Actual Rows": 4942,
                                                  "Actual Loops": 1,
                                                  "Sort Key": [
                                                    "cc.movie_id"
                                                  ],
                                                  "Sort Method": "quicksort",
                                                  "Sort Space Used": 607,
                                                  "Sort Space Type": "Memory",
                                                  "Plans": [
                                                    {
                                                      "Node Type": "Gather",
                                                      "Parent Relationship": "Outer",
                                                      "Parallel Aware": false,
                                                      "Startup Cost": 97509.63,
                                                      "Total Cost": 98914.86,
                                                      "Plan Rows": 13423,
                                                      "Plan Width": 35,
                                                      "Actual Startup Time": 648.929,
                                                      "Actual Total Time": 657.937,
                                                      "Actual Rows": 5053,
                                                      "Actual Loops": 1,
                                                      "Workers Planned": 4,
                                                      "Workers Launched": 2,
                                                      "Single Copy": false,
                                                      "Plans": [
                                                        {
                                                          "Node Type": "Merge Join",
                                                          "Parent Relationship": "Outer",
                                                          "Parallel Aware": false,
                                                          "Join Type": "Inner",
                                                          "Startup Cost": 96509.63,
                                                          "Total Cost": 96572.56,
                                                          "Plan Rows": 3356,
                                                          "Plan Width": 35,
                                                          "Actual Startup Time": 616.472,
                                                          "Actual Total Time": 616.945,
                                                          "Actual Rows": 1684,
                                                          "Actual Loops": 3,
                                                          "Inner Unique": true,
                                                          "Merge Cond": "(t.kind_id = kt.id)",
                                                          "Plans": [
                                                            {
                                                              "Node Type": "Sort",
                                                              "Parent Relationship": "Outer",
                                                              "Parallel Aware": false,
                                                              "Startup Cost": 96508.48,
                                                              "Total Cost": 96523.16,
                                                              "Plan Rows": 5872,
                                                              "Plan Width": 29,
                                                              "Actual Startup Time": 616.408,
                                                              "Actual Total Time": 616.524,
                                                              "Actual Rows": 1720,
                                                              "Actual Loops": 3,
                                                              "Sort Key": [
                                                                "t.kind_id"
                                                              ],
                                                              "Sort Method": "quicksort",
                                                              "Sort Space Used": 334,
                                                              "Sort Space Type": "Memory",
                                                              "Workers": [
                                                                {
                                                                  "Worker Number": 0,
                                                                  "Sort Method": "quicksort",
                                                                  "Sort Space Used": 188,
                                                                  "Sort Space Type": "Memory"
                                                                },
                                                                {
                                                                  "Worker Number": 1,
                                                                  "Sort Method": "quicksort",
                                                                  "Sort Space Used": 185,
                                                                  "Sort Space Type": "Memory"
                                                                }
                                                              ],
                                                              "Plans": [
                                                                {
                                                                  "Node Type": "Merge Join",
                                                                  "Parent Relationship": "Outer",
                                                                  "Parallel Aware": false,
                                                                  "Join Type": "Inner",
                                                                  "Startup Cost": 93715.24,
                                                                  "Total Cost": 96140.91,
                                                                  "Plan Rows": 5872,
                                                                  "Plan Width": 29,
                                                                  "Actual Startup Time": 470.19,
                                                                  "Actual Total Time": 615.7,
                                                                  "Actual Rows": 2141,
                                                                  "Actual Loops": 3,
                                                                  "Inner Unique": false,
                                                                  "Merge Cond": "(t.id = cc.movie_id)",
                                                                  "Plans": [
                                                                    {
                                                                      "Node Type": "Sort",
                                                                      "Parent Relationship": "Outer",
                                                                      "Parallel Aware": false,
                                                                      "Startup Cost": 85111.0,
                                                                      "Total Cost": 86210.2,
                                                                      "Plan Rows": 439680,
                                                                      "Plan Width": 25,
                                                                      "Actual Startup Time": 423.814,
                                                                      "Actual Total Time": 499.16,
                                                                      "Actual Rows": 583006,
                                                                      "Actual Loops": 3,
                                                                      "Sort Key": [
                                                                        "t.id"
                                                                      ],
                                                                      "Sort Method": "quicksort",
                                                                      "Sort Space Used": 86319,
                                                                      "Sort Space Type": "Memory",
                                                                      "Workers": [
                                                                        {
                                                                          "Worker Number": 0,
                                                                          "Sort Method": "quicksort",
                                                                          "Sort Space Used": 48239,
                                                                          "Sort Space Type": "Memory"
                                                                        },
                                                                        {
                                                                          "Worker Number": 1,
                                                                          "Sort Method": "quicksort",
                                                                          "Sort Space Used": 47144,
                                                                          "Sort Space Type": "Memory"
                                                                        }
                                                                      ],
                                                                      "Plans": [
                                                                        {
                                                                          "Node Type": "Seq Scan",
                                                                          "Parent Relationship": "Outer",
                                                                          "Parallel Aware": true,
                                                                          "Relation Name": "title",
                                                                          "Alias": "t",
                                                                          "Startup Cost": 0.0,
                                                                          "Total Cost": 43899.59,
                                                                          "Plan Rows": 439680,
                                                                          "Plan Width": 25,
                                                                          "Actual Startup Time": 0.036,
                                                                          "Actual Total Time": 174.149,
                                                                          "Actual Rows": 583011,
                                                                          "Actual Loops": 3,
                                                                          "Filter": "(production_year > 1990)",
                                                                          "Rows Removed by Filter": 259760
                                                                        }
                                                                      ]
                                                                    },
                                                                    {
                                                                      "Node Type": "Sort",
                                                                      "Parent Relationship": "Inner",
                                                                      "Parallel Aware": false,
                                                                      "Startup Cost": 8603.99,
                                                                      "Total Cost": 8688.42,
                                                                      "Plan Rows": 33772,
                                                                      "Plan Width": 4,
                                                                      "Actual Startup Time": 46.283,
                                                                      "Actual Total Time": 48.361,
                                                                      "Actual Rows": 24592,
                                                                      "Actual Loops": 3,
                                                                      "Sort Key": [
                                                                        "cc.movie_id"
                                                                      ],
                                                                      "Sort Method": "quicksort",
                                                                      "Sort Space Used": 1921,
                                                                      "Sort Space Type": "Memory",
                                                                      "Workers": [
                                                                        {
                                                                          "Worker Number": 0,
                                                                          "Sort Method": "quicksort",
                                                                          "Sort Space Used": 1921,
                                                                          "Sort Space Type": "Memory"
                                                                        },
                                                                        {
                                                                          "Worker Number": 1,
                                                                          "Sort Method": "quicksort",
                                                                          "Sort Space Used": 1921,
                                                                          "Sort Space Type": "Memory"
                                                                        }
                                                                      ],
                                                                      "Plans": [
                                                                        {
                                                                          "Node Type": "Merge Join",
                                                                          "Parent Relationship": "Outer",
                                                                          "Parallel Aware": false,
                                                                          "Join Type": "Inner",
                                                                          "Startup Cost": 0.55,
                                                                          "Total Cost": 6063.74,
                                                                          "Plan Rows": 33772,
                                                                          "Plan Width": 4,
                                                                          "Actual Startup Time": 30.419,
                                                                          "Actual Total Time": 39.55,
                                                                          "Actual Rows": 24592,
                                                                          "Actual Loops": 3,
                                                                          "Inner Unique": true,
                                                                          "Merge Cond": "(cc.status_id = cct1.id)",
                                                                          "Plans": [
                                                                            {
                                                                              "Node Type": "Index Scan",
                                                                              "Parent Relationship": "Outer",
                                                                              "Parallel Aware": false,
                                                                              "Scan Direction": "Forward",
                                                                              "Index Name": "status_id_complete_cast",
                                                                              "Relation Name": "complete_cast",
                                                                              "Alias": "cc",
                                                                              "Startup Cost": 0.42,
                                                                              "Total Cost": 5376.1,
                                                                              "Plan Rows": 135086,
                                                                              "Plan Width": 8,
                                                                              "Actual Startup Time": 0.074,
                                                                              "Actual Total Time": 25.657,
                                                                              "Actual Rows": 135086,
                                                                              "Actual Loops": 3
                                                                            },
                                                                            {
                                                                              "Node Type": "Index Scan",
                                                                              "Parent Relationship": "Inner",
                                                                              "Parallel Aware": false,
                                                                              "Scan Direction": "Forward",
                                                                              "Index Name": "comp_cast_type_pkey",
                                                                              "Relation Name": "comp_cast_type",
                                                                              "Alias": "cct1",
                                                                              "Startup Cost": 0.13,
                                                                              "Total Cost": 12.2,
                                                                              "Plan Rows": 1,
                                                                              "Plan Width": 4,
                                                                              "Actual Startup Time": 0.018,
                                                                              "Actual Total Time": 0.018,
                                                                              "Actual Rows": 1,
                                                                              "Actual Loops": 3,
                                                                              "Filter": "((kind)::text = 'complete+verified'::text)",
                                                                              "Rows Removed by Filter": 3
                                                                            }
                                                                          ]
                                                                        }
                                                                      ]
                                                                    }
                                                                  ]
                                                                }
                                                              ]
                                                            },
                                                            {
                                                              "Node Type": "Sort",
                                                              "Parent Relationship": "Inner",
                                                              "Parallel Aware": false,
                                                              "Startup Cost": 1.15,
                                                              "Total Cost": 1.16,
                                                              "Plan Rows": 4,
                                                              "Plan Width": 14,
                                                              "Actual Startup Time": 0.059,
                                                              "Actual Total Time": 0.061,
                                                              "Actual Rows": 4,
                                                              "Actual Loops": 3,
                                                              "Sort Key": [
                                                                "kt.id"
                                                              ],
                                                              "Sort Method": "quicksort",
                                                              "Sort Space Used": 25,
                                                              "Sort Space Type": "Memory",
                                                              "Workers": [
                                                                {
                                                                  "Worker Number": 0,
                                                                  "Sort Method": "quicksort",
                                                                  "Sort Space Used": 25,
                                                                  "Sort Space Type": "Memory"
                                                                },
                                                                {
                                                                  "Worker Number": 1,
                                                                  "Sort Method": "quicksort",
                                                                  "Sort Space Used": 25,
                                                                  "Sort Space Type": "Memory"
                                                                }
                                                              ],
                                                              "Plans": [
                                                                {
                                                                  "Node Type": "Seq Scan",
                                                                  "Parent Relationship": "Outer",
                                                                  "Parallel Aware": false,
                                                                  "Relation Name": "kind_type",
                                                                  "Alias": "kt",
                                                                  "Startup Cost": 0.0,
                                                                  "Total Cost": 1.1,
                                                                  "Plan Rows": 4,
                                                                  "Plan Width": 14,
                                                                  "Actual Startup Time": 0.049,
                                                                  "Actual Total Time": 0.052,
                                                                  "Actual Rows": 4,
                                                                  "Actual Loops": 3,
                                                                  "Filter": "((kind)::text = ANY ('{movie,\"tv movie\",\"video movie\",\"video game\"}'::text[]))",
                                                                  "Rows Removed by Filter": 3
                                                                }
                                                              ]
                                                            }
                                                          ]
                                                        }
                                                      ]
                                                    }
                                                  ]
                                                }
                                              ]
                                            },
                                            {
                                              "Node Type": "Index Scan",
                                              "Parent Relationship": "Inner",
                                              "Parallel Aware": false,
                                              "Scan Direction": "Forward",
                                              "Index Name": "movie_id_movie_keyword",
                                              "Relation Name": "movie_keyword",
                                              "Alias": "mk",
                                              "Startup Cost": 0.43,
                                              "Total Cost": 177148.48,
                                              "Plan Rows": 4523930,
                                              "Plan Width": 8,
                                              "Actual Startup Time": 0.03,
                                              "Actual Total Time": 540.548,
                                              "Actual Rows": 3689832,
                                              "Actual Loops": 1
                                            }
                                          ]
                                        }
                                      ]
                                    }
                                  ]
                                }
                              ]
                            }
                          ]
                        }
                      ]
                    },
                    {
                      "Node Type": "Sort",
                      "Parent Relationship": "Inner",
                      "Parallel Aware": false,
                      "Startup Cost": 1.08,
                      "Total Cost": 1.09,
                      "Plan Rows": 4,
                      "Plan Width": 4,
                      "Actual Startup Time": 0.03,
                      "Actual Total Time": 0.031,
                      "Actual Rows": 2,
                      "Actual Loops": 1,
                      "Sort Key": [
                        "ct.id"
                      ],
                      "Sort Method": "quicksort",
                      "Sort Space Used": 25,
                      "Sort Space Type": "Memory",
                      "Plans": [
                        {
                          "Node Type": "Seq Scan",
                          "Parent Relationship": "Outer",
                          "Parallel Aware": false,
                          "Relation Name": "company_type",
                          "Alias": "ct",
                          "Startup Cost": 0.0,
                          "Total Cost": 1.04,
                          "Plan Rows": 4,
                          "Plan Width": 4,
                          "Actual Startup Time": 0.013,
                          "Actual Total Time": 0.014,
                          "Actual Rows": 4,
                          "Actual Loops": 1
                        }
                      ]
                    }
                  ]
                }
              ]
            }
          ]
        }
      ]
    },
    "Planning Time": 1502.728,
    "Triggers": [],
    "Execution Time": 2604.469
  }
]