[
  {
    "Plan": {
      "Node Type": "Aggregate",
      "Strategy": "Plain",
      "Partial Mode": "Finalize",
      "Parallel Aware": false,
      "Startup Cost": 241237.32,
      "Total Cost": 241237.33,
      "Plan Rows": 1,
      "Plan Width": 8,
      "Actual Startup Time": 1287.68,
      "Actual Total Time": 1369.365,
      "Actual Rows": 1,
      "Actual Loops": 1,
      "Plans": [
        {
          "Node Type": "Gather",
          "Parent Relationship": "Outer",
          "Parallel Aware": false,
          "Startup Cost": 241236.9,
          "Total Cost": 241237.31,
          "Plan Rows": 4,
          "Plan Width": 8,
          "Actual Startup Time": 1266.933,
          "Actual Total Time": 1369.354,
          "Actual Rows": 5,
          "Actual Loops": 1,
          "Workers Planned": 4,
          "Workers Launched": 4,
          "Single Copy": false,
          "Plans": [
            {
              "Node Type": "Aggregate",
              "Strategy": "Plain",
              "Partial Mode": "Partial",
              "Parent Relationship": "Outer",
              "Parallel Aware": false,
              "Startup Cost": 240236.9,
              "Total Cost": 240236.91,
              "Plan Rows": 1,
              "Plan Width": 8,
              "Actual Startup Time": 1192.168,
              "Actual Total Time": 1192.171,
              "Actual Rows": 1,
              "Actual Loops": 5,
              "Plans": [
                {
                  "Node Type": "Nested Loop",
                  "Parent Relationship": "Outer",
                  "Parallel Aware": false,
                  "Join Type": "Inner",
                  "Startup Cost": 123700.42,
                  "Total Cost": 240160.47,
                  "Plan Rows": 30575,
                  "Plan Width": 0,
                  "Actual Startup Time": 302.454,
                  "Actual Total Time": 1188.976,
                  "Actual Rows": 43143,
                  "Actual Loops": 5,
                  "Inner Unique": false,
                  "Plans": [
                    {
                      "Node Type": "Merge Join",
                      "Parent Relationship": "Outer",
                      "Parallel Aware": false,
                      "Join Type": "Inner",
                      "Startup Cost": 123699.86,
                      "Total Cost": 127137.2,
                      "Plan Rows": 30284,
                      "Plan Width": 8,
                      "Actual Startup Time": 302.201,
                      "Actual Total Time": 384.724,
                      "Actual Rows": 16840,
                      "Actual Loops": 5,
                      "Inner Unique": false,
                      "Merge Cond": "(t.id = mi_idx.movie_id)",
                      "Plans": [
                        {
                          "Node Type": "Sort",
                          "Parent Relationship": "Outer",
                          "Parallel Aware": false,
                          "Startup Cost": 58300.63,
                          "Total Cost": 58715.86,
                          "Plan Rows": 166094,
                          "Plan Width": 4,
                          "Actual Startup Time": 123.392,
                          "Actual Total Time": 144.687,
                          "Actual Rows": 132372,
                          "Actual Loops": 5,
                          "Sort Key": [
                            "t.id"
                          ],
                          "Sort Method": "quicksort",
                          "Sort Space Used": 15285,
                          "Sort Space Type": "Memory",
                          "Workers": [
                            {
                              "Worker Number": 0,
                              "Sort Method": "quicksort",
                              "Sort Space Used": 8764,
                              "Sort Space Type": "Memory"
                            },
                            {
                              "Worker Number": 1,
                              "Sort Method": "quicksort",
                              "Sort Space Used": 8184,
                              "Sort Space Type": "Memory"
                            },
                            {
                              "Worker Number": 2,
                              "Sort Method": "quicksort",
                              "Sort Space Used": 8484,
                              "Sort Space Type": "Memory"
                            },
                            {
                              "Worker Number": 3,
                              "Sort Method": "quicksort",
                              "Sort Space Used": 8752,
                              "Sort Space Type": "Memory"
                            }
                          ],
                          "Plans": [
                            {
                              "Node Type": "Seq Scan",
                              "Parent Relationship": "Outer",
                              "Parallel Aware": true,
                              "Relation Name": "title",
                              "Alias": "t",
                              "Startup Cost": 0.0,
                              "Total Cost": 43898.92,
                              "Plan Rows": 166094,
                              "Plan Width": 4,
                              "Actual Startup Time": 0.04,
                              "Actual Total Time": 87.514,
                              "Actual Rows": 132413,
                              "Actual Loops": 5,
                              "Filter": "(production_year > 2008)",
                              "Rows Removed by Filter": 373249
                            }
                          ]
                        },
                        {
                          "Node Type": "Sort",
                          "Parent Relationship": "Inner",
                          "Parallel Aware": false,
                          "Startup Cost": 65399.21,
                          "Total Cost": 66551.66,
                          "Plan Rows": 460978,
                          "Plan Width": 4,
                          "Actual Startup Time": 178.788,
                          "Actual Total Time": 199.523,
                          "Actual Rows": 460185,
                          "Actual Loops": 5,
                          "Sort Key": [
                            "mi_idx.movie_id"
                          ],
                          "Sort Method": "quicksort",
                          "Sort Space Used": 33860,
                          "Sort Space Type": "Memory",
                          "Workers": [
                            {
                              "Worker Number": 0,
                              "Sort Method": "quicksort",
                              "Sort Space Used": 33860,
                              "Sort Space Type": "Memory"
                            },
                            {
                              "Worker Number": 1,
                              "Sort Method": "quicksort",
                              "Sort Space Used": 33860,
                              "Sort Space Type": "Memory"
                            },
                            {
                              "Worker Number": 2,
                              "Sort Method": "quicksort",
                              "Sort Space Used": 33860,
                              "Sort Space Type": "Memory"
                            },
                            {
                              "Worker Number": 3,
                              "Sort Method": "quicksort",
                              "Sort Space Used": 33860,
                              "Sort Space Type": "Memory"
                            }
                          ],
                          "Plans": [
                            {
                              "Node Type": "Bitmap Heap Scan",
                              "Parent Relationship": "Outer",
                              "Parallel Aware": false,
                              "Relation Name": "movie_info_idx",
                              "Alias": "mi_idx",
                              "Startup Cost": 8337.01,
                              "Total Cost": 22034.23,
                              "Plan Rows": 460978,
                              "Plan Width": 4,
                              "Actual Startup Time": 21.155,
                              "Actual Total Time": 82.15,
                              "Actual Rows": 460185,
                              "Actual Loops": 5,
                              "Recheck Cond": "(info_type_id > 100)",
                              "Rows Removed by Index Recheck": 0,
                              "Exact Heap Blocks": 7935,
                              "Lossy Heap Blocks": 0,
                              "Plans": [
                                {
                                  "Node Type": "Bitmap Index Scan",
                                  "Parent Relationship": "Outer",
                                  "Parallel Aware": false,
                                  "Index Name": "info_type_id_movie_info_idx",
                                  "Startup Cost": 0.0,
                                  "Total Cost": 8221.76,
                                  "Plan Rows": 460978,
                                  "Plan Width": 0,
                                  "Actual Startup Time": 20.17,
                                  "Actual Total Time": 20.171,
                                  "Actual Rows": 460185,
                                  "Actual Loops": 5,
                                  "Index Cond": "(info_type_id > 100)"
                                }
                              ]
                            }
                          ]
                        }
                      ]
                    },
                    {
                      "Node Type": "Index Scan",
                      "Parent Relationship": "Inner",
                      "Parallel Aware": false,
                      "Scan Direction": "Forward",
                      "Index Name": "movie_id_cast_info",
                      "Relation Name": "cast_info",
                      "Alias": "ci",
                      "Startup Cost": 0.56,
                      "Total Cost": 3.7,
                      "Plan Rows": 3,
                      "Plan Width": 4,
                      "Actual Startup Time": 0.012,
                      "Actual Total Time": 0.047,
                      "Actual Rows": 3,
                      "Actual Loops": 84201,
                      "Index Cond": "(movie_id = t.id)",
                      "Rows Removed by Index Recheck": 0,
                      "Filter": "((person_id < 383261) AND (role_id < 4))",
                      "Rows Removed by Filter": 31
                    }
                  ]
                }
              ]
            }
          ]
        }
      ]
    },
    "Planning Time": 1.418,
    "Triggers": [],
    "Execution Time": 1378.19
  }
]