[
  {
    "Plan": {
      "Node Type": "Aggregate",
      "Strategy": "Plain",
      "Partial Mode": "Finalize",
      "Parallel Aware": false,
      "Startup Cost": 78605.44,
      "Total Cost": 78605.45,
      "Plan Rows": 1,
      "Plan Width": 8,
      "Actual Startup Time": 264.484,
      "Actual Total Time": 276.672,
      "Actual Rows": 1,
      "Actual Loops": 1,
      "Plans": [
        {
          "Node Type": "Gather",
          "Parent Relationship": "Outer",
          "Parallel Aware": false,
          "Startup Cost": 78605.02,
          "Total Cost": 78605.43,
          "Plan Rows": 4,
          "Plan Width": 8,
          "Actual Startup Time": 261.905,
          "Actual Total Time": 276.662,
          "Actual Rows": 5,
          "Actual Loops": 1,
          "Workers Planned": 4,
          "Workers Launched": 4,
          "Single Copy": false,
          "Plans": [
            {
              "Node Type": "Aggregate",
              "Strategy": "Plain",
              "Partial Mode": "Partial",
              "Parent Relationship": "Outer",
              "Parallel Aware": false,
              "Startup Cost": 77605.02,
              "Total Cost": 77605.03,
              "Plan Rows": 1,
              "Plan Width": 8,
              "Actual Startup Time": 252.29,
              "Actual Total Time": 252.347,
              "Actual Rows": 1,
              "Actual Loops": 5,
              "Plans": [
                {
                  "Node Type": "Hash Join",
                  "Parent Relationship": "Outer",
                  "Parallel Aware": true,
                  "Join Type": "Inner",
                  "Startup Cost": 32331.07,
                  "Total Cost": 77545.75,
                  "Plan Rows": 23708,
                  "Plan Width": 0,
                  "Actual Startup Time": 125.267,
                  "Actual Total Time": 248.936,
                  "Actual Rows": 77628,
                  "Actual Loops": 5,
                  "Inner Unique": false,
                  "Hash Cond": "(t.id = mc.movie_id)",
                  "Plans": [
                    {
                      "Node Type": "Seq Scan",
                      "Parent Relationship": "Outer",
                      "Parallel Aware": true,
                      "Relation Name": "title",
                      "Alias": "t",
                      "Startup Cost": 0.0,
                      "Total Cost": 43898.92,
                      "Plan Rows": 247857,
                      "Plan Width": 4,
                      "Actual Startup Time": 0.012,
                      "Actual Total Time": 70.828,
                      "Actual Rows": 197010,
                      "Actual Loops": 5,
                      "Filter": "(kind_id < 7)",
                      "Rows Removed by Filter": 308653
                    },
                    {
                      "Node Type": "Hash",
                      "Parent Relationship": "Inner",
                      "Parallel Aware": true,
                      "Startup Cost": 31355.92,
                      "Total Cost": 31355.92,
                      "Plan Rows": 78012,
                      "Plan Width": 4,
                      "Actual Startup Time": 119.387,
                      "Actual Total Time": 119.388,
                      "Actual Rows": 96519,
                      "Actual Loops": 5,
                      "Hash Buckets": 524288,
                      "Original Hash Buckets": 262144,
                      "Hash Batches": 1,
                      "Original Hash Batches": 1,
                      "Peak Memory Usage": 25120,
                      "Plans": [
                        {
                          "Node Type": "Bitmap Heap Scan",
                          "Parent Relationship": "Outer",
                          "Parallel Aware": true,
                          "Relation Name": "movie_companies",
                          "Alias": "mc",
                          "Startup Cost": 10261.2,
                          "Total Cost": 31355.92,
                          "Plan Rows": 78012,
                          "Plan Width": 4,
                          "Actual Startup Time": 41.439,
                          "Actual Total Time": 78.097,
                          "Actual Rows": 96519,
                          "Actual Loops": 5,
                          "Recheck Cond": "(company_id > 75082)",
                          "Rows Removed by Index Recheck": 0,
                          "Filter": "(company_type_id = 2)",
                          "Rows Removed by Filter": 0,
                          "Exact Heap Blocks": 2388,
                          "Lossy Heap Blocks": 0,
                          "Plans": [
                            {
                              "Node Type": "Bitmap Index Scan",
                              "Parent Relationship": "Outer",
                              "Parallel Aware": false,
                              "Index Name": "company_id_movie_companies",
                              "Startup Cost": 0.0,
                              "Total Cost": 10200.74,
                              "Plan Rows": 476308,
                              "Plan Width": 0,
                              "Actual Startup Time": 42.839,
                              "Actual Total Time": 42.839,
                              "Actual Rows": 482595,
                              "Actual Loops": 1,
                              "Index Cond": "(company_id > 75082)"
                            }
                          ]
                        }
                      ]
                    }
                  ]
                }
              ]
            }
          ]
        }
      ]
    },
    "Planning Time": 0.736,
    "Triggers": [],
    "Execution Time": 276.774
  }
]