{
    "Plan": {
        "Node Type": "Aggregate",
        "Strategy": "Plain",
        "Partial Mode": "Simple",
        "Parallel Aware": false,
        "Startup Cost": 129392.41,
        "Total Cost": 129392.42,
        "Plan Rows": 1,
        "Plan Width": 8,
        "Actual Startup Time": 209.85,
        "Actual Total Time": 210.099,
        "Actual Rows": 1,
        "Actual Loops": 1,
        "Output": [
            "count(*)"
        ],
        "Plans": [
            {
                "Node Type": "Hash Join",
                "Parent Relationship": "Outer",
                "Parallel Aware": false,
                "Join Type": "Inner",
                "Startup Cost": 47387.86,
                "Total Cost": 129392.23,
                "Plan Rows": 71,
                "Plan Width": 0,
                "Actual Startup Time": 116.843,
                "Actual Total Time": 210.087,
                "Actual Rows": 5,
                "Actual Loops": 1,
                "Inner Unique": true,
                "Hash Cond": "(mi.movie_id = t.id)",
                "Plans": [
                    {
                        "Node Type": "Index Scan",
                        "Parent Relationship": "Outer",
                        "Parallel Aware": false,
                        "Scan Direction": "Forward",
                        "Index Name": "info_type_id_movie_info",
                        "Relation Name": "movie_info",
                        "Schema": "public",
                        "Alias": "mi",
                        "Startup Cost": 0.43,
                        "Total Cost": 81946.71,
                        "Plan Rows": 22133,
                        "Plan Width": 4,
                        "Actual Startup Time": 17.76,
                        "Actual Total Time": 106.287,
                        "Actual Rows": 18539,
                        "Actual Loops": 1,
                        "Output": [
                            "mi.id",
                            "mi.movie_id",
                            "mi.info_type_id",
                            "mi.info",
                            "mi.note"
                        ],
                        "Index Cond": "(mi.info_type_id = 90)",
                        "Rows Removed by Index Recheck": 0
                    },
                    {
                        "Node Type": "Hash",
                        "Parent Relationship": "Inner",
                        "Parallel Aware": false,
                        "Startup Cost": 47286.51,
                        "Total Cost": 47286.51,
                        "Plan Rows": 8073,
                        "Plan Width": 4,
                        "Actual Startup Time": 98.932,
                        "Actual Total Time": 99.177,
                        "Actual Rows": 8420,
                        "Actual Loops": 1,
                        "Output": [
                            "t.id"
                        ],
                        "Hash Buckets": 16384,
                        "Original Hash Buckets": 8192,
                        "Hash Batches": 1,
                        "Original Hash Batches": 1,
                        "Peak Memory Usage": 425,
                        "Plans": [
                            {
                                "Node Type": "Gather",
                                "Parent Relationship": "Outer",
                                "Parallel Aware": false,
                                "Startup Cost": 1000.0,
                                "Total Cost": 47286.51,
                                "Plan Rows": 8073,
                                "Plan Width": 4,
                                "Actual Startup Time": 0.652,
                                "Actual Total Time": 97.534,
                                "Actual Rows": 8420,
                                "Actual Loops": 1,
                                "Output": [
                                    "t.id"
                                ],
                                "Workers Planned": 4,
                                "Workers Launched": 4,
                                "Single Copy": false,
                                "Plans": [
                                    {
                                        "Node Type": "Seq Scan",
                                        "Parent Relationship": "Outer",
                                        "Parallel Aware": true,
                                        "Relation Name": "title",
                                        "Schema": "public",
                                        "Alias": "t",
                                        "Startup Cost": 0.0,
                                        "Total Cost": 45479.21,
                                        "Plan Rows": 2018,
                                        "Plan Width": 4,
                                        "Actual Startup Time": 0.306,
                                        "Actual Total Time": 88.169,
                                        "Actual Rows": 1684,
                                        "Actual Loops": 5,
                                        "Output": [
                                            "t.id"
                                        ],
                                        "Filter": "((t.kind_id = 7) AND (t.production_year = 1966))",
                                        "Rows Removed by Filter": 503978,
                                        "Workers": [
                                            {
                                                "Worker Number": 0,
                                                "Actual Startup Time": 0.404,
                                                "Actual Total Time": 86.369,
                                                "Actual Rows": 1322,
                                                "Actual Loops": 1
                                            },
                                            {
                                                "Worker Number": 1,
                                                "Actual Startup Time": 0.082,
                                                "Actual Total Time": 86.507,
                                                "Actual Rows": 1271,
                                                "Actual Loops": 1
                                            },
                                            {
                                                "Worker Number": 2,
                                                "Actual Startup Time": 0.51,
                                                "Actual Total Time": 86.509,
                                                "Actual Rows": 1467,
                                                "Actual Loops": 1
                                            },
                                            {
                                                "Worker Number": 3,
                                                "Actual Startup Time": 0.515,
                                                "Actual Total Time": 87.081,
                                                "Actual Rows": 1706,
                                                "Actual Loops": 1
                                            }
                                        ]
                                    }
                                ]
                            }
                        ]
                    }
                ]
            }
        ]
    },
    "Planning Time": 0.731,
    "Triggers": [],
    "Execution Time": 210.18
}