[
  {
    "Plan": {
      "Node Type": "Aggregate",
      "Strategy": "Plain",
      "Partial Mode": "Finalize",
      "Parallel Aware": false,
      "Startup Cost": 46956.48,
      "Total Cost": 46956.49,
      "Plan Rows": 1,
      "Plan Width": 8,
      "Actual Startup Time": 173.662,
      "Actual Total Time": 183.155,
      "Actual Rows": 1,
      "Actual Loops": 1,
      "Plans": [
        {
          "Node Type": "Gather",
          "Parent Relationship": "Outer",
          "Parallel Aware": false,
          "Startup Cost": 46956.16,
          "Total Cost": 46956.47,
          "Plan Rows": 3,
          "Plan Width": 8,
          "Actual Startup Time": 173.534,
          "Actual Total Time": 183.147,
          "Actual Rows": 4,
          "Actual Loops": 1,
          "Workers Planned": 3,
          "Workers Launched": 3,
          "Single Copy": false,
          "Plans": [
            {
              "Node Type": "Aggregate",
              "Strategy": "Plain",
              "Partial Mode": "Partial",
              "Parent Relationship": "Outer",
              "Parallel Aware": false,
              "Startup Cost": 45956.16,
              "Total Cost": 45956.17,
              "Plan Rows": 1,
              "Plan Width": 8,
              "Actual Startup Time": 165.654,
              "Actual Total Time": 165.655,
              "Actual Rows": 1,
              "Actual Loops": 4,
              "Plans": [
                {
                  "Node Type": "Seq Scan",
                  "Parent Relationship": "Outer",
                  "Parallel Aware": true,
                  "Relation Name": "movie_keyword",
                  "Alias": "mk",
                  "Startup Cost": 0.0,
                  "Total Cost": 42695.65,
                  "Plan Rows": 1304203,
                  "Plan Width": 0,
                  "Actual Startup Time": 0.058,
                  "Actual Total Time": 121.995,
                  "Actual Rows": 1013949,
                  "Actual Loops": 4,
                  "Filter": "(keyword_id < 38005)",
                  "Rows Removed by Filter": 117033
                }
              ]
            }
          ]
        }
      ]
    },
    "Planning Time": 0.18,
    "Triggers": [],
    "Execution Time": 183.21
  }
]