[
  {
    "Plan": {
      "Node Type": "Aggregate",
      "Strategy": "Plain",
      "Partial Mode": "Finalize",
      "Parallel Aware": false,
      "Startup Cost": 120528.19,
      "Total Cost": 120528.2,
      "Plan Rows": 1,
      "Plan Width": 8,
      "Actual Startup Time": 716.5,
      "Actual Total Time": 739.842,
      "Actual Rows": 1,
      "Actual Loops": 1,
      "Plans": [
        {
          "Node Type": "Gather",
          "Parent Relationship": "Outer",
          "Parallel Aware": false,
          "Startup Cost": 120527.87,
          "Total Cost": 120528.18,
          "Plan Rows": 3,
          "Plan Width": 8,
          "Actual Startup Time": 699.392,
          "Actual Total Time": 739.833,
          "Actual Rows": 4,
          "Actual Loops": 1,
          "Workers Planned": 3,
          "Workers Launched": 3,
          "Single Copy": false,
          "Plans": [
            {
              "Node Type": "Aggregate",
              "Strategy": "Plain",
              "Partial Mode": "Partial",
              "Parent Relationship": "Outer",
              "Parallel Aware": false,
              "Startup Cost": 119527.87,
              "Total Cost": 119527.88,
              "Plan Rows": 1,
              "Plan Width": 8,
              "Actual Startup Time": 695.052,
              "Actual Total Time": 695.059,
              "Actual Rows": 1,
              "Actual Loops": 4,
              "Plans": [
                {
                  "Node Type": "Hash Join",
                  "Parent Relationship": "Outer",
                  "Parallel Aware": true,
                  "Join Type": "Inner",
                  "Startup Cost": 88253.91,
                  "Total Cost": 119344.44,
                  "Plan Rows": 73372,
                  "Plan Width": 0,
                  "Actual Startup Time": 522.33,
                  "Actual Total Time": 666.42,
                  "Actual Rows": 698621,
                  "Actual Loops": 4,
                  "Inner Unique": false,
                  "Hash Cond": "(mc.movie_id = t.id)",
                  "Plans": [
                    {
                      "Node Type": "Seq Scan",
                      "Parent Relationship": "Outer",
                      "Parallel Aware": true,
                      "Relation Name": "movie_companies",
                      "Alias": "mc",
                      "Startup Cost": 0.0,
                      "Total Cost": 29310.68,
                      "Plan Rows": 411513,
                      "Plan Width": 4,
                      "Actual Startup Time": 0.016,
                      "Actual Total Time": 64.218,
                      "Actual Rows": 318562,
                      "Actual Loops": 4,
                      "Filter": "(company_type_id < 2)",
                      "Rows Removed by Filter": 333721
                    },
                    {
                      "Node Type": "Hash",
                      "Parent Relationship": "Inner",
                      "Parallel Aware": true,
                      "Startup Cost": 86436.12,
                      "Total Cost": 86436.12,
                      "Plan Rows": 145423,
                      "Plan Width": 8,
                      "Actual Startup Time": 510.617,
                      "Actual Total Time": 510.621,
                      "Actual Rows": 112286,
                      "Actual Loops": 4,
                      "Hash Buckets": 524288,
                      "Original Hash Buckets": 524288,
                      "Hash Batches": 1,
                      "Original Hash Batches": 1,
                      "Peak Memory Usage": 21760,
                      "Plans": [
                        {
                          "Node Type": "Hash Join",
                          "Parent Relationship": "Outer",
                          "Parallel Aware": true,
                          "Join Type": "Inner",
                          "Startup Cost": 59782.6,
                          "Total Cost": 86436.12,
                          "Plan Rows": 145423,
                          "Plan Width": 8,
                          "Actual Startup Time": 392.543,
                          "Actual Total Time": 479.299,
                          "Actual Rows": 112286,
                          "Actual Loops": 4,
                          "Inner Unique": true,
                          "Hash Cond": "(mk.movie_id = t.id)",
                          "Plans": [
                            {
                              "Node Type": "Bitmap Heap Scan",
                              "Parent Relationship": "Outer",
                              "Parallel Aware": true,
                              "Relation Name": "movie_keyword",
                              "Alias": "mk",
                              "Startup Cost": 9562.22,
                              "Total Cost": 35834.0,
                              "Plan Rows": 145423,
                              "Plan Width": 4,
                              "Actual Startup Time": 27.408,
                              "Actual Total Time": 75.687,
                              "Actual Rows": 112286,
                              "Actual Loops": 4,
                              "Recheck Cond": "(keyword_id > 39559)",
                              "Rows Removed by Index Recheck": 0,
                              "Exact Heap Blocks": 7293,
                              "Lossy Heap Blocks": 0,
                              "Plans": [
                                {
                                  "Node Type": "Bitmap Index Scan",
                                  "Parent Relationship": "Outer",
                                  "Parallel Aware": false,
                                  "Index Name": "keyword_id_movie_keyword",
                                  "Startup Cost": 0.0,
                                  "Total Cost": 9449.52,
                                  "Plan Rows": 450811,
                                  "Plan Width": 0,
                                  "Actual Startup Time": 24.088,
                                  "Actual Total Time": 24.089,
                                  "Actual Rows": 449145,
                                  "Actual Loops": 1,
                                  "Index Cond": "(keyword_id > 39559)"
                                }
                              ]
                            },
                            {
                              "Node Type": "Hash",
                              "Parent Relationship": "Inner",
                              "Parallel Aware": true,
                              "Startup Cost": 42319.06,
                              "Total Cost": 42319.06,
                              "Plan Rows": 632106,
                              "Plan Width": 4,
                              "Actual Startup Time": 356.635,
                              "Actual Total Time": 356.636,
                              "Actual Rows": 632078,
                              "Actual Loops": 4,
                              "Hash Buckets": 4194304,
                              "Original Hash Buckets": 4194304,
                              "Hash Batches": 1,
                              "Original Hash Batches": 1,
                              "Peak Memory Usage": 131744,
                              "Plans": [
                                {
                                  "Node Type": "Seq Scan",
                                  "Parent Relationship": "Outer",
                                  "Parallel Aware": true,
                                  "Relation Name": "title",
                                  "Alias": "t",
                                  "Startup Cost": 0.0,
                                  "Total Cost": 42319.06,
                                  "Plan Rows": 632106,
                                  "Plan Width": 4,
                                  "Actual Startup Time": 0.069,
                                  "Actual Total Time": 103.442,
                                  "Actual Rows": 632078,
                                  "Actual Loops": 4
                                }
                              ]
                            }
                          ]
                        }
                      ]
                    }
                  ]
                }
              ]
            }
          ]
        }
      ]
    },
    "Planning Time": 0.519,
    "Triggers": [],
    "Execution Time": 739.897
  }
]