[
  {
    "Plan": {
      "Node Type": "Aggregate",
      "Strategy": "Plain",
      "Partial Mode": "Finalize",
      "Parallel Aware": false,
      "Startup Cost": 265875.34,
      "Total Cost": 265875.35,
      "Plan Rows": 1,
      "Plan Width": 8,
      "Actual Startup Time": 551.185,
      "Actual Total Time": 599.076,
      "Actual Rows": 1,
      "Actual Loops": 1,
      "Plans": [
        {
          "Node Type": "Gather",
          "Parent Relationship": "Outer",
          "Parallel Aware": false,
          "Startup Cost": 265874.92,
          "Total Cost": 265875.33,
          "Plan Rows": 4,
          "Plan Width": 8,
          "Actual Startup Time": 550.597,
          "Actual Total Time": 599.065,
          "Actual Rows": 5,
          "Actual Loops": 1,
          "Workers Planned": 4,
          "Workers Launched": 4,
          "Single Copy": false,
          "Plans": [
            {
              "Node Type": "Aggregate",
              "Strategy": "Plain",
              "Partial Mode": "Partial",
              "Parent Relationship": "Outer",
              "Parallel Aware": false,
              "Startup Cost": 264874.92,
              "Total Cost": 264874.93,
              "Plan Rows": 1,
              "Plan Width": 8,
              "Actual Startup Time": 540.162,
              "Actual Total Time": 540.165,
              "Actual Rows": 1,
              "Actual Loops": 5,
              "Plans": [
                {
                  "Node Type": "Nested Loop",
                  "Parent Relationship": "Outer",
                  "Parallel Aware": false,
                  "Join Type": "Inner",
                  "Startup Cost": 33007.88,
                  "Total Cost": 263500.37,
                  "Plan Rows": 549819,
                  "Plan Width": 0,
                  "Actual Startup Time": 165.343,
                  "Actual Total Time": 523.863,
                  "Actual Rows": 370525,
                  "Actual Loops": 5,
                  "Inner Unique": false,
                  "Plans": [
                    {
                      "Node Type": "Hash Join",
                      "Parent Relationship": "Outer",
                      "Parallel Aware": true,
                      "Join Type": "Inner",
                      "Startup Cost": 33007.44,
                      "Total Cost": 80219.19,
                      "Plan Rows": 94030,
                      "Plan Width": 8,
                      "Actual Startup Time": 165.255,
                      "Actual Total Time": 224.293,
                      "Actual Rows": 15780,
                      "Actual Loops": 5,
                      "Inner Unique": false,
                      "Hash Cond": "(t.id = mc.movie_id)",
                      "Plans": [
                        {
                          "Node Type": "Seq Scan",
                          "Parent Relationship": "Outer",
                          "Parallel Aware": true,
                          "Relation Name": "title",
                          "Alias": "t",
                          "Startup Cost": 0.0,
                          "Total Cost": 43898.92,
                          "Plan Rows": 601902,
                          "Plan Width": 4,
                          "Actual Startup Time": 0.017,
                          "Actual Total Time": 80.65,
                          "Actual Rows": 480899,
                          "Actual Loops": 5,
                          "Filter": "(production_year > 1913)",
                          "Rows Removed by Filter": 24763
                        },
                        {
                          "Node Type": "Hash",
                          "Parent Relationship": "Inner",
                          "Parallel Aware": true,
                          "Startup Cost": 31414.82,
                          "Total Cost": 31414.82,
                          "Plan Rows": 127410,
                          "Plan Width": 4,
                          "Actual Startup Time": 71.648,
                          "Actual Total Time": 71.649,
                          "Actual Rows": 15943,
                          "Actual Loops": 5,
                          "Hash Buckets": 524288,
                          "Original Hash Buckets": 524288,
                          "Hash Batches": 1,
                          "Original Hash Batches": 1,
                          "Peak Memory Usage": 7296,
                          "Plans": [
                            {
                              "Node Type": "Seq Scan",
                              "Parent Relationship": "Outer",
                              "Parallel Aware": true,
                              "Relation Name": "movie_companies",
                              "Alias": "mc",
                              "Startup Cost": 0.0,
                              "Total Cost": 31414.82,
                              "Plan Rows": 127410,
                              "Plan Width": 4,
                              "Actual Startup Time": 23.578,
                              "Actual Total Time": 65.764,
                              "Actual Rows": 15943,
                              "Actual Loops": 5,
                              "Filter": "((company_id > 28437) AND (company_type_id < 2))",
                              "Rows Removed by Filter": 505883
                            }
                          ]
                        }
                      ]
                    },
                    {
                      "Node Type": "Index Only Scan",
                      "Parent Relationship": "Inner",
                      "Parallel Aware": false,
                      "Scan Direction": "Forward",
                      "Index Name": "movie_id_movie_info",
                      "Relation Name": "movie_info",
                      "Alias": "mi",
                      "Startup Cost": 0.43,
                      "Total Cost": 1.53,
                      "Plan Rows": 42,
                      "Plan Width": 4,
                      "Actual Startup Time": 0.005,
                      "Actual Total Time": 0.017,
                      "Actual Rows": 23,
                      "Actual Loops": 78899,
                      "Index Cond": "(movie_id = t.id)",
                      "Rows Removed by Index Recheck": 0,
                      "Heap Fetches": 1852627
                    }
                  ]
                }
              ]
            }
          ]
        }
      ]
    },
    "Planning Time": 1.495,
    "Triggers": [],
    "Execution Time": 599.239
  }
]