[
  {
    "Plan": {
      "Node Type": "Aggregate",
      "Strategy": "Plain",
      "Partial Mode": "Finalize",
      "Parallel Aware": false,
      "Startup Cost": 46971.39,
      "Total Cost": 46971.4,
      "Plan Rows": 1,
      "Plan Width": 8,
      "Actual Startup Time": 197.097,
      "Actual Total Time": 209.182,
      "Actual Rows": 1,
      "Actual Loops": 1,
      "Plans": [
        {
          "Node Type": "Gather",
          "Parent Relationship": "Outer",
          "Parallel Aware": false,
          "Startup Cost": 46971.07,
          "Total Cost": 46971.38,
          "Plan Rows": 3,
          "Plan Width": 8,
          "Actual Startup Time": 196.985,
          "Actual Total Time": 209.175,
          "Actual Rows": 4,
          "Actual Loops": 1,
          "Workers Planned": 3,
          "Workers Launched": 3,
          "Single Copy": false,
          "Plans": [
            {
              "Node Type": "Aggregate",
              "Strategy": "Plain",
              "Partial Mode": "Partial",
              "Parent Relationship": "Outer",
              "Parallel Aware": false,
              "Startup Cost": 45971.07,
              "Total Cost": 45971.08,
              "Plan Rows": 1,
              "Plan Width": 8,
              "Actual Startup Time": 191.741,
              "Actual Total Time": 191.742,
              "Actual Rows": 1,
              "Actual Loops": 4,
              "Plans": [
                {
                  "Node Type": "Seq Scan",
                  "Parent Relationship": "Outer",
                  "Parallel Aware": true,
                  "Relation Name": "movie_keyword",
                  "Alias": "mk",
                  "Startup Cost": 0.0,
                  "Total Cost": 42695.65,
                  "Plan Rows": 1310168,
                  "Plan Width": 0,
                  "Actual Startup Time": 0.047,
                  "Actual Total Time": 138.961,
                  "Actual Rows": 1014698,
                  "Actual Loops": 4,
                  "Filter": "(keyword_id > 353)",
                  "Rows Removed by Filter": 116285
                }
              ]
            }
          ]
        }
      ]
    },
    "Planning Time": 0.099,
    "Triggers": [],
    "Execution Time": 209.217
  }
]