[
  {
    "Plan": {
      "Node Type": "Aggregate",
      "Strategy": "Plain",
      "Partial Mode": "Finalize",
      "Parallel Aware": false,
      "Startup Cost": 46660.52,
      "Total Cost": 46660.53,
      "Plan Rows": 1,
      "Plan Width": 8,
      "Actual Startup Time": 114.909,
      "Actual Total Time": 131.128,
      "Actual Rows": 1,
      "Actual Loops": 1,
      "Plans": [
        {
          "Node Type": "Gather",
          "Parent Relationship": "Outer",
          "Parallel Aware": false,
          "Startup Cost": 46660.1,
          "Total Cost": 46660.51,
          "Plan Rows": 4,
          "Plan Width": 8,
          "Actual Startup Time": 114.707,
          "Actual Total Time": 131.116,
          "Actual Rows": 5,
          "Actual Loops": 1,
          "Workers Planned": 4,
          "Workers Launched": 4,
          "Single Copy": false,
          "Plans": [
            {
              "Node Type": "Aggregate",
              "Strategy": "Plain",
              "Partial Mode": "Partial",
              "Parent Relationship": "Outer",
              "Parallel Aware": false,
              "Startup Cost": 45660.1,
              "Total Cost": 45660.11,
              "Plan Rows": 1,
              "Plan Width": 8,
              "Actual Startup Time": 105.153,
              "Actual Total Time": 105.154,
              "Actual Rows": 1,
              "Actual Loops": 5,
              "Plans": [
                {
                  "Node Type": "Seq Scan",
                  "Parent Relationship": "Outer",
                  "Parallel Aware": true,
                  "Relation Name": "title",
                  "Alias": "t",
                  "Startup Cost": 0.0,
                  "Total Cost": 45479.59,
                  "Plan Rows": 72204,
                  "Plan Width": 0,
                  "Actual Startup Time": 0.055,
                  "Actual Total Time": 100.278,
                  "Actual Rows": 82338,
                  "Actual Loops": 5,
                  "Filter": "((kind_id < 7) AND (production_year < 1993))",
                  "Rows Removed by Filter": 423324
                }
              ]
            }
          ]
        }
      ]
    },
    "Planning Time": 0.167,
    "Triggers": [],
    "Execution Time": 131.195
  }
]