[
  {
    "Plan": {
      "Node Type": "Aggregate",
      "Strategy": "Plain",
      "Partial Mode": "Finalize",
      "Parallel Aware": false,
      "Startup Cost": 46663.93,
      "Total Cost": 46663.94,
      "Plan Rows": 1,
      "Plan Width": 8,
      "Actual Startup Time": 102.29,
      "Actual Total Time": 116.221,
      "Actual Rows": 1,
      "Actual Loops": 1,
      "Plans": [
        {
          "Node Type": "Gather",
          "Parent Relationship": "Outer",
          "Parallel Aware": false,
          "Startup Cost": 46663.51,
          "Total Cost": 46663.92,
          "Plan Rows": 4,
          "Plan Width": 8,
          "Actual Startup Time": 102.153,
          "Actual Total Time": 116.213,
          "Actual Rows": 5,
          "Actual Loops": 1,
          "Workers Planned": 4,
          "Workers Launched": 4,
          "Single Copy": false,
          "Plans": [
            {
              "Node Type": "Aggregate",
              "Strategy": "Plain",
              "Partial Mode": "Partial",
              "Parent Relationship": "Outer",
              "Parallel Aware": false,
              "Startup Cost": 45663.51,
              "Total Cost": 45663.52,
              "Plan Rows": 1,
              "Plan Width": 8,
              "Actual Startup Time": 92.914,
              "Actual Total Time": 92.915,
              "Actual Rows": 1,
              "Actual Loops": 5,
              "Plans": [
                {
                  "Node Type": "Seq Scan",
                  "Parent Relationship": "Outer",
                  "Parallel Aware": true,
                  "Relation Name": "title",
                  "Alias": "t",
                  "Startup Cost": 0.0,
                  "Total Cost": 45479.1,
                  "Plan Rows": 73766,
                  "Plan Width": 0,
                  "Actual Startup Time": 0.05,
                  "Actual Total Time": 89.012,
                  "Actual Rows": 82338,
                  "Actual Loops": 5,
                  "Filter": "((kind_id < 7) AND (production_year < 1993))",
                  "Rows Removed by Filter": 423324
                }
              ]
            }
          ]
        }
      ]
    },
    "Planning Time": 0.162,
    "Triggers": [],
    "Execution Time": 116.278
  }
]