{
  "Plan": {
    "Node Type": "Aggregate",
    "Strategy": "Plain",
    "Partial Mode": "Finalize",
    "Parallel Aware": false,
    "Startup Cost": 128920.96,
    "Total Cost": 128920.97,
    "Plan Rows": 1,
    "Plan Width": 8,
    "Actual Startup Time": 870.417,
    "Actual Total Time": 888.992,
    "Actual Rows": 1,
    "Actual Loops": 1,
    "Plans": [
      {
        "Node Type": "Gather",
        "Parent Relationship": "Outer",
        "Parallel Aware": false,
        "Startup Cost": 128920.85,
        "Total Cost": 128920.96,
        "Plan Rows": 1,
        "Plan Width": 8,
        "Actual Startup Time": 867.055,
        "Actual Total Time": 888.985,
        "Actual Rows": 2,
        "Actual Loops": 1,
        "Workers Planned": 1,
        "Workers Launched": 1,
        "Single Copy": false,
        "Plans": [
          {
            "Node Type": "Aggregate",
            "Strategy": "Plain",
            "Partial Mode": "Partial",
            "Parent Relationship": "Outer",
            "Parallel Aware": false,
            "Startup Cost": 127920.85,
            "Total Cost": 127920.86,
            "Plan Rows": 1,
            "Plan Width": 8,
            "Actual Startup Time": 853.691,
            "Actual Total Time": 853.695,
            "Actual Rows": 1,
            "Actual Loops": 2,
            "Plans": [
              {
                "Node Type": "Hash Join",
                "Parent Relationship": "Outer",
                "Parallel Aware": true,
                "Join Type": "Inner",
                "Startup Cost": 92302.6,
                "Total Cost": 126337.27,
                "Plan Rows": 633432,
                "Plan Width": 0,
                "Actual Startup Time": 595.344,
                "Actual Total Time": 829.199,
                "Actual Rows": 544610,
                "Actual Loops": 2,
                "Inner Unique": true,
                "Hash Cond": "(mk.movie_id = t.id)",
                "Plans": [
                  {
                    "Node Type": "Bitmap Heap Scan",
                    "Parent Relationship": "Outer",
                    "Parallel Aware": true,
                    "Relation Name": "movie_keyword",
                    "Alias": "mk",
                    "Startup Cost": 22841.9,
                    "Total Cost": 55213.81,
                    "Plan Rows": 633432,
                    "Plan Width": 4,
                    "Actual Startup Time": 66.619,
                    "Actual Total Time": 158.569,
                    "Actual Rows": 544610,
                    "Actual Loops": 2,
                    "Recheck Cond": "(keyword_id < 1116)",
                    "Rows Removed by Index Recheck": 0,
                    "Exact Heap Blocks": 11950,
                    "Lossy Heap Blocks": 0,
                    "Plans": [
                      {
                        "Node Type": "Bitmap Index Scan",
                        "Parent Relationship": "Outer",
                        "Parallel Aware": false,
                        "Index Name": "keyword_id_movie_keyword",
                        "Startup Cost": 0.0,
                        "Total Cost": 22572.69,
                        "Plan Rows": 1076835,
                        "Plan Width": 0,
                        "Actual Startup Time": 62.901,
                        "Actual Total Time": 62.902,
                        "Actual Rows": 1089221,
                        "Actual Loops": 1,
                        "Index Cond": "(keyword_id < 1116)"
                      }
                    ]
                  },
                  {
                    "Node Type": "Hash",
                    "Parent Relationship": "Inner",
                    "Parallel Aware": true,
                    "Startup Cost": 50870.31,
                    "Total Cost": 50870.31,
                    "Plan Rows": 1487231,
                    "Plan Width": 4,
                    "Actual Startup Time": 506.595,
                    "Actual Total Time": 506.596,
                    "Actual Rows": 1264156,
                    "Actual Loops": 2,
                    "Hash Buckets": 4194304,
                    "Original Hash Buckets": 4194304,
                    "Hash Batches": 1,
                    "Original Hash Batches": 1,
                    "Peak Memory Usage": 131712,
                    "Plans": [
                      {
                        "Node Type": "Seq Scan",
                        "Parent Relationship": "Outer",
                        "Parallel Aware": true,
                        "Relation Name": "title",
                        "Alias": "t",
                        "Startup Cost": 0.0,
                        "Total Cost": 50870.31,
                        "Plan Rows": 1487231,
                        "Plan Width": 4,
                        "Actual Startup Time": 0.018,
                        "Actual Total Time": 148.202,
                        "Actual Rows": 1264156,
                        "Actual Loops": 2
                      }
                    ]
                  }
                ]
              }
            ]
          }
        ]
      }
    ]
  },
  "Planning Time": 0.584,
  "Triggers": [],
  "Execution Time": 889.067
}