[
  {
    "Plan": {
      "Node Type": "Aggregate",
      "Strategy": "Plain",
      "Partial Mode": "Finalize",
      "Parallel Aware": false,
      "Startup Cost": 279663.34,
      "Total Cost": 279663.35,
      "Plan Rows": 1,
      "Plan Width": 8,
      "Actual Startup Time": 549.603,
      "Actual Total Time": 567.534,
      "Actual Rows": 1,
      "Actual Loops": 1,
      "Plans": [
        {
          "Node Type": "Gather",
          "Parent Relationship": "Outer",
          "Parallel Aware": false,
          "Startup Cost": 279663.02,
          "Total Cost": 279663.33,
          "Plan Rows": 3,
          "Plan Width": 8,
          "Actual Startup Time": 536.969,
          "Actual Total Time": 567.526,
          "Actual Rows": 4,
          "Actual Loops": 1,
          "Workers Planned": 3,
          "Workers Launched": 3,
          "Single Copy": false,
          "Plans": [
            {
              "Node Type": "Aggregate",
              "Strategy": "Plain",
              "Partial Mode": "Partial",
              "Parent Relationship": "Outer",
              "Parallel Aware": false,
              "Startup Cost": 278663.02,
              "Total Cost": 278663.03,
              "Plan Rows": 1,
              "Plan Width": 8,
              "Actual Startup Time": 527.686,
              "Actual Total Time": 527.692,
              "Actual Rows": 1,
              "Actual Loops": 4,
              "Plans": [
                {
                  "Node Type": "Hash Join",
                  "Parent Relationship": "Outer",
                  "Parallel Aware": true,
                  "Join Type": "Inner",
                  "Startup Cost": 245479.82,
                  "Total Cost": 278361.47,
                  "Plan Rows": 120619,
                  "Plan Width": 0,
                  "Actual Startup Time": 461.89,
                  "Actual Total Time": 527.55,
                  "Actual Rows": 2985,
                  "Actual Loops": 4,
                  "Inner Unique": false,
                  "Hash Cond": "(mc.movie_id = t.id)",
                  "Plans": [
                    {
                      "Node Type": "Seq Scan",
                      "Parent Relationship": "Outer",
                      "Parallel Aware": true,
                      "Relation Name": "movie_companies",
                      "Alias": "mc",
                      "Startup Cost": 0.0,
                      "Total Cost": 31414.82,
                      "Plan Rows": 326825,
                      "Plan Width": 4,
                      "Actual Startup Time": 30.097,
                      "Actual Total Time": 65.598,
                      "Actual Rows": 290811,
                      "Actual Loops": 4,
                      "Filter": "((company_id > 711) AND (company_type_id = 2))",
                      "Rows Removed by Filter": 361472
                    },
                    {
                      "Node Type": "Hash",
                      "Parent Relationship": "Inner",
                      "Parallel Aware": true,
                      "Startup Cost": 243147.07,
                      "Total Cost": 243147.07,
                      "Plan Rows": 186620,
                      "Plan Width": 8,
                      "Actual Startup Time": 426.697,
                      "Actual Total Time": 426.702,
                      "Actual Rows": 3585,
                      "Actual Loops": 4,
                      "Hash Buckets": 1048576,
                      "Original Hash Buckets": 1048576,
                      "Hash Batches": 1,
                      "Original Hash Batches": 1,
                      "Peak Memory Usage": 8800,
                      "Plans": [
                        {
                          "Node Type": "Hash Join",
                          "Parent Relationship": "Outer",
                          "Parallel Aware": true,
                          "Join Type": "Inner",
                          "Startup Cost": 76510.59,
                          "Total Cost": 243147.07,
                          "Plan Rows": 186620,
                          "Plan Width": 8,
                          "Actual Startup Time": 285.76,
                          "Actual Total Time": 418.131,
                          "Actual Rows": 3585,
                          "Actual Loops": 4,
                          "Inner Unique": true,
                          "Hash Cond": "(mi.movie_id = t.id)",
                          "Plans": [
                            {
                              "Node Type": "Bitmap Heap Scan",
                              "Parent Relationship": "Outer",
                              "Parallel Aware": true,
                              "Relation Name": "movie_info",
                              "Alias": "mi",
                              "Startup Cost": 27808.97,
                              "Total Cost": 193639.56,
                              "Plan Rows": 307007,
                              "Plan Width": 4,
                              "Actual Startup Time": 47.285,
                              "Actual Total Time": 92.762,
                              "Actual Rows": 383477,
                              "Actual Loops": 4,
                              "Recheck Cond": "(info_type_id = 3)",
                              "Rows Removed by Index Recheck": 0,
                              "Exact Heap Blocks": 2618,
                              "Lossy Heap Blocks": 0,
                              "Plans": [
                                {
                                  "Node Type": "Bitmap Index Scan",
                                  "Parent Relationship": "Outer",
                                  "Parallel Aware": false,
                                  "Index Name": "info_type_id_movie_info",
                                  "Startup Cost": 0.0,
                                  "Total Cost": 27425.21,
                                  "Plan Rows": 1535037,
                                  "Plan Width": 0,
                                  "Actual Startup Time": 45.739,
                                  "Actual Total Time": 45.739,
                                  "Actual Rows": 1533909,
                                  "Actual Loops": 1,
                                  "Index Cond": "(info_type_id = 3)"
                                }
                              ]
                            },
                            {
                              "Node Type": "Hash",
                              "Parent Relationship": "Inner",
                              "Parallel Aware": true,
                              "Startup Cost": 43898.92,
                              "Total Cost": 43898.92,
                              "Plan Rows": 384216,
                              "Plan Width": 4,
                              "Actual Startup Time": 233.632,
                              "Actual Total Time": 233.633,
                              "Actual Rows": 385816,
                              "Actual Loops": 4,
                              "Hash Buckets": 2097152,
                              "Original Hash Buckets": 2097152,
                              "Hash Batches": 1,
                              "Original Hash Batches": 1,
                              "Peak Memory Usage": 76832,
                              "Plans": [
                                {
                                  "Node Type": "Seq Scan",
                                  "Parent Relationship": "Outer",
                                  "Parallel Aware": true,
                                  "Relation Name": "title",
                                  "Alias": "t",
                                  "Startup Cost": 0.0,
                                  "Total Cost": 43898.92,
                                  "Plan Rows": 384216,
                                  "Plan Width": 4,
                                  "Actual Startup Time": 0.049,
                                  "Actual Total Time": 99.854,
                                  "Actual Rows": 385816,
                                  "Actual Loops": 4,
                                  "Filter": "(kind_id = 7)",
                                  "Rows Removed by Filter": 246262
                                }
                              ]
                            }
                          ]
                        }
                      ]
                    }
                  ]
                }
              ]
            }
          ]
        }
      ]
    },
    "Planning Time": 1.515,
    "Triggers": [],
    "Execution Time": 567.643
  }
]