{
    "Plan": {
        "Node Type": "Aggregate",
        "Strategy": "Plain",
        "Partial Mode": "Simple",
        "Parallel Aware": false,
        "Startup Cost": 80007139165.48,
        "Total Cost": 80007139165.49,
        "Plan Rows": 1,
        "Plan Width": 64,
        "Actual Startup Time": 7767.868,
        "Actual Total Time": 7767.877,
        "Actual Rows": 1,
        "Actual Loops": 1,
        "Output": [
            "min(mi_idx.info)",
            "min(t.title)"
        ],
        "Plans": [
            {
                "Node Type": "Nested Loop",
                "Parent Relationship": "Outer",
                "Parallel Aware": false,
                "Join Type": "Inner",
                "Startup Cost": 80000000003.56,
                "Total Cost": 80007139165.47,
                "Plan Rows": 1,
                "Plan Width": 22,
                "Actual Startup Time": 6268.905,
                "Actual Total Time": 7767.854,
                "Actual Rows": 24,
                "Actual Loops": 1,
                "Output": [
                    "mi_idx.info",
                    "t.title"
                ],
                "Inner Unique": true,
                "Plans": [
                    {
                        "Node Type": "Nested Loop",
                        "Parent Relationship": "Outer",
                        "Parallel Aware": false,
                        "Join Type": "Inner",
                        "Startup Cost": 70000000003.41,
                        "Total Cost": 70007139157.29,
                        "Plan Rows": 1,
                        "Plan Width": 26,
                        "Actual Startup Time": 10.379,
                        "Actual Total Time": 7766.988,
                        "Actual Rows": 199,
                        "Actual Loops": 1,
                        "Output": [
                            "mi_idx.info",
                            "mi_idx.info_type_id",
                            "t.title"
                        ],
                        "Inner Unique": true,
                        "Plans": [
                            {
                                "Node Type": "Nested Loop",
                                "Parent Relationship": "Outer",
                                "Parallel Aware": false,
                                "Join Type": "Inner",
                                "Startup Cost": 60000000002.98,
                                "Total Cost": 60007048321.25,
                                "Plan Rows": 20432,
                                "Plan Width": 30,
                                "Actual Startup Time": 0.596,
                                "Actual Total Time": 7461.941,
                                "Actual Rows": 58722,
                                "Actual Loops": 1,
                                "Output": [
                                    "mi_idx.info",
                                    "mi_idx.info_type_id",
                                    "mk.keyword_id",
                                    "t.title"
                                ],
                                "Inner Unique": false,
                                "Plans": [
                                    {
                                        "Node Type": "Nested Loop",
                                        "Parent Relationship": "Outer",
                                        "Parallel Aware": false,
                                        "Join Type": "Inner",
                                        "Startup Cost": 50000000002.12,
                                        "Total Cost": 50007038319.51,
                                        "Plan Rows": 1695,
                                        "Plan Width": 38,
                                        "Actual Startup Time": 0.526,
                                        "Actual Total Time": 7335.345,
                                        "Actual Rows": 18336,
                                        "Actual Loops": 1,
                                        "Output": [
                                            "mi.movie_id",
                                            "mi_idx.info",
                                            "mi_idx.movie_id",
                                            "mi_idx.info_type_id",
                                            "t.title",
                                            "t.id"
                                        ],
                                        "Inner Unique": true,
                                        "Plans": [
                                            {
                                                "Node Type": "Nested Loop",
                                                "Parent Relationship": "Outer",
                                                "Parallel Aware": false,
                                                "Join Type": "Inner",
                                                "Startup Cost": 40000000001.97,
                                                "Total Cost": 40006884351.74,
                                                "Plan Rows": 36964,
                                                "Plan Width": 42,
                                                "Actual Startup Time": 0.504,
                                                "Actual Total Time": 7154.944,
                                                "Actual Rows": 42936,
                                                "Actual Loops": 1,
                                                "Output": [
                                                    "t.title",
                                                    "t.id",
                                                    "mi.movie_id",
                                                    "mi.info_type_id",
                                                    "mi_idx.info",
                                                    "mi_idx.movie_id",
                                                    "mi_idx.info_type_id"
                                                ],
                                                "Inner Unique": false,
                                                "Plans": [
                                                    {
                                                        "Node Type": "Nested Loop",
                                                        "Parent Relationship": "Outer",
                                                        "Parallel Aware": false,
                                                        "Join Type": "Inner",
                                                        "Startup Cost": 30000000001.04,
                                                        "Total Cost": 30006505621.03,
                                                        "Plan Rows": 63763,
                                                        "Plan Width": 34,
                                                        "Actual Startup Time": 0.226,
                                                        "Actual Total Time": 6538.748,
                                                        "Actual Rows": 36183,
                                                        "Actual Loops": 1,
                                                        "Output": [
                                                            "t.title",
                                                            "t.id",
                                                            "mi_idx.info",
                                                            "mi_idx.movie_id",
                                                            "mi_idx.info_type_id"
                                                        ],
                                                        "Inner Unique": true,
                                                        "Plans": [
                                                            {
                                                                "Node Type": "Nested Loop",
                                                                "Parent Relationship": "Outer",
                                                                "Parallel Aware": false,
                                                                "Join Type": "Inner",
                                                                "Startup Cost": 20000000000.9,
                                                                "Total Cost": 20004650321.73,
                                                                "Plan Rows": 446341,
                                                                "Plan Width": 38,
                                                                "Actual Startup Time": 0.19,
                                                                "Actual Total Time": 5272.447,
                                                                "Actual Rows": 359181,
                                                                "Actual Loops": 1,
                                                                "Output": [
                                                                    "mi_idx.info",
                                                                    "mi_idx.movie_id",
                                                                    "mi_idx.info_type_id",
                                                                    "t.title",
                                                                    "t.kind_id",
                                                                    "t.id"
                                                                ],
                                                                "Inner Unique": true,
                                                                "Plans": [
                                                                    {
                                                                        "Node Type": "Index Scan",
                                                                        "Parent Relationship": "Outer",
                                                                        "Parallel Aware": false,
                                                                        "Scan Direction": "Forward",
                                                                        "Index Name": "info_type_id_movie_info_idx",
                                                                        "Relation Name": "movie_info_idx",
                                                                        "Schema": "public",
                                                                        "Alias": "mi_idx",
                                                                        "Startup Cost": 10000000000.43,
                                                                        "Total Cost": 10000067482.03,
                                                                        "Plan Rows": 1021128,
                                                                        "Plan Width": 13,
                                                                        "Actual Startup Time": 0.091,
                                                                        "Actual Total Time": 483.527,
                                                                        "Actual Rows": 1019077,
                                                                        "Actual Loops": 1,
                                                                        "Output": [
                                                                            "mi_idx.id",
                                                                            "mi_idx.movie_id",
                                                                            "mi_idx.info_type_id",
                                                                            "mi_idx.info",
                                                                            "mi_idx.note"
                                                                        ],
                                                                        "Filter": "(mi_idx.info < '6.2'::text)",
                                                                        "Rows Removed by Filter": 360958
                                                                    },
                                                                    {
                                                                        "Node Type": "Bitmap Heap Scan",
                                                                        "Parent Relationship": "Inner",
                                                                        "Parallel Aware": false,
                                                                        "Relation Name": "title",
                                                                        "Schema": "public",
                                                                        "Alias": "t",
                                                                        "Startup Cost": 0.47,
                                                                        "Total Cost": 4.49,
                                                                        "Plan Rows": 1,
                                                                        "Plan Width": 25,
                                                                        "Actual Startup Time": 0.003,
                                                                        "Actual Total Time": 0.003,
                                                                        "Actual Rows": 0,
                                                                        "Actual Loops": 1019077,
                                                                        "Output": [
                                                                            "t.id",
                                                                            "t.title",
                                                                            "t.imdb_index",
                                                                            "t.kind_id",
                                                                            "t.production_year",
                                                                            "t.imdb_id",
                                                                            "t.phonetic_code",
                                                                            "t.episode_of_id",
                                                                            "t.season_nr",
                                                                            "t.episode_nr",
                                                                            "t.series_years",
                                                                            "t.md5sum"
                                                                        ],
                                                                        "Recheck Cond": "(t.id = mi_idx.movie_id)",
                                                                        "Rows Removed by Index Recheck": 0,
                                                                        "Filter": "(t.production_year > 2004)",
                                                                        "Rows Removed by Filter": 1,
                                                                        "Exact Heap Blocks": 1019077,
                                                                        "Lossy Heap Blocks": 0,
                                                                        "Plans": [
                                                                            {
                                                                                "Node Type": "Bitmap Index Scan",
                                                                                "Parent Relationship": "Outer",
                                                                                "Parallel Aware": false,
                                                                                "Index Name": "title_pkey",
                                                                                "Startup Cost": 0.0,
                                                                                "Total Cost": 0.47,
                                                                                "Plan Rows": 1,
                                                                                "Plan Width": 0,
                                                                                "Actual Startup Time": 0.002,
                                                                                "Actual Total Time": 0.002,
                                                                                "Actual Rows": 1,
                                                                                "Actual Loops": 1019077,
                                                                                "Index Cond": "(t.id = mi_idx.movie_id)"
                                                                            }
                                                                        ]
                                                                    }
                                                                ]
                                                            },
                                                            {
                                                                "Node Type": "Bitmap Heap Scan",
                                                                "Parent Relationship": "Inner",
                                                                "Parallel Aware": false,
                                                                "Relation Name": "kind_type",
                                                                "Schema": "public",
                                                                "Alias": "kt",
                                                                "Startup Cost": 0.14,
                                                                "Total Cost": 4.16,
                                                                "Plan Rows": 1,
                                                                "Plan Width": 4,
                                                                "Actual Startup Time": 0.002,
                                                                "Actual Total Time": 0.002,
                                                                "Actual Rows": 0,
                                                                "Actual Loops": 359181,
                                                                "Output": [
                                                                    "kt.id",
                                                                    "kt.kind"
                                                                ],
                                                                "Recheck Cond": "(kt.id = t.kind_id)",
                                                                "Rows Removed by Index Recheck": 0,
                                                                "Filter": "((kt.kind)::text = 'tv series'::text)",
                                                                "Rows Removed by Filter": 1,
                                                                "Exact Heap Blocks": 359181,
                                                                "Lossy Heap Blocks": 0,
                                                                "Plans": [
                                                                    {
                                                                        "Node Type": "Bitmap Index Scan",
                                                                        "Parent Relationship": "Outer",
                                                                        "Parallel Aware": false,
                                                                        "Index Name": "kind_type_pkey",
                                                                        "Startup Cost": 0.0,
                                                                        "Total Cost": 0.14,
                                                                        "Plan Rows": 1,
                                                                        "Plan Width": 0,
                                                                        "Actual Startup Time": 0.001,
                                                                        "Actual Total Time": 0.001,
                                                                        "Actual Rows": 1,
                                                                        "Actual Loops": 359181,
                                                                        "Index Cond": "(kt.id = t.kind_id)"
                                                                    }
                                                                ]
                                                            }
                                                        ]
                                                    },
                                                    {
                                                        "Node Type": "Bitmap Heap Scan",
                                                        "Parent Relationship": "Inner",
                                                        "Parallel Aware": false,
                                                        "Relation Name": "movie_info",
                                                        "Schema": "public",
                                                        "Alias": "mi",
                                                        "Startup Cost": 0.92,
                                                        "Total Cost": 5.9,
                                                        "Plan Rows": 4,
                                                        "Plan Width": 8,
                                                        "Actual Startup Time": 0.012,
                                                        "Actual Total Time": 0.015,
                                                        "Actual Rows": 1,
                                                        "Actual Loops": 36183,
                                                        "Output": [
                                                            "mi.id",
                                                            "mi.movie_id",
                                                            "mi.info_type_id",
                                                            "mi.info",
                                                            "mi.note"
                                                        ],
                                                        "Recheck Cond": "(mi.movie_id = t.id)",
                                                        "Rows Removed by Index Recheck": 0,
                                                        "Filter": "(mi.info = ANY ('{USA,Swedish,Denish,German,English,America,Norway,Denmark,Germany,Japan}'::text[]))",
                                                        "Rows Removed by Filter": 8,
                                                        "Exact Heap Blocks": 246612,
                                                        "Lossy Heap Blocks": 0,
                                                        "Plans": [
                                                            {
                                                                "Node Type": "Bitmap Index Scan",
                                                                "Parent Relationship": "Outer",
                                                                "Parallel Aware": false,
                                                                "Index Name": "movie_id_movie_info",
                                                                "Startup Cost": 0.0,
                                                                "Total Cost": 0.92,
                                                                "Plan Rows": 39,
                                                                "Plan Width": 0,
                                                                "Actual Startup Time": 0.005,
                                                                "Actual Total Time": 0.005,
                                                                "Actual Rows": 9,
                                                                "Actual Loops": 36183,
                                                                "Index Cond": "(mi.movie_id = t.id)"
                                                            }
                                                        ]
                                                    }
                                                ]
                                            },
                                            {
                                                "Node Type": "Bitmap Heap Scan",
                                                "Parent Relationship": "Inner",
                                                "Parallel Aware": false,
                                                "Relation Name": "info_type",
                                                "Schema": "public",
                                                "Alias": "it1",
                                                "Startup Cost": 0.15,
                                                "Total Cost": 4.17,
                                                "Plan Rows": 1,
                                                "Plan Width": 4,
                                                "Actual Startup Time": 0.002,
                                                "Actual Total Time": 0.002,
                                                "Actual Rows": 0,
                                                "Actual Loops": 42936,
                                                "Output": [
                                                    "it1.id",
                                                    "it1.info"
                                                ],
                                                "Recheck Cond": "(it1.id = mi.info_type_id)",
                                                "Rows Removed by Index Recheck": 0,
                                                "Filter": "((it1.info)::text = 'countries'::text)",
                                                "Rows Removed by Filter": 1,
                                                "Exact Heap Blocks": 42936,
                                                "Lossy Heap Blocks": 0,
                                                "Plans": [
                                                    {
                                                        "Node Type": "Bitmap Index Scan",
                                                        "Parent Relationship": "Outer",
                                                        "Parallel Aware": false,
                                                        "Index Name": "info_type_pkey",
                                                        "Startup Cost": 0.0,
                                                        "Total Cost": 0.15,
                                                        "Plan Rows": 1,
                                                        "Plan Width": 0,
                                                        "Actual Startup Time": 0.001,
                                                        "Actual Total Time": 0.001,
                                                        "Actual Rows": 1,
                                                        "Actual Loops": 42936,
                                                        "Index Cond": "(it1.id = mi.info_type_id)"
                                                    }
                                                ]
                                            }
                                        ]
                                    },
                                    {
                                        "Node Type": "Bitmap Heap Scan",
                                        "Parent Relationship": "Inner",
                                        "Parallel Aware": false,
                                        "Relation Name": "movie_keyword",
                                        "Schema": "public",
                                        "Alias": "mk",
                                        "Startup Cost": 0.87,
                                        "Total Cost": 5.44,
                                        "Plan Rows": 46,
                                        "Plan Width": 8,
                                        "Actual Startup Time": 0.004,
                                        "Actual Total Time": 0.005,
                                        "Actual Rows": 3,
                                        "Actual Loops": 18336,
                                        "Output": [
                                            "mk.id",
                                            "mk.movie_id",
                                            "mk.keyword_id"
                                        ],
                                        "Recheck Cond": "(mk.movie_id = t.id)",
                                        "Rows Removed by Index Recheck": 0,
                                        "Exact Heap Blocks": 7941,
                                        "Lossy Heap Blocks": 0,
                                        "Plans": [
                                            {
                                                "Node Type": "Bitmap Index Scan",
                                                "Parent Relationship": "Outer",
                                                "Parallel Aware": false,
                                                "Index Name": "movie_id_movie_keyword",
                                                "Startup Cost": 0.0,
                                                "Total Cost": 0.85,
                                                "Plan Rows": 46,
                                                "Plan Width": 0,
                                                "Actual Startup Time": 0.003,
                                                "Actual Total Time": 0.003,
                                                "Actual Rows": 3,
                                                "Actual Loops": 18336,
                                                "Index Cond": "(mk.movie_id = t.id)"
                                            }
                                        ]
                                    }
                                ]
                            },
                            {
                                "Node Type": "Bitmap Heap Scan",
                                "Parent Relationship": "Inner",
                                "Parallel Aware": false,
                                "Relation Name": "keyword",
                                "Schema": "public",
                                "Alias": "k",
                                "Startup Cost": 0.43,
                                "Total Cost": 4.45,
                                "Plan Rows": 1,
                                "Plan Width": 4,
                                "Actual Startup Time": 0.004,
                                "Actual Total Time": 0.004,
                                "Actual Rows": 0,
                                "Actual Loops": 58722,
                                "Output": [
                                    "k.id",
                                    "k.keyword",
                                    "k.phonetic_code"
                                ],
                                "Recheck Cond": "(k.id = mk.keyword_id)",
                                "Rows Removed by Index Recheck": 0,
                                "Filter": "(k.keyword = ANY ('{superhero,marvel-comics,fight,cold-war}'::text[]))",
                                "Rows Removed by Filter": 1,
                                "Exact Heap Blocks": 58722,
                                "Lossy Heap Blocks": 0,
                                "Plans": [
                                    {
                                        "Node Type": "Bitmap Index Scan",
                                        "Parent Relationship": "Outer",
                                        "Parallel Aware": false,
                                        "Index Name": "keyword_pkey",
                                        "Startup Cost": 0.0,
                                        "Total Cost": 0.43,
                                        "Plan Rows": 1,
                                        "Plan Width": 0,
                                        "Actual Startup Time": 0.002,
                                        "Actual Total Time": 0.002,
                                        "Actual Rows": 1,
                                        "Actual Loops": 58722,
                                        "Index Cond": "(k.id = mk.keyword_id)"
                                    }
                                ]
                            }
                        ]
                    },
                    {
                        "Node Type": "Bitmap Heap Scan",
                        "Parent Relationship": "Inner",
                        "Parallel Aware": false,
                        "Relation Name": "info_type",
                        "Schema": "public",
                        "Alias": "it2",
                        "Startup Cost": 0.15,
                        "Total Cost": 4.17,
                        "Plan Rows": 1,
                        "Plan Width": 4,
                        "Actual Startup Time": 0.002,
                        "Actual Total Time": 0.002,
                        "Actual Rows": 0,
                        "Actual Loops": 199,
                        "Output": [
                            "it2.id",
                            "it2.info"
                        ],
                        "Recheck Cond": "(it2.id = mi_idx.info_type_id)",
                        "Rows Removed by Index Recheck": 0,
                        "Filter": "((it2.info)::text = 'rating'::text)",
                        "Rows Removed by Filter": 1,
                        "Exact Heap Blocks": 199,
                        "Lossy Heap Blocks": 0,
                        "Plans": [
                            {
                                "Node Type": "Bitmap Index Scan",
                                "Parent Relationship": "Outer",
                                "Parallel Aware": false,
                                "Index Name": "info_type_pkey",
                                "Startup Cost": 0.0,
                                "Total Cost": 0.15,
                                "Plan Rows": 1,
                                "Plan Width": 0,
                                "Actual Startup Time": 0.001,
                                "Actual Total Time": 0.001,
                                "Actual Rows": 1,
                                "Actual Loops": 199,
                                "Index Cond": "(it2.id = mi_idx.info_type_id)"
                            }
                        ]
                    }
                ]
            }
        ]
    },
    "Planning Time": 11.829,
    "Triggers": [],
    "Execution Time": 7768.587
}