{
  "Plan": {
    "Node Type": "Aggregate",
    "Strategy": "Plain",
    "Partial Mode": "Finalize",
    "Parallel Aware": false,
    "Startup Cost": 647317.28,
    "Total Cost": 647317.29,
    "Plan Rows": 1,
    "Plan Width": 8,
    "Actual Startup Time": 6672.624,
    "Actual Total Time": 6740.853,
    "Actual Rows": 1,
    "Actual Loops": 1,
    "Plans": [
      {
        "Node Type": "Gather",
        "Parent Relationship": "Outer",
        "Parallel Aware": false,
        "Startup Cost": 647317.17,
        "Total Cost": 647317.28,
        "Plan Rows": 1,
        "Plan Width": 8,
        "Actual Startup Time": 6668.551,
        "Actual Total Time": 6740.845,
        "Actual Rows": 2,
        "Actual Loops": 1,
        "Workers Planned": 1,
        "Workers Launched": 1,
        "Single Copy": false,
        "Plans": [
          {
            "Node Type": "Aggregate",
            "Strategy": "Plain",
            "Partial Mode": "Partial",
            "Parent Relationship": "Outer",
            "Parallel Aware": false,
            "Startup Cost": 646317.17,
            "Total Cost": 646317.18,
            "Plan Rows": 1,
            "Plan Width": 8,
            "Actual Startup Time": 6656.022,
            "Actual Total Time": 6656.026,
            "Actual Rows": 1,
            "Actual Loops": 2,
            "Plans": [
              {
                "Node Type": "Hash Join",
                "Parent Relationship": "Outer",
                "Parallel Aware": true,
                "Join Type": "Inner",
                "Startup Cost": 69460.7,
                "Total Cost": 618128.4,
                "Plan Rows": 11275509,
                "Plan Width": 0,
                "Actual Startup Time": 959.413,
                "Actual Total Time": 6267.575,
                "Actual Rows": 9559374,
                "Actual Loops": 2,
                "Inner Unique": true,
                "Hash Cond": "(ci.movie_id = t.id)",
                "Plans": [
                  {
                    "Node Type": "Seq Scan",
                    "Parent Relationship": "Outer",
                    "Parallel Aware": true,
                    "Relation Name": "cast_info",
                    "Alias": "ci",
                    "Startup Cost": 0.0,
                    "Total Cost": 519069.44,
                    "Plan Rows": 11275509,
                    "Plan Width": 4,
                    "Actual Startup Time": 407.015,
                    "Actual Total Time": 1527.991,
                    "Actual Rows": 9559374,
                    "Actual Loops": 2,
                    "Filter": "(person_id > 1692030)",
                    "Rows Removed by Filter": 8562798
                  },
                  {
                    "Node Type": "Hash",
                    "Parent Relationship": "Inner",
                    "Parallel Aware": true,
                    "Startup Cost": 50870.31,
                    "Total Cost": 50870.31,
                    "Plan Rows": 1487231,
                    "Plan Width": 4,
                    "Actual Startup Time": 529.889,
                    "Actual Total Time": 529.89,
                    "Actual Rows": 1264156,
                    "Actual Loops": 2,
                    "Hash Buckets": 4194304,
                    "Original Hash Buckets": 4194304,
                    "Hash Batches": 1,
                    "Original Hash Batches": 1,
                    "Peak Memory Usage": 131712,
                    "Plans": [
                      {
                        "Node Type": "Seq Scan",
                        "Parent Relationship": "Outer",
                        "Parallel Aware": true,
                        "Relation Name": "title",
                        "Alias": "t",
                        "Startup Cost": 0.0,
                        "Total Cost": 50870.31,
                        "Plan Rows": 1487231,
                        "Plan Width": 4,
                        "Actual Startup Time": 0.06,
                        "Actual Total Time": 160.3,
                        "Actual Rows": 1264156,
                        "Actual Loops": 2
                      }
                    ]
                  }
                ]
              }
            ]
          }
        ]
      }
    ]
  },
  "Planning Time": 0.581,
  "Triggers": [],
  "Execution Time": 6740.932
}