[
  {
    "Plan": {
      "Node Type": "Aggregate",
      "Strategy": "Plain",
      "Partial Mode": "Finalize",
      "Parallel Aware": false,
      "Startup Cost": 342938.89,
      "Total Cost": 342938.9,
      "Plan Rows": 1,
      "Plan Width": 8,
      "Actual Startup Time": 810.888,
      "Actual Total Time": 869.618,
      "Actual Rows": 1,
      "Actual Loops": 1,
      "Plans": [
        {
          "Node Type": "Gather",
          "Parent Relationship": "Outer",
          "Parallel Aware": false,
          "Startup Cost": 342938.26,
          "Total Cost": 342938.87,
          "Plan Rows": 6,
          "Plan Width": 8,
          "Actual Startup Time": 810.777,
          "Actual Total Time": 869.608,
          "Actual Rows": 7,
          "Actual Loops": 1,
          "Workers Planned": 6,
          "Workers Launched": 6,
          "Single Copy": false,
          "Plans": [
            {
              "Node Type": "Aggregate",
              "Strategy": "Plain",
              "Partial Mode": "Partial",
              "Parent Relationship": "Outer",
              "Parallel Aware": false,
              "Startup Cost": 341938.26,
              "Total Cost": 341938.27,
              "Plan Rows": 1,
              "Plan Width": 8,
              "Actual Startup Time": 800.306,
              "Actual Total Time": 800.307,
              "Actual Rows": 1,
              "Actual Loops": 7,
              "Plans": [
                {
                  "Node Type": "Seq Scan",
                  "Parent Relationship": "Outer",
                  "Parallel Aware": true,
                  "Relation Name": "cast_info",
                  "Alias": "ci",
                  "Startup Cost": 0.0,
                  "Total Cost": 328162.03,
                  "Plan Rows": 5510494,
                  "Plan Width": 0,
                  "Actual Startup Time": 50.03,
                  "Actual Total Time": 620.173,
                  "Actual Rows": 4714755,
                  "Actual Loops": 7,
                  "Filter": "(person_id > 313364)",
                  "Rows Removed by Filter": 463009
                }
              ]
            }
          ]
        }
      ]
    },
    "Planning Time": 0.182,
    "Triggers": [],
    "Execution Time": 869.689
  }
]