[
  {
    "Plan": {
      "Node Type": "Aggregate",
      "Strategy": "Plain",
      "Partial Mode": "Finalize",
      "Parallel Aware": false,
      "Startup Cost": 348239.5,
      "Total Cost": 348239.51,
      "Plan Rows": 1,
      "Plan Width": 8,
      "Actual Startup Time": 735.566,
      "Actual Total Time": 792.654,
      "Actual Rows": 1,
      "Actual Loops": 1,
      "Plans": [
        {
          "Node Type": "Gather",
          "Parent Relationship": "Outer",
          "Parallel Aware": false,
          "Startup Cost": 348238.87,
          "Total Cost": 348239.48,
          "Plan Rows": 6,
          "Plan Width": 8,
          "Actual Startup Time": 735.448,
          "Actual Total Time": 792.643,
          "Actual Rows": 7,
          "Actual Loops": 1,
          "Workers Planned": 6,
          "Workers Launched": 6,
          "Single Copy": false,
          "Plans": [
            {
              "Node Type": "Aggregate",
              "Strategy": "Plain",
              "Partial Mode": "Partial",
              "Parent Relationship": "Outer",
              "Parallel Aware": false,
              "Startup Cost": 347238.87,
              "Total Cost": 347238.88,
              "Plan Rows": 1,
              "Plan Width": 8,
              "Actual Startup Time": 728.702,
              "Actual Total Time": 728.703,
              "Actual Rows": 1,
              "Actual Loops": 7,
              "Plans": [
                {
                  "Node Type": "Seq Scan",
                  "Parent Relationship": "Outer",
                  "Parallel Aware": true,
                  "Relation Name": "cast_info",
                  "Alias": "ci",
                  "Startup Cost": 0.0,
                  "Total Cost": 343257.03,
                  "Plan Rows": 1592738,
                  "Plan Width": 0,
                  "Actual Startup Time": 326.533,
                  "Actual Total Time": 683.124,
                  "Actual Rows": 925718,
                  "Actual Loops": 7,
                  "Filter": "((person_id > 2432624) AND (role_id < 6))",
                  "Rows Removed by Filter": 4252045
                }
              ]
            }
          ]
        }
      ]
    },
    "Planning Time": 0.252,
    "Triggers": [],
    "Execution Time": 792.726
  }
]