{
  "Plan": {
    "Node Type": "Aggregate",
    "Strategy": "Plain",
    "Partial Mode": "Finalize",
    "Parallel Aware": false,
    "Startup Cost": 63830.52,
    "Total Cost": 63830.53,
    "Plan Rows": 1,
    "Plan Width": 8,
    "Actual Startup Time": 57.949,
    "Actual Total Time": 67.542,
    "Actual Rows": 1,
    "Actual Loops": 1,
    "Plans": [
      {
        "Node Type": "Gather",
        "Parent Relationship": "Outer",
        "Parallel Aware": false,
        "Startup Cost": 63830.41,
        "Total Cost": 63830.52,
        "Plan Rows": 1,
        "Plan Width": 8,
        "Actual Startup Time": 57.827,
        "Actual Total Time": 67.536,
        "Actual Rows": 2,
        "Actual Loops": 1,
        "Workers Planned": 1,
        "Workers Launched": 1,
        "Single Copy": false,
        "Plans": [
          {
            "Node Type": "Aggregate",
            "Strategy": "Plain",
            "Partial Mode": "Partial",
            "Parent Relationship": "Outer",
            "Parallel Aware": false,
            "Startup Cost": 62830.41,
            "Total Cost": 62830.42,
            "Plan Rows": 1,
            "Plan Width": 8,
            "Actual Startup Time": 51.532,
            "Actual Total Time": 51.534,
            "Actual Rows": 1,
            "Actual Loops": 2,
            "Plans": [
              {
                "Node Type": "Nested Loop",
                "Parent Relationship": "Outer",
                "Parallel Aware": false,
                "Join Type": "Inner",
                "Startup Cost": 244.94,
                "Total Cost": 62830.26,
                "Plan Rows": 59,
                "Plan Width": 0,
                "Actual Startup Time": 12.645,
                "Actual Total Time": 51.517,
                "Actual Rows": 28,
                "Actual Loops": 2,
                "Inner Unique": false,
                "Plans": [
                  {
                    "Node Type": "Nested Loop",
                    "Parent Relationship": "Outer",
                    "Parallel Aware": false,
                    "Join Type": "Inner",
                    "Startup Cost": 244.51,
                    "Total Cost": 62521.08,
                    "Plan Rows": 322,
                    "Plan Width": 8,
                    "Actual Startup Time": 12.535,
                    "Actual Total Time": 50.884,
                    "Actual Rows": 50,
                    "Actual Loops": 2,
                    "Inner Unique": true,
                    "Plans": [
                      {
                        "Node Type": "Bitmap Heap Scan",
                        "Parent Relationship": "Outer",
                        "Parallel Aware": true,
                        "Relation Name": "movie_keyword",
                        "Alias": "mk",
                        "Startup Cost": 244.08,
                        "Total Cost": 20181.0,
                        "Plan Rows": 6653,
                        "Plan Width": 4,
                        "Actual Startup Time": 5.466,
                        "Actual Total Time": 19.466,
                        "Actual Rows": 4613,
                        "Actual Loops": 2,
                        "Recheck Cond": "(keyword_id = 875)",
                        "Rows Removed by Index Recheck": 0,
                        "Exact Heap Blocks": 5997,
                        "Lossy Heap Blocks": 0,
                        "Plans": [
                          {
                            "Node Type": "Bitmap Index Scan",
                            "Parent Relationship": "Outer",
                            "Parallel Aware": false,
                            "Index Name": "keyword_id_movie_keyword",
                            "Startup Cost": 0.0,
                            "Total Cost": 241.26,
                            "Plan Rows": 11310,
                            "Plan Width": 0,
                            "Actual Startup Time": 7.088,
                            "Actual Total Time": 7.088,
                            "Actual Rows": 9226,
                            "Actual Loops": 1,
                            "Index Cond": "(keyword_id = 875)"
                          }
                        ]
                      },
                      {
                        "Node Type": "Index Scan",
                        "Parent Relationship": "Inner",
                        "Parallel Aware": false,
                        "Scan Direction": "Forward",
                        "Index Name": "title_pkey",
                        "Relation Name": "title",
                        "Alias": "t",
                        "Startup Cost": 0.43,
                        "Total Cost": 6.36,
                        "Plan Rows": 1,
                        "Plan Width": 4,
                        "Actual Startup Time": 0.006,
                        "Actual Total Time": 0.006,
                        "Actual Rows": 0,
                        "Actual Loops": 9226,
                        "Index Cond": "(id = mk.movie_id)",
                        "Rows Removed by Index Recheck": 0,
                        "Filter": "(production_year < 1933)",
                        "Rows Removed by Filter": 1
                      }
                    ]
                  },
                  {
                    "Node Type": "Index Scan",
                    "Parent Relationship": "Inner",
                    "Parallel Aware": false,
                    "Scan Direction": "Forward",
                    "Index Name": "movie_id_movie_info_idx",
                    "Relation Name": "movie_info_idx",
                    "Alias": "mi_idx",
                    "Startup Cost": 0.43,
                    "Total Cost": 0.95,
                    "Plan Rows": 1,
                    "Plan Width": 4,
                    "Actual Startup Time": 0.011,
                    "Actual Total Time": 0.012,
                    "Actual Rows": 1,
                    "Actual Loops": 101,
                    "Index Cond": "(movie_id = t.id)",
                    "Rows Removed by Index Recheck": 0,
                    "Filter": "(info_type_id = 100)",
                    "Rows Removed by Filter": 1
                  }
                ]
              }
            ]
          }
        ]
      }
    ]
  },
  "Planning Time": 0.913,
  "Triggers": [],
  "Execution Time": 67.638
}