[
  {
    "Plan": {
      "Node Type": "Aggregate",
      "Strategy": "Plain",
      "Partial Mode": "Finalize",
      "Parallel Aware": false,
      "Startup Cost": 32753.61,
      "Total Cost": 32753.62,
      "Plan Rows": 1,
      "Plan Width": 8,
      "Actual Startup Time": 99.697,
      "Actual Total Time": 110.522,
      "Actual Rows": 1,
      "Actual Loops": 1,
      "Plans": [
        {
          "Node Type": "Gather",
          "Parent Relationship": "Outer",
          "Parallel Aware": false,
          "Startup Cost": 32753.3,
          "Total Cost": 32753.61,
          "Plan Rows": 3,
          "Plan Width": 8,
          "Actual Startup Time": 99.54,
          "Actual Total Time": 110.513,
          "Actual Rows": 4,
          "Actual Loops": 1,
          "Workers Planned": 3,
          "Workers Launched": 3,
          "Single Copy": false,
          "Plans": [
            {
              "Node Type": "Aggregate",
              "Strategy": "Plain",
              "Partial Mode": "Partial",
              "Parent Relationship": "Outer",
              "Parallel Aware": false,
              "Startup Cost": 31753.3,
              "Total Cost": 31753.31,
              "Plan Rows": 1,
              "Plan Width": 8,
              "Actual Startup Time": 90.817,
              "Actual Total Time": 90.819,
              "Actual Rows": 1,
              "Actual Loops": 4,
              "Plans": [
                {
                  "Node Type": "Seq Scan",
                  "Parent Relationship": "Outer",
                  "Parallel Aware": true,
                  "Relation Name": "movie_companies",
                  "Alias": "mc",
                  "Startup Cost": 0.0,
                  "Total Cost": 31414.82,
                  "Plan Rows": 135391,
                  "Plan Width": 0,
                  "Actual Startup Time": 26.875,
                  "Actual Total Time": 89.271,
                  "Actual Rows": 23501,
                  "Actual Loops": 4,
                  "Filter": "((company_id > 25406) AND (company_type_id = 1))",
                  "Rows Removed by Filter": 628781
                }
              ]
            }
          ]
        }
      ]
    },
    "Planning Time": 0.228,
    "Triggers": [],
    "Execution Time": 110.582
  }
]