{
  "Plan": {
    "Node Type": "Aggregate",
    "Strategy": "Plain",
    "Partial Mode": "Finalize",
    "Parallel Aware": false,
    "Startup Cost": 749759.13,
    "Total Cost": 749759.14,
    "Plan Rows": 1,
    "Plan Width": 8,
    "Actual Startup Time": 4897.603,
    "Actual Total Time": 4956.116,
    "Actual Rows": 1,
    "Actual Loops": 1,
    "Plans": [
      {
        "Node Type": "Gather",
        "Parent Relationship": "Outer",
        "Parallel Aware": false,
        "Startup Cost": 749759.02,
        "Total Cost": 749759.13,
        "Plan Rows": 1,
        "Plan Width": 8,
        "Actual Startup Time": 4893.667,
        "Actual Total Time": 4956.105,
        "Actual Rows": 2,
        "Actual Loops": 1,
        "Workers Planned": 1,
        "Workers Launched": 1,
        "Single Copy": false,
        "Plans": [
          {
            "Node Type": "Aggregate",
            "Strategy": "Plain",
            "Partial Mode": "Partial",
            "Parent Relationship": "Outer",
            "Parallel Aware": false,
            "Startup Cost": 748759.02,
            "Total Cost": 748759.03,
            "Plan Rows": 1,
            "Plan Width": 8,
            "Actual Startup Time": 4887.476,
            "Actual Total Time": 4888.388,
            "Actual Rows": 1,
            "Actual Loops": 2,
            "Plans": [
              {
                "Node Type": "Hash Join",
                "Parent Relationship": "Outer",
                "Parallel Aware": true,
                "Join Type": "Inner",
                "Startup Cost": 133376.07,
                "Total Cost": 742117.09,
                "Plan Rows": 2656774,
                "Plan Width": 0,
                "Actual Startup Time": 1404.355,
                "Actual Total Time": 4467.444,
                "Actual Rows": 10581134,
                "Actual Loops": 2,
                "Inner Unique": false,
                "Hash Cond": "(ci.movie_id = t.id)",
                "Plans": [
                  {
                    "Node Type": "Seq Scan",
                    "Parent Relationship": "Outer",
                    "Parallel Aware": true,
                    "Relation Name": "cast_info",
                    "Alias": "ci",
                    "Startup Cost": 0.0,
                    "Total Cost": 572345.93,
                    "Plan Rows": 5537868,
                    "Plan Width": 4,
                    "Actual Startup Time": 631.786,
                    "Actual Total Time": 1665.655,
                    "Actual Rows": 7152722,
                    "Actual Loops": 2,
                    "Filter": "((person_id > 2232015) AND (role_id > 1))",
                    "Rows Removed by Filter": 10969450
                  },
                  {
                    "Node Type": "Hash",
                    "Parent Relationship": "Inner",
                    "Parallel Aware": true,
                    "Startup Cost": 124457.4,
                    "Total Cost": 124457.4,
                    "Plan Rows": 713494,
                    "Plan Width": 8,
                    "Actual Startup Time": 759.998,
                    "Actual Total Time": 760.908,
                    "Actual Rows": 400638,
                    "Actual Loops": 2,
                    "Hash Buckets": 2097152,
                    "Original Hash Buckets": 2097152,
                    "Hash Batches": 1,
                    "Original Hash Batches": 1,
                    "Peak Memory Usage": 47744,
                    "Plans": [
                      {
                        "Node Type": "Hash Join",
                        "Parent Relationship": "Outer",
                        "Parallel Aware": true,
                        "Join Type": "Inner",
                        "Startup Cost": 62110.21,
                        "Total Cost": 124457.4,
                        "Plan Rows": 713494,
                        "Plan Width": 8,
                        "Actual Startup Time": 289.803,
                        "Actual Total Time": 679.324,
                        "Actual Rows": 400638,
                        "Actual Loops": 2,
                        "Inner Unique": true,
                        "Hash Cond": "(mk.movie_id = t.id)",
                        "Plans": [
                          {
                            "Node Type": "Seq Scan",
                            "Parent Relationship": "Outer",
                            "Parallel Aware": true,
                            "Relation Name": "movie_keyword",
                            "Alias": "mk",
                            "Startup Cost": 0.0,
                            "Total Cost": 57718.19,
                            "Plan Rows": 1763421,
                            "Plan Width": 4,
                            "Actual Startup Time": 0.014,
                            "Actual Total Time": 196.372,
                            "Actual Rows": 1495728,
                            "Actual Loops": 2,
                            "Filter": "(keyword_id < 10430)",
                            "Rows Removed by Filter": 766238
                          },
                          {
                            "Node Type": "Hash",
                            "Parent Relationship": "Inner",
                            "Parallel Aware": true,
                            "Startup Cost": 54588.39,
                            "Total Cost": 54588.39,
                            "Plan Rows": 601746,
                            "Plan Width": 4,
                            "Actual Startup Time": 285.789,
                            "Actual Total Time": 285.79,
                            "Actual Rows": 506460,
                            "Actual Loops": 2,
                            "Hash Buckets": 1048576,
                            "Original Hash Buckets": 1048576,
                            "Hash Batches": 1,
                            "Original Hash Batches": 1,
                            "Peak Memory Usage": 47840,
                            "Plans": [
                              {
                                "Node Type": "Seq Scan",
                                "Parent Relationship": "Outer",
                                "Parallel Aware": true,
                                "Relation Name": "title",
                                "Alias": "t",
                                "Startup Cost": 0.0,
                                "Total Cost": 54588.39,
                                "Plan Rows": 601746,
                                "Plan Width": 4,
                                "Actual Startup Time": 0.024,
                                "Actual Total Time": 160.17,
                                "Actual Rows": 506460,
                                "Actual Loops": 2,
                                "Filter": "(production_year > 2005)",
                                "Rows Removed by Filter": 757696
                              }
                            ]
                          }
                        ]
                      }
                    ]
                  }
                ]
              }
            ]
          }
        ]
      }
    ]
  },
  "Planning Time": 0.624,
  "Triggers": [],
  "Execution Time": 4956.19
}