[
  {
    "Plan": {
      "Node Type": "Aggregate",
      "Strategy": "Plain",
      "Partial Mode": "Finalize",
      "Parallel Aware": false,
      "Startup Cost": 31982.23,
      "Total Cost": 31982.24,
      "Plan Rows": 1,
      "Plan Width": 8,
      "Actual Startup Time": 106.091,
      "Actual Total Time": 112.195,
      "Actual Rows": 1,
      "Actual Loops": 1,
      "Plans": [
        {
          "Node Type": "Gather",
          "Parent Relationship": "Outer",
          "Parallel Aware": false,
          "Startup Cost": 31981.91,
          "Total Cost": 31982.22,
          "Plan Rows": 3,
          "Plan Width": 8,
          "Actual Startup Time": 105.971,
          "Actual Total Time": 112.188,
          "Actual Rows": 4,
          "Actual Loops": 1,
          "Workers Planned": 3,
          "Workers Launched": 3,
          "Single Copy": false,
          "Plans": [
            {
              "Node Type": "Aggregate",
              "Strategy": "Plain",
              "Partial Mode": "Partial",
              "Parent Relationship": "Outer",
              "Parallel Aware": false,
              "Startup Cost": 30981.91,
              "Total Cost": 30981.92,
              "Plan Rows": 1,
              "Plan Width": 8,
              "Actual Startup Time": 100.678,
              "Actual Total Time": 100.679,
              "Actual Rows": 1,
              "Actual Loops": 4,
              "Plans": [
                {
                  "Node Type": "Seq Scan",
                  "Parent Relationship": "Outer",
                  "Parallel Aware": true,
                  "Relation Name": "movie_companies",
                  "Alias": "mc",
                  "Startup Cost": 0.0,
                  "Total Cost": 29310.68,
                  "Plan Rows": 668493,
                  "Plan Width": 0,
                  "Actual Startup Time": 0.299,
                  "Actual Total Time": 77.834,
                  "Actual Rows": 519409,
                  "Actual Loops": 4,
                  "Filter": "(company_id > 516)",
                  "Rows Removed by Filter": 132873
                }
              ]
            }
          ]
        }
      ]
    },
    "Planning Time": 0.183,
    "Triggers": [],
    "Execution Time": 112.251
  }
]