[
  {
    "Plan": {
      "Node Type": "Aggregate",
      "Strategy": "Plain",
      "Partial Mode": "Finalize",
      "Parallel Aware": false,
      "Startup Cost": 378085.07,
      "Total Cost": 378085.08,
      "Plan Rows": 1,
      "Plan Width": 8,
      "Actual Startup Time": 1342.554,
      "Actual Total Time": 1411.027,
      "Actual Rows": 1,
      "Actual Loops": 1,
      "Plans": [
        {
          "Node Type": "Gather",
          "Parent Relationship": "Outer",
          "Parallel Aware": false,
          "Startup Cost": 378084.45,
          "Total Cost": 378085.06,
          "Plan Rows": 6,
          "Plan Width": 8,
          "Actual Startup Time": 1340.935,
          "Actual Total Time": 1411.017,
          "Actual Rows": 7,
          "Actual Loops": 1,
          "Workers Planned": 6,
          "Workers Launched": 6,
          "Single Copy": false,
          "Plans": [
            {
              "Node Type": "Aggregate",
              "Strategy": "Plain",
              "Partial Mode": "Partial",
              "Parent Relationship": "Outer",
              "Parallel Aware": false,
              "Startup Cost": 377084.45,
              "Total Cost": 377084.46,
              "Plan Rows": 1,
              "Plan Width": 8,
              "Actual Startup Time": 1329.066,
              "Actual Total Time": 1329.069,
              "Actual Rows": 1,
              "Actual Loops": 7,
              "Plans": [
                {
                  "Node Type": "Hash Join",
                  "Parent Relationship": "Outer",
                  "Parallel Aware": true,
                  "Join Type": "Inner",
                  "Startup Cost": 38221.36,
                  "Total Cost": 376775.04,
                  "Plan Rows": 123763,
                  "Plan Width": 0,
                  "Actual Startup Time": 311.797,
                  "Actual Total Time": 1323.111,
                  "Actual Rows": 84989,
                  "Actual Loops": 7,
                  "Inner Unique": true,
                  "Hash Cond": "(ci.movie_id = t.id)",
                  "Plans": [
                    {
                      "Node Type": "Seq Scan",
                      "Parent Relationship": "Outer",
                      "Parallel Aware": true,
                      "Relation Name": "cast_info",
                      "Alias": "ci",
                      "Startup Cost": 0.0,
                      "Total Cost": 328162.03,
                      "Plan Rows": 3958715,
                      "Plan Width": 4,
                      "Actual Startup Time": 233.688,
                      "Actual Total Time": 787.073,
                      "Actual Rows": 3367665,
                      "Actual Loops": 7,
                      "Filter": "(role_id > 1)",
                      "Rows Removed by Filter": 1810098
                    },
                    {
                      "Node Type": "Hash",
                      "Parent Relationship": "Inner",
                      "Parallel Aware": true,
                      "Startup Cost": 37974.35,
                      "Total Cost": 37974.35,
                      "Plan Rows": 19761,
                      "Plan Width": 4,
                      "Actual Startup Time": 76.982,
                      "Actual Total Time": 76.983,
                      "Actual Rows": 12393,
                      "Actual Loops": 7,
                      "Hash Buckets": 131072,
                      "Original Hash Buckets": 131072,
                      "Hash Batches": 1,
                      "Original Hash Batches": 1,
                      "Peak Memory Usage": 4512,
                      "Plans": [
                        {
                          "Node Type": "Bitmap Heap Scan",
                          "Parent Relationship": "Outer",
                          "Parallel Aware": true,
                          "Relation Name": "title",
                          "Alias": "t",
                          "Startup Cost": 1636.3,
                          "Total Cost": 37974.35,
                          "Plan Rows": 19761,
                          "Plan Width": 4,
                          "Actual Startup Time": 19.029,
                          "Actual Total Time": 69.854,
                          "Actual Rows": 12393,
                          "Actual Loops": 7,
                          "Recheck Cond": "(kind_id = 2)",
                          "Rows Removed by Index Recheck": 0,
                          "Filter": "(production_year > 1961)",
                          "Rows Removed by Filter": 586,
                          "Exact Heap Blocks": 8832,
                          "Lossy Heap Blocks": 0,
                          "Plans": [
                            {
                              "Node Type": "Bitmap Index Scan",
                              "Parent Relationship": "Outer",
                              "Parallel Aware": false,
                              "Index Name": "kind_id_title",
                              "Startup Cost": 0.0,
                              "Total Cost": 1616.54,
                              "Plan Rows": 90681,
                              "Plan Width": 0,
                              "Actual Startup Time": 16.06,
                              "Actual Total Time": 16.061,
                              "Actual Rows": 90852,
                              "Actual Loops": 1,
                              "Index Cond": "(kind_id = 2)"
                            }
                          ]
                        }
                      ]
                    }
                  ]
                }
              ]
            }
          ]
        }
      ]
    },
    "Planning Time": 0.654,
    "Triggers": [],
    "Execution Time": 1411.145
  }
]