[
  {
    "Plan": {
      "Node Type": "Aggregate",
      "Strategy": "Plain",
      "Partial Mode": "Simple",
      "Parallel Aware": false,
      "Startup Cost": 13438.38,
      "Total Cost": 13438.39,
      "Plan Rows": 1,
      "Plan Width": 8,
      "Actual Startup Time": 11.756,
      "Actual Total Time": 11.757,
      "Actual Rows": 1,
      "Actual Loops": 1,
      "Plans": [
        {
          "Node Type": "Bitmap Heap Scan",
          "Parent Relationship": "Outer",
          "Parallel Aware": false,
          "Relation Name": "movie_keyword",
          "Alias": "mk",
          "Startup Cost": 119.68,
          "Total Cost": 13424.43,
          "Plan Rows": 5580,
          "Plan Width": 0,
          "Actual Startup Time": 1.99,
          "Actual Total Time": 11.156,
          "Actual Rows": 7673,
          "Actual Loops": 1,
          "Recheck Cond": "(keyword_id = 7078)",
          "Rows Removed by Index Recheck": 0,
          "Exact Heap Blocks": 5518,
          "Lossy Heap Blocks": 0,
          "Plans": [
            {
              "Node Type": "Bitmap Index Scan",
              "Parent Relationship": "Outer",
              "Parallel Aware": false,
              "Index Name": "keyword_id_movie_keyword",
              "Startup Cost": 0.0,
              "Total Cost": 118.28,
              "Plan Rows": 5580,
              "Plan Width": 0,
              "Actual Startup Time": 1.245,
              "Actual Total Time": 1.246,
              "Actual Rows": 7673,
              "Actual Loops": 1,
              "Index Cond": "(keyword_id = 7078)"
            }
          ]
        }
      ]
    },
    "Planning Time": 0.079,
    "Triggers": [],
    "Execution Time": 11.787
  }
]