[
  {
    "Plan": {
      "Node Type": "Aggregate",
      "Strategy": "Plain",
      "Partial Mode": "Finalize",
      "Parallel Aware": false,
      "Startup Cost": 31135.84,
      "Total Cost": 31135.85,
      "Plan Rows": 1,
      "Plan Width": 8,
      "Actual Startup Time": 86.247,
      "Actual Total Time": 94.403,
      "Actual Rows": 1,
      "Actual Loops": 1,
      "Plans": [
        {
          "Node Type": "Gather",
          "Parent Relationship": "Outer",
          "Parallel Aware": false,
          "Startup Cost": 31135.52,
          "Total Cost": 31135.83,
          "Plan Rows": 3,
          "Plan Width": 8,
          "Actual Startup Time": 86.118,
          "Actual Total Time": 94.39,
          "Actual Rows": 4,
          "Actual Loops": 1,
          "Workers Planned": 3,
          "Workers Launched": 3,
          "Single Copy": false,
          "Plans": [
            {
              "Node Type": "Aggregate",
              "Strategy": "Plain",
              "Partial Mode": "Partial",
              "Parent Relationship": "Outer",
              "Parallel Aware": false,
              "Startup Cost": 30135.52,
              "Total Cost": 30135.53,
              "Plan Rows": 1,
              "Plan Width": 8,
              "Actual Startup Time": 82.452,
              "Actual Total Time": 82.453,
              "Actual Rows": 1,
              "Actual Loops": 4,
              "Plans": [
                {
                  "Node Type": "Seq Scan",
                  "Parent Relationship": "Outer",
                  "Parallel Aware": true,
                  "Relation Name": "movie_companies",
                  "Alias": "mc",
                  "Startup Cost": 0.0,
                  "Total Cost": 29310.68,
                  "Plan Rows": 329936,
                  "Plan Width": 0,
                  "Actual Startup Time": 15.69,
                  "Actual Total Time": 71.597,
                  "Actual Rows": 254580,
                  "Actual Loops": 4,
                  "Filter": "(company_id > 16066)",
                  "Rows Removed by Filter": 397702
                }
              ]
            }
          ]
        }
      ]
    },
    "Planning Time": 0.196,
    "Triggers": [],
    "Execution Time": 94.458
  }
]