{
  "Plan": {
    "Node Type": "Aggregate",
    "Strategy": "Plain",
    "Partial Mode": "Finalize",
    "Parallel Aware": false,
    "Startup Cost": 124862.04,
    "Total Cost": 124862.05,
    "Plan Rows": 1,
    "Plan Width": 8,
    "Actual Startup Time": 516.922,
    "Actual Total Time": 533.859,
    "Actual Rows": 1,
    "Actual Loops": 1,
    "Plans": [
      {
        "Node Type": "Gather",
        "Parent Relationship": "Outer",
        "Parallel Aware": false,
        "Startup Cost": 124861.93,
        "Total Cost": 124862.04,
        "Plan Rows": 1,
        "Plan Width": 8,
        "Actual Startup Time": 516.234,
        "Actual Total Time": 533.853,
        "Actual Rows": 2,
        "Actual Loops": 1,
        "Workers Planned": 1,
        "Workers Launched": 1,
        "Single Copy": false,
        "Plans": [
          {
            "Node Type": "Aggregate",
            "Strategy": "Plain",
            "Partial Mode": "Partial",
            "Parent Relationship": "Outer",
            "Parallel Aware": false,
            "Startup Cost": 123861.93,
            "Total Cost": 123861.94,
            "Plan Rows": 1,
            "Plan Width": 8,
            "Actual Startup Time": 512.431,
            "Actual Total Time": 512.434,
            "Actual Rows": 1,
            "Actual Loops": 2,
            "Plans": [
              {
                "Node Type": "Hash Join",
                "Parent Relationship": "Outer",
                "Parallel Aware": true,
                "Join Type": "Inner",
                "Startup Cost": 60574.99,
                "Total Cost": 123282.14,
                "Plan Rows": 231918,
                "Plan Width": 0,
                "Actual Startup Time": 183.215,
                "Actual Total Time": 503.373,
                "Actual Rows": 230570,
                "Actual Loops": 2,
                "Inner Unique": true,
                "Hash Cond": "(mk.movie_id = t.id)",
                "Plans": [
                  {
                    "Node Type": "Seq Scan",
                    "Parent Relationship": "Outer",
                    "Parallel Aware": true,
                    "Relation Name": "movie_keyword",
                    "Alias": "mk",
                    "Startup Cost": 0.0,
                    "Total Cost": 57718.19,
                    "Plan Rows": 1900549,
                    "Plan Width": 4,
                    "Actual Startup Time": 0.014,
                    "Actual Total Time": 188.118,
                    "Actual Rows": 1610518,
                    "Actual Loops": 2,
                    "Filter": "(keyword_id < 13516)",
                    "Rows Removed by Filter": 651446
                  },
                  {
                    "Node Type": "Hash",
                    "Parent Relationship": "Inner",
                    "Parallel Aware": true,
                    "Startup Cost": 58306.47,
                    "Total Cost": 58306.47,
                    "Plan Rows": 181482,
                    "Plan Width": 4,
                    "Actual Startup Time": 177.407,
                    "Actual Total Time": 177.408,
                    "Actual Rows": 133300,
                    "Actual Loops": 2,
                    "Hash Buckets": 524288,
                    "Original Hash Buckets": 524288,
                    "Hash Batches": 1,
                    "Original Hash Batches": 1,
                    "Peak Memory Usage": 14560,
                    "Plans": [
                      {
                        "Node Type": "Seq Scan",
                        "Parent Relationship": "Outer",
                        "Parallel Aware": true,
                        "Relation Name": "title",
                        "Alias": "t",
                        "Startup Cost": 0.0,
                        "Total Cost": 58306.47,
                        "Plan Rows": 181482,
                        "Plan Width": 4,
                        "Actual Startup Time": 0.061,
                        "Actual Total Time": 143.391,
                        "Actual Rows": 133300,
                        "Actual Loops": 2,
                        "Filter": "((kind_id < 7) AND (production_year > 2007))",
                        "Rows Removed by Filter": 1130856
                      }
                    ]
                  }
                ]
              }
            ]
          }
        ]
      }
    ]
  },
  "Planning Time": 0.495,
  "Triggers": [],
  "Execution Time": 533.93
}