{
  "Plan": {
    "Node Type": "Aggregate",
    "Strategy": "Plain",
    "Partial Mode": "Finalize",
    "Parallel Aware": false,
    "Startup Cost": 185975.33,
    "Total Cost": 185975.34,
    "Plan Rows": 1,
    "Plan Width": 8,
    "Actual Startup Time": 1247.773,
    "Actual Total Time": 1267.587,
    "Actual Rows": 1,
    "Actual Loops": 1,
    "Plans": [
      {
        "Node Type": "Gather",
        "Parent Relationship": "Outer",
        "Parallel Aware": false,
        "Startup Cost": 185975.21,
        "Total Cost": 185975.32,
        "Plan Rows": 1,
        "Plan Width": 8,
        "Actual Startup Time": 1246.221,
        "Actual Total Time": 1267.578,
        "Actual Rows": 2,
        "Actual Loops": 1,
        "Workers Planned": 1,
        "Workers Launched": 1,
        "Single Copy": false,
        "Plans": [
          {
            "Node Type": "Aggregate",
            "Strategy": "Plain",
            "Partial Mode": "Partial",
            "Parent Relationship": "Outer",
            "Parallel Aware": false,
            "Startup Cost": 184975.21,
            "Total Cost": 184975.22,
            "Plan Rows": 1,
            "Plan Width": 8,
            "Actual Startup Time": 1240.048,
            "Actual Total Time": 1240.052,
            "Actual Rows": 1,
            "Actual Loops": 2,
            "Plans": [
              {
                "Node Type": "Nested Loop",
                "Parent Relationship": "Outer",
                "Parallel Aware": false,
                "Join Type": "Inner",
                "Startup Cost": 77584.68,
                "Total Cost": 184708.96,
                "Plan Rows": 106503,
                "Plan Width": 0,
                "Actual Startup Time": 289.81,
                "Actual Total Time": 1183.278,
                "Actual Rows": 1341684,
                "Actual Loops": 2,
                "Inner Unique": false,
                "Plans": [
                  {
                    "Node Type": "Hash Join",
                    "Parent Relationship": "Outer",
                    "Parallel Aware": true,
                    "Join Type": "Inner",
                    "Startup Cost": 77584.25,
                    "Total Cost": 108122.76,
                    "Plan Rows": 103204,
                    "Plan Width": 8,
                    "Actual Startup Time": 289.693,
                    "Actual Total Time": 468.383,
                    "Actual Rows": 152730,
                    "Actual Loops": 2,
                    "Inner Unique": true,
                    "Hash Cond": "(mk.movie_id = t.id)",
                    "Plans": [
                      {
                        "Node Type": "Bitmap Heap Scan",
                        "Parent Relationship": "Outer",
                        "Parallel Aware": true,
                        "Relation Name": "movie_keyword",
                        "Alias": "mk",
                        "Startup Cost": 14508.5,
                        "Total Cost": 43991.03,
                        "Plan Rows": 402282,
                        "Plan Width": 4,
                        "Actual Startup Time": 41.812,
                        "Actual Total Time": 129.431,
                        "Actual Rows": 342610,
                        "Actual Loops": 2,
                        "Recheck Cond": "(keyword_id < 568)",
                        "Rows Removed by Index Recheck": 0,
                        "Exact Heap Blocks": 13156,
                        "Lossy Heap Blocks": 0,
                        "Plans": [
                          {
                            "Node Type": "Bitmap Index Scan",
                            "Parent Relationship": "Outer",
                            "Parallel Aware": false,
                            "Index Name": "keyword_id_movie_keyword",
                            "Startup Cost": 0.0,
                            "Total Cost": 14337.53,
                            "Plan Rows": 683880,
                            "Plan Width": 0,
                            "Actual Startup Time": 38.159,
                            "Actual Total Time": 38.16,
                            "Actual Rows": 685221,
                            "Actual Loops": 1,
                            "Index Cond": "(keyword_id < 568)"
                          }
                        ]
                      },
                      {
                        "Node Type": "Hash",
                        "Parent Relationship": "Inner",
                        "Parallel Aware": true,
                        "Startup Cost": 58306.47,
                        "Total Cost": 58306.47,
                        "Plan Rows": 381542,
                        "Plan Width": 4,
                        "Actual Startup Time": 238.876,
                        "Actual Total Time": 238.877,
                        "Actual Rows": 260932,
                        "Actual Loops": 2,
                        "Hash Buckets": 1048576,
                        "Original Hash Buckets": 1048576,
                        "Hash Batches": 1,
                        "Original Hash Batches": 1,
                        "Peak Memory Usage": 28640,
                        "Plans": [
                          {
                            "Node Type": "Seq Scan",
                            "Parent Relationship": "Outer",
                            "Parallel Aware": true,
                            "Relation Name": "title",
                            "Alias": "t",
                            "Startup Cost": 0.0,
                            "Total Cost": 58306.47,
                            "Plan Rows": 381542,
                            "Plan Width": 4,
                            "Actual Startup Time": 0.035,
                            "Actual Total Time": 156.791,
                            "Actual Rows": 260932,
                            "Actual Loops": 2,
                            "Filter": "((kind_id < 4) AND (production_year > 1982))",
                            "Rows Removed by Filter": 1003224
                          }
                        ]
                      }
                    ]
                  },
                  {
                    "Node Type": "Index Only Scan",
                    "Parent Relationship": "Inner",
                    "Parallel Aware": false,
                    "Scan Direction": "Forward",
                    "Index Name": "movie_id_movie_companies",
                    "Relation Name": "movie_companies",
                    "Alias": "mc",
                    "Startup Cost": 0.43,
                    "Total Cost": 0.69,
                    "Plan Rows": 5,
                    "Plan Width": 4,
                    "Actual Startup Time": 0.002,
                    "Actual Total Time": 0.004,
                    "Actual Rows": 9,
                    "Actual Loops": 305461,
                    "Index Cond": "(movie_id = t.id)",
                    "Rows Removed by Index Recheck": 0,
                    "Heap Fetches": 2683368
                  }
                ]
              }
            ]
          }
        ]
      }
    ]
  },
  "Planning Time": 1.112,
  "Triggers": [],
  "Execution Time": 1267.693
}