[
    {
        "Bao": {
            "Bao prediction": "NaN",
            "Bao recommended hint": "(no hint)"
        }
    },
    {
        "Plan": {
            "Node Type": "Aggregate",
            "Strategy": "Plain",
            "Partial Mode": "Finalize",
            "Parallel Aware": false,
            "Startup Cost": 212663.52,
            "Total Cost": 212663.53,
            "Plan Rows": 1,
            "Plan Width": 8,
            "Actual Startup Time": 1033.238,
            "Actual Total Time": 1093.849,
            "Actual Rows": 1,
            "Actual Loops": 1,
            "Output": [
                "count(*)"
            ],
            "Plans": [
                {
                    "Node Type": "Gather",
                    "Parent Relationship": "Outer",
                    "Parallel Aware": false,
                    "Startup Cost": 212663.1,
                    "Total Cost": 212663.51,
                    "Plan Rows": 4,
                    "Plan Width": 8,
                    "Actual Startup Time": 1029.483,
                    "Actual Total Time": 1093.839,
                    "Actual Rows": 5,
                    "Actual Loops": 1,
                    "Output": [
                        "(PARTIAL count(*))"
                    ],
                    "Workers Planned": 4,
                    "Workers Launched": 4,
                    "Single Copy": false,
                    "Plans": [
                        {
                            "Node Type": "Aggregate",
                            "Strategy": "Plain",
                            "Partial Mode": "Partial",
                            "Parent Relationship": "Outer",
                            "Parallel Aware": false,
                            "Startup Cost": 211663.1,
                            "Total Cost": 211663.11,
                            "Plan Rows": 1,
                            "Plan Width": 8,
                            "Actual Startup Time": 1019.98,
                            "Actual Total Time": 1019.983,
                            "Actual Rows": 1,
                            "Actual Loops": 5,
                            "Output": [
                                "PARTIAL count(*)"
                            ],
                            "Workers": [
                                {
                                    "Worker Number": 0,
                                    "Actual Startup Time": 1017.114,
                                    "Actual Total Time": 1017.118,
                                    "Actual Rows": 1,
                                    "Actual Loops": 1
                                },
                                {
                                    "Worker Number": 1,
                                    "Actual Startup Time": 1017.668,
                                    "Actual Total Time": 1017.671,
                                    "Actual Rows": 1,
                                    "Actual Loops": 1
                                },
                                {
                                    "Worker Number": 2,
                                    "Actual Startup Time": 1017.662,
                                    "Actual Total Time": 1017.664,
                                    "Actual Rows": 1,
                                    "Actual Loops": 1
                                },
                                {
                                    "Worker Number": 3,
                                    "Actual Startup Time": 1018.439,
                                    "Actual Total Time": 1018.442,
                                    "Actual Rows": 1,
                                    "Actual Loops": 1
                                }
                            ],
                            "Plans": [
                                {
                                    "Node Type": "Nested Loop",
                                    "Parent Relationship": "Outer",
                                    "Parallel Aware": false,
                                    "Join Type": "Inner",
                                    "Startup Cost": 17531.95,
                                    "Total Cost": 210619.05,
                                    "Plan Rows": 417620,
                                    "Plan Width": 0,
                                    "Actual Startup Time": 68.681,
                                    "Actual Total Time": 982.278,
                                    "Actual Rows": 744618,
                                    "Actual Loops": 5,
                                    "Inner Unique": false,
                                    "Workers": [
                                        {
                                            "Worker Number": 0,
                                            "Actual Startup Time": 65.922,
                                            "Actual Total Time": 975.981,
                                            "Actual Rows": 510212,
                                            "Actual Loops": 1
                                        },
                                        {
                                            "Worker Number": 1,
                                            "Actual Startup Time": 66.511,
                                            "Actual Total Time": 982.502,
                                            "Actual Rows": 735807,
                                            "Actual Loops": 1
                                        },
                                        {
                                            "Worker Number": 2,
                                            "Actual Startup Time": 66.42,
                                            "Actual Total Time": 981.694,
                                            "Actual Rows": 744508,
                                            "Actual Loops": 1
                                        },
                                        {
                                            "Worker Number": 3,
                                            "Actual Startup Time": 66.888,
                                            "Actual Total Time": 982.607,
                                            "Actual Rows": 749791,
                                            "Actual Loops": 1
                                        }
                                    ],
                                    "Plans": [
                                        {
                                            "Node Type": "Hash Join",
                                            "Parent Relationship": "Outer",
                                            "Parallel Aware": true,
                                            "Join Type": "Inner",
                                            "Startup Cost": 17531.52,
                                            "Total Cost": 63195.69,
                                            "Plan Rows": 71560,
                                            "Plan Width": 8,
                                            "Actual Startup Time": 68.601,
                                            "Actual Total Time": 259.914,
                                            "Actual Rows": 52378,
                                            "Actual Loops": 5,
                                            "Output": [
                                                "t.id",
                                                "mi_idx.movie_id"
                                            ],
                                            "Inner Unique": false,
                                            "Hash Cond": "(t.id = mi_idx.movie_id)",
                                            "Workers": [
                                                {
                                                    "Worker Number": 0,
                                                    "Actual Startup Time": 65.822,
                                                    "Actual Total Time": 245.969,
                                                    "Actual Rows": 35424,
                                                    "Actual Loops": 1
                                                },
                                                {
                                                    "Worker Number": 1,
                                                    "Actual Startup Time": 66.427,
                                                    "Actual Total Time": 253.597,
                                                    "Actual Rows": 52452,
                                                    "Actual Loops": 1
                                                },
                                                {
                                                    "Worker Number": 2,
                                                    "Actual Startup Time": 66.328,
                                                    "Actual Total Time": 257.579,
                                                    "Actual Rows": 52334,
                                                    "Actual Loops": 1
                                                },
                                                {
                                                    "Worker Number": 3,
                                                    "Actual Startup Time": 66.796,
                                                    "Actual Total Time": 252.879,
                                                    "Actual Rows": 52851,
                                                    "Actual Loops": 1
                                                }
                                            ],
                                            "Plans": [
                                                {
                                                    "Node Type": "Seq Scan",
                                                    "Parent Relationship": "Outer",
                                                    "Parallel Aware": true,
                                                    "Relation Name": "title",
                                                    "Schema": "public",
                                                    "Alias": "t",
                                                    "Startup Cost": 0.0,
                                                    "Total Cost": 43899.01,
                                                    "Plan Rows": 391198,
                                                    "Plan Width": 4,
                                                    "Actual Startup Time": 0.015,
                                                    "Actual Total Time": 75.915,
                                                    "Actual Rows": 314114,
                                                    "Actual Loops": 5,
                                                    "Output": [
                                                        "t.id",
                                                        "t.title",
                                                        "t.imdb_index",
                                                        "t.kind_id",
                                                        "t.production_year",
                                                        "t.imdb_id",
                                                        "t.phonetic_code",
                                                        "t.episode_of_id",
                                                        "t.season_nr",
                                                        "t.episode_nr",
                                                        "t.series_years",
                                                        "t.md5sum"
                                                    ],
                                                    "Filter": "(t.production_year > 1996)",
                                                    "Rows Removed by Filter": 191549,
                                                    "Workers": [
                                                        {
                                                            "Worker Number": 0,
                                                            "Actual Startup Time": 0.024,
                                                            "Actual Total Time": 79.587,
                                                            "Actual Rows": 209571,
                                                            "Actual Loops": 1
                                                        },
                                                        {
                                                            "Worker Number": 1,
                                                            "Actual Startup Time": 0.017,
                                                            "Actual Total Time": 75.362,
                                                            "Actual Rows": 314739,
                                                            "Actual Loops": 1
                                                        },
                                                        {
                                                            "Worker Number": 2,
                                                            "Actual Startup Time": 0.014,
                                                            "Actual Total Time": 75.206,
                                                            "Actual Rows": 312934,
                                                            "Actual Loops": 1
                                                        },
                                                        {
                                                            "Worker Number": 3,
                                                            "Actual Startup Time": 0.017,
                                                            "Actual Total Time": 75.059,
                                                            "Actual Rows": 317344,
                                                            "Actual Loops": 1
                                                        }
                                                    ]
                                                },
                                                {
                                                    "Node Type": "Hash",
                                                    "Parent Relationship": "Inner",
                                                    "Parallel Aware": true,
                                                    "Startup Cost": 15122.68,
                                                    "Total Cost": 15122.68,
                                                    "Plan Rows": 192707,
                                                    "Plan Width": 4,
                                                    "Actual Startup Time": 66.898,
                                                    "Actual Total Time": 66.899,
                                                    "Actual Rows": 91985,
                                                    "Actual Loops": 5,
                                                    "Output": [
                                                        "mi_idx.movie_id"
                                                    ],
                                                    "Hash Buckets": 524288,
                                                    "Original Hash Buckets": 524288,
                                                    "Hash Batches": 1,
                                                    "Original Hash Batches": 1,
                                                    "Peak Memory Usage": 22208,
                                                    "Workers": [
                                                        {
                                                            "Worker Number": 0,
                                                            "Actual Startup Time": 65.294,
                                                            "Actual Total Time": 65.295,
                                                            "Actual Rows": 61399,
                                                            "Actual Loops": 1
                                                        },
                                                        {
                                                            "Worker Number": 1,
                                                            "Actual Startup Time": 65.797,
                                                            "Actual Total Time": 65.798,
                                                            "Actual Rows": 85109,
                                                            "Actual Loops": 1
                                                        },
                                                        {
                                                            "Worker Number": 2,
                                                            "Actual Startup Time": 65.782,
                                                            "Actual Total Time": 65.783,
                                                            "Actual Rows": 72178,
                                                            "Actual Loops": 1
                                                        },
                                                        {
                                                            "Worker Number": 3,
                                                            "Actual Startup Time": 66.316,
                                                            "Actual Total Time": 66.316,
                                                            "Actual Rows": 89635,
                                                            "Actual Loops": 1
                                                        }
                                                    ],
                                                    "Plans": [
                                                        {
                                                            "Node Type": "Seq Scan",
                                                            "Parent Relationship": "Outer",
                                                            "Parallel Aware": true,
                                                            "Relation Name": "movie_info_idx",
                                                            "Schema": "public",
                                                            "Alias": "mi_idx",
                                                            "Startup Cost": 0.0,
                                                            "Total Cost": 15122.68,
                                                            "Plan Rows": 192707,
                                                            "Plan Width": 4,
                                                            "Actual Startup Time": 0.056,
                                                            "Actual Total Time": 35.662,
                                                            "Actual Rows": 91985,
                                                            "Actual Loops": 5,
                                                            "Output": [
                                                                "mi_idx.movie_id"
                                                            ],
                                                            "Filter": "(mi_idx.info_type_id = 100)",
                                                            "Rows Removed by Filter": 184022,
                                                            "Workers": [
                                                                {
                                                                    "Worker Number": 0,
                                                                    "Actual Startup Time": 0.068,
                                                                    "Actual Total Time": 35.301,
                                                                    "Actual Rows": 61399,
                                                                    "Actual Loops": 1
                                                                },
                                                                {
                                                                    "Worker Number": 1,
                                                                    "Actual Startup Time": 0.051,
                                                                    "Actual Total Time": 36.65,
                                                                    "Actual Rows": 85109,
                                                                    "Actual Loops": 1
                                                                },
                                                                {
                                                                    "Worker Number": 2,
                                                                    "Actual Startup Time": 0.083,
                                                                    "Actual Total Time": 34.298,
                                                                    "Actual Rows": 72178,
                                                                    "Actual Loops": 1
                                                                },
                                                                {
                                                                    "Worker Number": 3,
                                                                    "Actual Startup Time": 0.061,
                                                                    "Actual Total Time": 36.772,
                                                                    "Actual Rows": 89635,
                                                                    "Actual Loops": 1
                                                                }
                                                            ]
                                                        }
                                                    ]
                                                }
                                            ]
                                        },
                                        {
                                            "Node Type": "Index Only Scan",
                                            "Parent Relationship": "Inner",
                                            "Parallel Aware": false,
                                            "Scan Direction": "Forward",
                                            "Index Name": "movie_id_movie_info",
                                            "Relation Name": "movie_info",
                                            "Schema": "public",
                                            "Alias": "mi",
                                            "Startup Cost": 0.43,
                                            "Total Cost": 1.67,
                                            "Plan Rows": 39,
                                            "Plan Width": 4,
                                            "Actual Startup Time": 0.005,
                                            "Actual Total Time": 0.013,
                                            "Actual Rows": 14,
                                            "Actual Loops": 261891,
                                            "Output": [
                                                "mi.movie_id"
                                            ],
                                            "Index Cond": "(mi.movie_id = t.id)",
                                            "Rows Removed by Index Recheck": 0,
                                            "Heap Fetches": 3723091,
                                            "Workers": [
                                                {
                                                    "Worker Number": 0,
                                                    "Actual Startup Time": 0.009,
                                                    "Actual Total Time": 0.019,
                                                    "Actual Rows": 14,
                                                    "Actual Loops": 35424
                                                },
                                                {
                                                    "Worker Number": 1,
                                                    "Actual Startup Time": 0.006,
                                                    "Actual Total Time": 0.013,
                                                    "Actual Rows": 14,
                                                    "Actual Loops": 52452
                                                },
                                                {
                                                    "Worker Number": 2,
                                                    "Actual Startup Time": 0.006,
                                                    "Actual Total Time": 0.013,
                                                    "Actual Rows": 14,
                                                    "Actual Loops": 52334
                                                },
                                                {
                                                    "Worker Number": 3,
                                                    "Actual Startup Time": 0.006,
                                                    "Actual Total Time": 0.013,
                                                    "Actual Rows": 14,
                                                    "Actual Loops": 52851
                                                }
                                            ]
                                        }
                                    ]
                                }
                            ]
                        }
                    ]
                }
            ]
        },
        "Planning Time": 191.641,
        "Triggers": [],
        "Execution Time": 1093.996
    }
]