[
  {
    "Plan": {
      "Node Type": "Aggregate",
      "Strategy": "Plain",
      "Partial Mode": "Finalize",
      "Parallel Aware": false,
      "Startup Cost": 112361.8,
      "Total Cost": 112361.81,
      "Plan Rows": 1,
      "Plan Width": 8,
      "Actual Startup Time": 378.927,
      "Actual Total Time": 396.431,
      "Actual Rows": 1,
      "Actual Loops": 1,
      "Plans": [
        {
          "Node Type": "Gather",
          "Parent Relationship": "Outer",
          "Parallel Aware": false,
          "Startup Cost": 112361.48,
          "Total Cost": 112361.79,
          "Plan Rows": 3,
          "Plan Width": 8,
          "Actual Startup Time": 376.243,
          "Actual Total Time": 396.421,
          "Actual Rows": 4,
          "Actual Loops": 1,
          "Workers Planned": 3,
          "Workers Launched": 3,
          "Single Copy": false,
          "Plans": [
            {
              "Node Type": "Aggregate",
              "Strategy": "Plain",
              "Partial Mode": "Partial",
              "Parent Relationship": "Outer",
              "Parallel Aware": false,
              "Startup Cost": 111361.48,
              "Total Cost": 111361.49,
              "Plan Rows": 1,
              "Plan Width": 8,
              "Actual Startup Time": 367.079,
              "Actual Total Time": 367.084,
              "Actual Rows": 1,
              "Actual Loops": 4,
              "Plans": [
                {
                  "Node Type": "Hash Join",
                  "Parent Relationship": "Outer",
                  "Parallel Aware": true,
                  "Join Type": "Inner",
                  "Startup Cost": 63033.83,
                  "Total Cost": 111240.7,
                  "Plan Rows": 48314,
                  "Plan Width": 0,
                  "Actual Startup Time": 190.804,
                  "Actual Total Time": 366.025,
                  "Actual Rows": 26198,
                  "Actual Loops": 4,
                  "Inner Unique": false,
                  "Hash Cond": "(mk.movie_id = t.id)",
                  "Plans": [
                    {
                      "Node Type": "Seq Scan",
                      "Parent Relationship": "Outer",
                      "Parallel Aware": true,
                      "Relation Name": "movie_keyword",
                      "Alias": "mk",
                      "Startup Cost": 0.0,
                      "Total Cost": 42695.65,
                      "Plan Rows": 1415976,
                      "Plan Width": 4,
                      "Actual Startup Time": 0.03,
                      "Actual Total Time": 110.807,
                      "Actual Rows": 1098300,
                      "Actual Loops": 4,
                      "Filter": "(keyword_id < 76301)",
                      "Rows Removed by Filter": 32683
                    },
                    {
                      "Node Type": "Hash",
                      "Parent Relationship": "Inner",
                      "Parallel Aware": true,
                      "Startup Cost": 62584.53,
                      "Total Cost": 62584.53,
                      "Plan Rows": 35944,
                      "Plan Width": 8,
                      "Actual Startup Time": 188.745,
                      "Actual Total Time": 188.749,
                      "Actual Rows": 11172,
                      "Actual Loops": 4,
                      "Hash Buckets": 131072,
                      "Original Hash Buckets": 131072,
                      "Hash Batches": 1,
                      "Original Hash Batches": 1,
                      "Peak Memory Usage": 2816,
                      "Plans": [
                        {
                          "Node Type": "Hash Join",
                          "Parent Relationship": "Outer",
                          "Parallel Aware": true,
                          "Join Type": "Inner",
                          "Startup Cost": 46957.65,
                          "Total Cost": 62584.53,
                          "Plan Rows": 35944,
                          "Plan Width": 8,
                          "Actual Startup Time": 129.92,
                          "Actual Total Time": 185.581,
                          "Actual Rows": 11172,
                          "Actual Loops": 4,
                          "Inner Unique": true,
                          "Hash Cond": "(mi_idx.movie_id = t.id)",
                          "Plans": [
                            {
                              "Node Type": "Seq Scan",
                              "Parent Relationship": "Outer",
                              "Parallel Aware": true,
                              "Relation Name": "movie_info_idx",
                              "Alias": "mi_idx",
                              "Startup Cost": 0.0,
                              "Total Cost": 15122.68,
                              "Plan Rows": 192074,
                              "Plan Width": 4,
                              "Actual Startup Time": 0.028,
                              "Actual Total Time": 29.212,
                              "Actual Rows": 115046,
                              "Actual Loops": 4,
                              "Filter": "(info_type_id > 100)",
                              "Rows Removed by Filter": 229962
                            },
                            {
                              "Node Type": "Hash",
                              "Parent Relationship": "Inner",
                              "Parallel Aware": true,
                              "Startup Cost": 45479.1,
                              "Total Cost": 45479.1,
                              "Plan Rows": 118284,
                              "Plan Width": 4,
                              "Actual Startup Time": 127.857,
                              "Actual Total Time": 127.859,
                              "Actual Rows": 90115,
                              "Actual Loops": 4,
                              "Hash Buckets": 524288,
                              "Original Hash Buckets": 524288,
                              "Hash Batches": 1,
                              "Original Hash Batches": 1,
                              "Peak Memory Usage": 18272,
                              "Plans": [
                                {
                                  "Node Type": "Seq Scan",
                                  "Parent Relationship": "Outer",
                                  "Parallel Aware": true,
                                  "Relation Name": "title",
                                  "Alias": "t",
                                  "Startup Cost": 0.0,
                                  "Total Cost": 45479.1,
                                  "Plan Rows": 118284,
                                  "Plan Width": 4,
                                  "Actual Startup Time": 0.051,
                                  "Actual Total Time": 96.89,
                                  "Actual Rows": 90115,
                                  "Actual Loops": 4,
                                  "Filter": "((production_year < 1994) AND (kind_id = 7))",
                                  "Rows Removed by Filter": 541963
                                }
                              ]
                            }
                          ]
                        }
                      ]
                    }
                  ]
                }
              ]
            }
          ]
        }
      ]
    },
    "Planning Time": 1.329,
    "Triggers": [],
    "Execution Time": 396.523
  }
]