[
  {
    "Plan": {
      "Node Type": "Aggregate",
      "Strategy": "Plain",
      "Partial Mode": "Finalize",
      "Parallel Aware": false,
      "Startup Cost": 31343.83,
      "Total Cost": 31343.84,
      "Plan Rows": 1,
      "Plan Width": 8,
      "Actual Startup Time": 79.469,
      "Actual Total Time": 85.744,
      "Actual Rows": 1,
      "Actual Loops": 1,
      "Plans": [
        {
          "Node Type": "Gather",
          "Parent Relationship": "Outer",
          "Parallel Aware": false,
          "Startup Cost": 31343.51,
          "Total Cost": 31343.82,
          "Plan Rows": 3,
          "Plan Width": 8,
          "Actual Startup Time": 79.387,
          "Actual Total Time": 85.739,
          "Actual Rows": 4,
          "Actual Loops": 1,
          "Workers Planned": 3,
          "Workers Launched": 3,
          "Single Copy": false,
          "Plans": [
            {
              "Node Type": "Aggregate",
              "Strategy": "Plain",
              "Partial Mode": "Partial",
              "Parent Relationship": "Outer",
              "Parallel Aware": false,
              "Startup Cost": 30343.51,
              "Total Cost": 30343.52,
              "Plan Rows": 1,
              "Plan Width": 8,
              "Actual Startup Time": 76.801,
              "Actual Total Time": 76.802,
              "Actual Rows": 1,
              "Actual Loops": 4,
              "Plans": [
                {
                  "Node Type": "Seq Scan",
                  "Parent Relationship": "Outer",
                  "Parallel Aware": true,
                  "Relation Name": "movie_companies",
                  "Alias": "mc",
                  "Startup Cost": 0.0,
                  "Total Cost": 29310.68,
                  "Plan Rows": 413131,
                  "Plan Width": 0,
                  "Actual Startup Time": 11.258,
                  "Actual Total Time": 63.367,
                  "Actual Rows": 321714,
                  "Actual Loops": 4,
                  "Filter": "(company_id > 11373)",
                  "Rows Removed by Filter": 330568
                }
              ]
            }
          ]
        }
      ]
    },
    "Planning Time": 0.05,
    "Triggers": [],
    "Execution Time": 85.766
  }
]