[
  {
    "Plan": {
      "Node Type": "Aggregate",
      "Strategy": "Plain",
      "Partial Mode": "Finalize",
      "Parallel Aware": false,
      "Startup Cost": 188619.92,
      "Total Cost": 188619.93,
      "Plan Rows": 1,
      "Plan Width": 8,
      "Actual Startup Time": 64.317,
      "Actual Total Time": 70.433,
      "Actual Rows": 1,
      "Actual Loops": 1,
      "Plans": [
        {
          "Node Type": "Gather",
          "Parent Relationship": "Outer",
          "Parallel Aware": false,
          "Startup Cost": 188619.5,
          "Total Cost": 188619.91,
          "Plan Rows": 4,
          "Plan Width": 8,
          "Actual Startup Time": 62.982,
          "Actual Total Time": 70.427,
          "Actual Rows": 5,
          "Actual Loops": 1,
          "Workers Planned": 4,
          "Workers Launched": 4,
          "Single Copy": false,
          "Plans": [
            {
              "Node Type": "Aggregate",
              "Strategy": "Plain",
              "Partial Mode": "Partial",
              "Parent Relationship": "Outer",
              "Parallel Aware": false,
              "Startup Cost": 187619.5,
              "Total Cost": 187619.51,
              "Plan Rows": 1,
              "Plan Width": 8,
              "Actual Startup Time": 55.976,
              "Actual Total Time": 55.979,
              "Actual Rows": 1,
              "Actual Loops": 5,
              "Plans": [
                {
                  "Node Type": "Hash Join",
                  "Parent Relationship": "Outer",
                  "Parallel Aware": true,
                  "Join Type": "Inner",
                  "Startup Cost": 40125.99,
                  "Total Cost": 187617.16,
                  "Plan Rows": 938,
                  "Plan Width": 0,
                  "Actual Startup Time": 45.967,
                  "Actual Total Time": 55.97,
                  "Actual Rows": 38,
                  "Actual Loops": 5,
                  "Inner Unique": true,
                  "Hash Cond": "(mi.movie_id = t.id)",
                  "Plans": [
                    {
                      "Node Type": "Bitmap Heap Scan",
                      "Parent Relationship": "Outer",
                      "Parallel Aware": true,
                      "Relation Name": "movie_info",
                      "Alias": "mi",
                      "Startup Cost": 1771.81,
                      "Total Cost": 149198.68,
                      "Plan Rows": 24496,
                      "Plan Width": 4,
                      "Actual Startup Time": 4.81,
                      "Actual Total Time": 13.709,
                      "Actual Rows": 21807,
                      "Actual Loops": 5,
                      "Recheck Cond": "(info_type_id = 106)",
                      "Rows Removed by Index Recheck": 0,
                      "Exact Heap Blocks": 1468,
                      "Lossy Heap Blocks": 0,
                      "Plans": [
                        {
                          "Node Type": "Bitmap Index Scan",
                          "Parent Relationship": "Outer",
                          "Parallel Aware": false,
                          "Index Name": "info_type_id_movie_info",
                          "Startup Cost": 0.0,
                          "Total Cost": 1747.32,
                          "Plan Rows": 97984,
                          "Plan Width": 0,
                          "Actual Startup Time": 4.16,
                          "Actual Total Time": 4.16,
                          "Actual Rows": 109034,
                          "Actual Loops": 1,
                          "Index Cond": "(info_type_id = 106)"
                        }
                      ]
                    },
                    {
                      "Node Type": "Hash",
                      "Parent Relationship": "Inner",
                      "Parallel Aware": true,
                      "Startup Cost": 38051.55,
                      "Total Cost": 38051.55,
                      "Plan Rows": 24210,
                      "Plan Width": 4,
                      "Actual Startup Time": 39.104,
                      "Actual Total Time": 39.105,
                      "Actual Rows": 20107,
                      "Actual Loops": 5,
                      "Hash Buckets": 131072,
                      "Original Hash Buckets": 131072,
                      "Hash Batches": 1,
                      "Original Hash Batches": 1,
                      "Peak Memory Usage": 5056,
                      "Plans": [
                        {
                          "Node Type": "Bitmap Heap Scan",
                          "Parent Relationship": "Outer",
                          "Parallel Aware": true,
                          "Relation Name": "title",
                          "Alias": "t",
                          "Startup Cost": 1750.93,
                          "Total Cost": 38051.55,
                          "Plan Rows": 24210,
                          "Plan Width": 4,
                          "Actual Startup Time": 4.685,
                          "Actual Total Time": 30.92,
                          "Actual Rows": 20107,
                          "Actual Loops": 5,
                          "Recheck Cond": "(kind_id = 3)",
                          "Rows Removed by Index Recheck": 0,
                          "Exact Heap Blocks": 5607,
                          "Lossy Heap Blocks": 0,
                          "Plans": [
                            {
                              "Node Type": "Bitmap Index Scan",
                              "Parent Relationship": "Outer",
                              "Parallel Aware": false,
                              "Index Name": "kind_id_title",
                              "Startup Cost": 0.0,
                              "Total Cost": 1726.72,
                              "Plan Rows": 96839,
                              "Plan Width": 0,
                              "Actual Startup Time": 7.509,
                              "Actual Total Time": 7.509,
                              "Actual Rows": 100537,
                              "Actual Loops": 1,
                              "Index Cond": "(kind_id = 3)"
                            }
                          ]
                        }
                      ]
                    }
                  ]
                }
              ]
            }
          ]
        }
      ]
    },
    "Planning Time": 0.268,
    "Triggers": [],
    "Execution Time": 70.474
  }
]