{
  "Plan": {
    "Node Type": "Aggregate",
    "Strategy": "Plain",
    "Partial Mode": "Finalize",
    "Parallel Aware": false,
    "Startup Cost": 126807.23,
    "Total Cost": 126807.24,
    "Plan Rows": 1,
    "Plan Width": 8,
    "Actual Startup Time": 609.428,
    "Actual Total Time": 623.846,
    "Actual Rows": 1,
    "Actual Loops": 1,
    "Plans": [
      {
        "Node Type": "Gather",
        "Parent Relationship": "Outer",
        "Parallel Aware": false,
        "Startup Cost": 126807.11,
        "Total Cost": 126807.22,
        "Plan Rows": 1,
        "Plan Width": 8,
        "Actual Startup Time": 608.137,
        "Actual Total Time": 623.838,
        "Actual Rows": 2,
        "Actual Loops": 1,
        "Workers Planned": 1,
        "Workers Launched": 1,
        "Single Copy": false,
        "Plans": [
          {
            "Node Type": "Aggregate",
            "Strategy": "Plain",
            "Partial Mode": "Partial",
            "Parent Relationship": "Outer",
            "Parallel Aware": false,
            "Startup Cost": 125807.11,
            "Total Cost": 125807.12,
            "Plan Rows": 1,
            "Plan Width": 8,
            "Actual Startup Time": 602.118,
            "Actual Total Time": 602.122,
            "Actual Rows": 1,
            "Actual Loops": 2,
            "Plans": [
              {
                "Node Type": "Hash Join",
                "Parent Relationship": "Outer",
                "Parallel Aware": true,
                "Join Type": "Inner",
                "Startup Cost": 62378.76,
                "Total Cost": 124821.47,
                "Plan Rows": 394256,
                "Plan Width": 0,
                "Actual Startup Time": 265.802,
                "Actual Total Time": 598.759,
                "Actual Rows": 86912,
                "Actual Loops": 2,
                "Inner Unique": true,
                "Hash Cond": "(mk.movie_id = t.id)",
                "Plans": [
                  {
                    "Node Type": "Seq Scan",
                    "Parent Relationship": "Outer",
                    "Parallel Aware": true,
                    "Relation Name": "movie_keyword",
                    "Alias": "mk",
                    "Startup Cost": 0.0,
                    "Total Cost": 57718.19,
                    "Plan Rows": 1799816,
                    "Plan Width": 4,
                    "Actual Startup Time": 0.2,
                    "Actual Total Time": 194.215,
                    "Actual Rows": 1521735,
                    "Actual Loops": 2,
                    "Filter": "(keyword_id > 2109)",
                    "Rows Removed by Filter": 740230
                  },
                  {
                    "Node Type": "Hash",
                    "Parent Relationship": "Inner",
                    "Parallel Aware": true,
                    "Startup Cost": 58306.47,
                    "Total Cost": 58306.47,
                    "Plan Rows": 325783,
                    "Plan Width": 4,
                    "Actual Startup Time": 256.16,
                    "Actual Total Time": 256.161,
                    "Actual Rows": 301202,
                    "Actual Loops": 2,
                    "Hash Buckets": 1048576,
                    "Original Hash Buckets": 1048576,
                    "Hash Batches": 1,
                    "Original Hash Batches": 1,
                    "Peak Memory Usage": 31808,
                    "Plans": [
                      {
                        "Node Type": "Seq Scan",
                        "Parent Relationship": "Outer",
                        "Parallel Aware": true,
                        "Relation Name": "title",
                        "Alias": "t",
                        "Startup Cost": 0.0,
                        "Total Cost": 58306.47,
                        "Plan Rows": 325783,
                        "Plan Width": 4,
                        "Actual Startup Time": 0.036,
                        "Actual Total Time": 157.959,
                        "Actual Rows": 301202,
                        "Actual Loops": 2,
                        "Filter": "((production_year > 2006) AND (kind_id = 7))",
                        "Rows Removed by Filter": 962954
                      }
                    ]
                  }
                ]
              }
            ]
          }
        ]
      }
    ]
  },
  "Planning Time": 0.621,
  "Triggers": [],
  "Execution Time": 623.967
}