[
  {
    "Plan": {
      "Node Type": "Aggregate",
      "Strategy": "Plain",
      "Partial Mode": "Finalize",
      "Parallel Aware": false,
      "Startup Cost": 32661.07,
      "Total Cost": 32661.08,
      "Plan Rows": 1,
      "Plan Width": 8,
      "Actual Startup Time": 98.278,
      "Actual Total Time": 106.845,
      "Actual Rows": 1,
      "Actual Loops": 1,
      "Plans": [
        {
          "Node Type": "Gather",
          "Parent Relationship": "Outer",
          "Parallel Aware": false,
          "Startup Cost": 32660.75,
          "Total Cost": 32661.06,
          "Plan Rows": 3,
          "Plan Width": 8,
          "Actual Startup Time": 98.195,
          "Actual Total Time": 106.838,
          "Actual Rows": 4,
          "Actual Loops": 1,
          "Workers Planned": 3,
          "Workers Launched": 3,
          "Single Copy": false,
          "Plans": [
            {
              "Node Type": "Aggregate",
              "Strategy": "Plain",
              "Partial Mode": "Partial",
              "Parent Relationship": "Outer",
              "Parallel Aware": false,
              "Startup Cost": 31660.75,
              "Total Cost": 31660.76,
              "Plan Rows": 1,
              "Plan Width": 8,
              "Actual Startup Time": 89.959,
              "Actual Total Time": 89.96,
              "Actual Rows": 1,
              "Actual Loops": 4,
              "Plans": [
                {
                  "Node Type": "Seq Scan",
                  "Parent Relationship": "Outer",
                  "Parallel Aware": true,
                  "Relation Name": "movie_companies",
                  "Alias": "mc",
                  "Startup Cost": 0.0,
                  "Total Cost": 31414.82,
                  "Plan Rows": 98374,
                  "Plan Width": 0,
                  "Actual Startup Time": 0.044,
                  "Actual Total Time": 80.957,
                  "Actual Rows": 111045,
                  "Actual Loops": 4,
                  "Filter": "((company_id < 754) AND (company_type_id < 2))",
                  "Rows Removed by Filter": 541237
                }
              ]
            }
          ]
        }
      ]
    },
    "Planning Time": 0.194,
    "Triggers": [],
    "Execution Time": 106.898
  }
]