[
  {
    "Plan": {
      "Node Type": "Aggregate",
      "Strategy": "Plain",
      "Partial Mode": "Finalize",
      "Parallel Aware": false,
      "Startup Cost": 350117.19,
      "Total Cost": 350117.2,
      "Plan Rows": 1,
      "Plan Width": 8,
      "Actual Startup Time": 888.415,
      "Actual Total Time": 954.323,
      "Actual Rows": 1,
      "Actual Loops": 1,
      "Plans": [
        {
          "Node Type": "Gather",
          "Parent Relationship": "Outer",
          "Parallel Aware": false,
          "Startup Cost": 350116.57,
          "Total Cost": 350117.18,
          "Plan Rows": 6,
          "Plan Width": 8,
          "Actual Startup Time": 888.296,
          "Actual Total Time": 954.313,
          "Actual Rows": 7,
          "Actual Loops": 1,
          "Workers Planned": 6,
          "Workers Launched": 6,
          "Single Copy": false,
          "Plans": [
            {
              "Node Type": "Aggregate",
              "Strategy": "Plain",
              "Partial Mode": "Partial",
              "Parent Relationship": "Outer",
              "Parallel Aware": false,
              "Startup Cost": 349116.57,
              "Total Cost": 349116.58,
              "Plan Rows": 1,
              "Plan Width": 8,
              "Actual Startup Time": 878.914,
              "Actual Total Time": 878.915,
              "Actual Rows": 1,
              "Actual Loops": 7,
              "Plans": [
                {
                  "Node Type": "Seq Scan",
                  "Parent Relationship": "Outer",
                  "Parallel Aware": true,
                  "Relation Name": "cast_info",
                  "Alias": "ci",
                  "Startup Cost": 0.0,
                  "Total Cost": 343257.03,
                  "Plan Rows": 2343816,
                  "Plan Width": 0,
                  "Actual Startup Time": 400.438,
                  "Actual Total Time": 774.707,
                  "Actual Rows": 2093280,
                  "Actual Loops": 7,
                  "Filter": "((person_id > 512909) AND (role_id > 2))",
                  "Rows Removed by Filter": 3084484
                }
              ]
            }
          ]
        }
      ]
    },
    "Planning Time": 0.157,
    "Triggers": [],
    "Execution Time": 954.383
  }
]