[
  {
    "Plan": {
      "Node Type": "Aggregate",
      "Strategy": "Plain",
      "Partial Mode": "Finalize",
      "Parallel Aware": false,
      "Startup Cost": 72588.55,
      "Total Cost": 72588.56,
      "Plan Rows": 1,
      "Plan Width": 8,
      "Actual Startup Time": 325.511,
      "Actual Total Time": 338.136,
      "Actual Rows": 1,
      "Actual Loops": 1,
      "Plans": [
        {
          "Node Type": "Gather",
          "Parent Relationship": "Outer",
          "Parallel Aware": false,
          "Startup Cost": 72588.13,
          "Total Cost": 72588.54,
          "Plan Rows": 4,
          "Plan Width": 8,
          "Actual Startup Time": 319.097,
          "Actual Total Time": 338.127,
          "Actual Rows": 5,
          "Actual Loops": 1,
          "Workers Planned": 4,
          "Workers Launched": 4,
          "Single Copy": false,
          "Plans": [
            {
              "Node Type": "Aggregate",
              "Strategy": "Plain",
              "Partial Mode": "Partial",
              "Parent Relationship": "Outer",
              "Parallel Aware": false,
              "Startup Cost": 71588.13,
              "Total Cost": 71588.14,
              "Plan Rows": 1,
              "Plan Width": 8,
              "Actual Startup Time": 305.776,
              "Actual Total Time": 305.779,
              "Actual Rows": 1,
              "Actual Loops": 5,
              "Plans": [
                {
                  "Node Type": "Hash Join",
                  "Parent Relationship": "Outer",
                  "Parallel Aware": true,
                  "Join Type": "Inner",
                  "Startup Cost": 48702.18,
                  "Total Cost": 71281.2,
                  "Plan Rows": 122772,
                  "Plan Width": 0,
                  "Actual Startup Time": 215.779,
                  "Actual Total Time": 302.69,
                  "Actual Rows": 72613,
                  "Actual Loops": 5,
                  "Inner Unique": true,
                  "Hash Cond": "(ci.movie_id = t.id)",
                  "Plans": [
                    {
                      "Node Type": "Index Scan",
                      "Parent Relationship": "Outer",
                      "Parallel Aware": true,
                      "Scan Direction": "Forward",
                      "Index Name": "role_id_cast_info",
                      "Relation Name": "cast_info",
                      "Alias": "ci",
                      "Startup Cost": 0.56,
                      "Total Cost": 22049.42,
                      "Plan Rows": 201971,
                      "Plan Width": 4,
                      "Actual Startup Time": 0.095,
                      "Actual Total Time": 23.759,
                      "Actual Rows": 154735,
                      "Actual Loops": 5,
                      "Index Cond": "(role_id = 6)",
                      "Rows Removed by Index Recheck": 0
                    },
                    {
                      "Node Type": "Hash",
                      "Parent Relationship": "Inner",
                      "Parallel Aware": true,
                      "Startup Cost": 43898.92,
                      "Total Cost": 43898.92,
                      "Plan Rows": 384216,
                      "Plan Width": 4,
                      "Actual Startup Time": 209.193,
                      "Actual Total Time": 209.194,
                      "Actual Rows": 308653,
                      "Actual Loops": 5,
                      "Hash Buckets": 2097152,
                      "Original Hash Buckets": 2097152,
                      "Hash Batches": 1,
                      "Original Hash Batches": 1,
                      "Peak Memory Usage": 76832,
                      "Plans": [
                        {
                          "Node Type": "Seq Scan",
                          "Parent Relationship": "Outer",
                          "Parallel Aware": true,
                          "Relation Name": "title",
                          "Alias": "t",
                          "Startup Cost": 0.0,
                          "Total Cost": 43898.92,
                          "Plan Rows": 384216,
                          "Plan Width": 4,
                          "Actual Startup Time": 0.049,
                          "Actual Total Time": 88.016,
                          "Actual Rows": 308653,
                          "Actual Loops": 5,
                          "Filter": "(kind_id = 7)",
                          "Rows Removed by Filter": 197010
                        }
                      ]
                    }
                  ]
                }
              ]
            }
          ]
        }
      ]
    },
    "Planning Time": 0.614,
    "Triggers": [],
    "Execution Time": 338.209
  }
]