[
  {
    "Plan": {
      "Node Type": "Aggregate",
      "Strategy": "Plain",
      "Partial Mode": "Finalize",
      "Parallel Aware": false,
      "Startup Cost": 595852.21,
      "Total Cost": 595852.22,
      "Plan Rows": 1,
      "Plan Width": 8,
      "Actual Startup Time": 3828.637,
      "Actual Total Time": 3907.82,
      "Actual Rows": 1,
      "Actual Loops": 1,
      "Plans": [
        {
          "Node Type": "Gather",
          "Parent Relationship": "Outer",
          "Parallel Aware": false,
          "Startup Cost": 595851.68,
          "Total Cost": 595852.19,
          "Plan Rows": 5,
          "Plan Width": 8,
          "Actual Startup Time": 3810.96,
          "Actual Total Time": 3907.799,
          "Actual Rows": 6,
          "Actual Loops": 1,
          "Workers Planned": 5,
          "Workers Launched": 5,
          "Single Copy": false,
          "Plans": [
            {
              "Node Type": "Aggregate",
              "Strategy": "Plain",
              "Partial Mode": "Partial",
              "Parent Relationship": "Outer",
              "Parallel Aware": false,
              "Startup Cost": 594851.68,
              "Total Cost": 594851.69,
              "Plan Rows": 1,
              "Plan Width": 8,
              "Actual Startup Time": 3797.383,
              "Actual Total Time": 3798.492,
              "Actual Rows": 1,
              "Actual Loops": 6,
              "Plans": [
                {
                  "Node Type": "Hash Join",
                  "Parent Relationship": "Outer",
                  "Parallel Aware": true,
                  "Join Type": "Inner",
                  "Startup Cost": 384298.92,
                  "Total Cost": 590211.88,
                  "Plan Rows": 1855921,
                  "Plan Width": 0,
                  "Actual Startup Time": 1457.886,
                  "Actual Total Time": 3403.163,
                  "Actual Rows": 9205462,
                  "Actual Loops": 6,
                  "Inner Unique": false,
                  "Hash Cond": "(mi.movie_id = t.id)",
                  "Plans": [
                    {
                      "Node Type": "Seq Scan",
                      "Parent Relationship": "Outer",
                      "Parallel Aware": true,
                      "Relation Name": "movie_info",
                      "Alias": "mi",
                      "Startup Cost": 0.0,
                      "Total Cost": 191685.19,
                      "Plan Rows": 2969219,
                      "Plan Width": 4,
                      "Actual Startup Time": 0.023,
                      "Actual Total Time": 298.976,
                      "Actual Rows": 2472620,
                      "Actual Loops": 6
                    },
                    {
                      "Node Type": "Hash",
                      "Parent Relationship": "Inner",
                      "Parallel Aware": true,
                      "Startup Cost": 381006.42,
                      "Total Cost": 381006.42,
                      "Plan Rows": 263400,
                      "Plan Width": 8,
                      "Actual Startup Time": 1450.991,
                      "Actual Total Time": 1452.098,
                      "Actual Rows": 418688,
                      "Actual Loops": 6,
                      "Hash Buckets": 4194304,
                      "Original Hash Buckets": 2097152,
                      "Hash Batches": 1,
                      "Original Hash Batches": 1,
                      "Peak Memory Usage": 147520,
                      "Plans": [
                        {
                          "Node Type": "Hash Join",
                          "Parent Relationship": "Outer",
                          "Parallel Aware": true,
                          "Join Type": "Inner",
                          "Startup Cost": 46323.81,
                          "Total Cost": 381006.42,
                          "Plan Rows": 263400,
                          "Plan Width": 8,
                          "Actual Startup Time": 116.346,
                          "Actual Total Time": 1208.199,
                          "Actual Rows": 418688,
                          "Actual Loops": 6,
                          "Inner Unique": true,
                          "Hash Cond": "(ci.movie_id = t.id)",
                          "Plans": [
                            {
                              "Node Type": "Seq Scan",
                              "Parent Relationship": "Outer",
                              "Parallel Aware": true,
                              "Relation Name": "cast_info",
                              "Alias": "ci",
                              "Startup Cost": 0.0,
                              "Total Cost": 328211.39,
                              "Plan Rows": 2465220,
                              "Plan Width": 4,
                              "Actual Startup Time": 0.032,
                              "Actual Total Time": 621.53,
                              "Actual Rows": 2486235,
                              "Actual Loops": 6,
                              "Filter": "(person_id < 1472428)",
                              "Rows Removed by Filter": 3554489
                            },
                            {
                              "Node Type": "Hash",
                              "Parent Relationship": "Inner",
                              "Parallel Aware": true,
                              "Startup Cost": 45479.59,
                              "Total Cost": 45479.59,
                              "Plan Rows": 67538,
                              "Plan Width": 4,
                              "Actual Startup Time": 115.529,
                              "Actual Total Time": 115.53,
                              "Actual Rows": 65336,
                              "Actual Loops": 6,
                              "Hash Buckets": 524288,
                              "Original Hash Buckets": 524288,
                              "Hash Batches": 1,
                              "Original Hash Batches": 1,
                              "Peak Memory Usage": 19520,
                              "Plans": [
                                {
                                  "Node Type": "Seq Scan",
                                  "Parent Relationship": "Outer",
                                  "Parallel Aware": true,
                                  "Relation Name": "title",
                                  "Alias": "t",
                                  "Startup Cost": 0.0,
                                  "Total Cost": 45479.59,
                                  "Plan Rows": 67538,
                                  "Plan Width": 4,
                                  "Actual Startup Time": 0.122,
                                  "Actual Total Time": 86.195,
                                  "Actual Rows": 65336,
                                  "Actual Loops": 6,
                                  "Filter": "((kind_id < 7) AND (production_year < 1991))",
                                  "Rows Removed by Filter": 356049
                                }
                              ]
                            }
                          ]
                        }
                      ]
                    }
                  ]
                }
              ]
            }
          ]
        }
      ]
    },
    "Planning Time": 1.272,
    "Triggers": [],
    "Execution Time": 3907.92
  }
]