{
  "Plan": {
    "Node Type": "Aggregate",
    "Strategy": "Plain",
    "Partial Mode": "Finalize",
    "Parallel Aware": false,
    "Startup Cost": 341581.99,
    "Total Cost": 341582.0,
    "Plan Rows": 1,
    "Plan Width": 8,
    "Actual Startup Time": 1582.993,
    "Actual Total Time": 1617.44,
    "Actual Rows": 1,
    "Actual Loops": 1,
    "Plans": [
      {
        "Node Type": "Gather",
        "Parent Relationship": "Outer",
        "Parallel Aware": false,
        "Startup Cost": 341581.88,
        "Total Cost": 341581.99,
        "Plan Rows": 1,
        "Plan Width": 8,
        "Actual Startup Time": 1578.316,
        "Actual Total Time": 1617.434,
        "Actual Rows": 2,
        "Actual Loops": 1,
        "Workers Planned": 1,
        "Workers Launched": 1,
        "Single Copy": false,
        "Plans": [
          {
            "Node Type": "Aggregate",
            "Strategy": "Plain",
            "Partial Mode": "Partial",
            "Parent Relationship": "Outer",
            "Parallel Aware": false,
            "Startup Cost": 340581.88,
            "Total Cost": 340581.89,
            "Plan Rows": 1,
            "Plan Width": 8,
            "Actual Startup Time": 1572.079,
            "Actual Total Time": 1572.083,
            "Actual Rows": 1,
            "Actual Loops": 2,
            "Plans": [
              {
                "Node Type": "Merge Join",
                "Parent Relationship": "Outer",
                "Parallel Aware": false,
                "Join Type": "Inner",
                "Startup Cost": 166523.72,
                "Total Cost": 340011.85,
                "Plan Rows": 228014,
                "Plan Width": 0,
                "Actual Startup Time": 1020.308,
                "Actual Total Time": 1552.493,
                "Actual Rows": 482100,
                "Actual Loops": 2,
                "Inner Unique": false,
                "Merge Cond": "(mk.movie_id = t.id)",
                "Plans": [
                  {
                    "Node Type": "Index Scan",
                    "Parent Relationship": "Outer",
                    "Parallel Aware": true,
                    "Scan Direction": "Forward",
                    "Index Name": "movie_id_movie_keyword",
                    "Relation Name": "movie_keyword",
                    "Alias": "mk",
                    "Startup Cost": 0.43,
                    "Total Cost": 165212.95,
                    "Plan Rows": 1734008,
                    "Plan Width": 4,
                    "Actual Startup Time": 1.326,
                    "Actual Total Time": 379.999,
                    "Actual Rows": 1464638,
                    "Actual Loops": 2,
                    "Filter": "(keyword_id > 2440)",
                    "Rows Removed by Filter": 797205
                  },
                  {
                    "Node Type": "Sort",
                    "Parent Relationship": "Inner",
                    "Parallel Aware": false,
                    "Startup Cost": 166523.11,
                    "Total Cost": 167354.25,
                    "Plan Rows": 332459,
                    "Plan Width": 8,
                    "Actual Startup Time": 1018.814,
                    "Actual Total Time": 1046.143,
                    "Actual Rows": 747537,
                    "Actual Loops": 2,
                    "Sort Key": [
                      "t.id"
                    ],
                    "Sort Method": "quicksort",
                    "Sort Space Used": 27318,
                    "Sort Space Type": "Memory",
                    "Workers": [
                      {
                        "Worker Number": 0,
                        "Sort Method": "quicksort",
                        "Sort Space Used": 27318,
                        "Sort Space Type": "Memory"
                      }
                    ],
                    "Plans": [
                      {
                        "Node Type": "Hash Join",
                        "Parent Relationship": "Outer",
                        "Parallel Aware": false,
                        "Join Type": "Inner",
                        "Startup Cost": 85455.71,
                        "Total Cost": 136031.93,
                        "Plan Rows": 332459,
                        "Plan Width": 8,
                        "Actual Startup Time": 481.7,
                        "Actual Total Time": 948.15,
                        "Actual Rows": 320637,
                        "Actual Loops": 2,
                        "Inner Unique": true,
                        "Hash Cond": "(mc.movie_id = t.id)",
                        "Plans": [
                          {
                            "Node Type": "Index Scan",
                            "Parent Relationship": "Outer",
                            "Parallel Aware": false,
                            "Scan Direction": "Forward",
                            "Index Name": "company_type_id_movie_companies",
                            "Relation Name": "movie_companies",
                            "Alias": "mc",
                            "Startup Cost": 0.43,
                            "Total Cost": 48185.17,
                            "Plan Rows": 911040,
                            "Plan Width": 4,
                            "Actual Startup Time": 0.129,
                            "Actual Total Time": 208.139,
                            "Actual Rows": 1212904,
                            "Actual Loops": 2,
                            "Index Cond": "(company_type_id < 2)",
                            "Rows Removed by Index Recheck": 0,
                            "Filter": "(company_id < 33571)",
                            "Rows Removed by Filter": 61342
                          },
                          {
                            "Node Type": "Hash",
                            "Parent Relationship": "Inner",
                            "Parallel Aware": false,
                            "Startup Cost": 73922.39,
                            "Total Cost": 73922.39,
                            "Plan Rows": 922631,
                            "Plan Width": 4,
                            "Actual Startup Time": 473.507,
                            "Actual Total Time": 473.509,
                            "Actual Rows": 852178,
                            "Actual Loops": 2,
                            "Hash Buckets": 1048576,
                            "Original Hash Buckets": 1048576,
                            "Hash Batches": 1,
                            "Original Hash Batches": 1,
                            "Peak Memory Usage": 38152,
                            "Plans": [
                              {
                                "Node Type": "Seq Scan",
                                "Parent Relationship": "Outer",
                                "Parallel Aware": false,
                                "Relation Name": "title",
                                "Alias": "t",
                                "Startup Cost": 0.0,
                                "Total Cost": 73922.39,
                                "Plan Rows": 922631,
                                "Plan Width": 4,
                                "Actual Startup Time": 0.045,
                                "Actual Total Time": 284.9,
                                "Actual Rows": 852178,
                                "Actual Loops": 2,
                                "Filter": "((kind_id > 1) AND (production_year < 2004))",
                                "Rows Removed by Filter": 1676134
                              }
                            ]
                          }
                        ]
                      }
                    ]
                  }
                ]
              }
            ]
          }
        ]
      }
    ]
  },
  "Planning Time": 1.105,
  "Triggers": [],
  "Execution Time": 1622.575
}