{
    "Plan": {
        "Node Type": "Aggregate",
        "Strategy": "Plain",
        "Partial Mode": "Finalize",
        "Parallel Aware": false,
        "Startup Cost": 69011.71,
        "Total Cost": 69011.72,
        "Plan Rows": 1,
        "Plan Width": 8,
        "Actual Startup Time": 102.668,
        "Actual Total Time": 117.241,
        "Actual Rows": 1,
        "Actual Loops": 1,
        "Output": [
            "count(*)"
        ],
        "Plans": [
            {
                "Node Type": "Gather",
                "Parent Relationship": "Outer",
                "Parallel Aware": false,
                "Startup Cost": 69011.29,
                "Total Cost": 69011.7,
                "Plan Rows": 4,
                "Plan Width": 8,
                "Actual Startup Time": 102.553,
                "Actual Total Time": 117.233,
                "Actual Rows": 5,
                "Actual Loops": 1,
                "Output": [
                    "(PARTIAL count(*))"
                ],
                "Workers Planned": 4,
                "Workers Launched": 4,
                "Single Copy": false,
                "Plans": [
                    {
                        "Node Type": "Aggregate",
                        "Strategy": "Plain",
                        "Partial Mode": "Partial",
                        "Parent Relationship": "Outer",
                        "Parallel Aware": false,
                        "Startup Cost": 68011.29,
                        "Total Cost": 68011.3,
                        "Plan Rows": 1,
                        "Plan Width": 8,
                        "Actual Startup Time": 92.372,
                        "Actual Total Time": 92.374,
                        "Actual Rows": 1,
                        "Actual Loops": 5,
                        "Output": [
                            "PARTIAL count(*)"
                        ],
                        "Workers": [
                            {
                                "Worker Number": 0,
                                "Actual Startup Time": 89.219,
                                "Actual Total Time": 89.222,
                                "Actual Rows": 1,
                                "Actual Loops": 1
                            },
                            {
                                "Worker Number": 1,
                                "Actual Startup Time": 90.306,
                                "Actual Total Time": 90.309,
                                "Actual Rows": 1,
                                "Actual Loops": 1
                            },
                            {
                                "Worker Number": 2,
                                "Actual Startup Time": 90.299,
                                "Actual Total Time": 90.301,
                                "Actual Rows": 1,
                                "Actual Loops": 1
                            },
                            {
                                "Worker Number": 3,
                                "Actual Startup Time": 90.374,
                                "Actual Total Time": 90.376,
                                "Actual Rows": 1,
                                "Actual Loops": 1
                            }
                        ],
                        "Plans": [
                            {
                                "Node Type": "Nested Loop",
                                "Parent Relationship": "Outer",
                                "Parallel Aware": false,
                                "Join Type": "Inner",
                                "Startup Cost": 1.0,
                                "Total Cost": 68007.47,
                                "Plan Rows": 1528,
                                "Plan Width": 0,
                                "Actual Startup Time": 4.702,
                                "Actual Total Time": 92.212,
                                "Actual Rows": 1808,
                                "Actual Loops": 5,
                                "Inner Unique": false,
                                "Join Filter": "(t.id = mi.movie_id)",
                                "Rows Removed by Join Filter": 0,
                                "Workers": [
                                    {
                                        "Worker Number": 0,
                                        "Actual Startup Time": 2.869,
                                        "Actual Total Time": 89.055,
                                        "Actual Rows": 1131,
                                        "Actual Loops": 1
                                    },
                                    {
                                        "Worker Number": 1,
                                        "Actual Startup Time": 5.561,
                                        "Actual Total Time": 90.185,
                                        "Actual Rows": 1091,
                                        "Actual Loops": 1
                                    },
                                    {
                                        "Worker Number": 2,
                                        "Actual Startup Time": 6.942,
                                        "Actual Total Time": 90.173,
                                        "Actual Rows": 1065,
                                        "Actual Loops": 1
                                    },
                                    {
                                        "Worker Number": 3,
                                        "Actual Startup Time": 6.805,
                                        "Actual Total Time": 90.243,
                                        "Actual Rows": 1191,
                                        "Actual Loops": 1
                                    }
                                ],
                                "Plans": [
                                    {
                                        "Node Type": "Nested Loop",
                                        "Parent Relationship": "Outer",
                                        "Parallel Aware": false,
                                        "Join Type": "Inner",
                                        "Startup Cost": 0.56,
                                        "Total Cost": 67537.05,
                                        "Plan Rows": 262,
                                        "Plan Width": 8,
                                        "Actual Startup Time": 4.478,
                                        "Actual Total Time": 86.798,
                                        "Actual Rows": 186,
                                        "Actual Loops": 5,
                                        "Output": [
                                            "t.id",
                                            "ci.movie_id"
                                        ],
                                        "Inner Unique": false,
                                        "Workers": [
                                            {
                                                "Worker Number": 0,
                                                "Actual Startup Time": 2.542,
                                                "Actual Total Time": 82.516,
                                                "Actual Rows": 122,
                                                "Actual Loops": 1
                                            },
                                            {
                                                "Worker Number": 1,
                                                "Actual Startup Time": 5.345,
                                                "Actual Total Time": 84.626,
                                                "Actual Rows": 142,
                                                "Actual Loops": 1
                                            },
                                            {
                                                "Worker Number": 2,
                                                "Actual Startup Time": 6.647,
                                                "Actual Total Time": 85.037,
                                                "Actual Rows": 134,
                                                "Actual Loops": 1
                                            },
                                            {
                                                "Worker Number": 3,
                                                "Actual Startup Time": 6.552,
                                                "Actual Total Time": 84.697,
                                                "Actual Rows": 141,
                                                "Actual Loops": 1
                                            }
                                        ],
                                        "Plans": [
                                            {
                                                "Node Type": "Seq Scan",
                                                "Parent Relationship": "Outer",
                                                "Parallel Aware": true,
                                                "Relation Name": "title",
                                                "Schema": "public",
                                                "Alias": "t",
                                                "Startup Cost": 0.0,
                                                "Total Cost": 45479.21,
                                                "Plan Rows": 146,
                                                "Plan Width": 4,
                                                "Actual Startup Time": 2.011,
                                                "Actual Total Time": 75.832,
                                                "Actual Rows": 111,
                                                "Actual Loops": 5,
                                                "Output": [
                                                    "t.id",
                                                    "t.title",
                                                    "t.imdb_index",
                                                    "t.kind_id",
                                                    "t.production_year",
                                                    "t.imdb_id",
                                                    "t.phonetic_code",
                                                    "t.episode_of_id",
                                                    "t.season_nr",
                                                    "t.episode_nr",
                                                    "t.series_years",
                                                    "t.md5sum"
                                                ],
                                                "Filter": "((t.kind_id = 2) AND (t.production_year = 1971))",
                                                "Rows Removed by Filter": 505551,
                                                "Workers": [
                                                    {
                                                        "Worker Number": 0,
                                                        "Actual Startup Time": 2.208,
                                                        "Actual Total Time": 71.379,
                                                        "Actual Rows": 71,
                                                        "Actual Loops": 1
                                                    },
                                                    {
                                                        "Worker Number": 1,
                                                        "Actual Startup Time": 1.384,
                                                        "Actual Total Time": 72.398,
                                                        "Actual Rows": 93,
                                                        "Actual Loops": 1
                                                    },
                                                    {
                                                        "Worker Number": 2,
                                                        "Actual Startup Time": 2.783,
                                                        "Actual Total Time": 73.126,
                                                        "Actual Rows": 91,
                                                        "Actual Loops": 1
                                                    },
                                                    {
                                                        "Worker Number": 3,
                                                        "Actual Startup Time": 2.545,
                                                        "Actual Total Time": 70.792,
                                                        "Actual Rows": 88,
                                                        "Actual Loops": 1
                                                    }
                                                ]
                                            },
                                            {
                                                "Node Type": "Index Scan",
                                                "Parent Relationship": "Inner",
                                                "Parallel Aware": false,
                                                "Scan Direction": "Forward",
                                                "Index Name": "movie_id_cast_info",
                                                "Relation Name": "cast_info",
                                                "Schema": "public",
                                                "Alias": "ci",
                                                "Startup Cost": 0.56,
                                                "Total Cost": 151.03,
                                                "Plan Rows": 5,
                                                "Plan Width": 4,
                                                "Actual Startup Time": 0.083,
                                                "Actual Total Time": 0.097,
                                                "Actual Rows": 2,
                                                "Actual Loops": 556,
                                                "Output": [
                                                    "ci.id",
                                                    "ci.person_id",
                                                    "ci.movie_id",
                                                    "ci.person_role_id",
                                                    "ci.note",
                                                    "ci.nr_order",
                                                    "ci.role_id"
                                                ],
                                                "Index Cond": "(ci.movie_id = t.id)",
                                                "Rows Removed by Index Recheck": 0,
                                                "Filter": "((ci.person_id > 2681149) AND (ci.role_id > 2))",
                                                "Rows Removed by Filter": 7,
                                                "Workers": [
                                                    {
                                                        "Worker Number": 0,
                                                        "Actual Startup Time": 0.122,
                                                        "Actual Total Time": 0.155,
                                                        "Actual Rows": 2,
                                                        "Actual Loops": 71
                                                    },
                                                    {
                                                        "Worker Number": 1,
                                                        "Actual Startup Time": 0.112,
                                                        "Actual Total Time": 0.13,
                                                        "Actual Rows": 2,
                                                        "Actual Loops": 93
                                                    },
                                                    {
                                                        "Worker Number": 2,
                                                        "Actual Startup Time": 0.111,
                                                        "Actual Total Time": 0.129,
                                                        "Actual Rows": 1,
                                                        "Actual Loops": 91
                                                    },
                                                    {
                                                        "Worker Number": 3,
                                                        "Actual Startup Time": 0.137,
                                                        "Actual Total Time": 0.156,
                                                        "Actual Rows": 2,
                                                        "Actual Loops": 88
                                                    }
                                                ]
                                            }
                                        ]
                                    },
                                    {
                                        "Node Type": "Index Only Scan",
                                        "Parent Relationship": "Inner",
                                        "Parallel Aware": false,
                                        "Scan Direction": "Forward",
                                        "Index Name": "movie_id_movie_info",
                                        "Relation Name": "movie_info",
                                        "Schema": "public",
                                        "Alias": "mi",
                                        "Startup Cost": 0.43,
                                        "Total Cost": 1.31,
                                        "Plan Rows": 39,
                                        "Plan Width": 4,
                                        "Actual Startup Time": 0.011,
                                        "Actual Total Time": 0.027,
                                        "Actual Rows": 10,
                                        "Actual Loops": 931,
                                        "Output": [
                                            "mi.movie_id"
                                        ],
                                        "Index Cond": "(mi.movie_id = ci.movie_id)",
                                        "Rows Removed by Index Recheck": 0,
                                        "Heap Fetches": 9042,
                                        "Workers": [
                                            {
                                                "Worker Number": 0,
                                                "Actual Startup Time": 0.019,
                                                "Actual Total Time": 0.051,
                                                "Actual Rows": 9,
                                                "Actual Loops": 122
                                            },
                                            {
                                                "Worker Number": 1,
                                                "Actual Startup Time": 0.015,
                                                "Actual Total Time": 0.037,
                                                "Actual Rows": 8,
                                                "Actual Loops": 142
                                            },
                                            {
                                                "Worker Number": 2,
                                                "Actual Startup Time": 0.015,
                                                "Actual Total Time": 0.036,
                                                "Actual Rows": 8,
                                                "Actual Loops": 134
                                            },
                                            {
                                                "Worker Number": 3,
                                                "Actual Startup Time": 0.014,
                                                "Actual Total Time": 0.037,
                                                "Actual Rows": 8,
                                                "Actual Loops": 141
                                            }
                                        ]
                                    }
                                ]
                            }
                        ]
                    }
                ]
            }
        ]
    },
    "Planning Time": 1.511,
    "Triggers": [],
    "Execution Time": 117.331
}