{
  "Plan": {
    "Node Type": "Aggregate",
    "Strategy": "Plain",
    "Partial Mode": "Finalize",
    "Parallel Aware": false,
    "Startup Cost": 2158535.79,
    "Total Cost": 2158535.8,
    "Plan Rows": 1,
    "Plan Width": 8,
    "Actual Startup Time": 15463.319,
    "Actual Total Time": 15551.716,
    "Actual Rows": 1,
    "Actual Loops": 1,
    "Plans": [
      {
        "Node Type": "Gather",
        "Parent Relationship": "Outer",
        "Parallel Aware": false,
        "Startup Cost": 2158535.67,
        "Total Cost": 2158535.78,
        "Plan Rows": 1,
        "Plan Width": 8,
        "Actual Startup Time": 15463.311,
        "Actual Total Time": 15551.709,
        "Actual Rows": 2,
        "Actual Loops": 1,
        "Workers Planned": 1,
        "Workers Launched": 1,
        "Single Copy": false,
        "Plans": [
          {
            "Node Type": "Aggregate",
            "Strategy": "Plain",
            "Partial Mode": "Partial",
            "Parent Relationship": "Outer",
            "Parallel Aware": false,
            "Startup Cost": 2157535.67,
            "Total Cost": 2157535.68,
            "Plan Rows": 1,
            "Plan Width": 8,
            "Actual Startup Time": 15452.442,
            "Actual Total Time": 15452.443,
            "Actual Rows": 1,
            "Actual Loops": 2,
            "Plans": [
              {
                "Node Type": "Merge Join",
                "Parent Relationship": "Outer",
                "Parallel Aware": false,
                "Join Type": "Inner",
                "Startup Cost": 39.41,
                "Total Cost": 2137617.96,
                "Plan Rows": 7967086,
                "Plan Width": 0,
                "Actual Startup Time": 2.109,
                "Actual Total Time": 14327.365,
                "Actual Rows": 28519327,
                "Actual Loops": 2,
                "Inner Unique": false,
                "Merge Cond": "(t.id = mc.movie_id)",
                "Plans": [
                  {
                    "Node Type": "Nested Loop",
                    "Parent Relationship": "Outer",
                    "Parallel Aware": false,
                    "Join Type": "Inner",
                    "Startup Cost": 0.99,
                    "Total Cost": 1860653.15,
                    "Plan Rows": 7720251,
                    "Plan Width": 8,
                    "Actual Startup Time": 0.356,
                    "Actual Total Time": 9204.372,
                    "Actual Rows": 7048264,
                    "Actual Loops": 2,
                    "Inner Unique": false,
                    "Plans": [
                      {
                        "Node Type": "Index Scan",
                        "Parent Relationship": "Outer",
                        "Parallel Aware": true,
                        "Scan Direction": "Forward",
                        "Index Name": "title_pkey",
                        "Relation Name": "title",
                        "Alias": "t",
                        "Startup Cost": 0.43,
                        "Total Cost": 107365.5,
                        "Plan Rows": 538784,
                        "Plan Width": 4,
                        "Actual Startup Time": 0.183,
                        "Actual Total Time": 771.035,
                        "Actual Rows": 427404,
                        "Actual Loops": 2,
                        "Filter": "((kind_id < 7) AND (production_year > 1932))",
                        "Rows Removed by Filter": 836580
                      },
                      {
                        "Node Type": "Index Only Scan",
                        "Parent Relationship": "Inner",
                        "Parallel Aware": false,
                        "Scan Direction": "Forward",
                        "Index Name": "movie_id_cast_info",
                        "Relation Name": "cast_info",
                        "Alias": "ci",
                        "Startup Cost": 0.56,
                        "Total Cost": 2.88,
                        "Plan Rows": 37,
                        "Plan Width": 4,
                        "Actual Startup Time": 0.003,
                        "Actual Total Time": 0.018,
                        "Actual Rows": 16,
                        "Actual Loops": 854809,
                        "Index Cond": "(movie_id = t.id)",
                        "Rows Removed by Index Recheck": 0,
                        "Heap Fetches": 14096529
                      }
                    ]
                  },
                  {
                    "Node Type": "Materialize",
                    "Parent Relationship": "Inner",
                    "Parallel Aware": false,
                    "Startup Cost": 0.43,
                    "Total Cost": 146582.27,
                    "Plan Rows": 2609129,
                    "Plan Width": 4,
                    "Actual Startup Time": 0.129,
                    "Actual Total Time": 1981.159,
                    "Actual Rows": 30326231,
                    "Actual Loops": 2,
                    "Plans": [
                      {
                        "Node Type": "Index Only Scan",
                        "Parent Relationship": "Outer",
                        "Parallel Aware": false,
                        "Scan Direction": "Forward",
                        "Index Name": "movie_id_movie_companies",
                        "Relation Name": "movie_companies",
                        "Alias": "mc",
                        "Startup Cost": 0.43,
                        "Total Cost": 140059.44,
                        "Plan Rows": 2609129,
                        "Plan Width": 4,
                        "Actual Startup Time": 0.119,
                        "Actual Total Time": 684.992,
                        "Actual Rows": 2609044,
                        "Actual Loops": 2,
                        "Heap Fetches": 5218088
                      }
                    ]
                  }
                ]
              }
            ]
          }
        ]
      }
    ]
  },
  "Planning Time": 1.021,
  "Triggers": [],
  "Execution Time": 15551.832
}