[
  {
    "Plan": {
      "Node Type": "Aggregate",
      "Strategy": "Plain",
      "Partial Mode": "Finalize",
      "Parallel Aware": false,
      "Startup Cost": 466443.3,
      "Total Cost": 466443.31,
      "Plan Rows": 1,
      "Plan Width": 8,
      "Actual Startup Time": 3277.118,
      "Actual Total Time": 3340.254,
      "Actual Rows": 1,
      "Actual Loops": 1,
      "Plans": [
        {
          "Node Type": "Gather",
          "Parent Relationship": "Outer",
          "Parallel Aware": false,
          "Startup Cost": 466442.67,
          "Total Cost": 466443.28,
          "Plan Rows": 6,
          "Plan Width": 8,
          "Actual Startup Time": 3255.607,
          "Actual Total Time": 3340.241,
          "Actual Rows": 7,
          "Actual Loops": 1,
          "Workers Planned": 6,
          "Workers Launched": 6,
          "Single Copy": false,
          "Plans": [
            {
              "Node Type": "Aggregate",
              "Strategy": "Plain",
              "Partial Mode": "Partial",
              "Parent Relationship": "Outer",
              "Parallel Aware": false,
              "Startup Cost": 465442.67,
              "Total Cost": 465442.68,
              "Plan Rows": 1,
              "Plan Width": 8,
              "Actual Startup Time": 3237.72,
              "Actual Total Time": 3237.729,
              "Actual Rows": 1,
              "Actual Loops": 7,
              "Plans": [
                {
                  "Node Type": "Hash Join",
                  "Parent Relationship": "Outer",
                  "Parallel Aware": true,
                  "Join Type": "Inner",
                  "Startup Cost": 253785.87,
                  "Total Cost": 463445.75,
                  "Plan Rows": 798769,
                  "Plan Width": 0,
                  "Actual Startup Time": 985.127,
                  "Actual Total Time": 2675.432,
                  "Actual Rows": 9549248,
                  "Actual Loops": 7,
                  "Inner Unique": false,
                  "Hash Cond": "(ci.movie_id = t.id)",
                  "Plans": [
                    {
                      "Node Type": "Index Scan",
                      "Parent Relationship": "Outer",
                      "Parallel Aware": true,
                      "Scan Direction": "Forward",
                      "Index Name": "role_id_cast_info",
                      "Relation Name": "cast_info",
                      "Alias": "ci",
                      "Startup Cost": 0.56,
                      "Total Cost": 203258.8,
                      "Plan Rows": 1281095,
                      "Plan Width": 4,
                      "Actual Startup Time": 0.364,
                      "Actual Total Time": 265.342,
                      "Actual Rows": 1101806,
                      "Actual Loops": 7,
                      "Index Cond": "(role_id > 6)",
                      "Rows Removed by Index Recheck": 0
                    },
                    {
                      "Node Type": "Hash",
                      "Parent Relationship": "Inner",
                      "Parallel Aware": true,
                      "Startup Cost": 249844.09,
                      "Total Cost": 249844.09,
                      "Plan Rows": 315297,
                      "Plan Width": 8,
                      "Actual Startup Time": 980.799,
                      "Actual Total Time": 980.805,
                      "Actual Rows": 342214,
                      "Actual Loops": 7,
                      "Hash Buckets": 4194304,
                      "Original Hash Buckets": 2097152,
                      "Hash Batches": 1,
                      "Original Hash Batches": 1,
                      "Peak Memory Usage": 142944,
                      "Plans": [
                        {
                          "Node Type": "Hash Join",
                          "Parent Relationship": "Outer",
                          "Parallel Aware": true,
                          "Join Type": "Inner",
                          "Startup Cost": 47501.49,
                          "Total Cost": 249844.09,
                          "Plan Rows": 315297,
                          "Plan Width": 8,
                          "Actual Startup Time": 165.856,
                          "Actual Total Time": 738.928,
                          "Actual Rows": 342214,
                          "Actual Loops": 7,
                          "Inner Unique": true,
                          "Hash Cond": "(mi.movie_id = t.id)",
                          "Plans": [
                            {
                              "Node Type": "Seq Scan",
                              "Parent Relationship": "Outer",
                              "Parallel Aware": true,
                              "Relation Name": "movie_info",
                              "Alias": "mi",
                              "Startup Cost": 0.0,
                              "Total Cost": 199108.24,
                              "Plan Rows": 1232139,
                              "Plan Width": 4,
                              "Actual Startup Time": 18.425,
                              "Actual Total Time": 366.119,
                              "Actual Rows": 889071,
                              "Actual Loops": 7,
                              "Filter": "(info_type_id > 8)",
                              "Rows Removed by Filter": 1230318
                            },
                            {
                              "Node Type": "Hash",
                              "Parent Relationship": "Inner",
                              "Parallel Aware": true,
                              "Startup Cost": 45479.59,
                              "Total Cost": 45479.59,
                              "Plan Rows": 161752,
                              "Plan Width": 4,
                              "Actual Startup Time": 146.13,
                              "Actual Total Time": 146.131,
                              "Actual Rows": 77774,
                              "Actual Loops": 7,
                              "Hash Buckets": 1048576,
                              "Original Hash Buckets": 1048576,
                              "Hash Batches": 1,
                              "Original Hash Batches": 1,
                              "Peak Memory Usage": 29632,
                              "Plans": [
                                {
                                  "Node Type": "Seq Scan",
                                  "Parent Relationship": "Outer",
                                  "Parallel Aware": true,
                                  "Relation Name": "title",
                                  "Alias": "t",
                                  "Startup Cost": 0.0,
                                  "Total Cost": 45479.59,
                                  "Plan Rows": 161752,
                                  "Plan Width": 4,
                                  "Actual Startup Time": 0.054,
                                  "Actual Total Time": 95.389,
                                  "Actual Rows": 77774,
                                  "Actual Loops": 7,
                                  "Filter": "((kind_id < 7) AND (production_year > 1994))",
                                  "Rows Removed by Filter": 283413
                                }
                              ]
                            }
                          ]
                        }
                      ]
                    }
                  ]
                }
              ]
            }
          ]
        }
      ]
    },
    "Planning Time": 0.703,
    "Triggers": [],
    "Execution Time": 3340.328
  }
]