{
  "Plan": {
    "Node Type": "Aggregate",
    "Strategy": "Plain",
    "Partial Mode": "Finalize",
    "Parallel Aware": false,
    "Startup Cost": 103765.82,
    "Total Cost": 103765.83,
    "Plan Rows": 1,
    "Plan Width": 8,
    "Actual Startup Time": 385.238,
    "Actual Total Time": 400.048,
    "Actual Rows": 1,
    "Actual Loops": 1,
    "Plans": [
      {
        "Node Type": "Gather",
        "Parent Relationship": "Outer",
        "Parallel Aware": false,
        "Startup Cost": 103765.71,
        "Total Cost": 103765.82,
        "Plan Rows": 1,
        "Plan Width": 8,
        "Actual Startup Time": 384.322,
        "Actual Total Time": 400.039,
        "Actual Rows": 2,
        "Actual Loops": 1,
        "Workers Planned": 1,
        "Workers Launched": 1,
        "Single Copy": false,
        "Plans": [
          {
            "Node Type": "Aggregate",
            "Strategy": "Plain",
            "Partial Mode": "Partial",
            "Parent Relationship": "Outer",
            "Parallel Aware": false,
            "Startup Cost": 102765.71,
            "Total Cost": 102765.72,
            "Plan Rows": 1,
            "Plan Width": 8,
            "Actual Startup Time": 378.418,
            "Actual Total Time": 378.423,
            "Actual Rows": 1,
            "Actual Loops": 2,
            "Plans": [
              {
                "Node Type": "Hash Join",
                "Parent Relationship": "Outer",
                "Parallel Aware": true,
                "Join Type": "Inner",
                "Startup Cost": 71995.06,
                "Total Cost": 102713.54,
                "Plan Rows": 20867,
                "Plan Width": 0,
                "Actual Startup Time": 222.636,
                "Actual Total Time": 375.113,
                "Actual Rows": 75814,
                "Actual Loops": 2,
                "Inner Unique": true,
                "Hash Cond": "(mk.movie_id = t.id)",
                "Plans": [
                  {
                    "Node Type": "Bitmap Heap Scan",
                    "Parent Relationship": "Outer",
                    "Parallel Aware": true,
                    "Relation Name": "movie_keyword",
                    "Alias": "mk",
                    "Startup Cost": 14937.26,
                    "Total Cost": 44568.52,
                    "Plan Rows": 414181,
                    "Plan Width": 4,
                    "Actual Startup Time": 35.344,
                    "Actual Total Time": 124.72,
                    "Actual Rows": 355829,
                    "Actual Loops": 2,
                    "Recheck Cond": "(keyword_id < 613)",
                    "Rows Removed by Index Recheck": 0,
                    "Exact Heap Blocks": 14426,
                    "Lossy Heap Blocks": 0,
                    "Plans": [
                      {
                        "Node Type": "Bitmap Index Scan",
                        "Parent Relationship": "Outer",
                        "Parallel Aware": false,
                        "Index Name": "keyword_id_movie_keyword",
                        "Startup Cost": 0.0,
                        "Total Cost": 14761.24,
                        "Plan Rows": 704107,
                        "Plan Width": 0,
                        "Actual Startup Time": 31.747,
                        "Actual Total Time": 31.747,
                        "Actual Rows": 711658,
                        "Actual Loops": 1,
                        "Index Cond": "(keyword_id < 613)"
                      }
                    ]
                  },
                  {
                    "Node Type": "Hash",
                    "Parent Relationship": "Inner",
                    "Parallel Aware": true,
                    "Startup Cost": 56121.19,
                    "Total Cost": 56121.19,
                    "Plan Rows": 74929,
                    "Plan Width": 4,
                    "Actual Startup Time": 185.12,
                    "Actual Total Time": 185.122,
                    "Actual Rows": 129530,
                    "Actual Loops": 2,
                    "Hash Buckets": 262144,
                    "Original Hash Buckets": 131072,
                    "Hash Batches": 1,
                    "Original Hash Batches": 1,
                    "Peak Memory Usage": 13248,
                    "Plans": [
                      {
                        "Node Type": "Bitmap Heap Scan",
                        "Parent Relationship": "Outer",
                        "Parallel Aware": true,
                        "Relation Name": "title",
                        "Alias": "t",
                        "Startup Cost": 13470.8,
                        "Total Cost": 56121.19,
                        "Plan Rows": 74929,
                        "Plan Width": 4,
                        "Actual Startup Time": 47.942,
                        "Actual Total Time": 148.385,
                        "Actual Rows": 129530,
                        "Actual Loops": 2,
                        "Recheck Cond": "(kind_id < 3)",
                        "Rows Removed by Index Recheck": 0,
                        "Filter": "(production_year < 1975)",
                        "Rows Removed by Filter": 247309,
                        "Exact Heap Blocks": 26978,
                        "Lossy Heap Blocks": 0,
                        "Plans": [
                          {
                            "Node Type": "Bitmap Index Scan",
                            "Parent Relationship": "Outer",
                            "Parallel Aware": false,
                            "Index Name": "kind_id_title",
                            "Startup Cost": 0.0,
                            "Total Cost": 13438.96,
                            "Plan Rows": 753937,
                            "Plan Width": 0,
                            "Actual Startup Time": 46.048,
                            "Actual Total Time": 46.048,
                            "Actual Rows": 753677,
                            "Actual Loops": 1,
                            "Index Cond": "(kind_id < 3)"
                          }
                        ]
                      }
                    ]
                  }
                ]
              }
            ]
          }
        ]
      }
    ]
  },
  "Planning Time": 0.397,
  "Triggers": [],
  "Execution Time": 400.139
}