[
  {
    "Plan": {
      "Node Type": "Aggregate",
      "Strategy": "Plain",
      "Partial Mode": "Finalize",
      "Parallel Aware": false,
      "Startup Cost": 269366.48,
      "Total Cost": 269366.49,
      "Plan Rows": 1,
      "Plan Width": 8,
      "Actual Startup Time": 874.726,
      "Actual Total Time": 921.994,
      "Actual Rows": 1,
      "Actual Loops": 1,
      "Plans": [
        {
          "Node Type": "Gather",
          "Parent Relationship": "Outer",
          "Parallel Aware": false,
          "Startup Cost": 269365.96,
          "Total Cost": 269366.47,
          "Plan Rows": 5,
          "Plan Width": 8,
          "Actual Startup Time": 871.112,
          "Actual Total Time": 921.985,
          "Actual Rows": 6,
          "Actual Loops": 1,
          "Workers Planned": 5,
          "Workers Launched": 5,
          "Single Copy": false,
          "Plans": [
            {
              "Node Type": "Aggregate",
              "Strategy": "Plain",
              "Partial Mode": "Partial",
              "Parent Relationship": "Outer",
              "Parallel Aware": false,
              "Startup Cost": 268365.96,
              "Total Cost": 268365.97,
              "Plan Rows": 1,
              "Plan Width": 8,
              "Actual Startup Time": 858.309,
              "Actual Total Time": 858.314,
              "Actual Rows": 1,
              "Actual Loops": 6,
              "Plans": [
                {
                  "Node Type": "Hash Join",
                  "Parent Relationship": "Outer",
                  "Parallel Aware": true,
                  "Join Type": "Inner",
                  "Startup Cost": 64234.19,
                  "Total Cost": 267809.57,
                  "Plan Rows": 222555,
                  "Plan Width": 0,
                  "Actual Startup Time": 191.19,
                  "Actual Total Time": 826.087,
                  "Actual Rows": 788726,
                  "Actual Loops": 6,
                  "Inner Unique": false,
                  "Hash Cond": "(mi.movie_id = t.id)",
                  "Plans": [
                    {
                      "Node Type": "Seq Scan",
                      "Parent Relationship": "Outer",
                      "Parallel Aware": true,
                      "Relation Name": "movie_info",
                      "Alias": "mi",
                      "Startup Cost": 0.0,
                      "Total Cost": 191560.33,
                      "Plan Rows": 2956733,
                      "Plan Width": 4,
                      "Actual Startup Time": 0.023,
                      "Actual Total Time": 287.669,
                      "Actual Rows": 2472620,
                      "Actual Loops": 6
                    },
                    {
                      "Node Type": "Hash",
                      "Parent Relationship": "Inner",
                      "Parallel Aware": true,
                      "Startup Cost": 63243.01,
                      "Total Cost": 63243.01,
                      "Plan Rows": 79294,
                      "Plan Width": 8,
                      "Actual Startup Time": 188.673,
                      "Actual Total Time": 188.676,
                      "Actual Rows": 45702,
                      "Actual Loops": 6,
                      "Hash Buckets": 524288,
                      "Original Hash Buckets": 262144,
                      "Hash Batches": 1,
                      "Original Hash Batches": 1,
                      "Peak Memory Usage": 16960,
                      "Plans": [
                        {
                          "Node Type": "Hash Join",
                          "Parent Relationship": "Outer",
                          "Parallel Aware": true,
                          "Join Type": "Inner",
                          "Startup Cost": 47115.11,
                          "Total Cost": 63243.01,
                          "Plan Rows": 79294,
                          "Plan Width": 8,
                          "Actual Startup Time": 115.113,
                          "Actual Total Time": 169.113,
                          "Actual Rows": 45702,
                          "Actual Loops": 6,
                          "Inner Unique": true,
                          "Hash Cond": "(mi_idx.movie_id = t.id)",
                          "Plans": [
                            {
                              "Node Type": "Seq Scan",
                              "Parent Relationship": "Outer",
                              "Parallel Aware": true,
                              "Relation Name": "movie_info_idx",
                              "Alias": "mi_idx",
                              "Startup Cost": 0.0,
                              "Total Cost": 15122.68,
                              "Plan Rows": 382940,
                              "Plan Width": 4,
                              "Actual Startup Time": 0.031,
                              "Actual Total Time": 24.318,
                              "Actual Rows": 153308,
                              "Actual Loops": 6,
                              "Filter": "(info_type_id < 101)",
                              "Rows Removed by Filter": 76698
                            },
                            {
                              "Node Type": "Hash",
                              "Parent Relationship": "Inner",
                              "Parallel Aware": true,
                              "Startup Cost": 45479.1,
                              "Total Cost": 45479.1,
                              "Plan Rows": 130881,
                              "Plan Width": 4,
                              "Actual Startup Time": 113.457,
                              "Actual Total Time": 113.458,
                              "Actual Rows": 73486,
                              "Actual Loops": 6,
                              "Hash Buckets": 524288,
                              "Original Hash Buckets": 524288,
                              "Hash Batches": 1,
                              "Original Hash Batches": 1,
                              "Peak Memory Usage": 21440,
                              "Plans": [
                                {
                                  "Node Type": "Seq Scan",
                                  "Parent Relationship": "Outer",
                                  "Parallel Aware": true,
                                  "Relation Name": "title",
                                  "Alias": "t",
                                  "Startup Cost": 0.0,
                                  "Total Cost": 45479.1,
                                  "Plan Rows": 130881,
                                  "Plan Width": 4,
                                  "Actual Startup Time": 0.062,
                                  "Actual Total Time": 82.971,
                                  "Actual Rows": 73486,
                                  "Actual Loops": 6,
                                  "Filter": "((kind_id < 7) AND (production_year > 2001))",
                                  "Rows Removed by Filter": 347899
                                }
                              ]
                            }
                          ]
                        }
                      ]
                    }
                  ]
                }
              ]
            }
          ]
        }
      ]
    },
    "Planning Time": 1.385,
    "Triggers": [],
    "Execution Time": 922.095
  }
]