{
  "Plan": {
    "Node Type": "Aggregate",
    "Strategy": "Plain",
    "Partial Mode": "Finalize",
    "Parallel Aware": false,
    "Startup Cost": 78858.59,
    "Total Cost": 78858.6,
    "Plan Rows": 1,
    "Plan Width": 8,
    "Actual Startup Time": 232.043,
    "Actual Total Time": 245.278,
    "Actual Rows": 1,
    "Actual Loops": 1,
    "Plans": [
      {
        "Node Type": "Gather",
        "Parent Relationship": "Outer",
        "Parallel Aware": false,
        "Startup Cost": 78858.48,
        "Total Cost": 78858.59,
        "Plan Rows": 1,
        "Plan Width": 8,
        "Actual Startup Time": 231.939,
        "Actual Total Time": 245.271,
        "Actual Rows": 2,
        "Actual Loops": 1,
        "Workers Planned": 1,
        "Workers Launched": 1,
        "Single Copy": false,
        "Plans": [
          {
            "Node Type": "Aggregate",
            "Strategy": "Plain",
            "Partial Mode": "Partial",
            "Parent Relationship": "Outer",
            "Parallel Aware": false,
            "Startup Cost": 77858.48,
            "Total Cost": 77858.49,
            "Plan Rows": 1,
            "Plan Width": 8,
            "Actual Startup Time": 226.327,
            "Actual Total Time": 226.33,
            "Actual Rows": 1,
            "Actual Loops": 2,
            "Plans": [
              {
                "Node Type": "Hash Join",
                "Parent Relationship": "Outer",
                "Parallel Aware": true,
                "Join Type": "Inner",
                "Startup Cost": 58353.61,
                "Total Cost": 77855.05,
                "Plan Rows": 1371,
                "Plan Width": 0,
                "Actual Startup Time": 142.354,
                "Actual Total Time": 226.197,
                "Actual Rows": 2147,
                "Actual Loops": 2,
                "Inner Unique": true,
                "Hash Cond": "(mi_idx.movie_id = t.id)",
                "Plans": [
                  {
                    "Node Type": "Seq Scan",
                    "Parent Relationship": "Outer",
                    "Parallel Aware": true,
                    "Relation Name": "movie_info_idx",
                    "Alias": "mi_idx",
                    "Startup Cost": 0.0,
                    "Total Cost": 18082.32,
                    "Plan Rows": 540622,
                    "Plan Width": 4,
                    "Actual Startup Time": 0.019,
                    "Actual Total Time": 55.697,
                    "Actual Rows": 459925,
                    "Actual Loops": 2,
                    "Filter": "(info_type_id < 101)",
                    "Rows Removed by Filter": 230092
                  },
                  {
                    "Node Type": "Hash",
                    "Parent Relationship": "Inner",
                    "Parallel Aware": true,
                    "Startup Cost": 58306.47,
                    "Total Cost": 58306.47,
                    "Plan Rows": 3771,
                    "Plan Width": 4,
                    "Actual Startup Time": 140.468,
                    "Actual Total Time": 140.469,
                    "Actual Rows": 3045,
                    "Actual Loops": 2,
                    "Hash Buckets": 8192,
                    "Original Hash Buckets": 8192,
                    "Hash Batches": 1,
                    "Original Hash Batches": 1,
                    "Peak Memory Usage": 352,
                    "Plans": [
                      {
                        "Node Type": "Seq Scan",
                        "Parent Relationship": "Outer",
                        "Parallel Aware": true,
                        "Relation Name": "title",
                        "Alias": "t",
                        "Startup Cost": 0.0,
                        "Total Cost": 58306.47,
                        "Plan Rows": 3771,
                        "Plan Width": 4,
                        "Actual Startup Time": 0.273,
                        "Actual Total Time": 139.359,
                        "Actual Rows": 3045,
                        "Actual Loops": 2,
                        "Filter": "((kind_id < 7) AND (production_year = 1968))",
                        "Rows Removed by Filter": 1261111
                      }
                    ]
                  }
                ]
              }
            ]
          }
        ]
      }
    ]
  },
  "Planning Time": 0.426,
  "Triggers": [],
  "Execution Time": 245.346
}