{
  "Plan": {
    "Node Type": "Aggregate",
    "Strategy": "Plain",
    "Partial Mode": "Finalize",
    "Parallel Aware": false,
    "Startup Cost": 333853.81,
    "Total Cost": 333853.82,
    "Plan Rows": 1,
    "Plan Width": 8,
    "Actual Startup Time": 1784.516,
    "Actual Total Time": 1802.448,
    "Actual Rows": 1,
    "Actual Loops": 1,
    "Plans": [
      {
        "Node Type": "Gather",
        "Parent Relationship": "Outer",
        "Parallel Aware": false,
        "Startup Cost": 333853.69,
        "Total Cost": 333853.8,
        "Plan Rows": 1,
        "Plan Width": 8,
        "Actual Startup Time": 1419.409,
        "Actual Total Time": 1802.431,
        "Actual Rows": 2,
        "Actual Loops": 1,
        "Workers Planned": 1,
        "Workers Launched": 1,
        "Single Copy": false,
        "Plans": [
          {
            "Node Type": "Aggregate",
            "Strategy": "Plain",
            "Partial Mode": "Partial",
            "Parent Relationship": "Outer",
            "Parallel Aware": false,
            "Startup Cost": 332853.69,
            "Total Cost": 332853.7,
            "Plan Rows": 1,
            "Plan Width": 8,
            "Actual Startup Time": 1592.867,
            "Actual Total Time": 1592.875,
            "Actual Rows": 1,
            "Actual Loops": 2,
            "Plans": [
              {
                "Node Type": "Merge Join",
                "Parent Relationship": "Outer",
                "Parallel Aware": false,
                "Join Type": "Inner",
                "Startup Cost": 323977.78,
                "Total Cost": 332417.42,
                "Plan Rows": 174511,
                "Plan Width": 0,
                "Actual Startup Time": 1507.0,
                "Actual Total Time": 1587.243,
                "Actual Rows": 134211,
                "Actual Loops": 2,
                "Inner Unique": false,
                "Merge Cond": "(mc.movie_id = t.id)",
                "Plans": [
                  {
                    "Node Type": "Sort",
                    "Parent Relationship": "Outer",
                    "Parallel Aware": false,
                    "Startup Cost": 111740.59,
                    "Total Cost": 113629.4,
                    "Plan Rows": 755522,
                    "Plan Width": 4,
                    "Actual Startup Time": 291.933,
                    "Actual Total Time": 314.593,
                    "Actual Rows": 636964,
                    "Actual Loops": 2,
                    "Sort Key": [
                      "mc.movie_id"
                    ],
                    "Sort Method": "quicksort",
                    "Sort Space Used": 62895,
                    "Sort Space Type": "Memory",
                    "Workers": [
                      {
                        "Worker Number": 0,
                        "Sort Method": "quicksort",
                        "Sort Space Used": 33700,
                        "Sort Space Type": "Memory"
                      }
                    ],
                    "Plans": [
                      {
                        "Node Type": "Seq Scan",
                        "Parent Relationship": "Outer",
                        "Parallel Aware": true,
                        "Relation Name": "movie_companies",
                        "Alias": "mc",
                        "Startup Cost": 0.0,
                        "Total Cost": 37974.77,
                        "Plan Rows": 755522,
                        "Plan Width": 4,
                        "Actual Startup Time": 0.034,
                        "Actual Total Time": 145.209,
                        "Actual Rows": 637123,
                        "Actual Loops": 2,
                        "Filter": "(company_type_id = 1)",
                        "Rows Removed by Filter": 667442
                      }
                    ]
                  },
                  {
                    "Node Type": "Sort",
                    "Parent Relationship": "Inner",
                    "Parallel Aware": false,
                    "Startup Cost": 212237.13,
                    "Total Cost": 213697.09,
                    "Plan Rows": 583986,
                    "Plan Width": 8,
                    "Actual Startup Time": 1213.855,
                    "Actual Total Time": 1223.11,
                    "Actual Rows": 272583,
                    "Actual Loops": 2,
                    "Sort Key": [
                      "mk.movie_id"
                    ],
                    "Sort Method": "quicksort",
                    "Sort Space Used": 14915,
                    "Sort Space Type": "Memory",
                    "Workers": [
                      {
                        "Worker Number": 0,
                        "Sort Method": "quicksort",
                        "Sort Space Used": 14915,
                        "Sort Space Type": "Memory"
                      }
                    ],
                    "Plans": [
                      {
                        "Node Type": "Hash Join",
                        "Parent Relationship": "Outer",
                        "Parallel Aware": false,
                        "Join Type": "Inner",
                        "Startup Cost": 114395.16,
                        "Total Cost": 156304.19,
                        "Plan Rows": 583986,
                        "Plan Width": 8,
                        "Actual Startup Time": 826.707,
                        "Actual Total Time": 1170.124,
                        "Actual Rows": 187109,
                        "Actual Loops": 2,
                        "Inner Unique": true,
                        "Hash Cond": "(mk.movie_id = t.id)",
                        "Plans": [
                          {
                            "Node Type": "Bitmap Heap Scan",
                            "Parent Relationship": "Outer",
                            "Parallel Aware": false,
                            "Relation Name": "movie_keyword",
                            "Alias": "mk",
                            "Startup Cost": 24480.34,
                            "Total Cost": 63359.99,
                            "Plan Rows": 1154052,
                            "Plan Width": 4,
                            "Actual Startup Time": 82.772,
                            "Actual Total Time": 244.999,
                            "Actual Rows": 1163608,
                            "Actual Loops": 2,
                            "Recheck Cond": "(keyword_id > 16106)",
                            "Rows Removed by Index Recheck": 0,
                            "Exact Heap Blocks": 24082,
                            "Lossy Heap Blocks": 0,
                            "Plans": [
                              {
                                "Node Type": "Bitmap Index Scan",
                                "Parent Relationship": "Outer",
                                "Parallel Aware": false,
                                "Index Name": "keyword_id_movie_keyword",
                                "Startup Cost": 0.0,
                                "Total Cost": 24191.82,
                                "Plan Rows": 1154052,
                                "Plan Width": 0,
                                "Actual Startup Time": 78.863,
                                "Actual Total Time": 78.863,
                                "Actual Rows": 1163608,
                                "Actual Loops": 2,
                                "Index Cond": "(keyword_id > 16106)"
                              }
                            ]
                          },
                          {
                            "Node Type": "Hash",
                            "Parent Relationship": "Inner",
                            "Parallel Aware": false,
                            "Startup Cost": 73922.39,
                            "Total Cost": 73922.39,
                            "Plan Rows": 1279394,
                            "Plan Width": 4,
                            "Actual Startup Time": 734.087,
                            "Actual Total Time": 734.088,
                            "Actual Rows": 1361313,
                            "Actual Loops": 2,
                            "Hash Buckets": 2097152,
                            "Original Hash Buckets": 2097152,
                            "Hash Batches": 1,
                            "Original Hash Batches": 1,
                            "Peak Memory Usage": 64243,
                            "Plans": [
                              {
                                "Node Type": "Seq Scan",
                                "Parent Relationship": "Outer",
                                "Parallel Aware": false,
                                "Relation Name": "title",
                                "Alias": "t",
                                "Startup Cost": 0.0,
                                "Total Cost": 73922.39,
                                "Plan Rows": 1279394,
                                "Plan Width": 4,
                                "Actual Startup Time": 0.033,
                                "Actual Total Time": 358.023,
                                "Actual Rows": 1361313,
                                "Actual Loops": 2,
                                "Filter": "((kind_id > 4) AND (production_year > 1970))",
                                "Rows Removed by Filter": 1166999
                              }
                            ]
                          }
                        ]
                      }
                    ]
                  }
                ]
              }
            ]
          }
        ]
      }
    ]
  },
  "Planning Time": 0.891,
  "Triggers": [],
  "Execution Time": 1815.902
}