[
  {
    "Plan": {
      "Node Type": "Aggregate",
      "Strategy": "Plain",
      "Partial Mode": "Finalize",
      "Parallel Aware": false,
      "Startup Cost": 456550.02,
      "Total Cost": 456550.03,
      "Plan Rows": 1,
      "Plan Width": 8,
      "Actual Startup Time": 4240.234,
      "Actual Total Time": 4306.54,
      "Actual Rows": 1,
      "Actual Loops": 1,
      "Plans": [
        {
          "Node Type": "Gather",
          "Parent Relationship": "Outer",
          "Parallel Aware": false,
          "Startup Cost": 456549.7,
          "Total Cost": 456550.01,
          "Plan Rows": 3,
          "Plan Width": 8,
          "Actual Startup Time": 4207.751,
          "Actual Total Time": 4306.527,
          "Actual Rows": 4,
          "Actual Loops": 1,
          "Workers Planned": 3,
          "Workers Launched": 3,
          "Single Copy": false,
          "Plans": [
            {
              "Node Type": "Aggregate",
              "Strategy": "Plain",
              "Partial Mode": "Partial",
              "Parent Relationship": "Outer",
              "Parallel Aware": false,
              "Startup Cost": 455549.7,
              "Total Cost": 455549.71,
              "Plan Rows": 1,
              "Plan Width": 8,
              "Actual Startup Time": 4191.377,
              "Actual Total Time": 4194.636,
              "Actual Rows": 1,
              "Actual Loops": 4,
              "Plans": [
                {
                  "Node Type": "Hash Join",
                  "Parent Relationship": "Outer",
                  "Parallel Aware": true,
                  "Join Type": "Inner",
                  "Startup Cost": 400893.26,
                  "Total Cost": 451409.53,
                  "Plan Rows": 1656070,
                  "Plan Width": 0,
                  "Actual Startup Time": 2829.713,
                  "Actual Total Time": 3796.848,
                  "Actual Rows": 10340118,
                  "Actual Loops": 4,
                  "Inner Unique": false,
                  "Hash Cond": "(mk.movie_id = t.id)",
                  "Plans": [
                    {
                      "Node Type": "Seq Scan",
                      "Parent Relationship": "Outer",
                      "Parallel Aware": true,
                      "Relation Name": "movie_keyword",
                      "Alias": "mk",
                      "Startup Cost": 0.0,
                      "Total Cost": 42695.65,
                      "Plan Rows": 1349465,
                      "Plan Width": 4,
                      "Actual Startup Time": 0.078,
                      "Actual Total Time": 110.311,
                      "Actual Rows": 1040727,
                      "Actual Loops": 4,
                      "Filter": "(keyword_id > 323)",
                      "Rows Removed by Filter": 90256
                    },
                    {
                      "Node Type": "Hash",
                      "Parent Relationship": "Inner",
                      "Parallel Aware": true,
                      "Startup Cost": 394429.23,
                      "Total Cost": 394429.23,
                      "Plan Rows": 517122,
                      "Plan Width": 8,
                      "Actual Startup Time": 2818.532,
                      "Actual Total Time": 2821.789,
                      "Actual Rows": 1460797,
                      "Actual Loops": 4,
                      "Hash Buckets": 8388608,
                      "Original Hash Buckets": 4194304,
                      "Hash Batches": 1,
                      "Original Hash Batches": 1,
                      "Peak Memory Usage": 326976,
                      "Plans": [
                        {
                          "Node Type": "Hash Join",
                          "Parent Relationship": "Outer",
                          "Parallel Aware": true,
                          "Join Type": "Inner",
                          "Startup Cost": 49116.74,
                          "Total Cost": 394429.23,
                          "Plan Rows": 517122,
                          "Plan Width": 8,
                          "Actual Startup Time": 754.1,
                          "Actual Total Time": 2208.715,
                          "Actual Rows": 1460797,
                          "Actual Loops": 4,
                          "Inner Unique": true,
                          "Hash Cond": "(ci.movie_id = t.id)",
                          "Plans": [
                            {
                              "Node Type": "Seq Scan",
                              "Parent Relationship": "Outer",
                              "Parallel Aware": true,
                              "Relation Name": "cast_info",
                              "Alias": "ci",
                              "Startup Cost": 0.0,
                              "Total Cost": 343257.03,
                              "Plan Rows": 783034,
                              "Plan Width": 4,
                              "Actual Startup Time": 494.63,
                              "Actual Total Time": 1003.381,
                              "Actual Rows": 2541308,
                              "Actual Loops": 4,
                              "Filter": "((person_id > 2685126) AND (role_id > 2))",
                              "Rows Removed by Filter": 6519778
                            },
                            {
                              "Node Type": "Hash",
                              "Parent Relationship": "Inner",
                              "Parallel Aware": true,
                              "Startup Cost": 43898.92,
                              "Total Cost": 43898.92,
                              "Plan Rows": 417426,
                              "Plan Width": 4,
                              "Actual Startup Time": 256.583,
                              "Actual Total Time": 256.584,
                              "Actual Rows": 417823,
                              "Actual Loops": 4,
                              "Hash Buckets": 2097152,
                              "Original Hash Buckets": 2097152,
                              "Hash Batches": 1,
                              "Original Hash Batches": 1,
                              "Peak Memory Usage": 81824,
                              "Plans": [
                                {
                                  "Node Type": "Seq Scan",
                                  "Parent Relationship": "Outer",
                                  "Parallel Aware": true,
                                  "Relation Name": "title",
                                  "Alias": "t",
                                  "Startup Cost": 0.0,
                                  "Total Cost": 43898.92,
                                  "Plan Rows": 417426,
                                  "Plan Width": 4,
                                  "Actual Startup Time": 0.036,
                                  "Actual Total Time": 113.195,
                                  "Actual Rows": 417823,
                                  "Actual Loops": 4,
                                  "Filter": "(production_year < 2008)",
                                  "Rows Removed by Filter": 214255
                                }
                              ]
                            }
                          ]
                        }
                      ]
                    }
                  ]
                }
              ]
            }
          ]
        }
      ]
    },
    "Planning Time": 1.327,
    "Triggers": [],
    "Execution Time": 4306.637
  }
]