[
  {
    "Plan": {
      "Node Type": "Aggregate",
      "Strategy": "Plain",
      "Partial Mode": "Finalize",
      "Parallel Aware": false,
      "Startup Cost": 33470.95,
      "Total Cost": 33470.96,
      "Plan Rows": 1,
      "Plan Width": 8,
      "Actual Startup Time": 108.518,
      "Actual Total Time": 116.44,
      "Actual Rows": 1,
      "Actual Loops": 1,
      "Plans": [
        {
          "Node Type": "Gather",
          "Parent Relationship": "Outer",
          "Parallel Aware": false,
          "Startup Cost": 33470.63,
          "Total Cost": 33470.94,
          "Plan Rows": 3,
          "Plan Width": 8,
          "Actual Startup Time": 108.381,
          "Actual Total Time": 116.432,
          "Actual Rows": 4,
          "Actual Loops": 1,
          "Workers Planned": 3,
          "Workers Launched": 3,
          "Single Copy": false,
          "Plans": [
            {
              "Node Type": "Aggregate",
              "Strategy": "Plain",
              "Partial Mode": "Partial",
              "Parent Relationship": "Outer",
              "Parallel Aware": false,
              "Startup Cost": 32470.63,
              "Total Cost": 32470.64,
              "Plan Rows": 1,
              "Plan Width": 8,
              "Actual Startup Time": 99.58,
              "Actual Total Time": 99.581,
              "Actual Rows": 1,
              "Actual Loops": 4,
              "Plans": [
                {
                  "Node Type": "Seq Scan",
                  "Parent Relationship": "Outer",
                  "Parallel Aware": true,
                  "Relation Name": "movie_companies",
                  "Alias": "mc",
                  "Startup Cost": 0.0,
                  "Total Cost": 31414.82,
                  "Plan Rows": 422325,
                  "Plan Width": 0,
                  "Actual Startup Time": 49.956,
                  "Actual Total Time": 86.931,
                  "Actual Rows": 326655,
                  "Actual Loops": 4,
                  "Filter": "((company_id < 209170) AND (company_type_id > 1))",
                  "Rows Removed by Filter": 325627
                }
              ]
            }
          ]
        }
      ]
    },
    "Planning Time": 0.264,
    "Triggers": [],
    "Execution Time": 116.514
  }
]