{
  "Plan": {
    "Node Type": "Aggregate",
    "Strategy": "Plain",
    "Partial Mode": "Simple",
    "Parallel Aware": false,
    "Startup Cost": 1457962.34,
    "Total Cost": 1457962.35,
    "Plan Rows": 1,
    "Plan Width": 64,
    "Actual Startup Time": 9431.935,
    "Actual Total Time": 9432.147,
    "Actual Rows": 1,
    "Actual Loops": 1,
    "Plans": [
      {
        "Node Type": "Merge Join",
        "Parent Relationship": "Outer",
        "Parallel Aware": false,
        "Join Type": "Inner",
        "Startup Cost": 1445286.42,
        "Total Cost": 1457962.33,
        "Plan Rows": 2,
        "Plan Width": 32,
        "Actual Startup Time": 9317.886,
        "Actual Total Time": 9431.812,
        "Actual Rows": 3575,
        "Actual Loops": 1,
        "Inner Unique": false,
        "Merge Cond": "(cn.id = mc.company_id)",
        "Plans": [
          {
            "Node Type": "Index Scan",
            "Parent Relationship": "Outer",
            "Parallel Aware": false,
            "Scan Direction": "Forward",
            "Index Name": "company_name_pkey",
            "Relation Name": "company_name",
            "Alias": "cn",
            "Startup Cost": 0.42,
            "Total Cost": 12469.43,
            "Plan Rows": 85931,
            "Plan Width": 4,
            "Actual Startup Time": 0.01,
            "Actual Total Time": 107.204,
            "Actual Rows": 84239,
            "Actual Loops": 1,
            "Filter": "((country_code)::text = '[us]'::text)",
            "Rows Removed by Filter": 148331
          },
          {
            "Node Type": "Sort",
            "Parent Relationship": "Inner",
            "Parallel Aware": false,
            "Startup Cost": 1445286.0,
            "Total Cost": 1445286.01,
            "Plan Rows": 5,
            "Plan Width": 36,
            "Actual Startup Time": 9317.795,
            "Actual Total Time": 9319.46,
            "Actual Rows": 11692,
            "Actual Loops": 1,
            "Sort Key": [
              "mc.company_id"
            ],
            "Sort Method": "quicksort",
            "Sort Space Used": 1489,
            "Sort Space Type": "Memory",
            "Plans": [
              {
                "Node Type": "Merge Join",
                "Parent Relationship": "Outer",
                "Parallel Aware": false,
                "Join Type": "Inner",
                "Startup Cost": 1308720.13,
                "Total Cost": 1445285.94,
                "Plan Rows": 5,
                "Plan Width": 36,
                "Actual Startup Time": 7599.944,
                "Actual Total Time": 9314.314,
                "Actual Rows": 11692,
                "Actual Loops": 1,
                "Inner Unique": false,
                "Merge Cond": "(chn.id = ci.person_role_id)",
                "Plans": [
                  {
                    "Node Type": "Index Only Scan",
                    "Parent Relationship": "Outer",
                    "Parallel Aware": false,
                    "Scan Direction": "Forward",
                    "Index Name": "char_name_pkey",
                    "Relation Name": "char_name",
                    "Alias": "chn",
                    "Startup Cost": 0.43,
                    "Total Cost": 128715.58,
                    "Plan Rows": 3140252,
                    "Plan Width": 4,
                    "Actual Startup Time": 0.024,
                    "Actual Total Time": 1566.353,
                    "Actual Rows": 3133145,
                    "Actual Loops": 1,
                    "Heap Fetches": 3133145
                  },
                  {
                    "Node Type": "Sort",
                    "Parent Relationship": "Inner",
                    "Parallel Aware": false,
                    "Startup Cost": 1308719.7,
                    "Total Cost": 1308719.72,
                    "Plan Rows": 5,
                    "Plan Width": 40,
                    "Actual Startup Time": 7599.752,
                    "Actual Total Time": 7600.861,
                    "Actual Rows": 11693,
                    "Actual Loops": 1,
                    "Sort Key": [
                      "ci.person_role_id"
                    ],
                    "Sort Method": "quicksort",
                    "Sort Space Used": 1596,
                    "Sort Space Type": "Memory",
                    "Plans": [
                      {
                        "Node Type": "Merge Join",
                        "Parent Relationship": "Outer",
                        "Parallel Aware": false,
                        "Join Type": "Inner",
                        "Startup Cost": 1308716.33,
                        "Total Cost": 1308719.64,
                        "Plan Rows": 5,
                        "Plan Width": 40,
                        "Actual Startup Time": 7594.557,
                        "Actual Total Time": 7596.744,
                        "Actual Rows": 12363,
                        "Actual Loops": 1,
                        "Inner Unique": true,
                        "Merge Cond": "(mi.info_type_id = it.id)",
                        "Plans": [
                          {
                            "Node Type": "Sort",
                            "Parent Relationship": "Outer",
                            "Parallel Aware": false,
                            "Startup Cost": 1308713.91,
                            "Total Cost": 1308715.53,
                            "Plan Rows": 649,
                            "Plan Width": 44,
                            "Actual Startup Time": 7594.51,
                            "Actual Total Time": 7595.187,
                            "Actual Rows": 12363,
                            "Actual Loops": 1,
                            "Sort Key": [
                              "mi.info_type_id"
                            ],
                            "Sort Method": "quicksort",
                            "Sort Space Used": 1674,
                            "Sort Space Type": "Memory",
                            "Plans": [
                              {
                                "Node Type": "Merge Join",
                                "Parent Relationship": "Outer",
                                "Parallel Aware": false,
                                "Join Type": "Inner",
                                "Startup Cost": 1308638.18,
                                "Total Cost": 1308683.59,
                                "Plan Rows": 649,
                                "Plan Width": 44,
                                "Actual Startup Time": 7589.529,
                                "Actual Total Time": 7591.649,
                                "Actual Rows": 12363,
                                "Actual Loops": 1,
                                "Inner Unique": false,
                                "Merge Cond": "(rt.id = ci.role_id)",
                                "Plans": [
                                  {
                                    "Node Type": "Sort",
                                    "Parent Relationship": "Outer",
                                    "Parallel Aware": false,
                                    "Startup Cost": 1.16,
                                    "Total Cost": 1.16,
                                    "Plan Rows": 1,
                                    "Plan Width": 4,
                                    "Actual Startup Time": 0.024,
                                    "Actual Total Time": 0.026,
                                    "Actual Rows": 1,
                                    "Actual Loops": 1,
                                    "Sort Key": [
                                      "rt.id"
                                    ],
                                    "Sort Method": "quicksort",
                                    "Sort Space Used": 25,
                                    "Sort Space Type": "Memory",
                                    "Plans": [
                                      {
                                        "Node Type": "Seq Scan",
                                        "Parent Relationship": "Outer",
                                        "Parallel Aware": false,
                                        "Relation Name": "role_type",
                                        "Alias": "rt",
                                        "Startup Cost": 0.0,
                                        "Total Cost": 1.15,
                                        "Plan Rows": 1,
                                        "Plan Width": 4,
                                        "Actual Startup Time": 0.009,
                                        "Actual Total Time": 0.01,
                                        "Actual Rows": 1,
                                        "Actual Loops": 1,
                                        "Filter": "((role)::text = 'actress'::text)",
                                        "Rows Removed by Filter": 11
                                      }
                                    ]
                                  },
                                  {
                                    "Node Type": "Sort",
                                    "Parent Relationship": "Inner",
                                    "Parallel Aware": false,
                                    "Startup Cost": 1308637.02,
                                    "Total Cost": 1308656.48,
                                    "Plan Rows": 7784,
                                    "Plan Width": 48,
                                    "Actual Startup Time": 7589.5,
                                    "Actual Total Time": 7590.169,
                                    "Actual Rows": 12363,
                                    "Actual Loops": 1,
                                    "Sort Key": [
                                      "ci.role_id"
                                    ],
                                    "Sort Method": "quicksort",
                                    "Sort Space Used": 1773,
                                    "Sort Space Type": "Memory",
                                    "Plans": [
                                      {
                                        "Node Type": "Merge Join",
                                        "Parent Relationship": "Outer",
                                        "Parallel Aware": false,
                                        "Join Type": "Inner",
                                        "Startup Cost": 1041275.09,
                                        "Total Cost": 1308133.93,
                                        "Plan Rows": 7784,
                                        "Plan Width": 48,
                                        "Actual Startup Time": 5415.417,
                                        "Actual Total Time": 7585.411,
                                        "Actual Rows": 12363,
                                        "Actual Loops": 1,
                                        "Inner Unique": false,
                                        "Merge Cond": "(mc.movie_id = t.id)",
                                        "Plans": [
                                          {
                                            "Node Type": "Index Scan",
                                            "Parent Relationship": "Outer",
                                            "Parallel Aware": false,
                                            "Scan Direction": "Forward",
                                            "Index Name": "movie_id_movie_companies",
                                            "Relation Name": "movie_companies",
                                            "Alias": "mc",
                                            "Startup Cost": 0.43,
                                            "Total Cost": 140404.76,
                                            "Plan Rows": 2609129,
                                            "Plan Width": 8,
                                            "Actual Startup Time": 0.017,
                                            "Actual Total Time": 562.566,
                                            "Actual Rows": 2578602,
                                            "Actual Loops": 1
                                          },
                                          {
                                            "Node Type": "Materialize",
                                            "Parent Relationship": "Inner",
                                            "Parallel Aware": false,
                                            "Startup Cost": 1041274.66,
                                            "Total Cost": 1161340.47,
                                            "Plan Rows": 1556,
                                            "Plan Width": 56,
                                            "Actual Startup Time": 5413.064,
                                            "Actual Total Time": 6861.85,
                                            "Actual Rows": 14285,
                                            "Actual Loops": 1,
                                            "Plans": [
                                              {
                                                "Node Type": "Merge Join",
                                                "Parent Relationship": "Outer",
                                                "Parallel Aware": false,
                                                "Join Type": "Inner",
                                                "Startup Cost": 1041274.66,
                                                "Total Cost": 1161336.58,
                                                "Plan Rows": 1556,
                                                "Plan Width": 56,
                                                "Actual Startup Time": 5413.051,
                                                "Actual Total Time": 6859.74,
                                                "Actual Rows": 3715,
                                                "Actual Loops": 1,
                                                "Inner Unique": false,
                                                "Merge Cond": "(t.id = mi.movie_id)",
                                                "Plans": [
                                                  {
                                                    "Node Type": "Index Scan",
                                                    "Parent Relationship": "Outer",
                                                    "Parallel Aware": false,
                                                    "Scan Direction": "Forward",
                                                    "Index Name": "title_pkey",
                                                    "Relation Name": "title",
                                                    "Alias": "t",
                                                    "Startup Cost": 0.43,
                                                    "Total Cost": 116680.33,
                                                    "Plan Rows": 1389987,
                                                    "Plan Width": 21,
                                                    "Actual Startup Time": 0.036,
                                                    "Actual Total Time": 1399.441,
                                                    "Actual Rows": 1374459,
                                                    "Actual Loops": 1,
                                                    "Filter": "(production_year > 2000)",
                                                    "Rows Removed by Filter": 1134142
                                                  },
                                                  {
                                                    "Node Type": "Sort",
                                                    "Parent Relationship": "Inner",
                                                    "Parallel Aware": false,
                                                    "Startup Cost": 1041271.03,
                                                    "Total Cost": 1041278.1,
                                                    "Plan Rows": 2831,
                                                    "Plan Width": 35,
                                                    "Actual Startup Time": 5393.609,
                                                    "Actual Total Time": 5394.414,
                                                    "Actual Rows": 4014,
                                                    "Actual Loops": 1,
                                                    "Sort Key": [
                                                      "ci.movie_id"
                                                    ],
                                                    "Sort Method": "quicksort",
                                                    "Sort Space Used": 410,
                                                    "Sort Space Type": "Memory",
                                                    "Plans": [
                                                      {
                                                        "Node Type": "Gather",
                                                        "Parent Relationship": "Outer",
                                                        "Parallel Aware": false,
                                                        "Startup Cost": 1033934.13,
                                                        "Total Cost": 1041108.71,
                                                        "Plan Rows": 2831,
                                                        "Plan Width": 35,
                                                        "Actual Startup Time": 4599.835,
                                                        "Actual Total Time": 5391.86,
                                                        "Actual Rows": 4014,
                                                        "Actual Loops": 1,
                                                        "Workers Planned": 6,
                                                        "Workers Launched": 6,
                                                        "Single Copy": false,
                                                        "Plans": [
                                                          {
                                                            "Node Type": "Merge Join",
                                                            "Parent Relationship": "Outer",
                                                            "Parallel Aware": false,
                                                            "Join Type": "Inner",
                                                            "Startup Cost": 1032934.13,
                                                            "Total Cost": 1039825.61,
                                                            "Plan Rows": 472,
                                                            "Plan Width": 35,
                                                            "Actual Startup Time": 4688.207,
                                                            "Actual Total Time": 4743.924,
                                                            "Actual Rows": 573,
                                                            "Actual Loops": 7,
                                                            "Inner Unique": true,
                                                            "Merge Cond": "(ci.person_id = n.id)",
                                                            "Plans": [
                                                              {
                                                                "Node Type": "Merge Join",
                                                                "Parent Relationship": "Outer",
                                                                "Parallel Aware": false,
                                                                "Join Type": "Inner",
                                                                "Startup Cost": 914169.86,
                                                                "Total Cost": 920501.54,
                                                                "Plan Rows": 203231,
                                                                "Plan Width": 28,
                                                                "Actual Startup Time": 3901.859,
                                                                "Actual Total Time": 4030.306,
                                                                "Actual Rows": 126947,
                                                                "Actual Loops": 7,
                                                                "Inner Unique": false,
                                                                "Merge Cond": "(ci.person_id = an.person_id)",
                                                                "Plans": [
                                                                  {
                                                                    "Node Type": "Sort",
                                                                    "Parent Relationship": "Outer",
                                                                    "Parallel Aware": false,
                                                                    "Startup Cost": 804609.84,
                                                                    "Total Cost": 804823.37,
                                                                    "Plan Rows": 85410,
                                                                    "Plan Width": 24,
                                                                    "Actual Startup Time": 3514.937,
                                                                    "Actual Total Time": 3524.553,
                                                                    "Actual Rows": 58501,
                                                                    "Actual Loops": 7,
                                                                    "Sort Key": [
                                                                      "ci.person_id"
                                                                    ],
                                                                    "Sort Method": "quicksort",
                                                                    "Sort Space Used": 6055,
                                                                    "Sort Space Type": "Memory",
                                                                    "Workers": [
                                                                      {
                                                                        "Worker Number": 0,
                                                                        "Sort Method": "quicksort",
                                                                        "Sort Space Used": 5926,
                                                                        "Sort Space Type": "Memory"
                                                                      },
                                                                      {
                                                                        "Worker Number": 1,
                                                                        "Sort Method": "quicksort",
                                                                        "Sort Space Used": 6144,
                                                                        "Sort Space Type": "Memory"
                                                                      },
                                                                      {
                                                                        "Worker Number": 2,
                                                                        "Sort Method": "quicksort",
                                                                        "Sort Space Used": 6215,
                                                                        "Sort Space Type": "Memory"
                                                                      },
                                                                      {
                                                                        "Worker Number": 3,
                                                                        "Sort Method": "quicksort",
                                                                        "Sort Space Used": 6119,
                                                                        "Sort Space Type": "Memory"
                                                                      },
                                                                      {
                                                                        "Worker Number": 4,
                                                                        "Sort Method": "quicksort",
                                                                        "Sort Space Used": 6203,
                                                                        "Sort Space Type": "Memory"
                                                                      },
                                                                      {
                                                                        "Worker Number": 5,
                                                                        "Sort Method": "quicksort",
                                                                        "Sort Space Used": 6087,
                                                                        "Sort Space Type": "Memory"
                                                                      }
                                                                    ],
                                                                    "Plans": [
                                                                      {
                                                                        "Node Type": "Merge Join",
                                                                        "Parent Relationship": "Outer",
                                                                        "Parallel Aware": false,
                                                                        "Join Type": "Inner",
                                                                        "Startup Cost": 793279.78,
                                                                        "Total Cost": 797613.86,
                                                                        "Plan Rows": 85410,
                                                                        "Plan Width": 24,
                                                                        "Actual Startup Time": 3429.494,
                                                                        "Actual Total Time": 3498.34,
                                                                        "Actual Rows": 58503,
                                                                        "Actual Loops": 7,
                                                                        "Inner Unique": false,
                                                                        "Merge Cond": "(ci.movie_id = mi.movie_id)",
                                                                        "Plans": [
                                                                          {
                                                                            "Node Type": "Sort",
                                                                            "Parent Relationship": "Outer",
                                                                            "Parallel Aware": false,
                                                                            "Startup Cost": 356440.38,
                                                                            "Total Cost": 356821.09,
                                                                            "Plan Rows": 152283,
                                                                            "Plan Width": 16,
                                                                            "Actual Startup Time": 1107.517,
                                                                            "Actual Total Time": 1117.175,
                                                                            "Actual Rows": 123925,
                                                                            "Actual Loops": 7,
                                                                            "Sort Key": [
                                                                              "ci.movie_id"
                                                                            ],
                                                                            "Sort Method": "quicksort",
                                                                            "Sort Space Used": 8972,
                                                                            "Sort Space Type": "Memory",
                                                                            "Workers": [
                                                                              {
                                                                                "Worker Number": 0,
                                                                                "Sort Method": "quicksort",
                                                                                "Sort Space Used": 8625,
                                                                                "Sort Space Type": "Memory"
                                                                              },
                                                                              {
                                                                                "Worker Number": 1,
                                                                                "Sort Method": "quicksort",
                                                                                "Sort Space Used": 9045,
                                                                                "Sort Space Type": "Memory"
                                                                              },
                                                                              {
                                                                                "Worker Number": 2,
                                                                                "Sort Method": "quicksort",
                                                                                "Sort Space Used": 9090,
                                                                                "Sort Space Type": "Memory"
                                                                              },
                                                                              {
                                                                                "Worker Number": 3,
                                                                                "Sort Method": "quicksort",
                                                                                "Sort Space Used": 8847,
                                                                                "Sort Space Type": "Memory"
                                                                              },
                                                                              {
                                                                                "Worker Number": 4,
                                                                                "Sort Method": "quicksort",
                                                                                "Sort Space Used": 8850,
                                                                                "Sort Space Type": "Memory"
                                                                              },
                                                                              {
                                                                                "Worker Number": 5,
                                                                                "Sort Method": "quicksort",
                                                                                "Sort Space Used": 8743,
                                                                                "Sort Space Type": "Memory"
                                                                              }
                                                                            ],
                                                                            "Plans": [
                                                                              {
                                                                                "Node Type": "Seq Scan",
                                                                                "Parent Relationship": "Outer",
                                                                                "Parallel Aware": true,
                                                                                "Relation Name": "cast_info",
                                                                                "Alias": "ci",
                                                                                "Startup Cost": 0.0,
                                                                                "Total Cost": 343331.56,
                                                                                "Plan Rows": 152283,
                                                                                "Plan Width": 16,
                                                                                "Actual Startup Time": 0.133,
                                                                                "Actual Total Time": 1052.984,
                                                                                "Actual Rows": 123925,
                                                                                "Actual Loops": 7,
                                                                                "Filter": "(note = ANY ('{(voice),\"(voice: Japanese version)\",\"(voice) (uncredited)\",\"(voice: English version)\"}'::text[]))",
                                                                                "Rows Removed by Filter": 5053838
                                                                              }
                                                                            ]
                                                                          },
                                                                          {
                                                                            "Node Type": "Sort",
                                                                            "Parent Relationship": "Inner",
                                                                            "Parallel Aware": false,
                                                                            "Startup Cost": 436839.38,
                                                                            "Total Cost": 438199.23,
                                                                            "Plan Rows": 543941,
                                                                            "Plan Width": 8,
                                                                            "Actual Startup Time": 2321.941,
                                                                            "Actual Total Time": 2340.747,
                                                                            "Actual Rows": 487544,
                                                                            "Actual Loops": 7,
                                                                            "Sort Key": [
                                                                              "mi.movie_id"
                                                                            ],
                                                                            "Sort Method": "quicksort",
                                                                            "Sort Space Used": 33434,
                                                                            "Sort Space Type": "Memory",
                                                                            "Workers": [
                                                                              {
                                                                                "Worker Number": 0,
                                                                                "Sort Method": "quicksort",
                                                                                "Sort Space Used": 33434,
                                                                                "Sort Space Type": "Memory"
                                                                              },
                                                                              {
                                                                                "Worker Number": 1,
                                                                                "Sort Method": "quicksort",
                                                                                "Sort Space Used": 33434,
                                                                                "Sort Space Type": "Memory"
                                                                              },
                                                                              {
                                                                                "Worker Number": 2,
                                                                                "Sort Method": "quicksort",
                                                                                "Sort Space Used": 33434,
                                                                                "Sort Space Type": "Memory"
                                                                              },
                                                                              {
                                                                                "Worker Number": 3,
                                                                                "Sort Method": "quicksort",
                                                                                "Sort Space Used": 33434,
                                                                                "Sort Space Type": "Memory"
                                                                              },
                                                                              {
                                                                                "Worker Number": 4,
                                                                                "Sort Method": "quicksort",
                                                                                "Sort Space Used": 33434,
                                                                                "Sort Space Type": "Memory"
                                                                              },
                                                                              {
                                                                                "Worker Number": 5,
                                                                                "Sort Method": "quicksort",
                                                                                "Sort Space Used": 33434,
                                                                                "Sort Space Type": "Memory"
                                                                              }
                                                                            ],
                                                                            "Plans": [
                                                                              {
                                                                                "Node Type": "Seq Scan",
                                                                                "Parent Relationship": "Outer",
                                                                                "Parallel Aware": false,
                                                                                "Relation Name": "movie_info",
                                                                                "Alias": "mi",
                                                                                "Startup Cost": 0.0,
                                                                                "Total Cost": 385020.59,
                                                                                "Plan Rows": 543941,
                                                                                "Plan Width": 8,
                                                                                "Actual Startup Time": 294.648,
                                                                                "Actual Total Time": 2212.148,
                                                                                "Actual Rows": 451104,
                                                                                "Actual Loops": 7,
                                                                                "Filter": "((info IS NOT NULL) AND ((info ~~ 'Japan:%200%'::text) OR (info ~~ 'USA:%200%'::text)))",
                                                                                "Rows Removed by Filter": 14384616
                                                                              }
                                                                            ]
                                                                          }
                                                                        ]
                                                                      }
                                                                    ]
                                                                  },
                                                                  {
                                                                    "Node Type": "Sort",
                                                                    "Parent Relationship": "Inner",
                                                                    "Parallel Aware": false,
                                                                    "Startup Cost": 109559.99,
                                                                    "Total Cost": 111813.35,
                                                                    "Plan Rows": 901343,
                                                                    "Plan Width": 4,
                                                                    "Actual Startup Time": 386.686,
                                                                    "Actual Total Time": 448.217,
                                                                    "Actual Rows": 729338,
                                                                    "Actual Loops": 7,
                                                                    "Sort Key": [
                                                                      "an.person_id"
                                                                    ],
                                                                    "Sort Method": "quicksort",
                                                                    "Sort Space Used": 66827,
                                                                    "Sort Space Type": "Memory",
                                                                    "Workers": [
                                                                      {
                                                                        "Worker Number": 0,
                                                                        "Sort Method": "quicksort",
                                                                        "Sort Space Used": 66827,
                                                                        "Sort Space Type": "Memory"
                                                                      },
                                                                      {
                                                                        "Worker Number": 1,
                                                                        "Sort Method": "quicksort",
                                                                        "Sort Space Used": 66827,
                                                                        "Sort Space Type": "Memory"
                                                                      },
                                                                      {
                                                                        "Worker Number": 2,
                                                                        "Sort Method": "quicksort",
                                                                        "Sort Space Used": 66827,
                                                                        "Sort Space Type": "Memory"
                                                                      },
                                                                      {
                                                                        "Worker Number": 3,
                                                                        "Sort Method": "quicksort",
                                                                        "Sort Space Used": 66827,
                                                                        "Sort Space Type": "Memory"
                                                                      },
                                                                      {
                                                                        "Worker Number": 4,
                                                                        "Sort Method": "quicksort",
                                                                        "Sort Space Used": 66827,
                                                                        "Sort Space Type": "Memory"
                                                                      },
                                                                      {
                                                                        "Worker Number": 5,
                                                                        "Sort Method": "quicksort",
                                                                        "Sort Space Used": 66827,
                                                                        "Sort Space Type": "Memory"
                                                                      }
                                                                    ],
                                                                    "Plans": [
                                                                      {
                                                                        "Node Type": "Seq Scan",
                                                                        "Parent Relationship": "Outer",
                                                                        "Parallel Aware": false,
                                                                        "Relation Name": "aka_name",
                                                                        "Alias": "an",
                                                                        "Startup Cost": 0.0,
                                                                        "Total Cost": 20409.43,
                                                                        "Plan Rows": 901343,
                                                                        "Plan Width": 4,
                                                                        "Actual Startup Time": 0.061,
                                                                        "Actual Total Time": 123.774,
                                                                        "Actual Rows": 901343,
                                                                        "Actual Loops": 7
                                                                      }
                                                                    ]
                                                                  }
                                                                ]
                                                              },
                                                              {
                                                                "Node Type": "Sort",
                                                                "Parent Relationship": "Inner",
                                                                "Parallel Aware": false,
                                                                "Startup Cost": 118764.14,
                                                                "Total Cost": 118788.33,
                                                                "Plan Rows": 9675,
                                                                "Plan Width": 19,
                                                                "Actual Startup Time": 700.57,
                                                                "Actual Total Time": 704.657,
                                                                "Actual Rows": 49999,
                                                                "Actual Loops": 7,
                                                                "Sort Key": [
                                                                  "n.id"
                                                                ],
                                                                "Sort Method": "quicksort",
                                                                "Sort Space Used": 5246,
                                                                "Sort Space Type": "Memory",
                                                                "Workers": [
                                                                  {
                                                                    "Worker Number": 0,
                                                                    "Sort Method": "quicksort",
                                                                    "Sort Space Used": 5246,
                                                                    "Sort Space Type": "Memory"
                                                                  },
                                                                  {
                                                                    "Worker Number": 1,
                                                                    "Sort Method": "quicksort",
                                                                    "Sort Space Used": 5246,
                                                                    "Sort Space Type": "Memory"
                                                                  },
                                                                  {
                                                                    "Worker Number": 2,
                                                                    "Sort Method": "quicksort",
                                                                    "Sort Space Used": 5246,
                                                                    "Sort Space Type": "Memory"
                                                                  },
                                                                  {
                                                                    "Worker Number": 3,
                                                                    "Sort Method": "quicksort",
                                                                    "Sort Space Used": 5246,
                                                                    "Sort Space Type": "Memory"
                                                                  },
                                                                  {
                                                                    "Worker Number": 4,
                                                                    "Sort Method": "quicksort",
                                                                    "Sort Space Used": 5246,
                                                                    "Sort Space Type": "Memory"
                                                                  },
                                                                  {
                                                                    "Worker Number": 5,
                                                                    "Sort Method": "quicksort",
                                                                    "Sort Space Used": 5246,
                                                                    "Sort Space Type": "Memory"
                                                                  }
                                                                ],
                                                                "Plans": [
                                                                  {
                                                                    "Node Type": "Seq Scan",
                                                                    "Parent Relationship": "Outer",
                                                                    "Parallel Aware": false,
                                                                    "Relation Name": "name",
                                                                    "Alias": "n",
                                                                    "Startup Cost": 0.0,
                                                                    "Total Cost": 118123.65,
                                                                    "Plan Rows": 9675,
                                                                    "Plan Width": 19,
                                                                    "Actual Startup Time": 286.898,
                                                                    "Actual Total Time": 682.175,
                                                                    "Actual Rows": 50011,
                                                                    "Actual Loops": 7,
                                                                    "Filter": "((name ~~ '%An%'::text) AND ((gender)::text = 'f'::text))",
                                                                    "Rows Removed by Filter": 4117480
                                                                  }
                                                                ]
                                                              }
                                                            ]
                                                          }
                                                        ]
                                                      }
                                                    ]
                                                  }
                                                ]
                                              }
                                            ]
                                          }
                                        ]
                                      }
                                    ]
                                  }
                                ]
                              }
                            ]
                          },
                          {
                            "Node Type": "Sort",
                            "Parent Relationship": "Inner",
                            "Parallel Aware": false,
                            "Startup Cost": 2.42,
                            "Total Cost": 2.43,
                            "Plan Rows": 1,
                            "Plan Width": 4,
                            "Actual Startup Time": 0.045,
                            "Actual Total Time": 0.045,
                            "Actual Rows": 1,
                            "Actual Loops": 1,
                            "Sort Key": [
                              "it.id"
                            ],
                            "Sort Method": "quicksort",
                            "Sort Space Used": 25,
                            "Sort Space Type": "Memory",
                            "Plans": [
                              {
                                "Node Type": "Seq Scan",
                                "Parent Relationship": "Outer",
                                "Parallel Aware": false,
                                "Relation Name": "info_type",
                                "Alias": "it",
                                "Startup Cost": 0.0,
                                "Total Cost": 2.41,
                                "Plan Rows": 1,
                                "Plan Width": 4,
                                "Actual Startup Time": 0.031,
                                "Actual Total Time": 0.035,
                                "Actual Rows": 1,
                                "Actual Loops": 1,
                                "Filter": "((info)::text = 'release dates'::text)",
                                "Rows Removed by Filter": 112
                              }
                            ]
                          }
                        ]
                      }
                    ]
                  }
                ]
              }
            ]
          }
        ]
      }
    ]
  },
  "Planning Time": 33.668,
  "Triggers": [],
  "Execution Time": 9439.951
}