{
    "Plan": {
        "Node Type": "Aggregate",
        "Strategy": "Plain",
        "Partial Mode": "Simple",
        "Parallel Aware": false,
        "Startup Cost": 50000017786.83,
        "Total Cost": 50000017786.84,
        "Plan Rows": 1,
        "Plan Width": 96,
        "Actual Startup Time": 142.726,
        "Actual Total Time": 142.739,
        "Actual Rows": 1,
        "Actual Loops": 1,
        "Output": [
            "min(cn.name)",
            "min((lt.link)::text)",
            "min(t.title)"
        ],
        "Plans": [
            {
                "Node Type": "Nested Loop",
                "Parent Relationship": "Outer",
                "Parallel Aware": false,
                "Join Type": "Inner",
                "Startup Cost": 50000003997.02,
                "Total Cost": 50000017786.82,
                "Plan Rows": 1,
                "Plan Width": 48,
                "Actual Startup Time": 44.171,
                "Actual Total Time": 142.724,
                "Actual Rows": 9,
                "Actual Loops": 1,
                "Output": [
                    "cn.name",
                    "lt.link",
                    "t.title"
                ],
                "Inner Unique": true,
                "Plans": [
                    {
                        "Node Type": "Hash Join",
                        "Parent Relationship": "Outer",
                        "Parallel Aware": false,
                        "Join Type": "Inner",
                        "Startup Cost": 40000003996.87,
                        "Total Cost": 40000017778.65,
                        "Plan Rows": 1,
                        "Plan Width": 40,
                        "Actual Startup Time": 44.156,
                        "Actual Total Time": 142.677,
                        "Actual Rows": 9,
                        "Actual Loops": 1,
                        "Output": [
                            "cn.name",
                            "ml.link_type_id",
                            "t.title"
                        ],
                        "Inner Unique": false,
                        "Hash Cond": "(mc.company_type_id = ct.id)",
                        "Plans": [
                            {
                                "Node Type": "Hash Join",
                                "Parent Relationship": "Outer",
                                "Parallel Aware": false,
                                "Join Type": "Inner",
                                "Startup Cost": 40000003995.81,
                                "Total Cost": 40000017777.57,
                                "Plan Rows": 1,
                                "Plan Width": 44,
                                "Actual Startup Time": 44.113,
                                "Actual Total Time": 142.629,
                                "Actual Rows": 9,
                                "Actual Loops": 1,
                                "Output": [
                                    "cn.name",
                                    "mc.company_type_id",
                                    "ml.link_type_id",
                                    "t.title"
                                ],
                                "Inner Unique": false,
                                "Hash Cond": "(cn.id = mc.company_id)",
                                "Plans": [
                                    {
                                        "Node Type": "Index Scan",
                                        "Parent Relationship": "Outer",
                                        "Parallel Aware": false,
                                        "Scan Direction": "Forward",
                                        "Index Name": "company_name_pkey",
                                        "Relation Name": "company_name",
                                        "Schema": "public",
                                        "Alias": "cn",
                                        "Startup Cost": 0.42,
                                        "Total Cost": 13629.43,
                                        "Plan Rows": 30549,
                                        "Plan Width": 23,
                                        "Actual Startup Time": 0.095,
                                        "Actual Total Time": 99.849,
                                        "Actual Rows": 33983,
                                        "Actual Loops": 1,
                                        "Output": [
                                            "cn.id",
                                            "cn.name",
                                            "cn.country_code",
                                            "cn.imdb_id",
                                            "cn.name_pcode_nf",
                                            "cn.name_pcode_sf",
                                            "cn.md5sum"
                                        ],
                                        "Filter": "(((cn.country_code)::text <> '[us]'::text) AND ((cn.name ~~ '%Film%'::text) OR (cn.name ~~ '%Warner%'::text)))",
                                        "Rows Removed by Filter": 201014
                                    },
                                    {
                                        "Node Type": "Hash",
                                        "Parent Relationship": "Inner",
                                        "Parallel Aware": false,
                                        "Startup Cost": 40000003995.33,
                                        "Total Cost": 40000003995.33,
                                        "Plan Rows": 5,
                                        "Plan Width": 29,
                                        "Actual Startup Time": 40.309,
                                        "Actual Total Time": 40.317,
                                        "Actual Rows": 47,
                                        "Actual Loops": 1,
                                        "Output": [
                                            "mc.company_type_id",
                                            "mc.company_id",
                                            "ml.link_type_id",
                                            "t.title"
                                        ],
                                        "Hash Buckets": 1024,
                                        "Original Hash Buckets": 1024,
                                        "Hash Batches": 1,
                                        "Original Hash Batches": 1,
                                        "Peak Memory Usage": 12,
                                        "Plans": [
                                            {
                                                "Node Type": "Nested Loop",
                                                "Parent Relationship": "Outer",
                                                "Parallel Aware": false,
                                                "Join Type": "Inner",
                                                "Startup Cost": 40000000012.01,
                                                "Total Cost": 40000003995.33,
                                                "Plan Rows": 5,
                                                "Plan Width": 29,
                                                "Actual Startup Time": 2.193,
                                                "Actual Total Time": 40.288,
                                                "Actual Rows": 47,
                                                "Actual Loops": 1,
                                                "Output": [
                                                    "mc.company_type_id",
                                                    "mc.company_id",
                                                    "ml.link_type_id",
                                                    "t.title"
                                                ],
                                                "Inner Unique": false,
                                                "Join Filter": "(t.id = ml.movie_id)",
                                                "Rows Removed by Join Filter": 0,
                                                "Plans": [
                                                    {
                                                        "Node Type": "Nested Loop",
                                                        "Parent Relationship": "Outer",
                                                        "Parallel Aware": false,
                                                        "Join Type": "Inner",
                                                        "Startup Cost": 30000000011.68,
                                                        "Total Cost": 30000003919.66,
                                                        "Plan Rows": 17,
                                                        "Plan Width": 37,
                                                        "Actual Startup Time": 2.171,
                                                        "Actual Total Time": 37.258,
                                                        "Actual Rows": 512,
                                                        "Actual Loops": 1,
                                                        "Output": [
                                                            "mk.movie_id",
                                                            "mc.movie_id",
                                                            "mc.company_type_id",
                                                            "mc.company_id",
                                                            "t.title",
                                                            "t.id"
                                                        ],
                                                        "Inner Unique": false,
                                                        "Join Filter": "(t.id = mc.movie_id)",
                                                        "Rows Removed by Join Filter": 0,
                                                        "Plans": [
                                                            {
                                                                "Node Type": "Nested Loop",
                                                                "Parent Relationship": "Outer",
                                                                "Parallel Aware": false,
                                                                "Join Type": "Inner",
                                                                "Startup Cost": 20000000011.2,
                                                                "Total Cost": 20000003892.2,
                                                                "Plan Rows": 6,
                                                                "Plan Width": 25,
                                                                "Actual Startup Time": 2.127,
                                                                "Actual Total Time": 32.588,
                                                                "Actual Rows": 185,
                                                                "Actual Loops": 1,
                                                                "Output": [
                                                                    "mk.movie_id",
                                                                    "t.title",
                                                                    "t.id"
                                                                ],
                                                                "Inner Unique": true,
                                                                "Plans": [
                                                                    {
                                                                        "Node Type": "Nested Loop",
                                                                        "Parent Relationship": "Outer",
                                                                        "Parallel Aware": false,
                                                                        "Join Type": "Inner",
                                                                        "Startup Cost": 10000000010.76,
                                                                        "Total Cost": 10000003740.45,
                                                                        "Plan Rows": 34,
                                                                        "Plan Width": 4,
                                                                        "Actual Startup Time": 2.025,
                                                                        "Actual Total Time": 14.502,
                                                                        "Actual Rows": 1469,
                                                                        "Actual Loops": 1,
                                                                        "Output": [
                                                                            "mk.movie_id"
                                                                        ],
                                                                        "Inner Unique": false,
                                                                        "Plans": [
                                                                            {
                                                                                "Node Type": "Seq Scan",
                                                                                "Parent Relationship": "Outer",
                                                                                "Parallel Aware": false,
                                                                                "Relation Name": "keyword",
                                                                                "Schema": "public",
                                                                                "Alias": "k",
                                                                                "Startup Cost": 0.0,
                                                                                "Total Cost": 2626.12,
                                                                                "Plan Rows": 1,
                                                                                "Plan Width": 4,
                                                                                "Actual Startup Time": 0.712,
                                                                                "Actual Total Time": 8.936,
                                                                                "Actual Rows": 1,
                                                                                "Actual Loops": 1,
                                                                                "Output": [
                                                                                    "k.id",
                                                                                    "k.keyword",
                                                                                    "k.phonetic_code"
                                                                                ],
                                                                                "Filter": "(k.keyword = 'secretary'::text)",
                                                                                "Rows Removed by Filter": 134169
                                                                            },
                                                                            {
                                                                                "Node Type": "Bitmap Heap Scan",
                                                                                "Parent Relationship": "Inner",
                                                                                "Parallel Aware": false,
                                                                                "Relation Name": "movie_keyword",
                                                                                "Schema": "public",
                                                                                "Alias": "mk",
                                                                                "Startup Cost": 10.76,
                                                                                "Total Cost": 1111.32,
                                                                                "Plan Rows": 300,
                                                                                "Plan Width": 8,
                                                                                "Actual Startup Time": 1.3,
                                                                                "Actual Total Time": 5.145,
                                                                                "Actual Rows": 1469,
                                                                                "Actual Loops": 1,
                                                                                "Output": [
                                                                                    "mk.id",
                                                                                    "mk.movie_id",
                                                                                    "mk.keyword_id"
                                                                                ],
                                                                                "Recheck Cond": "(mk.keyword_id = k.id)",
                                                                                "Rows Removed by Index Recheck": 0,
                                                                                "Exact Heap Blocks": 1362,
                                                                                "Lossy Heap Blocks": 0,
                                                                                "Plans": [
                                                                                    {
                                                                                        "Node Type": "Bitmap Index Scan",
                                                                                        "Parent Relationship": "Outer",
                                                                                        "Parallel Aware": false,
                                                                                        "Index Name": "keyword_id_movie_keyword",
                                                                                        "Startup Cost": 0.0,
                                                                                        "Total Cost": 10.68,
                                                                                        "Plan Rows": 300,
                                                                                        "Plan Width": 0,
                                                                                        "Actual Startup Time": 0.776,
                                                                                        "Actual Total Time": 0.777,
                                                                                        "Actual Rows": 1469,
                                                                                        "Actual Loops": 1,
                                                                                        "Index Cond": "(mk.keyword_id = k.id)"
                                                                                    }
                                                                                ]
                                                                            }
                                                                        ]
                                                                    },
                                                                    {
                                                                        "Node Type": "Bitmap Heap Scan",
                                                                        "Parent Relationship": "Inner",
                                                                        "Parallel Aware": false,
                                                                        "Relation Name": "title",
                                                                        "Schema": "public",
                                                                        "Alias": "t",
                                                                        "Startup Cost": 0.45,
                                                                        "Total Cost": 4.46,
                                                                        "Plan Rows": 1,
                                                                        "Plan Width": 21,
                                                                        "Actual Startup Time": 0.009,
                                                                        "Actual Total Time": 0.009,
                                                                        "Actual Rows": 0,
                                                                        "Actual Loops": 1469,
                                                                        "Output": [
                                                                            "t.id",
                                                                            "t.title",
                                                                            "t.imdb_index",
                                                                            "t.kind_id",
                                                                            "t.production_year",
                                                                            "t.imdb_id",
                                                                            "t.phonetic_code",
                                                                            "t.episode_of_id",
                                                                            "t.season_nr",
                                                                            "t.episode_nr",
                                                                            "t.series_years",
                                                                            "t.md5sum"
                                                                        ],
                                                                        "Recheck Cond": "(t.id = mk.movie_id)",
                                                                        "Rows Removed by Index Recheck": 0,
                                                                        "Filter": "((t.production_year >= 1994) AND (t.production_year <= 2003))",
                                                                        "Rows Removed by Filter": 1,
                                                                        "Exact Heap Blocks": 1469,
                                                                        "Lossy Heap Blocks": 0,
                                                                        "Plans": [
                                                                            {
                                                                                "Node Type": "Bitmap Index Scan",
                                                                                "Parent Relationship": "Outer",
                                                                                "Parallel Aware": false,
                                                                                "Index Name": "title_pkey",
                                                                                "Startup Cost": 0.0,
                                                                                "Total Cost": 0.45,
                                                                                "Plan Rows": 1,
                                                                                "Plan Width": 0,
                                                                                "Actual Startup Time": 0.006,
                                                                                "Actual Total Time": 0.006,
                                                                                "Actual Rows": 1,
                                                                                "Actual Loops": 1469,
                                                                                "Index Cond": "(t.id = mk.movie_id)"
                                                                            }
                                                                        ]
                                                                    }
                                                                ]
                                                            },
                                                            {
                                                                "Node Type": "Bitmap Heap Scan",
                                                                "Parent Relationship": "Inner",
                                                                "Parallel Aware": false,
                                                                "Relation Name": "movie_companies",
                                                                "Schema": "public",
                                                                "Alias": "mc",
                                                                "Startup Cost": 0.48,
                                                                "Total Cost": 4.54,
                                                                "Plan Rows": 3,
                                                                "Plan Width": 12,
                                                                "Actual Startup Time": 0.019,
                                                                "Actual Total Time": 0.021,
                                                                "Actual Rows": 3,
                                                                "Actual Loops": 185,
                                                                "Output": [
                                                                    "mc.id",
                                                                    "mc.movie_id",
                                                                    "mc.company_id",
                                                                    "mc.company_type_id",
                                                                    "mc.note"
                                                                ],
                                                                "Recheck Cond": "(mc.movie_id = mk.movie_id)",
                                                                "Rows Removed by Index Recheck": 0,
                                                                "Filter": "(mc.note IS NULL)",
                                                                "Rows Removed by Filter": 7,
                                                                "Exact Heap Blocks": 351,
                                                                "Lossy Heap Blocks": 0,
                                                                "Plans": [
                                                                    {
                                                                        "Node Type": "Bitmap Index Scan",
                                                                        "Parent Relationship": "Outer",
                                                                        "Parallel Aware": false,
                                                                        "Index Name": "movie_id_movie_companies",
                                                                        "Startup Cost": 0.0,
                                                                        "Total Cost": 0.48,
                                                                        "Plan Rows": 5,
                                                                        "Plan Width": 0,
                                                                        "Actual Startup Time": 0.012,
                                                                        "Actual Total Time": 0.012,
                                                                        "Actual Rows": 10,
                                                                        "Actual Loops": 185,
                                                                        "Index Cond": "(mc.movie_id = mk.movie_id)"
                                                                    }
                                                                ]
                                                            }
                                                        ]
                                                    },
                                                    {
                                                        "Node Type": "Bitmap Heap Scan",
                                                        "Parent Relationship": "Inner",
                                                        "Parallel Aware": false,
                                                        "Relation Name": "movie_link",
                                                        "Schema": "public",
                                                        "Alias": "ml",
                                                        "Startup Cost": 0.33,
                                                        "Total Cost": 4.39,
                                                        "Plan Rows": 5,
                                                        "Plan Width": 8,
                                                        "Actual Startup Time": 0.003,
                                                        "Actual Total Time": 0.003,
                                                        "Actual Rows": 0,
                                                        "Actual Loops": 512,
                                                        "Output": [
                                                            "ml.id",
                                                            "ml.movie_id",
                                                            "ml.linked_movie_id",
                                                            "ml.link_type_id"
                                                        ],
                                                        "Recheck Cond": "(ml.movie_id = mk.movie_id)",
                                                        "Rows Removed by Index Recheck": 0,
                                                        "Exact Heap Blocks": 7,
                                                        "Lossy Heap Blocks": 0,
                                                        "Plans": [
                                                            {
                                                                "Node Type": "Bitmap Index Scan",
                                                                "Parent Relationship": "Outer",
                                                                "Parallel Aware": false,
                                                                "Index Name": "movie_id_movie_link",
                                                                "Startup Cost": 0.0,
                                                                "Total Cost": 0.33,
                                                                "Plan Rows": 5,
                                                                "Plan Width": 0,
                                                                "Actual Startup Time": 0.002,
                                                                "Actual Total Time": 0.002,
                                                                "Actual Rows": 0,
                                                                "Actual Loops": 512,
                                                                "Index Cond": "(ml.movie_id = mk.movie_id)"
                                                            }
                                                        ]
                                                    }
                                                ]
                                            }
                                        ]
                                    }
                                ]
                            },
                            {
                                "Node Type": "Hash",
                                "Parent Relationship": "Inner",
                                "Parallel Aware": false,
                                "Startup Cost": 1.05,
                                "Total Cost": 1.05,
                                "Plan Rows": 1,
                                "Plan Width": 4,
                                "Actual Startup Time": 0.031,
                                "Actual Total Time": 0.032,
                                "Actual Rows": 1,
                                "Actual Loops": 1,
                                "Output": [
                                    "ct.id"
                                ],
                                "Hash Buckets": 1024,
                                "Original Hash Buckets": 1024,
                                "Hash Batches": 1,
                                "Original Hash Batches": 1,
                                "Peak Memory Usage": 9,
                                "Plans": [
                                    {
                                        "Node Type": "Seq Scan",
                                        "Parent Relationship": "Outer",
                                        "Parallel Aware": false,
                                        "Relation Name": "company_type",
                                        "Schema": "public",
                                        "Alias": "ct",
                                        "Startup Cost": 0.0,
                                        "Total Cost": 1.05,
                                        "Plan Rows": 1,
                                        "Plan Width": 4,
                                        "Actual Startup Time": 0.023,
                                        "Actual Total Time": 0.025,
                                        "Actual Rows": 1,
                                        "Actual Loops": 1,
                                        "Output": [
                                            "ct.id"
                                        ],
                                        "Filter": "((ct.kind)::text = 'production companies'::text)",
                                        "Rows Removed by Filter": 3
                                    }
                                ]
                            }
                        ]
                    },
                    {
                        "Node Type": "Bitmap Heap Scan",
                        "Parent Relationship": "Inner",
                        "Parallel Aware": false,
                        "Relation Name": "link_type",
                        "Schema": "public",
                        "Alias": "lt",
                        "Startup Cost": 0.15,
                        "Total Cost": 4.16,
                        "Plan Rows": 1,
                        "Plan Width": 16,
                        "Actual Startup Time": 0.003,
                        "Actual Total Time": 0.003,
                        "Actual Rows": 1,
                        "Actual Loops": 9,
                        "Output": [
                            "lt.id",
                            "lt.link"
                        ],
                        "Recheck Cond": "(lt.id = ml.link_type_id)",
                        "Rows Removed by Index Recheck": 0,
                        "Filter": "((lt.link)::text ~~ '%follow%'::text)",
                        "Rows Removed by Filter": 0,
                        "Exact Heap Blocks": 9,
                        "Lossy Heap Blocks": 0,
                        "Plans": [
                            {
                                "Node Type": "Bitmap Index Scan",
                                "Parent Relationship": "Outer",
                                "Parallel Aware": false,
                                "Index Name": "link_type_pkey",
                                "Startup Cost": 0.0,
                                "Total Cost": 0.15,
                                "Plan Rows": 1,
                                "Plan Width": 0,
                                "Actual Startup Time": 0.001,
                                "Actual Total Time": 0.001,
                                "Actual Rows": 1,
                                "Actual Loops": 9,
                                "Index Cond": "(lt.id = ml.link_type_id)"
                            }
                        ]
                    }
                ]
            }
        ]
    },
    "Planning Time": 8.33,
    "Triggers": [],
    "Execution Time": 142.963
}