[
  {
    "Plan": {
      "Node Type": "Aggregate",
      "Strategy": "Plain",
      "Partial Mode": "Finalize",
      "Parallel Aware": false,
      "Startup Cost": 157391.33,
      "Total Cost": 157391.34,
      "Plan Rows": 1,
      "Plan Width": 8,
      "Actual Startup Time": 824.418,
      "Actual Total Time": 869.159,
      "Actual Rows": 1,
      "Actual Loops": 1,
      "Plans": [
        {
          "Node Type": "Gather",
          "Parent Relationship": "Outer",
          "Parallel Aware": false,
          "Startup Cost": 157391.02,
          "Total Cost": 157391.33,
          "Plan Rows": 3,
          "Plan Width": 8,
          "Actual Startup Time": 823.568,
          "Actual Total Time": 869.15,
          "Actual Rows": 4,
          "Actual Loops": 1,
          "Workers Planned": 3,
          "Workers Launched": 3,
          "Single Copy": false,
          "Plans": [
            {
              "Node Type": "Aggregate",
              "Strategy": "Plain",
              "Partial Mode": "Partial",
              "Parent Relationship": "Outer",
              "Parallel Aware": false,
              "Startup Cost": 156391.02,
              "Total Cost": 156391.03,
              "Plan Rows": 1,
              "Plan Width": 8,
              "Actual Startup Time": 814.4,
              "Actual Total Time": 814.403,
              "Actual Rows": 1,
              "Actual Loops": 4,
              "Plans": [
                {
                  "Node Type": "Nested Loop",
                  "Parent Relationship": "Outer",
                  "Parallel Aware": false,
                  "Join Type": "Inner",
                  "Startup Cost": 44618.78,
                  "Total Cost": 156023.75,
                  "Plan Rows": 146908,
                  "Plan Width": 0,
                  "Actual Startup Time": 116.961,
                  "Actual Total Time": 767.756,
                  "Actual Rows": 1017242,
                  "Actual Loops": 4,
                  "Inner Unique": false,
                  "Join Filter": "(t.id = mi.movie_id)",
                  "Rows Removed by Join Filter": 0,
                  "Plans": [
                    {
                      "Node Type": "Hash Join",
                      "Parent Relationship": "Outer",
                      "Parallel Aware": true,
                      "Join Type": "Inner",
                      "Startup Cost": 44618.34,
                      "Total Cost": 88038.29,
                      "Plan Rows": 25124,
                      "Plan Width": 8,
                      "Actual Startup Time": 116.878,
                      "Actual Total Time": 248.68,
                      "Actual Rows": 34056,
                      "Actual Loops": 4,
                      "Inner Unique": true,
                      "Hash Cond": "(mk.movie_id = t.id)",
                      "Plans": [
                        {
                          "Node Type": "Seq Scan",
                          "Parent Relationship": "Outer",
                          "Parallel Aware": true,
                          "Relation Name": "movie_keyword",
                          "Alias": "mk",
                          "Startup Cost": 0.0,
                          "Total Cost": 42695.65,
                          "Plan Rows": 275921,
                          "Plan Width": 4,
                          "Actual Startup Time": 0.026,
                          "Actual Total Time": 89.227,
                          "Actual Rows": 215332,
                          "Actual Loops": 4,
                          "Filter": "(keyword_id < 820)",
                          "Rows Removed by Filter": 915651
                        },
                        {
                          "Node Type": "Hash",
                          "Parent Relationship": "Inner",
                          "Parallel Aware": true,
                          "Startup Cost": 43898.92,
                          "Total Cost": 43898.92,
                          "Plan Rows": 57554,
                          "Plan Width": 4,
                          "Actual Startup Time": 114.329,
                          "Actual Total Time": 114.33,
                          "Actual Rows": 60350,
                          "Actual Loops": 4,
                          "Hash Buckets": 262144,
                          "Original Hash Buckets": 262144,
                          "Hash Batches": 1,
                          "Original Hash Batches": 1,
                          "Peak Memory Usage": 11520,
                          "Plans": [
                            {
                              "Node Type": "Seq Scan",
                              "Parent Relationship": "Outer",
                              "Parallel Aware": true,
                              "Relation Name": "title",
                              "Alias": "t",
                              "Startup Cost": 0.0,
                              "Total Cost": 43898.92,
                              "Plan Rows": 57554,
                              "Plan Width": 4,
                              "Actual Startup Time": 0.04,
                              "Actual Total Time": 95.483,
                              "Actual Rows": 60350,
                              "Actual Loops": 4,
                              "Filter": "(production_year < 1960)",
                              "Rows Removed by Filter": 571728
                            }
                          ]
                        }
                      ]
                    },
                    {
                      "Node Type": "Index Only Scan",
                      "Parent Relationship": "Inner",
                      "Parallel Aware": false,
                      "Scan Direction": "Forward",
                      "Index Name": "movie_id_movie_info",
                      "Relation Name": "movie_info",
                      "Alias": "mi",
                      "Startup Cost": 0.43,
                      "Total Cost": 2.18,
                      "Plan Rows": 42,
                      "Plan Width": 4,
                      "Actual Startup Time": 0.003,
                      "Actual Total Time": 0.012,
                      "Actual Rows": 30,
                      "Actual Loops": 136226,
                      "Index Cond": "(movie_id = mk.movie_id)",
                      "Rows Removed by Index Recheck": 0,
                      "Heap Fetches": 4068967
                    }
                  ]
                }
              ]
            }
          ]
        }
      ]
    },
    "Planning Time": 1.32,
    "Triggers": [],
    "Execution Time": 869.263
  }
]