[
  {
    "Plan": {
      "Node Type": "Aggregate",
      "Strategy": "Plain",
      "Partial Mode": "Simple",
      "Parallel Aware": false,
      "Startup Cost": 26235.5,
      "Total Cost": 26235.51,
      "Plan Rows": 1,
      "Plan Width": 8,
      "Actual Startup Time": 39.794,
      "Actual Total Time": 39.796,
      "Actual Rows": 1,
      "Actual Loops": 1,
      "Plans": [
        {
          "Node Type": "Bitmap Heap Scan",
          "Parent Relationship": "Outer",
          "Parallel Aware": false,
          "Relation Name": "movie_keyword",
          "Alias": "mk",
          "Startup Cost": 1044.97,
          "Total Cost": 26112.75,
          "Plan Rows": 49102,
          "Plan Width": 0,
          "Actual Startup Time": 9.487,
          "Actual Total Time": 36.816,
          "Actual Rows": 49477,
          "Actual Loops": 1,
          "Recheck Cond": "(keyword_id > 99824)",
          "Rows Removed by Index Recheck": 0,
          "Exact Heap Blocks": 12149,
          "Lossy Heap Blocks": 0,
          "Plans": [
            {
              "Node Type": "Bitmap Index Scan",
              "Parent Relationship": "Outer",
              "Parallel Aware": false,
              "Index Name": "keyword_id_movie_keyword",
              "Startup Cost": 0.0,
              "Total Cost": 1032.7,
              "Plan Rows": 49102,
              "Plan Width": 0,
              "Actual Startup Time": 6.387,
              "Actual Total Time": 6.388,
              "Actual Rows": 49477,
              "Actual Loops": 1,
              "Index Cond": "(keyword_id > 99824)"
            }
          ]
        }
      ]
    },
    "Planning Time": 0.209,
    "Triggers": [],
    "Execution Time": 39.837
  }
]