[
  {
    "Plan": {
      "Node Type": "Aggregate",
      "Strategy": "Plain",
      "Partial Mode": "Finalize",
      "Parallel Aware": false,
      "Startup Cost": 341382.63,
      "Total Cost": 341382.64,
      "Plan Rows": 1,
      "Plan Width": 8,
      "Actual Startup Time": 799.756,
      "Actual Total Time": 853.212,
      "Actual Rows": 1,
      "Actual Loops": 1,
      "Plans": [
        {
          "Node Type": "Gather",
          "Parent Relationship": "Outer",
          "Parallel Aware": false,
          "Startup Cost": 341382.01,
          "Total Cost": 341382.62,
          "Plan Rows": 6,
          "Plan Width": 8,
          "Actual Startup Time": 799.639,
          "Actual Total Time": 853.201,
          "Actual Rows": 7,
          "Actual Loops": 1,
          "Workers Planned": 6,
          "Workers Launched": 6,
          "Single Copy": false,
          "Plans": [
            {
              "Node Type": "Aggregate",
              "Strategy": "Plain",
              "Partial Mode": "Partial",
              "Parent Relationship": "Outer",
              "Parallel Aware": false,
              "Startup Cost": 340382.01,
              "Total Cost": 340382.02,
              "Plan Rows": 1,
              "Plan Width": 8,
              "Actual Startup Time": 793.195,
              "Actual Total Time": 793.196,
              "Actual Rows": 1,
              "Actual Loops": 7,
              "Plans": [
                {
                  "Node Type": "Seq Scan",
                  "Parent Relationship": "Outer",
                  "Parallel Aware": true,
                  "Relation Name": "cast_info",
                  "Alias": "ci",
                  "Startup Cost": 0.0,
                  "Total Cost": 328162.03,
                  "Plan Rows": 4887993,
                  "Plan Width": 0,
                  "Actual Startup Time": 81.819,
                  "Actual Total Time": 621.375,
                  "Actual Rows": 4166383,
                  "Actual Loops": 7,
                  "Filter": "(person_id > 683934)",
                  "Rows Removed by Filter": 1011381
                }
              ]
            }
          ]
        }
      ]
    },
    "Planning Time": 0.204,
    "Triggers": [],
    "Execution Time": 853.276
  }
]