{
  "Plan": {
    "Node Type": "Hash Join",
    "Parallel Aware": false,
    "Join Type": "Inner",
    "Startup Cost": 101171.88,
    "Total Cost": 158079.59,
    "Plan Rows": 1048295,
    "Plan Width": 4,
    "Actual Startup Time": 1057.672,
    "Actual Total Time": 1891.517,
    "Actual Rows": 1043520,
    "Actual Loops": 1,
    "Inner Unique": true,
    "Hash Cond": "(mc.company_id = cn.id)",
    "Plans": [
      {
        "Node Type": "Hash Join",
        "Parent Relationship": "Outer",
        "Parallel Aware": false,
        "Join Type": "Inner",
        "Startup Cost": 92889.45,
        "Total Cost": 147045.34,
        "Plan Rows": 1048295,
        "Plan Width": 4,
        "Actual Startup Time": 1001.718,
        "Actual Total Time": 1671.789,
        "Actual Rows": 1043520,
        "Actual Loops": 1,
        "Inner Unique": true,
        "Hash Cond": "(mc.movie_id = t.id)",
        "Plans": [
          {
            "Node Type": "Seq Scan",
            "Parent Relationship": "Outer",
            "Parallel Aware": false,
            "Relation Name": "movie_companies",
            "Alias": "mc",
            "Startup Cost": 0.0,
            "Total Cost": 51404.11,
            "Plan Rows": 1048295,
            "Plan Width": 8,
            "Actual Startup Time": 0.017,
            "Actual Total Time": 232.016,
            "Actual Rows": 1043520,
            "Actual Loops": 1,
            "Filter": "(company_id < 6029)",
            "Rows Removed by Filter": 1565609
          },
          {
            "Node Type": "Hash",
            "Parent Relationship": "Inner",
            "Parallel Aware": false,
            "Startup Cost": 61283.09,
            "Total Cost": 61283.09,
            "Plan Rows": 2528509,
            "Plan Width": 4,
            "Actual Startup Time": 985.384,
            "Actual Total Time": 985.385,
            "Actual Rows": 2528312,
            "Actual Loops": 1,
            "Hash Buckets": 4194304,
            "Original Hash Buckets": 4194304,
            "Hash Batches": 1,
            "Original Hash Batches": 1,
            "Peak Memory Usage": 121654,
            "Plans": [
              {
                "Node Type": "Seq Scan",
                "Parent Relationship": "Outer",
                "Parallel Aware": false,
                "Relation Name": "title",
                "Alias": "t",
                "Startup Cost": 0.0,
                "Total Cost": 61283.09,
                "Plan Rows": 2528509,
                "Plan Width": 4,
                "Actual Startup Time": 0.022,
                "Actual Total Time": 317.565,
                "Actual Rows": 2528312,
                "Actual Loops": 1
              }
            ]
          }
        ]
      },
      {
        "Node Type": "Hash",
        "Parent Relationship": "Inner",
        "Parallel Aware": false,
        "Startup Cost": 5344.97,
        "Total Cost": 5344.97,
        "Plan Rows": 234997,
        "Plan Width": 4,
        "Actual Startup Time": 55.037,
        "Actual Total Time": 55.038,
        "Actual Rows": 234997,
        "Actual Loops": 1,
        "Hash Buckets": 262144,
        "Original Hash Buckets": 262144,
        "Hash Batches": 1,
        "Original Hash Batches": 1,
        "Peak Memory Usage": 10310,
        "Plans": [
          {
            "Node Type": "Seq Scan",
            "Parent Relationship": "Outer",
            "Parallel Aware": false,
            "Relation Name": "company_name",
            "Alias": "cn",
            "Startup Cost": 0.0,
            "Total Cost": 5344.97,
            "Plan Rows": 234997,
            "Plan Width": 4,
            "Actual Startup Time": 0.025,
            "Actual Total Time": 28.347,
            "Actual Rows": 234997,
            "Actual Loops": 1
          }
        ]
      }
    ]
  },
  "Planning Time": 0.301,
  "Triggers": [],
  "Execution Time": 1927.32
}