[
  {
    "Plan": {
      "Node Type": "Aggregate",
      "Strategy": "Plain",
      "Partial Mode": "Finalize",
      "Parallel Aware": false,
      "Startup Cost": 120684.36,
      "Total Cost": 120684.37,
      "Plan Rows": 1,
      "Plan Width": 8,
      "Actual Startup Time": 199.212,
      "Actual Total Time": 213.434,
      "Actual Rows": 1,
      "Actual Loops": 1,
      "Plans": [
        {
          "Node Type": "Gather",
          "Parent Relationship": "Outer",
          "Parallel Aware": false,
          "Startup Cost": 120683.84,
          "Total Cost": 120684.35,
          "Plan Rows": 5,
          "Plan Width": 8,
          "Actual Startup Time": 199.072,
          "Actual Total Time": 213.425,
          "Actual Rows": 6,
          "Actual Loops": 1,
          "Workers Planned": 5,
          "Workers Launched": 5,
          "Single Copy": false,
          "Plans": [
            {
              "Node Type": "Aggregate",
              "Strategy": "Plain",
              "Partial Mode": "Partial",
              "Parent Relationship": "Outer",
              "Parallel Aware": false,
              "Startup Cost": 119683.84,
              "Total Cost": 119683.85,
              "Plan Rows": 1,
              "Plan Width": 8,
              "Actual Startup Time": 190.947,
              "Actual Total Time": 190.949,
              "Actual Rows": 1,
              "Actual Loops": 6,
              "Plans": [
                {
                  "Node Type": "Index Scan",
                  "Parent Relationship": "Outer",
                  "Parallel Aware": true,
                  "Scan Direction": "Forward",
                  "Index Name": "role_id_cast_info",
                  "Relation Name": "cast_info",
                  "Alias": "ci",
                  "Startup Cost": 0.56,
                  "Total Cost": 118067.1,
                  "Plan Rows": 646693,
                  "Plan Width": 0,
                  "Actual Startup Time": 0.15,
                  "Actual Total Time": 178.328,
                  "Actual Rows": 196944,
                  "Actual Loops": 6,
                  "Index Cond": "(role_id = 10)",
                  "Rows Removed by Index Recheck": 0,
                  "Filter": "(person_id < 2791831)",
                  "Rows Removed by Filter": 523559
                }
              ]
            }
          ]
        }
      ]
    },
    "Planning Time": 0.115,
    "Triggers": [],
    "Execution Time": 213.48
  }
]