[
  {
    "Plan": {
      "Node Type": "Aggregate",
      "Strategy": "Plain",
      "Partial Mode": "Finalize",
      "Parallel Aware": false,
      "Startup Cost": 92836.26,
      "Total Cost": 92836.27,
      "Plan Rows": 1,
      "Plan Width": 8,
      "Actual Startup Time": 340.619,
      "Actual Total Time": 366.462,
      "Actual Rows": 1,
      "Actual Loops": 1,
      "Plans": [
        {
          "Node Type": "Gather",
          "Parent Relationship": "Outer",
          "Parallel Aware": false,
          "Startup Cost": 92835.95,
          "Total Cost": 92836.26,
          "Plan Rows": 3,
          "Plan Width": 8,
          "Actual Startup Time": 340.364,
          "Actual Total Time": 366.454,
          "Actual Rows": 4,
          "Actual Loops": 1,
          "Workers Planned": 3,
          "Workers Launched": 3,
          "Single Copy": false,
          "Plans": [
            {
              "Node Type": "Aggregate",
              "Strategy": "Plain",
              "Partial Mode": "Partial",
              "Parent Relationship": "Outer",
              "Parallel Aware": false,
              "Startup Cost": 91835.95,
              "Total Cost": 91835.96,
              "Plan Rows": 1,
              "Plan Width": 8,
              "Actual Startup Time": 330.73,
              "Actual Total Time": 330.732,
              "Actual Rows": 1,
              "Actual Loops": 4,
              "Plans": [
                {
                  "Node Type": "Nested Loop",
                  "Parent Relationship": "Outer",
                  "Parallel Aware": false,
                  "Join Type": "Inner",
                  "Startup Cost": 693.51,
                  "Total Cost": 91733.04,
                  "Plan Rows": 41163,
                  "Plan Width": 0,
                  "Actual Startup Time": 8.159,
                  "Actual Total Time": 304.979,
                  "Actual Rows": 574277,
                  "Actual Loops": 4,
                  "Inner Unique": false,
                  "Plans": [
                    {
                      "Node Type": "Nested Loop",
                      "Parent Relationship": "Outer",
                      "Parallel Aware": false,
                      "Join Type": "Inner",
                      "Startup Cost": 693.08,
                      "Total Cost": 71817.99,
                      "Plan Rows": 10498,
                      "Plan Width": 8,
                      "Actual Startup Time": 7.944,
                      "Actual Total Time": 47.824,
                      "Actual Rows": 8104,
                      "Actual Loops": 4,
                      "Inner Unique": true,
                      "Plans": [
                        {
                          "Node Type": "Bitmap Heap Scan",
                          "Parent Relationship": "Outer",
                          "Parallel Aware": true,
                          "Relation Name": "movie_keyword",
                          "Alias": "mk",
                          "Startup Cost": 692.65,
                          "Total Cost": 26583.61,
                          "Plan Rows": 10498,
                          "Plan Width": 4,
                          "Actual Startup Time": 7.753,
                          "Actual Total Time": 19.532,
                          "Actual Rows": 8104,
                          "Actual Loops": 4,
                          "Recheck Cond": "(keyword_id > 108990)",
                          "Rows Removed by Index Recheck": 0,
                          "Exact Heap Blocks": 3015,
                          "Lossy Heap Blocks": 0,
                          "Plans": [
                            {
                              "Node Type": "Bitmap Index Scan",
                              "Parent Relationship": "Outer",
                              "Parallel Aware": false,
                              "Index Name": "keyword_id_movie_keyword",
                              "Startup Cost": 0.0,
                              "Total Cost": 684.51,
                              "Plan Rows": 32544,
                              "Plan Width": 0,
                              "Actual Startup Time": 12.216,
                              "Actual Total Time": 12.216,
                              "Actual Rows": 32417,
                              "Actual Loops": 1,
                              "Index Cond": "(keyword_id > 108990)"
                            }
                          ]
                        },
                        {
                          "Node Type": "Index Only Scan",
                          "Parent Relationship": "Inner",
                          "Parallel Aware": false,
                          "Scan Direction": "Forward",
                          "Index Name": "title_pkey",
                          "Relation Name": "title",
                          "Alias": "t",
                          "Startup Cost": 0.43,
                          "Total Cost": 4.31,
                          "Plan Rows": 1,
                          "Plan Width": 4,
                          "Actual Startup Time": 0.003,
                          "Actual Total Time": 0.003,
                          "Actual Rows": 1,
                          "Actual Loops": 32417,
                          "Index Cond": "(id = mk.movie_id)",
                          "Rows Removed by Index Recheck": 0,
                          "Heap Fetches": 32417
                        }
                      ]
                    },
                    {
                      "Node Type": "Index Scan",
                      "Parent Relationship": "Inner",
                      "Parallel Aware": false,
                      "Scan Direction": "Forward",
                      "Index Name": "movie_id_movie_info",
                      "Relation Name": "movie_info",
                      "Alias": "mi",
                      "Startup Cost": 0.43,
                      "Total Cost": 1.62,
                      "Plan Rows": 28,
                      "Plan Width": 4,
                      "Actual Startup Time": 0.006,
                      "Actual Total Time": 0.027,
                      "Actual Rows": 71,
                      "Actual Loops": 32417,
                      "Index Cond": "(movie_id = t.id)",
                      "Rows Removed by Index Recheck": 0,
                      "Filter": "(info_type_id > 4)",
                      "Rows Removed by Filter": 6
                    }
                  ]
                }
              ]
            }
          ]
        }
      ]
    },
    "Planning Time": 1.441,
    "Triggers": [],
    "Execution Time": 366.562
  }
]