{
  "Plan": {
    "Node Type": "Aggregate",
    "Strategy": "Plain",
    "Partial Mode": "Finalize",
    "Parallel Aware": false,
    "Startup Cost": 574298.9,
    "Total Cost": 574298.91,
    "Plan Rows": 1,
    "Plan Width": 8,
    "Actual Startup Time": 2192.24,
    "Actual Total Time": 2224.771,
    "Actual Rows": 1,
    "Actual Loops": 1,
    "Plans": [
      {
        "Node Type": "Gather",
        "Parent Relationship": "Outer",
        "Parallel Aware": false,
        "Startup Cost": 574298.79,
        "Total Cost": 574298.9,
        "Plan Rows": 1,
        "Plan Width": 8,
        "Actual Startup Time": 2189.731,
        "Actual Total Time": 2224.76,
        "Actual Rows": 2,
        "Actual Loops": 1,
        "Workers Planned": 1,
        "Workers Launched": 1,
        "Single Copy": false,
        "Plans": [
          {
            "Node Type": "Aggregate",
            "Strategy": "Plain",
            "Partial Mode": "Partial",
            "Parent Relationship": "Outer",
            "Parallel Aware": false,
            "Startup Cost": 573298.79,
            "Total Cost": 573298.8,
            "Plan Rows": 1,
            "Plan Width": 8,
            "Actual Startup Time": 2183.049,
            "Actual Total Time": 2183.354,
            "Actual Rows": 1,
            "Actual Loops": 2,
            "Plans": [
              {
                "Node Type": "Hash Join",
                "Parent Relationship": "Outer",
                "Parallel Aware": true,
                "Join Type": "Inner",
                "Startup Cost": 246615.9,
                "Total Cost": 573056.05,
                "Plan Rows": 97098,
                "Plan Width": 0,
                "Actual Startup Time": 933.415,
                "Actual Total Time": 2150.337,
                "Actual Rows": 637052,
                "Actual Loops": 2,
                "Inner Unique": false,
                "Hash Cond": "(ci.movie_id = t.id)",
                "Plans": [
                  {
                    "Node Type": "Bitmap Heap Scan",
                    "Parent Relationship": "Outer",
                    "Parallel Aware": true,
                    "Relation Name": "cast_info",
                    "Alias": "ci",
                    "Startup Cost": 163551.85,
                    "Total Cost": 481985.45,
                    "Plan Rows": 1982771,
                    "Plan Width": 4,
                    "Actual Startup Time": 509.253,
                    "Actual Total Time": 1108.502,
                    "Actual Rows": 3679455,
                    "Actual Loops": 2,
                    "Recheck Cond": "(person_id > 2934390)",
                    "Rows Removed by Index Recheck": 0,
                    "Filter": "(role_id > 2)",
                    "Rows Removed by Filter": 0,
                    "Exact Heap Blocks": 39384,
                    "Lossy Heap Blocks": 0,
                    "Plans": [
                      {
                        "Node Type": "Bitmap Index Scan",
                        "Parent Relationship": "Outer",
                        "Parallel Aware": false,
                        "Index Name": "person_id_cast_info",
                        "Startup Cost": 0.0,
                        "Total Cost": 162709.17,
                        "Plan Rows": 7451281,
                        "Plan Width": 0,
                        "Actual Startup Time": 483.029,
                        "Actual Total Time": 483.03,
                        "Actual Rows": 7358910,
                        "Actual Loops": 1,
                        "Index Cond": "(person_id > 2934390)"
                      }
                    ]
                  },
                  {
                    "Node Type": "Hash",
                    "Parent Relationship": "Inner",
                    "Parallel Aware": true,
                    "Startup Cost": 82153.66,
                    "Total Cost": 82153.66,
                    "Plan Rows": 72831,
                    "Plan Width": 8,
                    "Actual Startup Time": 421.532,
                    "Actual Total Time": 421.835,
                    "Actual Rows": 100163,
                    "Actual Loops": 2,
                    "Hash Buckets": 262144,
                    "Original Hash Buckets": 131072,
                    "Hash Batches": 1,
                    "Original Hash Batches": 1,
                    "Peak Memory Usage": 10944,
                    "Plans": [
                      {
                        "Node Type": "Hash Join",
                        "Parent Relationship": "Outer",
                        "Parallel Aware": true,
                        "Join Type": "Inner",
                        "Startup Cost": 63369.34,
                        "Total Cost": 82153.66,
                        "Plan Rows": 72831,
                        "Plan Width": 8,
                        "Actual Startup Time": 264.427,
                        "Actual Total Time": 394.696,
                        "Actual Rows": 100163,
                        "Actual Loops": 2,
                        "Inner Unique": true,
                        "Hash Cond": "(mi_idx.movie_id = t.id)",
                        "Plans": [
                          {
                            "Node Type": "Seq Scan",
                            "Parent Relationship": "Outer",
                            "Parallel Aware": true,
                            "Relation Name": "movie_info_idx",
                            "Alias": "mi_idx",
                            "Startup Cost": 0.0,
                            "Total Cost": 18082.32,
                            "Plan Rows": 267429,
                            "Plan Width": 4,
                            "Actual Startup Time": 0.02,
                            "Actual Total Time": 62.541,
                            "Actual Rows": 229962,
                            "Actual Loops": 2,
                            "Filter": "(info_type_id = 99)",
                            "Rows Removed by Filter": 460055
                          },
                          {
                            "Node Type": "Hash",
                            "Parent Relationship": "Inner",
                            "Parallel Aware": true,
                            "Startup Cost": 58306.47,
                            "Total Cost": 58306.47,
                            "Plan Rows": 405030,
                            "Plan Width": 4,
                            "Actual Startup Time": 256.872,
                            "Actual Total Time": 256.873,
                            "Actual Rows": 292880,
                            "Actual Loops": 2,
                            "Hash Buckets": 1048576,
                            "Original Hash Buckets": 1048576,
                            "Hash Batches": 1,
                            "Original Hash Batches": 1,
                            "Peak Memory Usage": 31136,
                            "Plans": [
                              {
                                "Node Type": "Seq Scan",
                                "Parent Relationship": "Outer",
                                "Parallel Aware": true,
                                "Relation Name": "title",
                                "Alias": "t",
                                "Startup Cost": 0.0,
                                "Total Cost": 58306.47,
                                "Plan Rows": 405030,
                                "Plan Width": 4,
                                "Actual Startup Time": 0.04,
                                "Actual Total Time": 174.122,
                                "Actual Rows": 292880,
                                "Actual Loops": 2,
                                "Filter": "((kind_id < 7) AND (production_year > 1990))",
                                "Rows Removed by Filter": 971276
                              }
                            ]
                          }
                        ]
                      }
                    ]
                  }
                ]
              }
            ]
          }
        ]
      }
    ]
  },
  "Planning Time": 1.135,
  "Triggers": [],
  "Execution Time": 2224.878
}