[
  {
    "Plan": {
      "Node Type": "Aggregate",
      "Strategy": "Plain",
      "Partial Mode": "Finalize",
      "Parallel Aware": false,
      "Startup Cost": 330664.15,
      "Total Cost": 330664.16,
      "Plan Rows": 1,
      "Plan Width": 8,
      "Actual Startup Time": 664.056,
      "Actual Total Time": 712.97,
      "Actual Rows": 1,
      "Actual Loops": 1,
      "Plans": [
        {
          "Node Type": "Gather",
          "Parent Relationship": "Outer",
          "Parallel Aware": false,
          "Startup Cost": 330663.52,
          "Total Cost": 330664.13,
          "Plan Rows": 6,
          "Plan Width": 8,
          "Actual Startup Time": 663.847,
          "Actual Total Time": 712.952,
          "Actual Rows": 7,
          "Actual Loops": 1,
          "Workers Planned": 6,
          "Workers Launched": 6,
          "Single Copy": false,
          "Plans": [
            {
              "Node Type": "Aggregate",
              "Strategy": "Plain",
              "Partial Mode": "Partial",
              "Parent Relationship": "Outer",
              "Parallel Aware": false,
              "Startup Cost": 329663.52,
              "Total Cost": 329663.53,
              "Plan Rows": 1,
              "Plan Width": 8,
              "Actual Startup Time": 654.149,
              "Actual Total Time": 654.15,
              "Actual Rows": 1,
              "Actual Loops": 7,
              "Plans": [
                {
                  "Node Type": "Seq Scan",
                  "Parent Relationship": "Outer",
                  "Parallel Aware": true,
                  "Relation Name": "cast_info",
                  "Alias": "ci",
                  "Startup Cost": 0.0,
                  "Total Cost": 328211.39,
                  "Plan Rows": 580853,
                  "Plan Width": 0,
                  "Actual Startup Time": 486.959,
                  "Actual Total Time": 625.909,
                  "Actual Rows": 490395,
                  "Actual Loops": 7,
                  "Filter": "(person_id > 3434090)",
                  "Rows Removed by Filter": 4687368
                }
              ]
            }
          ]
        }
      ]
    },
    "Planning Time": 0.175,
    "Triggers": [],
    "Execution Time": 713.035
  }
]