[
  {
    "Plan": {
      "Node Type": "Aggregate",
      "Strategy": "Plain",
      "Partial Mode": "Finalize",
      "Parallel Aware": false,
      "Startup Cost": 93339.12,
      "Total Cost": 93339.13,
      "Plan Rows": 1,
      "Plan Width": 8,
      "Actual Startup Time": 234.34,
      "Actual Total Time": 260.654,
      "Actual Rows": 1,
      "Actual Loops": 1,
      "Plans": [
        {
          "Node Type": "Gather",
          "Parent Relationship": "Outer",
          "Parallel Aware": false,
          "Startup Cost": 93338.81,
          "Total Cost": 93339.12,
          "Plan Rows": 3,
          "Plan Width": 8,
          "Actual Startup Time": 234.026,
          "Actual Total Time": 260.645,
          "Actual Rows": 4,
          "Actual Loops": 1,
          "Workers Planned": 3,
          "Workers Launched": 3,
          "Single Copy": false,
          "Plans": [
            {
              "Node Type": "Aggregate",
              "Strategy": "Plain",
              "Partial Mode": "Partial",
              "Parent Relationship": "Outer",
              "Parallel Aware": false,
              "Startup Cost": 92338.81,
              "Total Cost": 92338.82,
              "Plan Rows": 1,
              "Plan Width": 8,
              "Actual Startup Time": 224.514,
              "Actual Total Time": 224.517,
              "Actual Rows": 1,
              "Actual Loops": 4,
              "Plans": [
                {
                  "Node Type": "Nested Loop",
                  "Parent Relationship": "Outer",
                  "Parallel Aware": false,
                  "Join Type": "Inner",
                  "Startup Cost": 45676.78,
                  "Total Cost": 92336.04,
                  "Plan Rows": 1108,
                  "Plan Width": 0,
                  "Actual Startup Time": 129.583,
                  "Actual Total Time": 224.463,
                  "Actual Rows": 426,
                  "Actual Loops": 4,
                  "Inner Unique": false,
                  "Join Filter": "(t.id = mi.movie_id)",
                  "Rows Removed by Join Filter": 0,
                  "Plans": [
                    {
                      "Node Type": "Hash Join",
                      "Parent Relationship": "Outer",
                      "Parallel Aware": true,
                      "Join Type": "Inner",
                      "Startup Cost": 45676.35,
                      "Total Cost": 77716.36,
                      "Plan Rows": 5946,
                      "Plan Width": 8,
                      "Actual Startup Time": 128.294,
                      "Actual Total Time": 173.892,
                      "Actual Rows": 1990,
                      "Actual Loops": 4,
                      "Inner Unique": true,
                      "Hash Cond": "(mc.movie_id = t.id)",
                      "Plans": [
                        {
                          "Node Type": "Seq Scan",
                          "Parent Relationship": "Outer",
                          "Parallel Aware": true,
                          "Relation Name": "movie_companies",
                          "Alias": "mc",
                          "Startup Cost": 0.0,
                          "Total Cost": 31414.82,
                          "Plan Rows": 238170,
                          "Plan Width": 4,
                          "Actual Startup Time": 29.867,
                          "Actual Total Time": 59.887,
                          "Actual Rows": 115967,
                          "Actual Loops": 4,
                          "Filter": "((company_id < 13015) AND (company_type_id > 1))",
                          "Rows Removed by Filter": 536315
                        },
                        {
                          "Node Type": "Hash",
                          "Parent Relationship": "Inner",
                          "Parallel Aware": true,
                          "Startup Cost": 45479.1,
                          "Total Cost": 45479.1,
                          "Plan Rows": 15780,
                          "Plan Width": 4,
                          "Actual Startup Time": 96.911,
                          "Actual Total Time": 96.912,
                          "Actual Rows": 13476,
                          "Actual Loops": 4,
                          "Hash Buckets": 65536,
                          "Original Hash Buckets": 65536,
                          "Hash Batches": 1,
                          "Original Hash Batches": 1,
                          "Peak Memory Usage": 2656,
                          "Plans": [
                            {
                              "Node Type": "Seq Scan",
                              "Parent Relationship": "Outer",
                              "Parallel Aware": true,
                              "Relation Name": "title",
                              "Alias": "t",
                              "Startup Cost": 0.0,
                              "Total Cost": 45479.1,
                              "Plan Rows": 15780,
                              "Plan Width": 4,
                              "Actual Startup Time": 0.079,
                              "Actual Total Time": 91.929,
                              "Actual Rows": 13476,
                              "Actual Loops": 4,
                              "Filter": "((kind_id < 7) AND (production_year = 2012))",
                              "Rows Removed by Filter": 618602
                            }
                          ]
                        }
                      ]
                    },
                    {
                      "Node Type": "Index Scan",
                      "Parent Relationship": "Inner",
                      "Parallel Aware": false,
                      "Scan Direction": "Forward",
                      "Index Name": "movie_id_movie_info",
                      "Relation Name": "movie_info",
                      "Alias": "mi",
                      "Startup Cost": 0.43,
                      "Total Cost": 2.45,
                      "Plan Rows": 1,
                      "Plan Width": 4,
                      "Actual Startup Time": 0.021,
                      "Actual Total Time": 0.025,
                      "Actual Rows": 0,
                      "Actual Loops": 7960,
                      "Index Cond": "(movie_id = mc.movie_id)",
                      "Rows Removed by Index Recheck": 0,
                      "Filter": "(info_type_id = 6)",
                      "Rows Removed by Filter": 15
                    }
                  ]
                }
              ]
            }
          ]
        }
      ]
    },
    "Planning Time": 1.661,
    "Triggers": [],
    "Execution Time": 260.748
  }
]