[
  {
    "Plan": {
      "Node Type": "Aggregate",
      "Strategy": "Plain",
      "Partial Mode": "Finalize",
      "Parallel Aware": false,
      "Startup Cost": 307738.12,
      "Total Cost": 307738.13,
      "Plan Rows": 1,
      "Plan Width": 32,
      "Actual Startup Time": 952.864,
      "Actual Total Time": 1016.256,
      "Actual Rows": 1,
      "Actual Loops": 1,
      "Plans": [
        {
          "Node Type": "Gather",
          "Parent Relationship": "Outer",
          "Parallel Aware": false,
          "Startup Cost": 307737.6,
          "Total Cost": 307738.11,
          "Plan Rows": 5,
          "Plan Width": 32,
          "Actual Startup Time": 952.433,
          "Actual Total Time": 1016.239,
          "Actual Rows": 6,
          "Actual Loops": 1,
          "Workers Planned": 5,
          "Workers Launched": 5,
          "Single Copy": false,
          "Plans": [
            {
              "Node Type": "Aggregate",
              "Strategy": "Plain",
              "Partial Mode": "Partial",
              "Parent Relationship": "Outer",
              "Parallel Aware": false,
              "Startup Cost": 306737.6,
              "Total Cost": 306737.61,
              "Plan Rows": 1,
              "Plan Width": 32,
              "Actual Startup Time": 942.686,
              "Actual Total Time": 942.702,
              "Actual Rows": 1,
              "Actual Loops": 6,
              "Plans": [
                {
                  "Node Type": "Hash Join",
                  "Parent Relationship": "Outer",
                  "Parallel Aware": false,
                  "Join Type": "Inner",
                  "Startup Cost": 77442.08,
                  "Total Cost": 306718.71,
                  "Plan Rows": 7555,
                  "Plan Width": 17,
                  "Actual Startup Time": 271.631,
                  "Actual Total Time": 942.662,
                  "Actual Rows": 111,
                  "Actual Loops": 6,
                  "Inner Unique": true,
                  "Hash Cond": "(mi.info_type_id = it.id)",
                  "Plans": [
                    {
                      "Node Type": "Hash Join",
                      "Parent Relationship": "Outer",
                      "Parallel Aware": true,
                      "Join Type": "Inner",
                      "Startup Cost": 77438.54,
                      "Total Cost": 306694.59,
                      "Plan Rows": 7555,
                      "Plan Width": 21,
                      "Actual Startup Time": 270.959,
                      "Actual Total Time": 941.951,
                      "Actual Rows": 111,
                      "Actual Loops": 6,
                      "Inner Unique": false,
                      "Hash Cond": "(mi.movie_id = t.id)",
                      "Plans": [
                        {
                          "Node Type": "Seq Scan",
                          "Parent Relationship": "Outer",
                          "Parallel Aware": true,
                          "Relation Name": "movie_info",
                          "Alias": "mi",
                          "Startup Cost": 0.0,
                          "Total Cost": 228768.14,
                          "Plan Rows": 129157,
                          "Plan Width": 8,
                          "Actual Startup Time": 0.345,
                          "Actual Total Time": 710.922,
                          "Actual Rows": 116372,
                          "Actual Loops": 6,
                          "Filter": "(info = ANY ('{USA,Bulgaria,Danish,Norwegian,Denish,America,German,Sweden,Germany,Norway}'::text[]))",
                          "Rows Removed by Filter": 2356248
                        },
                        {
                          "Node Type": "Hash",
                          "Parent Relationship": "Inner",
                          "Parallel Aware": true,
                          "Startup Cost": 77351.19,
                          "Total Cost": 77351.19,
                          "Plan Rows": 6988,
                          "Plan Width": 25,
                          "Actual Startup Time": 220.708,
                          "Actual Total Time": 220.719,
                          "Actual Rows": 127,
                          "Actual Loops": 6,
                          "Hash Buckets": 32768,
                          "Original Hash Buckets": 32768,
                          "Hash Batches": 1,
                          "Original Hash Batches": 1,
                          "Peak Memory Usage": 448,
                          "Plans": [
                            {
                              "Node Type": "Hash Join",
                              "Parent Relationship": "Outer",
                              "Parallel Aware": true,
                              "Join Type": "Inner",
                              "Startup Cost": 31889.23,
                              "Total Cost": 77351.19,
                              "Plan Rows": 6988,
                              "Plan Width": 25,
                              "Actual Startup Time": 115.261,
                              "Actual Total Time": 220.418,
                              "Actual Rows": 127,
                              "Actual Loops": 6,
                              "Inner Unique": false,
                              "Hash Cond": "(t.id = mc.movie_id)",
                              "Plans": [
                                {
                                  "Node Type": "Seq Scan",
                                  "Parent Relationship": "Outer",
                                  "Parallel Aware": true,
                                  "Relation Name": "title",
                                  "Alias": "t",
                                  "Startup Cost": 0.0,
                                  "Total Cost": 43898.62,
                                  "Plan Rows": 410881,
                                  "Plan Width": 21,
                                  "Actual Startup Time": 0.024,
                                  "Actual Total Time": 89.106,
                                  "Actual Rows": 273919,
                                  "Actual Loops": 6,
                                  "Filter": "(production_year > 1994)",
                                  "Rows Removed by Filter": 147466
                                },
                                {
                                  "Node Type": "Hash",
                                  "Parent Relationship": "Inner",
                                  "Parallel Aware": true,
                                  "Startup Cost": 31715.84,
                                  "Total Cost": 31715.84,
                                  "Plan Rows": 13871,
                                  "Plan Width": 4,
                                  "Actual Startup Time": 106.684,
                                  "Actual Total Time": 106.689,
                                  "Actual Rows": 133,
                                  "Actual Loops": 6,
                                  "Hash Buckets": 65536,
                                  "Original Hash Buckets": 65536,
                                  "Hash Batches": 1,
                                  "Original Hash Batches": 1,
                                  "Peak Memory Usage": 704,
                                  "Plans": [
                                    {
                                      "Node Type": "Hash Join",
                                      "Parent Relationship": "Outer",
                                      "Parallel Aware": false,
                                      "Join Type": "Inner",
                                      "Startup Cost": 1.06,
                                      "Total Cost": 31715.84,
                                      "Plan Rows": 13871,
                                      "Plan Width": 4,
                                      "Actual Startup Time": 78.605,
                                      "Actual Total Time": 106.409,
                                      "Actual Rows": 133,
                                      "Actual Loops": 6,
                                      "Inner Unique": true,
                                      "Hash Cond": "(mc.company_type_id = ct.id)",
                                      "Plans": [
                                        {
                                          "Node Type": "Seq Scan",
                                          "Parent Relationship": "Outer",
                                          "Parallel Aware": true,
                                          "Relation Name": "movie_companies",
                                          "Alias": "mc",
                                          "Startup Cost": 0.0,
                                          "Total Cost": 31414.82,
                                          "Plan Rows": 55484,
                                          "Plan Width": 8,
                                          "Actual Startup Time": 0.12,
                                          "Actual Total Time": 102.298,
                                          "Actual Rows": 49271,
                                          "Actual Loops": 6,
                                          "Filter": "((note !~~ '%(TV)%'::text) AND (note ~~ '%(USA)%'::text))",
                                          "Rows Removed by Filter": 385584
                                        },
                                        {
                                          "Node Type": "Hash",
                                          "Parent Relationship": "Inner",
                                          "Parallel Aware": false,
                                          "Startup Cost": 1.05,
                                          "Total Cost": 1.05,
                                          "Plan Rows": 1,
                                          "Plan Width": 4,
                                          "Actual Startup Time": 0.077,
                                          "Actual Total Time": 0.079,
                                          "Actual Rows": 1,
                                          "Actual Loops": 6,
                                          "Hash Buckets": 1024,
                                          "Original Hash Buckets": 1024,
                                          "Hash Batches": 1,
                                          "Original Hash Batches": 1,
                                          "Peak Memory Usage": 9,
                                          "Plans": [
                                            {
                                              "Node Type": "Seq Scan",
                                              "Parent Relationship": "Outer",
                                              "Parallel Aware": false,
                                              "Relation Name": "company_type",
                                              "Alias": "ct",
                                              "Startup Cost": 0.0,
                                              "Total Cost": 1.05,
                                              "Plan Rows": 1,
                                              "Plan Width": 4,
                                              "Actual Startup Time": 0.058,
                                              "Actual Total Time": 0.061,
                                              "Actual Rows": 1,
                                              "Actual Loops": 6,
                                              "Filter": "((kind)::text = 'production companies'::text)",
                                              "Rows Removed by Filter": 3
                                            }
                                          ]
                                        }
                                      ]
                                    }
                                  ]
                                }
                              ]
                            }
                          ]
                        }
                      ]
                    },
                    {
                      "Node Type": "Hash",
                      "Parent Relationship": "Inner",
                      "Parallel Aware": false,
                      "Startup Cost": 2.13,
                      "Total Cost": 2.13,
                      "Plan Rows": 113,
                      "Plan Width": 4,
                      "Actual Startup Time": 0.154,
                      "Actual Total Time": 0.157,
                      "Actual Rows": 113,
                      "Actual Loops": 6,
                      "Hash Buckets": 1024,
                      "Original Hash Buckets": 1024,
                      "Hash Batches": 1,
                      "Original Hash Batches": 1,
                      "Peak Memory Usage": 12,
                      "Plans": [
                        {
                          "Node Type": "Seq Scan",
                          "Parent Relationship": "Outer",
                          "Parallel Aware": false,
                          "Relation Name": "info_type",
                          "Alias": "it",
                          "Startup Cost": 0.0,
                          "Total Cost": 2.13,
                          "Plan Rows": 113,
                          "Plan Width": 4,
                          "Actual Startup Time": 0.073,
                          "Actual Total Time": 0.097,
                          "Actual Rows": 113,
                          "Actual Loops": 6
                        }
                      ]
                    }
                  ]
                }
              ]
            }
          ]
        }
      ]
    },
    "Planning Time": 5.496,
    "Triggers": [],
    "Execution Time": 1016.677
  }
]