[
    {
        "Bao": {
            "Bao prediction": "NaN",
            "Bao recommended hint": "(no hint)"
        }
    },
    {
        "Plan": {
            "Node Type": "Aggregate",
            "Strategy": "Plain",
            "Partial Mode": "Finalize",
            "Parallel Aware": false,
            "Startup Cost": 32639.03,
            "Total Cost": 32639.04,
            "Plan Rows": 1,
            "Plan Width": 8,
            "Actual Startup Time": 91.983,
            "Actual Total Time": 97.505,
            "Actual Rows": 1,
            "Actual Loops": 1,
            "Output": [
                "count(*)"
            ],
            "Plans": [
                {
                    "Node Type": "Gather",
                    "Parent Relationship": "Outer",
                    "Parallel Aware": false,
                    "Startup Cost": 32638.72,
                    "Total Cost": 32639.03,
                    "Plan Rows": 3,
                    "Plan Width": 8,
                    "Actual Startup Time": 91.891,
                    "Actual Total Time": 97.498,
                    "Actual Rows": 4,
                    "Actual Loops": 1,
                    "Output": [
                        "(PARTIAL count(*))"
                    ],
                    "Workers Planned": 3,
                    "Workers Launched": 3,
                    "Single Copy": false,
                    "Plans": [
                        {
                            "Node Type": "Aggregate",
                            "Strategy": "Plain",
                            "Partial Mode": "Partial",
                            "Parent Relationship": "Outer",
                            "Parallel Aware": false,
                            "Startup Cost": 31638.72,
                            "Total Cost": 31638.73,
                            "Plan Rows": 1,
                            "Plan Width": 8,
                            "Actual Startup Time": 83.822,
                            "Actual Total Time": 83.823,
                            "Actual Rows": 1,
                            "Actual Loops": 4,
                            "Output": [
                                "PARTIAL count(*)"
                            ],
                            "Workers": [
                                {
                                    "Worker Number": 0,
                                    "Actual Startup Time": 80.985,
                                    "Actual Total Time": 80.986,
                                    "Actual Rows": 1,
                                    "Actual Loops": 1
                                },
                                {
                                    "Worker Number": 1,
                                    "Actual Startup Time": 81.222,
                                    "Actual Total Time": 81.223,
                                    "Actual Rows": 1,
                                    "Actual Loops": 1
                                },
                                {
                                    "Worker Number": 2,
                                    "Actual Startup Time": 81.652,
                                    "Actual Total Time": 81.652,
                                    "Actual Rows": 1,
                                    "Actual Loops": 1
                                }
                            ],
                            "Plans": [
                                {
                                    "Node Type": "Seq Scan",
                                    "Parent Relationship": "Outer",
                                    "Parallel Aware": true,
                                    "Relation Name": "movie_companies",
                                    "Schema": "public",
                                    "Alias": "mc",
                                    "Startup Cost": 0.0,
                                    "Total Cost": 31414.82,
                                    "Plan Rows": 89559,
                                    "Plan Width": 0,
                                    "Actual Startup Time": 40.619,
                                    "Actual Total Time": 77.003,
                                    "Actual Rows": 136188,
                                    "Actual Loops": 4,
                                    "Output": [
                                        "id",
                                        "movie_id",
                                        "company_id",
                                        "company_type_id",
                                        "note"
                                    ],
                                    "Filter": "((mc.company_id > 72041) AND (mc.company_type_id = 2))",
                                    "Rows Removed by Filter": 516095,
                                    "Workers": [
                                        {
                                            "Worker Number": 0,
                                            "Actual Startup Time": 37.785,
                                            "Actual Total Time": 74.245,
                                            "Actual Rows": 100335,
                                            "Actual Loops": 1
                                        },
                                        {
                                            "Worker Number": 1,
                                            "Actual Startup Time": 38.016,
                                            "Actual Total Time": 74.542,
                                            "Actual Rows": 99138,
                                            "Actual Loops": 1
                                        },
                                        {
                                            "Worker Number": 2,
                                            "Actual Startup Time": 38.453,
                                            "Actual Total Time": 75.01,
                                            "Actual Rows": 160510,
                                            "Actual Loops": 1
                                        }
                                    ]
                                }
                            ]
                        }
                    ]
                }
            ]
        },
        "Planning Time": 185.492,
        "Triggers": [],
        "Execution Time": 97.587
    }
]