[
  {
    "Plan": {
      "Node Type": "Aggregate",
      "Strategy": "Plain",
      "Partial Mode": "Simple",
      "Parallel Aware": false,
      "Startup Cost": 18399.27,
      "Total Cost": 18399.28,
      "Plan Rows": 1,
      "Plan Width": 96,
      "Actual Startup Time": 879.341,
      "Actual Total Time": 964.628,
      "Actual Rows": 1,
      "Actual Loops": 1,
      "Plans": [
        {
          "Node Type": "Gather",
          "Parent Relationship": "Outer",
          "Parallel Aware": false,
          "Startup Cost": 1006.71,
          "Total Cost": 18399.26,
          "Plan Rows": 1,
          "Plan Width": 65,
          "Actual Startup Time": 17.679,
          "Actual Total Time": 964.071,
          "Actual Rows": 2141,
          "Actual Loops": 1,
          "Workers Planned": 2,
          "Workers Launched": 2,
          "Single Copy": false,
          "Plans": [
            {
              "Node Type": "Nested Loop",
              "Parent Relationship": "Outer",
              "Parallel Aware": false,
              "Join Type": "Inner",
              "Startup Cost": 6.71,
              "Total Cost": 17399.16,
              "Plan Rows": 1,
              "Plan Width": 65,
              "Actual Startup Time": 31.618,
              "Actual Total Time": 869.663,
              "Actual Rows": 714,
              "Actual Loops": 3,
              "Inner Unique": true,
              "Plans": [
                {
                  "Node Type": "Nested Loop",
                  "Parent Relationship": "Outer",
                  "Parallel Aware": false,
                  "Join Type": "Inner",
                  "Startup Cost": 6.28,
                  "Total Cost": 17398.13,
                  "Plan Rows": 2,
                  "Plan Width": 69,
                  "Actual Startup Time": 31.125,
                  "Actual Total Time": 820.18,
                  "Actual Rows": 4065,
                  "Actual Loops": 3,
                  "Inner Unique": false,
                  "Plans": [
                    {
                      "Node Type": "Hash Join",
                      "Parent Relationship": "Outer",
                      "Parallel Aware": false,
                      "Join Type": "Inner",
                      "Startup Cost": 5.72,
                      "Total Cost": 17395.52,
                      "Plan Rows": 1,
                      "Plan Width": 77,
                      "Actual Startup Time": 9.309,
                      "Actual Total Time": 668.809,
                      "Actual Rows": 656,
                      "Actual Loops": 3,
                      "Inner Unique": true,
                      "Hash Cond": "(mi.info_type_id = it1.id)",
                      "Plans": [
                        {
                          "Node Type": "Nested Loop",
                          "Parent Relationship": "Outer",
                          "Parallel Aware": false,
                          "Join Type": "Inner",
                          "Startup Cost": 3.29,
                          "Total Cost": 17392.98,
                          "Plan Rows": 46,
                          "Plan Width": 81,
                          "Actual Startup Time": 8.914,
                          "Actual Total Time": 667.966,
                          "Actual Rows": 657,
                          "Actual Loops": 3,
                          "Inner Unique": false,
                          "Plans": [
                            {
                              "Node Type": "Nested Loop",
                              "Parent Relationship": "Outer",
                              "Parallel Aware": false,
                              "Join Type": "Inner",
                              "Startup Cost": 2.86,
                              "Total Cost": 16484.41,
                              "Plan Rows": 471,
                              "Plan Width": 30,
                              "Actual Startup Time": 0.298,
                              "Actual Total Time": 247.452,
                              "Actual Rows": 24480,
                              "Actual Loops": 3,
                              "Inner Unique": true,
                              "Plans": [
                                {
                                  "Node Type": "Hash Join",
                                  "Parent Relationship": "Outer",
                                  "Parallel Aware": false,
                                  "Join Type": "Inner",
                                  "Startup Cost": 2.43,
                                  "Total Cost": 15406.74,
                                  "Plan Rows": 915,
                                  "Plan Width": 9,
                                  "Actual Startup Time": 0.144,
                                  "Actual Total Time": 78.309,
                                  "Actual Rows": 45269,
                                  "Actual Loops": 3,
                                  "Inner Unique": true,
                                  "Hash Cond": "(mi_idx.info_type_id = it2.id)",
                                  "Plans": [
                                    {
                                      "Node Type": "Seq Scan",
                                      "Parent Relationship": "Outer",
                                      "Parallel Aware": true,
                                      "Relation Name": "movie_info_idx",
                                      "Alias": "mi_idx",
                                      "Startup Cost": 0.0,
                                      "Total Cost": 15122.68,
                                      "Plan Rows": 103410,
                                      "Plan Width": 13,
                                      "Actual Startup Time": 0.054,
                                      "Actual Total Time": 61.711,
                                      "Actual Rows": 83054,
                                      "Actual Loops": 3,
                                      "Filter": "(info > '6.9'::text)",
                                      "Rows Removed by Filter": 376958
                                    },
                                    {
                                      "Node Type": "Hash",
                                      "Parent Relationship": "Inner",
                                      "Parallel Aware": false,
                                      "Startup Cost": 2.41,
                                      "Total Cost": 2.41,
                                      "Plan Rows": 1,
                                      "Plan Width": 4,
                                      "Actual Startup Time": 0.041,
                                      "Actual Total Time": 0.042,
                                      "Actual Rows": 1,
                                      "Actual Loops": 3,
                                      "Hash Buckets": 1024,
                                      "Original Hash Buckets": 1024,
                                      "Hash Batches": 1,
                                      "Original Hash Batches": 1,
                                      "Peak Memory Usage": 9,
                                      "Plans": [
                                        {
                                          "Node Type": "Seq Scan",
                                          "Parent Relationship": "Outer",
                                          "Parallel Aware": false,
                                          "Relation Name": "info_type",
                                          "Alias": "it2",
                                          "Startup Cost": 0.0,
                                          "Total Cost": 2.41,
                                          "Plan Rows": 1,
                                          "Plan Width": 4,
                                          "Actual Startup Time": 0.025,
                                          "Actual Total Time": 0.028,
                                          "Actual Rows": 1,
                                          "Actual Loops": 3,
                                          "Filter": "((info)::text = 'rating'::text)",
                                          "Rows Removed by Filter": 112
                                        }
                                      ]
                                    }
                                  ]
                                },
                                {
                                  "Node Type": "Index Scan",
                                  "Parent Relationship": "Inner",
                                  "Parallel Aware": false,
                                  "Scan Direction": "Forward",
                                  "Index Name": "title_pkey",
                                  "Relation Name": "title",
                                  "Alias": "t",
                                  "Startup Cost": 0.43,
                                  "Total Cost": 1.18,
                                  "Plan Rows": 1,
                                  "Plan Width": 21,
                                  "Actual Startup Time": 0.003,
                                  "Actual Total Time": 0.003,
                                  "Actual Rows": 1,
                                  "Actual Loops": 135808,
                                  "Index Cond": "(id = mi_idx.movie_id)",
                                  "Rows Removed by Index Recheck": 0,
                                  "Filter": "((production_year >= 1994) AND (production_year <= 2010))",
                                  "Rows Removed by Filter": 0
                                }
                              ]
                            },
                            {
                              "Node Type": "Index Scan",
                              "Parent Relationship": "Inner",
                              "Parallel Aware": false,
                              "Scan Direction": "Forward",
                              "Index Name": "movie_id_movie_info",
                              "Relation Name": "movie_info",
                              "Alias": "mi",
                              "Startup Cost": 0.43,
                              "Total Cost": 1.92,
                              "Plan Rows": 1,
                              "Plan Width": 51,
                              "Actual Startup Time": 0.017,
                              "Actual Total Time": 0.017,
                              "Actual Rows": 0,
                              "Actual Loops": 73441,
                              "Index Cond": "(movie_id = t.id)",
                              "Rows Removed by Index Recheck": 0,
                              "Filter": "((note IS NULL) AND (info = ANY ('{Crime,Western}'::text[])))",
                              "Rows Removed by Filter": 16
                            }
                          ]
                        },
                        {
                          "Node Type": "Hash",
                          "Parent Relationship": "Inner",
                          "Parallel Aware": false,
                          "Startup Cost": 2.41,
                          "Total Cost": 2.41,
                          "Plan Rows": 1,
                          "Plan Width": 4,
                          "Actual Startup Time": 0.09,
                          "Actual Total Time": 0.09,
                          "Actual Rows": 1,
                          "Actual Loops": 3,
                          "Hash Buckets": 1024,
                          "Original Hash Buckets": 1024,
                          "Hash Batches": 1,
                          "Original Hash Batches": 1,
                          "Peak Memory Usage": 9,
                          "Plans": [
                            {
                              "Node Type": "Seq Scan",
                              "Parent Relationship": "Outer",
                              "Parallel Aware": false,
                              "Relation Name": "info_type",
                              "Alias": "it1",
                              "Startup Cost": 0.0,
                              "Total Cost": 2.41,
                              "Plan Rows": 1,
                              "Plan Width": 4,
                              "Actual Startup Time": 0.056,
                              "Actual Total Time": 0.074,
                              "Actual Rows": 1,
                              "Actual Loops": 3,
                              "Filter": "((info)::text = 'genres'::text)",
                              "Rows Removed by Filter": 112
                            }
                          ]
                        }
                      ]
                    },
                    {
                      "Node Type": "Index Scan",
                      "Parent Relationship": "Inner",
                      "Parallel Aware": false,
                      "Scan Direction": "Forward",
                      "Index Name": "movie_id_cast_info",
                      "Relation Name": "cast_info",
                      "Alias": "ci",
                      "Startup Cost": 0.56,
                      "Total Cost": 2.57,
                      "Plan Rows": 4,
                      "Plan Width": 8,
                      "Actual Startup Time": 0.091,
                      "Actual Total Time": 0.229,
                      "Actual Rows": 6,
                      "Actual Loops": 1967,
                      "Index Cond": "(movie_id = t.id)",
                      "Rows Removed by Index Recheck": 0,
                      "Filter": "(note = ANY ('{(voice),(producer),(uncredited),\"(executive producer)\",(writer)}'::text[]))",
                      "Rows Removed by Filter": 40
                    }
                  ]
                },
                {
                  "Node Type": "Index Scan",
                  "Parent Relationship": "Inner",
                  "Parallel Aware": false,
                  "Scan Direction": "Forward",
                  "Index Name": "name_pkey",
                  "Relation Name": "name",
                  "Alias": "n",
                  "Startup Cost": 0.43,
                  "Total Cost": 0.51,
                  "Plan Rows": 1,
                  "Plan Width": 4,
                  "Actual Startup Time": 0.012,
                  "Actual Total Time": 0.012,
                  "Actual Rows": 0,
                  "Actual Loops": 12195,
                  "Index Cond": "(id = ci.person_id)",
                  "Rows Removed by Index Recheck": 0,
                  "Filter": "((gender IS NOT NULL) AND ((gender)::text = 'f'::text))",
                  "Rows Removed by Filter": 1
                }
              ]
            }
          ]
        }
      ]
    },
    "Planning Time": 11.334,
    "Triggers": [],
    "Execution Time": 965.133
  }
]