[
  {
    "Plan": {
      "Node Type": "Aggregate",
      "Strategy": "Plain",
      "Partial Mode": "Finalize",
      "Parallel Aware": false,
      "Startup Cost": 343932.73,
      "Total Cost": 343932.74,
      "Plan Rows": 1,
      "Plan Width": 8,
      "Actual Startup Time": 976.402,
      "Actual Total Time": 1023.189,
      "Actual Rows": 1,
      "Actual Loops": 1,
      "Plans": [
        {
          "Node Type": "Gather",
          "Parent Relationship": "Outer",
          "Parallel Aware": false,
          "Startup Cost": 343932.1,
          "Total Cost": 343932.71,
          "Plan Rows": 6,
          "Plan Width": 8,
          "Actual Startup Time": 976.202,
          "Actual Total Time": 1023.17,
          "Actual Rows": 7,
          "Actual Loops": 1,
          "Workers Planned": 6,
          "Workers Launched": 6,
          "Single Copy": false,
          "Plans": [
            {
              "Node Type": "Aggregate",
              "Strategy": "Plain",
              "Partial Mode": "Partial",
              "Parent Relationship": "Outer",
              "Parallel Aware": false,
              "Startup Cost": 342932.1,
              "Total Cost": 342932.11,
              "Plan Rows": 1,
              "Plan Width": 8,
              "Actual Startup Time": 967.732,
              "Actual Total Time": 967.733,
              "Actual Rows": 1,
              "Actual Loops": 7,
              "Plans": [
                {
                  "Node Type": "Seq Scan",
                  "Parent Relationship": "Outer",
                  "Parallel Aware": true,
                  "Relation Name": "cast_info",
                  "Alias": "ci",
                  "Startup Cost": 0.0,
                  "Total Cost": 328211.39,
                  "Plan Rows": 5888284,
                  "Plan Width": 0,
                  "Actual Startup Time": 18.807,
                  "Actual Total Time": 708.905,
                  "Actual Rows": 5041776,
                  "Actual Loops": 7,
                  "Filter": "(person_id > 98590)",
                  "Rows Removed by Filter": 135988
                }
              ]
            }
          ]
        }
      ]
    },
    "Planning Time": 0.111,
    "Triggers": [],
    "Execution Time": 1023.24
  }
]