{
  "Plan": {
    "Node Type": "Aggregate",
    "Strategy": "Plain",
    "Partial Mode": "Finalize",
    "Parallel Aware": false,
    "Startup Cost": 127221.84,
    "Total Cost": 127221.85,
    "Plan Rows": 1,
    "Plan Width": 8,
    "Actual Startup Time": 1066.25,
    "Actual Total Time": 1095.564,
    "Actual Rows": 1,
    "Actual Loops": 1,
    "Plans": [
      {
        "Node Type": "Gather",
        "Parent Relationship": "Outer",
        "Parallel Aware": false,
        "Startup Cost": 127221.73,
        "Total Cost": 127221.84,
        "Plan Rows": 1,
        "Plan Width": 8,
        "Actual Startup Time": 1061.362,
        "Actual Total Time": 1095.552,
        "Actual Rows": 2,
        "Actual Loops": 1,
        "Workers Planned": 1,
        "Workers Launched": 1,
        "Single Copy": false,
        "Plans": [
          {
            "Node Type": "Aggregate",
            "Strategy": "Plain",
            "Partial Mode": "Partial",
            "Parent Relationship": "Outer",
            "Parallel Aware": false,
            "Startup Cost": 126221.73,
            "Total Cost": 126221.74,
            "Plan Rows": 1,
            "Plan Width": 8,
            "Actual Startup Time": 1052.509,
            "Actual Total Time": 1052.516,
            "Actual Rows": 1,
            "Actual Loops": 2,
            "Plans": [
              {
                "Node Type": "Hash Join",
                "Parent Relationship": "Outer",
                "Parallel Aware": true,
                "Join Type": "Inner",
                "Startup Cost": 91383.8,
                "Total Cost": 125341.38,
                "Plan Rows": 352137,
                "Plan Width": 0,
                "Actual Startup Time": 702.552,
                "Actual Total Time": 1039.41,
                "Actual Rows": 183135,
                "Actual Loops": 2,
                "Inner Unique": true,
                "Hash Cond": "(mk.movie_id = t.id)",
                "Plans": [
                  {
                    "Node Type": "Bitmap Heap Scan",
                    "Parent Relationship": "Outer",
                    "Parallel Aware": true,
                    "Relation Name": "movie_keyword",
                    "Alias": "mk",
                    "Startup Cost": 22658.77,
                    "Total Cost": 54966.97,
                    "Plan Rows": 628336,
                    "Plan Width": 4,
                    "Actual Startup Time": 91.065,
                    "Actual Total Time": 248.243,
                    "Actual Rows": 540744,
                    "Actual Loops": 2,
                    "Recheck Cond": "(keyword_id < 1088)",
                    "Rows Removed by Index Recheck": 0,
                    "Exact Heap Blocks": 13108,
                    "Lossy Heap Blocks": 0,
                    "Plans": [
                      {
                        "Node Type": "Bitmap Index Scan",
                        "Parent Relationship": "Outer",
                        "Parallel Aware": false,
                        "Index Name": "keyword_id_movie_keyword",
                        "Startup Cost": 0.0,
                        "Total Cost": 22391.72,
                        "Plan Rows": 1068172,
                        "Plan Width": 0,
                        "Actual Startup Time": 84.935,
                        "Actual Total Time": 84.936,
                        "Actual Rows": 1081487,
                        "Actual Loops": 1,
                        "Index Cond": "(keyword_id < 1088)"
                      }
                    ]
                  },
                  {
                    "Node Type": "Hash",
                    "Parent Relationship": "Inner",
                    "Parallel Aware": true,
                    "Startup Cost": 58306.47,
                    "Total Cost": 58306.47,
                    "Plan Rows": 833485,
                    "Plan Width": 4,
                    "Actual Startup Time": 595.362,
                    "Actual Total Time": 595.363,
                    "Actual Rows": 699360,
                    "Actual Loops": 2,
                    "Hash Buckets": 2097152,
                    "Original Hash Buckets": 2097152,
                    "Hash Batches": 1,
                    "Original Hash Batches": 1,
                    "Peak Memory Usage": 71136,
                    "Plans": [
                      {
                        "Node Type": "Seq Scan",
                        "Parent Relationship": "Outer",
                        "Parallel Aware": true,
                        "Relation Name": "title",
                        "Alias": "t",
                        "Startup Cost": 0.0,
                        "Total Cost": 58306.47,
                        "Plan Rows": 833485,
                        "Plan Width": 4,
                        "Actual Startup Time": 0.043,
                        "Actual Total Time": 275.784,
                        "Actual Rows": 699360,
                        "Actual Loops": 2,
                        "Filter": "((kind_id > 1) AND (production_year < 2010))",
                        "Rows Removed by Filter": 564796
                      }
                    ]
                  }
                ]
              }
            ]
          }
        ]
      }
    ]
  },
  "Planning Time": 0.671,
  "Triggers": [],
  "Execution Time": 1095.664
}