[
  {
    "Plan": {
      "Node Type": "Aggregate",
      "Strategy": "Plain",
      "Partial Mode": "Finalize",
      "Parallel Aware": false,
      "Startup Cost": 78534.89,
      "Total Cost": 78534.9,
      "Plan Rows": 1,
      "Plan Width": 8,
      "Actual Startup Time": 534.172,
      "Actual Total Time": 551.387,
      "Actual Rows": 1,
      "Actual Loops": 1,
      "Plans": [
        {
          "Node Type": "Gather",
          "Parent Relationship": "Outer",
          "Parallel Aware": false,
          "Startup Cost": 78534.58,
          "Total Cost": 78534.89,
          "Plan Rows": 3,
          "Plan Width": 8,
          "Actual Startup Time": 525.575,
          "Actual Total Time": 551.362,
          "Actual Rows": 4,
          "Actual Loops": 1,
          "Workers Planned": 3,
          "Workers Launched": 3,
          "Single Copy": false,
          "Plans": [
            {
              "Node Type": "Aggregate",
              "Strategy": "Plain",
              "Partial Mode": "Partial",
              "Parent Relationship": "Outer",
              "Parallel Aware": false,
              "Startup Cost": 77534.58,
              "Total Cost": 77534.59,
              "Plan Rows": 1,
              "Plan Width": 8,
              "Actual Startup Time": 512.528,
              "Actual Total Time": 512.533,
              "Actual Rows": 1,
              "Actual Loops": 4,
              "Plans": [
                {
                  "Node Type": "Hash Join",
                  "Parent Relationship": "Outer",
                  "Parallel Aware": true,
                  "Join Type": "Inner",
                  "Startup Cost": 47231.36,
                  "Total Cost": 76647.25,
                  "Plan Rows": 354931,
                  "Plan Width": 0,
                  "Actual Startup Time": 246.065,
                  "Actual Total Time": 494.4,
                  "Actual Rows": 353592,
                  "Actual Loops": 4,
                  "Inner Unique": true,
                  "Hash Cond": "(mc.movie_id = t.id)",
                  "Plans": [
                    {
                      "Node Type": "Seq Scan",
                      "Parent Relationship": "Outer",
                      "Parallel Aware": true,
                      "Relation Name": "movie_companies",
                      "Alias": "mc",
                      "Startup Cost": 0.0,
                      "Total Cost": 27206.55,
                      "Plan Rows": 841655,
                      "Plan Width": 4,
                      "Actual Startup Time": 0.033,
                      "Actual Total Time": 66.115,
                      "Actual Rows": 652282,
                      "Actual Loops": 4
                    },
                    {
                      "Node Type": "Hash",
                      "Parent Relationship": "Inner",
                      "Parallel Aware": true,
                      "Startup Cost": 43899.32,
                      "Total Cost": 43899.32,
                      "Plan Rows": 266563,
                      "Plan Width": 4,
                      "Actual Startup Time": 237.571,
                      "Actual Total Time": 237.574,
                      "Actual Rows": 268691,
                      "Actual Loops": 4,
                      "Hash Buckets": 2097152,
                      "Original Hash Buckets": 2097152,
                      "Hash Batches": 1,
                      "Original Hash Batches": 1,
                      "Peak Memory Usage": 58496,
                      "Plans": [
                        {
                          "Node Type": "Seq Scan",
                          "Parent Relationship": "Outer",
                          "Parallel Aware": true,
                          "Relation Name": "title",
                          "Alias": "t",
                          "Startup Cost": 0.0,
                          "Total Cost": 43899.32,
                          "Plan Rows": 266563,
                          "Plan Width": 4,
                          "Actual Startup Time": 0.039,
                          "Actual Total Time": 120.099,
                          "Actual Rows": 268691,
                          "Actual Loops": 4,
                          "Filter": "(production_year < 2001)",
                          "Rows Removed by Filter": 363387
                        }
                      ]
                    }
                  ]
                }
              ]
            }
          ]
        }
      ]
    },
    "Planning Time": 0.564,
    "Triggers": [],
    "Execution Time": 551.453
  }
]