[
  {
    "Plan": {
      "Node Type": "Aggregate",
      "Strategy": "Plain",
      "Partial Mode": "Finalize",
      "Parallel Aware": false,
      "Startup Cost": 45927.27,
      "Total Cost": 45927.28,
      "Plan Rows": 1,
      "Plan Width": 8,
      "Actual Startup Time": 196.422,
      "Actual Total Time": 206.569,
      "Actual Rows": 1,
      "Actual Loops": 1,
      "Plans": [
        {
          "Node Type": "Gather",
          "Parent Relationship": "Outer",
          "Parallel Aware": false,
          "Startup Cost": 45926.95,
          "Total Cost": 45927.26,
          "Plan Rows": 3,
          "Plan Width": 8,
          "Actual Startup Time": 196.123,
          "Actual Total Time": 206.559,
          "Actual Rows": 4,
          "Actual Loops": 1,
          "Workers Planned": 3,
          "Workers Launched": 3,
          "Single Copy": false,
          "Plans": [
            {
              "Node Type": "Aggregate",
              "Strategy": "Plain",
              "Partial Mode": "Partial",
              "Parent Relationship": "Outer",
              "Parallel Aware": false,
              "Startup Cost": 44926.95,
              "Total Cost": 44926.96,
              "Plan Rows": 1,
              "Plan Width": 8,
              "Actual Startup Time": 190.139,
              "Actual Total Time": 190.141,
              "Actual Rows": 1,
              "Actual Loops": 4,
              "Plans": [
                {
                  "Node Type": "Seq Scan",
                  "Parent Relationship": "Outer",
                  "Parallel Aware": true,
                  "Relation Name": "movie_keyword",
                  "Alias": "mk",
                  "Startup Cost": 0.0,
                  "Total Cost": 42695.65,
                  "Plan Rows": 892520,
                  "Plan Width": 0,
                  "Actual Startup Time": 0.304,
                  "Actual Total Time": 150.41,
                  "Actual Rows": 688690,
                  "Actual Loops": 4,
                  "Filter": "(keyword_id > 2867)",
                  "Rows Removed by Filter": 442293
                }
              ]
            }
          ]
        }
      ]
    },
    "Planning Time": 0.14,
    "Triggers": [],
    "Execution Time": 206.617
  }
]