[
  {
    "Plan": {
      "Node Type": "Aggregate",
      "Strategy": "Plain",
      "Partial Mode": "Finalize",
      "Parallel Aware": false,
      "Startup Cost": 46494.25,
      "Total Cost": 46494.26,
      "Plan Rows": 1,
      "Plan Width": 8,
      "Actual Startup Time": 92.842,
      "Actual Total Time": 104.9,
      "Actual Rows": 1,
      "Actual Loops": 1,
      "Plans": [
        {
          "Node Type": "Gather",
          "Parent Relationship": "Outer",
          "Parallel Aware": false,
          "Startup Cost": 46493.83,
          "Total Cost": 46494.24,
          "Plan Rows": 4,
          "Plan Width": 8,
          "Actual Startup Time": 92.718,
          "Actual Total Time": 104.892,
          "Actual Rows": 5,
          "Actual Loops": 1,
          "Workers Planned": 4,
          "Workers Launched": 4,
          "Single Copy": false,
          "Plans": [
            {
              "Node Type": "Aggregate",
              "Strategy": "Plain",
              "Partial Mode": "Partial",
              "Parent Relationship": "Outer",
              "Parallel Aware": false,
              "Startup Cost": 45493.83,
              "Total Cost": 45493.84,
              "Plan Rows": 1,
              "Plan Width": 8,
              "Actual Startup Time": 85.682,
              "Actual Total Time": 85.683,
              "Actual Rows": 1,
              "Actual Loops": 5,
              "Plans": [
                {
                  "Node Type": "Seq Scan",
                  "Parent Relationship": "Outer",
                  "Parallel Aware": true,
                  "Relation Name": "title",
                  "Alias": "t",
                  "Startup Cost": 0.0,
                  "Total Cost": 45479.1,
                  "Plan Rows": 5891,
                  "Plan Width": 0,
                  "Actual Startup Time": 0.073,
                  "Actual Total Time": 85.055,
                  "Actual Rows": 5197,
                  "Actual Loops": 5,
                  "Filter": "((kind_id = 7) AND (production_year = 1997))",
                  "Rows Removed by Filter": 500465
                }
              ]
            }
          ]
        }
      ]
    },
    "Planning Time": 0.184,
    "Triggers": [],
    "Execution Time": 104.961
  }
]