[
  {
    "Plan": {
      "Node Type": "Aggregate",
      "Strategy": "Plain",
      "Partial Mode": "Finalize",
      "Parallel Aware": false,
      "Startup Cost": 79593.72,
      "Total Cost": 79593.73,
      "Plan Rows": 1,
      "Plan Width": 8,
      "Actual Startup Time": 258.333,
      "Actual Total Time": 274.128,
      "Actual Rows": 1,
      "Actual Loops": 1,
      "Plans": [
        {
          "Node Type": "Gather",
          "Parent Relationship": "Outer",
          "Parallel Aware": false,
          "Startup Cost": 79593.41,
          "Total Cost": 79593.72,
          "Plan Rows": 3,
          "Plan Width": 8,
          "Actual Startup Time": 256.794,
          "Actual Total Time": 274.12,
          "Actual Rows": 4,
          "Actual Loops": 1,
          "Workers Planned": 3,
          "Workers Launched": 3,
          "Single Copy": false,
          "Plans": [
            {
              "Node Type": "Aggregate",
              "Strategy": "Plain",
              "Partial Mode": "Partial",
              "Parent Relationship": "Outer",
              "Parallel Aware": false,
              "Startup Cost": 78593.41,
              "Total Cost": 78593.42,
              "Plan Rows": 1,
              "Plan Width": 8,
              "Actual Startup Time": 251.273,
              "Actual Total Time": 251.276,
              "Actual Rows": 1,
              "Actual Loops": 4,
              "Plans": [
                {
                  "Node Type": "Hash Join",
                  "Parent Relationship": "Outer",
                  "Parallel Aware": true,
                  "Join Type": "Inner",
                  "Startup Cost": 46376.22,
                  "Total Cost": 78515.15,
                  "Plan Rows": 31303,
                  "Plan Width": 0,
                  "Actual Startup Time": 167.937,
                  "Actual Total Time": 250.389,
                  "Actual Rows": 17430,
                  "Actual Loops": 4,
                  "Inner Unique": true,
                  "Hash Cond": "(mc.movie_id = t.id)",
                  "Plans": [
                    {
                      "Node Type": "Seq Scan",
                      "Parent Relationship": "Outer",
                      "Parallel Aware": true,
                      "Relation Name": "movie_companies",
                      "Alias": "mc",
                      "Startup Cost": 0.0,
                      "Total Cost": 31414.82,
                      "Plan Rows": 275850,
                      "Plan Width": 4,
                      "Actual Startup Time": 32.924,
                      "Actual Total Time": 72.025,
                      "Actual Rows": 264934,
                      "Actual Loops": 4,
                      "Filter": "((company_id > 3422) AND (company_type_id = 2))",
                      "Rows Removed by Filter": 387348
                    },
                    {
                      "Node Type": "Hash",
                      "Parent Relationship": "Inner",
                      "Parallel Aware": true,
                      "Startup Cost": 45479.59,
                      "Total Cost": 45479.59,
                      "Plan Rows": 71731,
                      "Plan Width": 4,
                      "Actual Startup Time": 132.676,
                      "Actual Total Time": 132.677,
                      "Actual Rows": 73168,
                      "Actual Loops": 4,
                      "Hash Buckets": 524288,
                      "Original Hash Buckets": 524288,
                      "Hash Batches": 1,
                      "Original Hash Batches": 1,
                      "Peak Memory Usage": 15616,
                      "Plans": [
                        {
                          "Node Type": "Seq Scan",
                          "Parent Relationship": "Outer",
                          "Parallel Aware": true,
                          "Relation Name": "title",
                          "Alias": "t",
                          "Startup Cost": 0.0,
                          "Total Cost": 45479.59,
                          "Plan Rows": 71731,
                          "Plan Width": 4,
                          "Actual Startup Time": 0.043,
                          "Actual Total Time": 101.965,
                          "Actual Rows": 73168,
                          "Actual Loops": 4,
                          "Filter": "((kind_id > 1) AND (production_year > 2010))",
                          "Rows Removed by Filter": 558910
                        }
                      ]
                    }
                  ]
                }
              ]
            }
          ]
        }
      ]
    },
    "Planning Time": 0.667,
    "Triggers": [],
    "Execution Time": 274.208
  }
]