[
    {
        "Bao": {
            "Bao prediction": "NaN",
            "Bao recommended hint": "(no hint)"
        }
    },
    {
        "Plan": {
            "Node Type": "Aggregate",
            "Strategy": "Plain",
            "Partial Mode": "Simple",
            "Parallel Aware": false,
            "Startup Cost": 8.0,
            "Total Cost": 8.01,
            "Plan Rows": 1,
            "Plan Width": 8,
            "Actual Startup Time": 0.035,
            "Actual Total Time": 0.035,
            "Actual Rows": 1,
            "Actual Loops": 1,
            "Output": [
                "count(*)"
            ],
            "Plans": [
                {
                    "Node Type": "Index Only Scan",
                    "Parent Relationship": "Outer",
                    "Parallel Aware": false,
                    "Scan Direction": "Forward",
                    "Index Name": "info_type_id_movie_info_idx",
                    "Relation Name": "movie_info_idx",
                    "Schema": "public",
                    "Alias": "mi_idx",
                    "Startup Cost": 0.43,
                    "Total Cost": 8.0,
                    "Plan Rows": 1,
                    "Plan Width": 0,
                    "Actual Startup Time": 0.028,
                    "Actual Total Time": 0.03,
                    "Actual Rows": 10,
                    "Actual Loops": 1,
                    "Output": [
                        "info_type_id"
                    ],
                    "Index Cond": "(mi_idx.info_type_id > 112)",
                    "Rows Removed by Index Recheck": 0,
                    "Heap Fetches": 10
                }
            ]
        },
        "Planning Time": 179.713,
        "Triggers": [],
        "Execution Time": 0.059
    }
]