[
  {
    "Plan": {
      "Node Type": "Aggregate",
      "Strategy": "Plain",
      "Partial Mode": "Finalize",
      "Parallel Aware": false,
      "Startup Cost": 330804.71,
      "Total Cost": 330804.72,
      "Plan Rows": 1,
      "Plan Width": 8,
      "Actual Startup Time": 470.598,
      "Actual Total Time": 501.891,
      "Actual Rows": 1,
      "Actual Loops": 1,
      "Plans": [
        {
          "Node Type": "Gather",
          "Parent Relationship": "Outer",
          "Parallel Aware": false,
          "Startup Cost": 330804.08,
          "Total Cost": 330804.69,
          "Plan Rows": 6,
          "Plan Width": 8,
          "Actual Startup Time": 470.495,
          "Actual Total Time": 501.881,
          "Actual Rows": 7,
          "Actual Loops": 1,
          "Workers Planned": 6,
          "Workers Launched": 6,
          "Single Copy": false,
          "Plans": [
            {
              "Node Type": "Aggregate",
              "Strategy": "Plain",
              "Partial Mode": "Partial",
              "Parent Relationship": "Outer",
              "Parallel Aware": false,
              "Startup Cost": 329804.08,
              "Total Cost": 329804.09,
              "Plan Rows": 1,
              "Plan Width": 8,
              "Actual Startup Time": 461.301,
              "Actual Total Time": 461.303,
              "Actual Rows": 1,
              "Actual Loops": 7,
              "Plans": [
                {
                  "Node Type": "Index Scan",
                  "Parent Relationship": "Outer",
                  "Parallel Aware": true,
                  "Scan Direction": "Forward",
                  "Index Name": "role_id_cast_info",
                  "Relation Name": "cast_info",
                  "Alias": "ci",
                  "Startup Cost": 0.56,
                  "Total Cost": 325153.08,
                  "Plan Rows": 1860400,
                  "Plan Width": 0,
                  "Actual Startup Time": 0.176,
                  "Actual Total Time": 394.848,
                  "Actual Rows": 1340950,
                  "Actual Loops": 7,
                  "Index Cond": "(role_id > 3)",
                  "Rows Removed by Index Recheck": 0,
                  "Filter": "(person_id < 3540335)",
                  "Rows Removed by Filter": 389570
                }
              ]
            }
          ]
        }
      ]
    },
    "Planning Time": 0.195,
    "Triggers": [],
    "Execution Time": 501.933
  }
]