[
  {
    "Plan": {
      "Node Type": "Aggregate",
      "Strategy": "Plain",
      "Partial Mode": "Finalize",
      "Parallel Aware": false,
      "Startup Cost": 80047.38,
      "Total Cost": 80047.39,
      "Plan Rows": 1,
      "Plan Width": 8,
      "Actual Startup Time": 206.712,
      "Actual Total Time": 222.924,
      "Actual Rows": 1,
      "Actual Loops": 1,
      "Plans": [
        {
          "Node Type": "Gather",
          "Parent Relationship": "Outer",
          "Parallel Aware": false,
          "Startup Cost": 80046.96,
          "Total Cost": 80047.37,
          "Plan Rows": 4,
          "Plan Width": 8,
          "Actual Startup Time": 205.582,
          "Actual Total Time": 222.917,
          "Actual Rows": 5,
          "Actual Loops": 1,
          "Workers Planned": 4,
          "Workers Launched": 4,
          "Single Copy": false,
          "Plans": [
            {
              "Node Type": "Aggregate",
              "Strategy": "Plain",
              "Partial Mode": "Partial",
              "Parent Relationship": "Outer",
              "Parallel Aware": false,
              "Startup Cost": 79046.96,
              "Total Cost": 79046.97,
              "Plan Rows": 1,
              "Plan Width": 8,
              "Actual Startup Time": 195.897,
              "Actual Total Time": 195.9,
              "Actual Rows": 1,
              "Actual Loops": 5,
              "Plans": [
                {
                  "Node Type": "Hash Join",
                  "Parent Relationship": "Outer",
                  "Parallel Aware": true,
                  "Join Type": "Inner",
                  "Startup Cost": 33003.78,
                  "Total Cost": 78800.67,
                  "Plan Rows": 98516,
                  "Plan Width": 0,
                  "Actual Startup Time": 154.532,
                  "Actual Total Time": 195.119,
                  "Actual Rows": 15738,
                  "Actual Loops": 5,
                  "Inner Unique": false,
                  "Hash Cond": "(t.id = mc.movie_id)",
                  "Plans": [
                    {
                      "Node Type": "Seq Scan",
                      "Parent Relationship": "Outer",
                      "Parallel Aware": true,
                      "Relation Name": "title",
                      "Alias": "t",
                      "Startup Cost": 0.0,
                      "Total Cost": 42318.73,
                      "Plan Rows": 632073,
                      "Plan Width": 4,
                      "Actual Startup Time": 0.015,
                      "Actual Total Time": 63.094,
                      "Actual Rows": 505662,
                      "Actual Loops": 5
                    },
                    {
                      "Node Type": "Hash",
                      "Parent Relationship": "Inner",
                      "Parallel Aware": true,
                      "Startup Cost": 31414.82,
                      "Total Cost": 31414.82,
                      "Plan Rows": 127117,
                      "Plan Width": 4,
                      "Actual Startup Time": 70.189,
                      "Actual Total Time": 70.189,
                      "Actual Rows": 15738,
                      "Actual Loops": 5,
                      "Hash Buckets": 524288,
                      "Original Hash Buckets": 524288,
                      "Hash Batches": 1,
                      "Original Hash Batches": 1,
                      "Peak Memory Usage": 7232,
                      "Plans": [
                        {
                          "Node Type": "Seq Scan",
                          "Parent Relationship": "Outer",
                          "Parallel Aware": true,
                          "Relation Name": "movie_companies",
                          "Alias": "mc",
                          "Startup Cost": 0.0,
                          "Total Cost": 31414.82,
                          "Plan Rows": 127117,
                          "Plan Width": 4,
                          "Actual Startup Time": 23.47,
                          "Actual Total Time": 63.828,
                          "Actual Rows": 15738,
                          "Actual Loops": 5,
                          "Filter": "((company_id > 28659) AND (company_type_id < 2))",
                          "Rows Removed by Filter": 506088
                        }
                      ]
                    }
                  ]
                }
              ]
            }
          ]
        }
      ]
    },
    "Planning Time": 0.602,
    "Triggers": [],
    "Execution Time": 223.0
  }
]