{
  "Plan": {
    "Node Type": "Aggregate",
    "Strategy": "Plain",
    "Partial Mode": "Finalize",
    "Parallel Aware": false,
    "Startup Cost": 866092.74,
    "Total Cost": 866092.75,
    "Plan Rows": 1,
    "Plan Width": 8,
    "Actual Startup Time": 4686.281,
    "Actual Total Time": 4753.18,
    "Actual Rows": 1,
    "Actual Loops": 1,
    "Plans": [
      {
        "Node Type": "Gather",
        "Parent Relationship": "Outer",
        "Parallel Aware": false,
        "Startup Cost": 866092.63,
        "Total Cost": 866092.74,
        "Plan Rows": 1,
        "Plan Width": 8,
        "Actual Startup Time": 4676.66,
        "Actual Total Time": 4753.172,
        "Actual Rows": 2,
        "Actual Loops": 1,
        "Workers Planned": 1,
        "Workers Launched": 1,
        "Single Copy": false,
        "Plans": [
          {
            "Node Type": "Aggregate",
            "Strategy": "Plain",
            "Partial Mode": "Partial",
            "Parent Relationship": "Outer",
            "Parallel Aware": false,
            "Startup Cost": 865092.63,
            "Total Cost": 865092.64,
            "Plan Rows": 1,
            "Plan Width": 8,
            "Actual Startup Time": 4656.878,
            "Actual Total Time": 4656.883,
            "Actual Rows": 1,
            "Actual Loops": 2,
            "Plans": [
              {
                "Node Type": "Hash Join",
                "Parent Relationship": "Outer",
                "Parallel Aware": true,
                "Join Type": "Inner",
                "Startup Cost": 493507.0,
                "Total Cost": 846843.55,
                "Plan Rows": 7299629,
                "Plan Width": 0,
                "Actual Startup Time": 3123.595,
                "Actual Total Time": 4476.075,
                "Actual Rows": 4514438,
                "Actual Loops": 2,
                "Inner Unique": false,
                "Hash Cond": "(ci.movie_id = t.id)",
                "Plans": [
                  {
                    "Node Type": "Bitmap Heap Scan",
                    "Parent Relationship": "Outer",
                    "Parallel Aware": true,
                    "Relation Name": "cast_info",
                    "Alias": "ci",
                    "Startup Cost": 108345.39,
                    "Total Cost": 397101.49,
                    "Plan Rows": 2885528,
                    "Plan Width": 4,
                    "Actual Startup Time": 200.845,
                    "Actual Total Time": 458.326,
                    "Actual Rows": 2537291,
                    "Actual Loops": 2,
                    "Recheck Cond": "(person_id < 490636)",
                    "Rows Removed by Index Recheck": 0,
                    "Exact Heap Blocks": 27007,
                    "Lossy Heap Blocks": 0,
                    "Plans": [
                      {
                        "Node Type": "Bitmap Index Scan",
                        "Parent Relationship": "Outer",
                        "Parallel Aware": false,
                        "Index Name": "person_id_cast_info",
                        "Startup Cost": 0.0,
                        "Total Cost": 107119.04,
                        "Plan Rows": 4905397,
                        "Plan Width": 0,
                        "Actual Startup Time": 191.8,
                        "Actual Total Time": 191.801,
                        "Actual Rows": 5074582,
                        "Actual Loops": 1,
                        "Index Cond": "(person_id < 490636)"
                      }
                    ]
                  },
                  {
                    "Node Type": "Hash",
                    "Parent Relationship": "Inner",
                    "Parallel Aware": true,
                    "Startup Cost": 338132.79,
                    "Total Cost": 338132.79,
                    "Plan Rows": 3762305,
                    "Plan Width": 8,
                    "Actual Startup Time": 2889.882,
                    "Actual Total Time": 2889.886,
                    "Actual Rows": 1366234,
                    "Actual Loops": 2,
                    "Hash Buckets": 8388608,
                    "Original Hash Buckets": 8388608,
                    "Hash Batches": 1,
                    "Original Hash Batches": 1,
                    "Peak Memory Usage": 172448,
                    "Plans": [
                      {
                        "Node Type": "Hash Join",
                        "Parent Relationship": "Outer",
                        "Parallel Aware": true,
                        "Join Type": "Inner",
                        "Startup Cost": 66349.31,
                        "Total Cost": 338132.79,
                        "Plan Rows": 3762305,
                        "Plan Width": 8,
                        "Actual Startup Time": 313.708,
                        "Actual Total Time": 2461.709,
                        "Actual Rows": 1366234,
                        "Actual Loops": 2,
                        "Inner Unique": true,
                        "Hash Cond": "(mi.movie_id = t.id)",
                        "Plans": [
                          {
                            "Node Type": "Seq Scan",
                            "Parent Relationship": "Outer",
                            "Parallel Aware": true,
                            "Relation Name": "movie_info",
                            "Alias": "mi",
                            "Startup Cost": 0.0,
                            "Total Cost": 248955.74,
                            "Plan Rows": 8696274,
                            "Plan Width": 4,
                            "Actual Startup Time": 0.011,
                            "Actual Total Time": 646.308,
                            "Actual Rows": 7417860,
                            "Actual Loops": 2
                          },
                          {
                            "Node Type": "Hash",
                            "Parent Relationship": "Inner",
                            "Parallel Aware": true,
                            "Startup Cost": 58306.47,
                            "Total Cost": 58306.47,
                            "Plan Rows": 643427,
                            "Plan Width": 4,
                            "Actual Startup Time": 307.953,
                            "Actual Total Time": 307.954,
                            "Actual Rows": 594774,
                            "Actual Loops": 2,
                            "Hash Buckets": 2097152,
                            "Original Hash Buckets": 2097152,
                            "Hash Batches": 1,
                            "Original Hash Batches": 1,
                            "Peak Memory Usage": 62976,
                            "Plans": [
                              {
                                "Node Type": "Seq Scan",
                                "Parent Relationship": "Outer",
                                "Parallel Aware": true,
                                "Relation Name": "title",
                                "Alias": "t",
                                "Startup Cost": 0.0,
                                "Total Cost": 58306.47,
                                "Plan Rows": 643427,
                                "Plan Width": 4,
                                "Actual Startup Time": 0.033,
                                "Actual Total Time": 161.324,
                                "Actual Rows": 594774,
                                "Actual Loops": 2,
                                "Filter": "((production_year > 1988) AND (kind_id = 7))",
                                "Rows Removed by Filter": 669382
                              }
                            ]
                          }
                        ]
                      }
                    ]
                  }
                ]
              }
            ]
          }
        ]
      }
    ]
  },
  "Planning Time": 1.159,
  "Triggers": [],
  "Execution Time": 4753.297
}