[
  {
    "Plan": {
      "Node Type": "Aggregate",
      "Strategy": "Plain",
      "Partial Mode": "Finalize",
      "Parallel Aware": false,
      "Startup Cost": 31570.93,
      "Total Cost": 31570.94,
      "Plan Rows": 1,
      "Plan Width": 8,
      "Actual Startup Time": 100.231,
      "Actual Total Time": 108.618,
      "Actual Rows": 1,
      "Actual Loops": 1,
      "Plans": [
        {
          "Node Type": "Gather",
          "Parent Relationship": "Outer",
          "Parallel Aware": false,
          "Startup Cost": 31570.62,
          "Total Cost": 31570.93,
          "Plan Rows": 3,
          "Plan Width": 8,
          "Actual Startup Time": 100.093,
          "Actual Total Time": 108.609,
          "Actual Rows": 4,
          "Actual Loops": 1,
          "Workers Planned": 3,
          "Workers Launched": 3,
          "Single Copy": false,
          "Plans": [
            {
              "Node Type": "Aggregate",
              "Strategy": "Plain",
              "Partial Mode": "Partial",
              "Parent Relationship": "Outer",
              "Parallel Aware": false,
              "Startup Cost": 30570.62,
              "Total Cost": 30570.63,
              "Plan Rows": 1,
              "Plan Width": 8,
              "Actual Startup Time": 94.278,
              "Actual Total Time": 94.28,
              "Actual Rows": 1,
              "Actual Loops": 4,
              "Plans": [
                {
                  "Node Type": "Seq Scan",
                  "Parent Relationship": "Outer",
                  "Parallel Aware": true,
                  "Relation Name": "movie_companies",
                  "Alias": "mc",
                  "Startup Cost": 0.0,
                  "Total Cost": 29310.68,
                  "Plan Rows": 503974,
                  "Plan Width": 0,
                  "Actual Startup Time": 5.735,
                  "Actual Total Time": 76.862,
                  "Actual Rows": 389312,
                  "Actual Loops": 4,
                  "Filter": "(company_id > 6158)",
                  "Rows Removed by Filter": 262970
                }
              ]
            }
          ]
        }
      ]
    },
    "Planning Time": 0.147,
    "Triggers": [],
    "Execution Time": 108.654
  }
]