[
  {
    "Plan": {
      "Node Type": "Aggregate",
      "Strategy": "Plain",
      "Partial Mode": "Finalize",
      "Parallel Aware": false,
      "Startup Cost": 46765.5,
      "Total Cost": 46765.51,
      "Plan Rows": 1,
      "Plan Width": 8,
      "Actual Startup Time": 168.971,
      "Actual Total Time": 178.544,
      "Actual Rows": 1,
      "Actual Loops": 1,
      "Plans": [
        {
          "Node Type": "Gather",
          "Parent Relationship": "Outer",
          "Parallel Aware": false,
          "Startup Cost": 46765.18,
          "Total Cost": 46765.49,
          "Plan Rows": 3,
          "Plan Width": 8,
          "Actual Startup Time": 168.827,
          "Actual Total Time": 178.524,
          "Actual Rows": 4,
          "Actual Loops": 1,
          "Workers Planned": 3,
          "Workers Launched": 3,
          "Single Copy": false,
          "Plans": [
            {
              "Node Type": "Aggregate",
              "Strategy": "Plain",
              "Partial Mode": "Partial",
              "Parent Relationship": "Outer",
              "Parallel Aware": false,
              "Startup Cost": 45765.18,
              "Total Cost": 45765.19,
              "Plan Rows": 1,
              "Plan Width": 8,
              "Actual Startup Time": 162.021,
              "Actual Total Time": 162.023,
              "Actual Rows": 1,
              "Actual Loops": 4,
              "Plans": [
                {
                  "Node Type": "Seq Scan",
                  "Parent Relationship": "Outer",
                  "Parallel Aware": true,
                  "Relation Name": "movie_keyword",
                  "Alias": "mk",
                  "Startup Cost": 0.0,
                  "Total Cost": 42695.65,
                  "Plan Rows": 1227811,
                  "Plan Width": 0,
                  "Actual Startup Time": 0.065,
                  "Actual Total Time": 120.535,
                  "Actual Rows": 953410,
                  "Actual Loops": 4,
                  "Filter": "(keyword_id < 26607)",
                  "Rows Removed by Filter": 177572
                }
              ]
            }
          ]
        }
      ]
    },
    "Planning Time": 0.177,
    "Triggers": [],
    "Execution Time": 178.601
  }
]