{
  "Plan": {
    "Node Type": "Aggregate",
    "Strategy": "Plain",
    "Partial Mode": "Finalize",
    "Parallel Aware": false,
    "Startup Cost": 161382.89,
    "Total Cost": 161382.9,
    "Plan Rows": 1,
    "Plan Width": 8,
    "Actual Startup Time": 393.524,
    "Actual Total Time": 408.235,
    "Actual Rows": 1,
    "Actual Loops": 1,
    "Plans": [
      {
        "Node Type": "Gather",
        "Parent Relationship": "Outer",
        "Parallel Aware": false,
        "Startup Cost": 161382.78,
        "Total Cost": 161382.89,
        "Plan Rows": 1,
        "Plan Width": 8,
        "Actual Startup Time": 393.294,
        "Actual Total Time": 408.228,
        "Actual Rows": 2,
        "Actual Loops": 1,
        "Workers Planned": 1,
        "Workers Launched": 1,
        "Single Copy": false,
        "Plans": [
          {
            "Node Type": "Aggregate",
            "Strategy": "Plain",
            "Partial Mode": "Partial",
            "Parent Relationship": "Outer",
            "Parallel Aware": false,
            "Startup Cost": 160382.78,
            "Total Cost": 160382.79,
            "Plan Rows": 1,
            "Plan Width": 8,
            "Actual Startup Time": 387.292,
            "Actual Total Time": 387.295,
            "Actual Rows": 1,
            "Actual Loops": 2,
            "Plans": [
              {
                "Node Type": "Nested Loop",
                "Parent Relationship": "Outer",
                "Parallel Aware": false,
                "Join Type": "Inner",
                "Startup Cost": 59386.46,
                "Total Cost": 160220.82,
                "Plan Rows": 64784,
                "Plan Width": 0,
                "Actual Startup Time": 139.844,
                "Actual Total Time": 386.414,
                "Actual Rows": 17814,
                "Actual Loops": 2,
                "Inner Unique": false,
                "Join Filter": "(t.id = mc.movie_id)",
                "Rows Removed by Join Filter": 0,
                "Plans": [
                  {
                    "Node Type": "Hash Join",
                    "Parent Relationship": "Outer",
                    "Parallel Aware": true,
                    "Join Type": "Inner",
                    "Startup Cost": 59386.03,
                    "Total Cost": 119941.95,
                    "Plan Rows": 62777,
                    "Plan Width": 8,
                    "Actual Startup Time": 139.767,
                    "Actual Total Time": 368.452,
                    "Actual Rows": 8016,
                    "Actual Loops": 2,
                    "Inner Unique": true,
                    "Hash Cond": "(mk.movie_id = t.id)",
                    "Plans": [
                      {
                        "Node Type": "Seq Scan",
                        "Parent Relationship": "Outer",
                        "Parallel Aware": true,
                        "Relation Name": "movie_keyword",
                        "Alias": "mk",
                        "Startup Cost": 0.0,
                        "Total Cost": 57718.19,
                        "Plan Rows": 1081038,
                        "Plan Width": 4,
                        "Actual Startup Time": 0.64,
                        "Actual Total Time": 165.916,
                        "Actual Rows": 921491,
                        "Actual Loops": 2,
                        "Filter": "(keyword_id > 7535)",
                        "Rows Removed by Filter": 1340474
                      },
                      {
                        "Node Type": "Hash",
                        "Parent Relationship": "Inner",
                        "Parallel Aware": true,
                        "Startup Cost": 58306.47,
                        "Total Cost": 58306.47,
                        "Plan Rows": 86365,
                        "Plan Width": 4,
                        "Actual Startup Time": 136.363,
                        "Actual Total Time": 136.364,
                        "Actual Rows": 26713,
                        "Actual Loops": 2,
                        "Hash Buckets": 262144,
                        "Original Hash Buckets": 262144,
                        "Hash Batches": 1,
                        "Original Hash Batches": 1,
                        "Peak Memory Usage": 4192,
                        "Plans": [
                          {
                            "Node Type": "Seq Scan",
                            "Parent Relationship": "Outer",
                            "Parallel Aware": true,
                            "Relation Name": "title",
                            "Alias": "t",
                            "Startup Cost": 0.0,
                            "Total Cost": 58306.47,
                            "Plan Rows": 86365,
                            "Plan Width": 4,
                            "Actual Startup Time": 0.038,
                            "Actual Total Time": 127.958,
                            "Actual Rows": 26713,
                            "Actual Loops": 2,
                            "Filter": "((production_year < 1961) AND (kind_id = 7))",
                            "Rows Removed by Filter": 1237443
                          }
                        ]
                      }
                    ]
                  },
                  {
                    "Node Type": "Index Only Scan",
                    "Parent Relationship": "Inner",
                    "Parallel Aware": false,
                    "Scan Direction": "Forward",
                    "Index Name": "movie_id_movie_companies",
                    "Relation Name": "movie_companies",
                    "Alias": "mc",
                    "Startup Cost": 0.43,
                    "Total Cost": 0.58,
                    "Plan Rows": 5,
                    "Plan Width": 4,
                    "Actual Startup Time": 0.001,
                    "Actual Total Time": 0.002,
                    "Actual Rows": 2,
                    "Actual Loops": 16032,
                    "Index Cond": "(movie_id = mk.movie_id)",
                    "Rows Removed by Index Recheck": 0,
                    "Heap Fetches": 35627
                  }
                ]
              }
            ]
          }
        ]
      }
    ]
  },
  "Planning Time": 0.965,
  "Triggers": [],
  "Execution Time": 408.325
}