{
  "Plan": {
    "Node Type": "Aggregate",
    "Strategy": "Plain",
    "Partial Mode": "Finalize",
    "Parallel Aware": false,
    "Startup Cost": 111961.41,
    "Total Cost": 111961.42,
    "Plan Rows": 1,
    "Plan Width": 8,
    "Actual Startup Time": 383.398,
    "Actual Total Time": 400.108,
    "Actual Rows": 1,
    "Actual Loops": 1,
    "Plans": [
      {
        "Node Type": "Gather",
        "Parent Relationship": "Outer",
        "Parallel Aware": false,
        "Startup Cost": 111961.3,
        "Total Cost": 111961.41,
        "Plan Rows": 1,
        "Plan Width": 8,
        "Actual Startup Time": 382.682,
        "Actual Total Time": 400.099,
        "Actual Rows": 2,
        "Actual Loops": 1,
        "Workers Planned": 1,
        "Workers Launched": 1,
        "Single Copy": false,
        "Plans": [
          {
            "Node Type": "Aggregate",
            "Strategy": "Plain",
            "Partial Mode": "Partial",
            "Parent Relationship": "Outer",
            "Parallel Aware": false,
            "Startup Cost": 110961.3,
            "Total Cost": 110961.31,
            "Plan Rows": 1,
            "Plan Width": 8,
            "Actual Startup Time": 378.61,
            "Actual Total Time": 378.614,
            "Actual Rows": 1,
            "Actual Loops": 2,
            "Plans": [
              {
                "Node Type": "Hash Join",
                "Parent Relationship": "Outer",
                "Parallel Aware": true,
                "Join Type": "Inner",
                "Startup Cost": 77481.03,
                "Total Cost": 110827.68,
                "Plan Rows": 53450,
                "Plan Width": 0,
                "Actual Startup Time": 228.593,
                "Actual Total Time": 377.543,
                "Actual Rows": 19214,
                "Actual Loops": 2,
                "Inner Unique": true,
                "Hash Cond": "(mk.movie_id = t.id)",
                "Plans": [
                  {
                    "Node Type": "Bitmap Heap Scan",
                    "Parent Relationship": "Outer",
                    "Parallel Aware": true,
                    "Relation Name": "movie_keyword",
                    "Alias": "mk",
                    "Startup Cost": 21202.59,
                    "Total Cost": 53005.88,
                    "Plan Rows": 587944,
                    "Plan Width": 4,
                    "Actual Startup Time": 62.555,
                    "Actual Total Time": 153.851,
                    "Actual Rows": 497027,
                    "Actual Loops": 2,
                    "Recheck Cond": "(keyword_id > 18607)",
                    "Rows Removed by Index Recheck": 0,
                    "Exact Heap Blocks": 14107,
                    "Lossy Heap Blocks": 0,
                    "Plans": [
                      {
                        "Node Type": "Bitmap Index Scan",
                        "Parent Relationship": "Outer",
                        "Parallel Aware": false,
                        "Index Name": "keyword_id_movie_keyword",
                        "Startup Cost": 0.0,
                        "Total Cost": 20952.71,
                        "Plan Rows": 999504,
                        "Plan Width": 0,
                        "Actual Startup Time": 58.866,
                        "Actual Total Time": 58.867,
                        "Actual Rows": 994054,
                        "Actual Loops": 1,
                        "Index Cond": "(keyword_id > 18607)"
                      }
                    ]
                  },
                  {
                    "Node Type": "Hash",
                    "Parent Relationship": "Inner",
                    "Parallel Aware": true,
                    "Startup Cost": 54588.39,
                    "Total Cost": 54588.39,
                    "Plan Rows": 135204,
                    "Plan Width": 4,
                    "Actual Startup Time": 163.646,
                    "Actual Total Time": 163.647,
                    "Actual Rows": 115824,
                    "Actual Loops": 2,
                    "Hash Buckets": 262144,
                    "Original Hash Buckets": 262144,
                    "Hash Batches": 1,
                    "Original Hash Batches": 1,
                    "Peak Memory Usage": 11136,
                    "Plans": [
                      {
                        "Node Type": "Seq Scan",
                        "Parent Relationship": "Outer",
                        "Parallel Aware": true,
                        "Relation Name": "title",
                        "Alias": "t",
                        "Startup Cost": 0.0,
                        "Total Cost": 54588.39,
                        "Plan Rows": 135204,
                        "Plan Width": 4,
                        "Actual Startup Time": 0.024,
                        "Actual Total Time": 137.868,
                        "Actual Rows": 115824,
                        "Actual Loops": 2,
                        "Filter": "(production_year > 2011)",
                        "Rows Removed by Filter": 1148332
                      }
                    ]
                  }
                ]
              }
            ]
          }
        ]
      }
    ]
  },
  "Planning Time": 0.435,
  "Triggers": [],
  "Execution Time": 400.172
}