[
  {
    "Plan": {
      "Node Type": "Aggregate",
      "Strategy": "Plain",
      "Partial Mode": "Finalize",
      "Parallel Aware": false,
      "Startup Cost": 340513.06,
      "Total Cost": 340513.07,
      "Plan Rows": 1,
      "Plan Width": 8,
      "Actual Startup Time": 754.064,
      "Actual Total Time": 811.71,
      "Actual Rows": 1,
      "Actual Loops": 1,
      "Plans": [
        {
          "Node Type": "Gather",
          "Parent Relationship": "Outer",
          "Parallel Aware": false,
          "Startup Cost": 340512.44,
          "Total Cost": 340513.05,
          "Plan Rows": 6,
          "Plan Width": 8,
          "Actual Startup Time": 753.955,
          "Actual Total Time": 811.701,
          "Actual Rows": 7,
          "Actual Loops": 1,
          "Workers Planned": 6,
          "Workers Launched": 6,
          "Single Copy": false,
          "Plans": [
            {
              "Node Type": "Aggregate",
              "Strategy": "Plain",
              "Partial Mode": "Partial",
              "Parent Relationship": "Outer",
              "Parallel Aware": false,
              "Startup Cost": 339512.44,
              "Total Cost": 339512.45,
              "Plan Rows": 1,
              "Plan Width": 8,
              "Actual Startup Time": 746.168,
              "Actual Total Time": 746.169,
              "Actual Rows": 1,
              "Actual Loops": 7,
              "Plans": [
                {
                  "Node Type": "Seq Scan",
                  "Parent Relationship": "Outer",
                  "Parallel Aware": true,
                  "Relation Name": "cast_info",
                  "Alias": "ci",
                  "Startup Cost": 0.0,
                  "Total Cost": 328162.03,
                  "Plan Rows": 4540165,
                  "Plan Width": 0,
                  "Actual Startup Time": 99.097,
                  "Actual Total Time": 594.028,
                  "Actual Rows": 3874821,
                  "Actual Loops": 7,
                  "Filter": "(person_id > 898033)",
                  "Rows Removed by Filter": 1302943
                }
              ]
            }
          ]
        }
      ]
    },
    "Planning Time": 0.176,
    "Triggers": [],
    "Execution Time": 811.761
  }
]