{
  "Plan": {
    "Node Type": "Aggregate",
    "Strategy": "Plain",
    "Partial Mode": "Finalize",
    "Parallel Aware": false,
    "Startup Cost": 288995.55,
    "Total Cost": 288995.56,
    "Plan Rows": 1,
    "Plan Width": 8,
    "Actual Startup Time": 244.647,
    "Actual Total Time": 272.461,
    "Actual Rows": 1,
    "Actual Loops": 1,
    "Plans": [
      {
        "Node Type": "Gather",
        "Parent Relationship": "Outer",
        "Parallel Aware": false,
        "Startup Cost": 288995.44,
        "Total Cost": 288995.55,
        "Plan Rows": 1,
        "Plan Width": 8,
        "Actual Startup Time": 244.554,
        "Actual Total Time": 272.455,
        "Actual Rows": 2,
        "Actual Loops": 1,
        "Workers Planned": 1,
        "Workers Launched": 1,
        "Single Copy": false,
        "Plans": [
          {
            "Node Type": "Aggregate",
            "Strategy": "Plain",
            "Partial Mode": "Partial",
            "Parent Relationship": "Outer",
            "Parallel Aware": false,
            "Startup Cost": 287995.44,
            "Total Cost": 287995.45,
            "Plan Rows": 1,
            "Plan Width": 8,
            "Actual Startup Time": 241.505,
            "Actual Total Time": 241.507,
            "Actual Rows": 1,
            "Actual Loops": 2,
            "Plans": [
              {
                "Node Type": "Nested Loop",
                "Parent Relationship": "Outer",
                "Parallel Aware": false,
                "Join Type": "Inner",
                "Startup Cost": 0.99,
                "Total Cost": 287931.94,
                "Plan Rows": 25399,
                "Plan Width": 0,
                "Actual Startup Time": 0.922,
                "Actual Total Time": 238.78,
                "Actual Rows": 49773,
                "Actual Loops": 2,
                "Inner Unique": false,
                "Join Filter": "(t.id = mc.movie_id)",
                "Rows Removed by Join Filter": 0,
                "Plans": [
                  {
                    "Node Type": "Nested Loop",
                    "Parent Relationship": "Outer",
                    "Parallel Aware": false,
                    "Join Type": "Inner",
                    "Startup Cost": 0.56,
                    "Total Cost": 273580.05,
                    "Plan Rows": 24612,
                    "Plan Width": 8,
                    "Actual Startup Time": 0.803,
                    "Actual Total Time": 186.238,
                    "Actual Rows": 20756,
                    "Actual Loops": 2,
                    "Inner Unique": false,
                    "Plans": [
                      {
                        "Node Type": "Seq Scan",
                        "Parent Relationship": "Outer",
                        "Parallel Aware": true,
                        "Relation Name": "title",
                        "Alias": "t",
                        "Startup Cost": 0.0,
                        "Total Cost": 54588.39,
                        "Plan Rows": 1718,
                        "Plan Width": 4,
                        "Actual Startup Time": 0.678,
                        "Actual Total Time": 118.092,
                        "Actual Rows": 1758,
                        "Actual Loops": 2,
                        "Filter": "(production_year > 2013)",
                        "Rows Removed by Filter": 1262398
                      },
                      {
                        "Node Type": "Index Only Scan",
                        "Parent Relationship": "Inner",
                        "Parallel Aware": false,
                        "Scan Direction": "Forward",
                        "Index Name": "movie_id_cast_info",
                        "Relation Name": "cast_info",
                        "Alias": "ci",
                        "Startup Cost": 0.56,
                        "Total Cost": 127.1,
                        "Plan Rows": 37,
                        "Plan Width": 4,
                        "Actual Startup Time": 0.011,
                        "Actual Total Time": 0.037,
                        "Actual Rows": 12,
                        "Actual Loops": 3515,
                        "Index Cond": "(movie_id = t.id)",
                        "Rows Removed by Index Recheck": 0,
                        "Heap Fetches": 41512
                      }
                    ]
                  },
                  {
                    "Node Type": "Index Only Scan",
                    "Parent Relationship": "Inner",
                    "Parallel Aware": false,
                    "Scan Direction": "Forward",
                    "Index Name": "movie_id_movie_companies",
                    "Relation Name": "movie_companies",
                    "Alias": "mc",
                    "Startup Cost": 0.43,
                    "Total Cost": 0.52,
                    "Plan Rows": 5,
                    "Plan Width": 4,
                    "Actual Startup Time": 0.002,
                    "Actual Total Time": 0.002,
                    "Actual Rows": 2,
                    "Actual Loops": 41512,
                    "Index Cond": "(movie_id = ci.movie_id)",
                    "Rows Removed by Index Recheck": 0,
                    "Heap Fetches": 99546
                  }
                ]
              }
            ]
          }
        ]
      }
    ]
  },
  "Planning Time": 0.527,
  "Triggers": [],
  "Execution Time": 272.522
}