[
  {
    "Plan": {
      "Node Type": "Aggregate",
      "Strategy": "Plain",
      "Partial Mode": "Finalize",
      "Parallel Aware": false,
      "Startup Cost": 82186.96,
      "Total Cost": 82186.97,
      "Plan Rows": 1,
      "Plan Width": 8,
      "Actual Startup Time": 300.122,
      "Actual Total Time": 315.315,
      "Actual Rows": 1,
      "Actual Loops": 1,
      "Plans": [
        {
          "Node Type": "Gather",
          "Parent Relationship": "Outer",
          "Parallel Aware": false,
          "Startup Cost": 82186.54,
          "Total Cost": 82186.95,
          "Plan Rows": 4,
          "Plan Width": 8,
          "Actual Startup Time": 296.174,
          "Actual Total Time": 315.305,
          "Actual Rows": 5,
          "Actual Loops": 1,
          "Workers Planned": 4,
          "Workers Launched": 4,
          "Single Copy": false,
          "Plans": [
            {
              "Node Type": "Aggregate",
              "Strategy": "Plain",
              "Partial Mode": "Partial",
              "Parent Relationship": "Outer",
              "Parallel Aware": false,
              "Startup Cost": 81186.54,
              "Total Cost": 81186.55,
              "Plan Rows": 1,
              "Plan Width": 8,
              "Actual Startup Time": 286.744,
              "Actual Total Time": 286.746,
              "Actual Rows": 1,
              "Actual Loops": 5,
              "Plans": [
                {
                  "Node Type": "Hash Join",
                  "Parent Relationship": "Outer",
                  "Parallel Aware": true,
                  "Join Type": "Inner",
                  "Startup Cost": 34582.81,
                  "Total Cost": 80695.5,
                  "Plan Rows": 196415,
                  "Plan Width": 0,
                  "Actual Startup Time": 112.924,
                  "Actual Total Time": 282.277,
                  "Actual Rows": 98841,
                  "Actual Loops": 5,
                  "Inner Unique": false,
                  "Hash Cond": "(t.id = mc.movie_id)",
                  "Plans": [
                    {
                      "Node Type": "Seq Scan",
                      "Parent Relationship": "Outer",
                      "Parallel Aware": true,
                      "Relation Name": "title",
                      "Alias": "t",
                      "Startup Cost": 0.0,
                      "Total Cost": 42318.73,
                      "Plan Rows": 632073,
                      "Plan Width": 4,
                      "Actual Startup Time": 0.01,
                      "Actual Total Time": 61.95,
                      "Actual Rows": 505662,
                      "Actual Loops": 5
                    },
                    {
                      "Node Type": "Hash",
                      "Parent Relationship": "Inner",
                      "Parallel Aware": true,
                      "Startup Cost": 31414.82,
                      "Total Cost": 31414.82,
                      "Plan Rows": 253439,
                      "Plan Width": 4,
                      "Actual Startup Time": 108.505,
                      "Actual Total Time": 108.506,
                      "Actual Rows": 98841,
                      "Actual Loops": 5,
                      "Hash Buckets": 1048576,
                      "Original Hash Buckets": 1048576,
                      "Hash Batches": 1,
                      "Original Hash Batches": 1,
                      "Peak Memory Usage": 27616,
                      "Plans": [
                        {
                          "Node Type": "Seq Scan",
                          "Parent Relationship": "Outer",
                          "Parallel Aware": true,
                          "Relation Name": "movie_companies",
                          "Alias": "mc",
                          "Startup Cost": 0.0,
                          "Total Cost": 31414.82,
                          "Plan Rows": 253439,
                          "Plan Width": 4,
                          "Actual Startup Time": 45.853,
                          "Actual Total Time": 73.221,
                          "Actual Rows": 98841,
                          "Actual Loops": 5,
                          "Filter": "((company_id < 14495) AND (company_type_id = 2))",
                          "Rows Removed by Filter": 422985
                        }
                      ]
                    }
                  ]
                }
              ]
            }
          ]
        }
      ]
    },
    "Planning Time": 0.599,
    "Triggers": [],
    "Execution Time": 315.379
  }
]