[
  {
    "Plan": {
      "Node Type": "Aggregate",
      "Strategy": "Plain",
      "Partial Mode": "Finalize",
      "Parallel Aware": false,
      "Startup Cost": 285450.46,
      "Total Cost": 285450.47,
      "Plan Rows": 1,
      "Plan Width": 8,
      "Actual Startup Time": 564.019,
      "Actual Total Time": 581.91,
      "Actual Rows": 1,
      "Actual Loops": 1,
      "Plans": [
        {
          "Node Type": "Gather",
          "Parent Relationship": "Outer",
          "Parallel Aware": false,
          "Startup Cost": 285450.15,
          "Total Cost": 285450.46,
          "Plan Rows": 3,
          "Plan Width": 8,
          "Actual Startup Time": 560.153,
          "Actual Total Time": 581.904,
          "Actual Rows": 4,
          "Actual Loops": 1,
          "Workers Planned": 3,
          "Workers Launched": 3,
          "Single Copy": false,
          "Plans": [
            {
              "Node Type": "Aggregate",
              "Strategy": "Plain",
              "Partial Mode": "Partial",
              "Parent Relationship": "Outer",
              "Parallel Aware": false,
              "Startup Cost": 284450.15,
              "Total Cost": 284450.16,
              "Plan Rows": 1,
              "Plan Width": 8,
              "Actual Startup Time": 552.723,
              "Actual Total Time": 552.73,
              "Actual Rows": 1,
              "Actual Loops": 4,
              "Plans": [
                {
                  "Node Type": "Hash Join",
                  "Parent Relationship": "Outer",
                  "Parallel Aware": true,
                  "Join Type": "Inner",
                  "Startup Cost": 238811.54,
                  "Total Cost": 283828.6,
                  "Plan Rows": 248620,
                  "Plan Width": 0,
                  "Actual Startup Time": 327.984,
                  "Actual Total Time": 529.773,
                  "Actual Rows": 576906,
                  "Actual Loops": 4,
                  "Inner Unique": false,
                  "Hash Cond": "(mk.movie_id = t.id)",
                  "Plans": [
                    {
                      "Node Type": "Seq Scan",
                      "Parent Relationship": "Outer",
                      "Parallel Aware": true,
                      "Relation Name": "movie_keyword",
                      "Alias": "mk",
                      "Startup Cost": 0.0,
                      "Total Cost": 39047.32,
                      "Plan Rows": 1459332,
                      "Plan Width": 4,
                      "Actual Startup Time": 0.031,
                      "Actual Total Time": 81.27,
                      "Actual Rows": 1130982,
                      "Actual Loops": 4
                    },
                    {
                      "Node Type": "Hash",
                      "Parent Relationship": "Inner",
                      "Parallel Aware": true,
                      "Startup Cost": 237734.65,
                      "Total Cost": 237734.65,
                      "Plan Rows": 86151,
                      "Plan Width": 8,
                      "Actual Startup Time": 326.163,
                      "Actual Total Time": 326.168,
                      "Actual Rows": 36827,
                      "Actual Loops": 4,
                      "Hash Buckets": 524288,
                      "Original Hash Buckets": 524288,
                      "Hash Batches": 1,
                      "Original Hash Batches": 1,
                      "Peak Memory Usage": 9952,
                      "Plans": [
                        {
                          "Node Type": "Hash Join",
                          "Parent Relationship": "Outer",
                          "Parallel Aware": true,
                          "Join Type": "Inner",
                          "Startup Cost": 71526.15,
                          "Total Cost": 237734.65,
                          "Plan Rows": 86151,
                          "Plan Width": 8,
                          "Actual Startup Time": 207.78,
                          "Actual Total Time": 313.835,
                          "Actual Rows": 36827,
                          "Actual Loops": 4,
                          "Inner Unique": true,
                          "Hash Cond": "(mi.movie_id = t.id)",
                          "Plans": [
                            {
                              "Node Type": "Bitmap Heap Scan",
                              "Parent Relationship": "Outer",
                              "Parallel Aware": true,
                              "Relation Name": "movie_info",
                              "Alias": "mi",
                              "Startup Cost": 25184.48,
                              "Total Cost": 190661.36,
                              "Plan Rows": 278711,
                              "Plan Width": 4,
                              "Actual Startup Time": 43.764,
                              "Actual Total Time": 85.976,
                              "Actual Rows": 350476,
                              "Actual Loops": 4,
                              "Recheck Cond": "(info_type_id = 7)",
                              "Rows Removed by Index Recheck": 0,
                              "Exact Heap Blocks": 3081,
                              "Lossy Heap Blocks": 0,
                              "Plans": [
                                {
                                  "Node Type": "Bitmap Index Scan",
                                  "Parent Relationship": "Outer",
                                  "Parallel Aware": false,
                                  "Index Name": "info_type_id_movie_info",
                                  "Startup Cost": 0.0,
                                  "Total Cost": 24836.09,
                                  "Plan Rows": 1393554,
                                  "Plan Width": 0,
                                  "Actual Startup Time": 42.201,
                                  "Actual Total Time": 42.202,
                                  "Actual Rows": 1401902,
                                  "Actual Loops": 1,
                                  "Index Cond": "(info_type_id = 7)"
                                }
                              ]
                            },
                            {
                              "Node Type": "Hash",
                              "Parent Relationship": "Inner",
                              "Parallel Aware": true,
                              "Startup Cost": 43899.32,
                              "Total Cost": 43899.32,
                              "Plan Rows": 195388,
                              "Plan Width": 4,
                              "Actual Startup Time": 162.08,
                              "Actual Total Time": 162.081,
                              "Actual Rows": 196232,
                              "Actual Loops": 4,
                              "Hash Buckets": 1048576,
                              "Original Hash Buckets": 1048576,
                              "Hash Batches": 1,
                              "Original Hash Batches": 1,
                              "Peak Memory Usage": 38944,
                              "Plans": [
                                {
                                  "Node Type": "Seq Scan",
                                  "Parent Relationship": "Outer",
                                  "Parallel Aware": true,
                                  "Relation Name": "title",
                                  "Alias": "t",
                                  "Startup Cost": 0.0,
                                  "Total Cost": 43899.32,
                                  "Plan Rows": 195388,
                                  "Plan Width": 4,
                                  "Actual Startup Time": 0.043,
                                  "Actual Total Time": 95.749,
                                  "Actual Rows": 196232,
                                  "Actual Loops": 4,
                                  "Filter": "(production_year > 2007)",
                                  "Rows Removed by Filter": 435846
                                }
                              ]
                            }
                          ]
                        }
                      ]
                    }
                  ]
                }
              ]
            }
          ]
        }
      ]
    },
    "Planning Time": 0.451,
    "Triggers": [],
    "Execution Time": 581.959
  }
]