[
  {
    "Plan": {
      "Node Type": "Aggregate",
      "Strategy": "Plain",
      "Partial Mode": "Finalize",
      "Parallel Aware": false,
      "Startup Cost": 336018.65,
      "Total Cost": 336018.66,
      "Plan Rows": 1,
      "Plan Width": 8,
      "Actual Startup Time": 683.848,
      "Actual Total Time": 726.654,
      "Actual Rows": 1,
      "Actual Loops": 1,
      "Plans": [
        {
          "Node Type": "Gather",
          "Parent Relationship": "Outer",
          "Parallel Aware": false,
          "Startup Cost": 336018.02,
          "Total Cost": 336018.63,
          "Plan Rows": 6,
          "Plan Width": 8,
          "Actual Startup Time": 683.662,
          "Actual Total Time": 726.641,
          "Actual Rows": 7,
          "Actual Loops": 1,
          "Workers Planned": 6,
          "Workers Launched": 6,
          "Single Copy": false,
          "Plans": [
            {
              "Node Type": "Aggregate",
              "Strategy": "Plain",
              "Partial Mode": "Partial",
              "Parent Relationship": "Outer",
              "Parallel Aware": false,
              "Startup Cost": 335018.02,
              "Total Cost": 335018.03,
              "Plan Rows": 1,
              "Plan Width": 8,
              "Actual Startup Time": 673.375,
              "Actual Total Time": 673.376,
              "Actual Rows": 1,
              "Actual Loops": 7,
              "Plans": [
                {
                  "Node Type": "Seq Scan",
                  "Parent Relationship": "Outer",
                  "Parallel Aware": true,
                  "Relation Name": "cast_info",
                  "Alias": "ci",
                  "Startup Cost": 0.0,
                  "Total Cost": 328211.39,
                  "Plan Rows": 2722653,
                  "Plan Width": 0,
                  "Actual Startup Time": 219.686,
                  "Actual Total Time": 569.277,
                  "Actual Rows": 2297776,
                  "Actual Loops": 7,
                  "Filter": "(person_id > 2025243)",
                  "Rows Removed by Filter": 2879988
                }
              ]
            }
          ]
        }
      ]
    },
    "Planning Time": 0.055,
    "Triggers": [],
    "Execution Time": 726.69
  }
]