[
  {
    "Plan": {
      "Node Type": "Aggregate",
      "Strategy": "Plain",
      "Partial Mode": "Finalize",
      "Parallel Aware": false,
      "Startup Cost": 32053.77,
      "Total Cost": 32053.78,
      "Plan Rows": 1,
      "Plan Width": 8,
      "Actual Startup Time": 114.057,
      "Actual Total Time": 122.126,
      "Actual Rows": 1,
      "Actual Loops": 1,
      "Plans": [
        {
          "Node Type": "Gather",
          "Parent Relationship": "Outer",
          "Parallel Aware": false,
          "Startup Cost": 32053.45,
          "Total Cost": 32053.76,
          "Plan Rows": 3,
          "Plan Width": 8,
          "Actual Startup Time": 113.937,
          "Actual Total Time": 122.117,
          "Actual Rows": 4,
          "Actual Loops": 1,
          "Workers Planned": 3,
          "Workers Launched": 3,
          "Single Copy": false,
          "Plans": [
            {
              "Node Type": "Aggregate",
              "Strategy": "Plain",
              "Partial Mode": "Partial",
              "Parent Relationship": "Outer",
              "Parallel Aware": false,
              "Startup Cost": 31053.45,
              "Total Cost": 31053.46,
              "Plan Rows": 1,
              "Plan Width": 8,
              "Actual Startup Time": 107.206,
              "Actual Total Time": 107.207,
              "Actual Rows": 1,
              "Actual Loops": 4,
              "Plans": [
                {
                  "Node Type": "Seq Scan",
                  "Parent Relationship": "Outer",
                  "Parallel Aware": true,
                  "Relation Name": "movie_companies",
                  "Alias": "mc",
                  "Startup Cost": 0.0,
                  "Total Cost": 29310.68,
                  "Plan Rows": 697107,
                  "Plan Width": 0,
                  "Actual Startup Time": 0.041,
                  "Actual Total Time": 81.06,
                  "Actual Rows": 538513,
                  "Actual Loops": 4,
                  "Filter": "(company_id < 76905)",
                  "Rows Removed by Filter": 113770
                }
              ]
            }
          ]
        }
      ]
    },
    "Planning Time": 0.228,
    "Triggers": [],
    "Execution Time": 122.184
  }
]