[
  {
    "Plan": {
      "Node Type": "Aggregate",
      "Strategy": "Plain",
      "Partial Mode": "Finalize",
      "Parallel Aware": false,
      "Startup Cost": 46114.67,
      "Total Cost": 46114.68,
      "Plan Rows": 1,
      "Plan Width": 8,
      "Actual Startup Time": 134.289,
      "Actual Total Time": 150.342,
      "Actual Rows": 1,
      "Actual Loops": 1,
      "Plans": [
        {
          "Node Type": "Gather",
          "Parent Relationship": "Outer",
          "Parallel Aware": false,
          "Startup Cost": 46114.25,
          "Total Cost": 46114.66,
          "Plan Rows": 4,
          "Plan Width": 8,
          "Actual Startup Time": 134.151,
          "Actual Total Time": 150.334,
          "Actual Rows": 5,
          "Actual Loops": 1,
          "Workers Planned": 4,
          "Workers Launched": 4,
          "Single Copy": false,
          "Plans": [
            {
              "Node Type": "Aggregate",
              "Strategy": "Plain",
              "Partial Mode": "Partial",
              "Parent Relationship": "Outer",
              "Parallel Aware": false,
              "Startup Cost": 45114.25,
              "Total Cost": 45114.26,
              "Plan Rows": 1,
              "Plan Width": 8,
              "Actual Startup Time": 125.252,
              "Actual Total Time": 125.254,
              "Actual Rows": 1,
              "Actual Loops": 5,
              "Plans": [
                {
                  "Node Type": "Seq Scan",
                  "Parent Relationship": "Outer",
                  "Parallel Aware": true,
                  "Relation Name": "title",
                  "Alias": "t",
                  "Startup Cost": 0.0,
                  "Total Cost": 43898.92,
                  "Plan Rows": 486135,
                  "Plan Width": 0,
                  "Actual Startup Time": 0.038,
                  "Actual Total Time": 103.537,
                  "Actual Rows": 386497,
                  "Actual Loops": 5,
                  "Filter": "(production_year > 1980)",
                  "Rows Removed by Filter": 119166
                }
              ]
            }
          ]
        }
      ]
    },
    "Planning Time": 0.084,
    "Triggers": [],
    "Execution Time": 150.379
  }
]