[
  {
    "Plan": {
      "Node Type": "Aggregate",
      "Strategy": "Plain",
      "Partial Mode": "Finalize",
      "Parallel Aware": false,
      "Startup Cost": 25852.75,
      "Total Cost": 25852.76,
      "Plan Rows": 1,
      "Plan Width": 8,
      "Actual Startup Time": 38.592,
      "Actual Total Time": 44.176,
      "Actual Rows": 1,
      "Actual Loops": 1,
      "Plans": [
        {
          "Node Type": "Gather",
          "Parent Relationship": "Outer",
          "Parallel Aware": false,
          "Startup Cost": 25852.54,
          "Total Cost": 25852.75,
          "Plan Rows": 2,
          "Plan Width": 8,
          "Actual Startup Time": 38.422,
          "Actual Total Time": 44.17,
          "Actual Rows": 3,
          "Actual Loops": 1,
          "Workers Planned": 2,
          "Workers Launched": 2,
          "Single Copy": false,
          "Plans": [
            {
              "Node Type": "Aggregate",
              "Strategy": "Plain",
              "Partial Mode": "Partial",
              "Parent Relationship": "Outer",
              "Parallel Aware": false,
              "Startup Cost": 24852.54,
              "Total Cost": 24852.55,
              "Plan Rows": 1,
              "Plan Width": 8,
              "Actual Startup Time": 30.683,
              "Actual Total Time": 30.685,
              "Actual Rows": 1,
              "Actual Loops": 3,
              "Plans": [
                {
                  "Node Type": "Nested Loop",
                  "Parent Relationship": "Outer",
                  "Parallel Aware": false,
                  "Join Type": "Inner",
                  "Startup Cost": 94.75,
                  "Total Cost": 24852.47,
                  "Plan Rows": 28,
                  "Plan Width": 0,
                  "Actual Startup Time": 4.999,
                  "Actual Total Time": 30.664,
                  "Actual Rows": 40,
                  "Actual Loops": 3,
                  "Inner Unique": true,
                  "Plans": [
                    {
                      "Node Type": "Bitmap Heap Scan",
                      "Parent Relationship": "Outer",
                      "Parallel Aware": true,
                      "Relation Name": "movie_keyword",
                      "Alias": "mk",
                      "Startup Cost": 94.32,
                      "Total Cost": 11296.48,
                      "Plan Rows": 1822,
                      "Plan Width": 4,
                      "Actual Startup Time": 2.791,
                      "Actual Total Time": 10.937,
                      "Actual Rows": 1751,
                      "Actual Loops": 3,
                      "Recheck Cond": "(keyword_id = 3311)",
                      "Rows Removed by Index Recheck": 0,
                      "Exact Heap Blocks": 2875,
                      "Lossy Heap Blocks": 0,
                      "Plans": [
                        {
                          "Node Type": "Bitmap Index Scan",
                          "Parent Relationship": "Outer",
                          "Parallel Aware": false,
                          "Index Name": "keyword_id_movie_keyword",
                          "Startup Cost": 0.0,
                          "Total Cost": 93.23,
                          "Plan Rows": 4373,
                          "Plan Width": 0,
                          "Actual Startup Time": 6.044,
                          "Actual Total Time": 6.045,
                          "Actual Rows": 5252,
                          "Actual Loops": 1,
                          "Index Cond": "(keyword_id = 3311)"
                        }
                      ]
                    },
                    {
                      "Node Type": "Index Scan",
                      "Parent Relationship": "Inner",
                      "Parallel Aware": false,
                      "Scan Direction": "Forward",
                      "Index Name": "title_pkey",
                      "Relation Name": "title",
                      "Alias": "t",
                      "Startup Cost": 0.43,
                      "Total Cost": 7.44,
                      "Plan Rows": 1,
                      "Plan Width": 4,
                      "Actual Startup Time": 0.011,
                      "Actual Total Time": 0.011,
                      "Actual Rows": 0,
                      "Actual Loops": 5252,
                      "Index Cond": "(id = mk.movie_id)",
                      "Rows Removed by Index Recheck": 0,
                      "Filter": "(production_year = 1997)",
                      "Rows Removed by Filter": 1
                    }
                  ]
                }
              ]
            }
          ]
        }
      ]
    },
    "Planning Time": 0.654,
    "Triggers": [],
    "Execution Time": 44.263
  }
]