[
  {
    "Plan": {
      "Node Type": "Aggregate",
      "Strategy": "Plain",
      "Partial Mode": "Finalize",
      "Parallel Aware": false,
      "Startup Cost": 417721.82,
      "Total Cost": 417721.83,
      "Plan Rows": 1,
      "Plan Width": 8,
      "Actual Startup Time": 1050.043,
      "Actual Total Time": 1125.551,
      "Actual Rows": 1,
      "Actual Loops": 1,
      "Plans": [
        {
          "Node Type": "Gather",
          "Parent Relationship": "Outer",
          "Parallel Aware": false,
          "Startup Cost": 417721.2,
          "Total Cost": 417721.81,
          "Plan Rows": 6,
          "Plan Width": 8,
          "Actual Startup Time": 1043.067,
          "Actual Total Time": 1125.541,
          "Actual Rows": 7,
          "Actual Loops": 1,
          "Workers Planned": 6,
          "Workers Launched": 6,
          "Single Copy": false,
          "Plans": [
            {
              "Node Type": "Aggregate",
              "Strategy": "Plain",
              "Partial Mode": "Partial",
              "Parent Relationship": "Outer",
              "Parallel Aware": false,
              "Startup Cost": 416721.2,
              "Total Cost": 416721.21,
              "Plan Rows": 1,
              "Plan Width": 8,
              "Actual Startup Time": 1032.351,
              "Actual Total Time": 1032.51,
              "Actual Rows": 1,
              "Actual Loops": 7,
              "Plans": [
                {
                  "Node Type": "Hash Join",
                  "Parent Relationship": "Outer",
                  "Parallel Aware": true,
                  "Join Type": "Inner",
                  "Startup Cost": 66289.18,
                  "Total Cost": 415869.98,
                  "Plan Rows": 340487,
                  "Plan Width": 0,
                  "Actual Startup Time": 583.377,
                  "Actual Total Time": 1014.39,
                  "Actual Rows": 383968,
                  "Actual Loops": 7,
                  "Inner Unique": false,
                  "Hash Cond": "(ci.movie_id = t.id)",
                  "Plans": [
                    {
                      "Node Type": "Seq Scan",
                      "Parent Relationship": "Outer",
                      "Parallel Aware": true,
                      "Relation Name": "cast_info",
                      "Alias": "ci",
                      "Startup Cost": 0.0,
                      "Total Cost": 343257.03,
                      "Plan Rows": 1308020,
                      "Plan Width": 4,
                      "Actual Startup Time": 325.584,
                      "Actual Total Time": 604.35,
                      "Actual Rows": 694691,
                      "Actual Loops": 7,
                      "Filter": "((person_id < 1722017) AND (role_id > 2))",
                      "Rows Removed by Filter": 4483072
                    },
                    {
                      "Node Type": "Hash",
                      "Parent Relationship": "Inner",
                      "Parallel Aware": true,
                      "Startup Cost": 62861.4,
                      "Total Cost": 62861.4,
                      "Plan Rows": 274222,
                      "Plan Width": 8,
                      "Actual Startup Time": 254.422,
                      "Actual Total Time": 254.579,
                      "Actual Rows": 77104,
                      "Actual Loops": 7,
                      "Hash Buckets": 1048576,
                      "Original Hash Buckets": 1048576,
                      "Hash Batches": 1,
                      "Original Hash Batches": 1,
                      "Peak Memory Usage": 29440,
                      "Plans": [
                        {
                          "Node Type": "Hash Join",
                          "Parent Relationship": "Outer",
                          "Parallel Aware": true,
                          "Join Type": "Inner",
                          "Startup Cost": 47666.84,
                          "Total Cost": 62861.4,
                          "Plan Rows": 274222,
                          "Plan Width": 8,
                          "Actual Startup Time": 166.268,
                          "Actual Total Time": 225.927,
                          "Actual Rows": 77104,
                          "Actual Loops": 7,
                          "Inner Unique": true,
                          "Hash Cond": "(mi_idx.movie_id = t.id)",
                          "Plans": [
                            {
                              "Node Type": "Seq Scan",
                              "Parent Relationship": "Outer",
                              "Parallel Aware": true,
                              "Relation Name": "movie_info_idx",
                              "Alias": "mi_idx",
                              "Startup Cost": 0.0,
                              "Total Cost": 13685.15,
                              "Plan Rows": 575015,
                              "Plan Width": 4,
                              "Actual Startup Time": 0.033,
                              "Actual Total Time": 19.788,
                              "Actual Rows": 197148,
                              "Actual Loops": 7
                            },
                            {
                              "Node Type": "Hash",
                              "Parent Relationship": "Inner",
                              "Parallel Aware": true,
                              "Startup Cost": 43898.92,
                              "Total Cost": 43898.92,
                              "Plan Rows": 301434,
                              "Plan Width": 4,
                              "Actual Startup Time": 163.466,
                              "Actual Total Time": 163.467,
                              "Actual Rows": 170360,
                              "Actual Loops": 7,
                              "Hash Buckets": 2097152,
                              "Original Hash Buckets": 2097152,
                              "Hash Batches": 1,
                              "Original Hash Batches": 1,
                              "Peak Memory Usage": 63168,
                              "Plans": [
                                {
                                  "Node Type": "Seq Scan",
                                  "Parent Relationship": "Outer",
                                  "Parallel Aware": true,
                                  "Relation Name": "title",
                                  "Alias": "t",
                                  "Startup Cost": 0.0,
                                  "Total Cost": 43898.92,
                                  "Plan Rows": 301434,
                                  "Plan Width": 4,
                                  "Actual Startup Time": 0.045,
                                  "Actual Total Time": 80.334,
                                  "Actual Rows": 170360,
                                  "Actual Loops": 7,
                                  "Filter": "(production_year > 2003)",
                                  "Rows Removed by Filter": 190828
                                }
                              ]
                            }
                          ]
                        }
                      ]
                    }
                  ]
                }
              ]
            }
          ]
        }
      ]
    },
    "Planning Time": 1.358,
    "Triggers": [],
    "Execution Time": 1125.658
  }
]