[
    {
        "Bao": {
            "Bao prediction": "NaN",
            "Bao recommended hint": "(no hint)"
        }
    },
    {
        "Plan": {
            "Node Type": "Aggregate",
            "Strategy": "Plain",
            "Partial Mode": "Finalize",
            "Parallel Aware": false,
            "Startup Cost": 287025.76,
            "Total Cost": 287025.77,
            "Plan Rows": 1,
            "Plan Width": 8,
            "Actual Startup Time": 144.361,
            "Actual Total Time": 162.988,
            "Actual Rows": 1,
            "Actual Loops": 1,
            "Output": [
                "count(*)"
            ],
            "Plans": [
                {
                    "Node Type": "Gather",
                    "Parent Relationship": "Outer",
                    "Parallel Aware": false,
                    "Startup Cost": 287025.34,
                    "Total Cost": 287025.75,
                    "Plan Rows": 4,
                    "Plan Width": 8,
                    "Actual Startup Time": 144.247,
                    "Actual Total Time": 162.98,
                    "Actual Rows": 5,
                    "Actual Loops": 1,
                    "Output": [
                        "(PARTIAL count(*))"
                    ],
                    "Workers Planned": 4,
                    "Workers Launched": 4,
                    "Single Copy": false,
                    "Plans": [
                        {
                            "Node Type": "Aggregate",
                            "Strategy": "Plain",
                            "Partial Mode": "Partial",
                            "Parent Relationship": "Outer",
                            "Parallel Aware": false,
                            "Startup Cost": 286025.34,
                            "Total Cost": 286025.35,
                            "Plan Rows": 1,
                            "Plan Width": 8,
                            "Actual Startup Time": 134.949,
                            "Actual Total Time": 134.95,
                            "Actual Rows": 1,
                            "Actual Loops": 5,
                            "Output": [
                                "PARTIAL count(*)"
                            ],
                            "Workers": [
                                {
                                    "Worker Number": 0,
                                    "Actual Startup Time": 132.249,
                                    "Actual Total Time": 132.25,
                                    "Actual Rows": 1,
                                    "Actual Loops": 1
                                },
                                {
                                    "Worker Number": 1,
                                    "Actual Startup Time": 132.467,
                                    "Actual Total Time": 132.469,
                                    "Actual Rows": 1,
                                    "Actual Loops": 1
                                },
                                {
                                    "Worker Number": 2,
                                    "Actual Startup Time": 133.069,
                                    "Actual Total Time": 133.07,
                                    "Actual Rows": 1,
                                    "Actual Loops": 1
                                },
                                {
                                    "Worker Number": 3,
                                    "Actual Startup Time": 133.177,
                                    "Actual Total Time": 133.178,
                                    "Actual Rows": 1,
                                    "Actual Loops": 1
                                }
                            ],
                            "Plans": [
                                {
                                    "Node Type": "Nested Loop",
                                    "Parent Relationship": "Outer",
                                    "Parallel Aware": false,
                                    "Join Type": "Inner",
                                    "Startup Cost": 0.56,
                                    "Total Cost": 286001.28,
                                    "Plan Rows": 9622,
                                    "Plan Width": 0,
                                    "Actual Startup Time": 0.954,
                                    "Actual Total Time": 134.295,
                                    "Actual Rows": 8357,
                                    "Actual Loops": 5,
                                    "Inner Unique": false,
                                    "Workers": [
                                        {
                                            "Worker Number": 0,
                                            "Actual Startup Time": 0.684,
                                            "Actual Total Time": 131.647,
                                            "Actual Rows": 6132,
                                            "Actual Loops": 1
                                        },
                                        {
                                            "Worker Number": 1,
                                            "Actual Startup Time": 0.945,
                                            "Actual Total Time": 131.883,
                                            "Actual Rows": 5996,
                                            "Actual Loops": 1
                                        },
                                        {
                                            "Worker Number": 2,
                                            "Actual Startup Time": 0.495,
                                            "Actual Total Time": 132.446,
                                            "Actual Rows": 6351,
                                            "Actual Loops": 1
                                        },
                                        {
                                            "Worker Number": 3,
                                            "Actual Startup Time": 2.337,
                                            "Actual Total Time": 132.549,
                                            "Actual Rows": 6472,
                                            "Actual Loops": 1
                                        }
                                    ],
                                    "Plans": [
                                        {
                                            "Node Type": "Seq Scan",
                                            "Parent Relationship": "Outer",
                                            "Parallel Aware": true,
                                            "Relation Name": "title",
                                            "Schema": "public",
                                            "Alias": "t",
                                            "Startup Cost": 0.0,
                                            "Total Cost": 45479.21,
                                            "Plan Rows": 2692,
                                            "Plan Width": 4,
                                            "Actual Startup Time": 0.169,
                                            "Actual Total Time": 56.589,
                                            "Actual Rows": 1983,
                                            "Actual Loops": 5,
                                            "Output": [
                                                "t.id",
                                                "t.title",
                                                "t.imdb_index",
                                                "t.kind_id",
                                                "t.production_year",
                                                "t.imdb_id",
                                                "t.phonetic_code",
                                                "t.episode_of_id",
                                                "t.season_nr",
                                                "t.episode_nr",
                                                "t.series_years",
                                                "t.md5sum"
                                            ],
                                            "Filter": "((t.kind_id > 1) AND (t.production_year = 1977))",
                                            "Rows Removed by Filter": 503680,
                                            "Workers": [
                                                {
                                                    "Worker Number": 0,
                                                    "Actual Startup Time": 0.324,
                                                    "Actual Total Time": 49.088,
                                                    "Actual Rows": 1438,
                                                    "Actual Loops": 1
                                                },
                                                {
                                                    "Worker Number": 1,
                                                    "Actual Startup Time": 0.25,
                                                    "Actual Total Time": 50.93,
                                                    "Actual Rows": 1410,
                                                    "Actual Loops": 1
                                                },
                                                {
                                                    "Worker Number": 2,
                                                    "Actual Startup Time": 0.1,
                                                    "Actual Total Time": 48.943,
                                                    "Actual Rows": 1538,
                                                    "Actual Loops": 1
                                                },
                                                {
                                                    "Worker Number": 3,
                                                    "Actual Startup Time": 0.16,
                                                    "Actual Total Time": 49.319,
                                                    "Actual Rows": 1556,
                                                    "Actual Loops": 1
                                                }
                                            ]
                                        },
                                        {
                                            "Node Type": "Index Scan",
                                            "Parent Relationship": "Inner",
                                            "Parallel Aware": false,
                                            "Scan Direction": "Forward",
                                            "Index Name": "movie_id_cast_info",
                                            "Relation Name": "cast_info",
                                            "Schema": "public",
                                            "Alias": "ci",
                                            "Startup Cost": 0.56,
                                            "Total Cost": 89.25,
                                            "Plan Rows": 10,
                                            "Plan Width": 4,
                                            "Actual Startup Time": 0.027,
                                            "Actual Total Time": 0.038,
                                            "Actual Rows": 4,
                                            "Actual Loops": 9913,
                                            "Output": [
                                                "ci.id",
                                                "ci.person_id",
                                                "ci.movie_id",
                                                "ci.person_role_id",
                                                "ci.note",
                                                "ci.nr_order",
                                                "ci.role_id"
                                            ],
                                            "Index Cond": "(ci.movie_id = t.id)",
                                            "Rows Removed by Index Recheck": 0,
                                            "Filter": "((ci.person_id > 2263667) AND (ci.role_id > 1))",
                                            "Rows Removed by Filter": 9,
                                            "Workers": [
                                                {
                                                    "Worker Number": 0,
                                                    "Actual Startup Time": 0.039,
                                                    "Actual Total Time": 0.056,
                                                    "Actual Rows": 4,
                                                    "Actual Loops": 1438
                                                },
                                                {
                                                    "Worker Number": 1,
                                                    "Actual Startup Time": 0.039,
                                                    "Actual Total Time": 0.056,
                                                    "Actual Rows": 4,
                                                    "Actual Loops": 1410
                                                },
                                                {
                                                    "Worker Number": 2,
                                                    "Actual Startup Time": 0.037,
                                                    "Actual Total Time": 0.053,
                                                    "Actual Rows": 4,
                                                    "Actual Loops": 1538
                                                },
                                                {
                                                    "Worker Number": 3,
                                                    "Actual Startup Time": 0.036,
                                                    "Actual Total Time": 0.052,
                                                    "Actual Rows": 4,
                                                    "Actual Loops": 1556
                                                }
                                            ]
                                        }
                                    ]
                                }
                            ]
                        }
                    ]
                }
            ]
        },
        "Planning Time": 218.979,
        "Triggers": [],
        "Execution Time": 163.098
    }
]