[
  {
    "Plan": {
      "Node Type": "Aggregate",
      "Strategy": "Plain",
      "Partial Mode": "Finalize",
      "Parallel Aware": false,
      "Startup Cost": 240019.49,
      "Total Cost": 240019.5,
      "Plan Rows": 1,
      "Plan Width": 8,
      "Actual Startup Time": 477.754,
      "Actual Total Time": 516.961,
      "Actual Rows": 1,
      "Actual Loops": 1,
      "Plans": [
        {
          "Node Type": "Gather",
          "Parent Relationship": "Outer",
          "Parallel Aware": false,
          "Startup Cost": 240018.96,
          "Total Cost": 240019.47,
          "Plan Rows": 5,
          "Plan Width": 8,
          "Actual Startup Time": 477.023,
          "Actual Total Time": 516.948,
          "Actual Rows": 6,
          "Actual Loops": 1,
          "Workers Planned": 5,
          "Workers Launched": 5,
          "Single Copy": false,
          "Plans": [
            {
              "Node Type": "Aggregate",
              "Strategy": "Plain",
              "Partial Mode": "Partial",
              "Parent Relationship": "Outer",
              "Parallel Aware": false,
              "Startup Cost": 239018.96,
              "Total Cost": 239018.97,
              "Plan Rows": 1,
              "Plan Width": 8,
              "Actual Startup Time": 466.426,
              "Actual Total Time": 466.43,
              "Actual Rows": 1,
              "Actual Loops": 6,
              "Plans": [
                {
                  "Node Type": "Hash Join",
                  "Parent Relationship": "Outer",
                  "Parallel Aware": true,
                  "Join Type": "Inner",
                  "Startup Cost": 38141.66,
                  "Total Cost": 238979.59,
                  "Plan Rows": 15749,
                  "Plan Width": 0,
                  "Actual Startup Time": 104.677,
                  "Actual Total Time": 465.041,
                  "Actual Rows": 28066,
                  "Actual Loops": 6,
                  "Inner Unique": true,
                  "Hash Cond": "(mi.movie_id = t.id)",
                  "Plans": [
                    {
                      "Node Type": "Seq Scan",
                      "Parent Relationship": "Outer",
                      "Parallel Aware": true,
                      "Relation Name": "movie_info",
                      "Alias": "mi",
                      "Startup Cost": 0.0,
                      "Total Cost": 198952.16,
                      "Plan Rows": 718388,
                      "Plan Width": 4,
                      "Actual Startup Time": 31.007,
                      "Actual Total Time": 320.951,
                      "Actual Rows": 604163,
                      "Actual Loops": 6,
                      "Filter": "(info_type_id < 4)",
                      "Rows Removed by Filter": 1868457
                    },
                    {
                      "Node Type": "Hash",
                      "Parent Relationship": "Inner",
                      "Parallel Aware": true,
                      "Startup Cost": 37968.45,
                      "Total Cost": 37968.45,
                      "Plan Rows": 13857,
                      "Plan Width": 4,
                      "Actual Startup Time": 72.523,
                      "Actual Total Time": 72.524,
                      "Actual Rows": 10138,
                      "Actual Loops": 6,
                      "Hash Buckets": 65536,
                      "Original Hash Buckets": 65536,
                      "Hash Batches": 1,
                      "Original Hash Batches": 1,
                      "Peak Memory Usage": 3008,
                      "Plans": [
                        {
                          "Node Type": "Bitmap Heap Scan",
                          "Parent Relationship": "Outer",
                          "Parallel Aware": true,
                          "Relation Name": "title",
                          "Alias": "t",
                          "Startup Cost": 1630.39,
                          "Total Cost": 37968.45,
                          "Plan Rows": 13857,
                          "Plan Width": 4,
                          "Actual Startup Time": 19.171,
                          "Actual Total Time": 67.436,
                          "Actual Rows": 10138,
                          "Actual Loops": 6,
                          "Recheck Cond": "(kind_id = 2)",
                          "Rows Removed by Index Recheck": 0,
                          "Filter": "(production_year < 2007)",
                          "Rows Removed by Filter": 5004,
                          "Exact Heap Blocks": 10827,
                          "Lossy Heap Blocks": 0,
                          "Plans": [
                            {
                              "Node Type": "Bitmap Index Scan",
                              "Parent Relationship": "Outer",
                              "Parallel Aware": false,
                              "Index Name": "kind_id_title",
                              "Startup Cost": 0.0,
                              "Total Cost": 1616.54,
                              "Plan Rows": 90681,
                              "Plan Width": 0,
                              "Actual Startup Time": 17.886,
                              "Actual Total Time": 17.886,
                              "Actual Rows": 90852,
                              "Actual Loops": 1,
                              "Index Cond": "(kind_id = 2)"
                            }
                          ]
                        }
                      ]
                    }
                  ]
                }
              ]
            }
          ]
        }
      ]
    },
    "Planning Time": 0.799,
    "Triggers": [],
    "Execution Time": 517.072
  }
]