{
  "Plan": {
    "Node Type": "Aggregate",
    "Strategy": "Plain",
    "Partial Mode": "Finalize",
    "Parallel Aware": false,
    "Startup Cost": 718130.54,
    "Total Cost": 718130.55,
    "Plan Rows": 1,
    "Plan Width": 8,
    "Actual Startup Time": 2879.816,
    "Actual Total Time": 2934.893,
    "Actual Rows": 1,
    "Actual Loops": 1,
    "Plans": [
      {
        "Node Type": "Gather",
        "Parent Relationship": "Outer",
        "Parallel Aware": false,
        "Startup Cost": 718130.43,
        "Total Cost": 718130.54,
        "Plan Rows": 1,
        "Plan Width": 8,
        "Actual Startup Time": 2876.763,
        "Actual Total Time": 2934.883,
        "Actual Rows": 2,
        "Actual Loops": 1,
        "Workers Planned": 1,
        "Workers Launched": 1,
        "Single Copy": false,
        "Plans": [
          {
            "Node Type": "Aggregate",
            "Strategy": "Plain",
            "Partial Mode": "Partial",
            "Parent Relationship": "Outer",
            "Parallel Aware": false,
            "Startup Cost": 717130.43,
            "Total Cost": 717130.44,
            "Plan Rows": 1,
            "Plan Width": 8,
            "Actual Startup Time": 2870.86,
            "Actual Total Time": 2870.867,
            "Actual Rows": 1,
            "Actual Loops": 2,
            "Plans": [
              {
                "Node Type": "Hash Join",
                "Parent Relationship": "Outer",
                "Parallel Aware": true,
                "Join Type": "Inner",
                "Startup Cost": 114984.95,
                "Total Cost": 714301.66,
                "Plan Rows": 1131508,
                "Plan Width": 0,
                "Actual Startup Time": 1661.139,
                "Actual Total Time": 2859.594,
                "Actual Rows": 251910,
                "Actual Loops": 2,
                "Inner Unique": false,
                "Hash Cond": "(ci.movie_id = t.id)",
                "Plans": [
                  {
                    "Node Type": "Seq Scan",
                    "Parent Relationship": "Outer",
                    "Parallel Aware": true,
                    "Relation Name": "cast_info",
                    "Alias": "ci",
                    "Startup Cost": 0.0,
                    "Total Cost": 572345.93,
                    "Plan Rows": 5417289,
                    "Plan Width": 4,
                    "Actual Startup Time": 931.721,
                    "Actual Total Time": 1726.771,
                    "Actual Rows": 3446715,
                    "Actual Loops": 2,
                    "Filter": "((person_id > 2663761) AND (role_id < 10))",
                    "Rows Removed by Filter": 14675457
                  },
                  {
                    "Node Type": "Hash",
                    "Parent Relationship": "Inner",
                    "Parallel Aware": true,
                    "Startup Cost": 111101.98,
                    "Total Cost": 111101.98,
                    "Plan Rows": 310638,
                    "Plan Width": 8,
                    "Actual Startup Time": 720.374,
                    "Actual Total Time": 720.379,
                    "Actual Rows": 38040,
                    "Actual Loops": 2,
                    "Hash Buckets": 1048576,
                    "Original Hash Buckets": 1048576,
                    "Hash Batches": 1,
                    "Original Hash Batches": 1,
                    "Peak Memory Usage": 11200,
                    "Plans": [
                      {
                        "Node Type": "Hash Join",
                        "Parent Relationship": "Outer",
                        "Parallel Aware": true,
                        "Join Type": "Inner",
                        "Startup Cost": 67957.22,
                        "Total Cost": 111101.98,
                        "Plan Rows": 310638,
                        "Plan Width": 8,
                        "Actual Startup Time": 456.335,
                        "Actual Total Time": 703.903,
                        "Actual Rows": 38040,
                        "Actual Loops": 2,
                        "Inner Unique": true,
                        "Hash Cond": "(mc.movie_id = t.id)",
                        "Plans": [
                          {
                            "Node Type": "Index Scan",
                            "Parent Relationship": "Outer",
                            "Parallel Aware": true,
                            "Scan Direction": "Forward",
                            "Index Name": "company_type_id_movie_companies",
                            "Relation Name": "movie_companies",
                            "Alias": "mc",
                            "Startup Cost": 0.43,
                            "Total Cost": 41574.35,
                            "Plan Rows": 598412,
                            "Plan Width": 4,
                            "Actual Startup Time": 0.444,
                            "Actual Total Time": 129.34,
                            "Actual Rows": 438336,
                            "Actual Loops": 2,
                            "Index Cond": "(company_type_id < 2)",
                            "Rows Removed by Index Recheck": 0,
                            "Filter": "(company_id > 525)",
                            "Rows Removed by Filter": 198786
                          },
                          {
                            "Node Type": "Hash",
                            "Parent Relationship": "Inner",
                            "Parallel Aware": true,
                            "Startup Cost": 58306.47,
                            "Total Cost": 58306.47,
                            "Plan Rows": 772026,
                            "Plan Width": 4,
                            "Actual Startup Time": 446.228,
                            "Actual Total Time": 446.229,
                            "Actual Rows": 695762,
                            "Actual Loops": 2,
                            "Hash Buckets": 2097152,
                            "Original Hash Buckets": 2097152,
                            "Hash Batches": 1,
                            "Original Hash Batches": 1,
                            "Peak Memory Usage": 70848,
                            "Plans": [
                              {
                                "Node Type": "Seq Scan",
                                "Parent Relationship": "Outer",
                                "Parallel Aware": true,
                                "Relation Name": "title",
                                "Alias": "t",
                                "Startup Cost": 0.0,
                                "Total Cost": 58306.47,
                                "Plan Rows": 772026,
                                "Plan Width": 4,
                                "Actual Startup Time": 0.051,
                                "Actual Total Time": 201.872,
                                "Actual Rows": 695762,
                                "Actual Loops": 2,
                                "Filter": "((production_year > 1965) AND (kind_id = 7))",
                                "Rows Removed by Filter": 568394
                              }
                            ]
                          }
                        ]
                      }
                    ]
                  }
                ]
              }
            ]
          }
        ]
      }
    ]
  },
  "Planning Time": 1.028,
  "Triggers": [],
  "Execution Time": 2935.018
}