[
  {
    "Plan": {
      "Node Type": "Aggregate",
      "Strategy": "Plain",
      "Partial Mode": "Finalize",
      "Parallel Aware": false,
      "Startup Cost": 386938.14,
      "Total Cost": 386938.15,
      "Plan Rows": 1,
      "Plan Width": 8,
      "Actual Startup Time": 3775.418,
      "Actual Total Time": 3852.26,
      "Actual Rows": 1,
      "Actual Loops": 1,
      "Plans": [
        {
          "Node Type": "Gather",
          "Parent Relationship": "Outer",
          "Parallel Aware": false,
          "Startup Cost": 386937.72,
          "Total Cost": 386938.13,
          "Plan Rows": 4,
          "Plan Width": 8,
          "Actual Startup Time": 3775.409,
          "Actual Total Time": 3852.253,
          "Actual Rows": 5,
          "Actual Loops": 1,
          "Workers Planned": 4,
          "Workers Launched": 4,
          "Single Copy": false,
          "Plans": [
            {
              "Node Type": "Aggregate",
              "Strategy": "Plain",
              "Partial Mode": "Partial",
              "Parent Relationship": "Outer",
              "Parallel Aware": false,
              "Startup Cost": 385937.72,
              "Total Cost": 385937.73,
              "Plan Rows": 1,
              "Plan Width": 8,
              "Actual Startup Time": 3763.777,
              "Actual Total Time": 3763.778,
              "Actual Rows": 1,
              "Actual Loops": 5,
              "Plans": [
                {
                  "Node Type": "Nested Loop",
                  "Parent Relationship": "Outer",
                  "Parallel Aware": false,
                  "Join Type": "Inner",
                  "Startup Cost": 3.3,
                  "Total Cost": 382975.43,
                  "Plan Rows": 1184914,
                  "Plan Width": 0,
                  "Actual Startup Time": 2.815,
                  "Actual Total Time": 3590.411,
                  "Actual Rows": 3842585,
                  "Actual Loops": 5,
                  "Inner Unique": false,
                  "Join Filter": "(t.id = ci.movie_id)",
                  "Rows Removed by Join Filter": 0,
                  "Plans": [
                    {
                      "Node Type": "Merge Join",
                      "Parent Relationship": "Outer",
                      "Parallel Aware": false,
                      "Join Type": "Inner",
                      "Startup Cost": 2.74,
                      "Total Cost": 152718.26,
                      "Plan Rows": 82693,
                      "Plan Width": 8,
                      "Actual Startup Time": 2.606,
                      "Actual Total Time": 680.094,
                      "Actual Rows": 144107,
                      "Actual Loops": 5,
                      "Inner Unique": false,
                      "Merge Cond": "(t.id = mi_idx.movie_id)",
                      "Plans": [
                        {
                          "Node Type": "Index Scan",
                          "Parent Relationship": "Outer",
                          "Parallel Aware": true,
                          "Scan Direction": "Forward",
                          "Index Name": "title_pkey",
                          "Relation Name": "title",
                          "Alias": "t",
                          "Startup Cost": 0.43,
                          "Total Cost": 94538.14,
                          "Plan Rows": 151498,
                          "Plan Width": 4,
                          "Actual Startup Time": 1.132,
                          "Actual Total Time": 333.423,
                          "Actual Rows": 134954,
                          "Actual Loops": 5,
                          "Filter": "((kind_id < 7) AND (production_year < 2007))",
                          "Rows Removed by Filter": 370241
                        },
                        {
                          "Node Type": "Index Only Scan",
                          "Parent Relationship": "Inner",
                          "Parallel Aware": false,
                          "Scan Direction": "Forward",
                          "Index Name": "movie_id_movie_info_idx",
                          "Relation Name": "movie_info_idx",
                          "Alias": "mi_idx",
                          "Startup Cost": 0.43,
                          "Total Cost": 53620.22,
                          "Plan Rows": 1380035,
                          "Plan Width": 4,
                          "Actual Startup Time": 0.188,
                          "Actual Total Time": 259.596,
                          "Actual Rows": 1380035,
                          "Actual Loops": 5,
                          "Heap Fetches": 6900175
                        }
                      ]
                    },
                    {
                      "Node Type": "Index Only Scan",
                      "Parent Relationship": "Inner",
                      "Parallel Aware": false,
                      "Scan Direction": "Forward",
                      "Index Name": "movie_id_cast_info",
                      "Relation Name": "cast_info",
                      "Alias": "ci",
                      "Startup Cost": 0.56,
                      "Total Cost": 2.32,
                      "Plan Rows": 37,
                      "Plan Width": 4,
                      "Actual Startup Time": 0.003,
                      "Actual Total Time": 0.018,
                      "Actual Rows": 27,
                      "Actual Loops": 720537,
                      "Index Cond": "(movie_id = mi_idx.movie_id)",
                      "Rows Removed by Index Recheck": 0,
                      "Heap Fetches": 19212925
                    }
                  ]
                }
              ]
            }
          ]
        }
      ]
    },
    "Planning Time": 1.268,
    "Triggers": [],
    "Execution Time": 3852.375
  }
]