[
  {
    "Plan": {
      "Node Type": "Aggregate",
      "Strategy": "Plain",
      "Partial Mode": "Finalize",
      "Parallel Aware": false,
      "Startup Cost": 339319.33,
      "Total Cost": 339319.34,
      "Plan Rows": 1,
      "Plan Width": 8,
      "Actual Startup Time": 818.172,
      "Actual Total Time": 862.011,
      "Actual Rows": 1,
      "Actual Loops": 1,
      "Plans": [
        {
          "Node Type": "Gather",
          "Parent Relationship": "Outer",
          "Parallel Aware": false,
          "Startup Cost": 339318.71,
          "Total Cost": 339319.32,
          "Plan Rows": 6,
          "Plan Width": 8,
          "Actual Startup Time": 818.001,
          "Actual Total Time": 861.997,
          "Actual Rows": 7,
          "Actual Loops": 1,
          "Workers Planned": 6,
          "Workers Launched": 6,
          "Single Copy": false,
          "Plans": [
            {
              "Node Type": "Aggregate",
              "Strategy": "Plain",
              "Partial Mode": "Partial",
              "Parent Relationship": "Outer",
              "Parallel Aware": false,
              "Startup Cost": 338318.71,
              "Total Cost": 338318.72,
              "Plan Rows": 1,
              "Plan Width": 8,
              "Actual Startup Time": 809.462,
              "Actual Total Time": 809.463,
              "Actual Rows": 1,
              "Actual Loops": 7,
              "Plans": [
                {
                  "Node Type": "Seq Scan",
                  "Parent Relationship": "Outer",
                  "Parallel Aware": true,
                  "Relation Name": "cast_info",
                  "Alias": "ci",
                  "Startup Cost": 0.0,
                  "Total Cost": 328211.39,
                  "Plan Rows": 4042926,
                  "Plan Width": 0,
                  "Actual Startup Time": 138.887,
                  "Actual Total Time": 633.484,
                  "Actual Rows": 3446360,
                  "Actual Loops": 7,
                  "Filter": "(person_id > 1193313)",
                  "Rows Removed by Filter": 1731404
                }
              ]
            }
          ]
        }
      ]
    },
    "Planning Time": 0.083,
    "Triggers": [],
    "Execution Time": 862.048
  }
]