{
  "Plan": {
    "Node Type": "Aggregate",
    "Strategy": "Plain",
    "Partial Mode": "Finalize",
    "Parallel Aware": false,
    "Startup Cost": 698871.76,
    "Total Cost": 698871.77,
    "Plan Rows": 1,
    "Plan Width": 8,
    "Actual Startup Time": 4628.488,
    "Actual Total Time": 4673.251,
    "Actual Rows": 1,
    "Actual Loops": 1,
    "Plans": [
      {
        "Node Type": "Gather",
        "Parent Relationship": "Outer",
        "Parallel Aware": false,
        "Startup Cost": 698871.65,
        "Total Cost": 698871.76,
        "Plan Rows": 1,
        "Plan Width": 8,
        "Actual Startup Time": 4626.103,
        "Actual Total Time": 4673.244,
        "Actual Rows": 2,
        "Actual Loops": 1,
        "Workers Planned": 1,
        "Workers Launched": 1,
        "Single Copy": false,
        "Plans": [
          {
            "Node Type": "Aggregate",
            "Strategy": "Plain",
            "Partial Mode": "Partial",
            "Parent Relationship": "Outer",
            "Parallel Aware": false,
            "Startup Cost": 697871.65,
            "Total Cost": 697871.66,
            "Plan Rows": 1,
            "Plan Width": 8,
            "Actual Startup Time": 4614.131,
            "Actual Total Time": 4614.136,
            "Actual Rows": 1,
            "Actual Loops": 2,
            "Plans": [
              {
                "Node Type": "Hash Join",
                "Parent Relationship": "Outer",
                "Parallel Aware": true,
                "Join Type": "Inner",
                "Startup Cost": 325533.25,
                "Total Cost": 684540.62,
                "Plan Rows": 5332411,
                "Plan Width": 0,
                "Actual Startup Time": 2442.607,
                "Actual Total Time": 4425.182,
                "Actual Rows": 4769993,
                "Actual Loops": 2,
                "Inner Unique": false,
                "Hash Cond": "(ci.movie_id = t.id)",
                "Plans": [
                  {
                    "Node Type": "Index Scan",
                    "Parent Relationship": "Outer",
                    "Parallel Aware": true,
                    "Scan Direction": "Forward",
                    "Index Name": "role_id_cast_info",
                    "Relation Name": "cast_info",
                    "Alias": "ci",
                    "Startup Cost": 0.56,
                    "Total Cost": 305110.75,
                    "Plan Rows": 4506016,
                    "Plan Width": 4,
                    "Actual Startup Time": 0.057,
                    "Actual Total Time": 765.771,
                    "Actual Rows": 4218346,
                    "Actual Loops": 2,
                    "Index Cond": "(role_id > 4)",
                    "Rows Removed by Index Recheck": 0,
                    "Filter": "(person_id > 692510)",
                    "Rows Removed by Filter": 474006
                  },
                  {
                    "Node Type": "Hash",
                    "Parent Relationship": "Inner",
                    "Parallel Aware": true,
                    "Startup Cost": 303532.86,
                    "Total Cost": 303532.86,
                    "Plan Rows": 1759986,
                    "Plan Width": 8,
                    "Actual Startup Time": 2421.813,
                    "Actual Total Time": 2421.815,
                    "Actual Rows": 601610,
                    "Actual Loops": 2,
                    "Hash Buckets": 4194304,
                    "Original Hash Buckets": 4194304,
                    "Hash Batches": 1,
                    "Original Hash Batches": 1,
                    "Peak Memory Usage": 79872,
                    "Plans": [
                      {
                        "Node Type": "Merge Join",
                        "Parent Relationship": "Outer",
                        "Parallel Aware": false,
                        "Join Type": "Inner",
                        "Startup Cost": 14.16,
                        "Total Cost": 303532.86,
                        "Plan Rows": 1759986,
                        "Plan Width": 8,
                        "Actual Startup Time": 5.367,
                        "Actual Total Time": 2288.332,
                        "Actual Rows": 601610,
                        "Actual Loops": 2,
                        "Inner Unique": true,
                        "Merge Cond": "(mk.movie_id = t.id)",
                        "Plans": [
                          {
                            "Node Type": "Index Only Scan",
                            "Parent Relationship": "Outer",
                            "Parallel Aware": true,
                            "Scan Direction": "Forward",
                            "Index Name": "movie_id_movie_keyword",
                            "Relation Name": "movie_keyword",
                            "Alias": "mk",
                            "Startup Cost": 0.43,
                            "Total Cost": 158560.11,
                            "Plan Rows": 2661135,
                            "Plan Width": 4,
                            "Actual Startup Time": 0.102,
                            "Actual Total Time": 505.048,
                            "Actual Rows": 2261965,
                            "Actual Loops": 2,
                            "Heap Fetches": 4523930
                          },
                          {
                            "Node Type": "Index Scan",
                            "Parent Relationship": "Inner",
                            "Parallel Aware": false,
                            "Scan Direction": "Forward",
                            "Index Name": "title_pkey",
                            "Relation Name": "title",
                            "Alias": "t",
                            "Startup Cost": 0.43,
                            "Total Cost": 116660.7,
                            "Plan Rows": 1672129,
                            "Plan Width": 4,
                            "Actual Startup Time": 0.123,
                            "Actual Total Time": 1557.519,
                            "Actual Rows": 1672974,
                            "Actual Loops": 2,
                            "Filter": "(kind_id > 3)",
                            "Rows Removed by Filter": 852848
                          }
                        ]
                      }
                    ]
                  }
                ]
              }
            ]
          }
        ]
      }
    ]
  },
  "Planning Time": 1.072,
  "Triggers": [],
  "Execution Time": 4673.353
}