[
  {
    "Plan": {
      "Node Type": "Aggregate",
      "Strategy": "Plain",
      "Partial Mode": "Finalize",
      "Parallel Aware": false,
      "Startup Cost": 390312.9,
      "Total Cost": 390312.91,
      "Plan Rows": 1,
      "Plan Width": 8,
      "Actual Startup Time": 1665.143,
      "Actual Total Time": 1729.415,
      "Actual Rows": 1,
      "Actual Loops": 1,
      "Plans": [
        {
          "Node Type": "Gather",
          "Parent Relationship": "Outer",
          "Parallel Aware": false,
          "Startup Cost": 390312.27,
          "Total Cost": 390312.88,
          "Plan Rows": 6,
          "Plan Width": 8,
          "Actual Startup Time": 1656.112,
          "Actual Total Time": 1729.383,
          "Actual Rows": 7,
          "Actual Loops": 1,
          "Workers Planned": 6,
          "Workers Launched": 6,
          "Single Copy": false,
          "Plans": [
            {
              "Node Type": "Aggregate",
              "Strategy": "Plain",
              "Partial Mode": "Partial",
              "Parent Relationship": "Outer",
              "Parallel Aware": false,
              "Startup Cost": 389312.27,
              "Total Cost": 389312.28,
              "Plan Rows": 1,
              "Plan Width": 8,
              "Actual Startup Time": 1645.945,
              "Actual Total Time": 1645.949,
              "Actual Rows": 1,
              "Actual Loops": 7,
              "Plans": [
                {
                  "Node Type": "Hash Join",
                  "Parent Relationship": "Outer",
                  "Parallel Aware": true,
                  "Join Type": "Inner",
                  "Startup Cost": 47816.99,
                  "Total Cost": 386392.36,
                  "Plan Rows": 1167966,
                  "Plan Width": 0,
                  "Actual Startup Time": 275.435,
                  "Actual Total Time": 1593.735,
                  "Actual Rows": 1010692,
                  "Actual Loops": 7,
                  "Inner Unique": true,
                  "Hash Cond": "(ci.movie_id = t.id)",
                  "Plans": [
                    {
                      "Node Type": "Seq Scan",
                      "Parent Relationship": "Outer",
                      "Parallel Aware": true,
                      "Relation Name": "cast_info",
                      "Alias": "ci",
                      "Startup Cost": 0.0,
                      "Total Cost": 328211.39,
                      "Plan Rows": 3948174,
                      "Plan Width": 4,
                      "Actual Startup Time": 140.762,
                      "Actual Total Time": 676.907,
                      "Actual Rows": 3365876,
                      "Actual Loops": 7,
                      "Filter": "(person_id > 1250778)",
                      "Rows Removed by Filter": 1811887
                    },
                    {
                      "Node Type": "Hash",
                      "Parent Relationship": "Inner",
                      "Parallel Aware": true,
                      "Startup Cost": 45479.59,
                      "Total Cost": 45479.59,
                      "Plan Rows": 186992,
                      "Plan Width": 4,
                      "Actual Startup Time": 131.392,
                      "Actual Total Time": 131.393,
                      "Actual Rows": 92903,
                      "Actual Loops": 7,
                      "Hash Buckets": 1048576,
                      "Original Hash Buckets": 1048576,
                      "Hash Batches": 1,
                      "Original Hash Batches": 1,
                      "Peak Memory Usage": 33728,
                      "Plans": [
                        {
                          "Node Type": "Seq Scan",
                          "Parent Relationship": "Outer",
                          "Parallel Aware": true,
                          "Relation Name": "title",
                          "Alias": "t",
                          "Startup Cost": 0.0,
                          "Total Cost": 45479.59,
                          "Plan Rows": 186992,
                          "Plan Width": 4,
                          "Actual Startup Time": 0.033,
                          "Actual Total Time": 84.251,
                          "Actual Rows": 92903,
                          "Actual Loops": 7,
                          "Filter": "((kind_id < 7) AND (production_year > 1982))",
                          "Rows Removed by Filter": 268284
                        }
                      ]
                    }
                  ]
                }
              ]
            }
          ]
        }
      ]
    },
    "Planning Time": 0.608,
    "Triggers": [],
    "Execution Time": 1729.502
  }
]