[
  {
    "Plan": {
      "Node Type": "Aggregate",
      "Strategy": "Plain",
      "Partial Mode": "Finalize",
      "Parallel Aware": false,
      "Startup Cost": 390204.45,
      "Total Cost": 390204.46,
      "Plan Rows": 1,
      "Plan Width": 8,
      "Actual Startup Time": 1734.341,
      "Actual Total Time": 1804.842,
      "Actual Rows": 1,
      "Actual Loops": 1,
      "Plans": [
        {
          "Node Type": "Gather",
          "Parent Relationship": "Outer",
          "Parallel Aware": false,
          "Startup Cost": 390203.82,
          "Total Cost": 390204.43,
          "Plan Rows": 6,
          "Plan Width": 8,
          "Actual Startup Time": 1728.896,
          "Actual Total Time": 1804.83,
          "Actual Rows": 7,
          "Actual Loops": 1,
          "Workers Planned": 6,
          "Workers Launched": 6,
          "Single Copy": false,
          "Plans": [
            {
              "Node Type": "Aggregate",
              "Strategy": "Plain",
              "Partial Mode": "Partial",
              "Parent Relationship": "Outer",
              "Parallel Aware": false,
              "Startup Cost": 389203.82,
              "Total Cost": 389203.83,
              "Plan Rows": 1,
              "Plan Width": 8,
              "Actual Startup Time": 1718.209,
              "Actual Total Time": 1718.212,
              "Actual Rows": 1,
              "Actual Loops": 7,
              "Plans": [
                {
                  "Node Type": "Hash Join",
                  "Parent Relationship": "Outer",
                  "Parallel Aware": true,
                  "Join Type": "Inner",
                  "Startup Cost": 47826.27,
                  "Total Cost": 386289.35,
                  "Plan Rows": 1165789,
                  "Plan Width": 0,
                  "Actual Startup Time": 272.135,
                  "Actual Total Time": 1662.665,
                  "Actual Rows": 1010692,
                  "Actual Loops": 7,
                  "Inner Unique": true,
                  "Hash Cond": "(ci.movie_id = t.id)",
                  "Plans": [
                    {
                      "Node Type": "Seq Scan",
                      "Parent Relationship": "Outer",
                      "Parallel Aware": true,
                      "Relation Name": "cast_info",
                      "Alias": "ci",
                      "Startup Cost": 0.0,
                      "Total Cost": 328162.03,
                      "Plan Rows": 3924201,
                      "Plan Width": 4,
                      "Actual Startup Time": 136.798,
                      "Actual Total Time": 702.441,
                      "Actual Rows": 3365876,
                      "Actual Loops": 7,
                      "Filter": "(person_id > 1250778)",
                      "Rows Removed by Filter": 1811887
                    },
                    {
                      "Node Type": "Hash",
                      "Parent Relationship": "Inner",
                      "Parallel Aware": true,
                      "Startup Cost": 45479.1,
                      "Total Cost": 45479.1,
                      "Plan Rows": 187774,
                      "Plan Width": 4,
                      "Actual Startup Time": 131.779,
                      "Actual Total Time": 131.78,
                      "Actual Rows": 92903,
                      "Actual Loops": 7,
                      "Hash Buckets": 1048576,
                      "Original Hash Buckets": 1048576,
                      "Hash Batches": 1,
                      "Original Hash Batches": 1,
                      "Peak Memory Usage": 33728,
                      "Plans": [
                        {
                          "Node Type": "Seq Scan",
                          "Parent Relationship": "Outer",
                          "Parallel Aware": true,
                          "Relation Name": "title",
                          "Alias": "t",
                          "Startup Cost": 0.0,
                          "Total Cost": 45479.1,
                          "Plan Rows": 187774,
                          "Plan Width": 4,
                          "Actual Startup Time": 0.049,
                          "Actual Total Time": 85.246,
                          "Actual Rows": 92903,
                          "Actual Loops": 7,
                          "Filter": "((kind_id < 7) AND (production_year > 1982))",
                          "Rows Removed by Filter": 268284
                        }
                      ]
                    }
                  ]
                }
              ]
            }
          ]
        }
      ]
    },
    "Planning Time": 0.645,
    "Triggers": [],
    "Execution Time": 1804.933
  }
]