[
  {
    "Plan": {
      "Node Type": "Aggregate",
      "Strategy": "Plain",
      "Partial Mode": "Finalize",
      "Parallel Aware": false,
      "Startup Cost": 37284.45,
      "Total Cost": 37284.46,
      "Plan Rows": 1,
      "Plan Width": 8,
      "Actual Startup Time": 277.503,
      "Actual Total Time": 325.183,
      "Actual Rows": 1,
      "Actual Loops": 1,
      "Plans": [
        {
          "Node Type": "Gather",
          "Parent Relationship": "Outer",
          "Parallel Aware": false,
          "Startup Cost": 37284.23,
          "Total Cost": 37284.44,
          "Plan Rows": 2,
          "Plan Width": 8,
          "Actual Startup Time": 277.493,
          "Actual Total Time": 325.175,
          "Actual Rows": 3,
          "Actual Loops": 1,
          "Workers Planned": 2,
          "Workers Launched": 2,
          "Single Copy": false,
          "Plans": [
            {
              "Node Type": "Aggregate",
              "Strategy": "Plain",
              "Partial Mode": "Partial",
              "Parent Relationship": "Outer",
              "Parallel Aware": false,
              "Startup Cost": 36284.23,
              "Total Cost": 36284.24,
              "Plan Rows": 1,
              "Plan Width": 8,
              "Actual Startup Time": 268.942,
              "Actual Total Time": 268.944,
              "Actual Rows": 1,
              "Actual Loops": 3,
              "Plans": [
                {
                  "Node Type": "Nested Loop",
                  "Parent Relationship": "Outer",
                  "Parallel Aware": false,
                  "Join Type": "Inner",
                  "Startup Cost": 91.62,
                  "Total Cost": 36258.9,
                  "Plan Rows": 10132,
                  "Plan Width": 0,
                  "Actual Startup Time": 3.839,
                  "Actual Total Time": 265.032,
                  "Actual Rows": 67292,
                  "Actual Loops": 3,
                  "Inner Unique": false,
                  "Plans": [
                    {
                      "Node Type": "Nested Loop",
                      "Parent Relationship": "Outer",
                      "Parallel Aware": false,
                      "Join Type": "Inner",
                      "Startup Cost": 91.06,
                      "Total Cost": 32069.56,
                      "Plan Rows": 2053,
                      "Plan Width": 8,
                      "Actual Startup Time": 1.461,
                      "Actual Total Time": 17.508,
                      "Actual Rows": 2205,
                      "Actual Loops": 3,
                      "Inner Unique": true,
                      "Plans": [
                        {
                          "Node Type": "Bitmap Heap Scan",
                          "Parent Relationship": "Outer",
                          "Parallel Aware": true,
                          "Relation Name": "movie_info",
                          "Alias": "mi",
                          "Startup Cost": 90.63,
                          "Total Cost": 17014.81,
                          "Plan Rows": 2053,
                          "Plan Width": 4,
                          "Actual Startup Time": 1.286,
                          "Actual Total Time": 3.849,
                          "Actual Rows": 2205,
                          "Actual Loops": 3,
                          "Recheck Cond": "(info_type_id = 61)",
                          "Rows Removed by Index Recheck": 0,
                          "Exact Heap Blocks": 755,
                          "Lossy Heap Blocks": 0,
                          "Plans": [
                            {
                              "Node Type": "Bitmap Index Scan",
                              "Parent Relationship": "Outer",
                              "Parallel Aware": false,
                              "Index Name": "info_type_id_movie_info",
                              "Startup Cost": 0.0,
                              "Total Cost": 89.4,
                              "Plan Rows": 4928,
                              "Plan Width": 0,
                              "Actual Startup Time": 2.911,
                              "Actual Total Time": 2.911,
                              "Actual Rows": 6616,
                              "Actual Loops": 1,
                              "Index Cond": "(info_type_id = 61)"
                            }
                          ]
                        },
                        {
                          "Node Type": "Index Only Scan",
                          "Parent Relationship": "Inner",
                          "Parallel Aware": false,
                          "Scan Direction": "Forward",
                          "Index Name": "title_pkey",
                          "Relation Name": "title",
                          "Alias": "t",
                          "Startup Cost": 0.43,
                          "Total Cost": 7.33,
                          "Plan Rows": 1,
                          "Plan Width": 4,
                          "Actual Startup Time": 0.006,
                          "Actual Total Time": 0.006,
                          "Actual Rows": 1,
                          "Actual Loops": 6616,
                          "Index Cond": "(id = mi.movie_id)",
                          "Rows Removed by Index Recheck": 0,
                          "Heap Fetches": 6616
                        }
                      ]
                    },
                    {
                      "Node Type": "Index Scan",
                      "Parent Relationship": "Inner",
                      "Parallel Aware": false,
                      "Scan Direction": "Forward",
                      "Index Name": "movie_id_cast_info",
                      "Relation Name": "cast_info",
                      "Alias": "ci",
                      "Startup Cost": 0.56,
                      "Total Cost": 1.91,
                      "Plan Rows": 13,
                      "Plan Width": 4,
                      "Actual Startup Time": 0.009,
                      "Actual Total Time": 0.11,
                      "Actual Rows": 31,
                      "Actual Loops": 6616,
                      "Index Cond": "(movie_id = t.id)",
                      "Rows Removed by Index Recheck": 0,
                      "Filter": "(role_id = 1)",
                      "Rows Removed by Filter": 45
                    }
                  ]
                }
              ]
            }
          ]
        }
      ]
    },
    "Planning Time": 1.38,
    "Triggers": [],
    "Execution Time": 325.311
  }
]