[
  {
    "Plan": {
      "Node Type": "Aggregate",
      "Strategy": "Plain",
      "Partial Mode": "Finalize",
      "Parallel Aware": false,
      "Startup Cost": 46510.24,
      "Total Cost": 46510.25,
      "Plan Rows": 1,
      "Plan Width": 8,
      "Actual Startup Time": 94.468,
      "Actual Total Time": 106.094,
      "Actual Rows": 1,
      "Actual Loops": 1,
      "Plans": [
        {
          "Node Type": "Gather",
          "Parent Relationship": "Outer",
          "Parallel Aware": false,
          "Startup Cost": 46509.82,
          "Total Cost": 46510.23,
          "Plan Rows": 4,
          "Plan Width": 8,
          "Actual Startup Time": 94.189,
          "Actual Total Time": 106.085,
          "Actual Rows": 5,
          "Actual Loops": 1,
          "Workers Planned": 4,
          "Workers Launched": 4,
          "Single Copy": false,
          "Plans": [
            {
              "Node Type": "Aggregate",
              "Strategy": "Plain",
              "Partial Mode": "Partial",
              "Parent Relationship": "Outer",
              "Parallel Aware": false,
              "Startup Cost": 45509.82,
              "Total Cost": 45509.83,
              "Plan Rows": 1,
              "Plan Width": 8,
              "Actual Startup Time": 85.437,
              "Actual Total Time": 85.439,
              "Actual Rows": 1,
              "Actual Loops": 5,
              "Plans": [
                {
                  "Node Type": "Seq Scan",
                  "Parent Relationship": "Outer",
                  "Parallel Aware": true,
                  "Relation Name": "title",
                  "Alias": "t",
                  "Startup Cost": 0.0,
                  "Total Cost": 45479.1,
                  "Plan Rows": 12287,
                  "Plan Width": 0,
                  "Actual Startup Time": 54.745,
                  "Actual Total Time": 83.861,
                  "Actual Rows": 34880,
                  "Actual Loops": 5,
                  "Filter": "((production_year < 1955) AND (kind_id = 1))",
                  "Rows Removed by Filter": 470783
                }
              ]
            }
          ]
        }
      ]
    },
    "Planning Time": 0.201,
    "Triggers": [],
    "Execution Time": 106.154
  }
]