[
  {
    "Plan": {
      "Node Type": "Aggregate",
      "Strategy": "Plain",
      "Partial Mode": "Finalize",
      "Parallel Aware": false,
      "Startup Cost": 44684.07,
      "Total Cost": 44684.08,
      "Plan Rows": 1,
      "Plan Width": 8,
      "Actual Startup Time": 158.091,
      "Actual Total Time": 168.406,
      "Actual Rows": 1,
      "Actual Loops": 1,
      "Plans": [
        {
          "Node Type": "Gather",
          "Parent Relationship": "Outer",
          "Parallel Aware": false,
          "Startup Cost": 44683.75,
          "Total Cost": 44684.06,
          "Plan Rows": 3,
          "Plan Width": 8,
          "Actual Startup Time": 157.942,
          "Actual Total Time": 168.395,
          "Actual Rows": 4,
          "Actual Loops": 1,
          "Workers Planned": 3,
          "Workers Launched": 3,
          "Single Copy": false,
          "Plans": [
            {
              "Node Type": "Aggregate",
              "Strategy": "Plain",
              "Partial Mode": "Partial",
              "Parent Relationship": "Outer",
              "Parallel Aware": false,
              "Startup Cost": 43683.75,
              "Total Cost": 43683.76,
              "Plan Rows": 1,
              "Plan Width": 8,
              "Actual Startup Time": 150.791,
              "Actual Total Time": 150.792,
              "Actual Rows": 1,
              "Actual Loops": 4,
              "Plans": [
                {
                  "Node Type": "Seq Scan",
                  "Parent Relationship": "Outer",
                  "Parallel Aware": true,
                  "Relation Name": "movie_keyword",
                  "Alias": "mk",
                  "Startup Cost": 0.0,
                  "Total Cost": 42695.65,
                  "Plan Rows": 395239,
                  "Plan Width": 0,
                  "Actual Startup Time": 2.584,
                  "Actual Total Time": 130.693,
                  "Actual Rows": 307677,
                  "Actual Loops": 4,
                  "Filter": "(keyword_id > 14731)",
                  "Rows Removed by Filter": 823306
                }
              ]
            }
          ]
        }
      ]
    },
    "Planning Time": 0.179,
    "Triggers": [],
    "Execution Time": 168.468
  }
]