[
  {
    "Plan": {
      "Node Type": "Aggregate",
      "Strategy": "Plain",
      "Partial Mode": "Finalize",
      "Parallel Aware": false,
      "Startup Cost": 69683.14,
      "Total Cost": 69683.15,
      "Plan Rows": 1,
      "Plan Width": 8,
      "Actual Startup Time": 95.96,
      "Actual Total Time": 109.084,
      "Actual Rows": 1,
      "Actual Loops": 1,
      "Plans": [
        {
          "Node Type": "Gather",
          "Parent Relationship": "Outer",
          "Parallel Aware": false,
          "Startup Cost": 69682.72,
          "Total Cost": 69683.13,
          "Plan Rows": 4,
          "Plan Width": 8,
          "Actual Startup Time": 95.76,
          "Actual Total Time": 109.071,
          "Actual Rows": 5,
          "Actual Loops": 1,
          "Workers Planned": 4,
          "Workers Launched": 4,
          "Single Copy": false,
          "Plans": [
            {
              "Node Type": "Aggregate",
              "Strategy": "Plain",
              "Partial Mode": "Partial",
              "Parent Relationship": "Outer",
              "Parallel Aware": false,
              "Startup Cost": 68682.72,
              "Total Cost": 68682.73,
              "Plan Rows": 1,
              "Plan Width": 8,
              "Actual Startup Time": 90.287,
              "Actual Total Time": 90.289,
              "Actual Rows": 1,
              "Actual Loops": 5,
              "Plans": [
                {
                  "Node Type": "Nested Loop",
                  "Parent Relationship": "Outer",
                  "Parallel Aware": false,
                  "Join Type": "Inner",
                  "Startup Cost": 0.43,
                  "Total Cost": 68669.91,
                  "Plan Rows": 5127,
                  "Plan Width": 0,
                  "Actual Startup Time": 0.737,
                  "Actual Total Time": 90.198,
                  "Actual Rows": 1111,
                  "Actual Loops": 5,
                  "Inner Unique": false,
                  "Plans": [
                    {
                      "Node Type": "Seq Scan",
                      "Parent Relationship": "Outer",
                      "Parallel Aware": true,
                      "Relation Name": "title",
                      "Alias": "t",
                      "Startup Cost": 0.0,
                      "Total Cost": 45479.59,
                      "Plan Rows": 2866,
                      "Plan Width": 4,
                      "Actual Startup Time": 0.092,
                      "Actual Total Time": 80.207,
                      "Actual Rows": 2123,
                      "Actual Loops": 5,
                      "Filter": "((kind_id = 7) AND (production_year = 1985))",
                      "Rows Removed by Filter": 503540
                    },
                    {
                      "Node Type": "Index Only Scan",
                      "Parent Relationship": "Inner",
                      "Parallel Aware": false,
                      "Scan Direction": "Forward",
                      "Index Name": "movie_id_movie_keyword",
                      "Relation Name": "movie_keyword",
                      "Alias": "mk",
                      "Startup Cost": 0.43,
                      "Total Cost": 7.63,
                      "Plan Rows": 46,
                      "Plan Width": 4,
                      "Actual Startup Time": 0.004,
                      "Actual Total Time": 0.004,
                      "Actual Rows": 1,
                      "Actual Loops": 10614,
                      "Index Cond": "(movie_id = t.id)",
                      "Rows Removed by Index Recheck": 0,
                      "Heap Fetches": 5557
                    }
                  ]
                }
              ]
            }
          ]
        }
      ]
    },
    "Planning Time": 0.29,
    "Triggers": [],
    "Execution Time": 109.126
  }
]