[
    {
        "Bao": {
            "Bao prediction": 619.387,
            "Bao recommended hint": "(no hint)"
        }
    },
    {
        "Plan": {
            "Node Type": "Aggregate",
            "Strategy": "Plain",
            "Partial Mode": "Simple",
            "Parallel Aware": false,
            "Startup Cost": 28367.32,
            "Total Cost": 28367.33,
            "Plan Rows": 1,
            "Plan Width": 8,
            "Actual Startup Time": 81.223,
            "Actual Total Time": 81.224,
            "Actual Rows": 1,
            "Actual Loops": 1,
            "Output": [
                "count(*)"
            ],
            "Plans": [
                {
                    "Node Type": "Bitmap Heap Scan",
                    "Parent Relationship": "Outer",
                    "Parallel Aware": false,
                    "Relation Name": "movie_keyword",
                    "Schema": "public",
                    "Alias": "mk",
                    "Startup Cost": 2293.39,
                    "Total Cost": 28097.33,
                    "Plan Rows": 107995,
                    "Plan Width": 0,
                    "Actual Startup Time": 30.139,
                    "Actual Total Time": 74.229,
                    "Actual Rows": 102601,
                    "Actual Loops": 1,
                    "Recheck Cond": "(mk.keyword_id > 81680)",
                    "Rows Removed by Index Recheck": 0,
                    "Exact Heap Blocks": 17466,
                    "Lossy Heap Blocks": 0,
                    "Plans": [
                        {
                            "Node Type": "Bitmap Index Scan",
                            "Parent Relationship": "Outer",
                            "Parallel Aware": false,
                            "Index Name": "keyword_id_movie_keyword",
                            "Startup Cost": 0.0,
                            "Total Cost": 2266.39,
                            "Plan Rows": 107995,
                            "Plan Width": 0,
                            "Actual Startup Time": 24.234,
                            "Actual Total Time": 24.234,
                            "Actual Rows": 102601,
                            "Actual Loops": 1,
                            "Index Cond": "(mk.keyword_id > 81680)"
                        }
                    ]
                }
            ]
        },
        "Planning Time": 861.939,
        "Triggers": [],
        "Execution Time": 81.435
    }
]