[
  {
    "Plan": {
      "Node Type": "Aggregate",
      "Strategy": "Plain",
      "Partial Mode": "Finalize",
      "Parallel Aware": false,
      "Startup Cost": 38505.19,
      "Total Cost": 38505.2,
      "Plan Rows": 1,
      "Plan Width": 8,
      "Actual Startup Time": 135.926,
      "Actual Total Time": 144.524,
      "Actual Rows": 1,
      "Actual Loops": 1,
      "Plans": [
        {
          "Node Type": "Gather",
          "Parent Relationship": "Outer",
          "Parallel Aware": false,
          "Startup Cost": 38504.87,
          "Total Cost": 38505.18,
          "Plan Rows": 3,
          "Plan Width": 8,
          "Actual Startup Time": 135.666,
          "Actual Total Time": 144.514,
          "Actual Rows": 4,
          "Actual Loops": 1,
          "Workers Planned": 3,
          "Workers Launched": 3,
          "Single Copy": false,
          "Plans": [
            {
              "Node Type": "Aggregate",
              "Strategy": "Plain",
              "Partial Mode": "Partial",
              "Parent Relationship": "Outer",
              "Parallel Aware": false,
              "Startup Cost": 37504.87,
              "Total Cost": 37504.88,
              "Plan Rows": 1,
              "Plan Width": 8,
              "Actual Startup Time": 126.886,
              "Actual Total Time": 126.887,
              "Actual Rows": 1,
              "Actual Loops": 4,
              "Plans": [
                {
                  "Node Type": "Bitmap Heap Scan",
                  "Parent Relationship": "Outer",
                  "Parallel Aware": true,
                  "Relation Name": "movie_keyword",
                  "Alias": "mk",
                  "Startup Cost": 10626.87,
                  "Total Cost": 37100.87,
                  "Plan Rows": 161600,
                  "Plan Width": 0,
                  "Actual Startup Time": 47.83,
                  "Actual Total Time": 120.194,
                  "Actual Rows": 122141,
                  "Actual Loops": 4,
                  "Recheck Cond": "(keyword_id > 36813)",
                  "Rows Removed by Index Recheck": 0,
                  "Exact Heap Blocks": 9912,
                  "Lossy Heap Blocks": 0,
                  "Plans": [
                    {
                      "Node Type": "Bitmap Index Scan",
                      "Parent Relationship": "Outer",
                      "Parallel Aware": false,
                      "Index Name": "keyword_id_movie_keyword",
                      "Startup Cost": 0.0,
                      "Total Cost": 10501.63,
                      "Plan Rows": 500960,
                      "Plan Width": 0,
                      "Actual Startup Time": 52.341,
                      "Actual Total Time": 52.341,
                      "Actual Rows": 488563,
                      "Actual Loops": 1,
                      "Index Cond": "(keyword_id > 36813)"
                    }
                  ]
                }
              ]
            }
          ]
        }
      ]
    },
    "Planning Time": 0.19,
    "Triggers": [],
    "Execution Time": 144.6
  }
]