{
    "Plan": {
        "Node Type": "Aggregate",
        "Strategy": "Plain",
        "Partial Mode": "Finalize",
        "Parallel Aware": false,
        "Startup Cost": 487999.48,
        "Total Cost": 487999.49,
        "Plan Rows": 1,
        "Plan Width": 8,
        "Actual Startup Time": 6052.157,
        "Actual Total Time": 6112.579,
        "Actual Rows": 1,
        "Actual Loops": 1,
        "Output": [
            "count(*)"
        ],
        "Plans": [
            {
                "Node Type": "Gather",
                "Parent Relationship": "Outer",
                "Parallel Aware": false,
                "Startup Cost": 487998.86,
                "Total Cost": 487999.47,
                "Plan Rows": 6,
                "Plan Width": 8,
                "Actual Startup Time": 6023.752,
                "Actual Total Time": 6112.557,
                "Actual Rows": 7,
                "Actual Loops": 1,
                "Output": [
                    "(PARTIAL count(*))"
                ],
                "Workers Planned": 6,
                "Workers Launched": 6,
                "Single Copy": false,
                "Plans": [
                    {
                        "Node Type": "Aggregate",
                        "Strategy": "Plain",
                        "Partial Mode": "Partial",
                        "Parent Relationship": "Outer",
                        "Parallel Aware": false,
                        "Startup Cost": 486998.86,
                        "Total Cost": 486998.87,
                        "Plan Rows": 1,
                        "Plan Width": 8,
                        "Actual Startup Time": 6002.82,
                        "Actual Total Time": 6003.374,
                        "Actual Rows": 1,
                        "Actual Loops": 7,
                        "Output": [
                            "PARTIAL count(*)"
                        ],
                        "Workers": [
                            {
                                "Worker Number": 0,
                                "Actual Startup Time": 5998.904,
                                "Actual Total Time": 5998.909,
                                "Actual Rows": 1,
                                "Actual Loops": 1
                            },
                            {
                                "Worker Number": 1,
                                "Actual Startup Time": 5998.927,
                                "Actual Total Time": 5998.931,
                                "Actual Rows": 1,
                                "Actual Loops": 1
                            },
                            {
                                "Worker Number": 2,
                                "Actual Startup Time": 5998.865,
                                "Actual Total Time": 5998.871,
                                "Actual Rows": 1,
                                "Actual Loops": 1
                            },
                            {
                                "Worker Number": 3,
                                "Actual Startup Time": 5998.853,
                                "Actual Total Time": 5998.858,
                                "Actual Rows": 1,
                                "Actual Loops": 1
                            },
                            {
                                "Worker Number": 4,
                                "Actual Startup Time": 5998.857,
                                "Actual Total Time": 5998.861,
                                "Actual Rows": 1,
                                "Actual Loops": 1
                            },
                            {
                                "Worker Number": 5,
                                "Actual Startup Time": 6002.565,
                                "Actual Total Time": 6002.57,
                                "Actual Rows": 1,
                                "Actual Loops": 1
                            }
                        ],
                        "Plans": [
                            {
                                "Node Type": "Hash Join",
                                "Parent Relationship": "Outer",
                                "Parallel Aware": true,
                                "Join Type": "Inner",
                                "Startup Cost": 108243.78,
                                "Total Cost": 468229.1,
                                "Plan Rows": 7507902,
                                "Plan Width": 0,
                                "Actual Startup Time": 797.287,
                                "Actual Total Time": 4921.141,
                                "Actual Rows": 21756770,
                                "Actual Loops": 7,
                                "Inner Unique": false,
                                "Hash Cond": "(ci.movie_id = t.id)",
                                "Workers": [
                                    {
                                        "Worker Number": 0,
                                        "Actual Startup Time": 793.817,
                                        "Actual Total Time": 4893.482,
                                        "Actual Rows": 21403760,
                                        "Actual Loops": 1
                                    },
                                    {
                                        "Worker Number": 1,
                                        "Actual Startup Time": 793.89,
                                        "Actual Total Time": 4904.635,
                                        "Actual Rows": 20842985,
                                        "Actual Loops": 1
                                    },
                                    {
                                        "Worker Number": 2,
                                        "Actual Startup Time": 793.949,
                                        "Actual Total Time": 5023.28,
                                        "Actual Rows": 24273236,
                                        "Actual Loops": 1
                                    },
                                    {
                                        "Worker Number": 3,
                                        "Actual Startup Time": 793.718,
                                        "Actual Total Time": 4962.367,
                                        "Actual Rows": 25772523,
                                        "Actual Loops": 1
                                    },
                                    {
                                        "Worker Number": 4,
                                        "Actual Startup Time": 793.859,
                                        "Actual Total Time": 4895.852,
                                        "Actual Rows": 20857869,
                                        "Actual Loops": 1
                                    },
                                    {
                                        "Worker Number": 5,
                                        "Actual Startup Time": 793.954,
                                        "Actual Total Time": 4886.873,
                                        "Actual Rows": 17261810,
                                        "Actual Loops": 1
                                    }
                                ],
                                "Plans": [
                                    {
                                        "Node Type": "Seq Scan",
                                        "Parent Relationship": "Outer",
                                        "Parallel Aware": true,
                                        "Relation Name": "cast_info",
                                        "Schema": "public",
                                        "Alias": "ci",
                                        "Startup Cost": 0.0,
                                        "Total Cost": 313108.29,
                                        "Plan Rows": 6042129,
                                        "Plan Width": 4,
                                        "Actual Startup Time": 0.033,
                                        "Actual Total Time": 595.816,
                                        "Actual Rows": 5177763,
                                        "Actual Loops": 7,
                                        "Output": [
                                            "ci.id",
                                            "ci.person_id",
                                            "ci.movie_id",
                                            "ci.person_role_id",
                                            "ci.note",
                                            "ci.nr_order",
                                            "ci.role_id"
                                        ],
                                        "Workers": [
                                            {
                                                "Worker Number": 0,
                                                "Actual Startup Time": 0.044,
                                                "Actual Total Time": 614.632,
                                                "Actual Rows": 5079250,
                                                "Actual Loops": 1
                                            },
                                            {
                                                "Worker Number": 1,
                                                "Actual Startup Time": 0.031,
                                                "Actual Total Time": 615.791,
                                                "Actual Rows": 4942997,
                                                "Actual Loops": 1
                                            },
                                            {
                                                "Worker Number": 2,
                                                "Actual Startup Time": 0.044,
                                                "Actual Total Time": 617.913,
                                                "Actual Rows": 5786925,
                                                "Actual Loops": 1
                                            },
                                            {
                                                "Worker Number": 3,
                                                "Actual Startup Time": 0.019,
                                                "Actual Total Time": 613.617,
                                                "Actual Rows": 6250586,
                                                "Actual Loops": 1
                                            },
                                            {
                                                "Worker Number": 4,
                                                "Actual Startup Time": 0.048,
                                                "Actual Total Time": 615.426,
                                                "Actual Rows": 4914037,
                                                "Actual Loops": 1
                                            },
                                            {
                                                "Worker Number": 5,
                                                "Actual Startup Time": 0.028,
                                                "Actual Total Time": 612.258,
                                                "Actual Rows": 4071147,
                                                "Actual Loops": 1
                                            }
                                        ]
                                    },
                                    {
                                        "Node Type": "Hash",
                                        "Parent Relationship": "Inner",
                                        "Parallel Aware": true,
                                        "Startup Cost": 95575.75,
                                        "Total Cost": 95575.75,
                                        "Plan Rows": 1013443,
                                        "Plan Width": 8,
                                        "Actual Startup Time": 790.07,
                                        "Actual Total Time": 790.623,
                                        "Actual Rows": 452854,
                                        "Actual Loops": 7,
                                        "Output": [
                                            "t.id",
                                            "mk.movie_id"
                                        ],
                                        "Hash Buckets": 4194304,
                                        "Original Hash Buckets": 4194304,
                                        "Hash Batches": 1,
                                        "Original Hash Batches": 1,
                                        "Peak Memory Usage": 156864,
                                        "Workers": [
                                            {
                                                "Worker Number": 0,
                                                "Actual Startup Time": 793.002,
                                                "Actual Total Time": 793.005,
                                                "Actual Rows": 415999,
                                                "Actual Loops": 1
                                            },
                                            {
                                                "Worker Number": 1,
                                                "Actual Startup Time": 792.871,
                                                "Actual Total Time": 792.874,
                                                "Actual Rows": 398478,
                                                "Actual Loops": 1
                                            },
                                            {
                                                "Worker Number": 2,
                                                "Actual Startup Time": 792.952,
                                                "Actual Total Time": 792.956,
                                                "Actual Rows": 539597,
                                                "Actual Loops": 1
                                            },
                                            {
                                                "Worker Number": 3,
                                                "Actual Startup Time": 792.822,
                                                "Actual Total Time": 792.825,
                                                "Actual Rows": 551171,
                                                "Actual Loops": 1
                                            },
                                            {
                                                "Worker Number": 4,
                                                "Actual Startup Time": 793.015,
                                                "Actual Total Time": 793.018,
                                                "Actual Rows": 403274,
                                                "Actual Loops": 1
                                            },
                                            {
                                                "Worker Number": 5,
                                                "Actual Startup Time": 793.018,
                                                "Actual Total Time": 793.021,
                                                "Actual Rows": 405662,
                                                "Actual Loops": 1
                                            }
                                        ],
                                        "Plans": [
                                            {
                                                "Node Type": "Hash Join",
                                                "Parent Relationship": "Outer",
                                                "Parallel Aware": true,
                                                "Join Type": "Inner",
                                                "Startup Cost": 50219.81,
                                                "Total Cost": 95575.75,
                                                "Plan Rows": 1013443,
                                                "Plan Width": 8,
                                                "Actual Startup Time": 274.706,
                                                "Actual Total Time": 511.198,
                                                "Actual Rows": 452854,
                                                "Actual Loops": 7,
                                                "Output": [
                                                    "t.id",
                                                    "mk.movie_id"
                                                ],
                                                "Inner Unique": true,
                                                "Hash Cond": "(mk.movie_id = t.id)",
                                                "Workers": [
                                                    {
                                                        "Worker Number": 0,
                                                        "Actual Startup Time": 274.751,
                                                        "Actual Total Time": 511.206,
                                                        "Actual Rows": 415999,
                                                        "Actual Loops": 1
                                                    },
                                                    {
                                                        "Worker Number": 1,
                                                        "Actual Startup Time": 274.745,
                                                        "Actual Total Time": 511.115,
                                                        "Actual Rows": 398478,
                                                        "Actual Loops": 1
                                                    },
                                                    {
                                                        "Worker Number": 2,
                                                        "Actual Startup Time": 274.673,
                                                        "Actual Total Time": 514.89,
                                                        "Actual Rows": 539597,
                                                        "Actual Loops": 1
                                                    },
                                                    {
                                                        "Worker Number": 3,
                                                        "Actual Startup Time": 274.697,
                                                        "Actual Total Time": 511.152,
                                                        "Actual Rows": 551171,
                                                        "Actual Loops": 1
                                                    },
                                                    {
                                                        "Worker Number": 4,
                                                        "Actual Startup Time": 274.718,
                                                        "Actual Total Time": 511.327,
                                                        "Actual Rows": 403274,
                                                        "Actual Loops": 1
                                                    },
                                                    {
                                                        "Worker Number": 5,
                                                        "Actual Startup Time": 274.697,
                                                        "Actual Total Time": 509.678,
                                                        "Actual Rows": 405662,
                                                        "Actual Loops": 1
                                                    }
                                                ],
                                                "Plans": [
                                                    {
                                                        "Node Type": "Seq Scan",
                                                        "Parent Relationship": "Outer",
                                                        "Parallel Aware": true,
                                                        "Relation Name": "movie_keyword",
                                                        "Schema": "public",
                                                        "Alias": "mk",
                                                        "Startup Cost": 0.0,
                                                        "Total Cost": 42695.65,
                                                        "Plan Rows": 1013443,
                                                        "Plan Width": 4,
                                                        "Actual Startup Time": 0.03,
                                                        "Actual Total Time": 113.103,
                                                        "Actual Rows": 452854,
                                                        "Actual Loops": 7,
                                                        "Output": [
                                                            "mk.id",
                                                            "mk.movie_id",
                                                            "mk.keyword_id"
                                                        ],
                                                        "Filter": "(mk.keyword_id < 12457)",
                                                        "Rows Removed by Filter": 193422,
                                                        "Workers": [
                                                            {
                                                                "Worker Number": 0,
                                                                "Actual Startup Time": 0.035,
                                                                "Actual Total Time": 116.226,
                                                                "Actual Rows": 415999,
                                                                "Actual Loops": 1
                                                            },
                                                            {
                                                                "Worker Number": 1,
                                                                "Actual Startup Time": 0.037,
                                                                "Actual Total Time": 115.898,
                                                                "Actual Rows": 398478,
                                                                "Actual Loops": 1
                                                            },
                                                            {
                                                                "Worker Number": 2,
                                                                "Actual Startup Time": 0.025,
                                                                "Actual Total Time": 115.24,
                                                                "Actual Rows": 539597,
                                                                "Actual Loops": 1
                                                            },
                                                            {
                                                                "Worker Number": 3,
                                                                "Actual Startup Time": 0.026,
                                                                "Actual Total Time": 115.853,
                                                                "Actual Rows": 551171,
                                                                "Actual Loops": 1
                                                            },
                                                            {
                                                                "Worker Number": 4,
                                                                "Actual Startup Time": 0.038,
                                                                "Actual Total Time": 116.068,
                                                                "Actual Rows": 403274,
                                                                "Actual Loops": 1
                                                            },
                                                            {
                                                                "Worker Number": 5,
                                                                "Actual Startup Time": 0.036,
                                                                "Actual Total Time": 113.784,
                                                                "Actual Rows": 405662,
                                                                "Actual Loops": 1
                                                            }
                                                        ]
                                                    },
                                                    {
                                                        "Node Type": "Hash",
                                                        "Parent Relationship": "Inner",
                                                        "Parallel Aware": true,
                                                        "Startup Cost": 42318.81,
                                                        "Total Cost": 42318.81,
                                                        "Plan Rows": 632080,
                                                        "Plan Width": 4,
                                                        "Actual Startup Time": 270.15,
                                                        "Actual Total Time": 270.151,
                                                        "Actual Rows": 361187,
                                                        "Actual Loops": 7,
                                                        "Output": [
                                                            "t.id"
                                                        ],
                                                        "Hash Buckets": 4194304,
                                                        "Original Hash Buckets": 4194304,
                                                        "Hash Batches": 1,
                                                        "Original Hash Batches": 1,
                                                        "Peak Memory Usage": 131744,
                                                        "Workers": [
                                                            {
                                                                "Worker Number": 0,
                                                                "Actual Startup Time": 274.438,
                                                                "Actual Total Time": 274.439,
                                                                "Actual Rows": 330547,
                                                                "Actual Loops": 1
                                                            },
                                                            {
                                                                "Worker Number": 1,
                                                                "Actual Startup Time": 274.435,
                                                                "Actual Total Time": 274.436,
                                                                "Actual Rows": 328745,
                                                                "Actual Loops": 1
                                                            },
                                                            {
                                                                "Worker Number": 2,
                                                                "Actual Startup Time": 274.394,
                                                                "Actual Total Time": 274.395,
                                                                "Actual Rows": 378257,
                                                                "Actual Loops": 1
                                                            },
                                                            {
                                                                "Worker Number": 3,
                                                                "Actual Startup Time": 274.371,
                                                                "Actual Total Time": 274.373,
                                                                "Actual Rows": 435994,
                                                                "Actual Loops": 1
                                                            },
                                                            {
                                                                "Worker Number": 4,
                                                                "Actual Startup Time": 274.414,
                                                                "Actual Total Time": 274.415,
                                                                "Actual Rows": 332030,
                                                                "Actual Loops": 1
                                                            },
                                                            {
                                                                "Worker Number": 5,
                                                                "Actual Startup Time": 274.365,
                                                                "Actual Total Time": 274.366,
                                                                "Actual Rows": 292715,
                                                                "Actual Loops": 1
                                                            }
                                                        ],
                                                        "Plans": [
                                                            {
                                                                "Node Type": "Seq Scan",
                                                                "Parent Relationship": "Outer",
                                                                "Parallel Aware": true,
                                                                "Relation Name": "title",
                                                                "Schema": "public",
                                                                "Alias": "t",
                                                                "Startup Cost": 0.0,
                                                                "Total Cost": 42318.81,
                                                                "Plan Rows": 632080,
                                                                "Plan Width": 4,
                                                                "Actual Startup Time": 0.065,
                                                                "Actual Total Time": 81.722,
                                                                "Actual Rows": 361187,
                                                                "Actual Loops": 7,
                                                                "Output": [
                                                                    "t.id"
                                                                ],
                                                                "Workers": [
                                                                    {
                                                                        "Worker Number": 0,
                                                                        "Actual Startup Time": 0.072,
                                                                        "Actual Total Time": 86.171,
                                                                        "Actual Rows": 330547,
                                                                        "Actual Loops": 1
                                                                    },
                                                                    {
                                                                        "Worker Number": 1,
                                                                        "Actual Startup Time": 0.078,
                                                                        "Actual Total Time": 86.407,
                                                                        "Actual Rows": 328745,
                                                                        "Actual Loops": 1
                                                                    },
                                                                    {
                                                                        "Worker Number": 2,
                                                                        "Actual Startup Time": 0.079,
                                                                        "Actual Total Time": 79.379,
                                                                        "Actual Rows": 378257,
                                                                        "Actual Loops": 1
                                                                    },
                                                                    {
                                                                        "Worker Number": 3,
                                                                        "Actual Startup Time": 0.074,
                                                                        "Actual Total Time": 82.227,
                                                                        "Actual Rows": 435994,
                                                                        "Actual Loops": 1
                                                                    },
                                                                    {
                                                                        "Worker Number": 4,
                                                                        "Actual Startup Time": 0.067,
                                                                        "Actual Total Time": 85.83,
                                                                        "Actual Rows": 332030,
                                                                        "Actual Loops": 1
                                                                    },
                                                                    {
                                                                        "Worker Number": 5,
                                                                        "Actual Startup Time": 0.069,
                                                                        "Actual Total Time": 82.499,
                                                                        "Actual Rows": 292715,
                                                                        "Actual Loops": 1
                                                                    }
                                                                ]
                                                            }
                                                        ]
                                                    }
                                                ]
                                            }
                                        ]
                                    }
                                ]
                            }
                        ]
                    }
                ]
            }
        ]
    },
    "Planning Time": 1.394,
    "Triggers": [],
    "Execution Time": 6112.668
}