[
  {
    "Plan": {
      "Node Type": "Aggregate",
      "Strategy": "Plain",
      "Partial Mode": "Finalize",
      "Parallel Aware": false,
      "Startup Cost": 45518.59,
      "Total Cost": 45518.6,
      "Plan Rows": 1,
      "Plan Width": 8,
      "Actual Startup Time": 182.21,
      "Actual Total Time": 190.39,
      "Actual Rows": 1,
      "Actual Loops": 1,
      "Plans": [
        {
          "Node Type": "Gather",
          "Parent Relationship": "Outer",
          "Parallel Aware": false,
          "Startup Cost": 45518.27,
          "Total Cost": 45518.58,
          "Plan Rows": 3,
          "Plan Width": 8,
          "Actual Startup Time": 182.061,
          "Actual Total Time": 190.379,
          "Actual Rows": 4,
          "Actual Loops": 1,
          "Workers Planned": 3,
          "Workers Launched": 3,
          "Single Copy": false,
          "Plans": [
            {
              "Node Type": "Aggregate",
              "Strategy": "Plain",
              "Partial Mode": "Partial",
              "Parent Relationship": "Outer",
              "Parallel Aware": false,
              "Startup Cost": 44518.27,
              "Total Cost": 44518.28,
              "Plan Rows": 1,
              "Plan Width": 8,
              "Actual Startup Time": 175.11,
              "Actual Total Time": 175.111,
              "Actual Rows": 1,
              "Actual Loops": 4,
              "Plans": [
                {
                  "Node Type": "Seq Scan",
                  "Parent Relationship": "Outer",
                  "Parallel Aware": true,
                  "Relation Name": "movie_keyword",
                  "Alias": "mk",
                  "Startup Cost": 0.0,
                  "Total Cost": 42695.65,
                  "Plan Rows": 729048,
                  "Plan Width": 0,
                  "Actual Startup Time": 0.056,
                  "Actual Total Time": 140.133,
                  "Actual Rows": 565954,
                  "Actual Loops": 4,
                  "Filter": "(keyword_id < 4720)",
                  "Rows Removed by Filter": 565029
                }
              ]
            }
          ]
        }
      ]
    },
    "Planning Time": 0.183,
    "Triggers": [],
    "Execution Time": 190.449
  }
]