[
  {
    "Plan": {
      "Node Type": "Aggregate",
      "Strategy": "Plain",
      "Partial Mode": "Finalize",
      "Parallel Aware": false,
      "Startup Cost": 46292.44,
      "Total Cost": 46292.45,
      "Plan Rows": 1,
      "Plan Width": 8,
      "Actual Startup Time": 157.765,
      "Actual Total Time": 167.404,
      "Actual Rows": 1,
      "Actual Loops": 1,
      "Plans": [
        {
          "Node Type": "Gather",
          "Parent Relationship": "Outer",
          "Parallel Aware": false,
          "Startup Cost": 46292.12,
          "Total Cost": 46292.43,
          "Plan Rows": 3,
          "Plan Width": 8,
          "Actual Startup Time": 157.658,
          "Actual Total Time": 167.396,
          "Actual Rows": 4,
          "Actual Loops": 1,
          "Workers Planned": 3,
          "Workers Launched": 3,
          "Single Copy": false,
          "Plans": [
            {
              "Node Type": "Aggregate",
              "Strategy": "Plain",
              "Partial Mode": "Partial",
              "Parent Relationship": "Outer",
              "Parallel Aware": false,
              "Startup Cost": 45292.12,
              "Total Cost": 45292.13,
              "Plan Rows": 1,
              "Plan Width": 8,
              "Actual Startup Time": 152.3,
              "Actual Total Time": 152.301,
              "Actual Rows": 1,
              "Actual Loops": 4,
              "Plans": [
                {
                  "Node Type": "Seq Scan",
                  "Parent Relationship": "Outer",
                  "Parallel Aware": true,
                  "Relation Name": "movie_keyword",
                  "Alias": "mk",
                  "Startup Cost": 0.0,
                  "Total Cost": 42695.65,
                  "Plan Rows": 1038587,
                  "Plan Width": 0,
                  "Actual Startup Time": 0.229,
                  "Actual Total Time": 117.691,
                  "Actual Rows": 801760,
                  "Actual Loops": 4,
                  "Filter": "(keyword_id > 1725)",
                  "Rows Removed by Filter": 329222
                }
              ]
            }
          ]
        }
      ]
    },
    "Planning Time": 0.183,
    "Triggers": [],
    "Execution Time": 167.462
  }
]