[
  {
    "Plan": {
      "Node Type": "Aggregate",
      "Strategy": "Plain",
      "Partial Mode": "Finalize",
      "Parallel Aware": false,
      "Startup Cost": 30902.13,
      "Total Cost": 30902.14,
      "Plan Rows": 1,
      "Plan Width": 8,
      "Actual Startup Time": 50.675,
      "Actual Total Time": 57.891,
      "Actual Rows": 1,
      "Actual Loops": 1,
      "Plans": [
        {
          "Node Type": "Gather",
          "Parent Relationship": "Outer",
          "Parallel Aware": false,
          "Startup Cost": 30901.71,
          "Total Cost": 30902.12,
          "Plan Rows": 4,
          "Plan Width": 8,
          "Actual Startup Time": 50.524,
          "Actual Total Time": 57.882,
          "Actual Rows": 5,
          "Actual Loops": 1,
          "Workers Planned": 4,
          "Workers Launched": 4,
          "Single Copy": false,
          "Plans": [
            {
              "Node Type": "Aggregate",
              "Strategy": "Plain",
              "Partial Mode": "Partial",
              "Parent Relationship": "Outer",
              "Parallel Aware": false,
              "Startup Cost": 29901.71,
              "Total Cost": 29901.72,
              "Plan Rows": 1,
              "Plan Width": 8,
              "Actual Startup Time": 46.315,
              "Actual Total Time": 46.316,
              "Actual Rows": 1,
              "Actual Loops": 5,
              "Plans": [
                {
                  "Node Type": "Index Scan",
                  "Parent Relationship": "Outer",
                  "Parallel Aware": true,
                  "Scan Direction": "Forward",
                  "Index Name": "role_id_cast_info",
                  "Relation Name": "cast_info",
                  "Alias": "ci",
                  "Startup Cost": 0.56,
                  "Total Cost": 29878.05,
                  "Plan Rows": 9465,
                  "Plan Width": 0,
                  "Actual Startup Time": 0.081,
                  "Actual Total Time": 46.083,
                  "Actual Rows": 3573,
                  "Actual Loops": 5,
                  "Index Cond": "(role_id = 9)",
                  "Rows Removed by Index Recheck": 0,
                  "Filter": "(person_id < 132978)",
                  "Rows Removed by Filter": 215139
                }
              ]
            }
          ]
        }
      ]
    },
    "Planning Time": 0.108,
    "Triggers": [],
    "Execution Time": 57.922
  }
]