[
  {
    "Plan": {
      "Node Type": "Aggregate",
      "Strategy": "Plain",
      "Partial Mode": "Finalize",
      "Parallel Aware": false,
      "Startup Cost": 93266.29,
      "Total Cost": 93266.3,
      "Plan Rows": 1,
      "Plan Width": 8,
      "Actual Startup Time": 420.235,
      "Actual Total Time": 437.868,
      "Actual Rows": 1,
      "Actual Loops": 1,
      "Plans": [
        {
          "Node Type": "Gather",
          "Parent Relationship": "Outer",
          "Parallel Aware": false,
          "Startup Cost": 93265.97,
          "Total Cost": 93266.28,
          "Plan Rows": 3,
          "Plan Width": 8,
          "Actual Startup Time": 415.469,
          "Actual Total Time": 437.858,
          "Actual Rows": 4,
          "Actual Loops": 1,
          "Workers Planned": 3,
          "Workers Launched": 3,
          "Single Copy": false,
          "Plans": [
            {
              "Node Type": "Aggregate",
              "Strategy": "Plain",
              "Partial Mode": "Partial",
              "Parent Relationship": "Outer",
              "Parallel Aware": false,
              "Startup Cost": 92265.97,
              "Total Cost": 92265.98,
              "Plan Rows": 1,
              "Plan Width": 8,
              "Actual Startup Time": 410.805,
              "Actual Total Time": 410.809,
              "Actual Rows": 1,
              "Actual Loops": 4,
              "Plans": [
                {
                  "Node Type": "Hash Join",
                  "Parent Relationship": "Outer",
                  "Parallel Aware": true,
                  "Join Type": "Inner",
                  "Startup Cost": 47824.56,
                  "Total Cost": 91881.27,
                  "Plan Rows": 153881,
                  "Plan Width": 0,
                  "Actual Startup Time": 200.855,
                  "Actual Total Time": 395.972,
                  "Actual Rows": 319574,
                  "Actual Loops": 4,
                  "Inner Unique": true,
                  "Hash Cond": "(mk.movie_id = t.id)",
                  "Plans": [
                    {
                      "Node Type": "Seq Scan",
                      "Parent Relationship": "Outer",
                      "Parallel Aware": true,
                      "Relation Name": "movie_keyword",
                      "Alias": "mk",
                      "Startup Cost": 0.0,
                      "Total Cost": 42695.65,
                      "Plan Rows": 518497,
                      "Plan Width": 4,
                      "Actual Startup Time": 0.037,
                      "Actual Total Time": 107.239,
                      "Actual Rows": 401547,
                      "Actual Loops": 4,
                      "Filter": "(keyword_id < 2488)",
                      "Rows Removed by Filter": 729435
                    },
                    {
                      "Node Type": "Hash",
                      "Parent Relationship": "Inner",
                      "Parallel Aware": true,
                      "Startup Cost": 45479.59,
                      "Total Cost": 45479.59,
                      "Plan Rows": 187598,
                      "Plan Width": 4,
                      "Actual Startup Time": 197.754,
                      "Actual Total Time": 197.755,
                      "Actual Rows": 198486,
                      "Actual Loops": 4,
                      "Hash Buckets": 1048576,
                      "Original Hash Buckets": 1048576,
                      "Hash Batches": 1,
                      "Original Hash Batches": 1,
                      "Peak Memory Usage": 39328,
                      "Plans": [
                        {
                          "Node Type": "Seq Scan",
                          "Parent Relationship": "Outer",
                          "Parallel Aware": true,
                          "Relation Name": "title",
                          "Alias": "t",
                          "Startup Cost": 0.0,
                          "Total Cost": 45479.59,
                          "Plan Rows": 187598,
                          "Plan Width": 4,
                          "Actual Startup Time": 0.024,
                          "Actual Total Time": 117.531,
                          "Actual Rows": 198486,
                          "Actual Loops": 4,
                          "Filter": "((kind_id < 7) AND (production_year < 2010))",
                          "Rows Removed by Filter": 433592
                        }
                      ]
                    }
                  ]
                }
              ]
            }
          ]
        }
      ]
    },
    "Planning Time": 0.314,
    "Triggers": [],
    "Execution Time": 437.91
  }
]