[
  {
    "Plan": {
      "Node Type": "Aggregate",
      "Strategy": "Plain",
      "Partial Mode": "Finalize",
      "Parallel Aware": false,
      "Startup Cost": 38258.38,
      "Total Cost": 38258.39,
      "Plan Rows": 1,
      "Plan Width": 8,
      "Actual Startup Time": 132.828,
      "Actual Total Time": 141.269,
      "Actual Rows": 1,
      "Actual Loops": 1,
      "Plans": [
        {
          "Node Type": "Gather",
          "Parent Relationship": "Outer",
          "Parallel Aware": false,
          "Startup Cost": 38258.06,
          "Total Cost": 38258.37,
          "Plan Rows": 3,
          "Plan Width": 8,
          "Actual Startup Time": 132.552,
          "Actual Total Time": 141.261,
          "Actual Rows": 4,
          "Actual Loops": 1,
          "Workers Planned": 3,
          "Workers Launched": 3,
          "Single Copy": false,
          "Plans": [
            {
              "Node Type": "Aggregate",
              "Strategy": "Plain",
              "Partial Mode": "Partial",
              "Parent Relationship": "Outer",
              "Parallel Aware": false,
              "Startup Cost": 37258.06,
              "Total Cost": 37258.07,
              "Plan Rows": 1,
              "Plan Width": 8,
              "Actual Startup Time": 125.356,
              "Actual Total Time": 125.358,
              "Actual Rows": 1,
              "Actual Loops": 4,
              "Plans": [
                {
                  "Node Type": "Bitmap Heap Scan",
                  "Parent Relationship": "Outer",
                  "Parallel Aware": true,
                  "Relation Name": "movie_keyword",
                  "Alias": "mk",
                  "Startup Cost": 10425.73,
                  "Total Cost": 36861.67,
                  "Plan Rows": 158555,
                  "Plan Width": 0,
                  "Actual Startup Time": 47.392,
                  "Actual Total Time": 118.477,
                  "Actual Rows": 119614,
                  "Actual Loops": 4,
                  "Recheck Cond": "(keyword_id > 37367)",
                  "Rows Removed by Index Recheck": 0,
                  "Exact Heap Blocks": 10017,
                  "Lossy Heap Blocks": 0,
                  "Plans": [
                    {
                      "Node Type": "Bitmap Index Scan",
                      "Parent Relationship": "Outer",
                      "Parallel Aware": false,
                      "Index Name": "keyword_id_movie_keyword",
                      "Startup Cost": 0.0,
                      "Total Cost": 10302.85,
                      "Plan Rows": 491522,
                      "Plan Width": 0,
                      "Actual Startup Time": 50.283,
                      "Actual Total Time": 50.283,
                      "Actual Rows": 478454,
                      "Actual Loops": 1,
                      "Index Cond": "(keyword_id > 37367)"
                    }
                  ]
                }
              ]
            }
          ]
        }
      ]
    },
    "Planning Time": 0.191,
    "Triggers": [],
    "Execution Time": 141.351
  }
]