[
  {
    "Plan": {
      "Node Type": "Aggregate",
      "Strategy": "Plain",
      "Partial Mode": "Finalize",
      "Parallel Aware": false,
      "Startup Cost": 26692.37,
      "Total Cost": 26692.38,
      "Plan Rows": 1,
      "Plan Width": 8,
      "Actual Startup Time": 74.724,
      "Actual Total Time": 79.459,
      "Actual Rows": 1,
      "Actual Loops": 1,
      "Plans": [
        {
          "Node Type": "Gather",
          "Parent Relationship": "Outer",
          "Parallel Aware": false,
          "Startup Cost": 26692.06,
          "Total Cost": 26692.37,
          "Plan Rows": 3,
          "Plan Width": 8,
          "Actual Startup Time": 74.485,
          "Actual Total Time": 79.451,
          "Actual Rows": 4,
          "Actual Loops": 1,
          "Workers Planned": 3,
          "Workers Launched": 3,
          "Single Copy": false,
          "Plans": [
            {
              "Node Type": "Aggregate",
              "Strategy": "Plain",
              "Partial Mode": "Partial",
              "Parent Relationship": "Outer",
              "Parallel Aware": false,
              "Startup Cost": 25692.06,
              "Total Cost": 25692.07,
              "Plan Rows": 1,
              "Plan Width": 8,
              "Actual Startup Time": 68.028,
              "Actual Total Time": 68.029,
              "Actual Rows": 1,
              "Actual Loops": 4,
              "Plans": [
                {
                  "Node Type": "Bitmap Heap Scan",
                  "Parent Relationship": "Outer",
                  "Parallel Aware": true,
                  "Relation Name": "movie_companies",
                  "Alias": "mc",
                  "Startup Cost": 5552.85,
                  "Total Cost": 25589.75,
                  "Plan Rows": 40921,
                  "Plan Width": 0,
                  "Actual Startup Time": 21.935,
                  "Actual Total Time": 64.323,
                  "Actual Rows": 48945,
                  "Actual Loops": 4,
                  "Recheck Cond": "(company_id < 123)",
                  "Rows Removed by Index Recheck": 0,
                  "Filter": "(company_type_id < 2)",
                  "Rows Removed by Filter": 14898,
                  "Exact Heap Blocks": 10678,
                  "Lossy Heap Blocks": 0,
                  "Plans": [
                    {
                      "Node Type": "Bitmap Index Scan",
                      "Parent Relationship": "Outer",
                      "Parallel Aware": false,
                      "Index Name": "company_id_movie_companies",
                      "Startup Cost": 0.0,
                      "Total Cost": 5521.14,
                      "Plan Rows": 257694,
                      "Plan Width": 0,
                      "Actual Startup Time": 23.677,
                      "Actual Total Time": 23.677,
                      "Actual Rows": 255371,
                      "Actual Loops": 1,
                      "Index Cond": "(company_id < 123)"
                    }
                  ]
                }
              ]
            }
          ]
        }
      ]
    },
    "Planning Time": 0.17,
    "Triggers": [],
    "Execution Time": 79.519
  }
]