{
  "Plan": {
    "Node Type": "Aggregate",
    "Strategy": "Plain",
    "Partial Mode": "Finalize",
    "Parallel Aware": false,
    "Startup Cost": 344954.27,
    "Total Cost": 344954.28,
    "Plan Rows": 1,
    "Plan Width": 8,
    "Actual Startup Time": 2913.446,
    "Actual Total Time": 2968.351,
    "Actual Rows": 1,
    "Actual Loops": 1,
    "Plans": [
      {
        "Node Type": "Gather",
        "Parent Relationship": "Outer",
        "Parallel Aware": false,
        "Startup Cost": 344954.16,
        "Total Cost": 344954.27,
        "Plan Rows": 1,
        "Plan Width": 8,
        "Actual Startup Time": 2909.467,
        "Actual Total Time": 2968.344,
        "Actual Rows": 2,
        "Actual Loops": 1,
        "Workers Planned": 1,
        "Workers Launched": 1,
        "Single Copy": false,
        "Plans": [
          {
            "Node Type": "Aggregate",
            "Strategy": "Plain",
            "Partial Mode": "Partial",
            "Parent Relationship": "Outer",
            "Parallel Aware": false,
            "Startup Cost": 343954.16,
            "Total Cost": 343954.17,
            "Plan Rows": 1,
            "Plan Width": 8,
            "Actual Startup Time": 2896.468,
            "Actual Total Time": 2896.471,
            "Actual Rows": 1,
            "Actual Loops": 2,
            "Plans": [
              {
                "Node Type": "Nested Loop",
                "Parent Relationship": "Outer",
                "Parallel Aware": false,
                "Join Type": "Inner",
                "Startup Cost": 73974.48,
                "Total Cost": 342124.62,
                "Plan Rows": 731816,
                "Plan Width": 0,
                "Actual Startup Time": 533.041,
                "Actual Total Time": 2627.423,
                "Actual Rows": 6344562,
                "Actual Loops": 2,
                "Inner Unique": false,
                "Plans": [
                  {
                    "Node Type": "Hash Join",
                    "Parent Relationship": "Outer",
                    "Parallel Aware": true,
                    "Join Type": "Inner",
                    "Startup Cost": 73974.05,
                    "Total Cost": 100321.01,
                    "Plan Rows": 125155,
                    "Plan Width": 8,
                    "Actual Startup Time": 532.953,
                    "Actual Total Time": 619.25,
                    "Actual Rows": 103174,
                    "Actual Loops": 2,
                    "Inner Unique": true,
                    "Hash Cond": "(mk.movie_id = t.id)",
                    "Plans": [
                      {
                        "Node Type": "Bitmap Heap Scan",
                        "Parent Relationship": "Outer",
                        "Parallel Aware": true,
                        "Relation Name": "movie_keyword",
                        "Alias": "mk",
                        "Startup Cost": 4513.35,
                        "Total Cost": 30531.78,
                        "Plan Rows": 125155,
                        "Plan Width": 4,
                        "Actual Startup Time": 14.373,
                        "Actual Total Time": 56.571,
                        "Actual Rows": 103174,
                        "Actual Loops": 2,
                        "Recheck Cond": "(keyword_id > 67291)",
                        "Rows Removed by Index Recheck": 0,
                        "Exact Heap Blocks": 10765,
                        "Lossy Heap Blocks": 0,
                        "Plans": [
                          {
                            "Node Type": "Bitmap Index Scan",
                            "Parent Relationship": "Outer",
                            "Parallel Aware": false,
                            "Index Name": "keyword_id_movie_keyword",
                            "Startup Cost": 0.0,
                            "Total Cost": 4460.15,
                            "Plan Rows": 212763,
                            "Plan Width": 0,
                            "Actual Startup Time": 11.405,
                            "Actual Total Time": 11.406,
                            "Actual Rows": 206349,
                            "Actual Loops": 1,
                            "Index Cond": "(keyword_id > 67291)"
                          }
                        ]
                      },
                      {
                        "Node Type": "Hash",
                        "Parent Relationship": "Inner",
                        "Parallel Aware": true,
                        "Startup Cost": 50870.31,
                        "Total Cost": 50870.31,
                        "Plan Rows": 1487231,
                        "Plan Width": 4,
                        "Actual Startup Time": 496.84,
                        "Actual Total Time": 496.84,
                        "Actual Rows": 1264156,
                        "Actual Loops": 2,
                        "Hash Buckets": 4194304,
                        "Original Hash Buckets": 4194304,
                        "Hash Batches": 1,
                        "Original Hash Batches": 1,
                        "Peak Memory Usage": 131712,
                        "Plans": [
                          {
                            "Node Type": "Seq Scan",
                            "Parent Relationship": "Outer",
                            "Parallel Aware": true,
                            "Relation Name": "title",
                            "Alias": "t",
                            "Startup Cost": 0.0,
                            "Total Cost": 50870.31,
                            "Plan Rows": 1487231,
                            "Plan Width": 4,
                            "Actual Startup Time": 0.029,
                            "Actual Total Time": 155.946,
                            "Actual Rows": 1264156,
                            "Actual Loops": 2
                          }
                        ]
                      }
                    ]
                  },
                  {
                    "Node Type": "Index Only Scan",
                    "Parent Relationship": "Inner",
                    "Parallel Aware": false,
                    "Scan Direction": "Forward",
                    "Index Name": "movie_id_movie_info",
                    "Relation Name": "movie_info",
                    "Alias": "mi",
                    "Startup Cost": 0.43,
                    "Total Cost": 1.51,
                    "Plan Rows": 42,
                    "Plan Width": 4,
                    "Actual Startup Time": 0.003,
                    "Actual Total Time": 0.015,
                    "Actual Rows": 61,
                    "Actual Loops": 206349,
                    "Index Cond": "(movie_id = t.id)",
                    "Rows Removed by Index Recheck": 0,
                    "Heap Fetches": 12689123
                  }
                ]
              }
            ]
          }
        ]
      }
    ]
  },
  "Planning Time": 0.924,
  "Triggers": [],
  "Execution Time": 2968.463
}