[
  {
    "Plan": {
      "Node Type": "Aggregate",
      "Strategy": "Plain",
      "Partial Mode": "Finalize",
      "Parallel Aware": false,
      "Startup Cost": 74705.09,
      "Total Cost": 74705.1,
      "Plan Rows": 1,
      "Plan Width": 8,
      "Actual Startup Time": 81.925,
      "Actual Total Time": 91.147,
      "Actual Rows": 1,
      "Actual Loops": 1,
      "Plans": [
        {
          "Node Type": "Gather",
          "Parent Relationship": "Outer",
          "Parallel Aware": false,
          "Startup Cost": 74704.77,
          "Total Cost": 74705.08,
          "Plan Rows": 3,
          "Plan Width": 8,
          "Actual Startup Time": 81.7,
          "Actual Total Time": 91.141,
          "Actual Rows": 4,
          "Actual Loops": 1,
          "Workers Planned": 3,
          "Workers Launched": 3,
          "Single Copy": false,
          "Plans": [
            {
              "Node Type": "Aggregate",
              "Strategy": "Plain",
              "Partial Mode": "Partial",
              "Parent Relationship": "Outer",
              "Parallel Aware": false,
              "Startup Cost": 73704.77,
              "Total Cost": 73704.78,
              "Plan Rows": 1,
              "Plan Width": 8,
              "Actual Startup Time": 72.589,
              "Actual Total Time": 72.59,
              "Actual Rows": 1,
              "Actual Loops": 4,
              "Plans": [
                {
                  "Node Type": "Nested Loop",
                  "Parent Relationship": "Outer",
                  "Parallel Aware": false,
                  "Join Type": "Inner",
                  "Startup Cost": 744.17,
                  "Total Cost": 73679.6,
                  "Plan Rows": 10067,
                  "Plan Width": 0,
                  "Actual Startup Time": 9.837,
                  "Actual Total Time": 71.73,
                  "Actual Rows": 7467,
                  "Actual Loops": 4,
                  "Inner Unique": true,
                  "Plans": [
                    {
                      "Node Type": "Bitmap Heap Scan",
                      "Parent Relationship": "Outer",
                      "Parallel Aware": true,
                      "Relation Name": "movie_keyword",
                      "Alias": "mk",
                      "Startup Cost": 743.74,
                      "Total Cost": 26587.07,
                      "Plan Rows": 11293,
                      "Plan Width": 4,
                      "Actual Startup Time": 9.637,
                      "Actual Total Time": 26.145,
                      "Actual Rows": 8921,
                      "Actual Loops": 4,
                      "Recheck Cond": "(keyword_id > 107084)",
                      "Rows Removed by Index Recheck": 0,
                      "Exact Heap Blocks": 5024,
                      "Lossy Heap Blocks": 0,
                      "Plans": [
                        {
                          "Node Type": "Bitmap Index Scan",
                          "Parent Relationship": "Outer",
                          "Parallel Aware": false,
                          "Index Name": "keyword_id_movie_keyword",
                          "Startup Cost": 0.0,
                          "Total Cost": 734.99,
                          "Plan Rows": 35008,
                          "Plan Width": 0,
                          "Actual Startup Time": 13.609,
                          "Actual Total Time": 13.609,
                          "Actual Rows": 35684,
                          "Actual Loops": 1,
                          "Index Cond": "(keyword_id > 107084)"
                        }
                      ]
                    },
                    {
                      "Node Type": "Index Scan",
                      "Parent Relationship": "Inner",
                      "Parallel Aware": false,
                      "Scan Direction": "Forward",
                      "Index Name": "title_pkey",
                      "Relation Name": "title",
                      "Alias": "t",
                      "Startup Cost": 0.43,
                      "Total Cost": 4.17,
                      "Plan Rows": 1,
                      "Plan Width": 4,
                      "Actual Startup Time": 0.005,
                      "Actual Total Time": 0.005,
                      "Actual Rows": 1,
                      "Actual Loops": 35684,
                      "Index Cond": "(id = mk.movie_id)",
                      "Rows Removed by Index Recheck": 0,
                      "Filter": "(production_year > 1956)",
                      "Rows Removed by Filter": 0
                    }
                  ]
                }
              ]
            }
          ]
        }
      ]
    },
    "Planning Time": 0.672,
    "Triggers": [],
    "Execution Time": 91.231
  }
]