[
  {
    "Plan": {
      "Node Type": "Aggregate",
      "Strategy": "Plain",
      "Partial Mode": "Finalize",
      "Parallel Aware": false,
      "Startup Cost": 349444.92,
      "Total Cost": 349444.93,
      "Plan Rows": 1,
      "Plan Width": 8,
      "Actual Startup Time": 663.71,
      "Actual Total Time": 718.111,
      "Actual Rows": 1,
      "Actual Loops": 1,
      "Plans": [
        {
          "Node Type": "Gather",
          "Parent Relationship": "Outer",
          "Parallel Aware": false,
          "Startup Cost": 349444.29,
          "Total Cost": 349444.9,
          "Plan Rows": 6,
          "Plan Width": 8,
          "Actual Startup Time": 663.605,
          "Actual Total Time": 718.102,
          "Actual Rows": 7,
          "Actual Loops": 1,
          "Workers Planned": 6,
          "Workers Launched": 6,
          "Single Copy": false,
          "Plans": [
            {
              "Node Type": "Aggregate",
              "Strategy": "Plain",
              "Partial Mode": "Partial",
              "Parent Relationship": "Outer",
              "Parallel Aware": false,
              "Startup Cost": 348444.29,
              "Total Cost": 348444.3,
              "Plan Rows": 1,
              "Plan Width": 8,
              "Actual Startup Time": 653.066,
              "Actual Total Time": 653.067,
              "Actual Rows": 1,
              "Actual Loops": 7,
              "Plans": [
                {
                  "Node Type": "Seq Scan",
                  "Parent Relationship": "Outer",
                  "Parallel Aware": true,
                  "Relation Name": "cast_info",
                  "Alias": "ci",
                  "Startup Cost": 0.0,
                  "Total Cost": 343257.03,
                  "Plan Rows": 2074905,
                  "Plan Width": 0,
                  "Actual Startup Time": 333.035,
                  "Actual Total Time": 608.225,
                  "Actual Rows": 1070228,
                  "Actual Loops": 7,
                  "Filter": "((person_id < 2825535) AND (role_id > 2))",
                  "Rows Removed by Filter": 4107535
                }
              ]
            }
          ]
        }
      ]
    },
    "Planning Time": 0.175,
    "Triggers": [],
    "Execution Time": 718.177
  }
]