{
  "Plan": {
    "Node Type": "Aggregate",
    "Strategy": "Plain",
    "Partial Mode": "Simple",
    "Parallel Aware": false,
    "Startup Cost": 3402743.66,
    "Total Cost": 3402743.67,
    "Plan Rows": 1,
    "Plan Width": 96,
    "Actual Startup Time": 27799.937,
    "Actual Total Time": 27800.098,
    "Actual Rows": 1,
    "Actual Loops": 1,
    "Plans": [
      {
        "Node Type": "Merge Join",
        "Parent Relationship": "Outer",
        "Parallel Aware": false,
        "Join Type": "Inner",
        "Startup Cost": 3402608.08,
        "Total Cost": 3402741.91,
        "Plan Rows": 233,
        "Plan Width": 42,
        "Actual Startup Time": 27579.662,
        "Actual Total Time": 27735.532,
        "Actual Rows": 670390,
        "Actual Loops": 1,
        "Inner Unique": false,
        "Merge Cond": "(it.id = miidx.info_type_id)",
        "Plans": [
          {
            "Node Type": "Sort",
            "Parent Relationship": "Outer",
            "Parallel Aware": false,
            "Startup Cost": 2.42,
            "Total Cost": 2.43,
            "Plan Rows": 1,
            "Plan Width": 4,
            "Actual Startup Time": 0.081,
            "Actual Total Time": 0.083,
            "Actual Rows": 1,
            "Actual Loops": 1,
            "Sort Key": [
              "it.id"
            ],
            "Sort Method": "quicksort",
            "Sort Space Used": 25,
            "Sort Space Type": "Memory",
            "Plans": [
              {
                "Node Type": "Seq Scan",
                "Parent Relationship": "Outer",
                "Parallel Aware": false,
                "Relation Name": "info_type",
                "Alias": "it",
                "Startup Cost": 0.0,
                "Total Cost": 2.41,
                "Plan Rows": 1,
                "Plan Width": 4,
                "Actual Startup Time": 0.03,
                "Actual Total Time": 0.033,
                "Actual Rows": 1,
                "Actual Loops": 1,
                "Filter": "((info)::text = 'rating'::text)",
                "Rows Removed by Filter": 112
              }
            ]
          },
          {
            "Node Type": "Sort",
            "Parent Relationship": "Inner",
            "Parallel Aware": false,
            "Startup Cost": 3402605.65,
            "Total Cost": 3402671.4,
            "Plan Rows": 26300,
            "Plan Width": 46,
            "Actual Startup Time": 27302.372,
            "Actual Total Time": 27529.564,
            "Actual Rows": 2011171,
            "Actual Loops": 1,
            "Sort Key": [
              "miidx.info_type_id"
            ],
            "Sort Method": "quicksort",
            "Sort Space Used": 268615,
            "Sort Space Type": "Memory",
            "Plans": [
              {
                "Node Type": "Merge Join",
                "Parent Relationship": "Outer",
                "Parallel Aware": false,
                "Join Type": "Inner",
                "Startup Cost": 3393468.73,
                "Total Cost": 3400674.87,
                "Plan Rows": 26300,
                "Plan Width": 46,
                "Actual Startup Time": 26062.685,
                "Actual Total Time": 26574.469,
                "Actual Rows": 2029670,
                "Actual Loops": 1,
                "Inner Unique": false,
                "Merge Cond": "(mi.movie_id = miidx.movie_id)",
                "Plans": [
                  {
                    "Node Type": "Sort",
                    "Parent Relationship": "Outer",
                    "Parallel Aware": false,
                    "Startup Cost": 3230995.52,
                    "Total Cost": 3231017.01,
                    "Plan Rows": 8595,
                    "Plan Width": 48,
                    "Actual Startup Time": 25289.524,
                    "Actual Total Time": 25340.994,
                    "Actual Rows": 795840,
                    "Actual Loops": 1,
                    "Sort Key": [
                      "mc.movie_id"
                    ],
                    "Sort Method": "quicksort",
                    "Sort Space Used": 114156,
                    "Sort Space Type": "Memory",
                    "Plans": [
                      {
                        "Node Type": "Gather",
                        "Parent Relationship": "Outer",
                        "Parallel Aware": false,
                        "Startup Cost": 3229346.85,
                        "Total Cost": 3230433.87,
                        "Plan Rows": 8595,
                        "Plan Width": 48,
                        "Actual Startup Time": 24486.745,
                        "Actual Total Time": 24899.871,
                        "Actual Rows": 795840,
                        "Actual Loops": 1,
                        "Workers Planned": 1,
                        "Workers Launched": 1,
                        "Single Copy": false,
                        "Plans": [
                          {
                            "Node Type": "Merge Join",
                            "Parent Relationship": "Outer",
                            "Parallel Aware": false,
                            "Join Type": "Inner",
                            "Startup Cost": 3228346.85,
                            "Total Cost": 3228574.37,
                            "Plan Rows": 5056,
                            "Plan Width": 48,
                            "Actual Startup Time": 24623.36,
                            "Actual Total Time": 24700.032,
                            "Actual Rows": 397920,
                            "Actual Loops": 2,
                            "Inner Unique": true,
                            "Merge Cond": "(t.kind_id = kt.id)",
                            "Plans": [
                              {
                                "Node Type": "Sort",
                                "Parent Relationship": "Outer",
                                "Parallel Aware": false,
                                "Startup Cost": 3228345.75,
                                "Total Cost": 3228434.23,
                                "Plan Rows": 35391,
                                "Plan Width": 52,
                                "Actual Startup Time": 24623.214,
                                "Actual Total Time": 24641.35,
                                "Actual Rows": 397921,
                                "Actual Loops": 2,
                                "Sort Key": [
                                  "t.kind_id"
                                ],
                                "Sort Method": "quicksort",
                                "Sort Space Used": 128353,
                                "Sort Space Type": "Memory",
                                "Workers": [
                                  {
                                    "Worker Number": 0,
                                    "Sort Method": "quicksort",
                                    "Sort Space Used": 77608,
                                    "Sort Space Type": "Memory"
                                  }
                                ],
                                "Plans": [
                                  {
                                    "Node Type": "Merge Join",
                                    "Parent Relationship": "Outer",
                                    "Parallel Aware": false,
                                    "Join Type": "Inner",
                                    "Startup Cost": 3212511.26,
                                    "Total Cost": 3225671.77,
                                    "Plan Rows": 35391,
                                    "Plan Width": 52,
                                    "Actual Startup Time": 23109.413,
                                    "Actual Total Time": 24255.144,
                                    "Actual Rows": 677780,
                                    "Actual Loops": 2,
                                    "Inner Unique": true,
                                    "Merge Cond": "(mi.movie_id = t.id)",
                                    "Plans": [
                                      {
                                        "Node Type": "Sort",
                                        "Parent Relationship": "Outer",
                                        "Parallel Aware": false,
                                        "Startup Cost": 2882322.73,
                                        "Total Cost": 2882411.21,
                                        "Plan Rows": 35391,
                                        "Plan Width": 27,
                                        "Actual Startup Time": 20628.38,
                                        "Actual Total Time": 20691.665,
                                        "Actual Rows": 677780,
                                        "Actual Loops": 2,
                                        "Sort Key": [
                                          "mc.movie_id"
                                        ],
                                        "Sort Method": "quicksort",
                                        "Sort Space Used": 89672,
                                        "Sort Space Type": "Memory",
                                        "Workers": [
                                          {
                                            "Worker Number": 0,
                                            "Sort Method": "quicksort",
                                            "Sort Space Used": 52923,
                                            "Sort Space Type": "Memory"
                                          }
                                        ],
                                        "Plans": [
                                          {
                                            "Node Type": "Merge Join",
                                            "Parent Relationship": "Outer",
                                            "Parallel Aware": false,
                                            "Join Type": "Inner",
                                            "Startup Cost": 2859299.02,
                                            "Total Cost": 2879648.74,
                                            "Plan Rows": 35391,
                                            "Plan Width": 27,
                                            "Actual Startup Time": 19656.461,
                                            "Actual Total Time": 19998.321,
                                            "Actual Rows": 677780,
                                            "Actual Loops": 2,
                                            "Inner Unique": true,
                                            "Merge Cond": "(mi.info_type_id = it2.id)",
                                            "Plans": [
                                              {
                                                "Node Type": "Sort",
                                                "Parent Relationship": "Outer",
                                                "Parallel Aware": false,
                                                "Startup Cost": 2859296.6,
                                                "Total Cost": 2869294.5,
                                                "Plan Rows": 3999161,
                                                "Plan Width": 31,
                                                "Actual Startup Time": 17771.448,
                                                "Actual Total Time": 19181.441,
                                                "Actual Rows": 3434048,
                                                "Actual Loops": 2,
                                                "Sort Key": [
                                                  "mi.info_type_id"
                                                ],
                                                "Sort Method": "quicksort",
                                                "Sort Space Used": 644588,
                                                "Sort Space Type": "Memory",
                                                "Workers": [
                                                  {
                                                    "Worker Number": 0,
                                                    "Sort Method": "quicksort",
                                                    "Sort Space Used": 384683,
                                                    "Sort Space Type": "Memory"
                                                  }
                                                ],
                                                "Plans": [
                                                  {
                                                    "Node Type": "Merge Join",
                                                    "Parent Relationship": "Outer",
                                                    "Parallel Aware": false,
                                                    "Join Type": "Inner",
                                                    "Startup Cost": 2305766.1,
                                                    "Total Cost": 2420763.28,
                                                    "Plan Rows": 3999161,
                                                    "Plan Width": 31,
                                                    "Actual Startup Time": 12473.886,
                                                    "Actual Total Time": 15374.014,
                                                    "Actual Rows": 4564350,
                                                    "Actual Loops": 2,
                                                    "Inner Unique": false,
                                                    "Merge Cond": "(mc.movie_id = mi.movie_id)",
                                                    "Plans": [
                                                      {
                                                        "Node Type": "Sort",
                                                        "Parent Relationship": "Outer",
                                                        "Parallel Aware": false,
                                                        "Startup Cost": 223821.02,
                                                        "Total Cost": 224171.78,
                                                        "Plan Rows": 140305,
                                                        "Plan Width": 23,
                                                        "Actual Startup Time": 3408.518,
                                                        "Actual Total Time": 3486.595,
                                                        "Actual Rows": 276164,
                                                        "Actual Loops": 2,
                                                        "Sort Key": [
                                                          "mc.movie_id"
                                                        ],
                                                        "Sort Method": "quicksort",
                                                        "Sort Space Used": 37861,
                                                        "Sort Space Type": "Memory",
                                                        "Workers": [
                                                          {
                                                            "Worker Number": 0,
                                                            "Sort Method": "quicksort",
                                                            "Sort Space Used": 22138,
                                                            "Sort Space Type": "Memory"
                                                          }
                                                        ],
                                                        "Plans": [
                                                          {
                                                            "Node Type": "Merge Join",
                                                            "Parent Relationship": "Outer",
                                                            "Parallel Aware": false,
                                                            "Join Type": "Inner",
                                                            "Startup Cost": 207617.04,
                                                            "Total Cost": 211826.2,
                                                            "Plan Rows": 140305,
                                                            "Plan Width": 23,
                                                            "Actual Startup Time": 3196.884,
                                                            "Actual Total Time": 3253.474,
                                                            "Actual Rows": 276164,
                                                            "Actual Loops": 2,
                                                            "Inner Unique": true,
                                                            "Merge Cond": "(mc.company_type_id = ct.id)",
                                                            "Plans": [
                                                              {
                                                                "Node Type": "Sort",
                                                                "Parent Relationship": "Outer",
                                                                "Parallel Aware": false,
                                                                "Startup Cost": 207615.98,
                                                                "Total Cost": 209019.03,
                                                                "Plan Rows": 561221,
                                                                "Plan Width": 27,
                                                                "Actual Startup Time": 3138.76,
                                                                "Actual Total Time": 3179.176,
                                                                "Actual Rows": 576899,
                                                                "Actual Loops": 2,
                                                                "Sort Key": [
                                                                  "mc.company_type_id"
                                                                ],
                                                                "Sort Method": "quicksort",
                                                                "Sort Space Used": 86993,
                                                                "Sort Space Type": "Memory",
                                                                "Workers": [
                                                                  {
                                                                    "Worker Number": 0,
                                                                    "Sort Method": "quicksort",
                                                                    "Sort Space Used": 39896,
                                                                    "Sort Space Type": "Memory"
                                                                  }
                                                                ],
                                                                "Plans": [
                                                                  {
                                                                    "Node Type": "Merge Join",
                                                                    "Parent Relationship": "Outer",
                                                                    "Parallel Aware": false,
                                                                    "Join Type": "Inner",
                                                                    "Startup Cost": 4190.88,
                                                                    "Total Cost": 154024.4,
                                                                    "Plan Rows": 561221,
                                                                    "Plan Width": 27,
                                                                    "Actual Startup Time": 215.957,
                                                                    "Actual Total Time": 2892.558,
                                                                    "Actual Rows": 576899,
                                                                    "Actual Loops": 2,
                                                                    "Inner Unique": false,
                                                                    "Merge Cond": "(cn.id = mc.company_id)",
                                                                    "Plans": [
                                                                      {
                                                                        "Node Type": "Index Scan",
                                                                        "Parent Relationship": "Outer",
                                                                        "Parallel Aware": true,
                                                                        "Scan Direction": "Forward",
                                                                        "Index Name": "company_name_pkey",
                                                                        "Relation Name": "company_name",
                                                                        "Alias": "cn",
                                                                        "Startup Cost": 0.42,
                                                                        "Total Cost": 11259.88,
                                                                        "Plan Rows": 50548,
                                                                        "Plan Width": 23,
                                                                        "Actual Startup Time": 0.1,
                                                                        "Actual Total Time": 178.08,
                                                                        "Actual Rows": 42422,
                                                                        "Actual Loops": 2,
                                                                        "Filter": "((country_code)::text = '[us]'::text)",
                                                                        "Rows Removed by Filter": 75077
                                                                      },
                                                                      {
                                                                        "Node Type": "Index Scan",
                                                                        "Parent Relationship": "Inner",
                                                                        "Parallel Aware": false,
                                                                        "Scan Direction": "Forward",
                                                                        "Index Name": "company_id_movie_companies",
                                                                        "Relation Name": "movie_companies",
                                                                        "Alias": "mc",
                                                                        "Startup Cost": 0.43,
                                                                        "Total Cost": 130510.28,
                                                                        "Plan Rows": 2609129,
                                                                        "Plan Width": 12,
                                                                        "Actual Startup Time": 0.082,
                                                                        "Actual Total Time": 2433.407,
                                                                        "Actual Rows": 2609026,
                                                                        "Actual Loops": 2
                                                                      }
                                                                    ]
                                                                  }
                                                                ]
                                                              },
                                                              {
                                                                "Node Type": "Sort",
                                                                "Parent Relationship": "Inner",
                                                                "Parallel Aware": false,
                                                                "Startup Cost": 1.06,
                                                                "Total Cost": 1.06,
                                                                "Plan Rows": 1,
                                                                "Plan Width": 4,
                                                                "Actual Startup Time": 0.166,
                                                                "Actual Total Time": 0.181,
                                                                "Actual Rows": 1,
                                                                "Actual Loops": 2,
                                                                "Sort Key": [
                                                                  "ct.id"
                                                                ],
                                                                "Sort Method": "quicksort",
                                                                "Sort Space Used": 25,
                                                                "Sort Space Type": "Memory",
                                                                "Workers": [
                                                                  {
                                                                    "Worker Number": 0,
                                                                    "Sort Method": "quicksort",
                                                                    "Sort Space Used": 25,
                                                                    "Sort Space Type": "Memory"
                                                                  }
                                                                ],
                                                                "Plans": [
                                                                  {
                                                                    "Node Type": "Seq Scan",
                                                                    "Parent Relationship": "Outer",
                                                                    "Parallel Aware": false,
                                                                    "Relation Name": "company_type",
                                                                    "Alias": "ct",
                                                                    "Startup Cost": 0.0,
                                                                    "Total Cost": 1.05,
                                                                    "Plan Rows": 1,
                                                                    "Plan Width": 4,
                                                                    "Actual Startup Time": 0.126,
                                                                    "Actual Total Time": 0.127,
                                                                    "Actual Rows": 1,
                                                                    "Actual Loops": 2,
                                                                    "Filter": "((kind)::text = 'production companies'::text)",
                                                                    "Rows Removed by Filter": 3
                                                                  }
                                                                ]
                                                              }
                                                            ]
                                                          }
                                                        ]
                                                      },
                                                      {
                                                        "Node Type": "Sort",
                                                        "Parent Relationship": "Inner",
                                                        "Parallel Aware": false,
                                                        "Startup Cost": 2081945.07,
                                                        "Total Cost": 2119116.33,
                                                        "Plan Rows": 14868506,
                                                        "Plan Width": 8,
                                                        "Actual Startup Time": 9065.29,
                                                        "Actual Total Time": 10460.389,
                                                        "Actual Rows": 15963362,
                                                        "Actual Loops": 2,
                                                        "Sort Key": [
                                                          "mi.movie_id"
                                                        ],
                                                        "Sort Method": "quicksort",
                                                        "Sort Space Used": 1088641,
                                                        "Sort Space Type": "Memory",
                                                        "Workers": [
                                                          {
                                                            "Worker Number": 0,
                                                            "Sort Method": "quicksort",
                                                            "Sort Space Used": 1088641,
                                                            "Sort Space Type": "Memory"
                                                          }
                                                        ],
                                                        "Plans": [
                                                          {
                                                            "Node Type": "Seq Scan",
                                                            "Parent Relationship": "Outer",
                                                            "Parallel Aware": false,
                                                            "Relation Name": "movie_info",
                                                            "Alias": "mi",
                                                            "Startup Cost": 0.0,
                                                            "Total Cost": 310678.06,
                                                            "Plan Rows": 14868506,
                                                            "Plan Width": 8,
                                                            "Actual Startup Time": 0.112,
                                                            "Actual Total Time": 2835.735,
                                                            "Actual Rows": 14835720,
                                                            "Actual Loops": 2
                                                          }
                                                        ]
                                                      }
                                                    ]
                                                  }
                                                ]
                                              },
                                              {
                                                "Node Type": "Sort",
                                                "Parent Relationship": "Inner",
                                                "Parallel Aware": false,
                                                "Startup Cost": 2.42,
                                                "Total Cost": 2.43,
                                                "Plan Rows": 1,
                                                "Plan Width": 4,
                                                "Actual Startup Time": 0.216,
                                                "Actual Total Time": 0.219,
                                                "Actual Rows": 1,
                                                "Actual Loops": 2,
                                                "Sort Key": [
                                                  "it2.id"
                                                ],
                                                "Sort Method": "quicksort",
                                                "Sort Space Used": 25,
                                                "Sort Space Type": "Memory",
                                                "Workers": [
                                                  {
                                                    "Worker Number": 0,
                                                    "Sort Method": "quicksort",
                                                    "Sort Space Used": 25,
                                                    "Sort Space Type": "Memory"
                                                  }
                                                ],
                                                "Plans": [
                                                  {
                                                    "Node Type": "Seq Scan",
                                                    "Parent Relationship": "Outer",
                                                    "Parallel Aware": false,
                                                    "Relation Name": "info_type",
                                                    "Alias": "it2",
                                                    "Startup Cost": 0.0,
                                                    "Total Cost": 2.41,
                                                    "Plan Rows": 1,
                                                    "Plan Width": 4,
                                                    "Actual Startup Time": 0.138,
                                                    "Actual Total Time": 0.143,
                                                    "Actual Rows": 1,
                                                    "Actual Loops": 2,
                                                    "Filter": "((info)::text = 'release dates'::text)",
                                                    "Rows Removed by Filter": 112
                                                  }
                                                ]
                                              }
                                            ]
                                          }
                                        ]
                                      },
                                      {
                                        "Node Type": "Sort",
                                        "Parent Relationship": "Inner",
                                        "Parallel Aware": false,
                                        "Startup Cost": 330188.2,
                                        "Total Cost": 336509.47,
                                        "Plan Rows": 2528509,
                                        "Plan Width": 25,
                                        "Actual Startup Time": 2480.979,
                                        "Actual Total Time": 3055.826,
                                        "Actual Rows": 2525744,
                                        "Actual Loops": 2,
                                        "Sort Key": [
                                          "t.id"
                                        ],
                                        "Sort Method": "quicksort",
                                        "Sort Space Used": 290000,
                                        "Sort Space Type": "Memory",
                                        "Workers": [
                                          {
                                            "Worker Number": 0,
                                            "Sort Method": "quicksort",
                                            "Sort Space Used": 290000,
                                            "Sort Space Type": "Memory"
                                          }
                                        ],
                                        "Plans": [
                                          {
                                            "Node Type": "Seq Scan",
                                            "Parent Relationship": "Outer",
                                            "Parallel Aware": false,
                                            "Relation Name": "title",
                                            "Alias": "t",
                                            "Startup Cost": 0.0,
                                            "Total Cost": 61283.09,
                                            "Plan Rows": 2528509,
                                            "Plan Width": 25,
                                            "Actual Startup Time": 0.184,
                                            "Actual Total Time": 820.26,
                                            "Actual Rows": 2528312,
                                            "Actual Loops": 2
                                          }
                                        ]
                                      }
                                    ]
                                  }
                                ]
                              },
                              {
                                "Node Type": "Sort",
                                "Parent Relationship": "Inner",
                                "Parallel Aware": false,
                                "Startup Cost": 1.1,
                                "Total Cost": 1.1,
                                "Plan Rows": 1,
                                "Plan Width": 4,
                                "Actual Startup Time": 0.12,
                                "Actual Total Time": 0.121,
                                "Actual Rows": 1,
                                "Actual Loops": 2,
                                "Sort Key": [
                                  "kt.id"
                                ],
                                "Sort Method": "quicksort",
                                "Sort Space Used": 25,
                                "Sort Space Type": "Memory",
                                "Workers": [
                                  {
                                    "Worker Number": 0,
                                    "Sort Method": "quicksort",
                                    "Sort Space Used": 25,
                                    "Sort Space Type": "Memory"
                                  }
                                ],
                                "Plans": [
                                  {
                                    "Node Type": "Seq Scan",
                                    "Parent Relationship": "Outer",
                                    "Parallel Aware": false,
                                    "Relation Name": "kind_type",
                                    "Alias": "kt",
                                    "Startup Cost": 0.0,
                                    "Total Cost": 1.09,
                                    "Plan Rows": 1,
                                    "Plan Width": 4,
                                    "Actual Startup Time": 0.086,
                                    "Actual Total Time": 0.087,
                                    "Actual Rows": 1,
                                    "Actual Loops": 2,
                                    "Filter": "((kind)::text = 'movie'::text)",
                                    "Rows Removed by Filter": 6
                                  }
                                ]
                              }
                            ]
                          }
                        ]
                      }
                    ]
                  },
                  {
                    "Node Type": "Sort",
                    "Parent Relationship": "Inner",
                    "Parallel Aware": false,
                    "Startup Cost": 162473.21,
                    "Total Cost": 165923.29,
                    "Plan Rows": 1380035,
                    "Plan Width": 14,
                    "Actual Startup Time": 711.484,
                    "Actual Total Time": 853.692,
                    "Actual Rows": 3231616,
                    "Actual Loops": 1,
                    "Sort Key": [
                      "miidx.movie_id"
                    ],
                    "Sort Method": "quicksort",
                    "Sort Space Used": 128214,
                    "Sort Space Type": "Memory",
                    "Plans": [
                      {
                        "Node Type": "Seq Scan",
                        "Parent Relationship": "Outer",
                        "Parallel Aware": false,
                        "Relation Name": "movie_info_idx",
                        "Alias": "miidx",
                        "Startup Cost": 0.0,
                        "Total Cost": 21735.35,
                        "Plan Rows": 1380035,
                        "Plan Width": 14,
                        "Actual Startup Time": 0.079,
                        "Actual Total Time": 223.467,
                        "Actual Rows": 1380035,
                        "Actual Loops": 1
                      }
                    ]
                  }
                ]
              }
            ]
          }
        ]
      }
    ]
  },
  "Planning Time": 20.965,
  "Triggers": [],
  "Execution Time": 28088.532
}