[
  {
    "Plan": {
      "Node Type": "Aggregate",
      "Strategy": "Plain",
      "Partial Mode": "Finalize",
      "Parallel Aware": false,
      "Startup Cost": 376285.72,
      "Total Cost": 376285.73,
      "Plan Rows": 1,
      "Plan Width": 8,
      "Actual Startup Time": 1957.869,
      "Actual Total Time": 2014.644,
      "Actual Rows": 1,
      "Actual Loops": 1,
      "Plans": [
        {
          "Node Type": "Gather",
          "Parent Relationship": "Outer",
          "Parallel Aware": false,
          "Startup Cost": 376285.19,
          "Total Cost": 376285.7,
          "Plan Rows": 5,
          "Plan Width": 8,
          "Actual Startup Time": 1933.254,
          "Actual Total Time": 2014.63,
          "Actual Rows": 6,
          "Actual Loops": 1,
          "Workers Planned": 5,
          "Workers Launched": 5,
          "Single Copy": false,
          "Plans": [
            {
              "Node Type": "Aggregate",
              "Strategy": "Plain",
              "Partial Mode": "Partial",
              "Parent Relationship": "Outer",
              "Parallel Aware": false,
              "Startup Cost": 375285.19,
              "Total Cost": 375285.2,
              "Plan Rows": 1,
              "Plan Width": 8,
              "Actual Startup Time": 1923.175,
              "Actual Total Time": 1923.424,
              "Actual Rows": 1,
              "Actual Loops": 6,
              "Plans": [
                {
                  "Node Type": "Hash Join",
                  "Parent Relationship": "Outer",
                  "Parallel Aware": true,
                  "Join Type": "Inner",
                  "Startup Cost": 253720.59,
                  "Total Cost": 373943.0,
                  "Plan Rows": 536878,
                  "Plan Width": 0,
                  "Actual Startup Time": 787.382,
                  "Actual Total Time": 1667.153,
                  "Actual Rows": 5681015,
                  "Actual Loops": 6,
                  "Inner Unique": false,
                  "Hash Cond": "(ci.movie_id = t.id)",
                  "Plans": [
                    {
                      "Node Type": "Index Scan",
                      "Parent Relationship": "Outer",
                      "Parallel Aware": true,
                      "Scan Direction": "Forward",
                      "Index Name": "role_id_cast_info",
                      "Relation Name": "cast_info",
                      "Alias": "ci",
                      "Startup Cost": 0.56,
                      "Total Cost": 115902.88,
                      "Plan Rows": 865691,
                      "Plan Width": 4,
                      "Actual Startup Time": 0.288,
                      "Actual Total Time": 154.667,
                      "Actual Rows": 720503,
                      "Actual Loops": 6,
                      "Index Cond": "(role_id = 10)",
                      "Rows Removed by Index Recheck": 0
                    },
                    {
                      "Node Type": "Hash",
                      "Parent Relationship": "Inner",
                      "Parallel Aware": true,
                      "Startup Cost": 249799.87,
                      "Total Cost": 249799.87,
                      "Plan Rows": 313612,
                      "Plan Width": 8,
                      "Actual Startup Time": 783.312,
                      "Actual Total Time": 783.559,
                      "Actual Rows": 250826,
                      "Actual Loops": 6,
                      "Hash Buckets": 2097152,
                      "Original Hash Buckets": 2097152,
                      "Hash Batches": 1,
                      "Original Hash Batches": 1,
                      "Peak Memory Usage": 75360,
                      "Plans": [
                        {
                          "Node Type": "Hash Join",
                          "Parent Relationship": "Outer",
                          "Parallel Aware": true,
                          "Join Type": "Inner",
                          "Startup Cost": 49538.07,
                          "Total Cost": 249799.87,
                          "Plan Rows": 313612,
                          "Plan Width": 8,
                          "Actual Startup Time": 247.684,
                          "Actual Total Time": 681.315,
                          "Actual Rows": 250826,
                          "Actual Loops": 6,
                          "Inner Unique": true,
                          "Hash Cond": "(mi.movie_id = t.id)",
                          "Plans": [
                            {
                              "Node Type": "Seq Scan",
                              "Parent Relationship": "Outer",
                              "Parallel Aware": true,
                              "Relation Name": "movie_info",
                              "Alias": "mi",
                              "Startup Cost": 0.0,
                              "Total Cost": 199108.24,
                              "Plan Rows": 439450,
                              "Plan Width": 4,
                              "Actual Startup Time": 17.459,
                              "Actual Total Time": 330.782,
                              "Actual Rows": 372308,
                              "Actual Loops": 6,
                              "Filter": "(info_type_id > 16)",
                              "Rows Removed by Filter": 2100312
                            },
                            {
                              "Node Type": "Hash",
                              "Parent Relationship": "Inner",
                              "Parallel Aware": true,
                              "Startup Cost": 43899.32,
                              "Total Cost": 43899.32,
                              "Plan Rows": 451100,
                              "Plan Width": 4,
                              "Actual Startup Time": 227.735,
                              "Actual Total Time": 227.738,
                              "Actual Rows": 298897,
                              "Actual Loops": 6,
                              "Hash Buckets": 2097152,
                              "Original Hash Buckets": 2097152,
                              "Hash Batches": 1,
                              "Original Hash Batches": 1,
                              "Peak Memory Usage": 86656,
                              "Plans": [
                                {
                                  "Node Type": "Seq Scan",
                                  "Parent Relationship": "Outer",
                                  "Parallel Aware": true,
                                  "Relation Name": "title",
                                  "Alias": "t",
                                  "Startup Cost": 0.0,
                                  "Total Cost": 43899.32,
                                  "Plan Rows": 451100,
                                  "Plan Width": 4,
                                  "Actual Startup Time": 0.057,
                                  "Actual Total Time": 91.216,
                                  "Actual Rows": 298897,
                                  "Actual Loops": 6,
                                  "Filter": "(production_year > 1988)",
                                  "Rows Removed by Filter": 122488
                                }
                              ]
                            }
                          ]
                        }
                      ]
                    }
                  ]
                }
              ]
            }
          ]
        }
      ]
    },
    "Planning Time": 0.539,
    "Triggers": [],
    "Execution Time": 2014.707
  }
]