[
  {
    "Plan": {
      "Node Type": "Aggregate",
      "Strategy": "Plain",
      "Partial Mode": "Finalize",
      "Parallel Aware": false,
      "Startup Cost": 252548.36,
      "Total Cost": 252548.37,
      "Plan Rows": 1,
      "Plan Width": 8,
      "Actual Startup Time": 716.501,
      "Actual Total Time": 759.831,
      "Actual Rows": 1,
      "Actual Loops": 1,
      "Plans": [
        {
          "Node Type": "Gather",
          "Parent Relationship": "Outer",
          "Parallel Aware": false,
          "Startup Cost": 252547.84,
          "Total Cost": 252548.35,
          "Plan Rows": 5,
          "Plan Width": 8,
          "Actual Startup Time": 714.217,
          "Actual Total Time": 759.821,
          "Actual Rows": 6,
          "Actual Loops": 1,
          "Workers Planned": 5,
          "Workers Launched": 5,
          "Single Copy": false,
          "Plans": [
            {
              "Node Type": "Aggregate",
              "Strategy": "Plain",
              "Partial Mode": "Partial",
              "Parent Relationship": "Outer",
              "Parallel Aware": false,
              "Startup Cost": 251547.84,
              "Total Cost": 251547.85,
              "Plan Rows": 1,
              "Plan Width": 8,
              "Actual Startup Time": 703.418,
              "Actual Total Time": 703.421,
              "Actual Rows": 1,
              "Actual Loops": 6,
              "Plans": [
                {
                  "Node Type": "Hash Join",
                  "Parent Relationship": "Outer",
                  "Parallel Aware": true,
                  "Join Type": "Inner",
                  "Startup Cost": 47019.51,
                  "Total Cost": 250674.59,
                  "Plan Rows": 349299,
                  "Plan Width": 0,
                  "Actual Startup Time": 139.077,
                  "Actual Total Time": 682.473,
                  "Actual Rows": 469979,
                  "Actual Loops": 6,
                  "Inner Unique": true,
                  "Hash Cond": "(mi.movie_id = t.id)",
                  "Plans": [
                    {
                      "Node Type": "Seq Scan",
                      "Parent Relationship": "Outer",
                      "Parallel Aware": true,
                      "Relation Name": "movie_info",
                      "Alias": "mi",
                      "Startup Cost": 0.0,
                      "Total Cost": 198952.16,
                      "Plan Rows": 1791583,
                      "Plan Width": 4,
                      "Actual Startup Time": 16.132,
                      "Actual Total Time": 329.902,
                      "Actual Rows": 1491793,
                      "Actual Loops": 6,
                      "Filter": "(info_type_id > 6)",
                      "Rows Removed by Filter": 980827
                    },
                    {
                      "Node Type": "Hash",
                      "Parent Relationship": "Inner",
                      "Parallel Aware": true,
                      "Startup Cost": 45479.1,
                      "Total Cost": 45479.1,
                      "Plan Rows": 123233,
                      "Plan Width": 4,
                      "Actual Startup Time": 106.358,
                      "Actual Total Time": 106.359,
                      "Actual Rows": 60777,
                      "Actual Loops": 6,
                      "Hash Buckets": 524288,
                      "Original Hash Buckets": 524288,
                      "Hash Batches": 1,
                      "Original Hash Batches": 1,
                      "Peak Memory Usage": 18464,
                      "Plans": [
                        {
                          "Node Type": "Seq Scan",
                          "Parent Relationship": "Outer",
                          "Parallel Aware": true,
                          "Relation Name": "title",
                          "Alias": "t",
                          "Startup Cost": 0.0,
                          "Total Cost": 45479.1,
                          "Plan Rows": 123233,
                          "Plan Width": 4,
                          "Actual Startup Time": 44.232,
                          "Actual Total Time": 83.503,
                          "Actual Rows": 60777,
                          "Actual Loops": 6,
                          "Filter": "((production_year > 1984) AND (kind_id = 1))",
                          "Rows Removed by Filter": 360608
                        }
                      ]
                    }
                  ]
                }
              ]
            }
          ]
        }
      ]
    },
    "Planning Time": 0.615,
    "Triggers": [],
    "Execution Time": 759.91
  }
]