[
    {
        "Bao": {
            "Bao prediction": "NaN",
            "Bao recommended hint": "(no hint)"
        }
    },
    {
        "Plan": {
            "Node Type": "Aggregate",
            "Strategy": "Plain",
            "Partial Mode": "Finalize",
            "Parallel Aware": false,
            "Startup Cost": 377630.13,
            "Total Cost": 377630.14,
            "Plan Rows": 1,
            "Plan Width": 8,
            "Actual Startup Time": 1868.855,
            "Actual Total Time": 1910.765,
            "Actual Rows": 1,
            "Actual Loops": 1,
            "Output": [
                "count(*)"
            ],
            "Plans": [
                {
                    "Node Type": "Gather",
                    "Parent Relationship": "Outer",
                    "Parallel Aware": false,
                    "Startup Cost": 377629.5,
                    "Total Cost": 377630.11,
                    "Plan Rows": 6,
                    "Plan Width": 8,
                    "Actual Startup Time": 1867.138,
                    "Actual Total Time": 1910.753,
                    "Actual Rows": 7,
                    "Actual Loops": 1,
                    "Output": [
                        "(PARTIAL count(*))"
                    ],
                    "Workers Planned": 6,
                    "Workers Launched": 6,
                    "Single Copy": false,
                    "Plans": [
                        {
                            "Node Type": "Aggregate",
                            "Strategy": "Plain",
                            "Partial Mode": "Partial",
                            "Parent Relationship": "Outer",
                            "Parallel Aware": false,
                            "Startup Cost": 376629.5,
                            "Total Cost": 376629.51,
                            "Plan Rows": 1,
                            "Plan Width": 8,
                            "Actual Startup Time": 1856.845,
                            "Actual Total Time": 1856.848,
                            "Actual Rows": 1,
                            "Actual Loops": 7,
                            "Output": [
                                "PARTIAL count(*)"
                            ],
                            "Workers": [
                                {
                                    "Worker Number": 0,
                                    "Actual Startup Time": 1854.417,
                                    "Actual Total Time": 1854.419,
                                    "Actual Rows": 1,
                                    "Actual Loops": 1
                                },
                                {
                                    "Worker Number": 1,
                                    "Actual Startup Time": 1855.077,
                                    "Actual Total Time": 1855.08,
                                    "Actual Rows": 1,
                                    "Actual Loops": 1
                                },
                                {
                                    "Worker Number": 2,
                                    "Actual Startup Time": 1854.935,
                                    "Actual Total Time": 1854.937,
                                    "Actual Rows": 1,
                                    "Actual Loops": 1
                                },
                                {
                                    "Worker Number": 3,
                                    "Actual Startup Time": 1855.368,
                                    "Actual Total Time": 1855.371,
                                    "Actual Rows": 1,
                                    "Actual Loops": 1
                                },
                                {
                                    "Worker Number": 4,
                                    "Actual Startup Time": 1855.575,
                                    "Actual Total Time": 1855.578,
                                    "Actual Rows": 1,
                                    "Actual Loops": 1
                                },
                                {
                                    "Worker Number": 5,
                                    "Actual Startup Time": 1856.022,
                                    "Actual Total Time": 1856.025,
                                    "Actual Rows": 1,
                                    "Actual Loops": 1
                                }
                            ],
                            "Plans": [
                                {
                                    "Node Type": "Hash Join",
                                    "Parent Relationship": "Outer",
                                    "Parallel Aware": true,
                                    "Join Type": "Inner",
                                    "Startup Cost": 46228.36,
                                    "Total Cost": 375197.26,
                                    "Plan Rows": 572897,
                                    "Plan Width": 0,
                                    "Actual Startup Time": 105.598,
                                    "Actual Total Time": 1823.193,
                                    "Actual Rows": 495202,
                                    "Actual Loops": 7,
                                    "Inner Unique": true,
                                    "Hash Cond": "(ci.movie_id = t.id)",
                                    "Workers": [
                                        {
                                            "Worker Number": 0,
                                            "Actual Startup Time": 103.228,
                                            "Actual Total Time": 1821.11,
                                            "Actual Rows": 477085,
                                            "Actual Loops": 1
                                        },
                                        {
                                            "Worker Number": 1,
                                            "Actual Startup Time": 103.501,
                                            "Actual Total Time": 1822.181,
                                            "Actual Rows": 484897,
                                            "Actual Loops": 1
                                        },
                                        {
                                            "Worker Number": 2,
                                            "Actual Startup Time": 103.677,
                                            "Actual Total Time": 1821.709,
                                            "Actual Rows": 483750,
                                            "Actual Loops": 1
                                        },
                                        {
                                            "Worker Number": 3,
                                            "Actual Startup Time": 104.337,
                                            "Actual Total Time": 1821.696,
                                            "Actual Rows": 504564,
                                            "Actual Loops": 1
                                        },
                                        {
                                            "Worker Number": 4,
                                            "Actual Startup Time": 104.346,
                                            "Actual Total Time": 1822.613,
                                            "Actual Rows": 477174,
                                            "Actual Loops": 1
                                        },
                                        {
                                            "Worker Number": 5,
                                            "Actual Startup Time": 104.846,
                                            "Actual Total Time": 1822.421,
                                            "Actual Rows": 479783,
                                            "Actual Loops": 1
                                        }
                                    ],
                                    "Plans": [
                                        {
                                            "Node Type": "Seq Scan",
                                            "Parent Relationship": "Outer",
                                            "Parallel Aware": true,
                                            "Relation Name": "cast_info",
                                            "Schema": "public",
                                            "Alias": "ci",
                                            "Startup Cost": 0.0,
                                            "Total Cost": 313108.29,
                                            "Plan Rows": 6042129,
                                            "Plan Width": 4,
                                            "Actual Startup Time": 0.034,
                                            "Actual Total Time": 653.453,
                                            "Actual Rows": 5177763,
                                            "Actual Loops": 7,
                                            "Output": [
                                                "ci.id",
                                                "ci.person_id",
                                                "ci.movie_id",
                                                "ci.person_role_id",
                                                "ci.note",
                                                "ci.nr_order",
                                                "ci.role_id"
                                            ],
                                            "Workers": [
                                                {
                                                    "Worker Number": 0,
                                                    "Actual Startup Time": 0.044,
                                                    "Actual Total Time": 654.405,
                                                    "Actual Rows": 5008090,
                                                    "Actual Loops": 1
                                                },
                                                {
                                                    "Worker Number": 1,
                                                    "Actual Startup Time": 0.035,
                                                    "Actual Total Time": 671.697,
                                                    "Actual Rows": 5041240,
                                                    "Actual Loops": 1
                                                },
                                                {
                                                    "Worker Number": 2,
                                                    "Actual Startup Time": 0.031,
                                                    "Actual Total Time": 672.068,
                                                    "Actual Rows": 5025937,
                                                    "Actual Loops": 1
                                                },
                                                {
                                                    "Worker Number": 3,
                                                    "Actual Startup Time": 0.049,
                                                    "Actual Total Time": 655.553,
                                                    "Actual Rows": 5172170,
                                                    "Actual Loops": 1
                                                },
                                                {
                                                    "Worker Number": 4,
                                                    "Actual Startup Time": 0.03,
                                                    "Actual Total Time": 672.653,
                                                    "Actual Rows": 4998078,
                                                    "Actual Loops": 1
                                                },
                                                {
                                                    "Worker Number": 5,
                                                    "Actual Startup Time": 0.035,
                                                    "Actual Total Time": 657.141,
                                                    "Actual Rows": 5013478,
                                                    "Actual Loops": 1
                                                }
                                            ]
                                        },
                                        {
                                            "Node Type": "Hash",
                                            "Parent Relationship": "Inner",
                                            "Parallel Aware": true,
                                            "Startup Cost": 45479.21,
                                            "Total Cost": 45479.21,
                                            "Plan Rows": 59932,
                                            "Plan Width": 4,
                                            "Actual Startup Time": 103.7,
                                            "Actual Total Time": 103.7,
                                            "Actual Rows": 28595,
                                            "Actual Loops": 7,
                                            "Output": [
                                                "t.id"
                                            ],
                                            "Hash Buckets": 262144,
                                            "Original Hash Buckets": 262144,
                                            "Hash Batches": 1,
                                            "Original Hash Batches": 1,
                                            "Peak Memory Usage": 9984,
                                            "Workers": [
                                                {
                                                    "Worker Number": 0,
                                                    "Actual Startup Time": 102.1,
                                                    "Actual Total Time": 102.101,
                                                    "Actual Rows": 27438,
                                                    "Actual Loops": 1
                                                },
                                                {
                                                    "Worker Number": 1,
                                                    "Actual Startup Time": 102.751,
                                                    "Actual Total Time": 102.752,
                                                    "Actual Rows": 25965,
                                                    "Actual Loops": 1
                                                },
                                                {
                                                    "Worker Number": 2,
                                                    "Actual Startup Time": 102.666,
                                                    "Actual Total Time": 102.667,
                                                    "Actual Rows": 26163,
                                                    "Actual Loops": 1
                                                },
                                                {
                                                    "Worker Number": 3,
                                                    "Actual Startup Time": 103.1,
                                                    "Actual Total Time": 103.101,
                                                    "Actual Rows": 26413,
                                                    "Actual Loops": 1
                                                },
                                                {
                                                    "Worker Number": 4,
                                                    "Actual Startup Time": 103.283,
                                                    "Actual Total Time": 103.284,
                                                    "Actual Rows": 26521,
                                                    "Actual Loops": 1
                                                },
                                                {
                                                    "Worker Number": 5,
                                                    "Actual Startup Time": 103.61,
                                                    "Actual Total Time": 103.611,
                                                    "Actual Rows": 26995,
                                                    "Actual Loops": 1
                                                }
                                            ],
                                            "Plans": [
                                                {
                                                    "Node Type": "Seq Scan",
                                                    "Parent Relationship": "Outer",
                                                    "Parallel Aware": true,
                                                    "Relation Name": "title",
                                                    "Schema": "public",
                                                    "Alias": "t",
                                                    "Startup Cost": 0.0,
                                                    "Total Cost": 45479.21,
                                                    "Plan Rows": 59932,
                                                    "Plan Width": 4,
                                                    "Actual Startup Time": 46.686,
                                                    "Actual Total Time": 90.287,
                                                    "Actual Rows": 28595,
                                                    "Actual Loops": 7,
                                                    "Output": [
                                                        "t.id"
                                                    ],
                                                    "Filter": "((t.production_year > 2006) AND (t.kind_id = 1))",
                                                    "Rows Removed by Filter": 332592,
                                                    "Workers": [
                                                        {
                                                            "Worker Number": 0,
                                                            "Actual Startup Time": 52.249,
                                                            "Actual Total Time": 89.8,
                                                            "Actual Rows": 27438,
                                                            "Actual Loops": 1
                                                        },
                                                        {
                                                            "Worker Number": 1,
                                                            "Actual Startup Time": 52.456,
                                                            "Actual Total Time": 89.407,
                                                            "Actual Rows": 25965,
                                                            "Actual Loops": 1
                                                        },
                                                        {
                                                            "Worker Number": 2,
                                                            "Actual Startup Time": 52.643,
                                                            "Actual Total Time": 89.375,
                                                            "Actual Rows": 26163,
                                                            "Actual Loops": 1
                                                        },
                                                        {
                                                            "Worker Number": 3,
                                                            "Actual Startup Time": 53.127,
                                                            "Actual Total Time": 89.95,
                                                            "Actual Rows": 26413,
                                                            "Actual Loops": 1
                                                        },
                                                        {
                                                            "Worker Number": 4,
                                                            "Actual Startup Time": 53.234,
                                                            "Actual Total Time": 90.396,
                                                            "Actual Rows": 26521,
                                                            "Actual Loops": 1
                                                        },
                                                        {
                                                            "Worker Number": 5,
                                                            "Actual Startup Time": 53.657,
                                                            "Actual Total Time": 91.175,
                                                            "Actual Rows": 26995,
                                                            "Actual Loops": 1
                                                        }
                                                    ]
                                                }
                                            ]
                                        }
                                    ]
                                }
                            ]
                        }
                    ]
                }
            ]
        },
        "Planning Time": 289.721,
        "Triggers": [],
        "Execution Time": 1910.85
    }
]