[
    {
        "Bao": {
            "Bao prediction": "NaN",
            "Bao recommended hint": "(no hint)"
        }
    },
    {
        "Plan": {
            "Node Type": "Aggregate",
            "Strategy": "Plain",
            "Partial Mode": "Finalize",
            "Parallel Aware": false,
            "Startup Cost": 31463.47,
            "Total Cost": 31463.48,
            "Plan Rows": 1,
            "Plan Width": 8,
            "Actual Startup Time": 94.932,
            "Actual Total Time": 100.48,
            "Actual Rows": 1,
            "Actual Loops": 1,
            "Output": [
                "count(*)"
            ],
            "Plans": [
                {
                    "Node Type": "Gather",
                    "Parent Relationship": "Outer",
                    "Parallel Aware": false,
                    "Startup Cost": 31463.15,
                    "Total Cost": 31463.46,
                    "Plan Rows": 3,
                    "Plan Width": 8,
                    "Actual Startup Time": 94.601,
                    "Actual Total Time": 100.472,
                    "Actual Rows": 4,
                    "Actual Loops": 1,
                    "Output": [
                        "(PARTIAL count(*))"
                    ],
                    "Workers Planned": 3,
                    "Workers Launched": 3,
                    "Single Copy": false,
                    "Plans": [
                        {
                            "Node Type": "Aggregate",
                            "Strategy": "Plain",
                            "Partial Mode": "Partial",
                            "Parent Relationship": "Outer",
                            "Parallel Aware": false,
                            "Startup Cost": 30463.15,
                            "Total Cost": 30463.16,
                            "Plan Rows": 1,
                            "Plan Width": 8,
                            "Actual Startup Time": 85.853,
                            "Actual Total Time": 85.855,
                            "Actual Rows": 1,
                            "Actual Loops": 4,
                            "Output": [
                                "PARTIAL count(*)"
                            ],
                            "Workers": [
                                {
                                    "Worker Number": 0,
                                    "Actual Startup Time": 82.89,
                                    "Actual Total Time": 82.891,
                                    "Actual Rows": 1,
                                    "Actual Loops": 1
                                },
                                {
                                    "Worker Number": 1,
                                    "Actual Startup Time": 82.97,
                                    "Actual Total Time": 82.972,
                                    "Actual Rows": 1,
                                    "Actual Loops": 1
                                },
                                {
                                    "Worker Number": 2,
                                    "Actual Startup Time": 83.314,
                                    "Actual Total Time": 83.316,
                                    "Actual Rows": 1,
                                    "Actual Loops": 1
                                }
                            ],
                            "Plans": [
                                {
                                    "Node Type": "Bitmap Heap Scan",
                                    "Parent Relationship": "Outer",
                                    "Parallel Aware": true,
                                    "Relation Name": "movie_companies",
                                    "Schema": "public",
                                    "Alias": "mc",
                                    "Startup Cost": 9391.42,
                                    "Total Cost": 30290.83,
                                    "Plan Rows": 68931,
                                    "Plan Width": 0,
                                    "Actual Startup Time": 22.537,
                                    "Actual Total Time": 79.852,
                                    "Actual Rows": 82091,
                                    "Actual Loops": 4,
                                    "Recheck Cond": "(mc.company_id < 312)",
                                    "Rows Removed by Index Recheck": 0,
                                    "Filter": "(mc.company_type_id = 1)",
                                    "Rows Removed by Filter": 25732,
                                    "Exact Heap Blocks": 9602,
                                    "Lossy Heap Blocks": 0,
                                    "Workers": [
                                        {
                                            "Worker Number": 0,
                                            "Actual Startup Time": 19.729,
                                            "Actual Total Time": 77.506,
                                            "Actual Rows": 41707,
                                            "Actual Loops": 1
                                        },
                                        {
                                            "Worker Number": 1,
                                            "Actual Startup Time": 19.706,
                                            "Actual Total Time": 77.557,
                                            "Actual Rows": 42645,
                                            "Actual Loops": 1
                                        },
                                        {
                                            "Worker Number": 2,
                                            "Actual Startup Time": 20.029,
                                            "Actual Total Time": 77.916,
                                            "Actual Rows": 43639,
                                            "Actual Loops": 1
                                        }
                                    ],
                                    "Plans": [
                                        {
                                            "Node Type": "Bitmap Index Scan",
                                            "Parent Relationship": "Outer",
                                            "Parallel Aware": false,
                                            "Index Name": "company_id_movie_companies",
                                            "Startup Cost": 0.0,
                                            "Total Cost": 9338.0,
                                            "Plan Rows": 435943,
                                            "Plan Width": 0,
                                            "Actual Startup Time": 28.004,
                                            "Actual Total Time": 28.004,
                                            "Actual Rows": 431290,
                                            "Actual Loops": 1,
                                            "Index Cond": "(mc.company_id < 312)"
                                        }
                                    ]
                                }
                            ]
                        }
                    ]
                }
            ]
        },
        "Planning Time": 201.505,
        "Triggers": [],
        "Execution Time": 100.585
    }
]