{
  "Plan": {
    "Node Type": "Aggregate",
    "Strategy": "Plain",
    "Partial Mode": "Simple",
    "Parallel Aware": false,
    "Startup Cost": 96731.87,
    "Total Cost": 96731.88,
    "Plan Rows": 1,
    "Plan Width": 64,
    "Actual Startup Time": 840.668,
    "Actual Total Time": 841.217,
    "Actual Rows": 1,
    "Actual Loops": 1,
    "Plans": [
      {
        "Node Type": "Gather",
        "Parent Relationship": "Outer",
        "Parallel Aware": false,
        "Startup Cost": 9548.85,
        "Total Cost": 96731.86,
        "Plan Rows": 1,
        "Plan Width": 15,
        "Actual Startup Time": 532.295,
        "Actual Total Time": 840.834,
        "Actual Rows": 5227,
        "Actual Loops": 1,
        "Workers Planned": 1,
        "Workers Launched": 0,
        "Single Copy": false,
        "Plans": [
          {
            "Node Type": "Hash Join",
            "Parent Relationship": "Outer",
            "Parallel Aware": true,
            "Join Type": "Inner",
            "Startup Cost": 8548.85,
            "Total Cost": 95731.76,
            "Plan Rows": 1,
            "Plan Width": 15,
            "Actual Startup Time": 531.378,
            "Actual Total Time": 839.065,
            "Actual Rows": 5227,
            "Actual Loops": 1,
            "Inner Unique": false,
            "Hash Cond": "(n.id = ci.person_id)",
            "Plans": [
              {
                "Node Type": "Seq Scan",
                "Parent Relationship": "Outer",
                "Parallel Aware": true,
                "Relation Name": "name",
                "Alias": "n",
                "Startup Cost": 0.0,
                "Total Cost": 86254.38,
                "Plan Rows": 247607,
                "Plan Width": 19,
                "Actual Startup Time": 115.07,
                "Actual Total Time": 368.205,
                "Actual Rows": 405267,
                "Actual Loops": 1,
                "Filter": "(name ~~ 'S%'::text)",
                "Rows Removed by Filter": 3762224
              },
              {
                "Node Type": "Hash",
                "Parent Relationship": "Inner",
                "Parallel Aware": true,
                "Startup Cost": 8548.75,
                "Total Cost": 8548.75,
                "Plan Rows": 8,
                "Plan Width": 4,
                "Actual Startup Time": 415.373,
                "Actual Total Time": 415.383,
                "Actual Rows": 53546,
                "Actual Loops": 1,
                "Hash Buckets": 65536,
                "Original Hash Buckets": 1024,
                "Hash Batches": 1,
                "Original Hash Batches": 1,
                "Peak Memory Usage": 3128,
                "Plans": [
                  {
                    "Node Type": "Nested Loop",
                    "Parent Relationship": "Outer",
                    "Parallel Aware": false,
                    "Join Type": "Inner",
                    "Startup Cost": 3806.82,
                    "Total Cost": 8548.75,
                    "Plan Rows": 8,
                    "Plan Width": 4,
                    "Actual Startup Time": 311.337,
                    "Actual Total Time": 405.027,
                    "Actual Rows": 53546,
                    "Actual Loops": 1,
                    "Inner Unique": false,
                    "Join Filter": "(t.id = ci.movie_id)",
                    "Rows Removed by Join Filter": 0,
                    "Plans": [
                      {
                        "Node Type": "Hash Join",
                        "Parent Relationship": "Outer",
                        "Parallel Aware": false,
                        "Join Type": "Inner",
                        "Startup Cost": 3806.26,
                        "Total Cost": 8546.83,
                        "Plan Rows": 1,
                        "Plan Width": 12,
                        "Actual Startup Time": 311.313,
                        "Actual Total Time": 332.121,
                        "Actual Rows": 502,
                        "Actual Loops": 1,
                        "Inner Unique": false,
                        "Hash Cond": "(cn.id = mc.company_id)",
                        "Plans": [
                          {
                            "Node Type": "Seq Scan",
                            "Parent Relationship": "Outer",
                            "Parallel Aware": true,
                            "Relation Name": "company_name",
                            "Alias": "cn",
                            "Startup Cost": 0.0,
                            "Total Cost": 4722.92,
                            "Plan Rows": 784,
                            "Plan Width": 4,
                            "Actual Startup Time": 0.038,
                            "Actual Total Time": 20.208,
                            "Actual Rows": 1361,
                            "Actual Loops": 1,
                            "Filter": "((country_code)::text = '[ru]'::text)",
                            "Rows Removed by Filter": 233636
                          },
                          {
                            "Node Type": "Hash",
                            "Parent Relationship": "Inner",
                            "Parallel Aware": false,
                            "Startup Cost": 3805.82,
                            "Total Cost": 3805.82,
                            "Plan Rows": 35,
                            "Plan Width": 16,
                            "Actual Startup Time": 311.175,
                            "Actual Total Time": 311.182,
                            "Actual Rows": 148552,
                            "Actual Loops": 1,
                            "Hash Buckets": 262144,
                            "Original Hash Buckets": 1024,
                            "Hash Batches": 1,
                            "Original Hash Batches": 1,
                            "Peak Memory Usage": 9012,
                            "Plans": [
                              {
                                "Node Type": "Nested Loop",
                                "Parent Relationship": "Outer",
                                "Parallel Aware": false,
                                "Join Type": "Inner",
                                "Startup Cost": 11.68,
                                "Total Cost": 3805.82,
                                "Plan Rows": 35,
                                "Plan Width": 16,
                                "Actual Startup Time": 12.601,
                                "Actual Total Time": 288.315,
                                "Actual Rows": 148552,
                                "Actual Loops": 1,
                                "Inner Unique": false,
                                "Join Filter": "(t.id = mc.movie_id)",
                                "Rows Removed by Join Filter": 0,
                                "Plans": [
                                  {
                                    "Node Type": "Nested Loop",
                                    "Parent Relationship": "Outer",
                                    "Parallel Aware": false,
                                    "Join Type": "Inner",
                                    "Startup Cost": 11.25,
                                    "Total Cost": 3785.25,
                                    "Plan Rows": 34,
                                    "Plan Width": 8,
                                    "Actual Startup Time": 12.561,
                                    "Actual Total Time": 149.106,
                                    "Actual Rows": 41840,
                                    "Actual Loops": 1,
                                    "Inner Unique": true,
                                    "Plans": [
                                      {
                                        "Node Type": "Nested Loop",
                                        "Parent Relationship": "Outer",
                                        "Parallel Aware": false,
                                        "Join Type": "Inner",
                                        "Startup Cost": 10.82,
                                        "Total Cost": 3768.68,
                                        "Plan Rows": 34,
                                        "Plan Width": 4,
                                        "Actual Startup Time": 12.534,
                                        "Actual Total Time": 44.992,
                                        "Actual Rows": 41840,
                                        "Actual Loops": 1,
                                        "Inner Unique": false,
                                        "Plans": [
                                          {
                                            "Node Type": "Seq Scan",
                                            "Parent Relationship": "Outer",
                                            "Parallel Aware": false,
                                            "Relation Name": "keyword",
                                            "Alias": "k",
                                            "Startup Cost": 0.0,
                                            "Total Cost": 2626.12,
                                            "Plan Rows": 1,
                                            "Plan Width": 4,
                                            "Actual Startup Time": 1.296,
                                            "Actual Total Time": 9.275,
                                            "Actual Rows": 1,
                                            "Actual Loops": 1,
                                            "Filter": "(keyword = 'character-name-in-title'::text)",
                                            "Rows Removed by Filter": 134169
                                          },
                                          {
                                            "Node Type": "Bitmap Heap Scan",
                                            "Parent Relationship": "Inner",
                                            "Parallel Aware": false,
                                            "Relation Name": "movie_keyword",
                                            "Alias": "mk",
                                            "Startup Cost": 10.82,
                                            "Total Cost": 1139.48,
                                            "Plan Rows": 308,
                                            "Plan Width": 8,
                                            "Actual Startup Time": 11.223,
                                            "Actual Total Time": 32.163,
                                            "Actual Rows": 41840,
                                            "Actual Loops": 1,
                                            "Recheck Cond": "(keyword_id = k.id)",
                                            "Rows Removed by Index Recheck": 0,
                                            "Exact Heap Blocks": 11541,
                                            "Lossy Heap Blocks": 0,
                                            "Plans": [
                                              {
                                                "Node Type": "Bitmap Index Scan",
                                                "Parent Relationship": "Outer",
                                                "Parallel Aware": false,
                                                "Index Name": "keyword_id_movie_keyword",
                                                "Startup Cost": 0.0,
                                                "Total Cost": 10.74,
                                                "Plan Rows": 308,
                                                "Plan Width": 0,
                                                "Actual Startup Time": 7.248,
                                                "Actual Total Time": 7.248,
                                                "Actual Rows": 41840,
                                                "Actual Loops": 1,
                                                "Index Cond": "(keyword_id = k.id)"
                                              }
                                            ]
                                          }
                                        ]
                                      },
                                      {
                                        "Node Type": "Index Only Scan",
                                        "Parent Relationship": "Inner",
                                        "Parallel Aware": false,
                                        "Scan Direction": "Forward",
                                        "Index Name": "title_pkey",
                                        "Relation Name": "title",
                                        "Alias": "t",
                                        "Startup Cost": 0.43,
                                        "Total Cost": 0.49,
                                        "Plan Rows": 1,
                                        "Plan Width": 4,
                                        "Actual Startup Time": 0.002,
                                        "Actual Total Time": 0.002,
                                        "Actual Rows": 1,
                                        "Actual Loops": 41840,
                                        "Index Cond": "(id = mk.movie_id)",
                                        "Rows Removed by Index Recheck": 0,
                                        "Heap Fetches": 41840
                                      }
                                    ]
                                  },
                                  {
                                    "Node Type": "Index Scan",
                                    "Parent Relationship": "Inner",
                                    "Parallel Aware": false,
                                    "Scan Direction": "Forward",
                                    "Index Name": "movie_id_movie_companies",
                                    "Relation Name": "movie_companies",
                                    "Alias": "mc",
                                    "Startup Cost": 0.43,
                                    "Total Cost": 0.54,
                                    "Plan Rows": 5,
                                    "Plan Width": 8,
                                    "Actual Startup Time": 0.002,
                                    "Actual Total Time": 0.003,
                                    "Actual Rows": 4,
                                    "Actual Loops": 41840,
                                    "Index Cond": "(movie_id = mk.movie_id)",
                                    "Rows Removed by Index Recheck": 0
                                  }
                                ]
                              }
                            ]
                          }
                        ]
                      },
                      {
                        "Node Type": "Index Scan",
                        "Parent Relationship": "Inner",
                        "Parallel Aware": false,
                        "Scan Direction": "Forward",
                        "Index Name": "movie_id_cast_info",
                        "Relation Name": "cast_info",
                        "Alias": "ci",
                        "Startup Cost": 0.56,
                        "Total Cost": 1.5,
                        "Plan Rows": 34,
                        "Plan Width": 8,
                        "Actual Startup Time": 0.008,
                        "Actual Total Time": 0.134,
                        "Actual Rows": 107,
                        "Actual Loops": 502,
                        "Index Cond": "(movie_id = mk.movie_id)",
                        "Rows Removed by Index Recheck": 0
                      }
                    ]
                  }
                ]
              }
            ]
          }
        ]
      }
    ]
  },
  "Planning Time": 2.163,
  "Triggers": [],
  "Execution Time": 841.457
}