{
  "Plan": {
    "Node Type": "Aggregate",
    "Strategy": "Plain",
    "Partial Mode": "Finalize",
    "Parallel Aware": false,
    "Startup Cost": 105422.91,
    "Total Cost": 105422.92,
    "Plan Rows": 1,
    "Plan Width": 8,
    "Actual Startup Time": 543.293,
    "Actual Total Time": 561.898,
    "Actual Rows": 1,
    "Actual Loops": 1,
    "Plans": [
      {
        "Node Type": "Gather",
        "Parent Relationship": "Outer",
        "Parallel Aware": false,
        "Startup Cost": 105422.79,
        "Total Cost": 105422.9,
        "Plan Rows": 1,
        "Plan Width": 8,
        "Actual Startup Time": 541.457,
        "Actual Total Time": 561.891,
        "Actual Rows": 2,
        "Actual Loops": 1,
        "Workers Planned": 1,
        "Workers Launched": 1,
        "Single Copy": false,
        "Plans": [
          {
            "Node Type": "Aggregate",
            "Strategy": "Plain",
            "Partial Mode": "Partial",
            "Parent Relationship": "Outer",
            "Parallel Aware": false,
            "Startup Cost": 104422.79,
            "Total Cost": 104422.8,
            "Plan Rows": 1,
            "Plan Width": 8,
            "Actual Startup Time": 535.56,
            "Actual Total Time": 535.564,
            "Actual Rows": 1,
            "Actual Loops": 2,
            "Plans": [
              {
                "Node Type": "Hash Join",
                "Parent Relationship": "Outer",
                "Parallel Aware": true,
                "Join Type": "Inner",
                "Startup Cost": 63896.79,
                "Total Cost": 103854.81,
                "Plan Rows": 227194,
                "Plan Width": 0,
                "Actual Startup Time": 286.753,
                "Actual Total Time": 531.032,
                "Actual Rows": 88979,
                "Actual Loops": 2,
                "Inner Unique": true,
                "Hash Cond": "(mc.movie_id = t.id)",
                "Plans": [
                  {
                    "Node Type": "Seq Scan",
                    "Parent Relationship": "Outer",
                    "Parallel Aware": true,
                    "Relation Name": "movie_companies",
                    "Alias": "mc",
                    "Startup Cost": 0.0,
                    "Total Cost": 37974.77,
                    "Plan Rows": 755522,
                    "Plan Width": 4,
                    "Actual Startup Time": 0.016,
                    "Actual Total Time": 129.126,
                    "Actual Rows": 637123,
                    "Actual Loops": 2,
                    "Filter": "(company_type_id = 1)",
                    "Rows Removed by Filter": 667442
                  },
                  {
                    "Node Type": "Hash",
                    "Parent Relationship": "Inner",
                    "Parallel Aware": true,
                    "Startup Cost": 58306.47,
                    "Total Cost": 58306.47,
                    "Plan Rows": 447226,
                    "Plan Width": 4,
                    "Actual Startup Time": 277.062,
                    "Actual Total Time": 277.063,
                    "Actual Rows": 341140,
                    "Actual Loops": 2,
                    "Hash Buckets": 1048576,
                    "Original Hash Buckets": 1048576,
                    "Hash Batches": 1,
                    "Original Hash Batches": 1,
                    "Peak Memory Usage": 34912,
                    "Plans": [
                      {
                        "Node Type": "Seq Scan",
                        "Parent Relationship": "Outer",
                        "Parallel Aware": true,
                        "Relation Name": "title",
                        "Alias": "t",
                        "Startup Cost": 0.0,
                        "Total Cost": 58306.47,
                        "Plan Rows": 447226,
                        "Plan Width": 4,
                        "Actual Startup Time": 0.036,
                        "Actual Total Time": 180.907,
                        "Actual Rows": 341140,
                        "Actual Loops": 2,
                        "Filter": "((production_year < 2004) AND (kind_id = 7))",
                        "Rows Removed by Filter": 923016
                      }
                    ]
                  }
                ]
              }
            ]
          }
        ]
      }
    ]
  },
  "Planning Time": 0.638,
  "Triggers": [],
  "Execution Time": 561.969
}