[
  {
    "Plan": {
      "Node Type": "Aggregate",
      "Strategy": "Plain",
      "Partial Mode": "Finalize",
      "Parallel Aware": false,
      "Startup Cost": 28026.72,
      "Total Cost": 28026.73,
      "Plan Rows": 1,
      "Plan Width": 8,
      "Actual Startup Time": 72.747,
      "Actual Total Time": 77.029,
      "Actual Rows": 1,
      "Actual Loops": 1,
      "Plans": [
        {
          "Node Type": "Gather",
          "Parent Relationship": "Outer",
          "Parallel Aware": false,
          "Startup Cost": 28026.4,
          "Total Cost": 28026.71,
          "Plan Rows": 3,
          "Plan Width": 8,
          "Actual Startup Time": 72.571,
          "Actual Total Time": 77.021,
          "Actual Rows": 4,
          "Actual Loops": 1,
          "Workers Planned": 3,
          "Workers Launched": 3,
          "Single Copy": false,
          "Plans": [
            {
              "Node Type": "Aggregate",
              "Strategy": "Plain",
              "Partial Mode": "Partial",
              "Parent Relationship": "Outer",
              "Parallel Aware": false,
              "Startup Cost": 27026.4,
              "Total Cost": 27026.41,
              "Plan Rows": 1,
              "Plan Width": 8,
              "Actual Startup Time": 63.491,
              "Actual Total Time": 63.492,
              "Actual Rows": 1,
              "Actual Loops": 4,
              "Plans": [
                {
                  "Node Type": "Bitmap Heap Scan",
                  "Parent Relationship": "Outer",
                  "Parallel Aware": true,
                  "Relation Name": "movie_companies",
                  "Alias": "mc",
                  "Startup Cost": 6732.76,
                  "Total Cost": 26775.79,
                  "Plan Rows": 100243,
                  "Plan Width": 0,
                  "Actual Startup Time": 26.521,
                  "Actual Total Time": 57.661,
                  "Actual Rows": 77177,
                  "Actual Loops": 4,
                  "Recheck Cond": "(company_id > 92824)",
                  "Rows Removed by Index Recheck": 0,
                  "Exact Heap Blocks": 2663,
                  "Lossy Heap Blocks": 0,
                  "Plans": [
                    {
                      "Node Type": "Bitmap Index Scan",
                      "Parent Relationship": "Outer",
                      "Parallel Aware": false,
                      "Index Name": "company_id_movie_companies",
                      "Startup Cost": 0.0,
                      "Total Cost": 6655.07,
                      "Plan Rows": 310752,
                      "Plan Width": 0,
                      "Actual Startup Time": 33.64,
                      "Actual Total Time": 33.641,
                      "Actual Rows": 308708,
                      "Actual Loops": 1,
                      "Index Cond": "(company_id > 92824)"
                    }
                  ]
                }
              ]
            }
          ]
        }
      ]
    },
    "Planning Time": 0.172,
    "Triggers": [],
    "Execution Time": 77.109
  }
]