{
    "Plan": {
        "Node Type": "Aggregate",
        "Strategy": "Plain",
        "Partial Mode": "Simple",
        "Parallel Aware": false,
        "Startup Cost": 80000528705.57,
        "Total Cost": 80000528705.58,
        "Plan Rows": 1,
        "Plan Width": 64,
        "Actual Startup Time": 5726.209,
        "Actual Total Time": 5726.217,
        "Actual Rows": 1,
        "Actual Loops": 1,
        "Output": [
            "min(mi_idx.info)",
            "min(t.title)"
        ],
        "Plans": [
            {
                "Node Type": "Nested Loop",
                "Parent Relationship": "Outer",
                "Parallel Aware": false,
                "Join Type": "Inner",
                "Startup Cost": 80000502044.3,
                "Total Cost": 80000528705.57,
                "Plan Rows": 1,
                "Plan Width": 22,
                "Actual Startup Time": 5636.389,
                "Actual Total Time": 5726.205,
                "Actual Rows": 1,
                "Actual Loops": 1,
                "Output": [
                    "mi_idx.info",
                    "t.title"
                ],
                "Inner Unique": true,
                "Plans": [
                    {
                        "Node Type": "Nested Loop",
                        "Parent Relationship": "Outer",
                        "Parallel Aware": false,
                        "Join Type": "Inner",
                        "Startup Cost": 70000502044.12,
                        "Total Cost": 70000528697.35,
                        "Plan Rows": 1,
                        "Plan Width": 26,
                        "Actual Startup Time": 5636.366,
                        "Actual Total Time": 5726.18,
                        "Actual Rows": 1,
                        "Actual Loops": 1,
                        "Output": [
                            "mi_idx.info",
                            "t.title",
                            "t.kind_id"
                        ],
                        "Inner Unique": true,
                        "Plans": [
                            {
                                "Node Type": "Nested Loop",
                                "Parent Relationship": "Outer",
                                "Parallel Aware": false,
                                "Join Type": "Inner",
                                "Startup Cost": 60000502043.69,
                                "Total Cost": 60000528690.23,
                                "Plan Rows": 1,
                                "Plan Width": 30,
                                "Actual Startup Time": 3360.169,
                                "Actual Total Time": 5722.422,
                                "Actual Rows": 615,
                                "Actual Loops": 1,
                                "Output": [
                                    "mi_idx.info",
                                    "mk.keyword_id",
                                    "t.title",
                                    "t.kind_id"
                                ],
                                "Inner Unique": false,
                                "Join Filter": "(t.id = mk.movie_id)",
                                "Rows Removed by Join Filter": 0,
                                "Plans": [
                                    {
                                        "Node Type": "Nested Loop",
                                        "Parent Relationship": "Outer",
                                        "Parallel Aware": false,
                                        "Join Type": "Inner",
                                        "Startup Cost": 50000502042.77,
                                        "Total Cost": 50000528684.16,
                                        "Plan Rows": 1,
                                        "Plan Width": 38,
                                        "Actual Startup Time": 3360.14,
                                        "Actual Total Time": 5721.89,
                                        "Actual Rows": 24,
                                        "Actual Loops": 1,
                                        "Output": [
                                            "mi.movie_id",
                                            "mi_idx.info",
                                            "mi_idx.movie_id",
                                            "t.title",
                                            "t.kind_id",
                                            "t.id"
                                        ],
                                        "Inner Unique": true,
                                        "Plans": [
                                            {
                                                "Node Type": "Nested Loop",
                                                "Parent Relationship": "Outer",
                                                "Parallel Aware": false,
                                                "Join Type": "Inner",
                                                "Startup Cost": 40000502042.62,
                                                "Total Cost": 40000528675.98,
                                                "Plan Rows": 1,
                                                "Plan Width": 42,
                                                "Actual Startup Time": 3360.115,
                                                "Actual Total Time": 5721.636,
                                                "Actual Rows": 38,
                                                "Actual Loops": 1,
                                                "Output": [
                                                    "mi.movie_id",
                                                    "mi_idx.info",
                                                    "mi_idx.movie_id",
                                                    "mi_idx.info_type_id",
                                                    "t.title",
                                                    "t.kind_id",
                                                    "t.id"
                                                ],
                                                "Inner Unique": false,
                                                "Join Filter": "(t.id = mi_idx.movie_id)",
                                                "Rows Removed by Join Filter": 0,
                                                "Plans": [
                                                    {
                                                        "Node Type": "Nested Loop",
                                                        "Parent Relationship": "Outer",
                                                        "Parallel Aware": false,
                                                        "Join Type": "Inner",
                                                        "Startup Cost": 30000502042.13,
                                                        "Total Cost": 30000528671.44,
                                                        "Plan Rows": 1,
                                                        "Plan Width": 29,
                                                        "Actual Startup Time": 3063.677,
                                                        "Actual Total Time": 5719.932,
                                                        "Actual Rows": 196,
                                                        "Actual Loops": 1,
                                                        "Output": [
                                                            "mi.movie_id",
                                                            "t.title",
                                                            "t.kind_id",
                                                            "t.id"
                                                        ],
                                                        "Inner Unique": true,
                                                        "Plans": [
                                                            {
                                                                "Node Type": "Hash Join",
                                                                "Parent Relationship": "Outer",
                                                                "Parallel Aware": false,
                                                                "Join Type": "Inner",
                                                                "Startup Cost": 20000502041.64,
                                                                "Total Cost": 20000502907.0,
                                                                "Plan Rows": 5705,
                                                                "Plan Width": 4,
                                                                "Actual Startup Time": 3061.266,
                                                                "Actual Total Time": 3152.542,
                                                                "Actual Rows": 564688,
                                                                "Actual Loops": 1,
                                                                "Output": [
                                                                    "mi.movie_id"
                                                                ],
                                                                "Inner Unique": false,
                                                                "Hash Cond": "(it1.id = mi.info_type_id)",
                                                                "Plans": [
                                                                    {
                                                                        "Node Type": "Seq Scan",
                                                                        "Parent Relationship": "Outer",
                                                                        "Parallel Aware": false,
                                                                        "Relation Name": "info_type",
                                                                        "Schema": "public",
                                                                        "Alias": "it1",
                                                                        "Startup Cost": 10000000000.0,
                                                                        "Total Cost": 10000000002.41,
                                                                        "Plan Rows": 1,
                                                                        "Plan Width": 4,
                                                                        "Actual Startup Time": 0.033,
                                                                        "Actual Total Time": 0.04,
                                                                        "Actual Rows": 1,
                                                                        "Actual Loops": 1,
                                                                        "Output": [
                                                                            "it1.id",
                                                                            "it1.info"
                                                                        ],
                                                                        "Filter": "((it1.info)::text = 'countries'::text)",
                                                                        "Rows Removed by Filter": 112
                                                                    },
                                                                    {
                                                                        "Node Type": "Hash",
                                                                        "Parent Relationship": "Inner",
                                                                        "Parallel Aware": false,
                                                                        "Startup Cost": 10000493982.64,
                                                                        "Total Cost": 10000493982.64,
                                                                        "Plan Rows": 644720,
                                                                        "Plan Width": 8,
                                                                        "Actual Startup Time": 3059.682,
                                                                        "Actual Total Time": 3059.683,
                                                                        "Actual Rows": 665418,
                                                                        "Actual Loops": 1,
                                                                        "Output": [
                                                                            "mi.movie_id",
                                                                            "mi.info_type_id"
                                                                        ],
                                                                        "Hash Buckets": 1048576,
                                                                        "Original Hash Buckets": 1048576,
                                                                        "Hash Batches": 1,
                                                                        "Original Hash Batches": 1,
                                                                        "Peak Memory Usage": 34185,
                                                                        "Plans": [
                                                                            {
                                                                                "Node Type": "Seq Scan",
                                                                                "Parent Relationship": "Outer",
                                                                                "Parallel Aware": false,
                                                                                "Relation Name": "movie_info",
                                                                                "Schema": "public",
                                                                                "Alias": "mi",
                                                                                "Startup Cost": 10000000000.0,
                                                                                "Total Cost": 10000493982.64,
                                                                                "Plan Rows": 644720,
                                                                                "Plan Width": 8,
                                                                                "Actual Startup Time": 3.732,
                                                                                "Actual Total Time": 2995.491,
                                                                                "Actual Rows": 665418,
                                                                                "Actual Loops": 1,
                                                                                "Output": [
                                                                                    "mi.movie_id",
                                                                                    "mi.info_type_id"
                                                                                ],
                                                                                "Filter": "(mi.info = ANY ('{American,Danish,Norwegian,Denmark,Sweden,Norway,America,Swedish,German,USA}'::text[]))",
                                                                                "Rows Removed by Filter": 14170302
                                                                            }
                                                                        ]
                                                                    }
                                                                ]
                                                            },
                                                            {
                                                                "Node Type": "Bitmap Heap Scan",
                                                                "Parent Relationship": "Inner",
                                                                "Parallel Aware": false,
                                                                "Relation Name": "title",
                                                                "Schema": "public",
                                                                "Alias": "t",
                                                                "Startup Cost": 0.49,
                                                                "Total Cost": 4.52,
                                                                "Plan Rows": 1,
                                                                "Plan Width": 25,
                                                                "Actual Startup Time": 0.003,
                                                                "Actual Total Time": 0.003,
                                                                "Actual Rows": 0,
                                                                "Actual Loops": 564688,
                                                                "Output": [
                                                                    "t.id",
                                                                    "t.title",
                                                                    "t.imdb_index",
                                                                    "t.kind_id",
                                                                    "t.production_year",
                                                                    "t.imdb_id",
                                                                    "t.phonetic_code",
                                                                    "t.episode_of_id",
                                                                    "t.season_nr",
                                                                    "t.episode_nr",
                                                                    "t.series_years",
                                                                    "t.md5sum"
                                                                ],
                                                                "Recheck Cond": "(t.id = mi.movie_id)",
                                                                "Rows Removed by Index Recheck": 0,
                                                                "Filter": "((t.production_year > 2008) AND ((t.title ~~ '%murder%'::text) OR (t.title ~~ '%Murder%'::text) OR (t.title ~~ '%Mord%'::text)))",
                                                                "Rows Removed by Filter": 1,
                                                                "Exact Heap Blocks": 564688,
                                                                "Lossy Heap Blocks": 0,
                                                                "Plans": [
                                                                    {
                                                                        "Node Type": "Bitmap Index Scan",
                                                                        "Parent Relationship": "Outer",
                                                                        "Parallel Aware": false,
                                                                        "Index Name": "title_pkey",
                                                                        "Startup Cost": 0.0,
                                                                        "Total Cost": 0.49,
                                                                        "Plan Rows": 1,
                                                                        "Plan Width": 0,
                                                                        "Actual Startup Time": 0.002,
                                                                        "Actual Total Time": 0.002,
                                                                        "Actual Rows": 1,
                                                                        "Actual Loops": 564688,
                                                                        "Index Cond": "(t.id = mi.movie_id)"
                                                                    }
                                                                ]
                                                            }
                                                        ]
                                                    },
                                                    {
                                                        "Node Type": "Bitmap Heap Scan",
                                                        "Parent Relationship": "Inner",
                                                        "Parallel Aware": false,
                                                        "Relation Name": "movie_info_idx",
                                                        "Schema": "public",
                                                        "Alias": "mi_idx",
                                                        "Startup Cost": 0.49,
                                                        "Total Cost": 4.53,
                                                        "Plan Rows": 1,
                                                        "Plan Width": 13,
                                                        "Actual Startup Time": 0.007,
                                                        "Actual Total Time": 0.007,
                                                        "Actual Rows": 0,
                                                        "Actual Loops": 196,
                                                        "Output": [
                                                            "mi_idx.id",
                                                            "mi_idx.movie_id",
                                                            "mi_idx.info_type_id",
                                                            "mi_idx.info",
                                                            "mi_idx.note"
                                                        ],
                                                        "Recheck Cond": "(mi_idx.movie_id = mi.movie_id)",
                                                        "Rows Removed by Index Recheck": 0,
                                                        "Filter": "(mi_idx.info > '7.0'::text)",
                                                        "Rows Removed by Filter": 1,
                                                        "Exact Heap Blocks": 71,
                                                        "Lossy Heap Blocks": 0,
                                                        "Plans": [
                                                            {
                                                                "Node Type": "Bitmap Index Scan",
                                                                "Parent Relationship": "Outer",
                                                                "Parallel Aware": false,
                                                                "Index Name": "movie_id_movie_info_idx",
                                                                "Startup Cost": 0.0,
                                                                "Total Cost": 0.49,
                                                                "Plan Rows": 3,
                                                                "Plan Width": 0,
                                                                "Actual Startup Time": 0.006,
                                                                "Actual Total Time": 0.006,
                                                                "Actual Rows": 1,
                                                                "Actual Loops": 196,
                                                                "Index Cond": "(mi_idx.movie_id = mi.movie_id)"
                                                            }
                                                        ]
                                                    }
                                                ]
                                            },
                                            {
                                                "Node Type": "Bitmap Heap Scan",
                                                "Parent Relationship": "Inner",
                                                "Parallel Aware": false,
                                                "Relation Name": "info_type",
                                                "Schema": "public",
                                                "Alias": "it2",
                                                "Startup Cost": 0.15,
                                                "Total Cost": 4.17,
                                                "Plan Rows": 1,
                                                "Plan Width": 4,
                                                "Actual Startup Time": 0.004,
                                                "Actual Total Time": 0.004,
                                                "Actual Rows": 1,
                                                "Actual Loops": 38,
                                                "Output": [
                                                    "it2.id",
                                                    "it2.info"
                                                ],
                                                "Recheck Cond": "(it2.id = mi_idx.info_type_id)",
                                                "Rows Removed by Index Recheck": 0,
                                                "Filter": "((it2.info)::text = 'rating'::text)",
                                                "Rows Removed by Filter": 0,
                                                "Exact Heap Blocks": 38,
                                                "Lossy Heap Blocks": 0,
                                                "Plans": [
                                                    {
                                                        "Node Type": "Bitmap Index Scan",
                                                        "Parent Relationship": "Outer",
                                                        "Parallel Aware": false,
                                                        "Index Name": "info_type_pkey",
                                                        "Startup Cost": 0.0,
                                                        "Total Cost": 0.15,
                                                        "Plan Rows": 1,
                                                        "Plan Width": 0,
                                                        "Actual Startup Time": 0.002,
                                                        "Actual Total Time": 0.002,
                                                        "Actual Rows": 1,
                                                        "Actual Loops": 38,
                                                        "Index Cond": "(it2.id = mi_idx.info_type_id)"
                                                    }
                                                ]
                                            }
                                        ]
                                    },
                                    {
                                        "Node Type": "Bitmap Heap Scan",
                                        "Parent Relationship": "Inner",
                                        "Parallel Aware": false,
                                        "Relation Name": "movie_keyword",
                                        "Schema": "public",
                                        "Alias": "mk",
                                        "Startup Cost": 0.92,
                                        "Total Cost": 5.5,
                                        "Plan Rows": 46,
                                        "Plan Width": 8,
                                        "Actual Startup Time": 0.011,
                                        "Actual Total Time": 0.015,
                                        "Actual Rows": 26,
                                        "Actual Loops": 24,
                                        "Output": [
                                            "mk.id",
                                            "mk.movie_id",
                                            "mk.keyword_id"
                                        ],
                                        "Recheck Cond": "(mk.movie_id = mi.movie_id)",
                                        "Rows Removed by Index Recheck": 0,
                                        "Exact Heap Blocks": 24,
                                        "Lossy Heap Blocks": 0,
                                        "Plans": [
                                            {
                                                "Node Type": "Bitmap Index Scan",
                                                "Parent Relationship": "Outer",
                                                "Parallel Aware": false,
                                                "Index Name": "movie_id_movie_keyword",
                                                "Startup Cost": 0.0,
                                                "Total Cost": 0.91,
                                                "Plan Rows": 46,
                                                "Plan Width": 0,
                                                "Actual Startup Time": 0.007,
                                                "Actual Total Time": 0.007,
                                                "Actual Rows": 26,
                                                "Actual Loops": 24,
                                                "Index Cond": "(mk.movie_id = mi.movie_id)"
                                            }
                                        ]
                                    }
                                ]
                            },
                            {
                                "Node Type": "Bitmap Heap Scan",
                                "Parent Relationship": "Inner",
                                "Parallel Aware": false,
                                "Relation Name": "keyword",
                                "Schema": "public",
                                "Alias": "k",
                                "Startup Cost": 0.43,
                                "Total Cost": 4.44,
                                "Plan Rows": 1,
                                "Plan Width": 4,
                                "Actual Startup Time": 0.005,
                                "Actual Total Time": 0.005,
                                "Actual Rows": 0,
                                "Actual Loops": 615,
                                "Output": [
                                    "k.id",
                                    "k.keyword",
                                    "k.phonetic_code"
                                ],
                                "Recheck Cond": "(k.id = mk.keyword_id)",
                                "Rows Removed by Index Recheck": 0,
                                "Filter": "(k.keyword = ANY ('{tv-special,prison}'::text[]))",
                                "Rows Removed by Filter": 1,
                                "Exact Heap Blocks": 615,
                                "Lossy Heap Blocks": 0,
                                "Plans": [
                                    {
                                        "Node Type": "Bitmap Index Scan",
                                        "Parent Relationship": "Outer",
                                        "Parallel Aware": false,
                                        "Index Name": "keyword_pkey",
                                        "Startup Cost": 0.0,
                                        "Total Cost": 0.43,
                                        "Plan Rows": 1,
                                        "Plan Width": 0,
                                        "Actual Startup Time": 0.003,
                                        "Actual Total Time": 0.003,
                                        "Actual Rows": 1,
                                        "Actual Loops": 615,
                                        "Index Cond": "(k.id = mk.keyword_id)"
                                    }
                                ]
                            }
                        ]
                    },
                    {
                        "Node Type": "Bitmap Heap Scan",
                        "Parent Relationship": "Inner",
                        "Parallel Aware": false,
                        "Relation Name": "kind_type",
                        "Schema": "public",
                        "Alias": "kt",
                        "Startup Cost": 0.18,
                        "Total Cost": 4.2,
                        "Plan Rows": 1,
                        "Plan Width": 4,
                        "Actual Startup Time": 0.017,
                        "Actual Total Time": 0.018,
                        "Actual Rows": 1,
                        "Actual Loops": 1,
                        "Output": [
                            "kt.id",
                            "kt.kind"
                        ],
                        "Recheck Cond": "(kt.id = t.kind_id)",
                        "Rows Removed by Index Recheck": 0,
                        "Filter": "((kt.kind)::text = 'episode'::text)",
                        "Rows Removed by Filter": 0,
                        "Exact Heap Blocks": 1,
                        "Lossy Heap Blocks": 0,
                        "Plans": [
                            {
                                "Node Type": "Bitmap Index Scan",
                                "Parent Relationship": "Outer",
                                "Parallel Aware": false,
                                "Index Name": "kind_type_pkey",
                                "Startup Cost": 0.0,
                                "Total Cost": 0.18,
                                "Plan Rows": 1,
                                "Plan Width": 0,
                                "Actual Startup Time": 0.014,
                                "Actual Total Time": 0.014,
                                "Actual Rows": 1,
                                "Actual Loops": 1,
                                "Index Cond": "(kt.id = t.kind_id)"
                            }
                        ]
                    }
                ]
            }
        ]
    },
    "Planning Time": 6.484,
    "Triggers": [],
    "Execution Time": 5726.697
}