[
  {
    "Plan": {
      "Node Type": "Aggregate",
      "Strategy": "Plain",
      "Partial Mode": "Finalize",
      "Parallel Aware": false,
      "Startup Cost": 99780.95,
      "Total Cost": 99780.96,
      "Plan Rows": 1,
      "Plan Width": 8,
      "Actual Startup Time": 540.506,
      "Actual Total Time": 556.533,
      "Actual Rows": 1,
      "Actual Loops": 1,
      "Plans": [
        {
          "Node Type": "Gather",
          "Parent Relationship": "Outer",
          "Parallel Aware": false,
          "Startup Cost": 99780.74,
          "Total Cost": 99780.95,
          "Plan Rows": 2,
          "Plan Width": 8,
          "Actual Startup Time": 534.783,
          "Actual Total Time": 556.509,
          "Actual Rows": 3,
          "Actual Loops": 1,
          "Workers Planned": 2,
          "Workers Launched": 2,
          "Single Copy": false,
          "Plans": [
            {
              "Node Type": "Aggregate",
              "Strategy": "Plain",
              "Partial Mode": "Partial",
              "Parent Relationship": "Outer",
              "Parallel Aware": false,
              "Startup Cost": 98780.74,
              "Total Cost": 98780.75,
              "Plan Rows": 1,
              "Plan Width": 8,
              "Actual Startup Time": 527.218,
              "Actual Total Time": 527.524,
              "Actual Rows": 1,
              "Actual Loops": 3,
              "Plans": [
                {
                  "Node Type": "Hash Join",
                  "Parent Relationship": "Outer",
                  "Parallel Aware": true,
                  "Join Type": "Inner",
                  "Startup Cost": 81984.68,
                  "Total Cost": 98677.11,
                  "Plan Rows": 41453,
                  "Plan Width": 0,
                  "Actual Startup Time": 444.124,
                  "Actual Total Time": 524.496,
                  "Actual Rows": 75592,
                  "Actual Loops": 3,
                  "Inner Unique": false,
                  "Hash Cond": "(mi_idx.movie_id = t.id)",
                  "Plans": [
                    {
                      "Node Type": "Seq Scan",
                      "Parent Relationship": "Outer",
                      "Parallel Aware": true,
                      "Relation Name": "movie_info_idx",
                      "Alias": "mi_idx",
                      "Startup Cost": 0.0,
                      "Total Cost": 15122.68,
                      "Plan Rows": 382940,
                      "Plan Width": 4,
                      "Actual Startup Time": 0.031,
                      "Actual Total Time": 42.71,
                      "Actual Rows": 306617,
                      "Actual Loops": 3,
                      "Filter": "(info_type_id < 101)",
                      "Rows Removed by Filter": 153395
                    },
                    {
                      "Node Type": "Hash",
                      "Parent Relationship": "Inner",
                      "Parallel Aware": true,
                      "Startup Cost": 80881.12,
                      "Total Cost": 80881.12,
                      "Plan Rows": 88285,
                      "Plan Width": 8,
                      "Actual Startup Time": 439.839,
                      "Actual Total Time": 440.144,
                      "Actual Rows": 65618,
                      "Actual Loops": 3,
                      "Hash Buckets": 524288,
                      "Original Hash Buckets": 524288,
                      "Hash Batches": 1,
                      "Original Hash Batches": 1,
                      "Peak Memory Usage": 11840,
                      "Plans": [
                        {
                          "Node Type": "Hash Join",
                          "Parent Relationship": "Outer",
                          "Parallel Aware": true,
                          "Join Type": "Inner",
                          "Startup Cost": 48936.74,
                          "Total Cost": 80881.12,
                          "Plan Rows": 88285,
                          "Plan Width": 8,
                          "Actual Startup Time": 272.781,
                          "Actual Total Time": 422.612,
                          "Actual Rows": 65618,
                          "Actual Loops": 3,
                          "Inner Unique": true,
                          "Hash Cond": "(mc.movie_id = t.id)",
                          "Plans": [
                            {
                              "Node Type": "Seq Scan",
                              "Parent Relationship": "Outer",
                              "Parallel Aware": true,
                              "Relation Name": "movie_companies",
                              "Alias": "mc",
                              "Startup Cost": 0.0,
                              "Total Cost": 31414.82,
                              "Plan Rows": 201738,
                              "Plan Width": 4,
                              "Actual Startup Time": 0.019,
                              "Actual Total Time": 81.277,
                              "Actual Rows": 284468,
                              "Actual Loops": 3,
                              "Filter": "((company_id < 11203) AND (company_type_id = 1))",
                              "Rows Removed by Filter": 585242
                            },
                            {
                              "Node Type": "Hash",
                              "Parent Relationship": "Inner",
                              "Parallel Aware": true,
                              "Startup Cost": 45479.1,
                              "Total Cost": 45479.1,
                              "Plan Rows": 276611,
                              "Plan Width": 4,
                              "Actual Startup Time": 265.508,
                              "Actual Total Time": 265.509,
                              "Actual Rows": 400363,
                              "Actual Loops": 3,
                              "Hash Buckets": 2097152,
                              "Original Hash Buckets": 2097152,
                              "Hash Batches": 1,
                              "Original Hash Batches": 1,
                              "Peak Memory Usage": 63392,
                              "Plans": [
                                {
                                  "Node Type": "Seq Scan",
                                  "Parent Relationship": "Outer",
                                  "Parallel Aware": true,
                                  "Relation Name": "title",
                                  "Alias": "t",
                                  "Startup Cost": 0.0,
                                  "Total Cost": 45479.1,
                                  "Plan Rows": 276611,
                                  "Plan Width": 4,
                                  "Actual Startup Time": 0.048,
                                  "Actual Total Time": 127.672,
                                  "Actual Rows": 400363,
                                  "Actual Loops": 3,
                                  "Filter": "((production_year > 1987) AND (kind_id = 7))",
                                  "Rows Removed by Filter": 442407
                                }
                              ]
                            }
                          ]
                        }
                      ]
                    }
                  ]
                }
              ]
            }
          ]
        }
      ]
    },
    "Planning Time": 1.5,
    "Triggers": [],
    "Execution Time": 556.615
  }
]