[
  {
    "Plan": {
      "Node Type": "Aggregate",
      "Strategy": "Plain",
      "Partial Mode": "Finalize",
      "Parallel Aware": false,
      "Startup Cost": 33645.78,
      "Total Cost": 33645.79,
      "Plan Rows": 1,
      "Plan Width": 8,
      "Actual Startup Time": 41.651,
      "Actual Total Time": 48.143,
      "Actual Rows": 1,
      "Actual Loops": 1,
      "Plans": [
        {
          "Node Type": "Gather",
          "Parent Relationship": "Outer",
          "Parallel Aware": false,
          "Startup Cost": 33645.56,
          "Total Cost": 33645.77,
          "Plan Rows": 2,
          "Plan Width": 8,
          "Actual Startup Time": 41.486,
          "Actual Total Time": 48.136,
          "Actual Rows": 3,
          "Actual Loops": 1,
          "Workers Planned": 2,
          "Workers Launched": 2,
          "Single Copy": false,
          "Plans": [
            {
              "Node Type": "Aggregate",
              "Strategy": "Plain",
              "Partial Mode": "Partial",
              "Parent Relationship": "Outer",
              "Parallel Aware": false,
              "Startup Cost": 32645.56,
              "Total Cost": 32645.57,
              "Plan Rows": 1,
              "Plan Width": 8,
              "Actual Startup Time": 33.233,
              "Actual Total Time": 33.234,
              "Actual Rows": 1,
              "Actual Loops": 3,
              "Plans": [
                {
                  "Node Type": "Nested Loop",
                  "Parent Relationship": "Outer",
                  "Parallel Aware": false,
                  "Join Type": "Inner",
                  "Startup Cost": 132.78,
                  "Total Cost": 32641.65,
                  "Plan Rows": 1566,
                  "Plan Width": 0,
                  "Actual Startup Time": 2.753,
                  "Actual Total Time": 33.208,
                  "Actual Rows": 59,
                  "Actual Loops": 3,
                  "Inner Unique": true,
                  "Plans": [
                    {
                      "Node Type": "Bitmap Heap Scan",
                      "Parent Relationship": "Outer",
                      "Parallel Aware": true,
                      "Relation Name": "movie_keyword",
                      "Alias": "mk",
                      "Startup Cost": 132.35,
                      "Total Cost": 14320.78,
                      "Plan Rows": 2576,
                      "Plan Width": 4,
                      "Actual Startup Time": 2.476,
                      "Actual Total Time": 11.083,
                      "Actual Rows": 1745,
                      "Actual Loops": 3,
                      "Recheck Cond": "(keyword_id = 816)",
                      "Rows Removed by Index Recheck": 0,
                      "Exact Heap Blocks": 3335,
                      "Lossy Heap Blocks": 0,
                      "Plans": [
                        {
                          "Node Type": "Bitmap Index Scan",
                          "Parent Relationship": "Outer",
                          "Parallel Aware": false,
                          "Index Name": "keyword_id_movie_keyword",
                          "Startup Cost": 0.0,
                          "Total Cost": 130.81,
                          "Plan Rows": 6183,
                          "Plan Width": 0,
                          "Actual Startup Time": 4.726,
                          "Actual Total Time": 4.726,
                          "Actual Rows": 5235,
                          "Actual Loops": 1,
                          "Index Cond": "(keyword_id = 816)"
                        }
                      ]
                    },
                    {
                      "Node Type": "Index Scan",
                      "Parent Relationship": "Inner",
                      "Parallel Aware": false,
                      "Scan Direction": "Forward",
                      "Index Name": "title_pkey",
                      "Relation Name": "title",
                      "Alias": "t",
                      "Startup Cost": 0.43,
                      "Total Cost": 7.11,
                      "Plan Rows": 1,
                      "Plan Width": 4,
                      "Actual Startup Time": 0.012,
                      "Actual Total Time": 0.012,
                      "Actual Rows": 0,
                      "Actual Loops": 5235,
                      "Index Cond": "(id = mk.movie_id)",
                      "Rows Removed by Index Recheck": 0,
                      "Filter": "(kind_id = 7)",
                      "Rows Removed by Filter": 1
                    }
                  ]
                }
              ]
            }
          ]
        }
      ]
    },
    "Planning Time": 0.618,
    "Triggers": [],
    "Execution Time": 48.229
  }
]