{
  "Plan": {
    "Node Type": "Aggregate",
    "Strategy": "Plain",
    "Partial Mode": "Finalize",
    "Parallel Aware": false,
    "Startup Cost": 69280.93,
    "Total Cost": 69280.94,
    "Plan Rows": 1,
    "Plan Width": 8,
    "Actual Startup Time": 188.44,
    "Actual Total Time": 198.684,
    "Actual Rows": 1,
    "Actual Loops": 1,
    "Plans": [
      {
        "Node Type": "Gather",
        "Parent Relationship": "Outer",
        "Parallel Aware": false,
        "Startup Cost": 69280.82,
        "Total Cost": 69280.93,
        "Plan Rows": 1,
        "Plan Width": 8,
        "Actual Startup Time": 188.316,
        "Actual Total Time": 198.678,
        "Actual Rows": 2,
        "Actual Loops": 1,
        "Workers Planned": 1,
        "Workers Launched": 1,
        "Single Copy": false,
        "Plans": [
          {
            "Node Type": "Aggregate",
            "Strategy": "Plain",
            "Partial Mode": "Partial",
            "Parent Relationship": "Outer",
            "Parallel Aware": false,
            "Startup Cost": 68280.82,
            "Total Cost": 68280.83,
            "Plan Rows": 1,
            "Plan Width": 8,
            "Actual Startup Time": 182.481,
            "Actual Total Time": 182.484,
            "Actual Rows": 1,
            "Actual Loops": 2,
            "Plans": [
              {
                "Node Type": "Hash Join",
                "Parent Relationship": "Outer",
                "Parallel Aware": true,
                "Join Type": "Inner",
                "Startup Cost": 58503.13,
                "Total Cost": 68278.95,
                "Plan Rows": 745,
                "Plan Width": 0,
                "Actual Startup Time": 155.718,
                "Actual Total Time": 182.456,
                "Actual Rows": 298,
                "Actual Loops": 2,
                "Inner Unique": true,
                "Hash Cond": "(ci.movie_id = t.id)",
                "Plans": [
                  {
                    "Node Type": "Index Scan",
                    "Parent Relationship": "Outer",
                    "Parallel Aware": true,
                    "Scan Direction": "Forward",
                    "Index Name": "role_id_cast_info",
                    "Relation Name": "cast_info",
                    "Alias": "ci",
                    "Startup Cost": 0.56,
                    "Total Cost": 9590.86,
                    "Plan Rows": 70678,
                    "Plan Width": 4,
                    "Actual Startup Time": 0.123,
                    "Actual Total Time": 21.829,
                    "Actual Rows": 28307,
                    "Actual Loops": 2,
                    "Index Cond": "(role_id > 10)",
                    "Rows Removed by Index Recheck": 0,
                    "Filter": "(person_id < 1438433)",
                    "Rows Removed by Filter": 129752
                  },
                  {
                    "Node Type": "Hash",
                    "Parent Relationship": "Inner",
                    "Parallel Aware": true,
                    "Startup Cost": 58306.47,
                    "Total Cost": 58306.47,
                    "Plan Rows": 15688,
                    "Plan Width": 4,
                    "Actual Startup Time": 153.934,
                    "Actual Total Time": 153.934,
                    "Actual Rows": 15425,
                    "Actual Loops": 2,
                    "Hash Buckets": 32768,
                    "Original Hash Buckets": 32768,
                    "Hash Batches": 1,
                    "Original Hash Batches": 1,
                    "Peak Memory Usage": 1504,
                    "Plans": [
                      {
                        "Node Type": "Seq Scan",
                        "Parent Relationship": "Outer",
                        "Parallel Aware": true,
                        "Relation Name": "title",
                        "Alias": "t",
                        "Startup Cost": 0.0,
                        "Total Cost": 58306.47,
                        "Plan Rows": 15688,
                        "Plan Width": 4,
                        "Actual Startup Time": 0.044,
                        "Actual Total Time": 147.838,
                        "Actual Rows": 15425,
                        "Actual Loops": 2,
                        "Filter": "((kind_id > 1) AND (production_year = 1995))",
                        "Rows Removed by Filter": 1248731
                      }
                    ]
                  }
                ]
              }
            ]
          }
        ]
      }
    ]
  },
  "Planning Time": 0.523,
  "Triggers": [],
  "Execution Time": 198.766
}