[
  {
    "Plan": {
      "Node Type": "Aggregate",
      "Strategy": "Plain",
      "Partial Mode": "Simple",
      "Parallel Aware": false,
      "Startup Cost": 28381.65,
      "Total Cost": 28381.66,
      "Plan Rows": 1,
      "Plan Width": 8,
      "Actual Startup Time": 68.222,
      "Actual Total Time": 68.223,
      "Actual Rows": 1,
      "Actual Loops": 1,
      "Plans": [
        {
          "Node Type": "Bitmap Heap Scan",
          "Parent Relationship": "Outer",
          "Parallel Aware": false,
          "Relation Name": "movie_keyword",
          "Alias": "mk",
          "Startup Cost": 2300.91,
          "Total Cost": 28110.52,
          "Plan Rows": 108449,
          "Plan Width": 0,
          "Actual Startup Time": 21.587,
          "Actual Total Time": 62.595,
          "Actual Rows": 108451,
          "Actual Loops": 1,
          "Recheck Cond": "(keyword_id > 80452)",
          "Rows Removed by Index Recheck": 0,
          "Exact Heap Blocks": 17755,
          "Lossy Heap Blocks": 0,
          "Plans": [
            {
              "Node Type": "Bitmap Index Scan",
              "Parent Relationship": "Outer",
              "Parallel Aware": false,
              "Index Name": "keyword_id_movie_keyword",
              "Startup Cost": 0.0,
              "Total Cost": 2273.8,
              "Plan Rows": 108449,
              "Plan Width": 0,
              "Actual Startup Time": 16.237,
              "Actual Total Time": 16.238,
              "Actual Rows": 108451,
              "Actual Loops": 1,
              "Index Cond": "(keyword_id > 80452)"
            }
          ]
        }
      ]
    },
    "Planning Time": 0.141,
    "Triggers": [],
    "Execution Time": 68.273
  }
]