[
  {
    "Plan": {
      "Node Type": "Aggregate",
      "Strategy": "Plain",
      "Partial Mode": "Finalize",
      "Parallel Aware": false,
      "Startup Cost": 404149.92,
      "Total Cost": 404149.93,
      "Plan Rows": 1,
      "Plan Width": 8,
      "Actual Startup Time": 1899.083,
      "Actual Total Time": 1956.758,
      "Actual Rows": 1,
      "Actual Loops": 1,
      "Plans": [
        {
          "Node Type": "Gather",
          "Parent Relationship": "Outer",
          "Parallel Aware": false,
          "Startup Cost": 404149.3,
          "Total Cost": 404149.91,
          "Plan Rows": 6,
          "Plan Width": 8,
          "Actual Startup Time": 1886.946,
          "Actual Total Time": 1956.734,
          "Actual Rows": 7,
          "Actual Loops": 1,
          "Workers Planned": 6,
          "Workers Launched": 6,
          "Single Copy": false,
          "Plans": [
            {
              "Node Type": "Aggregate",
              "Strategy": "Plain",
              "Partial Mode": "Partial",
              "Parent Relationship": "Outer",
              "Parallel Aware": false,
              "Startup Cost": 403149.3,
              "Total Cost": 403149.31,
              "Plan Rows": 1,
              "Plan Width": 8,
              "Actual Startup Time": 1876.672,
              "Actual Total Time": 1876.678,
              "Actual Rows": 1,
              "Actual Loops": 7,
              "Plans": [
                {
                  "Node Type": "Hash Join",
                  "Parent Relationship": "Outer",
                  "Parallel Aware": true,
                  "Join Type": "Inner",
                  "Startup Cost": 48733.6,
                  "Total Cost": 399062.86,
                  "Plan Rows": 1634574,
                  "Plan Width": 0,
                  "Actual Startup Time": 199.633,
                  "Actual Total Time": 1806.331,
                  "Actual Rows": 1518319,
                  "Actual Loops": 7,
                  "Inner Unique": true,
                  "Hash Cond": "(ci.movie_id = t.id)",
                  "Plans": [
                    {
                      "Node Type": "Seq Scan",
                      "Parent Relationship": "Outer",
                      "Parallel Aware": true,
                      "Relation Name": "cast_info",
                      "Alias": "ci",
                      "Startup Cost": 0.0,
                      "Total Cost": 343316.27,
                      "Plan Rows": 2671614,
                      "Plan Width": 4,
                      "Actual Startup Time": 0.047,
                      "Actual Total Time": 711.736,
                      "Actual Rows": 2540752,
                      "Actual Loops": 7,
                      "Filter": "((person_id < 1849242) AND (role_id < 10))",
                      "Rows Removed by Filter": 2637011
                    },
                    {
                      "Node Type": "Hash",
                      "Parent Relationship": "Inner",
                      "Parallel Aware": true,
                      "Startup Cost": 43899.32,
                      "Total Cost": 43899.32,
                      "Plan Rows": 386742,
                      "Plan Width": 4,
                      "Actual Startup Time": 196.539,
                      "Actual Total Time": 196.54,
                      "Actual Rows": 218802,
                      "Actual Loops": 7,
                      "Hash Buckets": 2097152,
                      "Original Hash Buckets": 2097152,
                      "Hash Batches": 1,
                      "Original Hash Batches": 1,
                      "Peak Memory Usage": 76384,
                      "Plans": [
                        {
                          "Node Type": "Seq Scan",
                          "Parent Relationship": "Outer",
                          "Parallel Aware": true,
                          "Relation Name": "title",
                          "Alias": "t",
                          "Startup Cost": 0.0,
                          "Total Cost": 43899.32,
                          "Plan Rows": 386742,
                          "Plan Width": 4,
                          "Actual Startup Time": 0.046,
                          "Actual Total Time": 84.441,
                          "Actual Rows": 218802,
                          "Actual Loops": 7,
                          "Filter": "(production_year > 1997)",
                          "Rows Removed by Filter": 142386
                        }
                      ]
                    }
                  ]
                }
              ]
            }
          ]
        }
      ]
    },
    "Planning Time": 0.394,
    "Triggers": [],
    "Execution Time": 1956.821
  }
]