[
  {
    "Plan": {
      "Node Type": "Aggregate",
      "Strategy": "Plain",
      "Partial Mode": "Finalize",
      "Parallel Aware": false,
      "Startup Cost": 341279.85,
      "Total Cost": 341279.86,
      "Plan Rows": 1,
      "Plan Width": 8,
      "Actual Startup Time": 440.55,
      "Actual Total Time": 463.407,
      "Actual Rows": 1,
      "Actual Loops": 1,
      "Plans": [
        {
          "Node Type": "Gather",
          "Parent Relationship": "Outer",
          "Parallel Aware": false,
          "Startup Cost": 341279.23,
          "Total Cost": 341279.84,
          "Plan Rows": 6,
          "Plan Width": 8,
          "Actual Startup Time": 440.418,
          "Actual Total Time": 463.397,
          "Actual Rows": 7,
          "Actual Loops": 1,
          "Workers Planned": 6,
          "Workers Launched": 6,
          "Single Copy": false,
          "Plans": [
            {
              "Node Type": "Aggregate",
              "Strategy": "Plain",
              "Partial Mode": "Partial",
              "Parent Relationship": "Outer",
              "Parallel Aware": false,
              "Startup Cost": 340279.23,
              "Total Cost": 340279.24,
              "Plan Rows": 1,
              "Plan Width": 8,
              "Actual Startup Time": 430.77,
              "Actual Total Time": 430.771,
              "Actual Rows": 1,
              "Actual Loops": 7,
              "Plans": [
                {
                  "Node Type": "Index Scan",
                  "Parent Relationship": "Outer",
                  "Parallel Aware": true,
                  "Scan Direction": "Forward",
                  "Index Name": "role_id_cast_info",
                  "Relation Name": "cast_info",
                  "Alias": "ci",
                  "Startup Cost": 0.56,
                  "Total Cost": 335235.55,
                  "Plan Rows": 2017471,
                  "Plan Width": 0,
                  "Actual Startup Time": 42.129,
                  "Actual Total Time": 362.764,
                  "Actual Rows": 1697271,
                  "Actual Loops": 7,
                  "Index Cond": "(role_id = 1)",
                  "Rows Removed by Index Recheck": 0,
                  "Filter": "(person_id > 110681)",
                  "Rows Removed by Filter": 112827
                }
              ]
            }
          ]
        }
      ]
    },
    "Planning Time": 0.237,
    "Triggers": [],
    "Execution Time": 463.476
  }
]