[
  {
    "Plan": {
      "Node Type": "Aggregate",
      "Strategy": "Plain",
      "Partial Mode": "Finalize",
      "Parallel Aware": false,
      "Startup Cost": 92649.9,
      "Total Cost": 92649.91,
      "Plan Rows": 1,
      "Plan Width": 8,
      "Actual Startup Time": 469.558,
      "Actual Total Time": 484.644,
      "Actual Rows": 1,
      "Actual Loops": 1,
      "Plans": [
        {
          "Node Type": "Gather",
          "Parent Relationship": "Outer",
          "Parallel Aware": false,
          "Startup Cost": 92649.59,
          "Total Cost": 92649.9,
          "Plan Rows": 3,
          "Plan Width": 8,
          "Actual Startup Time": 461.728,
          "Actual Total Time": 484.634,
          "Actual Rows": 4,
          "Actual Loops": 1,
          "Workers Planned": 3,
          "Workers Launched": 3,
          "Single Copy": false,
          "Plans": [
            {
              "Node Type": "Aggregate",
              "Strategy": "Plain",
              "Partial Mode": "Partial",
              "Parent Relationship": "Outer",
              "Parallel Aware": false,
              "Startup Cost": 91649.59,
              "Total Cost": 91649.6,
              "Plan Rows": 1,
              "Plan Width": 8,
              "Actual Startup Time": 452.006,
              "Actual Total Time": 452.009,
              "Actual Rows": 1,
              "Actual Loops": 4,
              "Plans": [
                {
                  "Node Type": "Hash Join",
                  "Parent Relationship": "Outer",
                  "Parallel Aware": true,
                  "Join Type": "Inner",
                  "Startup Cost": 63607.63,
                  "Total Cost": 91140.66,
                  "Plan Rows": 203572,
                  "Plan Width": 0,
                  "Actual Startup Time": 340.977,
                  "Actual Total Time": 444.925,
                  "Actual Rows": 159910,
                  "Actual Loops": 4,
                  "Inner Unique": true,
                  "Hash Cond": "(mk.movie_id = t.id)",
                  "Plans": [
                    {
                      "Node Type": "Bitmap Heap Scan",
                      "Parent Relationship": "Outer",
                      "Parallel Aware": true,
                      "Relation Name": "movie_keyword",
                      "Alias": "mk",
                      "Startup Cost": 13387.25,
                      "Total Cost": 40385.9,
                      "Plan Rows": 203572,
                      "Plan Width": 4,
                      "Actual Startup Time": 32.601,
                      "Actual Total Time": 79.935,
                      "Actual Rows": 159910,
                      "Actual Loops": 4,
                      "Recheck Cond": "(keyword_id < 496)",
                      "Rows Removed by Index Recheck": 0,
                      "Exact Heap Blocks": 7324,
                      "Lossy Heap Blocks": 0,
                      "Plans": [
                        {
                          "Node Type": "Bitmap Index Scan",
                          "Parent Relationship": "Outer",
                          "Parallel Aware": false,
                          "Index Name": "keyword_id_movie_keyword",
                          "Startup Cost": 0.0,
                          "Total Cost": 13229.48,
                          "Plan Rows": 631073,
                          "Plan Width": 0,
                          "Actual Startup Time": 29.159,
                          "Actual Total Time": 29.159,
                          "Actual Rows": 639638,
                          "Actual Loops": 1,
                          "Index Cond": "(keyword_id < 496)"
                        }
                      ]
                    },
                    {
                      "Node Type": "Hash",
                      "Parent Relationship": "Inner",
                      "Parallel Aware": true,
                      "Startup Cost": 42319.06,
                      "Total Cost": 42319.06,
                      "Plan Rows": 632106,
                      "Plan Width": 4,
                      "Actual Startup Time": 301.146,
                      "Actual Total Time": 301.147,
                      "Actual Rows": 632078,
                      "Actual Loops": 4,
                      "Hash Buckets": 4194304,
                      "Original Hash Buckets": 4194304,
                      "Hash Batches": 1,
                      "Original Hash Batches": 1,
                      "Peak Memory Usage": 131744,
                      "Plans": [
                        {
                          "Node Type": "Seq Scan",
                          "Parent Relationship": "Outer",
                          "Parallel Aware": true,
                          "Relation Name": "title",
                          "Alias": "t",
                          "Startup Cost": 0.0,
                          "Total Cost": 42319.06,
                          "Plan Rows": 632106,
                          "Plan Width": 4,
                          "Actual Startup Time": 0.023,
                          "Actual Total Time": 87.947,
                          "Actual Rows": 632078,
                          "Actual Loops": 4
                        }
                      ]
                    }
                  ]
                }
              ]
            }
          ]
        }
      ]
    },
    "Planning Time": 0.24,
    "Triggers": [],
    "Execution Time": 484.688
  }
]