[
    {
        "Bao": {
            "Bao prediction": "NaN",
            "Bao recommended hint": "(no hint)"
        }
    },
    {
        "Plan": {
            "Node Type": "Aggregate",
            "Strategy": "Plain",
            "Partial Mode": "Finalize",
            "Parallel Aware": false,
            "Startup Cost": 349458.59,
            "Total Cost": 349458.6,
            "Plan Rows": 1,
            "Plan Width": 8,
            "Actual Startup Time": 738.088,
            "Actual Total Time": 767.586,
            "Actual Rows": 1,
            "Actual Loops": 1,
            "Output": [
                "count(*)"
            ],
            "Plans": [
                {
                    "Node Type": "Gather",
                    "Parent Relationship": "Outer",
                    "Parallel Aware": false,
                    "Startup Cost": 349457.96,
                    "Total Cost": 349458.57,
                    "Plan Rows": 6,
                    "Plan Width": 8,
                    "Actual Startup Time": 737.981,
                    "Actual Total Time": 767.577,
                    "Actual Rows": 7,
                    "Actual Loops": 1,
                    "Output": [
                        "(PARTIAL count(*))"
                    ],
                    "Workers Planned": 6,
                    "Workers Launched": 6,
                    "Single Copy": false,
                    "Plans": [
                        {
                            "Node Type": "Aggregate",
                            "Strategy": "Plain",
                            "Partial Mode": "Partial",
                            "Parent Relationship": "Outer",
                            "Parallel Aware": false,
                            "Startup Cost": 348457.96,
                            "Total Cost": 348457.97,
                            "Plan Rows": 1,
                            "Plan Width": 8,
                            "Actual Startup Time": 728.328,
                            "Actual Total Time": 728.329,
                            "Actual Rows": 1,
                            "Actual Loops": 7,
                            "Output": [
                                "PARTIAL count(*)"
                            ],
                            "Workers": [
                                {
                                    "Worker Number": 0,
                                    "Actual Startup Time": 726.042,
                                    "Actual Total Time": 726.044,
                                    "Actual Rows": 1,
                                    "Actual Loops": 1
                                },
                                {
                                    "Worker Number": 1,
                                    "Actual Startup Time": 726.383,
                                    "Actual Total Time": 726.384,
                                    "Actual Rows": 1,
                                    "Actual Loops": 1
                                },
                                {
                                    "Worker Number": 2,
                                    "Actual Startup Time": 726.685,
                                    "Actual Total Time": 726.686,
                                    "Actual Rows": 1,
                                    "Actual Loops": 1
                                },
                                {
                                    "Worker Number": 3,
                                    "Actual Startup Time": 727.004,
                                    "Actual Total Time": 727.005,
                                    "Actual Rows": 1,
                                    "Actual Loops": 1
                                },
                                {
                                    "Worker Number": 4,
                                    "Actual Startup Time": 726.964,
                                    "Actual Total Time": 726.965,
                                    "Actual Rows": 1,
                                    "Actual Loops": 1
                                },
                                {
                                    "Worker Number": 5,
                                    "Actual Startup Time": 727.625,
                                    "Actual Total Time": 727.625,
                                    "Actual Rows": 1,
                                    "Actual Loops": 1
                                }
                            ],
                            "Plans": [
                                {
                                    "Node Type": "Seq Scan",
                                    "Parent Relationship": "Outer",
                                    "Parallel Aware": true,
                                    "Relation Name": "cast_info",
                                    "Schema": "public",
                                    "Alias": "ci",
                                    "Startup Cost": 0.0,
                                    "Total Cost": 343318.94,
                                    "Plan Rows": 2055609,
                                    "Plan Width": 0,
                                    "Actual Startup Time": 331.571,
                                    "Actual Total Time": 639.231,
                                    "Actual Rows": 1965201,
                                    "Actual Loops": 7,
                                    "Output": [
                                        "id",
                                        "person_id",
                                        "movie_id",
                                        "person_role_id",
                                        "note",
                                        "nr_order",
                                        "role_id"
                                    ],
                                    "Filter": "((ci.person_id > 835173) AND (ci.role_id > 2))",
                                    "Rows Removed by Filter": 3212562,
                                    "Workers": [
                                        {
                                            "Worker Number": 0,
                                            "Actual Startup Time": 329.27,
                                            "Actual Total Time": 635.439,
                                            "Actual Rows": 1370014,
                                            "Actual Loops": 1
                                        },
                                        {
                                            "Worker Number": 1,
                                            "Actual Startup Time": 329.643,
                                            "Actual Total Time": 636.908,
                                            "Actual Rows": 1350429,
                                            "Actual Loops": 1
                                        },
                                        {
                                            "Worker Number": 2,
                                            "Actual Startup Time": 329.925,
                                            "Actual Total Time": 638.72,
                                            "Actual Rows": 2109388,
                                            "Actual Loops": 1
                                        },
                                        {
                                            "Worker Number": 3,
                                            "Actual Startup Time": 330.261,
                                            "Actual Total Time": 641.298,
                                            "Actual Rows": 2102927,
                                            "Actual Loops": 1
                                        },
                                        {
                                            "Worker Number": 4,
                                            "Actual Startup Time": 330.202,
                                            "Actual Total Time": 639.549,
                                            "Actual Rows": 2101380,
                                            "Actual Loops": 1
                                        },
                                        {
                                            "Worker Number": 5,
                                            "Actual Startup Time": 330.857,
                                            "Actual Total Time": 641.748,
                                            "Actual Rows": 2106456,
                                            "Actual Loops": 1
                                        }
                                    ]
                                }
                            ]
                        }
                    ]
                }
            ]
        },
        "Planning Time": 189.441,
        "Triggers": [],
        "Execution Time": 767.632
    }
]