[
    {
        "Bao": {
            "Bao prediction": "NaN",
            "Bao recommended hint": "(no hint)"
        }
    },
    {
        "Plan": {
            "Node Type": "Aggregate",
            "Strategy": "Plain",
            "Partial Mode": "Finalize",
            "Parallel Aware": false,
            "Startup Cost": 32937.43,
            "Total Cost": 32937.44,
            "Plan Rows": 1,
            "Plan Width": 8,
            "Actual Startup Time": 86.748,
            "Actual Total Time": 93.074,
            "Actual Rows": 1,
            "Actual Loops": 1,
            "Output": [
                "count(*)"
            ],
            "Plans": [
                {
                    "Node Type": "Gather",
                    "Parent Relationship": "Outer",
                    "Parallel Aware": false,
                    "Startup Cost": 32937.12,
                    "Total Cost": 32937.43,
                    "Plan Rows": 3,
                    "Plan Width": 8,
                    "Actual Startup Time": 86.638,
                    "Actual Total Time": 93.067,
                    "Actual Rows": 4,
                    "Actual Loops": 1,
                    "Output": [
                        "(PARTIAL count(*))"
                    ],
                    "Workers Planned": 3,
                    "Workers Launched": 3,
                    "Single Copy": false,
                    "Plans": [
                        {
                            "Node Type": "Aggregate",
                            "Strategy": "Plain",
                            "Partial Mode": "Partial",
                            "Parent Relationship": "Outer",
                            "Parallel Aware": false,
                            "Startup Cost": 31937.12,
                            "Total Cost": 31937.13,
                            "Plan Rows": 1,
                            "Plan Width": 8,
                            "Actual Startup Time": 78.608,
                            "Actual Total Time": 78.609,
                            "Actual Rows": 1,
                            "Actual Loops": 4,
                            "Output": [
                                "PARTIAL count(*)"
                            ],
                            "Workers": [
                                {
                                    "Worker Number": 0,
                                    "Actual Startup Time": 75.797,
                                    "Actual Total Time": 75.798,
                                    "Actual Rows": 1,
                                    "Actual Loops": 1
                                },
                                {
                                    "Worker Number": 1,
                                    "Actual Startup Time": 75.952,
                                    "Actual Total Time": 75.954,
                                    "Actual Rows": 1,
                                    "Actual Loops": 1
                                },
                                {
                                    "Worker Number": 2,
                                    "Actual Startup Time": 76.284,
                                    "Actual Total Time": 76.285,
                                    "Actual Rows": 1,
                                    "Actual Loops": 1
                                }
                            ],
                            "Plans": [
                                {
                                    "Node Type": "Seq Scan",
                                    "Parent Relationship": "Outer",
                                    "Parallel Aware": true,
                                    "Relation Name": "movie_companies",
                                    "Schema": "public",
                                    "Alias": "mc",
                                    "Startup Cost": 0.0,
                                    "Total Cost": 31414.82,
                                    "Plan Rows": 208919,
                                    "Plan Width": 0,
                                    "Actual Startup Time": 42.777,
                                    "Actual Total Time": 73.969,
                                    "Actual Rows": 102543,
                                    "Actual Loops": 4,
                                    "Output": [
                                        "id",
                                        "movie_id",
                                        "company_id",
                                        "company_type_id",
                                        "note"
                                    ],
                                    "Filter": "((mc.company_id < 11203) AND (mc.company_type_id > 1))",
                                    "Rows Removed by Filter": 549740,
                                    "Workers": [
                                        {
                                            "Worker Number": 0,
                                            "Actual Startup Time": 39.967,
                                            "Actual Total Time": 71.341,
                                            "Actual Rows": 107477,
                                            "Actual Loops": 1
                                        },
                                        {
                                            "Worker Number": 1,
                                            "Actual Startup Time": 40.126,
                                            "Actual Total Time": 71.499,
                                            "Actual Rows": 107146,
                                            "Actual Loops": 1
                                        },
                                        {
                                            "Worker Number": 2,
                                            "Actual Startup Time": 40.446,
                                            "Actual Total Time": 71.832,
                                            "Actual Rows": 65276,
                                            "Actual Loops": 1
                                        }
                                    ]
                                }
                            ]
                        }
                    ]
                }
            ]
        },
        "Planning Time": 181.973,
        "Triggers": [],
        "Execution Time": 93.121
    }
]