[
  {
    "Plan": {
      "Node Type": "Aggregate",
      "Strategy": "Plain",
      "Partial Mode": "Finalize",
      "Parallel Aware": false,
      "Startup Cost": 32872.23,
      "Total Cost": 32872.24,
      "Plan Rows": 1,
      "Plan Width": 8,
      "Actual Startup Time": 92.866,
      "Actual Total Time": 99.83,
      "Actual Rows": 1,
      "Actual Loops": 1,
      "Plans": [
        {
          "Node Type": "Gather",
          "Parent Relationship": "Outer",
          "Parallel Aware": false,
          "Startup Cost": 32871.91,
          "Total Cost": 32872.22,
          "Plan Rows": 3,
          "Plan Width": 8,
          "Actual Startup Time": 92.758,
          "Actual Total Time": 99.822,
          "Actual Rows": 4,
          "Actual Loops": 1,
          "Workers Planned": 3,
          "Workers Launched": 3,
          "Single Copy": false,
          "Plans": [
            {
              "Node Type": "Aggregate",
              "Strategy": "Plain",
              "Partial Mode": "Partial",
              "Parent Relationship": "Outer",
              "Parallel Aware": false,
              "Startup Cost": 31871.91,
              "Total Cost": 31871.92,
              "Plan Rows": 1,
              "Plan Width": 8,
              "Actual Startup Time": 86.405,
              "Actual Total Time": 86.406,
              "Actual Rows": 1,
              "Actual Loops": 4,
              "Plans": [
                {
                  "Node Type": "Seq Scan",
                  "Parent Relationship": "Outer",
                  "Parallel Aware": true,
                  "Relation Name": "movie_companies",
                  "Alias": "mc",
                  "Startup Cost": 0.0,
                  "Total Cost": 31414.82,
                  "Plan Rows": 182837,
                  "Plan Width": 0,
                  "Actual Startup Time": 0.05,
                  "Actual Total Time": 74.843,
                  "Actual Rows": 193740,
                  "Actual Loops": 4,
                  "Filter": "((company_id < 8969) AND (company_type_id = 1))",
                  "Rows Removed by Filter": 458543
                }
              ]
            }
          ]
        }
      ]
    },
    "Planning Time": 0.145,
    "Triggers": [],
    "Execution Time": 99.871
  }
]