{
  "Plan": {
    "Node Type": "Aggregate",
    "Strategy": "Plain",
    "Partial Mode": "Finalize",
    "Parallel Aware": false,
    "Startup Cost": 98082.74,
    "Total Cost": 98082.75,
    "Plan Rows": 1,
    "Plan Width": 8,
    "Actual Startup Time": 229.877,
    "Actual Total Time": 240.014,
    "Actual Rows": 1,
    "Actual Loops": 1,
    "Plans": [
      {
        "Node Type": "Gather",
        "Parent Relationship": "Outer",
        "Parallel Aware": false,
        "Startup Cost": 98082.63,
        "Total Cost": 98082.74,
        "Plan Rows": 1,
        "Plan Width": 8,
        "Actual Startup Time": 229.701,
        "Actual Total Time": 240.008,
        "Actual Rows": 2,
        "Actual Loops": 1,
        "Workers Planned": 1,
        "Workers Launched": 1,
        "Single Copy": false,
        "Plans": [
          {
            "Node Type": "Aggregate",
            "Strategy": "Plain",
            "Partial Mode": "Partial",
            "Parent Relationship": "Outer",
            "Parallel Aware": false,
            "Startup Cost": 97082.63,
            "Total Cost": 97082.64,
            "Plan Rows": 1,
            "Plan Width": 8,
            "Actual Startup Time": 223.39,
            "Actual Total Time": 223.394,
            "Actual Rows": 1,
            "Actual Loops": 2,
            "Plans": [
              {
                "Node Type": "Hash Join",
                "Parent Relationship": "Outer",
                "Parallel Aware": true,
                "Join Type": "Inner",
                "Startup Cost": 53896.17,
                "Total Cost": 97067.6,
                "Plan Rows": 6011,
                "Plan Width": 0,
                "Actual Startup Time": 177.565,
                "Actual Total Time": 223.252,
                "Actual Rows": 2173,
                "Actual Loops": 2,
                "Inner Unique": true,
                "Hash Cond": "(mc.movie_id = t.id)",
                "Plans": [
                  {
                    "Node Type": "Seq Scan",
                    "Parent Relationship": "Outer",
                    "Parallel Aware": true,
                    "Relation Name": "movie_companies",
                    "Alias": "mc",
                    "Startup Cost": 0.0,
                    "Total Cost": 41811.73,
                    "Plan Rows": 517982,
                    "Plan Width": 4,
                    "Actual Startup Time": 48.798,
                    "Actual Total Time": 103.808,
                    "Actual Rows": 280032,
                    "Actual Loops": 2,
                    "Filter": "((company_id < 22223) AND (company_type_id = 2))",
                    "Rows Removed by Filter": 1024533
                  },
                  {
                    "Node Type": "Hash",
                    "Parent Relationship": "Inner",
                    "Parallel Aware": true,
                    "Startup Cost": 53680.44,
                    "Total Cost": 53680.44,
                    "Plan Rows": 17258,
                    "Plan Width": 4,
                    "Actual Startup Time": 96.253,
                    "Actual Total Time": 96.254,
                    "Actual Rows": 8058,
                    "Actual Loops": 2,
                    "Hash Buckets": 32768,
                    "Original Hash Buckets": 32768,
                    "Hash Batches": 1,
                    "Original Hash Batches": 1,
                    "Peak Memory Usage": 928,
                    "Plans": [
                      {
                        "Node Type": "Bitmap Heap Scan",
                        "Parent Relationship": "Outer",
                        "Parallel Aware": true,
                        "Relation Name": "title",
                        "Alias": "t",
                        "Startup Cost": 11830.18,
                        "Total Cost": 53680.44,
                        "Plan Rows": 17258,
                        "Plan Width": 4,
                        "Actual Startup Time": 37.73,
                        "Actual Total Time": 93.86,
                        "Actual Rows": 8058,
                        "Actual Loops": 2,
                        "Recheck Cond": "(kind_id = 1)",
                        "Rows Removed by Index Recheck": 0,
                        "Filter": "(production_year = 2006)",
                        "Rows Removed by Filter": 323354,
                        "Exact Heap Blocks": 9740,
                        "Lossy Heap Blocks": 0,
                        "Plans": [
                          {
                            "Node Type": "Bitmap Index Scan",
                            "Parent Relationship": "Outer",
                            "Parallel Aware": false,
                            "Index Name": "kind_id_title",
                            "Startup Cost": 0.0,
                            "Total Cost": 11822.85,
                            "Plan Rows": 663256,
                            "Plan Width": 0,
                            "Actual Startup Time": 40.673,
                            "Actual Total Time": 40.673,
                            "Actual Rows": 662825,
                            "Actual Loops": 1,
                            "Index Cond": "(kind_id = 1)"
                          }
                        ]
                      }
                    ]
                  }
                ]
              }
            ]
          }
        ]
      }
    ]
  },
  "Planning Time": 0.471,
  "Triggers": [],
  "Execution Time": 240.103
}