[
    {
        "Bao": {
            "Bao prediction": 187.284,
            "Bao recommended hint": "(no hint)"
        }
    },
    {
        "Plan": {
            "Node Type": "Aggregate",
            "Strategy": "Plain",
            "Partial Mode": "Finalize",
            "Parallel Aware": false,
            "Startup Cost": 20982.32,
            "Total Cost": 20982.33,
            "Plan Rows": 1,
            "Plan Width": 68,
            "Actual Startup Time": 122.157,
            "Actual Total Time": 126.004,
            "Actual Rows": 1,
            "Actual Loops": 1,
            "Output": [
                "min(mc.note)",
                "min(t.title)",
                "min(t.production_year)"
            ],
            "Plans": [
                {
                    "Node Type": "Gather",
                    "Parent Relationship": "Outer",
                    "Parallel Aware": false,
                    "Startup Cost": 20982.1,
                    "Total Cost": 20982.31,
                    "Plan Rows": 2,
                    "Plan Width": 68,
                    "Actual Startup Time": 120.829,
                    "Actual Total Time": 125.989,
                    "Actual Rows": 3,
                    "Actual Loops": 1,
                    "Output": [
                        "(PARTIAL min(mc.note))",
                        "(PARTIAL min(t.title))",
                        "(PARTIAL min(t.production_year))"
                    ],
                    "Workers Planned": 2,
                    "Workers Launched": 2,
                    "Single Copy": false,
                    "Plans": [
                        {
                            "Node Type": "Aggregate",
                            "Strategy": "Plain",
                            "Partial Mode": "Partial",
                            "Parent Relationship": "Outer",
                            "Parallel Aware": false,
                            "Startup Cost": 19982.1,
                            "Total Cost": 19982.11,
                            "Plan Rows": 1,
                            "Plan Width": 68,
                            "Actual Startup Time": 111.697,
                            "Actual Total Time": 111.703,
                            "Actual Rows": 1,
                            "Actual Loops": 3,
                            "Output": [
                                "PARTIAL min(mc.note)",
                                "PARTIAL min(t.title)",
                                "PARTIAL min(t.production_year)"
                            ],
                            "Workers": [
                                {
                                    "Worker Number": 0,
                                    "Actual Startup Time": 107.262,
                                    "Actual Total Time": 107.269,
                                    "Actual Rows": 1,
                                    "Actual Loops": 1
                                },
                                {
                                    "Worker Number": 1,
                                    "Actual Startup Time": 108.477,
                                    "Actual Total Time": 108.482,
                                    "Actual Rows": 1,
                                    "Actual Loops": 1
                                }
                            ],
                            "Plans": [
                                {
                                    "Node Type": "Hash Join",
                                    "Parent Relationship": "Outer",
                                    "Parallel Aware": false,
                                    "Join Type": "Inner",
                                    "Startup Cost": 4.35,
                                    "Total Cost": 19968.94,
                                    "Plan Rows": 1754,
                                    "Plan Width": 45,
                                    "Actual Startup Time": 111.642,
                                    "Actual Total Time": 111.688,
                                    "Actual Rows": 1,
                                    "Actual Loops": 3,
                                    "Output": [
                                        "mc.note",
                                        "t.title",
                                        "t.production_year"
                                    ],
                                    "Inner Unique": true,
                                    "Hash Cond": "(mc.company_type_id = ct.id)",
                                    "Workers": [
                                        {
                                            "Worker Number": 0,
                                            "Actual Startup Time": 107.255,
                                            "Actual Total Time": 107.26,
                                            "Actual Rows": 0,
                                            "Actual Loops": 1
                                        },
                                        {
                                            "Worker Number": 1,
                                            "Actual Startup Time": 108.325,
                                            "Actual Total Time": 108.45,
                                            "Actual Rows": 4,
                                            "Actual Loops": 1
                                        }
                                    ],
                                    "Plans": [
                                        {
                                            "Node Type": "Nested Loop",
                                            "Parent Relationship": "Outer",
                                            "Parallel Aware": false,
                                            "Join Type": "Inner",
                                            "Startup Cost": 3.29,
                                            "Total Cost": 19929.95,
                                            "Plan Rows": 7017,
                                            "Plan Width": 49,
                                            "Actual Startup Time": 111.004,
                                            "Actual Total Time": 111.288,
                                            "Actual Rows": 26,
                                            "Actual Loops": 3,
                                            "Output": [
                                                "mc.note",
                                                "mc.company_type_id",
                                                "t.title",
                                                "t.production_year"
                                            ],
                                            "Inner Unique": false,
                                            "Workers": [
                                                {
                                                    "Worker Number": 0,
                                                    "Actual Startup Time": 106.754,
                                                    "Actual Total Time": 106.759,
                                                    "Actual Rows": 0,
                                                    "Actual Loops": 1
                                                },
                                                {
                                                    "Worker Number": 1,
                                                    "Actual Startup Time": 107.088,
                                                    "Actual Total Time": 107.93,
                                                    "Actual Rows": 78,
                                                    "Actual Loops": 1
                                                }
                                            ],
                                            "Plans": [
                                                {
                                                    "Node Type": "Nested Loop",
                                                    "Parent Relationship": "Outer",
                                                    "Parallel Aware": false,
                                                    "Join Type": "Inner",
                                                    "Startup Cost": 2.86,
                                                    "Total Cost": 18207.43,
                                                    "Plan Rows": 2669,
                                                    "Plan Width": 29,
                                                    "Actual Startup Time": 110.965,
                                                    "Actual Total Time": 111.104,
                                                    "Actual Rows": 2,
                                                    "Actual Loops": 3,
                                                    "Output": [
                                                        "mi_idx.movie_id",
                                                        "t.title",
                                                        "t.production_year",
                                                        "t.id"
                                                    ],
                                                    "Inner Unique": true,
                                                    "Workers": [
                                                        {
                                                            "Worker Number": 0,
                                                            "Actual Startup Time": 106.753,
                                                            "Actual Total Time": 106.758,
                                                            "Actual Rows": 0,
                                                            "Actual Loops": 1
                                                        },
                                                        {
                                                            "Worker Number": 1,
                                                            "Actual Startup Time": 106.972,
                                                            "Actual Total Time": 107.381,
                                                            "Actual Rows": 6,
                                                            "Actual Loops": 1
                                                        }
                                                    ],
                                                    "Plans": [
                                                        {
                                                            "Node Type": "Hash Join",
                                                            "Parent Relationship": "Outer",
                                                            "Parallel Aware": false,
                                                            "Join Type": "Inner",
                                                            "Startup Cost": 2.43,
                                                            "Total Cost": 15253.6,
                                                            "Plan Rows": 5089,
                                                            "Plan Width": 4,
                                                            "Actual Startup Time": 110.893,
                                                            "Actual Total Time": 110.899,
                                                            "Actual Rows": 3,
                                                            "Actual Loops": 3,
                                                            "Output": [
                                                                "mi_idx.movie_id"
                                                            ],
                                                            "Inner Unique": true,
                                                            "Hash Cond": "(mi_idx.info_type_id = it.id)",
                                                            "Workers": [
                                                                {
                                                                    "Worker Number": 0,
                                                                    "Actual Startup Time": 106.752,
                                                                    "Actual Total Time": 106.755,
                                                                    "Actual Rows": 0,
                                                                    "Actual Loops": 1
                                                                },
                                                                {
                                                                    "Worker Number": 1,
                                                                    "Actual Startup Time": 106.761,
                                                                    "Actual Total Time": 106.772,
                                                                    "Actual Rows": 10,
                                                                    "Actual Loops": 1
                                                                }
                                                            ],
                                                            "Plans": [
                                                                {
                                                                    "Node Type": "Seq Scan",
                                                                    "Parent Relationship": "Outer",
                                                                    "Parallel Aware": true,
                                                                    "Relation Name": "movie_info_idx",
                                                                    "Schema": "public",
                                                                    "Alias": "mi_idx",
                                                                    "Startup Cost": 0.0,
                                                                    "Total Cost": 13685.15,
                                                                    "Plan Rows": 575015,
                                                                    "Plan Width": 8,
                                                                    "Actual Startup Time": 0.054,
                                                                    "Actual Total Time": 61.181,
                                                                    "Actual Rows": 460012,
                                                                    "Actual Loops": 3,
                                                                    "Output": [
                                                                        "mi_idx.id",
                                                                        "mi_idx.movie_id",
                                                                        "mi_idx.info_type_id",
                                                                        "mi_idx.info",
                                                                        "mi_idx.note"
                                                                    ],
                                                                    "Workers": [
                                                                        {
                                                                            "Worker Number": 0,
                                                                            "Actual Startup Time": 0.073,
                                                                            "Actual Total Time": 59.038,
                                                                            "Actual Rows": 448392,
                                                                            "Actual Loops": 1
                                                                        },
                                                                        {
                                                                            "Worker Number": 1,
                                                                            "Actual Startup Time": 0.076,
                                                                            "Actual Total Time": 59.28,
                                                                            "Actual Rows": 457850,
                                                                            "Actual Loops": 1
                                                                        }
                                                                    ]
                                                                },
                                                                {
                                                                    "Node Type": "Hash",
                                                                    "Parent Relationship": "Inner",
                                                                    "Parallel Aware": false,
                                                                    "Startup Cost": 2.41,
                                                                    "Total Cost": 2.41,
                                                                    "Plan Rows": 1,
                                                                    "Plan Width": 4,
                                                                    "Actual Startup Time": 0.081,
                                                                    "Actual Total Time": 0.083,
                                                                    "Actual Rows": 1,
                                                                    "Actual Loops": 3,
                                                                    "Output": [
                                                                        "it.id"
                                                                    ],
                                                                    "Hash Buckets": 1024,
                                                                    "Original Hash Buckets": 1024,
                                                                    "Hash Batches": 1,
                                                                    "Original Hash Batches": 1,
                                                                    "Peak Memory Usage": 9,
                                                                    "Workers": [
                                                                        {
                                                                            "Worker Number": 0,
                                                                            "Actual Startup Time": 0.093,
                                                                            "Actual Total Time": 0.095,
                                                                            "Actual Rows": 1,
                                                                            "Actual Loops": 1
                                                                        },
                                                                        {
                                                                            "Worker Number": 1,
                                                                            "Actual Startup Time": 0.092,
                                                                            "Actual Total Time": 0.093,
                                                                            "Actual Rows": 1,
                                                                            "Actual Loops": 1
                                                                        }
                                                                    ],
                                                                    "Plans": [
                                                                        {
                                                                            "Node Type": "Seq Scan",
                                                                            "Parent Relationship": "Outer",
                                                                            "Parallel Aware": false,
                                                                            "Relation Name": "info_type",
                                                                            "Schema": "public",
                                                                            "Alias": "it",
                                                                            "Startup Cost": 0.0,
                                                                            "Total Cost": 2.41,
                                                                            "Plan Rows": 1,
                                                                            "Plan Width": 4,
                                                                            "Actual Startup Time": 0.068,
                                                                            "Actual Total Time": 0.07,
                                                                            "Actual Rows": 1,
                                                                            "Actual Loops": 3,
                                                                            "Output": [
                                                                                "it.id"
                                                                            ],
                                                                            "Filter": "((it.info)::text = 'bottom 10 rank'::text)",
                                                                            "Rows Removed by Filter": 112,
                                                                            "Workers": [
                                                                                {
                                                                                    "Worker Number": 0,
                                                                                    "Actual Startup Time": 0.079,
                                                                                    "Actual Total Time": 0.081,
                                                                                    "Actual Rows": 1,
                                                                                    "Actual Loops": 1
                                                                                },
                                                                                {
                                                                                    "Worker Number": 1,
                                                                                    "Actual Startup Time": 0.079,
                                                                                    "Actual Total Time": 0.081,
                                                                                    "Actual Rows": 1,
                                                                                    "Actual Loops": 1
                                                                                }
                                                                            ]
                                                                        }
                                                                    ]
                                                                }
                                                            ]
                                                        },
                                                        {
                                                            "Node Type": "Index Scan",
                                                            "Parent Relationship": "Inner",
                                                            "Parallel Aware": false,
                                                            "Scan Direction": "Forward",
                                                            "Index Name": "title_pkey",
                                                            "Relation Name": "title",
                                                            "Schema": "public",
                                                            "Alias": "t",
                                                            "Startup Cost": 0.43,
                                                            "Total Cost": 0.58,
                                                            "Plan Rows": 1,
                                                            "Plan Width": 25,
                                                            "Actual Startup Time": 0.059,
                                                            "Actual Total Time": 0.059,
                                                            "Actual Rows": 1,
                                                            "Actual Loops": 10,
                                                            "Output": [
                                                                "t.id",
                                                                "t.title",
                                                                "t.imdb_index",
                                                                "t.kind_id",
                                                                "t.production_year",
                                                                "t.imdb_id",
                                                                "t.phonetic_code",
                                                                "t.episode_of_id",
                                                                "t.season_nr",
                                                                "t.episode_nr",
                                                                "t.series_years",
                                                                "t.md5sum"
                                                            ],
                                                            "Index Cond": "(t.id = mi_idx.movie_id)",
                                                            "Rows Removed by Index Recheck": 0,
                                                            "Filter": "(t.production_year > 2001)",
                                                            "Rows Removed by Filter": 0,
                                                            "Workers": [
                                                                {
                                                                    "Worker Number": 1,
                                                                    "Actual Startup Time": 0.059,
                                                                    "Actual Total Time": 0.059,
                                                                    "Actual Rows": 1,
                                                                    "Actual Loops": 10
                                                                }
                                                            ]
                                                        }
                                                    ]
                                                },
                                                {
                                                    "Node Type": "Index Scan",
                                                    "Parent Relationship": "Inner",
                                                    "Parallel Aware": false,
                                                    "Scan Direction": "Forward",
                                                    "Index Name": "movie_id_movie_companies",
                                                    "Relation Name": "movie_companies",
                                                    "Schema": "public",
                                                    "Alias": "mc",
                                                    "Startup Cost": 0.43,
                                                    "Total Cost": 0.62,
                                                    "Plan Rows": 3,
                                                    "Plan Width": 32,
                                                    "Actual Startup Time": 0.065,
                                                    "Actual Total Time": 0.088,
                                                    "Actual Rows": 13,
                                                    "Actual Loops": 6,
                                                    "Output": [
                                                        "mc.id",
                                                        "mc.movie_id",
                                                        "mc.company_id",
                                                        "mc.company_type_id",
                                                        "mc.note"
                                                    ],
                                                    "Index Cond": "(mc.movie_id = t.id)",
                                                    "Rows Removed by Index Recheck": 0,
                                                    "Filter": "(mc.note !~~ '%(as Metro-Goldwyn-Mayer Pictures)%'::text)",
                                                    "Rows Removed by Filter": 2,
                                                    "Workers": [
                                                        {
                                                            "Worker Number": 1,
                                                            "Actual Startup Time": 0.065,
                                                            "Actual Total Time": 0.088,
                                                            "Actual Rows": 13,
                                                            "Actual Loops": 6
                                                        }
                                                    ]
                                                }
                                            ]
                                        },
                                        {
                                            "Node Type": "Hash",
                                            "Parent Relationship": "Inner",
                                            "Parallel Aware": false,
                                            "Startup Cost": 1.05,
                                            "Total Cost": 1.05,
                                            "Plan Rows": 1,
                                            "Plan Width": 4,
                                            "Actual Startup Time": 0.08,
                                            "Actual Total Time": 0.081,
                                            "Actual Rows": 1,
                                            "Actual Loops": 3,
                                            "Output": [
                                                "ct.id"
                                            ],
                                            "Hash Buckets": 1024,
                                            "Original Hash Buckets": 1024,
                                            "Hash Batches": 1,
                                            "Original Hash Batches": 1,
                                            "Peak Memory Usage": 9,
                                            "Workers": [
                                                {
                                                    "Worker Number": 0,
                                                    "Actual Startup Time": 0.098,
                                                    "Actual Total Time": 0.098,
                                                    "Actual Rows": 1,
                                                    "Actual Loops": 1
                                                },
                                                {
                                                    "Worker Number": 1,
                                                    "Actual Startup Time": 0.1,
                                                    "Actual Total Time": 0.1,
                                                    "Actual Rows": 1,
                                                    "Actual Loops": 1
                                                }
                                            ],
                                            "Plans": [
                                                {
                                                    "Node Type": "Seq Scan",
                                                    "Parent Relationship": "Outer",
                                                    "Parallel Aware": false,
                                                    "Relation Name": "company_type",
                                                    "Schema": "public",
                                                    "Alias": "ct",
                                                    "Startup Cost": 0.0,
                                                    "Total Cost": 1.05,
                                                    "Plan Rows": 1,
                                                    "Plan Width": 4,
                                                    "Actual Startup Time": 0.055,
                                                    "Actual Total Time": 0.059,
                                                    "Actual Rows": 1,
                                                    "Actual Loops": 3,
                                                    "Output": [
                                                        "ct.id"
                                                    ],
                                                    "Filter": "((ct.kind)::text = 'production companies'::text)",
                                                    "Rows Removed by Filter": 3,
                                                    "Workers": [
                                                        {
                                                            "Worker Number": 0,
                                                            "Actual Startup Time": 0.07,
                                                            "Actual Total Time": 0.074,
                                                            "Actual Rows": 1,
                                                            "Actual Loops": 1
                                                        },
                                                        {
                                                            "Worker Number": 1,
                                                            "Actual Startup Time": 0.071,
                                                            "Actual Total Time": 0.075,
                                                            "Actual Rows": 1,
                                                            "Actual Loops": 1
                                                        }
                                                    ]
                                                }
                                            ]
                                        }
                                    ]
                                }
                            ]
                        }
                    ]
                }
            ]
        },
        "Planning Time": 1715.935,
        "Triggers": [],
        "Execution Time": 126.687
    }
]