[
  {
    "Plan": {
      "Node Type": "Aggregate",
      "Strategy": "Plain",
      "Partial Mode": "Finalize",
      "Parallel Aware": false,
      "Startup Cost": 46863.0,
      "Total Cost": 46863.01,
      "Plan Rows": 1,
      "Plan Width": 8,
      "Actual Startup Time": 239.096,
      "Actual Total Time": 252.209,
      "Actual Rows": 1,
      "Actual Loops": 1,
      "Plans": [
        {
          "Node Type": "Gather",
          "Parent Relationship": "Outer",
          "Parallel Aware": false,
          "Startup Cost": 46862.69,
          "Total Cost": 46863.0,
          "Plan Rows": 3,
          "Plan Width": 8,
          "Actual Startup Time": 238.759,
          "Actual Total Time": 252.198,
          "Actual Rows": 4,
          "Actual Loops": 1,
          "Workers Planned": 3,
          "Workers Launched": 3,
          "Single Copy": false,
          "Plans": [
            {
              "Node Type": "Aggregate",
              "Strategy": "Plain",
              "Partial Mode": "Partial",
              "Parent Relationship": "Outer",
              "Parallel Aware": false,
              "Startup Cost": 45862.69,
              "Total Cost": 45862.7,
              "Plan Rows": 1,
              "Plan Width": 8,
              "Actual Startup Time": 232.437,
              "Actual Total Time": 232.438,
              "Actual Rows": 1,
              "Actual Loops": 4,
              "Plans": [
                {
                  "Node Type": "Seq Scan",
                  "Parent Relationship": "Outer",
                  "Parallel Aware": true,
                  "Relation Name": "movie_keyword",
                  "Alias": "mk",
                  "Startup Cost": 0.0,
                  "Total Cost": 42695.65,
                  "Plan Rows": 1266813,
                  "Plan Width": 0,
                  "Actual Startup Time": 0.048,
                  "Actual Total Time": 169.375,
                  "Actual Rows": 984808,
                  "Actual Loops": 4,
                  "Filter": "(keyword_id < 31395)",
                  "Rows Removed by Filter": 146175
                }
              ]
            }
          ]
        }
      ]
    },
    "Planning Time": 0.178,
    "Triggers": [],
    "Execution Time": 252.264
  }
]