{
    "Plan": {
        "Node Type": "Aggregate",
        "Strategy": "Plain",
        "Partial Mode": "Finalize",
        "Parallel Aware": false,
        "Startup Cost": 616573.06,
        "Total Cost": 616573.07,
        "Plan Rows": 1,
        "Plan Width": 8,
        "Actual Startup Time": 5487.179,
        "Actual Total Time": 5563.642,
        "Actual Rows": 1,
        "Actual Loops": 1,
        "Output": [
            "count(*)"
        ],
        "Plans": [
            {
                "Node Type": "Gather",
                "Parent Relationship": "Outer",
                "Parallel Aware": false,
                "Startup Cost": 616572.43,
                "Total Cost": 616573.04,
                "Plan Rows": 6,
                "Plan Width": 8,
                "Actual Startup Time": 5468.532,
                "Actual Total Time": 5563.611,
                "Actual Rows": 7,
                "Actual Loops": 1,
                "Output": [
                    "(PARTIAL count(*))"
                ],
                "Workers Planned": 6,
                "Workers Launched": 6,
                "Single Copy": false,
                "Plans": [
                    {
                        "Node Type": "Aggregate",
                        "Strategy": "Plain",
                        "Partial Mode": "Partial",
                        "Parent Relationship": "Outer",
                        "Parallel Aware": false,
                        "Startup Cost": 615572.43,
                        "Total Cost": 615572.44,
                        "Plan Rows": 1,
                        "Plan Width": 8,
                        "Actual Startup Time": 5447.512,
                        "Actual Total Time": 5447.91,
                        "Actual Rows": 1,
                        "Actual Loops": 7,
                        "Output": [
                            "PARTIAL count(*)"
                        ],
                        "Workers": [
                            {
                                "Worker Number": 0,
                                "Actual Startup Time": 5443.801,
                                "Actual Total Time": 5443.806,
                                "Actual Rows": 1,
                                "Actual Loops": 1
                            },
                            {
                                "Worker Number": 1,
                                "Actual Startup Time": 5443.837,
                                "Actual Total Time": 5443.841,
                                "Actual Rows": 1,
                                "Actual Loops": 1
                            },
                            {
                                "Worker Number": 2,
                                "Actual Startup Time": 5446.037,
                                "Actual Total Time": 5446.042,
                                "Actual Rows": 1,
                                "Actual Loops": 1
                            },
                            {
                                "Worker Number": 3,
                                "Actual Startup Time": 5443.668,
                                "Actual Total Time": 5443.673,
                                "Actual Rows": 1,
                                "Actual Loops": 1
                            },
                            {
                                "Worker Number": 4,
                                "Actual Startup Time": 5443.907,
                                "Actual Total Time": 5443.911,
                                "Actual Rows": 1,
                                "Actual Loops": 1
                            },
                            {
                                "Worker Number": 5,
                                "Actual Startup Time": 5443.801,
                                "Actual Total Time": 5443.806,
                                "Actual Rows": 1,
                                "Actual Loops": 1
                            }
                        ],
                        "Plans": [
                            {
                                "Node Type": "Hash Join",
                                "Parent Relationship": "Outer",
                                "Parallel Aware": true,
                                "Join Type": "Inner",
                                "Startup Cost": 255841.56,
                                "Total Cost": 602258.77,
                                "Plan Rows": 5325466,
                                "Plan Width": 0,
                                "Actual Startup Time": 775.408,
                                "Actual Total Time": 4698.786,
                                "Actual Rows": 17589699,
                                "Actual Loops": 7,
                                "Inner Unique": false,
                                "Hash Cond": "(ci.movie_id = t.id)",
                                "Workers": [
                                    {
                                        "Worker Number": 0,
                                        "Actual Startup Time": 772.06,
                                        "Actual Total Time": 4695.943,
                                        "Actual Rows": 17622351,
                                        "Actual Loops": 1
                                    },
                                    {
                                        "Worker Number": 1,
                                        "Actual Startup Time": 772.059,
                                        "Actual Total Time": 4665.487,
                                        "Actual Rows": 16467430,
                                        "Actual Loops": 1
                                    },
                                    {
                                        "Worker Number": 2,
                                        "Actual Startup Time": 771.981,
                                        "Actual Total Time": 4659.599,
                                        "Actual Rows": 14756200,
                                        "Actual Loops": 1
                                    },
                                    {
                                        "Worker Number": 3,
                                        "Actual Startup Time": 771.84,
                                        "Actual Total Time": 4725.332,
                                        "Actual Rows": 19023518,
                                        "Actual Loops": 1
                                    },
                                    {
                                        "Worker Number": 4,
                                        "Actual Startup Time": 772.156,
                                        "Actual Total Time": 4724.493,
                                        "Actual Rows": 19042019,
                                        "Actual Loops": 1
                                    },
                                    {
                                        "Worker Number": 5,
                                        "Actual Startup Time": 772.018,
                                        "Actual Total Time": 4724.516,
                                        "Actual Rows": 19058866,
                                        "Actual Loops": 1
                                    }
                                ],
                                "Plans": [
                                    {
                                        "Node Type": "Seq Scan",
                                        "Parent Relationship": "Outer",
                                        "Parallel Aware": true,
                                        "Relation Name": "cast_info",
                                        "Schema": "public",
                                        "Alias": "ci",
                                        "Startup Cost": 0.0,
                                        "Total Cost": 313108.29,
                                        "Plan Rows": 6042129,
                                        "Plan Width": 4,
                                        "Actual Startup Time": 0.032,
                                        "Actual Total Time": 572.106,
                                        "Actual Rows": 5177763,
                                        "Actual Loops": 7,
                                        "Output": [
                                            "ci.id",
                                            "ci.person_id",
                                            "ci.movie_id",
                                            "ci.person_role_id",
                                            "ci.note",
                                            "ci.nr_order",
                                            "ci.role_id"
                                        ],
                                        "Workers": [
                                            {
                                                "Worker Number": 0,
                                                "Actual Startup Time": 0.04,
                                                "Actual Total Time": 589.395,
                                                "Actual Rows": 5221482,
                                                "Actual Loops": 1
                                            },
                                            {
                                                "Worker Number": 1,
                                                "Actual Startup Time": 0.036,
                                                "Actual Total Time": 595.214,
                                                "Actual Rows": 4803945,
                                                "Actual Loops": 1
                                            },
                                            {
                                                "Worker Number": 2,
                                                "Actual Startup Time": 0.031,
                                                "Actual Total Time": 604.831,
                                                "Actual Rows": 4047357,
                                                "Actual Loops": 1
                                            },
                                            {
                                                "Worker Number": 3,
                                                "Actual Startup Time": 0.038,
                                                "Actual Total Time": 583.108,
                                                "Actual Rows": 5693631,
                                                "Actual Loops": 1
                                            },
                                            {
                                                "Worker Number": 4,
                                                "Actual Startup Time": 0.029,
                                                "Actual Total Time": 581.708,
                                                "Actual Rows": 5682876,
                                                "Actual Loops": 1
                                            },
                                            {
                                                "Worker Number": 5,
                                                "Actual Startup Time": 0.033,
                                                "Actual Total Time": 584.176,
                                                "Actual Rows": 5698506,
                                                "Actual Loops": 1
                                            }
                                        ]
                                    },
                                    {
                                        "Node Type": "Hash",
                                        "Parent Relationship": "Inner",
                                        "Parallel Aware": true,
                                        "Startup Cost": 250270.47,
                                        "Total Cost": 250270.47,
                                        "Plan Rows": 445687,
                                        "Plan Width": 8,
                                        "Actual Startup Time": 768.357,
                                        "Actual Total Time": 768.754,
                                        "Actual Rows": 319121,
                                        "Actual Loops": 7,
                                        "Output": [
                                            "t.id",
                                            "mi.movie_id"
                                        ],
                                        "Hash Buckets": 4194304,
                                        "Original Hash Buckets": 4194304,
                                        "Hash Batches": 1,
                                        "Original Hash Batches": 1,
                                        "Peak Memory Usage": 120256,
                                        "Workers": [
                                            {
                                                "Worker Number": 0,
                                                "Actual Startup Time": 771.148,
                                                "Actual Total Time": 771.151,
                                                "Actual Rows": 248898,
                                                "Actual Loops": 1
                                            },
                                            {
                                                "Worker Number": 1,
                                                "Actual Startup Time": 771.165,
                                                "Actual Total Time": 771.168,
                                                "Actual Rows": 337761,
                                                "Actual Loops": 1
                                            },
                                            {
                                                "Worker Number": 2,
                                                "Actual Startup Time": 771.333,
                                                "Actual Total Time": 771.337,
                                                "Actual Rows": 342764,
                                                "Actual Loops": 1
                                            },
                                            {
                                                "Worker Number": 3,
                                                "Actual Startup Time": 771.156,
                                                "Actual Total Time": 771.159,
                                                "Actual Rows": 340284,
                                                "Actual Loops": 1
                                            },
                                            {
                                                "Worker Number": 4,
                                                "Actual Startup Time": 771.255,
                                                "Actual Total Time": 771.259,
                                                "Actual Rows": 344897,
                                                "Actual Loops": 1
                                            },
                                            {
                                                "Worker Number": 5,
                                                "Actual Startup Time": 771.29,
                                                "Actual Total Time": 771.293,
                                                "Actual Rows": 340812,
                                                "Actual Loops": 1
                                            }
                                        ],
                                        "Plans": [
                                            {
                                                "Node Type": "Hash Join",
                                                "Parent Relationship": "Outer",
                                                "Parallel Aware": true,
                                                "Join Type": "Inner",
                                                "Startup Cost": 50219.81,
                                                "Total Cost": 250270.47,
                                                "Plan Rows": 445687,
                                                "Plan Width": 8,
                                                "Actual Startup Time": 262.537,
                                                "Actual Total Time": 641.503,
                                                "Actual Rows": 319121,
                                                "Actual Loops": 7,
                                                "Output": [
                                                    "t.id",
                                                    "mi.movie_id"
                                                ],
                                                "Inner Unique": true,
                                                "Hash Cond": "(mi.movie_id = t.id)",
                                                "Workers": [
                                                    {
                                                        "Worker Number": 0,
                                                        "Actual Startup Time": 262.523,
                                                        "Actual Total Time": 644.32,
                                                        "Actual Rows": 248898,
                                                        "Actual Loops": 1
                                                    },
                                                    {
                                                        "Worker Number": 1,
                                                        "Actual Startup Time": 262.531,
                                                        "Actual Total Time": 641.173,
                                                        "Actual Rows": 337761,
                                                        "Actual Loops": 1
                                                    },
                                                    {
                                                        "Worker Number": 2,
                                                        "Actual Startup Time": 262.517,
                                                        "Actual Total Time": 641.594,
                                                        "Actual Rows": 342764,
                                                        "Actual Loops": 1
                                                    },
                                                    {
                                                        "Worker Number": 3,
                                                        "Actual Startup Time": 262.511,
                                                        "Actual Total Time": 641.168,
                                                        "Actual Rows": 340284,
                                                        "Actual Loops": 1
                                                    },
                                                    {
                                                        "Worker Number": 4,
                                                        "Actual Startup Time": 262.509,
                                                        "Actual Total Time": 641.464,
                                                        "Actual Rows": 344897,
                                                        "Actual Loops": 1
                                                    },
                                                    {
                                                        "Worker Number": 5,
                                                        "Actual Startup Time": 262.512,
                                                        "Actual Total Time": 642.147,
                                                        "Actual Rows": 340812,
                                                        "Actual Loops": 1
                                                    }
                                                ],
                                                "Plans": [
                                                    {
                                                        "Node Type": "Seq Scan",
                                                        "Parent Relationship": "Outer",
                                                        "Parallel Aware": true,
                                                        "Relation Name": "movie_info",
                                                        "Schema": "public",
                                                        "Alias": "mi",
                                                        "Startup Cost": 0.0,
                                                        "Total Cost": 198880.74,
                                                        "Plan Rows": 445687,
                                                        "Plan Width": 4,
                                                        "Actual Startup Time": 15.104,
                                                        "Actual Total Time": 280.047,
                                                        "Actual Rows": 319121,
                                                        "Actual Loops": 7,
                                                        "Output": [
                                                            "mi.id",
                                                            "mi.movie_id",
                                                            "mi.info_type_id",
                                                            "mi.info",
                                                            "mi.note"
                                                        ],
                                                        "Filter": "(mi.info_type_id > 16)",
                                                        "Rows Removed by Filter": 1800267,
                                                        "Workers": [
                                                            {
                                                                "Worker Number": 0,
                                                                "Actual Startup Time": 15.189,
                                                                "Actual Total Time": 286.804,
                                                                "Actual Rows": 248898,
                                                                "Actual Loops": 1
                                                            },
                                                            {
                                                                "Worker Number": 1,
                                                                "Actual Startup Time": 15.16,
                                                                "Actual Total Time": 281.589,
                                                                "Actual Rows": 337761,
                                                                "Actual Loops": 1
                                                            },
                                                            {
                                                                "Worker Number": 2,
                                                                "Actual Startup Time": 15.029,
                                                                "Actual Total Time": 282.04,
                                                                "Actual Rows": 342764,
                                                                "Actual Loops": 1
                                                            },
                                                            {
                                                                "Worker Number": 3,
                                                                "Actual Startup Time": 15.031,
                                                                "Actual Total Time": 281.776,
                                                                "Actual Rows": 340284,
                                                                "Actual Loops": 1
                                                            },
                                                            {
                                                                "Worker Number": 4,
                                                                "Actual Startup Time": 15.055,
                                                                "Actual Total Time": 281.543,
                                                                "Actual Rows": 344897,
                                                                "Actual Loops": 1
                                                            },
                                                            {
                                                                "Worker Number": 5,
                                                                "Actual Startup Time": 15.036,
                                                                "Actual Total Time": 282.256,
                                                                "Actual Rows": 340812,
                                                                "Actual Loops": 1
                                                            }
                                                        ]
                                                    },
                                                    {
                                                        "Node Type": "Hash",
                                                        "Parent Relationship": "Inner",
                                                        "Parallel Aware": true,
                                                        "Startup Cost": 42318.81,
                                                        "Total Cost": 42318.81,
                                                        "Plan Rows": 632080,
                                                        "Plan Width": 4,
                                                        "Actual Startup Time": 242.863,
                                                        "Actual Total Time": 242.864,
                                                        "Actual Rows": 361187,
                                                        "Actual Loops": 7,
                                                        "Output": [
                                                            "t.id"
                                                        ],
                                                        "Hash Buckets": 4194304,
                                                        "Original Hash Buckets": 4194304,
                                                        "Hash Batches": 1,
                                                        "Original Hash Batches": 1,
                                                        "Peak Memory Usage": 131744,
                                                        "Workers": [
                                                            {
                                                                "Worker Number": 0,
                                                                "Actual Startup Time": 247.259,
                                                                "Actual Total Time": 247.26,
                                                                "Actual Rows": 281932,
                                                                "Actual Loops": 1
                                                            },
                                                            {
                                                                "Worker Number": 1,
                                                                "Actual Startup Time": 247.234,
                                                                "Actual Total Time": 247.235,
                                                                "Actual Rows": 372883,
                                                                "Actual Loops": 1
                                                            },
                                                            {
                                                                "Worker Number": 2,
                                                                "Actual Startup Time": 247.211,
                                                                "Actual Total Time": 247.212,
                                                                "Actual Rows": 379534,
                                                                "Actual Loops": 1
                                                            },
                                                            {
                                                                "Worker Number": 3,
                                                                "Actual Startup Time": 247.201,
                                                                "Actual Total Time": 247.202,
                                                                "Actual Rows": 371239,
                                                                "Actual Loops": 1
                                                            },
                                                            {
                                                                "Worker Number": 4,
                                                                "Actual Startup Time": 247.197,
                                                                "Actual Total Time": 247.198,
                                                                "Actual Rows": 366292,
                                                                "Actual Loops": 1
                                                            },
                                                            {
                                                                "Worker Number": 5,
                                                                "Actual Startup Time": 247.191,
                                                                "Actual Total Time": 247.192,
                                                                "Actual Rows": 377201,
                                                                "Actual Loops": 1
                                                            }
                                                        ],
                                                        "Plans": [
                                                            {
                                                                "Node Type": "Seq Scan",
                                                                "Parent Relationship": "Outer",
                                                                "Parallel Aware": true,
                                                                "Relation Name": "title",
                                                                "Schema": "public",
                                                                "Alias": "t",
                                                                "Startup Cost": 0.0,
                                                                "Total Cost": 42318.81,
                                                                "Plan Rows": 632080,
                                                                "Plan Width": 4,
                                                                "Actual Startup Time": 0.063,
                                                                "Actual Total Time": 71.391,
                                                                "Actual Rows": 361187,
                                                                "Actual Loops": 7,
                                                                "Output": [
                                                                    "t.id"
                                                                ],
                                                                "Workers": [
                                                                    {
                                                                        "Worker Number": 0,
                                                                        "Actual Startup Time": 0.078,
                                                                        "Actual Total Time": 75.743,
                                                                        "Actual Rows": 281932,
                                                                        "Actual Loops": 1
                                                                    },
                                                                    {
                                                                        "Worker Number": 1,
                                                                        "Actual Startup Time": 0.075,
                                                                        "Actual Total Time": 72.155,
                                                                        "Actual Rows": 372883,
                                                                        "Actual Loops": 1
                                                                    },
                                                                    {
                                                                        "Worker Number": 2,
                                                                        "Actual Startup Time": 0.065,
                                                                        "Actual Total Time": 72.878,
                                                                        "Actual Rows": 379534,
                                                                        "Actual Loops": 1
                                                                    },
                                                                    {
                                                                        "Worker Number": 3,
                                                                        "Actual Startup Time": 0.078,
                                                                        "Actual Total Time": 72.859,
                                                                        "Actual Rows": 371239,
                                                                        "Actual Loops": 1
                                                                    },
                                                                    {
                                                                        "Worker Number": 4,
                                                                        "Actual Startup Time": 0.062,
                                                                        "Actual Total Time": 72.683,
                                                                        "Actual Rows": 366292,
                                                                        "Actual Loops": 1
                                                                    },
                                                                    {
                                                                        "Worker Number": 5,
                                                                        "Actual Startup Time": 0.062,
                                                                        "Actual Total Time": 72.77,
                                                                        "Actual Rows": 377201,
                                                                        "Actual Loops": 1
                                                                    }
                                                                ]
                                                            }
                                                        ]
                                                    }
                                                ]
                                            }
                                        ]
                                    }
                                ]
                            }
                        ]
                    }
                ]
            }
        ]
    },
    "Planning Time": 1.504,
    "Triggers": [],
    "Execution Time": 5563.766
}