[
  {
    "Plan": {
      "Node Type": "Aggregate",
      "Strategy": "Plain",
      "Partial Mode": "Finalize",
      "Parallel Aware": false,
      "Startup Cost": 137541.02,
      "Total Cost": 137541.03,
      "Plan Rows": 1,
      "Plan Width": 8,
      "Actual Startup Time": 1870.696,
      "Actual Total Time": 1938.021,
      "Actual Rows": 1,
      "Actual Loops": 1,
      "Plans": [
        {
          "Node Type": "Gather",
          "Parent Relationship": "Outer",
          "Parallel Aware": false,
          "Startup Cost": 137540.7,
          "Total Cost": 137541.01,
          "Plan Rows": 3,
          "Plan Width": 8,
          "Actual Startup Time": 1869.57,
          "Actual Total Time": 1938.011,
          "Actual Rows": 4,
          "Actual Loops": 1,
          "Workers Planned": 3,
          "Workers Launched": 3,
          "Single Copy": false,
          "Plans": [
            {
              "Node Type": "Aggregate",
              "Strategy": "Plain",
              "Partial Mode": "Partial",
              "Parent Relationship": "Outer",
              "Parallel Aware": false,
              "Startup Cost": 136540.7,
              "Total Cost": 136540.71,
              "Plan Rows": 1,
              "Plan Width": 8,
              "Actual Startup Time": 1861.085,
              "Actual Total Time": 1861.144,
              "Actual Rows": 1,
              "Actual Loops": 4,
              "Plans": [
                {
                  "Node Type": "Nested Loop",
                  "Parent Relationship": "Outer",
                  "Parallel Aware": false,
                  "Join Type": "Inner",
                  "Startup Cost": 45682.69,
                  "Total Cost": 136433.82,
                  "Plan Rows": 42750,
                  "Plan Width": 0,
                  "Actual Startup Time": 110.571,
                  "Actual Total Time": 1852.563,
                  "Actual Rows": 132880,
                  "Actual Loops": 4,
                  "Inner Unique": false,
                  "Join Filter": "(t.id = ci.movie_id)",
                  "Rows Removed by Join Filter": 0,
                  "Plans": [
                    {
                      "Node Type": "Hash Join",
                      "Parent Relationship": "Outer",
                      "Parallel Aware": true,
                      "Join Type": "Inner",
                      "Startup Cost": 45682.12,
                      "Total Cost": 90935.05,
                      "Plan Rows": 24972,
                      "Plan Width": 8,
                      "Actual Startup Time": 107.975,
                      "Actual Total Time": 302.827,
                      "Actual Rows": 108418,
                      "Actual Loops": 4,
                      "Inner Unique": true,
                      "Hash Cond": "(mk.movie_id = t.id)",
                      "Plans": [
                        {
                          "Node Type": "Seq Scan",
                          "Parent Relationship": "Outer",
                          "Parallel Aware": true,
                          "Relation Name": "movie_keyword",
                          "Alias": "mk",
                          "Startup Cost": 0.0,
                          "Total Cost": 42695.65,
                          "Plan Rows": 974200,
                          "Plan Width": 4,
                          "Actual Startup Time": 0.024,
                          "Actual Total Time": 108.271,
                          "Actual Rows": 758548,
                          "Actual Loops": 4,
                          "Filter": "(keyword_id < 10926)",
                          "Rows Removed by Filter": 372435
                        },
                        {
                          "Node Type": "Hash",
                          "Parent Relationship": "Inner",
                          "Parallel Aware": true,
                          "Startup Cost": 45479.59,
                          "Total Cost": 45479.59,
                          "Plan Rows": 16203,
                          "Plan Width": 4,
                          "Actual Startup Time": 107.328,
                          "Actual Total Time": 107.329,
                          "Actual Rows": 45097,
                          "Actual Loops": 4,
                          "Hash Buckets": 262144,
                          "Original Hash Buckets": 65536,
                          "Hash Batches": 1,
                          "Original Hash Batches": 1,
                          "Peak Memory Usage": 10720,
                          "Plans": [
                            {
                              "Node Type": "Seq Scan",
                              "Parent Relationship": "Outer",
                              "Parallel Aware": true,
                              "Relation Name": "title",
                              "Alias": "t",
                              "Startup Cost": 0.0,
                              "Total Cost": 45479.59,
                              "Plan Rows": 16203,
                              "Plan Width": 4,
                              "Actual Startup Time": 1.057,
                              "Actual Total Time": 90.057,
                              "Actual Rows": 45097,
                              "Actual Loops": 4,
                              "Filter": "((kind_id < 4) AND (production_year < 1956))",
                              "Rows Removed by Filter": 586981
                            }
                          ]
                        }
                      ]
                    },
                    {
                      "Node Type": "Index Scan",
                      "Parent Relationship": "Inner",
                      "Parallel Aware": false,
                      "Scan Direction": "Forward",
                      "Index Name": "movie_id_cast_info",
                      "Relation Name": "cast_info",
                      "Alias": "ci",
                      "Startup Cost": 0.56,
                      "Total Cost": 1.77,
                      "Plan Rows": 4,
                      "Plan Width": 4,
                      "Actual Startup Time": 0.014,
                      "Actual Total Time": 0.014,
                      "Actual Rows": 1,
                      "Actual Loops": 433671,
                      "Index Cond": "(movie_id = mk.movie_id)",
                      "Rows Removed by Index Recheck": 0,
                      "Filter": "(role_id = 10)",
                      "Rows Removed by Filter": 33
                    }
                  ]
                }
              ]
            }
          ]
        }
      ]
    },
    "Planning Time": 0.585,
    "Triggers": [],
    "Execution Time": 1938.072
  }
]