{
  "Plan": {
    "Node Type": "Aggregate",
    "Strategy": "Plain",
    "Partial Mode": "Finalize",
    "Parallel Aware": false,
    "Startup Cost": 354636.16,
    "Total Cost": 354636.17,
    "Plan Rows": 1,
    "Plan Width": 8,
    "Actual Startup Time": 565.006,
    "Actual Total Time": 580.104,
    "Actual Rows": 1,
    "Actual Loops": 1,
    "Plans": [
      {
        "Node Type": "Gather",
        "Parent Relationship": "Outer",
        "Parallel Aware": false,
        "Startup Cost": 354636.05,
        "Total Cost": 354636.16,
        "Plan Rows": 1,
        "Plan Width": 8,
        "Actual Startup Time": 563.188,
        "Actual Total Time": 580.098,
        "Actual Rows": 2,
        "Actual Loops": 1,
        "Workers Planned": 1,
        "Workers Launched": 1,
        "Single Copy": false,
        "Plans": [
          {
            "Node Type": "Aggregate",
            "Strategy": "Plain",
            "Partial Mode": "Partial",
            "Parent Relationship": "Outer",
            "Parallel Aware": false,
            "Startup Cost": 353636.05,
            "Total Cost": 353636.06,
            "Plan Rows": 1,
            "Plan Width": 8,
            "Actual Startup Time": 558.38,
            "Actual Total Time": 558.384,
            "Actual Rows": 1,
            "Actual Loops": 2,
            "Plans": [
              {
                "Node Type": "Hash Join",
                "Parent Relationship": "Outer",
                "Parallel Aware": true,
                "Join Type": "Inner",
                "Startup Cost": 89852.51,
                "Total Cost": 353448.42,
                "Plan Rows": 75051,
                "Plan Width": 0,
                "Actual Startup Time": 312.522,
                "Actual Total Time": 546.967,
                "Actual Rows": 264028,
                "Actual Loops": 2,
                "Inner Unique": true,
                "Hash Cond": "(ci.movie_id = t.id)",
                "Plans": [
                  {
                    "Node Type": "Bitmap Heap Scan",
                    "Parent Relationship": "Outer",
                    "Parallel Aware": true,
                    "Relation Name": "cast_info",
                    "Alias": "ci",
                    "Startup Cost": 25578.81,
                    "Total Cost": 288560.95,
                    "Plan Rows": 233814,
                    "Plan Width": 4,
                    "Actual Startup Time": 42.494,
                    "Actual Total Time": 127.584,
                    "Actual Rows": 567672,
                    "Actual Loops": 2,
                    "Recheck Cond": "(person_id > 3841425)",
                    "Rows Removed by Index Recheck": 0,
                    "Filter": "(role_id > 3)",
                    "Rows Removed by Filter": 0,
                    "Exact Heap Blocks": 8651,
                    "Lossy Heap Blocks": 0,
                    "Plans": [
                      {
                        "Node Type": "Bitmap Index Scan",
                        "Parent Relationship": "Outer",
                        "Parallel Aware": false,
                        "Index Name": "person_id_cast_info",
                        "Startup Cost": 0.0,
                        "Total Cost": 25479.44,
                        "Plan Rows": 1166783,
                        "Plan Width": 0,
                        "Actual Startup Time": 40.036,
                        "Actual Total Time": 40.037,
                        "Actual Rows": 1135344,
                        "Actual Loops": 1,
                        "Index Cond": "(person_id > 3841425)"
                      }
                    ]
                  },
                  {
                    "Node Type": "Hash",
                    "Parent Relationship": "Inner",
                    "Parallel Aware": true,
                    "Startup Cost": 58306.47,
                    "Total Cost": 58306.47,
                    "Plan Rows": 477379,
                    "Plan Width": 4,
                    "Actual Startup Time": 261.337,
                    "Actual Total Time": 261.338,
                    "Actual Rows": 440972,
                    "Actual Loops": 2,
                    "Hash Buckets": 1048576,
                    "Original Hash Buckets": 1048576,
                    "Hash Batches": 1,
                    "Original Hash Batches": 1,
                    "Peak Memory Usage": 42720,
                    "Plans": [
                      {
                        "Node Type": "Seq Scan",
                        "Parent Relationship": "Outer",
                        "Parallel Aware": true,
                        "Relation Name": "title",
                        "Alias": "t",
                        "Startup Cost": 0.0,
                        "Total Cost": 58306.47,
                        "Plan Rows": 477379,
                        "Plan Width": 4,
                        "Actual Startup Time": 0.025,
                        "Actual Total Time": 158.268,
                        "Actual Rows": 440972,
                        "Actual Loops": 2,
                        "Filter": "((production_year > 2001) AND (kind_id = 7))",
                        "Rows Removed by Filter": 823184
                      }
                    ]
                  }
                ]
              }
            ]
          }
        ]
      }
    ]
  },
  "Planning Time": 0.624,
  "Triggers": [],
  "Execution Time": 580.182
}