[
  {
    "Plan": {
      "Node Type": "Aggregate",
      "Strategy": "Plain",
      "Partial Mode": "Finalize",
      "Parallel Aware": false,
      "Startup Cost": 82862.45,
      "Total Cost": 82862.46,
      "Plan Rows": 1,
      "Plan Width": 8,
      "Actual Startup Time": 417.094,
      "Actual Total Time": 434.751,
      "Actual Rows": 1,
      "Actual Loops": 1,
      "Plans": [
        {
          "Node Type": "Gather",
          "Parent Relationship": "Outer",
          "Parallel Aware": false,
          "Startup Cost": 82862.13,
          "Total Cost": 82862.44,
          "Plan Rows": 3,
          "Plan Width": 8,
          "Actual Startup Time": 404.663,
          "Actual Total Time": 434.741,
          "Actual Rows": 4,
          "Actual Loops": 1,
          "Workers Planned": 3,
          "Workers Launched": 3,
          "Single Copy": false,
          "Plans": [
            {
              "Node Type": "Aggregate",
              "Strategy": "Plain",
              "Partial Mode": "Partial",
              "Parent Relationship": "Outer",
              "Parallel Aware": false,
              "Startup Cost": 81862.13,
              "Total Cost": 81862.14,
              "Plan Rows": 1,
              "Plan Width": 8,
              "Actual Startup Time": 395.038,
              "Actual Total Time": 395.044,
              "Actual Rows": 1,
              "Actual Loops": 4,
              "Plans": [
                {
                  "Node Type": "Hash Join",
                  "Parent Relationship": "Outer",
                  "Parallel Aware": true,
                  "Join Type": "Inner",
                  "Startup Cost": 55677.31,
                  "Total Cost": 81699.46,
                  "Plan Rows": 65066,
                  "Plan Width": 0,
                  "Actual Startup Time": 305.739,
                  "Actual Total Time": 392.512,
                  "Actual Rows": 38518,
                  "Actual Loops": 4,
                  "Inner Unique": true,
                  "Hash Cond": "(mk.movie_id = t.id)",
                  "Plans": [
                    {
                      "Node Type": "Bitmap Heap Scan",
                      "Parent Relationship": "Outer",
                      "Parallel Aware": true,
                      "Relation Name": "movie_keyword",
                      "Alias": "mk",
                      "Startup Cost": 6819.34,
                      "Total Cost": 32569.33,
                      "Plan Rows": 103680,
                      "Plan Width": 4,
                      "Actual Startup Time": 31.973,
                      "Actual Total Time": 84.058,
                      "Actual Rows": 79305,
                      "Actual Loops": 4,
                      "Recheck Cond": "(keyword_id < 250)",
                      "Rows Removed by Index Recheck": 0,
                      "Exact Heap Blocks": 7425,
                      "Lossy Heap Blocks": 0,
                      "Plans": [
                        {
                          "Node Type": "Bitmap Index Scan",
                          "Parent Relationship": "Outer",
                          "Parallel Aware": false,
                          "Index Name": "keyword_id_movie_keyword",
                          "Startup Cost": 0.0,
                          "Total Cost": 6738.98,
                          "Plan Rows": 321407,
                          "Plan Width": 0,
                          "Actual Startup Time": 26.269,
                          "Actual Total Time": 26.27,
                          "Actual Rows": 317219,
                          "Actual Loops": 1,
                          "Index Cond": "(keyword_id < 250)"
                        }
                      ]
                    },
                    {
                      "Node Type": "Hash",
                      "Parent Relationship": "Inner",
                      "Parallel Aware": true,
                      "Startup Cost": 43899.32,
                      "Total Cost": 43899.32,
                      "Plan Rows": 396692,
                      "Plan Width": 4,
                      "Actual Startup Time": 267.787,
                      "Actual Total Time": 267.788,
                      "Actual Rows": 392642,
                      "Actual Loops": 4,
                      "Hash Buckets": 2097152,
                      "Original Hash Buckets": 2097152,
                      "Hash Batches": 1,
                      "Original Hash Batches": 1,
                      "Peak Memory Usage": 77888,
                      "Plans": [
                        {
                          "Node Type": "Seq Scan",
                          "Parent Relationship": "Outer",
                          "Parallel Aware": true,
                          "Relation Name": "title",
                          "Alias": "t",
                          "Startup Cost": 0.0,
                          "Total Cost": 43899.32,
                          "Plan Rows": 396692,
                          "Plan Width": 4,
                          "Actual Startup Time": 0.045,
                          "Actual Total Time": 115.171,
                          "Actual Rows": 392642,
                          "Actual Loops": 4,
                          "Filter": "(production_year > 1996)",
                          "Rows Removed by Filter": 239436
                        }
                      ]
                    }
                  ]
                }
              ]
            }
          ]
        }
      ]
    },
    "Planning Time": 0.323,
    "Triggers": [],
    "Execution Time": 434.809
  }
]