{
    "Plan": {
        "Node Type": "Aggregate",
        "Strategy": "Plain",
        "Partial Mode": "Simple",
        "Parallel Aware": false,
        "Startup Cost": 50064162904.98,
        "Total Cost": 50064162904.99,
        "Plan Rows": 1,
        "Plan Width": 64,
        "Actual Startup Time": 3274.003,
        "Actual Total Time": 3311.642,
        "Actual Rows": 1,
        "Actual Loops": 1,
        "Output": [
            "min(chn.name)",
            "min(t.title)"
        ],
        "Plans": [
            {
                "Node Type": "Hash Join",
                "Parent Relationship": "Outer",
                "Parallel Aware": false,
                "Join Type": "Inner",
                "Startup Cost": 50064159403.05,
                "Total Cost": 50064161910.67,
                "Plan Rows": 198862,
                "Plan Width": 33,
                "Actual Startup Time": 3253.171,
                "Actual Total Time": 3302.629,
                "Actual Rows": 128526,
                "Actual Loops": 1,
                "Output": [
                    "chn.name",
                    "t.title"
                ],
                "Inner Unique": false,
                "Hash Cond": "(ct.id = mc.company_type_id)",
                "Plans": [
                    {
                        "Node Type": "Index Scan",
                        "Parent Relationship": "Outer",
                        "Parallel Aware": false,
                        "Scan Direction": "Forward",
                        "Index Name": "company_type_pkey",
                        "Relation Name": "company_type",
                        "Schema": "public",
                        "Alias": "ct",
                        "Startup Cost": 10000000000.13,
                        "Total Cost": 10000000012.19,
                        "Plan Rows": 4,
                        "Plan Width": 4,
                        "Actual Startup Time": 0.016,
                        "Actual Total Time": 0.031,
                        "Actual Rows": 4,
                        "Actual Loops": 1,
                        "Output": [
                            "ct.id",
                            "ct.kind"
                        ]
                    },
                    {
                        "Node Type": "Hash",
                        "Parent Relationship": "Inner",
                        "Parallel Aware": false,
                        "Startup Cost": 40064156917.14,
                        "Total Cost": 40064156917.14,
                        "Plan Rows": 198862,
                        "Plan Width": 37,
                        "Actual Startup Time": 3252.69,
                        "Actual Total Time": 3290.327,
                        "Actual Rows": 128526,
                        "Actual Loops": 1,
                        "Output": [
                            "chn.name",
                            "mc.company_type_id",
                            "t.title"
                        ],
                        "Hash Buckets": 262144,
                        "Original Hash Buckets": 262144,
                        "Hash Batches": 1,
                        "Original Hash Batches": 1,
                        "Peak Memory Usage": 11064,
                        "Plans": [
                            {
                                "Node Type": "Hash Join",
                                "Parent Relationship": "Outer",
                                "Parallel Aware": false,
                                "Join Type": "Inner",
                                "Startup Cost": 40064151944.44,
                                "Total Cost": 40064156917.14,
                                "Plan Rows": 198862,
                                "Plan Width": 37,
                                "Actual Startup Time": 3218.32,
                                "Actual Total Time": 3270.455,
                                "Actual Rows": 128526,
                                "Actual Loops": 1,
                                "Output": [
                                    "chn.name",
                                    "mc.company_type_id",
                                    "t.title"
                                ],
                                "Inner Unique": false,
                                "Hash Cond": "(rt.id = ci.role_id)",
                                "Plans": [
                                    {
                                        "Node Type": "Seq Scan",
                                        "Parent Relationship": "Outer",
                                        "Parallel Aware": false,
                                        "Relation Name": "role_type",
                                        "Schema": "public",
                                        "Alias": "rt",
                                        "Startup Cost": 10000000000.0,
                                        "Total Cost": 10000000001.12,
                                        "Plan Rows": 12,
                                        "Plan Width": 4,
                                        "Actual Startup Time": 0.026,
                                        "Actual Total Time": 0.032,
                                        "Actual Rows": 12,
                                        "Actual Loops": 1,
                                        "Output": [
                                            "rt.id",
                                            "rt.role"
                                        ]
                                    },
                                    {
                                        "Node Type": "Hash",
                                        "Parent Relationship": "Inner",
                                        "Parallel Aware": false,
                                        "Startup Cost": 30064149458.67,
                                        "Total Cost": 30064149458.67,
                                        "Plan Rows": 198862,
                                        "Plan Width": 41,
                                        "Actual Startup Time": 3217.834,
                                        "Actual Total Time": 3255.468,
                                        "Actual Rows": 128526,
                                        "Actual Loops": 1,
                                        "Output": [
                                            "chn.name",
                                            "ci.role_id",
                                            "mc.company_type_id",
                                            "t.title"
                                        ],
                                        "Hash Buckets": 262144,
                                        "Original Hash Buckets": 262144,
                                        "Hash Batches": 1,
                                        "Original Hash Batches": 1,
                                        "Peak Memory Usage": 11566,
                                        "Plans": [
                                            {
                                                "Node Type": "Gather",
                                                "Parent Relationship": "Outer",
                                                "Parallel Aware": false,
                                                "Startup Cost": 30001132456.22,
                                                "Total Cost": 30064149458.67,
                                                "Plan Rows": 198862,
                                                "Plan Width": 41,
                                                "Actual Startup Time": 3015.111,
                                                "Actual Total Time": 3241.965,
                                                "Actual Rows": 128526,
                                                "Actual Loops": 1,
                                                "Output": [
                                                    "chn.name",
                                                    "ci.role_id",
                                                    "mc.company_type_id",
                                                    "t.title"
                                                ],
                                                "Workers Planned": 4,
                                                "Workers Launched": 4,
                                                "Single Copy": false,
                                                "Plans": [
                                                    {
                                                        "Node Type": "Hash Join",
                                                        "Parent Relationship": "Outer",
                                                        "Parallel Aware": true,
                                                        "Join Type": "Inner",
                                                        "Startup Cost": 30001131456.22,
                                                        "Total Cost": 30064128572.47,
                                                        "Plan Rows": 49716,
                                                        "Plan Width": 41,
                                                        "Actual Startup Time": 3003.84,
                                                        "Actual Total Time": 3180.395,
                                                        "Actual Rows": 25705,
                                                        "Actual Loops": 5,
                                                        "Output": [
                                                            "chn.name",
                                                            "ci.role_id",
                                                            "mc.company_type_id",
                                                            "t.title"
                                                        ],
                                                        "Inner Unique": false,
                                                        "Hash Cond": "(chn.id = ci.person_role_id)",
                                                        "Workers": [
                                                            {
                                                                "Worker Number": 0,
                                                                "Actual Startup Time": 3001.308,
                                                                "Actual Total Time": 3182.779,
                                                                "Actual Rows": 25514,
                                                                "Actual Loops": 1
                                                            },
                                                            {
                                                                "Worker Number": 1,
                                                                "Actual Startup Time": 3001.237,
                                                                "Actual Total Time": 3181.77,
                                                                "Actual Rows": 21090,
                                                                "Actual Loops": 1
                                                            },
                                                            {
                                                                "Worker Number": 2,
                                                                "Actual Startup Time": 3001.394,
                                                                "Actual Total Time": 3180.692,
                                                                "Actual Rows": 32169,
                                                                "Actual Loops": 1
                                                            },
                                                            {
                                                                "Worker Number": 3,
                                                                "Actual Startup Time": 3001.478,
                                                                "Actual Total Time": 3185.504,
                                                                "Actual Rows": 29798,
                                                                "Actual Loops": 1
                                                            }
                                                        ],
                                                        "Plans": [
                                                            {
                                                                "Node Type": "Seq Scan",
                                                                "Parent Relationship": "Outer",
                                                                "Parallel Aware": true,
                                                                "Relation Name": "char_name",
                                                                "Schema": "public",
                                                                "Alias": "chn",
                                                                "Startup Cost": 0.0,
                                                                "Total Cost": 44298.57,
                                                                "Plan Rows": 785057,
                                                                "Plan Width": 20,
                                                                "Actual Startup Time": 0.032,
                                                                "Actual Total Time": 80.217,
                                                                "Actual Rows": 628068,
                                                                "Actual Loops": 5,
                                                                "Output": [
                                                                    "chn.id",
                                                                    "chn.name",
                                                                    "chn.imdb_index",
                                                                    "chn.imdb_id",
                                                                    "chn.name_pcode_nf",
                                                                    "chn.surname_pcode",
                                                                    "chn.md5sum"
                                                                ],
                                                                "Workers": [
                                                                    {
                                                                        "Worker Number": 0,
                                                                        "Actual Startup Time": 0.027,
                                                                        "Actual Total Time": 87.418,
                                                                        "Actual Rows": 627504,
                                                                        "Actual Loops": 1
                                                                    },
                                                                    {
                                                                        "Worker Number": 1,
                                                                        "Actual Startup Time": 0.06,
                                                                        "Actual Total Time": 84.907,
                                                                        "Actual Rows": 476784,
                                                                        "Actual Loops": 1
                                                                    },
                                                                    {
                                                                        "Worker Number": 2,
                                                                        "Actual Startup Time": 0.034,
                                                                        "Actual Total Time": 83.71,
                                                                        "Actual Rows": 672313,
                                                                        "Actual Loops": 1
                                                                    },
                                                                    {
                                                                        "Worker Number": 3,
                                                                        "Actual Startup Time": 0.031,
                                                                        "Actual Total Time": 81.048,
                                                                        "Actual Rows": 666670,
                                                                        "Actual Loops": 1
                                                                    }
                                                                ]
                                                            },
                                                            {
                                                                "Node Type": "Hash",
                                                                "Parent Relationship": "Inner",
                                                                "Parallel Aware": true,
                                                                "Startup Cost": 30001130654.36,
                                                                "Total Cost": 30001130654.36,
                                                                "Plan Rows": 64149,
                                                                "Plan Width": 29,
                                                                "Actual Startup Time": 3001.506,
                                                                "Actual Total Time": 3001.575,
                                                                "Actual Rows": 27486,
                                                                "Actual Loops": 5,
                                                                "Output": [
                                                                    "ci.person_role_id",
                                                                    "ci.role_id",
                                                                    "mc.company_type_id",
                                                                    "t.title"
                                                                ],
                                                                "Hash Buckets": 262144,
                                                                "Original Hash Buckets": 262144,
                                                                "Hash Batches": 1,
                                                                "Original Hash Batches": 1,
                                                                "Peak Memory Usage": 10816,
                                                                "Workers": [
                                                                    {
                                                                        "Worker Number": 0,
                                                                        "Actual Startup Time": 3000.598,
                                                                        "Actual Total Time": 3000.607,
                                                                        "Actual Rows": 29288,
                                                                        "Actual Loops": 1
                                                                    },
                                                                    {
                                                                        "Worker Number": 1,
                                                                        "Actual Startup Time": 3000.638,
                                                                        "Actual Total Time": 3000.647,
                                                                        "Actual Rows": 19834,
                                                                        "Actual Loops": 1
                                                                    },
                                                                    {
                                                                        "Worker Number": 2,
                                                                        "Actual Startup Time": 3000.696,
                                                                        "Actual Total Time": 3000.705,
                                                                        "Actual Rows": 27491,
                                                                        "Actual Loops": 1
                                                                    },
                                                                    {
                                                                        "Worker Number": 3,
                                                                        "Actual Startup Time": 3000.827,
                                                                        "Actual Total Time": 3000.834,
                                                                        "Actual Rows": 24687,
                                                                        "Actual Loops": 1
                                                                    }
                                                                ],
                                                                "Plans": [
                                                                    {
                                                                        "Node Type": "Merge Join",
                                                                        "Parent Relationship": "Outer",
                                                                        "Parallel Aware": false,
                                                                        "Join Type": "Inner",
                                                                        "Startup Cost": 30001116485.94,
                                                                        "Total Cost": 30001130654.36,
                                                                        "Plan Rows": 64149,
                                                                        "Plan Width": 29,
                                                                        "Actual Startup Time": 2830.118,
                                                                        "Actual Total Time": 2989.792,
                                                                        "Actual Rows": 27486,
                                                                        "Actual Loops": 5,
                                                                        "Output": [
                                                                            "ci.person_role_id",
                                                                            "ci.role_id",
                                                                            "mc.company_type_id",
                                                                            "t.title"
                                                                        ],
                                                                        "Inner Unique": true,
                                                                        "Merge Cond": "(mc.company_id = cn.id)",
                                                                        "Workers": [
                                                                            {
                                                                                "Worker Number": 0,
                                                                                "Actual Startup Time": 2828.583,
                                                                                "Actual Total Time": 2986.607,
                                                                                "Actual Rows": 29288,
                                                                                "Actual Loops": 1
                                                                            },
                                                                            {
                                                                                "Worker Number": 1,
                                                                                "Actual Startup Time": 2829.443,
                                                                                "Actual Total Time": 2990.563,
                                                                                "Actual Rows": 19834,
                                                                                "Actual Loops": 1
                                                                            },
                                                                            {
                                                                                "Worker Number": 2,
                                                                                "Actual Startup Time": 2829.242,
                                                                                "Actual Total Time": 2985.087,
                                                                                "Actual Rows": 27491,
                                                                                "Actual Loops": 1
                                                                            },
                                                                            {
                                                                                "Worker Number": 3,
                                                                                "Actual Startup Time": 2828.979,
                                                                                "Actual Total Time": 2992.587,
                                                                                "Actual Rows": 24687,
                                                                                "Actual Loops": 1
                                                                            }
                                                                        ],
                                                                        "Plans": [
                                                                            {
                                                                                "Node Type": "Sort",
                                                                                "Parent Relationship": "Outer",
                                                                                "Parallel Aware": false,
                                                                                "Startup Cost": 20001116463.63,
                                                                                "Total Cost": 20001116910.69,
                                                                                "Plan Rows": 178822,
                                                                                "Plan Width": 33,
                                                                                "Actual Startup Time": 2830.058,
                                                                                "Actual Total Time": 2835.353,
                                                                                "Actual Rows": 64531,
                                                                                "Actual Loops": 5,
                                                                                "Output": [
                                                                                    "ci.person_role_id",
                                                                                    "ci.role_id",
                                                                                    "mc.company_id",
                                                                                    "mc.company_type_id",
                                                                                    "t.title"
                                                                                ],
                                                                                "Sort Key": [
                                                                                    "mc.company_id"
                                                                                ],
                                                                                "Sort Method": "quicksort",
                                                                                "Sort Space Used": 10656,
                                                                                "Sort Space Type": "Memory",
                                                                                "Workers": [
                                                                                    {
                                                                                        "Worker Number": 0,
                                                                                        "Actual Startup Time": 2828.499,
                                                                                        "Actual Total Time": 2833.457,
                                                                                        "Actual Rows": 58927,
                                                                                        "Actual Loops": 1
                                                                                    },
                                                                                    {
                                                                                        "Worker Number": 1,
                                                                                        "Actual Startup Time": 2829.38,
                                                                                        "Actual Total Time": 2834.617,
                                                                                        "Actual Rows": 49700,
                                                                                        "Actual Loops": 1
                                                                                    },
                                                                                    {
                                                                                        "Worker Number": 2,
                                                                                        "Actual Startup Time": 2829.19,
                                                                                        "Actual Total Time": 2834.566,
                                                                                        "Actual Rows": 66414,
                                                                                        "Actual Loops": 1
                                                                                    },
                                                                                    {
                                                                                        "Worker Number": 3,
                                                                                        "Actual Startup Time": 2828.915,
                                                                                        "Actual Total Time": 2833.436,
                                                                                        "Actual Rows": 61320,
                                                                                        "Actual Loops": 1
                                                                                    }
                                                                                ],
                                                                                "Plans": [
                                                                                    {
                                                                                        "Node Type": "Hash Join",
                                                                                        "Parent Relationship": "Outer",
                                                                                        "Parallel Aware": true,
                                                                                        "Join Type": "Inner",
                                                                                        "Startup Cost": 20001030440.42,
                                                                                        "Total Cost": 20001100863.05,
                                                                                        "Plan Rows": 178822,
                                                                                        "Plan Width": 33,
                                                                                        "Actual Startup Time": 2596.868,
                                                                                        "Actual Total Time": 2811.231,
                                                                                        "Actual Rows": 64531,
                                                                                        "Actual Loops": 5,
                                                                                        "Output": [
                                                                                            "ci.person_role_id",
                                                                                            "ci.role_id",
                                                                                            "mc.company_id",
                                                                                            "mc.company_type_id",
                                                                                            "t.title"
                                                                                        ],
                                                                                        "Inner Unique": false,
                                                                                        "Hash Cond": "(mc.movie_id = t.id)",
                                                                                        "Workers": [
                                                                                            {
                                                                                                "Worker Number": 0,
                                                                                                "Actual Startup Time": 2597.691,
                                                                                                "Actual Total Time": 2811.31,
                                                                                                "Actual Rows": 58927,
                                                                                                "Actual Loops": 1
                                                                                            },
                                                                                            {
                                                                                                "Worker Number": 1,
                                                                                                "Actual Startup Time": 2595.59,
                                                                                                "Actual Total Time": 2808.287,
                                                                                                "Actual Rows": 49700,
                                                                                                "Actual Loops": 1
                                                                                            },
                                                                                            {
                                                                                                "Worker Number": 2,
                                                                                                "Actual Startup Time": 2594.828,
                                                                                                "Actual Total Time": 2809.101,
                                                                                                "Actual Rows": 66414,
                                                                                                "Actual Loops": 1
                                                                                            },
                                                                                            {
                                                                                                "Worker Number": 3,
                                                                                                "Actual Startup Time": 2595.712,
                                                                                                "Actual Total Time": 2811.048,
                                                                                                "Actual Rows": 61320,
                                                                                                "Actual Loops": 1
                                                                                            }
                                                                                        ],
                                                                                        "Plans": [
                                                                                            {
                                                                                                "Node Type": "Index Scan",
                                                                                                "Parent Relationship": "Outer",
                                                                                                "Parallel Aware": true,
                                                                                                "Scan Direction": "Forward",
                                                                                                "Index Name": "company_type_id_movie_companies",
                                                                                                "Relation Name": "movie_companies",
                                                                                                "Schema": "public",
                                                                                                "Alias": "mc",
                                                                                                "Startup Cost": 10000000000.43,
                                                                                                "Total Cost": 10000067155.62,
                                                                                                "Plan Rows": 841655,
                                                                                                "Plan Width": 12,
                                                                                                "Actual Startup Time": 0.486,
                                                                                                "Actual Total Time": 121.9,
                                                                                                "Actual Rows": 521826,
                                                                                                "Actual Loops": 5,
                                                                                                "Output": [
                                                                                                    "mc.id",
                                                                                                    "mc.movie_id",
                                                                                                    "mc.company_id",
                                                                                                    "mc.company_type_id",
                                                                                                    "mc.note"
                                                                                                ],
                                                                                                "Workers": [
                                                                                                    {
                                                                                                        "Worker Number": 0,
                                                                                                        "Actual Startup Time": 0.846,
                                                                                                        "Actual Total Time": 127.629,
                                                                                                        "Actual Rows": 524239,
                                                                                                        "Actual Loops": 1
                                                                                                    },
                                                                                                    {
                                                                                                        "Worker Number": 1,
                                                                                                        "Actual Startup Time": 0.429,
                                                                                                        "Actual Total Time": 125.84,
                                                                                                        "Actual Rows": 392776,
                                                                                                        "Actual Loops": 1
                                                                                                    },
                                                                                                    {
                                                                                                        "Worker Number": 2,
                                                                                                        "Actual Startup Time": 0.257,
                                                                                                        "Actual Total Time": 124.627,
                                                                                                        "Actual Rows": 516589,
                                                                                                        "Actual Loops": 1
                                                                                                    },
                                                                                                    {
                                                                                                        "Worker Number": 3,
                                                                                                        "Actual Startup Time": 0.619,
                                                                                                        "Actual Total Time": 124.523,
                                                                                                        "Actual Rows": 521496,
                                                                                                        "Actual Loops": 1
                                                                                                    }
                                                                                                ]
                                                                                            },
                                                                                            {
                                                                                                "Node Type": "Hash",
                                                                                                "Parent Relationship": "Inner",
                                                                                                "Parallel Aware": true,
                                                                                                "Startup Cost": 10001030022.29,
                                                                                                "Total Cost": 10001030022.29,
                                                                                                "Plan Rows": 33416,
                                                                                                "Plan Width": 33,
                                                                                                "Actual Startup Time": 2594.489,
                                                                                                "Actual Total Time": 2594.492,
                                                                                                "Actual Rows": 34932,
                                                                                                "Actual Loops": 5,
                                                                                                "Output": [
                                                                                                    "ci.movie_id",
                                                                                                    "ci.person_role_id",
                                                                                                    "ci.role_id",
                                                                                                    "t.title",
                                                                                                    "t.id"
                                                                                                ],
                                                                                                "Hash Buckets": 262144,
                                                                                                "Original Hash Buckets": 262144,
                                                                                                "Hash Batches": 1,
                                                                                                "Original Hash Batches": 1,
                                                                                                "Peak Memory Usage": 14560,
                                                                                                "Workers": [
                                                                                                    {
                                                                                                        "Worker Number": 0,
                                                                                                        "Actual Startup Time": 2594.263,
                                                                                                        "Actual Total Time": 2594.267,
                                                                                                        "Actual Rows": 35079,
                                                                                                        "Actual Loops": 1
                                                                                                    },
                                                                                                    {
                                                                                                        "Worker Number": 1,
                                                                                                        "Actual Startup Time": 2594.084,
                                                                                                        "Actual Total Time": 2594.088,
                                                                                                        "Actual Rows": 24418,
                                                                                                        "Actual Loops": 1
                                                                                                    },
                                                                                                    {
                                                                                                        "Worker Number": 2,
                                                                                                        "Actual Startup Time": 2594.399,
                                                                                                        "Actual Total Time": 2594.402,
                                                                                                        "Actual Rows": 36573,
                                                                                                        "Actual Loops": 1
                                                                                                    },
                                                                                                    {
                                                                                                        "Worker Number": 3,
                                                                                                        "Actual Startup Time": 2594.444,
                                                                                                        "Actual Total Time": 2594.447,
                                                                                                        "Actual Rows": 36420,
                                                                                                        "Actual Loops": 1
                                                                                                    }
                                                                                                ],
                                                                                                "Plans": [
                                                                                                    {
                                                                                                        "Node Type": "Merge Join",
                                                                                                        "Parent Relationship": "Outer",
                                                                                                        "Parallel Aware": false,
                                                                                                        "Join Type": "Inner",
                                                                                                        "Startup Cost": 10001025732.79,
                                                                                                        "Total Cost": 10001030022.29,
                                                                                                        "Plan Rows": 33416,
                                                                                                        "Plan Width": 33,
                                                                                                        "Actual Startup Time": 2113.279,
                                                                                                        "Actual Total Time": 2307.53,
                                                                                                        "Actual Rows": 34932,
                                                                                                        "Actual Loops": 5,
                                                                                                        "Output": [
                                                                                                            "ci.movie_id",
                                                                                                            "ci.person_role_id",
                                                                                                            "ci.role_id",
                                                                                                            "t.title",
                                                                                                            "t.id"
                                                                                                        ],
                                                                                                        "Inner Unique": false,
                                                                                                        "Merge Cond": "(ci.movie_id = t.id)",
                                                                                                        "Workers": [
                                                                                                            {
                                                                                                                "Worker Number": 0,
                                                                                                                "Actual Startup Time": 2081.544,
                                                                                                                "Actual Total Time": 2279.34,
                                                                                                                "Actual Rows": 35079,
                                                                                                                "Actual Loops": 1
                                                                                                            },
                                                                                                            {
                                                                                                                "Worker Number": 1,
                                                                                                                "Actual Startup Time": 2347.586,
                                                                                                                "Actual Total Time": 2582.807,
                                                                                                                "Actual Rows": 24418,
                                                                                                                "Actual Loops": 1
                                                                                                            },
                                                                                                            {
                                                                                                                "Worker Number": 2,
                                                                                                                "Actual Startup Time": 2081.537,
                                                                                                                "Actual Total Time": 2278.88,
                                                                                                                "Actual Rows": 36573,
                                                                                                                "Actual Loops": 1
                                                                                                            },
                                                                                                            {
                                                                                                                "Worker Number": 3,
                                                                                                                "Actual Startup Time": 2054.267,
                                                                                                                "Actual Total Time": 2223.318,
                                                                                                                "Actual Rows": 36420,
                                                                                                                "Actual Loops": 1
                                                                                                            }
                                                                                                        ],
                                                                                                        "Plans": [
                                                                                                            {
                                                                                                                "Node Type": "Sort",
                                                                                                                "Parent Relationship": "Outer",
                                                                                                                "Parallel Aware": false,
                                                                                                                "Startup Cost": 893849.27,
                                                                                                                "Total Cost": 894167.04,
                                                                                                                "Plan Rows": 127110,
                                                                                                                "Plan Width": 12,
                                                                                                                "Actual Startup Time": 1578.447,
                                                                                                                "Actual Total Time": 1593.013,
                                                                                                                "Actual Rows": 158068,
                                                                                                                "Actual Loops": 5,
                                                                                                                "Output": [
                                                                                                                    "ci.movie_id",
                                                                                                                    "ci.person_role_id",
                                                                                                                    "ci.role_id"
                                                                                                                ],
                                                                                                                "Sort Key": [
                                                                                                                    "ci.movie_id"
                                                                                                                ],
                                                                                                                "Sort Method": "quicksort",
                                                                                                                "Sort Space Used": 15134,
                                                                                                                "Sort Space Type": "Memory",
                                                                                                                "Workers": [
                                                                                                                    {
                                                                                                                        "Worker Number": 0,
                                                                                                                        "Actual Startup Time": 1577.042,
                                                                                                                        "Actual Total Time": 1592.091,
                                                                                                                        "Actual Rows": 160959,
                                                                                                                        "Actual Loops": 1
                                                                                                                    },
                                                                                                                    {
                                                                                                                        "Worker Number": 1,
                                                                                                                        "Actual Startup Time": 1578.823,
                                                                                                                        "Actual Total Time": 1591.849,
                                                                                                                        "Actual Rows": 113498,
                                                                                                                        "Actual Loops": 1
                                                                                                                    },
                                                                                                                    {
                                                                                                                        "Worker Number": 2,
                                                                                                                        "Actual Startup Time": 1577.136,
                                                                                                                        "Actual Total Time": 1592.102,
                                                                                                                        "Actual Rows": 161011,
                                                                                                                        "Actual Loops": 1
                                                                                                                    },
                                                                                                                    {
                                                                                                                        "Worker Number": 3,
                                                                                                                        "Actual Startup Time": 1577.708,
                                                                                                                        "Actual Total Time": 1591.578,
                                                                                                                        "Actual Rows": 163105,
                                                                                                                        "Actual Loops": 1
                                                                                                                    }
                                                                                                                ],
                                                                                                                "Plans": [
                                                                                                                    {
                                                                                                                        "Node Type": "Index Scan",
                                                                                                                        "Parent Relationship": "Outer",
                                                                                                                        "Parallel Aware": true,
                                                                                                                        "Scan Direction": "Forward",
                                                                                                                        "Index Name": "role_id_cast_info",
                                                                                                                        "Relation Name": "cast_info",
                                                                                                                        "Schema": "public",
                                                                                                                        "Alias": "ci",
                                                                                                                        "Startup Cost": 0.56,
                                                                                                                        "Total Cost": 883073.06,
                                                                                                                        "Plan Rows": 127110,
                                                                                                                        "Plan Width": 12,
                                                                                                                        "Actual Startup Time": 0.277,
                                                                                                                        "Actual Total Time": 1534.112,
                                                                                                                        "Actual Rows": 158068,
                                                                                                                        "Actual Loops": 5,
                                                                                                                        "Output": [
                                                                                                                            "ci.movie_id",
                                                                                                                            "ci.person_role_id",
                                                                                                                            "ci.role_id"
                                                                                                                        ],
                                                                                                                        "Filter": "(ci.note ~~ '%(voice)%'::text)",
                                                                                                                        "Rows Removed by Filter": 7090801,
                                                                                                                        "Workers": [
                                                                                                                            {
                                                                                                                                "Worker Number": 0,
                                                                                                                                "Actual Startup Time": 0.706,
                                                                                                                                "Actual Total Time": 1532.373,
                                                                                                                                "Actual Rows": 160959,
                                                                                                                                "Actual Loops": 1
                                                                                                                            },
                                                                                                                            {
                                                                                                                                "Worker Number": 1,
                                                                                                                                "Actual Startup Time": 0.154,
                                                                                                                                "Actual Total Time": 1530.911,
                                                                                                                                "Actual Rows": 113498,
                                                                                                                                "Actual Loops": 1
                                                                                                                            },
                                                                                                                            {
                                                                                                                                "Worker Number": 2,
                                                                                                                                "Actual Startup Time": 0.217,
                                                                                                                                "Actual Total Time": 1532.74,
                                                                                                                                "Actual Rows": 161011,
                                                                                                                                "Actual Loops": 1
                                                                                                                            },
                                                                                                                            {
                                                                                                                                "Worker Number": 3,
                                                                                                                                "Actual Startup Time": 0.226,
                                                                                                                                "Actual Total Time": 1533.725,
                                                                                                                                "Actual Rows": 163105,
                                                                                                                                "Actual Loops": 1
                                                                                                                            }
                                                                                                                        ]
                                                                                                                    }
                                                                                                                ]
                                                                                                            },
                                                                                                            {
                                                                                                                "Node Type": "Sort",
                                                                                                                "Parent Relationship": "Inner",
                                                                                                                "Parallel Aware": false,
                                                                                                                "Startup Cost": 10000131883.19,
                                                                                                                "Total Cost": 10000133544.86,
                                                                                                                "Plan Rows": 664670,
                                                                                                                "Plan Width": 21,
                                                                                                                "Actual Startup Time": 534.763,
                                                                                                                "Actual Total Time": 625.498,
                                                                                                                "Actual Rows": 680118,
                                                                                                                "Actual Loops": 5,
                                                                                                                "Output": [
                                                                                                                    "t.title",
                                                                                                                    "t.id"
                                                                                                                ],
                                                                                                                "Sort Key": [
                                                                                                                    "t.id"
                                                                                                                ],
                                                                                                                "Sort Method": "quicksort",
                                                                                                                "Sort Space Used": 70722,
                                                                                                                "Sort Space Type": "Memory",
                                                                                                                "Workers": [
                                                                                                                    {
                                                                                                                        "Worker Number": 0,
                                                                                                                        "Actual Startup Time": 504.459,
                                                                                                                        "Actual Total Time": 598.994,
                                                                                                                        "Actual Rows": 680464,
                                                                                                                        "Actual Loops": 1
                                                                                                                    },
                                                                                                                    {
                                                                                                                        "Worker Number": 1,
                                                                                                                        "Actual Startup Time": 768.624,
                                                                                                                        "Actual Total Time": 879.702,
                                                                                                                        "Actual Rows": 673384,
                                                                                                                        "Actual Loops": 1
                                                                                                                    },
                                                                                                                    {
                                                                                                                        "Worker Number": 2,
                                                                                                                        "Actual Startup Time": 504.359,
                                                                                                                        "Actual Total Time": 598.622,
                                                                                                                        "Actual Rows": 681196,
                                                                                                                        "Actual Loops": 1
                                                                                                                    },
                                                                                                                    {
                                                                                                                        "Worker Number": 3,
                                                                                                                        "Actual Startup Time": 476.524,
                                                                                                                        "Actual Total Time": 553.935,
                                                                                                                        "Actual Rows": 680342,
                                                                                                                        "Actual Loops": 1
                                                                                                                    }
                                                                                                                ],
                                                                                                                "Plans": [
                                                                                                                    {
                                                                                                                        "Node Type": "Seq Scan",
                                                                                                                        "Parent Relationship": "Outer",
                                                                                                                        "Parallel Aware": false,
                                                                                                                        "Relation Name": "title",
                                                                                                                        "Schema": "public",
                                                                                                                        "Alias": "t",
                                                                                                                        "Startup Cost": 10000000000.0,
                                                                                                                        "Total Cost": 10000067602.02,
                                                                                                                        "Plan Rows": 664670,
                                                                                                                        "Plan Width": 21,
                                                                                                                        "Actual Startup Time": 0.054,
                                                                                                                        "Actual Total Time": 301.055,
                                                                                                                        "Actual Rows": 662065,
                                                                                                                        "Actual Loops": 5,
                                                                                                                        "Output": [
                                                                                                                            "t.title",
                                                                                                                            "t.id"
                                                                                                                        ],
                                                                                                                        "Filter": "(t.production_year > 2008)",
                                                                                                                        "Rows Removed by Filter": 1866247,
                                                                                                                        "Workers": [
                                                                                                                            {
                                                                                                                                "Worker Number": 0,
                                                                                                                                "Actual Startup Time": 0.055,
                                                                                                                                "Actual Total Time": 285.682,
                                                                                                                                "Actual Rows": 662065,
                                                                                                                                "Actual Loops": 1
                                                                                                                            },
                                                                                                                            {
                                                                                                                                "Worker Number": 1,
                                                                                                                                "Actual Startup Time": 0.051,
                                                                                                                                "Actual Total Time": 423.93,
                                                                                                                                "Actual Rows": 662065,
                                                                                                                                "Actual Loops": 1
                                                                                                                            },
                                                                                                                            {
                                                                                                                                "Worker Number": 2,
                                                                                                                                "Actual Startup Time": 0.075,
                                                                                                                                "Actual Total Time": 283.508,
                                                                                                                                "Actual Rows": 662065,
                                                                                                                                "Actual Loops": 1
                                                                                                                            },
                                                                                                                            {
                                                                                                                                "Worker Number": 3,
                                                                                                                                "Actual Startup Time": 0.068,
                                                                                                                                "Actual Total Time": 263.195,
                                                                                                                                "Actual Rows": 662065,
                                                                                                                                "Actual Loops": 1
                                                                                                                            }
                                                                                                                        ]
                                                                                                                    }
                                                                                                                ]
                                                                                                            }
                                                                                                        ]
                                                                                                    }
                                                                                                ]
                                                                                            }
                                                                                        ]
                                                                                    }
                                                                                ]
                                                                            },
                                                                            {
                                                                                "Node Type": "Index Scan",
                                                                                "Parent Relationship": "Inner",
                                                                                "Parallel Aware": false,
                                                                                "Scan Direction": "Forward",
                                                                                "Index Name": "company_name_pkey",
                                                                                "Relation Name": "company_name",
                                                                                "Schema": "public",
                                                                                "Alias": "cn",
                                                                                "Startup Cost": 10000000000.42,
                                                                                "Total Cost": 10000012454.44,
                                                                                "Plan Rows": 84301,
                                                                                "Plan Width": 4,
                                                                                "Actual Startup Time": 0.053,
                                                                                "Actual Total Time": 143.018,
                                                                                "Actual Rows": 84768,
                                                                                "Actual Loops": 5,
                                                                                "Output": [
                                                                                    "cn.id",
                                                                                    "cn.name",
                                                                                    "cn.country_code",
                                                                                    "cn.imdb_id",
                                                                                    "cn.name_pcode_nf",
                                                                                    "cn.name_pcode_sf",
                                                                                    "cn.md5sum"
                                                                                ],
                                                                                "Filter": "((cn.country_code)::text = '[us]'::text)",
                                                                                "Rows Removed by Filter": 149755,
                                                                                "Workers": [
                                                                                    {
                                                                                        "Worker Number": 0,
                                                                                        "Actual Startup Time": 0.078,
                                                                                        "Actual Total Time": 142.765,
                                                                                        "Actual Rows": 84843,
                                                                                        "Actual Loops": 1
                                                                                    },
                                                                                    {
                                                                                        "Worker Number": 1,
                                                                                        "Actual Startup Time": 0.057,
                                                                                        "Actual Total Time": 142.004,
                                                                                        "Actual Rows": 84623,
                                                                                        "Actual Loops": 1
                                                                                    },
                                                                                    {
                                                                                        "Worker Number": 2,
                                                                                        "Actual Startup Time": 0.047,
                                                                                        "Actual Total Time": 139.754,
                                                                                        "Actual Rows": 84689,
                                                                                        "Actual Loops": 1
                                                                                    },
                                                                                    {
                                                                                        "Worker Number": 3,
                                                                                        "Actual Startup Time": 0.057,
                                                                                        "Actual Total Time": 149.271,
                                                                                        "Actual Rows": 84842,
                                                                                        "Actual Loops": 1
                                                                                    }
                                                                                ]
                                                                            }
                                                                        ]
                                                                    }
                                                                ]
                                                            }
                                                        ]
                                                    }
                                                ]
                                            }
                                        ]
                                    }
                                ]
                            }
                        ]
                    }
                ]
            }
        ]
    },
    "Planning Time": 4.412,
    "Triggers": [],
    "Execution Time": 3312.053
}