[
  {
    "Plan": {
      "Node Type": "Aggregate",
      "Strategy": "Plain",
      "Partial Mode": "Finalize",
      "Parallel Aware": false,
      "Startup Cost": 339393.21,
      "Total Cost": 339393.22,
      "Plan Rows": 1,
      "Plan Width": 8,
      "Actual Startup Time": 749.302,
      "Actual Total Time": 802.67,
      "Actual Rows": 1,
      "Actual Loops": 1,
      "Plans": [
        {
          "Node Type": "Gather",
          "Parent Relationship": "Outer",
          "Parallel Aware": false,
          "Startup Cost": 339392.58,
          "Total Cost": 339393.19,
          "Plan Rows": 6,
          "Plan Width": 8,
          "Actual Startup Time": 749.195,
          "Actual Total Time": 802.661,
          "Actual Rows": 7,
          "Actual Loops": 1,
          "Workers Planned": 6,
          "Workers Launched": 6,
          "Single Copy": false,
          "Plans": [
            {
              "Node Type": "Aggregate",
              "Strategy": "Plain",
              "Partial Mode": "Partial",
              "Parent Relationship": "Outer",
              "Parallel Aware": false,
              "Startup Cost": 338392.58,
              "Total Cost": 338392.59,
              "Plan Rows": 1,
              "Plan Width": 8,
              "Actual Startup Time": 741.906,
              "Actual Total Time": 741.907,
              "Actual Rows": 1,
              "Actual Loops": 7,
              "Plans": [
                {
                  "Node Type": "Seq Scan",
                  "Parent Relationship": "Outer",
                  "Parallel Aware": true,
                  "Relation Name": "cast_info",
                  "Alias": "ci",
                  "Startup Cost": 0.0,
                  "Total Cost": 328162.03,
                  "Plan Rows": 4092222,
                  "Plan Width": 0,
                  "Actual Startup Time": 126.778,
                  "Actual Total Time": 599.537,
                  "Actual Rows": 3507740,
                  "Actual Loops": 7,
                  "Filter": "(person_id > 1148232)",
                  "Rows Removed by Filter": 1670024
                }
              ]
            }
          ]
        }
      ]
    },
    "Planning Time": 0.198,
    "Triggers": [],
    "Execution Time": 802.742
  }
]