[
    {
        "Bao": {
            "Bao prediction": "NaN",
            "Bao recommended hint": "(no hint)"
        }
    },
    {
        "Plan": {
            "Node Type": "Aggregate",
            "Strategy": "Plain",
            "Partial Mode": "Finalize",
            "Parallel Aware": false,
            "Startup Cost": 33228.43,
            "Total Cost": 33228.44,
            "Plan Rows": 1,
            "Plan Width": 8,
            "Actual Startup Time": 111.182,
            "Actual Total Time": 116.435,
            "Actual Rows": 1,
            "Actual Loops": 1,
            "Output": [
                "count(*)"
            ],
            "Plans": [
                {
                    "Node Type": "Gather",
                    "Parent Relationship": "Outer",
                    "Parallel Aware": false,
                    "Startup Cost": 33228.11,
                    "Total Cost": 33228.42,
                    "Plan Rows": 3,
                    "Plan Width": 8,
                    "Actual Startup Time": 111.092,
                    "Actual Total Time": 116.425,
                    "Actual Rows": 4,
                    "Actual Loops": 1,
                    "Output": [
                        "(PARTIAL count(*))"
                    ],
                    "Workers Planned": 3,
                    "Workers Launched": 3,
                    "Single Copy": false,
                    "Plans": [
                        {
                            "Node Type": "Aggregate",
                            "Strategy": "Plain",
                            "Partial Mode": "Partial",
                            "Parent Relationship": "Outer",
                            "Parallel Aware": false,
                            "Startup Cost": 32228.11,
                            "Total Cost": 32228.12,
                            "Plan Rows": 1,
                            "Plan Width": 8,
                            "Actual Startup Time": 102.93,
                            "Actual Total Time": 102.931,
                            "Actual Rows": 1,
                            "Actual Loops": 4,
                            "Output": [
                                "PARTIAL count(*)"
                            ],
                            "Workers": [
                                {
                                    "Worker Number": 0,
                                    "Actual Startup Time": 100.047,
                                    "Actual Total Time": 100.048,
                                    "Actual Rows": 1,
                                    "Actual Loops": 1
                                },
                                {
                                    "Worker Number": 1,
                                    "Actual Startup Time": 100.423,
                                    "Actual Total Time": 100.425,
                                    "Actual Rows": 1,
                                    "Actual Loops": 1
                                },
                                {
                                    "Worker Number": 2,
                                    "Actual Startup Time": 100.633,
                                    "Actual Total Time": 100.634,
                                    "Actual Rows": 1,
                                    "Actual Loops": 1
                                }
                            ],
                            "Plans": [
                                {
                                    "Node Type": "Seq Scan",
                                    "Parent Relationship": "Outer",
                                    "Parallel Aware": true,
                                    "Relation Name": "movie_companies",
                                    "Schema": "public",
                                    "Alias": "mc",
                                    "Startup Cost": 0.0,
                                    "Total Cost": 31414.82,
                                    "Plan Rows": 325317,
                                    "Plan Width": 0,
                                    "Actual Startup Time": 46.368,
                                    "Actual Total Time": 88.35,
                                    "Actual Rows": 289904,
                                    "Actual Loops": 4,
                                    "Output": [
                                        "id",
                                        "movie_id",
                                        "company_id",
                                        "company_type_id",
                                        "note"
                                    ],
                                    "Filter": "((mc.company_id > 814) AND (mc.company_type_id > 1))",
                                    "Rows Removed by Filter": 362379,
                                    "Workers": [
                                        {
                                            "Worker Number": 0,
                                            "Actual Startup Time": 43.488,
                                            "Actual Total Time": 86.086,
                                            "Actual Rows": 344634,
                                            "Actual Loops": 1
                                        },
                                        {
                                            "Worker Number": 1,
                                            "Actual Startup Time": 43.871,
                                            "Actual Total Time": 86.324,
                                            "Actual Rows": 348516,
                                            "Actual Loops": 1
                                        },
                                        {
                                            "Worker Number": 2,
                                            "Actual Startup Time": 44.068,
                                            "Actual Total Time": 86.509,
                                            "Actual Rows": 215601,
                                            "Actual Loops": 1
                                        }
                                    ]
                                }
                            ]
                        }
                    ]
                }
            ]
        },
        "Planning Time": 279.622,
        "Triggers": [],
        "Execution Time": 116.533
    }
]