[
  {
    "Plan": {
      "Node Type": "Aggregate",
      "Strategy": "Plain",
      "Partial Mode": "Finalize",
      "Parallel Aware": false,
      "Startup Cost": 493720.1,
      "Total Cost": 493720.11,
      "Plan Rows": 1,
      "Plan Width": 8,
      "Actual Startup Time": 5313.367,
      "Actual Total Time": 5371.041,
      "Actual Rows": 1,
      "Actual Loops": 1,
      "Plans": [
        {
          "Node Type": "Gather",
          "Parent Relationship": "Outer",
          "Parallel Aware": false,
          "Startup Cost": 493719.47,
          "Total Cost": 493720.08,
          "Plan Rows": 6,
          "Plan Width": 8,
          "Actual Startup Time": 5284.419,
          "Actual Total Time": 5371.026,
          "Actual Rows": 7,
          "Actual Loops": 1,
          "Workers Planned": 6,
          "Workers Launched": 6,
          "Single Copy": false,
          "Plans": [
            {
              "Node Type": "Aggregate",
              "Strategy": "Plain",
              "Partial Mode": "Partial",
              "Parent Relationship": "Outer",
              "Parallel Aware": false,
              "Startup Cost": 492719.47,
              "Total Cost": 492719.48,
              "Plan Rows": 1,
              "Plan Width": 8,
              "Actual Startup Time": 5268.956,
              "Actual Total Time": 5269.875,
              "Actual Rows": 1,
              "Actual Loops": 7,
              "Plans": [
                {
                  "Node Type": "Hash Join",
                  "Parent Relationship": "Outer",
                  "Parallel Aware": true,
                  "Join Type": "Inner",
                  "Startup Cost": 110801.59,
                  "Total Cost": 472567.7,
                  "Plan Rows": 8060710,
                  "Plan Width": 0,
                  "Actual Startup Time": 581.292,
                  "Actual Total Time": 4251.991,
                  "Actual Rows": 24487915,
                  "Actual Loops": 7,
                  "Inner Unique": false,
                  "Hash Cond": "(ci.movie_id = t.id)",
                  "Plans": [
                    {
                      "Node Type": "Seq Scan",
                      "Parent Relationship": "Outer",
                      "Parallel Aware": true,
                      "Relation Name": "cast_info",
                      "Alias": "ci",
                      "Startup Cost": 0.0,
                      "Total Cost": 313106.51,
                      "Plan Rows": 6041951,
                      "Plan Width": 4,
                      "Actual Startup Time": 0.047,
                      "Actual Total Time": 520.497,
                      "Actual Rows": 5177763,
                      "Actual Loops": 7
                    },
                    {
                      "Node Type": "Hash",
                      "Parent Relationship": "Inner",
                      "Parallel Aware": true,
                      "Startup Cost": 97199.86,
                      "Total Cost": 97199.86,
                      "Plan Rows": 1088138,
                      "Plan Width": 8,
                      "Actual Startup Time": 575.955,
                      "Actual Total Time": 576.872,
                      "Actual Rows": 494172,
                      "Actual Loops": 7,
                      "Hash Buckets": 4194304,
                      "Original Hash Buckets": 4194304,
                      "Hash Batches": 1,
                      "Original Hash Batches": 1,
                      "Peak Memory Usage": 168192,
                      "Plans": [
                        {
                          "Node Type": "Hash Join",
                          "Parent Relationship": "Outer",
                          "Parallel Aware": true,
                          "Join Type": "Inner",
                          "Startup Cost": 51556.95,
                          "Total Cost": 97199.86,
                          "Plan Rows": 1088138,
                          "Plan Width": 8,
                          "Actual Startup Time": 259.611,
                          "Actual Total Time": 429.462,
                          "Actual Rows": 494172,
                          "Actual Loops": 7,
                          "Inner Unique": true,
                          "Hash Cond": "(mk.movie_id = t.id)",
                          "Plans": [
                            {
                              "Node Type": "Seq Scan",
                              "Parent Relationship": "Outer",
                              "Parallel Aware": true,
                              "Relation Name": "movie_keyword",
                              "Alias": "mk",
                              "Startup Cost": 0.0,
                              "Total Cost": 42695.65,
                              "Plan Rows": 1122767,
                              "Plan Width": 4,
                              "Actual Startup Time": 0.062,
                              "Actual Total Time": 75.503,
                              "Actual Rows": 497308,
                              "Actual Loops": 7,
                              "Filter": "(keyword_id > 1037)",
                              "Rows Removed by Filter": 148968
                            },
                            {
                              "Node Type": "Hash",
                              "Parent Relationship": "Inner",
                              "Parallel Aware": true,
                              "Startup Cost": 43899.32,
                              "Total Cost": 43899.32,
                              "Plan Rows": 612610,
                              "Plan Width": 4,
                              "Actual Startup Time": 255.559,
                              "Actual Total Time": 255.56,
                              "Actual Rows": 350386,
                              "Actual Loops": 7,
                              "Hash Buckets": 4194304,
                              "Original Hash Buckets": 4194304,
                              "Hash Batches": 1,
                              "Original Hash Batches": 1,
                              "Peak Memory Usage": 128832,
                              "Plans": [
                                {
                                  "Node Type": "Seq Scan",
                                  "Parent Relationship": "Outer",
                                  "Parallel Aware": true,
                                  "Relation Name": "title",
                                  "Alias": "t",
                                  "Startup Cost": 0.0,
                                  "Total Cost": 43899.32,
                                  "Plan Rows": 612610,
                                  "Plan Width": 4,
                                  "Actual Startup Time": 0.07,
                                  "Actual Total Time": 81.225,
                                  "Actual Rows": 350386,
                                  "Actual Loops": 7,
                                  "Filter": "(production_year < 2014)",
                                  "Rows Removed by Filter": 10801
                                }
                              ]
                            }
                          ]
                        }
                      ]
                    }
                  ]
                }
              ]
            }
          ]
        }
      ]
    },
    "Planning Time": 0.895,
    "Triggers": [],
    "Execution Time": 5371.096
  }
]