[
  {
    "Plan": {
      "Node Type": "Aggregate",
      "Strategy": "Plain",
      "Partial Mode": "Finalize",
      "Parallel Aware": false,
      "Startup Cost": 493815.23,
      "Total Cost": 493815.24,
      "Plan Rows": 1,
      "Plan Width": 8,
      "Actual Startup Time": 5283.525,
      "Actual Total Time": 5343.434,
      "Actual Rows": 1,
      "Actual Loops": 1,
      "Plans": [
        {
          "Node Type": "Gather",
          "Parent Relationship": "Outer",
          "Parallel Aware": false,
          "Startup Cost": 493814.6,
          "Total Cost": 493815.21,
          "Plan Rows": 6,
          "Plan Width": 8,
          "Actual Startup Time": 5253.832,
          "Actual Total Time": 5343.419,
          "Actual Rows": 7,
          "Actual Loops": 1,
          "Workers Planned": 6,
          "Workers Launched": 6,
          "Single Copy": false,
          "Plans": [
            {
              "Node Type": "Aggregate",
              "Strategy": "Plain",
              "Partial Mode": "Partial",
              "Parent Relationship": "Outer",
              "Parallel Aware": false,
              "Startup Cost": 492814.6,
              "Total Cost": 492814.61,
              "Plan Rows": 1,
              "Plan Width": 8,
              "Actual Startup Time": 5231.015,
              "Actual Total Time": 5232.187,
              "Actual Rows": 1,
              "Actual Loops": 7,
              "Plans": [
                {
                  "Node Type": "Hash Join",
                  "Parent Relationship": "Outer",
                  "Parallel Aware": true,
                  "Join Type": "Inner",
                  "Startup Cost": 110852.38,
                  "Total Cost": 472619.77,
                  "Plan Rows": 8077934,
                  "Plan Width": 0,
                  "Actual Startup Time": 580.476,
                  "Actual Total Time": 4272.658,
                  "Actual Rows": 24487915,
                  "Actual Loops": 7,
                  "Inner Unique": false,
                  "Hash Cond": "(ci.movie_id = t.id)",
                  "Plans": [
                    {
                      "Node Type": "Seq Scan",
                      "Parent Relationship": "Outer",
                      "Parallel Aware": true,
                      "Relation Name": "cast_info",
                      "Alias": "ci",
                      "Startup Cost": 0.0,
                      "Total Cost": 313067.02,
                      "Plan Rows": 6038002,
                      "Plan Width": 4,
                      "Actual Startup Time": 0.028,
                      "Actual Total Time": 522.136,
                      "Actual Rows": 5177763,
                      "Actual Loops": 7
                    },
                    {
                      "Node Type": "Hash",
                      "Parent Relationship": "Inner",
                      "Parallel Aware": true,
                      "Startup Cost": 97213.37,
                      "Total Cost": 97213.37,
                      "Plan Rows": 1091121,
                      "Plan Width": 8,
                      "Actual Startup Time": 573.36,
                      "Actual Total Time": 574.529,
                      "Actual Rows": 494172,
                      "Actual Loops": 7,
                      "Hash Buckets": 4194304,
                      "Original Hash Buckets": 4194304,
                      "Hash Batches": 1,
                      "Original Hash Batches": 1,
                      "Peak Memory Usage": 168224,
                      "Plans": [
                        {
                          "Node Type": "Hash Join",
                          "Parent Relationship": "Outer",
                          "Parallel Aware": true,
                          "Join Type": "Inner",
                          "Startup Cost": 51566.28,
                          "Total Cost": 97213.37,
                          "Plan Rows": 1091121,
                          "Plan Width": 8,
                          "Actual Startup Time": 252.794,
                          "Actual Total Time": 429.646,
                          "Actual Rows": 494172,
                          "Actual Loops": 7,
                          "Inner Unique": true,
                          "Hash Cond": "(mk.movie_id = t.id)",
                          "Plans": [
                            {
                              "Node Type": "Seq Scan",
                              "Parent Relationship": "Outer",
                              "Parallel Aware": true,
                              "Relation Name": "movie_keyword",
                              "Alias": "mk",
                              "Startup Cost": 0.0,
                              "Total Cost": 42695.65,
                              "Plan Rows": 1124356,
                              "Plan Width": 4,
                              "Actual Startup Time": 0.069,
                              "Actual Total Time": 79.411,
                              "Actual Rows": 497308,
                              "Actual Loops": 7,
                              "Filter": "(keyword_id > 1037)",
                              "Rows Removed by Filter": 148968
                            },
                            {
                              "Node Type": "Hash",
                              "Parent Relationship": "Inner",
                              "Parallel Aware": true,
                              "Startup Cost": 43898.92,
                              "Total Cost": 43898.92,
                              "Plan Rows": 613389,
                              "Plan Width": 4,
                              "Actual Startup Time": 249.209,
                              "Actual Total Time": 249.21,
                              "Actual Rows": 350386,
                              "Actual Loops": 7,
                              "Hash Buckets": 4194304,
                              "Original Hash Buckets": 4194304,
                              "Hash Batches": 1,
                              "Original Hash Batches": 1,
                              "Peak Memory Usage": 128800,
                              "Plans": [
                                {
                                  "Node Type": "Seq Scan",
                                  "Parent Relationship": "Outer",
                                  "Parallel Aware": true,
                                  "Relation Name": "title",
                                  "Alias": "t",
                                  "Startup Cost": 0.0,
                                  "Total Cost": 43898.92,
                                  "Plan Rows": 613389,
                                  "Plan Width": 4,
                                  "Actual Startup Time": 0.042,
                                  "Actual Total Time": 82.442,
                                  "Actual Rows": 350386,
                                  "Actual Loops": 7,
                                  "Filter": "(production_year < 2014)",
                                  "Rows Removed by Filter": 10801
                                }
                              ]
                            }
                          ]
                        }
                      ]
                    }
                  ]
                }
              ]
            }
          ]
        }
      ]
    },
    "Planning Time": 1.201,
    "Triggers": [],
    "Execution Time": 5343.534
  }
]