[
    {
        "Bao": {
            "Bao prediction": "NaN",
            "Bao recommended hint": "(no hint)"
        }
    },
    {
        "Plan": {
            "Node Type": "Aggregate",
            "Strategy": "Plain",
            "Partial Mode": "Finalize",
            "Parallel Aware": false,
            "Startup Cost": 378343.68,
            "Total Cost": 378343.69,
            "Plan Rows": 1,
            "Plan Width": 8,
            "Actual Startup Time": 1673.59,
            "Actual Total Time": 1710.91,
            "Actual Rows": 1,
            "Actual Loops": 1,
            "Output": [
                "count(*)"
            ],
            "Plans": [
                {
                    "Node Type": "Gather",
                    "Parent Relationship": "Outer",
                    "Parallel Aware": false,
                    "Startup Cost": 378343.05,
                    "Total Cost": 378343.66,
                    "Plan Rows": 6,
                    "Plan Width": 8,
                    "Actual Startup Time": 1670.386,
                    "Actual Total Time": 1710.901,
                    "Actual Rows": 7,
                    "Actual Loops": 1,
                    "Output": [
                        "(PARTIAL count(*))"
                    ],
                    "Workers Planned": 6,
                    "Workers Launched": 6,
                    "Single Copy": false,
                    "Plans": [
                        {
                            "Node Type": "Aggregate",
                            "Strategy": "Plain",
                            "Partial Mode": "Partial",
                            "Parent Relationship": "Outer",
                            "Parallel Aware": false,
                            "Startup Cost": 377343.05,
                            "Total Cost": 377343.06,
                            "Plan Rows": 1,
                            "Plan Width": 8,
                            "Actual Startup Time": 1660.615,
                            "Actual Total Time": 1660.618,
                            "Actual Rows": 1,
                            "Actual Loops": 7,
                            "Output": [
                                "PARTIAL count(*)"
                            ],
                            "Workers": [
                                {
                                    "Worker Number": 0,
                                    "Actual Startup Time": 1658.694,
                                    "Actual Total Time": 1658.697,
                                    "Actual Rows": 1,
                                    "Actual Loops": 1
                                },
                                {
                                    "Worker Number": 1,
                                    "Actual Startup Time": 1658.463,
                                    "Actual Total Time": 1658.467,
                                    "Actual Rows": 1,
                                    "Actual Loops": 1
                                },
                                {
                                    "Worker Number": 2,
                                    "Actual Startup Time": 1658.543,
                                    "Actual Total Time": 1658.546,
                                    "Actual Rows": 1,
                                    "Actual Loops": 1
                                },
                                {
                                    "Worker Number": 3,
                                    "Actual Startup Time": 1659.368,
                                    "Actual Total Time": 1659.37,
                                    "Actual Rows": 1,
                                    "Actual Loops": 1
                                },
                                {
                                    "Worker Number": 4,
                                    "Actual Startup Time": 1659.524,
                                    "Actual Total Time": 1659.526,
                                    "Actual Rows": 1,
                                    "Actual Loops": 1
                                },
                                {
                                    "Worker Number": 5,
                                    "Actual Startup Time": 1659.679,
                                    "Actual Total Time": 1659.682,
                                    "Actual Rows": 1,
                                    "Actual Loops": 1
                                }
                            ],
                            "Plans": [
                                {
                                    "Node Type": "Hash Join",
                                    "Parent Relationship": "Outer",
                                    "Parallel Aware": true,
                                    "Join Type": "Inner",
                                    "Startup Cost": 46473.41,
                                    "Total Cost": 375442.31,
                                    "Plan Rows": 760296,
                                    "Plan Width": 0,
                                    "Actual Startup Time": 100.53,
                                    "Actual Total Time": 1616.537,
                                    "Actual Rows": 831072,
                                    "Actual Loops": 7,
                                    "Inner Unique": true,
                                    "Hash Cond": "(ci.movie_id = t.id)",
                                    "Workers": [
                                        {
                                            "Worker Number": 0,
                                            "Actual Startup Time": 98.288,
                                            "Actual Total Time": 1613.509,
                                            "Actual Rows": 609754,
                                            "Actual Loops": 1
                                        },
                                        {
                                            "Worker Number": 1,
                                            "Actual Startup Time": 98.578,
                                            "Actual Total Time": 1613.917,
                                            "Actual Rows": 619257,
                                            "Actual Loops": 1
                                        },
                                        {
                                            "Worker Number": 2,
                                            "Actual Startup Time": 98.474,
                                            "Actual Total Time": 1613.311,
                                            "Actual Rows": 608690,
                                            "Actual Loops": 1
                                        },
                                        {
                                            "Worker Number": 3,
                                            "Actual Startup Time": 99.361,
                                            "Actual Total Time": 1615.726,
                                            "Actual Rows": 964963,
                                            "Actual Loops": 1
                                        },
                                        {
                                            "Worker Number": 4,
                                            "Actual Startup Time": 99.485,
                                            "Actual Total Time": 1616.959,
                                            "Actual Rows": 934177,
                                            "Actual Loops": 1
                                        },
                                        {
                                            "Worker Number": 5,
                                            "Actual Startup Time": 99.619,
                                            "Actual Total Time": 1616.44,
                                            "Actual Rows": 954442,
                                            "Actual Loops": 1
                                        }
                                    ],
                                    "Plans": [
                                        {
                                            "Node Type": "Seq Scan",
                                            "Parent Relationship": "Outer",
                                            "Parallel Aware": true,
                                            "Relation Name": "cast_info",
                                            "Schema": "public",
                                            "Alias": "ci",
                                            "Startup Cost": 0.0,
                                            "Total Cost": 313108.29,
                                            "Plan Rows": 6042129,
                                            "Plan Width": 4,
                                            "Actual Startup Time": 0.02,
                                            "Actual Total Time": 528.138,
                                            "Actual Rows": 5177763,
                                            "Actual Loops": 7,
                                            "Output": [
                                                "ci.id",
                                                "ci.person_id",
                                                "ci.movie_id",
                                                "ci.person_role_id",
                                                "ci.note",
                                                "ci.nr_order",
                                                "ci.role_id"
                                            ],
                                            "Workers": [
                                                {
                                                    "Worker Number": 0,
                                                    "Actual Startup Time": 0.022,
                                                    "Actual Total Time": 533.736,
                                                    "Actual Rows": 3771567,
                                                    "Actual Loops": 1
                                                },
                                                {
                                                    "Worker Number": 1,
                                                    "Actual Startup Time": 0.027,
                                                    "Actual Total Time": 531.678,
                                                    "Actual Rows": 3853835,
                                                    "Actual Loops": 1
                                                },
                                                {
                                                    "Worker Number": 2,
                                                    "Actual Startup Time": 0.019,
                                                    "Actual Total Time": 535.01,
                                                    "Actual Rows": 3787351,
                                                    "Actual Loops": 1
                                                },
                                                {
                                                    "Worker Number": 3,
                                                    "Actual Startup Time": 0.018,
                                                    "Actual Total Time": 540.992,
                                                    "Actual Rows": 6021046,
                                                    "Actual Loops": 1
                                                },
                                                {
                                                    "Worker Number": 4,
                                                    "Actual Startup Time": 0.023,
                                                    "Actual Total Time": 533.972,
                                                    "Actual Rows": 5829542,
                                                    "Actual Loops": 1
                                                },
                                                {
                                                    "Worker Number": 5,
                                                    "Actual Startup Time": 0.019,
                                                    "Actual Total Time": 535.364,
                                                    "Actual Rows": 5918727,
                                                    "Actual Loops": 1
                                                }
                                            ]
                                        },
                                        {
                                            "Node Type": "Hash",
                                            "Parent Relationship": "Inner",
                                            "Parallel Aware": true,
                                            "Startup Cost": 45479.21,
                                            "Total Cost": 45479.21,
                                            "Plan Rows": 79536,
                                            "Plan Width": 4,
                                            "Actual Startup Time": 98.808,
                                            "Actual Total Time": 98.809,
                                            "Actual Rows": 57249,
                                            "Actual Loops": 7,
                                            "Output": [
                                                "t.id"
                                            ],
                                            "Hash Buckets": 524288,
                                            "Original Hash Buckets": 524288,
                                            "Hash Batches": 1,
                                            "Original Hash Batches": 1,
                                            "Peak Memory Usage": 19872,
                                            "Workers": [
                                                {
                                                    "Worker Number": 0,
                                                    "Actual Startup Time": 97.453,
                                                    "Actual Total Time": 97.454,
                                                    "Actual Rows": 42729,
                                                    "Actual Loops": 1
                                                },
                                                {
                                                    "Worker Number": 1,
                                                    "Actual Startup Time": 97.583,
                                                    "Actual Total Time": 97.585,
                                                    "Actual Rows": 42975,
                                                    "Actual Loops": 1
                                                },
                                                {
                                                    "Worker Number": 2,
                                                    "Actual Startup Time": 97.622,
                                                    "Actual Total Time": 97.623,
                                                    "Actual Rows": 42249,
                                                    "Actual Loops": 1
                                                },
                                                {
                                                    "Worker Number": 3,
                                                    "Actual Startup Time": 98.503,
                                                    "Actual Total Time": 98.504,
                                                    "Actual Rows": 64323,
                                                    "Actual Loops": 1
                                                },
                                                {
                                                    "Worker Number": 4,
                                                    "Actual Startup Time": 98.669,
                                                    "Actual Total Time": 98.669,
                                                    "Actual Rows": 62782,
                                                    "Actual Loops": 1
                                                },
                                                {
                                                    "Worker Number": 5,
                                                    "Actual Startup Time": 98.854,
                                                    "Actual Total Time": 98.855,
                                                    "Actual Rows": 64530,
                                                    "Actual Loops": 1
                                                }
                                            ],
                                            "Plans": [
                                                {
                                                    "Node Type": "Seq Scan",
                                                    "Parent Relationship": "Outer",
                                                    "Parallel Aware": true,
                                                    "Relation Name": "title",
                                                    "Schema": "public",
                                                    "Alias": "t",
                                                    "Startup Cost": 0.0,
                                                    "Total Cost": 45479.21,
                                                    "Plan Rows": 79536,
                                                    "Plan Width": 4,
                                                    "Actual Startup Time": 46.101,
                                                    "Actual Total Time": 76.115,
                                                    "Actual Rows": 57249,
                                                    "Actual Loops": 7,
                                                    "Output": [
                                                        "t.id"
                                                    ],
                                                    "Filter": "((t.production_year < 2003) AND (t.kind_id = 1))",
                                                    "Rows Removed by Filter": 303939,
                                                    "Workers": [
                                                        {
                                                            "Worker Number": 0,
                                                            "Actual Startup Time": 44.886,
                                                            "Actual Total Time": 75.57,
                                                            "Actual Rows": 42729,
                                                            "Actual Loops": 1
                                                        },
                                                        {
                                                            "Worker Number": 1,
                                                            "Actual Startup Time": 44.894,
                                                            "Actual Total Time": 75.779,
                                                            "Actual Rows": 42975,
                                                            "Actual Loops": 1
                                                        },
                                                        {
                                                            "Worker Number": 2,
                                                            "Actual Startup Time": 45.303,
                                                            "Actual Total Time": 75.485,
                                                            "Actual Rows": 42249,
                                                            "Actual Loops": 1
                                                        },
                                                        {
                                                            "Worker Number": 3,
                                                            "Actual Startup Time": 45.792,
                                                            "Actual Total Time": 76.216,
                                                            "Actual Rows": 64323,
                                                            "Actual Loops": 1
                                                        },
                                                        {
                                                            "Worker Number": 4,
                                                            "Actual Startup Time": 45.73,
                                                            "Actual Total Time": 76.109,
                                                            "Actual Rows": 62782,
                                                            "Actual Loops": 1
                                                        },
                                                        {
                                                            "Worker Number": 5,
                                                            "Actual Startup Time": 45.885,
                                                            "Actual Total Time": 76.64,
                                                            "Actual Rows": 64530,
                                                            "Actual Loops": 1
                                                        }
                                                    ]
                                                }
                                            ]
                                        }
                                    ]
                                }
                            ]
                        }
                    ]
                }
            ]
        },
        "Planning Time": 189.891,
        "Triggers": [],
        "Execution Time": 1710.977
    }
]