{
  "Plan": {
    "Node Type": "Aggregate",
    "Strategy": "Plain",
    "Partial Mode": "Finalize",
    "Parallel Aware": false,
    "Startup Cost": 908762.67,
    "Total Cost": 908762.68,
    "Plan Rows": 1,
    "Plan Width": 8,
    "Actual Startup Time": 7826.696,
    "Actual Total Time": 7899.679,
    "Actual Rows": 1,
    "Actual Loops": 1,
    "Plans": [
      {
        "Node Type": "Gather",
        "Parent Relationship": "Outer",
        "Parallel Aware": false,
        "Startup Cost": 908762.56,
        "Total Cost": 908762.67,
        "Plan Rows": 1,
        "Plan Width": 8,
        "Actual Startup Time": 7820.904,
        "Actual Total Time": 7899.668,
        "Actual Rows": 2,
        "Actual Loops": 1,
        "Workers Planned": 1,
        "Workers Launched": 1,
        "Single Copy": false,
        "Plans": [
          {
            "Node Type": "Aggregate",
            "Strategy": "Plain",
            "Partial Mode": "Partial",
            "Parent Relationship": "Outer",
            "Parallel Aware": false,
            "Startup Cost": 907762.56,
            "Total Cost": 907762.57,
            "Plan Rows": 1,
            "Plan Width": 8,
            "Actual Startup Time": 7809.423,
            "Actual Total Time": 7810.73,
            "Actual Rows": 1,
            "Actual Loops": 2,
            "Plans": [
              {
                "Node Type": "Hash Join",
                "Parent Relationship": "Outer",
                "Parallel Aware": true,
                "Join Type": "Inner",
                "Startup Cost": 145418.05,
                "Total Cost": 857590.09,
                "Plan Rows": 20068989,
                "Plan Width": 0,
                "Actual Startup Time": 979.86,
                "Actual Total Time": 7099.846,
                "Actual Rows": 18165517,
                "Actual Loops": 2,
                "Inner Unique": false,
                "Hash Cond": "(ci.movie_id = t.id)",
                "Plans": [
                  {
                    "Node Type": "Seq Scan",
                    "Parent Relationship": "Outer",
                    "Parallel Aware": true,
                    "Relation Name": "cast_info",
                    "Alias": "ci",
                    "Startup Cost": 0.0,
                    "Total Cost": 519069.44,
                    "Plan Rows": 20013247,
                    "Plan Width": 4,
                    "Actual Startup Time": 49.475,
                    "Actual Total Time": 1676.238,
                    "Actual Rows": 17018974,
                    "Actual Loops": 2,
                    "Filter": "(person_id > 215039)",
                    "Rows Removed by Filter": 1103198
                  },
                  {
                    "Node Type": "Hash",
                    "Parent Relationship": "Inner",
                    "Parallel Aware": true,
                    "Startup Cost": 126775.87,
                    "Total Cost": 126775.87,
                    "Plan Rows": 1491374,
                    "Plan Width": 8,
                    "Actual Startup Time": 908.907,
                    "Actual Total Time": 910.213,
                    "Actual Rows": 702218,
                    "Actual Loops": 2,
                    "Hash Buckets": 4194304,
                    "Original Hash Buckets": 4194304,
                    "Hash Batches": 1,
                    "Original Hash Batches": 1,
                    "Peak Memory Usage": 87744,
                    "Plans": [
                      {
                        "Node Type": "Hash Join",
                        "Parent Relationship": "Outer",
                        "Parallel Aware": true,
                        "Join Type": "Inner",
                        "Startup Cost": 68725.03,
                        "Total Cost": 126775.87,
                        "Plan Rows": 1491374,
                        "Plan Width": 8,
                        "Actual Startup Time": 349.384,
                        "Actual Total Time": 775.089,
                        "Actual Rows": 702218,
                        "Actual Loops": 2,
                        "Inner Unique": true,
                        "Hash Cond": "(mk.movie_id = t.id)",
                        "Plans": [
                          {
                            "Node Type": "Seq Scan",
                            "Parent Relationship": "Outer",
                            "Parallel Aware": true,
                            "Relation Name": "movie_keyword",
                            "Alias": "mk",
                            "Startup Cost": 0.0,
                            "Total Cost": 51065.35,
                            "Plan Rows": 2661135,
                            "Plan Width": 4,
                            "Actual Startup Time": 0.02,
                            "Actual Total Time": 158.258,
                            "Actual Rows": 2261965,
                            "Actual Loops": 2
                          },
                          {
                            "Node Type": "Hash",
                            "Parent Relationship": "Inner",
                            "Parallel Aware": true,
                            "Startup Cost": 58306.47,
                            "Total Cost": 58306.47,
                            "Plan Rows": 833485,
                            "Plan Width": 4,
                            "Actual Startup Time": 343.642,
                            "Actual Total Time": 343.644,
                            "Actual Rows": 699360,
                            "Actual Loops": 2,
                            "Hash Buckets": 2097152,
                            "Original Hash Buckets": 2097152,
                            "Hash Batches": 1,
                            "Original Hash Batches": 1,
                            "Peak Memory Usage": 71136,
                            "Plans": [
                              {
                                "Node Type": "Seq Scan",
                                "Parent Relationship": "Outer",
                                "Parallel Aware": true,
                                "Relation Name": "title",
                                "Alias": "t",
                                "Startup Cost": 0.0,
                                "Total Cost": 58306.47,
                                "Plan Rows": 833485,
                                "Plan Width": 4,
                                "Actual Startup Time": 0.046,
                                "Actual Total Time": 170.569,
                                "Actual Rows": 699360,
                                "Actual Loops": 2,
                                "Filter": "((kind_id > 1) AND (production_year < 2010))",
                                "Rows Removed by Filter": 564796
                              }
                            ]
                          }
                        ]
                      }
                    ]
                  }
                ]
              }
            ]
          }
        ]
      }
    ]
  },
  "Planning Time": 0.997,
  "Triggers": [],
  "Execution Time": 7899.775
}