[
    {
        "Bao": {
            "Bao prediction": 444.986,
            "Bao recommended hint": "(no hint)"
        }
    },
    {
        "Plan": {
            "Node Type": "Aggregate",
            "Strategy": "Plain",
            "Partial Mode": "Finalize",
            "Parallel Aware": false,
            "Startup Cost": 44326.38,
            "Total Cost": 44326.39,
            "Plan Rows": 1,
            "Plan Width": 8,
            "Actual Startup Time": 146.293,
            "Actual Total Time": 155.448,
            "Actual Rows": 1,
            "Actual Loops": 1,
            "Output": [
                "count(*)"
            ],
            "Plans": [
                {
                    "Node Type": "Gather",
                    "Parent Relationship": "Outer",
                    "Parallel Aware": false,
                    "Startup Cost": 44326.07,
                    "Total Cost": 44326.38,
                    "Plan Rows": 3,
                    "Plan Width": 8,
                    "Actual Startup Time": 146.17,
                    "Actual Total Time": 155.439,
                    "Actual Rows": 4,
                    "Actual Loops": 1,
                    "Output": [
                        "(PARTIAL count(*))"
                    ],
                    "Workers Planned": 3,
                    "Workers Launched": 3,
                    "Single Copy": false,
                    "Plans": [
                        {
                            "Node Type": "Aggregate",
                            "Strategy": "Plain",
                            "Partial Mode": "Partial",
                            "Parent Relationship": "Outer",
                            "Parallel Aware": false,
                            "Startup Cost": 43326.07,
                            "Total Cost": 43326.08,
                            "Plan Rows": 1,
                            "Plan Width": 8,
                            "Actual Startup Time": 137.252,
                            "Actual Total Time": 137.253,
                            "Actual Rows": 1,
                            "Actual Loops": 4,
                            "Output": [
                                "PARTIAL count(*)"
                            ],
                            "Workers": [
                                {
                                    "Worker Number": 0,
                                    "Actual Startup Time": 134.148,
                                    "Actual Total Time": 134.149,
                                    "Actual Rows": 1,
                                    "Actual Loops": 1
                                },
                                {
                                    "Worker Number": 1,
                                    "Actual Startup Time": 134.134,
                                    "Actual Total Time": 134.135,
                                    "Actual Rows": 1,
                                    "Actual Loops": 1
                                },
                                {
                                    "Worker Number": 2,
                                    "Actual Startup Time": 135.269,
                                    "Actual Total Time": 135.27,
                                    "Actual Rows": 1,
                                    "Actual Loops": 1
                                }
                            ],
                            "Plans": [
                                {
                                    "Node Type": "Seq Scan",
                                    "Parent Relationship": "Outer",
                                    "Parallel Aware": true,
                                    "Relation Name": "movie_keyword",
                                    "Schema": "public",
                                    "Alias": "mk",
                                    "Startup Cost": 0.0,
                                    "Total Cost": 42695.65,
                                    "Plan Rows": 252165,
                                    "Plan Width": 0,
                                    "Actual Startup Time": 6.153,
                                    "Actual Total Time": 124.311,
                                    "Actual Rows": 191337,
                                    "Actual Loops": 4,
                                    "Output": [
                                        "id",
                                        "movie_id",
                                        "keyword_id"
                                    ],
                                    "Filter": "(mk.keyword_id > 24425)",
                                    "Rows Removed by Filter": 939646,
                                    "Workers": [
                                        {
                                            "Worker Number": 0,
                                            "Actual Startup Time": 3.038,
                                            "Actual Total Time": 121.619,
                                            "Actual Rows": 158868,
                                            "Actual Loops": 1
                                        },
                                        {
                                            "Worker Number": 1,
                                            "Actual Startup Time": 3.068,
                                            "Actual Total Time": 121.667,
                                            "Actual Rows": 156606,
                                            "Actual Loops": 1
                                        },
                                        {
                                            "Worker Number": 2,
                                            "Actual Startup Time": 4.156,
                                            "Actual Total Time": 122.613,
                                            "Actual Rows": 156399,
                                            "Actual Loops": 1
                                        }
                                    ]
                                }
                            ]
                        }
                    ]
                }
            ]
        },
        "Planning Time": 885.887,
        "Triggers": [],
        "Execution Time": 155.566
    }
]