[
  {
    "Plan": {
      "Node Type": "Aggregate",
      "Strategy": "Plain",
      "Partial Mode": "Finalize",
      "Parallel Aware": false,
      "Startup Cost": 102762.02,
      "Total Cost": 102762.03,
      "Plan Rows": 1,
      "Plan Width": 8,
      "Actual Startup Time": 449.08,
      "Actual Total Time": 457.089,
      "Actual Rows": 1,
      "Actual Loops": 1,
      "Plans": [
        {
          "Node Type": "Gather",
          "Parent Relationship": "Outer",
          "Parallel Aware": false,
          "Startup Cost": 102761.8,
          "Total Cost": 102762.01,
          "Plan Rows": 2,
          "Plan Width": 8,
          "Actual Startup Time": 446.604,
          "Actual Total Time": 457.082,
          "Actual Rows": 3,
          "Actual Loops": 1,
          "Workers Planned": 2,
          "Workers Launched": 2,
          "Single Copy": false,
          "Plans": [
            {
              "Node Type": "Aggregate",
              "Strategy": "Plain",
              "Partial Mode": "Partial",
              "Parent Relationship": "Outer",
              "Parallel Aware": false,
              "Startup Cost": 101761.8,
              "Total Cost": 101761.81,
              "Plan Rows": 1,
              "Plan Width": 8,
              "Actual Startup Time": 441.299,
              "Actual Total Time": 441.507,
              "Actual Rows": 1,
              "Actual Loops": 3,
              "Plans": [
                {
                  "Node Type": "Hash Join",
                  "Parent Relationship": "Outer",
                  "Parallel Aware": true,
                  "Join Type": "Inner",
                  "Startup Cost": 85678.71,
                  "Total Cost": 101656.3,
                  "Plan Rows": 42202,
                  "Plan Width": 0,
                  "Actual Startup Time": 374.763,
                  "Actual Total Time": 434.563,
                  "Actual Rows": 172207,
                  "Actual Loops": 3,
                  "Inner Unique": false,
                  "Hash Cond": "(mi_idx.movie_id = t.id)",
                  "Plans": [
                    {
                      "Node Type": "Seq Scan",
                      "Parent Relationship": "Outer",
                      "Parallel Aware": true,
                      "Relation Name": "movie_info_idx",
                      "Alias": "mi_idx",
                      "Startup Cost": 0.0,
                      "Total Cost": 13685.15,
                      "Plan Rows": 575015,
                      "Plan Width": 4,
                      "Actual Startup Time": 0.018,
                      "Actual Total Time": 34.616,
                      "Actual Rows": 460012,
                      "Actual Loops": 3
                    },
                    {
                      "Node Type": "Hash",
                      "Parent Relationship": "Inner",
                      "Parallel Aware": true,
                      "Startup Cost": 84930.49,
                      "Total Cost": 84930.49,
                      "Plan Rows": 59858,
                      "Plan Width": 8,
                      "Actual Startup Time": 340.42,
                      "Actual Total Time": 340.627,
                      "Actual Rows": 143880,
                      "Actual Loops": 3,
                      "Hash Buckets": 524288,
                      "Original Hash Buckets": 262144,
                      "Hash Batches": 1,
                      "Original Hash Batches": 1,
                      "Peak Memory Usage": 23072,
                      "Plans": [
                        {
                          "Node Type": "Hash Join",
                          "Parent Relationship": "Outer",
                          "Parallel Aware": true,
                          "Join Type": "Inner",
                          "Startup Cost": 38872.62,
                          "Total Cost": 84930.49,
                          "Plan Rows": 59858,
                          "Plan Width": 8,
                          "Actual Startup Time": 114.318,
                          "Actual Total Time": 306.84,
                          "Actual Rows": 143880,
                          "Actual Loops": 3,
                          "Inner Unique": true,
                          "Hash Cond": "(mk.movie_id = t.id)",
                          "Plans": [
                            {
                              "Node Type": "Seq Scan",
                              "Parent Relationship": "Outer",
                              "Parallel Aware": true,
                              "Relation Name": "movie_keyword",
                              "Alias": "mk",
                              "Startup Cost": 0.0,
                              "Total Cost": 42695.65,
                              "Plan Rows": 1280838,
                              "Plan Width": 4,
                              "Actual Startup Time": 0.011,
                              "Actual Total Time": 138.819,
                              "Actual Rows": 1324804,
                              "Actual Loops": 3,
                              "Filter": "(keyword_id < 33529)",
                              "Rows Removed by Filter": 183173
                            },
                            {
                              "Node Type": "Hash",
                              "Parent Relationship": "Inner",
                              "Parallel Aware": true,
                              "Startup Cost": 38503.39,
                              "Total Cost": 38503.39,
                              "Plan Rows": 29539,
                              "Plan Width": 4,
                              "Actual Startup Time": 64.807,
                              "Actual Total Time": 64.809,
                              "Actual Rows": 39411,
                              "Actual Loops": 3,
                              "Hash Buckets": 131072,
                              "Original Hash Buckets": 131072,
                              "Hash Batches": 1,
                              "Original Hash Batches": 1,
                              "Peak Memory Usage": 5664,
                              "Plans": [
                                {
                                  "Node Type": "Bitmap Heap Scan",
                                  "Parent Relationship": "Outer",
                                  "Parallel Aware": true,
                                  "Relation Name": "title",
                                  "Alias": "t",
                                  "Startup Cost": 2136.15,
                                  "Total Cost": 38503.39,
                                  "Plan Rows": 29539,
                                  "Plan Width": 4,
                                  "Actual Startup Time": 17.686,
                                  "Actual Total Time": 51.179,
                                  "Actual Rows": 39411,
                                  "Actual Loops": 3,
                                  "Recheck Cond": "(kind_id = 4)",
                                  "Rows Removed by Index Recheck": 0,
                                  "Exact Heap Blocks": 6934,
                                  "Lossy Heap Blocks": 0,
                                  "Plans": [
                                    {
                                      "Node Type": "Bitmap Index Scan",
                                      "Parent Relationship": "Outer",
                                      "Parallel Aware": false,
                                      "Index Name": "kind_id_title",
                                      "Startup Cost": 0.0,
                                      "Total Cost": 2106.61,
                                      "Plan Rows": 118157,
                                      "Plan Width": 0,
                                      "Actual Startup Time": 13.814,
                                      "Actual Total Time": 13.814,
                                      "Actual Rows": 118234,
                                      "Actual Loops": 1,
                                      "Index Cond": "(kind_id = 4)"
                                    }
                                  ]
                                }
                              ]
                            }
                          ]
                        }
                      ]
                    }
                  ]
                }
              ]
            }
          ]
        }
      ]
    },
    "Planning Time": 1.273,
    "Triggers": [],
    "Execution Time": 457.176
  }
]