[
  {
    "Plan": {
      "Node Type": "Aggregate",
      "Strategy": "Plain",
      "Partial Mode": "Finalize",
      "Parallel Aware": false,
      "Startup Cost": 102888.9,
      "Total Cost": 102888.91,
      "Plan Rows": 1,
      "Plan Width": 8,
      "Actual Startup Time": 516.781,
      "Actual Total Time": 529.661,
      "Actual Rows": 1,
      "Actual Loops": 1,
      "Plans": [
        {
          "Node Type": "Gather",
          "Parent Relationship": "Outer",
          "Parallel Aware": false,
          "Startup Cost": 102888.69,
          "Total Cost": 102888.9,
          "Plan Rows": 2,
          "Plan Width": 8,
          "Actual Startup Time": 514.303,
          "Actual Total Time": 529.648,
          "Actual Rows": 3,
          "Actual Loops": 1,
          "Workers Planned": 2,
          "Workers Launched": 2,
          "Single Copy": false,
          "Plans": [
            {
              "Node Type": "Aggregate",
              "Strategy": "Plain",
              "Partial Mode": "Partial",
              "Parent Relationship": "Outer",
              "Parallel Aware": false,
              "Startup Cost": 101888.69,
              "Total Cost": 101888.7,
              "Plan Rows": 1,
              "Plan Width": 8,
              "Actual Startup Time": 506.116,
              "Actual Total Time": 506.446,
              "Actual Rows": 1,
              "Actual Loops": 3,
              "Plans": [
                {
                  "Node Type": "Hash Join",
                  "Parent Relationship": "Outer",
                  "Parallel Aware": true,
                  "Join Type": "Inner",
                  "Startup Cost": 85797.76,
                  "Total Cost": 101779.76,
                  "Plan Rows": 43571,
                  "Plan Width": 0,
                  "Actual Startup Time": 429.84,
                  "Actual Total Time": 498.76,
                  "Actual Rows": 172207,
                  "Actual Loops": 3,
                  "Inner Unique": false,
                  "Hash Cond": "(mi_idx.movie_id = t.id)",
                  "Plans": [
                    {
                      "Node Type": "Seq Scan",
                      "Parent Relationship": "Outer",
                      "Parallel Aware": true,
                      "Relation Name": "movie_info_idx",
                      "Alias": "mi_idx",
                      "Startup Cost": 0.0,
                      "Total Cost": 13685.15,
                      "Plan Rows": 575015,
                      "Plan Width": 4,
                      "Actual Startup Time": 0.031,
                      "Actual Total Time": 39.222,
                      "Actual Rows": 460012,
                      "Actual Loops": 3
                    },
                    {
                      "Node Type": "Hash",
                      "Parent Relationship": "Inner",
                      "Parallel Aware": true,
                      "Startup Cost": 85025.26,
                      "Total Cost": 85025.26,
                      "Plan Rows": 61800,
                      "Plan Width": 8,
                      "Actual Startup Time": 389.289,
                      "Actual Total Time": 389.618,
                      "Actual Rows": 143880,
                      "Actual Loops": 3,
                      "Hash Buckets": 524288,
                      "Original Hash Buckets": 262144,
                      "Hash Batches": 1,
                      "Original Hash Batches": 1,
                      "Peak Memory Usage": 23072,
                      "Plans": [
                        {
                          "Node Type": "Hash Join",
                          "Parent Relationship": "Outer",
                          "Parallel Aware": true,
                          "Join Type": "Inner",
                          "Startup Cost": 38973.24,
                          "Total Cost": 85025.26,
                          "Plan Rows": 61800,
                          "Plan Width": 8,
                          "Actual Startup Time": 123.422,
                          "Actual Total Time": 350.833,
                          "Actual Rows": 143880,
                          "Actual Loops": 3,
                          "Inner Unique": true,
                          "Hash Cond": "(mk.movie_id = t.id)",
                          "Plans": [
                            {
                              "Node Type": "Seq Scan",
                              "Parent Relationship": "Outer",
                              "Parallel Aware": true,
                              "Relation Name": "movie_keyword",
                              "Alias": "mk",
                              "Startup Cost": 0.0,
                              "Total Cost": 42695.65,
                              "Plan Rows": 1278611,
                              "Plan Width": 4,
                              "Actual Startup Time": 0.02,
                              "Actual Total Time": 160.524,
                              "Actual Rows": 1324804,
                              "Actual Loops": 3,
                              "Filter": "(keyword_id < 33529)",
                              "Rows Removed by Filter": 183173
                            },
                            {
                              "Node Type": "Hash",
                              "Parent Relationship": "Inner",
                              "Parallel Aware": true,
                              "Startup Cost": 38591.37,
                              "Total Cost": 38591.37,
                              "Plan Rows": 30550,
                              "Plan Width": 4,
                              "Actual Startup Time": 70.908,
                              "Actual Total Time": 70.91,
                              "Actual Rows": 39411,
                              "Actual Loops": 3,
                              "Hash Buckets": 131072,
                              "Original Hash Buckets": 131072,
                              "Hash Batches": 1,
                              "Original Hash Batches": 1,
                              "Peak Memory Usage": 5696,
                              "Plans": [
                                {
                                  "Node Type": "Bitmap Heap Scan",
                                  "Parent Relationship": "Outer",
                                  "Parallel Aware": true,
                                  "Relation Name": "title",
                                  "Alias": "t",
                                  "Startup Cost": 2211.49,
                                  "Total Cost": 38591.37,
                                  "Plan Rows": 30550,
                                  "Plan Width": 4,
                                  "Actual Startup Time": 16.741,
                                  "Actual Total Time": 56.075,
                                  "Actual Rows": 39411,
                                  "Actual Loops": 3,
                                  "Recheck Cond": "(kind_id = 4)",
                                  "Rows Removed by Index Recheck": 0,
                                  "Exact Heap Blocks": 6952,
                                  "Lossy Heap Blocks": 0,
                                  "Plans": [
                                    {
                                      "Node Type": "Bitmap Index Scan",
                                      "Parent Relationship": "Outer",
                                      "Parallel Aware": false,
                                      "Index Name": "kind_id_title",
                                      "Startup Cost": 0.0,
                                      "Total Cost": 2180.94,
                                      "Plan Rows": 122201,
                                      "Plan Width": 0,
                                      "Actual Startup Time": 14.871,
                                      "Actual Total Time": 14.871,
                                      "Actual Rows": 118234,
                                      "Actual Loops": 1,
                                      "Index Cond": "(kind_id = 4)"
                                    }
                                  ]
                                }
                              ]
                            }
                          ]
                        }
                      ]
                    }
                  ]
                }
              ]
            }
          ]
        }
      ]
    },
    "Planning Time": 1.349,
    "Triggers": [],
    "Execution Time": 529.769
  }
]