[
  {
    "Plan": {
      "Node Type": "Aggregate",
      "Strategy": "Plain",
      "Partial Mode": "Finalize",
      "Parallel Aware": false,
      "Startup Cost": 45947.46,
      "Total Cost": 45947.47,
      "Plan Rows": 1,
      "Plan Width": 8,
      "Actual Startup Time": 104.962,
      "Actual Total Time": 117.406,
      "Actual Rows": 1,
      "Actual Loops": 1,
      "Plans": [
        {
          "Node Type": "Gather",
          "Parent Relationship": "Outer",
          "Parallel Aware": false,
          "Startup Cost": 45947.04,
          "Total Cost": 45947.45,
          "Plan Rows": 4,
          "Plan Width": 8,
          "Actual Startup Time": 104.81,
          "Actual Total Time": 117.393,
          "Actual Rows": 5,
          "Actual Loops": 1,
          "Workers Planned": 4,
          "Workers Launched": 4,
          "Single Copy": false,
          "Plans": [
            {
              "Node Type": "Aggregate",
              "Strategy": "Plain",
              "Partial Mode": "Partial",
              "Parent Relationship": "Outer",
              "Parallel Aware": false,
              "Startup Cost": 44947.04,
              "Total Cost": 44947.05,
              "Plan Rows": 1,
              "Plan Width": 8,
              "Actual Startup Time": 99.813,
              "Actual Total Time": 99.814,
              "Actual Rows": 1,
              "Actual Loops": 5,
              "Plans": [
                {
                  "Node Type": "Seq Scan",
                  "Parent Relationship": "Outer",
                  "Parallel Aware": true,
                  "Relation Name": "title",
                  "Alias": "t",
                  "Startup Cost": 0.0,
                  "Total Cost": 43899.32,
                  "Plan Rows": 419086,
                  "Plan Width": 0,
                  "Actual Startup Time": 0.028,
                  "Actual Total Time": 84.273,
                  "Actual Rows": 334820,
                  "Actual Loops": 5,
                  "Filter": "(kind_id > 3)",
                  "Rows Removed by Filter": 170843
                }
              ]
            }
          ]
        }
      ]
    },
    "Planning Time": 0.097,
    "Triggers": [],
    "Execution Time": 117.443
  }
]