{
  "Plan": {
    "Node Type": "Aggregate",
    "Strategy": "Plain",
    "Partial Mode": "Finalize",
    "Parallel Aware": false,
    "Startup Cost": 331367.92,
    "Total Cost": 331367.93,
    "Plan Rows": 1,
    "Plan Width": 8,
    "Actual Startup Time": 1601.538,
    "Actual Total Time": 1654.558,
    "Actual Rows": 1,
    "Actual Loops": 1,
    "Plans": [
      {
        "Node Type": "Gather",
        "Parent Relationship": "Outer",
        "Parallel Aware": false,
        "Startup Cost": 331367.81,
        "Total Cost": 331367.92,
        "Plan Rows": 1,
        "Plan Width": 8,
        "Actual Startup Time": 1601.356,
        "Actual Total Time": 1654.549,
        "Actual Rows": 2,
        "Actual Loops": 1,
        "Workers Planned": 1,
        "Workers Launched": 1,
        "Single Copy": false,
        "Plans": [
          {
            "Node Type": "Aggregate",
            "Strategy": "Plain",
            "Partial Mode": "Partial",
            "Parent Relationship": "Outer",
            "Parallel Aware": false,
            "Startup Cost": 330367.81,
            "Total Cost": 330367.82,
            "Plan Rows": 1,
            "Plan Width": 8,
            "Actual Startup Time": 1595.627,
            "Actual Total Time": 1595.631,
            "Actual Rows": 1,
            "Actual Loops": 2,
            "Plans": [
              {
                "Node Type": "Hash Join",
                "Parent Relationship": "Outer",
                "Parallel Aware": true,
                "Join Type": "Inner",
                "Startup Cost": 58434.54,
                "Total Cost": 330218.03,
                "Plan Rows": 59911,
                "Plan Width": 0,
                "Actual Startup Time": 159.379,
                "Actual Total Time": 1594.063,
                "Actual Rows": 27878,
                "Actual Loops": 2,
                "Inner Unique": true,
                "Hash Cond": "(mi.movie_id = t.id)",
                "Plans": [
                  {
                    "Node Type": "Seq Scan",
                    "Parent Relationship": "Outer",
                    "Parallel Aware": true,
                    "Relation Name": "movie_info",
                    "Alias": "mi",
                    "Startup Cost": 0.0,
                    "Total Cost": 248955.74,
                    "Plan Rows": 8696274,
                    "Plan Width": 4,
                    "Actual Startup Time": 0.011,
                    "Actual Total Time": 716.351,
                    "Actual Rows": 7417860,
                    "Actual Loops": 2
                  },
                  {
                    "Node Type": "Hash",
                    "Parent Relationship": "Inner",
                    "Parallel Aware": true,
                    "Startup Cost": 58306.47,
                    "Total Cost": 58306.47,
                    "Plan Rows": 10246,
                    "Plan Width": 4,
                    "Actual Startup Time": 158.296,
                    "Actual Total Time": 158.296,
                    "Actual Rows": 9443,
                    "Actual Loops": 2,
                    "Hash Buckets": 32768,
                    "Original Hash Buckets": 32768,
                    "Hash Batches": 1,
                    "Original Hash Batches": 1,
                    "Peak Memory Usage": 1024,
                    "Plans": [
                      {
                        "Node Type": "Seq Scan",
                        "Parent Relationship": "Outer",
                        "Parallel Aware": true,
                        "Relation Name": "title",
                        "Alias": "t",
                        "Startup Cost": 0.0,
                        "Total Cost": 58306.47,
                        "Plan Rows": 10246,
                        "Plan Width": 4,
                        "Actual Startup Time": 0.04,
                        "Actual Total Time": 154.433,
                        "Actual Rows": 9443,
                        "Actual Loops": 2,
                        "Filter": "((kind_id = 7) AND (production_year = 1994))",
                        "Rows Removed by Filter": 1254713
                      }
                    ]
                  }
                ]
              }
            ]
          }
        ]
      }
    ]
  },
  "Planning Time": 0.441,
  "Triggers": [],
  "Execution Time": 1654.644
}