{
  "Plan": {
    "Node Type": "Aggregate",
    "Strategy": "Plain",
    "Partial Mode": "Finalize",
    "Parallel Aware": false,
    "Startup Cost": 101903.57,
    "Total Cost": 101903.58,
    "Plan Rows": 1,
    "Plan Width": 8,
    "Actual Startup Time": 729.411,
    "Actual Total Time": 750.977,
    "Actual Rows": 1,
    "Actual Loops": 1,
    "Plans": [
      {
        "Node Type": "Gather",
        "Parent Relationship": "Outer",
        "Parallel Aware": false,
        "Startup Cost": 101903.46,
        "Total Cost": 101903.57,
        "Plan Rows": 1,
        "Plan Width": 8,
        "Actual Startup Time": 723.778,
        "Actual Total Time": 750.97,
        "Actual Rows": 2,
        "Actual Loops": 1,
        "Workers Planned": 1,
        "Workers Launched": 1,
        "Single Copy": false,
        "Plans": [
          {
            "Node Type": "Aggregate",
            "Strategy": "Plain",
            "Partial Mode": "Partial",
            "Parent Relationship": "Outer",
            "Parallel Aware": false,
            "Startup Cost": 100903.46,
            "Total Cost": 100903.47,
            "Plan Rows": 1,
            "Plan Width": 8,
            "Actual Startup Time": 710.278,
            "Actual Total Time": 710.283,
            "Actual Rows": 1,
            "Actual Loops": 2,
            "Plans": [
              {
                "Node Type": "Hash Join",
                "Parent Relationship": "Outer",
                "Parallel Aware": true,
                "Join Type": "Inner",
                "Startup Cost": 81166.6,
                "Total Cost": 100712.64,
                "Plan Rows": 76328,
                "Plan Width": 0,
                "Actual Startup Time": 595.926,
                "Actual Total Time": 706.954,
                "Actual Rows": 81130,
                "Actual Loops": 2,
                "Inner Unique": false,
                "Hash Cond": "(mi_idx.movie_id = t.id)",
                "Plans": [
                  {
                    "Node Type": "Seq Scan",
                    "Parent Relationship": "Outer",
                    "Parallel Aware": true,
                    "Relation Name": "movie_info_idx",
                    "Alias": "mi_idx",
                    "Startup Cost": 0.0,
                    "Total Cost": 16052.85,
                    "Plan Rows": 811785,
                    "Plan Width": 4,
                    "Actual Startup Time": 0.014,
                    "Actual Total Time": 48.445,
                    "Actual Rows": 690018,
                    "Actual Loops": 2
                  },
                  {
                    "Node Type": "Hash",
                    "Parent Relationship": "Inner",
                    "Parallel Aware": true,
                    "Startup Cost": 79418.63,
                    "Total Cost": 79418.63,
                    "Plan Rows": 139838,
                    "Plan Width": 8,
                    "Actual Startup Time": 592.399,
                    "Actual Total Time": 592.403,
                    "Actual Rows": 48633,
                    "Actual Loops": 2,
                    "Hash Buckets": 262144,
                    "Original Hash Buckets": 262144,
                    "Hash Batches": 1,
                    "Original Hash Batches": 1,
                    "Peak Memory Usage": 5888,
                    "Plans": [
                      {
                        "Node Type": "Hash Join",
                        "Parent Relationship": "Outer",
                        "Parallel Aware": true,
                        "Join Type": "Inner",
                        "Startup Cost": 69461.26,
                        "Total Cost": 79418.63,
                        "Plan Rows": 139838,
                        "Plan Width": 8,
                        "Actual Startup Time": 530.162,
                        "Actual Total Time": 581.425,
                        "Actual Rows": 48633,
                        "Actual Loops": 2,
                        "Inner Unique": true,
                        "Hash Cond": "(ci.movie_id = t.id)",
                        "Plans": [
                          {
                            "Node Type": "Index Scan",
                            "Parent Relationship": "Outer",
                            "Parallel Aware": true,
                            "Scan Direction": "Forward",
                            "Index Name": "role_id_cast_info",
                            "Relation Name": "cast_info",
                            "Alias": "ci",
                            "Startup Cost": 0.56,
                            "Total Cost": 9590.86,
                            "Plan Rows": 139838,
                            "Plan Width": 4,
                            "Actual Startup Time": 0.053,
                            "Actual Total Time": 21.9,
                            "Actual Rows": 48633,
                            "Actual Loops": 2,
                            "Index Cond": "(role_id > 10)",
                            "Rows Removed by Index Recheck": 0,
                            "Filter": "(person_id < 2944009)",
                            "Rows Removed by Filter": 109426
                          },
                          {
                            "Node Type": "Hash",
                            "Parent Relationship": "Inner",
                            "Parallel Aware": true,
                            "Startup Cost": 50870.31,
                            "Total Cost": 50870.31,
                            "Plan Rows": 1487231,
                            "Plan Width": 4,
                            "Actual Startup Time": 511.539,
                            "Actual Total Time": 511.54,
                            "Actual Rows": 1264156,
                            "Actual Loops": 2,
                            "Hash Buckets": 4194304,
                            "Original Hash Buckets": 4194304,
                            "Hash Batches": 1,
                            "Original Hash Batches": 1,
                            "Peak Memory Usage": 131712,
                            "Plans": [
                              {
                                "Node Type": "Seq Scan",
                                "Parent Relationship": "Outer",
                                "Parallel Aware": true,
                                "Relation Name": "title",
                                "Alias": "t",
                                "Startup Cost": 0.0,
                                "Total Cost": 50870.31,
                                "Plan Rows": 1487231,
                                "Plan Width": 4,
                                "Actual Startup Time": 0.026,
                                "Actual Total Time": 151.165,
                                "Actual Rows": 1264156,
                                "Actual Loops": 2
                              }
                            ]
                          }
                        ]
                      }
                    ]
                  }
                ]
              }
            ]
          }
        ]
      }
    ]
  },
  "Planning Time": 1.092,
  "Triggers": [],
  "Execution Time": 751.062
}