[
  {
    "Plan": {
      "Node Type": "Aggregate",
      "Strategy": "Plain",
      "Partial Mode": "Finalize",
      "Parallel Aware": false,
      "Startup Cost": 31222.92,
      "Total Cost": 31222.93,
      "Plan Rows": 1,
      "Plan Width": 8,
      "Actual Startup Time": 92.822,
      "Actual Total Time": 100.176,
      "Actual Rows": 1,
      "Actual Loops": 1,
      "Plans": [
        {
          "Node Type": "Gather",
          "Parent Relationship": "Outer",
          "Parallel Aware": false,
          "Startup Cost": 31222.6,
          "Total Cost": 31222.91,
          "Plan Rows": 3,
          "Plan Width": 8,
          "Actual Startup Time": 92.728,
          "Actual Total Time": 100.169,
          "Actual Rows": 4,
          "Actual Loops": 1,
          "Workers Planned": 3,
          "Workers Launched": 3,
          "Single Copy": false,
          "Plans": [
            {
              "Node Type": "Aggregate",
              "Strategy": "Plain",
              "Partial Mode": "Partial",
              "Parent Relationship": "Outer",
              "Parallel Aware": false,
              "Startup Cost": 30222.6,
              "Total Cost": 30222.61,
              "Plan Rows": 1,
              "Plan Width": 8,
              "Actual Startup Time": 86.932,
              "Actual Total Time": 86.933,
              "Actual Rows": 1,
              "Actual Loops": 4,
              "Plans": [
                {
                  "Node Type": "Seq Scan",
                  "Parent Relationship": "Outer",
                  "Parallel Aware": true,
                  "Relation Name": "movie_companies",
                  "Alias": "mc",
                  "Startup Cost": 0.0,
                  "Total Cost": 29310.68,
                  "Plan Rows": 364769,
                  "Plan Width": 0,
                  "Actual Startup Time": 0.035,
                  "Actual Total Time": 71.955,
                  "Actual Rows": 281986,
                  "Actual Loops": 4,
                  "Filter": "(company_id < 8184)",
                  "Rows Removed by Filter": 370297
                }
              ]
            }
          ]
        }
      ]
    },
    "Planning Time": 0.094,
    "Triggers": [],
    "Execution Time": 100.206
  }
]