[
  {
    "Plan": {
      "Node Type": "Aggregate",
      "Strategy": "Plain",
      "Partial Mode": "Finalize",
      "Parallel Aware": false,
      "Startup Cost": 118507.4,
      "Total Cost": 118507.41,
      "Plan Rows": 1,
      "Plan Width": 8,
      "Actual Startup Time": 411.715,
      "Actual Total Time": 432.071,
      "Actual Rows": 1,
      "Actual Loops": 1,
      "Plans": [
        {
          "Node Type": "Gather",
          "Parent Relationship": "Outer",
          "Parallel Aware": false,
          "Startup Cost": 118507.09,
          "Total Cost": 118507.4,
          "Plan Rows": 3,
          "Plan Width": 8,
          "Actual Startup Time": 410.833,
          "Actual Total Time": 432.061,
          "Actual Rows": 4,
          "Actual Loops": 1,
          "Workers Planned": 3,
          "Workers Launched": 3,
          "Single Copy": false,
          "Plans": [
            {
              "Node Type": "Aggregate",
              "Strategy": "Plain",
              "Partial Mode": "Partial",
              "Parent Relationship": "Outer",
              "Parallel Aware": false,
              "Startup Cost": 117507.09,
              "Total Cost": 117507.1,
              "Plan Rows": 1,
              "Plan Width": 8,
              "Actual Startup Time": 401.263,
              "Actual Total Time": 401.268,
              "Actual Rows": 1,
              "Actual Loops": 4,
              "Plans": [
                {
                  "Node Type": "Hash Join",
                  "Parent Relationship": "Outer",
                  "Parallel Aware": true,
                  "Join Type": "Inner",
                  "Startup Cost": 72586.69,
                  "Total Cost": 117306.8,
                  "Plan Rows": 80116,
                  "Plan Width": 0,
                  "Actual Startup Time": 232.454,
                  "Actual Total Time": 399.069,
                  "Actual Rows": 50445,
                  "Actual Loops": 4,
                  "Inner Unique": false,
                  "Hash Cond": "(mk.movie_id = t.id)",
                  "Plans": [
                    {
                      "Node Type": "Seq Scan",
                      "Parent Relationship": "Outer",
                      "Parallel Aware": true,
                      "Relation Name": "movie_keyword",
                      "Alias": "mk",
                      "Startup Cost": 0.0,
                      "Total Cost": 39047.32,
                      "Plan Rows": 1459332,
                      "Plan Width": 4,
                      "Actual Startup Time": 0.023,
                      "Actual Total Time": 85.26,
                      "Actual Rows": 1130982,
                      "Actual Loops": 4
                    },
                    {
                      "Node Type": "Hash",
                      "Parent Relationship": "Inner",
                      "Parallel Aware": true,
                      "Startup Cost": 72152.94,
                      "Total Cost": 72152.94,
                      "Plan Rows": 34700,
                      "Plan Width": 8,
                      "Actual Startup Time": 230.245,
                      "Actual Total Time": 230.25,
                      "Actual Rows": 16002,
                      "Actual Loops": 4,
                      "Hash Buckets": 262144,
                      "Original Hash Buckets": 262144,
                      "Hash Batches": 1,
                      "Original Hash Batches": 1,
                      "Peak Memory Usage": 4608,
                      "Plans": [
                        {
                          "Node Type": "Hash Join",
                          "Parent Relationship": "Outer",
                          "Parallel Aware": true,
                          "Join Type": "Inner",
                          "Startup Cost": 26561.9,
                          "Total Cost": 72152.94,
                          "Plan Rows": 34700,
                          "Plan Width": 8,
                          "Actual Startup Time": 80.461,
                          "Actual Total Time": 223.989,
                          "Actual Rows": 16002,
                          "Actual Loops": 4,
                          "Inner Unique": false,
                          "Hash Cond": "(t.id = mc.movie_id)",
                          "Plans": [
                            {
                              "Node Type": "Seq Scan",
                              "Parent Relationship": "Outer",
                              "Parallel Aware": true,
                              "Relation Name": "title",
                              "Alias": "t",
                              "Startup Cost": 0.0,
                              "Total Cost": 42318.73,
                              "Plan Rows": 632073,
                              "Plan Width": 4,
                              "Actual Startup Time": 0.01,
                              "Actual Total Time": 73.54,
                              "Actual Rows": 632078,
                              "Actual Loops": 4
                            },
                            {
                              "Node Type": "Hash",
                              "Parent Relationship": "Inner",
                              "Parallel Aware": true,
                              "Startup Cost": 26002.21,
                              "Total Cost": 26002.21,
                              "Plan Rows": 44775,
                              "Plan Width": 4,
                              "Actual Startup Time": 79.282,
                              "Actual Total Time": 79.283,
                              "Actual Rows": 16002,
                              "Actual Loops": 4,
                              "Hash Buckets": 262144,
                              "Original Hash Buckets": 262144,
                              "Hash Batches": 1,
                              "Original Hash Batches": 1,
                              "Peak Memory Usage": 4640,
                              "Plans": [
                                {
                                  "Node Type": "Bitmap Heap Scan",
                                  "Parent Relationship": "Outer",
                                  "Parallel Aware": true,
                                  "Relation Name": "movie_companies",
                                  "Alias": "mc",
                                  "Startup Cost": 5889.44,
                                  "Total Cost": 26002.21,
                                  "Plan Rows": 44775,
                                  "Plan Width": 4,
                                  "Actual Startup Time": 62.144,
                                  "Actual Total Time": 74.634,
                                  "Actual Rows": 16002,
                                  "Actual Loops": 4,
                                  "Recheck Cond": "(company_id < 145)",
                                  "Rows Removed by Index Recheck": 0,
                                  "Filter": "(company_type_id > 1)",
                                  "Rows Removed by Filter": 51856,
                                  "Exact Heap Blocks": 9562,
                                  "Lossy Heap Blocks": 0,
                                  "Plans": [
                                    {
                                      "Node Type": "Bitmap Index Scan",
                                      "Parent Relationship": "Outer",
                                      "Parallel Aware": false,
                                      "Index Name": "company_id_movie_companies",
                                      "Startup Cost": 0.0,
                                      "Total Cost": 5854.74,
                                      "Plan Rows": 273374,
                                      "Plan Width": 0,
                                      "Actual Startup Time": 23.316,
                                      "Actual Total Time": 23.317,
                                      "Actual Rows": 271432,
                                      "Actual Loops": 1,
                                      "Index Cond": "(company_id < 145)"
                                    }
                                  ]
                                }
                              ]
                            }
                          ]
                        }
                      ]
                    }
                  ]
                }
              ]
            }
          ]
        }
      ]
    },
    "Planning Time": 1.437,
    "Triggers": [],
    "Execution Time": 432.192
  }
]