{
  "Plan": {
    "Node Type": "Aggregate",
    "Strategy": "Plain",
    "Partial Mode": "Simple",
    "Parallel Aware": false,
    "Startup Cost": 20793.63,
    "Total Cost": 20793.64,
    "Plan Rows": 1,
    "Plan Width": 8,
    "Actual Startup Time": 117.555,
    "Actual Total Time": 122.668,
    "Actual Rows": 1,
    "Actual Loops": 1,
    "Plans": [
      {
        "Node Type": "Gather",
        "Parent Relationship": "Outer",
        "Parallel Aware": false,
        "Startup Cost": 1696.47,
        "Total Cost": 20793.62,
        "Plan Rows": 1,
        "Plan Width": 0,
        "Actual Startup Time": 117.313,
        "Actual Total Time": 122.66,
        "Actual Rows": 3,
        "Actual Loops": 1,
        "Workers Planned": 1,
        "Workers Launched": 1,
        "Single Copy": false,
        "Plans": [
          {
            "Node Type": "Hash Join",
            "Parent Relationship": "Outer",
            "Parallel Aware": false,
            "Join Type": "Inner",
            "Startup Cost": 696.47,
            "Total Cost": 19793.52,
            "Plan Rows": 1,
            "Plan Width": 0,
            "Actual Startup Time": 81.289,
            "Actual Total Time": 111.345,
            "Actual Rows": 2,
            "Actual Loops": 2,
            "Inner Unique": false,
            "Hash Cond": "(mi_idx.movie_id = t.id)",
            "Plans": [
              {
                "Node Type": "Seq Scan",
                "Parent Relationship": "Outer",
                "Parallel Aware": true,
                "Relation Name": "movie_info_idx",
                "Alias": "mi_idx",
                "Startup Cost": 0.0,
                "Total Cost": 16052.85,
                "Plan Rows": 811785,
                "Plan Width": 4,
                "Actual Startup Time": 0.039,
                "Actual Total Time": 58.374,
                "Actual Rows": 690018,
                "Actual Loops": 2
              },
              {
                "Node Type": "Hash",
                "Parent Relationship": "Inner",
                "Parallel Aware": false,
                "Startup Cost": 696.46,
                "Total Cost": 696.46,
                "Plan Rows": 1,
                "Plan Width": 8,
                "Actual Startup Time": 5.989,
                "Actual Total Time": 5.991,
                "Actual Rows": 1,
                "Actual Loops": 2,
                "Hash Buckets": 1024,
                "Original Hash Buckets": 1024,
                "Hash Batches": 1,
                "Original Hash Batches": 1,
                "Peak Memory Usage": 9,
                "Plans": [
                  {
                    "Node Type": "Nested Loop",
                    "Parent Relationship": "Outer",
                    "Parallel Aware": false,
                    "Join Type": "Inner",
                    "Startup Cost": 0.86,
                    "Total Cost": 696.46,
                    "Plan Rows": 1,
                    "Plan Width": 8,
                    "Actual Startup Time": 2.543,
                    "Actual Total Time": 5.975,
                    "Actual Rows": 1,
                    "Actual Loops": 2,
                    "Inner Unique": true,
                    "Plans": [
                      {
                        "Node Type": "Index Scan",
                        "Parent Relationship": "Outer",
                        "Parallel Aware": false,
                        "Scan Direction": "Forward",
                        "Index Name": "company_id_movie_companies",
                        "Relation Name": "movie_companies",
                        "Alias": "mc",
                        "Startup Cost": 0.43,
                        "Total Cost": 273.83,
                        "Plan Rows": 50,
                        "Plan Width": 4,
                        "Actual Startup Time": 0.138,
                        "Actual Total Time": 0.847,
                        "Actual Rows": 233,
                        "Actual Loops": 2,
                        "Index Cond": "(company_id = 996)",
                        "Rows Removed by Index Recheck": 0,
                        "Filter": "(company_type_id = 1)",
                        "Rows Removed by Filter": 0
                      },
                      {
                        "Node Type": "Index Scan",
                        "Parent Relationship": "Inner",
                        "Parallel Aware": false,
                        "Scan Direction": "Forward",
                        "Index Name": "title_pkey",
                        "Relation Name": "title",
                        "Alias": "t",
                        "Startup Cost": 0.43,
                        "Total Cost": 8.45,
                        "Plan Rows": 1,
                        "Plan Width": 4,
                        "Actual Startup Time": 0.021,
                        "Actual Total Time": 0.021,
                        "Actual Rows": 0,
                        "Actual Loops": 466,
                        "Index Cond": "(id = mc.movie_id)",
                        "Rows Removed by Index Recheck": 0,
                        "Filter": "((kind_id < 7) AND (production_year = 2004))",
                        "Rows Removed by Filter": 1
                      }
                    ]
                  }
                ]
              }
            ]
          }
        ]
      }
    ]
  },
  "Planning Time": 1.171,
  "Triggers": [],
  "Execution Time": 122.75
}