[
  {
    "Plan": {
      "Node Type": "Aggregate",
      "Strategy": "Plain",
      "Partial Mode": "Finalize",
      "Parallel Aware": false,
      "Startup Cost": 212157.04,
      "Total Cost": 212157.05,
      "Plan Rows": 1,
      "Plan Width": 8,
      "Actual Startup Time": 1687.12,
      "Actual Total Time": 1742.599,
      "Actual Rows": 1,
      "Actual Loops": 1,
      "Plans": [
        {
          "Node Type": "Gather",
          "Parent Relationship": "Outer",
          "Parallel Aware": false,
          "Startup Cost": 212156.72,
          "Total Cost": 212157.03,
          "Plan Rows": 3,
          "Plan Width": 8,
          "Actual Startup Time": 1662.846,
          "Actual Total Time": 1742.588,
          "Actual Rows": 4,
          "Actual Loops": 1,
          "Workers Planned": 3,
          "Workers Launched": 3,
          "Single Copy": false,
          "Plans": [
            {
              "Node Type": "Aggregate",
              "Strategy": "Plain",
              "Partial Mode": "Partial",
              "Parent Relationship": "Outer",
              "Parallel Aware": false,
              "Startup Cost": 211156.72,
              "Total Cost": 211156.73,
              "Plan Rows": 1,
              "Plan Width": 8,
              "Actual Startup Time": 1642.181,
              "Actual Total Time": 1642.186,
              "Actual Rows": 1,
              "Actual Loops": 4,
              "Plans": [
                {
                  "Node Type": "Nested Loop",
                  "Parent Relationship": "Outer",
                  "Parallel Aware": false,
                  "Join Type": "Inner",
                  "Startup Cost": 60213.07,
                  "Total Cost": 210721.21,
                  "Plan Rows": 174202,
                  "Plan Width": 0,
                  "Actual Startup Time": 442.754,
                  "Actual Total Time": 1577.565,
                  "Actual Rows": 1016116,
                  "Actual Loops": 4,
                  "Inner Unique": false,
                  "Plans": [
                    {
                      "Node Type": "Hash Join",
                      "Parent Relationship": "Outer",
                      "Parallel Aware": true,
                      "Join Type": "Inner",
                      "Startup Cost": 60212.64,
                      "Total Cost": 81439.29,
                      "Plan Rows": 73164,
                      "Plan Width": 8,
                      "Actual Startup Time": 442.64,
                      "Actual Total Time": 555.317,
                      "Actual Rows": 85920,
                      "Actual Loops": 4,
                      "Inner Unique": true,
                      "Hash Cond": "(mc.movie_id = t.id)",
                      "Plans": [
                        {
                          "Node Type": "Bitmap Heap Scan",
                          "Parent Relationship": "Outer",
                          "Parallel Aware": true,
                          "Relation Name": "movie_companies",
                          "Alias": "mc",
                          "Startup Cost": 9992.25,
                          "Total Cost": 31026.85,
                          "Plan Rows": 73164,
                          "Plan Width": 4,
                          "Actual Startup Time": 32.127,
                          "Actual Total Time": 81.443,
                          "Actual Rows": 85920,
                          "Actual Loops": 4,
                          "Recheck Cond": "(company_id < 390)",
                          "Rows Removed by Index Recheck": 0,
                          "Filter": "(company_type_id = 1)",
                          "Rows Removed by Filter": 28196,
                          "Exact Heap Blocks": 5238,
                          "Lossy Heap Blocks": 0,
                          "Plans": [
                            {
                              "Node Type": "Bitmap Index Scan",
                              "Parent Relationship": "Outer",
                              "Parallel Aware": false,
                              "Index Name": "company_id_movie_companies",
                              "Startup Cost": 0.0,
                              "Total Cost": 9935.55,
                              "Plan Rows": 463883,
                              "Plan Width": 0,
                              "Actual Startup Time": 27.822,
                              "Actual Total Time": 27.823,
                              "Actual Rows": 456466,
                              "Actual Loops": 1,
                              "Index Cond": "(company_id < 390)"
                            }
                          ]
                        },
                        {
                          "Node Type": "Hash",
                          "Parent Relationship": "Inner",
                          "Parallel Aware": true,
                          "Startup Cost": 42319.06,
                          "Total Cost": 42319.06,
                          "Plan Rows": 632106,
                          "Plan Width": 4,
                          "Actual Startup Time": 398.652,
                          "Actual Total Time": 398.653,
                          "Actual Rows": 632078,
                          "Actual Loops": 4,
                          "Hash Buckets": 4194304,
                          "Original Hash Buckets": 4194304,
                          "Hash Batches": 1,
                          "Original Hash Batches": 1,
                          "Peak Memory Usage": 131712,
                          "Plans": [
                            {
                              "Node Type": "Seq Scan",
                              "Parent Relationship": "Outer",
                              "Parallel Aware": true,
                              "Relation Name": "title",
                              "Alias": "t",
                              "Startup Cost": 0.0,
                              "Total Cost": 42319.06,
                              "Plan Rows": 632106,
                              "Plan Width": 4,
                              "Actual Startup Time": 0.068,
                              "Actual Total Time": 118.804,
                              "Actual Rows": 632078,
                              "Actual Loops": 4
                            }
                          ]
                        }
                      ]
                    },
                    {
                      "Node Type": "Index Scan",
                      "Parent Relationship": "Inner",
                      "Parallel Aware": false,
                      "Scan Direction": "Forward",
                      "Index Name": "movie_id_movie_info",
                      "Relation Name": "movie_info",
                      "Alias": "mi",
                      "Startup Cost": 0.43,
                      "Total Cost": 1.6,
                      "Plan Rows": 17,
                      "Plan Width": 4,
                      "Actual Startup Time": 0.004,
                      "Actual Total Time": 0.011,
                      "Actual Rows": 12,
                      "Actual Loops": 343680,
                      "Index Cond": "(movie_id = t.id)",
                      "Rows Removed by Index Recheck": 0,
                      "Filter": "(info_type_id > 9)",
                      "Rows Removed by Filter": 7
                    }
                  ]
                }
              ]
            }
          ]
        }
      ]
    },
    "Planning Time": 1.557,
    "Triggers": [],
    "Execution Time": 1742.736
  }
]