[
  {
    "Plan": {
      "Node Type": "Aggregate",
      "Strategy": "Plain",
      "Partial Mode": "Finalize",
      "Parallel Aware": false,
      "Startup Cost": 45275.12,
      "Total Cost": 45275.13,
      "Plan Rows": 1,
      "Plan Width": 8,
      "Actual Startup Time": 160.41,
      "Actual Total Time": 173.414,
      "Actual Rows": 1,
      "Actual Loops": 1,
      "Plans": [
        {
          "Node Type": "Gather",
          "Parent Relationship": "Outer",
          "Parallel Aware": false,
          "Startup Cost": 45274.8,
          "Total Cost": 45275.11,
          "Plan Rows": 3,
          "Plan Width": 8,
          "Actual Startup Time": 160.282,
          "Actual Total Time": 173.404,
          "Actual Rows": 4,
          "Actual Loops": 1,
          "Workers Planned": 3,
          "Workers Launched": 3,
          "Single Copy": false,
          "Plans": [
            {
              "Node Type": "Aggregate",
              "Strategy": "Plain",
              "Partial Mode": "Partial",
              "Parent Relationship": "Outer",
              "Parallel Aware": false,
              "Startup Cost": 44274.8,
              "Total Cost": 44274.81,
              "Plan Rows": 1,
              "Plan Width": 8,
              "Actual Startup Time": 156.433,
              "Actual Total Time": 156.434,
              "Actual Rows": 1,
              "Actual Loops": 4,
              "Plans": [
                {
                  "Node Type": "Seq Scan",
                  "Parent Relationship": "Outer",
                  "Parallel Aware": true,
                  "Relation Name": "movie_keyword",
                  "Alias": "mk",
                  "Startup Cost": 0.0,
                  "Total Cost": 42695.65,
                  "Plan Rows": 631658,
                  "Plan Width": 0,
                  "Actual Startup Time": 0.606,
                  "Actual Total Time": 129.946,
                  "Actual Rows": 486866,
                  "Actual Loops": 4,
                  "Filter": "(keyword_id > 6670)",
                  "Rows Removed by Filter": 644117
                }
              ]
            }
          ]
        }
      ]
    },
    "Planning Time": 0.11,
    "Triggers": [],
    "Execution Time": 173.451
  }
]