[
  {
    "Plan": {
      "Node Type": "Aggregate",
      "Strategy": "Plain",
      "Partial Mode": "Finalize",
      "Parallel Aware": false,
      "Startup Cost": 44413.53,
      "Total Cost": 44413.54,
      "Plan Rows": 1,
      "Plan Width": 8,
      "Actual Startup Time": 112.537,
      "Actual Total Time": 122.082,
      "Actual Rows": 1,
      "Actual Loops": 1,
      "Plans": [
        {
          "Node Type": "Gather",
          "Parent Relationship": "Outer",
          "Parallel Aware": false,
          "Startup Cost": 44413.21,
          "Total Cost": 44413.52,
          "Plan Rows": 3,
          "Plan Width": 8,
          "Actual Startup Time": 112.414,
          "Actual Total Time": 122.074,
          "Actual Rows": 4,
          "Actual Loops": 1,
          "Workers Planned": 3,
          "Workers Launched": 3,
          "Single Copy": false,
          "Plans": [
            {
              "Node Type": "Aggregate",
              "Strategy": "Plain",
              "Partial Mode": "Partial",
              "Parent Relationship": "Outer",
              "Parallel Aware": false,
              "Startup Cost": 43413.21,
              "Total Cost": 43413.22,
              "Plan Rows": 1,
              "Plan Width": 8,
              "Actual Startup Time": 107.988,
              "Actual Total Time": 107.989,
              "Actual Rows": 1,
              "Actual Loops": 4,
              "Plans": [
                {
                  "Node Type": "Seq Scan",
                  "Parent Relationship": "Outer",
                  "Parallel Aware": true,
                  "Relation Name": "movie_keyword",
                  "Alias": "mk",
                  "Startup Cost": 0.0,
                  "Total Cost": 42695.65,
                  "Plan Rows": 287024,
                  "Plan Width": 0,
                  "Actual Startup Time": 2.683,
                  "Actual Total Time": 97.357,
                  "Actual Rows": 222005,
                  "Actual Loops": 4,
                  "Filter": "(keyword_id > 20778)",
                  "Rows Removed by Filter": 908977
                }
              ]
            }
          ]
        }
      ]
    },
    "Planning Time": 0.115,
    "Triggers": [],
    "Execution Time": 122.121
  }
]