[
  {
    "Plan": {
      "Node Type": "Aggregate",
      "Strategy": "Plain",
      "Partial Mode": "Finalize",
      "Parallel Aware": false,
      "Startup Cost": 130142.96,
      "Total Cost": 130142.97,
      "Plan Rows": 1,
      "Plan Width": 8,
      "Actual Startup Time": 686.226,
      "Actual Total Time": 707.911,
      "Actual Rows": 1,
      "Actual Loops": 1,
      "Plans": [
        {
          "Node Type": "Gather",
          "Parent Relationship": "Outer",
          "Parallel Aware": false,
          "Startup Cost": 130142.65,
          "Total Cost": 130142.96,
          "Plan Rows": 3,
          "Plan Width": 8,
          "Actual Startup Time": 676.926,
          "Actual Total Time": 707.901,
          "Actual Rows": 4,
          "Actual Loops": 1,
          "Workers Planned": 3,
          "Workers Launched": 3,
          "Single Copy": false,
          "Plans": [
            {
              "Node Type": "Aggregate",
              "Strategy": "Plain",
              "Partial Mode": "Partial",
              "Parent Relationship": "Outer",
              "Parallel Aware": false,
              "Startup Cost": 129142.65,
              "Total Cost": 129142.66,
              "Plan Rows": 1,
              "Plan Width": 8,
              "Actual Startup Time": 667.856,
              "Actual Total Time": 668.0,
              "Actual Rows": 1,
              "Actual Loops": 4,
              "Plans": [
                {
                  "Node Type": "Hash Join",
                  "Parent Relationship": "Outer",
                  "Parallel Aware": true,
                  "Join Type": "Inner",
                  "Startup Cost": 83491.28,
                  "Total Cost": 128648.59,
                  "Plan Rows": 197623,
                  "Plan Width": 0,
                  "Actual Startup Time": 484.814,
                  "Actual Total Time": 655.91,
                  "Actual Rows": 248892,
                  "Actual Loops": 4,
                  "Inner Unique": false,
                  "Hash Cond": "(mk.movie_id = t.id)",
                  "Plans": [
                    {
                      "Node Type": "Seq Scan",
                      "Parent Relationship": "Outer",
                      "Parallel Aware": true,
                      "Relation Name": "movie_keyword",
                      "Alias": "mk",
                      "Startup Cost": 0.0,
                      "Total Cost": 39047.32,
                      "Plan Rows": 1459332,
                      "Plan Width": 4,
                      "Actual Startup Time": 0.034,
                      "Actual Total Time": 107.719,
                      "Actual Rows": 1130982,
                      "Actual Loops": 4
                    },
                    {
                      "Node Type": "Hash",
                      "Parent Relationship": "Inner",
                      "Parallel Aware": true,
                      "Startup Cost": 82110.64,
                      "Total Cost": 82110.64,
                      "Plan Rows": 110451,
                      "Plan Width": 8,
                      "Actual Startup Time": 424.994,
                      "Actual Total Time": 425.136,
                      "Actual Rows": 18675,
                      "Actual Loops": 4,
                      "Hash Buckets": 524288,
                      "Original Hash Buckets": 524288,
                      "Hash Batches": 1,
                      "Original Hash Batches": 1,
                      "Peak Memory Usage": 7104,
                      "Plans": [
                        {
                          "Node Type": "Hash Join",
                          "Parent Relationship": "Outer",
                          "Parallel Aware": true,
                          "Join Type": "Inner",
                          "Startup Cost": 50340.15,
                          "Total Cost": 82110.64,
                          "Plan Rows": 110451,
                          "Plan Width": 8,
                          "Actual Startup Time": 346.744,
                          "Actual Total Time": 416.111,
                          "Actual Rows": 18675,
                          "Actual Loops": 4,
                          "Inner Unique": true,
                          "Hash Cond": "(mc.movie_id = t.id)",
                          "Plans": [
                            {
                              "Node Type": "Seq Scan",
                              "Parent Relationship": "Outer",
                              "Parallel Aware": true,
                              "Relation Name": "movie_companies",
                              "Alias": "mc",
                              "Startup Cost": 0.0,
                              "Total Cost": 31414.82,
                              "Plan Rows": 135497,
                              "Plan Width": 4,
                              "Actual Startup Time": 12.257,
                              "Actual Total Time": 65.361,
                              "Actual Rows": 23603,
                              "Actual Loops": 4,
                              "Filter": "((company_id > 25338) AND (company_type_id = 1))",
                              "Rows Removed by Filter": 628680
                            },
                            {
                              "Node Type": "Hash",
                              "Parent Relationship": "Inner",
                              "Parallel Aware": true,
                              "Startup Cost": 43899.32,
                              "Total Cost": 43899.32,
                              "Plan Rows": 515266,
                              "Plan Width": 4,
                              "Actual Startup Time": 328.558,
                              "Actual Total Time": 328.559,
                              "Actual Rows": 511681,
                              "Actual Loops": 4,
                              "Hash Buckets": 2097152,
                              "Original Hash Buckets": 2097152,
                              "Hash Batches": 1,
                              "Original Hash Batches": 1,
                              "Peak Memory Usage": 96544,
                              "Plans": [
                                {
                                  "Node Type": "Seq Scan",
                                  "Parent Relationship": "Outer",
                                  "Parallel Aware": true,
                                  "Relation Name": "title",
                                  "Alias": "t",
                                  "Startup Cost": 0.0,
                                  "Total Cost": 43899.32,
                                  "Plan Rows": 515266,
                                  "Plan Width": 4,
                                  "Actual Startup Time": 0.061,
                                  "Actual Total Time": 121.858,
                                  "Actual Rows": 511681,
                                  "Actual Loops": 4,
                                  "Filter": "(production_year > 1972)",
                                  "Rows Removed by Filter": 120397
                                }
                              ]
                            }
                          ]
                        }
                      ]
                    }
                  ]
                }
              ]
            }
          ]
        }
      ]
    },
    "Planning Time": 1.506,
    "Triggers": [],
    "Execution Time": 707.997
  }
]