{
  "Plan": {
    "Node Type": "Aggregate",
    "Strategy": "Plain",
    "Partial Mode": "Finalize",
    "Parallel Aware": false,
    "Startup Cost": 86999.68,
    "Total Cost": 86999.69,
    "Plan Rows": 1,
    "Plan Width": 8,
    "Actual Startup Time": 181.868,
    "Actual Total Time": 197.913,
    "Actual Rows": 1,
    "Actual Loops": 1,
    "Plans": [
      {
        "Node Type": "Gather",
        "Parent Relationship": "Outer",
        "Parallel Aware": false,
        "Startup Cost": 86999.57,
        "Total Cost": 86999.68,
        "Plan Rows": 1,
        "Plan Width": 8,
        "Actual Startup Time": 181.622,
        "Actual Total Time": 197.907,
        "Actual Rows": 2,
        "Actual Loops": 1,
        "Workers Planned": 1,
        "Workers Launched": 1,
        "Single Copy": false,
        "Plans": [
          {
            "Node Type": "Aggregate",
            "Strategy": "Plain",
            "Partial Mode": "Partial",
            "Parent Relationship": "Outer",
            "Parallel Aware": false,
            "Startup Cost": 85999.57,
            "Total Cost": 85999.58,
            "Plan Rows": 1,
            "Plan Width": 8,
            "Actual Startup Time": 175.261,
            "Actual Total Time": 175.264,
            "Actual Rows": 1,
            "Actual Loops": 2,
            "Plans": [
              {
                "Node Type": "Nested Loop",
                "Parent Relationship": "Outer",
                "Parallel Aware": false,
                "Join Type": "Inner",
                "Startup Cost": 59534.46,
                "Total Cost": 85998.93,
                "Plan Rows": 253,
                "Plan Width": 0,
                "Actual Startup Time": 149.534,
                "Actual Total Time": 175.193,
                "Actual Rows": 836,
                "Actual Loops": 2,
                "Inner Unique": false,
                "Plans": [
                  {
                    "Node Type": "Hash Join",
                    "Parent Relationship": "Outer",
                    "Parallel Aware": true,
                    "Join Type": "Inner",
                    "Startup Cost": 59534.04,
                    "Total Cost": 85222.57,
                    "Plan Rows": 464,
                    "Plan Width": 8,
                    "Actual Startup Time": 149.424,
                    "Actual Total Time": 171.32,
                    "Actual Rows": 346,
                    "Actual Loops": 2,
                    "Inner Unique": true,
                    "Hash Cond": "(mk.movie_id = t.id)",
                    "Plans": [
                      {
                        "Node Type": "Bitmap Heap Scan",
                        "Parent Relationship": "Outer",
                        "Parallel Aware": true,
                        "Relation Name": "movie_keyword",
                        "Alias": "mk",
                        "Startup Cost": 869.14,
                        "Total Cost": 26494.58,
                        "Plan Rows": 24039,
                        "Plan Width": 4,
                        "Actual Startup Time": 5.596,
                        "Actual Total Time": 24.183,
                        "Actual Rows": 20920,
                        "Actual Loops": 2,
                        "Recheck Cond": "(keyword_id = 117)",
                        "Rows Removed by Index Recheck": 0,
                        "Exact Heap Blocks": 8483,
                        "Lossy Heap Blocks": 0,
                        "Plans": [
                          {
                            "Node Type": "Bitmap Index Scan",
                            "Parent Relationship": "Outer",
                            "Parallel Aware": false,
                            "Index Name": "keyword_id_movie_keyword",
                            "Startup Cost": 0.0,
                            "Total Cost": 858.93,
                            "Plan Rows": 40866,
                            "Plan Width": 0,
                            "Actual Startup Time": 3.984,
                            "Actual Total Time": 3.985,
                            "Actual Rows": 41840,
                            "Actual Loops": 1,
                            "Index Cond": "(keyword_id = 117)"
                          }
                        ]
                      },
                      {
                        "Node Type": "Hash",
                        "Parent Relationship": "Inner",
                        "Parallel Aware": true,
                        "Startup Cost": 58306.47,
                        "Total Cost": 58306.47,
                        "Plan Rows": 28674,
                        "Plan Width": 4,
                        "Actual Startup Time": 142.087,
                        "Actual Total Time": 142.088,
                        "Actual Rows": 17744,
                        "Actual Loops": 2,
                        "Hash Buckets": 65536,
                        "Original Hash Buckets": 65536,
                        "Hash Batches": 1,
                        "Original Hash Batches": 1,
                        "Peak Memory Usage": 1920,
                        "Plans": [
                          {
                            "Node Type": "Seq Scan",
                            "Parent Relationship": "Outer",
                            "Parallel Aware": true,
                            "Relation Name": "title",
                            "Alias": "t",
                            "Startup Cost": 0.0,
                            "Total Cost": 58306.47,
                            "Plan Rows": 28674,
                            "Plan Width": 4,
                            "Actual Startup Time": 0.388,
                            "Actual Total Time": 137.282,
                            "Actual Rows": 17744,
                            "Actual Loops": 2,
                            "Filter": "((kind_id < 7) AND (production_year = 2007))",
                            "Rows Removed by Filter": 1246412
                          }
                        ]
                      }
                    ]
                  },
                  {
                    "Node Type": "Index Only Scan",
                    "Parent Relationship": "Inner",
                    "Parallel Aware": false,
                    "Scan Direction": "Forward",
                    "Index Name": "movie_id_movie_info_idx",
                    "Relation Name": "movie_info_idx",
                    "Alias": "mi_idx",
                    "Startup Cost": 0.43,
                    "Total Cost": 1.64,
                    "Plan Rows": 3,
                    "Plan Width": 4,
                    "Actual Startup Time": 0.01,
                    "Actual Total Time": 0.011,
                    "Actual Rows": 2,
                    "Actual Loops": 692,
                    "Index Cond": "(movie_id = t.id)",
                    "Rows Removed by Index Recheck": 0,
                    "Heap Fetches": 1672
                  }
                ]
              }
            ]
          }
        ]
      }
    ]
  },
  "Planning Time": 0.977,
  "Triggers": [],
  "Execution Time": 198.015
}