[
  {
    "Plan": {
      "Node Type": "Aggregate",
      "Strategy": "Plain",
      "Partial Mode": "Finalize",
      "Parallel Aware": false,
      "Startup Cost": 58094.1,
      "Total Cost": 58094.11,
      "Plan Rows": 1,
      "Plan Width": 8,
      "Actual Startup Time": 197.609,
      "Actual Total Time": 207.424,
      "Actual Rows": 1,
      "Actual Loops": 1,
      "Plans": [
        {
          "Node Type": "Gather",
          "Parent Relationship": "Outer",
          "Parallel Aware": false,
          "Startup Cost": 58093.88,
          "Total Cost": 58094.09,
          "Plan Rows": 2,
          "Plan Width": 8,
          "Actual Startup Time": 197.095,
          "Actual Total Time": 207.413,
          "Actual Rows": 3,
          "Actual Loops": 1,
          "Workers Planned": 2,
          "Workers Launched": 2,
          "Single Copy": false,
          "Plans": [
            {
              "Node Type": "Aggregate",
              "Strategy": "Plain",
              "Partial Mode": "Partial",
              "Parent Relationship": "Outer",
              "Parallel Aware": false,
              "Startup Cost": 57093.88,
              "Total Cost": 57093.89,
              "Plan Rows": 1,
              "Plan Width": 8,
              "Actual Startup Time": 188.65,
              "Actual Total Time": 188.656,
              "Actual Rows": 1,
              "Actual Loops": 3,
              "Plans": [
                {
                  "Node Type": "Nested Loop",
                  "Parent Relationship": "Outer",
                  "Parallel Aware": false,
                  "Join Type": "Inner",
                  "Startup Cost": 21974.84,
                  "Total Cost": 57083.24,
                  "Plan Rows": 4257,
                  "Plan Width": 0,
                  "Actual Startup Time": 93.681,
                  "Actual Total Time": 187.449,
                  "Actual Rows": 17215,
                  "Actual Loops": 3,
                  "Inner Unique": true,
                  "Join Filter": "(mc.movie_id = t.id)",
                  "Rows Removed by Join Filter": 0,
                  "Plans": [
                    {
                      "Node Type": "Hash Join",
                      "Parent Relationship": "Outer",
                      "Parallel Aware": true,
                      "Join Type": "Inner",
                      "Startup Cost": 21974.41,
                      "Total Cost": 38115.72,
                      "Plan Rows": 22160,
                      "Plan Width": 8,
                      "Actual Startup Time": 93.585,
                      "Actual Total Time": 127.645,
                      "Actual Rows": 17215,
                      "Actual Loops": 3,
                      "Inner Unique": false,
                      "Hash Cond": "(mi_idx.movie_id = mc.movie_id)",
                      "Plans": [
                        {
                          "Node Type": "Seq Scan",
                          "Parent Relationship": "Outer",
                          "Parallel Aware": true,
                          "Relation Name": "movie_info_idx",
                          "Alias": "mi_idx",
                          "Startup Cost": 0.0,
                          "Total Cost": 15122.68,
                          "Plan Rows": 189429,
                          "Plan Width": 4,
                          "Actual Startup Time": 0.028,
                          "Actual Total Time": 46.195,
                          "Actual Rows": 153308,
                          "Actual Loops": 3,
                          "Filter": "(info_type_id = 99)",
                          "Rows Removed by Filter": 306703
                        },
                        {
                          "Node Type": "Hash",
                          "Parent Relationship": "Inner",
                          "Parallel Aware": true,
                          "Startup Cost": 21745.32,
                          "Total Cost": 21745.32,
                          "Plan Rows": 18327,
                          "Plan Width": 4,
                          "Actual Startup Time": 48.01,
                          "Actual Total Time": 48.012,
                          "Actual Rows": 35559,
                          "Actual Loops": 3,
                          "Hash Buckets": 131072,
                          "Original Hash Buckets": 65536,
                          "Hash Batches": 1,
                          "Original Hash Batches": 1,
                          "Peak Memory Usage": 5760,
                          "Plans": [
                            {
                              "Node Type": "Bitmap Heap Scan",
                              "Parent Relationship": "Outer",
                              "Parallel Aware": true,
                              "Relation Name": "movie_companies",
                              "Alias": "mc",
                              "Startup Cost": 2413.88,
                              "Total Cost": 21745.32,
                              "Plan Rows": 18327,
                              "Plan Width": 4,
                              "Actual Startup Time": 7.745,
                              "Actual Total Time": 30.36,
                              "Actual Rows": 35559,
                              "Actual Loops": 3,
                              "Recheck Cond": "(company_id > 153721)",
                              "Rows Removed by Index Recheck": 0,
                              "Filter": "(company_type_id = 2)",
                              "Rows Removed by Filter": 0,
                              "Exact Heap Blocks": 1576,
                              "Lossy Heap Blocks": 0,
                              "Plans": [
                                {
                                  "Node Type": "Bitmap Index Scan",
                                  "Parent Relationship": "Outer",
                                  "Parallel Aware": false,
                                  "Index Name": "company_id_movie_companies",
                                  "Startup Cost": 0.0,
                                  "Total Cost": 2399.67,
                                  "Plan Rows": 111899,
                                  "Plan Width": 0,
                                  "Actual Startup Time": 12.68,
                                  "Actual Total Time": 12.68,
                                  "Actual Rows": 106678,
                                  "Actual Loops": 1,
                                  "Index Cond": "(company_id > 153721)"
                                }
                              ]
                            }
                          ]
                        }
                      ]
                    },
                    {
                      "Node Type": "Index Only Scan",
                      "Parent Relationship": "Inner",
                      "Parallel Aware": false,
                      "Scan Direction": "Forward",
                      "Index Name": "title_pkey",
                      "Relation Name": "title",
                      "Alias": "t",
                      "Startup Cost": 0.43,
                      "Total Cost": 0.84,
                      "Plan Rows": 1,
                      "Plan Width": 4,
                      "Actual Startup Time": 0.003,
                      "Actual Total Time": 0.003,
                      "Actual Rows": 1,
                      "Actual Loops": 51644,
                      "Index Cond": "(id = mi_idx.movie_id)",
                      "Rows Removed by Index Recheck": 0,
                      "Heap Fetches": 51644
                    }
                  ]
                }
              ]
            }
          ]
        }
      ]
    },
    "Planning Time": 1.432,
    "Triggers": [],
    "Execution Time": 207.535
  }
]