{
  "Plan": {
    "Node Type": "Aggregate",
    "Strategy": "Plain",
    "Partial Mode": "Finalize",
    "Parallel Aware": false,
    "Startup Cost": 840454.53,
    "Total Cost": 840454.54,
    "Plan Rows": 1,
    "Plan Width": 8,
    "Actual Startup Time": 5700.316,
    "Actual Total Time": 5753.368,
    "Actual Rows": 1,
    "Actual Loops": 1,
    "Plans": [
      {
        "Node Type": "Gather",
        "Parent Relationship": "Outer",
        "Parallel Aware": false,
        "Startup Cost": 840454.42,
        "Total Cost": 840454.53,
        "Plan Rows": 1,
        "Plan Width": 8,
        "Actual Startup Time": 5698.196,
        "Actual Total Time": 5753.36,
        "Actual Rows": 2,
        "Actual Loops": 1,
        "Workers Planned": 1,
        "Workers Launched": 1,
        "Single Copy": false,
        "Plans": [
          {
            "Node Type": "Aggregate",
            "Strategy": "Plain",
            "Partial Mode": "Partial",
            "Parent Relationship": "Outer",
            "Parallel Aware": false,
            "Startup Cost": 839454.42,
            "Total Cost": 839454.43,
            "Plan Rows": 1,
            "Plan Width": 8,
            "Actual Startup Time": 5695.016,
            "Actual Total Time": 5695.022,
            "Actual Rows": 1,
            "Actual Loops": 2,
            "Plans": [
              {
                "Node Type": "Hash Join",
                "Parent Relationship": "Outer",
                "Parallel Aware": true,
                "Join Type": "Inner",
                "Startup Cost": 261200.11,
                "Total Cost": 829747.53,
                "Plan Rows": 3882757,
                "Plan Width": 0,
                "Actual Startup Time": 724.917,
                "Actual Total Time": 5513.201,
                "Actual Rows": 3914157,
                "Actual Loops": 2,
                "Inner Unique": false,
                "Hash Cond": "(ci.movie_id = t.id)",
                "Plans": [
                  {
                    "Node Type": "Seq Scan",
                    "Parent Relationship": "Outer",
                    "Parallel Aware": true,
                    "Relation Name": "cast_info",
                    "Alias": "ci",
                    "Startup Cost": 0.0,
                    "Total Cost": 465792.95,
                    "Plan Rows": 21310595,
                    "Plan Width": 4,
                    "Actual Startup Time": 0.027,
                    "Actual Total Time": 1475.512,
                    "Actual Rows": 18122172,
                    "Actual Loops": 2
                  },
                  {
                    "Node Type": "Hash",
                    "Parent Relationship": "Inner",
                    "Parallel Aware": true,
                    "Startup Cost": 257812.97,
                    "Total Cost": 257812.97,
                    "Plan Rows": 270971,
                    "Plan Width": 8,
                    "Actual Startup Time": 721.375,
                    "Actual Total Time": 721.379,
                    "Actual Rows": 195316,
                    "Actual Loops": 2,
                    "Hash Buckets": 524288,
                    "Original Hash Buckets": 524288,
                    "Hash Batches": 1,
                    "Original Hash Batches": 1,
                    "Peak Memory Usage": 19424,
                    "Plans": [
                      {
                        "Node Type": "Hash Join",
                        "Parent Relationship": "Outer",
                        "Parallel Aware": true,
                        "Join Type": "Inner",
                        "Startup Cost": 84446.92,
                        "Total Cost": 257812.97,
                        "Plan Rows": 270971,
                        "Plan Width": 8,
                        "Actual Startup Time": 379.702,
                        "Actual Total Time": 664.907,
                        "Actual Rows": 195316,
                        "Actual Loops": 2,
                        "Inner Unique": true,
                        "Hash Cond": "(mi.movie_id = t.id)",
                        "Plans": [
                          {
                            "Node Type": "Bitmap Heap Scan",
                            "Parent Relationship": "Outer",
                            "Parallel Aware": true,
                            "Relation Name": "movie_info",
                            "Alias": "mi",
                            "Startup Cost": 23159.21,
                            "Total Cost": 194551.43,
                            "Plan Rows": 751938,
                            "Plan Width": 4,
                            "Actual Startup Time": 70.145,
                            "Actual Total Time": 142.354,
                            "Actual Rows": 649494,
                            "Actual Loops": 2,
                            "Recheck Cond": "(info_type_id = 4)",
                            "Rows Removed by Index Recheck": 0,
                            "Exact Heap Blocks": 3667,
                            "Lossy Heap Blocks": 0,
                            "Plans": [
                              {
                                "Node Type": "Bitmap Index Scan",
                                "Parent Relationship": "Outer",
                                "Parallel Aware": false,
                                "Index Name": "info_type_id_movie_info",
                                "Startup Cost": 0.0,
                                "Total Cost": 22839.64,
                                "Plan Rows": 1278294,
                                "Plan Width": 0,
                                "Actual Startup Time": 68.109,
                                "Actual Total Time": 68.109,
                                "Actual Rows": 1298989,
                                "Actual Loops": 1,
                                "Index Cond": "(info_type_id = 4)"
                              }
                            ]
                          },
                          {
                            "Node Type": "Hash",
                            "Parent Relationship": "Inner",
                            "Parallel Aware": true,
                            "Startup Cost": 54588.39,
                            "Total Cost": 54588.39,
                            "Plan Rows": 535945,
                            "Plan Width": 4,
                            "Actual Startup Time": 301.757,
                            "Actual Total Time": 301.758,
                            "Actual Rows": 452246,
                            "Actual Loops": 2,
                            "Hash Buckets": 1048576,
                            "Original Hash Buckets": 1048576,
                            "Hash Batches": 1,
                            "Original Hash Batches": 1,
                            "Peak Memory Usage": 43616,
                            "Plans": [
                              {
                                "Node Type": "Seq Scan",
                                "Parent Relationship": "Outer",
                                "Parallel Aware": true,
                                "Relation Name": "title",
                                "Alias": "t",
                                "Startup Cost": 0.0,
                                "Total Cost": 54588.39,
                                "Plan Rows": 535945,
                                "Plan Width": 4,
                                "Actual Startup Time": 0.019,
                                "Actual Total Time": 177.165,
                                "Actual Rows": 452246,
                                "Actual Loops": 2,
                                "Filter": "(production_year > 2006)",
                                "Rows Removed by Filter": 811910
                              }
                            ]
                          }
                        ]
                      }
                    ]
                  }
                ]
              }
            ]
          }
        ]
      }
    ]
  },
  "Planning Time": 0.59,
  "Triggers": [],
  "Execution Time": 5753.454
}