[
  {
    "Plan": {
      "Node Type": "Aggregate",
      "Strategy": "Plain",
      "Partial Mode": "Simple",
      "Parallel Aware": false,
      "Startup Cost": 26216.64,
      "Total Cost": 26216.65,
      "Plan Rows": 1,
      "Plan Width": 8,
      "Actual Startup Time": 26.529,
      "Actual Total Time": 26.53,
      "Actual Rows": 1,
      "Actual Loops": 1,
      "Plans": [
        {
          "Node Type": "Bitmap Heap Scan",
          "Parent Relationship": "Outer",
          "Parallel Aware": false,
          "Relation Name": "title",
          "Alias": "t",
          "Startup Cost": 236.92,
          "Total Cost": 26185.13,
          "Plan Rows": 12604,
          "Plan Width": 0,
          "Actual Startup Time": 7.056,
          "Actual Total Time": 25.073,
          "Actual Rows": 12434,
          "Actual Loops": 1,
          "Recheck Cond": "(kind_id = 6)",
          "Rows Removed by Index Recheck": 0,
          "Filter": "(production_year > 0)",
          "Rows Removed by Filter": 166,
          "Exact Heap Blocks": 7903,
          "Lossy Heap Blocks": 0,
          "Plans": [
            {
              "Node Type": "Bitmap Index Scan",
              "Parent Relationship": "Outer",
              "Parallel Aware": false,
              "Index Name": "kind_id_title",
              "Startup Cost": 0.0,
              "Total Cost": 233.77,
              "Plan Rows": 12979,
              "Plan Width": 0,
              "Actual Startup Time": 4.073,
              "Actual Total Time": 4.073,
              "Actual Rows": 12600,
              "Actual Loops": 1,
              "Index Cond": "(kind_id = 6)"
            }
          ]
        }
      ]
    },
    "Planning Time": 0.099,
    "Triggers": [],
    "Execution Time": 26.736
  }
]