{
  "Plan": {
    "Node Type": "Aggregate",
    "Strategy": "Plain",
    "Partial Mode": "Finalize",
    "Parallel Aware": false,
    "Startup Cost": 508011.49,
    "Total Cost": 508011.5,
    "Plan Rows": 1,
    "Plan Width": 8,
    "Actual Startup Time": 3582.294,
    "Actual Total Time": 3623.052,
    "Actual Rows": 1,
    "Actual Loops": 1,
    "Plans": [
      {
        "Node Type": "Gather",
        "Parent Relationship": "Outer",
        "Parallel Aware": false,
        "Startup Cost": 508011.37,
        "Total Cost": 508011.48,
        "Plan Rows": 1,
        "Plan Width": 8,
        "Actual Startup Time": 3571.637,
        "Actual Total Time": 3623.044,
        "Actual Rows": 2,
        "Actual Loops": 1,
        "Workers Planned": 1,
        "Workers Launched": 1,
        "Single Copy": false,
        "Plans": [
          {
            "Node Type": "Aggregate",
            "Strategy": "Plain",
            "Partial Mode": "Partial",
            "Parent Relationship": "Outer",
            "Parallel Aware": false,
            "Startup Cost": 507011.37,
            "Total Cost": 507011.38,
            "Plan Rows": 1,
            "Plan Width": 8,
            "Actual Startup Time": 3560.229,
            "Actual Total Time": 3560.235,
            "Actual Rows": 1,
            "Actual Loops": 2,
            "Plans": [
              {
                "Node Type": "Hash Join",
                "Parent Relationship": "Outer",
                "Parallel Aware": true,
                "Join Type": "Inner",
                "Startup Cost": 195875.13,
                "Total Cost": 501989.12,
                "Plan Rows": 2008902,
                "Plan Width": 0,
                "Actual Startup Time": 1307.807,
                "Actual Total Time": 3315.472,
                "Actual Rows": 5765438,
                "Actual Loops": 2,
                "Inner Unique": false,
                "Hash Cond": "(t.id = mc.movie_id)",
                "Plans": [
                  {
                    "Node Type": "Hash Join",
                    "Parent Relationship": "Outer",
                    "Parallel Aware": true,
                    "Join Type": "Inner",
                    "Startup Cost": 142552.54,
                    "Total Cost": 424682.82,
                    "Plan Rows": 1946662,
                    "Plan Width": 8,
                    "Actual Startup Time": 778.197,
                    "Actual Total Time": 1737.666,
                    "Actual Rows": 1590605,
                    "Actual Loops": 2,
                    "Inner Unique": true,
                    "Hash Cond": "(ci.movie_id = t.id)",
                    "Plans": [
                      {
                        "Node Type": "Bitmap Heap Scan",
                        "Parent Relationship": "Outer",
                        "Parallel Aware": true,
                        "Relation Name": "cast_info",
                        "Alias": "ci",
                        "Startup Cost": 73091.84,
                        "Total Cost": 350112.12,
                        "Plan Rows": 1946662,
                        "Plan Width": 4,
                        "Actual Startup Time": 222.149,
                        "Actual Total Time": 419.162,
                        "Actual Rows": 1590605,
                        "Actual Loops": 2,
                        "Recheck Cond": "(person_id > 3475513)",
                        "Rows Removed by Index Recheck": 0,
                        "Exact Heap Blocks": 22099,
                        "Lossy Heap Blocks": 0,
                        "Plans": [
                          {
                            "Node Type": "Bitmap Index Scan",
                            "Parent Relationship": "Outer",
                            "Parallel Aware": false,
                            "Index Name": "person_id_cast_info",
                            "Startup Cost": 0.0,
                            "Total Cost": 72264.51,
                            "Plan Rows": 3309326,
                            "Plan Width": 0,
                            "Actual Startup Time": 210.366,
                            "Actual Total Time": 210.366,
                            "Actual Rows": 3181210,
                            "Actual Loops": 1,
                            "Index Cond": "(person_id > 3475513)"
                          }
                        ]
                      },
                      {
                        "Node Type": "Hash",
                        "Parent Relationship": "Inner",
                        "Parallel Aware": true,
                        "Startup Cost": 50870.31,
                        "Total Cost": 50870.31,
                        "Plan Rows": 1487231,
                        "Plan Width": 4,
                        "Actual Startup Time": 545.651,
                        "Actual Total Time": 545.652,
                        "Actual Rows": 1264156,
                        "Actual Loops": 2,
                        "Hash Buckets": 4194304,
                        "Original Hash Buckets": 4194304,
                        "Hash Batches": 1,
                        "Original Hash Batches": 1,
                        "Peak Memory Usage": 131712,
                        "Plans": [
                          {
                            "Node Type": "Seq Scan",
                            "Parent Relationship": "Outer",
                            "Parallel Aware": true,
                            "Relation Name": "title",
                            "Alias": "t",
                            "Startup Cost": 0.0,
                            "Total Cost": 50870.31,
                            "Plan Rows": 1487231,
                            "Plan Width": 4,
                            "Actual Startup Time": 0.018,
                            "Actual Total Time": 172.422,
                            "Actual Rows": 1264156,
                            "Actual Loops": 2
                          }
                        ]
                      }
                    ]
                  },
                  {
                    "Node Type": "Hash",
                    "Parent Relationship": "Inner",
                    "Parallel Aware": true,
                    "Startup Cost": 34137.82,
                    "Total Cost": 34137.82,
                    "Plan Rows": 1534782,
                    "Plan Width": 4,
                    "Actual Startup Time": 507.254,
                    "Actual Total Time": 507.255,
                    "Actual Rows": 1304564,
                    "Actual Loops": 2,
                    "Hash Buckets": 4194304,
                    "Original Hash Buckets": 4194304,
                    "Hash Batches": 1,
                    "Original Hash Batches": 1,
                    "Peak Memory Usage": 134880,
                    "Plans": [
                      {
                        "Node Type": "Seq Scan",
                        "Parent Relationship": "Outer",
                        "Parallel Aware": true,
                        "Relation Name": "movie_companies",
                        "Alias": "mc",
                        "Startup Cost": 0.0,
                        "Total Cost": 34137.82,
                        "Plan Rows": 1534782,
                        "Plan Width": 4,
                        "Actual Startup Time": 0.035,
                        "Actual Total Time": 156.549,
                        "Actual Rows": 1304564,
                        "Actual Loops": 2
                      }
                    ]
                  }
                ]
              }
            ]
          }
        ]
      }
    ]
  },
  "Planning Time": 1.066,
  "Triggers": [],
  "Execution Time": 3623.153
}