[
    {
        "Bao": {
            "Bao prediction": "NaN",
            "Bao recommended hint": "(no hint)"
        }
    },
    {
        "Plan": {
            "Node Type": "Aggregate",
            "Strategy": "Plain",
            "Partial Mode": "Finalize",
            "Parallel Aware": false,
            "Startup Cost": 76060.2,
            "Total Cost": 76060.21,
            "Plan Rows": 1,
            "Plan Width": 8,
            "Actual Startup Time": 235.892,
            "Actual Total Time": 245.198,
            "Actual Rows": 1,
            "Actual Loops": 1,
            "Output": [
                "count(*)"
            ],
            "Plans": [
                {
                    "Node Type": "Gather",
                    "Parent Relationship": "Outer",
                    "Parallel Aware": false,
                    "Startup Cost": 76059.88,
                    "Total Cost": 76060.19,
                    "Plan Rows": 3,
                    "Plan Width": 8,
                    "Actual Startup Time": 233.432,
                    "Actual Total Time": 245.19,
                    "Actual Rows": 4,
                    "Actual Loops": 1,
                    "Output": [
                        "(PARTIAL count(*))"
                    ],
                    "Workers Planned": 3,
                    "Workers Launched": 3,
                    "Single Copy": false,
                    "Plans": [
                        {
                            "Node Type": "Aggregate",
                            "Strategy": "Plain",
                            "Partial Mode": "Partial",
                            "Parent Relationship": "Outer",
                            "Parallel Aware": false,
                            "Startup Cost": 75059.88,
                            "Total Cost": 75059.89,
                            "Plan Rows": 1,
                            "Plan Width": 8,
                            "Actual Startup Time": 224.719,
                            "Actual Total Time": 224.723,
                            "Actual Rows": 1,
                            "Actual Loops": 4,
                            "Output": [
                                "PARTIAL count(*)"
                            ],
                            "Workers": [
                                {
                                    "Worker Number": 0,
                                    "Actual Startup Time": 221.357,
                                    "Actual Total Time": 221.359,
                                    "Actual Rows": 1,
                                    "Actual Loops": 1
                                },
                                {
                                    "Worker Number": 1,
                                    "Actual Startup Time": 222.015,
                                    "Actual Total Time": 222.019,
                                    "Actual Rows": 1,
                                    "Actual Loops": 1
                                },
                                {
                                    "Worker Number": 2,
                                    "Actual Startup Time": 222.343,
                                    "Actual Total Time": 222.346,
                                    "Actual Rows": 1,
                                    "Actual Loops": 1
                                }
                            ],
                            "Plans": [
                                {
                                    "Node Type": "Hash Join",
                                    "Parent Relationship": "Outer",
                                    "Parallel Aware": true,
                                    "Join Type": "Inner",
                                    "Startup Cost": 54217.11,
                                    "Total Cost": 74998.45,
                                    "Plan Rows": 24572,
                                    "Plan Width": 0,
                                    "Actual Startup Time": 153.616,
                                    "Actual Total Time": 222.845,
                                    "Actual Rows": 31258,
                                    "Actual Loops": 4,
                                    "Inner Unique": true,
                                    "Hash Cond": "(mc.movie_id = t.id)",
                                    "Workers": [
                                        {
                                            "Worker Number": 0,
                                            "Actual Startup Time": 150.248,
                                            "Actual Total Time": 219.43,
                                            "Actual Rows": 27894,
                                            "Actual Loops": 1
                                        },
                                        {
                                            "Worker Number": 1,
                                            "Actual Startup Time": 151.565,
                                            "Actual Total Time": 220.096,
                                            "Actual Rows": 30076,
                                            "Actual Loops": 1
                                        },
                                        {
                                            "Worker Number": 2,
                                            "Actual Startup Time": 150.852,
                                            "Actual Total Time": 220.571,
                                            "Actual Rows": 34058,
                                            "Actual Loops": 1
                                        }
                                    ],
                                    "Plans": [
                                        {
                                            "Node Type": "Bitmap Heap Scan",
                                            "Parent Relationship": "Outer",
                                            "Parallel Aware": true,
                                            "Relation Name": "movie_companies",
                                            "Schema": "public",
                                            "Alias": "mc",
                                            "Startup Cost": 8843.53,
                                            "Total Cost": 29279.26,
                                            "Plan Rows": 131659,
                                            "Plan Width": 4,
                                            "Actual Startup Time": 26.027,
                                            "Actual Total Time": 61.691,
                                            "Actual Rows": 100915,
                                            "Actual Loops": 4,
                                            "Output": [
                                                "mc.id",
                                                "mc.movie_id",
                                                "mc.company_id",
                                                "mc.company_type_id",
                                                "mc.note"
                                            ],
                                            "Recheck Cond": "(mc.company_id < 258)",
                                            "Rows Removed by Index Recheck": 0,
                                            "Exact Heap Blocks": 5527,
                                            "Lossy Heap Blocks": 0,
                                            "Workers": [
                                                {
                                                    "Worker Number": 0,
                                                    "Actual Startup Time": 26.096,
                                                    "Actual Total Time": 63.308,
                                                    "Actual Rows": 87991,
                                                    "Actual Loops": 1
                                                },
                                                {
                                                    "Worker Number": 1,
                                                    "Actual Startup Time": 25.987,
                                                    "Actual Total Time": 62.59,
                                                    "Actual Rows": 95136,
                                                    "Actual Loops": 1
                                                },
                                                {
                                                    "Worker Number": 2,
                                                    "Actual Startup Time": 25.958,
                                                    "Actual Total Time": 61.707,
                                                    "Actual Rows": 114752,
                                                    "Actual Loops": 1
                                                }
                                            ],
                                            "Plans": [
                                                {
                                                    "Node Type": "Bitmap Index Scan",
                                                    "Parent Relationship": "Outer",
                                                    "Parallel Aware": false,
                                                    "Index Name": "company_id_movie_companies",
                                                    "Startup Cost": 0.0,
                                                    "Total Cost": 8741.5,
                                                    "Plan Rows": 408142,
                                                    "Plan Width": 0,
                                                    "Actual Startup Time": 23.113,
                                                    "Actual Total Time": 23.114,
                                                    "Actual Rows": 403659,
                                                    "Actual Loops": 1,
                                                    "Index Cond": "(mc.company_id < 258)",
                                                    "Workers": [
                                                        {
                                                            "Worker Number": 2,
                                                            "Actual Startup Time": 23.113,
                                                            "Actual Total Time": 23.114,
                                                            "Actual Rows": 403659,
                                                            "Actual Loops": 1
                                                        }
                                                    ]
                                                }
                                            ]
                                        },
                                        {
                                            "Node Type": "Hash",
                                            "Parent Relationship": "Inner",
                                            "Parallel Aware": true,
                                            "Startup Cost": 43899.01,
                                            "Total Cost": 43899.01,
                                            "Plan Rows": 117966,
                                            "Plan Width": 4,
                                            "Actual Startup Time": 125.319,
                                            "Actual Total Time": 125.319,
                                            "Actual Rows": 116391,
                                            "Actual Loops": 4,
                                            "Output": [
                                                "t.id"
                                            ],
                                            "Hash Buckets": 524288,
                                            "Original Hash Buckets": 524288,
                                            "Hash Batches": 1,
                                            "Original Hash Batches": 1,
                                            "Peak Memory Usage": 22368,
                                            "Workers": [
                                                {
                                                    "Worker Number": 0,
                                                    "Actual Startup Time": 123.447,
                                                    "Actual Total Time": 123.448,
                                                    "Actual Rows": 105331,
                                                    "Actual Loops": 1
                                                },
                                                {
                                                    "Worker Number": 1,
                                                    "Actual Startup Time": 124.105,
                                                    "Actual Total Time": 124.106,
                                                    "Actual Rows": 104347,
                                                    "Actual Loops": 1
                                                },
                                                {
                                                    "Worker Number": 2,
                                                    "Actual Startup Time": 124.181,
                                                    "Actual Total Time": 124.182,
                                                    "Actual Rows": 104720,
                                                    "Actual Loops": 1
                                                }
                                            ],
                                            "Plans": [
                                                {
                                                    "Node Type": "Seq Scan",
                                                    "Parent Relationship": "Outer",
                                                    "Parallel Aware": true,
                                                    "Relation Name": "title",
                                                    "Schema": "public",
                                                    "Alias": "t",
                                                    "Startup Cost": 0.0,
                                                    "Total Cost": 43899.01,
                                                    "Plan Rows": 117966,
                                                    "Plan Width": 4,
                                                    "Actual Startup Time": 0.04,
                                                    "Actual Total Time": 87.114,
                                                    "Actual Rows": 116391,
                                                    "Actual Loops": 4,
                                                    "Output": [
                                                        "t.id"
                                                    ],
                                                    "Filter": "(t.production_year < 1977)",
                                                    "Rows Removed by Filter": 515687,
                                                    "Workers": [
                                                        {
                                                            "Worker Number": 0,
                                                            "Actual Startup Time": 0.04,
                                                            "Actual Total Time": 87.119,
                                                            "Actual Rows": 105331,
                                                            "Actual Loops": 1
                                                        },
                                                        {
                                                            "Worker Number": 1,
                                                            "Actual Startup Time": 0.062,
                                                            "Actual Total Time": 87.181,
                                                            "Actual Rows": 104347,
                                                            "Actual Loops": 1
                                                        },
                                                        {
                                                            "Worker Number": 2,
                                                            "Actual Startup Time": 0.047,
                                                            "Actual Total Time": 87.359,
                                                            "Actual Rows": 104720,
                                                            "Actual Loops": 1
                                                        }
                                                    ]
                                                }
                                            ]
                                        }
                                    ]
                                }
                            ]
                        }
                    ]
                }
            ]
        },
        "Planning Time": 267.005,
        "Triggers": [],
        "Execution Time": 245.254
    }
]