[
    {
        "Bao": {
            "Bao prediction": "NaN",
            "Bao recommended hint": "(no hint)"
        }
    },
    {
        "Plan": {
            "Node Type": "Aggregate",
            "Strategy": "Plain",
            "Partial Mode": "Finalize",
            "Parallel Aware": false,
            "Startup Cost": 27467.05,
            "Total Cost": 27467.06,
            "Plan Rows": 1,
            "Plan Width": 8,
            "Actual Startup Time": 65.374,
            "Actual Total Time": 68.836,
            "Actual Rows": 1,
            "Actual Loops": 1,
            "Output": [
                "count(*)"
            ],
            "Plans": [
                {
                    "Node Type": "Gather",
                    "Parent Relationship": "Outer",
                    "Parallel Aware": false,
                    "Startup Cost": 27466.63,
                    "Total Cost": 27467.04,
                    "Plan Rows": 4,
                    "Plan Width": 8,
                    "Actual Startup Time": 65.25,
                    "Actual Total Time": 68.828,
                    "Actual Rows": 5,
                    "Actual Loops": 1,
                    "Output": [
                        "(PARTIAL count(*))"
                    ],
                    "Workers Planned": 4,
                    "Workers Launched": 4,
                    "Single Copy": false,
                    "Plans": [
                        {
                            "Node Type": "Aggregate",
                            "Strategy": "Plain",
                            "Partial Mode": "Partial",
                            "Parent Relationship": "Outer",
                            "Parallel Aware": false,
                            "Startup Cost": 26466.63,
                            "Total Cost": 26466.64,
                            "Plan Rows": 1,
                            "Plan Width": 8,
                            "Actual Startup Time": 56.088,
                            "Actual Total Time": 56.089,
                            "Actual Rows": 1,
                            "Actual Loops": 5,
                            "Output": [
                                "PARTIAL count(*)"
                            ],
                            "Workers": [
                                {
                                    "Worker Number": 0,
                                    "Actual Startup Time": 53.29,
                                    "Actual Total Time": 53.292,
                                    "Actual Rows": 1,
                                    "Actual Loops": 1
                                },
                                {
                                    "Worker Number": 1,
                                    "Actual Startup Time": 53.866,
                                    "Actual Total Time": 53.867,
                                    "Actual Rows": 1,
                                    "Actual Loops": 1
                                },
                                {
                                    "Worker Number": 2,
                                    "Actual Startup Time": 54.118,
                                    "Actual Total Time": 54.119,
                                    "Actual Rows": 1,
                                    "Actual Loops": 1
                                },
                                {
                                    "Worker Number": 3,
                                    "Actual Startup Time": 54.227,
                                    "Actual Total Time": 54.228,
                                    "Actual Rows": 1,
                                    "Actual Loops": 1
                                }
                            ],
                            "Plans": [
                                {
                                    "Node Type": "Index Scan",
                                    "Parent Relationship": "Outer",
                                    "Parallel Aware": true,
                                    "Scan Direction": "Forward",
                                    "Index Name": "role_id_cast_info",
                                    "Relation Name": "cast_info",
                                    "Schema": "public",
                                    "Alias": "ci",
                                    "Startup Cost": 0.56,
                                    "Total Cost": 26238.71,
                                    "Plan Rows": 91169,
                                    "Plan Width": 0,
                                    "Actual Startup Time": 0.149,
                                    "Actual Total Time": 48.038,
                                    "Actual Rows": 130258,
                                    "Actual Loops": 5,
                                    "Output": [
                                        "id",
                                        "person_id",
                                        "movie_id",
                                        "person_role_id",
                                        "note",
                                        "nr_order",
                                        "role_id"
                                    ],
                                    "Index Cond": "(ci.role_id = 5)",
                                    "Rows Removed by Index Recheck": 0,
                                    "Filter": "(ci.person_id > 2251656)",
                                    "Rows Removed by Filter": 49420,
                                    "Workers": [
                                        {
                                            "Worker Number": 0,
                                            "Actual Startup Time": 0.17,
                                            "Actual Total Time": 45.682,
                                            "Actual Rows": 86235,
                                            "Actual Loops": 1
                                        },
                                        {
                                            "Worker Number": 1,
                                            "Actual Startup Time": 0.116,
                                            "Actual Total Time": 46.33,
                                            "Actual Rows": 114952,
                                            "Actual Loops": 1
                                        },
                                        {
                                            "Worker Number": 2,
                                            "Actual Startup Time": 0.151,
                                            "Actual Total Time": 46.446,
                                            "Actual Rows": 111357,
                                            "Actual Loops": 1
                                        },
                                        {
                                            "Worker Number": 3,
                                            "Actual Startup Time": 0.279,
                                            "Actual Total Time": 46.863,
                                            "Actual Rows": 107968,
                                            "Actual Loops": 1
                                        }
                                    ]
                                }
                            ]
                        }
                    ]
                }
            ]
        },
        "Planning Time": 175.901,
        "Triggers": [],
        "Execution Time": 68.885
    }
]