[
  {
    "Plan": {
      "Node Type": "Aggregate",
      "Strategy": "Plain",
      "Partial Mode": "Finalize",
      "Parallel Aware": false,
      "Startup Cost": 61226.0,
      "Total Cost": 61226.01,
      "Plan Rows": 1,
      "Plan Width": 8,
      "Actual Startup Time": 132.471,
      "Actual Total Time": 146.929,
      "Actual Rows": 1,
      "Actual Loops": 1,
      "Plans": [
        {
          "Node Type": "Gather",
          "Parent Relationship": "Outer",
          "Parallel Aware": false,
          "Startup Cost": 61225.58,
          "Total Cost": 61225.99,
          "Plan Rows": 4,
          "Plan Width": 8,
          "Actual Startup Time": 132.337,
          "Actual Total Time": 146.919,
          "Actual Rows": 5,
          "Actual Loops": 1,
          "Workers Planned": 4,
          "Workers Launched": 4,
          "Single Copy": false,
          "Plans": [
            {
              "Node Type": "Aggregate",
              "Strategy": "Plain",
              "Partial Mode": "Partial",
              "Parent Relationship": "Outer",
              "Parallel Aware": false,
              "Startup Cost": 60225.58,
              "Total Cost": 60225.59,
              "Plan Rows": 1,
              "Plan Width": 8,
              "Actual Startup Time": 124.775,
              "Actual Total Time": 124.777,
              "Actual Rows": 1,
              "Actual Loops": 5,
              "Plans": [
                {
                  "Node Type": "Nested Loop",
                  "Parent Relationship": "Outer",
                  "Parallel Aware": false,
                  "Join Type": "Inner",
                  "Startup Cost": 0.43,
                  "Total Cost": 60224.18,
                  "Plan Rows": 560,
                  "Plan Width": 0,
                  "Actual Startup Time": 61.631,
                  "Actual Total Time": 124.637,
                  "Actual Rows": 767,
                  "Actual Loops": 5,
                  "Inner Unique": false,
                  "Plans": [
                    {
                      "Node Type": "Seq Scan",
                      "Parent Relationship": "Outer",
                      "Parallel Aware": true,
                      "Relation Name": "title",
                      "Alias": "t",
                      "Startup Cost": 0.0,
                      "Total Cost": 45479.59,
                      "Plan Rows": 3107,
                      "Plan Width": 4,
                      "Actual Startup Time": 61.287,
                      "Actual Total Time": 93.731,
                      "Actual Rows": 8564,
                      "Actual Loops": 5,
                      "Filter": "((kind_id < 3) AND (production_year < 1913))",
                      "Rows Removed by Filter": 497099
                    },
                    {
                      "Node Type": "Index Scan",
                      "Parent Relationship": "Inner",
                      "Parallel Aware": false,
                      "Scan Direction": "Forward",
                      "Index Name": "movie_id_movie_info_idx",
                      "Relation Name": "movie_info_idx",
                      "Alias": "mi_idx",
                      "Startup Cost": 0.43,
                      "Total Cost": 4.74,
                      "Plan Rows": 1,
                      "Plan Width": 4,
                      "Actual Startup Time": 0.003,
                      "Actual Total Time": 0.003,
                      "Actual Rows": 0,
                      "Actual Loops": 42819,
                      "Index Cond": "(movie_id = t.id)",
                      "Rows Removed by Index Recheck": 0,
                      "Filter": "(info_type_id = 99)",
                      "Rows Removed by Filter": 0
                    }
                  ]
                }
              ]
            }
          ]
        }
      ]
    },
    "Planning Time": 0.656,
    "Triggers": [],
    "Execution Time": 147.011
  }
]