[
  {
    "Plan": {
      "Node Type": "Aggregate",
      "Strategy": "Plain",
      "Partial Mode": "Finalize",
      "Parallel Aware": false,
      "Startup Cost": 66424.78,
      "Total Cost": 66424.79,
      "Plan Rows": 1,
      "Plan Width": 8,
      "Actual Startup Time": 273.676,
      "Actual Total Time": 303.169,
      "Actual Rows": 1,
      "Actual Loops": 1,
      "Plans": [
        {
          "Node Type": "Gather",
          "Parent Relationship": "Outer",
          "Parallel Aware": false,
          "Startup Cost": 66424.57,
          "Total Cost": 66424.78,
          "Plan Rows": 2,
          "Plan Width": 8,
          "Actual Startup Time": 273.323,
          "Actual Total Time": 303.159,
          "Actual Rows": 3,
          "Actual Loops": 1,
          "Workers Planned": 2,
          "Workers Launched": 2,
          "Single Copy": false,
          "Plans": [
            {
              "Node Type": "Aggregate",
              "Strategy": "Plain",
              "Partial Mode": "Partial",
              "Parent Relationship": "Outer",
              "Parallel Aware": false,
              "Startup Cost": 65424.57,
              "Total Cost": 65424.58,
              "Plan Rows": 1,
              "Plan Width": 8,
              "Actual Startup Time": 269.04,
              "Actual Total Time": 269.044,
              "Actual Rows": 1,
              "Actual Loops": 3,
              "Plans": [
                {
                  "Node Type": "Nested Loop",
                  "Parent Relationship": "Outer",
                  "Parallel Aware": false,
                  "Join Type": "Inner",
                  "Startup Cost": 45529.47,
                  "Total Cost": 65406.94,
                  "Plan Rows": 7050,
                  "Plan Width": 0,
                  "Actual Startup Time": 151.219,
                  "Actual Total Time": 266.162,
                  "Actual Rows": 43541,
                  "Actual Loops": 3,
                  "Inner Unique": false,
                  "Join Filter": "(t.id = mi.movie_id)",
                  "Rows Removed by Join Filter": 0,
                  "Plans": [
                    {
                      "Node Type": "Hash Join",
                      "Parent Relationship": "Outer",
                      "Parallel Aware": true,
                      "Join Type": "Inner",
                      "Startup Cost": 45529.04,
                      "Total Cost": 61155.36,
                      "Plan Rows": 1200,
                      "Plan Width": 8,
                      "Actual Startup Time": 151.08,
                      "Actual Total Time": 189.813,
                      "Actual Rows": 1670,
                      "Actual Loops": 3,
                      "Inner Unique": true,
                      "Hash Cond": "(mi_idx.movie_id = t.id)",
                      "Plans": [
                        {
                          "Node Type": "Seq Scan",
                          "Parent Relationship": "Outer",
                          "Parallel Aware": true,
                          "Relation Name": "movie_info_idx",
                          "Alias": "mi_idx",
                          "Startup Cost": 0.0,
                          "Total Cost": 15122.68,
                          "Plan Rows": 191863,
                          "Plan Width": 4,
                          "Actual Startup Time": 0.014,
                          "Actual Total Time": 46.832,
                          "Actual Rows": 153308,
                          "Actual Loops": 3,
                          "Filter": "(info_type_id = 100)",
                          "Rows Removed by Filter": 306703
                        },
                        {
                          "Node Type": "Hash",
                          "Parent Relationship": "Inner",
                          "Parallel Aware": true,
                          "Startup Cost": 45479.59,
                          "Total Cost": 45479.59,
                          "Plan Rows": 3956,
                          "Plan Width": 4,
                          "Actual Startup Time": 125.011,
                          "Actual Total Time": 125.012,
                          "Actual Rows": 3235,
                          "Actual Loops": 3,
                          "Hash Buckets": 16384,
                          "Original Hash Buckets": 16384,
                          "Hash Batches": 1,
                          "Original Hash Batches": 1,
                          "Peak Memory Usage": 576,
                          "Plans": [
                            {
                              "Node Type": "Seq Scan",
                              "Parent Relationship": "Outer",
                              "Parallel Aware": true,
                              "Relation Name": "title",
                              "Alias": "t",
                              "Startup Cost": 0.0,
                              "Total Cost": 45479.59,
                              "Plan Rows": 3956,
                              "Plan Width": 4,
                              "Actual Startup Time": 77.067,
                              "Actual Total Time": 123.34,
                              "Actual Rows": 3235,
                              "Actual Loops": 3,
                              "Filter": "((kind_id = 1) AND (production_year = 2002))",
                              "Rows Removed by Filter": 839536
                            }
                          ]
                        }
                      ]
                    },
                    {
                      "Node Type": "Index Only Scan",
                      "Parent Relationship": "Inner",
                      "Parallel Aware": false,
                      "Scan Direction": "Forward",
                      "Index Name": "movie_id_movie_info",
                      "Relation Name": "movie_info",
                      "Alias": "mi",
                      "Startup Cost": 0.43,
                      "Total Cost": 3.03,
                      "Plan Rows": 41,
                      "Plan Width": 4,
                      "Actual Startup Time": 0.012,
                      "Actual Total Time": 0.042,
                      "Actual Rows": 26,
                      "Actual Loops": 5009,
                      "Index Cond": "(movie_id = mi_idx.movie_id)",
                      "Rows Removed by Index Recheck": 0,
                      "Heap Fetches": 130623
                    }
                  ]
                }
              ]
            }
          ]
        }
      ]
    },
    "Planning Time": 1.055,
    "Triggers": [],
    "Execution Time": 303.253
  }
]