[
  {
    "Plan": {
      "Node Type": "Aggregate",
      "Strategy": "Plain",
      "Partial Mode": "Finalize",
      "Parallel Aware": false,
      "Startup Cost": 46297.08,
      "Total Cost": 46297.09,
      "Plan Rows": 1,
      "Plan Width": 8,
      "Actual Startup Time": 139.992,
      "Actual Total Time": 150.884,
      "Actual Rows": 1,
      "Actual Loops": 1,
      "Plans": [
        {
          "Node Type": "Gather",
          "Parent Relationship": "Outer",
          "Parallel Aware": false,
          "Startup Cost": 46296.77,
          "Total Cost": 46297.08,
          "Plan Rows": 3,
          "Plan Width": 8,
          "Actual Startup Time": 139.836,
          "Actual Total Time": 150.876,
          "Actual Rows": 4,
          "Actual Loops": 1,
          "Workers Planned": 3,
          "Workers Launched": 3,
          "Single Copy": false,
          "Plans": [
            {
              "Node Type": "Aggregate",
              "Strategy": "Plain",
              "Partial Mode": "Partial",
              "Parent Relationship": "Outer",
              "Parallel Aware": false,
              "Startup Cost": 45296.77,
              "Total Cost": 45296.78,
              "Plan Rows": 1,
              "Plan Width": 8,
              "Actual Startup Time": 136.596,
              "Actual Total Time": 136.597,
              "Actual Rows": 1,
              "Actual Loops": 4,
              "Plans": [
                {
                  "Node Type": "Seq Scan",
                  "Parent Relationship": "Outer",
                  "Parallel Aware": true,
                  "Relation Name": "movie_keyword",
                  "Alias": "mk",
                  "Startup Cost": 0.0,
                  "Total Cost": 42695.65,
                  "Plan Rows": 1040445,
                  "Plan Width": 0,
                  "Actual Startup Time": 0.027,
                  "Actual Total Time": 104.976,
                  "Actual Rows": 806250,
                  "Actual Loops": 4,
                  "Filter": "(keyword_id < 13580)",
                  "Rows Removed by Filter": 324732
                }
              ]
            }
          ]
        }
      ]
    },
    "Planning Time": 0.077,
    "Triggers": [],
    "Execution Time": 150.909
  }
]