[
  {
    "Plan": {
      "Node Type": "Aggregate",
      "Strategy": "Plain",
      "Partial Mode": "Finalize",
      "Parallel Aware": false,
      "Startup Cost": 46304.43,
      "Total Cost": 46304.44,
      "Plan Rows": 1,
      "Plan Width": 8,
      "Actual Startup Time": 166.309,
      "Actual Total Time": 176.338,
      "Actual Rows": 1,
      "Actual Loops": 1,
      "Plans": [
        {
          "Node Type": "Gather",
          "Parent Relationship": "Outer",
          "Parallel Aware": false,
          "Startup Cost": 46304.11,
          "Total Cost": 46304.42,
          "Plan Rows": 3,
          "Plan Width": 8,
          "Actual Startup Time": 166.206,
          "Actual Total Time": 176.329,
          "Actual Rows": 4,
          "Actual Loops": 1,
          "Workers Planned": 3,
          "Workers Launched": 3,
          "Single Copy": false,
          "Plans": [
            {
              "Node Type": "Aggregate",
              "Strategy": "Plain",
              "Partial Mode": "Partial",
              "Parent Relationship": "Outer",
              "Parallel Aware": false,
              "Startup Cost": 45304.11,
              "Total Cost": 45304.12,
              "Plan Rows": 1,
              "Plan Width": 8,
              "Actual Startup Time": 157.986,
              "Actual Total Time": 157.987,
              "Actual Rows": 1,
              "Actual Loops": 4,
              "Plans": [
                {
                  "Node Type": "Seq Scan",
                  "Parent Relationship": "Outer",
                  "Parallel Aware": true,
                  "Relation Name": "movie_keyword",
                  "Alias": "mk",
                  "Startup Cost": 0.0,
                  "Total Cost": 42695.65,
                  "Plan Rows": 1043382,
                  "Plan Width": 0,
                  "Actual Startup Time": 0.061,
                  "Actual Total Time": 121.131,
                  "Actual Rows": 806250,
                  "Actual Loops": 4,
                  "Filter": "(keyword_id < 13580)",
                  "Rows Removed by Filter": 324732
                }
              ]
            }
          ]
        }
      ]
    },
    "Planning Time": 0.16,
    "Triggers": [],
    "Execution Time": 176.399
  }
]