{
  "Plan": {
    "Node Type": "Aggregate",
    "Strategy": "Plain",
    "Partial Mode": "Finalize",
    "Parallel Aware": false,
    "Startup Cost": 267845.93,
    "Total Cost": 267845.94,
    "Plan Rows": 1,
    "Plan Width": 8,
    "Actual Startup Time": 1485.956,
    "Actual Total Time": 1506.82,
    "Actual Rows": 1,
    "Actual Loops": 1,
    "Plans": [
      {
        "Node Type": "Gather",
        "Parent Relationship": "Outer",
        "Parallel Aware": false,
        "Startup Cost": 267845.81,
        "Total Cost": 267845.92,
        "Plan Rows": 1,
        "Plan Width": 8,
        "Actual Startup Time": 1481.718,
        "Actual Total Time": 1506.813,
        "Actual Rows": 2,
        "Actual Loops": 1,
        "Workers Planned": 1,
        "Workers Launched": 1,
        "Single Copy": false,
        "Plans": [
          {
            "Node Type": "Aggregate",
            "Strategy": "Plain",
            "Partial Mode": "Partial",
            "Parent Relationship": "Outer",
            "Parallel Aware": false,
            "Startup Cost": 266845.81,
            "Total Cost": 266845.82,
            "Plan Rows": 1,
            "Plan Width": 8,
            "Actual Startup Time": 1476.54,
            "Actual Total Time": 1476.544,
            "Actual Rows": 1,
            "Actual Loops": 2,
            "Plans": [
              {
                "Node Type": "Merge Join",
                "Parent Relationship": "Outer",
                "Parallel Aware": false,
                "Join Type": "Inner",
                "Startup Cost": 211797.18,
                "Total Cost": 266392.99,
                "Plan Rows": 181131,
                "Plan Width": 0,
                "Actual Startup Time": 1143.442,
                "Actual Total Time": 1440.145,
                "Actual Rows": 903742,
                "Actual Loops": 2,
                "Inner Unique": false,
                "Merge Cond": "(mi_idx.movie_id = t.id)",
                "Plans": [
                  {
                    "Node Type": "Index Only Scan",
                    "Parent Relationship": "Outer",
                    "Parallel Aware": true,
                    "Scan Direction": "Forward",
                    "Index Name": "movie_id_movie_info_idx",
                    "Relation Name": "movie_info_idx",
                    "Alias": "mi_idx",
                    "Startup Cost": 0.43,
                    "Total Cost": 47937.73,
                    "Plan Rows": 811785,
                    "Plan Width": 4,
                    "Actual Startup Time": 0.119,
                    "Actual Total Time": 118.84,
                    "Actual Rows": 690018,
                    "Actual Loops": 2,
                    "Heap Fetches": 1380035
                  },
                  {
                    "Node Type": "Sort",
                    "Parent Relationship": "Inner",
                    "Parallel Aware": false,
                    "Startup Cost": 211796.69,
                    "Total Cost": 213207.02,
                    "Plan Rows": 564130,
                    "Plan Width": 8,
                    "Actual Startup Time": 1137.444,
                    "Actual Total Time": 1185.09,
                    "Actual Rows": 1348880,
                    "Actual Loops": 2,
                    "Sort Key": [
                      "t.id"
                    ],
                    "Sort Method": "quicksort",
                    "Sort Space Used": 59491,
                    "Sort Space Type": "Memory",
                    "Workers": [
                      {
                        "Worker Number": 0,
                        "Sort Method": "quicksort",
                        "Sort Space Used": 59491,
                        "Sort Space Type": "Memory"
                      }
                    ],
                    "Plans": [
                      {
                        "Node Type": "Hash Join",
                        "Parent Relationship": "Outer",
                        "Parallel Aware": false,
                        "Join Type": "Inner",
                        "Startup Cost": 111054.09,
                        "Total Cost": 157906.29,
                        "Plan Rows": 564130,
                        "Plan Width": 8,
                        "Actual Startup Time": 567.719,
                        "Actual Total Time": 995.753,
                        "Actual Rows": 744853,
                        "Actual Loops": 2,
                        "Inner Unique": true,
                        "Hash Cond": "(mk.movie_id = t.id)",
                        "Plans": [
                          {
                            "Node Type": "Bitmap Heap Scan",
                            "Parent Relationship": "Outer",
                            "Parallel Aware": false,
                            "Relation Name": "movie_keyword",
                            "Alias": "mk",
                            "Startup Cost": 31413.19,
                            "Total Cost": 74378.09,
                            "Plan Rows": 1480872,
                            "Plan Width": 4,
                            "Actual Startup Time": 103.892,
                            "Actual Total Time": 287.36,
                            "Actual Rows": 1489119,
                            "Actual Loops": 2,
                            "Recheck Cond": "(keyword_id > 10934)",
                            "Rows Removed by Index Recheck": 0,
                            "Exact Heap Blocks": 24247,
                            "Lossy Heap Blocks": 0,
                            "Plans": [
                              {
                                "Node Type": "Bitmap Index Scan",
                                "Parent Relationship": "Outer",
                                "Parallel Aware": false,
                                "Index Name": "keyword_id_movie_keyword",
                                "Startup Cost": 0.0,
                                "Total Cost": 31042.97,
                                "Plan Rows": 1480872,
                                "Plan Width": 0,
                                "Actual Startup Time": 100.91,
                                "Actual Total Time": 100.91,
                                "Actual Rows": 1489119,
                                "Actual Loops": 2,
                                "Index Cond": "(keyword_id > 10934)"
                              }
                            ]
                          },
                          {
                            "Node Type": "Hash",
                            "Parent Relationship": "Inner",
                            "Parallel Aware": false,
                            "Startup Cost": 67601.66,
                            "Total Cost": 67601.66,
                            "Plan Rows": 963139,
                            "Plan Width": 4,
                            "Actual Startup Time": 461.237,
                            "Actual Total Time": 461.238,
                            "Actual Rows": 971188,
                            "Actual Loops": 2,
                            "Hash Buckets": 1048576,
                            "Original Hash Buckets": 1048576,
                            "Hash Batches": 1,
                            "Original Hash Batches": 1,
                            "Peak Memory Usage": 42336,
                            "Plans": [
                              {
                                "Node Type": "Seq Scan",
                                "Parent Relationship": "Outer",
                                "Parallel Aware": false,
                                "Relation Name": "title",
                                "Alias": "t",
                                "Startup Cost": 0.0,
                                "Total Cost": 67601.66,
                                "Plan Rows": 963139,
                                "Plan Width": 4,
                                "Actual Startup Time": 0.028,
                                "Actual Total Time": 268.443,
                                "Actual Rows": 971188,
                                "Actual Loops": 2,
                                "Filter": "(production_year < 1999)",
                                "Rows Removed by Filter": 1557124
                              }
                            ]
                          }
                        ]
                      }
                    ]
                  }
                ]
              }
            ]
          }
        ]
      }
    ]
  },
  "Planning Time": 0.427,
  "Triggers": [],
  "Execution Time": 1512.422
}