[
  {
    "Plan": {
      "Node Type": "Aggregate",
      "Strategy": "Plain",
      "Partial Mode": "Finalize",
      "Parallel Aware": false,
      "Startup Cost": 97681.93,
      "Total Cost": 97681.94,
      "Plan Rows": 1,
      "Plan Width": 8,
      "Actual Startup Time": 208.387,
      "Actual Total Time": 227.259,
      "Actual Rows": 1,
      "Actual Loops": 1,
      "Plans": [
        {
          "Node Type": "Gather",
          "Parent Relationship": "Outer",
          "Parallel Aware": false,
          "Startup Cost": 97681.61,
          "Total Cost": 97681.92,
          "Plan Rows": 3,
          "Plan Width": 8,
          "Actual Startup Time": 207.634,
          "Actual Total Time": 227.251,
          "Actual Rows": 4,
          "Actual Loops": 1,
          "Workers Planned": 3,
          "Workers Launched": 3,
          "Single Copy": false,
          "Plans": [
            {
              "Node Type": "Aggregate",
              "Strategy": "Plain",
              "Partial Mode": "Partial",
              "Parent Relationship": "Outer",
              "Parallel Aware": false,
              "Startup Cost": 96681.61,
              "Total Cost": 96681.62,
              "Plan Rows": 1,
              "Plan Width": 8,
              "Actual Startup Time": 201.963,
              "Actual Total Time": 201.968,
              "Actual Rows": 1,
              "Actual Loops": 4,
              "Plans": [
                {
                  "Node Type": "Nested Loop",
                  "Parent Relationship": "Outer",
                  "Parallel Aware": false,
                  "Join Type": "Inner",
                  "Startup Cost": 45782.95,
                  "Total Cost": 96673.43,
                  "Plan Rows": 3273,
                  "Plan Width": 0,
                  "Actual Startup Time": 137.098,
                  "Actual Total Time": 201.866,
                  "Actual Rows": 968,
                  "Actual Loops": 4,
                  "Inner Unique": false,
                  "Join Filter": "(t.id = mi.movie_id)",
                  "Rows Removed by Join Filter": 0,
                  "Plans": [
                    {
                      "Node Type": "Hash Join",
                      "Parent Relationship": "Outer",
                      "Parallel Aware": true,
                      "Join Type": "Inner",
                      "Startup Cost": 45782.51,
                      "Total Cost": 77635.14,
                      "Plan Rows": 6394,
                      "Plan Width": 8,
                      "Actual Startup Time": 136.771,
                      "Actual Total Time": 183.049,
                      "Actual Rows": 2340,
                      "Actual Loops": 4,
                      "Inner Unique": true,
                      "Hash Cond": "(mc.movie_id = t.id)",
                      "Plans": [
                        {
                          "Node Type": "Seq Scan",
                          "Parent Relationship": "Outer",
                          "Parallel Aware": true,
                          "Relation Name": "movie_companies",
                          "Alias": "mc",
                          "Startup Cost": 0.0,
                          "Total Cost": 31414.82,
                          "Plan Rows": 166787,
                          "Plan Width": 4,
                          "Actual Startup Time": 33.274,
                          "Actual Total Time": 65.003,
                          "Actual Rows": 76891,
                          "Actual Loops": 4,
                          "Filter": "((company_id < 5166) AND (company_type_id > 1))",
                          "Rows Removed by Filter": 575392
                        },
                        {
                          "Node Type": "Hash",
                          "Parent Relationship": "Inner",
                          "Parallel Aware": true,
                          "Startup Cost": 45479.59,
                          "Total Cost": 45479.59,
                          "Plan Rows": 24234,
                          "Plan Width": 4,
                          "Actual Startup Time": 102.317,
                          "Actual Total Time": 102.318,
                          "Actual Rows": 26562,
                          "Actual Loops": 4,
                          "Hash Buckets": 131072,
                          "Original Hash Buckets": 131072,
                          "Hash Batches": 1,
                          "Original Hash Batches": 1,
                          "Peak Memory Usage": 5216,
                          "Plans": [
                            {
                              "Node Type": "Seq Scan",
                              "Parent Relationship": "Outer",
                              "Parallel Aware": true,
                              "Relation Name": "title",
                              "Alias": "t",
                              "Startup Cost": 0.0,
                              "Total Cost": 45479.59,
                              "Plan Rows": 24234,
                              "Plan Width": 4,
                              "Actual Startup Time": 0.031,
                              "Actual Total Time": 92.425,
                              "Actual Rows": 26562,
                              "Actual Loops": 4,
                              "Filter": "((kind_id = 7) AND (production_year = 2011))",
                              "Rows Removed by Filter": 605516
                            }
                          ]
                        }
                      ]
                    },
                    {
                      "Node Type": "Index Scan",
                      "Parent Relationship": "Inner",
                      "Parallel Aware": false,
                      "Scan Direction": "Forward",
                      "Index Name": "movie_id_movie_info",
                      "Relation Name": "movie_info",
                      "Alias": "mi",
                      "Startup Cost": 0.43,
                      "Total Cost": 2.93,
                      "Plan Rows": 4,
                      "Plan Width": 4,
                      "Actual Startup Time": 0.006,
                      "Actual Total Time": 0.008,
                      "Actual Rows": 0,
                      "Actual Loops": 9361,
                      "Index Cond": "(movie_id = mc.movie_id)",
                      "Rows Removed by Index Recheck": 0,
                      "Filter": "(info_type_id = 4)",
                      "Rows Removed by Filter": 5
                    }
                  ]
                }
              ]
            }
          ]
        }
      ]
    },
    "Planning Time": 1.114,
    "Triggers": [],
    "Execution Time": 227.312
  }
]