[
    {
        "Bao": {
            "Bao prediction": "NaN",
            "Bao recommended hint": "(no hint)"
        }
    },
    {
        "Plan": {
            "Node Type": "Aggregate",
            "Strategy": "Plain",
            "Partial Mode": "Finalize",
            "Parallel Aware": false,
            "Startup Cost": 384829.99,
            "Total Cost": 384830.0,
            "Plan Rows": 1,
            "Plan Width": 8,
            "Actual Startup Time": 1097.974,
            "Actual Total Time": 1126.659,
            "Actual Rows": 1,
            "Actual Loops": 1,
            "Output": [
                "count(*)"
            ],
            "Plans": [
                {
                    "Node Type": "Gather",
                    "Parent Relationship": "Outer",
                    "Parallel Aware": false,
                    "Startup Cost": 384829.37,
                    "Total Cost": 384829.98,
                    "Plan Rows": 6,
                    "Plan Width": 8,
                    "Actual Startup Time": 1092.479,
                    "Actual Total Time": 1126.635,
                    "Actual Rows": 7,
                    "Actual Loops": 1,
                    "Output": [
                        "(PARTIAL count(*))"
                    ],
                    "Workers Planned": 6,
                    "Workers Launched": 6,
                    "Single Copy": false,
                    "Plans": [
                        {
                            "Node Type": "Aggregate",
                            "Strategy": "Plain",
                            "Partial Mode": "Partial",
                            "Parent Relationship": "Outer",
                            "Parallel Aware": false,
                            "Startup Cost": 383829.37,
                            "Total Cost": 383829.38,
                            "Plan Rows": 1,
                            "Plan Width": 8,
                            "Actual Startup Time": 1082.611,
                            "Actual Total Time": 1082.614,
                            "Actual Rows": 1,
                            "Actual Loops": 7,
                            "Output": [
                                "PARTIAL count(*)"
                            ],
                            "Workers": [
                                {
                                    "Worker Number": 0,
                                    "Actual Startup Time": 1080.253,
                                    "Actual Total Time": 1080.255,
                                    "Actual Rows": 1,
                                    "Actual Loops": 1
                                },
                                {
                                    "Worker Number": 1,
                                    "Actual Startup Time": 1080.676,
                                    "Actual Total Time": 1080.678,
                                    "Actual Rows": 1,
                                    "Actual Loops": 1
                                },
                                {
                                    "Worker Number": 2,
                                    "Actual Startup Time": 1081.362,
                                    "Actual Total Time": 1081.365,
                                    "Actual Rows": 1,
                                    "Actual Loops": 1
                                },
                                {
                                    "Worker Number": 3,
                                    "Actual Startup Time": 1081.074,
                                    "Actual Total Time": 1081.077,
                                    "Actual Rows": 1,
                                    "Actual Loops": 1
                                },
                                {
                                    "Worker Number": 4,
                                    "Actual Startup Time": 1081.121,
                                    "Actual Total Time": 1081.123,
                                    "Actual Rows": 1,
                                    "Actual Loops": 1
                                },
                                {
                                    "Worker Number": 5,
                                    "Actual Startup Time": 1081.732,
                                    "Actual Total Time": 1081.735,
                                    "Actual Rows": 1,
                                    "Actual Loops": 1
                                }
                            ],
                            "Plans": [
                                {
                                    "Node Type": "Hash Join",
                                    "Parent Relationship": "Outer",
                                    "Parallel Aware": true,
                                    "Join Type": "Inner",
                                    "Startup Cost": 47176.68,
                                    "Total Cost": 382395.93,
                                    "Plan Rows": 573374,
                                    "Plan Width": 0,
                                    "Actual Startup Time": 392.02,
                                    "Actual Total Time": 1057.036,
                                    "Actual Rows": 535657,
                                    "Actual Loops": 7,
                                    "Inner Unique": true,
                                    "Hash Cond": "(ci.movie_id = t.id)",
                                    "Workers": [
                                        {
                                            "Worker Number": 0,
                                            "Actual Startup Time": 389.697,
                                            "Actual Total Time": 1054.545,
                                            "Actual Rows": 552173,
                                            "Actual Loops": 1
                                        },
                                        {
                                            "Worker Number": 1,
                                            "Actual Startup Time": 390.34,
                                            "Actual Total Time": 1055.424,
                                            "Actual Rows": 551936,
                                            "Actual Loops": 1
                                        },
                                        {
                                            "Worker Number": 2,
                                            "Actual Startup Time": 390.369,
                                            "Actual Total Time": 1053.565,
                                            "Actual Rows": 372295,
                                            "Actual Loops": 1
                                        },
                                        {
                                            "Worker Number": 3,
                                            "Actual Startup Time": 390.523,
                                            "Actual Total Time": 1055.711,
                                            "Actual Rows": 545639,
                                            "Actual Loops": 1
                                        },
                                        {
                                            "Worker Number": 4,
                                            "Actual Startup Time": 390.533,
                                            "Actual Total Time": 1055.619,
                                            "Actual Rows": 545641,
                                            "Actual Loops": 1
                                        },
                                        {
                                            "Worker Number": 5,
                                            "Actual Startup Time": 391.186,
                                            "Actual Total Time": 1056.637,
                                            "Actual Rows": 547100,
                                            "Actual Loops": 1
                                        }
                                    ],
                                    "Plans": [
                                        {
                                            "Node Type": "Seq Scan",
                                            "Parent Relationship": "Outer",
                                            "Parallel Aware": true,
                                            "Relation Name": "cast_info",
                                            "Schema": "public",
                                            "Alias": "ci",
                                            "Startup Cost": 0.0,
                                            "Total Cost": 328213.62,
                                            "Plan Rows": 2668808,
                                            "Plan Width": 4,
                                            "Actual Startup Time": 292.076,
                                            "Actual Total Time": 587.284,
                                            "Actual Rows": 2303098,
                                            "Actual Loops": 7,
                                            "Output": [
                                                "ci.id",
                                                "ci.person_id",
                                                "ci.movie_id",
                                                "ci.person_role_id",
                                                "ci.note",
                                                "ci.nr_order",
                                                "ci.role_id"
                                            ],
                                            "Filter": "(ci.role_id > 2)",
                                            "Rows Removed by Filter": 2874666,
                                            "Workers": [
                                                {
                                                    "Worker Number": 0,
                                                    "Actual Startup Time": 292.161,
                                                    "Actual Total Time": 586.07,
                                                    "Actual Rows": 2378033,
                                                    "Actual Loops": 1
                                                },
                                                {
                                                    "Worker Number": 1,
                                                    "Actual Startup Time": 292.003,
                                                    "Actual Total Time": 590.582,
                                                    "Actual Rows": 2355767,
                                                    "Actual Loops": 1
                                                },
                                                {
                                                    "Worker Number": 2,
                                                    "Actual Startup Time": 291.998,
                                                    "Actual Total Time": 603.661,
                                                    "Actual Rows": 1592803,
                                                    "Actual Loops": 1
                                                },
                                                {
                                                    "Worker Number": 3,
                                                    "Actual Startup Time": 292.04,
                                                    "Actual Total Time": 584.19,
                                                    "Actual Rows": 2347371,
                                                    "Actual Loops": 1
                                                },
                                                {
                                                    "Worker Number": 4,
                                                    "Actual Startup Time": 292.156,
                                                    "Actual Total Time": 583.36,
                                                    "Actual Rows": 2348488,
                                                    "Actual Loops": 1
                                                },
                                                {
                                                    "Worker Number": 5,
                                                    "Actual Startup Time": 292.014,
                                                    "Actual Total Time": 591.264,
                                                    "Actual Rows": 2363553,
                                                    "Actual Loops": 1
                                                }
                                            ]
                                        },
                                        {
                                            "Node Type": "Hash",
                                            "Parent Relationship": "Inner",
                                            "Parallel Aware": true,
                                            "Startup Cost": 45479.21,
                                            "Total Cost": 45479.21,
                                            "Plan Rows": 135798,
                                            "Plan Width": 4,
                                            "Actual Startup Time": 97.654,
                                            "Actual Total Time": 97.655,
                                            "Actual Rows": 65687,
                                            "Actual Loops": 7,
                                            "Output": [
                                                "t.id"
                                            ],
                                            "Hash Buckets": 1048576,
                                            "Original Hash Buckets": 1048576,
                                            "Hash Batches": 1,
                                            "Original Hash Batches": 1,
                                            "Peak Memory Usage": 26304,
                                            "Workers": [
                                                {
                                                    "Worker Number": 0,
                                                    "Actual Startup Time": 96.783,
                                                    "Actual Total Time": 96.784,
                                                    "Actual Rows": 62251,
                                                    "Actual Loops": 1
                                                },
                                                {
                                                    "Worker Number": 1,
                                                    "Actual Startup Time": 97.176,
                                                    "Actual Total Time": 97.177,
                                                    "Actual Rows": 65650,
                                                    "Actual Loops": 1
                                                },
                                                {
                                                    "Worker Number": 2,
                                                    "Actual Startup Time": 97.455,
                                                    "Actual Total Time": 97.456,
                                                    "Actual Rows": 46795,
                                                    "Actual Loops": 1
                                                },
                                                {
                                                    "Worker Number": 3,
                                                    "Actual Startup Time": 97.598,
                                                    "Actual Total Time": 97.599,
                                                    "Actual Rows": 63812,
                                                    "Actual Loops": 1
                                                },
                                                {
                                                    "Worker Number": 4,
                                                    "Actual Startup Time": 97.599,
                                                    "Actual Total Time": 97.6,
                                                    "Actual Rows": 62944,
                                                    "Actual Loops": 1
                                                },
                                                {
                                                    "Worker Number": 5,
                                                    "Actual Startup Time": 98.234,
                                                    "Actual Total Time": 98.236,
                                                    "Actual Rows": 65130,
                                                    "Actual Loops": 1
                                                }
                                            ],
                                            "Plans": [
                                                {
                                                    "Node Type": "Seq Scan",
                                                    "Parent Relationship": "Outer",
                                                    "Parallel Aware": true,
                                                    "Relation Name": "title",
                                                    "Schema": "public",
                                                    "Alias": "t",
                                                    "Startup Cost": 0.0,
                                                    "Total Cost": 45479.21,
                                                    "Plan Rows": 135798,
                                                    "Plan Width": 4,
                                                    "Actual Startup Time": 0.05,
                                                    "Actual Total Time": 70.789,
                                                    "Actual Rows": 65687,
                                                    "Actual Loops": 7,
                                                    "Output": [
                                                        "t.id"
                                                    ],
                                                    "Filter": "((t.kind_id < 7) AND (t.production_year > 2000))",
                                                    "Rows Removed by Filter": 295500,
                                                    "Workers": [
                                                        {
                                                            "Worker Number": 0,
                                                            "Actual Startup Time": 0.038,
                                                            "Actual Total Time": 69.558,
                                                            "Actual Rows": 62251,
                                                            "Actual Loops": 1
                                                        },
                                                        {
                                                            "Worker Number": 1,
                                                            "Actual Startup Time": 0.058,
                                                            "Actual Total Time": 70.685,
                                                            "Actual Rows": 65650,
                                                            "Actual Loops": 1
                                                        },
                                                        {
                                                            "Worker Number": 2,
                                                            "Actual Startup Time": 0.055,
                                                            "Actual Total Time": 72.334,
                                                            "Actual Rows": 46795,
                                                            "Actual Loops": 1
                                                        },
                                                        {
                                                            "Worker Number": 3,
                                                            "Actual Startup Time": 0.053,
                                                            "Actual Total Time": 70.881,
                                                            "Actual Rows": 63812,
                                                            "Actual Loops": 1
                                                        },
                                                        {
                                                            "Worker Number": 4,
                                                            "Actual Startup Time": 0.041,
                                                            "Actual Total Time": 70.995,
                                                            "Actual Rows": 62944,
                                                            "Actual Loops": 1
                                                        },
                                                        {
                                                            "Worker Number": 5,
                                                            "Actual Startup Time": 0.091,
                                                            "Actual Total Time": 71.583,
                                                            "Actual Rows": 65130,
                                                            "Actual Loops": 1
                                                        }
                                                    ]
                                                }
                                            ]
                                        }
                                    ]
                                }
                            ]
                        }
                    ]
                }
            ]
        },
        "Planning Time": 194.277,
        "Triggers": [],
        "Execution Time": 1126.736
    }
]