[
    {
        "Bao": {
            "Bao prediction": "NaN",
            "Bao recommended hint": "(no hint)"
        }
    },
    {
        "Plan": {
            "Node Type": "Aggregate",
            "Strategy": "Plain",
            "Partial Mode": "Finalize",
            "Parallel Aware": false,
            "Startup Cost": 78550.76,
            "Total Cost": 78550.77,
            "Plan Rows": 1,
            "Plan Width": 8,
            "Actual Startup Time": 253.59,
            "Actual Total Time": 266.469,
            "Actual Rows": 1,
            "Actual Loops": 1,
            "Output": [
                "count(*)"
            ],
            "Plans": [
                {
                    "Node Type": "Gather",
                    "Parent Relationship": "Outer",
                    "Parallel Aware": false,
                    "Startup Cost": 78550.44,
                    "Total Cost": 78550.75,
                    "Plan Rows": 3,
                    "Plan Width": 8,
                    "Actual Startup Time": 250.531,
                    "Actual Total Time": 266.459,
                    "Actual Rows": 4,
                    "Actual Loops": 1,
                    "Output": [
                        "(PARTIAL count(*))"
                    ],
                    "Workers Planned": 3,
                    "Workers Launched": 3,
                    "Single Copy": false,
                    "Plans": [
                        {
                            "Node Type": "Aggregate",
                            "Strategy": "Plain",
                            "Partial Mode": "Partial",
                            "Parent Relationship": "Outer",
                            "Parallel Aware": false,
                            "Startup Cost": 77550.44,
                            "Total Cost": 77550.45,
                            "Plan Rows": 1,
                            "Plan Width": 8,
                            "Actual Startup Time": 242.03,
                            "Actual Total Time": 242.034,
                            "Actual Rows": 1,
                            "Actual Loops": 4,
                            "Output": [
                                "PARTIAL count(*)"
                            ],
                            "Workers": [
                                {
                                    "Worker Number": 0,
                                    "Actual Startup Time": 239.015,
                                    "Actual Total Time": 239.018,
                                    "Actual Rows": 1,
                                    "Actual Loops": 1
                                },
                                {
                                    "Worker Number": 1,
                                    "Actual Startup Time": 239.506,
                                    "Actual Total Time": 239.508,
                                    "Actual Rows": 1,
                                    "Actual Loops": 1
                                },
                                {
                                    "Worker Number": 2,
                                    "Actual Startup Time": 239.371,
                                    "Actual Total Time": 239.375,
                                    "Actual Rows": 1,
                                    "Actual Loops": 1
                                }
                            ],
                            "Plans": [
                                {
                                    "Node Type": "Hash Join",
                                    "Parent Relationship": "Outer",
                                    "Parallel Aware": true,
                                    "Join Type": "Inner",
                                    "Startup Cost": 52223.31,
                                    "Total Cost": 77495.93,
                                    "Plan Rows": 21806,
                                    "Plan Width": 0,
                                    "Actual Startup Time": 188.319,
                                    "Actual Total Time": 241.608,
                                    "Actual Rows": 5956,
                                    "Actual Loops": 4,
                                    "Inner Unique": true,
                                    "Hash Cond": "(mk.movie_id = t.id)",
                                    "Workers": [
                                        {
                                            "Worker Number": 0,
                                            "Actual Startup Time": 185.631,
                                            "Actual Total Time": 238.587,
                                            "Actual Rows": 5145,
                                            "Actual Loops": 1
                                        },
                                        {
                                            "Worker Number": 1,
                                            "Actual Startup Time": 185.434,
                                            "Actual Total Time": 239.041,
                                            "Actual Rows": 5537,
                                            "Actual Loops": 1
                                        },
                                        {
                                            "Worker Number": 2,
                                            "Actual Startup Time": 185.716,
                                            "Actual Total Time": 238.982,
                                            "Actual Rows": 4326,
                                            "Actual Loops": 1
                                        }
                                    ],
                                    "Plans": [
                                        {
                                            "Node Type": "Bitmap Heap Scan",
                                            "Parent Relationship": "Outer",
                                            "Parallel Aware": true,
                                            "Relation Name": "movie_keyword",
                                            "Schema": "public",
                                            "Alias": "mk",
                                            "Startup Cost": 3560.74,
                                            "Total Cost": 28691.28,
                                            "Plan Rows": 54123,
                                            "Plan Width": 4,
                                            "Actual Startup Time": 12.037,
                                            "Actual Total Time": 48.197,
                                            "Actual Rows": 40952,
                                            "Actual Loops": 4,
                                            "Output": [
                                                "mk.id",
                                                "mk.movie_id",
                                                "mk.keyword_id"
                                            ],
                                            "Recheck Cond": "(mk.keyword_id < 121)",
                                            "Rows Removed by Index Recheck": 0,
                                            "Exact Heap Blocks": 9292,
                                            "Lossy Heap Blocks": 0,
                                            "Workers": [
                                                {
                                                    "Worker Number": 0,
                                                    "Actual Startup Time": 12.065,
                                                    "Actual Total Time": 49.248,
                                                    "Actual Rows": 37344,
                                                    "Actual Loops": 1
                                                },
                                                {
                                                    "Worker Number": 1,
                                                    "Actual Startup Time": 12.094,
                                                    "Actual Total Time": 49.209,
                                                    "Actual Rows": 37515,
                                                    "Actual Loops": 1
                                                },
                                                {
                                                    "Worker Number": 2,
                                                    "Actual Startup Time": 12.031,
                                                    "Actual Total Time": 50.604,
                                                    "Actual Rows": 26189,
                                                    "Actual Loops": 1
                                                }
                                            ],
                                            "Plans": [
                                                {
                                                    "Node Type": "Bitmap Index Scan",
                                                    "Parent Relationship": "Outer",
                                                    "Parallel Aware": false,
                                                    "Index Name": "keyword_id_movie_keyword",
                                                    "Startup Cost": 0.0,
                                                    "Total Cost": 3518.8,
                                                    "Plan Rows": 167782,
                                                    "Plan Width": 0,
                                                    "Actual Startup Time": 8.623,
                                                    "Actual Total Time": 8.623,
                                                    "Actual Rows": 163809,
                                                    "Actual Loops": 1,
                                                    "Index Cond": "(mk.keyword_id < 121)"
                                                }
                                            ]
                                        },
                                        {
                                            "Node Type": "Hash",
                                            "Parent Relationship": "Inner",
                                            "Parallel Aware": true,
                                            "Startup Cost": 45479.21,
                                            "Total Cost": 45479.21,
                                            "Plan Rows": 254669,
                                            "Plan Width": 4,
                                            "Actual Startup Time": 173.54,
                                            "Actual Total Time": 173.54,
                                            "Actual Rows": 242572,
                                            "Actual Loops": 4,
                                            "Output": [
                                                "t.id"
                                            ],
                                            "Hash Buckets": 1048576,
                                            "Original Hash Buckets": 1048576,
                                            "Hash Batches": 1,
                                            "Original Hash Batches": 1,
                                            "Peak Memory Usage": 46208,
                                            "Workers": [
                                                {
                                                    "Worker Number": 0,
                                                    "Actual Startup Time": 172.859,
                                                    "Actual Total Time": 172.86,
                                                    "Actual Rows": 240223,
                                                    "Actual Loops": 1
                                                },
                                                {
                                                    "Worker Number": 1,
                                                    "Actual Startup Time": 172.889,
                                                    "Actual Total Time": 172.889,
                                                    "Actual Rows": 245092,
                                                    "Actual Loops": 1
                                                },
                                                {
                                                    "Worker Number": 2,
                                                    "Actual Startup Time": 173.206,
                                                    "Actual Total Time": 173.207,
                                                    "Actual Rows": 156425,
                                                    "Actual Loops": 1
                                                }
                                            ],
                                            "Plans": [
                                                {
                                                    "Node Type": "Seq Scan",
                                                    "Parent Relationship": "Outer",
                                                    "Parallel Aware": true,
                                                    "Relation Name": "title",
                                                    "Schema": "public",
                                                    "Alias": "t",
                                                    "Startup Cost": 0.0,
                                                    "Total Cost": 45479.21,
                                                    "Plan Rows": 254669,
                                                    "Plan Width": 4,
                                                    "Actual Startup Time": 0.034,
                                                    "Actual Total Time": 98.486,
                                                    "Actual Rows": 242572,
                                                    "Actual Loops": 4,
                                                    "Output": [
                                                        "t.id"
                                                    ],
                                                    "Filter": "((t.kind_id > 4) AND (t.production_year < 2008))",
                                                    "Rows Removed by Filter": 389506,
                                                    "Workers": [
                                                        {
                                                            "Worker Number": 0,
                                                            "Actual Startup Time": 0.034,
                                                            "Actual Total Time": 99.746,
                                                            "Actual Rows": 240223,
                                                            "Actual Loops": 1
                                                        },
                                                        {
                                                            "Worker Number": 1,
                                                            "Actual Startup Time": 0.047,
                                                            "Actual Total Time": 100.287,
                                                            "Actual Rows": 245092,
                                                            "Actual Loops": 1
                                                        },
                                                        {
                                                            "Worker Number": 2,
                                                            "Actual Startup Time": 0.043,
                                                            "Actual Total Time": 99.695,
                                                            "Actual Rows": 156425,
                                                            "Actual Loops": 1
                                                        }
                                                    ]
                                                }
                                            ]
                                        }
                                    ]
                                }
                            ]
                        }
                    ]
                }
            ]
        },
        "Planning Time": 199.604,
        "Triggers": [],
        "Execution Time": 266.532
    }
]