[
  {
    "Plan": {
      "Node Type": "Aggregate",
      "Strategy": "Plain",
      "Partial Mode": "Finalize",
      "Parallel Aware": false,
      "Startup Cost": 336758.82,
      "Total Cost": 336758.83,
      "Plan Rows": 1,
      "Plan Width": 8,
      "Actual Startup Time": 739.187,
      "Actual Total Time": 796.787,
      "Actual Rows": 1,
      "Actual Loops": 1,
      "Plans": [
        {
          "Node Type": "Gather",
          "Parent Relationship": "Outer",
          "Parallel Aware": false,
          "Startup Cost": 336758.2,
          "Total Cost": 336758.81,
          "Plan Rows": 6,
          "Plan Width": 8,
          "Actual Startup Time": 739.076,
          "Actual Total Time": 796.777,
          "Actual Rows": 7,
          "Actual Loops": 1,
          "Workers Planned": 6,
          "Workers Launched": 6,
          "Single Copy": false,
          "Plans": [
            {
              "Node Type": "Aggregate",
              "Strategy": "Plain",
              "Partial Mode": "Partial",
              "Parent Relationship": "Outer",
              "Parallel Aware": false,
              "Startup Cost": 335758.2,
              "Total Cost": 335758.21,
              "Plan Rows": 1,
              "Plan Width": 8,
              "Actual Startup Time": 728.717,
              "Actual Total Time": 728.718,
              "Actual Rows": 1,
              "Actual Loops": 7,
              "Plans": [
                {
                  "Node Type": "Seq Scan",
                  "Parent Relationship": "Outer",
                  "Parallel Aware": true,
                  "Relation Name": "cast_info",
                  "Alias": "ci",
                  "Startup Cost": 0.0,
                  "Total Cost": 328162.03,
                  "Plan Rows": 3038469,
                  "Plan Width": 0,
                  "Actual Startup Time": 0.055,
                  "Actual Total Time": 610.212,
                  "Actual Rows": 2605526,
                  "Actual Loops": 7,
                  "Filter": "(person_id < 1811720)",
                  "Rows Removed by Filter": 2572237
                }
              ]
            }
          ]
        }
      ]
    },
    "Planning Time": 0.192,
    "Triggers": [],
    "Execution Time": 796.858
  }
]