[
    {
        "Bao": {
            "Bao prediction": 511.626,
            "Bao recommended hint": "(no hint)"
        }
    },
    {
        "Plan": {
            "Node Type": "Aggregate",
            "Strategy": "Plain",
            "Partial Mode": "Finalize",
            "Parallel Aware": false,
            "Startup Cost": 339512.51,
            "Total Cost": 339512.52,
            "Plan Rows": 1,
            "Plan Width": 8,
            "Actual Startup Time": 1039.592,
            "Actual Total Time": 1090.091,
            "Actual Rows": 1,
            "Actual Loops": 1,
            "Output": [
                "count(*)"
            ],
            "Plans": [
                {
                    "Node Type": "Gather",
                    "Parent Relationship": "Outer",
                    "Parallel Aware": false,
                    "Startup Cost": 339511.89,
                    "Total Cost": 339512.5,
                    "Plan Rows": 6,
                    "Plan Width": 8,
                    "Actual Startup Time": 1039.477,
                    "Actual Total Time": 1090.081,
                    "Actual Rows": 7,
                    "Actual Loops": 1,
                    "Output": [
                        "(PARTIAL count(*))"
                    ],
                    "Workers Planned": 6,
                    "Workers Launched": 6,
                    "Single Copy": false,
                    "Plans": [
                        {
                            "Node Type": "Aggregate",
                            "Strategy": "Plain",
                            "Partial Mode": "Partial",
                            "Parent Relationship": "Outer",
                            "Parallel Aware": false,
                            "Startup Cost": 338511.89,
                            "Total Cost": 338511.9,
                            "Plan Rows": 1,
                            "Plan Width": 8,
                            "Actual Startup Time": 1030.038,
                            "Actual Total Time": 1030.039,
                            "Actual Rows": 1,
                            "Actual Loops": 7,
                            "Output": [
                                "PARTIAL count(*)"
                            ],
                            "Workers": [
                                {
                                    "Worker Number": 0,
                                    "Actual Startup Time": 1028.206,
                                    "Actual Total Time": 1028.207,
                                    "Actual Rows": 1,
                                    "Actual Loops": 1
                                },
                                {
                                    "Worker Number": 1,
                                    "Actual Startup Time": 1028.247,
                                    "Actual Total Time": 1028.248,
                                    "Actual Rows": 1,
                                    "Actual Loops": 1
                                },
                                {
                                    "Worker Number": 2,
                                    "Actual Startup Time": 1028.586,
                                    "Actual Total Time": 1028.587,
                                    "Actual Rows": 1,
                                    "Actual Loops": 1
                                },
                                {
                                    "Worker Number": 3,
                                    "Actual Startup Time": 1028.554,
                                    "Actual Total Time": 1028.555,
                                    "Actual Rows": 1,
                                    "Actual Loops": 1
                                },
                                {
                                    "Worker Number": 4,
                                    "Actual Startup Time": 1028.907,
                                    "Actual Total Time": 1028.908,
                                    "Actual Rows": 1,
                                    "Actual Loops": 1
                                },
                                {
                                    "Worker Number": 5,
                                    "Actual Startup Time": 1029.127,
                                    "Actual Total Time": 1029.128,
                                    "Actual Rows": 1,
                                    "Actual Loops": 1
                                }
                            ],
                            "Plans": [
                                {
                                    "Node Type": "Seq Scan",
                                    "Parent Relationship": "Outer",
                                    "Parallel Aware": true,
                                    "Relation Name": "cast_info",
                                    "Schema": "public",
                                    "Alias": "ci",
                                    "Startup Cost": 0.0,
                                    "Total Cost": 328213.62,
                                    "Plan Rows": 4119309,
                                    "Plan Width": 0,
                                    "Actual Startup Time": 166.394,
                                    "Actual Total Time": 799.8,
                                    "Actual Rows": 3522512,
                                    "Actual Loops": 7,
                                    "Output": [
                                        "id",
                                        "person_id",
                                        "movie_id",
                                        "person_role_id",
                                        "note",
                                        "nr_order",
                                        "role_id"
                                    ],
                                    "Filter": "(ci.person_id > 1139788)",
                                    "Rows Removed by Filter": 1655251,
                                    "Workers": [
                                        {
                                            "Worker Number": 0,
                                            "Actual Startup Time": 164.559,
                                            "Actual Total Time": 803.722,
                                            "Actual Rows": 3407337,
                                            "Actual Loops": 1
                                        },
                                        {
                                            "Worker Number": 1,
                                            "Actual Startup Time": 164.603,
                                            "Actual Total Time": 803.189,
                                            "Actual Rows": 3419798,
                                            "Actual Loops": 1
                                        },
                                        {
                                            "Worker Number": 2,
                                            "Actual Startup Time": 164.937,
                                            "Actual Total Time": 805.339,
                                            "Actual Rows": 3404064,
                                            "Actual Loops": 1
                                        },
                                        {
                                            "Worker Number": 3,
                                            "Actual Startup Time": 164.896,
                                            "Actual Total Time": 805.495,
                                            "Actual Rows": 3395412,
                                            "Actual Loops": 1
                                        },
                                        {
                                            "Worker Number": 4,
                                            "Actual Startup Time": 165.255,
                                            "Actual Total Time": 804.891,
                                            "Actual Rows": 3410837,
                                            "Actual Loops": 1
                                        },
                                        {
                                            "Worker Number": 5,
                                            "Actual Startup Time": 165.5,
                                            "Actual Total Time": 806.236,
                                            "Actual Rows": 3389531,
                                            "Actual Loops": 1
                                        }
                                    ]
                                }
                            ]
                        }
                    ]
                }
            ]
        },
        "Planning Time": 3850.177,
        "Triggers": [],
        "Execution Time": 1090.186
    }
]