{
  "Plan": {
    "Node Type": "Aggregate",
    "Strategy": "Plain",
    "Partial Mode": "Finalize",
    "Parallel Aware": false,
    "Startup Cost": 320334.76,
    "Total Cost": 320334.77,
    "Plan Rows": 1,
    "Plan Width": 8,
    "Actual Startup Time": 493.959,
    "Actual Total Time": 516.496,
    "Actual Rows": 1,
    "Actual Loops": 1,
    "Plans": [
      {
        "Node Type": "Gather",
        "Parent Relationship": "Outer",
        "Parallel Aware": false,
        "Startup Cost": 320334.65,
        "Total Cost": 320334.76,
        "Plan Rows": 1,
        "Plan Width": 8,
        "Actual Startup Time": 492.675,
        "Actual Total Time": 516.49,
        "Actual Rows": 2,
        "Actual Loops": 1,
        "Workers Planned": 1,
        "Workers Launched": 1,
        "Single Copy": false,
        "Plans": [
          {
            "Node Type": "Aggregate",
            "Strategy": "Plain",
            "Partial Mode": "Partial",
            "Parent Relationship": "Outer",
            "Parallel Aware": false,
            "Startup Cost": 319334.65,
            "Total Cost": 319334.66,
            "Plan Rows": 1,
            "Plan Width": 8,
            "Actual Startup Time": 486.276,
            "Actual Total Time": 486.281,
            "Actual Rows": 1,
            "Actual Loops": 2,
            "Plans": [
              {
                "Node Type": "Nested Loop",
                "Parent Relationship": "Outer",
                "Parallel Aware": false,
                "Join Type": "Inner",
                "Startup Cost": 73174.43,
                "Total Cost": 318273.97,
                "Plan Rows": 424272,
                "Plan Width": 0,
                "Actual Startup Time": 275.067,
                "Actual Total Time": 480.535,
                "Actual Rows": 118305,
                "Actual Loops": 2,
                "Inner Unique": false,
                "Plans": [
                  {
                    "Node Type": "Hash Join",
                    "Parent Relationship": "Outer",
                    "Parallel Aware": true,
                    "Join Type": "Inner",
                    "Startup Cost": 73174.0,
                    "Total Cost": 101518.33,
                    "Plan Rows": 77346,
                    "Plan Width": 8,
                    "Actual Startup Time": 275.011,
                    "Actual Total Time": 385.834,
                    "Actual Rows": 14029,
                    "Actual Loops": 2,
                    "Inner Unique": true,
                    "Hash Cond": "(mk.movie_id = t.id)",
                    "Plans": [
                      {
                        "Node Type": "Bitmap Heap Scan",
                        "Parent Relationship": "Outer",
                        "Parallel Aware": true,
                        "Relation Name": "movie_keyword",
                        "Alias": "mk",
                        "Startup Cost": 9277.21,
                        "Total Cost": 36946.36,
                        "Plan Rows": 257212,
                        "Plan Width": 4,
                        "Actual Startup Time": 24.632,
                        "Actual Total Time": 84.493,
                        "Actual Rows": 226665,
                        "Actual Loops": 2,
                        "Recheck Cond": "(keyword_id < 348)",
                        "Rows Removed by Index Recheck": 0,
                        "Exact Heap Blocks": 13730,
                        "Lossy Heap Blocks": 0,
                        "Plans": [
                          {
                            "Node Type": "Bitmap Index Scan",
                            "Parent Relationship": "Outer",
                            "Parallel Aware": false,
                            "Index Name": "keyword_id_movie_keyword",
                            "Startup Cost": 0.0,
                            "Total Cost": 9167.89,
                            "Plan Rows": 437261,
                            "Plan Width": 0,
                            "Actual Startup Time": 21.045,
                            "Actual Total Time": 21.046,
                            "Actual Rows": 453330,
                            "Actual Loops": 1,
                            "Index Cond": "(keyword_id < 348)"
                          }
                        ]
                      },
                      {
                        "Node Type": "Hash",
                        "Parent Relationship": "Inner",
                        "Parallel Aware": true,
                        "Startup Cost": 58306.47,
                        "Total Cost": 58306.47,
                        "Plan Rows": 447226,
                        "Plan Width": 4,
                        "Actual Startup Time": 240.999,
                        "Actual Total Time": 241.0,
                        "Actual Rows": 341140,
                        "Actual Loops": 2,
                        "Hash Buckets": 1048576,
                        "Original Hash Buckets": 1048576,
                        "Hash Batches": 1,
                        "Original Hash Batches": 1,
                        "Peak Memory Usage": 34912,
                        "Plans": [
                          {
                            "Node Type": "Seq Scan",
                            "Parent Relationship": "Outer",
                            "Parallel Aware": true,
                            "Relation Name": "title",
                            "Alias": "t",
                            "Startup Cost": 0.0,
                            "Total Cost": 58306.47,
                            "Plan Rows": 447226,
                            "Plan Width": 4,
                            "Actual Startup Time": 0.032,
                            "Actual Total Time": 152.82,
                            "Actual Rows": 341140,
                            "Actual Loops": 2,
                            "Filter": "((production_year < 2004) AND (kind_id = 7))",
                            "Rows Removed by Filter": 923016
                          }
                        ]
                      }
                    ]
                  },
                  {
                    "Node Type": "Index Scan",
                    "Parent Relationship": "Inner",
                    "Parallel Aware": false,
                    "Scan Direction": "Forward",
                    "Index Name": "movie_id_movie_info",
                    "Relation Name": "movie_info",
                    "Alias": "mi",
                    "Startup Cost": 0.43,
                    "Total Cost": 2.41,
                    "Plan Rows": 39,
                    "Plan Width": 4,
                    "Actual Startup Time": 0.002,
                    "Actual Total Time": 0.006,
                    "Actual Rows": 8,
                    "Actual Loops": 28058,
                    "Index Cond": "(movie_id = t.id)",
                    "Rows Removed by Index Recheck": 0,
                    "Filter": "(info_type_id < 98)",
                    "Rows Removed by Filter": 1
                  }
                ]
              }
            ]
          }
        ]
      }
    ]
  },
  "Planning Time": 0.889,
  "Triggers": [],
  "Execution Time": 516.598
}